Warning in <Minuit2>: MnPosDef Matrix forced pos-def by adding to diagonal 0.7514
Warning in <Minuit2>: MnPosDef Matrix forced pos-def by adding to diagonal 2.40072
Warning in <Minuit2>: MnHesse 2nd derivative zero for parameter 2 ; MnHesse fails and will return diagonal matrix
Warning in <Minuit2>: VariableMetricBuilder Invalid Hessian - exit the minimization
Warning in <Minuit2>: CombinedMinimumBuilder Migrad method fails, will try with simplex method first
Warning in <Minuit2>: MnPosDef Matrix forced pos-def by adding to diagonal 3.03103
Warning in <Minuit2>: MnPosDef Matrix forced pos-def by adding to diagonal 0.34449
Warning in <Minuit2>: DavidonErrorUpdator delgam < 0 : first derivatives increasing along search line (details in info log)
Warning in <Minuit2>: MnPosDef Matrix forced pos-def by adding to diagonal 0.415994
Warning in <Minuit2>: MnPosDef Matrix forced pos-def by adding to diagonal 0.00243869
Warning in <Minuit2>: VariableMetricBuilder Matrix not pos.def, gdel = 1412.59 > 0
Warning in <Minuit2>: MnPosDef non-positive diagonal element in covariance matrix[ 2 ] = -0.00324338
Warning in <Minuit2>: MnPosDef non-positive diagonal element in covariance matrix[ 3 ] = -0.000115629
Warning in <Minuit2>: MnPosDef Added to diagonal of Error matrix a value 0.503244
Warning in <Minuit2>: VariableMetricBuilder gdel = -2.77305e+07
Warning in <Minuit2>: DavidonErrorUpdator delgam < 0 : first derivatives increasing along search line (details in info log)
Warning in <Minuit2>: VariableMetricBuilder Matrix not pos.def, gdel = 860.498 > 0
Warning in <Minuit2>: MnPosDef non-positive diagonal element in covariance matrix[ 0 ] = -5.86023e-06
Warning in <Minuit2>: MnPosDef non-positive diagonal element in covariance matrix[ 1 ] = -1.41084e-08
Warning in <Minuit2>: MnPosDef non-positive diagonal element in covariance matrix[ 2 ] = -3.33482e-06
Warning in <Minuit2>: MnPosDef non-positive diagonal element in covariance matrix[ 3 ] = -1.68221e-08
Warning in <Minuit2>: MnPosDef Added to diagonal of Error matrix a value 0.500007
Warning in <Minuit2>: VariableMetricBuilder gdel = -2.4962e+11
Warning in <Minuit2>: VariableMetricBuilder No improvement in line search
Warning in <Minuit2>: VariableMetricBuilder Iterations finish without convergence; Edm 4.86562 Requested 2e-05
Warning in <Minuit2>: MnPosDef Matrix forced pos-def by adding to diagonal 2.97339
Warning in <Minuit2>: MnPosDef Matrix forced pos-def by adding to diagonal 2.74913
Warning in <Minuit2>: MnPosDef Matrix forced pos-def by adding to diagonal 0.00274397
Warning in <Minuit2>: MnPosDef Matrix forced pos-def by adding to diagonal 0.415687
Warning in <Minuit2>: MnPosDef Matrix forced pos-def by adding to diagonal 0.355376
Warning in <Minuit2>: DavidonErrorUpdator delgam < 0 : first derivatives increasing along search line (details in info log)
Warning in <Minuit2>: VariableMetricBuilder Matrix not pos.def, gdel = 2192.57 > 0
Warning in <Minuit2>: MnPosDef non-positive diagonal element in covariance matrix[ 1 ] = -6.89451e-12
Warning in <Minuit2>: MnPosDef non-positive diagonal element in covariance matrix[ 2 ] = -0.00402898
Warning in <Minuit2>: MnPosDef non-positive diagonal element in covariance matrix[ 3 ] = -0.000161272
Warning in <Minuit2>: MnPosDef Added to diagonal of Error matrix a value 0.50403
Warning in <Minuit2>: VariableMetricBuilder gdel = -2.17169e+08
Warning in <Minuit2>: MnPosDef Matrix forced pos-def by adding to diagonal 0.363281
Warning in <Minuit2>: MnPosDef Matrix forced pos-def by adding to diagonal 2.28465
Warning in <Minuit2>: DavidonErrorUpdator delgam < 0 : first derivatives increasing along search line (details in info log)
Warning in <Minuit2>: VariableMetricBuilder Matrix not pos.def, gdel = 247.418 > 0
Warning in <Minuit2>: MnPosDef non-positive diagonal element in covariance matrix[ 0 ] = -0.00245204
Warning in <Minuit2>: MnPosDef non-positive diagonal element in covariance matrix[ 1 ] = -0.000219854
Warning in <Minuit2>: MnPosDef non-positive diagonal element in covariance matrix[ 3 ] = -1.19616e-11
Warning in <Minuit2>: MnPosDef Added to diagonal of Error matrix a value 0.502453
Warning in <Minuit2>: VariableMetricBuilder gdel = -2.23193e+09
Warning in <Minuit2>: MnPosDef Matrix forced pos-def by adding to diagonal 0.547657
Warning in <Minuit2>: DavidonErrorUpdator delgam < 0 : first derivatives increasing along search line (details in info log)
Warning in <Minuit2>: VariableMetricBuilder Matrix not pos.def., try to make pos.def.
Warning in <Minuit2>: MnPosDef Matrix forced pos-def by adding to diagonal 0.0112018
Warning in <Minuit2>: MnPosDef Matrix forced pos-def by adding to diagonal 3.87369
Warning in <Minuit2>: MnHesse 2nd derivative zero for parameter 0 ; MnHesse fails and will return diagonal matrix
Warning in <Minuit2>: VariableMetricBuilder Invalid Hessian - exit the minimization
Warning in <Minuit2>: CombinedMinimumBuilder Migrad method fails, will try with simplex method first
Warning in <Minuit2>: MnPosDef Matrix forced pos-def by adding to diagonal 3.96922
Warning in <Minuit2>: DavidonErrorUpdator delgam < 0 : first derivatives increasing along search line (details in info log)
Warning in <Minuit2>: VariableMetricBuilder Matrix not pos.def, gdel = 3.21289e+08 > 0
Warning in <Minuit2>: MnPosDef non-positive diagonal element in covariance matrix[ 0 ] = -2.21705e-08
Warning in <Minuit2>: MnPosDef non-positive diagonal element in covariance matrix[ 1 ] = -1.8431e-09
Warning in <Minuit2>: MnPosDef Added to diagonal of Error matrix a value 0.500001
Warning in <Minuit2>: VariableMetricBuilder gdel = -2.59933e+16
Warning in <Minuit2>: VariableMetricBuilder No improvement in line search
Warning in <Minuit2>: VariableMetricBuilder Iterations finish without convergence; Edm 1.70054e+08 Requested 2e-05
Warning in <Minuit2>: MnPosDef non-positive diagonal element in covariance matrix[ 2 ] = -0.00828342
Warning in <Minuit2>: MnPosDef non-positive diagonal element in covariance matrix[ 3 ] = -0.0912441
Warning in <Minuit2>: MnPosDef Added to diagonal of Error matrix a value 0.591245
Warning in <Minuit2>: MnPosDef Matrix forced pos-def by adding to diagonal 0.756012
Warning in <Minuit2>: MnPosDef Matrix forced pos-def by adding to diagonal 0.331412
Warning in <Minuit2>: MnPosDef Matrix forced pos-def by adding to diagonal 0.412416
Warning in <Minuit2>: MnPosDef Matrix forced pos-def by adding to diagonal 0.547171
Warning in <Minuit2>: MnHesse 2nd derivative zero for parameter 3 ; MnHesse fails and will return diagonal matrix
Warning in <Minuit2>: VariableMetricBuilder Invalid Hessian - exit the minimization
Warning in <Minuit2>: CombinedMinimumBuilder Migrad method fails, will try with simplex method first
Warning in <Minuit2>: MnHesse 2nd derivative zero for parameter 0 ; MnHesse fails and will return diagonal matrix
Warning in <Minuit2>: MnHesse 2nd derivative zero for parameter 0 ; MnHesse fails and will return diagonal matrix
Warning in <Minuit2>: VariableMetricBuilder Invalid Hessian - exit the minimization
Warning in <Minuit2>: CombinedMinimumBuilder Both migrad and method failed also at 2nd attempt; return simplex Minimum
Warning in <Minuit2>: Minuit2Minimizer::Minimize Covar is not pos def
Warning in <Minuit2>: MnPosDef Matrix forced pos-def by adding to diagonal 2.27241
Warning in <Minuit2>: DavidonErrorUpdator delgam < 0 : first derivatives increasing along search line (details in info log)
Warning in <Minuit2>: VariableMetricBuilder Matrix not pos.def, gdel = 3393.95 > 0
Warning in <Minuit2>: MnPosDef non-positive diagonal element in covariance matrix[ 2 ] = -2.19038e-05
Warning in <Minuit2>: MnPosDef non-positive diagonal element in covariance matrix[ 3 ] = -1.05751e-05
Warning in <Minuit2>: MnPosDef Added to diagonal of Error matrix a value 0.500023
Warning in <Minuit2>: VariableMetricBuilder gdel = -2.31033e+08
Warning in <Minuit2>: MnPosDef Matrix forced pos-def by adding to diagonal 0.307858
Warning in <Minuit2>: DavidonErrorUpdator delgam < 0 : first derivatives increasing along search line (details in info log)
Warning in <Minuit2>: VariableMetricBuilder Matrix not pos.def., try to make pos.def.
Warning in <Minuit2>: MnPosDef non-positive diagonal element in covariance matrix[ 0 ] = -1.59457e-10
Warning in <Minuit2>: MnPosDef Matrix forced pos-def by adding to diagonal 3.89874
Warning in <Minuit2>: MnHesse 2nd derivative zero for parameter 0 ; MnHesse fails and will return diagonal matrix
Warning in <Minuit2>: VariableMetricBuilder Invalid Hessian - exit the minimization
Warning in <Minuit2>: CombinedMinimumBuilder Migrad method fails, will try with simplex method first
Warning in <Minuit2>: MnPosDef Matrix forced pos-def by adding to diagonal 0.545909
Warning in <Minuit2>: DavidonErrorUpdator delgam < 0 : first derivatives increasing along search line (details in info log)
Warning in <Minuit2>: VariableMetricBuilder Matrix not pos.def, gdel = 2.79431e+07 > 0
Warning in <Minuit2>: MnPosDef non-positive diagonal element in covariance matrix[ 1 ] = -1.53637e-09
Warning in <Minuit2>: MnPosDef Added to diagonal of Error matrix a value 0.500001
Warning in <Minuit2>: VariableMetricBuilder gdel = -3.77547e+15
Warning in <Minuit2>: MnPosDef Matrix forced pos-def by adding to diagonal 0.198777
Warning in <Minuit2>: DavidonErrorUpdator delgam < 0 : first derivatives increasing along search line (details in info log)
Warning in <Minuit2>: VariableMetricBuilder Matrix not pos.def., try to make pos.def.
Warning in <Minuit2>: MnPosDef Matrix forced pos-def by adding to diagonal 0.177944
Warning in <Minuit2>: MnPosDef Matrix forced pos-def by adding to diagonal 0.473256
Warning in <Minuit2>: MnPosDef non-positive diagonal element in covariance matrix[ 1 ] = -2.86055e-14
Warning in <Minuit2>: MnPosDef Added to diagonal of Error matrix a value 0.500001
Warning in <Minuit2>: MnPosDef Matrix forced pos-def by adding to diagonal 0.198613
Warning in <Minuit2>: MnPosDef non-positive diagonal element in covariance matrix[ 2 ] = -1.10928e-09
Warning in <Minuit2>: MnPosDef Added to diagonal of Error matrix a value 0.500001
Warning in <Minuit2>: VariableMetricBuilder No improvement in line search
Warning in <Minuit2>: VariableMetricBuilder Iterations finish without convergence; Edm 1.16331e+19 Requested 2e-05
Warning in <Minuit2>: MnPosDef Matrix forced pos-def by adding to diagonal 3.99637
Warning in <Minuit2>: DavidonErrorUpdator delgam < 0 : first derivatives increasing along search line (details in info log)
Warning in <Minuit2>: VariableMetricBuilder Matrix not pos.def, gdel = 291604 > 0
Warning in <Minuit2>: MnPosDef non-positive diagonal element in covariance matrix[ 3 ] = -1.60232e-12
Warning in <Minuit2>: MnPosDef Added to diagonal of Error matrix a value 0.500001
Warning in <Minuit2>: VariableMetricBuilder gdel = -8.87177e+16
Warning in <Minuit2>: VariableMetricBuilder No improvement in line search
Warning in <Minuit2>: VariableMetricBuilder Iterations finish without convergence; Edm 2.30797e+09 Requested 2e-05
Warning in <Minuit2>: MnPosDef Matrix forced pos-def by adding to diagonal 0.0107708
Warning in <Minuit2>: DavidonErrorUpdator delgam < 0 : first derivatives increasing along search line (details in info log)
Warning in <Minuit2>: VariableMetricBuilder Matrix not pos.def, gdel = 491251 > 0
Warning in <Minuit2>: MnPosDef non-positive diagonal element in covariance matrix[ 1 ] = -9.10235e-09
Warning in <Minuit2>: MnPosDef non-positive diagonal element in covariance matrix[ 4 ] = -6.3316e-06
Warning in <Minuit2>: MnPosDef Added to diagonal of Error matrix a value 0.500007
Warning in <Minuit2>: VariableMetricBuilder gdel = -8.02097e+11
Warning in <Minuit2>: VariableMetricBuilder No improvement in line search
Warning in <Minuit2>: MnPosDef Matrix forced pos-def by adding to diagonal 0.210071
Warning in <Minuit2>: DavidonErrorUpdator delgam < 0 : first derivatives increasing along search line (details in info log)
Warning in <Minuit2>: VariableMetricBuilder Matrix not pos.def, gdel = 3.00976e+07 > 0
Warning in <Minuit2>: MnPosDef non-positive diagonal element in covariance matrix[ 1 ] = -1.37652e-09
Warning in <Minuit2>: MnPosDef Added to diagonal of Error matrix a value 0.500001
Warning in <Minuit2>: VariableMetricBuilder gdel = -4.28263e+15
Warning in <Minuit2>: VariableMetricBuilder No improvement in line search
Warning in <Minuit2>: VariableMetricBuilder Iterations finish without convergence; Edm 1.67603e+11 Requested 2e-05
Warning in <Minuit2>: MnPosDef Matrix forced pos-def by adding to diagonal 0.405496
Warning in <Minuit2>: DavidonErrorUpdator delgam < 0 : first derivatives increasing along search line (details in info log)
Warning in <Minuit2>: VariableMetricBuilder Matrix not pos.def, gdel = 2.41041e+06 > 0
Warning in <Minuit2>: MnPosDef Matrix forced pos-def by adding to diagonal 0.0151821
Warning in <Minuit2>: VariableMetricBuilder gdel = -6.29077e+06
Warning in <Minuit2>: MnPosDef Matrix forced pos-def by adding to diagonal 0.406392
Warning in <Minuit2>: DavidonErrorUpdator delgam < 0 : first derivatives increasing along search line (details in info log)
Warning in <Minuit2>: VariableMetricBuilder Matrix not pos.def, gdel = 228794 > 0
Warning in <Minuit2>: MnPosDef Matrix forced pos-def by adding to diagonal 0.760467
Warning in <Minuit2>: MnPosDef Matrix forced pos-def by adding to diagonal 5.54307
Warning in <Minuit2>: MnPosDef Matrix forced pos-def by adding to diagonal 0.439463
Warning in <Minuit2>: DavidonErrorUpdator delgam < 0 : first derivatives increasing along search line (details in info log)
Warning in <Minuit2>: DavidonErrorUpdator delgam < 0 : first derivatives increasing along search line (details in info log)
Warning in <Minuit2>: VariableMetricBuilder Matrix not pos.def, gdel = 106.1 > 0
Warning in <Minuit2>: MnPosDef non-positive diagonal element in covariance matrix[ 0 ] = -1.48718e-06
Warning in <Minuit2>: MnPosDef non-positive diagonal element in covariance matrix[ 1 ] = -0.000108346
Warning in <Minuit2>: MnPosDef Added to diagonal of Error matrix a value 0.500109
Warning in <Minuit2>: VariableMetricBuilder gdel = -504320
Warning in <Minuit2>: DavidonErrorUpdator delgam < 0 : first derivatives increasing along search line (details in info log)
Warning in <Minuit2>: VariableMetricBuilder Iterations finish without convergence; Edm 921526 Requested 2e-05
Warning in <Minuit2>: VariableMetricBuilder FunctionMinimum is invalid after second try
Warning in <Minuit2>: CombinedMinimumBuilder Migrad method fails, will try with simplex method first
Warning in <Minuit2>: MnHesse Maximum number of allowed function calls exhausted; will return diagonal matrix
Warning in <Minuit2>: MnPosDef Matrix forced pos-def by adding to diagonal 5.97349
Warning in <Minuit2>: VariableMetricBuilder gdel = -1.48568e+09
Warning in <Minuit2>: MnHesse 2nd derivative zero for parameter 0 ; MnHesse fails and will return diagonal matrix
Warning in <Minuit2>: VariableMetricBuilder Invalid Hessian - exit the minimization
Warning in <Minuit2>: CombinedMinimumBuilder Migrad method fails, will try with simplex method first
Warning in <Minuit2>: MnHesse Maximum number of allowed function calls exhausted; will return diagonal matrix
Warning in <Minuit2>: VariableMetricBuilder No improvement in line search
Warning in <Minuit2>: VariableMetricBuilder Iterations finish without convergence; Edm 4.73011e+20 Requested 2e-05
Warning in <Minuit2>: MnHesse 2nd derivative zero for parameter 0 ; MnHesse fails and will return diagonal matrix
Warning in <Minuit2>: VariableMetricBuilder Invalid Hessian - exit the minimization
Warning in <Minuit2>: CombinedMinimumBuilder Both migrad and method failed also at 2nd attempt; return simplex Minimum
Warning in <Minuit2>: Minuit2Minimizer::Minimize Covar is not pos def
Warning in <Minuit2>: MnPosDef Matrix forced pos-def by adding to diagonal 0.209861
Warning in <Minuit2>: DavidonErrorUpdator delgam < 0 : first derivatives increasing along search line (details in info log)
Warning in <Minuit2>: VariableMetricBuilder Matrix not pos.def, gdel = 3.0079e+07 > 0
Warning in <Minuit2>: MnPosDef non-positive diagonal element in covariance matrix[ 1 ] = -1.37778e-09
Warning in <Minuit2>: VariableMetricBuilder No improvement in line search
Warning in <Minuit2>: VariableMetricBuilder Iterations finish without convergence; Edm 1.545e+09 Requested 2e-05
Warning in <Minuit2>: VariableMetricBuilder Reached machine accuracy limit; Edm 2.08019e-05 is smaller than machine limit 0.00119252 while 2e-05 was requested
Warning in <Minuit2>: MnPosDef Matrix forced pos-def by adding to diagonal 5.49253
Warning in <Minuit2>: MnPosDef Matrix forced pos-def by adding to diagonal 0.439441
Warning in <Minuit2>: DavidonErrorUpdator delgam < 0 : first derivatives increasing along search line (details in info log)
Warning in <Minuit2>: DavidonErrorUpdator delgam < 0 : first derivatives increasing along search line (details in info log)
Warning in <Minuit2>: VariableMetricBuilder Matrix not pos.def, gdel = 0.133834 > 0
Warning in <Minuit2>: MnPosDef non-positive diagonal element in covariance matrix[ 0 ] = -3.78746e-06
Warning in <Minuit2>: MnPosDef non-positive diagonal element in covariance matrix[ 1 ] = -0.00030301
Warning in <Minuit2>: MnPosDef Added to diagonal of Error matrix a value 0.500304
Warning in <Minuit2>: VariableMetricBuilder gdel = -353.309
Warning in <Minuit2>: VariableMetricBuilder No improvement in line search
Warning in <Minuit2>: VariableMetricBuilder Iterations finish without convergence; Edm 1.08656e+06 Requested 2e-05
Warning in <Minuit2>: VariableMetricBuilder Reached machine accuracy limit; Edm 2.40685e-05 is smaller than machine limit 0.0013117 while 2e-05 was requested
Warning in <Minuit2>: DavidonErrorUpdator delgam < 0 : first derivatives increasing along search line (details in info log)
Warning in <Minuit2>: VariableMetricBuilder Matrix not pos.def., try to make pos.def.
Warning in <Minuit2>: MnPosDef non-positive diagonal element in covariance matrix[ 0 ] = -1.87419e-10
Warning in <Minuit2>: MnPosDef Added to diagonal of Error matrix a value 0.500001
Warning in <Minuit2>: VariableMetricBuilder gdel = -4.27814e+15
Warning in <Minuit2>: VariableMetricBuilder No improvement in line search
Warning in <Minuit2>: VariableMetricBuilder Iterations finish without convergence; Edm 1.67165e+11 Requested 2e-05
Warning in <Minuit2>: MnPosDef Matrix forced pos-def by adding to diagonal 0.404686
Warning in <Minuit2>: DavidonErrorUpdator delgam < 0 : first derivatives increasing along search line (details in info log)
Warning in <Minuit2>: VariableMetricBuilder Matrix not pos.def, gdel = 1.19385e+08 > 0
Warning in <Minuit2>: MnPosDef non-positive diagonal element in covariance matrix[ 1 ] = -1.08051e-09
Warning in <Minuit2>: MnPosDef Added to diagonal of Error matrix a value 0.500001
Warning in <Minuit2>: VariableMetricBuilder gdel = -7.9603e+16
Warning in <Minuit2>: VariableMetricBuilder No improvement in line search
Warning in <Minuit2>: VariableMetricBuilder Iterations finish without convergence; Edm 1.07062e+12 Requested 2e-05
Warning in <Minuit2>: VariableMetricBuilder FunctionMinimum is invalid after second try
Warning in <Minuit2>: CombinedMinimumBuilder Migrad method fails, will try with simplex method first
Warning in <Minuit2>: SimplexBuilder Simplex did not converge, edm > minedm
Warning in <Minuit2>: CombinedMinimumBuilder Both Migrad and Simplex methods failed
