R=0parameters: 
-0.61238 -0.61238 
0.466473 0.466473 
8.70063e-09 8.70063e-09 
3.21143e-322 3.21143e-322 
9.88131e-324 9.88131e-324 
3.06591e-316 3.06591e-316 
9.88131e-324 9.88131e-324 
3.01261e-316 3.01261e-316 
1436.21 1436.21 
0 0 0 
0 0 0 
3.07031e-316 3.07031e-316 3.07031e-316 
3.01682e-316 3.01682e-316 3.01682e-316 
5.92879e-323 5.92879e-323 5.92879e-323 
3.08093e-316 3.08093e-316 3.08093e-316 
5.92879e-323 5.92879e-323 5.92879e-323 
3.07256e-316 3.07256e-316 3.07256e-316 
3.07256e-316 3.07256e-316 3.07256e-316 
3.07256e-316 3.07256e-316 3.07256e-316 3.07256e-316 
4.94066e-324 4.94066e-324 4.94066e-324 4.94066e-324 
2.1796e-317 2.1796e-317 2.1796e-317 2.1796e-317 
0.0021246 0.0021246 0.0021246 0.0021246 
3.18483e-316 3.18483e-316 3.18483e-316 3.18483e-316 
0 0 0 0 
0 0 0 0 
3.08089e-316 3.08089e-316 3.08089e-316 3.08089e-316 
3.07226e-316 3.07226e-316 3.07226e-316 3.07226e-316 
5.92879e-323 5.92879e-323 5.92879e-323 
3.08131e-316 3.08131e-316 3.08131e-316 
5.92879e-323 5.92879e-323 5.92879e-323 
3.08129e-316 3.08129e-316 3.08129e-316 
3.08129e-316 3.08129e-316 3.08129e-316 
3.08129e-316 3.08129e-316 3.08129e-316 
4.94066e-324 4.94066e-324 4.94066e-324 
2.1796e-317 2.1796e-317 2.1796e-317 
0.000579632 0.000579632 0.000579632 
3.18484e-316 3.18484e-316 3.18484e-316 3.18484e-316 
0 0 0 0 
0 0 0 0 
2.99955e-316 2.99955e-316 2.99955e-316 2.99955e-316 
3.02175e-316 3.02175e-316 3.02175e-316 3.02175e-316 
5.92879e-323 5.92879e-323 5.92879e-323 5.92879e-323 
3.06163e-316 3.06163e-316 3.06163e-316 3.06163e-316 
5.92879e-323 5.92879e-323 5.92879e-323 5.92879e-323 
3.00449e-316 3.00449e-316 3.00449e-316 3.00449e-316 
0.000460551 0.000460551 0.000460551 0.000460551 0.000460551 
3.23796e-319 3.23796e-319 3.23796e-319 3.23796e-319 3.23796e-319 
6.37345e-322 6.37345e-322 6.37345e-322 6.37345e-322 6.37345e-322 
3.08117e-316 3.08117e-316 3.08117e-316 3.08117e-316 3.08117e-316 
6.94149e-310 6.94149e-310 6.94149e-310 6.94149e-310 6.94149e-310 
3.07639e-316 3.07639e-316 3.07639e-316 3.07639e-316 3.07639e-316 
3.07291e-316 3.07291e-316 3.07291e-316 3.07291e-316 3.07291e-316 
2.75528e-07 2.75528e-07 2.75528e-07 2.75528e-07 2.75528e-07 
5.26264e-05 5.26264e-05 5.26264e-05 5.26264e-05 5.26264e-05 
R=1parameters: 
-0.47415 -0.47415 
0.778586 0.778586 
0.000866114 0.000866114 
0.312128 0.312128 
-0.309616 -0.309616 
5.03038e+175 5.03038e+175 
3.5936e+246 3.5936e+246 
2.14726e+243 2.14726e+243 
-493.563 -493.563 
2.1393e-321 2.1393e-321 2.1393e-321 
6.94149e-310 6.94149e-310 6.94149e-310 
6.94149e-310 6.94149e-310 6.94149e-310 
0.947932 0.947932 0.947932 
0.162449 0.162449 0.162449 
2.37152e-322 2.37152e-322 2.37152e-322 
3.16202e-322 3.16202e-322 3.16202e-322 
3.07688e-316 3.07688e-316 3.07688e-316 
3.07631e-316 3.07631e-316 3.07631e-316 
-0.000105749 -0.000105749 -0.000105749 -0.000105749 
4.96635e-06 4.96635e-06 4.96635e-06 4.96635e-06 
0 0 0 0 
0 0 0 0 
0 0 0 0 
0 0 0 0 
1.67772e+07 1.67772e+07 1.67772e+07 1.67772e+07 
4.00193e-322 4.00193e-322 4.00193e-322 4.00193e-322 
3.0778e-316 3.0778e-316 3.0778e-316 3.0778e-316 
3.0611e-316 3.0611e-316 3.0611e-316 
3.06406e-316 3.06406e-316 3.06406e-316 
0 0 0 
0.674262 0.674262 0.674262 
0.141893 0.141893 0.141893 
0.68881 0.68881 0.68881 
-0 -0 -0 
1.67772e+07 1.67772e+07 1.67772e+07 
1.63042e-322 1.63042e-322 1.63042e-322 
6.94147e-310 6.94147e-310 6.94147e-310 6.94147e-310 
5.35832e+278 5.35832e+278 5.35832e+278 5.35832e+278 
3.20044e-316 3.20044e-316 3.20044e-316 3.20044e-316 
3.21143e-322 3.21143e-322 3.21143e-322 3.21143e-322 
2.47033e-323 2.47033e-323 2.47033e-323 2.47033e-323 
3.05673e-316 3.05673e-316 3.05673e-316 3.05673e-316 
1.42738e+228 1.42738e+228 1.42738e+228 1.42738e+228 
3.08128e-316 3.08128e-316 3.08128e-316 3.08128e-316 
2.98498e-316 2.98498e-316 2.98498e-316 2.98498e-316 
4.00193e-322 4.00193e-322 4.00193e-322 4.00193e-322 4.00193e-322 
3.00541e-316 3.00541e-316 3.00541e-316 3.00541e-316 3.00541e-316 
3.0828e-316 3.0828e-316 3.0828e-316 3.0828e-316 3.0828e-316 
10146.1 10146.1 10146.1 10146.1 10146.1 
0 0 0 0 0 
6.32404e-322 6.32404e-322 6.32404e-322 6.32404e-322 6.32404e-322 
3.19551e-316 3.19551e-316 3.19551e-316 3.19551e-316 3.19551e-316 
0 0 0 0 0 
2.122e-314 2.122e-314 2.122e-314 2.122e-314 2.122e-314 
R=2parameters: 
-0.308278 -0.308278 
1.02198 1.02198 
-0.0127774 -0.0127774 
-3.10673 -3.10673 
3.95619 3.95619 
5.03038e+175 5.03038e+175 
3.5936e+246 3.5936e+246 
2.14726e+243 2.14726e+243 
-493.563 -493.563 
2.1393e-321 2.1393e-321 2.1393e-321 
6.94149e-310 6.94149e-310 6.94149e-310 
3.19589e-316 3.19589e-316 3.19589e-316 
4.29728e-08 4.29728e-08 4.29728e-08 
-2.51339e-07 -2.51339e-07 -2.51339e-07 
-2.53429e-08 -2.53429e-08 -2.53429e-08 
3.92347e-08 3.92347e-08 3.92347e-08 
-1.10216e-06 -1.10216e-06 -1.10216e-06 
-1.11763e-07 -1.11763e-07 -1.11763e-07 
2.99467e-316 2.99467e-316 2.99467e-316 2.99467e-316 
6.37345e-322 6.37345e-322 6.37345e-322 6.37345e-322 
0.000431935 0.000431935 0.000431935 0.000431935 
-6.82535e-05 -6.82535e-05 -6.82535e-05 -6.82535e-05 
0 0 0 0 
2.42092e-322 2.42092e-322 2.42092e-322 2.42092e-322 
2.9941e-316 2.9941e-316 2.9941e-316 2.9941e-316 
6.94149e-310 6.94149e-310 6.94149e-310 6.94149e-310 
-434.746 -434.746 -434.746 -434.746 
-238.027 -238.027 -238.027 
7.90505e-322 7.90505e-322 7.90505e-322 
3.95253e-322 3.95253e-322 3.95253e-322 
3.02352e-316 3.02352e-316 3.02352e-316 
3.05674e-316 3.05674e-316 3.05674e-316 
3.07681e-316 3.07681e-316 3.07681e-316 
3.06081e-316 3.06081e-316 3.06081e-316 
2.98498e-316 2.98498e-316 2.98498e-316 
3.08117e-316 3.08117e-316 3.08117e-316 
0.346956 0.346956 0.346956 0.346956 
2.28752e-321 2.28752e-321 2.28752e-321 2.28752e-321 
3.95253e-322 3.95253e-322 3.95253e-322 3.95253e-322 
2.99359e-316 2.99359e-316 2.99359e-316 2.99359e-316 
2.48995e-316 2.48995e-316 2.48995e-316 2.48995e-316 
2.37152e-322 2.37152e-322 2.37152e-322 2.37152e-322 
0 0 0 0 
0 0 0 0 
0 0 0 0 
-91.5766 -91.5766 -91.5766 -91.5766 -91.5766 
7.11455e-322 7.11455e-322 7.11455e-322 7.11455e-322 7.11455e-322 
4.1823e+06 4.1823e+06 4.1823e+06 4.1823e+06 4.1823e+06 
0 0 0 0 0 
-39.256 -39.256 -39.256 -39.256 -39.256 
5.00225e-06 5.00225e-06 5.00225e-06 5.00225e-06 5.00225e-06 
0 0 0 0 0 
1034.76 1034.76 1034.76 1034.76 1034.76 
3.07639e-316 3.07639e-316 3.07639e-316 3.07639e-316 3.07639e-316 
R=3parameters: 
-0.131818 -0.131818 
1.24296 1.24296 
-0.0874284 -0.0874284 
-5.27409 -5.27409 
7.5079 7.5079 
5.03038e+175 5.03038e+175 
3.5936e+246 3.5936e+246 
2.14726e+243 2.14726e+243 
-493.563 -493.563 
2.1393e-321 2.1393e-321 2.1393e-321 
6.94149e-310 6.94149e-310 6.94149e-310 
3.19742e-316 3.19742e-316 3.19742e-316 
1.58101e-322 1.58101e-322 1.58101e-322 
3.95253e-322 3.95253e-322 3.95253e-322 
3.19719e-316 3.19719e-316 3.19719e-316 
0.0461381 0.0461381 0.0461381 
0 0 0 
0 0 0 
-0.000225144 -0.000225144 -0.000225144 -0.000225144 
-3.88656 -3.88656 -3.88656 -3.88656 
0 0 0 0 
3.21143e-322 3.21143e-322 3.21143e-322 3.21143e-322 
3.02368e-316 3.02368e-316 3.02368e-316 3.02368e-316 
3.06055e-316 3.06055e-316 3.06055e-316 3.06055e-316 
1.67772e+07 1.67772e+07 1.67772e+07 1.67772e+07 
3.02401e-316 3.02401e-316 3.02401e-316 3.02401e-316 
3694.53 3694.53 3694.53 3694.53 
2.99183e-316 2.99183e-316 2.99183e-316 
3.23796e-319 3.23796e-319 3.23796e-319 
5.58294e-322 5.58294e-322 5.58294e-322 
3.00301e-316 3.00301e-316 3.00301e-316 
3.06408e-316 3.06408e-316 3.06408e-316 
3.2003e-316 3.2003e-316 3.2003e-316 
1.63042e-322 1.63042e-322 1.63042e-322 
2.98499e-316 2.98499e-316 2.98499e-316 
3.06405e-316 3.06405e-316 3.06405e-316 
3.16202e-322 3.16202e-322 3.16202e-322 3.16202e-322 
2.37152e-322 2.37152e-322 2.37152e-322 2.37152e-322 
3.02733e-316 3.02733e-316 3.02733e-316 3.02733e-316 
0 0 0 0 
0.795746 0.795746 0.795746 0.795746 
19268.1 19268.1 19268.1 19268.1 
5.2111e-11 5.2111e-11 5.2111e-11 5.2111e-11 
0 0 0 0 
2.37152e-322 2.37152e-322 2.37152e-322 2.37152e-322 
2.37152e-322 2.37152e-322 2.37152e-322 2.37152e-322 2.37152e-322 
0 0 0 0 0 
4.55529e-321 4.55529e-321 4.55529e-321 4.55529e-321 4.55529e-321 
6.94147e-310 6.94147e-310 6.94147e-310 6.94147e-310 6.94147e-310 
3.07601e-316 3.07601e-316 3.07601e-316 3.07601e-316 3.07601e-316 
1.58101e-322 1.58101e-322 1.58101e-322 1.58101e-322 1.58101e-322 
1.63042e-322 1.63042e-322 1.63042e-322 1.63042e-322 1.63042e-322 
-0.0510814 -0.0510814 -0.0510814 -0.0510814 -0.0510814 
0.00482875 0.00482875 0.00482875 0.00482875 0.00482875 
R=4parameters: 
0.0454782 0.0454782 
1.45777 1.45777 
0.0436566 0.0436566 
-4.99751 -4.99751 
7.56779 7.56779 
5.03038e+175 5.03038e+175 
3.5936e+246 3.5936e+246 
2.14726e+243 2.14726e+243 
-493.563 -493.563 
2.1393e-321 2.1393e-321 2.1393e-321 
6.94149e-310 6.94149e-310 6.94149e-310 
3.20009e-316 3.20009e-316 3.20009e-316 
20.6557 20.6557 20.6557 
-6.98617 -6.98617 -6.98617 
2.37152e-322 2.37152e-322 2.37152e-322 
2.37152e-322 2.37152e-322 2.37152e-322 
2.9941e-316 2.9941e-316 2.9941e-316 
-1.61468 -1.61468 -1.61468 
-4.1545 -4.1545 -4.1545 -4.1545 
1.57861 1.57861 1.57861 1.57861 
4.74303e-322 4.74303e-322 4.74303e-322 4.74303e-322 
3.16202e-322 3.16202e-322 3.16202e-322 3.16202e-322 
3.08103e-316 3.08103e-316 3.08103e-316 3.08103e-316 
2.99357e-316 2.99357e-316 2.99357e-316 2.99357e-316 
2.47033e-323 2.47033e-323 2.47033e-323 2.47033e-323 
2.99358e-316 2.99358e-316 2.99358e-316 2.99358e-316 
4.66769e+06 4.66769e+06 4.66769e+06 4.66769e+06 
2.99467e-316 2.99467e-316 2.99467e-316 
3.23796e-319 3.23796e-319 3.23796e-319 
7.16395e-322 7.16395e-322 7.16395e-322 
3.07287e-316 3.07287e-316 3.07287e-316 
3.08154e-316 3.08154e-316 3.08154e-316 
6.89471e+06 6.89471e+06 6.89471e+06 
464080 464080 464080 
54242.8 54242.8 54242.8 
4.79244e-322 4.79244e-322 4.79244e-322 
2.99934e-316 2.99934e-316 2.99934e-316 2.99934e-316 
2.99357e-316 2.99357e-316 2.99357e-316 2.99357e-316 
0.0313515 0.0313515 0.0313515 0.0313515 
919082 919082 919082 919082 
0 0 0 0 
2.42092e-322 2.42092e-322 2.42092e-322 2.42092e-322 
0.000237855 0.000237855 0.000237855 0.000237855 
6.94149e-310 6.94149e-310 6.94149e-310 6.94149e-310 
7.95855e-05 7.95855e-05 7.95855e-05 7.95855e-05 
2.99359e-316 2.99359e-316 2.99359e-316 2.99359e-316 2.99359e-316 
-8.76742e-05 -8.76742e-05 -8.76742e-05 -8.76742e-05 -8.76742e-05 
3.08091e-316 3.08091e-316 3.08091e-316 3.08091e-316 3.08091e-316 
-0.00550172 -0.00550172 -0.00550172 -0.00550172 -0.00550172 
1.63042e-322 1.63042e-322 1.63042e-322 1.63042e-322 1.63042e-322 
6.94147e-310 6.94147e-310 6.94147e-310 6.94147e-310 6.94147e-310 
0 0 0 0 0 
1.48522e+06 1.48522e+06 1.48522e+06 1.48522e+06 1.48522e+06 
0 0 0 0 0 
R=5parameters: 
0.220442 0.220442 
1.674 1.674 
-0.0801213 -0.0801213 
3.20608 3.20608 
-8.91292 -8.91292 
5.03038e+175 5.03038e+175 
3.5936e+246 3.5936e+246 
2.14726e+243 2.14726e+243 
-493.563 -493.563 
2.1393e-321 2.1393e-321 2.1393e-321 
6.94149e-310 6.94149e-310 6.94149e-310 
6.94149e-310 6.94149e-310 6.94149e-310 
3.02401e-316 3.02401e-316 3.02401e-316 
3.02401e-316 3.02401e-316 3.02401e-316 
3.0828e-316 3.0828e-316 3.0828e-316 
3.08152e-316 3.08152e-316 3.08152e-316 
7.2229 7.2229 7.2229 
1907.5 1907.5 1907.5 
-1379.84 -1379.84 -1379.84 -1379.84 
1.74405e-321 1.74405e-321 1.74405e-321 1.74405e-321 
3.08058e-316 3.08058e-316 3.08058e-316 3.08058e-316 
3.20142e-316 3.20142e-316 3.20142e-316 3.20142e-316 
8.43982e-06 8.43982e-06 8.43982e-06 8.43982e-06 
3.07291e-316 3.07291e-316 3.07291e-316 3.07291e-316 
2396.96 2396.96 2396.96 2396.96 
1.3132e-05 1.3132e-05 1.3132e-05 1.3132e-05 
-4.55438e-06 -4.55438e-06 -4.55438e-06 -4.55438e-06 
4.79244e-322 4.79244e-322 4.79244e-322 
3.01215e-316 3.01215e-316 3.01215e-316 
3.08127e-316 3.08127e-316 3.08127e-316 
0 0 0 
0 0 0 
2.37152e-322 2.37152e-322 2.37152e-322 
2.37152e-322 2.37152e-322 2.37152e-322 
3.06922e-316 3.06922e-316 3.06922e-316 
0.861888 0.861888 0.861888 
6.94147e-310 6.94147e-310 6.94147e-310 6.94147e-310 
0 0 0 0 
6.94147e-310 6.94147e-310 6.94147e-310 6.94147e-310 
2.122e-314 2.122e-314 2.122e-314 2.122e-314 
3.02401e-316 3.02401e-316 3.02401e-316 3.02401e-316 
3.95253e-322 3.95253e-322 3.95253e-322 3.95253e-322 
3.06679e-316 3.06679e-316 3.06679e-316 3.06679e-316 
5.35832e+278 5.35832e+278 5.35832e+278 5.35832e+278 
3.0802e-316 3.0802e-316 3.0802e-316 3.0802e-316 
3.2006e-316 3.2006e-316 3.2006e-316 3.2006e-316 3.2006e-316 
3.20338e-316 3.20338e-316 3.20338e-316 3.20338e-316 3.20338e-316 
3.07676e-316 3.07676e-316 3.07676e-316 3.07676e-316 3.07676e-316 
0.000239669 0.000239669 0.000239669 0.000239669 0.000239669 
-nan -nan -nan -nan -nan 
3.16202e-322 3.16202e-322 3.16202e-322 3.16202e-322 3.16202e-322 
1.63042e-322 1.63042e-322 1.63042e-322 1.63042e-322 1.63042e-322 
3.07781e-316 3.07781e-316 3.07781e-316 3.07781e-316 3.07781e-316 
3.0778e-316 3.0778e-316 3.0778e-316 3.0778e-316 3.0778e-316 
R=6parameters: 
0.397336 0.397336 
1.88545 1.88545 
0.0800858 0.0800858 
-5.63347 -5.63347 
8.88054 8.88054 
5.03038e+175 5.03038e+175 
3.5936e+246 3.5936e+246 
2.14726e+243 2.14726e+243 
-493.563 -493.563 
3.21143e-322 3.21143e-322 3.21143e-322 
2.47033e-323 2.47033e-323 2.47033e-323 
2.99467e-316 2.99467e-316 2.99467e-316 
6.65729e-05 6.65729e-05 6.65729e-05 
3.08154e-316 3.08154e-316 3.08154e-316 
1589.24 1589.24 1589.24 
3.07631e-316 3.07631e-316 3.07631e-316 
4.71586e-05 4.71586e-05 4.71586e-05 
2.42092e-322 2.42092e-322 2.42092e-322 
57581.4 57581.4 57581.4 57581.4 
0 0 0 0 
20318.4 20318.4 20318.4 20318.4 
21230.9 21230.9 21230.9 21230.9 
2.37152e-322 2.37152e-322 2.37152e-322 2.37152e-322 
2.37152e-322 2.37152e-322 2.37152e-322 2.37152e-322 
3.07955e-316 3.07955e-316 3.07955e-316 3.07955e-316 
422372 422372 422372 422372 
45256.9 45256.9 45256.9 45256.9 
46044.9 46044.9 46044.9 
0 0 0 
6.37345e-322 6.37345e-322 6.37345e-322 
2.99259e-316 2.99259e-316 2.99259e-316 
2.122e-314 2.122e-314 2.122e-314 
2.99357e-316 2.99357e-316 2.99357e-316 
1.58101e-322 1.58101e-322 1.58101e-322 
3.01677e-316 3.01677e-316 3.01677e-316 
4.94066e-324 4.94066e-324 4.94066e-324 
3.23796e-319 3.23796e-319 3.23796e-319 3.23796e-319 
3.21143e-322 3.21143e-322 3.21143e-322 3.21143e-322 
-0.000192928 -0.000192928 -0.000192928 -0.000192928 
3.0209e-316 3.0209e-316 3.0209e-316 3.0209e-316 
0 0 0 0 
0 0 0 0 
0 0 0 0 
0 0 0 0 
1.67772e+07 1.67772e+07 1.67772e+07 1.67772e+07 
4.00193e-322 4.00193e-322 4.00193e-322 4.00193e-322 4.00193e-322 
3.08154e-316 3.08154e-316 3.08154e-316 3.08154e-316 3.08154e-316 
2.99359e-316 2.99359e-316 2.99359e-316 2.99359e-316 2.99359e-316 
3.0697e-316 3.0697e-316 3.0697e-316 3.0697e-316 3.0697e-316 
2.99358e-316 2.99358e-316 2.99358e-316 2.99358e-316 2.99358e-316 
5.84037e-05 5.84037e-05 5.84037e-05 5.84037e-05 5.84037e-05 
0.00155581 0.00155581 0.00155581 0.00155581 0.00155581 
0.00309398 0.00309398 0.00309398 0.00309398 0.00309398 
4.00193e-322 4.00193e-322 4.00193e-322 4.00193e-322 4.00193e-322 
R=7parameters: 
0.558293 0.558293 
2.10788 2.10788 
0.0864946 0.0864946 
-2.4263 -2.4263 
0.605952 0.605952 
5.03038e+175 5.03038e+175 
3.5936e+246 3.5936e+246 
2.14726e+243 2.14726e+243 
-493.563 -493.563 
2.1393e-321 2.1393e-321 2.1393e-321 
6.94149e-310 6.94149e-310 6.94149e-310 
6.94149e-310 6.94149e-310 6.94149e-310 
-0.104352 -0.104352 -0.104352 
6.19448 6.19448 6.19448 
2.37152e-322 2.37152e-322 2.37152e-322 
2.42092e-322 2.42092e-322 2.42092e-322 
2.79905 2.79905 2.79905 
0.000646695 0.000646695 0.000646695 
0.000488287 0.000488287 0.000488287 0.000488287 
-413.656 -413.656 -413.656 -413.656 
0.605952 0.605952 0.605952 0.605952 
2.42092e-322 2.42092e-322 2.42092e-322 2.42092e-322 
2.01612 2.01612 2.01612 2.01612 
3.20482e-316 3.20482e-316 3.20482e-316 3.20482e-316 
-0.621484 -0.621484 -0.621484 -0.621484 
-0.236304 -0.236304 -0.236304 -0.236304 
0 0 0 0 
2.42092e-322 2.42092e-322 2.42092e-322 
2.99933e-316 2.99933e-316 2.99933e-316 
2.99359e-316 2.99359e-316 2.99359e-316 
-0.332311 -0.332311 -0.332311 
-0.132269 -0.132269 -0.132269 
9.48606e-322 9.48606e-322 9.48606e-322 
3.16202e-322 3.16202e-322 3.16202e-322 
3.20552e-316 3.20552e-316 3.20552e-316 
3.06055e-316 3.06055e-316 3.06055e-316 
-0.0156193 -0.0156193 -0.0156193 -0.0156193 
3.20451e-316 3.20451e-316 3.20451e-316 3.20451e-316 
1583.46 1583.46 1583.46 1583.46 
2.99934e-316 2.99934e-316 2.99934e-316 2.99934e-316 
3.01956e-316 3.01956e-316 3.01956e-316 3.01956e-316 
3.01956e-316 3.01956e-316 3.01956e-316 3.01956e-316 
3.08279e-316 3.08279e-316 3.08279e-316 3.08279e-316 
3.06056e-316 3.06056e-316 3.06056e-316 3.06056e-316 
0.00472492 0.00472492 0.00472492 0.00472492 
-0.954458 -0.954458 -0.954458 -0.954458 -0.954458 
7.69441 7.69441 7.69441 7.69441 7.69441 
6.37345e-322 6.37345e-322 6.37345e-322 6.37345e-322 6.37345e-322 
2.9919e-316 2.9919e-316 2.9919e-316 2.9919e-316 2.9919e-316 
-0.0555807 -0.0555807 -0.0555807 -0.0555807 -0.0555807 
0.0938673 0.0938673 0.0938673 0.0938673 0.0938673 
0.00929884 0.00929884 0.00929884 0.00929884 0.00929884 
-0.0180982 -0.0180982 -0.0180982 -0.0180982 -0.0180982 
0.00371862 0.00371862 0.00371862 0.00371862 0.00371862 
R=8parameters: 
0.684116 0.684116 
2.34522 2.34522 
0.999407 0.999407 
1.02218 1.02218 
1.06637 1.06637 
5.03038e+175 5.03038e+175 
3.5936e+246 3.5936e+246 
2.14726e+243 2.14726e+243 
-493.563 -493.563 
2.1393e-321 2.1393e-321 2.1393e-321 
6.94149e-310 6.94149e-310 6.94149e-310 
6.94149e-310 6.94149e-310 6.94149e-310 
-0.218011 -0.218011 -0.218011 
-0.76997 -0.76997 -0.76997 
2.37152e-322 2.37152e-322 2.37152e-322 
2.42092e-322 2.42092e-322 2.42092e-322 
1.66347 1.66347 1.66347 
71.4128 71.4128 71.4128 
34.4664 34.4664 34.4664 34.4664 
35661.2 35661.2 35661.2 35661.2 
0 0 0 0 
0 0 0 0 
0 0 0 0 
1.67772e+07 1.67772e+07 1.67772e+07 1.67772e+07 
0 0 0 0 
2.42092e-322 2.42092e-322 2.42092e-322 2.42092e-322 
-499.735 -499.735 -499.735 -499.735 
-2145.17 -2145.17 -2145.17 
65.0639 65.0639 65.0639 
-5.7951 -5.7951 -5.7951 
0 0 0 
4.79244e-322 4.79244e-322 4.79244e-322 
3.08279e-316 3.08279e-316 3.08279e-316 
3.0813e-316 3.0813e-316 3.0813e-316 
1.58101e-322 1.58101e-322 1.58101e-322 
1.58101e-322 1.58101e-322 1.58101e-322 
6.94147e-310 6.94147e-310 6.94147e-310 6.94147e-310 
2.122e-314 2.122e-314 2.122e-314 2.122e-314 
3.07289e-316 3.07289e-316 3.07289e-316 3.07289e-316 
2.99359e-316 2.99359e-316 2.99359e-316 2.99359e-316 
3.07629e-316 3.07629e-316 3.07629e-316 3.07629e-316 
0.598535 0.598535 0.598535 0.598535 
0.295966 0.295966 0.295966 0.295966 
-0.322746 -0.322746 -0.322746 -0.322746 
-0.158829 -0.158829 -0.158829 -0.158829 
0.0857689 0.0857689 0.0857689 0.0857689 0.0857689 
0.0975297 0.0975297 0.0975297 0.0975297 0.0975297 
2.42092e-322 2.42092e-322 2.42092e-322 2.42092e-322 2.42092e-322 
2.99963e-316 2.99963e-316 2.99963e-316 2.99963e-316 2.99963e-316 
0.00038648 0.00038648 0.00038648 0.00038648 0.00038648 
-6.10032 -6.10032 -6.10032 -6.10032 -6.10032 
2.42092e-322 2.42092e-322 2.42092e-322 2.42092e-322 2.42092e-322 
3.08292e-316 3.08292e-316 3.08292e-316 3.08292e-316 3.08292e-316 
0 0 0 0 0 
R=9parameters: 
0.792782 0.792782 
2.54711 2.54711 
0.998433 0.998433 
1.05557 1.05557 
1.16694 1.16694 
5.03038e+175 5.03038e+175 
3.5936e+246 3.5936e+246 
2.14726e+243 2.14726e+243 
-493.563 -493.563 
2.1393e-321 2.1393e-321 2.1393e-321 
6.94149e-310 6.94149e-310 6.94149e-310 
6.94149e-310 6.94149e-310 6.94149e-310 
13.4477 13.4477 13.4477 
3.08279e-316 3.08279e-316 3.08279e-316 
1437.61 1437.61 1437.61 
3.08249e-316 3.08249e-316 3.08249e-316 
3.4949 3.4949 3.4949 
2.42092e-322 2.42092e-322 2.42092e-322 
-46.4402 -46.4402 -46.4402 -46.4402 
5339.71 5339.71 5339.71 5339.71 
0 0 0 0 
0 0 0 0 
0 0 0 0 
2.42092e-322 2.42092e-322 2.42092e-322 2.42092e-322 
2.99933e-316 2.99933e-316 2.99933e-316 2.99933e-316 
3.02073e-316 3.02073e-316 3.02073e-316 3.02073e-316 
0.0451335 0.0451335 0.0451335 0.0451335 
-0.0308666 -0.0308666 -0.0308666 
7.90505e-322 7.90505e-322 7.90505e-322 
6.32404e-322 6.32404e-322 6.32404e-322 
3.0761e-316 3.0761e-316 3.0761e-316 
0.00475713 0.00475713 0.00475713 
0.00323844 0.00323844 0.00323844 
0.0951352 0.0951352 0.0951352 
0.0637345 0.0637345 0.0637345 
1.37394 1.37394 1.37394 
-0.0617251 -0.0617251 -0.0617251 -0.0617251 
-0.0410934 -0.0410934 -0.0410934 -0.0410934 
-0.916973 -0.916973 -0.916973 -0.916973 
0.620338 0.620338 0.620338 0.620338 
0 0 0 0 
0 0 0 0 
0 0 0 0 
0 0 0 0 
1.67772e+07 1.67772e+07 1.67772e+07 1.67772e+07 
0 0 0 0 0 
0.000236975 0.000236975 0.000236975 0.000236975 0.000236975 
2.42092e-322 2.42092e-322 2.42092e-322 2.42092e-322 2.42092e-322 
1.061e-313 1.061e-313 1.061e-313 1.061e-313 1.061e-313 
1616.58 1616.58 1616.58 1616.58 1616.58 
30759.8 30759.8 30759.8 30759.8 30759.8 
11.7013 11.7013 11.7013 11.7013 11.7013 
7.11455e-322 7.11455e-322 7.11455e-322 7.11455e-322 7.11455e-322 
3.95253e-322 3.95253e-322 3.95253e-322 3.95253e-322 3.95253e-322 
R=10parameters: 
0.803513 0.803513 
2.77377 2.77377 
0.999473 0.999473 
1.01902 1.01902 
1.05617 1.05617 
5.03038e+175 5.03038e+175 
3.5936e+246 3.5936e+246 
2.14726e+243 2.14726e+243 
-493.563 -493.563 
2.1393e-321 2.1393e-321 2.1393e-321 
3.19604e-316 3.19604e-316 3.19604e-316 
6.94149e-310 6.94149e-310 6.94149e-310 
29.7049 29.7049 29.7049 
0 0 0 
0 0 0 
2.42092e-322 2.42092e-322 2.42092e-322 
3.08103e-316 3.08103e-316 3.08103e-316 
3.00529e-316 3.00529e-316 3.00529e-316 
1.05617 1.05617 1.05617 1.05617 
2.42092e-322 2.42092e-322 2.42092e-322 2.42092e-322 
1.061e-313 1.061e-313 1.061e-313 1.061e-313 
2.68284 2.68284 2.68284 2.68284 
13.5034 13.5034 13.5034 13.5034 
65.5008 65.5008 65.5008 65.5008 
2.37152e-322 2.37152e-322 2.37152e-322 2.37152e-322 
2.37152e-322 2.37152e-322 2.37152e-322 2.37152e-322 
2.99458e-316 2.99458e-316 2.99458e-316 2.99458e-316 
0.00116275 0.00116275 0.00116275 
0.0136898 0.0136898 0.0136898 
0.0275891 0.0275891 0.0275891 
101.669 101.669 101.669 
2.42092e-322 2.42092e-322 2.42092e-322 
3.19641e-316 3.19641e-316 3.19641e-316 
6.94149e-310 6.94149e-310 6.94149e-310 
3.21622 3.21622 3.21622 
0.791949 0.791949 0.791949 
7.11455e-322 7.11455e-322 7.11455e-322 7.11455e-322 
3.16202e-322 3.16202e-322 3.16202e-322 3.16202e-322 
3.07831e-316 3.07831e-316 3.07831e-316 3.07831e-316 
3.08281e-316 3.08281e-316 3.08281e-316 3.08281e-316 
2.47033e-323 2.47033e-323 2.47033e-323 2.47033e-323 
3.04588e-316 3.04588e-316 3.04588e-316 3.04588e-316 
2.47033e-323 2.47033e-323 2.47033e-323 2.47033e-323 
3.04588e-316 3.04588e-316 3.04588e-316 3.04588e-316 
35.1651 35.1651 35.1651 35.1651 
0.000286688 0.000286688 0.000286688 0.000286688 0.000286688 
0.000284639 0.000284639 0.000284639 0.000284639 0.000284639 
1.63042e-322 1.63042e-322 1.63042e-322 1.63042e-322 1.63042e-322 
3.08291e-316 3.08291e-316 3.08291e-316 3.08291e-316 3.08291e-316 
3.08215e-316 3.08215e-316 3.08215e-316 3.08215e-316 3.08215e-316 
1.58101e-322 1.58101e-322 1.58101e-322 1.58101e-322 1.58101e-322 
2.37152e-322 2.37152e-322 2.37152e-322 2.37152e-322 2.37152e-322 
2.98605e-316 2.98605e-316 2.98605e-316 2.98605e-316 2.98605e-316 
0 0 0 0 0 
R=11parameters: 
0.894297 0.894297 
2.733 2.733 
0.898241 0.898241 
-6.02842 -6.02842 
-18.6439 -18.6439 
5.03038e+175 5.03038e+175 
3.5936e+246 3.5936e+246 
2.14726e+243 2.14726e+243 
-493.563 -493.563 
2.1393e-321 2.1393e-321 2.1393e-321 
6.94149e-310 6.94149e-310 6.94149e-310 
6.94149e-310 6.94149e-310 6.94149e-310 
-0.254019 -0.254019 -0.254019 
0 0 0 
9.29437 9.29437 9.29437 
0.000322437 0.000322437 0.000322437 
0 0 0 
0 0 0 
-0.0103733 -0.0103733 -0.0103733 -0.0103733 
2575.9 2575.9 2575.9 2575.9 
-2.46031 -2.46031 -2.46031 -2.46031 
2.53754 2.53754 2.53754 2.53754 
-18.6439 -18.6439 -18.6439 -18.6439 
4.00193e-322 4.00193e-322 4.00193e-322 4.00193e-322 
2.85129e-316 2.85129e-316 2.85129e-316 2.85129e-316 
3.0768e-316 3.0768e-316 3.0768e-316 3.0768e-316 
0 0 0 0 
0 0 0 
0 0 0 
1.63042e-322 1.63042e-322 1.63042e-322 
3.06405e-316 3.06405e-316 3.06405e-316 
3.20069e-316 3.20069e-316 3.20069e-316 
9.48606e-322 9.48606e-322 9.48606e-322 
6.32404e-322 6.32404e-322 6.32404e-322 
3.07357e-316 3.07357e-316 3.07357e-316 
0.000474334 0.000474334 0.000474334 
0.000499547 0.000499547 0.000499547 0.000499547 
-0.00172045 -0.00172045 -0.00172045 -0.00172045 
-0.00181401 -0.00181401 -0.00181401 -0.00181401 
0.00669995 0.00669995 0.00669995 0.00669995 
0 0 0 0 
-0.275707 -0.275707 -0.275707 -0.275707 
0 0 0 0 
4.79244e-322 4.79244e-322 4.79244e-322 4.79244e-322 
3.19616e-316 3.19616e-316 3.19616e-316 3.19616e-316 
3.08118e-316 3.08118e-316 3.08118e-316 3.08118e-316 3.08118e-316 
1.2496 1.2496 1.2496 1.2496 1.2496 
2.96797 2.96797 2.96797 2.96797 2.96797 
-18.6439 -18.6439 -18.6439 -18.6439 -18.6439 
0 0 0 0 0 
-0.0168789 -0.0168789 -0.0168789 -0.0168789 -0.0168789 
2.42092e-322 2.42092e-322 2.42092e-322 2.42092e-322 2.42092e-322 
3.19606e-316 3.19606e-316 3.19606e-316 3.19606e-316 3.19606e-316 
3.024e-316 3.024e-316 3.024e-316 3.024e-316 3.024e-316 
T Models:
(* Fitting with shape 1 1 1 1 1 1 1 1 1 1 0 0 *)
G[T_,xx_]:=Exp[0+xx[[1]]*T^1+xx[[2]]*T^2]*(1)
(* Fitting with shape 1 1 1 1 1 1 1 1 1 1 1 0 *)
G[T_,xx_]:=Exp[0+xx[[1]]*T^1+xx[[2]]*T^2]*(1)
(* Fitting with shape 1 1 1 1 1 1 1 1 1 1 1 1 *)
G[T_,xx_]:=Exp[0+xx[[1]]*T^1+xx[[2]]*T^2]*(1)
(* Fitting with shape 0 1 1 1 1 1 1 1 1 1 0 0 *)
G[T_,xx_]:=Exp[0+xx[[1]]*T^1+xx[[2]]*T^2]*(1)
(* Fitting with shape 0 1 1 1 1 1 1 1 1 1 1 0 *)
G[T_,xx_]:=Exp[0+xx[[1]]*T^1+xx[[2]]*T^2]*(1)
(* Fitting with shape 0 1 1 1 1 1 1 1 1 1 1 1 *)
G[T_,xx_]:=Exp[0+xx[[1]]*T^1+xx[[2]]*T^2]*(1)
(* Fitting with shape 0 0 1 1 1 1 1 1 1 1 0 0 *)
G[T_,xx_]:=Exp[0+xx[[1]]*T^1+xx[[2]]*T^2]*(1)
(* Fitting with shape 0 0 1 1 1 1 1 1 1 1 1 0 *)
G[T_,xx_]:=Exp[0+xx[[1]]*T^1+xx[[2]]*T^2]*(1)
(* Fitting with shape 0 0 1 1 1 1 1 1 1 1 1 1 *)
G[T_,xx_]:=Exp[0+xx[[1]]*T^1+xx[[2]]*T^2]*(1)
(* Fitting with shape 1 1 1 1 1 1 1 1 1 1 0 0 *)
G[T_,xx_]:=Exp[0+xx[[1]]*T^1+xx[[2]]*T^2]*(1+xx[[3]]/(T^1))
(* Fitting with shape 1 1 1 1 1 1 1 1 1 1 1 0 *)
G[T_,xx_]:=Exp[0+xx[[1]]*T^1+xx[[2]]*T^2]*(1+xx[[3]]/(T^1))
(* Fitting with shape 1 1 1 1 1 1 1 1 1 1 1 1 *)
G[T_,xx_]:=Exp[0+xx[[1]]*T^1+xx[[2]]*T^2]*(1+xx[[3]]/(T^1))
(* Fitting with shape 0 1 1 1 1 1 1 1 1 1 0 0 *)
G[T_,xx_]:=Exp[0+xx[[1]]*T^1+xx[[2]]*T^2]*(1+xx[[3]]/(T^1))
(* Fitting with shape 0 1 1 1 1 1 1 1 1 1 1 0 *)
G[T_,xx_]:=Exp[0+xx[[1]]*T^1+xx[[2]]*T^2]*(1+xx[[3]]/(T^1))
(* Fitting with shape 0 1 1 1 1 1 1 1 1 1 1 1 *)
G[T_,xx_]:=Exp[0+xx[[1]]*T^1+xx[[2]]*T^2]*(1+xx[[3]]/(T^1))
(* Fitting with shape 0 0 1 1 1 1 1 1 1 1 0 0 *)
G[T_,xx_]:=Exp[0+xx[[1]]*T^1+xx[[2]]*T^2]*(1+xx[[3]]/(T^1))
(* Fitting with shape 0 0 1 1 1 1 1 1 1 1 1 0 *)
G[T_,xx_]:=Exp[0+xx[[1]]*T^1+xx[[2]]*T^2]*(1+xx[[3]]/(T^1))
(* Fitting with shape 0 0 1 1 1 1 1 1 1 1 1 1 *)
G[T_,xx_]:=Exp[0+xx[[1]]*T^1+xx[[2]]*T^2]*(1+xx[[3]]/(T^1))
(* Fitting with shape 1 1 1 1 1 1 1 1 1 1 0 0 *)
G[T_,xx_]:=Exp[0+xx[[1]]*T^1+xx[[2]]*T^2]*(1+xx[[3]]/(T^1)+xx[[4]]/(T^2))
(* Fitting with shape 1 1 1 1 1 1 1 1 1 1 1 0 *)
G[T_,xx_]:=Exp[0+xx[[1]]*T^1+xx[[2]]*T^2]*(1+xx[[3]]/(T^1)+xx[[4]]/(T^2))
(* Fitting with shape 1 1 1 1 1 1 1 1 1 1 1 1 *)
G[T_,xx_]:=Exp[0+xx[[1]]*T^1+xx[[2]]*T^2]*(1+xx[[3]]/(T^1)+xx[[4]]/(T^2))
(* Fitting with shape 0 1 1 1 1 1 1 1 1 1 0 0 *)
G[T_,xx_]:=Exp[0+xx[[1]]*T^1+xx[[2]]*T^2]*(1+xx[[3]]/(T^1)+xx[[4]]/(T^2))
(* Fitting with shape 0 1 1 1 1 1 1 1 1 1 1 0 *)
G[T_,xx_]:=Exp[0+xx[[1]]*T^1+xx[[2]]*T^2]*(1+xx[[3]]/(T^1)+xx[[4]]/(T^2))
(* Fitting with shape 0 1 1 1 1 1 1 1 1 1 1 1 *)
G[T_,xx_]:=Exp[0+xx[[1]]*T^1+xx[[2]]*T^2]*(1+xx[[3]]/(T^1)+xx[[4]]/(T^2))
(* Fitting with shape 0 0 1 1 1 1 1 1 1 1 0 0 *)
G[T_,xx_]:=Exp[0+xx[[1]]*T^1+xx[[2]]*T^2]*(1+xx[[3]]/(T^1)+xx[[4]]/(T^2))
(* Fitting with shape 0 0 1 1 1 1 1 1 1 1 1 0 *)
G[T_,xx_]:=Exp[0+xx[[1]]*T^1+xx[[2]]*T^2]*(1+xx[[3]]/(T^1)+xx[[4]]/(T^2))
(* Fitting with shape 0 0 1 1 1 1 1 1 1 1 1 1 *)
G[T_,xx_]:=Exp[0+xx[[1]]*T^1+xx[[2]]*T^2]*(1+xx[[3]]/(T^1)+xx[[4]]/(T^2))
(* Fitting with shape 1 1 1 1 1 1 1 1 1 1 0 0 *)
G[T_,xx_]:=Exp[0+xx[[1]]*T^1+xx[[2]]*T^2+xx[[3]]*T^3]*(1)
(* Fitting with shape 1 1 1 1 1 1 1 1 1 1 1 0 *)
G[T_,xx_]:=Exp[0+xx[[1]]*T^1+xx[[2]]*T^2+xx[[3]]*T^3]*(1)
(* Fitting with shape 1 1 1 1 1 1 1 1 1 1 1 1 *)
G[T_,xx_]:=Exp[0+xx[[1]]*T^1+xx[[2]]*T^2+xx[[3]]*T^3]*(1)
(* Fitting with shape 0 1 1 1 1 1 1 1 1 1 0 0 *)
G[T_,xx_]:=Exp[0+xx[[1]]*T^1+xx[[2]]*T^2+xx[[3]]*T^3]*(1)
(* Fitting with shape 0 1 1 1 1 1 1 1 1 1 1 0 *)
G[T_,xx_]:=Exp[0+xx[[1]]*T^1+xx[[2]]*T^2+xx[[3]]*T^3]*(1)
(* Fitting with shape 0 1 1 1 1 1 1 1 1 1 1 1 *)
G[T_,xx_]:=Exp[0+xx[[1]]*T^1+xx[[2]]*T^2+xx[[3]]*T^3]*(1)
(* Fitting with shape 0 0 1 1 1 1 1 1 1 1 0 0 *)
G[T_,xx_]:=Exp[0+xx[[1]]*T^1+xx[[2]]*T^2+xx[[3]]*T^3]*(1)
(* Fitting with shape 0 0 1 1 1 1 1 1 1 1 1 0 *)
G[T_,xx_]:=Exp[0+xx[[1]]*T^1+xx[[2]]*T^2+xx[[3]]*T^3]*(1)
(* Fitting with shape 0 0 1 1 1 1 1 1 1 1 1 1 *)
G[T_,xx_]:=Exp[0+xx[[1]]*T^1+xx[[2]]*T^2+xx[[3]]*T^3]*(1)
(* Fitting with shape 1 1 1 1 1 1 1 1 1 1 0 0 *)
G[T_,xx_]:=Exp[0+xx[[1]]*T^1+xx[[2]]*T^2+xx[[3]]*T^3]*(1+xx[[4]]/(T^1))
(* Fitting with shape 1 1 1 1 1 1 1 1 1 1 1 0 *)
G[T_,xx_]:=Exp[0+xx[[1]]*T^1+xx[[2]]*T^2+xx[[3]]*T^3]*(1+xx[[4]]/(T^1))
(* Fitting with shape 1 1 1 1 1 1 1 1 1 1 1 1 *)
G[T_,xx_]:=Exp[0+xx[[1]]*T^1+xx[[2]]*T^2+xx[[3]]*T^3]*(1+xx[[4]]/(T^1))
(* Fitting with shape 0 1 1 1 1 1 1 1 1 1 0 0 *)
G[T_,xx_]:=Exp[0+xx[[1]]*T^1+xx[[2]]*T^2+xx[[3]]*T^3]*(1+xx[[4]]/(T^1))
(* Fitting with shape 0 1 1 1 1 1 1 1 1 1 1 0 *)
G[T_,xx_]:=Exp[0+xx[[1]]*T^1+xx[[2]]*T^2+xx[[3]]*T^3]*(1+xx[[4]]/(T^1))
(* Fitting with shape 0 1 1 1 1 1 1 1 1 1 1 1 *)
G[T_,xx_]:=Exp[0+xx[[1]]*T^1+xx[[2]]*T^2+xx[[3]]*T^3]*(1+xx[[4]]/(T^1))
(* Fitting with shape 0 0 1 1 1 1 1 1 1 1 0 0 *)
G[T_,xx_]:=Exp[0+xx[[1]]*T^1+xx[[2]]*T^2+xx[[3]]*T^3]*(1+xx[[4]]/(T^1))
(* Fitting with shape 0 0 1 1 1 1 1 1 1 1 1 0 *)
G[T_,xx_]:=Exp[0+xx[[1]]*T^1+xx[[2]]*T^2+xx[[3]]*T^3]*(1+xx[[4]]/(T^1))
(* Fitting with shape 0 0 1 1 1 1 1 1 1 1 1 1 *)
G[T_,xx_]:=Exp[0+xx[[1]]*T^1+xx[[2]]*T^2+xx[[3]]*T^3]*(1+xx[[4]]/(T^1))
(* Fitting with shape 1 1 1 1 1 1 1 1 1 1 0 0 *)
G[T_,xx_]:=Exp[0+xx[[1]]*T^1+xx[[2]]*T^2+xx[[3]]*T^3]*(1+xx[[4]]/(T^1)+xx[[5]]/(T^2))
(* Fitting with shape 1 1 1 1 1 1 1 1 1 1 1 0 *)
G[T_,xx_]:=Exp[0+xx[[1]]*T^1+xx[[2]]*T^2+xx[[3]]*T^3]*(1+xx[[4]]/(T^1)+xx[[5]]/(T^2))
(* Fitting with shape 1 1 1 1 1 1 1 1 1 1 1 1 *)
G[T_,xx_]:=Exp[0+xx[[1]]*T^1+xx[[2]]*T^2+xx[[3]]*T^3]*(1+xx[[4]]/(T^1)+xx[[5]]/(T^2))
(* Fitting with shape 0 1 1 1 1 1 1 1 1 1 0 0 *)
G[T_,xx_]:=Exp[0+xx[[1]]*T^1+xx[[2]]*T^2+xx[[3]]*T^3]*(1+xx[[4]]/(T^1)+xx[[5]]/(T^2))
(* Fitting with shape 0 1 1 1 1 1 1 1 1 1 1 0 *)
G[T_,xx_]:=Exp[0+xx[[1]]*T^1+xx[[2]]*T^2+xx[[3]]*T^3]*(1+xx[[4]]/(T^1)+xx[[5]]/(T^2))
(* Fitting with shape 0 1 1 1 1 1 1 1 1 1 1 1 *)
G[T_,xx_]:=Exp[0+xx[[1]]*T^1+xx[[2]]*T^2+xx[[3]]*T^3]*(1+xx[[4]]/(T^1)+xx[[5]]/(T^2))
(* Fitting with shape 0 0 1 1 1 1 1 1 1 1 0 0 *)
G[T_,xx_]:=Exp[0+xx[[1]]*T^1+xx[[2]]*T^2+xx[[3]]*T^3]*(1+xx[[4]]/(T^1)+xx[[5]]/(T^2))
(* Fitting with shape 0 0 1 1 1 1 1 1 1 1 1 0 *)
G[T_,xx_]:=Exp[0+xx[[1]]*T^1+xx[[2]]*T^2+xx[[3]]*T^3]*(1+xx[[4]]/(T^1)+xx[[5]]/(T^2))
(* Fitting with shape 0 0 1 1 1 1 1 1 1 1 1 1 *)
G[T_,xx_]:=Exp[0+xx[[1]]*T^1+xx[[2]]*T^2+xx[[3]]*T^3]*(1+xx[[4]]/(T^1)+xx[[5]]/(T^2))
Probabilities: 
        0         0         0         0         0         0  0.467499         0         0         0         0         0         0         0         0  0.230467         0         0         0         0         0         0         0         0  0.101102         0         0         0         0         0         0         0         0         0         0         0         0         0         0         0         0         0  0.130361         0         0         0         0         0         0         0         0 0.0705716         0         0
        0         0         0         0         0         0  0.253534         0         0         0         0         0         0         0         0  0.136822         0         0         0         0         0         0         0         0  0.082374         0         0         0         0         0         0         0         0         0         0         0         0         0         0         0         0         0         0         0         0         0         0         0         0         0         0   0.52727         0         0
        0         0         0         0         0         0         0         0         0         0         0         0         0         0         0  0.418873         0         0         0         0         0         0         0         0  0.172091         0         0         0         0         0         0         0         0         0         0         0         0         0         0         0         0         0   0.21607         0         0         0         0         0         0         0         0  0.192965         0         0
        0         0         0         0         0         0  0.371285         0         0         0         0         0         0         0         0  0.437014         0         0         0         0         0         0         0         0  0.143897         0         0         0         0         0         0         0         0         0         0         0         0         0         0         0         0         0 0.0478035         0         0         0         0         0         0         0         0         0         0         0
        0         0         0         0         0         0  0.548461         0         0         0         0         0         0         0         0  0.244419         0         0         0         0         0         0         0         0 0.0931219         0         0         0         0         0         0         0         0         0         0         0         0         0         0         0         0         0  0.113998         0         0         0         0         0         0         0         0         0         0         0
        0         0         0         0         0         0  0.686443         0         0         0         0         0         0         0         0  0.236283         0         0         0         0         0         0         0         0 0.0772733         0         0         0         0         0         0         0         0         0         0         0         0         0         0         0         0         0         0         0         0         0         0         0         0         0         0         0         0         0
        0         0         0         0         0         0  0.236979         0         0         0         0         0         0         0         0 0.0946678         0         0         0         0         0         0         0         0 0.0403187         0         0         0         0         0         0         0         0         0         0         0         0         0         0         0         0         0         0         0         0         0         0         0         0         0         0  0.628034         0         0
        0         0         0         0         0         0  0.665899         0         0         0         0         0         0         0         0  0.245037         0         0         0         0         0         0         0         0 0.0890638         0         0         0         0         0         0         0         0         0         0         0         0         0         0         0         0         0         0         0         0         0         0         0         0         0         0         0         0         0
        0         0         0         0         0         0         0         0         0         0         0         0         0         0         0         0         0         0         0         0         0         0         0         0         1         0         0         0         0         0         0         0         0         0         0         0         0         0         0         0         0         0         0         0         0         0         0         0         0         0         0         0         0         0
        0         0         0         0         0         0         0         0         0         0         0         0         0         0         0  0.729292         0         0         0         0         0         0         0         0  0.270708         0         0         0         0         0         0         0         0         0         0         0         0         0         0         0         0         0         0         0         0         0         0         0         0         0         0         0         0         0
        0         0         0         0         0         0         0         0         0         0         0         0         0         0         0  0.732105         0         0         0         0         0         0         0         0  0.267895         0         0         0         0         0         0         0         0         0         0         0         0         0         0         0         0         0         0         0         0         0         0         0         0         0         0         0         0         0
        0         0         0         0         0         0         0         0         0         0         0         0         0         0         0  0.617437         0         0         0         0         0         0         0         0   0.23758         0         0         0         0         0         0         0         0         0         0         0         0         0         0         0         0         0  0.144982         0         0         0         0         0         0         0         0         0         0         0

Values: 
 0.466473  0.466473  0.466437  0.462359  0.462376   0.46238  0.461688  0.461683  0.461694  0.460092    0.4601  0.460114  0.461024  0.460988  0.461003  0.461182  0.461021  0.461037  0.461347  0.461288  0.461307  0.461396  0.461214  0.461222  0.462355  0.462655  0.462606  0.471578   1.17226  0.471571   1.10743   1.10449   1.10555   1.06308   0.96433  0.964929  0.458262  0.910928  0.458377  0.459827  0.459792  0.459898  0.457629  0.456558  0.457022  0.918176  0.884919  0.920627    0.9022   1.02473  0.454054  0.441809  0.475907  0.445428
 0.778585  0.778586  0.778475  0.768056  0.768057  0.768053   0.76715  0.767268  0.767262  0.762029  0.762036  0.762018  0.765878  0.766009  0.766006  0.762314  0.761203  0.761185    0.7671   0.76722  0.767215  0.762555  0.760452  0.760444  0.767703  0.767123  0.762562   1.13101   1.13107   1.13196    1.0918   1.09186   1.08933   0.98112  -23.0032   1.09203  0.975032  0.975033  0.975441  0.765658  0.769482  0.769471  0.822709   1.02322  0.697521  0.767809  0.772961  0.888702  0.661563  0.658115  0.657273   1.04385   1.00898   1.00939
  1.02211   1.02198   1.02242   1.00546   1.00533   1.00546   1.00038    1.0001  0.999743  0.994835  0.994694  0.994676  0.998147  0.997814  0.997017   1.03841   1.03939   1.03929   1.00048   1.00015  0.999137   1.05949   1.06124   1.06132    1.0054   1.00618   1.00621   1.28447   1.04969   1.13129   1.28471   1.25668   1.08952   1.07082   1.06895   1.06704  0.980608  0.909006  0.975062  0.731859  0.879032  0.875085   1.21543  0.676071  0.976242  0.846612  0.837976   0.83101   1.36165   1.34906   1.35182   2.12594   2.01954   2.29264
  1.24289   1.24296   1.24293   1.21314   1.21319   1.21318   1.21286   1.21304   1.21275   1.19493   1.19507   1.19505   1.11836   1.11881   1.11722   1.31635   1.31602    1.3166    1.2253   1.22561   1.22489   1.15618   1.15634    1.1559   1.24261   1.24235   1.24272   1.13039   1.12944   1.12925   1.22705   1.16963   1.15563    1.0159   1.01826   1.05147   1.12862    1.1284    1.1291  0.838644  0.875785  0.690042   2.05618   1.76207   1.39742  0.814693  0.713985  0.716659  0.645371  0.644375  0.823612   3.09922   2.99765   1.14962
  1.45774   1.45777   1.45793   1.42308   1.42311   1.42368   1.35093   1.35108   1.35745   1.39844   1.39842   1.39958    1.2493   1.24928   1.24982   1.23889   1.23901   1.24322   1.30585   1.30584   1.30657   1.25627    1.2565   1.26469    1.1927   1.19281   1.19574    1.5321   1.53212   1.53048   1.21715   1.21149   1.19466   1.00303  0.997967   4.12074         1         1         1   1.65481   1.90284   1.49688   1.83923   2.57002    1.5921   1.86409   0.82661   1.79605    3.0863   1.48416   2.31868   2.68569  0.692061   2.06733
  1.67386     1.674   1.67384   1.64077   1.64414   1.64039   1.46529   1.46345   1.46647   1.61538   1.62078   1.61502   1.44415   1.44628   1.44366   1.35898   1.35835   1.35971   1.51862   1.52183    1.5182   1.34954   1.35078   1.34886   1.30415   1.30377   1.30464   1.75217   1.74732   1.75284   1.18756   1.15166   2.04193   1.04925   1.06591  0.971782   2.12368  0.950915   2.40265   1.82833   1.77051   1.80571  0.628921  0.706812   1.63018   1.66653   1.68668   1.80611   1.25374 -0.282883   0.98915   1.82965   1.37558   1.20088
  1.88815   1.88545   1.88553   1.85825   1.84852   1.84881   1.67774   1.61154     1.624   1.83733   1.82168   1.82202   1.62588   1.61851   1.61884   1.54164    1.5035   1.51007   1.72261   1.71263   1.71373   1.49536    1.4894   1.49012   1.45274   1.42605   1.43053   1.95889   1.97536   1.97393   1.12187   2.44899   1.12173   1.00659   1.03899  0.951127   1.63922   1.46639   2.08205   2.16686   1.07544   2.61594   1.02215   1.04356  0.992774   2.43926   2.17957   2.24313   2.74706   2.12545   2.13745  -1.36432   1.52675   1.56831
  2.10838   2.10788   2.10878   1.98439   1.98616    1.9894   2.65338   2.65234   2.62515   1.73692   1.73655   1.73702   1.77045   1.77207   1.77404   2.37435   2.37134   2.34565   1.85762   1.85904   1.86118   1.63668   1.63864   1.63981   2.09413   2.09374   2.09509   2.25605   2.25294   2.25108   1.22024   1.03847   1.07023   0.99776  0.954654  0.986947   1.74537   1.60354   1.81112   1.08123  0.747748  0.719153   1.00237    1.0289  0.928766  -1.01204 -0.980473 -0.953112    1.9926    1.9957   1.19206  0.990742   1.01305  0.998231
  2.34258   2.34522   2.34683   2.18099   2.17789   2.18656   1.57219   1.57182   1.57391   1.90559   1.90964   1.91061   1.94906   1.94816   1.95423   11.3948   11.3198   11.5866   2.03103   2.02791   2.03459   1.76162   1.76346   1.76738   2.19165   2.19341   2.19467   2.51663   2.52916   2.52091   1.03332   1.05148   1.08028   1.02082  0.984992   1.02043   2.00676   1.56335   1.92489 -0.707448  0.463912  -1.05113   1.02123  0.941834  0.973096  -11.8794   -10.362  -9.77276  0.773547 -0.661341  -5.00977   1.00868  0.926226  0.995285
  2.56094   2.54711   2.54198   2.58505   2.52393   2.53537   1.68788   1.68037   1.67874     2.078   2.06361   2.05869   2.24164   2.19291    2.2007    1.5342   1.53305   1.49617   2.34458   2.28896    2.2927   1.89732   1.86157   1.85655   1.44315   1.44112   1.42041    1.2805   1.92623   2.16936   1.05289   1.06299   1.06545   1.02763  0.940749  0.995298   1.03167   1.52236   1.17256         1         1  0.852283  0.960771  0.977186   0.99952   4.00503   3.72497   3.43915    1.2192   2.75153  0.909149  0.971928  0.972987   0.99847
  2.77255   2.77377   2.78772   1.74301   1.74437   1.74711   2.20791   2.21131   2.32416   2.25189   2.25191   2.26444   2.98761   2.99836     2.991   1.49993   1.49972   1.49844    2.5308   2.52926   2.52012   2.76326   2.14391   2.18611   1.44302   1.44349   1.44326    1.3596   1.37895   1.35772         1         1         1   1.86847    1.8691   1.88699   1.14204    1.1429   1.14322  0.960706  0.960801  0.961653   1.00264   1.00224   1.00426  -3.24577  -2.99344 0.0494115  0.986458  0.986533  0.912853   1.05203   1.05202   0.73288
  2.75272     2.733   2.72138   11.9946   12.0859   12.1357   2.62614   2.63202   2.64677    2.2775   2.26493   2.25785   3.40029   3.36754   3.37034   1.34501   1.30989   1.32985   2.81777   2.81885   2.84968    2.9079   2.89905   2.89065   1.34446   1.31889   1.33351    1.3878   1.39259   1.40534   0.49375  0.515167         1   1.91683   1.91667   1.91657   1.09282   1.09054   1.04269  0.961066   0.91806  0.925271  0.773696  0.763232  0.763155   1.13906   1.15927   1.16015   1.08766   1.05288   1.05024  0.827831  0.833507  0.839582

Errors: 
0.000131914 0.000131859  0.00013153 0.000161096 0.000160884 0.000159864 0.000216357 0.000216329  0.00021485 0.000196142 0.000195998 0.000194684 0.000327269 0.000326385 0.000324732 0.000697736 0.000689872 0.000688918 0.000401424 0.000399683 0.000398097  0.00105385  0.00105603  0.00104605  0.00202457  0.00200518  0.00200338 0.000200739           0 0.000197314           0           0           0     1.00051     1.00036     1.00036 0.000558814 4.35403e-05 0.000555236  0.00166442  0.00166186  0.00165093  0.00378588  0.00370036  0.00363716 6.32756e-05 5.96679e-05 4.92143e-06 6.37965e-05 0.000360412  0.00557921   0.0098714  0.00261281  0.00931316
0.000421693 0.000421692 0.000420267 0.000595042 0.000595054 0.000587152  0.00113418  0.00113028  0.00112859 0.000794785 0.000795517 0.000783316  0.00208673  0.00208284  0.00208077  0.00597154  0.00550971  0.00555736  0.00268246  0.00268929  0.00269152  0.00920427  0.00866398  0.00904442  0.00358934  0.00353233  0.00359403           0           0           0           0           0           0     1.03854     1.25935     1.00084           0           0           0   0.0141387   0.0137105   0.0138895     1.00001     1.00039   0.0403028   0.0155946   0.0151263     1.62821    0.019902   0.0192525   0.0191448   0.0277986    0.026887   0.0261725
          0           0           0  0.00150985  0.00150452           0           0           0  0.00392135  0.00219708  0.00220793  0.00216342  0.00735639  0.00729119  0.00728886   0.0193931   0.0202945   0.0194891  0.00945233  0.00920147  0.00932866   0.0264324   0.0272955   0.0250412   0.0133003    0.013363   0.0133897           0  0.00233278           0           0     1.00024           0           0           0           0     0.01396     1.01051           0           1   0.0665376    0.068291    0.202174     1.00032     1.02918   0.0326398   0.0310398   0.0305689   0.0422913   0.0409771   0.0399879   0.0496294   0.0481205   0.0468544
 0.00194329  0.00194439  0.00194319  0.00363585  0.00361876  0.00361846   0.0100107  0.00993757  0.00991468  0.00558485  0.00550646  0.00551957     1.09794     1.07087     1.03566     0.06044   0.0671953   0.0315833   0.0243749   0.0244321   0.0222009   0.0133966   0.0133115   0.0134087   0.0494844   0.0499583   0.0499104           0           0           0           0           0           0           0     1.16167           0    0.044271   0.0431819   0.0462445   0.0178949     1.00127   0.0755088   0.0557011    0.051204   0.0406474 0.000270519   0.0314266   0.0312356    0.104207    0.105941     1.00003   0.0191589   0.0191163   0.0922875
 0.00345188  0.00345061  0.00345942  0.00871844  0.00870235  0.00870185   0.0285213   0.0284623   0.0285785   0.0139257    0.014031   0.0139765  0.00616321  0.00615386   0.0061511   0.0191627   0.0191499   0.0192463  0.00771495  0.00883341  0.00883285   0.0367185   0.0366822   0.0366578   0.0134299   0.0134231   0.0135193   0.0155083   0.0154534   0.0155515           0           0           0           0           0           0           0           0           0   0.0379806   0.0366482   0.0274476    0.172565    0.171537    0.331095   0.0756588    0.933479    0.071134   0.0908358    0.171158   0.0943295   0.0365781     1.00049   0.0369211
  0.0065025  0.00650432  0.00650337   0.0201731   0.0200274   0.0198252   0.0670523   0.0669414   0.0670944   0.0313387   0.0316927   0.0312949   0.0137622   0.0136975   0.0135548   0.0201435   0.0198347   0.0399421   0.0195084   0.0193912   0.0192305  0.00946924  0.00942384  0.00932435   0.0277035   0.0276485   0.0277644   0.0342108    0.034644   0.0342302           0           0    0.176274           0           0      2.5015    0.196447           0    0.075101    0.109519   0.0926011   0.0946812   0.0135248     1.00445    0.320357    0.128267    0.126779    0.115983    0.176301    0.172573     1.00921   0.0783464    0.275147    0.203854
  0.0124734   0.0119177   0.0123703   0.0449951   0.0443884   0.0443191    0.194644    0.177517    0.175938   0.0716133   0.0718091   0.0671338   0.0298371   0.0292285   0.0292351    0.109345   0.0995724    0.102639   0.0415682   0.0409152   0.0407816   0.0204123   0.0199014   0.0198323   0.0841242   0.0712757   0.0723301   0.0752476   0.0764339   0.0759801           0    0.168761           0           0           0           0   0.0548218   0.0519694    0.064853    0.209196     1.01111    0.192209           0           0           0    0.135977    0.152468    0.138302   0.0650939    0.449095   0.0683661    0.242109     291.102     51.0625
  0.0217943   0.0216793   0.0214945   0.0970244   0.0983389   0.0985927    0.967994    0.952915    0.940934   0.0141789   0.0140967   0.0143509   0.0653794   0.0654643   0.0656983     0.98577    0.988209    0.730779    0.085621   0.0856814   0.0850769   0.0478971   0.0480027    0.048186   0.0564259   0.0619817   0.0682971    0.141728    0.142787    0.148805           0           0           0           0           0           0    0.101381   0.0776618    0.103137    0.494786   0.0120307   0.0115057           0           0     0.18437    0.326407    0.323817    0.320158    0.128533     0.12713     0.12697     0.31253    0.309245     0.30541
  0.0397764   0.0390668   0.0390905    0.213112    0.213347    0.215263           0           0           0   0.0294992   0.0292547   0.0294435    0.146295    0.145452    0.148686           0           0           0    0.177917    0.169696    0.140645    0.102982    0.102792    0.104346   0.0548821    0.059305   0.0626533    0.320315    0.321301    0.324266           0           0           0           0           0           0    0.214467    0.319645    0.197458     1.10846   0.0321196     2.16613           0           0           0    0.148858    0.345699    0.342309     1.00627    0.207979    0.206465    0.553819    0.466597    0.544062
  0.0783058   0.0742898   0.0745868    0.603148    0.556077    0.564728           0           0           0   0.0542856   0.0520611   0.0514999    0.463915    0.297116     0.46643    0.244216     0.23867    0.191631    0.620061    0.347356    0.560807     0.29328    0.312916    0.310189    0.115254    0.130417    0.100625   0.0144801    0.959894     1.16909           0           0           0           0           0           0  0.00981105    0.206615  0.00693328           0           0   0.0497461           0           0           0    0.139244     2.01241    0.169894    0.443438    0.298656    0.369067     1.39596     1.28444     1.30445
   0.123365    0.122423    0.121335           0           0           0           0           0           0   0.0915218   0.0924657   0.0988448   0.0341054   0.0431297   0.0347684    0.187246    0.190072    0.184753   0.0563582   0.0652605    0.063879    0.277674   0.0490121           0    0.123081    0.122796    0.148167   0.0180292           0   0.0173026           0           0           0           0           0           0  0.00726698  0.00730914  0.00686438           0           0           0           0           0           0     0.28367    0.281937    0.276345     0.55803    0.549774    0.549672     4.43854     4.26866      2.7721
    0.13862    0.136203    0.134684     65.8536     65.6542     64.4418           0           0           0   0.0997315   0.0961273    0.094805           0   0.0383381   0.0383734    0.127553    0.092778    0.118501   0.0530178   0.0518904   0.0497312   0.0781661    0.076486   0.0584876   0.0895389   0.0725076   0.0809108   0.0158575   0.0198553           0     5.84815     6.77902           0           0           0           0   0.0111899   0.0100868   0.0156156    0.392199     1.08223     1.03357     2.14781           0     1.98215     1.07388    0.115444    0.114237    0.619346    0.580428    0.577764     1.31392     1.23218     1.15193

Statuses: 
0 0 0 0 0 0 0 0 0 0 0 0 0 0 0 0 0 0 0 0 0 0 0 0 0 0 0 0 3 0 3 3 3 3 3 3 0 3 0 0 0 0 0 0 0 3 3 3 3 3 0 0 0 0
0 0 0 0 0 0 0 0 0 0 0 0 0 0 0 0 0 0 0 0 0 0 0 0 0 0 0 3 3 3 3 3 3 3 3 3 3 3 3 0 0 0 3 3 0 0 0 3 0 0 0 0 0 0
2 2 2 0 0 2 2 2 0 0 0 0 0 0 0 0 0 0 0 0 0 0 0 0 0 0 0 3 0 3 3 3 3 3 3 3 0 3 3 3 0 0 0 3 3 0 0 0 0 0 0 0 0 0
0 0 0 0 0 0 0 0 0 0 0 0 3 3 3 0 0 0 0 0 0 0 0 0 0 0 0 3 3 3 3 3 3 3 3 3 0 0 0 0 3 0 0 0 0 3 0 0 0 0 3 1 1 0
0 0 0 0 0 0 0 0 0 0 0 0 0 0 0 0 0 0 0 0 0 0 0 0 0 0 0 0 0 0 3 3 3 2 2 3 3 3 3 0 0 0 0 0 0 0 3 0 0 0 0 1 3 1
0 0 0 0 0 0 0 0 0 0 0 0 0 0 0 0 0 0 0 0 0 0 0 0 0 0 0 0 0 0 3 3 0 2 2 3 0 3 0 0 0 0 0 3 0 0 0 0 0 0 3 1 0 0
0 0 0 0 0 0 0 0 0 0 0 0 0 0 0 0 0 0 0 0 0 0 0 0 0 0 0 0 0 0 3 0 3 2 2 2 0 0 0 0 3 0 2 2 2 0 0 0 1 0 1 0 3 3
0 0 0 0 0 0 0 0 0 0 0 0 0 0 0 0 0 0 0 0 0 0 0 0 0 0 0 0 0 0 3 3 3 2 2 2 0 0 0 0 0 0 2 2 0 0 0 0 1 1 1 1 1 1
0 0 0 0 0 0 2 2 2 0 0 0 0 0 0 2 2 2 0 0 0 0 0 0 0 0 0 0 0 0 3 3 3 2 2 2 0 0 0 0 0 0 2 2 2 1 0 0 3 1 1 1 0 1
0 0 0 0 0 0 2 2 2 0 0 0 0 0 0 0 0 0 0 0 0 0 0 0 0 0 0 0 0 0 3 3 3 2 2 2 0 0 0 3 3 0 2 2 2 1 3 1 0 0 0 1 1 1
0 0 0 2 2 2 2 2 2 0 0 0 0 0 0 0 0 0 0 0 0 0 0 3 0 0 0 0 3 0 3 3 3 2 2 2 0 0 0 2 2 2 2 2 3 1 1 1 1 1 1 1 1 1
0 0 0 0 0 0 2 2 2 0 0 0 2 0 0 0 0 0 0 0 0 0 0 0 0 0 0 0 0 3 0 0 3 2 2 2 0 0 0 0 0 0 0 2 0 3 3 3 1 1 1 1 1 1
chisq per dof: 
2.88248 2.67333 2.51623 1.31017 1.27507 1.24455 1.33699 1.29161 1.25534 1.44386  1.3894  1.3464 1.50305 1.43345 1.37947 1.60357 1.50569 1.43367 1.66956 1.57626 1.50443 1.80347  1.6723 1.57649 2.00385 1.80586 1.67188 2.09068 9404.46 1.85057 13725.7 11791.7 10317.1 5776.17 4869.29 4180.06 1.67024 10944.3 1.50489 1.80292 1.67174 1.57607 2.00296 1.80483 1.67123 28763.3 20462.9 20806.5 16669.6 12960.1 1.83767 2.66882 2.26198  2.0048
1.77512 1.69001 1.63247 1.30039  1.2639 1.23458 1.34943 1.30093 1.26331 1.44602 1.39169 1.34818 1.51574 1.44341 1.38798 1.61824 1.51628 1.44253 1.68258 1.58651  1.5132 1.81868 1.68346 1.58582 2.02108 1.81813 1.68257 461.663 403.163 355.935  1043.3 895.494 794.334  480.37 99.5641 346.659 1073.83 920.311 807.539 1.81889  1.6839  1.5862 230.643  405.18 1.68068 2.01909 1.85082 1265.32  2.2707 2.01802 1.84835 2.68145 2.26459 2.01168
1.42646 1.38049 1.34915  1.3014 1.26471 1.23922  1.3494 1.30048 1.26698 1.44344 1.38892 1.34933 1.51708 1.44428  1.3929 1.61399 1.51247 1.44385 1.68357 1.58698 1.51779 1.81433 1.67942 1.58694  2.0171 1.81467 1.68425 156.392 1.41278 20.0368 212.081 188.596 174.458 57.0156 48.6171 41.8402 1.68272 1.61834  81.305 153.036 1.68085 1.58818 2.01631 25.5217 34.3381 2.01638 1.84788 1.73135 2.26584 2.01374 1.85016 2.68427   2.265 2.01748
1.32816 1.29259 1.26345 1.28958  1.2534 1.22542 1.33784  1.2896  1.2536 1.43372 1.37955 1.33751 1.54768 1.47014 1.41162 1.60216 1.50186 1.43034 1.67091 1.57509 1.50341  1.8076 1.67302 1.57713 2.00308 1.80254   1.669 5.34206 3.74895 3.26497 24.9293 33.7505 31.3478 11.0108 9.48523 8.29989 1.66979 1.57413 1.50256  1.8014  44.996 1.57252 2.00694 1.80387 1.66892 94.8648  1.8348  1.7157 2.25157 2.00134 44.1475 2.66685 2.25025 2.00053
1.27284 1.24259 1.21963 1.29411 1.25735 1.23051 1.33576  1.2878 1.25463 1.43518 1.38079 1.34037 1.50201 1.43031 1.37942 1.60237 1.50199 1.43351 1.67023 1.57448 1.50514 1.80242  1.6687 1.57641 2.00284 1.80229 1.67238 1.43121 1.37731 1.33766 5.49934 5.52824   6.276 2.95255 2.62832  2.1657 71.7098 61.6289 56.0929 1.80188 1.66827 1.57619 2.00213  1.8011 1.67213 2.00179 2.04961 1.71889 2.25074 2.00196  1.8385 2.66772 3.57171 2.00614
1.26085 1.23255 1.21269 1.29524 1.25953 1.23398 1.33737  1.2902 1.25804 1.43749 1.38403 1.34461 1.50644 1.43532 1.38472 1.60504 1.50542 1.43783 1.67512 1.57999 1.51122 1.80525 1.67231 1.58078 2.00671 1.80686 1.67764 1.43582 1.38263 1.34328 2.61683 2.03229 1.38368  1.8883 1.74142 1.63837 1.67221 1.91211 1.50776 1.80601 1.67293 1.58118 2.01864 1.95972 1.67737 2.00616 1.83981 1.72416 2.25578 2.00598 4.26344 2.67435 2.25746 2.01275
1.25976 1.23612 1.21251 1.29641 1.26501 1.23557 1.34498 1.30147 1.26389  1.4392  1.3899 1.34659  1.5117 1.44475 1.38919 1.61375 1.51819 1.44428 1.67872 1.58806 1.51457  1.8136 1.68468 1.58698 2.01667 1.82137 1.68463 1.43889 1.38944  1.3462 1.61536 1.44304 1.47032 1.64553 1.54974 1.47147 1.67962 1.58953 1.51414 1.81188 1.78307 1.58625 2.05693 1.85969 1.71673 2.01127 1.85011 1.72893 2.26361 2.02013  1.8504 2.67144 2.27765 2.02539
 1.2564 1.22795 1.20529 1.29159 1.25523 1.22707 1.33906 1.29074 1.25467 1.43562  1.3813 1.33915  1.5073 1.43493 1.38077 1.60688 1.50586 1.43391 1.67378 1.57762 1.50563  1.8099 1.67502 1.57882 2.00864 1.80706 1.67291 1.43493 1.38064 1.33853 1.57832 1.51971 1.45181 1.60826 1.50701 1.43496 1.67354 1.57734 1.50549 1.80688  1.6729 1.57721 2.01032 1.80841 1.67411 2.00689  1.8392 1.71962  2.2586 2.00703 1.83956 2.68043 2.26052 2.00894
1.25339 1.22545 1.20335  1.2891 1.25317 1.22558 1.33918 1.29091 1.25514 1.43224  1.3784 1.33691 1.50414 1.43235 1.37891  1.6026 1.50254 1.43147 1.67074 1.57516 1.50386 1.80563 1.67161 1.57634 2.00482 1.80423 1.67102 1.43218 1.37837 1.33685 1.52589 1.45165 1.39333  1.6026 1.50254 1.43147 1.67067 1.57504  1.5038 1.80261 1.66928 1.57433 2.00325 1.80305 1.67005  2.0026 1.83587 1.71718 2.26666 2.00304 1.83671 2.67101 2.25381 2.00406
1.25536 1.22747 1.20554 1.29184  1.2559 1.22837 1.34015 1.29216 1.25657 1.43492 1.38104 1.33962 1.50711 1.43528 1.38188 1.60782 1.50722 1.43564 1.67379 1.57816  1.5069  1.8084 1.67436 1.57915 2.00974 1.80864 1.67487 1.43555 1.38147 1.33991 1.50988 1.43809 1.38412 1.60893 1.50822 1.43682 1.67552 1.57894 1.50807 1.86017 1.72184 1.57957 2.01116 1.80986 1.67629  2.0081  1.8404 1.72203 2.25938 2.00761 1.84108 2.68155 2.26233 2.01155
1.25382 1.22562 1.20417 1.29443 1.25762 1.23047 1.33747 1.28926 1.25435 1.43339 1.37922 1.33836 1.50446 1.43239 1.37968 1.60439 1.50366 1.43312  1.6717 1.57575 1.50519 1.80536 1.67147 1.57772 2.00551 1.80441 1.67198  1.4323 1.38533 1.33739  1.5209 1.44661 1.39177 1.60496 1.50413 1.43353 1.67091 1.57507 1.50446 1.80497 1.67081  1.5764 2.00618 1.80495  1.6724 2.00496 1.83747 1.71926 2.25621 2.00497 1.83912 2.67491 2.25618 2.00687
1.26408 1.23751 1.21546 1.30011 1.26558  1.2378 1.35014 1.30353 1.26754 1.44525 1.39274 1.35104 1.51737 1.44693 1.39306  1.6177 1.51775 1.44632 1.68484  1.5905  1.5187 1.82112 1.68832 1.59229 2.02197 1.82122 1.68727 1.44358 1.39119 1.35344  1.5168 1.44638 1.40347 1.62016 1.52078 1.44861 1.68381 1.58957 1.51781 1.82016 1.68744 1.59146  2.0237 1.82353 1.68868 2.03166 1.88862 1.76488 2.27521 2.02493 1.85671 2.69826 2.27941 2.02642
Mode averaged potential and errors: 
 0.459707  0.005959
 0.912429  0.140285
  1.28083  0.431171
  1.30268  0.181306
  1.36448  0.190642
  1.42772  0.080664
-0.254732   1.45892
   2.5352  0.946213
  2.19165 0.0548821
  1.50955  0.220745
  1.48469  0.174247
  1.26205  0.849238
R Models:
(* Fitting with shape 1 1 1 1 1 1 1 1 0 0 0 0 *)
G[R_,xx_]:=xx[[0]] + xx[[1]]/R | xx[[2]]*R
(* Fitting with shape 1 1 1 1 1 1 1 1 1 0 0 0 *)
G[R_,xx_]:=xx[[0]] + xx[[1]]/R | xx[[2]]*R
(* Fitting with shape 1 1 1 1 1 1 1 1 1 1 0 0 *)
G[R_,xx_]:=xx[[0]] + xx[[1]]/R | xx[[2]]*R
(* Fitting with shape 1 1 1 1 1 1 1 1 1 1 1 0 *)
G[R_,xx_]:=xx[[0]] + xx[[1]]/R | xx[[2]]*R
(* Fitting with shape 1 1 1 1 1 1 1 1 1 1 1 1 *)
G[R_,xx_]:=xx[[0]] + xx[[1]]/R | xx[[2]]*R
(* Fitting with shape 0 1 1 1 1 1 1 1 0 0 0 0 *)
G[R_,xx_]:=xx[[0]] + xx[[1]]/R | xx[[2]]*R
(* Fitting with shape 0 1 1 1 1 1 1 1 1 0 0 0 *)
G[R_,xx_]:=xx[[0]] + xx[[1]]/R | xx[[2]]*R
(* Fitting with shape 0 1 1 1 1 1 1 1 1 1 0 0 *)
G[R_,xx_]:=xx[[0]] + xx[[1]]/R | xx[[2]]*R
(* Fitting with shape 0 1 1 1 1 1 1 1 1 1 1 0 *)
G[R_,xx_]:=xx[[0]] + xx[[1]]/R | xx[[2]]*R
(* Fitting with shape 0 1 1 1 1 1 1 1 1 1 1 1 *)
G[R_,xx_]:=xx[[0]] + xx[[1]]/R | xx[[2]]*R
(* Fitting with shape 0 0 1 1 1 1 1 1 0 0 0 0 *)
G[R_,xx_]:=xx[[0]] + xx[[1]]/R | xx[[2]]*R
(* Fitting with shape 0 0 1 1 1 1 1 1 1 0 0 0 *)
G[R_,xx_]:=xx[[0]] + xx[[1]]/R | xx[[2]]*R
(* Fitting with shape 0 0 1 1 1 1 1 1 1 1 0 0 *)
G[R_,xx_]:=xx[[0]] + xx[[1]]/R | xx[[2]]*R
(* Fitting with shape 0 0 1 1 1 1 1 1 1 1 1 0 *)
G[R_,xx_]:=xx[[0]] + xx[[1]]/R | xx[[2]]*R
(* Fitting with shape 0 0 1 1 1 1 1 1 1 1 1 1 *)
G[R_,xx_]:=xx[[0]] + xx[[1]]/R | xx[[2]]*R
(* Fitting with shape 0 0 0 1 1 1 1 1 0 0 0 0 *)
G[R_,xx_]:=xx[[0]] + xx[[1]]/R | xx[[2]]*R
(* Fitting with shape 0 0 0 1 1 1 1 1 1 0 0 0 *)
G[R_,xx_]:=xx[[0]] + xx[[1]]/R | xx[[2]]*R
(* Fitting with shape 0 0 0 1 1 1 1 1 1 1 0 0 *)
G[R_,xx_]:=xx[[0]] + xx[[1]]/R | xx[[2]]*R
(* Fitting with shape 0 0 0 1 1 1 1 1 1 1 1 0 *)
G[R_,xx_]:=xx[[0]] + xx[[1]]/R | xx[[2]]*R
(* Fitting with shape 0 0 0 1 1 1 1 1 1 1 1 1 *)
G[R_,xx_]:=xx[[0]] + xx[[1]]/R | xx[[2]]*R
0.71629 0.71629 0.71629 
-0.0892492 -0.0892492 -0.0892492 
1 1 1 
-28.8099 -28.8099 -28.8099 
-88.544 -88.544 -88.544 
5.03038e+175 5.03038e+175 5.03038e+175 
3.5936e+246 3.5936e+246 3.5936e+246 
2.14726e+243 2.14726e+243 2.14726e+243 
-493.563 -493.563 -493.563 
2.42092e-322 2.42092e-322 2.42092e-322 
3.02552e-316 3.02552e-316 3.02552e-316 
1 1 1 
1 1 1 
-28.8099 -28.8099 -28.8099 
0 0 0 
4.00193e-322 4.00193e-322 4.00193e-322 
-3.66609 -3.66609 -3.66609 
2.99579e-316 2.99579e-316 2.99579e-316 
3.08154e-316 3.08154e-316 3.08154e-316 
-17.6881 -17.6881 -17.6881 
3.0697e-316 3.0697e-316 3.0697e-316 
3.06668e-316 3.06668e-316 3.06668e-316 
1.40645 1.40645 1.40645 
727.627 727.627 727.627 
0 0 0 
2.42092e-322 2.42092e-322 2.42092e-322 
3.02041e-316 3.02041e-316 3.02041e-316 
-11.5917 -11.5917 -11.5917 
0.25 0.25 0.25 
0 0 0 
-88.544 -88.544 -88.544 
4.79244e-322 4.79244e-322 4.79244e-322 
2.985e-316 2.985e-316 2.985e-316 
6.94149e-310 6.94149e-310 6.94149e-310 
39.6291 39.6291 39.6291 
37.5429 37.5429 37.5429 
219.424 219.424 219.424 
-0.119679 -0.119679 -0.119679 
2.83161 2.83161 2.83161 
727.63 727.63 727.63 
30.9788 30.9788 30.9788 
48.8995 48.8995 48.8995 
0 0 0 
3.21143e-322 3.21143e-322 3.21143e-322 
3.02042e-316 3.02042e-316 3.02042e-316 
2.99358e-316 2.99358e-316 2.99358e-316 
2.90618e-05 2.90618e-05 2.90618e-05 
0.248234 0.248234 0.248234 
1.13626 1.13626 1.13626 
-0.00483284 -0.00483284 -0.00483284 
4.74303e-322 4.74303e-322 4.74303e-322 
2.122e-314 2.122e-314 2.122e-314 
3.19877e-316 3.19877e-316 3.19877e-316 
3.08278e-316 3.08278e-316 3.08278e-316 
Probabilities: 
       0        0        0        0        0        0        0        0        0        0        0        0        0        0        0        0        0        0        0        0        0        0        0        0        0        0        0        0        0        0        0        0        0        0        0        0        0        0        0        0        0        0        0        0        0        0        0        0        0        0        0 0.418433 0.174333 0.407233

String tensions: 
           1            1            1            1            1            1            1            1            1     0.544096     0.542406     0.542375     -1.85421    -0.901183    -0.927584    -0.142313     -3.50668     -2.16897      39.1033      23.1181      20.7894      87.3009      12.5997      386.995      821.874       643.41      1340.46      4.73406     0.674923     0.675443      1.03928      1.04978      1.01312     0.766733 -0.000615325    0.0497753      1.50074      1.27096         1.17      1.02298     0.999893     0.998538    0.0285409     0.998859     0.177863    0.0166613     0.036571    0.0371556    0.0519995    -0.107745    -0.123025     0.147227    0.0958205    0.0933106

Errors: 
         0          0          0    5792.62    5792.62    5792.62    5792.62    5792.62    5792.62          0          0          0          0   0.287879   0.275676    2.13667          0   0.463932    1.10047          0  0.0979796     10.974    2.02667    54.7755          0     66.916          0          0          0          0          0          0          0          0          0          0          0          0          0          0          0          0  0.0135856          0          1 0.00232911 0.00658371  0.0065583    232.474    3.14796    3.28766   0.016956  0.0122267  0.0120279

Statuses: 
3 3 3 0 0 0 0 0 0 3 3 3 3 0 0 0 3 0 3 3 0 0 0 0 3 0 3 3 3 3 2 2 2 3 3 3 2 2 2 2 2 2 0 2 3 1 0 0 3 3 3 0 0 0
chisq per dof: 
 86.1457  79.5201  71.3532  3.48834  7.67062  6.99747  4.15641  8.52139  7.59179    37.31  32.4095   29.113  148.847  6.94196  6.28875   4.1556  244.497   6.6863  223.458  271.731  7.92449  3.65243   7.9546  7.44754  299.217  8.74949  222.629  296.783  273.309  243.187  345.602  306.602  268.552  412.931  350.897  303.247   302.27   273.55  243.393  345.603  306.602  268.553  3.47522  356.231  301.357  2.68097  3.46607  3.09115  317.632   246.26  164.582 0.449587 0.999839 0.900314
Model string tension and errors: 
sigma = 0.116308 +/- 0.0298972
