R=0parameters: 
-0.635953 -0.635953 
0.0752496 0.0752496 
1.21382e-10 1.21382e-10 
1.63042e-322 1.63042e-322 
2.58414e-316 2.58414e-316 
2.05708e-06 2.05708e-06 
1.58101e-322 1.58101e-322 
5.53354e-322 5.53354e-322 
1 1 
3.21143e-322 3.21143e-322 3.21143e-322 
1.18576e-322 1.18576e-322 1.18576e-322 
2.6047e-316 2.6047e-316 2.6047e-316 
6.65426e+246 6.65426e+246 6.65426e+246 
6.44212e+170 6.44212e+170 6.44212e+170 
5.02621e+180 5.02621e+180 5.02621e+180 
0 0 0 
3.55727e-321 3.55727e-321 3.55727e-321 
3.21143e-322 3.21143e-322 3.21143e-322 
1.18576e-322 1.18576e-322 1.18576e-322 1.18576e-322 
2.59938e-316 2.59938e-316 2.59938e-316 2.59938e-316 
8.78937e+252 8.78937e+252 8.78937e+252 8.78937e+252 
9.4873e+170 9.4873e+170 9.4873e+170 9.4873e+170 
3.0581e-57 3.0581e-57 3.0581e-57 3.0581e-57 
0 0 0 0 
4.94066e-324 4.94066e-324 4.94066e-324 4.94066e-324 
3.21143e-322 3.21143e-322 3.21143e-322 3.21143e-322 
1.67982e-322 1.67982e-322 1.67982e-322 1.67982e-322 
2.59938e-316 2.59938e-316 2.59938e-316 
2.55173e+151 2.55173e+151 2.55173e+151 
4.94173e-27 4.94173e-27 4.94173e-27 
1.91084e+214 1.91084e+214 1.91084e+214 
5.64671e-67 5.64671e-67 5.64671e-67 
6.72868e-320 6.72868e-320 6.72868e-320 
3.21143e-322 3.21143e-322 3.21143e-322 
1.92686e-322 1.92686e-322 1.92686e-322 
2.59938e-316 2.59938e-316 2.59938e-316 
2.55173e+151 2.55173e+151 2.55173e+151 2.55173e+151 
4.94173e-27 4.94173e-27 4.94173e-27 4.94173e-27 
1.91084e+214 1.91084e+214 1.91084e+214 1.91084e+214 
8.76662e+164 8.76662e+164 8.76662e+164 8.76662e+164 
1.23492e-307 1.23492e-307 1.23492e-307 1.23492e-307 
9.53547e-322 9.53547e-322 9.53547e-322 9.53547e-322 
6.37888e-320 6.37888e-320 6.37888e-320 6.37888e-320 
-2.08206e-275 -2.08206e-275 -2.08206e-275 -2.08206e-275 
2.60906e-316 2.60906e-316 2.60906e-316 2.60906e-316 
0 0 0 0 0 
2.37479e-316 2.37479e-316 2.37479e-316 2.37479e-316 2.37479e-316 
1.92686e-322 1.92686e-322 1.92686e-322 1.92686e-322 1.92686e-322 
2.6234e-316 2.6234e-316 2.6234e-316 2.6234e-316 2.6234e-316 
0 0 0 0 0 
2.61301e-316 2.61301e-316 2.61301e-316 2.61301e-316 2.61301e-316 
4.00193e-322 4.00193e-322 4.00193e-322 4.00193e-322 4.00193e-322 
6.89882e-310 6.89882e-310 6.89882e-310 6.89882e-310 6.89882e-310 
2.59551e-316 2.59551e-316 2.59551e-316 2.59551e-316 2.59551e-316 
R=1parameters: 
-0.525612 -0.525612 
0.121801 0.121801 
-6.75924e-06 -6.75924e-06 
0.0994611 0.0994611 
-0.073199 -0.073199 
5.03038e+175 5.03038e+175 
3.5936e+246 3.5936e+246 
2.14726e+243 2.14726e+243 
5.97819e-322 5.97819e-322 
2.42092e-322 2.42092e-322 2.42092e-322 
7.90505e-323 7.90505e-323 7.90505e-323 
1.3131e+213 1.3131e+213 1.3131e+213 
1.04124e-47 1.04124e-47 1.04124e-47 
1.00085e+65 1.00085e+65 1.00085e+65 
3.93166e-312 3.93166e-312 3.93166e-312 
2.42092e-322 2.42092e-322 2.42092e-322 
8.39912e-323 8.39912e-323 8.39912e-323 
1.3131e+213 1.3131e+213 1.3131e+213 
5.05907e-85 5.05907e-85 5.05907e-85 5.05907e-85 
2.122e-314 2.122e-314 2.122e-314 2.122e-314 
2.37152e-322 2.37152e-322 2.37152e-322 2.37152e-322 
4.00193e-322 4.00193e-322 4.00193e-322 4.00193e-322 
6.89882e-310 6.89882e-310 6.89882e-310 6.89882e-310 
2.57014e-316 2.57014e-316 2.57014e-316 2.57014e-316 
2.61799e-316 2.61799e-316 2.61799e-316 2.61799e-316 
2.65565e-316 2.65565e-316 2.65565e-316 2.65565e-316 
2.37478e-316 2.37478e-316 2.37478e-316 2.37478e-316 
2.02567e-322 2.02567e-322 2.02567e-322 
2.62332e-316 2.62332e-316 2.62332e-316 
0 0 0 
0 0 0 
4.00193e-322 4.00193e-322 4.00193e-322 
6.89882e-310 6.89882e-310 6.89882e-310 
2.61799e-316 2.61799e-316 2.61799e-316 
0 0 0 
0 0 0 
2.37478e-316 2.37478e-316 2.37478e-316 2.37478e-316 
1.5316e-322 1.5316e-322 1.5316e-322 1.5316e-322 
2.62338e-316 2.62338e-316 2.62338e-316 2.62338e-316 
0 0 0 0 
0 0 0 0 
4.00193e-322 4.00193e-322 4.00193e-322 4.00193e-322 
6.89882e-310 6.89882e-310 6.89882e-310 6.89882e-310 
2.65578e-316 2.65578e-316 2.65578e-316 2.65578e-316 
2.65579e-316 2.65579e-316 2.65579e-316 2.65579e-316 
0 0 0 0 0 
2.37479e-316 2.37479e-316 2.37479e-316 2.37479e-316 2.37479e-316 
1.92686e-322 1.92686e-322 1.92686e-322 1.92686e-322 1.92686e-322 
2.6234e-316 2.6234e-316 2.6234e-316 2.6234e-316 2.6234e-316 
0 0 0 0 0 
2.61301e-316 2.61301e-316 2.61301e-316 2.61301e-316 2.61301e-316 
4.00193e-322 4.00193e-322 4.00193e-322 4.00193e-322 4.00193e-322 
6.89882e-310 6.89882e-310 6.89882e-310 6.89882e-310 6.89882e-310 
2.59551e-316 2.59551e-316 2.59551e-316 2.59551e-316 2.59551e-316 
R=2parameters: 
-0.398863 -0.398863 
0.160833 0.160833 
-0.121094 -0.121094 
0.666747 0.666747 
-10.0546 -10.0546 
5.03038e+175 5.03038e+175 
3.5936e+246 3.5936e+246 
2.14726e+243 2.14726e+243 
5.97819e-322 5.97819e-322 
2.42092e-322 2.42092e-322 2.42092e-322 
7.90505e-323 7.90505e-323 7.90505e-323 
1.3131e+213 1.3131e+213 1.3131e+213 
1.04124e-47 1.04124e-47 1.04124e-47 
1.00085e+65 1.00085e+65 1.00085e+65 
3.93166e-312 3.93166e-312 3.93166e-312 
2.42092e-322 2.42092e-322 2.42092e-322 
8.39912e-323 8.39912e-323 8.39912e-323 
1.3131e+213 1.3131e+213 1.3131e+213 
5.05907e-85 5.05907e-85 5.05907e-85 5.05907e-85 
2.122e-314 2.122e-314 2.122e-314 2.122e-314 
2.37152e-322 2.37152e-322 2.37152e-322 2.37152e-322 
4.00193e-322 4.00193e-322 4.00193e-322 4.00193e-322 
6.89882e-310 6.89882e-310 6.89882e-310 6.89882e-310 
2.57014e-316 2.57014e-316 2.57014e-316 2.57014e-316 
2.61799e-316 2.61799e-316 2.61799e-316 2.61799e-316 
2.65565e-316 2.65565e-316 2.65565e-316 2.65565e-316 
2.37478e-316 2.37478e-316 2.37478e-316 2.37478e-316 
2.02567e-322 2.02567e-322 2.02567e-322 
2.62332e-316 2.62332e-316 2.62332e-316 
0 0 0 
0 0 0 
4.00193e-322 4.00193e-322 4.00193e-322 
6.89882e-310 6.89882e-310 6.89882e-310 
2.61799e-316 2.61799e-316 2.61799e-316 
0 0 0 
0 0 0 
2.37478e-316 2.37478e-316 2.37478e-316 2.37478e-316 
1.5316e-322 1.5316e-322 1.5316e-322 1.5316e-322 
2.62338e-316 2.62338e-316 2.62338e-316 2.62338e-316 
0 0 0 0 
0 0 0 0 
4.00193e-322 4.00193e-322 4.00193e-322 4.00193e-322 
6.89882e-310 6.89882e-310 6.89882e-310 6.89882e-310 
2.65578e-316 2.65578e-316 2.65578e-316 2.65578e-316 
2.65579e-316 2.65579e-316 2.65579e-316 2.65579e-316 
0 0 0 0 0 
2.37479e-316 2.37479e-316 2.37479e-316 2.37479e-316 2.37479e-316 
1.92686e-322 1.92686e-322 1.92686e-322 1.92686e-322 1.92686e-322 
2.6234e-316 2.6234e-316 2.6234e-316 2.6234e-316 2.6234e-316 
0 0 0 0 0 
2.61301e-316 2.61301e-316 2.61301e-316 2.61301e-316 2.61301e-316 
4.00193e-322 4.00193e-322 4.00193e-322 4.00193e-322 4.00193e-322 
6.89882e-310 6.89882e-310 6.89882e-310 6.89882e-310 6.89882e-310 
2.59551e-316 2.59551e-316 2.59551e-316 2.59551e-316 2.59551e-316 
R=3parameters: 
-0.269275 -0.269275 
0.198063 0.198063 
-0.0457324 -0.0457324 
-0.378631 -0.378631 
-4.61718 -4.61718 
5.03038e+175 5.03038e+175 
3.5936e+246 3.5936e+246 
2.14726e+243 2.14726e+243 
5.97819e-322 5.97819e-322 
2.42092e-322 2.42092e-322 2.42092e-322 
7.90505e-323 7.90505e-323 7.90505e-323 
1.3131e+213 1.3131e+213 1.3131e+213 
1.04124e-47 1.04124e-47 1.04124e-47 
1.00085e+65 1.00085e+65 1.00085e+65 
3.93166e-312 3.93166e-312 3.93166e-312 
2.42092e-322 2.42092e-322 2.42092e-322 
8.39912e-323 8.39912e-323 8.39912e-323 
1.3131e+213 1.3131e+213 1.3131e+213 
5.05907e-85 5.05907e-85 5.05907e-85 5.05907e-85 
2.122e-314 2.122e-314 2.122e-314 2.122e-314 
2.37152e-322 2.37152e-322 2.37152e-322 2.37152e-322 
4.00193e-322 4.00193e-322 4.00193e-322 4.00193e-322 
6.89882e-310 6.89882e-310 6.89882e-310 6.89882e-310 
2.57014e-316 2.57014e-316 2.57014e-316 2.57014e-316 
2.61799e-316 2.61799e-316 2.61799e-316 2.61799e-316 
2.65565e-316 2.65565e-316 2.65565e-316 2.65565e-316 
2.37478e-316 2.37478e-316 2.37478e-316 2.37478e-316 
2.02567e-322 2.02567e-322 2.02567e-322 
2.62332e-316 2.62332e-316 2.62332e-316 
0 0 0 
0 0 0 
4.00193e-322 4.00193e-322 4.00193e-322 
6.89882e-310 6.89882e-310 6.89882e-310 
2.61799e-316 2.61799e-316 2.61799e-316 
0 0 0 
0 0 0 
2.37478e-316 2.37478e-316 2.37478e-316 2.37478e-316 
1.5316e-322 1.5316e-322 1.5316e-322 1.5316e-322 
2.62338e-316 2.62338e-316 2.62338e-316 2.62338e-316 
0 0 0 0 
0 0 0 0 
4.00193e-322 4.00193e-322 4.00193e-322 4.00193e-322 
6.89882e-310 6.89882e-310 6.89882e-310 6.89882e-310 
2.65578e-316 2.65578e-316 2.65578e-316 2.65578e-316 
2.65579e-316 2.65579e-316 2.65579e-316 2.65579e-316 
0 0 0 0 0 
2.37479e-316 2.37479e-316 2.37479e-316 2.37479e-316 2.37479e-316 
1.92686e-322 1.92686e-322 1.92686e-322 1.92686e-322 1.92686e-322 
2.6234e-316 2.6234e-316 2.6234e-316 2.6234e-316 2.6234e-316 
0 0 0 0 0 
2.61301e-316 2.61301e-316 2.61301e-316 2.61301e-316 2.61301e-316 
4.00193e-322 4.00193e-322 4.00193e-322 4.00193e-322 4.00193e-322 
6.89882e-310 6.89882e-310 6.89882e-310 6.89882e-310 6.89882e-310 
2.59551e-316 2.59551e-316 2.59551e-316 2.59551e-316 2.59551e-316 
R=4parameters: 
-0.141819 -0.141819 
0.234964 0.234964 
-0.0437842 -0.0437842 
11.033 11.033 
-35.1571 -35.1571 
5.03038e+175 5.03038e+175 
3.5936e+246 3.5936e+246 
2.14726e+243 2.14726e+243 
5.97819e-322 5.97819e-322 
2.42092e-322 2.42092e-322 2.42092e-322 
7.90505e-323 7.90505e-323 7.90505e-323 
1.3131e+213 1.3131e+213 1.3131e+213 
1.04124e-47 1.04124e-47 1.04124e-47 
1.00085e+65 1.00085e+65 1.00085e+65 
3.93166e-312 3.93166e-312 3.93166e-312 
2.42092e-322 2.42092e-322 2.42092e-322 
8.39912e-323 8.39912e-323 8.39912e-323 
1.3131e+213 1.3131e+213 1.3131e+213 
5.05907e-85 5.05907e-85 5.05907e-85 5.05907e-85 
2.122e-314 2.122e-314 2.122e-314 2.122e-314 
2.37152e-322 2.37152e-322 2.37152e-322 2.37152e-322 
4.00193e-322 4.00193e-322 4.00193e-322 4.00193e-322 
6.89882e-310 6.89882e-310 6.89882e-310 6.89882e-310 
2.57014e-316 2.57014e-316 2.57014e-316 2.57014e-316 
2.61799e-316 2.61799e-316 2.61799e-316 2.61799e-316 
2.65565e-316 2.65565e-316 2.65565e-316 2.65565e-316 
2.37478e-316 2.37478e-316 2.37478e-316 2.37478e-316 
2.02567e-322 2.02567e-322 2.02567e-322 
2.62332e-316 2.62332e-316 2.62332e-316 
0 0 0 
0 0 0 
4.00193e-322 4.00193e-322 4.00193e-322 
6.89882e-310 6.89882e-310 6.89882e-310 
2.61799e-316 2.61799e-316 2.61799e-316 
0 0 0 
0 0 0 
2.37478e-316 2.37478e-316 2.37478e-316 2.37478e-316 
1.5316e-322 1.5316e-322 1.5316e-322 1.5316e-322 
2.62338e-316 2.62338e-316 2.62338e-316 2.62338e-316 
0 0 0 0 
0 0 0 0 
4.00193e-322 4.00193e-322 4.00193e-322 4.00193e-322 
6.89882e-310 6.89882e-310 6.89882e-310 6.89882e-310 
2.65578e-316 2.65578e-316 2.65578e-316 2.65578e-316 
2.65579e-316 2.65579e-316 2.65579e-316 2.65579e-316 
0 0 0 0 0 
2.37479e-316 2.37479e-316 2.37479e-316 2.37479e-316 2.37479e-316 
1.92686e-322 1.92686e-322 1.92686e-322 1.92686e-322 1.92686e-322 
2.6234e-316 2.6234e-316 2.6234e-316 2.6234e-316 2.6234e-316 
0 0 0 0 0 
2.61301e-316 2.61301e-316 2.61301e-316 2.61301e-316 2.61301e-316 
4.00193e-322 4.00193e-322 4.00193e-322 4.00193e-322 4.00193e-322 
6.89882e-310 6.89882e-310 6.89882e-310 6.89882e-310 6.89882e-310 
2.59551e-316 2.59551e-316 2.59551e-316 2.59551e-316 2.59551e-316 
R=5parameters: 
-0.029534 -0.029534 
0.272912 0.272912 
-0.000555152 -0.000555152 
0.387648 0.387648 
0.0159363 0.0159363 
5.03038e+175 5.03038e+175 
3.5936e+246 3.5936e+246 
2.14726e+243 2.14726e+243 
5.97819e-322 5.97819e-322 
2.42092e-322 2.42092e-322 2.42092e-322 
7.90505e-323 7.90505e-323 7.90505e-323 
1.3131e+213 1.3131e+213 1.3131e+213 
1.04124e-47 1.04124e-47 1.04124e-47 
1.00085e+65 1.00085e+65 1.00085e+65 
3.93166e-312 3.93166e-312 3.93166e-312 
2.42092e-322 2.42092e-322 2.42092e-322 
8.39912e-323 8.39912e-323 8.39912e-323 
1.3131e+213 1.3131e+213 1.3131e+213 
5.05907e-85 5.05907e-85 5.05907e-85 5.05907e-85 
2.122e-314 2.122e-314 2.122e-314 2.122e-314 
2.37152e-322 2.37152e-322 2.37152e-322 2.37152e-322 
4.00193e-322 4.00193e-322 4.00193e-322 4.00193e-322 
6.89882e-310 6.89882e-310 6.89882e-310 6.89882e-310 
2.57014e-316 2.57014e-316 2.57014e-316 2.57014e-316 
2.61799e-316 2.61799e-316 2.61799e-316 2.61799e-316 
2.65565e-316 2.65565e-316 2.65565e-316 2.65565e-316 
2.37478e-316 2.37478e-316 2.37478e-316 2.37478e-316 
2.02567e-322 2.02567e-322 2.02567e-322 
2.62332e-316 2.62332e-316 2.62332e-316 
0 0 0 
0 0 0 
4.00193e-322 4.00193e-322 4.00193e-322 
6.89882e-310 6.89882e-310 6.89882e-310 
2.61799e-316 2.61799e-316 2.61799e-316 
0 0 0 
0 0 0 
2.37478e-316 2.37478e-316 2.37478e-316 2.37478e-316 
1.5316e-322 1.5316e-322 1.5316e-322 1.5316e-322 
2.62338e-316 2.62338e-316 2.62338e-316 2.62338e-316 
0 0 0 0 
0 0 0 0 
4.00193e-322 4.00193e-322 4.00193e-322 4.00193e-322 
6.89882e-310 6.89882e-310 6.89882e-310 6.89882e-310 
2.65578e-316 2.65578e-316 2.65578e-316 2.65578e-316 
2.65579e-316 2.65579e-316 2.65579e-316 2.65579e-316 
0 0 0 0 0 
2.37479e-316 2.37479e-316 2.37479e-316 2.37479e-316 2.37479e-316 
1.92686e-322 1.92686e-322 1.92686e-322 1.92686e-322 1.92686e-322 
2.6234e-316 2.6234e-316 2.6234e-316 2.6234e-316 2.6234e-316 
0 0 0 0 0 
2.61301e-316 2.61301e-316 2.61301e-316 2.61301e-316 2.61301e-316 
4.00193e-322 4.00193e-322 4.00193e-322 4.00193e-322 4.00193e-322 
6.89882e-310 6.89882e-310 6.89882e-310 6.89882e-310 6.89882e-310 
2.59551e-316 2.59551e-316 2.59551e-316 2.59551e-316 2.59551e-316 
R=6parameters: 
0.0660648 0.0660648 
0.315737 0.315737 
-0.000869995 -0.000869995 
0.332967 0.332967 
0.241683 0.241683 
5.03038e+175 5.03038e+175 
3.5936e+246 3.5936e+246 
2.14726e+243 2.14726e+243 
5.97819e-322 5.97819e-322 
2.42092e-322 2.42092e-322 2.42092e-322 
7.90505e-323 7.90505e-323 7.90505e-323 
1.3131e+213 1.3131e+213 1.3131e+213 
1.04124e-47 1.04124e-47 1.04124e-47 
1.00085e+65 1.00085e+65 1.00085e+65 
3.93166e-312 3.93166e-312 3.93166e-312 
2.42092e-322 2.42092e-322 2.42092e-322 
8.39912e-323 8.39912e-323 8.39912e-323 
1.3131e+213 1.3131e+213 1.3131e+213 
5.05907e-85 5.05907e-85 5.05907e-85 5.05907e-85 
2.122e-314 2.122e-314 2.122e-314 2.122e-314 
2.37152e-322 2.37152e-322 2.37152e-322 2.37152e-322 
4.00193e-322 4.00193e-322 4.00193e-322 4.00193e-322 
6.89882e-310 6.89882e-310 6.89882e-310 6.89882e-310 
2.57014e-316 2.57014e-316 2.57014e-316 2.57014e-316 
2.61799e-316 2.61799e-316 2.61799e-316 2.61799e-316 
2.65565e-316 2.65565e-316 2.65565e-316 2.65565e-316 
2.37478e-316 2.37478e-316 2.37478e-316 2.37478e-316 
2.02567e-322 2.02567e-322 2.02567e-322 
2.62332e-316 2.62332e-316 2.62332e-316 
0 0 0 
0 0 0 
4.00193e-322 4.00193e-322 4.00193e-322 
6.89882e-310 6.89882e-310 6.89882e-310 
2.61799e-316 2.61799e-316 2.61799e-316 
0 0 0 
0 0 0 
2.37478e-316 2.37478e-316 2.37478e-316 2.37478e-316 
1.5316e-322 1.5316e-322 1.5316e-322 1.5316e-322 
2.62338e-316 2.62338e-316 2.62338e-316 2.62338e-316 
0 0 0 0 
0 0 0 0 
4.00193e-322 4.00193e-322 4.00193e-322 4.00193e-322 
6.89882e-310 6.89882e-310 6.89882e-310 6.89882e-310 
2.65578e-316 2.65578e-316 2.65578e-316 2.65578e-316 
2.65579e-316 2.65579e-316 2.65579e-316 2.65579e-316 
0 0 0 0 0 
2.37479e-316 2.37479e-316 2.37479e-316 2.37479e-316 2.37479e-316 
1.92686e-322 1.92686e-322 1.92686e-322 1.92686e-322 1.92686e-322 
2.6234e-316 2.6234e-316 2.6234e-316 2.6234e-316 2.6234e-316 
0 0 0 0 0 
2.61301e-316 2.61301e-316 2.61301e-316 2.61301e-316 2.61301e-316 
4.00193e-322 4.00193e-322 4.00193e-322 4.00193e-322 4.00193e-322 
6.89882e-310 6.89882e-310 6.89882e-310 6.89882e-310 6.89882e-310 
2.59551e-316 2.59551e-316 2.59551e-316 2.59551e-316 2.59551e-316 
R=7parameters: 
0.134326 0.134326 
0.363426 0.363426 
-0.0396893 -0.0396893 
-5.48474 -5.48474 
8.64237 8.64237 
5.03038e+175 5.03038e+175 
3.5936e+246 3.5936e+246 
2.14726e+243 2.14726e+243 
5.97819e-322 5.97819e-322 
2.42092e-322 2.42092e-322 2.42092e-322 
7.90505e-323 7.90505e-323 7.90505e-323 
1.3131e+213 1.3131e+213 1.3131e+213 
1.04124e-47 1.04124e-47 1.04124e-47 
1.00085e+65 1.00085e+65 1.00085e+65 
3.93166e-312 3.93166e-312 3.93166e-312 
2.42092e-322 2.42092e-322 2.42092e-322 
8.39912e-323 8.39912e-323 8.39912e-323 
1.3131e+213 1.3131e+213 1.3131e+213 
5.05907e-85 5.05907e-85 5.05907e-85 5.05907e-85 
2.122e-314 2.122e-314 2.122e-314 2.122e-314 
2.37152e-322 2.37152e-322 2.37152e-322 2.37152e-322 
4.00193e-322 4.00193e-322 4.00193e-322 4.00193e-322 
6.89882e-310 6.89882e-310 6.89882e-310 6.89882e-310 
2.57014e-316 2.57014e-316 2.57014e-316 2.57014e-316 
2.61799e-316 2.61799e-316 2.61799e-316 2.61799e-316 
2.65565e-316 2.65565e-316 2.65565e-316 2.65565e-316 
2.37478e-316 2.37478e-316 2.37478e-316 2.37478e-316 
2.02567e-322 2.02567e-322 2.02567e-322 
2.62332e-316 2.62332e-316 2.62332e-316 
0 0 0 
0 0 0 
4.00193e-322 4.00193e-322 4.00193e-322 
6.89882e-310 6.89882e-310 6.89882e-310 
2.61799e-316 2.61799e-316 2.61799e-316 
0 0 0 
0 0 0 
2.37478e-316 2.37478e-316 2.37478e-316 2.37478e-316 
1.5316e-322 1.5316e-322 1.5316e-322 1.5316e-322 
2.62338e-316 2.62338e-316 2.62338e-316 2.62338e-316 
0 0 0 0 
0 0 0 0 
4.00193e-322 4.00193e-322 4.00193e-322 4.00193e-322 
6.89882e-310 6.89882e-310 6.89882e-310 6.89882e-310 
2.65578e-316 2.65578e-316 2.65578e-316 2.65578e-316 
2.65579e-316 2.65579e-316 2.65579e-316 2.65579e-316 
0 0 0 0 0 
2.37479e-316 2.37479e-316 2.37479e-316 2.37479e-316 2.37479e-316 
1.92686e-322 1.92686e-322 1.92686e-322 1.92686e-322 1.92686e-322 
2.6234e-316 2.6234e-316 2.6234e-316 2.6234e-316 2.6234e-316 
0 0 0 0 0 
2.61301e-316 2.61301e-316 2.61301e-316 2.61301e-316 2.61301e-316 
4.00193e-322 4.00193e-322 4.00193e-322 4.00193e-322 4.00193e-322 
6.89882e-310 6.89882e-310 6.89882e-310 6.89882e-310 6.89882e-310 
2.59551e-316 2.59551e-316 2.59551e-316 2.59551e-316 2.59551e-316 
R=8parameters: 
0.179693 0.179693 
0.412964 0.412964 
-0.00228941 -0.00228941 
-0.209149 -0.209149 
1.13241 1.13241 
5.03038e+175 5.03038e+175 
3.5936e+246 3.5936e+246 
2.14726e+243 2.14726e+243 
5.97819e-322 5.97819e-322 
2.42092e-322 2.42092e-322 2.42092e-322 
7.90505e-323 7.90505e-323 7.90505e-323 
1.3131e+213 1.3131e+213 1.3131e+213 
1.04124e-47 1.04124e-47 1.04124e-47 
1.00085e+65 1.00085e+65 1.00085e+65 
3.93166e-312 3.93166e-312 3.93166e-312 
2.42092e-322 2.42092e-322 2.42092e-322 
8.39912e-323 8.39912e-323 8.39912e-323 
1.3131e+213 1.3131e+213 1.3131e+213 
5.05907e-85 5.05907e-85 5.05907e-85 5.05907e-85 
2.122e-314 2.122e-314 2.122e-314 2.122e-314 
2.37152e-322 2.37152e-322 2.37152e-322 2.37152e-322 
4.00193e-322 4.00193e-322 4.00193e-322 4.00193e-322 
6.89882e-310 6.89882e-310 6.89882e-310 6.89882e-310 
2.57014e-316 2.57014e-316 2.57014e-316 2.57014e-316 
2.61799e-316 2.61799e-316 2.61799e-316 2.61799e-316 
2.65565e-316 2.65565e-316 2.65565e-316 2.65565e-316 
2.37478e-316 2.37478e-316 2.37478e-316 2.37478e-316 
2.02567e-322 2.02567e-322 2.02567e-322 
2.62332e-316 2.62332e-316 2.62332e-316 
0 0 0 
0 0 0 
4.00193e-322 4.00193e-322 4.00193e-322 
6.89882e-310 6.89882e-310 6.89882e-310 
2.61799e-316 2.61799e-316 2.61799e-316 
0 0 0 
0 0 0 
2.37478e-316 2.37478e-316 2.37478e-316 2.37478e-316 
1.5316e-322 1.5316e-322 1.5316e-322 1.5316e-322 
2.62338e-316 2.62338e-316 2.62338e-316 2.62338e-316 
0 0 0 0 
0 0 0 0 
4.00193e-322 4.00193e-322 4.00193e-322 4.00193e-322 
6.89882e-310 6.89882e-310 6.89882e-310 6.89882e-310 
2.65578e-316 2.65578e-316 2.65578e-316 2.65578e-316 
2.65579e-316 2.65579e-316 2.65579e-316 2.65579e-316 
0 0 0 0 0 
2.37479e-316 2.37479e-316 2.37479e-316 2.37479e-316 2.37479e-316 
1.92686e-322 1.92686e-322 1.92686e-322 1.92686e-322 1.92686e-322 
2.6234e-316 2.6234e-316 2.6234e-316 2.6234e-316 2.6234e-316 
0 0 0 0 0 
2.61301e-316 2.61301e-316 2.61301e-316 2.61301e-316 2.61301e-316 
4.00193e-322 4.00193e-322 4.00193e-322 4.00193e-322 4.00193e-322 
6.89882e-310 6.89882e-310 6.89882e-310 6.89882e-310 6.89882e-310 
2.59551e-316 2.59551e-316 2.59551e-316 2.59551e-316 2.59551e-316 
R=9parameters: 
0.205136 0.205136 
0.460514 0.460514 
-0.0287948 -0.0287948 
-6.38211 -6.38211 
11.0182 11.0182 
5.03038e+175 5.03038e+175 
3.5936e+246 3.5936e+246 
2.14726e+243 2.14726e+243 
5.97819e-322 5.97819e-322 
2.42092e-322 2.42092e-322 2.42092e-322 
7.90505e-323 7.90505e-323 7.90505e-323 
1.3131e+213 1.3131e+213 1.3131e+213 
1.04124e-47 1.04124e-47 1.04124e-47 
1.00085e+65 1.00085e+65 1.00085e+65 
3.93166e-312 3.93166e-312 3.93166e-312 
2.42092e-322 2.42092e-322 2.42092e-322 
8.39912e-323 8.39912e-323 8.39912e-323 
1.3131e+213 1.3131e+213 1.3131e+213 
5.05907e-85 5.05907e-85 5.05907e-85 5.05907e-85 
2.122e-314 2.122e-314 2.122e-314 2.122e-314 
2.37152e-322 2.37152e-322 2.37152e-322 2.37152e-322 
4.00193e-322 4.00193e-322 4.00193e-322 4.00193e-322 
6.89882e-310 6.89882e-310 6.89882e-310 6.89882e-310 
2.57014e-316 2.57014e-316 2.57014e-316 2.57014e-316 
2.61799e-316 2.61799e-316 2.61799e-316 2.61799e-316 
2.65565e-316 2.65565e-316 2.65565e-316 2.65565e-316 
2.37478e-316 2.37478e-316 2.37478e-316 2.37478e-316 
2.02567e-322 2.02567e-322 2.02567e-322 
2.62332e-316 2.62332e-316 2.62332e-316 
0 0 0 
0 0 0 
4.00193e-322 4.00193e-322 4.00193e-322 
6.89882e-310 6.89882e-310 6.89882e-310 
2.61799e-316 2.61799e-316 2.61799e-316 
0 0 0 
0 0 0 
2.37478e-316 2.37478e-316 2.37478e-316 2.37478e-316 
1.5316e-322 1.5316e-322 1.5316e-322 1.5316e-322 
2.62338e-316 2.62338e-316 2.62338e-316 2.62338e-316 
0 0 0 0 
0 0 0 0 
4.00193e-322 4.00193e-322 4.00193e-322 4.00193e-322 
6.89882e-310 6.89882e-310 6.89882e-310 6.89882e-310 
2.65578e-316 2.65578e-316 2.65578e-316 2.65578e-316 
2.65579e-316 2.65579e-316 2.65579e-316 2.65579e-316 
0 0 0 0 0 
2.37479e-316 2.37479e-316 2.37479e-316 2.37479e-316 2.37479e-316 
1.92686e-322 1.92686e-322 1.92686e-322 1.92686e-322 1.92686e-322 
2.6234e-316 2.6234e-316 2.6234e-316 2.6234e-316 2.6234e-316 
0 0 0 0 0 
2.61301e-316 2.61301e-316 2.61301e-316 2.61301e-316 2.61301e-316 
4.00193e-322 4.00193e-322 4.00193e-322 4.00193e-322 4.00193e-322 
6.89882e-310 6.89882e-310 6.89882e-310 6.89882e-310 6.89882e-310 
2.59551e-316 2.59551e-316 2.59551e-316 2.59551e-316 2.59551e-316 
R=10parameters: 
0.216879 0.216879 
0.495425 0.495425 
-0.00349608 -0.00349608 
-0.581806 -0.581806 
1.6566 1.6566 
5.03038e+175 5.03038e+175 
3.5936e+246 3.5936e+246 
2.14726e+243 2.14726e+243 
5.97819e-322 5.97819e-322 
2.42092e-322 2.42092e-322 2.42092e-322 
7.90505e-323 7.90505e-323 7.90505e-323 
1.3131e+213 1.3131e+213 1.3131e+213 
1.04124e-47 1.04124e-47 1.04124e-47 
1.00085e+65 1.00085e+65 1.00085e+65 
3.93166e-312 3.93166e-312 3.93166e-312 
2.42092e-322 2.42092e-322 2.42092e-322 
8.39912e-323 8.39912e-323 8.39912e-323 
1.3131e+213 1.3131e+213 1.3131e+213 
5.05907e-85 5.05907e-85 5.05907e-85 5.05907e-85 
2.122e-314 2.122e-314 2.122e-314 2.122e-314 
2.37152e-322 2.37152e-322 2.37152e-322 2.37152e-322 
4.00193e-322 4.00193e-322 4.00193e-322 4.00193e-322 
6.89882e-310 6.89882e-310 6.89882e-310 6.89882e-310 
2.57014e-316 2.57014e-316 2.57014e-316 2.57014e-316 
2.61799e-316 2.61799e-316 2.61799e-316 2.61799e-316 
2.65565e-316 2.65565e-316 2.65565e-316 2.65565e-316 
2.37478e-316 2.37478e-316 2.37478e-316 2.37478e-316 
2.02567e-322 2.02567e-322 2.02567e-322 
2.62332e-316 2.62332e-316 2.62332e-316 
0 0 0 
0 0 0 
4.00193e-322 4.00193e-322 4.00193e-322 
6.89882e-310 6.89882e-310 6.89882e-310 
2.61799e-316 2.61799e-316 2.61799e-316 
0 0 0 
0 0 0 
2.37478e-316 2.37478e-316 2.37478e-316 2.37478e-316 
1.5316e-322 1.5316e-322 1.5316e-322 1.5316e-322 
2.62338e-316 2.62338e-316 2.62338e-316 2.62338e-316 
0 0 0 0 
0 0 0 0 
4.00193e-322 4.00193e-322 4.00193e-322 4.00193e-322 
6.89882e-310 6.89882e-310 6.89882e-310 6.89882e-310 
2.65578e-316 2.65578e-316 2.65578e-316 2.65578e-316 
2.65579e-316 2.65579e-316 2.65579e-316 2.65579e-316 
0 0 0 0 0 
2.37479e-316 2.37479e-316 2.37479e-316 2.37479e-316 2.37479e-316 
1.92686e-322 1.92686e-322 1.92686e-322 1.92686e-322 1.92686e-322 
2.6234e-316 2.6234e-316 2.6234e-316 2.6234e-316 2.6234e-316 
0 0 0 0 0 
2.61301e-316 2.61301e-316 2.61301e-316 2.61301e-316 2.61301e-316 
4.00193e-322 4.00193e-322 4.00193e-322 4.00193e-322 4.00193e-322 
6.89882e-310 6.89882e-310 6.89882e-310 6.89882e-310 6.89882e-310 
2.59551e-316 2.59551e-316 2.59551e-316 2.59551e-316 2.59551e-316 
R=11parameters: 
0.219121 0.219121 
0.50918 0.50918 
-0.0778699 -0.0778699 
3.29899 3.29899 
-14.5373 -14.5373 
5.03038e+175 5.03038e+175 
3.5936e+246 3.5936e+246 
2.14726e+243 2.14726e+243 
5.97819e-322 5.97819e-322 
2.42092e-322 2.42092e-322 2.42092e-322 
7.90505e-323 7.90505e-323 7.90505e-323 
1.3131e+213 1.3131e+213 1.3131e+213 
1.04124e-47 1.04124e-47 1.04124e-47 
1.00085e+65 1.00085e+65 1.00085e+65 
3.93166e-312 3.93166e-312 3.93166e-312 
2.42092e-322 2.42092e-322 2.42092e-322 
8.39912e-323 8.39912e-323 8.39912e-323 
1.3131e+213 1.3131e+213 1.3131e+213 
5.05907e-85 5.05907e-85 5.05907e-85 5.05907e-85 
2.122e-314 2.122e-314 2.122e-314 2.122e-314 
2.37152e-322 2.37152e-322 2.37152e-322 2.37152e-322 
4.00193e-322 4.00193e-322 4.00193e-322 4.00193e-322 
6.89882e-310 6.89882e-310 6.89882e-310 6.89882e-310 
2.57014e-316 2.57014e-316 2.57014e-316 2.57014e-316 
2.61799e-316 2.61799e-316 2.61799e-316 2.61799e-316 
2.65565e-316 2.65565e-316 2.65565e-316 2.65565e-316 
2.37478e-316 2.37478e-316 2.37478e-316 2.37478e-316 
2.02567e-322 2.02567e-322 2.02567e-322 
2.62332e-316 2.62332e-316 2.62332e-316 
0 0 0 
0 0 0 
4.00193e-322 4.00193e-322 4.00193e-322 
6.89882e-310 6.89882e-310 6.89882e-310 
2.61799e-316 2.61799e-316 2.61799e-316 
0 0 0 
0 0 0 
2.37478e-316 2.37478e-316 2.37478e-316 2.37478e-316 
1.5316e-322 1.5316e-322 1.5316e-322 1.5316e-322 
2.62338e-316 2.62338e-316 2.62338e-316 2.62338e-316 
0 0 0 0 
0 0 0 0 
4.00193e-322 4.00193e-322 4.00193e-322 4.00193e-322 
6.89882e-310 6.89882e-310 6.89882e-310 6.89882e-310 
2.65578e-316 2.65578e-316 2.65578e-316 2.65578e-316 
2.65579e-316 2.65579e-316 2.65579e-316 2.65579e-316 
0 0 0 0 0 
2.37479e-316 2.37479e-316 2.37479e-316 2.37479e-316 2.37479e-316 
1.92686e-322 1.92686e-322 1.92686e-322 1.92686e-322 1.92686e-322 
2.6234e-316 2.6234e-316 2.6234e-316 2.6234e-316 2.6234e-316 
0 0 0 0 0 
2.61301e-316 2.61301e-316 2.61301e-316 2.61301e-316 2.61301e-316 
4.00193e-322 4.00193e-322 4.00193e-322 4.00193e-322 4.00193e-322 
6.89882e-310 6.89882e-310 6.89882e-310 6.89882e-310 6.89882e-310 
2.59551e-316 2.59551e-316 2.59551e-316 2.59551e-316 2.59551e-316 
T Models:
(* Fitting with shape 1 1 1 1 1 1 1 1 1 1 0 0 *)
G[T_,xx_]:=Exp[0+xx[[1]]*T^1+xx[[2]]*T^2]*(1)
(* Fitting with shape 1 1 1 1 1 1 1 1 1 1 1 0 *)
G[T_,xx_]:=Exp[0+xx[[1]]*T^1+xx[[2]]*T^2]*(1)
(* Fitting with shape 1 1 1 1 1 1 1 1 1 1 1 1 *)
G[T_,xx_]:=Exp[0+xx[[1]]*T^1+xx[[2]]*T^2]*(1)
(* Fitting with shape 0 1 1 1 1 1 1 1 1 1 0 0 *)
G[T_,xx_]:=Exp[0+xx[[1]]*T^1+xx[[2]]*T^2]*(1)
(* Fitting with shape 0 1 1 1 1 1 1 1 1 1 1 0 *)
G[T_,xx_]:=Exp[0+xx[[1]]*T^1+xx[[2]]*T^2]*(1)
(* Fitting with shape 0 1 1 1 1 1 1 1 1 1 1 1 *)
G[T_,xx_]:=Exp[0+xx[[1]]*T^1+xx[[2]]*T^2]*(1)
(* Fitting with shape 0 0 1 1 1 1 1 1 1 1 0 0 *)
G[T_,xx_]:=Exp[0+xx[[1]]*T^1+xx[[2]]*T^2]*(1)
(* Fitting with shape 0 0 1 1 1 1 1 1 1 1 1 0 *)
G[T_,xx_]:=Exp[0+xx[[1]]*T^1+xx[[2]]*T^2]*(1)
(* Fitting with shape 0 0 1 1 1 1 1 1 1 1 1 1 *)
G[T_,xx_]:=Exp[0+xx[[1]]*T^1+xx[[2]]*T^2]*(1)
(* Fitting with shape 1 1 1 1 1 1 1 1 1 1 0 0 *)
G[T_,xx_]:=Exp[0+xx[[1]]*T^1+xx[[2]]*T^2]*(1+xx[[3]]/(T^1))
(* Fitting with shape 1 1 1 1 1 1 1 1 1 1 1 0 *)
G[T_,xx_]:=Exp[0+xx[[1]]*T^1+xx[[2]]*T^2]*(1+xx[[3]]/(T^1))
(* Fitting with shape 1 1 1 1 1 1 1 1 1 1 1 1 *)
G[T_,xx_]:=Exp[0+xx[[1]]*T^1+xx[[2]]*T^2]*(1+xx[[3]]/(T^1))
(* Fitting with shape 0 1 1 1 1 1 1 1 1 1 0 0 *)
G[T_,xx_]:=Exp[0+xx[[1]]*T^1+xx[[2]]*T^2]*(1+xx[[3]]/(T^1))
(* Fitting with shape 0 1 1 1 1 1 1 1 1 1 1 0 *)
G[T_,xx_]:=Exp[0+xx[[1]]*T^1+xx[[2]]*T^2]*(1+xx[[3]]/(T^1))
(* Fitting with shape 0 1 1 1 1 1 1 1 1 1 1 1 *)
G[T_,xx_]:=Exp[0+xx[[1]]*T^1+xx[[2]]*T^2]*(1+xx[[3]]/(T^1))
(* Fitting with shape 0 0 1 1 1 1 1 1 1 1 0 0 *)
G[T_,xx_]:=Exp[0+xx[[1]]*T^1+xx[[2]]*T^2]*(1+xx[[3]]/(T^1))
(* Fitting with shape 0 0 1 1 1 1 1 1 1 1 1 0 *)
G[T_,xx_]:=Exp[0+xx[[1]]*T^1+xx[[2]]*T^2]*(1+xx[[3]]/(T^1))
(* Fitting with shape 0 0 1 1 1 1 1 1 1 1 1 1 *)
G[T_,xx_]:=Exp[0+xx[[1]]*T^1+xx[[2]]*T^2]*(1+xx[[3]]/(T^1))
(* Fitting with shape 1 1 1 1 1 1 1 1 1 1 0 0 *)
G[T_,xx_]:=Exp[0+xx[[1]]*T^1+xx[[2]]*T^2]*(1+xx[[3]]/(T^1)+xx[[4]]/(T^2))
(* Fitting with shape 1 1 1 1 1 1 1 1 1 1 1 0 *)
G[T_,xx_]:=Exp[0+xx[[1]]*T^1+xx[[2]]*T^2]*(1+xx[[3]]/(T^1)+xx[[4]]/(T^2))
(* Fitting with shape 1 1 1 1 1 1 1 1 1 1 1 1 *)
G[T_,xx_]:=Exp[0+xx[[1]]*T^1+xx[[2]]*T^2]*(1+xx[[3]]/(T^1)+xx[[4]]/(T^2))
(* Fitting with shape 0 1 1 1 1 1 1 1 1 1 0 0 *)
G[T_,xx_]:=Exp[0+xx[[1]]*T^1+xx[[2]]*T^2]*(1+xx[[3]]/(T^1)+xx[[4]]/(T^2))
(* Fitting with shape 0 1 1 1 1 1 1 1 1 1 1 0 *)
G[T_,xx_]:=Exp[0+xx[[1]]*T^1+xx[[2]]*T^2]*(1+xx[[3]]/(T^1)+xx[[4]]/(T^2))
(* Fitting with shape 0 1 1 1 1 1 1 1 1 1 1 1 *)
G[T_,xx_]:=Exp[0+xx[[1]]*T^1+xx[[2]]*T^2]*(1+xx[[3]]/(T^1)+xx[[4]]/(T^2))
(* Fitting with shape 0 0 1 1 1 1 1 1 1 1 0 0 *)
G[T_,xx_]:=Exp[0+xx[[1]]*T^1+xx[[2]]*T^2]*(1+xx[[3]]/(T^1)+xx[[4]]/(T^2))
(* Fitting with shape 0 0 1 1 1 1 1 1 1 1 1 0 *)
G[T_,xx_]:=Exp[0+xx[[1]]*T^1+xx[[2]]*T^2]*(1+xx[[3]]/(T^1)+xx[[4]]/(T^2))
(* Fitting with shape 0 0 1 1 1 1 1 1 1 1 1 1 *)
G[T_,xx_]:=Exp[0+xx[[1]]*T^1+xx[[2]]*T^2]*(1+xx[[3]]/(T^1)+xx[[4]]/(T^2))
(* Fitting with shape 1 1 1 1 1 1 1 1 1 1 0 0 *)
G[T_,xx_]:=Exp[0+xx[[1]]*T^1+xx[[2]]*T^2+xx[[3]]*T^3]*(1)
(* Fitting with shape 1 1 1 1 1 1 1 1 1 1 1 0 *)
G[T_,xx_]:=Exp[0+xx[[1]]*T^1+xx[[2]]*T^2+xx[[3]]*T^3]*(1)
(* Fitting with shape 1 1 1 1 1 1 1 1 1 1 1 1 *)
G[T_,xx_]:=Exp[0+xx[[1]]*T^1+xx[[2]]*T^2+xx[[3]]*T^3]*(1)
(* Fitting with shape 0 1 1 1 1 1 1 1 1 1 0 0 *)
G[T_,xx_]:=Exp[0+xx[[1]]*T^1+xx[[2]]*T^2+xx[[3]]*T^3]*(1)
(* Fitting with shape 0 1 1 1 1 1 1 1 1 1 1 0 *)
G[T_,xx_]:=Exp[0+xx[[1]]*T^1+xx[[2]]*T^2+xx[[3]]*T^3]*(1)
(* Fitting with shape 0 1 1 1 1 1 1 1 1 1 1 1 *)
G[T_,xx_]:=Exp[0+xx[[1]]*T^1+xx[[2]]*T^2+xx[[3]]*T^3]*(1)
(* Fitting with shape 0 0 1 1 1 1 1 1 1 1 0 0 *)
G[T_,xx_]:=Exp[0+xx[[1]]*T^1+xx[[2]]*T^2+xx[[3]]*T^3]*(1)
(* Fitting with shape 0 0 1 1 1 1 1 1 1 1 1 0 *)
G[T_,xx_]:=Exp[0+xx[[1]]*T^1+xx[[2]]*T^2+xx[[3]]*T^3]*(1)
(* Fitting with shape 0 0 1 1 1 1 1 1 1 1 1 1 *)
G[T_,xx_]:=Exp[0+xx[[1]]*T^1+xx[[2]]*T^2+xx[[3]]*T^3]*(1)
(* Fitting with shape 1 1 1 1 1 1 1 1 1 1 0 0 *)
G[T_,xx_]:=Exp[0+xx[[1]]*T^1+xx[[2]]*T^2+xx[[3]]*T^3]*(1+xx[[4]]/(T^1))
(* Fitting with shape 1 1 1 1 1 1 1 1 1 1 1 0 *)
G[T_,xx_]:=Exp[0+xx[[1]]*T^1+xx[[2]]*T^2+xx[[3]]*T^3]*(1+xx[[4]]/(T^1))
(* Fitting with shape 1 1 1 1 1 1 1 1 1 1 1 1 *)
G[T_,xx_]:=Exp[0+xx[[1]]*T^1+xx[[2]]*T^2+xx[[3]]*T^3]*(1+xx[[4]]/(T^1))
(* Fitting with shape 0 1 1 1 1 1 1 1 1 1 0 0 *)
G[T_,xx_]:=Exp[0+xx[[1]]*T^1+xx[[2]]*T^2+xx[[3]]*T^3]*(1+xx[[4]]/(T^1))
(* Fitting with shape 0 1 1 1 1 1 1 1 1 1 1 0 *)
G[T_,xx_]:=Exp[0+xx[[1]]*T^1+xx[[2]]*T^2+xx[[3]]*T^3]*(1+xx[[4]]/(T^1))
(* Fitting with shape 0 1 1 1 1 1 1 1 1 1 1 1 *)
G[T_,xx_]:=Exp[0+xx[[1]]*T^1+xx[[2]]*T^2+xx[[3]]*T^3]*(1+xx[[4]]/(T^1))
(* Fitting with shape 0 0 1 1 1 1 1 1 1 1 0 0 *)
G[T_,xx_]:=Exp[0+xx[[1]]*T^1+xx[[2]]*T^2+xx[[3]]*T^3]*(1+xx[[4]]/(T^1))
(* Fitting with shape 0 0 1 1 1 1 1 1 1 1 1 0 *)
G[T_,xx_]:=Exp[0+xx[[1]]*T^1+xx[[2]]*T^2+xx[[3]]*T^3]*(1+xx[[4]]/(T^1))
(* Fitting with shape 0 0 1 1 1 1 1 1 1 1 1 1 *)
G[T_,xx_]:=Exp[0+xx[[1]]*T^1+xx[[2]]*T^2+xx[[3]]*T^3]*(1+xx[[4]]/(T^1))
(* Fitting with shape 1 1 1 1 1 1 1 1 1 1 0 0 *)
G[T_,xx_]:=Exp[0+xx[[1]]*T^1+xx[[2]]*T^2+xx[[3]]*T^3]*(1+xx[[4]]/(T^1)+xx[[5]]/(T^2))
(* Fitting with shape 1 1 1 1 1 1 1 1 1 1 1 0 *)
G[T_,xx_]:=Exp[0+xx[[1]]*T^1+xx[[2]]*T^2+xx[[3]]*T^3]*(1+xx[[4]]/(T^1)+xx[[5]]/(T^2))
(* Fitting with shape 1 1 1 1 1 1 1 1 1 1 1 1 *)
G[T_,xx_]:=Exp[0+xx[[1]]*T^1+xx[[2]]*T^2+xx[[3]]*T^3]*(1+xx[[4]]/(T^1)+xx[[5]]/(T^2))
(* Fitting with shape 0 1 1 1 1 1 1 1 1 1 0 0 *)
G[T_,xx_]:=Exp[0+xx[[1]]*T^1+xx[[2]]*T^2+xx[[3]]*T^3]*(1+xx[[4]]/(T^1)+xx[[5]]/(T^2))
(* Fitting with shape 0 1 1 1 1 1 1 1 1 1 1 0 *)
G[T_,xx_]:=Exp[0+xx[[1]]*T^1+xx[[2]]*T^2+xx[[3]]*T^3]*(1+xx[[4]]/(T^1)+xx[[5]]/(T^2))
(* Fitting with shape 0 1 1 1 1 1 1 1 1 1 1 1 *)
G[T_,xx_]:=Exp[0+xx[[1]]*T^1+xx[[2]]*T^2+xx[[3]]*T^3]*(1+xx[[4]]/(T^1)+xx[[5]]/(T^2))
(* Fitting with shape 0 0 1 1 1 1 1 1 1 1 0 0 *)
G[T_,xx_]:=Exp[0+xx[[1]]*T^1+xx[[2]]*T^2+xx[[3]]*T^3]*(1+xx[[4]]/(T^1)+xx[[5]]/(T^2))
(* Fitting with shape 0 0 1 1 1 1 1 1 1 1 1 0 *)
G[T_,xx_]:=Exp[0+xx[[1]]*T^1+xx[[2]]*T^2+xx[[3]]*T^3]*(1+xx[[4]]/(T^1)+xx[[5]]/(T^2))
(* Fitting with shape 0 0 1 1 1 1 1 1 1 1 1 1 *)
G[T_,xx_]:=Exp[0+xx[[1]]*T^1+xx[[2]]*T^2+xx[[3]]*T^3]*(1+xx[[4]]/(T^1)+xx[[5]]/(T^2))
Probabilities: 
        0         0         0         0         0         0         0         0         0         0         0         0         0         0         0         0         0         0         0         0         0         0         0         0         0         0         0         0         0         0         0         0         0         0         0         0         0         0         0         0         0         0         0         0         0         0         0         0         0         0         0         1         0         0
        0         0         0         0         0         0         0         0         0         0         0         0         0         0         0         0         0         0         0         0         0         0         0         0         0         0         0         0         0         0         0         0         0         0         0         0         0         0         0         0         0         0         0         0         0         0         0         0         0         0         0         1         0         0
        0         0         0         0         0         0         0         0         0         0         0         0         0         0         0         0         0         0         0         0         0         0         0         0         1         0         0         0         0         0         0         0         0         0         0         0         0         0         0         0         0         0         0         0         0         0         0         0         0         0         0         0         0         0
        0         0         0         0         0         0         0         0         0         0         0         0         0         0         0         0         0         0         0         0         0         0         0         0         0         0         0         0         0         0         0         0         0         0         0         0         0         0         0         0         0         0         1         0         0         0         0         0         0         0         0         0         0         0
        0         0         0         0         0         0         0         0         0         0         0         0         0         0         0         0         0         0         0         0         0         0         0         0         0         0         0         0         0         0         0         0         0         0         0         0         0         0         0         0         0         0         0         0         0         0         0         0         0         0         0         1         0         0
        0         0         0         0         0         0         0         0         0         0         0         0         0         0         0         0         0         0         0         0         0         0         0         0 0.0235189         0         0         0         0         0         0         0         0         0         0         0         0         0         0         0         0         0  0.363435         0         0         0         0         0         0         0         0  0.613046         0         0
        0         0         0         0         0         0         0         0         0         0         0         0         0         0         0 0.0248829         0         0         0         0         0         0         0         0 0.0393095         0         0         0         0         0         0         0         0         0         0         0         0         0         0         0         0         0  0.254625         0         0         0         0         0         0         0         0  0.681182         0         0
        0         0         0         0         0         0         0         0         0         0         0         0         0         0         0  0.136807         0         0         0         0         0         0         0         0         0         0         0         0         0         0         0         0         0         0         0         0         0         0         0         0         0         0  0.285429         0         0         0         0         0         0         0         0  0.577765         0         0
        0         0         0         0         0         0         0         0         0         0         0         0         0         0         0  0.681251         0         0         0         0         0         0         0         0  0.318749         0         0         0         0         0         0         0         0         0         0         0         0         0         0         0         0         0         0         0         0         0         0         0         0         0         0         0         0         0
        0         0         0         0         0         0         0         0         0         0         0         0         0         0         0  0.438135         0         0         0         0         0         0         0         0  0.174136         0         0         0         0         0         0         0         0         0         0         0         0         0         0         0         0         0  0.221414         0         0         0         0         0         0         0         0  0.166315         0         0
        0         0         0         0         0         0         0         0         0         0         0         0         0         0         0  0.622227         0         0         0         0         0         0         0         0  0.236532         0         0         0         0         0         0         0         0         0         0         0         0         0         0         0         0         0         0         0         0         0         0         0         0         0         0   0.14124         0         0
        0         0         0         0         0         0         0         0         0         0         0         0         0         0         0  0.574536         0         0         0         0         0         0         0         0   0.21152         0         0         0         0         0         0         0         0         0         0         0         0         0         0         0         0         0  0.213943         0         0         0         0         0         0         0         0         0         0         0

Values: 
0.0752981 0.0752496 0.0751944 0.0750352 0.0749822 0.0749643 0.0741992   0.20157 0.0741249 0.0736131 0.0735598 0.0735697 0.0727613 0.0727056 0.0727191 0.0724707 0.0724218 0.0724412 0.0723439 0.0723036 0.0723129 0.0719969 0.0719821  0.071986  0.395128  0.511351  0.399344   1.11028   1.11846   1.13229   1.25037   1.22887    1.2602   1.03532   1.25418   1.30191  0.975008   0.97558  0.975667  0.978054  0.140747  0.074105 0.0738814  0.073679 0.0735087  0.373521 0.0734261  0.855514 0.0727631 0.0725791 0.0724646 0.0724453 0.0721295 0.0720505
 0.122982  0.121801  0.121928   0.12291  0.122109  0.122207  0.141779  0.123789  0.120735  0.115359  0.119435  0.119508  0.253144  0.117656  0.117718  0.117338  0.277588  0.117135  0.117065  0.116821   0.11684  0.116253    0.1162  0.116189  0.478356  0.561703  0.115934   1.14863  0.449966  0.132582   1.33988   1.24577   1.24271   1.37054   1.03964   1.30945  0.964399   0.97629   0.97633  0.796046  0.659874  0.121719    1.3291   1.82241   0.71267  0.823248  0.837767  0.874913  0.808934  0.118217  0.803915  0.119956  0.117689   2.95662
 0.161996  0.160833  0.243517  0.161375  0.160468  0.160822  0.159062    0.1582  0.210391  0.156306  0.155713  0.155795  0.153169  0.152746  0.175556  0.151815  0.151573  0.151486  0.151424  0.151175  0.151098  0.149929  0.149939  0.880539  0.149313  0.526566  0.511615 0.0864768   1.50218   1.57677  0.179492   1.21006   1.18357   1.02454   1.09088   1.13675  0.898717  0.896108  0.899274  0.821808  0.160668  0.873965  0.954008  0.157449   0.57425  0.882256  0.156729  0.156154   0.15552  0.972932  0.152845  0.645238  0.152893   1.35258
 0.199219  0.198063  0.198501  0.356829  0.399325  0.678688  0.193702   0.19287  0.192835  0.189431  0.188856  0.188784  0.952114    0.1843  0.184077  0.182674  0.535769  0.182208  0.182083   0.18181  0.181622  0.266881   0.17992   0.93805  0.592257  0.179469  0.614571   1.06459   1.10542  0.225359    1.2546  0.220746   1.27063   1.07072  0.994935  0.981221   1.11088  0.205923  0.976163  0.860633  0.195706  0.886788  0.193718   1.03648   3.17389  0.989894 0.0925295  0.883556   1.37395  0.492025  0.973041   0.68085  0.185855   1.45941
 0.235601  0.234964  0.235484  0.231759  0.231266  0.231392  0.317978  0.226929  0.254769  0.221408  0.220991   0.22054  0.215292  0.214928   0.60674   0.67454  0.212031  0.211648  0.211518  0.211286  0.210966  0.937182  0.942925  0.321082  0.207705  0.342198  0.207627   1.15866  0.280051   1.16254    1.1549    1.1514   1.16268  0.985743  0.976238   1.25596  0.952675  0.944909  0.970608   1.10065  0.917396  0.229566   1.51691  0.223001  0.988005  0.225984  0.222335  0.221398    1.3554  0.871423  0.767615  0.242106   1.31004  0.222764
 0.274186  0.272912  0.273613  0.320445  0.267237   0.60372  0.330344  0.294238   0.26118  0.254214  0.253602   0.25302  0.245868  0.245335  0.244753  0.437266  0.374081  0.435953  0.240618  0.240257  0.239843   0.23628  0.236238  0.235984  0.236588  0.236409  0.235886  0.339142   1.52662   1.55681   1.22187   1.39032   1.24993   1.04922   1.09618    1.2931  0.869285  0.902118  0.907653   0.62055   0.85912  0.944151  0.258843   1.40584  0.848438         1         1         1  0.249594  0.244017   1.05499  0.285634  0.266906  0.259437
 0.316596  0.315737  0.315595  0.306197  0.305636  0.305319   0.29836  0.317081  0.342809  0.288117   0.28765  0.286808  0.276748  0.628753  0.332211  0.270743   0.27036  0.269744  0.269661  0.269383  0.268884  0.602861  0.477337  0.390263   0.26561  0.324305  0.187701  0.935886   1.02103   1.03311   1.17911   1.21766   1.24069   1.26252  0.974463   1.23006  0.338032  0.992813   0.97739   0.31088  0.304658  0.301731  0.291945  0.725242  0.285899         1         1         1  0.899086   2.02689  0.868319  0.341208    1.7132   1.27636
 0.364614  0.363426  0.363429  0.347874  0.413226  0.441472  0.409321  0.384365  0.335791  0.325053  0.324144   0.32367  0.680897  0.374129  0.369938  0.301415  0.300479  0.299717  0.390592  0.192413   0.29936   0.29211  0.291524  0.386135  0.620034  0.293553  0.292133   1.16256  0.447971  0.949204   1.42124    1.1301   1.14882  0.991502   1.06873   1.37139  0.386334  0.950412   0.91839  0.960009  0.938108   1.27316  0.326013   1.55131   1.22115         1         1         1   1.24973   1.10914  0.135896  0.397061  0.374597   0.35281
 0.414767  0.412964  0.412819  0.391231   0.46555  0.464836   0.37795   0.37655  0.376211  0.364099  0.362881  0.362594  0.346008   0.34477  0.344274  0.333542  0.332175  0.331652  0.334273  0.333165   0.33274  0.321447  0.504977  0.319942  0.328131  0.669562  0.670776  0.510497   1.17035   1.16835   1.18932   1.29826    1.2477   1.31013  0.983673  0.985793  0.975923  0.973646  0.997611  0.396005  0.784032   1.02615    5.7156  0.362017    1.5452  0.461369  0.371483  0.848954     0.637  0.934676  0.170942   1.24213  0.431379   1.19822
  0.46171  0.460514  0.460335  0.432851  0.431467   0.43121  0.416675  0.415629  0.415404  0.402829  0.401651    0.4014  0.582749  0.665821  0.380849  0.366818  0.561743  0.527161  0.499351  0.367922  0.367972  0.527479  0.349674  0.350764  0.362088  0.354202  0.355812   1.17697   1.16276   1.44282  0.520731   1.12426   1.13539   1.08634  0.998379   1.00194  0.975311  0.966451   1.05018  0.865044  0.437286  0.988033  0.390891  0.402641  0.797062  0.414816   0.41629  0.407157  0.347693  0.376554   1.04714  0.503292  0.325017   0.44492
 0.496506  0.495425  0.495584  0.464644  0.463479  0.463389  0.446542  0.445705  0.445766  0.433393  0.432383  0.432346  0.411829  0.559409  0.411058  0.394491  0.393201  0.393441  0.398704  0.397687  0.398079  0.377856  0.521119  0.377384  0.390361  0.382799  0.617806   1.17286   1.17005   1.15946   1.27237   1.11962   1.16341   1.32807   1.03667   1.06389  0.863515  0.874411   0.90049   1.01388  0.469101  0.962694   1.37851  0.427071  0.414068  0.387585  0.448556  0.731968  0.800703  0.884893   1.01311  0.530758  0.592968   1.66812
 0.509748   0.50918  0.509272  0.476968  0.476174  0.476058  0.458523  0.458033  0.458076  0.445725  0.444999  0.444946  0.424757  0.424108  0.424326  0.408016  0.407167  0.407574  0.412309  0.411607  0.412044  0.392793   0.39148  0.393142  0.408746  0.401315   0.40438   1.20467   1.18499   1.16479    1.2117   1.18926   1.18945   1.04105   1.01299   1.01653  0.929273  0.925749  0.907851   1.22134   1.30536  0.923776  0.414978  0.429604  0.418322  0.454571  0.838565   0.84685   1.44739   0.38039  0.350131   1.18182  0.532842  0.454288

Errors: 
1.55809e-05 1.56164e-05 1.53956e-05 1.55819e-05 1.56048e-05 1.53862e-05 1.58885e-05     0.39608 1.56759e-05 1.60636e-05 1.60512e-05 1.58201e-05  1.7492e-05  1.7283e-05 1.71072e-05 1.87202e-05 1.83322e-05  1.8107e-05 1.88884e-05 1.84721e-05 1.82925e-05 2.29307e-05 2.14359e-05 2.15598e-05           1     0.81466           1           0           0           0           0           0           0     1.00006           1           1    0.495508 1.06797e-05 9.52441e-06           1           1 3.32768e-05 5.41957e-05 4.64146e-05 4.06864e-05           1 4.61049e-05 1.00576e-05 9.70603e-05   8.144e-05 6.77321e-05 0.000212612 0.000168191 0.000126236
4.67373e-05 4.46189e-05 4.43024e-05           0 4.48062e-05 4.44481e-05           0           0 4.47602e-05           0 4.43856e-05 4.41734e-05           0 4.87781e-05 4.86176e-05 5.71869e-05           0 5.11226e-05 5.77771e-05 5.27494e-05 5.27136e-05 7.37011e-05 6.12214e-05  6.0946e-05           0           0 7.63295e-05           0           0 6.77992e-05           0           0           0     1.00002     1.00639     1.00003           0           0           0     1.00002           1 0.000113184           1           1           1 3.64333e-05 3.57239e-05 4.70737e-05  0.00238523 0.000367779 3.69592e-05 0.000977008 0.000741506     1.00001
          0           0           0           0 8.90779e-05 8.96597e-05 9.17123e-05  8.8952e-05           0 9.42196e-05 9.00818e-05 9.05436e-05  0.00010814 0.000101041           0 0.000127095 0.000113975 0.000112707 0.000125519 0.000114214 0.000113173 0.000180202 0.000151807           0 0.000272718           0           0           1           0           0 0.000184155           0           0     1.02114     1.01154      1.0018           0           0           0           1 0.000342209     1.00002     1.00009 0.000521691           1 0.000122002 0.000460086 0.000402933  0.00121756   0.0049593 0.000802714           1  0.00188432   0.0338203
0.000149954 0.000147714 0.000150329           0           1           0 0.000150864 0.000148357 0.000149298 0.000159287  0.00015285 0.000153969           0 0.000183474 0.000181768  0.00023686           0 0.000209441 0.000230328 0.000215425 0.000211783           0 0.000301489           0           0 0.000470512           0           0           0 0.000257614           0 0.000318196           0     1.00085     1.00344           0           1 0.000436244           0     1.00135 0.000661273     1.00002   0.0014033     1.00001           1     1.36966 3.66642e-05 0.000264909 0.000458319         nan 0.000670578  0.00266639  0.00376418  0.00353093
0.000229407 0.000229091           0 0.000225344 0.000224385 0.000227395           0 0.000234742           0 0.000247818  0.00024206 0.000242464 0.000303839 0.000295812           0           0 0.000372912 0.000357008 0.000380761 0.000362934 0.000340753           0           0           0   0.0011156           0 0.000720866           0 0.000475975           0           0           0           0     1.01401           0     1.00026           0           0           0     1.00008     1.00007  0.00110487     1.00014   0.0021127           0  0.00215269    0.001701  0.00152379 0.000709098   0.0013127 0.000422927  0.00759275   0.0530969  0.00562479
0.000334641 0.000334832 0.000345096           0 0.000326034           0           0           0 0.000331179 0.000371992 0.000359952 0.000358317 0.000486073 0.000464003 0.000447129           0           0           0 0.000627759 0.000605569 0.000549945  0.00112656  0.00100004 0.000918151  0.00195288  0.00157259   0.0013379 0.000768129           0           0           0     1.00027           0     1.04118     1.03177           0           0           0           0     1.00004     1.00034           0  0.00471889           1     1.00306   0.0506817   0.0542885   0.0530523  0.00789468  0.00635982 0.000968376   0.0114306  0.00998788  0.00865283
0.000486684           0 0.000495856 0.000480811 0.000476599 0.000482242 0.000494691           0           0 0.000561703 0.000547613 0.000548147 0.000769574           0           0  0.00108891  0.00104127 0.000982983  0.00102443 0.000987581 0.000896813           0           0           0  0.00325792     1.02269           0           0           0           0           0           0           0     1.00165     1.05438     1.00189  0.00223984           0           0   0.0042647   0.0034746   0.0031445  0.00800906     1.00005  0.00524721    0.051416    0.049734    0.049159     1.00012     1.00001  0.00143535   0.0157128           1 0.000319978
          0 0.000710465 0.000713932 0.000704895           0           0           0           0 0.000722405 0.000861937 0.000836707 0.000841402           0           0           0  0.00183456  0.00173862   0.0016778           0     2.00818  0.00147417  0.00324978  0.00287916           0           0  0.00442444  0.00401913           0  0.00151487           0      1.0004           0           0           0           0     1.00162  0.00333339           0           0           0     1.00115     1.00038   0.0127736     1.00001           1   0.0463871   0.0455368   0.0431712  0.00382614  0.00110332  0.00361774   0.0207989   0.0187366   0.0166681
 0.00100599           0  0.00100984   0.0010304           0           0   0.0010855  0.00105605  0.00117519  0.00132639   0.0012374   0.0012335  0.00182909  0.00178073  0.00173315  0.00303402  0.00289753  0.00287929  0.00254169  0.00246234   0.0023401  0.00547545           0  0.00485232  0.00870777           0           0  0.00226811           0           0           0     1.00048           0           0           0           0           0           0           0  0.00949533      1.0001           1           1   0.0163133     1.00053 0.000263045   0.0111206 0.000353041  0.00783965   0.0044631  0.00573714  0.00061601   0.0244785 0.000507533
  0.0013414  0.00135356  0.00135227  0.00142858  0.00139679  0.00138565  0.00152765  0.00148444  0.00147459  0.00182771  0.00176129  0.00167403           0           0  0.00250384  0.00487122           0           0           0  0.00354587  0.00346934           0  0.00813063  0.00787015   0.0130714   0.0127153  0.00994824           0           0           0  0.00404525           0           0     1.30163       1.652           0           0           0           0     1.07892   0.0121976     1.00285   0.0293557   0.0235218     1.00615   0.0175624   0.0157209   0.0147288   0.0283813   0.0261764     1.05507   0.0331348     47.8668   0.0281534
 0.00167626           0           0  0.00180707  0.00179423  0.00178142  0.00195723  0.00190924  0.00190627  0.00232575  0.00225749  0.00227849  0.00329035           0  0.00313996  0.00602778  0.00598003  0.00592696  0.00447641  0.00445214  0.00442139   0.0112396           0   0.0103473   0.0161453   0.0170019           0           0           0           0           0           0           0      1.0054     1.44016     1.87771           0           0           0     1.00148   0.0160833      1.0597     1.00011   0.0296192   0.0292684 0.000440737   0.0195198           1     0.01097     1.00003  0.00129643   0.0383747   0.0122736      1.1545
 0.00182545  0.00180999  0.00181381  0.00197304  0.00196006  0.00195843  0.00212174  0.00209726  0.00207819  0.00253207  0.00251169  0.00247974  0.00356337  0.00349327  0.00347957  0.00665882  0.00666349  0.00654515  0.00482716  0.00483419  0.00468937   0.0118907   0.0122661   0.0110514   0.0169745   0.0156369    0.016796           0           0           0           0           0           0     1.18394           0           0           0           0           0     1.00096     1.00388     1.04194   0.0416534    0.034542   0.0327998   0.0237899  0.00129906     3.90591 0.000930698     0.03154   0.0290165  0.00346905   0.0376912   0.0351423

Statuses: 
0 0 0 0 0 0 0 3 0 0 0 0 0 0 0 0 0 0 0 0 0 0 0 0 3 3 3 3 3 3 3 3 3 3 3 3 3 3 3 3 3 0 0 0 0 3 0 3 0 0 0 0 0 0
0 0 0 2 0 0 3 3 0 3 0 0 3 0 0 0 3 0 0 0 0 0 0 0 3 3 0 3 3 0 3 3 3 3 3 3 3 3 3 3 3 0 3 3 3 3 3 3 3 0 3 0 0 3
2 2 3 2 0 0 0 0 3 0 0 0 0 0 3 0 0 0 0 0 0 0 0 3 0 3 3 3 3 3 0 3 3 3 3 3 3 3 3 3 0 3 3 0 3 3 0 0 0 3 0 3 0 3
0 0 0 3 3 3 0 0 0 0 0 0 3 0 0 0 3 0 0 0 0 3 0 3 3 0 3 3 3 0 3 0 3 3 3 3 3 0 3 3 0 3 0 3 3 3 3 3 3 3 3 3 0 3
0 0 2 0 0 0 3 0 3 0 0 0 0 0 3 3 0 0 0 0 0 3 3 3 0 3 0 3 0 3 3 3 3 3 3 3 3 3 3 3 3 0 3 0 3 0 0 0 3 3 3 0 3 0
0 0 0 3 0 3 3 3 0 0 0 0 0 0 0 3 3 3 0 0 0 0 0 0 0 0 0 0 3 3 3 3 3 3 3 3 3 3 3 3 3 3 0 3 3 3 3 3 0 0 3 0 0 0
0 2 0 0 0 0 0 3 3 0 0 0 0 3 3 0 0 0 0 0 0 3 3 3 0 3 2 3 3 3 3 3 3 3 3 3 0 3 3 0 0 0 0 3 0 3 3 3 3 3 3 0 3 3
2 0 0 0 3 3 3 3 0 0 0 0 3 3 3 0 0 0 3 3 0 0 0 3 3 0 0 3 0 3 3 3 3 3 3 3 0 3 3 3 3 3 0 3 3 3 3 3 3 3 0 0 0 0
0 2 0 0 3 3 0 0 0 0 0 0 0 0 0 0 0 0 0 0 0 0 3 0 0 3 3 0 3 3 3 3 3 3 3 3 3 3 3 0 3 3 3 0 3 3 0 3 3 3 0 3 0 3
0 0 0 0 0 0 0 0 0 0 0 0 3 3 0 0 3 3 3 0 0 3 0 0 0 0 0 3 3 3 0 3 3 3 3 3 3 3 3 3 0 3 0 0 3 0 0 0 0 0 3 0 3 0
0 2 2 0 0 0 0 0 0 0 0 0 0 3 0 0 0 0 0 0 0 0 3 0 0 0 3 3 3 3 3 3 3 3 3 3 3 3 3 3 0 3 3 0 0 3 0 3 3 3 3 0 0 3
0 0 0 0 0 0 0 0 0 0 0 0 0 0 0 0 0 0 0 0 0 0 0 0 0 0 0 3 3 3 3 3 3 3 3 3 3 3 3 3 3 3 0 0 0 0 3 3 3 0 0 3 0 0
chisq per dof: 
116.606  107.36 97.0555 69.2552 65.7152 58.5625 35.5674 29321.2 29.7861 17.4533 17.1335 15.3511 4.68352   4.577 4.15141 2.73698 2.63716 2.44791 2.58637 2.46232 2.29075 1.91089 1.76352 1.65861 91284.7 91309.7 66465.2  128666  112744  100577  158715  132580  125423  177468  139654  124276  154492  134793  121379  200802  164325 2.38463 2.10379 1.95193 1.86167  134903 2.04979  140103   2.273 2.03565 1.87048 2.69079 2.27824 2.02329
55.2797 54.9968 49.8557 31.3787 30.7017 27.5748 1777.37 730.146 16.8654 2010.92 8.29788  7.6237 3861.25 3.06324  2.9487 2.02068  2726.2 1.89612 2.09569 2.03753 1.95543 1.87152 1.72814 1.62821 9239.78 8587.72 1.69825 12097.2 6448.14 19.6479 16012.1   13447 11810.4 16046.4 14568.1 12046.8 14546.9 13149.3 11550.3 19011.3 16361.4 1.83512 12819.2 12898.8 14475.8 17027.7 15014.7 13890.6 24440.6 2.03104 15680.5 2.68955 2.28766 14167.2
31.0834 29.8782 292.463   16.99 16.4434 15.8392  9.0179 9.26687 298.329 4.98136 4.86866 4.77178  2.1434 2.10183  956.19 1.78866 1.67802 1.62109 1.86233 1.76357 1.68738 1.84745 1.70622 2893.35 2.04328 1707.28 1504.47 2916.81 3293.05 2895.69 4.13568 3061.53  2774.8 3988.97 3440.26 2950.82 3441.39 3048.71 2679.81  2540.1 1.77282 3470.46 4721.95 1.84081 2965.14  4812.2 1.87981 1.76073 2.27335 4045.53 1.86063 6382.53 2.29026 2963.53
20.0918 19.2329 18.3585 626.753  598.96 689.842 5.71389 5.79909 5.58148 3.47352 3.30944 3.29956 1131.88 1.80111  1.7401 1.69743  539.83 1.52728 1.77892 1.67855 1.60397  188.93 1.69575 1037.39 848.129 1.83268 640.769 968.128 953.144 6.65172 1344.55 3.40018 1027.12 1390.07 1193.39 1038.23 1488.78 2.05711 983.431 1740.83 1.73837 1265.42 2.01418 1136.34  993.16 1781.18 367.391  1281.6 2143.45 813.406  1494.5 2181.12 2.28656 1114.01
14.9713 13.9041 13.9568 7.39697 6.83159 7.10625 88.9994 3.91654 31.6212 2.74342 2.59121 2.60334 1.71011 1.63569 332.809 322.839 1.54505 1.47894 1.73116 1.63149 1.55811 602.661 507.817  273.88 2.02557 252.872 1.68516  474.41 4.44421 385.662 655.969 567.478 510.597  608.48 512.182 405.703 529.117 466.622 447.968 749.542 657.815 1.61369 604.526 1.81435 527.727 2.01478  1.8545  1.7339 937.349 760.123 581.248 2.67161 559.142 2.01469
11.0992 10.4834 10.3554 46.7886 4.84997 122.956 66.6669 56.7302 2.84757  2.2648 2.14194 2.17545 1.62595 1.55359 1.49665 118.864 74.3994 107.485 1.70378  1.6069 1.53357 1.81257 1.67715 1.58079 2.01565 1.81256 1.67758 3.07655 264.814 234.242 280.996 276.003   223.7 295.198 248.437 204.313 207.868 209.968 193.652 284.145  331.56 285.667 2.00608 208.797 253.328 468.817 398.036 341.485 2.26196 2.01085 328.737 2.66767  2.2569 2.00683
7.91568 7.43273 7.06683 3.87107 3.56069 3.67508 2.45395 6.19765 9.16672 2.00709 1.89182 1.89685  1.5895 94.9207 62.4146 1.61508  1.5144 1.44365 1.69449 1.59652 1.52322 123.954 88.2647 57.5833 2.01376 33.3461 2.87599  105.35 103.634 90.1106  180.68 158.865 132.256 149.201 134.261 109.026 1.75542 145.989 121.151 1.81736 1.68934 1.59421 2.00722  159.08 1.67258 267.181 231.425 198.721 270.481 130.288 186.892 2.66705 132.398 126.634
5.35286 5.14579 4.78841 2.91742 24.7197 19.7626 35.3764 19.7139 1.83176 1.82122 1.72972 1.71252 57.2545 18.7674 14.3422 1.61026  1.5113 1.44042 35.2593 3.48619 1.51932 1.80955 1.67483 8.11343 63.4876 1.80934 1.67493 71.5615 2.02351  36.964 97.6294 96.7079 84.4724  92.259 78.1236 61.4132 1.72698 72.5194 53.5973   128.1 112.722 92.2808 2.00676 73.9136 56.1881 165.412 146.692 126.621 145.262 110.975 1.87324 2.66773 2.25251 2.00367
3.73886 3.66208 3.40136 2.28531 14.4289 12.8979 1.69517 1.62064 1.55262  1.6817 1.60321 1.55566 1.53936 1.46802 1.41092 1.60486 1.50627 1.43475 1.68107 1.58614 1.51321 1.80539 27.7678 1.57563 2.00523 23.1787 19.6401 1.80066 38.9754 38.1427 65.0094 53.9964  46.798 49.6732 47.5729 41.0388 54.0637 47.7879  53.764  1.8106 48.8319 14.0731 56.9908 1.80303 36.3522 29.8599 1.83978 69.9439 89.5433 82.9263 1.84677 76.7435 2.25057 38.3445
2.76919 2.68324 2.51611 1.88972 1.79665 1.72073 1.53342 1.46562 1.40931 1.58866 1.51953 1.46629 15.8852  15.981 1.39703 1.60343 5.30866 3.73004 19.6015 1.58263 1.50981 18.9984 1.67116 1.57553 2.00402 1.80511 1.67105 25.7584 27.5968 38.7434 1.55956  41.674 36.8466 37.7487 31.6267 27.5772 37.9035 31.0533 42.1202 55.6364  1.6736 42.1615 2.00318 1.80326 31.6563  2.0064  1.8387 1.72037 2.25538 2.00503 11.2812 2.66758 2.25773 2.00329
2.27285 2.18316  2.0654 1.68096 1.60597 1.53948 1.45838 1.39685 1.34737 1.53503 1.47085 1.41868 1.51758 7.74076 1.38997 1.60196 1.50294 1.43138 1.67474 1.57939 1.50736 1.80279 9.70262 1.57443 2.00233 1.80281 7.03591  21.631 17.7012 15.3231 26.6465 30.8564 27.0421 25.1553 23.9257 20.7865 17.1972 13.3595  19.539 43.7545 1.67195 32.4372 25.1806 1.80195 1.66936 12.7023 1.83743 15.5968 53.9624  24.148 13.8596 2.66752 2.25164 11.3002
2.12492 2.02804 1.92538 1.61426 1.54462 1.48495 1.42914 1.36941 1.32327 1.51427 1.45188 1.40178  1.5132 1.44076  1.3859 1.60157 1.50215 1.43078 1.67305 1.57742 1.50562 1.80281  1.6692 1.57429 2.00196 1.80241  1.6692 17.6797 16.3393 15.6069 23.2933 22.4289 19.7322 25.6603 21.5882 18.6933  18.563 19.8833 15.0707  37.643 31.7999 29.5821 2.00192 1.80202 1.66912   2.005 22.9173 18.9747 26.1046 2.00301 1.83636 29.3364 2.25125 2.00282
Mode averaged potential and errors: 
  0.0724453 0.000212612
   0.119956 0.000977008
   0.149313 0.000272718
   0.193718         nan
   0.242106  0.00759275
   0.274743   0.0169444
   0.323939   0.0292042
   0.363697   0.0433146
   0.331817   0.0060661
   0.394022   0.0538828
    0.41276   0.0508444
    0.40966    0.021573
R Models:
(* Fitting with shape 1 1 1 1 1 1 1 1 0 0 0 0 *)
G[R_,xx_]:=xx[[0]] + xx[[1]]/R | xx[[2]]*R
(* Fitting with shape 1 1 1 1 1 1 1 1 1 0 0 0 *)
G[R_,xx_]:=xx[[0]] + xx[[1]]/R | xx[[2]]*R
(* Fitting with shape 1 1 1 1 1 1 1 1 1 1 0 0 *)
G[R_,xx_]:=xx[[0]] + xx[[1]]/R | xx[[2]]*R
(* Fitting with shape 1 1 1 1 1 1 1 1 1 1 1 0 *)
G[R_,xx_]:=xx[[0]] + xx[[1]]/R | xx[[2]]*R
(* Fitting with shape 1 1 1 1 1 1 1 1 1 1 1 1 *)
G[R_,xx_]:=xx[[0]] + xx[[1]]/R | xx[[2]]*R
(* Fitting with shape 0 1 1 1 1 1 1 1 0 0 0 0 *)
G[R_,xx_]:=xx[[0]] + xx[[1]]/R | xx[[2]]*R
(* Fitting with shape 0 1 1 1 1 1 1 1 1 0 0 0 *)
G[R_,xx_]:=xx[[0]] + xx[[1]]/R | xx[[2]]*R
(* Fitting with shape 0 1 1 1 1 1 1 1 1 1 0 0 *)
G[R_,xx_]:=xx[[0]] + xx[[1]]/R | xx[[2]]*R
(* Fitting with shape 0 1 1 1 1 1 1 1 1 1 1 0 *)
G[R_,xx_]:=xx[[0]] + xx[[1]]/R | xx[[2]]*R
(* Fitting with shape 0 1 1 1 1 1 1 1 1 1 1 1 *)
G[R_,xx_]:=xx[[0]] + xx[[1]]/R | xx[[2]]*R
(* Fitting with shape 0 0 1 1 1 1 1 1 0 0 0 0 *)
G[R_,xx_]:=xx[[0]] + xx[[1]]/R | xx[[2]]*R
(* Fitting with shape 0 0 1 1 1 1 1 1 1 0 0 0 *)
G[R_,xx_]:=xx[[0]] + xx[[1]]/R | xx[[2]]*R
(* Fitting with shape 0 0 1 1 1 1 1 1 1 1 0 0 *)
G[R_,xx_]:=xx[[0]] + xx[[1]]/R | xx[[2]]*R
(* Fitting with shape 0 0 1 1 1 1 1 1 1 1 1 0 *)
G[R_,xx_]:=xx[[0]] + xx[[1]]/R | xx[[2]]*R
(* Fitting with shape 0 0 1 1 1 1 1 1 1 1 1 1 *)
G[R_,xx_]:=xx[[0]] + xx[[1]]/R | xx[[2]]*R
(* Fitting with shape 0 0 0 1 1 1 1 1 0 0 0 0 *)
G[R_,xx_]:=xx[[0]] + xx[[1]]/R | xx[[2]]*R
(* Fitting with shape 0 0 0 1 1 1 1 1 1 0 0 0 *)
G[R_,xx_]:=xx[[0]] + xx[[1]]/R | xx[[2]]*R
(* Fitting with shape 0 0 0 1 1 1 1 1 1 1 0 0 *)
G[R_,xx_]:=xx[[0]] + xx[[1]]/R | xx[[2]]*R
(* Fitting with shape 0 0 0 1 1 1 1 1 1 1 1 0 *)
G[R_,xx_]:=xx[[0]] + xx[[1]]/R | xx[[2]]*R
(* Fitting with shape 0 0 0 1 1 1 1 1 1 1 1 1 *)
G[R_,xx_]:=xx[[0]] + xx[[1]]/R | xx[[2]]*R
1 1 1 
1 1 1 
1 1 1 
0.0205362 0.0205362 0.0205362 
1.133 1.133 1.133 
5.03038e+175 5.03038e+175 5.03038e+175 
3.5936e+246 3.5936e+246 3.5936e+246 
2.14726e+243 2.14726e+243 2.14726e+243 
5.97819e-322 5.97819e-322 5.97819e-322 
2.42092e-322 2.42092e-322 2.42092e-322 
7.90505e-323 7.90505e-323 7.90505e-323 
1.3131e+213 1.3131e+213 1.3131e+213 
1.04124e-47 1.04124e-47 1.04124e-47 
1.00085e+65 1.00085e+65 1.00085e+65 
3.93166e-312 3.93166e-312 3.93166e-312 
2.42092e-322 2.42092e-322 2.42092e-322 
8.39912e-323 8.39912e-323 8.39912e-323 
1.3131e+213 1.3131e+213 1.3131e+213 
5.05907e-85 5.05907e-85 5.05907e-85 
2.122e-314 2.122e-314 2.122e-314 
2.37152e-322 2.37152e-322 2.37152e-322 
4.00193e-322 4.00193e-322 4.00193e-322 
6.89882e-310 6.89882e-310 6.89882e-310 
2.57014e-316 2.57014e-316 2.57014e-316 
2.61799e-316 2.61799e-316 2.61799e-316 
2.65565e-316 2.65565e-316 2.65565e-316 
2.37478e-316 2.37478e-316 2.37478e-316 
2.02567e-322 2.02567e-322 2.02567e-322 
2.62332e-316 2.62332e-316 2.62332e-316 
0 0 0 
0 0 0 
4.00193e-322 4.00193e-322 4.00193e-322 
6.89882e-310 6.89882e-310 6.89882e-310 
2.61799e-316 2.61799e-316 2.61799e-316 
0 0 0 
0 0 0 
2.37478e-316 2.37478e-316 2.37478e-316 
1.5316e-322 1.5316e-322 1.5316e-322 
2.62338e-316 2.62338e-316 2.62338e-316 
0 0 0 
0 0 0 
4.00193e-322 4.00193e-322 4.00193e-322 
6.89882e-310 6.89882e-310 6.89882e-310 
2.65578e-316 2.65578e-316 2.65578e-316 
2.65579e-316 2.65579e-316 2.65579e-316 
0 0 0 
2.37479e-316 2.37479e-316 2.37479e-316 
1.92686e-322 1.92686e-322 1.92686e-322 
2.6234e-316 2.6234e-316 2.6234e-316 
0 0 0 
2.61301e-316 2.61301e-316 2.61301e-316 
4.00193e-322 4.00193e-322 4.00193e-322 
6.89882e-310 6.89882e-310 6.89882e-310 
2.59551e-316 2.59551e-316 2.59551e-316 
Probabilities: 
nan nan nan nan nan nan nan nan nan nan nan nan nan nan nan nan nan nan nan nan nan nan nan nan nan nan nan nan nan nan nan nan nan nan nan nan nan nan nan nan nan nan nan nan nan nan nan nan nan nan nan nan nan nan

String tensions: 
1 1 1 1 1 1 1 1 1 1 1 1 1 1 1 1 1 1 1 1 1 1 1 1 1 1 1 1 1 1 1 1 1 1 1 1 1 1 1 1 1 1 1 1 1 1 1 1 1 1 1 1 1 1

Errors: 
 nan  nan  nan  nan  nan  nan  nan  nan  nan  nan  nan  nan  nan  nan  nan  nan  nan  nan  nan  nan  nan  nan  nan  nan  nan  nan  nan -nan -nan -nan -nan -nan -nan -nan -nan -nan -nan -nan -nan -nan -nan -nan -nan -nan -nan -nan -nan -nan -nan -nan -nan -nan -nan -nan

Statuses: 
3 3 3 3 3 3 3 3 3 3 3 3 3 3 3 3 3 3 3 3 3 3 3 3 3 3 3 3 3 3 3 3 3 3 3 3 3 3 3 3 3 3 3 3 3 3 3 3 3 3 3 3 3 3
chisq per dof: 
nan nan nan nan nan nan nan nan nan nan nan nan nan nan nan nan nan nan nan nan nan nan nan nan nan nan nan nan nan nan nan nan nan nan nan nan nan nan nan nan nan nan nan nan nan nan nan nan nan nan nan nan nan nan
Model string tension and errors: 
sigma = nan +/- nan
