R=0parameters: 
0.151993 0.151993 
0.146588 0.146588 
5.38182e+08 5.38182e+08 
2.42092e-322 2.42092e-322 
2.48105e-316 2.48105e-316 
2.80213 2.80213 
3.12805e-05 3.12805e-05 
1.6976e-313 1.6976e-313 
4.94066e-324 4.94066e-324 
1.6976e-313 1.6976e-313 1.6976e-313 
2.122e-313 2.122e-313 2.122e-313 
-nan -nan -nan 
3.16202e-322 3.16202e-322 3.16202e-322 
2.42092e-322 2.42092e-322 2.42092e-322 
2.41751e-316 2.41751e-316 2.41751e-316 
2.44645e-316 2.44645e-316 2.44645e-316 
2.4543e-316 2.4543e-316 2.4543e-316 
2.42793e-316 2.42793e-316 2.42793e-316 
2.37152e-322 2.37152e-322 2.37152e-322 2.37152e-322 
5.58294e-322 5.58294e-322 5.58294e-322 5.58294e-322 
0 0 0 0 
1 1 1 1 
1 1 1 1 
1 1 1 1 
1 1 1 1 
1 1 1 1 
1 1 1 1 
1 1 1 
1 1 1 
1 1 1 
0 0 0 
0 0 0 
3.16202e-322 3.16202e-322 3.16202e-322 
5.58294e-322 5.58294e-322 5.58294e-322 
1 1 1 
2 2 2 
3 3 3 3 
4 4 4 4 
5 5 5 5 
6 6 6 6 
7 7 7 7 
8 8 8 8 
9 9 9 9 
10 10 10 10 
11 11 11 11 
2.61595e-316 2.61595e-316 2.61595e-316 2.61595e-316 2.61595e-316 
-3.48606e+07 -3.48606e+07 -3.48606e+07 -3.48606e+07 -3.48606e+07 
0.0130739 0.0130739 0.0130739 0.0130739 0.0130739 
0.00819861 0.00819861 0.00819861 0.00819861 0.00819861 
2.42092e-322 2.42092e-322 2.42092e-322 2.42092e-322 2.42092e-322 
2.47033e-323 2.47033e-323 2.47033e-323 2.47033e-323 2.47033e-323 
2.49656e-316 2.49656e-316 2.49656e-316 2.49656e-316 2.49656e-316 
0 0 0 0 0 
0 0 0 0 0 
R=1parameters: 
-0.691264 -0.691264 
0.0686982 0.0686982 
-1.0746e-05 -1.0746e-05 
0.033034 0.033034 
-0.0308001 -0.0308001 
5.03038e+175 5.03038e+175 
3.5936e+246 3.5936e+246 
2.14726e+243 2.14726e+243 
1.62512 1.62512 
6.72423e-321 6.72423e-321 6.72423e-321 
6.90967e-310 6.90967e-310 6.90967e-310 
6.90967e-310 6.90967e-310 6.90967e-310 
2.61568e-316 2.61568e-316 2.61568e-316 
2.61568e-316 2.61568e-316 2.61568e-316 
0.969923 0.969923 0.969923 
0.937274 0.937274 0.937274 
0.656091 0.656091 0.656091 
0.864337 0.864337 0.864337 
0.818902 0.818902 0.818902 0.818902 
0.776277 0.776277 0.776277 0.776277 
0.734968 0.734968 0.734968 0.734968 
0.695058 0.695058 0.695058 0.695058 
0.000142201 0.000142201 0.000142201 0.000142201 
-3.56611e-06 -3.56611e-06 -3.56611e-06 -3.56611e-06 
-0.230956 -0.230956 -0.230956 -0.230956 
0.0788009 0.0788009 0.0788009 0.0788009 
-0.0541693 -0.0541693 -0.0541693 -0.0541693 
-0.16689 -0.16689 -0.16689 
-0.467009 -0.467009 -0.467009 
-0.307677 -0.307677 -0.307677 
-0.326134 -0.326134 -0.326134 
-0.371585 -0.371585 -0.371585 
-0.412316 -0.412316 -0.412316 
2.4217e-316 2.4217e-316 2.4217e-316 
2.48225e-316 2.48225e-316 2.48225e-316 
2.44964e-316 2.44964e-316 2.44964e-316 
2.48153e-316 2.48153e-316 2.48153e-316 2.48153e-316 
2.48714e-316 2.48714e-316 2.48714e-316 2.48714e-316 
0.787333 0.787333 0.787333 0.787333 
0.898099 0.898099 0.898099 0.898099 
349270 349270 349270 349270 
289012 289012 289012 289012 
0 0 0 0 
0 0 0 0 
0 0 0 0 
-4.89983e-06 -4.89983e-06 -4.89983e-06 -4.89983e-06 -4.89983e-06 
3.99343e-06 3.99343e-06 3.99343e-06 3.99343e-06 3.99343e-06 
1.665e-321 1.665e-321 1.665e-321 1.665e-321 1.665e-321 
2.40606e-316 2.40606e-316 2.40606e-316 2.40606e-316 2.40606e-316 
5.26084e-07 5.26084e-07 5.26084e-07 5.26084e-07 5.26084e-07 
-2.04893e-05 -2.04893e-05 -2.04893e-05 -2.04893e-05 -2.04893e-05 
3514.89 3514.89 3514.89 3514.89 3514.89 
0.00302165 0.00302165 0.00302165 0.00302165 0.00302165 
2.42092e-322 2.42092e-322 2.42092e-322 2.42092e-322 2.42092e-322 
R=2parameters: 
-0.683723 -0.683723 
0.0790163 0.0790163 
0.0438366 0.0438366 
-6.11218 -6.11218 
9.75079 9.75079 
5.03038e+175 5.03038e+175 
3.5936e+246 3.5936e+246 
2.14726e+243 2.14726e+243 
1.62512 1.62512 
6.72423e-321 6.72423e-321 6.72423e-321 
6.90967e-310 6.90967e-310 6.90967e-310 
6.90967e-310 6.90967e-310 6.90967e-310 
2.61568e-316 2.61568e-316 2.61568e-316 
2.61568e-316 2.61568e-316 2.61568e-316 
0.966515 0.966515 0.966515 
0.931399 0.931399 0.931399 
0.718435 0.718435 0.718435 
0.855479 0.855479 0.855479 
0.807185 0.807185 0.807185 0.807185 
0.761888 0.761888 0.761888 0.761888 
0.676507 0.676507 0.676507 0.676507 
0.63562 0.63562 0.63562 0.63562 
0.000551984 0.000551984 0.000551984 0.000551984 
-1.39851e-05 -1.39851e-05 -1.39851e-05 -1.39851e-05 
-0.170151 -0.170151 -0.170151 -0.170151 
0.102588 0.102588 0.102588 0.102588 
-0.0179796 -0.0179796 -0.0179796 -0.0179796 
-0.115483 -0.115483 -0.115483 
-0.302791 -0.302791 -0.302791 
-0.238853 -0.238853 -0.238853 
-0.241733 -0.241733 -0.241733 
-0.272549 -0.272549 -0.272549 
-0.313233 -0.313233 -0.313233 
-0.33402 -0.33402 -0.33402 
0.00054053 0.00054053 0.00054053 
-1.233e-05 -1.233e-05 -1.233e-05 
7.50071e-06 7.50071e-06 7.50071e-06 7.50071e-06 
0.887293 0.887293 0.887293 0.887293 
0.798598 0.798598 0.798598 0.798598 
0.906326 0.906326 0.906326 0.906326 
0.955037 0.955037 0.955037 0.955037 
2.43798e-316 2.43798e-316 2.43798e-316 2.43798e-316 
2.48721e-316 2.48721e-316 2.48721e-316 2.48721e-316 
2.60546e-316 2.60546e-316 2.60546e-316 2.60546e-316 
2.49284e-316 2.49284e-316 2.49284e-316 2.49284e-316 
2.49318e-316 2.49318e-316 2.49318e-316 2.49318e-316 2.49318e-316 
2.43799e-316 2.43799e-316 2.43799e-316 2.43799e-316 2.43799e-316 
-1.37624e-05 -1.37624e-05 -1.37624e-05 -1.37624e-05 -1.37624e-05 
1.05204e-05 1.05204e-05 1.05204e-05 1.05204e-05 1.05204e-05 
2.61569e-316 2.61569e-316 2.61569e-316 2.61569e-316 2.61569e-316 
1.28139e+06 1.28139e+06 1.28139e+06 1.28139e+06 1.28139e+06 
2.61299e-316 2.61299e-316 2.61299e-316 2.61299e-316 2.61299e-316 
2.17059e-05 2.17059e-05 2.17059e-05 2.17059e-05 2.17059e-05 
1.78863e-05 1.78863e-05 1.78863e-05 1.78863e-05 1.78863e-05 
R=3parameters: 
-0.570488 -0.570488 
0.0862759 0.0862759 
-6.00063e-05 -6.00063e-05 
0.114345 0.114345 
-0.110411 -0.110411 
5.03038e+175 5.03038e+175 
3.5936e+246 3.5936e+246 
2.14726e+243 2.14726e+243 
1.62512 1.62512 
6.72423e-321 6.72423e-321 6.72423e-321 
6.90967e-310 6.90967e-310 6.90967e-310 
6.90967e-310 6.90967e-310 6.90967e-310 
2.61568e-316 2.61568e-316 2.61568e-316 
2.61568e-316 2.61568e-316 2.61568e-316 
0.964657 0.964657 0.964657 
0.927798 0.927798 0.927798 
0.711163 0.711163 0.711163 
0.851186 0.851186 0.851186 
0.801906 0.801906 0.801906 0.801906 
0.755799 0.755799 0.755799 0.755799 
0.668015 0.668015 0.668015 0.668015 
0.626053 0.626053 0.626053 0.626053 
0.00134824 0.00134824 0.00134824 0.00134824 
-3.46188e-05 -3.46188e-05 -3.46188e-05 -3.46188e-05 
-0.136583 -0.136583 -0.136583 -0.136583 
0.120839 0.120839 0.120839 0.120839 
0.0015519 0.0015519 0.0015519 0.0015519 
-0.0873644 -0.0873644 -0.0873644 
-0.253985 -0.253985 -0.253985 
-0.203006 -0.203006 -0.203006 
-0.200368 -0.200368 -0.200368 
-0.225205 -0.225205 -0.225205 
-0.261376 -0.261376 -0.261376 
-0.283499 -0.283499 -0.283499 
0.00131813 0.00131813 0.00131813 
-2.98677e-05 -2.98677e-05 -2.98677e-05 
1.83942e-05 1.83942e-05 1.83942e-05 1.83942e-05 
0.915124 0.915124 0.915124 0.915124 
0.806524 0.806524 0.806524 0.806524 
0.912993 0.912993 0.912993 0.912993 
0.938032 0.938032 0.938032 0.938032 
0.930057 0.930057 0.930057 0.930057 
0.94763 0.94763 0.94763 0.94763 
0.943757 0.943757 0.943757 0.943757 
0 0 0 0 
3.21143e-322 3.21143e-322 3.21143e-322 3.21143e-322 3.21143e-322 
2.61591e-316 2.61591e-316 2.61591e-316 2.61591e-316 2.61591e-316 
2.42092e-322 2.42092e-322 2.42092e-322 2.42092e-322 2.42092e-322 
-3.58566 -3.58566 -3.58566 -3.58566 -3.58566 
0.00129056 0.00129056 0.00129056 0.00129056 0.00129056 
372780 372780 372780 372780 372780 
-6630.43 -6630.43 -6630.43 -6630.43 -6630.43 
0 0 0 0 0 
6.37345e-322 6.37345e-322 6.37345e-322 6.37345e-322 6.37345e-322 
R=4parameters: 
-0.657863 -0.657863 
0.092434 0.092434 
-9.88421e-05 -9.88421e-05 
0.158537 0.158537 
-0.15533 -0.15533 
5.03038e+175 5.03038e+175 
3.5936e+246 3.5936e+246 
2.14726e+243 2.14726e+243 
1.62512 1.62512 
2.37646e-321 2.37646e-321 2.37646e-321 
2.48252e-316 2.48252e-316 2.48252e-316 
2.48152e-316 2.48152e-316 2.48152e-316 
0.575705 0.575705 0.575705 
4.0696 4.0696 4.0696 
2.37152e-322 2.37152e-322 2.37152e-322 
2.37152e-322 2.37152e-322 2.37152e-322 
2.4847e-316 2.4847e-316 2.4847e-316 
0 0 0 
0 0 0 0 
0 0 0 0 
0.660435 0.660435 0.660435 0.660435 
0.61776 0.61776 0.61776 0.61776 
0.00254364 0.00254364 0.00254364 0.00254364 
-6.62215e-05 -6.62215e-05 -6.62215e-05 -6.62215e-05 
-0.106406 -0.106406 -0.106406 -0.106406 
0.137541 0.137541 0.137541 0.137541 
0.0192821 0.0192821 0.0192821 0.0192821 
-0.0622949 -0.0622949 -0.0622949 
-0.206086 -0.206086 -0.206086 
-0.167928 -0.167928 -0.167928 
-0.161456 -0.161456 -0.161456 
-0.180939 -0.180939 -0.180939 
-0.21187 -0.21187 -0.21187 
-0.234164 -0.234164 -0.234164 
0.00248316 0.00248316 0.00248316 
-5.59879e-05 -5.59879e-05 -5.59879e-05 
3.50573e-05 3.50573e-05 3.50573e-05 3.50573e-05 
0.927639 0.927639 0.927639 0.927639 
0.810137 0.810137 0.810137 0.810137 
2.40626e-316 2.40626e-316 2.40626e-316 2.40626e-316 
2.48206e-316 2.48206e-316 2.48206e-316 2.48206e-316 
2.4225e-316 2.4225e-316 2.4225e-316 2.4225e-316 
2.44051e-316 2.44051e-316 2.44051e-316 2.44051e-316 
2.49306e-316 2.49306e-316 2.49306e-316 2.49306e-316 
2.48152e-316 2.48152e-316 2.48152e-316 2.48152e-316 
2.48481e-316 2.48481e-316 2.48481e-316 2.48481e-316 2.48481e-316 
2.49268e-316 2.49268e-316 2.49268e-316 2.49268e-316 2.49268e-316 
0.00244798 0.00244798 0.00244798 0.00244798 0.00244798 
0.00241834 0.00241834 0.00241834 0.00241834 0.00241834 
0.00239697 0.00239697 0.00239697 0.00239697 0.00239697 
0.000123215 0.000123215 0.000123215 0.000123215 0.000123215 
2.6194e-316 2.6194e-316 2.6194e-316 2.6194e-316 2.6194e-316 
0 0 0 0 0 
2.122e-314 2.122e-314 2.122e-314 2.122e-314 2.122e-314 
R=5parameters: 
-0.641616 -0.641616 
0.0980655 0.0980655 
-0.000148856 -0.000148856 
0.192985 0.192985 
-0.189927 -0.189927 
5.03038e+175 5.03038e+175 
3.5936e+246 3.5936e+246 
2.14726e+243 2.14726e+243 
1.62512 1.62512 
6.72423e-321 6.72423e-321 6.72423e-321 
6.90967e-310 6.90967e-310 6.90967e-310 
6.90967e-310 6.90967e-310 6.90967e-310 
2.61568e-316 2.61568e-316 2.61568e-316 
2.61568e-316 2.61568e-316 2.61568e-316 
0.961216 0.961216 0.961216 
0.920876 0.920876 0.920876 
0.697825 0.697825 0.697825 
0.842158 0.842158 0.842158 
0.791443 0.791443 0.791443 0.791443 
0.743996 0.743996 0.743996 0.743996 
0.653693 0.653693 0.653693 0.653693 
0.610704 0.610704 0.610704 0.610704 
0.00406601 0.00406601 0.00406601 0.00406601 
-0.000106965 -0.000106965 -0.000106965 -0.000106965 
-0.0885548 -0.0885548 -0.0885548 -0.0885548 
0.151707 0.151707 0.151707 0.151707 
0.033834 0.033834 0.033834 0.033834 
-0.044474 -0.044474 -0.044474 
-0.178506 -0.178506 -0.178506 
-0.148239 -0.148239 -0.148239 
-0.139904 -0.139904 -0.139904 
-0.15653 -0.15653 -0.15653 
-0.182352 -0.182352 -0.182352 
-0.204606 -0.204606 -0.204606 
0.00396413 0.00396413 0.00396413 
-8.88604e-05 -8.88604e-05 -8.88604e-05 
5.64522e-05 5.64522e-05 5.64522e-05 5.64522e-05 
0.941956 0.941956 0.941956 0.941956 
0.814703 0.814703 0.814703 0.814703 
2.49821e-316 2.49821e-316 2.49821e-316 2.49821e-316 
2.44013e-316 2.44013e-316 2.44013e-316 2.44013e-316 
2.48106e-316 2.48106e-316 2.48106e-316 2.48106e-316 
2.48152e-316 2.48152e-316 2.48152e-316 2.48152e-316 
2.48544e-316 2.48544e-316 2.48544e-316 2.48544e-316 
2.48021e-316 2.48021e-316 2.48021e-316 2.48021e-316 
2.48437e-316 2.48437e-316 2.48437e-316 2.48437e-316 2.48437e-316 
2.49821e-316 2.49821e-316 2.49821e-316 2.49821e-316 2.49821e-316 
-9.92816e-05 -9.92816e-05 -9.92816e-05 -9.92816e-05 -9.92816e-05 
2.48164e-316 2.48164e-316 2.48164e-316 2.48164e-316 2.48164e-316 
2.61569e-316 2.61569e-316 2.61569e-316 2.61569e-316 2.61569e-316 
2.47033e-323 2.47033e-323 2.47033e-323 2.47033e-323 2.47033e-323 
2.6157e-316 2.6157e-316 2.6157e-316 2.6157e-316 2.6157e-316 
-0.000129034 -0.000129034 -0.000129034 -0.000129034 -0.000129034 
2.40976e-05 2.40976e-05 2.40976e-05 2.40976e-05 2.40976e-05 
R=6parameters: 
-0.624247 -0.624247 
0.103295 0.103295 
-0.000193194 -0.000193194 
0.225593 0.225593 
-0.223543 -0.223543 
5.03038e+175 5.03038e+175 
3.5936e+246 3.5936e+246 
2.14726e+243 2.14726e+243 
1.62512 1.62512 
6.72423e-321 6.72423e-321 6.72423e-321 
6.90967e-310 6.90967e-310 6.90967e-310 
6.90967e-310 6.90967e-310 6.90967e-310 
2.61568e-316 2.61568e-316 2.61568e-316 
2.61568e-316 2.61568e-316 2.61568e-316 
0.960091 0.960091 0.960091 
0.918566 0.918566 0.918566 
0.693445 0.693445 0.693445 
0.839185 0.839185 0.839185 
0.787757 0.787757 0.787757 0.787757 
0.740112 0.740112 0.740112 0.740112 
0.648896 0.648896 0.648896 0.648896 
0.605756 0.605756 0.605756 0.605756 
0.00577571 0.00577571 0.00577571 0.00577571 
-0.000153316 -0.000153316 -0.000153316 -0.000153316 
-0.0752145 -0.0752145 -0.0752145 -0.0752145 
0.162261 0.162261 0.162261 0.162261 
0.0442829 0.0442829 0.0442829 0.0442829 
-0.0309471 -0.0309471 -0.0309471 
-0.162337 -0.162337 -0.162337 
-0.133209 -0.133209 -0.133209 
-0.125795 -0.125795 -0.125795 
-0.141908 -0.141908 -0.141908 
-0.165817 -0.165817 -0.165817 
-0.187765 -0.187765 -0.187765 
0.00562527 0.00562527 0.00562527 
-0.000125673 -0.000125673 -0.000125673 
8.07379e-05 8.07379e-05 8.07379e-05 8.07379e-05 
0.953156 0.953156 0.953156 0.953156 
0.819136 0.819136 0.819136 0.819136 
0.923195 0.923195 0.923195 0.923195 
0.91092 0.91092 0.91092 0.91092 
0.924255 0.924255 0.924255 0.924255 
2.47789e-316 2.47789e-316 2.47789e-316 2.47789e-316 
2.49308e-316 2.49308e-316 2.49308e-316 2.49308e-316 
2.48263e-316 2.48263e-316 2.48263e-316 2.48263e-316 
2.40598e-316 2.40598e-316 2.40598e-316 2.40598e-316 2.40598e-316 
2.49309e-316 2.49309e-316 2.49309e-316 2.49309e-316 2.49309e-316 
-0.000140563 -0.000140563 -0.000140563 -0.000140563 -0.000140563 
0.000107867 0.000107867 0.000107867 0.000107867 0.000107867 
2.41448e-316 2.41448e-316 2.41448e-316 2.41448e-316 2.41448e-316 
2.43799e-316 2.43799e-316 2.43799e-316 2.43799e-316 2.43799e-316 
-562.365 -562.365 -562.365 -562.365 -562.365 
6551.4 6551.4 6551.4 6551.4 6551.4 
2.42092e-322 2.42092e-322 2.42092e-322 2.42092e-322 2.42092e-322 
R=7parameters: 
-0.606404 -0.606404 
0.108268 0.108268 
0.179017 0.179017 
-4.07705 -4.07705 
3.97658 3.97658 
5.03038e+175 5.03038e+175 
3.5936e+246 3.5936e+246 
2.14726e+243 2.14726e+243 
1.62512 1.62512 
6.72423e-321 6.72423e-321 6.72423e-321 
6.90967e-310 6.90967e-310 6.90967e-310 
6.90967e-310 6.90967e-310 6.90967e-310 
2.61568e-316 2.61568e-316 2.61568e-316 
2.61568e-316 2.61568e-316 2.61568e-316 
0.959342 0.959342 0.959342 
0.917001 0.917001 0.917001 
0.690069 0.690069 0.690069 
0.837258 0.837258 0.837258 
0.785218 0.785218 0.785218 0.785218 
0.737249 0.737249 0.737249 0.737249 
0.645235 0.645235 0.645235 0.645235 
0.601804 0.601804 0.601804 0.601804 
0.00750612 0.00750612 0.00750612 0.00750612 
-0.000201188 -0.000201188 -0.000201188 -0.000201188 
-0.0653867 -0.0653867 -0.0653867 -0.0653867 
0.169369 0.169369 0.169369 0.169369 
0.052321 0.052321 0.052321 0.052321 
-0.0205279 -0.0205279 -0.0205279 
-0.146888 -0.146888 -0.146888 
-0.122479 -0.122479 -0.122479 
-0.113953 -0.113953 -0.113953 
-0.128736 -0.128736 -0.128736 
-0.150001 -0.150001 -0.150001 
-0.172958 -0.172958 -0.172958 
0.00730543 0.00730543 0.00730543 
-0.000163416 -0.000163416 -0.000163416 
0.000105743 0.000105743 0.000105743 0.000105743 
0.961751 0.961751 0.961751 0.961751 
0.822376 0.822376 0.822376 0.822376 
0.925336 0.925336 0.925336 0.925336 
2.43248e-316 2.43248e-316 2.43248e-316 2.43248e-316 
2.48634e-316 2.48634e-316 2.48634e-316 2.48634e-316 
2.61595e-316 2.61595e-316 2.61595e-316 2.61595e-316 
3.53473e-06 3.53473e-06 3.53473e-06 3.53473e-06 
0 0 0 0 
2.42092e-322 2.42092e-322 2.42092e-322 2.42092e-322 2.42092e-322 
2.49309e-316 2.49309e-316 2.49309e-316 2.49309e-316 2.49309e-316 
-0.000182719 -0.000182719 -0.000182719 -0.000182719 -0.000182719 
2.4849e-316 2.4849e-316 2.4849e-316 2.4849e-316 2.4849e-316 
2.48019e-316 2.48019e-316 2.48019e-316 2.48019e-316 2.48019e-316 
2.4143e-316 2.4143e-316 2.4143e-316 2.4143e-316 2.4143e-316 
2.61597e-316 2.61597e-316 2.61597e-316 2.61597e-316 2.61597e-316 
48935 48935 48935 48935 48935 
0 0 0 0 0 
R=8parameters: 
-0.589776 -0.589776 
0.1129 0.1129 
-0.0466771 -0.0466771 
-4.9312 -4.9312 
7.2841 7.2841 
5.03038e+175 5.03038e+175 
3.5936e+246 3.5936e+246 
2.14726e+243 2.14726e+243 
1.62512 1.62512 
4.00193e-322 4.00193e-322 4.00193e-322 
6.3858e-320 6.3858e-320 6.3858e-320 
2.48544e-316 2.48544e-316 2.48544e-316 
0.0956961 0.0956961 0.0956961 
2.49794e-316 2.49794e-316 2.49794e-316 
2.48728e-316 2.48728e-316 2.48728e-316 
2.48227e-316 2.48227e-316 2.48227e-316 
25312.2 25312.2 25312.2 
-1993.94 -1993.94 -1993.94 
340.483 340.483 340.483 340.483 
6.32898e-321 6.32898e-321 6.32898e-321 6.32898e-321 
0.642836 0.642836 0.642836 0.642836 
0.599278 0.599278 0.599278 0.599278 
0.00907784 0.00907784 0.00907784 0.00907784 
-0.000245316 -0.000245316 -0.000245316 -0.000245316 
-0.0572123 -0.0572123 -0.0572123 -0.0572123 
0.174905 0.174905 0.174905 0.174905 
0.0579293 0.0579293 0.0579293 0.0579293 
-0.0121096 -0.0121096 -0.0121096 
-0.137126 -0.137126 -0.137126 
-0.114005 -0.114005 -0.114005 
-0.105865 -0.105865 -0.105865 
-0.119573 -0.119573 -0.119573 
-0.140955 -0.140955 -0.140955 
-0.164989 -0.164989 -0.164989 
0.00883058 0.00883058 0.00883058 
-0.000197842 -0.000197842 -0.000197842 
0.000128693 0.000128693 0.000128693 0.000128693 
0.966878 0.966878 0.966878 0.966878 
0.824065 0.824065 0.824065 0.824065 
0.9268 0.9268 0.9268 0.9268 
0.900909 0.900909 0.900909 0.900909 
0.923492 0.923492 0.923492 0.923492 
2.50124e-316 2.50124e-316 2.50124e-316 2.50124e-316 
0 0 0 0 
0 0 0 0 
0 0 0 0 0 
2.61575e-316 2.61575e-316 2.61575e-316 2.61575e-316 2.61575e-316 
2.44645e-316 2.44645e-316 2.44645e-316 2.44645e-316 2.44645e-316 
2.48081e-316 2.48081e-316 2.48081e-316 2.48081e-316 2.48081e-316 
2.62865e-316 2.62865e-316 2.62865e-316 2.62865e-316 2.62865e-316 
2.48646e-316 2.48646e-316 2.48646e-316 2.48646e-316 2.48646e-316 
2.48483e-316 2.48483e-316 2.48483e-316 2.48483e-316 2.48483e-316 
-14821.1 -14821.1 -14821.1 -14821.1 -14821.1 
8490.42 8490.42 8490.42 8490.42 8490.42 
R=9parameters: 
-0.577148 -0.577148 
0.116627 0.116627 
-0.000300046 -0.000300046 
0.279705 0.279705 
-0.280343 -0.280343 
5.03038e+175 5.03038e+175 
3.5936e+246 3.5936e+246 
2.14726e+243 2.14726e+243 
1.62512 1.62512 
3.72031e-321 3.72031e-321 3.72031e-321 
6.90967e-310 6.90967e-310 6.90967e-310 
6.90967e-310 6.90967e-310 6.90967e-310 
2.6155e-316 2.6155e-316 2.6155e-316 
2.62835e-316 2.62835e-316 2.62835e-316 
2.62835e-316 2.62835e-316 2.62835e-316 
2.62834e-316 2.62834e-316 2.62834e-316 
0.719771 0.719771 0.719771 
16.8955 16.8955 16.8955 
17.35 17.35 17.35 17.35 
2.37646e-321 2.37646e-321 2.37646e-321 2.37646e-321 
0.64007 0.64007 0.64007 0.64007 
0.596503 0.596503 0.596503 0.596503 
0.0103285 0.0103285 0.0103285 0.0103285 
-0.000280912 -0.000280912 -0.000280912 -0.000280912 
-0.0534025 -0.0534025 -0.0534025 -0.0534025 
0.179045 0.179045 0.179045 0.179045 
0.0616559 0.0616559 0.0616559 0.0616559 
-0.00698987 -0.00698987 -0.00698987 
-0.132658 -0.132658 -0.132658 
-0.110929 -0.110929 -0.110929 
-0.102577 -0.102577 -0.102577 
-0.11602 -0.11602 -0.11602 
-0.136986 -0.136986 -0.136986 
-0.160007 -0.160007 -0.160007 
0.0100419 0.0100419 0.0100419 
-0.000225295 -0.000225295 -0.000225295 
0.000147338 0.000147338 0.000147338 0.000147338 
0.969065 0.969065 0.969065 0.969065 
0.824451 0.824451 0.824451 0.824451 
0.92708 0.92708 0.92708 0.92708 
2.49798e-316 2.49798e-316 2.49798e-316 2.49798e-316 
2.49798e-316 2.49798e-316 2.49798e-316 2.49798e-316 
0 0 0 0 
0 0 0 0 
7.4735e-05 7.4735e-05 7.4735e-05 7.4735e-05 
3.27274e-05 3.27274e-05 3.27274e-05 3.27274e-05 3.27274e-05 
2.54927e-05 2.54927e-05 2.54927e-05 2.54927e-05 2.54927e-05 
1.58101e-322 1.58101e-322 1.58101e-322 1.58101e-322 1.58101e-322 
6.90965e-310 6.90965e-310 6.90965e-310 6.90965e-310 6.90965e-310 
2.122e-314 2.122e-314 2.122e-314 2.122e-314 2.122e-314 
1.97626e-323 1.97626e-323 1.97626e-323 1.97626e-323 1.97626e-323 
1.63042e-322 1.63042e-322 1.63042e-322 1.63042e-322 1.63042e-322 
6.90965e-310 6.90965e-310 6.90965e-310 6.90965e-310 6.90965e-310 
2.122e-314 2.122e-314 2.122e-314 2.122e-314 2.122e-314 
R=10parameters: 
-0.568255 -0.568255 
0.119416 0.119416 
-0.000316852 -0.000316852 
0.291806 0.291806 
-0.295359 -0.295359 
5.03038e+175 5.03038e+175 
3.5936e+246 3.5936e+246 
2.14726e+243 2.14726e+243 
1.62512 1.62512 
6.72423e-321 6.72423e-321 6.72423e-321 
6.90967e-310 6.90967e-310 6.90967e-310 
6.90967e-310 6.90967e-310 6.90967e-310 
2.61568e-316 2.61568e-316 2.61568e-316 
2.61568e-316 2.61568e-316 2.61568e-316 
0.957793 0.957793 0.957793 
0.913933 0.913933 0.913933 
0.683155 0.683155 0.683155 
0.83335 0.83335 0.83335 
0.780267 0.780267 0.780267 0.780267 
0.731686 0.731686 0.731686 0.731686 
0.63816 0.63816 0.63816 0.63816 
0.594469 0.594469 0.594469 0.594469 
0.0111338 0.0111338 0.0111338 0.0111338 
-0.000304204 -0.000304204 -0.000304204 -0.000304204 
-0.0511234 -0.0511234 -0.0511234 -0.0511234 
0.181457 0.181457 0.181457 0.181457 
0.0636366 0.0636366 0.0636366 0.0636366 
-0.00372965 -0.00372965 -0.00372965 
-0.131628 -0.131628 -0.131628 
-0.109818 -0.109818 -0.109818 
-0.102401 -0.102401 -0.102401 
-0.115958 -0.115958 -0.115958 
-0.135256 -0.135256 -0.135256 
-0.157248 -0.157248 -0.157248 
0.0108223 0.0108223 0.0108223 
-0.000243204 -0.000243204 -0.000243204 
0.000159805 0.000159805 0.000159805 0.000159805 
0.969929 0.969929 0.969929 0.969929 
0.824786 0.824786 0.824786 0.824786 
0.926761 0.926761 0.926761 0.926761 
0.897781 0.897781 0.897781 0.897781 
0.924307 0.924307 0.924307 0.924307 
2.50195e-316 2.50195e-316 2.50195e-316 2.50195e-316 
2.42092e-322 2.42092e-322 2.42092e-322 2.42092e-322 
0.000914158 0.000914158 0.000914158 0.000914158 
2.61655e-316 2.61655e-316 2.61655e-316 2.61655e-316 2.61655e-316 
0.0101399 0.0101399 0.0101399 0.0101399 0.0101399 
-3710.6 -3710.6 -3710.6 -3710.6 -3710.6 
-9075.8 -9075.8 -9075.8 -9075.8 -9075.8 
24484.7 24484.7 24484.7 24484.7 24484.7 
-7129.1 -7129.1 -7129.1 -7129.1 -7129.1 
-8322.18 -8322.18 -8322.18 -8322.18 -8322.18 
2.83794e+06 2.83794e+06 2.83794e+06 2.83794e+06 2.83794e+06 
0 0 0 0 0 
R=11parameters: 
-0.565281 -0.565281 
0.120439 0.120439 
-0.000333385 -0.000333385 
0.29084 0.29084 
-0.294294 -0.294294 
5.03038e+175 5.03038e+175 
3.5936e+246 3.5936e+246 
2.14726e+243 2.14726e+243 
1.62512 1.62512 
6.72423e-321 6.72423e-321 6.72423e-321 
2.61587e-316 2.61587e-316 2.61587e-316 
6.90967e-310 6.90967e-310 6.90967e-310 
2.61587e-316 2.61587e-316 2.61587e-316 
2.61587e-316 2.61587e-316 2.61587e-316 
0.957778 0.957778 0.957778 
0.913848 0.913848 0.913848 
0.682869 0.682869 0.682869 
0.833258 0.833258 0.833258 
0.780158 0.780158 0.780158 0.780158 
0.73159 0.73159 0.73159 0.73159 
0.637855 0.637855 0.637855 0.637855 
0.594128 0.594128 0.594128 0.594128 
0.0114116 0.0114116 0.0114116 0.0114116 
-0.000312208 -0.000312208 -0.000312208 -0.000312208 
-0.0514069 -0.0514069 -0.0514069 -0.0514069 
0.181345 0.181345 0.181345 0.181345 
0.0634009 0.0634009 0.0634009 0.0634009 
-0.00326107 -0.00326107 -0.00326107 
-0.133675 -0.133675 -0.133675 
-0.111049 -0.111049 -0.111049 
-0.103457 -0.103457 -0.103457 
-0.117447 -0.117447 -0.117447 
-0.136531 -0.136531 -0.136531 
-0.158574 -0.158574 -0.158574 
0.0110917 0.0110917 0.0110917 
-0.000249622 -0.000249622 -0.000249622 
0.00016456 0.00016456 0.00016456 0.00016456 
0.969556 0.969556 0.969556 0.969556 
0.824991 0.824991 0.824991 0.824991 
0.92662 0.92662 0.92662 0.92662 
0.89686 0.89686 0.89686 0.89686 
2.48729e-316 2.48729e-316 2.48729e-316 2.48729e-316 
2.49317e-316 2.49317e-316 2.49317e-316 2.49317e-316 
2.42092e-322 2.42092e-322 2.42092e-322 2.42092e-322 
36334.2 36334.2 36334.2 36334.2 
326862 326862 326862 326862 326862 
2.93974e+06 2.93974e+06 2.93974e+06 2.93974e+06 2.93974e+06 
-0.000279662 -0.000279662 -0.000279662 -0.000279662 -0.000279662 
6.90965e-310 6.90965e-310 6.90965e-310 6.90965e-310 6.90965e-310 
2.61627e-316 2.61627e-316 2.61627e-316 2.61627e-316 2.61627e-316 
2.61598e-316 2.61598e-316 2.61598e-316 2.61598e-316 2.61598e-316 
1.63042e-322 1.63042e-322 1.63042e-322 1.63042e-322 1.63042e-322 
6.90965e-310 6.90965e-310 6.90965e-310 6.90965e-310 6.90965e-310 
2.122e-314 2.122e-314 2.122e-314 2.122e-314 2.122e-314 
T Models:
(* Fitting with shape 1 1 1 1 1 1 1 1 1 1 0 0 *)
G[T_,xx_]:=Exp[0+xx[[1]]*T^1+xx[[2]]*T^2]*(1)
(* Fitting with shape 1 1 1 1 1 1 1 1 1 1 1 0 *)
G[T_,xx_]:=Exp[0+xx[[1]]*T^1+xx[[2]]*T^2]*(1)
(* Fitting with shape 1 1 1 1 1 1 1 1 1 1 1 1 *)
G[T_,xx_]:=Exp[0+xx[[1]]*T^1+xx[[2]]*T^2]*(1)
(* Fitting with shape 0 1 1 1 1 1 1 1 1 1 0 0 *)
G[T_,xx_]:=Exp[0+xx[[1]]*T^1+xx[[2]]*T^2]*(1)
(* Fitting with shape 0 1 1 1 1 1 1 1 1 1 1 0 *)
G[T_,xx_]:=Exp[0+xx[[1]]*T^1+xx[[2]]*T^2]*(1)
(* Fitting with shape 0 1 1 1 1 1 1 1 1 1 1 1 *)
G[T_,xx_]:=Exp[0+xx[[1]]*T^1+xx[[2]]*T^2]*(1)
(* Fitting with shape 0 0 1 1 1 1 1 1 1 1 0 0 *)
G[T_,xx_]:=Exp[0+xx[[1]]*T^1+xx[[2]]*T^2]*(1)
(* Fitting with shape 0 0 1 1 1 1 1 1 1 1 1 0 *)
G[T_,xx_]:=Exp[0+xx[[1]]*T^1+xx[[2]]*T^2]*(1)
(* Fitting with shape 0 0 1 1 1 1 1 1 1 1 1 1 *)
G[T_,xx_]:=Exp[0+xx[[1]]*T^1+xx[[2]]*T^2]*(1)
(* Fitting with shape 1 1 1 1 1 1 1 1 1 1 0 0 *)
G[T_,xx_]:=Exp[0+xx[[1]]*T^1+xx[[2]]*T^2]*(1+xx[[3]]/(T^1))
(* Fitting with shape 1 1 1 1 1 1 1 1 1 1 1 0 *)
G[T_,xx_]:=Exp[0+xx[[1]]*T^1+xx[[2]]*T^2]*(1+xx[[3]]/(T^1))
(* Fitting with shape 1 1 1 1 1 1 1 1 1 1 1 1 *)
G[T_,xx_]:=Exp[0+xx[[1]]*T^1+xx[[2]]*T^2]*(1+xx[[3]]/(T^1))
(* Fitting with shape 0 1 1 1 1 1 1 1 1 1 0 0 *)
G[T_,xx_]:=Exp[0+xx[[1]]*T^1+xx[[2]]*T^2]*(1+xx[[3]]/(T^1))
(* Fitting with shape 0 1 1 1 1 1 1 1 1 1 1 0 *)
G[T_,xx_]:=Exp[0+xx[[1]]*T^1+xx[[2]]*T^2]*(1+xx[[3]]/(T^1))
(* Fitting with shape 0 1 1 1 1 1 1 1 1 1 1 1 *)
G[T_,xx_]:=Exp[0+xx[[1]]*T^1+xx[[2]]*T^2]*(1+xx[[3]]/(T^1))
(* Fitting with shape 0 0 1 1 1 1 1 1 1 1 0 0 *)
G[T_,xx_]:=Exp[0+xx[[1]]*T^1+xx[[2]]*T^2]*(1+xx[[3]]/(T^1))
(* Fitting with shape 0 0 1 1 1 1 1 1 1 1 1 0 *)
G[T_,xx_]:=Exp[0+xx[[1]]*T^1+xx[[2]]*T^2]*(1+xx[[3]]/(T^1))
(* Fitting with shape 0 0 1 1 1 1 1 1 1 1 1 1 *)
G[T_,xx_]:=Exp[0+xx[[1]]*T^1+xx[[2]]*T^2]*(1+xx[[3]]/(T^1))
(* Fitting with shape 1 1 1 1 1 1 1 1 1 1 0 0 *)
G[T_,xx_]:=Exp[0+xx[[1]]*T^1+xx[[2]]*T^2]*(1+xx[[3]]/(T^1)+xx[[4]]/(T^2))
(* Fitting with shape 1 1 1 1 1 1 1 1 1 1 1 0 *)
G[T_,xx_]:=Exp[0+xx[[1]]*T^1+xx[[2]]*T^2]*(1+xx[[3]]/(T^1)+xx[[4]]/(T^2))
(* Fitting with shape 1 1 1 1 1 1 1 1 1 1 1 1 *)
G[T_,xx_]:=Exp[0+xx[[1]]*T^1+xx[[2]]*T^2]*(1+xx[[3]]/(T^1)+xx[[4]]/(T^2))
(* Fitting with shape 0 1 1 1 1 1 1 1 1 1 0 0 *)
G[T_,xx_]:=Exp[0+xx[[1]]*T^1+xx[[2]]*T^2]*(1+xx[[3]]/(T^1)+xx[[4]]/(T^2))
(* Fitting with shape 0 1 1 1 1 1 1 1 1 1 1 0 *)
G[T_,xx_]:=Exp[0+xx[[1]]*T^1+xx[[2]]*T^2]*(1+xx[[3]]/(T^1)+xx[[4]]/(T^2))
(* Fitting with shape 0 1 1 1 1 1 1 1 1 1 1 1 *)
G[T_,xx_]:=Exp[0+xx[[1]]*T^1+xx[[2]]*T^2]*(1+xx[[3]]/(T^1)+xx[[4]]/(T^2))
(* Fitting with shape 0 0 1 1 1 1 1 1 1 1 0 0 *)
G[T_,xx_]:=Exp[0+xx[[1]]*T^1+xx[[2]]*T^2]*(1+xx[[3]]/(T^1)+xx[[4]]/(T^2))
(* Fitting with shape 0 0 1 1 1 1 1 1 1 1 1 0 *)
G[T_,xx_]:=Exp[0+xx[[1]]*T^1+xx[[2]]*T^2]*(1+xx[[3]]/(T^1)+xx[[4]]/(T^2))
(* Fitting with shape 0 0 1 1 1 1 1 1 1 1 1 1 *)
G[T_,xx_]:=Exp[0+xx[[1]]*T^1+xx[[2]]*T^2]*(1+xx[[3]]/(T^1)+xx[[4]]/(T^2))
(* Fitting with shape 1 1 1 1 1 1 1 1 1 1 0 0 *)
G[T_,xx_]:=Exp[0+xx[[1]]*T^1+xx[[2]]*T^2+xx[[3]]*T^3]*(1)
(* Fitting with shape 1 1 1 1 1 1 1 1 1 1 1 0 *)
G[T_,xx_]:=Exp[0+xx[[1]]*T^1+xx[[2]]*T^2+xx[[3]]*T^3]*(1)
(* Fitting with shape 1 1 1 1 1 1 1 1 1 1 1 1 *)
G[T_,xx_]:=Exp[0+xx[[1]]*T^1+xx[[2]]*T^2+xx[[3]]*T^3]*(1)
(* Fitting with shape 0 1 1 1 1 1 1 1 1 1 0 0 *)
G[T_,xx_]:=Exp[0+xx[[1]]*T^1+xx[[2]]*T^2+xx[[3]]*T^3]*(1)
(* Fitting with shape 0 1 1 1 1 1 1 1 1 1 1 0 *)
G[T_,xx_]:=Exp[0+xx[[1]]*T^1+xx[[2]]*T^2+xx[[3]]*T^3]*(1)
(* Fitting with shape 0 1 1 1 1 1 1 1 1 1 1 1 *)
G[T_,xx_]:=Exp[0+xx[[1]]*T^1+xx[[2]]*T^2+xx[[3]]*T^3]*(1)
(* Fitting with shape 0 0 1 1 1 1 1 1 1 1 0 0 *)
G[T_,xx_]:=Exp[0+xx[[1]]*T^1+xx[[2]]*T^2+xx[[3]]*T^3]*(1)
(* Fitting with shape 0 0 1 1 1 1 1 1 1 1 1 0 *)
G[T_,xx_]:=Exp[0+xx[[1]]*T^1+xx[[2]]*T^2+xx[[3]]*T^3]*(1)
(* Fitting with shape 0 0 1 1 1 1 1 1 1 1 1 1 *)
G[T_,xx_]:=Exp[0+xx[[1]]*T^1+xx[[2]]*T^2+xx[[3]]*T^3]*(1)
(* Fitting with shape 1 1 1 1 1 1 1 1 1 1 0 0 *)
G[T_,xx_]:=Exp[0+xx[[1]]*T^1+xx[[2]]*T^2+xx[[3]]*T^3]*(1+xx[[4]]/(T^1))
(* Fitting with shape 1 1 1 1 1 1 1 1 1 1 1 0 *)
G[T_,xx_]:=Exp[0+xx[[1]]*T^1+xx[[2]]*T^2+xx[[3]]*T^3]*(1+xx[[4]]/(T^1))
(* Fitting with shape 1 1 1 1 1 1 1 1 1 1 1 1 *)
G[T_,xx_]:=Exp[0+xx[[1]]*T^1+xx[[2]]*T^2+xx[[3]]*T^3]*(1+xx[[4]]/(T^1))
(* Fitting with shape 0 1 1 1 1 1 1 1 1 1 0 0 *)
G[T_,xx_]:=Exp[0+xx[[1]]*T^1+xx[[2]]*T^2+xx[[3]]*T^3]*(1+xx[[4]]/(T^1))
(* Fitting with shape 0 1 1 1 1 1 1 1 1 1 1 0 *)
G[T_,xx_]:=Exp[0+xx[[1]]*T^1+xx[[2]]*T^2+xx[[3]]*T^3]*(1+xx[[4]]/(T^1))
(* Fitting with shape 0 1 1 1 1 1 1 1 1 1 1 1 *)
G[T_,xx_]:=Exp[0+xx[[1]]*T^1+xx[[2]]*T^2+xx[[3]]*T^3]*(1+xx[[4]]/(T^1))
(* Fitting with shape 0 0 1 1 1 1 1 1 1 1 0 0 *)
G[T_,xx_]:=Exp[0+xx[[1]]*T^1+xx[[2]]*T^2+xx[[3]]*T^3]*(1+xx[[4]]/(T^1))
(* Fitting with shape 0 0 1 1 1 1 1 1 1 1 1 0 *)
G[T_,xx_]:=Exp[0+xx[[1]]*T^1+xx[[2]]*T^2+xx[[3]]*T^3]*(1+xx[[4]]/(T^1))
(* Fitting with shape 0 0 1 1 1 1 1 1 1 1 1 1 *)
G[T_,xx_]:=Exp[0+xx[[1]]*T^1+xx[[2]]*T^2+xx[[3]]*T^3]*(1+xx[[4]]/(T^1))
(* Fitting with shape 1 1 1 1 1 1 1 1 1 1 0 0 *)
G[T_,xx_]:=Exp[0+xx[[1]]*T^1+xx[[2]]*T^2+xx[[3]]*T^3]*(1+xx[[4]]/(T^1)+xx[[5]]/(T^2))
(* Fitting with shape 1 1 1 1 1 1 1 1 1 1 1 0 *)
G[T_,xx_]:=Exp[0+xx[[1]]*T^1+xx[[2]]*T^2+xx[[3]]*T^3]*(1+xx[[4]]/(T^1)+xx[[5]]/(T^2))
(* Fitting with shape 1 1 1 1 1 1 1 1 1 1 1 1 *)
G[T_,xx_]:=Exp[0+xx[[1]]*T^1+xx[[2]]*T^2+xx[[3]]*T^3]*(1+xx[[4]]/(T^1)+xx[[5]]/(T^2))
(* Fitting with shape 0 1 1 1 1 1 1 1 1 1 0 0 *)
G[T_,xx_]:=Exp[0+xx[[1]]*T^1+xx[[2]]*T^2+xx[[3]]*T^3]*(1+xx[[4]]/(T^1)+xx[[5]]/(T^2))
(* Fitting with shape 0 1 1 1 1 1 1 1 1 1 1 0 *)
G[T_,xx_]:=Exp[0+xx[[1]]*T^1+xx[[2]]*T^2+xx[[3]]*T^3]*(1+xx[[4]]/(T^1)+xx[[5]]/(T^2))
(* Fitting with shape 0 1 1 1 1 1 1 1 1 1 1 1 *)
G[T_,xx_]:=Exp[0+xx[[1]]*T^1+xx[[2]]*T^2+xx[[3]]*T^3]*(1+xx[[4]]/(T^1)+xx[[5]]/(T^2))
(* Fitting with shape 0 0 1 1 1 1 1 1 1 1 0 0 *)
G[T_,xx_]:=Exp[0+xx[[1]]*T^1+xx[[2]]*T^2+xx[[3]]*T^3]*(1+xx[[4]]/(T^1)+xx[[5]]/(T^2))
(* Fitting with shape 0 0 1 1 1 1 1 1 1 1 1 0 *)
G[T_,xx_]:=Exp[0+xx[[1]]*T^1+xx[[2]]*T^2+xx[[3]]*T^3]*(1+xx[[4]]/(T^1)+xx[[5]]/(T^2))
(* Fitting with shape 0 0 1 1 1 1 1 1 1 1 1 1 *)
G[T_,xx_]:=Exp[0+xx[[1]]*T^1+xx[[2]]*T^2+xx[[3]]*T^3]*(1+xx[[4]]/(T^1)+xx[[5]]/(T^2))
Probabilities: 
        0         0         0         0         0         0         0         0         0         0         0         0         0         0         0         0         0         0         0         0         0         0         0         0         0         0         0         0         0         0         0         0         0         0         0         0         0         0         0         0         0         0         0         0         0         0         0         0         0         0         0         1         0         0
        0         0         0         0         0         0         0         0         0         0         0         0         0         0         0         0         0         0         0         0         0         0         0         0 0.0516017         0         0         0         0         0         0         0         0         0         0         0         0         0         0         0         0         0  0.364343         0         0         0         0         0         0         0         0  0.584055         0         0
        0         0         0         0         0         0         0         0         0         0         0         0         0         0         0         0         0         0         0         0         0         0         0         0 0.0971155         0         0         0         0         0         0         0         0         0         0         0         0         0         0         0         0         0         0         0         0         0         0         0         0         0         0  0.902885         0         0
        0         0         0         0         0         0         0         0         0         0         0         0         0         0         0         0         0         0         0         0         0         0         0         0         1         0         0         0         0         0         0         0         0         0         0         0         0         0         0         0         0         0         0         0         0         0         0         0         0         0         0         0         0         0
        0         0         0         0         0         0         0         0         0         0         0         0         0         0         0         0         0         0         0         0         0         0         0         0         0         0         0         0         0         0         0         0         0         0         0         0         0         0         0         0         0         0         1         0         0         0         0         0         0         0         0         0         0         0
        0         0         0         0         0         0         0         0         0         0         0         0         0         0         0         0         0         0         0         0         0         0         0         0 0.0526353         0         0         0         0         0         0         0         0         0         0         0         0         0         0         0         0         0  0.947365         0         0         0         0         0         0         0         0         0         0         0
        0         0         0         0         0         0         0         0         0         0         0         0         0         0         0         0         0         0         0         0         0         0         0         0         0         0         0         0         0         0         0         0         0         0         0         0         0         0         0         0         0         0         1         0         0         0         0         0         0         0         0         0         0         0
        0         0         0         0         0         0         0         0         0         0         0         0         0         0         0         0         0         0         0         0         0         0         0         0         1         0         0         0         0         0         0         0         0         0         0         0         0         0         0         0         0         0         0         0         0         0         0         0         0         0         0         0         0         0
        0         0         0         0         0         0         0         0         0         0         0         0         0         0         0         0         0         0         0         0         0         0         0         0 0.0688354         0         0         0         0         0         0         0         0  0.325015         0         0         0         0         0         0         0         0  0.606149         0         0         0         0         0         0         0         0         0         0         0
        0         0         0         0         0         0         0         0         0         0         0         0         0         0         0         0         0         0         0         0         0         0         0         0         0         0         0         0         0         0         0         0         0         0         0         0         0         0         0         0         0         0  0.696993         0         0         0         0         0         0         0         0  0.303007         0         0
        0         0         0         0         0         0         0         0         0         0         0         0         0         0         0         0         0         0         0         0         0         0         0         0 0.0836925         0         0         0         0         0         0         0         0         0         0         0         0         0         0         0         0         0  0.636309         0         0         0         0         0         0         0         0  0.279999         0         0
        0         0         0         0         0         0         0         0         0         0         0         0         0         0         0         0         0         0         0         0         0         0         0         0  0.109932         0         0         0         0         0         0         0         0         0         0         0         0         0         0         0         0         0  0.890068         0         0         0         0         0         0         0         0         0         0         0

Values: 
   0.14972   0.146588   0.103894   0.259012   0.156053   0.151151   0.268453   0.115487  0.0488424   0.248476  0.0487896  0.0487891   0.037785  0.0378321  0.0378207   0.630172  0.0484506   0.597906  0.0819796  0.0484285  0.0484302  0.0482812  0.0482753   0.048273 -0.0383961  0.0481744  0.0481681    1.16729    1.16608    1.16285    1.14718  0.0500369   0.126191    1.05474    1.06788     1.0656   0.853659   0.851777   0.870624  0.0494164  0.0493141  0.0492087   0.579966    1.01151  0.0490048   0.631761  0.0490927  0.0489895  0.0488848    1.18351 -0.0890642  0.0486359  0.0485592  0.0484526
 0.0687998  0.0686982  0.0686237   0.298943  0.0689369   0.068877   0.234105     0.2414  0.0688399   0.047823  0.0688906    0.06884   0.274457   0.093756  0.0685534  0.0685336  0.0684677  0.0684212  0.0684731  0.0683973   0.068353  0.0681791  0.0681283  0.0680872  0.0679444  0.0679108   0.109119    1.13494     1.1343    1.15104    1.28559  0.0719737    1.29181   0.612239    1.07158    1.01034   0.108595  0.0712674   0.070965   0.981588  0.0705506    1.00703  0.0703084   0.751219  0.0698681  0.0702768     0.1658    0.87405    1.02002   0.069532    3.57178  0.0693936  0.0690781    1.12291
 0.0794253  0.0790163  0.0788717  0.0799069   0.282566   0.160064   0.213468    0.18025   0.155715  0.0799598  0.0796017  0.0794949   0.245174   0.125153  0.0792371   0.485042  0.0791639   0.418761   0.258277    0.07905  0.0789601  0.0787186   0.164313   0.163752  0.0782664  0.0781947  0.0781439    1.14822    1.14799    1.14562    1.22261    1.22935    1.25999    1.07018    1.16468    1.09688   0.084379  0.0840248   0.372903    0.92003   0.920802  0.0824335   0.336602  0.0823314  0.0818103   0.905541   0.904324   0.411263   0.841338   -1.29583   0.910694  0.0815951  0.0807445  0.0798037
 0.0963833  0.0862759  0.0860075   0.108401  0.0870426   0.099628   0.088129  0.0873256   0.123154  0.0880332   0.131982  0.0872385  0.0875295  0.0871038  0.0869273   0.178077  0.0868702  0.0867202  0.0870412  0.0867067   0.086557   0.209655   0.358435   0.359867  0.0855445  0.0854194   0.160384    1.12099   0.427511    1.10412    1.20267    1.21136    1.21432    1.00841    1.02469   0.994544  0.0944518  0.0939696   0.624046  0.0929263    1.15359  0.0917789    1.00432   0.982146  0.0909002  0.0920853   0.877621   0.090868   0.168647  0.0906113  0.0895187    1.65594  0.0897612   0.088079
 0.0936276   0.092434  0.0920785   0.499042  0.0935379   0.133807   0.175934   0.111776  0.0936887  0.0949917     0.0941  0.0939055  0.0943129  0.0937114   0.243998   0.167801  0.0934165  0.0932413   0.415606   0.278787   0.264316  0.0926273   0.653564   0.659464   0.523328  0.0914518  0.0913392    1.14566    1.15241    1.15053    1.11404    1.10829    1.10778   0.984945    1.31559    1.31567   0.166796    0.10268   0.499103   0.101459   0.920579   0.915488   0.100675   0.100031  0.0989439  -0.138705  0.0998913   0.879771  -0.398277   0.926248  0.0972842   0.974686   0.098076  0.0954595
 0.0997005  0.0980655   0.097574   0.140062   0.106533   0.133924   0.101552   0.100057  0.0997328   0.101396   0.100257   0.100024   0.230569  0.0996742  0.0994429  0.0997758   0.420568   0.433415  0.0996445  0.0990398   0.421286   0.464971  0.0979917  0.0978097  0.0970685   0.418972   0.819087   0.988643    1.14184   0.112303    1.23783   0.112592    1.14164   0.985469    1.03274    1.03262   0.899883   0.967181   0.227728   0.109151   0.108495   0.107454   0.108358    1.34425   0.634627   0.880722   0.882064   0.885653   0.107581   0.106372   0.819624     1.2648    0.10574   0.102042
  0.105363   0.103295   0.102628   0.826725   0.105378    0.10499   0.107502   0.353069   0.105406   0.107342   0.106031   0.105766      0.106   0.124642   0.130422    0.54674   0.104615   0.104396   0.105055    0.10432   0.336175   0.103524   0.239371    0.25587   0.377319   0.101629   0.101518    1.14061   0.381923    1.12785    1.22892    1.38462    1.34517  -0.572955    1.09479    1.09458   0.934495   0.964365    0.24692   0.939824   0.474387   0.832309   0.115373   0.114496   0.958858   0.877063    0.87897   0.112713    1.23563   0.113428   0.826509 -0.0845601    0.11318   0.552571
  0.110641   0.108268   0.107499   0.169297   0.118517   0.111574   0.220203   0.111091   0.158487   0.112705    0.11135   0.111118   0.329837   0.109982   0.208752   0.110026   0.109366   0.109161   0.109897   0.109065   0.108853   0.308203   0.107633   0.107431   0.106392   0.556056   0.105898      1.009    1.03828    1.07738    1.21445    1.19934   0.125067    0.99003    1.09717     1.0682   0.967211   0.123471   0.972016    1.13097   0.121188   0.119869   0.726745   0.120357   0.118319   0.873667   0.874995   0.881292   0.120929   0.119383   0.952893   0.696083   -1.24018    1.30732
  0.115501     0.1129   0.112072   0.118143   0.138392   0.115898   0.262605   0.115852    0.11564   0.117324   0.140113   0.115876   0.115157   0.890984    0.89716   0.114075   0.113337   0.444139   0.113956   0.113048   0.112853   0.299928   0.111433   0.111229   0.110112   0.109609   0.109519   0.919202   0.131911   0.131021    1.18881    1.21143    1.22137   0.130056    1.09731    1.09755   0.961107   0.964352   0.920192    1.40862   0.126066   0.124661   0.126245   0.125361   0.123097   0.732794   0.124863    0.87739   0.771153   0.630026   0.997051   0.927183   0.125306   0.117808
  0.119285   0.116627   0.115926   0.167683   0.120301   0.284762   0.121068   0.119519   0.313739   0.120815   0.119649   0.119579   0.118318   0.218063   0.117131   0.117154   0.320454   0.304766   0.117037   0.116087   0.115934   0.115047   0.114351   0.127105   0.415719   0.112374    0.11232    1.00791    1.35207    1.45528    1.17355    1.21278   0.133775   0.987339    1.09702    1.09732   0.132722   0.972052     0.1822    1.03413   0.129689   0.928307   0.130089   0.129126   0.126645   0.129356    0.47738   0.876627    0.13026   0.810302   0.124361   0.135852    0.12969   0.121052
  0.121916   0.119416   0.118883   0.124678   0.123303   0.305785    0.12335   0.122021    0.12207   0.123074   0.122058   0.122056   0.120321   0.112183   0.190489    0.11909   0.459375   0.445915   0.471182   0.118013   0.117875   0.116924   0.116199   0.116019   0.114708   0.114143   0.486686    1.15573    0.13801    1.04564    1.30352   0.136883    1.22065   0.982884    1.08867    1.09096   0.879057   0.860498   0.971532   0.951986    1.01721   0.130398   0.132368   0.131381    0.12887   0.131564   0.770322   0.128811    1.81499   0.130979   0.126628   0.138747   0.676752   0.123263
  0.122817   0.120439   0.120034    0.17865    0.12437   0.203403   0.124115   0.122885    0.12299   0.123832   0.122886   0.122916   0.120984    0.19235   0.167762   0.286213     0.4466   0.118799    0.46669   0.118652   0.118532    0.11753   0.116788   0.116613   0.115236   0.114664   0.462761    1.35115    1.15228    1.10133    1.28371    1.19893    1.21913   0.982686    1.06681    1.06276   0.894049   0.873963   0.967209   0.950547   0.897021   0.131185   0.133312   0.132276   0.129682   0.453952    0.69006   0.129605   0.133795   0.859344   0.127466   -1.05535   0.929543   0.124004

Errors: 
 0.00106791  0.00110138 0.000885233    0.360184  0.00122347  0.00120122  0.00501858 0.000983133 9.70045e-06   0.0021773 9.45488e-06 9.45518e-06           1           1           1  0.00671811 1.08829e-05  0.00460866           1 1.10869e-05 1.10859e-05 1.27934e-05 1.27458e-05 1.28489e-05 1.19948e-05 1.61889e-05 1.57396e-05           0           0           0           0 1.54538e-05           1     1.00084     1.00048     1.00052    0.379378 2.24459e-05 2.12855e-06 2.71024e-05  2.2419e-05 2.01848e-05           1     1.00005 2.53145e-05  5.1257e-06  2.8443e-05   2.432e-05 6.60506e-05           1     1.00048  0.00013411 0.000101579 7.41125e-05
2.99949e-05 2.92905e-05 2.90596e-05           0  3.0438e-05 3.00416e-05           0           0 3.02803e-05           0 3.02768e-05 2.98769e-05           0           0 3.10225e-05 3.35585e-05 3.21496e-05 3.17733e-05 3.50686e-05  3.2279e-05 3.34608e-05   4.115e-05  3.7373e-05 3.61372e-05 5.91771e-05 5.13056e-05     1.00001           0           0           0           0 6.12009e-05           0     1.00129     1.00161           0           1 6.58059e-05 6.17107e-05           0 8.78347e-05     1.00002 0.000146416     1.00003 9.45757e-05 0.000133399           1     1.33753 0.000240851 0.000211214           1 0.000551506 0.000428529 6.61716e-05
6.66757e-05 6.24107e-05 6.11942e-05 7.01091e-05           0           0           0           0           0 7.03091e-05 6.64491e-05  6.5603e-05           0           0  6.6443e-05           0 6.90314e-05           0           0 6.87319e-05 6.69904e-05 9.22491e-05           0           0 0.000131161 0.000109147 9.58523e-05           0           0           0           0           0           0     1.00645      1.0011     1.00695 0.000164882 0.000149337           1           0           0 0.000168012           1 0.000280334  0.00021417 0.000659994      1.6097   0.0196455  0.00102058   0.0011341     1.00002  0.00128755 0.000994212 0.000695583
          0 0.000110787 0.000107202           0 0.000118647           1 0.000131452  0.00012101     1.00012 0.000130214           1  0.00012082 0.000132322   0.0001222 0.000120564           1 0.000122013 0.000123427 0.000136533  0.00012478  0.00012376           0           0           0 0.000236287 0.000189893           0           0           0           0           0           0           0     1.01751      1.2107           0 0.000291804 0.000263749           1 0.000425498     1.00022 0.000299892    0.990016    0.980884 0.000386443 0.000532886     2.59687 0.000359711           1 0.000865743 0.000623367   0.0190244  0.00173588  0.00120828
0.000194469  0.00017596 0.000170999           0 0.000192463           0           0     1.00004 0.000191527 0.000212653 0.000198434 0.000194863 0.000213133  0.00019903           0           0 0.000201936 0.000197369           0           0           0  0.00027398           0           0           0 0.000306797 0.000275155           0           0           0           0           0           0           0     1.00228      1.0037           0 0.000408352           1 0.000639058     1.00028     1.00118 0.000904761 0.000770701 0.000605648  0.00140745  0.00068255  0.00117387   0.0121378     1.00015 0.000969502 0.000616679  0.00265181  0.00186253
0.000286797  0.00025998 0.000254336           0           0           0 0.000314145 0.000291769 0.000292523 0.000310405  0.00029349 0.000289755           0 0.000294123 0.000290855 0.000325256           0           0  0.00032285 0.000297892           0           0 0.000323037 0.000316276 0.000529804           0           0           0           0 0.000506739     1.00094 0.000520446           0           0     1.09014     1.09049           0           0           0 0.000888724  0.00076028 0.000664119  0.00128156     1.00002     1.00002     2.91889     4.36333     4.12455  0.00217085  0.00185598     1.00005     1.00065  0.00364963  0.00259279
0.000403213 0.000367245 0.000353212           0 0.000411616 0.000404851 0.000434408           0 0.000405702 0.000433567 0.000414068 0.000411133 0.000425015     1.00006           0           0 0.000410191 0.000405541 0.000439302 0.000421589           0   0.0005126           0           0           0 0.000595299 0.000538373           0           0           0           0           0           0     1.00358     1.06054     1.06047           0           0           0           0           1     1.01758  0.00169055  0.00142945     1.09397  0.00254498  0.00331481  0.00103916  0.00165269    0.002403  0.00855318  0.00123803  0.00500266    0.011908
0.000530701 0.000491742 0.000476738           0           0           0           0 0.000548128           0 0.000563542 0.000556112 0.000558017           0 0.000552683           0 0.000568951 0.000529132 0.000513452 0.000568775 0.000543288 0.000524651           0 0.000572257 0.000563455 0.000878392           0 0.000682573           0           0           0           0           0 0.000819661           0     1.07651     1.11082           0 0.000868917           0   0.0159009  0.00118251  0.00105952     1.00031  0.00172978  0.00144115     1.44638      4.8239     1.75246  0.00342465  0.00292278   0.0191532     1.00002           1   0.0249917
0.000687691 0.000639118 0.000639562           0           0 0.000743693           0 0.000693884 0.000718603 0.000687341     1.00001 0.000702601   0.0006837           0           0 0.000727314 0.000649983           0 0.000707309 0.000654297  0.00066092           0 0.000692428 0.000681015  0.00106733  0.00088833 0.000838122           0 0.000936556 0.000937096           0           0           0  0.00109241     1.08611     1.08583           0           0           0     1.01942  0.00135842  0.00123117   0.0023704  0.00202698  0.00162002     4.66923  0.00172849     5.01724  0.00761039  0.00369335     1.00105  0.00117244  0.00654158   0.0048763
0.000809446 0.000784747 0.000793464           0 0.000926578           0 0.000805751 0.000839541           0 0.000816496 0.000810948  0.00082424  0.00077915           0 0.000777809 0.000779792           0           0 0.000802628  0.00075435 0.000756333 0.000862903 0.000789969           0           0  0.00102313 0.000927999           0           0           0           0           0  0.00101723     1.16291     1.09361     1.09352  0.00132159           0           0     1.00032    0.001529     1.01185  0.00258676  0.00225583  0.00181873  0.00230868 0.000948801  0.00390277  0.00438518     1.00028  0.00282266   0.0091365  0.00721802  0.00573857
0.000935201 0.000912213 0.000942795 0.000983281  0.00101981           0 0.000877349 0.000910137 0.000958748 0.000875634 0.000898562 0.000918608  0.00084915           0           0   0.0008555           0           0           0 0.000822078 0.000851584   0.0010188  0.00086599 0.000863471  0.00127515  0.00115468           0           0  0.00112695           0           0  0.00110731           0           0     1.10523     1.10182           0           0           0           0     1.00096  0.00151878  0.00261241  0.00239243  0.00192467  0.00245964     1.82495  0.00174761   0.0526262  0.00396003  0.00301357   0.0096903     1.00032  0.00581381
0.000949316 0.000929118  0.00100043           0  0.00105942           0 0.000939924 0.000946724 0.000955808 0.000910894 0.000931743 0.000954022 0.000866062           0           0           0           0  0.00086206           0 0.000917094 0.000855894  0.00100511 0.000891639 0.000883309  0.00133803  0.00112752           0           0           0           0           0           0           0           0     1.13598     1.13941           0           0           0           0     1.00017  0.00151156  0.00286764  0.00240152  0.00193337     1.50586           1  0.00178696  0.00473947     1.00021    0.003059  0.00344158  0.00060112  0.00593767

Statuses: 
3 3 3 3 3 3 3 3 0 3 0 0 3 3 3 3 0 3 3 0 0 0 0 0 3 0 0 3 3 3 3 0 3 3 3 3 3 3 3 0 0 0 3 3 0 3 0 0 0 3 3 0 0 0
0 0 0 3 0 0 3 3 0 3 0 0 3 3 0 0 0 0 0 0 0 0 0 0 0 0 3 3 3 3 3 0 3 3 3 3 3 0 0 3 0 3 0 3 0 0 3 3 3 0 3 0 0 3
0 0 0 0 3 3 3 3 3 0 0 0 3 3 0 3 0 3 3 0 0 0 3 3 0 0 0 3 3 3 3 3 3 3 3 3 0 0 3 3 3 0 3 0 0 3 3 3 3 0 3 0 0 0
3 0 0 3 0 3 0 0 3 0 3 0 0 0 0 3 0 0 0 0 0 3 3 3 0 0 3 3 3 3 3 3 3 3 3 3 0 0 3 0 3 0 3 3 0 0 3 0 3 0 0 3 0 0
0 0 0 3 0 3 3 3 0 0 0 0 0 0 3 3 0 0 3 3 3 0 3 3 3 0 0 3 3 3 3 3 3 3 3 3 3 0 3 0 3 3 0 0 0 3 0 3 3 3 0 3 0 0
0 0 0 3 3 3 0 0 0 0 0 0 3 0 0 0 3 3 0 0 3 3 0 0 0 3 3 3 3 0 3 0 3 3 3 3 3 3 3 0 0 0 0 3 3 3 3 3 0 0 3 3 0 0
0 0 0 3 0 0 0 3 0 0 0 0 0 3 3 3 0 0 0 0 3 0 3 3 3 0 0 3 3 3 3 3 3 3 3 3 3 3 3 3 3 3 0 0 3 3 3 0 3 0 3 1 0 3
0 0 0 3 3 3 3 0 3 0 0 0 3 0 3 0 0 0 0 0 0 3 0 0 0 3 0 3 3 3 3 3 0 3 3 3 3 0 3 3 0 0 3 0 0 3 3 3 0 0 3 3 3 3
0 0 0 2 3 0 3 0 0 0 3 0 0 3 3 0 0 3 0 0 0 3 0 0 0 0 0 3 0 0 3 3 3 0 3 3 3 3 3 3 0 0 0 0 0 3 0 3 3 3 3 3 0 0
0 0 0 3 0 3 0 0 3 0 0 0 0 3 0 0 3 3 0 0 0 0 0 3 3 0 0 3 3 3 3 3 0 3 3 3 0 3 3 3 0 3 0 0 0 0 3 3 0 3 0 0 0 0
0 0 0 0 0 3 0 0 0 0 0 0 0 3 3 0 3 3 3 0 0 0 0 0 0 0 3 3 0 3 3 0 3 3 3 3 3 3 3 3 3 0 0 0 0 0 3 0 3 0 0 0 3 0
0 0 0 3 0 3 0 0 0 0 0 0 0 3 3 3 3 0 3 0 0 0 0 0 0 0 3 3 3 3 3 3 3 3 3 3 3 3 3 3 3 0 0 0 0 3 3 0 0 3 0 0 3 0
chisq per dof: 
18014.4 16508.9 13824.3 23069.4 17007.8 15030.4 29709.3   17629 7.31366 27781.9 5.38006 4.90735 5117.82 4390.64 3859.27 42860.4 2.13854   29948 28082.8  2.2847 2.17767 1.92931 1.80522 1.71836 18158.2 1.82332 1.68955 42850.8 37711.9 33952.4 54797.6 3.49626   19132   54729 45821.7 39353.2   49713 43512.3 44493.8 1.91756 1.81725 1.81684 65967.9 54510.4 1.74507 59406.9 1.89618 1.82137 2.25982 52472.1  4942.4 2.66923 2.25323 2.00594
5.72189 5.44719  5.1917 1586.02 4.78352 4.52299 1642.25 1490.33  3.7071  903.06 3.03713 2.91799 1879.55 804.867 1.99839 1.82152 1.74047 1.71616  1.9033 1.84441 1.79627  1.8539 1.72198 1.63682 2.01204 1.81156 1264.27 4114.92 3625.21 3198.16 4923.14 1.96382 3759.46 4203.21  4138.7 3566.01 1507.95 1.75228 1.77493 6288.55 1.70223 4426.62 2.00521 4886.66  1.6891 2.01023 2728.16 4498.46 7787.38 2.00324 3982.39 2.66675 2.25148 4183.83
3.95575 3.90038 3.72324 3.49805 404.064 149.551 290.545 209.705 161.825 2.41376 2.47424 2.38635 353.648 174.863 1.79264 628.113 1.66297 420.078 821.932 1.75642 1.70868 1.84246 257.786 219.561 2.01137 1.81049 1.67649 1145.68 1004.87 909.591 1433.94 1231.18 1091.09    1416 1182.44 1021.35 1.73075  1.6523 782.764  1785.4 1488.17 1.60617  738.66 1.80533  1.6806 1859.26 1532.64 897.807 2118.37 435.946 1477.14 2.66678 2.25188 2.00385
8.46584 3.19445  3.0671 16.4101 2.91128 9.06369 2.33006 2.46584 36.3801 2.11969 34.5993  2.0914 1.72602 1.70731 1.67687 111.868 1.61805 1.56844    1.78 1.70826 1.65511 127.595 229.925  201.44 2.01087 1.80997 82.2624 500.927 233.981  376.71 635.109 547.629 479.556  627.11 533.805 457.743 1.70032 1.61671 397.612 1.80467 610.251 1.59345 783.942 640.565 1.67705 2.00139 642.283 1.72608  129.38 2.00207 1.83889 710.805 2.25206   2.004
2.75247 2.78442 2.67522 202.268 2.55356  15.154 29.4974 7.33794  2.1149 1.95788 1.99495  1.9148 1.67284 1.64521 50.5985 49.7739  1.5921 1.53433 251.065 193.912 167.012  1.8296 234.399 202.662 157.114 1.80994 1.67574 278.452 248.501 227.478 367.273  317.21 277.899 344.121 281.926 241.796 174.587 1.59896 207.562 1.80212 365.291 311.048 2.00013 1.80271 1.67474 174.776 1.83603 318.162 318.348  444.45  1.8384 476.379 2.25241  2.0043
2.46146  2.5087 2.42516 17.6505 2.71636 11.3263  1.9144  2.0209 1.94808 1.84617  1.8759 1.80448 33.0933 1.60048 1.55454 1.66706 61.7703 57.2036 1.73721 1.65846  127.52 107.504 1.69146 1.59826 2.01034 60.7169 145.847 177.622 164.109 1.49865 236.346 1.48415 180.715 219.322 192.905 165.729 211.358 195.109 107.165 1.80121 1.67003 1.58266 2.00024  137.12 187.479  272.76 230.802 200.953 2.25044 2.00188 235.935 338.569 2.25229 2.00426
 2.2666 2.32363 2.25875 94.5876 2.13123 2.04754 1.80287 47.2871 1.83146 1.76636 1.79014 1.72482 1.61107 4.61751 10.9766 57.4977 1.56215 1.49724 1.72598 1.64594 88.8155 1.82231 24.2704 23.8665 49.2829 1.80891 1.67432 129.143 57.1857 108.708 170.363 131.087 122.566 107.445  139.81 120.408 150.782 140.369 89.0361 206.319 74.9789 145.787 2.00046 1.80184 140.499 200.106 170.285 1.72055 244.821 2.00174 171.783 3.16521 2.25217 138.328
2.10939 2.16469 2.11516 8.77114  3.8791 2.73339 10.0616 1.79113 4.20148  1.7016 1.71555 1.65536 33.6542 1.54988 9.31903 1.64664 1.55211 1.48539 1.71579 1.63459 1.56639 27.2877 1.68605  1.5912  2.0089 43.6165 1.67352 99.9675 90.3395 82.2477 136.026 105.608 1.42581 123.713 110.728 95.4453 130.078 1.58073   103.4 148.093 1.66846 1.57907 123.299 1.80157 1.67217 157.538 133.128 117.828 2.25069 2.00153 118.539 197.282 151.273 82.2702
2.00344 2.06715 2.02746 1.81125 9.51064 1.81928 10.5008 1.72145 1.66636 1.65925 2.37607 1.61087 1.57729 73.4677 65.0241 1.64078 1.54679 22.3379 1.70902 1.62762 1.55871 19.8329 1.68473 1.58958  2.0083 1.80776 1.67321 76.6209 1.44378 1.41412 114.508 88.7166 76.5481  1.6051 92.3169 79.6161 105.051 93.9705 78.5821 136.726 1.66801 1.57787  2.0007 1.80129 1.67164 122.213 1.83443 97.6718   102.1 126.476 74.1917 161.199 2.25162 2.00424
1.93263 1.99656 1.95895 2.99886 1.81402  34.406 1.61088  1.6736 13.6274 1.63188 1.63647 1.57998 1.56863 8.63309 1.47179 1.63753 10.4968 8.14137 1.70493 1.62295 1.55283 1.81667 1.68405 4.89355  21.983  1.8077 1.67311 70.9601 83.6773 81.9522 101.884 78.4485 1.40952 90.7645 81.6561 70.4766 1.67069 87.1334 22.0958   116.5 1.66795 89.8692 2.00088 1.80138 1.67173 2.00082 85.5546 88.4258 2.25093 96.6853 1.83765 2.66707 2.25172 2.00453
1.88288 1.94728 1.91095 1.70687  1.7675 15.4005 1.58554 1.64414 1.59018 1.61331 1.61561 1.56035 1.56305 5.56427 5.03087 1.63512 21.7827 18.6876 72.7948 1.61971 1.54923 1.81591 1.68328 1.58761 2.00801 1.80739 23.1055  72.954 1.43038 57.3227 90.7493 1.44647  62.325 83.4544 75.3879 65.0816 77.4529 68.7419 71.1971 113.196 96.1149 1.57695 2.00092 1.80136 1.67142 2.00086 90.0642 1.71858 82.9882 2.00139 1.83745 2.66706   98.35 2.00436
1.87138 1.93234 1.89423 3.23894 1.75323 3.19412 1.57995 1.63415 1.57904 1.60901 1.60973 1.55414 1.56242 4.23593 3.03602 17.0575 18.4831 1.47166 71.0192 1.61939 1.54876 1.81634 1.68367 1.58799 2.00834 1.80762 20.0042 85.0125 64.3063 55.4791 89.7427 70.9795 61.3051 81.4481 73.3918 63.3045 78.7315 67.8113 67.7488 110.547 78.6581 1.57701 2.00103 1.80148 1.67158 74.4904  78.109  1.7187 2.25102 112.645 1.83764 3.60652 71.4597 2.00458
Mode averaged potential and errors: 
  0.0486359  0.00013411
  0.0696521 0.000729446
  0.0812718  0.00157161
  0.0855445 0.000236287
   0.100675 0.000904761
   0.107764  0.00281534
   0.115373  0.00169055
   0.106392 0.000878392
   0.126373  0.00514699
   0.131836  0.00608045
   0.132676  0.00825673
   0.131325  0.00628407
R Models:
(* Fitting with shape 1 1 1 1 1 1 1 1 0 0 0 0 *)
G[R_,xx_]:=xx[[0]] + xx[[1]]/R | xx[[2]]*R
(* Fitting with shape 1 1 1 1 1 1 1 1 1 0 0 0 *)
G[R_,xx_]:=xx[[0]] + xx[[1]]/R | xx[[2]]*R
(* Fitting with shape 1 1 1 1 1 1 1 1 1 1 0 0 *)
G[R_,xx_]:=xx[[0]] + xx[[1]]/R | xx[[2]]*R
(* Fitting with shape 1 1 1 1 1 1 1 1 1 1 1 0 *)
G[R_,xx_]:=xx[[0]] + xx[[1]]/R | xx[[2]]*R
(* Fitting with shape 1 1 1 1 1 1 1 1 1 1 1 1 *)
G[R_,xx_]:=xx[[0]] + xx[[1]]/R | xx[[2]]*R
(* Fitting with shape 0 1 1 1 1 1 1 1 0 0 0 0 *)
G[R_,xx_]:=xx[[0]] + xx[[1]]/R | xx[[2]]*R
(* Fitting with shape 0 1 1 1 1 1 1 1 1 0 0 0 *)
G[R_,xx_]:=xx[[0]] + xx[[1]]/R | xx[[2]]*R
(* Fitting with shape 0 1 1 1 1 1 1 1 1 1 0 0 *)
G[R_,xx_]:=xx[[0]] + xx[[1]]/R | xx[[2]]*R
(* Fitting with shape 0 1 1 1 1 1 1 1 1 1 1 0 *)
G[R_,xx_]:=xx[[0]] + xx[[1]]/R | xx[[2]]*R
(* Fitting with shape 0 1 1 1 1 1 1 1 1 1 1 1 *)
G[R_,xx_]:=xx[[0]] + xx[[1]]/R | xx[[2]]*R
(* Fitting with shape 0 0 1 1 1 1 1 1 0 0 0 0 *)
G[R_,xx_]:=xx[[0]] + xx[[1]]/R | xx[[2]]*R
(* Fitting with shape 0 0 1 1 1 1 1 1 1 0 0 0 *)
G[R_,xx_]:=xx[[0]] + xx[[1]]/R | xx[[2]]*R
(* Fitting with shape 0 0 1 1 1 1 1 1 1 1 0 0 *)
G[R_,xx_]:=xx[[0]] + xx[[1]]/R | xx[[2]]*R
(* Fitting with shape 0 0 1 1 1 1 1 1 1 1 1 0 *)
G[R_,xx_]:=xx[[0]] + xx[[1]]/R | xx[[2]]*R
(* Fitting with shape 0 0 1 1 1 1 1 1 1 1 1 1 *)
G[R_,xx_]:=xx[[0]] + xx[[1]]/R | xx[[2]]*R
(* Fitting with shape 0 0 0 1 1 1 1 1 0 0 0 0 *)
G[R_,xx_]:=xx[[0]] + xx[[1]]/R | xx[[2]]*R
(* Fitting with shape 0 0 0 1 1 1 1 1 1 0 0 0 *)
G[R_,xx_]:=xx[[0]] + xx[[1]]/R | xx[[2]]*R
(* Fitting with shape 0 0 0 1 1 1 1 1 1 1 0 0 *)
G[R_,xx_]:=xx[[0]] + xx[[1]]/R | xx[[2]]*R
(* Fitting with shape 0 0 0 1 1 1 1 1 1 1 1 0 *)
G[R_,xx_]:=xx[[0]] + xx[[1]]/R | xx[[2]]*R
(* Fitting with shape 0 0 0 1 1 1 1 1 1 1 1 1 *)
G[R_,xx_]:=xx[[0]] + xx[[1]]/R | xx[[2]]*R
3.10539 3.10539 3.10539 
-0.137075 -0.137075 -0.137075 
1 1 1 
0.293198 0.293198 0.293198 
-0.297912 -0.297912 -0.297912 
5.03038e+175 5.03038e+175 5.03038e+175 
3.5936e+246 3.5936e+246 3.5936e+246 
2.14726e+243 2.14726e+243 2.14726e+243 
1.62512 1.62512 1.62512 
1.665e-321 1.665e-321 1.665e-321 
6.90967e-310 6.90967e-310 6.90967e-310 
6.90967e-310 6.90967e-310 6.90967e-310 
6.13291e-05 6.13291e-05 6.13291e-05 
2.49656e-316 2.49656e-316 2.49656e-316 
54746.1 54746.1 54746.1 
2.42092e-322 2.42092e-322 2.42092e-322 
193268 193268 193268 
2.61595e-316 2.61595e-316 2.61595e-316 
-416150 -416150 -416150 
0 0 0 
0.000142056 0.000142056 0.000142056 
2.42092e-322 2.42092e-322 2.42092e-322 
0 0 0 
7.72427e+06 7.72427e+06 7.72427e+06 
0 0 0 
0 0 0 
0 0 0 
6.01278e-321 6.01278e-321 6.01278e-321 
6.90967e-310 6.90967e-310 6.90967e-310 
0 0 0 
0 0 0 
0 0 0 
0 0 0 
0 0 0 
0 0 0 
0 0 0 
404864 404864 404864 
0 0 0 
0 0 0 
0 0 0 
0 0 0 
0 0 0 
0 0 0 
0 0 0 
0 0 0 
0 0 0 
0 0 0 
0 0 0 
0 0 0 
72888.5 72888.5 72888.5 
17977.3 17977.3 17977.3 
-0.188639 -0.188639 -0.188639 
-0.0943191 -0.0943191 -0.0943191 
4.00193e-322 4.00193e-322 4.00193e-322 
Probabilities: 
0 0 0 0 0 0 0 0 0 0 0 0 0 0 0 0 0 0 0 0 0 0 0 0 1 0 0 0 0 0 0 0 0 0 0 0 0 0 0 0 0 0 0 0 0 0 0 0 0 0 0 0 0 0

String tensions: 
         1          1          1          1          1          1          1          1          1  -0.635635  -0.635635  -0.635635  -0.426115  -0.424433  -0.430808   -1.20358   -1.16595    -1.1219    0.21141   0.637046   0.876636   -3.06614   -2.93883   -2.68337   -4.99946   -4.79593    -4.1841 -0.0993979 -0.0993974 -0.0993965  -0.039598 -0.0932814 -0.0697648   0.782895   0.785722 0.00748596 -0.0784579 -0.0418751 0.00266065   -0.43884   0.184722 0.00636156 -0.0802771    1.02504   0.933844 -0.0965634  -0.109876  0.0191917    4.44643     1.6479    2.36215  -0.555275    1.02858      1.023

Errors: 
    5792.62     5792.62     5792.62     5792.62     5792.62     5792.62     5792.62     5792.62     5792.62           0           0           0   0.0411934    0.040963   0.0401739    0.117412    0.118474     0.11496           0           0           0    0.173435    0.185933    0.206729    0.146187    0.169042    0.264376           0           0           0     1.00004     1.00002     1.00003           0           0  0.00127243           1           1 0.000967145     1.00058     1.00008  0.00168945     1.00007     1.00052 0.000205316           1     2.49014 0.000921695   0.0228112   0.0232444   0.0230088     1.00183  0.00228065  0.00227875

Statuses: 
0 0 0 0 0 0 0 0 0 3 3 3 0 0 0 0 0 0 3 3 3 0 0 0 0 0 0 3 3 3 3 3 3 3 3 0 3 3 0 3 3 0 3 3 0 3 3 0 1 3 1 3 1 1
chisq per dof: 
444.854 398.511 381.247 40.9499 35.1822 31.6731  38.082 31.7431 27.6813 22106.3 19375.3   17271  28.429 24.3848 21.4198 28.9142 24.4511 21.1076 10195.3 7986.81 4704.07 19.6088 17.8112 16.5542 13.1748 14.5804 16.6561 21915.1 19193.7 17064.6 24629.2 18606.9 17423.1   33030 27571.4 22.1388 23679.1 13493.5   18.17 21715.6 20318.8 19.3686 13501.3   12880 4991.38 24784.1 21322.1 20.5017 27998.6 24035.8 21085.8 6470.44 5750.82 4991.66
Model string tension and errors: 
sigma = -4.99946 +/- 0.146187
