R=0parameters: 
-0.693795 -0.693795 
0.0448709 0.0448709 
3.95934e-11 3.95934e-11 
2.42092e-322 2.42092e-322 
4.89718e-320 4.89718e-320 
2.00238e-316 2.00238e-316 
1.03377 1.03377 
4.94066e-324 4.94066e-324 
2.37152e-322 2.37152e-322 
1.99116e-316 1.99116e-316 1.99116e-316 
4.74303e-322 4.74303e-322 4.74303e-322 
2.42092e-322 2.42092e-322 2.42092e-322 
4.05906e-06 4.05906e-06 4.05906e-06 
1.03431e-05 1.03431e-05 1.03431e-05 
1 1 1 
1.96808e-316 1.96808e-316 1.96808e-316 
1.93521e-316 1.93521e-316 1.93521e-316 
4.79244e-322 4.79244e-322 4.79244e-322 
1.82807e-09 1.82807e-09 1.82807e-09 1.82807e-09 
-1.63091e-10 -1.63091e-10 -1.63091e-10 -1.63091e-10 
2.15816e-10 2.15816e-10 2.15816e-10 2.15816e-10 
7.18134e-08 7.18134e-08 7.18134e-08 7.18134e-08 
-6.76112e-09 -6.76112e-09 -6.76112e-09 -6.76112e-09 
2.69223e-07 2.69223e-07 2.69223e-07 2.69223e-07 
-4.10354e-08 -4.10354e-08 -4.10354e-08 -4.10354e-08 
1.55783e-07 1.55783e-07 1.55783e-07 1.55783e-07 
0.00183263 0.00183263 0.00183263 0.00183263 
0.00497971 0.00497971 0.00497971 
0 0 0 
4.79244e-322 4.79244e-322 4.79244e-322 
2.00693e-316 2.00693e-316 2.00693e-316 
2.122e-314 2.122e-314 2.122e-314 
1.77752e-316 1.77752e-316 1.77752e-316 
3.21143e-322 3.21143e-322 3.21143e-322 
1.98308e-316 1.98308e-316 1.98308e-316 
23586.4 23586.4 23586.4 
1.77751e-316 1.77751e-316 1.77751e-316 1.77751e-316 
4.00193e-322 4.00193e-322 4.00193e-322 4.00193e-322 
7.96858e+08 7.96858e+08 7.96858e+08 7.96858e+08 
1.98684e-316 1.98684e-316 1.98684e-316 1.98684e-316 
0.491369 0.491369 0.491369 0.491369 
1.63042e-322 1.63042e-322 1.63042e-322 1.63042e-322 
1.66105e-316 1.66105e-316 1.66105e-316 1.66105e-316 
2.42092e-322 2.42092e-322 2.42092e-322 2.42092e-322 
1.77751e-316 1.77751e-316 1.77751e-316 1.77751e-316 
1.60452 1.60452 1.60452 1.60452 1.60452 
1.60098 1.60098 1.60098 1.60098 1.60098 
1.59979 1.59979 1.59979 1.59979 1.59979 
1.74078 1.74078 1.74078 1.74078 1.74078 
1.64422 1.64422 1.64422 1.64422 1.64422 
1.59411 1.59411 1.59411 1.59411 1.59411 
1.5599 1.5599 1.5599 1.5599 1.5599 
1.5331 1.5331 1.5331 1.5331 1.5331 
1.51145 1.51145 1.51145 1.51145 1.51145 
R=1parameters: 
-0.69417 -0.69417 
0.0616873 0.0616873 
-1.43088e-05 -1.43088e-05 
0.0128859 0.0128859 
-0.00969351 -0.00969351 
2.11116e-316 2.11116e-316 
51816.6 51816.6 
122168 122168 
1.35967e+06 1.35967e+06 
5.58294e-322 5.58294e-322 5.58294e-322 
1 1 1 
2 2 2 
3 3 3 
4 4 4 
5 5 5 
6 6 6 
7 7 7 
8 8 8 
9 9 9 9 
10 10 10 10 
11 11 11 11 
12 12 12 12 
0 0 0 0 
5.77563e-321 5.77563e-321 5.77563e-321 5.77563e-321 
1.90673 1.90673 1.90673 1.90673 
1.86614 1.86614 1.86614 1.86614 
1.84122 1.84122 1.84122 1.84122 
1.8218 1.8218 1.8218 
1.80531 1.80531 1.80531 
1.79121 1.79121 1.79121 
1.77941 1.77941 1.77941 
1.7698 1.7698 1.7698 
1.76242 1.76242 1.76242 
1.75716 1.75716 1.75716 
1.75405 1.75405 1.75405 
1.75304 1.75304 1.75304 
1.82155 1.82155 1.82155 1.82155 
1.75128 1.75128 1.75128 1.75128 
1.7129 1.7129 1.7129 1.7129 
1.68562 1.68562 1.68562 1.68562 
1.66371 1.66371 1.66371 1.66371 
1.6457 1.6457 1.6457 1.6457 
1.63106 1.63106 1.63106 1.63106 
1.61948 1.61948 1.61948 1.61948 
1.61069 1.61069 1.61069 1.61069 
1.60452 1.60452 1.60452 1.60452 1.60452 
1.60098 1.60098 1.60098 1.60098 1.60098 
1.59979 1.59979 1.59979 1.59979 1.59979 
1.74078 1.74078 1.74078 1.74078 1.74078 
1.64422 1.64422 1.64422 1.64422 1.64422 
1.59411 1.59411 1.59411 1.59411 1.59411 
1.5599 1.5599 1.5599 1.5599 1.5599 
1.5331 1.5331 1.5331 1.5331 1.5331 
1.51145 1.51145 1.51145 1.51145 1.51145 
R=2parameters: 
-0.693057 -0.693057 
0.0696133 0.0696133 
-2.55158e-05 -2.55158e-05 
0.0194585 0.0194585 
-0.0129603 -0.0129603 
2.11116e-316 2.11116e-316 
51816.6 51816.6 
122168 122168 
1.35967e+06 1.35967e+06 
5.58294e-322 5.58294e-322 5.58294e-322 
1 1 1 
2 2 2 
3 3 3 
4 4 4 
5 5 5 
6 6 6 
7 7 7 
8 8 8 
9 9 9 9 
10 10 10 10 
11 11 11 11 
12 12 12 12 
0 0 0 0 
5.77563e-321 5.77563e-321 5.77563e-321 5.77563e-321 
1.90673 1.90673 1.90673 1.90673 
1.86614 1.86614 1.86614 1.86614 
1.84122 1.84122 1.84122 1.84122 
1.8218 1.8218 1.8218 
1.80531 1.80531 1.80531 
1.79121 1.79121 1.79121 
1.77941 1.77941 1.77941 
1.7698 1.7698 1.7698 
1.76242 1.76242 1.76242 
1.75716 1.75716 1.75716 
1.75405 1.75405 1.75405 
1.75304 1.75304 1.75304 
1.82155 1.82155 1.82155 1.82155 
1.75128 1.75128 1.75128 1.75128 
1.7129 1.7129 1.7129 1.7129 
1.68562 1.68562 1.68562 1.68562 
1.66371 1.66371 1.66371 1.66371 
1.6457 1.6457 1.6457 1.6457 
1.63106 1.63106 1.63106 1.63106 
1.61948 1.61948 1.61948 1.61948 
1.61069 1.61069 1.61069 1.61069 
1.60452 1.60452 1.60452 1.60452 1.60452 
1.60098 1.60098 1.60098 1.60098 1.60098 
1.59979 1.59979 1.59979 1.59979 1.59979 
1.74078 1.74078 1.74078 1.74078 1.74078 
1.64422 1.64422 1.64422 1.64422 1.64422 
1.59411 1.59411 1.59411 1.59411 1.59411 
1.5599 1.5599 1.5599 1.5599 1.5599 
1.5331 1.5331 1.5331 1.5331 1.5331 
1.51145 1.51145 1.51145 1.51145 1.51145 
R=3parameters: 
-0.690962 -0.690962 
0.0746198 0.0746198 
-3.98161e-05 -3.98161e-05 
0.0233429 0.0233429 
-0.0126627 -0.0126627 
2.11116e-316 2.11116e-316 
51816.6 51816.6 
122168 122168 
1.35967e+06 1.35967e+06 
5.58294e-322 5.58294e-322 5.58294e-322 
1 1 1 
2 2 2 
3 3 3 
4 4 4 
5 5 5 
6 6 6 
7 7 7 
8 8 8 
9 9 9 9 
10 10 10 10 
11 11 11 11 
12 12 12 12 
0 0 0 0 
5.77563e-321 5.77563e-321 5.77563e-321 5.77563e-321 
1.90673 1.90673 1.90673 1.90673 
1.86614 1.86614 1.86614 1.86614 
1.84122 1.84122 1.84122 1.84122 
1.8218 1.8218 1.8218 
1.80531 1.80531 1.80531 
1.79121 1.79121 1.79121 
1.77941 1.77941 1.77941 
1.7698 1.7698 1.7698 
1.76242 1.76242 1.76242 
1.75716 1.75716 1.75716 
1.75405 1.75405 1.75405 
1.75304 1.75304 1.75304 
1.82155 1.82155 1.82155 1.82155 
1.75128 1.75128 1.75128 1.75128 
1.7129 1.7129 1.7129 1.7129 
1.68562 1.68562 1.68562 1.68562 
1.66371 1.66371 1.66371 1.66371 
1.6457 1.6457 1.6457 1.6457 
1.63106 1.63106 1.63106 1.63106 
1.61948 1.61948 1.61948 1.61948 
1.61069 1.61069 1.61069 1.61069 
1.60452 1.60452 1.60452 1.60452 1.60452 
1.60098 1.60098 1.60098 1.60098 1.60098 
1.59979 1.59979 1.59979 1.59979 1.59979 
1.74078 1.74078 1.74078 1.74078 1.74078 
1.64422 1.64422 1.64422 1.64422 1.64422 
1.59411 1.59411 1.59411 1.59411 1.59411 
1.5599 1.5599 1.5599 1.5599 1.5599 
1.5331 1.5331 1.5331 1.5331 1.5331 
1.51145 1.51145 1.51145 1.51145 1.51145 
R=4parameters: 
-0.688269 -0.688269 
0.0782504 0.0782504 
-5.34869e-05 -5.34869e-05 
0.0255736 0.0255736 
-0.010299 -0.010299 
2.11116e-316 2.11116e-316 
51816.6 51816.6 
122168 122168 
1.35967e+06 1.35967e+06 
5.58294e-322 5.58294e-322 5.58294e-322 
1 1 1 
2 2 2 
3 3 3 
4 4 4 
5 5 5 
6 6 6 
7 7 7 
8 8 8 
9 9 9 9 
10 10 10 10 
11 11 11 11 
12 12 12 12 
0 0 0 0 
5.77563e-321 5.77563e-321 5.77563e-321 5.77563e-321 
1.90673 1.90673 1.90673 1.90673 
1.86614 1.86614 1.86614 1.86614 
1.84122 1.84122 1.84122 1.84122 
1.8218 1.8218 1.8218 
1.80531 1.80531 1.80531 
1.79121 1.79121 1.79121 
1.77941 1.77941 1.77941 
1.7698 1.7698 1.7698 
1.76242 1.76242 1.76242 
1.75716 1.75716 1.75716 
1.75405 1.75405 1.75405 
1.75304 1.75304 1.75304 
1.82155 1.82155 1.82155 1.82155 
1.75128 1.75128 1.75128 1.75128 
1.7129 1.7129 1.7129 1.7129 
1.68562 1.68562 1.68562 1.68562 
1.66371 1.66371 1.66371 1.66371 
1.6457 1.6457 1.6457 1.6457 
1.63106 1.63106 1.63106 1.63106 
1.61948 1.61948 1.61948 1.61948 
1.61069 1.61069 1.61069 1.61069 
1.60452 1.60452 1.60452 1.60452 1.60452 
1.60098 1.60098 1.60098 1.60098 1.60098 
1.59979 1.59979 1.59979 1.59979 1.59979 
1.74078 1.74078 1.74078 1.74078 1.74078 
1.64422 1.64422 1.64422 1.64422 1.64422 
1.59411 1.59411 1.59411 1.59411 1.59411 
1.5599 1.5599 1.5599 1.5599 1.5599 
1.5331 1.5331 1.5331 1.5331 1.5331 
1.51145 1.51145 1.51145 1.51145 1.51145 
R=5parameters: 
-0.685511 -0.685511 
0.0810616 0.0810616 
-6.14336e-05 -6.14336e-05 
0.0318399 0.0318399 
-0.0140049 -0.0140049 
2.11116e-316 2.11116e-316 
51816.6 51816.6 
122168 122168 
1.35967e+06 1.35967e+06 
5.58294e-322 5.58294e-322 5.58294e-322 
1 1 1 
2 2 2 
3 3 3 
4 4 4 
5 5 5 
6 6 6 
7 7 7 
8 8 8 
9 9 9 9 
10 10 10 10 
11 11 11 11 
12 12 12 12 
0 0 0 0 
5.77563e-321 5.77563e-321 5.77563e-321 5.77563e-321 
1.90673 1.90673 1.90673 1.90673 
1.86614 1.86614 1.86614 1.86614 
1.84122 1.84122 1.84122 1.84122 
1.8218 1.8218 1.8218 
1.80531 1.80531 1.80531 
1.79121 1.79121 1.79121 
1.77941 1.77941 1.77941 
1.7698 1.7698 1.7698 
1.76242 1.76242 1.76242 
1.75716 1.75716 1.75716 
1.75405 1.75405 1.75405 
1.75304 1.75304 1.75304 
1.82155 1.82155 1.82155 1.82155 
1.75128 1.75128 1.75128 1.75128 
1.7129 1.7129 1.7129 1.7129 
1.68562 1.68562 1.68562 1.68562 
1.66371 1.66371 1.66371 1.66371 
1.6457 1.6457 1.6457 1.6457 
1.63106 1.63106 1.63106 1.63106 
1.61948 1.61948 1.61948 1.61948 
1.61069 1.61069 1.61069 1.61069 
1.60452 1.60452 1.60452 1.60452 1.60452 
1.60098 1.60098 1.60098 1.60098 1.60098 
1.59979 1.59979 1.59979 1.59979 1.59979 
1.74078 1.74078 1.74078 1.74078 1.74078 
1.64422 1.64422 1.64422 1.64422 1.64422 
1.59411 1.59411 1.59411 1.59411 1.59411 
1.5599 1.5599 1.5599 1.5599 1.5599 
1.5331 1.5331 1.5331 1.5331 1.5331 
1.51145 1.51145 1.51145 1.51145 1.51145 
R=6parameters: 
-0.682493 -0.682493 
0.083404 0.083404 
-6.95494e-05 -6.95494e-05 
0.0324041 0.0324041 
-0.0101264 -0.0101264 
2.11116e-316 2.11116e-316 
51816.6 51816.6 
122168 122168 
1.35967e+06 1.35967e+06 
5.58294e-322 5.58294e-322 5.58294e-322 
1 1 1 
2 2 2 
3 3 3 
4 4 4 
5 5 5 
6 6 6 
7 7 7 
8 8 8 
9 9 9 9 
10 10 10 10 
11 11 11 11 
12 12 12 12 
0 0 0 0 
5.77563e-321 5.77563e-321 5.77563e-321 5.77563e-321 
1.90673 1.90673 1.90673 1.90673 
1.86614 1.86614 1.86614 1.86614 
1.84122 1.84122 1.84122 1.84122 
1.8218 1.8218 1.8218 
1.80531 1.80531 1.80531 
1.79121 1.79121 1.79121 
1.77941 1.77941 1.77941 
1.7698 1.7698 1.7698 
1.76242 1.76242 1.76242 
1.75716 1.75716 1.75716 
1.75405 1.75405 1.75405 
1.75304 1.75304 1.75304 
1.82155 1.82155 1.82155 1.82155 
1.75128 1.75128 1.75128 1.75128 
1.7129 1.7129 1.7129 1.7129 
1.68562 1.68562 1.68562 1.68562 
1.66371 1.66371 1.66371 1.66371 
1.6457 1.6457 1.6457 1.6457 
1.63106 1.63106 1.63106 1.63106 
1.61948 1.61948 1.61948 1.61948 
1.61069 1.61069 1.61069 1.61069 
1.60452 1.60452 1.60452 1.60452 1.60452 
1.60098 1.60098 1.60098 1.60098 1.60098 
1.59979 1.59979 1.59979 1.59979 1.59979 
1.74078 1.74078 1.74078 1.74078 1.74078 
1.64422 1.64422 1.64422 1.64422 1.64422 
1.59411 1.59411 1.59411 1.59411 1.59411 
1.5599 1.5599 1.5599 1.5599 1.5599 
1.5331 1.5331 1.5331 1.5331 1.5331 
1.51145 1.51145 1.51145 1.51145 1.51145 
R=7parameters: 
-0.679436 -0.679436 
0.0853262 0.0853262 
0.0947909 0.0947909 
0.797566 0.797566 
-9.73894 -9.73894 
2.11116e-316 2.11116e-316 
51816.6 51816.6 
122168 122168 
1.35967e+06 1.35967e+06 
5.58294e-322 5.58294e-322 5.58294e-322 
1 1 1 
2 2 2 
3 3 3 
4 4 4 
5 5 5 
6 6 6 
7 7 7 
8 8 8 
9 9 9 9 
10 10 10 10 
11 11 11 11 
12 12 12 12 
0 0 0 0 
5.77563e-321 5.77563e-321 5.77563e-321 5.77563e-321 
1.90673 1.90673 1.90673 1.90673 
1.86614 1.86614 1.86614 1.86614 
1.84122 1.84122 1.84122 1.84122 
1.8218 1.8218 1.8218 
1.80531 1.80531 1.80531 
1.79121 1.79121 1.79121 
1.77941 1.77941 1.77941 
1.7698 1.7698 1.7698 
1.76242 1.76242 1.76242 
1.75716 1.75716 1.75716 
1.75405 1.75405 1.75405 
1.75304 1.75304 1.75304 
1.82155 1.82155 1.82155 1.82155 
1.75128 1.75128 1.75128 1.75128 
1.7129 1.7129 1.7129 1.7129 
1.68562 1.68562 1.68562 1.68562 
1.66371 1.66371 1.66371 1.66371 
1.6457 1.6457 1.6457 1.6457 
1.63106 1.63106 1.63106 1.63106 
1.61948 1.61948 1.61948 1.61948 
1.61069 1.61069 1.61069 1.61069 
1.60452 1.60452 1.60452 1.60452 1.60452 
1.60098 1.60098 1.60098 1.60098 1.60098 
1.59979 1.59979 1.59979 1.59979 1.59979 
1.74078 1.74078 1.74078 1.74078 1.74078 
1.64422 1.64422 1.64422 1.64422 1.64422 
1.59411 1.59411 1.59411 1.59411 1.59411 
1.5599 1.5599 1.5599 1.5599 1.5599 
1.5331 1.5331 1.5331 1.5331 1.5331 
1.51145 1.51145 1.51145 1.51145 1.51145 
R=8parameters: 
-0.676871 -0.676871 
0.0868102 0.0868102 
-8.28213e-05 -8.28213e-05 
0.0325744 0.0325744 
-0.00384704 -0.00384704 
2.11116e-316 2.11116e-316 
51816.6 51816.6 
122168 122168 
1.35967e+06 1.35967e+06 
5.58294e-322 5.58294e-322 5.58294e-322 
1 1 1 
2 2 2 
3 3 3 
4 4 4 
5 5 5 
6 6 6 
7 7 7 
8 8 8 
9 9 9 9 
10 10 10 10 
11 11 11 11 
12 12 12 12 
0 0 0 0 
5.77563e-321 5.77563e-321 5.77563e-321 5.77563e-321 
1.90673 1.90673 1.90673 1.90673 
1.86614 1.86614 1.86614 1.86614 
1.84122 1.84122 1.84122 1.84122 
1.8218 1.8218 1.8218 
1.80531 1.80531 1.80531 
1.79121 1.79121 1.79121 
1.77941 1.77941 1.77941 
1.7698 1.7698 1.7698 
1.76242 1.76242 1.76242 
1.75716 1.75716 1.75716 
1.75405 1.75405 1.75405 
1.75304 1.75304 1.75304 
1.82155 1.82155 1.82155 1.82155 
1.75128 1.75128 1.75128 1.75128 
1.7129 1.7129 1.7129 1.7129 
1.68562 1.68562 1.68562 1.68562 
1.66371 1.66371 1.66371 1.66371 
1.6457 1.6457 1.6457 1.6457 
1.63106 1.63106 1.63106 1.63106 
1.61948 1.61948 1.61948 1.61948 
1.61069 1.61069 1.61069 1.61069 
1.60452 1.60452 1.60452 1.60452 1.60452 
1.60098 1.60098 1.60098 1.60098 1.60098 
1.59979 1.59979 1.59979 1.59979 1.59979 
1.74078 1.74078 1.74078 1.74078 1.74078 
1.64422 1.64422 1.64422 1.64422 1.64422 
1.59411 1.59411 1.59411 1.59411 1.59411 
1.5599 1.5599 1.5599 1.5599 1.5599 
1.5331 1.5331 1.5331 1.5331 1.5331 
1.51145 1.51145 1.51145 1.51145 1.51145 
R=9parameters: 
-0.675064 -0.675064 
0.0878396 0.0878396 
-8.29742e-05 -8.29742e-05 
0.0342122 0.0342122 
-0.00360569 -0.00360569 
2.11116e-316 2.11116e-316 
51816.6 51816.6 
122168 122168 
1.35967e+06 1.35967e+06 
5.58294e-322 5.58294e-322 5.58294e-322 
1 1 1 
2 2 2 
3 3 3 
4 4 4 
5 5 5 
6 6 6 
7 7 7 
8 8 8 
9 9 9 9 
10 10 10 10 
11 11 11 11 
12 12 12 12 
0 0 0 0 
5.77563e-321 5.77563e-321 5.77563e-321 5.77563e-321 
1.90673 1.90673 1.90673 1.90673 
1.86614 1.86614 1.86614 1.86614 
1.84122 1.84122 1.84122 1.84122 
1.8218 1.8218 1.8218 
1.80531 1.80531 1.80531 
1.79121 1.79121 1.79121 
1.77941 1.77941 1.77941 
1.7698 1.7698 1.7698 
1.76242 1.76242 1.76242 
1.75716 1.75716 1.75716 
1.75405 1.75405 1.75405 
1.75304 1.75304 1.75304 
1.82155 1.82155 1.82155 1.82155 
1.75128 1.75128 1.75128 1.75128 
1.7129 1.7129 1.7129 1.7129 
1.68562 1.68562 1.68562 1.68562 
1.66371 1.66371 1.66371 1.66371 
1.6457 1.6457 1.6457 1.6457 
1.63106 1.63106 1.63106 1.63106 
1.61948 1.61948 1.61948 1.61948 
1.61069 1.61069 1.61069 1.61069 
1.60452 1.60452 1.60452 1.60452 1.60452 
1.60098 1.60098 1.60098 1.60098 1.60098 
1.59979 1.59979 1.59979 1.59979 1.59979 
1.74078 1.74078 1.74078 1.74078 1.74078 
1.64422 1.64422 1.64422 1.64422 1.64422 
1.59411 1.59411 1.59411 1.59411 1.59411 
1.5599 1.5599 1.5599 1.5599 1.5599 
1.5331 1.5331 1.5331 1.5331 1.5331 
1.51145 1.51145 1.51145 1.51145 1.51145 
R=10parameters: 
-0.673838 -0.673838 
0.088481 0.088481 
0.107177 0.107177 
11.0681 11.0681 
-38.8077 -38.8077 
2.11116e-316 2.11116e-316 
51816.6 51816.6 
122168 122168 
1.35967e+06 1.35967e+06 
5.58294e-322 5.58294e-322 5.58294e-322 
1 1 1 
2 2 2 
3 3 3 
4 4 4 
5 5 5 
6 6 6 
7 7 7 
8 8 8 
9 9 9 9 
10 10 10 10 
11 11 11 11 
12 12 12 12 
0 0 0 0 
5.77563e-321 5.77563e-321 5.77563e-321 5.77563e-321 
1.90673 1.90673 1.90673 1.90673 
1.86614 1.86614 1.86614 1.86614 
1.84122 1.84122 1.84122 1.84122 
1.8218 1.8218 1.8218 
1.80531 1.80531 1.80531 
1.79121 1.79121 1.79121 
1.77941 1.77941 1.77941 
1.7698 1.7698 1.7698 
1.76242 1.76242 1.76242 
1.75716 1.75716 1.75716 
1.75405 1.75405 1.75405 
1.75304 1.75304 1.75304 
1.82155 1.82155 1.82155 1.82155 
1.75128 1.75128 1.75128 1.75128 
1.7129 1.7129 1.7129 1.7129 
1.68562 1.68562 1.68562 1.68562 
1.66371 1.66371 1.66371 1.66371 
1.6457 1.6457 1.6457 1.6457 
1.63106 1.63106 1.63106 1.63106 
1.61948 1.61948 1.61948 1.61948 
1.61069 1.61069 1.61069 1.61069 
1.60452 1.60452 1.60452 1.60452 1.60452 
1.60098 1.60098 1.60098 1.60098 1.60098 
1.59979 1.59979 1.59979 1.59979 1.59979 
1.74078 1.74078 1.74078 1.74078 1.74078 
1.64422 1.64422 1.64422 1.64422 1.64422 
1.59411 1.59411 1.59411 1.59411 1.59411 
1.5599 1.5599 1.5599 1.5599 1.5599 
1.5331 1.5331 1.5331 1.5331 1.5331 
1.51145 1.51145 1.51145 1.51145 1.51145 
R=11parameters: 
-0.67327 -0.67327 
0.088701 0.088701 
-9.00135e-05 -9.00135e-05 
0.0330304 0.0330304 
0.000498524 0.000498524 
2.11116e-316 2.11116e-316 
51816.6 51816.6 
122168 122168 
1.35967e+06 1.35967e+06 
5.58294e-322 5.58294e-322 5.58294e-322 
1 1 1 
2 2 2 
3 3 3 
4 4 4 
5 5 5 
6 6 6 
7 7 7 
8 8 8 
9 9 9 9 
10 10 10 10 
11 11 11 11 
12 12 12 12 
0 0 0 0 
5.77563e-321 5.77563e-321 5.77563e-321 5.77563e-321 
1.90673 1.90673 1.90673 1.90673 
1.86614 1.86614 1.86614 1.86614 
1.84122 1.84122 1.84122 1.84122 
1.8218 1.8218 1.8218 
1.80531 1.80531 1.80531 
1.79121 1.79121 1.79121 
1.77941 1.77941 1.77941 
1.7698 1.7698 1.7698 
1.76242 1.76242 1.76242 
1.75716 1.75716 1.75716 
1.75405 1.75405 1.75405 
1.75304 1.75304 1.75304 
1.82155 1.82155 1.82155 1.82155 
1.75128 1.75128 1.75128 1.75128 
1.7129 1.7129 1.7129 1.7129 
1.68562 1.68562 1.68562 1.68562 
1.66371 1.66371 1.66371 1.66371 
1.6457 1.6457 1.6457 1.6457 
1.63106 1.63106 1.63106 1.63106 
1.61948 1.61948 1.61948 1.61948 
1.61069 1.61069 1.61069 1.61069 
1.60452 1.60452 1.60452 1.60452 1.60452 
1.60098 1.60098 1.60098 1.60098 1.60098 
1.59979 1.59979 1.59979 1.59979 1.59979 
1.74078 1.74078 1.74078 1.74078 1.74078 
1.64422 1.64422 1.64422 1.64422 1.64422 
1.59411 1.59411 1.59411 1.59411 1.59411 
1.5599 1.5599 1.5599 1.5599 1.5599 
1.5331 1.5331 1.5331 1.5331 1.5331 
1.51145 1.51145 1.51145 1.51145 1.51145 
T Models:
(* Fitting with shape 1 1 1 1 1 1 1 1 1 1 0 0 *)
G[T_,xx_]:=Exp[0+xx[[1]]*T^1+xx[[2]]*T^2]*(1)
(* Fitting with shape 1 1 1 1 1 1 1 1 1 1 1 0 *)
G[T_,xx_]:=Exp[0+xx[[1]]*T^1+xx[[2]]*T^2]*(1)
(* Fitting with shape 1 1 1 1 1 1 1 1 1 1 1 1 *)
G[T_,xx_]:=Exp[0+xx[[1]]*T^1+xx[[2]]*T^2]*(1)
(* Fitting with shape 0 1 1 1 1 1 1 1 1 1 0 0 *)
G[T_,xx_]:=Exp[0+xx[[1]]*T^1+xx[[2]]*T^2]*(1)
(* Fitting with shape 0 1 1 1 1 1 1 1 1 1 1 0 *)
G[T_,xx_]:=Exp[0+xx[[1]]*T^1+xx[[2]]*T^2]*(1)
(* Fitting with shape 0 1 1 1 1 1 1 1 1 1 1 1 *)
G[T_,xx_]:=Exp[0+xx[[1]]*T^1+xx[[2]]*T^2]*(1)
(* Fitting with shape 0 0 1 1 1 1 1 1 1 1 0 0 *)
G[T_,xx_]:=Exp[0+xx[[1]]*T^1+xx[[2]]*T^2]*(1)
(* Fitting with shape 0 0 1 1 1 1 1 1 1 1 1 0 *)
G[T_,xx_]:=Exp[0+xx[[1]]*T^1+xx[[2]]*T^2]*(1)
(* Fitting with shape 0 0 1 1 1 1 1 1 1 1 1 1 *)
G[T_,xx_]:=Exp[0+xx[[1]]*T^1+xx[[2]]*T^2]*(1)
(* Fitting with shape 1 1 1 1 1 1 1 1 1 1 0 0 *)
G[T_,xx_]:=Exp[0+xx[[1]]*T^1+xx[[2]]*T^2]*(1+xx[[3]]/(T^1))
(* Fitting with shape 1 1 1 1 1 1 1 1 1 1 1 0 *)
G[T_,xx_]:=Exp[0+xx[[1]]*T^1+xx[[2]]*T^2]*(1+xx[[3]]/(T^1))
(* Fitting with shape 1 1 1 1 1 1 1 1 1 1 1 1 *)
G[T_,xx_]:=Exp[0+xx[[1]]*T^1+xx[[2]]*T^2]*(1+xx[[3]]/(T^1))
(* Fitting with shape 0 1 1 1 1 1 1 1 1 1 0 0 *)
G[T_,xx_]:=Exp[0+xx[[1]]*T^1+xx[[2]]*T^2]*(1+xx[[3]]/(T^1))
(* Fitting with shape 0 1 1 1 1 1 1 1 1 1 1 0 *)
G[T_,xx_]:=Exp[0+xx[[1]]*T^1+xx[[2]]*T^2]*(1+xx[[3]]/(T^1))
(* Fitting with shape 0 1 1 1 1 1 1 1 1 1 1 1 *)
G[T_,xx_]:=Exp[0+xx[[1]]*T^1+xx[[2]]*T^2]*(1+xx[[3]]/(T^1))
(* Fitting with shape 0 0 1 1 1 1 1 1 1 1 0 0 *)
G[T_,xx_]:=Exp[0+xx[[1]]*T^1+xx[[2]]*T^2]*(1+xx[[3]]/(T^1))
(* Fitting with shape 0 0 1 1 1 1 1 1 1 1 1 0 *)
G[T_,xx_]:=Exp[0+xx[[1]]*T^1+xx[[2]]*T^2]*(1+xx[[3]]/(T^1))
(* Fitting with shape 0 0 1 1 1 1 1 1 1 1 1 1 *)
G[T_,xx_]:=Exp[0+xx[[1]]*T^1+xx[[2]]*T^2]*(1+xx[[3]]/(T^1))
(* Fitting with shape 1 1 1 1 1 1 1 1 1 1 0 0 *)
G[T_,xx_]:=Exp[0+xx[[1]]*T^1+xx[[2]]*T^2]*(1+xx[[3]]/(T^1)+xx[[4]]/(T^2))
(* Fitting with shape 1 1 1 1 1 1 1 1 1 1 1 0 *)
G[T_,xx_]:=Exp[0+xx[[1]]*T^1+xx[[2]]*T^2]*(1+xx[[3]]/(T^1)+xx[[4]]/(T^2))
(* Fitting with shape 1 1 1 1 1 1 1 1 1 1 1 1 *)
G[T_,xx_]:=Exp[0+xx[[1]]*T^1+xx[[2]]*T^2]*(1+xx[[3]]/(T^1)+xx[[4]]/(T^2))
(* Fitting with shape 0 1 1 1 1 1 1 1 1 1 0 0 *)
G[T_,xx_]:=Exp[0+xx[[1]]*T^1+xx[[2]]*T^2]*(1+xx[[3]]/(T^1)+xx[[4]]/(T^2))
(* Fitting with shape 0 1 1 1 1 1 1 1 1 1 1 0 *)
G[T_,xx_]:=Exp[0+xx[[1]]*T^1+xx[[2]]*T^2]*(1+xx[[3]]/(T^1)+xx[[4]]/(T^2))
(* Fitting with shape 0 1 1 1 1 1 1 1 1 1 1 1 *)
G[T_,xx_]:=Exp[0+xx[[1]]*T^1+xx[[2]]*T^2]*(1+xx[[3]]/(T^1)+xx[[4]]/(T^2))
(* Fitting with shape 0 0 1 1 1 1 1 1 1 1 0 0 *)
G[T_,xx_]:=Exp[0+xx[[1]]*T^1+xx[[2]]*T^2]*(1+xx[[3]]/(T^1)+xx[[4]]/(T^2))
(* Fitting with shape 0 0 1 1 1 1 1 1 1 1 1 0 *)
G[T_,xx_]:=Exp[0+xx[[1]]*T^1+xx[[2]]*T^2]*(1+xx[[3]]/(T^1)+xx[[4]]/(T^2))
(* Fitting with shape 0 0 1 1 1 1 1 1 1 1 1 1 *)
G[T_,xx_]:=Exp[0+xx[[1]]*T^1+xx[[2]]*T^2]*(1+xx[[3]]/(T^1)+xx[[4]]/(T^2))
(* Fitting with shape 1 1 1 1 1 1 1 1 1 1 0 0 *)
G[T_,xx_]:=Exp[0+xx[[1]]*T^1+xx[[2]]*T^2+xx[[3]]*T^3]*(1)
(* Fitting with shape 1 1 1 1 1 1 1 1 1 1 1 0 *)
G[T_,xx_]:=Exp[0+xx[[1]]*T^1+xx[[2]]*T^2+xx[[3]]*T^3]*(1)
(* Fitting with shape 1 1 1 1 1 1 1 1 1 1 1 1 *)
G[T_,xx_]:=Exp[0+xx[[1]]*T^1+xx[[2]]*T^2+xx[[3]]*T^3]*(1)
(* Fitting with shape 0 1 1 1 1 1 1 1 1 1 0 0 *)
G[T_,xx_]:=Exp[0+xx[[1]]*T^1+xx[[2]]*T^2+xx[[3]]*T^3]*(1)
(* Fitting with shape 0 1 1 1 1 1 1 1 1 1 1 0 *)
G[T_,xx_]:=Exp[0+xx[[1]]*T^1+xx[[2]]*T^2+xx[[3]]*T^3]*(1)
(* Fitting with shape 0 1 1 1 1 1 1 1 1 1 1 1 *)
G[T_,xx_]:=Exp[0+xx[[1]]*T^1+xx[[2]]*T^2+xx[[3]]*T^3]*(1)
(* Fitting with shape 0 0 1 1 1 1 1 1 1 1 0 0 *)
G[T_,xx_]:=Exp[0+xx[[1]]*T^1+xx[[2]]*T^2+xx[[3]]*T^3]*(1)
(* Fitting with shape 0 0 1 1 1 1 1 1 1 1 1 0 *)
G[T_,xx_]:=Exp[0+xx[[1]]*T^1+xx[[2]]*T^2+xx[[3]]*T^3]*(1)
(* Fitting with shape 0 0 1 1 1 1 1 1 1 1 1 1 *)
G[T_,xx_]:=Exp[0+xx[[1]]*T^1+xx[[2]]*T^2+xx[[3]]*T^3]*(1)
(* Fitting with shape 1 1 1 1 1 1 1 1 1 1 0 0 *)
G[T_,xx_]:=Exp[0+xx[[1]]*T^1+xx[[2]]*T^2+xx[[3]]*T^3]*(1+xx[[4]]/(T^1))
(* Fitting with shape 1 1 1 1 1 1 1 1 1 1 1 0 *)
G[T_,xx_]:=Exp[0+xx[[1]]*T^1+xx[[2]]*T^2+xx[[3]]*T^3]*(1+xx[[4]]/(T^1))
(* Fitting with shape 1 1 1 1 1 1 1 1 1 1 1 1 *)
G[T_,xx_]:=Exp[0+xx[[1]]*T^1+xx[[2]]*T^2+xx[[3]]*T^3]*(1+xx[[4]]/(T^1))
(* Fitting with shape 0 1 1 1 1 1 1 1 1 1 0 0 *)
G[T_,xx_]:=Exp[0+xx[[1]]*T^1+xx[[2]]*T^2+xx[[3]]*T^3]*(1+xx[[4]]/(T^1))
(* Fitting with shape 0 1 1 1 1 1 1 1 1 1 1 0 *)
G[T_,xx_]:=Exp[0+xx[[1]]*T^1+xx[[2]]*T^2+xx[[3]]*T^3]*(1+xx[[4]]/(T^1))
(* Fitting with shape 0 1 1 1 1 1 1 1 1 1 1 1 *)
G[T_,xx_]:=Exp[0+xx[[1]]*T^1+xx[[2]]*T^2+xx[[3]]*T^3]*(1+xx[[4]]/(T^1))
(* Fitting with shape 0 0 1 1 1 1 1 1 1 1 0 0 *)
G[T_,xx_]:=Exp[0+xx[[1]]*T^1+xx[[2]]*T^2+xx[[3]]*T^3]*(1+xx[[4]]/(T^1))
(* Fitting with shape 0 0 1 1 1 1 1 1 1 1 1 0 *)
G[T_,xx_]:=Exp[0+xx[[1]]*T^1+xx[[2]]*T^2+xx[[3]]*T^3]*(1+xx[[4]]/(T^1))
(* Fitting with shape 0 0 1 1 1 1 1 1 1 1 1 1 *)
G[T_,xx_]:=Exp[0+xx[[1]]*T^1+xx[[2]]*T^2+xx[[3]]*T^3]*(1+xx[[4]]/(T^1))
(* Fitting with shape 1 1 1 1 1 1 1 1 1 1 0 0 *)
G[T_,xx_]:=Exp[0+xx[[1]]*T^1+xx[[2]]*T^2+xx[[3]]*T^3]*(1+xx[[4]]/(T^1)+xx[[5]]/(T^2))
(* Fitting with shape 1 1 1 1 1 1 1 1 1 1 1 0 *)
G[T_,xx_]:=Exp[0+xx[[1]]*T^1+xx[[2]]*T^2+xx[[3]]*T^3]*(1+xx[[4]]/(T^1)+xx[[5]]/(T^2))
(* Fitting with shape 1 1 1 1 1 1 1 1 1 1 1 1 *)
G[T_,xx_]:=Exp[0+xx[[1]]*T^1+xx[[2]]*T^2+xx[[3]]*T^3]*(1+xx[[4]]/(T^1)+xx[[5]]/(T^2))
(* Fitting with shape 0 1 1 1 1 1 1 1 1 1 0 0 *)
G[T_,xx_]:=Exp[0+xx[[1]]*T^1+xx[[2]]*T^2+xx[[3]]*T^3]*(1+xx[[4]]/(T^1)+xx[[5]]/(T^2))
(* Fitting with shape 0 1 1 1 1 1 1 1 1 1 1 0 *)
G[T_,xx_]:=Exp[0+xx[[1]]*T^1+xx[[2]]*T^2+xx[[3]]*T^3]*(1+xx[[4]]/(T^1)+xx[[5]]/(T^2))
(* Fitting with shape 0 1 1 1 1 1 1 1 1 1 1 1 *)
G[T_,xx_]:=Exp[0+xx[[1]]*T^1+xx[[2]]*T^2+xx[[3]]*T^3]*(1+xx[[4]]/(T^1)+xx[[5]]/(T^2))
(* Fitting with shape 0 0 1 1 1 1 1 1 1 1 0 0 *)
G[T_,xx_]:=Exp[0+xx[[1]]*T^1+xx[[2]]*T^2+xx[[3]]*T^3]*(1+xx[[4]]/(T^1)+xx[[5]]/(T^2))
(* Fitting with shape 0 0 1 1 1 1 1 1 1 1 1 0 *)
G[T_,xx_]:=Exp[0+xx[[1]]*T^1+xx[[2]]*T^2+xx[[3]]*T^3]*(1+xx[[4]]/(T^1)+xx[[5]]/(T^2))
(* Fitting with shape 0 0 1 1 1 1 1 1 1 1 1 1 *)
G[T_,xx_]:=Exp[0+xx[[1]]*T^1+xx[[2]]*T^2+xx[[3]]*T^3]*(1+xx[[4]]/(T^1)+xx[[5]]/(T^2))
Probabilities: 
        0         0         0         0         0         0         0         0         0         0         0         0         0         0         0         0         0         0         0         0         0         0         0         0         0         0         0         0         0         0         0         0         0         0         0         0         0         0         0         0         0         0         0         0         0         0         0         0   0.68341         0         0         0   0.31659         0
        0         0         0         0         0         0         0         0         0         0         0         0         0         0         0         0         0         0         0         0         0         0         0         0  0.400311         0         0         0         0         0         0         0         0         0         0         0         0         0         0         0         0         0         0         0         0         0         0         0         0         0         0  0.599689         0         0
        0         0         0         0         0         0         0         0         0         0         0         0         0         0         0         0         0         0         0         0         0         0         0         0         0         0         0         0         0         0         0         0         0         0         0         0         0         0         0         0         0         0  0.652071         0         0         0         0         0         0         0         0  0.347929         0         0
        0         0         0         0         0         0         0         0         0         0         0         0         0         0         0         0         0         0         0         0         0         0         0         0  0.387977         0         0         0         0         0         0         0         0         0         0         0         0         0         0         0         0         0  0.612023         0         0         0         0         0         0         0         0         0         0         0
        0         0         0         0         0         0         0         0         0         0         0         0         0         0         0         0         0         0         0         0         0         0         0         0  0.637283         0         0         0         0         0         0         0         0         0         0         0         0         0         0         0         0         0         0         0         0         0         0         0         0         0         0  0.362717         0         0
        0         0         0         0         0         0         0         0         0         0         0         0         0         0         0 0.0173617         0         0         0         0         0         0         0         0  0.982638         0         0         0         0         0         0         0         0         0         0         0         0         0         0         0         0         0         0         0         0         0         0         0         0         0         0         0         0         0
        0         0         0         0         0         0         0         0         0         0         0         0         0         0         0 0.0273914         0         0         0         0         0         0         0         0  0.426664         0         0         0         0         0         0         0         0         0         0         0         0         0         0         0         0         0  0.545945         0         0         0         0         0         0         0         0         0         0         0
        0         0         0         0         0         0         0         0         0         0         0         0         0         0         0         0         0         0         0         0         0         0         0         0         0         0         0         0         0         0         0         0         0         0         0         0         0         0         0         0         0         0  0.730339         0         0         0         0         0         0         0         0  0.269661         0         0
        0         0         0         0         0         0         0         0         0         0         0         0         0         0         0  0.228264         0         0         0         0         0         0         0         0  0.771736         0         0         0         0         0         0         0         0         0         0         0         0         0         0         0         0         0         0         0         0         0         0         0         0         0         0         0         0         0
        0         0         0         0         0         0         0         0         0         0         0         0         0         0         0  0.468803         0         0         0         0         0         0         0         0         0         0         0         0         0         0         0         0         0         0         0         0         0         0         0         0         0         0         0         0         0         0         0         0         0         0         0  0.531197         0         0
        0         0         0         0         0         0         0         0         0         0         0         0         0         0         0         0         0         0         0         0         0         0         0         0         0         0         0         0         0         0         0         0         0         0         0         0         0         0         0         0         0         0  0.730845         0         0         0         0         0         0         0         0  0.269155         0         0
        0         0         0         0         0         0         0         0         0         0         0         0         0         0         0         1         0         0         0         0         0         0         0         0         0         0         0         0         0         0         0         0         0         0         0         0         0         0         0         0         0         0         0         0         0         0         0         0         0         0         0         0         0         0

Values: 
 0.0448786  0.0448709  0.0448307   0.145653  0.0449144  0.0448785   0.218464  0.0448145  0.0447786  0.0447799  0.0447574  0.0447257   0.430179  0.0445303  0.0594602  0.0444116  0.0443894  0.0443635  0.0444267  0.0444069  0.0443769   0.212258  0.0442676  0.0442466    0.26107  0.0442017  0.0441822    1.14266    1.16347    1.16642    1.25975  0.0454206    1.15584    1.04786    1.12439  0.0452785   0.944503 -0.0462567   0.045175  0.0449736  0.0449627   0.746586    4.16935  0.0447818  0.0447661   0.874326   0.881886   0.887837  0.0445789    0.87195  0.0445914    1.46446  0.0445853  0.0445638
 0.0617173  0.0616873  0.0615711    0.30128  0.0618054  0.0616766  0.0618216   0.170913   0.172088  0.0617704   0.061704  0.0615976  0.0615308  0.0614722  0.0613908  0.0613649  0.0613179  0.0612544  0.0613756  0.0613257  0.0612618  0.0612091  0.0976623   0.115374  0.0611499   0.535106   0.101594    1.17153    1.14714  0.0629194    1.33166    1.28983    1.28148    1.34229    1.18074    1.33523   0.968464   0.939794  0.0928926  0.0623941     3.1134   0.773618    1.57573    1.02631          1   0.864833   0.865312   0.867186   0.061654    1.18423    1.14805  0.0616097  0.0618238  0.0617598
 0.0696896  0.0696133  0.0693728   0.069926  0.0697717  0.0695328  0.0698536   0.157412   0.160598  0.0698305  0.0696889  0.0695024  0.0695682   0.069454  0.0693211  0.0694247   0.558123   0.609737  0.0694005  0.0693101  0.0692101  0.0692236   0.554289   0.579515     0.5289  0.0690905  0.0690261    1.01907    1.06948    1.05176    1.27554     1.2674    1.25757    1.12496    1.33234    1.29152  0.0972177   0.970002   0.974082  0.0709377   0.070907   0.695555  0.0703844   0.811231    0.73757  0.0705982   0.815486   0.225314  0.0697816  0.0699338   0.069932  0.0698815  0.0702155  0.0701137
 0.0747161  0.0746198  0.0742531   0.261648   0.074841   0.573698  0.0749546   0.126143   0.119512  0.0749266   0.074754  0.0744976  0.0746339  0.0744899  0.0742982   0.287433   0.294794   0.306726  0.0744289  0.0743127  0.0741686  0.0741906  0.0741177  0.0740307  0.0741262  0.0740355  0.0739496  0.0776522    1.02942    1.04828     1.2037    1.16588    1.16318   0.983374    1.27037  0.0770651   0.932317   0.917532   0.926326   0.936961   0.994612  0.0762526  0.0756306    3.30296   0.075617   0.740906  0.0759487          1  0.0748121  0.0750402   0.849701   -1.09584  0.0756016  0.0754173
 0.0783891  0.0782504  0.0777754   0.257519  0.0784857  0.0780759  0.0786569  0.0784035   0.310498  0.0786273  0.0783991  0.0781027  0.0783126   0.136713   0.089883   0.465158  0.0779919  0.0778394  0.0780828  0.0779363   0.077782   0.077792  0.0777028   0.249767  0.0777184  0.0776053  0.0775208    1.23026    1.13931    1.13363    1.13875    1.11807     1.2163    1.00124   0.993771   0.994805  0.0810464   0.881412   0.893746  0.0804614  0.0804039  0.0802716   0.984865  0.0795732   0.964316          1          1          1  0.0785127  0.0787909   0.671077  0.0790908   0.669785   0.079208
 0.0812413  0.0810616  0.0804977   0.723183   0.733446  0.0808616  0.0815674  0.0812588   0.309873  0.0815322  0.0812562  0.0809202   0.223692   0.447924  0.0807399  0.0809704    0.58117  0.0806625  0.0809408  0.0807698  0.0805967  0.0806068  0.0805032  0.0804119  0.0805539  0.0804147  0.0803229     1.0549   0.306386    1.17571    1.20554    1.29855    1.11849    1.02015    0.99684   0.997631  0.0842676   0.974114   0.973353  0.0836028  0.0835412   0.921789   0.769263  0.0825357  0.0824318          1          1          1  0.0812153   0.884601    0.08157  -0.116214   0.234862  0.0822351
 0.0836009   0.083404   0.082804   0.787284   0.422255   0.522807  0.0839417   0.199709   0.083207  0.0838833  0.0835943  0.0832568   0.734852   0.780976   0.766254  0.0832479  0.0830949  0.0829255  0.0832297  0.0830509  0.0828737  0.0828484  0.0936594  0.0826394  0.0828077     0.5002   0.513618    1.00962    1.04819    1.24036    1.14692    1.14241    1.12558    1.32084    1.04075  0.0870529  0.0868587    1.13668   0.975556   0.705101   0.915205  0.0859048   0.084811  0.0849517    1.03566          1          1          1   0.966098   -47.1798   0.083893   -1.09004  0.0853552   0.972877
 0.0855321  0.0853262  0.0846829  0.0859316   0.138486  0.0850885  0.0858472  0.0855213  0.0850928  0.0857601  0.0854631  0.0851159  0.0853599  0.0851318  0.0848844   0.539798   0.601199  0.0847189  0.0850457  0.0848624  0.0846832   0.084615  0.0844918  0.0844058   0.541212   0.624822  0.0843234  0.0901679    1.11328    1.09942  0.0897363    1.15037    1.13112   0.995717    1.00176    1.06272    1.02711   0.992161   0.972819  0.0881449  0.0880918  0.0878714  0.0866445    1.27001   0.704758          1          1          1    1.25938    1.18145   0.805878   0.086408  0.0873868  0.0865949
 0.0870285  0.0868102  0.0861534  0.0874102  0.0870498          1  0.0873344  0.0869911   0.224322  0.0872194  0.0869061  0.0865551     0.7176   0.770891   0.703489  0.0864564  0.0862873  0.0861274  0.0864687  0.0862765  0.0861062  0.0859953   0.421791  0.0857929  0.0859932  0.0857966  0.0857184   0.263223     1.3993    1.40819    1.10471    1.10153    1.10091    1.28758    1.15941    1.03699   0.900865    0.88435   0.897096  0.0896729    1.25834  -0.455075   0.678238  0.0882452  0.0880666          1          1          1   0.086368   0.921775  0.0869068    1.04808  0.0889701  0.0879961
 0.0880689  0.0878396  0.0871632  0.0884395   0.805143  0.0976006  0.0883622  0.0880079  0.0875627  0.0882269  0.0879036  0.0875471  0.0878003  0.0875503  0.0873007   0.087418   0.194891  0.0870812  0.0874456  0.0872405  0.0870662   0.222072  0.0867946  0.0867254   0.118432  0.0867286   0.145131    1.16806    1.16268    1.16759    1.25969    1.15804    1.14929    1.29551    1.02745    1.04017   0.953566  0.0914858   0.963317  0.0907516  0.0907094  0.0904573   0.741028   0.089262  0.0890703          1          1          1  0.0872509  0.0879997  0.0878463  0.0889088  0.0901757    1.18154
 0.0887088   0.088481  0.0878088  0.0890686   0.150405  0.0881814  0.0889848  0.0886372  0.0881933  0.0888386  0.0885185  0.0881602  0.0883998  0.0881536  0.0878988   0.391913   0.431888   0.420048  0.0880336  0.0878323  0.0876504  0.0874977  0.0873572  0.0872833    0.58886  0.0872928   0.666504    1.23632    1.20221    1.18095    1.23502     1.1882     1.3034   0.981785   0.999888   0.981992   0.875955   0.958189   0.091898   0.882837  0.0913527   0.750691  0.0896125   0.685028    0.99664  0.0907001          1          1  0.0877827   -1.40614   0.745314  0.0894463  0.0907571  0.0896797
  0.088926   0.088701  0.0880457  0.0892899   0.572286   0.684167  0.0892079   0.088856  0.0884246  0.0890533  0.0887301  0.0883802  0.0886072  0.0883589   0.088112  0.0881889  0.0880112    0.39622  0.0882333  0.0880304  0.0878556  0.0876795  0.0875403  0.0874723   0.661025  0.0874768  0.0874024    1.33067  0.0936938    1.21109    1.20239    1.21032    1.22537   0.985756   0.982758    0.98451   0.897446    0.86958  0.0921041  0.0916135   0.742861   0.955673   0.734666   0.741575    0.99597  0.0909119          1          1   0.766661   0.771918   0.919391   0.731769  0.0909201  0.0897925

Errors: 
8.89869e-06 8.76048e-06 8.62811e-06 0.000458091 8.80622e-06 8.67956e-06  0.00162644 9.09055e-06 8.96412e-06 8.98816e-06 8.86814e-06  8.7266e-06    0.302783 1.03431e-05           1 1.15009e-05  1.1291e-05 1.08745e-05 1.15978e-05 1.12826e-05 1.07826e-05 0.000806366 1.26785e-05 1.18172e-05  0.00156615 1.46869e-05 1.37675e-05           0           0           0           0 1.16496e-05           0     1.01668     1.00006 1.17942e-05    0.447235 3.45275e-07 1.21493e-05 1.62655e-05 1.60845e-05  2.2309e-06           1  2.2128e-05   2.116e-05  3.2016e-06 1.71219e-06 1.22386e-05 3.76432e-05     0.25062 3.11697e-05 0.000412384 6.39293e-05 5.46465e-05
2.56131e-05 2.51449e-05 2.38267e-05           0 2.55271e-05 2.41471e-05 2.59972e-05           0           0 2.56491e-05 2.53253e-05 2.38998e-05 2.74877e-05 2.66561e-05 2.48859e-05 2.85804e-05 2.70446e-05 2.56936e-05 2.84482e-05 2.77708e-05 2.57442e-05 3.07559e-05           0           0 3.57003e-05           0           0           0           0 3.67876e-05           0           0           0           1     1.00004     1.00002           0           0           1 4.80066e-05           1     1.00001           1     1.00034           0    0.926883 5.74697e-06    0.542701 0.000127155 5.62532e-06 3.81324e-05  0.00027591  0.00020804 0.000162912
4.98571e-05 4.80634e-05 4.44476e-05 5.06933e-05 4.89181e-05 4.53075e-05 5.13302e-05           0           0 5.02967e-05  4.8626e-05 4.51597e-05 5.23151e-05  4.9886e-05 4.58232e-05 5.29314e-05           0           0 5.33707e-05 5.10421e-05 4.66365e-05 5.64756e-05           0           0           0 6.09459e-05 5.29964e-05           0           0           0           0           0           0     1.00014     1.00005     1.00003           1           0           0 9.90585e-05 9.56612e-05           1 0.000154386     1.00001     1.00004 0.000124563           1     1.06829  0.00026867 0.000229621 0.000183619 0.000605915 0.000445721 0.000335426
7.98498e-05 7.70632e-05 7.02986e-05           0 7.85905e-05           0 8.22685e-05           1           1 7.86779e-05 7.84302e-05 7.19607e-05 8.34783e-05  7.9902e-05 7.29297e-05           0           0           0 8.68894e-05  8.1346e-05 7.48252e-05 8.97277e-05 8.39138e-05 7.53621e-05 0.000108323 9.86508e-05 8.27363e-05  0.00012953           0           0           0           0           0           0     1.00014 0.000123717           0           0           0           0     1.00002  0.00014817 0.000254191     1.00007 0.000204363   0.0768049 0.000185813  0.00779967 0.000440245 0.000372427 0.000495244 0.000374847 0.000736082 0.000553038
0.000114591 0.000110501 0.000100611           0           0 0.000103435 0.000119752 0.000112614           0 0.000116073 0.000111396 0.000103423 0.000115461           0           0           0 0.000114178 0.000104665 0.000121032 0.000111283 0.000105223 0.000130322 0.000119015           0 0.000172402 0.000140366 0.000119906           0           0           0           0           0           0           0           0           0  0.00020097           0           0 0.000231433 0.000221738 0.000213516           0 0.000333518     1.00011   0.0131291   0.0126294   0.0137263  0.00063001 0.000529775 0.000212265  0.00145325           1 0.000808718
0.000149565 0.000143171 0.000130275           0           0 0.000135108  0.00015686 0.000146455           0 0.000152094 0.000139711 0.000133105           0           0 0.000135264 0.000157661           0 0.000136172 0.000163619 0.000149502 0.000140384 0.000166182 0.000154183  0.00014092 0.000205344 0.000181478 0.000153477           0           0           0           0     1.00006           0     1.00869           0           0 0.000263468           0           0 0.000302882  0.00029438     1.00149     1.00009 0.000424037 0.000383454  0.00894809  0.00913368  0.00832812 0.000823401 0.000356961  0.00056191 0.000386493     1.00002  0.00106883
0.000186691 0.000180249 0.000165522           0           0           0 0.000192698           0 0.000170134 0.000189779  0.00018837  0.00017102           0           0           0 0.000198024 0.000184631 0.000171229 0.000196691 0.000184048 0.000172128 0.000206083           0 0.000176006 0.000252682           0           0           0           0           0           0           0           0     1.00029     1.01346  0.00028721 0.000323784           1           0           1     1.00004 0.000364509 0.000589029 0.000531349     1.03185     0.01555   0.0153373   0.0146462  0.00344727  0.00814926 0.000694966 0.000858862  0.00176661           1
0.000220469 0.000212497 0.000196337 0.000224884           0           0 0.000225196 0.000215982  0.00020376 0.000222211 0.000216236 0.000201582 0.000226737 0.000218721 0.000201657           0           0 0.000203364 0.000231265 0.000221529 0.000207357 0.000240304 0.000237897 0.000210351           0           0 0.000229995 0.000332621           0           0 0.000343178           0           0           0           0      1.0304           0           0           0 0.000435937 0.000419732 0.000397195  0.00069574     1.00036     1.00004   0.0207638   0.0198276   0.0188152 0.000610057 0.000521174   0.0263968  0.00278494  0.00206887  0.00154892
0.000251575 0.000243246  0.00022486 0.000252295  0.00024568           0 0.000255138 0.000247368           0 0.000248456 0.000244649 0.000230742           0           0           0 0.000270601   0.0002464 0.000231033 0.000266296 0.000253042 0.000234703 0.000277326           0 0.000238251 0.000337398 0.000300705 0.000264533           0           0           0           0           0           0     1.00042           0           0           0           0           0 0.000476207     1.00045     1.00042     1.00005 0.000693606 0.000595798   0.0274609   0.0245045   0.0228056  0.00133734     1.00004 0.000911237 1.98169e-05  0.00232699  0.00176967
0.000272492 0.000263553 0.000246902 0.000278707           0           0 0.000281326 0.000286161 0.000252282  0.00027699 0.000266786 0.000249442 0.000283065 0.000276467 0.000251901 0.000282939     1.00006 0.000252406 0.000290969 0.000271679 0.000254221           0 0.000283308 0.000302551     1.00012 0.000332756     1.00002           0           0           0           0           0           0      1.0006     1.07316     1.02383           0  0.00043744           0 0.000510112 0.000503117 0.000478902           1 0.000740477 0.000655499   0.0328669   0.0283575   0.0257157  0.00144374  0.00121903  0.00099196  0.00337952   0.0025347     1.00124
0.000287721 0.000277956 0.000259787 0.000291056           0 0.000265335 0.000289545 0.000280541 0.000264233 0.000293837 0.000279361 0.000265952 0.000293987 0.000280492  0.00026421           0           0           0  0.00030022 0.000285752 0.000265956 0.000313807 0.000296298 0.000274597           0 0.000348194           0           0           0           0           0           0           0           0     1.03495           0           0           0 0.000437516     1.00027 0.000527057     1.00002  0.00088132           1     1.18268    0.000656   0.0325633   0.0288742   0.0015163  0.00214124  0.00031969  0.00353992  0.00266016  0.00200594
0.000293167 0.000284343 0.000264551 0.000298805           0           0  0.00029781 0.000285427 0.000269664 0.000293048 0.000284219 0.000262606  0.00029861 0.000286012 0.000269756 0.000302127 0.000290691           0 0.000305632 0.000296749 0.000313282 0.000323575 0.000303251 0.000281846           0 0.000378126 0.000312136           0 0.000424313           0           0           0           0           0           0           0           0           0 0.000445381 0.000560223  0.00499032           0   0.0105152     1.00004     1.54437  0.00068238    0.033562   0.0307571 3.65611e-05 0.000740714     1.00005     1.00004  0.00271836  0.00204671

Statuses: 
0 0 0 3 0 0 3 0 0 0 0 0 3 0 3 0 0 0 0 0 0 3 0 0 3 0 0 3 3 3 3 0 3 3 3 0 3 3 0 0 0 3 3 0 0 3 3 3 0 3 0 3 0 0
0 0 0 3 0 0 0 3 3 0 0 0 0 0 0 0 0 0 0 0 0 0 3 3 0 3 3 3 3 0 3 3 3 3 3 3 3 3 3 0 3 3 3 3 3 3 3 3 0 3 3 0 0 0
0 0 0 0 0 0 0 3 3 0 0 0 0 0 0 0 3 3 0 0 0 0 3 3 3 0 0 3 3 3 3 3 3 3 3 3 3 3 3 0 0 3 0 3 3 0 3 3 0 0 0 0 0 0
0 0 0 3 0 3 0 3 3 0 0 0 0 0 0 3 3 3 0 0 0 0 0 0 0 0 0 0 3 3 3 3 3 3 3 0 3 3 3 3 3 0 0 3 0 3 0 3 0 0 3 0 0 0
0 0 0 3 2 0 0 0 3 0 0 0 0 3 3 3 0 0 0 0 0 0 0 3 0 0 0 3 3 3 3 3 3 3 3 3 0 3 3 0 0 0 3 0 3 3 3 3 0 0 3 0 3 0
0 0 0 3 3 0 0 0 3 0 0 0 3 3 0 0 3 0 0 0 0 0 0 0 0 0 0 3 3 3 3 3 3 3 3 3 0 3 3 0 0 3 3 0 0 3 3 3 0 3 0 0 3 0
0 0 0 3 3 3 0 3 0 0 0 0 3 3 3 0 0 0 0 0 0 0 3 0 0 3 3 3 3 3 3 3 3 3 3 0 0 3 3 3 3 0 0 0 3 3 3 3 3 1 0 0 0 3
0 0 0 0 3 2 0 0 0 0 0 0 0 0 0 3 3 0 0 0 0 0 0 0 3 3 0 0 3 3 0 3 3 3 3 3 3 3 3 0 0 0 0 3 3 3 3 3 3 3 3 0 0 0
0 0 0 0 0 3 0 0 3 0 0 0 3 3 3 0 0 0 0 0 0 0 3 0 0 0 0 3 3 3 3 3 3 3 3 3 3 3 3 0 3 3 3 0 0 3 3 3 0 3 0 3 0 0
0 0 0 0 3 3 0 0 0 0 0 0 0 0 0 0 3 0 0 0 0 3 0 0 3 0 3 3 3 3 3 3 3 3 3 3 3 0 3 0 0 0 3 0 0 3 3 3 0 0 0 0 0 3
0 0 0 0 3 0 0 0 0 0 0 0 0 0 0 3 3 3 0 0 0 0 0 0 3 0 3 3 3 3 3 3 3 3 3 3 3 3 0 3 0 3 0 3 3 0 3 3 0 0 3 0 0 0
0 0 0 0 3 3 0 0 0 0 0 0 0 0 0 0 0 3 0 0 0 0 0 0 3 0 0 3 0 3 3 3 3 3 3 3 3 3 0 0 3 3 3 3 3 0 3 3 3 3 3 3 0 0
chisq per dof: 
10.1257 9.13101 8.80087 37029.8 6.77215 6.57672 78451.4 5.68272 5.58215 4.36446 4.17109 4.10922  193572 2.82044 31230.9 2.07244 2.01314  1.9413 2.41476 2.26718 2.20929  106094 1.80716 1.71932  111977 1.85829 1.73227  195642  188661  166681  259322 3.27911  198401  276942  235409 2.30576  248466  101962  2.1442 1.99083 1.84872  217219  267205  1.8205 1.69058  317454  274180  241444  2.2543  226183 1.83892  315327   2.257 2.00617
4.19569   3.871 3.73703 9160.86 3.34369 3.28427  3.3108 3487.97 3069.59 2.56089 2.52544 2.49803 2.11242 2.03269 1.97197 1.74108 1.66342 1.60924 1.94843 1.85422 1.78172 1.82132 4314.81 3992.01 2.00892 12166.2 2809.72 23612.5 20008.5 2.36209 29999.1 25935.3 22683.3 27572.9 25989.2   20229 28919.6 23555.4 2425.57 1.85828 23574.2 26780.1   26783 31207.3 27615.8 34094.2 29137.3 25782.1 2.25407 37339.2 31697.5 2.67201 2.25646  2.0055
2.86292 2.68332 2.64151 2.50362  2.4152 2.39628 2.45167 665.645 602.952 2.04851 2.01655 1.99003 1.84261 1.77582 1.71936 1.66349 3314.44  3108.8 1.82446 1.73341 1.66195 1.80923 5903.62 5141.66 4222.64 1.81292 1.68245 5627.39 5533.38 4888.71 8457.65 7291.57  6506.3 8747.78 6648.27 6036.13 371.027 7306.09  6550.1 1.83294 1.69585 7461.57 2.00492 8933.02 7374.62  2.0192 7628.11 4238.96 2.25368 2.00461 1.83717 2.67149  2.2548 2.00401
2.25484 2.13319 2.12451 1181.02 1.95539 1478.74 2.01186  150.89 105.148 1.80096 1.76022 1.73563 1.71747 1.65092 1.60121 626.258 514.518 488.097 1.77152 1.67991 1.61059 1.80588 1.67776 1.58645 2.00538 1.80957 1.67782 1.69361 2295.18  2119.5  3395.9 3342.88 2927.82 3724.86 2861.21  1.5137 3234.72 2849.49 2533.09 4640.46 3950.44 1.59511 2.00378 2814.97  1.6697 3432.44 1.84614 4232.14 2.25374 2.00431 3435.39  120.09 2.25404 2.00343
1.98019 1.88787 1.88389 488.555 1.76537 1.75425  1.8173 1.75916 352.343 1.69386 1.65458  1.6214 1.65574 156.421 149.459 603.298 1.53353 1.46849 1.74393 1.65158 1.57942 1.80464 1.67489  346.68 2.00462 1.80737 1.67433 1606.79 1301.29 1232.61    2033 1788.25 1290.93 1999.32 1690.32  1451.2 1.71178 1370.96 1242.47 1.81829 1.68281  1.5903 2499.15 1.80277 1474.59 3112.57  2638.4 2268.98 2.25342 2.00368 1928.68 2.67079 2443.99  2.0031
1.81599 1.74059 1.73653 695.681  614.94 1.63284 1.69949 1.64773 195.926 1.62791  1.5879 1.55286 381.228 613.244 1.49543 1.61717 467.134 1.45674 1.72406 1.63123 1.55949 1.80335 1.67274 1.57853 2.00385  1.8061  1.6728 894.719 294.573 776.367 1272.15 1051.39 963.953 1249.59 1053.73 905.025 1.70243 1059.52 928.877  1.8162 1.68075 1125.35  1519.4 1.80262 1.66914 1960.11 1659.91 1428.33 2.25321  1531.8 1.83636 7.68991 151.652 2.00292
 1.7154 1.64905 1.64277 512.143 316.481 331.752 1.63421 72.3581 1.54649 1.59213 1.54899 1.51099 621.107 548.984 480.748 1.61316 1.51854 1.45072 1.71391 1.62025 1.54832 1.80279 129.451 1.57737 2.00335 293.463 277.529 582.569 551.786 577.369 897.252 788.691  687.83 795.719 741.011 1.46731 1.69534 882.029 716.978 826.271 627.252 1.58489 2.00249 1.80241 741.503 1403.14 1186.01  1019.4 1335.26 889.588 1.83624 22.7383 2.25291 686.323
1.64036 1.57994 1.57154 1.56342 62.0197 1.50077 1.58656 1.53259 1.49604 1.56674 1.52064 1.48065 1.58011 1.51001 1.45526 283.487  266.38 1.44589 1.70686  1.6125 1.54007 1.80243 1.67121 1.57618 294.818 304.272 1.67136 1.50698 465.869 417.892 1.55258 608.097 536.679 674.143 566.329 487.772 772.993 612.886 508.142 1.81275 1.67755 1.58407 2.00232 561.624 556.259 1090.48 919.849 789.784 1025.78  804.07 558.849 2.66974 2.25277 2.00265
1.59467 1.53818   1.527 1.53103 1.49084  294.28 1.55788 1.50493 54.3946 1.55071 1.50411 1.46302 390.575 346.621  294.87 1.60846  1.5127 1.44273 1.70224 1.60776 1.53487 1.80225 207.594 1.57543 2.00281 1.80465 1.67083 117.803 445.804 409.563 591.079  512.79 450.628  499.98 466.226 405.326 489.984 393.915 360.718 1.81193 578.625 387.234 671.733 1.80228 1.66889 913.669 769.035 659.973 2.25267 717.018 1.83615 670.987 2.25267 2.00266
1.56765 1.51353 1.50237  1.5112 255.944 6.09672 1.53972 1.48715 1.45009 1.54104 1.49371 1.45248 1.56586 1.49578 1.44044 1.60754 39.0963 1.44141 1.70011  1.6058  1.5329 84.5942 1.67059 1.57517  37.697  1.8045 68.6432 382.313 351.615 310.721 503.817 441.112 389.326 466.326 410.211 354.155 468.233 1.58931 363.174 1.81137 1.67627 1.58276  607.91 1.80221 1.66884  805.57 676.411 580.269 2.25247 2.00328 1.83612 2.66933 2.25252 468.771
1.54708 1.49456 1.48213 1.49551 57.4706 1.43177 1.52473 1.47198 1.43504 1.53334 1.48539 1.44419 1.56143 1.49078 1.43586 101.019 102.995  97.842 1.69812 1.60345 1.53085 1.80196 1.67034 1.57497 271.369 1.80424  196.98 381.321 335.506 287.551 429.419  342.54 355.655  454.74 380.969 328.743 388.102 378.322 1.51905 578.547   1.676 389.364 2.00196 447.565 383.551 2.00827 632.756 542.824 2.25239  58.758 465.739 2.66927 2.25247 2.00246
1.54203 1.48958 1.47554  1.4914 194.839 188.528 1.52044 1.46807 1.43015 1.53108 1.48321 1.44151 1.56012 1.48949 1.43422 1.60689 1.51048 79.2274 1.69758 1.60286 1.53006 1.80193 1.67016 1.57475 273.291 1.80404 1.67023 414.672 1.43224 299.016 427.864 365.408 315.767 447.795 375.747 323.552 381.927 343.723 1.51888 1.81088 336.426 414.195 550.225 446.495 377.495 2.00818  622.86  534.87 607.882 512.595 483.044 740.491 2.25237 2.00241
Mode averaged potential and errors: 
  0.0445809 4.76578e-05
  0.0614257  0.00031131
  0.0702094 0.000447951
  0.0750469 0.000762562
  0.0782162  0.00110472
  0.0805611  0.00021172
  0.0839134  0.00109149
  0.0865807  0.00156716
   0.086099 0.000377293
  0.0882099  0.00258028
  0.0895678  0.00198643
  0.0881889 0.000302127
R Models:
(* Fitting with shape 1 1 1 1 1 1 1 1 0 0 0 0 *)
G[R_,xx_]:=xx[[0]] + xx[[1]]/R | xx[[2]]*R
(* Fitting with shape 1 1 1 1 1 1 1 1 1 0 0 0 *)
G[R_,xx_]:=xx[[0]] + xx[[1]]/R | xx[[2]]*R
(* Fitting with shape 1 1 1 1 1 1 1 1 1 1 0 0 *)
G[R_,xx_]:=xx[[0]] + xx[[1]]/R | xx[[2]]*R
(* Fitting with shape 1 1 1 1 1 1 1 1 1 1 1 0 *)
G[R_,xx_]:=xx[[0]] + xx[[1]]/R | xx[[2]]*R
(* Fitting with shape 1 1 1 1 1 1 1 1 1 1 1 1 *)
G[R_,xx_]:=xx[[0]] + xx[[1]]/R | xx[[2]]*R
(* Fitting with shape 0 1 1 1 1 1 1 1 0 0 0 0 *)
G[R_,xx_]:=xx[[0]] + xx[[1]]/R | xx[[2]]*R
(* Fitting with shape 0 1 1 1 1 1 1 1 1 0 0 0 *)
G[R_,xx_]:=xx[[0]] + xx[[1]]/R | xx[[2]]*R
(* Fitting with shape 0 1 1 1 1 1 1 1 1 1 0 0 *)
G[R_,xx_]:=xx[[0]] + xx[[1]]/R | xx[[2]]*R
(* Fitting with shape 0 1 1 1 1 1 1 1 1 1 1 0 *)
G[R_,xx_]:=xx[[0]] + xx[[1]]/R | xx[[2]]*R
(* Fitting with shape 0 1 1 1 1 1 1 1 1 1 1 1 *)
G[R_,xx_]:=xx[[0]] + xx[[1]]/R | xx[[2]]*R
(* Fitting with shape 0 0 1 1 1 1 1 1 0 0 0 0 *)
G[R_,xx_]:=xx[[0]] + xx[[1]]/R | xx[[2]]*R
(* Fitting with shape 0 0 1 1 1 1 1 1 1 0 0 0 *)
G[R_,xx_]:=xx[[0]] + xx[[1]]/R | xx[[2]]*R
(* Fitting with shape 0 0 1 1 1 1 1 1 1 1 0 0 *)
G[R_,xx_]:=xx[[0]] + xx[[1]]/R | xx[[2]]*R
(* Fitting with shape 0 0 1 1 1 1 1 1 1 1 1 0 *)
G[R_,xx_]:=xx[[0]] + xx[[1]]/R | xx[[2]]*R
(* Fitting with shape 0 0 1 1 1 1 1 1 1 1 1 1 *)
G[R_,xx_]:=xx[[0]] + xx[[1]]/R | xx[[2]]*R
(* Fitting with shape 0 0 0 1 1 1 1 1 0 0 0 0 *)
G[R_,xx_]:=xx[[0]] + xx[[1]]/R | xx[[2]]*R
(* Fitting with shape 0 0 0 1 1 1 1 1 1 0 0 0 *)
G[R_,xx_]:=xx[[0]] + xx[[1]]/R | xx[[2]]*R
(* Fitting with shape 0 0 0 1 1 1 1 1 1 1 0 0 *)
G[R_,xx_]:=xx[[0]] + xx[[1]]/R | xx[[2]]*R
(* Fitting with shape 0 0 0 1 1 1 1 1 1 1 1 0 *)
G[R_,xx_]:=xx[[0]] + xx[[1]]/R | xx[[2]]*R
(* Fitting with shape 0 0 0 1 1 1 1 1 1 1 1 1 *)
G[R_,xx_]:=xx[[0]] + xx[[1]]/R | xx[[2]]*R
1.86956 1.86956 1.86956 
1.23885 1.23885 1.23885 
1 1 1 
0.0358371 0.0358371 0.0358371 
-0.00269449 -0.00269449 -0.00269449 
2.11116e-316 2.11116e-316 2.11116e-316 
51816.6 51816.6 51816.6 
122168 122168 122168 
1.35967e+06 1.35967e+06 1.35967e+06 
5.58294e-322 5.58294e-322 5.58294e-322 
1 1 1 
2 2 2 
3 3 3 
4 4 4 
5 5 5 
6 6 6 
7 7 7 
8 8 8 
9 9 9 
10 10 10 
11 11 11 
12 12 12 
0 0 0 
5.77563e-321 5.77563e-321 5.77563e-321 
1.90673 1.90673 1.90673 
1.86614 1.86614 1.86614 
1.84122 1.84122 1.84122 
1.8218 1.8218 1.8218 
1.80531 1.80531 1.80531 
1.79121 1.79121 1.79121 
1.77941 1.77941 1.77941 
1.7698 1.7698 1.7698 
1.76242 1.76242 1.76242 
1.75716 1.75716 1.75716 
1.75405 1.75405 1.75405 
1.75304 1.75304 1.75304 
1.82155 1.82155 1.82155 
1.75128 1.75128 1.75128 
1.7129 1.7129 1.7129 
1.68562 1.68562 1.68562 
1.66371 1.66371 1.66371 
1.6457 1.6457 1.6457 
1.63106 1.63106 1.63106 
1.61948 1.61948 1.61948 
1.61069 1.61069 1.61069 
1.60452 1.60452 1.60452 
1.60098 1.60098 1.60098 
1.59979 1.59979 1.59979 
1.74078 1.74078 1.74078 
1.64422 1.64422 1.64422 
1.59411 1.59411 1.59411 
1.5599 1.5599 1.5599 
1.5331 1.5331 1.5331 
1.51145 1.51145 1.51145 
Probabilities: 
         0          0          0          0          0          0          0          0          0          0          0          0          0          0          0  0.0110644          0          0          0   0.120509  0.0193419  0.0298468  0.0804738 0.00771748          0  0.0291447  0.0227352          0          0          0          0          0          0          0          0          0          0          0          0  0.0290109  0.0785367          0          0          0          0          0   0.186407  0.0804168  0.0353696  0.0825452    0.18688          0          0          0

String tensions: 
           1            1            1            1            1            1            1            1            1     -0.43186    -0.432407    -0.451337     -1.29514     -1.29512     -1.29484      -0.5365     -2.50497     -0.63727      0.34047    -0.707863    -0.781355    -0.478699    -0.471836    -0.840045    -0.203601    -0.818049     -1.74549    -0.101613    -0.101698    0.0098986     0.888366     0.897398     0.490245     0.790927   -0.0755223      0.81914   -0.0413465   -0.0943317   -0.0489952  -0.00020682 -0.000245644   -0.0453497     0.491062   -0.0566814     0.897857    -0.146223  -0.00104614  0.000894245   0.00358096  0.000714688   0.00265415   0.00810977   0.00667511   0.00638739

Errors: 
          0           0           0     5792.62     5792.62           0     5792.62     5792.62     5792.62  0.00375101   0.0037112  0.00263587           0           0           0    0.058174           0   0.0393785     1.00001   0.0464424   0.0316089    0.230077    0.208942    0.144016           0  0.00838456    0.399731           1           1 8.94583e-05           0           0           0     2.16636     1.00004     1.12595           1           1           0 0.000933644 0.000857847           1     1.07275           1     1.00004     1.18749  0.00106333 0.000525929  0.00326474   0.0025142  0.00103357 0.000269635 0.000255461 0.000140777

Statuses: 
3 3 3 0 0 3 0 0 0 0 0 0 3 3 3 0 3 0 3 0 0 0 0 0 3 0 0 3 3 0 3 3 3 3 3 3 3 3 3 0 0 3 3 3 3 3 0 0 0 0 0 1 1 1
chisq per dof: 
 38187.1  33667.9  39393.9  69.5423  62.4086   6390.4  12.7592  11.1379  27.5862  4.76295  4.25727  10.8471  2956.04  2643.84  7098.12 0.631307  24192.1  1.59386  31372.1  0.54757   1.1155 0.528642 0.455449  1.23463    25399 0.536576 0.816597    35770  31440.2  187.674  41015.2  35446.8  41540.2  44336.7  28652.4  44129.6  30716.4  25531.2  37465.9  0.53811  0.46241  38170.3  44326.2  9841.26    44043  35243.7 0.438517  0.79884  0.47205 0.448187 0.437883  0.50052 0.607171 0.520142
Model string tension and errors: 
sigma = -0.228086 +/- 0.389274
