R=0parameters: 
-0.651533 -0.651533 
0.0596452 0.0596452 
7.42021e-11 7.42021e-11 
3.21143e-322 3.21143e-322 
9.88131e-324 9.88131e-324 
3.31773e-316 3.31773e-316 
7 7 
3.24344e-316 3.24344e-316 
54670.6 54670.6 
0 0 0 
3.52457e-10 3.52457e-10 3.52457e-10 
2.85196e-09 2.85196e-09 2.85196e-09 
3.23796e-319 3.23796e-319 3.23796e-319 
4.27367e-321 4.27367e-321 4.27367e-321 
2.92452e-316 2.92452e-316 2.92452e-316 
-1.66999e+109 -1.66999e+109 -1.66999e+109 
3.26358e-316 3.26358e-316 3.26358e-316 
3.32335e-316 3.32335e-316 3.32335e-316 
3.3207e-316 3.3207e-316 3.3207e-316 3.3207e-316 
3.26741e-316 3.26741e-316 3.26741e-316 3.26741e-316 
3.32844e-316 3.32844e-316 3.32844e-316 3.32844e-316 
0 0 0 0 
0 0 0 0 
5.29862e+180 5.29862e+180 5.29862e+180 5.29862e+180 
0 0 0 0 
0 0 0 0 
0 0 0 0 
0 0 0 
0 0 0 
8.30287e-114 8.30287e-114 8.30287e-114 
3.24332e-316 3.24332e-316 3.24332e-316 
3.24332e-316 3.24332e-316 3.24332e-316 
3.95253e-323 3.95253e-323 3.95253e-323 
1.16291e-153 1.16291e-153 1.16291e-153 
-nan -nan -nan 
2.54843e+161 2.54843e+161 2.54843e+161 
-nan -nan -nan -nan 
1.10872e+219 1.10872e+219 1.10872e+219 1.10872e+219 
-nan -nan -nan -nan 
8.18375e+140 8.18375e+140 8.18375e+140 8.18375e+140 
-nan -nan -nan -nan 
3.99194e+252 3.99194e+252 3.99194e+252 3.99194e+252 
3.24332e-316 3.24332e-316 3.24332e-316 3.24332e-316 
3.24332e-316 3.24332e-316 3.24332e-316 3.24332e-316 
3.95253e-323 3.95253e-323 3.95253e-323 3.95253e-323 
6.16594e-321 6.16594e-321 6.16594e-321 6.16594e-321 6.16594e-321 
6.92414e-310 6.92414e-310 6.92414e-310 6.92414e-310 6.92414e-310 
3.25172e-316 3.25172e-316 3.25172e-316 3.25172e-316 3.25172e-316 
6.92414e-310 6.92414e-310 6.92414e-310 6.92414e-310 6.92414e-310 
0 0 0 0 0 
1.72442e-316 1.72442e-316 1.72442e-316 1.72442e-316 1.72442e-316 
3.284e-316 3.284e-316 3.284e-316 3.284e-316 3.284e-316 
0 0 0 0 0 
3.28406e-316 3.28406e-316 3.28406e-316 3.28406e-316 3.28406e-316 
R=1parameters: 
-0.571361 -0.571361 
0.0938451 0.0938451 
-1.26096e-05 -1.26096e-05 
0.0841245 0.0841245 
-0.0671006 -0.0671006 
3.31566e-316 3.31566e-316 
9997.82 9997.82 
-6677.33 -6677.33 
-6852.78 -6852.78 
1.11165e-321 1.11165e-321 1.11165e-321 
6.92416e-310 6.92416e-310 6.92416e-310 
6.92416e-310 6.92416e-310 6.92416e-310 
1.83668 1.83668 1.83668 
0 0 0 
0 0 0 
3.21143e-322 3.21143e-322 3.21143e-322 
2.47033e-323 2.47033e-323 2.47033e-323 
3.28433e-316 3.28433e-316 3.28433e-316 
2.47033e-323 2.47033e-323 2.47033e-323 2.47033e-323 
3.25834e-316 3.25834e-316 3.25834e-316 3.25834e-316 
2532.31 2532.31 2532.31 2532.31 
3.26007e-316 3.26007e-316 3.26007e-316 3.26007e-316 
3.23796e-319 3.23796e-319 3.23796e-319 3.23796e-319 
2.42092e-322 2.42092e-322 2.42092e-322 2.42092e-322 
2.24054e-316 2.24054e-316 2.24054e-316 2.24054e-316 
-5719.11 -5719.11 -5719.11 -5719.11 
0 0 0 0 
3.16202e-322 3.16202e-322 3.16202e-322 
3.32313e-316 3.32313e-316 3.32313e-316 
3.28399e-316 3.28399e-316 3.28399e-316 
2.47033e-323 2.47033e-323 2.47033e-323 
3.284e-316 3.284e-316 3.284e-316 
0.257335 0.257335 0.257335 
3.3133e-316 3.3133e-316 3.3133e-316 
170586 170586 170586 
4.00193e-322 4.00193e-322 4.00193e-322 
3.32348e-316 3.32348e-316 3.32348e-316 3.32348e-316 
3.31329e-316 3.31329e-316 3.31329e-316 3.31329e-316 
5.3012e+06 5.3012e+06 5.3012e+06 5.3012e+06 
1.07534e+06 1.07534e+06 1.07534e+06 1.07534e+06 
6.92414e-310 6.92414e-310 6.92414e-310 6.92414e-310 
0 0 0 0 
6.92414e-310 6.92414e-310 6.92414e-310 6.92414e-310 
-423.439 -423.439 -423.439 -423.439 
-4429.92 -4429.92 -4429.92 -4429.92 
6.17088e-321 6.17088e-321 6.17088e-321 6.17088e-321 6.17088e-321 
6.92414e-310 6.92414e-310 6.92414e-310 6.92414e-310 6.92414e-310 
3.25172e-316 3.25172e-316 3.25172e-316 3.25172e-316 3.25172e-316 
6.92414e-310 6.92414e-310 6.92414e-310 6.92414e-310 6.92414e-310 
0 0 0 0 0 
1.72442e-316 1.72442e-316 1.72442e-316 1.72442e-316 1.72442e-316 
3.284e-316 3.284e-316 3.284e-316 3.284e-316 3.284e-316 
0 0 0 0 0 
3.28406e-316 3.28406e-316 3.28406e-316 3.28406e-316 3.28406e-316 
R=2parameters: 
-0.476915 -0.476915 
0.121102 0.121102 
0.657637 0.657637 
0.597665 0.597665 
-10.2227 -10.2227 
3.31566e-316 3.31566e-316 
9997.82 9997.82 
-6677.33 -6677.33 
-6852.78 -6852.78 
1.42785e-321 1.42785e-321 1.42785e-321 
3.28434e-316 3.28434e-316 3.28434e-316 
6.92416e-310 6.92416e-310 6.92416e-310 
2.47033e-323 2.47033e-323 2.47033e-323 
3.28599e-316 3.28599e-316 3.28599e-316 
1.07835e+07 1.07835e+07 1.07835e+07 
3.21143e-322 3.21143e-322 3.21143e-322 
2.47033e-323 2.47033e-323 2.47033e-323 
3.27203e-316 3.27203e-316 3.27203e-316 
2.47033e-323 2.47033e-323 2.47033e-323 2.47033e-323 
3.24947e-316 3.24947e-316 3.24947e-316 3.24947e-316 
2202.77 2202.77 2202.77 2202.77 
3.27178e-316 3.27178e-316 3.27178e-316 3.27178e-316 
3.23796e-319 3.23796e-319 3.23796e-319 3.23796e-319 
2.42092e-322 2.42092e-322 2.42092e-322 2.42092e-322 
1.45343e-05 1.45343e-05 1.45343e-05 1.45343e-05 
0 0 0 0 
0 0 0 0 
0 0 0 
2.37152e-322 2.37152e-322 2.37152e-322 
2.37152e-322 2.37152e-322 2.37152e-322 
3.33187e-316 3.33187e-316 3.33187e-316 
3.20718e+07 3.20718e+07 3.20718e+07 
3.94796e+06 3.94796e+06 3.94796e+06 
646091 646091 646091 
7.90505e-322 7.90505e-322 7.90505e-322 
3.95253e-322 3.95253e-322 3.95253e-322 
8.0172e-320 8.0172e-320 8.0172e-320 8.0172e-320 
3.21143e-322 3.21143e-322 3.21143e-322 3.21143e-322 
3.25765e-316 3.25765e-316 3.25765e-316 3.25765e-316 
3.25041e-316 3.25041e-316 3.25041e-316 3.25041e-316 
0.0010668 0.0010668 0.0010668 0.0010668 
1.63042e-322 1.63042e-322 1.63042e-322 1.63042e-322 
3.4511e-316 3.4511e-316 3.4511e-316 3.4511e-316 
2.122e-314 2.122e-314 2.122e-314 2.122e-314 
-10.2227 -10.2227 -10.2227 -10.2227 
6.17088e-321 6.17088e-321 6.17088e-321 6.17088e-321 6.17088e-321 
6.92414e-310 6.92414e-310 6.92414e-310 6.92414e-310 6.92414e-310 
3.25172e-316 3.25172e-316 3.25172e-316 3.25172e-316 3.25172e-316 
6.92414e-310 6.92414e-310 6.92414e-310 6.92414e-310 6.92414e-310 
0 0 0 0 0 
1.72442e-316 1.72442e-316 1.72442e-316 1.72442e-316 1.72442e-316 
3.284e-316 3.284e-316 3.284e-316 3.284e-316 3.284e-316 
0 0 0 0 0 
3.28406e-316 3.28406e-316 3.28406e-316 3.28406e-316 3.28406e-316 
R=3parameters: 
-0.37793 -0.37793 
0.146185 0.146185 
0.482186 0.482186 
-6.999 -6.999 
11.997 11.997 
3.31566e-316 3.31566e-316 
9997.82 9997.82 
-6677.33 -6677.33 
-6852.78 -6852.78 
1.42785e-321 1.42785e-321 1.42785e-321 
3.28434e-316 3.28434e-316 3.28434e-316 
6.92416e-310 6.92416e-310 6.92416e-310 
1.53201e-06 1.53201e-06 1.53201e-06 
3.75074e-05 3.75074e-05 3.75074e-05 
4.3024e-06 4.3024e-06 4.3024e-06 
1.77571e-05 1.77571e-05 1.77571e-05 
0.00395512 0.00395512 0.00395512 
0.000452927 0.000452927 0.000452927 
-1.22301e-05 -1.22301e-05 -1.22301e-05 -1.22301e-05 
3.45051e-06 3.45051e-06 3.45051e-06 3.45051e-06 
0 0 0 0 
0 0 0 0 
0 0 0 0 
0 0 0 0 
6.32404e-322 6.32404e-322 6.32404e-322 6.32404e-322 
0.000120493 0.000120493 0.000120493 0.000120493 
0 0 0 0 
0 0 0 
0 0 0 
0 0 0 
6.14012e+07 6.14012e+07 6.14012e+07 
5.58294e-322 5.58294e-322 5.58294e-322 
3.24947e-316 3.24947e-316 3.24947e-316 
3.3266e-316 3.3266e-316 3.3266e-316 
1.58101e-322 1.58101e-322 1.58101e-322 
1.58101e-322 1.58101e-322 1.58101e-322 
3.25876e-316 3.25876e-316 3.25876e-316 3.25876e-316 
0 0 0 0 
3.28399e-316 3.28399e-316 3.28399e-316 3.28399e-316 
2.42092e-322 2.42092e-322 2.42092e-322 2.42092e-322 
-2.75887 -2.75887 -2.75887 -2.75887 
0.87225 0.87225 0.87225 0.87225 
837599 837599 837599 837599 
3.33408e-316 3.33408e-316 3.33408e-316 3.33408e-316 
3.23796e-319 3.23796e-319 3.23796e-319 3.23796e-319 
6.17088e-321 6.17088e-321 6.17088e-321 6.17088e-321 6.17088e-321 
6.92414e-310 6.92414e-310 6.92414e-310 6.92414e-310 6.92414e-310 
3.25172e-316 3.25172e-316 3.25172e-316 3.25172e-316 3.25172e-316 
6.92414e-310 6.92414e-310 6.92414e-310 6.92414e-310 6.92414e-310 
0 0 0 0 0 
1.72442e-316 1.72442e-316 1.72442e-316 1.72442e-316 1.72442e-316 
3.284e-316 3.284e-316 3.284e-316 3.284e-316 3.284e-316 
0 0 0 0 0 
3.28406e-316 3.28406e-316 3.28406e-316 3.28406e-316 3.28406e-316 
R=4parameters: 
-0.282755 -0.282755 
0.172666 0.172666 
-0.000163344 -0.000163344 
0.552684 0.552684 
-0.423729 -0.423729 
3.31566e-316 3.31566e-316 
9997.82 9997.82 
-6677.33 -6677.33 
-6852.78 -6852.78 
1.42785e-321 1.42785e-321 1.42785e-321 
3.28434e-316 3.28434e-316 3.28434e-316 
3.33783e-316 3.33783e-316 3.33783e-316 
3.09576e+10 3.09576e+10 3.09576e+10 
887096 887096 887096 
2.37152e-322 2.37152e-322 2.37152e-322 
3.21143e-322 3.21143e-322 3.21143e-322 
2.47033e-323 2.47033e-323 2.47033e-323 
3.32251e-316 3.32251e-316 3.32251e-316 
2.56195e-06 2.56195e-06 2.56195e-06 2.56195e-06 
3.31747e-316 3.31747e-316 3.31747e-316 3.31747e-316 
1917.13 1917.13 1917.13 1917.13 
3.28399e-316 3.28399e-316 3.28399e-316 3.28399e-316 
3.31886e-316 3.31886e-316 3.31886e-316 3.31886e-316 
2.42092e-322 2.42092e-322 2.42092e-322 2.42092e-322 
-16475.4 -16475.4 -16475.4 -16475.4 
204855 204855 204855 204855 
78063.4 78063.4 78063.4 78063.4 
10597.7 10597.7 10597.7 
0 0 0 
6.37345e-322 6.37345e-322 6.37345e-322 
3.31707e-316 3.31707e-316 3.31707e-316 
3.28275e-316 3.28275e-316 3.28275e-316 
-178617 -178617 -178617 
-93182.4 -93182.4 -93182.4 
0 0 0 
1.63042e-322 1.63042e-322 1.63042e-322 
3.45451e-316 3.45451e-316 3.45451e-316 3.45451e-316 
3.31705e-316 3.31705e-316 3.31705e-316 3.31705e-316 
3.95253e-322 3.95253e-322 3.95253e-322 3.95253e-322 
3.28435e-316 3.28435e-316 3.28435e-316 3.28435e-316 
0.55145 0.55145 0.55145 0.55145 
3.27174e-316 3.27174e-316 3.27174e-316 3.27174e-316 
6.92414e-310 6.92414e-310 6.92414e-310 6.92414e-310 
0 0 0 0 
1.42291e-321 1.42291e-321 1.42291e-321 1.42291e-321 
6.16594e-321 6.16594e-321 6.16594e-321 6.16594e-321 6.16594e-321 
6.92414e-310 6.92414e-310 6.92414e-310 6.92414e-310 6.92414e-310 
3.25172e-316 3.25172e-316 3.25172e-316 3.25172e-316 3.25172e-316 
6.92414e-310 6.92414e-310 6.92414e-310 6.92414e-310 6.92414e-310 
0 0 0 0 0 
1.72442e-316 1.72442e-316 1.72442e-316 1.72442e-316 1.72442e-316 
3.284e-316 3.284e-316 3.284e-316 3.284e-316 3.284e-316 
0 0 0 0 0 
3.28406e-316 3.28406e-316 3.28406e-316 3.28406e-316 3.28406e-316 
R=5parameters: 
-0.194043 -0.194043 
0.20042 0.20042 
-0.000215956 -0.000215956 
0.82069 0.82069 
-0.643726 -0.643726 
3.31566e-316 3.31566e-316 
9997.82 9997.82 
-6677.33 -6677.33 
-6852.78 -6852.78 
1.42785e-321 1.42785e-321 1.42785e-321 
6.92416e-310 6.92416e-310 6.92416e-310 
3.28434e-316 3.28434e-316 3.28434e-316 
3.3369e-316 3.3369e-316 3.3369e-316 
1.63042e-322 1.63042e-322 1.63042e-322 
3.28435e-316 3.28435e-316 3.28435e-316 
3.31862e-316 3.31862e-316 3.31862e-316 
3.31862e-316 3.31862e-316 3.31862e-316 
3.24363e-316 3.24363e-316 3.24363e-316 
3.45435e-316 3.45435e-316 3.45435e-316 3.45435e-316 
3.33688e-316 3.33688e-316 3.33688e-316 3.33688e-316 
63544.6 63544.6 63544.6 63544.6 
-5091.41 -5091.41 -5091.41 -5091.41 
3568.94 3568.94 3568.94 3568.94 
3.21143e-322 3.21143e-322 3.21143e-322 3.21143e-322 
2.47033e-323 2.47033e-323 2.47033e-323 2.47033e-323 
3.26348e-316 3.26348e-316 3.26348e-316 3.26348e-316 
1.061e-313 1.061e-313 1.061e-313 1.061e-313 
3.33689e-316 3.33689e-316 3.33689e-316 
122157 122157 122157 
3.31562e-316 3.31562e-316 3.31562e-316 
8.69556e-322 8.69556e-322 8.69556e-322 
1.58101e-322 1.58101e-322 1.58101e-322 
6.92414e-310 6.92414e-310 6.92414e-310 
2.122e-314 2.122e-314 2.122e-314 
3.33689e-316 3.33689e-316 3.33689e-316 
2.42092e-322 2.42092e-322 2.42092e-322 
0 0 0 0 
0.000999558 0.000999558 0.000999558 0.000999558 
1.41063e+09 1.41063e+09 1.41063e+09 1.41063e+09 
0 0 0 0 
0 0 0 0 
1.63042e-322 1.63042e-322 1.63042e-322 1.63042e-322 
1760.96 1760.96 1760.96 1760.96 
4386.51 4386.51 4386.51 4386.51 
-1677.27 -1677.27 -1677.27 -1677.27 
6.17088e-321 6.17088e-321 6.17088e-321 6.17088e-321 6.17088e-321 
6.92414e-310 6.92414e-310 6.92414e-310 6.92414e-310 6.92414e-310 
3.25172e-316 3.25172e-316 3.25172e-316 3.25172e-316 3.25172e-316 
6.92414e-310 6.92414e-310 6.92414e-310 6.92414e-310 6.92414e-310 
0 0 0 0 0 
1.72442e-316 1.72442e-316 1.72442e-316 1.72442e-316 1.72442e-316 
3.284e-316 3.284e-316 3.284e-316 3.284e-316 3.284e-316 
0 0 0 0 0 
3.28406e-316 3.28406e-316 3.28406e-316 3.28406e-316 3.28406e-316 
R=6parameters: 
-0.118628 -0.118628 
0.230581 0.230581 
0.37369 0.37369 
5.60361 5.60361 
-25.2391 -25.2391 
3.31566e-316 3.31566e-316 
9997.82 9997.82 
-6677.33 -6677.33 
-6852.78 -6852.78 
5.58294e-322 5.58294e-322 5.58294e-322 
3.33606e-316 3.33606e-316 3.33606e-316 
-1.66999e+109 -1.66999e+109 -1.66999e+109 
1 1 1 
1 1 1 
1 1 1 
1 1 1 
1 1 1 
1 1 1 
1 1 1 1 
1 1 1 1 
0.0948332 0.0948332 0.0948332 0.0948332 
0.0775757 0.0775757 0.0775757 0.0775757 
5.53354e-322 5.53354e-322 5.53354e-322 5.53354e-322 
2.42092e-322 2.42092e-322 2.42092e-322 2.42092e-322 
3.45228e-316 3.45228e-316 3.45228e-316 3.45228e-316 
0.0909435 0.0909435 0.0909435 0.0909435 
-25.2391 -25.2391 -25.2391 -25.2391 
2.42092e-322 2.42092e-322 2.42092e-322 
8.0172e-320 8.0172e-320 8.0172e-320 
183106 183106 183106 
2.5782e+06 2.5782e+06 2.5782e+06 
0 0 0 
9.48606e-322 9.48606e-322 9.48606e-322 
3.16202e-322 3.16202e-322 3.16202e-322 
3.26201e-316 3.26201e-316 3.26201e-316 
3.26007e-316 3.26007e-316 3.26007e-316 
1.061e-313 1.061e-313 1.061e-313 1.061e-313 
3.31707e-316 3.31707e-316 3.31707e-316 3.31707e-316 
32975.3 32975.3 32975.3 32975.3 
8.76711e-08 8.76711e-08 8.76711e-08 8.76711e-08 
3.04041e+180 3.04041e+180 3.04041e+180 3.04041e+180 
-nan -nan -nan -nan 
6.92414e-310 6.92414e-310 6.92414e-310 6.92414e-310 
2.122e-314 2.122e-314 2.122e-314 2.122e-314 
3.31446e-316 3.31446e-316 3.31446e-316 3.31446e-316 
6.16594e-321 6.16594e-321 6.16594e-321 6.16594e-321 6.16594e-321 
6.92414e-310 6.92414e-310 6.92414e-310 6.92414e-310 6.92414e-310 
3.25172e-316 3.25172e-316 3.25172e-316 3.25172e-316 3.25172e-316 
6.92414e-310 6.92414e-310 6.92414e-310 6.92414e-310 6.92414e-310 
0 0 0 0 0 
1.72442e-316 1.72442e-316 1.72442e-316 1.72442e-316 1.72442e-316 
3.284e-316 3.284e-316 3.284e-316 3.284e-316 3.284e-316 
0 0 0 0 0 
3.28406e-316 3.28406e-316 3.28406e-316 3.28406e-316 3.28406e-316 
R=7parameters: 
-0.058388 -0.058388 
0.264283 0.264283 
-0.000572199 -0.000572199 
1.32013 1.32013 
-1.02458 -1.02458 
3.31566e-316 3.31566e-316 
9997.82 9997.82 
-6677.33 -6677.33 
-6852.78 -6852.78 
1.42785e-321 1.42785e-321 1.42785e-321 
3.33688e-316 3.33688e-316 3.33688e-316 
3.28434e-316 3.28434e-316 3.28434e-316 
1.58101e-322 1.58101e-322 1.58101e-322 
3.28399e-316 3.28399e-316 3.28399e-316 
2.47033e-323 2.47033e-323 2.47033e-323 
3.33407e-316 3.33407e-316 3.33407e-316 
3.23796e-319 3.23796e-319 3.23796e-319 
2.42092e-322 2.42092e-322 2.42092e-322 
0 0 0 0 
8.3113e+06 8.3113e+06 8.3113e+06 8.3113e+06 
0 0 0 0 
0 0 0 0 
0 0 0 0 
8.74496e-322 8.74496e-322 8.74496e-322 8.74496e-322 
-0.00058103 -0.00058103 -0.00058103 -0.00058103 
0.0420502 0.0420502 0.0420502 0.0420502 
0 0 0 0 
0 0 0 
0 0 0 
0 0 0 
1.67772e+07 1.67772e+07 1.67772e+07 
3.21143e-322 3.21143e-322 3.21143e-322 
3.32251e-316 3.32251e-316 3.32251e-316 
3.32614e-316 3.32614e-316 3.32614e-316 
1.58101e-322 1.58101e-322 1.58101e-322 
1.58101e-322 1.58101e-322 1.58101e-322 
3.32534e-316 3.32534e-316 3.32534e-316 3.32534e-316 
0 0 0 0 
24.606 24.606 24.606 24.606 
-3659.39 -3659.39 -3659.39 -3659.39 
2742.5 2742.5 2742.5 2742.5 
1.63042e-322 1.63042e-322 1.63042e-322 1.63042e-322 
6.92414e-310 6.92414e-310 6.92414e-310 6.92414e-310 
2.122e-314 2.122e-314 2.122e-314 2.122e-314 
3.28277e-316 3.28277e-316 3.28277e-316 3.28277e-316 
6.17088e-321 6.17088e-321 6.17088e-321 6.17088e-321 6.17088e-321 
6.92414e-310 6.92414e-310 6.92414e-310 6.92414e-310 6.92414e-310 
3.25172e-316 3.25172e-316 3.25172e-316 3.25172e-316 3.25172e-316 
6.92414e-310 6.92414e-310 6.92414e-310 6.92414e-310 6.92414e-310 
0 0 0 0 0 
1.72442e-316 1.72442e-316 1.72442e-316 1.72442e-316 1.72442e-316 
3.284e-316 3.284e-316 3.284e-316 3.284e-316 3.284e-316 
0 0 0 0 0 
3.28406e-316 3.28406e-316 3.28406e-316 3.28406e-316 3.28406e-316 
R=8parameters: 
-0.0171762 -0.0171762 
0.299059 0.299059 
-0.00108877 -0.00108877 
1.18134 1.18134 
-0.806938 -0.806938 
3.31566e-316 3.31566e-316 
9997.82 9997.82 
-6677.33 -6677.33 
-6852.78 -6852.78 
1.63042e-322 1.63042e-322 1.63042e-322 
3.31626e-316 3.31626e-316 3.31626e-316 
-1.66999e+109 -1.66999e+109 -1.66999e+109 
3.26441e-316 3.26441e-316 3.26441e-316 
8.74496e-322 8.74496e-322 8.74496e-322 
2.24053e-316 2.24053e-316 2.24053e-316 
2.24053e-316 2.24053e-316 2.24053e-316 
0.199481 0.199481 0.199481 
3.32268e-316 3.32268e-316 3.32268e-316 
7734.34 7734.34 7734.34 7734.34 
3.33181e-316 3.33181e-316 3.33181e-316 3.33181e-316 
0.0271718 0.0271718 0.0271718 0.0271718 
2.42092e-322 2.42092e-322 2.42092e-322 2.42092e-322 
3.318e-316 3.318e-316 3.318e-316 3.318e-316 
0.247077 0.247077 0.247077 0.247077 
0.976831 0.976831 0.976831 0.976831 
-0.564103 -0.564103 -0.564103 -0.564103 
0.00031244 0.00031244 0.00031244 0.00031244 
0.000789335 0.000789335 0.000789335 
107.307 107.307 107.307 
1.63042e-322 1.63042e-322 1.63042e-322 
3.33688e-316 3.33688e-316 3.33688e-316 
3.33408e-316 3.33408e-316 3.33408e-316 
6.32404e-322 6.32404e-322 6.32404e-322 
3.16202e-322 3.16202e-322 3.16202e-322 
3.32317e-316 3.32317e-316 3.32317e-316 
3.3225e-316 3.3225e-316 3.3225e-316 
2.47033e-323 2.47033e-323 2.47033e-323 2.47033e-323 
3.3225e-316 3.3225e-316 3.3225e-316 3.3225e-316 
1438 1438 1438 1438 
2.42092e-322 2.42092e-322 2.42092e-322 2.42092e-322 
8111.49 8111.49 8111.49 8111.49 
0.984962 0.984962 0.984962 0.984962 
0 0 0 0 
0 0 0 0 
0 0 0 0 
6.17088e-321 6.17088e-321 6.17088e-321 6.17088e-321 6.17088e-321 
6.92414e-310 6.92414e-310 6.92414e-310 6.92414e-310 6.92414e-310 
3.25172e-316 3.25172e-316 3.25172e-316 3.25172e-316 3.25172e-316 
6.92414e-310 6.92414e-310 6.92414e-310 6.92414e-310 6.92414e-310 
0 0 0 0 0 
1.72442e-316 1.72442e-316 1.72442e-316 1.72442e-316 1.72442e-316 
3.284e-316 3.284e-316 3.284e-316 3.284e-316 3.284e-316 
0 0 0 0 0 
3.28406e-316 3.28406e-316 3.28406e-316 3.28406e-316 3.28406e-316 
R=9parameters: 
0.00875976 0.00875976 
0.329489 0.329489 
-0.00152635 -0.00152635 
0.947696 0.947696 
-0.508171 -0.508171 
3.31566e-316 3.31566e-316 
9997.82 9997.82 
-6677.33 -6677.33 
-6852.78 -6852.78 
1.42785e-321 1.42785e-321 1.42785e-321 
3.28434e-316 3.28434e-316 3.28434e-316 
3.45479e-316 3.45479e-316 3.45479e-316 
2.43714e-06 2.43714e-06 2.43714e-06 
1.63042e-322 1.63042e-322 1.63042e-322 
6.92414e-310 6.92414e-310 6.92414e-310 
2.122e-314 2.122e-314 2.122e-314 
3.45482e-316 3.45482e-316 3.45482e-316 
1.63042e-322 1.63042e-322 1.63042e-322 
6.92414e-310 6.92414e-310 6.92414e-310 6.92414e-310 
-1.66999e+109 -1.66999e+109 -1.66999e+109 -1.66999e+109 
2.30427e-316 2.30427e-316 2.30427e-316 2.30427e-316 
7.16395e-322 7.16395e-322 7.16395e-322 7.16395e-322 
7.20591e-05 7.20591e-05 7.20591e-05 7.20591e-05 
3.33752e-316 3.33752e-316 3.33752e-316 3.33752e-316 
-1180.37 -1180.37 -1180.37 -1180.37 
0.00302754 0.00302754 0.00302754 0.00302754 
-2.7385e-05 -2.7385e-05 -2.7385e-05 -2.7385e-05 
0.00453337 0.00453337 0.00453337 
-0.00120253 -0.00120253 -0.00120253 
3.1417e-05 3.1417e-05 3.1417e-05 
-0.00777924 -0.00777924 -0.00777924 
0.0140669 0.0140669 0.0140669 
0 0 0 
0 0 0 
0 0 0 
0 0 0 
0 0 0 0 
0 0 0 0 
0 0 0 0 
0 0 0 0 
1.67772e+07 1.67772e+07 1.67772e+07 1.67772e+07 
0 0 0 0 
0 0 0 0 
-76.4802 -76.4802 -76.4802 -76.4802 
0 0 0 0 
6.17088e-321 6.17088e-321 6.17088e-321 6.17088e-321 6.17088e-321 
6.92414e-310 6.92414e-310 6.92414e-310 6.92414e-310 6.92414e-310 
3.25172e-316 3.25172e-316 3.25172e-316 3.25172e-316 3.25172e-316 
6.92414e-310 6.92414e-310 6.92414e-310 6.92414e-310 6.92414e-310 
0 0 0 0 0 
1.72442e-316 1.72442e-316 1.72442e-316 1.72442e-316 1.72442e-316 
3.284e-316 3.284e-316 3.284e-316 3.284e-316 3.284e-316 
0 0 0 0 0 
3.28406e-316 3.28406e-316 3.28406e-316 3.28406e-316 3.28406e-316 
R=10parameters: 
0.02084 0.02084 
0.350115 0.350115 
0.486197 0.486197 
2.00866 2.00866 
-14.7706 -14.7706 
3.31566e-316 3.31566e-316 
9997.82 9997.82 
-6677.33 -6677.33 
-6852.78 -6852.78 
1.42785e-321 1.42785e-321 1.42785e-321 
3.28434e-316 3.28434e-316 3.28434e-316 
3.33254e-316 3.33254e-316 3.33254e-316 
3.32661e-316 3.32661e-316 3.32661e-316 
3.25782e-316 3.25782e-316 3.25782e-316 
3.32916e-316 3.32916e-316 3.32916e-316 
3.45269e-316 3.45269e-316 3.45269e-316 
195.261 195.261 195.261 
226.925 226.925 226.925 
791.081 791.081 791.081 791.081 
3.16202e-322 3.16202e-322 3.16202e-322 3.16202e-322 
2.47033e-323 2.47033e-323 2.47033e-323 2.47033e-323 
3.31628e-316 3.31628e-316 3.31628e-316 3.31628e-316 
1.061e-313 1.061e-313 1.061e-313 1.061e-313 
3.33782e-316 3.33782e-316 3.33782e-316 3.33782e-316 
5262.24 5262.24 5262.24 5262.24 
3.33505e-316 3.33505e-316 3.33505e-316 3.33505e-316 
0.000137413 0.000137413 0.000137413 0.000137413 
3.21143e-322 3.21143e-322 3.21143e-322 
3.32268e-316 3.32268e-316 3.32268e-316 
0 0 0 
0 0 0 
2.42092e-322 2.42092e-322 2.42092e-322 
0 0 0 
3.28433e-316 3.28433e-316 3.28433e-316 
0.998008 0.998008 0.998008 
0 0 0 
0 0 0 0 
3.21143e-322 3.21143e-322 3.21143e-322 3.21143e-322 
6.92416e-310 6.92416e-310 6.92416e-310 6.92416e-310 
3.25384e-316 3.25384e-316 3.25384e-316 3.25384e-316 
0.835868 0.835868 0.835868 0.835868 
3.3324e-316 3.3324e-316 3.3324e-316 3.3324e-316 
-14.7706 -14.7706 -14.7706 -14.7706 
0 0 0 0 
1.67772e+07 1.67772e+07 1.67772e+07 1.67772e+07 
6.17088e-321 6.17088e-321 6.17088e-321 6.17088e-321 6.17088e-321 
6.92414e-310 6.92414e-310 6.92414e-310 6.92414e-310 6.92414e-310 
3.25172e-316 3.25172e-316 3.25172e-316 3.25172e-316 3.25172e-316 
6.92414e-310 6.92414e-310 6.92414e-310 6.92414e-310 6.92414e-310 
0 0 0 0 0 
1.72442e-316 1.72442e-316 1.72442e-316 1.72442e-316 1.72442e-316 
3.284e-316 3.284e-316 3.284e-316 3.284e-316 3.284e-316 
0 0 0 0 0 
3.28406e-316 3.28406e-316 3.28406e-316 3.28406e-316 3.28406e-316 
R=11parameters: 
0.0233127 0.0233127 
0.357806 0.357806 
-0.00159349 -0.00159349 
0.591653 0.591653 
-0.0663059 -0.0663059 
3.31566e-316 3.31566e-316 
9997.82 9997.82 
-6677.33 -6677.33 
-6852.78 -6852.78 
1.42785e-321 1.42785e-321 1.42785e-321 
6.92416e-310 6.92416e-310 6.92416e-310 
3.28434e-316 3.28434e-316 3.28434e-316 
2.01355e-06 2.01355e-06 2.01355e-06 
3.33409e-316 3.33409e-316 3.33409e-316 
37773.9 37773.9 37773.9 
3.27029e-316 3.27029e-316 3.27029e-316 
85298.5 85298.5 85298.5 
0 0 0 
0 0 0 0 
0 0 0 0 
0 0 0 0 
2.42092e-322 2.42092e-322 2.42092e-322 2.42092e-322 
3.33589e-316 3.33589e-316 3.33589e-316 3.33589e-316 
3.27201e-316 3.27201e-316 3.27201e-316 3.27201e-316 
6.92407e-310 6.92407e-310 6.92407e-310 6.92407e-310 
3.33431e-316 3.33431e-316 3.33431e-316 3.33431e-316 
2.47033e-323 2.47033e-323 2.47033e-323 2.47033e-323 
3.3158e-316 3.3158e-316 3.3158e-316 
1440.35 1440.35 1440.35 
3.26705e-316 3.26705e-316 3.26705e-316 
3.23796e-319 3.23796e-319 3.23796e-319 
5.58294e-322 5.58294e-322 5.58294e-322 
3.3289e-316 3.3289e-316 3.3289e-316 
3.32608e-316 3.32608e-316 3.32608e-316 
1.58101e-322 1.58101e-322 1.58101e-322 
2.37152e-322 2.37152e-322 2.37152e-322 
3.26797e-316 3.26797e-316 3.26797e-316 3.26797e-316 
0.284421 0.284421 0.284421 0.284421 
1.56836 1.56836 1.56836 1.56836 
510.675 510.675 510.675 510.675 
320.865 320.865 320.865 320.865 
1.63042e-322 1.63042e-322 1.63042e-322 1.63042e-322 
6.92414e-310 6.92414e-310 6.92414e-310 6.92414e-310 
3.28435e-316 3.28435e-316 3.28435e-316 3.28435e-316 
3.33783e-316 3.33783e-316 3.33783e-316 3.33783e-316 
6.17088e-321 6.17088e-321 6.17088e-321 6.17088e-321 6.17088e-321 
6.92414e-310 6.92414e-310 6.92414e-310 6.92414e-310 6.92414e-310 
3.25172e-316 3.25172e-316 3.25172e-316 3.25172e-316 3.25172e-316 
6.92414e-310 6.92414e-310 6.92414e-310 6.92414e-310 6.92414e-310 
0 0 0 0 0 
1.72442e-316 1.72442e-316 1.72442e-316 1.72442e-316 1.72442e-316 
3.284e-316 3.284e-316 3.284e-316 3.284e-316 3.284e-316 
0 0 0 0 0 
3.28406e-316 3.28406e-316 3.28406e-316 3.28406e-316 3.28406e-316 
T Models:
(* Fitting with shape 1 1 1 1 1 1 1 1 1 1 0 0 *)
G[T_,xx_]:=Exp[0+xx[[1]]*T^1+xx[[2]]*T^2]*(1)
(* Fitting with shape 1 1 1 1 1 1 1 1 1 1 1 0 *)
G[T_,xx_]:=Exp[0+xx[[1]]*T^1+xx[[2]]*T^2]*(1)
(* Fitting with shape 1 1 1 1 1 1 1 1 1 1 1 1 *)
G[T_,xx_]:=Exp[0+xx[[1]]*T^1+xx[[2]]*T^2]*(1)
(* Fitting with shape 0 1 1 1 1 1 1 1 1 1 0 0 *)
G[T_,xx_]:=Exp[0+xx[[1]]*T^1+xx[[2]]*T^2]*(1)
(* Fitting with shape 0 1 1 1 1 1 1 1 1 1 1 0 *)
G[T_,xx_]:=Exp[0+xx[[1]]*T^1+xx[[2]]*T^2]*(1)
(* Fitting with shape 0 1 1 1 1 1 1 1 1 1 1 1 *)
G[T_,xx_]:=Exp[0+xx[[1]]*T^1+xx[[2]]*T^2]*(1)
(* Fitting with shape 0 0 1 1 1 1 1 1 1 1 0 0 *)
G[T_,xx_]:=Exp[0+xx[[1]]*T^1+xx[[2]]*T^2]*(1)
(* Fitting with shape 0 0 1 1 1 1 1 1 1 1 1 0 *)
G[T_,xx_]:=Exp[0+xx[[1]]*T^1+xx[[2]]*T^2]*(1)
(* Fitting with shape 0 0 1 1 1 1 1 1 1 1 1 1 *)
G[T_,xx_]:=Exp[0+xx[[1]]*T^1+xx[[2]]*T^2]*(1)
(* Fitting with shape 1 1 1 1 1 1 1 1 1 1 0 0 *)
G[T_,xx_]:=Exp[0+xx[[1]]*T^1+xx[[2]]*T^2]*(1+xx[[3]]/(T^1))
(* Fitting with shape 1 1 1 1 1 1 1 1 1 1 1 0 *)
G[T_,xx_]:=Exp[0+xx[[1]]*T^1+xx[[2]]*T^2]*(1+xx[[3]]/(T^1))
(* Fitting with shape 1 1 1 1 1 1 1 1 1 1 1 1 *)
G[T_,xx_]:=Exp[0+xx[[1]]*T^1+xx[[2]]*T^2]*(1+xx[[3]]/(T^1))
(* Fitting with shape 0 1 1 1 1 1 1 1 1 1 0 0 *)
G[T_,xx_]:=Exp[0+xx[[1]]*T^1+xx[[2]]*T^2]*(1+xx[[3]]/(T^1))
(* Fitting with shape 0 1 1 1 1 1 1 1 1 1 1 0 *)
G[T_,xx_]:=Exp[0+xx[[1]]*T^1+xx[[2]]*T^2]*(1+xx[[3]]/(T^1))
(* Fitting with shape 0 1 1 1 1 1 1 1 1 1 1 1 *)
G[T_,xx_]:=Exp[0+xx[[1]]*T^1+xx[[2]]*T^2]*(1+xx[[3]]/(T^1))
(* Fitting with shape 0 0 1 1 1 1 1 1 1 1 0 0 *)
G[T_,xx_]:=Exp[0+xx[[1]]*T^1+xx[[2]]*T^2]*(1+xx[[3]]/(T^1))
(* Fitting with shape 0 0 1 1 1 1 1 1 1 1 1 0 *)
G[T_,xx_]:=Exp[0+xx[[1]]*T^1+xx[[2]]*T^2]*(1+xx[[3]]/(T^1))
(* Fitting with shape 0 0 1 1 1 1 1 1 1 1 1 1 *)
G[T_,xx_]:=Exp[0+xx[[1]]*T^1+xx[[2]]*T^2]*(1+xx[[3]]/(T^1))
(* Fitting with shape 1 1 1 1 1 1 1 1 1 1 0 0 *)
G[T_,xx_]:=Exp[0+xx[[1]]*T^1+xx[[2]]*T^2]*(1+xx[[3]]/(T^1)+xx[[4]]/(T^2))
(* Fitting with shape 1 1 1 1 1 1 1 1 1 1 1 0 *)
G[T_,xx_]:=Exp[0+xx[[1]]*T^1+xx[[2]]*T^2]*(1+xx[[3]]/(T^1)+xx[[4]]/(T^2))
(* Fitting with shape 1 1 1 1 1 1 1 1 1 1 1 1 *)
G[T_,xx_]:=Exp[0+xx[[1]]*T^1+xx[[2]]*T^2]*(1+xx[[3]]/(T^1)+xx[[4]]/(T^2))
(* Fitting with shape 0 1 1 1 1 1 1 1 1 1 0 0 *)
G[T_,xx_]:=Exp[0+xx[[1]]*T^1+xx[[2]]*T^2]*(1+xx[[3]]/(T^1)+xx[[4]]/(T^2))
(* Fitting with shape 0 1 1 1 1 1 1 1 1 1 1 0 *)
G[T_,xx_]:=Exp[0+xx[[1]]*T^1+xx[[2]]*T^2]*(1+xx[[3]]/(T^1)+xx[[4]]/(T^2))
(* Fitting with shape 0 1 1 1 1 1 1 1 1 1 1 1 *)
G[T_,xx_]:=Exp[0+xx[[1]]*T^1+xx[[2]]*T^2]*(1+xx[[3]]/(T^1)+xx[[4]]/(T^2))
(* Fitting with shape 0 0 1 1 1 1 1 1 1 1 0 0 *)
G[T_,xx_]:=Exp[0+xx[[1]]*T^1+xx[[2]]*T^2]*(1+xx[[3]]/(T^1)+xx[[4]]/(T^2))
(* Fitting with shape 0 0 1 1 1 1 1 1 1 1 1 0 *)
G[T_,xx_]:=Exp[0+xx[[1]]*T^1+xx[[2]]*T^2]*(1+xx[[3]]/(T^1)+xx[[4]]/(T^2))
(* Fitting with shape 0 0 1 1 1 1 1 1 1 1 1 1 *)
G[T_,xx_]:=Exp[0+xx[[1]]*T^1+xx[[2]]*T^2]*(1+xx[[3]]/(T^1)+xx[[4]]/(T^2))
(* Fitting with shape 1 1 1 1 1 1 1 1 1 1 0 0 *)
G[T_,xx_]:=Exp[0+xx[[1]]*T^1+xx[[2]]*T^2+xx[[3]]*T^3]*(1)
(* Fitting with shape 1 1 1 1 1 1 1 1 1 1 1 0 *)
G[T_,xx_]:=Exp[0+xx[[1]]*T^1+xx[[2]]*T^2+xx[[3]]*T^3]*(1)
(* Fitting with shape 1 1 1 1 1 1 1 1 1 1 1 1 *)
G[T_,xx_]:=Exp[0+xx[[1]]*T^1+xx[[2]]*T^2+xx[[3]]*T^3]*(1)
(* Fitting with shape 0 1 1 1 1 1 1 1 1 1 0 0 *)
G[T_,xx_]:=Exp[0+xx[[1]]*T^1+xx[[2]]*T^2+xx[[3]]*T^3]*(1)
(* Fitting with shape 0 1 1 1 1 1 1 1 1 1 1 0 *)
G[T_,xx_]:=Exp[0+xx[[1]]*T^1+xx[[2]]*T^2+xx[[3]]*T^3]*(1)
(* Fitting with shape 0 1 1 1 1 1 1 1 1 1 1 1 *)
G[T_,xx_]:=Exp[0+xx[[1]]*T^1+xx[[2]]*T^2+xx[[3]]*T^3]*(1)
(* Fitting with shape 0 0 1 1 1 1 1 1 1 1 0 0 *)
G[T_,xx_]:=Exp[0+xx[[1]]*T^1+xx[[2]]*T^2+xx[[3]]*T^3]*(1)
(* Fitting with shape 0 0 1 1 1 1 1 1 1 1 1 0 *)
G[T_,xx_]:=Exp[0+xx[[1]]*T^1+xx[[2]]*T^2+xx[[3]]*T^3]*(1)
(* Fitting with shape 0 0 1 1 1 1 1 1 1 1 1 1 *)
G[T_,xx_]:=Exp[0+xx[[1]]*T^1+xx[[2]]*T^2+xx[[3]]*T^3]*(1)
(* Fitting with shape 1 1 1 1 1 1 1 1 1 1 0 0 *)
G[T_,xx_]:=Exp[0+xx[[1]]*T^1+xx[[2]]*T^2+xx[[3]]*T^3]*(1+xx[[4]]/(T^1))
(* Fitting with shape 1 1 1 1 1 1 1 1 1 1 1 0 *)
G[T_,xx_]:=Exp[0+xx[[1]]*T^1+xx[[2]]*T^2+xx[[3]]*T^3]*(1+xx[[4]]/(T^1))
(* Fitting with shape 1 1 1 1 1 1 1 1 1 1 1 1 *)
G[T_,xx_]:=Exp[0+xx[[1]]*T^1+xx[[2]]*T^2+xx[[3]]*T^3]*(1+xx[[4]]/(T^1))
(* Fitting with shape 0 1 1 1 1 1 1 1 1 1 0 0 *)
G[T_,xx_]:=Exp[0+xx[[1]]*T^1+xx[[2]]*T^2+xx[[3]]*T^3]*(1+xx[[4]]/(T^1))
(* Fitting with shape 0 1 1 1 1 1 1 1 1 1 1 0 *)
G[T_,xx_]:=Exp[0+xx[[1]]*T^1+xx[[2]]*T^2+xx[[3]]*T^3]*(1+xx[[4]]/(T^1))
(* Fitting with shape 0 1 1 1 1 1 1 1 1 1 1 1 *)
G[T_,xx_]:=Exp[0+xx[[1]]*T^1+xx[[2]]*T^2+xx[[3]]*T^3]*(1+xx[[4]]/(T^1))
(* Fitting with shape 0 0 1 1 1 1 1 1 1 1 0 0 *)
G[T_,xx_]:=Exp[0+xx[[1]]*T^1+xx[[2]]*T^2+xx[[3]]*T^3]*(1+xx[[4]]/(T^1))
(* Fitting with shape 0 0 1 1 1 1 1 1 1 1 1 0 *)
G[T_,xx_]:=Exp[0+xx[[1]]*T^1+xx[[2]]*T^2+xx[[3]]*T^3]*(1+xx[[4]]/(T^1))
(* Fitting with shape 0 0 1 1 1 1 1 1 1 1 1 1 *)
G[T_,xx_]:=Exp[0+xx[[1]]*T^1+xx[[2]]*T^2+xx[[3]]*T^3]*(1+xx[[4]]/(T^1))
(* Fitting with shape 1 1 1 1 1 1 1 1 1 1 0 0 *)
G[T_,xx_]:=Exp[0+xx[[1]]*T^1+xx[[2]]*T^2+xx[[3]]*T^3]*(1+xx[[4]]/(T^1)+xx[[5]]/(T^2))
(* Fitting with shape 1 1 1 1 1 1 1 1 1 1 1 0 *)
G[T_,xx_]:=Exp[0+xx[[1]]*T^1+xx[[2]]*T^2+xx[[3]]*T^3]*(1+xx[[4]]/(T^1)+xx[[5]]/(T^2))
(* Fitting with shape 1 1 1 1 1 1 1 1 1 1 1 1 *)
G[T_,xx_]:=Exp[0+xx[[1]]*T^1+xx[[2]]*T^2+xx[[3]]*T^3]*(1+xx[[4]]/(T^1)+xx[[5]]/(T^2))
(* Fitting with shape 0 1 1 1 1 1 1 1 1 1 0 0 *)
G[T_,xx_]:=Exp[0+xx[[1]]*T^1+xx[[2]]*T^2+xx[[3]]*T^3]*(1+xx[[4]]/(T^1)+xx[[5]]/(T^2))
(* Fitting with shape 0 1 1 1 1 1 1 1 1 1 1 0 *)
G[T_,xx_]:=Exp[0+xx[[1]]*T^1+xx[[2]]*T^2+xx[[3]]*T^3]*(1+xx[[4]]/(T^1)+xx[[5]]/(T^2))
(* Fitting with shape 0 1 1 1 1 1 1 1 1 1 1 1 *)
G[T_,xx_]:=Exp[0+xx[[1]]*T^1+xx[[2]]*T^2+xx[[3]]*T^3]*(1+xx[[4]]/(T^1)+xx[[5]]/(T^2))
(* Fitting with shape 0 0 1 1 1 1 1 1 1 1 0 0 *)
G[T_,xx_]:=Exp[0+xx[[1]]*T^1+xx[[2]]*T^2+xx[[3]]*T^3]*(1+xx[[4]]/(T^1)+xx[[5]]/(T^2))
(* Fitting with shape 0 0 1 1 1 1 1 1 1 1 1 0 *)
G[T_,xx_]:=Exp[0+xx[[1]]*T^1+xx[[2]]*T^2+xx[[3]]*T^3]*(1+xx[[4]]/(T^1)+xx[[5]]/(T^2))
(* Fitting with shape 0 0 1 1 1 1 1 1 1 1 1 1 *)
G[T_,xx_]:=Exp[0+xx[[1]]*T^1+xx[[2]]*T^2+xx[[3]]*T^3]*(1+xx[[4]]/(T^1)+xx[[5]]/(T^2))
Probabilities: 
        0         0         0         0         0         0         0         0         0         0         0         0         0         0         0         0         0         0         0         0         0         0         0         0         1         0         0         0         0         0         0         0         0         0         0         0         0         0         0         0         0         0         0         0         0         0         0         0         0         0         0         0         0         0
        0         0         0         0         0         0         0         0         0         0         0         0         0         0         0         0         0         0         0         0         0         0         0         0         0         0         0         0         0         0         0         0         0         0         0         0         0         0         0         0         0         0         1         0         0         0         0         0         0         0         0         0         0         0
        0         0         0         0         0         0         0         0         0         0         0         0         0         0         0         0         0         0         0         0         0         0         0         0         1         0         0         0         0         0         0         0         0         0         0         0         0         0         0         0         0         0         0         0         0         0         0         0         0         0         0         0         0         0
        0         0         0         0         0         0         0         0         0         0         0         0         0         0         0         0         0         0         0         0         0         0         0         0         0         1         0         0         0         0         0         0         0         0         0         0         0         0         0         0         0         0         0         0         0         0         0         0         0         0         0         0         0         0
        0         0         0         0         0         0         0         0         0         0         0         0         0         0         0         0         0         0         0         0         0         0         0         0         1         0         0         0         0         0         0         0         0         0         0         0         0         0         0         0         0         0         0         0         0         0         0         0         0         0         0         0         0         0
        0         0         0         0         0         0         0         0         0         0         0         0         0         0         0         0         0         0         0         0         0         0         0         0  0.213163         0         0         0         0         0         0         0         0         0         0         0         0         0         0         0         0         0  0.786837         0         0         0         0         0         0         0         0         0         0         0
        0         0         0         0         0         0         0         0         0         0         0         0         0         0         0         0         0         0         0         0         0         0         0         0         1         0         0         0         0         0         0         0         0         0         0         0         0         0         0         0         0         0         0         0         0         0         0         0         0         0         0         0         0         0
        0         0         0         0         0         0         0         0         0         0         0         0         0         0         0         0         0         0         0         0         0         0         0         0  0.464915         0         0         0         0         0         0         0         0         0         0         0         0         0         0         0         0         0         0         0         0         0         0         0         0         0         0  0.535085         0         0
        0         0         0         0         0         0         0         0         0         0         0         0         0         0         0         1         0         0         0         0         0         0         0         0         0         0         0         0         0         0         0         0         0         0         0         0         0         0         0         0         0         0         0         0         0         0         0         0         0         0         0         0         0         0
        0         0         0         0         0         0         0         0         0         0         0         0         0         0         0 0.0261437         0         0         0         0         0         0         0         0         0         0         0         0         0         0         0         0         0         0         0         0         0         0         0         0         0         0         0         0         0         0         0         0         0         0         0  0.973856         0         0
        0         0         0         0         0         0         0         0         0         0         0         0         0         0         0 0.0673596         0         0         0         0         0         0         0         0  0.351887         0         0         0         0         0         0         0         0         0         0         0         0         0         0         0         0         0  0.580753         0         0         0         0         0         0         0         0         0         0         0
        0         0         0         0         0         0         0         0         0         0         0         0         0         0         0         0         0         0         0         0         0         0         0         0  0.404148         0         0         0         0         0         0         0         0         0         0         0         0         0         0         0         0         0  0.595852         0         0         0         0         0         0         0         0         0         0         0

Values: 
0.0598383 0.0596452 0.0596147 0.0596139 0.0594369 0.0594025  0.253976  0.435158  0.539002 0.0587706 0.0586478 0.0586144  0.697556  0.648137  0.120824 0.0580264 0.0579412  0.216014 0.0579483 0.0578831 0.0578528 0.0576291 0.0582723 0.0575558 0.0574827 0.0574541 0.0574515   1.52507 0.0629931   1.27774 0.0595372   1.31454   1.18891   1.16618   1.05976   1.08608  0.874754   0.87734  0.921297  0.884107  0.112052 0.0595475  0.804658 0.0592259  0.834937  0.848162 0.0591006 0.0589036  0.930484    1.0619 0.0582091  0.731905 0.0580389 0.0578087
0.0948891 0.0938451 0.0937177 0.0945656 0.0935897  0.257394  0.553531  0.454035  0.584327  0.165781 0.0920197 0.0919064  0.617179 0.0911011  0.797488 0.0909181 0.0905997 0.0905132 0.0907356 0.0904622 0.0903801 0.0900212 0.0898481 0.0903007  0.267341  0.089575  0.431013   0.10515  0.964321   1.11566   1.18927   1.18817   1.20064   1.05652    1.0933   1.28997   0.96988  0.970604    1.0358  0.894203 0.0956063  0.758505 0.0947371  0.094147  0.728117  0.864858  0.865609  0.877902 0.0925937   1.04858  0.721347   2.87797  0.949022  0.645072
  0.12249  0.121102  0.120779  0.121635  0.120314  0.119991  0.119967  0.118841  0.118402  0.117979  0.117024   0.11674  0.115839  0.943297  0.948351  0.114796  0.114292  0.114118    0.1145  0.114016  0.113828  0.113153  0.112835  0.112757  0.112513  0.112252  0.183485    1.1075  0.289852   1.09851   1.12733   1.12405   1.10899   1.33375   1.31539   1.31597  0.973212  0.128142  0.975095  0.124619   1.06302   1.29411  0.587167  0.120897   2.59574  0.880055  0.878905  0.156917    1.0126  0.695058  0.116488  0.715781  0.116845   3.81248
  0.14818  0.146185    0.1458  0.146818  0.715781  0.144513  0.691714  0.784958  0.250967  0.140992  0.139645  0.139222  0.137508  0.353888  0.136226  0.616834  0.135048  0.134799  0.135394  0.134674  0.134414  0.133156  0.132678  0.132556  0.410491   0.13169  0.131658   1.49452   1.48034   1.37139   1.08703    1.0876   1.12216   1.01796   1.30277   1.01759  0.974067  0.973678  0.155311   1.23919  0.149535  0.481698   1.75128  0.266939  0.918432  0.862699  0.861364  0.865791   3.24273  0.962988  0.923902  0.724464  0.737409  0.136206
 0.174786  0.172666  0.172349  0.172684  0.170869  0.170388   0.16827  0.179089  0.166023  0.164159  0.162616  0.162181  0.158711  0.788002  0.707803  0.155965  0.155032  0.154671   0.15556  0.154639  0.154277   0.15206  0.151488  0.588016  0.150351  0.149997  0.149895   1.08182    1.0875   1.10445   1.08293   1.07088   1.25157   1.38074   1.36411   1.25541   1.06883   1.06244  0.967913  0.861665  0.704545  0.991423   0.53016   1.19515   1.17281  0.615658  0.169649  0.872032  0.164549   1.25625  0.924879 -0.989026  0.597903  0.155974
 0.202489   0.20042  0.199911  0.199444  0.197542  0.196902  0.213679  0.191186  0.190475  0.187969  0.186013  0.185415  0.806444  0.828599  0.788885  0.176142  0.174839   0.17426  0.175799  0.174529  0.173965  0.170628  0.169808  0.169381  0.167923   0.16753  0.167231  0.248722    1.1488   1.11598   1.07995   1.07793   1.08275   1.14851   1.06931   1.35717  0.938688  0.934528  0.213891  0.829664  0.751919  0.950989   0.19963  0.195198  0.487168  0.232447  0.230342  0.185578   0.19021  0.184614  0.732346   0.93253  0.180347  0.860283
 0.231781  0.230581  0.229581   0.29431  0.302171  0.224966  0.405087  0.444707  0.594849  0.213065  0.211053   0.21015  0.202889  0.201163  0.200244  0.197144  0.195631  0.194703  0.197108  0.195646   0.19476  0.801766  0.846594  0.187984  0.185652  0.728554  0.184854  0.838572  0.927272  0.279142   1.17473   1.17146   1.29533   1.00605   1.00591   1.08957  0.861573  0.878687   0.88775  0.863018   1.13073   1.14138 -0.183928  0.221989  0.817089  0.229774  0.223614  0.221573  0.916103  0.208117  0.776043  0.641447  0.887168  0.201372
  0.26335  0.264283  0.263053  0.329613  0.256411    0.5109  0.329448  0.275065  0.266719  0.239561  0.237827  0.236642   0.83266  0.225158  0.810497  0.219198  0.217627  0.216278  0.219754  0.218201  0.216933  0.209817   0.20901  0.287379  0.204402  0.205036  0.203081  0.304054   0.31857   1.14977   1.09049   1.09209   1.10317   1.11939   1.08369   1.03629  0.974465  0.975144  0.278973   1.23852   1.22389  0.689585   1.04099  0.249814  0.680754  0.261067  0.253005  0.252459   0.24819  0.954213  0.926364  0.260495   1.13174  0.234422
 0.295811  0.299059  0.297557  0.286224  0.485995  0.285534  0.274319  0.326562  0.272449  0.266538  0.265533  0.264257  0.476936  0.604653  0.504723  0.242773  0.241606  0.239915  0.244047   0.24288  0.241361  0.290946  0.313513   0.22956  0.552023  0.488887   0.22423   1.18041   1.17286   1.21872   1.10622   1.10206   1.09529   1.02774   1.06215    1.2467  0.975046  0.947053   0.96972   1.08666   1.18776  0.291898    1.3315  0.275504  0.278188  0.291105   0.28081  0.281768  0.277209   0.96687  0.263621 -0.862839  0.240648  0.267807
 0.325801  0.329489  0.328191  0.313226  0.314097  0.312942  0.335523  0.299257  0.337574  0.291722  0.291238  0.290121  0.276143  0.275423  0.274172  0.265928  0.541919  0.263578         1  0.267179  0.267875  0.516973  0.255186  0.252512  0.178748  0.251742  0.246908   1.14634   1.16628   1.12047   1.20184   1.20856   1.11787   1.01527   1.32976   1.04784  0.343039  0.975284  0.971233  0.325854   1.02507  0.317173   1.41644   1.01397   1.45322  0.316546         1         1   0.30238  0.272491  -11.6735  0.332193  0.996418  0.646724
 0.347041  0.350115  0.348865  0.332377  0.333036  0.332016  0.317586  0.317669  0.316672  0.310204  0.310048  0.309067  0.814455  0.451025   0.84342  0.284363  0.284515  0.282921  0.615017  0.239366  0.229959  0.421439  0.275394  0.353032  0.268341  0.274252  0.269566  0.408081   1.08335   0.40039   1.20423   1.19777   1.20102   1.02493   1.27695  0.988226  0.900212  0.923465  0.975611   1.07481  0.329654  0.331301  0.326934  0.306634   1.64586  0.331624         1         1    1.3726  0.276374  0.928147  0.609027  0.661112  0.312951
 0.354981  0.357806  0.356493  0.339606  0.340285  0.339253  0.489514  0.324733  0.323711  0.317289   0.31727  0.316287  0.301678  0.361859  0.833606  0.518548   0.29219   0.29063  0.728875  0.233845  0.292824  0.281482  0.453915  0.281429  0.277257  0.284115  0.279245  0.952728  0.406475   1.15591   1.18656   1.18106   1.21776   1.09031   1.00317   1.31686  0.872809  0.893612  0.904318  0.345823  0.906784   1.32893  0.330414  0.308352   0.31763  0.336072         1         1  0.323054  0.146402  0.954653   1.48971  0.242558  0.317519

Errors: 
1.21821e-05 1.19816e-05 1.19365e-05 1.22405e-05 1.20253e-05 1.19829e-05    0.442384    0.288694  0.00170518 1.28148e-05 1.24644e-05 1.24193e-05    0.340063    0.353528  0.00168337 1.45468e-05 1.40364e-05     1.29908 1.48026e-05 1.40254e-05  1.3905e-05 1.75459e-05           1  1.5888e-05 2.32287e-05  1.9168e-05 1.76442e-05           0 1.84587e-05           0           1           1           0           0     1.00044     1.00016  0.00255494    0.534294 8.41949e-06 3.52362e-06 4.28242e-06 2.59988e-05    0.315689 3.81392e-05 0.000554141    0.415235 3.77229e-05 3.16498e-05           1    0.381335 5.17505e-05   6.625e-06 0.000131531 0.000102489
3.75943e-05 3.52271e-05           0 3.77813e-05           0           0           0           0           0           0 3.62364e-05 3.56082e-05           0  3.7715e-05           0 4.60346e-05 4.01567e-05 3.84578e-05  4.7523e-05 4.08532e-05 4.01545e-05 5.78337e-05 4.81932e-05           0           0 6.02019e-05           0 7.39085e-05           0           0           0           0           0     1.00284     1.00182     1.00002           0           0           0      1.0001 0.000117921           1 0.000215324 0.000159731           1 4.89957e-05 4.68445e-05     0.94719 0.000393804 3.11211e-05  0.00161986  0.00122653 9.47911e-05           1
          0           0           0 8.00719e-05  7.6773e-05 7.40143e-05 8.12646e-05 7.68877e-05 7.48757e-05 8.41986e-05 7.90031e-05  7.6919e-05 9.11715e-05           0           0 0.000101782 8.88828e-05 8.59747e-05 0.000102769 9.06858e-05 8.71654e-05   0.0001361 0.000113272 0.000102315 0.000201605 0.000150245      1.0007           0           0           0           0           0           0           0           0           0           0 0.000193088           0  0.00032869           1     1.00001           1 0.000398569           1 0.000136649 0.000133579  0.00148339     1.45204 0.000223714 0.000598254  0.00583493  0.00146004 0.000687111
0.000138272           0 0.000130673 0.000139422           0 0.000131502           0           0           0 0.000148451 0.000139202 0.000135686 0.000165895           0 0.000145624           0  0.00016412 0.000156856 0.000189792 0.000165032 0.000155479 0.000253699 0.000213427 0.000199303           0 0.000309795 0.000275954           0           0           0           0           0           0           0     1.00027           0           0           0 0.000334955  0.00957541  0.00053204           1     1.00271           0     1.02692     1.70073     1.62368 0.000277642     1.00002  0.00571592  0.00244425 5.30128e-05 0.000118556  0.00230596
          0           0 0.000213368  0.00021954 0.000216323 0.000212999 0.000225776           0 0.000214368  0.00023836 0.000224944 0.000222273 0.000277146           0           0 0.000322241 0.000286016 0.000272968  0.00032585 0.000286501 0.000279352 0.000461621 0.000383887           0 0.000761479 0.000580078 0.000508126           0           0           0           0           0           0     1.00067     1.00051     1.00314           0           0           0     1.00002     1.00001     1.00325           1     1.00049     1.00035 9.68464e-05  0.00121441 0.000409027  0.00354436  0.00403739  0.00416849  0.00244844  0.00867837  0.00403702
0.000325848 0.000329627           0 0.000328528  0.00032741  0.00032178           0 0.000327753 0.000323676 0.000358288 0.000332824 0.000336299           0           0           0 0.000506949 0.000458718 0.000435991 0.000512456 0.000455745 0.000443465 0.000762794 0.000656761 0.000601416  0.00130776 0.000962623 0.000856868 0.000702302           0           0           0           0           0     1.01204     1.31217     1.00083           0           0 0.000839349           1           1     1.00391  0.00312901  0.00224485           1      1.2704 0.000152859 0.000884535  0.00573139  0.00401903  0.00823331 0.000495485  0.00792177 0.000560032
0.000466666           0           0           0           0 0.000461719           0           0           0 0.000512278  0.00050803  0.00048217 0.000638482 0.000585732  0.00057504  0.00079872 0.000722095 0.000689299 0.000780864 0.000673542 0.000678474           0           0 0.000975596  0.00214062           0  0.00134142           0           0 0.000846605           0           0           0           0           0           0           0           0           0           1     1.00015           1      1.0005  0.00353011     1.00082  0.00364135  0.00296592  0.00254943 0.000101088  0.00628041     1.00163   0.0113647  0.00624567  0.00975955
0.000689808 0.000696557           0           0 0.000664352           0           0           0           0  0.00072086 0.000718295 0.000672601           0  0.00085536           0  0.00118828  0.00108947  0.00104033   0.0011535  0.00103678 0.000995533  0.00188031  0.00153444           0  0.00323581  0.00256227  0.00234181  0.00365651  0.00114241           0           0           0           0     1.43822     1.13264      1.2587           0           0  0.00171831     1.00002           1           1           1   0.0054596     1.00008  0.00516236  0.00424882  0.00372567   0.0123107   0.0111917  0.00317396   0.0188635 2.87738e-05   0.0131174
          0 0.000948653           0 0.000877857           0 0.000879464 0.000913218           0 0.000906249 0.000967731 0.000977523 0.000957781           0           0           0  0.00169252  0.00159488   0.0015316  0.00156777  0.00149664  0.00138408           0           0  0.00229624           0           0  0.00358333           0           0           0           0           0           0      1.2488     1.26224     1.00182           0           0           0     1.00121     1.00054  0.00388215     1.00003  0.00770741  0.00658081  0.00696686  0.00581462  0.00513891    0.016175     1.00328   0.0108691   0.0107645   0.0203179   0.0166533
 0.00117139  0.00120237  0.00117192  0.00113198  0.00102259  0.00112281           0   0.0011962           0  0.00126345  0.00127052  0.00124032   0.0016479   0.0016123  0.00158738  0.00225637           0  0.00210816           0  0.00198321           0           0  0.00323799  0.00318514           0  0.00534773   0.0046844           0           0           0           0           0           0           0     1.00335     1.29108  0.00351522           0           0   0.0066533     1.00039  0.00509071           1     1.01309     1.00001  0.00897327   0.0274428   0.0703926   0.0199493   0.0171444   0.0296008   0.0265891  0.00703545  0.00247077
 0.00137618           0           0  0.00133093  0.00133824  0.00132404  0.00141595  0.00140907  0.00140221  0.00149983  0.00150713  0.00147763           0           0           0  0.00276197  0.00266216  0.00259554           0           0           0           0  0.00397844           0  0.00813975  0.00625333  0.00565323  0.00231221           0  0.00201862           0           0           0           0     1.00143           0           0           0           0     1.00292  0.00681954  0.00613582   0.0162517   0.0130186           1   0.0106602   0.0722426   0.0724906  0.00293742   0.0205341     1.00081 0.000742684   0.0137192    0.023302
 0.00145087           0           0  0.00140968  0.00140572  0.00136861           0  0.00151118  0.00149019  0.00159733  0.00160527  0.00157965  0.00210604           0           0           0  0.00289146  0.00282601           0           0  0.00252056  0.00460469           0  0.00418287   0.0083345  0.00665162  0.00642356           0  0.00209209           0           0           0           0     1.15717           0     1.00219           0           0           0   0.0086085           1     1.00003   0.0176753   0.0140953   0.0119276    0.011445   0.0731714   0.0728753  0.00548062     98.9774   0.0155232           1   0.0268219   0.0242711

Statuses: 
0 0 0 0 0 0 3 3 3 0 0 0 3 3 3 0 0 3 0 0 0 0 3 0 0 0 0 3 0 3 3 3 3 3 3 3 3 3 3 3 3 0 3 0 3 3 0 0 3 3 0 3 0 0
0 0 2 0 2 3 3 3 3 3 0 0 3 0 3 0 0 0 0 0 0 0 0 3 3 0 3 0 3 3 3 3 3 3 3 3 3 3 3 3 0 3 0 0 3 3 3 3 0 3 3 3 3 3
2 2 2 0 0 0 0 0 0 0 0 0 0 3 3 0 0 0 0 0 0 0 0 0 0 0 3 3 3 3 3 3 3 3 3 3 3 0 3 0 3 3 3 0 3 3 3 3 3 3 0 3 0 1
0 2 0 0 3 0 3 3 3 0 0 0 0 3 0 3 0 0 0 0 0 0 0 0 3 0 0 3 3 3 3 3 3 3 3 3 3 3 0 3 0 3 3 3 3 3 3 3 3 3 3 3 3 0
2 2 0 0 0 0 0 3 0 0 0 0 0 3 3 0 0 0 0 0 0 0 0 3 0 0 0 3 3 3 3 3 3 3 3 3 3 3 3 3 3 3 3 3 3 3 0 3 0 3 3 0 3 0
0 0 2 0 0 0 3 0 0 0 0 0 3 3 3 0 0 0 0 0 0 0 0 0 0 0 0 0 3 3 3 3 3 3 3 3 3 3 0 3 3 3 0 0 3 3 3 3 0 0 3 3 0 3
0 2 2 3 3 0 3 3 3 0 0 0 0 0 0 0 0 0 0 0 0 3 3 0 0 3 0 3 3 0 3 3 3 3 3 3 3 3 3 3 3 3 3 0 3 0 0 0 3 0 3 3 3 0
0 0 2 3 0 3 3 3 3 0 0 0 3 0 3 0 0 0 0 0 0 0 0 3 0 0 0 3 0 3 3 3 3 3 3 3 3 3 0 3 3 3 3 0 3 0 0 0 0 3 3 0 3 0
2 0 2 0 3 0 0 3 0 0 0 0 3 3 3 0 0 0 0 0 0 3 3 0 3 3 0 3 3 3 3 3 3 3 3 3 3 3 3 3 3 0 3 0 0 0 0 0 0 3 0 0 0 0
0 0 0 0 0 0 3 0 3 0 0 0 0 0 0 0 3 0 3 0 3 3 0 0 2 0 0 3 3 3 3 3 3 3 3 3 0 3 3 0 3 0 3 3 3 0 3 3 0 0 1 0 3 3
0 2 2 0 0 0 0 0 0 0 0 0 3 3 3 0 0 0 3 3 3 3 0 3 0 0 0 0 3 0 3 3 3 3 3 3 3 3 3 3 0 0 0 0 3 0 3 3 3 0 3 3 3 0
0 2 2 0 0 0 3 0 0 0 0 0 0 3 3 3 0 0 3 3 0 0 3 0 0 0 0 3 0 3 3 3 3 3 3 3 3 3 3 0 3 3 0 0 0 0 3 3 0 3 3 3 0 0
chisq per dof: 
68.1019 66.3593 60.3217 47.6374 46.8527 42.4791 72274.5 89164.5   83241 14.5556 14.3364 13.4765  125520  106385 25635.9 2.89306 3.15599 38297.9 3.11579 3.00314 2.96591 1.95948 10800.7 1.78029  2.0364 1.83573 1.69658  127719  23.709 93550.7 2163.51  121583  104262  168278  141587  121857  125089  108058  101667  163191  126677 2.50624  209765 1.93255  141678  174483 2.10397 2.03831  216742  152665 1.87261  267664 2.25954 2.01843
32.9773 34.8113 31.7422 22.6384 25.1018 3530.48 9693.69 7909.11 7473.56 6418.14 7.85477 7.34082 10725.5 3.26324  8526.1 2.07542 2.13714 2.06329 2.23929 2.19195 2.12933 1.86084 1.75096 968.947 5463.51 1.82002 6581.26 10.3316 8053.54 7980.61 12346.9 10523.9 9257.48 15049.6 12568.3 10189.4 11852.5 10207.5 9912.87   15347 1.90852 10173.6 2.01331 1.83482 11786.5 14572.9 12224.3 11002.4 2.25101 14768.4   12790 21148.5 18202.7 15065.4
20.7779 21.9019 20.0144 14.5905 16.0574 14.6086 9.36537  10.126 9.55092 5.02145 5.46575 5.13216 2.43948 2444.98 2142.59 1.85768 1.84373 1.76489 1.98564 1.94056  1.8753 1.83554 1.71729 1.61793 2.01226 1.81521 568.032 2363.91  833.71  1982.9 3182.28 2730.06 2389.72 3596.65 3030.11 2596.48 2907.98 2.20428 2305.88 1.87651 2821.67 2600.04 4415.38 1.81359 2452.88 3852.98 3196.34 964.179 3800.99 2730.48 1.84201 6196.18 2.25267 2948.29
15.0723 16.3151  14.908 10.3807 729.851 10.5503 871.224 772.133 398.227 3.87473 4.11381 3.93452 2.11432 716.054 2.07151 1038.32  1.7093 1.63508  1.8803 1.81681 1.74558 1.82297 1.69854 1.60096 639.853 1.80995 1.67503 1124.93 983.378 811.516 1214.34 1041.45 914.484 1406.89 1124.37 1009.37 1141.28 980.611 1.95889 1397.87 1.73252 418.577 1426.19  1281.7  1177.4  1353.6  1123.7 991.254 1662.78 1200.46 1008.07 2293.02  1664.7   2.005
10.8858  11.799 10.7714   7.358 7.84525 7.23008 4.73855 67.5171 4.71548 3.13274 3.19275 3.06477 1.92758 393.263 338.782 1.70621 1.63397 1.56683 1.82084 1.74199 1.67581 1.81712 1.68694 376.553 2.00684 1.80617 1.67198  387.45 354.713 329.271 566.827 487.225  404.37 609.443 515.191 466.314 617.897 515.752 382.785 552.731 549.168 492.798 755.444 599.327 511.084 353.619 1.85243  484.92 2.25192 486.024 508.453 4.58528 660.885 2.00365
8.26586 9.04011 8.29337  5.4791   5.891  5.4571 30.0015 3.78642 3.64311  2.6559 2.70446 2.60193 236.633 206.393 181.435 1.67932 1.60105 1.53644 1.78826 1.70352 1.64106 1.81589 1.68448 1.58971 2.00797 1.80665  1.6727 2.92535 197.711 183.003 308.013 264.755 235.305 342.584 286.681 233.126 272.103 211.258 1.69423 203.558 168.162 268.786  2.0034 1.80839 133.037 253.305 197.477 162.211 2.25311 2.00457 308.719 538.687 2.25524 339.748
6.37433 6.96236 6.45279 89.1538  75.964 4.11401 68.7404 64.8507 69.2199 2.29451 2.29678 2.21663 1.72688 1.66955 1.63357 1.65718 1.56934 1.50589 1.75807 1.66737 1.60626 165.157 141.495 1.58648 2.00775  111.51 1.67283 86.7133 102.134 2.47289  178.48 153.872 134.359 198.465 165.827 143.652 123.085 114.671 107.196 115.506 141.092 128.209 206.888 1.80821 166.613 2.00546 1.84671 1.72743 183.292 2.00541 65.2541  319.91 225.948 2.00501
4.92835 5.21545 4.84361 50.0302 3.34118 50.8473   47.72 16.5122 8.92031 2.04214   2.019 1.95954 81.9216 1.60082 63.2936 1.64198 1.54691 1.48512 1.73705 1.64289 1.58371  1.8117 1.67723 8.81661 2.00789 1.80641 1.67523 20.7166 2.07769 68.3926 118.938 102.485 91.4099 123.641 103.571 90.4722 99.4637 93.5388 1.56728 121.887  71.976 73.6181 45.4742 1.80793 104.293 2.00475 1.84478 1.72416  2.2542 142.273 85.6749 2.67187 59.4231 2.00659
3.80577  3.8705  3.6368 2.55279 27.8314  2.3987 1.96034 12.0622 1.85896 1.82679 1.76901 1.71883 49.9614 44.9984  31.154 1.62791 1.52759 1.46603 1.71583 1.61833 1.55754 7.41905 40.9694 1.58367 28.2429  26.791 1.67598 66.5754 47.5111 49.8343 82.8256 71.9447 64.1343  83.135 69.9138 55.1551 67.5546 61.6304  55.298 96.1391 80.9374 1.58397 54.3438 1.80731 1.67334 2.00382 1.84326 1.72291 2.25374 100.795  1.8398 2.74243 2.25718  2.0077
3.02677 2.96887 2.79622 2.10959 2.02981 1.94081 6.34578 1.64172 2.39794 1.68547 1.61591 1.56862 1.56809 1.49154 1.44889 1.61783 18.7553 1.45302 61.9426 1.59981 39.0482 45.7166 1.67221 1.58181 2.22647 1.80563 1.67609 40.3849 36.7865 37.5449 59.3442 52.9612  49.125 61.5645 45.1927 45.9641 1.68093 48.6978  41.619 1.80392 61.1983 1.58151 39.2006 53.6224 26.9633 2.00308 89.0324 77.1498 2.25321  2.0058 53.8073 2.67019 46.9732 54.0149
2.58727 2.48309 2.35064 1.86607 1.77541   1.703 1.58021 1.50679 1.46425 1.60363 1.53175 1.48401 31.5276 16.0264 25.2828 1.61129 1.50946 1.44324 45.0607 27.5676 23.7215 7.35978 1.67203 9.69539 2.00484 1.80635 1.67581 1.65898 29.2464 1.57208 43.9004 39.7194 38.4605 50.6627  34.056  37.798 36.9029 38.2948 38.0836 50.5805 1.67839 1.58183 2.00308 1.80738 22.5821 2.00324 77.0477 66.7501 76.7454 2.00643 55.7075 71.9349 58.6856 2.00959
2.42722 2.31072 2.19239 1.78056 1.69227 1.62554 14.2264 1.46305 1.42129 1.57421 1.50399 1.45666 1.53408 10.5246 23.7611 6.75325  1.5078 1.44085 44.6441 31.3153 1.51832 1.80403 8.37964 1.57957  2.0044 1.80665 1.67593 25.1115 1.60845 25.2361 41.6048 38.3774  32.414 47.4452 40.2215 29.3587 36.7284 30.0305 26.5913 1.80393  30.643 43.4384 2.00304 1.80751 1.67514 2.00326 73.5929 63.7962 2.25343 2.01558 51.4417 42.2413 2.25783 2.01017
Mode averaged potential and errors: 
  0.0574827 2.32287e-05
  0.0947371 0.000215324
   0.112513 0.000201605
    0.13169 0.000309795
   0.150351 0.000761479
   0.192871   0.0132925
   0.185652  0.00214062
   0.234416   0.0312728
   0.242773  0.00169252
    0.33046   0.0282918
   0.303448   0.0309158
    0.30893   0.0299114
R Models:
(* Fitting with shape 1 1 1 1 1 1 1 1 0 0 0 0 *)
G[R_,xx_]:=xx[[0]] + xx[[1]]/R | xx[[2]]*R
(* Fitting with shape 1 1 1 1 1 1 1 1 1 0 0 0 *)
G[R_,xx_]:=xx[[0]] + xx[[1]]/R | xx[[2]]*R
(* Fitting with shape 1 1 1 1 1 1 1 1 1 1 0 0 *)
G[R_,xx_]:=xx[[0]] + xx[[1]]/R | xx[[2]]*R
(* Fitting with shape 1 1 1 1 1 1 1 1 1 1 1 0 *)
G[R_,xx_]:=xx[[0]] + xx[[1]]/R | xx[[2]]*R
(* Fitting with shape 1 1 1 1 1 1 1 1 1 1 1 1 *)
G[R_,xx_]:=xx[[0]] + xx[[1]]/R | xx[[2]]*R
(* Fitting with shape 0 1 1 1 1 1 1 1 0 0 0 0 *)
G[R_,xx_]:=xx[[0]] + xx[[1]]/R | xx[[2]]*R
(* Fitting with shape 0 1 1 1 1 1 1 1 1 0 0 0 *)
G[R_,xx_]:=xx[[0]] + xx[[1]]/R | xx[[2]]*R
(* Fitting with shape 0 1 1 1 1 1 1 1 1 1 0 0 *)
G[R_,xx_]:=xx[[0]] + xx[[1]]/R | xx[[2]]*R
(* Fitting with shape 0 1 1 1 1 1 1 1 1 1 1 0 *)
G[R_,xx_]:=xx[[0]] + xx[[1]]/R | xx[[2]]*R
(* Fitting with shape 0 1 1 1 1 1 1 1 1 1 1 1 *)
G[R_,xx_]:=xx[[0]] + xx[[1]]/R | xx[[2]]*R
(* Fitting with shape 0 0 1 1 1 1 1 1 0 0 0 0 *)
G[R_,xx_]:=xx[[0]] + xx[[1]]/R | xx[[2]]*R
(* Fitting with shape 0 0 1 1 1 1 1 1 1 0 0 0 *)
G[R_,xx_]:=xx[[0]] + xx[[1]]/R | xx[[2]]*R
(* Fitting with shape 0 0 1 1 1 1 1 1 1 1 0 0 *)
G[R_,xx_]:=xx[[0]] + xx[[1]]/R | xx[[2]]*R
(* Fitting with shape 0 0 1 1 1 1 1 1 1 1 1 0 *)
G[R_,xx_]:=xx[[0]] + xx[[1]]/R | xx[[2]]*R
(* Fitting with shape 0 0 1 1 1 1 1 1 1 1 1 1 *)
G[R_,xx_]:=xx[[0]] + xx[[1]]/R | xx[[2]]*R
(* Fitting with shape 0 0 0 1 1 1 1 1 0 0 0 0 *)
G[R_,xx_]:=xx[[0]] + xx[[1]]/R | xx[[2]]*R
(* Fitting with shape 0 0 0 1 1 1 1 1 1 0 0 0 *)
G[R_,xx_]:=xx[[0]] + xx[[1]]/R | xx[[2]]*R
(* Fitting with shape 0 0 0 1 1 1 1 1 1 1 0 0 *)
G[R_,xx_]:=xx[[0]] + xx[[1]]/R | xx[[2]]*R
(* Fitting with shape 0 0 0 1 1 1 1 1 1 1 1 0 *)
G[R_,xx_]:=xx[[0]] + xx[[1]]/R | xx[[2]]*R
(* Fitting with shape 0 0 0 1 1 1 1 1 1 1 1 1 *)
G[R_,xx_]:=xx[[0]] + xx[[1]]/R | xx[[2]]*R
1.92146 1.92146 1.92146 
0.953955 0.953955 0.953955 
1 1 1 
0.55093 0.55093 0.55093 
-0.00348895 -0.00348895 -0.00348895 
3.31566e-316 3.31566e-316 3.31566e-316 
9997.82 9997.82 9997.82 
-6677.33 -6677.33 -6677.33 
-6852.78 -6852.78 -6852.78 
1.42785e-321 1.42785e-321 1.42785e-321 
0 0 0 
9.93951e+06 9.93951e+06 9.93951e+06 
3.31915e+07 3.31915e+07 3.31915e+07 
0 0 0 
0 0 0 
4.79244e-322 4.79244e-322 4.79244e-322 
3.31396e-316 3.31396e-316 3.31396e-316 
3.32661e-316 3.32661e-316 3.32661e-316 
-0.00348895 -0.00348895 -0.00348895 
2.42092e-322 2.42092e-322 2.42092e-322 
0 0 0 
1.90037e+07 1.90037e+07 1.90037e+07 
0 0 0 
92453.5 92453.5 92453.5 
0 0 0 
-4.8129 -4.8129 -4.8129 
0 0 0 
2.42092e-322 2.42092e-322 2.42092e-322 
3.33358e-316 3.33358e-316 3.33358e-316 
3.28435e-316 3.28435e-316 3.28435e-316 
0.000244141 0.000244141 0.000244141 
-8.46051 -8.46051 -8.46051 
9.48606e-322 9.48606e-322 9.48606e-322 
3.16202e-322 3.16202e-322 3.16202e-322 
3.33605e-316 3.33605e-316 3.33605e-316 
3.33784e-316 3.33784e-316 3.33784e-316 
2.47033e-323 2.47033e-323 2.47033e-323 
3.33609e-316 3.33609e-316 3.33609e-316 
2205.43 2205.43 2205.43 
3.28324e-316 3.28324e-316 3.28324e-316 
-99669.5 -99669.5 -99669.5 
3.24326e-316 3.24326e-316 3.24326e-316 
0.125 0.125 0.125 
-146046 -146046 -146046 
2.37152e-322 2.37152e-322 2.37152e-322 
6.16594e-321 6.16594e-321 6.16594e-321 
6.92414e-310 6.92414e-310 6.92414e-310 
3.25172e-316 3.25172e-316 3.25172e-316 
6.92414e-310 6.92414e-310 6.92414e-310 
0 0 0 
1.72442e-316 1.72442e-316 1.72442e-316 
3.284e-316 3.284e-316 3.284e-316 
0 0 0 
3.28406e-316 3.28406e-316 3.28406e-316 
Probabilities: 
         0          0          0          0          0          0          0          0          0          0          0          0          0          0          0          0  0.0113663  0.0201148          0          0          0          0 0.00814938  0.0159047  0.0410135   0.106629  0.0982202          0          0          0          0          0          0          0          0          0          0          0          0          0          0          0          0          0          0          0          0          0   0.621722          0          0          0  0.0768805          0

String tensions: 
         1          1          1          1          1          1          1          1          1   -0.66968  -0.478588   -0.47867  -0.334076  -0.334243   -0.33587  -0.507219  -0.506991  -0.510884 -0.0932328 -0.0939805 -0.0998851  -0.956355  -0.955104  -0.968258    3.06468    2.89709    1.82317 -0.0308322 -0.0308323 -0.0308323  -0.128423 0.00581166  0.0057987   0.881202    0.88209   0.883043     1.4414    1.24491  -0.114887 -0.0895127  -0.117695 0.00277109 -0.0702487   0.639212    0.81456  -0.176136 -0.0706577 0.00495939 -0.0103182  0.0145874    1.24025    1.02496 0.00344592    1.02566

Errors: 
          0           0           0     5792.62     5792.62     5792.62     5792.62     5792.62     5792.62     1.00001  0.00184769  0.00179742   0.0157513    0.015772   0.0156097   0.0410975   0.0408982   0.0409956   0.0458801   0.0453607   0.0458993    0.142364    0.138892    0.134087     2.82841     2.75543     1.91516           0           0           0           0 0.000321103 0.000319627     1.00848     1.00847     1.00846    0.821401     1.00106           1           1     1.00007 0.000903462     1.00001     1.00941  0.00543357           1     1.00001 0.000202798  0.00247622 0.000789419  0.00219646 1.14393e+06  0.00187054 1.38394e+06

Statuses: 
3 3 3 0 0 0 0 0 0 3 0 0 0 0 0 0 0 0 0 0 0 0 0 0 0 0 0 3 3 3 3 0 0 3 3 3 3 3 3 3 3 0 3 3 0 3 3 1 0 0 3 3 0 3
chisq per dof: 
88974.7 77864.9 69225.1 61.7094 53.1263 47.4958 24.2674 20.2991 17.9836 5924.01 16.7658 14.9385 5.79682 4.97282 4.55143 3.51297 2.92795  2.6323 6.61462 5.79441 5.35815 3.37002 2.89044 2.61197 2.60024 2.18171 2.17922 90838.8   79496   70675 35056.1 5.51966 4.83801 49588.3 41339.8 35449.6  107539   94024 73291.5 77509.7 20842.7 3.33899 8226.94 11229.9 9665.59 95973.3 49014.2 3.66482   1.594 6.83005 31046.5   49482 2.29075 35382.3
Model string tension and errors: 
sigma = 0.568307 +/- 1.67711
