Loaded Data/L24_b255_xi4_g.dat
model 1 1 exponentials with a pole of degree 0
shape: 1 1 1 1 1 1 1 1 1 1 1 1
model 2 2 exponentials with a pole of degree 0
shape: 1 1 1 1 1 1 1 1 1 1 1 1
model 3 3 exponentials with a pole of degree 0
shape: 1 1 1 1 1 1 1 1 1 1 1 1
model 4 1 exponentials with a pole of degree 1
shape: 1 1 1 1 1 1 1 1 1 1 1 1
model 5 2 exponentials with a pole of degree 1
shape: 1 1 1 1 1 1 1 1 1 1 1 1
model 6 3 exponentials with a pole of degree 1
shape: 1 1 1 1 1 1 1 1 1 1 1 1


Fitting R = 1

fitting 6 models
2 params
Best parameters for model 1: 
1.96649 0.0907688 

4 params
Best parameters for model 2: 
1.94519 0.0890874 0.0345134 0.480044 

6 params
Best parameters for model 3: 
1.94144 0.0889218 0.0302207 0.347467 0.0114709 0.844753 

3 params
Best parameters for model 4: 
1.95116 0.0896655 0.00830364 

5 params
Best parameters for model 5: 
1.9416 0.08894 0.0289806 0.377406 0.00246704 

7 params
Best parameters for model 6: 
1.95116 0.0896655 1.897e-13 4.98654 1.34106e-10 4.88312 0.00830364 

Results: 0.0907688 0.0974563  0.101113 0.0896655 0.0944903 0.0896655

Errors: 5.24783e-06 4.74011e-05 0.000584872 5.97112e-06  7.0677e-05   0.0239373

Probabilities: 0 0 1 0 0 0

Chisq: 16734.5 114.528 2.50243 2695.09  5.2105 4851.16

Fit statuses: 0 0 0 0 0 1

Best Chisquared: 2.50243



Fitting R = 2

fitting 6 models
2 params
Best parameters for model 1: 
1.90496 0.130243 

4 params
Best parameters for model 2: 
1.85224 0.127454 0.0825036 0.430069 

6 params
Best parameters for model 3: 
1.84336 0.127086 0.0736317 0.31391 0.0269415 0.858436 

3 params
Best parameters for model 4: 
1.86618 0.12849 0.0220521 

5 params
Best parameters for model 5: 
1.86618 0.12849 1.41961e-13 4.85953 0.0220521 

7 params
Best parameters for model 6: 
1.86618 0.12849 4.35218e-13 4.08914 1.13615e-11 4.87954 0.0220521 

Results: 0.130243 0.145794 0.155224  0.12849  0.12849  0.12849

Errors: 1.39291e-05 0.000132701  0.00122049 1.50633e-05  0.00118164   0.0290192

Probabilities: 0 0 1 0 0 0

Chisq: 9870.44 70.3164 3.43212 1808.99 2325.84 3256.18

Fit statuses: 0 0 0 0 1 1

Best Chisquared: 3.43212



Fitting R = 3

fitting 6 models
2 params
Best parameters for model 1: 
1.8328 0.152996 

4 params
Best parameters for model 2: 
1.7358 0.148792 0.141565 0.399856 

6 params
Best parameters for model 3: 
1.72071 0.148165 0.129805 0.297569 0.0428919 0.905564 

3 params
Best parameters for model 4: 
1.76285 0.150485 0.0405875 

5 params
Best parameters for model 5: 
1.72108 0.148222 0.122484 0.311765 0.0106735 

7 params
Best parameters for model 6: 
1.76285 0.150485 1.08428e-11 4.99423 7.62217e-10 4.89809 0.0405875 

Results: 0.152996 0.178944  0.19582 0.150485 0.168935 0.150485

Errors:  2.6132e-05  0.00025788  0.00367118  2.7609e-05 0.000406018    0.335425

Probabilities:        0        0 0.738755        0 0.261245        0

Chisq:  7634.4 49.5129 3.51033 1455.37 3.59157 2619.66

Fit statuses: 0 0 0 0 0 1

Best Chisquared: 3.51033



Fitting R = 4

fitting 6 models
2 params
Best parameters for model 1: 
1.75857 0.170454 

4 params
Best parameters for model 2: 
1.60973 0.164563 0.204969 0.376959 

6 params
Best parameters for model 3: 
1.5846 0.163495 0.194285 0.278755 0.0594626 0.948052 

3 params
Best parameters for model 4: 
1.65582 0.167091 0.0612264 

5 params
Best parameters for model 5: 
1.58539 0.163586 0.182776 0.288794 0.015606 

7 params
Best parameters for model 6: 
1.65582 0.167091 7.47899e-13 2.8425 1.77213e-14 2.07488 0.0612264 

Results: 0.170454  0.20714 0.232637 0.167091 0.193438 0.167091

Errors: 4.15118e-05 0.000428655  0.00625562 4.35784e-05  0.00069721 0.000305561

Probabilities:        0        0 0.494256        0 0.505744        0

Chisq:    5982 39.0494 3.69656 1211.03 3.44763 2179.85

Fit statuses: 0 0 0 0 0 1

Best Chisquared: 3.44763



Fitting R = 5

fitting 6 models
2 params
Best parameters for model 1: 
1.68835 0.186787 

4 params
Best parameters for model 2: 
1.48749 0.178472 0.265067 0.362338 

6 params
Best parameters for model 3: 
1.45431 0.176963 0.25867 0.2735 0.0734116 1.07515 

3 params
Best parameters for model 4: 
1.55635 0.18227 0.0815177 

5 params
Best parameters for model 5: 
1.45282 0.176976 0.242392 0.274709 0.0202638 

7 params
Best parameters for model 6: 
1.45282 0.176976 0.242392 0.274708 9.355e-09 4.78302 0.020264 

Results: 0.186787 0.233274 0.271988  0.18227 0.216256 0.216256

Errors: 6.23163e-05 0.000649248   0.0105355   6.534e-05  0.00107692     8.29646

Probabilities:        0        0 0.254705        0 0.745295        0

Chisq: 4597.09 30.7284 3.57429 962.478 3.04263 4.25968

Fit statuses: 0 0 0 0 0 1

Best Chisquared: 3.04263



Fitting R = 6

fitting 6 models
2 params
Best parameters for model 1: 
1.62517 0.203043 

4 params
Best parameters for model 2: 
1.37845 0.191847 0.316017 0.353784 

6 params
Best parameters for model 3: 
1.33998 0.189946 0.315688 0.274687 0.0892439 1.31555 

3 params
Best parameters for model 4: 
1.4693 0.197052 0.0998475 

5 params
Best parameters for model 5: 
1.3331 0.189724 0.295514 0.26544 0.0243333 

7 params
Best parameters for model 6: 
1.4693 0.197052 5.83179e-15 3.23177 2.69134e-10 4.78742 0.0998475 

Results: 0.203043 0.257828 0.320975 0.197052 0.237888 0.197052

Errors: 9.13721e-05 0.000909481   0.0209612  9.5025e-05  0.00156532    0.188145

Probabilities:        0        0 0.194629        0 0.805371        0

Chisq: 3535.14 23.5638  3.2721 766.013  2.6846 1378.82

Fit statuses: 0 0 0 0 0 1

Best Chisquared: 2.6846



Fitting R = 7

fitting 6 models
2 params
Best parameters for model 1: 
1.57053 0.219678 

4 params
Best parameters for model 2: 
1.28823 0.205188 0.35444 0.347452 

6 params
Best parameters for model 3: 
1.23971 0.202623 0.36151 0.267572 0.106981 1.45545 

3 params
Best parameters for model 4: 
1.39936 0.211941 0.113765 

5 params
Best parameters for model 5: 
1.22831 0.202173 0.339754 0.253418 0.0286512 

7 params
Best parameters for model 6: 
1.39936 0.211941 3.33921e-11 4.98427 1.41974e-09 4.5004 0.113765 

Results: 0.219678 0.280158 0.367159 0.211941 0.257081 0.211941

Errors: 0.000130722  0.00122269   0.0347979 0.000133692  0.00218013     1.25012

Probabilities:       0       0 0.20365       0 0.79635       0

Chisq: 2661.84  19.876 3.27765  585.91 2.70552 1054.64

Fit statuses: 0 0 0 0 0 1

Best Chisquared: 2.70552



Fitting R = 8

fitting 6 models
2 params
Best parameters for model 1: 
1.52415 0.236705 

4 params
Best parameters for model 2: 
1.22288 0.218653 0.376172 0.346188 

6 params
Best parameters for model 3: 
1.16431 0.21537 0.390738 0.26211 0.124687 1.57479 

3 params
Best parameters for model 4: 
1.34701 0.226891 0.122094 

5 params
Best parameters for model 5: 
1.14786 0.214641 0.368822 0.243694 0.0325846 

7 params
Best parameters for model 6: 
1.34701 0.226891 6.59802e-12 4.90374 3.97046e-09 4.07651 0.122094 

Results: 0.236705 0.300093 0.412695 0.226891 0.273902 0.226891

Errors: 0.000183979  0.00157931   0.0539697 0.000183271  0.00290806     2.01404

Probabilities:        0        0 0.217956        0 0.782044        0

Chisq: 1967.82 17.1744 3.42523 429.076 2.85659 772.336

Fit statuses: 0 0 0 0 0 1

Best Chisquared: 2.85659



Fitting R = 9

fitting 6 models
2 params
Best parameters for model 1: 
1.48683 0.253235 

4 params
Best parameters for model 2: 
1.18632 0.231993 0.378799 0.352792 

6 params
Best parameters for model 3: 
1.12482 0.228374 0.396638 0.265725 0.150359 1.80263 

3 params
Best parameters for model 4: 
1.31173 0.241213 0.124665 

5 params
Best parameters for model 5: 
1.10248 0.227299 0.374998 0.241077 0.0352283 

7 params
Best parameters for model 6: 
1.11268 0.227816 0.378628 0.25187 0.690538 5 0.0258613 

Results: 0.253235 0.317378 0.477439 0.241213 0.288486   1.9337

Errors: 0.000249043  0.00195667    0.102952 0.000241303  0.00367732     2.31577

Probabilities:        0        0 0.263828        0 0.736172        0

Chisq: 1439.08 14.1474 3.23448  301.05 2.76493 3.81094

Fit statuses: 0 0 0 0 0 0

Best Chisquared: 2.76493



Fitting R = 10

fitting 6 models
2 params
Best parameters for model 1: 
1.4593 0.267613 

4 params
Best parameters for model 2: 
1.17545 0.244082 0.365992 0.367567 

6 params
Best parameters for model 3: 
1.11962 0.24066 0.381344 0.279941 0.216523 2.27952 

3 params
Best parameters for model 4: 
1.29079 0.253541 0.123078 

5 params
Best parameters for model 5: 
1.09274 0.239298 0.358495 0.247074 0.0363847 

7 params
Best parameters for model 6: 
1.29079 0.253541 1.59133e-10 4.50007 2.63845e-08 4.91166 0.123078 

Results: 0.267613 0.331355 0.625487 0.253541 0.300332 0.253542

Errors: 0.000315698  0.00230597    0.318815 0.000300357   0.0043558     29.5545

Probabilities:        0        0 0.355283        0 0.644717        0

Chisq: 1074.63 11.3284 2.99866 209.772 2.68574 377.589

Fit statuses: 0 0 0 0 0 1

Best Chisquared: 2.68574



Fitting R = 11

fitting 6 models
2 params
Best parameters for model 1: 
1.44384 0.277321 

4 params
Best parameters for model 2: 
1.17516 0.252524 0.352299 0.380924 

6 params
Best parameters for model 3: 
1.12458 0.249346 0.364658 0.2926 0.352005 2.84906 

3 params
Best parameters for model 4: 
1.28115 0.261903 0.120178 

5 params
Best parameters for model 5: 
1.09637 0.247885 0.339905 0.254157 0.0367304 

7 params
Best parameters for model 6: 
1.12458 0.249346 0.364658 0.2926 0.351911 2.84876 2.16724e-09 

Results: 0.277321 0.340381 0.907913 0.261903 0.308033 0.907728

Errors: 0.000363558  0.00257007     1.22221 0.000345108  0.00481374    0.999073

Probabilities:        0        0        0        0 0.774356 0.225644

Chisq: 864.997 9.63622 2.79532 158.822 2.61511 3.35439

Fit statuses: 0 0 0 0 0 0

Best Chisquared: 2.61511



Fitting R = 12

fitting 6 models
2 params
Best parameters for model 1: 
1.43933 0.280921 

4 params
Best parameters for model 2: 
1.17669 0.25561 0.346177 0.386748 

6 params
Best parameters for model 3: 
1.12699 0.25245 0.358017 0.296794 0.440541 3.09403 

3 params
Best parameters for model 4: 
1.27919 0.264989 0.118375 

5 params
Best parameters for model 5: 
1.09851 0.250967 0.332495 0.256437 0.0369477 

7 params
Best parameters for model 6: 
1.12699 0.252449 0.358018 0.296783 0.439636 3.09178 9.05701e-09 

Results: 0.280921 0.343525  1.08341 0.264989  0.31055  1.08169

Errors: 0.000380786  0.00268696     1.75144 0.000363689   0.0050109     1.01257

Probabilities: 0 0 0 0 1 0

Chisq: 788.354 9.16202 2.79842 141.388 2.64603  3.3581

Fit statuses: 0 0 0 0 0 0

Best Chisquared: 2.64603

Fits/L24_b255_xi4_g.vr
models for fitting the R-dependence: 
model 1 Fitting Polynomial of degree1 with shape 1 1 1 1 1 1 1 1 1 0 0 0

model 2 Fitting Polynomial of degree1 with shape 1 1 1 1 1 1 1 1 1 1 0 0

model 3 Fitting Polynomial of degree1 with shape 1 1 1 1 1 1 1 1 1 1 1 0

model 4 Fitting Polynomial of degree1 with shape 1 1 1 1 1 1 1 1 1 1 1 1

model 5 Fitting Polynomial of degree1 with shape 0 1 1 1 1 1 1 1 1 0 0 0

model 6 Fitting Polynomial of degree1 with shape 0 1 1 1 1 1 1 1 1 1 0 0

model 7 Fitting Polynomial of degree1 with shape 0 1 1 1 1 1 1 1 1 1 1 0

model 8 Fitting Polynomial of degree1 with shape 0 1 1 1 1 1 1 1 1 1 1 1

model 9 Fitting Polynomial of degree1 with shape 0 0 1 1 1 1 1 1 1 0 0 0

model 10 Fitting Polynomial of degree1 with shape 0 0 1 1 1 1 1 1 1 1 0 0

model 11 Fitting Polynomial of degree1 with shape 0 0 1 1 1 1 1 1 1 1 1 0

model 12 Fitting Polynomial of degree1 with shape 0 0 1 1 1 1 1 1 1 1 1 1

fitting 12 models
2 params
Best parameters for model 1: 
0.0512634 0.0504016 

2 params
Best parameters for model 2: 
0.0512994 0.0503711 

2 params
Best parameters for model 3: 
0.0513091 0.0503628 

2 params
Best parameters for model 4: 
0.0842176 0.0224577 

2 params
Best parameters for model 5: 
0.10264 0.0263237 

2 params
Best parameters for model 6: 
0.102451 0.0264172 

2 params
Best parameters for model 7: 
0.102406 0.0264394 

2 params
Best parameters for model 8: 
0.124178 0.0156907 

2 params
Best parameters for model 9: 
0.120852 0.0225915 

2 params
Best parameters for model 10: 
0.119753 0.0228915 

2 params
Best parameters for model 11: 
0.119473 0.022967 

2 params
Best parameters for model 12: 
0.157412 0.0128228 



Fitting the potential: 
Results: 0.0504016 0.0503711 0.0503628 0.0224577 0.0263237 0.0264172 0.0264394 0.0156907 0.0225915 0.0228915  0.022967 0.0128228

Errors:  0.00122732  0.00122613  0.00122582  0.00043589  0.00379491   0.0037665  0.00375907 0.000512505  0.00667969  0.00659155  0.00656712  0.00125478

Probabilities:         0         0         0         0 0.0535105  0.142521  0.385721 0.0162754  0.024788 0.0648382  0.174691  0.137655

Chisq:     6.496   5.72419   5.09829   63.9107 0.0854601 0.0790766 0.0702859  0.988134 0.0103599  0.021454 0.0209254  0.327876

Fit statuses: 0 0 0 0 0 0 0 0 0 0 0 0

