R=0parameters: 
-0.668773 -0.668773 
0.127487 0.127487 
4.71774e-10 4.71774e-10 
4.00193e-322 4.00193e-322 
2.48368e-316 2.48368e-316 
2.50698e-316 2.50698e-316 
1.38162e-316 1.38162e-316 
2.50343e-316 2.50343e-316 
2.52863e-316 2.52863e-316 
9.63181e-317 9.63181e-317 9.63181e-317 
9.63182e-317 9.63182e-317 9.63182e-317 
9.63164e-317 9.63164e-317 9.63164e-317 
9.63166e-317 9.63166e-317 9.63166e-317 
9.63167e-317 9.63167e-317 9.63167e-317 
9.63168e-317 9.63168e-317 9.63168e-317 
9.63181e-317 9.63181e-317 9.63181e-317 
9.63179e-317 9.63179e-317 9.63179e-317 
9.63182e-317 9.63182e-317 9.63182e-317 
1.31307e-316 1.31307e-316 1.31307e-316 1.31307e-316 
1.31307e-316 1.31307e-316 1.31307e-316 1.31307e-316 
1.31307e-316 1.31307e-316 1.31307e-316 1.31307e-316 
6.65795e-316 6.65795e-316 6.65795e-316 6.65795e-316 
1.71012e+214 1.71012e+214 1.71012e+214 1.71012e+214 
9.80936e-317 9.80936e-317 9.80936e-317 9.80936e-317 
9.64403e-317 9.64403e-317 9.64403e-317 9.64403e-317 
9.64437e-317 9.64437e-317 9.64437e-317 9.64437e-317 
9.64377e-317 9.64377e-317 9.64377e-317 9.64377e-317 
9.6466e-317 9.6466e-317 9.6466e-317 
6.9677e+252 6.9677e+252 6.9677e+252 
2.49707e-316 2.49707e-316 2.49707e-316 
9.64552e-317 9.64552e-317 9.64552e-317 
9.67528e-317 9.67528e-317 9.67528e-317 
2.50573e-316 2.50573e-316 2.50573e-316 
9.62501e-317 9.62501e-317 9.62501e-317 
2.55069e-316 2.55069e-316 2.55069e-316 
0 0 0 
7.99818e+217 7.99818e+217 7.99818e+217 7.99818e+217 
4.20882e+251 4.20882e+251 4.20882e+251 4.20882e+251 
9.71073e-317 9.71073e-317 9.71073e-317 9.71073e-317 
1.33044e-316 1.33044e-316 1.33044e-316 1.33044e-316 
2.55068e-316 2.55068e-316 2.55068e-316 2.55068e-316 
9.80936e-317 9.80936e-317 9.80936e-317 9.80936e-317 
2.49707e-316 2.49707e-316 2.49707e-316 2.49707e-316 
9.67528e-317 9.67528e-317 9.67528e-317 9.67528e-317 
2.50573e-316 2.50573e-316 2.50573e-316 2.50573e-316 
3.21143e-322 3.21143e-322 3.21143e-322 3.21143e-322 3.21143e-322 
2.68414e-316 2.68414e-316 2.68414e-316 2.68414e-316 2.68414e-316 
2.68349e-316 2.68349e-316 2.68349e-316 2.68349e-316 2.68349e-316 
7.80694e+07 7.80694e+07 7.80694e+07 7.80694e+07 7.80694e+07 
2.68099e-316 2.68099e-316 2.68099e-316 2.68099e-316 2.68099e-316 
2.55551e-316 2.55551e-316 2.55551e-316 2.55551e-316 2.55551e-316 
4.00193e-322 4.00193e-322 4.00193e-322 4.00193e-322 4.00193e-322 
2.54792e-316 2.54792e-316 2.54792e-316 2.54792e-316 2.54792e-316 
2.5555e-316 2.5555e-316 2.5555e-316 2.5555e-316 2.5555e-316 
R=1parameters: 
-0.621147 -0.621147 
0.186341 0.186341 
1.90115e-05 1.90115e-05 
0.046404 0.046404 
-0.0324689 -0.0324689 
5.03038e+175 5.03038e+175 
3.5936e+246 3.5936e+246 
2.14726e+243 2.14726e+243 
-351028 -351028 
3.16696e-321 3.16696e-321 3.16696e-321 
6.91099e-310 6.91099e-310 6.91099e-310 
6.91099e-310 6.91099e-310 6.91099e-310 
6.12311e-05 6.12311e-05 6.12311e-05 
8.56736e-05 8.56736e-05 8.56736e-05 
2.37152e-322 2.37152e-322 2.37152e-322 
6.32404e-322 6.32404e-322 6.32404e-322 
2.5549e-316 2.5549e-316 2.5549e-316 
-7.299e-07 -7.299e-07 -7.299e-07 
4.03173e-07 4.03173e-07 4.03173e-07 4.03173e-07 
8.85818e-08 8.85818e-08 8.85818e-08 8.85818e-08 
-5.03096e-08 -5.03096e-08 -5.03096e-08 -5.03096e-08 
6.50226e-09 6.50226e-09 6.50226e-09 6.50226e-09 
-3.08094e-06 -3.08094e-06 -3.08094e-06 -3.08094e-06 
1.70682e-06 1.70682e-06 1.70682e-06 1.70682e-06 
-2.11124e-07 -2.11124e-07 -2.11124e-07 -2.11124e-07 
7.66294e-06 7.66294e-06 7.66294e-06 7.66294e-06 
9.20962e-06 9.20962e-06 9.20962e-06 9.20962e-06 
-5.10077e-06 -5.10077e-06 -5.10077e-06 
6.30933e-07 6.30933e-07 6.30933e-07 
-2.2904e-05 -2.2904e-05 -2.2904e-05 
6.84587e-05 6.84587e-05 6.84587e-05 
2.29741e-321 2.29741e-321 2.29741e-321 
2.56634e-316 2.56634e-316 2.56634e-316 
2.55549e-316 2.55549e-316 2.55549e-316 
1.58101e-322 1.58101e-322 1.58101e-322 
3.95253e-322 3.95253e-322 3.95253e-322 
2.55489e-316 2.55489e-316 2.55489e-316 2.55489e-316 
2.5555e-316 2.5555e-316 2.5555e-316 2.5555e-316 
2.5555e-316 2.5555e-316 2.5555e-316 2.5555e-316 
2.54731e-316 2.54731e-316 2.54731e-316 2.54731e-316 
273813 273813 273813 273813 
-158448 -158448 -158448 -158448 
-0.0324689 -0.0324689 -0.0324689 -0.0324689 
2.42092e-322 2.42092e-322 2.42092e-322 2.42092e-322 
907116 907116 907116 907116 
8.14072e+06 8.14072e+06 8.14072e+06 8.14072e+06 8.14072e+06 
1.27618 1.27618 1.27618 1.27618 1.27618 
89.0062 89.0062 89.0062 89.0062 89.0062 
2.47033e-323 2.47033e-323 2.47033e-323 2.47033e-323 2.47033e-323 
2.56403e-316 2.56403e-316 2.56403e-316 2.56403e-316 2.56403e-316 
211738 211738 211738 211738 211738 
2.545e-316 2.545e-316 2.545e-316 2.545e-316 2.545e-316 
-250716 -250716 -250716 -250716 -250716 
6.37345e-322 6.37345e-322 6.37345e-322 6.37345e-322 6.37345e-322 
R=2parameters: 
-0.55869 -0.55869 
0.222511 0.222511 
0.329895 0.329895 
1.40624 1.40624 
-12.6823 -12.6823 
5.03038e+175 5.03038e+175 
3.5936e+246 3.5936e+246 
2.14726e+243 2.14726e+243 
-351028 -351028 
3.16696e-321 3.16696e-321 3.16696e-321 
6.91099e-310 6.91099e-310 6.91099e-310 
6.91099e-310 6.91099e-310 6.91099e-310 
1.58101e-322 1.58101e-322 1.58101e-322 
3.16202e-322 3.16202e-322 3.16202e-322 
2.55161e-316 2.55161e-316 2.55161e-316 
2.50679e-316 2.50679e-316 2.50679e-316 
5.44385 5.44385 5.44385 
1.47023e-316 1.47023e-316 1.47023e-316 
5.80626e+06 5.80626e+06 5.80626e+06 5.80626e+06 
2.54303e-316 2.54303e-316 2.54303e-316 2.54303e-316 
2.48995e-316 2.48995e-316 2.48995e-316 2.48995e-316 
1.90215e-321 1.90215e-321 1.90215e-321 1.90215e-321 
2.56227e-316 2.56227e-316 2.56227e-316 2.56227e-316 
2.56403e-316 2.56403e-316 2.56403e-316 2.56403e-316 
7.48382e+07 7.48382e+07 7.48382e+07 7.48382e+07 
200220 200220 200220 200220 
22258.2 22258.2 22258.2 22258.2 
7.16395e-322 7.16395e-322 7.16395e-322 
2.5503e-316 2.5503e-316 2.5503e-316 
2.55028e-316 2.55028e-316 2.55028e-316 
0 0 0 
0 0 0 
0 0 0 
4.79244e-322 4.79244e-322 4.79244e-322 
2.55288e-316 2.55288e-316 2.55288e-316 
6.91099e-310 6.91099e-310 6.91099e-310 
0.397432 0.397432 0.397432 0.397432 
0.836721 0.836721 0.836721 0.836721 
-10.0945 -10.0945 -10.0945 -10.0945 
2.42092e-322 2.42092e-322 2.42092e-322 2.42092e-322 
2.54428e-316 2.54428e-316 2.54428e-316 2.54428e-316 
2.50278e-316 2.50278e-316 2.50278e-316 2.50278e-316 
0.000251693 0.000251693 0.000251693 0.000251693 
2.68099e-316 2.68099e-316 2.68099e-316 2.68099e-316 
3.23796e-319 3.23796e-319 3.23796e-319 3.23796e-319 
6.37345e-322 6.37345e-322 6.37345e-322 6.37345e-322 6.37345e-322 
2.5474e-316 2.5474e-316 2.5474e-316 2.5474e-316 2.5474e-316 
2.50343e-316 2.50343e-316 2.50343e-316 2.50343e-316 2.50343e-316 
6.91092e-310 6.91092e-310 6.91092e-310 6.91092e-310 6.91092e-310 
2.68384e-316 2.68384e-316 2.68384e-316 2.68384e-316 2.68384e-316 
2.47033e-323 2.47033e-323 2.47033e-323 2.47033e-323 2.47033e-323 
2.55507e-316 2.55507e-316 2.55507e-316 2.55507e-316 2.55507e-316 
6.01727e-05 6.01727e-05 6.01727e-05 6.01727e-05 6.01727e-05 
-2.78584e-05 -2.78584e-05 -2.78584e-05 -2.78584e-05 -2.78584e-05 
R=3parameters: 
-0.491603 -0.491603 
0.252045 0.252045 
-0.0606683 -0.0606683 
1.87916 1.87916 
-2.27753 -2.27753 
5.03038e+175 5.03038e+175 
3.5936e+246 3.5936e+246 
2.14726e+243 2.14726e+243 
-351028 -351028 
3.16696e-321 3.16696e-321 3.16696e-321 
6.91099e-310 6.91099e-310 6.91099e-310 
6.91099e-310 6.91099e-310 6.91099e-310 
0 0 0 
0 0 0 
2.37152e-322 2.37152e-322 2.37152e-322 
2.37152e-322 2.37152e-322 2.37152e-322 
2.68399e-316 2.68399e-316 2.68399e-316 
2.49247e-316 2.49247e-316 2.49247e-316 
0.50856 0.50856 0.50856 0.50856 
-9.85302 -9.85302 -9.85302 -9.85302 
4.74303e-322 4.74303e-322 4.74303e-322 4.74303e-322 
2.37152e-322 2.37152e-322 2.37152e-322 2.37152e-322 
2.68398e-316 2.68398e-316 2.68398e-316 2.68398e-316 
604630 604630 604630 604630 
2.77477e+06 2.77477e+06 2.77477e+06 2.77477e+06 
-442973 -442973 -442973 -442973 
7.11455e-322 7.11455e-322 7.11455e-322 7.11455e-322 
3.16202e-322 3.16202e-322 3.16202e-322 
2.55488e-316 2.55488e-316 2.55488e-316 
2.68381e-316 2.68381e-316 2.68381e-316 
2.47033e-323 2.47033e-323 2.47033e-323 
2.68382e-316 2.68382e-316 2.68382e-316 
2.47033e-323 2.47033e-323 2.47033e-323 
2.68382e-316 2.68382e-316 2.68382e-316 
2.48995e-316 2.48995e-316 2.48995e-316 
6.37345e-322 6.37345e-322 6.37345e-322 
2.49249e-316 2.49249e-316 2.49249e-316 2.49249e-316 
2.49248e-316 2.49248e-316 2.49248e-316 2.49248e-316 
2.08513e+08 2.08513e+08 2.08513e+08 2.08513e+08 
6.37345e-322 6.37345e-322 6.37345e-322 6.37345e-322 
3.59335e-06 3.59335e-06 3.59335e-06 3.59335e-06 
-3.06979e-06 -3.06979e-06 -3.06979e-06 -3.06979e-06 
0.00338289 0.00338289 0.00338289 0.00338289 
1.63042e-322 1.63042e-322 1.63042e-322 1.63042e-322 
6.91097e-310 6.91097e-310 6.91097e-310 6.91097e-310 
0 0 0 0 0 
8.95485e-08 8.95485e-08 8.95485e-08 8.95485e-08 8.95485e-08 
-5453.65 -5453.65 -5453.65 -5453.65 -5453.65 
0.829623 0.829623 0.829623 0.829623 0.829623 
2.42092e-322 2.42092e-322 2.42092e-322 2.42092e-322 2.42092e-322 
-3.54029 -3.54029 -3.54029 -3.54029 -3.54029 
2.6838e-316 2.6838e-316 2.6838e-316 2.6838e-316 2.6838e-316 
2.56371e-316 2.56371e-316 2.56371e-316 2.56371e-316 2.56371e-316 
2.33778e-316 2.33778e-316 2.33778e-316 2.33778e-316 2.33778e-316 
R=4parameters: 
-0.427926 -0.427926 
0.279316 0.279316 
-0.135305 -0.135305 
-4.71352 -4.71352 
5.68528 5.68528 
5.03038e+175 5.03038e+175 
3.5936e+246 3.5936e+246 
2.14726e+243 2.14726e+243 
-351028 -351028 
3.16696e-321 3.16696e-321 3.16696e-321 
6.91099e-310 6.91099e-310 6.91099e-310 
6.91099e-310 6.91099e-310 6.91099e-310 
3.23935e-07 3.23935e-07 3.23935e-07 
0 0 0 
0 0 0 
1.67772e+07 1.67772e+07 1.67772e+07 
0 0 0 
0 0 0 
0 0 0 0 
1.67772e+07 1.67772e+07 1.67772e+07 1.67772e+07 
0 0 0 0 
0 0 0 0 
0 0 0 0 
0 0 0 0 
3.22677e+07 3.22677e+07 3.22677e+07 3.22677e+07 
1.63042e-322 1.63042e-322 1.63042e-322 1.63042e-322 
6.91097e-310 6.91097e-310 6.91097e-310 6.91097e-310 
0 0 0 
2.5467e-316 2.5467e-316 2.5467e-316 
1.63042e-322 1.63042e-322 1.63042e-322 
2.55287e-316 2.55287e-316 2.55287e-316 
2.49246e-316 2.49246e-316 2.49246e-316 
9.48606e-322 9.48606e-322 9.48606e-322 
4.00193e-322 4.00193e-322 4.00193e-322 
2.56386e-316 2.56386e-316 2.56386e-316 
2.50415e-316 2.50415e-316 2.50415e-316 
2.5066e-316 2.5066e-316 2.5066e-316 2.5066e-316 
2.48117e-316 2.48117e-316 2.48117e-316 2.48117e-316 
2.5478e-316 2.5478e-316 2.5478e-316 2.5478e-316 
0.791577 0.791577 0.791577 0.791577 
0.616406 0.616406 0.616406 0.616406 
-2.5081e-06 -2.5081e-06 -2.5081e-06 -2.5081e-06 
0.000201748 0.000201748 0.000201748 0.000201748 
0.00230782 0.00230782 0.00230782 0.00230782 
1.67772e+07 1.67772e+07 1.67772e+07 1.67772e+07 
1.63042e-322 1.63042e-322 1.63042e-322 1.63042e-322 1.63042e-322 
599811 599811 599811 599811 599811 
0.000704738 0.000704738 0.000704738 0.000704738 0.000704738 
0.0737894 0.0737894 0.0737894 0.0737894 0.0737894 
-2.91153 -2.91153 -2.91153 -2.91153 -2.91153 
2.37152e-322 2.37152e-322 2.37152e-322 2.37152e-322 2.37152e-322 
-4.18213e-06 -4.18213e-06 -4.18213e-06 -4.18213e-06 -4.18213e-06 
6.91097e-310 6.91097e-310 6.91097e-310 6.91097e-310 6.91097e-310 
2.122e-314 2.122e-314 2.122e-314 2.122e-314 2.122e-314 
R=5parameters: 
-0.367646 -0.367646 
0.306332 0.306332 
8.81658e-05 8.81658e-05 
0.649877 0.649877 
-0.547365 -0.547365 
5.03038e+175 5.03038e+175 
3.5936e+246 3.5936e+246 
2.14726e+243 2.14726e+243 
-351028 -351028 
3.16696e-321 3.16696e-321 3.16696e-321 
6.91099e-310 6.91099e-310 6.91099e-310 
6.91099e-310 6.91099e-310 6.91099e-310 
8.86765e-06 8.86765e-06 8.86765e-06 
-9.87081e-06 -9.87081e-06 -9.87081e-06 
6.97714e-06 6.97714e-06 6.97714e-06 
7.1148e-06 7.1148e-06 7.1148e-06 
6.84752e-06 6.84752e-06 6.84752e-06 
-5.90459e-07 -5.90459e-07 -5.90459e-07 
-1.47567e-06 -1.47567e-06 -1.47567e-06 -1.47567e-06 
0.000177896 0.000177896 0.000177896 0.000177896 
-0.000365165 -0.000365165 -0.000365165 -0.000365165 
0.000288378 0.000288378 0.000288378 0.000288378 
0.000278686 0.000278686 0.000278686 0.000278686 
-0.000567379 -0.000567379 -0.000567379 -0.000567379 
0.0126964 0.0126964 0.0126964 0.0126964 
2.53456e-321 2.53456e-321 2.53456e-321 2.53456e-321 
2.54727e-316 2.54727e-316 2.54727e-316 2.54727e-316 
2.50861e-316 2.50861e-316 2.50861e-316 
2.56228e-316 2.56228e-316 2.56228e-316 
1.63042e-322 1.63042e-322 1.63042e-322 
2.68382e-316 2.68382e-316 2.68382e-316 
2.55286e-316 2.55286e-316 2.55286e-316 
3.16202e-322 3.16202e-322 3.16202e-322 
3.95253e-322 3.95253e-322 3.95253e-322 
2.50927e-316 2.50927e-316 2.50927e-316 
2.50678e-316 2.50678e-316 2.50678e-316 
2.50279e-316 2.50279e-316 2.50279e-316 2.50279e-316 
2.54372e-316 2.54372e-316 2.54372e-316 2.54372e-316 
2.5068e-316 2.5068e-316 2.5068e-316 2.5068e-316 
2.50679e-316 2.50679e-316 2.50679e-316 2.50679e-316 
0.000162577 0.000162577 0.000162577 0.000162577 
-0.000194763 -0.000194763 -0.000194763 -0.000194763 
0 0 0 0 
3.21143e-322 3.21143e-322 3.21143e-322 3.21143e-322 
2.49668e-316 2.49668e-316 2.49668e-316 2.49668e-316 
6.91099e-310 6.91099e-310 6.91099e-310 6.91099e-310 6.91099e-310 
-1.70443e-05 -1.70443e-05 -1.70443e-05 -1.70443e-05 -1.70443e-05 
2.68382e-316 2.68382e-316 2.68382e-316 2.68382e-316 2.68382e-316 
0.0328399 0.0328399 0.0328399 0.0328399 0.0328399 
2.55505e-316 2.55505e-316 2.55505e-316 2.55505e-316 2.55505e-316 
806983 806983 806983 806983 806983 
106.615 106.615 106.615 106.615 106.615 
0 0 0 0 0 
1.63042e-322 1.63042e-322 1.63042e-322 1.63042e-322 1.63042e-322 
R=6parameters: 
-0.317013 -0.317013 
0.335529 0.335529 
-2.50866e-05 -2.50866e-05 
0.811853 0.811853 
-0.675982 -0.675982 
5.03038e+175 5.03038e+175 
3.5936e+246 3.5936e+246 
2.14726e+243 2.14726e+243 
-351028 -351028 
3.16696e-321 3.16696e-321 3.16696e-321 
6.91099e-310 6.91099e-310 6.91099e-310 
6.91099e-310 6.91099e-310 6.91099e-310 
0.523111 0.523111 0.523111 
2.54529e-316 2.54529e-316 2.54529e-316 
2.47033e-323 2.47033e-323 2.47033e-323 
2.68381e-316 2.68381e-316 2.68381e-316 
2.48995e-316 2.48995e-316 2.48995e-316 
2.42092e-322 2.42092e-322 2.42092e-322 
2.54528e-316 2.54528e-316 2.54528e-316 2.54528e-316 
2.54219e-316 2.54219e-316 2.54219e-316 2.54219e-316 
7.30396e-05 7.30396e-05 7.30396e-05 7.30396e-05 
7.47664e-05 7.47664e-05 7.47664e-05 7.47664e-05 
5.53354e-322 5.53354e-322 5.53354e-322 5.53354e-322 
3.95253e-322 3.95253e-322 3.95253e-322 3.95253e-322 
2.50926e-316 2.50926e-316 2.50926e-316 2.50926e-316 
2.50864e-316 2.50864e-316 2.50864e-316 2.50864e-316 
2.54528e-316 2.54528e-316 2.54528e-316 2.54528e-316 
2.55505e-316 2.55505e-316 2.55505e-316 
2.68381e-316 2.68381e-316 2.68381e-316 
2.50864e-316 2.50864e-316 2.50864e-316 
2983.78 2983.78 2983.78 
4.53058e-321 4.53058e-321 4.53058e-321 
9.48606e-322 9.48606e-322 9.48606e-322 
3.95253e-322 3.95253e-322 3.95253e-322 
2.54546e-316 2.54546e-316 2.54546e-316 
2.50657e-316 2.50657e-316 2.50657e-316 
2.68156e-316 2.68156e-316 2.68156e-316 2.68156e-316 
2.54786e-316 2.54786e-316 2.54786e-316 2.54786e-316 
2.68336e-316 2.68336e-316 2.68336e-316 2.68336e-316 
2.48428e-316 2.48428e-316 2.48428e-316 2.48428e-316 
6.91097e-310 6.91097e-310 6.91097e-310 6.91097e-310 
2.42092e-322 2.42092e-322 2.42092e-322 2.42092e-322 
0 0 0 0 
0 0 0 0 
6.91097e-310 6.91097e-310 6.91097e-310 6.91097e-310 
0 0 0 0 0 
3.16202e-322 3.16202e-322 3.16202e-322 3.16202e-322 3.16202e-322 
2.37152e-322 2.37152e-322 2.37152e-322 2.37152e-322 2.37152e-322 
2.68367e-316 2.68367e-316 2.68367e-316 2.68367e-316 2.68367e-316 
0.203346 0.203346 0.203346 0.203346 0.203346 
0.782648 0.782648 0.782648 0.782648 0.782648 
-2.99304 -2.99304 -2.99304 -2.99304 -2.99304 
5.53354e-322 5.53354e-322 5.53354e-322 5.53354e-322 5.53354e-322 
0 0 0 0 0 
R=7parameters: 
-0.275784 -0.275784 
0.364767 0.364767 
-0.000515858 -0.000515858 
0.80194 0.80194 
-0.653726 -0.653726 
5.03038e+175 5.03038e+175 
3.5936e+246 3.5936e+246 
2.14726e+243 2.14726e+243 
-351028 -351028 
3.16696e-321 3.16696e-321 3.16696e-321 
6.91099e-310 6.91099e-310 6.91099e-310 
6.91099e-310 6.91099e-310 6.91099e-310 
3.70502e-06 3.70502e-06 3.70502e-06 
8.08451e-08 8.08451e-08 8.08451e-08 
-2.28753e-07 -2.28753e-07 -2.28753e-07 
2.0446e-08 2.0446e-08 2.0446e-08 
5.79697e-05 5.79697e-05 5.79697e-05 
1.46144e-06 1.46144e-06 1.46144e-06 
-7.87324e-07 -7.87324e-07 -7.87324e-07 -7.87324e-07 
8.55211e-05 8.55211e-05 8.55211e-05 8.55211e-05 
-0.00013661 -0.00013661 -0.00013661 -0.00013661 
-7.90948e-06 -7.90948e-06 -7.90948e-06 -7.90948e-06 
2.28281e-06 2.28281e-06 2.28281e-06 2.28281e-06 
-0.000225788 -0.000225788 -0.000225788 -0.000225788 
0.000603625 0.000603625 0.000603625 0.000603625 
2.53456e-321 2.53456e-321 2.53456e-321 2.53456e-321 
2.5522e-316 2.5522e-316 2.5522e-316 2.5522e-316 
2.56725e-316 2.56725e-316 2.56725e-316 
2.68351e-316 2.68351e-316 2.68351e-316 
1.63042e-322 1.63042e-322 1.63042e-322 
2.5522e-316 2.5522e-316 2.5522e-316 
2.6835e-316 2.6835e-316 2.6835e-316 
3.16202e-322 3.16202e-322 3.16202e-322 
3.16202e-322 3.16202e-322 3.16202e-322 
2.68366e-316 2.68366e-316 2.68366e-316 
2.68351e-316 2.68351e-316 2.68351e-316 
0.703008 0.703008 0.703008 0.703008 
2.68351e-316 2.68351e-316 2.68351e-316 2.68351e-316 
12921.8 12921.8 12921.8 12921.8 
4.94066e-324 4.94066e-324 4.94066e-324 4.94066e-324 
6416.01 6416.01 6416.01 6416.01 
1.41303e-321 1.41303e-321 1.41303e-321 1.41303e-321 
0 0 0 0 
1.8231e-321 1.8231e-321 1.8231e-321 1.8231e-321 
2.6837e-316 2.6837e-316 2.6837e-316 2.6837e-316 
4.00193e-322 4.00193e-322 4.00193e-322 4.00193e-322 4.00193e-322 
2.68389e-316 2.68389e-316 2.68389e-316 2.68389e-316 2.68389e-316 
2.68369e-316 2.68369e-316 2.68369e-316 2.68369e-316 2.68369e-316 
6.91092e-310 6.91092e-310 6.91092e-310 6.91092e-310 6.91092e-310 
2.54371e-316 2.54371e-316 2.54371e-316 2.54371e-316 2.54371e-316 
2.47033e-323 2.47033e-323 2.47033e-323 2.47033e-323 2.47033e-323 
2.54428e-316 2.54428e-316 2.54428e-316 2.54428e-316 2.54428e-316 
6.91097e-310 6.91097e-310 6.91097e-310 6.91097e-310 6.91097e-310 
0 0 0 0 0 
R=8parameters: 
-0.248446 -0.248446 
0.393773 0.393773 
0.511439 0.511439 
43.1959 43.1959 
-135.021 -135.021 
5.03038e+175 5.03038e+175 
3.5936e+246 3.5936e+246 
2.14726e+243 2.14726e+243 
-351028 -351028 
3.16696e-321 3.16696e-321 3.16696e-321 
6.91099e-310 6.91099e-310 6.91099e-310 
6.91099e-310 6.91099e-310 6.91099e-310 
2.24526e-05 2.24526e-05 2.24526e-05 
-4.13885e-05 -4.13885e-05 -4.13885e-05 
-8.43957e-06 -8.43957e-06 -8.43957e-06 
3.52698e-06 3.52698e-06 3.52698e-06 
8.83736e-05 8.83736e-05 8.83736e-05 
1.86882e-05 1.86882e-05 1.86882e-05 
-7.06693e-06 -7.06693e-06 -7.06693e-06 -7.06693e-06 
1.89319e-05 1.89319e-05 1.89319e-05 1.89319e-05 
-0.000237109 -0.000237109 -0.000237109 -0.000237109 
-5.02779e-05 -5.02779e-05 -5.02779e-05 -5.02779e-05 
1.89329e-05 1.89329e-05 1.89329e-05 1.89329e-05 
-5.14705e-05 -5.14705e-05 -5.14705e-05 -5.14705e-05 
0.00014006 0.00014006 0.00014006 0.00014006 
2.53456e-321 2.53456e-321 2.53456e-321 2.53456e-321 
2.54206e-316 2.54206e-316 2.54206e-316 2.54206e-316 
2.54304e-316 2.54304e-316 2.54304e-316 
2.54669e-316 2.54669e-316 2.54669e-316 
1.63042e-322 1.63042e-322 1.63042e-322 
2.67105e-316 2.67105e-316 2.67105e-316 
2.54668e-316 2.54668e-316 2.54668e-316 
3.16202e-322 3.16202e-322 3.16202e-322 
0 0 0 
0 0 0 
2.37152e-322 2.37152e-322 2.37152e-322 
2.68397e-316 2.68397e-316 2.68397e-316 2.68397e-316 
2.5555e-316 2.5555e-316 2.5555e-316 2.5555e-316 
8.39175e-09 8.39175e-09 8.39175e-09 8.39175e-09 
6.37345e-322 6.37345e-322 6.37345e-322 6.37345e-322 
3.59284e-05 3.59284e-05 3.59284e-05 3.59284e-05 
7.79415e-05 7.79415e-05 7.79415e-05 7.79415e-05 
1.86968e-05 1.86968e-05 1.86968e-05 1.86968e-05 
3.21143e-322 3.21143e-322 3.21143e-322 3.21143e-322 
2.47033e-323 2.47033e-323 2.47033e-323 2.47033e-323 
2.54365e-316 2.54365e-316 2.54365e-316 2.54365e-316 2.54365e-316 
2.81923e-05 2.81923e-05 2.81923e-05 2.81923e-05 2.81923e-05 
2.55287e-316 2.55287e-316 2.55287e-316 2.55287e-316 2.55287e-316 
-786.548 -786.548 -786.548 -786.548 -786.548 
1.58595e-321 1.58595e-321 1.58595e-321 1.58595e-321 1.58595e-321 
17764.9 17764.9 17764.9 17764.9 17764.9 
2.42092e-322 2.42092e-322 2.42092e-322 2.42092e-322 2.42092e-322 
0.000871226 0.000871226 0.000871226 0.000871226 0.000871226 
0 0 0 0 0 
R=9parameters: 
-0.230961 -0.230961 
0.419666 0.419666 
0.0465188 0.0465188 
-17.785 -17.785 
102.764 102.764 
5.03038e+175 5.03038e+175 
3.5936e+246 3.5936e+246 
2.14726e+243 2.14726e+243 
-351028 -351028 
3.16696e-321 3.16696e-321 3.16696e-321 
6.91099e-310 6.91099e-310 6.91099e-310 
6.91099e-310 6.91099e-310 6.91099e-310 
0.000162582 0.000162582 0.000162582 
3.38758e-05 3.38758e-05 3.38758e-05 
-1.82744e-05 -1.82744e-05 -1.82744e-05 
2.26764e-06 2.26764e-06 2.26764e-06 
-0.000113753 -0.000113753 -0.000113753 
-2.85669e-05 -2.85669e-05 -2.85669e-05 
1.27031e-05 1.27031e-05 1.27031e-05 1.27031e-05 
0.000537688 0.000537688 0.000537688 0.000537688 
9.7653e-05 9.7653e-05 9.7653e-05 9.7653e-05 
0.000438299 0.000438299 0.000438299 0.000438299 
-9.9521e-05 -9.9521e-05 -9.9521e-05 -9.9521e-05 
-0.002974 -0.002974 -0.002974 -0.002974 
0.0172424 0.0172424 0.0172424 0.0172424 
2.53456e-321 2.53456e-321 2.53456e-321 2.53456e-321 
2.68299e-316 2.68299e-316 2.68299e-316 2.68299e-316 
2.55551e-316 2.55551e-316 2.55551e-316 
2.54737e-316 2.54737e-316 2.54737e-316 
1.63042e-322 1.63042e-322 1.63042e-322 
2.55286e-316 2.55286e-316 2.55286e-316 
2.54736e-316 2.54736e-316 2.54736e-316 
3.16202e-322 3.16202e-322 3.16202e-322 
3.16202e-322 3.16202e-322 3.16202e-322 
2.68366e-316 2.68366e-316 2.68366e-316 
2.54737e-316 2.54737e-316 2.54737e-316 
2.47033e-323 2.47033e-323 2.47033e-323 2.47033e-323 
2.54737e-316 2.54737e-316 2.54737e-316 2.54737e-316 
7647.73 7647.73 7647.73 7647.73 
6.37345e-322 6.37345e-322 6.37345e-322 6.37345e-322 
0.000590799 0.000590799 0.000590799 0.000590799 
-0.000116356 -0.000116356 -0.000116356 -0.000116356 
2.8173e-05 2.8173e-05 2.8173e-05 2.8173e-05 
-0.000241589 -0.000241589 -0.000241589 -0.000241589 
2.73885e-06 2.73885e-06 2.73885e-06 2.73885e-06 
4.16806e-05 4.16806e-05 4.16806e-05 4.16806e-05 4.16806e-05 
-0.00453026 -0.00453026 -0.00453026 -0.00453026 -0.00453026 
0.000180688 0.000180688 0.000180688 0.000180688 0.000180688 
0.00145623 0.00145623 0.00145623 0.00145623 0.00145623 
3.21143e-322 3.21143e-322 3.21143e-322 3.21143e-322 3.21143e-322 
2.54286e-316 2.54286e-316 2.54286e-316 2.54286e-316 2.54286e-316 
2.42092e-322 2.42092e-322 2.42092e-322 2.42092e-322 2.42092e-322 
0.000198107 0.000198107 0.000198107 0.000198107 0.000198107 
6.37345e-322 6.37345e-322 6.37345e-322 6.37345e-322 6.37345e-322 
R=10parameters: 
-0.226409 -0.226409 
0.438572 0.438572 
1.22524 1.22524 
96.5291 96.5291 
-298.56 -298.56 
5.03038e+175 5.03038e+175 
3.5936e+246 3.5936e+246 
2.14726e+243 2.14726e+243 
-351028 -351028 
3.16696e-321 3.16696e-321 3.16696e-321 
6.91099e-310 6.91099e-310 6.91099e-310 
6.91099e-310 6.91099e-310 6.91099e-310 
0.000115542 0.000115542 0.000115542 
7.35229e-05 7.35229e-05 7.35229e-05 
0.000220405 0.000220405 0.000220405 
7.16395e-322 7.16395e-322 7.16395e-322 
2.55288e-316 2.55288e-316 2.55288e-316 
6.91099e-310 6.91099e-310 6.91099e-310 
621381 621381 621381 621381 
1.72442e+06 1.72442e+06 1.72442e+06 1.72442e+06 
191871 191871 191871 191871 
4.79244e-322 4.79244e-322 4.79244e-322 4.79244e-322 
2.55288e-316 2.55288e-316 2.55288e-316 2.55288e-316 
2.11468e-316 2.11468e-316 2.11468e-316 2.11468e-316 
12903.5 12903.5 12903.5 12903.5 
-6066.65 -6066.65 -6066.65 -6066.65 
-1997 -1997 -1997 -1997 
2.42092e-322 2.42092e-322 2.42092e-322 
2.54828e-316 2.54828e-316 2.54828e-316 
2.56635e-316 2.56635e-316 2.56635e-316 
0.762865 0.762865 0.762865 
1.0125 1.0125 1.0125 
9.48606e-322 9.48606e-322 9.48606e-322 
3.16202e-322 3.16202e-322 3.16202e-322 
2.68133e-316 2.68133e-316 2.68133e-316 
2.56403e-316 2.56403e-316 2.56403e-316 
0.243112 0.243112 0.243112 0.243112 
2.68382e-316 2.68382e-316 2.68382e-316 2.68382e-316 
16183.2 16183.2 16183.2 16183.2 
2.68099e-316 2.68099e-316 2.68099e-316 2.68099e-316 
0 0 0 0 
-3702.99 -3702.99 -3702.99 -3702.99 
-298.56 -298.56 -298.56 -298.56 
2.42092e-322 2.42092e-322 2.42092e-322 2.42092e-322 
2.54219e-316 2.54219e-316 2.54219e-316 2.54219e-316 
2.11466e-316 2.11466e-316 2.11466e-316 2.11466e-316 2.11466e-316 
758590 758590 758590 758590 758590 
38482.1 38482.1 38482.1 38482.1 38482.1 
2.47033e-323 2.47033e-323 2.47033e-323 2.47033e-323 2.47033e-323 
2.68382e-316 2.68382e-316 2.68382e-316 2.68382e-316 2.68382e-316 
2.47033e-323 2.47033e-323 2.47033e-323 2.47033e-323 2.47033e-323 
685.279 685.279 685.279 685.279 685.279 
-213.144 -213.144 -213.144 -213.144 -213.144 
1.42785e-321 1.42785e-321 1.42785e-321 1.42785e-321 1.42785e-321 
R=11parameters: 
-0.224588 -0.224588 
0.445126 0.445126 
-0.00129944 -0.00129944 
0.387244 0.387244 
-0.204983 -0.204983 
5.03038e+175 5.03038e+175 
3.5936e+246 3.5936e+246 
2.14726e+243 2.14726e+243 
-351028 -351028 
3.16696e-321 3.16696e-321 3.16696e-321 
6.91099e-310 6.91099e-310 6.91099e-310 
6.91099e-310 6.91099e-310 6.91099e-310 
0 0 0 
0 0 0 
0 0 0 
1.63042e-322 1.63042e-322 1.63042e-322 
2.5111e-316 2.5111e-316 2.5111e-316 
2.55549e-316 2.55549e-316 2.55549e-316 
3.95253e-322 3.95253e-322 3.95253e-322 3.95253e-322 
6.32404e-322 6.32404e-322 6.32404e-322 6.32404e-322 
2.54287e-316 2.54287e-316 2.54287e-316 2.54287e-316 
-1.43828e-05 -1.43828e-05 -1.43828e-05 -1.43828e-05 
1.97808e-05 1.97808e-05 1.97808e-05 1.97808e-05 
-5.3756e-05 -5.3756e-05 -5.3756e-05 -5.3756e-05 
-4.51206e-06 -4.51206e-06 -4.51206e-06 -4.51206e-06 
7.62004e-06 7.62004e-06 7.62004e-06 7.62004e-06 
0.000365808 0.000365808 0.000365808 0.000365808 
1.39534e-05 1.39534e-05 1.39534e-05 
-4.34632e-05 -4.34632e-05 -4.34632e-05 
0.00192436 0.00192436 0.00192436 
-0.00113127 -0.00113127 -0.00113127 
-4.0628e-05 -4.0628e-05 -4.0628e-05 
0.000136396 0.000136396 0.000136396 
-0.00581087 -0.00581087 -0.00581087 
0.0175646 0.0175646 0.0175646 
2.1393e-321 2.1393e-321 2.1393e-321 
2.54596e-316 2.54596e-316 2.54596e-316 2.54596e-316 
2.55289e-316 2.55289e-316 2.55289e-316 2.55289e-316 
1.58101e-322 1.58101e-322 1.58101e-322 1.58101e-322 
1.58101e-322 1.58101e-322 1.58101e-322 1.58101e-322 
2.55489e-316 2.55489e-316 2.55489e-316 2.55489e-316 
0 0 0 0 
196.737 196.737 196.737 196.737 
2.42092e-322 2.42092e-322 2.42092e-322 2.42092e-322 
2.48032e-316 2.48032e-316 2.48032e-316 2.48032e-316 
0 0 0 0 0 
0 0 0 0 0 
0 0 0 0 0 
4.74303e-322 4.74303e-322 4.74303e-322 4.74303e-322 4.74303e-322 
2.68382e-316 2.68382e-316 2.68382e-316 2.68382e-316 2.68382e-316 
2.47033e-323 2.47033e-323 2.47033e-323 2.47033e-323 2.47033e-323 
2.54176e-316 2.54176e-316 2.54176e-316 2.54176e-316 2.54176e-316 
5.53354e-322 5.53354e-322 5.53354e-322 5.53354e-322 5.53354e-322 
2.37152e-322 2.37152e-322 2.37152e-322 2.37152e-322 2.37152e-322 
T Models:
(* Fitting with shape 1 1 1 1 1 1 1 1 1 1 0 0 *)
G[T_,xx_]:=Exp[0+xx[[1]]*T^1+xx[[2]]*T^2]*(1)
(* Fitting with shape 1 1 1 1 1 1 1 1 1 1 1 0 *)
G[T_,xx_]:=Exp[0+xx[[1]]*T^1+xx[[2]]*T^2]*(1)
(* Fitting with shape 1 1 1 1 1 1 1 1 1 1 1 1 *)
G[T_,xx_]:=Exp[0+xx[[1]]*T^1+xx[[2]]*T^2]*(1)
(* Fitting with shape 0 1 1 1 1 1 1 1 1 1 0 0 *)
G[T_,xx_]:=Exp[0+xx[[1]]*T^1+xx[[2]]*T^2]*(1)
(* Fitting with shape 0 1 1 1 1 1 1 1 1 1 1 0 *)
G[T_,xx_]:=Exp[0+xx[[1]]*T^1+xx[[2]]*T^2]*(1)
(* Fitting with shape 0 1 1 1 1 1 1 1 1 1 1 1 *)
G[T_,xx_]:=Exp[0+xx[[1]]*T^1+xx[[2]]*T^2]*(1)
(* Fitting with shape 0 0 1 1 1 1 1 1 1 1 0 0 *)
G[T_,xx_]:=Exp[0+xx[[1]]*T^1+xx[[2]]*T^2]*(1)
(* Fitting with shape 0 0 1 1 1 1 1 1 1 1 1 0 *)
G[T_,xx_]:=Exp[0+xx[[1]]*T^1+xx[[2]]*T^2]*(1)
(* Fitting with shape 0 0 1 1 1 1 1 1 1 1 1 1 *)
G[T_,xx_]:=Exp[0+xx[[1]]*T^1+xx[[2]]*T^2]*(1)
(* Fitting with shape 1 1 1 1 1 1 1 1 1 1 0 0 *)
G[T_,xx_]:=Exp[0+xx[[1]]*T^1+xx[[2]]*T^2]*(1+xx[[3]]/(T^1))
(* Fitting with shape 1 1 1 1 1 1 1 1 1 1 1 0 *)
G[T_,xx_]:=Exp[0+xx[[1]]*T^1+xx[[2]]*T^2]*(1+xx[[3]]/(T^1))
(* Fitting with shape 1 1 1 1 1 1 1 1 1 1 1 1 *)
G[T_,xx_]:=Exp[0+xx[[1]]*T^1+xx[[2]]*T^2]*(1+xx[[3]]/(T^1))
(* Fitting with shape 0 1 1 1 1 1 1 1 1 1 0 0 *)
G[T_,xx_]:=Exp[0+xx[[1]]*T^1+xx[[2]]*T^2]*(1+xx[[3]]/(T^1))
(* Fitting with shape 0 1 1 1 1 1 1 1 1 1 1 0 *)
G[T_,xx_]:=Exp[0+xx[[1]]*T^1+xx[[2]]*T^2]*(1+xx[[3]]/(T^1))
(* Fitting with shape 0 1 1 1 1 1 1 1 1 1 1 1 *)
G[T_,xx_]:=Exp[0+xx[[1]]*T^1+xx[[2]]*T^2]*(1+xx[[3]]/(T^1))
(* Fitting with shape 0 0 1 1 1 1 1 1 1 1 0 0 *)
G[T_,xx_]:=Exp[0+xx[[1]]*T^1+xx[[2]]*T^2]*(1+xx[[3]]/(T^1))
(* Fitting with shape 0 0 1 1 1 1 1 1 1 1 1 0 *)
G[T_,xx_]:=Exp[0+xx[[1]]*T^1+xx[[2]]*T^2]*(1+xx[[3]]/(T^1))
(* Fitting with shape 0 0 1 1 1 1 1 1 1 1 1 1 *)
G[T_,xx_]:=Exp[0+xx[[1]]*T^1+xx[[2]]*T^2]*(1+xx[[3]]/(T^1))
(* Fitting with shape 1 1 1 1 1 1 1 1 1 1 0 0 *)
G[T_,xx_]:=Exp[0+xx[[1]]*T^1+xx[[2]]*T^2]*(1+xx[[3]]/(T^1)+xx[[4]]/(T^2))
(* Fitting with shape 1 1 1 1 1 1 1 1 1 1 1 0 *)
G[T_,xx_]:=Exp[0+xx[[1]]*T^1+xx[[2]]*T^2]*(1+xx[[3]]/(T^1)+xx[[4]]/(T^2))
(* Fitting with shape 1 1 1 1 1 1 1 1 1 1 1 1 *)
G[T_,xx_]:=Exp[0+xx[[1]]*T^1+xx[[2]]*T^2]*(1+xx[[3]]/(T^1)+xx[[4]]/(T^2))
(* Fitting with shape 0 1 1 1 1 1 1 1 1 1 0 0 *)
G[T_,xx_]:=Exp[0+xx[[1]]*T^1+xx[[2]]*T^2]*(1+xx[[3]]/(T^1)+xx[[4]]/(T^2))
(* Fitting with shape 0 1 1 1 1 1 1 1 1 1 1 0 *)
G[T_,xx_]:=Exp[0+xx[[1]]*T^1+xx[[2]]*T^2]*(1+xx[[3]]/(T^1)+xx[[4]]/(T^2))
(* Fitting with shape 0 1 1 1 1 1 1 1 1 1 1 1 *)
G[T_,xx_]:=Exp[0+xx[[1]]*T^1+xx[[2]]*T^2]*(1+xx[[3]]/(T^1)+xx[[4]]/(T^2))
(* Fitting with shape 0 0 1 1 1 1 1 1 1 1 0 0 *)
G[T_,xx_]:=Exp[0+xx[[1]]*T^1+xx[[2]]*T^2]*(1+xx[[3]]/(T^1)+xx[[4]]/(T^2))
(* Fitting with shape 0 0 1 1 1 1 1 1 1 1 1 0 *)
G[T_,xx_]:=Exp[0+xx[[1]]*T^1+xx[[2]]*T^2]*(1+xx[[3]]/(T^1)+xx[[4]]/(T^2))
(* Fitting with shape 0 0 1 1 1 1 1 1 1 1 1 1 *)
G[T_,xx_]:=Exp[0+xx[[1]]*T^1+xx[[2]]*T^2]*(1+xx[[3]]/(T^1)+xx[[4]]/(T^2))
(* Fitting with shape 1 1 1 1 1 1 1 1 1 1 0 0 *)
G[T_,xx_]:=Exp[0+xx[[1]]*T^1+xx[[2]]*T^2+xx[[3]]*T^3]*(1)
(* Fitting with shape 1 1 1 1 1 1 1 1 1 1 1 0 *)
G[T_,xx_]:=Exp[0+xx[[1]]*T^1+xx[[2]]*T^2+xx[[3]]*T^3]*(1)
(* Fitting with shape 1 1 1 1 1 1 1 1 1 1 1 1 *)
G[T_,xx_]:=Exp[0+xx[[1]]*T^1+xx[[2]]*T^2+xx[[3]]*T^3]*(1)
(* Fitting with shape 0 1 1 1 1 1 1 1 1 1 0 0 *)
G[T_,xx_]:=Exp[0+xx[[1]]*T^1+xx[[2]]*T^2+xx[[3]]*T^3]*(1)
(* Fitting with shape 0 1 1 1 1 1 1 1 1 1 1 0 *)
G[T_,xx_]:=Exp[0+xx[[1]]*T^1+xx[[2]]*T^2+xx[[3]]*T^3]*(1)
(* Fitting with shape 0 1 1 1 1 1 1 1 1 1 1 1 *)
G[T_,xx_]:=Exp[0+xx[[1]]*T^1+xx[[2]]*T^2+xx[[3]]*T^3]*(1)
(* Fitting with shape 0 0 1 1 1 1 1 1 1 1 0 0 *)
G[T_,xx_]:=Exp[0+xx[[1]]*T^1+xx[[2]]*T^2+xx[[3]]*T^3]*(1)
(* Fitting with shape 0 0 1 1 1 1 1 1 1 1 1 0 *)
G[T_,xx_]:=Exp[0+xx[[1]]*T^1+xx[[2]]*T^2+xx[[3]]*T^3]*(1)
(* Fitting with shape 0 0 1 1 1 1 1 1 1 1 1 1 *)
G[T_,xx_]:=Exp[0+xx[[1]]*T^1+xx[[2]]*T^2+xx[[3]]*T^3]*(1)
(* Fitting with shape 1 1 1 1 1 1 1 1 1 1 0 0 *)
G[T_,xx_]:=Exp[0+xx[[1]]*T^1+xx[[2]]*T^2+xx[[3]]*T^3]*(1+xx[[4]]/(T^1))
(* Fitting with shape 1 1 1 1 1 1 1 1 1 1 1 0 *)
G[T_,xx_]:=Exp[0+xx[[1]]*T^1+xx[[2]]*T^2+xx[[3]]*T^3]*(1+xx[[4]]/(T^1))
(* Fitting with shape 1 1 1 1 1 1 1 1 1 1 1 1 *)
G[T_,xx_]:=Exp[0+xx[[1]]*T^1+xx[[2]]*T^2+xx[[3]]*T^3]*(1+xx[[4]]/(T^1))
(* Fitting with shape 0 1 1 1 1 1 1 1 1 1 0 0 *)
G[T_,xx_]:=Exp[0+xx[[1]]*T^1+xx[[2]]*T^2+xx[[3]]*T^3]*(1+xx[[4]]/(T^1))
(* Fitting with shape 0 1 1 1 1 1 1 1 1 1 1 0 *)
G[T_,xx_]:=Exp[0+xx[[1]]*T^1+xx[[2]]*T^2+xx[[3]]*T^3]*(1+xx[[4]]/(T^1))
(* Fitting with shape 0 1 1 1 1 1 1 1 1 1 1 1 *)
G[T_,xx_]:=Exp[0+xx[[1]]*T^1+xx[[2]]*T^2+xx[[3]]*T^3]*(1+xx[[4]]/(T^1))
(* Fitting with shape 0 0 1 1 1 1 1 1 1 1 0 0 *)
G[T_,xx_]:=Exp[0+xx[[1]]*T^1+xx[[2]]*T^2+xx[[3]]*T^3]*(1+xx[[4]]/(T^1))
(* Fitting with shape 0 0 1 1 1 1 1 1 1 1 1 0 *)
G[T_,xx_]:=Exp[0+xx[[1]]*T^1+xx[[2]]*T^2+xx[[3]]*T^3]*(1+xx[[4]]/(T^1))
(* Fitting with shape 0 0 1 1 1 1 1 1 1 1 1 1 *)
G[T_,xx_]:=Exp[0+xx[[1]]*T^1+xx[[2]]*T^2+xx[[3]]*T^3]*(1+xx[[4]]/(T^1))
(* Fitting with shape 1 1 1 1 1 1 1 1 1 1 0 0 *)
G[T_,xx_]:=Exp[0+xx[[1]]*T^1+xx[[2]]*T^2+xx[[3]]*T^3]*(1+xx[[4]]/(T^1)+xx[[5]]/(T^2))
(* Fitting with shape 1 1 1 1 1 1 1 1 1 1 1 0 *)
G[T_,xx_]:=Exp[0+xx[[1]]*T^1+xx[[2]]*T^2+xx[[3]]*T^3]*(1+xx[[4]]/(T^1)+xx[[5]]/(T^2))
(* Fitting with shape 1 1 1 1 1 1 1 1 1 1 1 1 *)
G[T_,xx_]:=Exp[0+xx[[1]]*T^1+xx[[2]]*T^2+xx[[3]]*T^3]*(1+xx[[4]]/(T^1)+xx[[5]]/(T^2))
(* Fitting with shape 0 1 1 1 1 1 1 1 1 1 0 0 *)
G[T_,xx_]:=Exp[0+xx[[1]]*T^1+xx[[2]]*T^2+xx[[3]]*T^3]*(1+xx[[4]]/(T^1)+xx[[5]]/(T^2))
(* Fitting with shape 0 1 1 1 1 1 1 1 1 1 1 0 *)
G[T_,xx_]:=Exp[0+xx[[1]]*T^1+xx[[2]]*T^2+xx[[3]]*T^3]*(1+xx[[4]]/(T^1)+xx[[5]]/(T^2))
(* Fitting with shape 0 1 1 1 1 1 1 1 1 1 1 1 *)
G[T_,xx_]:=Exp[0+xx[[1]]*T^1+xx[[2]]*T^2+xx[[3]]*T^3]*(1+xx[[4]]/(T^1)+xx[[5]]/(T^2))
(* Fitting with shape 0 0 1 1 1 1 1 1 1 1 0 0 *)
G[T_,xx_]:=Exp[0+xx[[1]]*T^1+xx[[2]]*T^2+xx[[3]]*T^3]*(1+xx[[4]]/(T^1)+xx[[5]]/(T^2))
(* Fitting with shape 0 0 1 1 1 1 1 1 1 1 1 0 *)
G[T_,xx_]:=Exp[0+xx[[1]]*T^1+xx[[2]]*T^2+xx[[3]]*T^3]*(1+xx[[4]]/(T^1)+xx[[5]]/(T^2))
(* Fitting with shape 0 0 1 1 1 1 1 1 1 1 1 1 *)
G[T_,xx_]:=Exp[0+xx[[1]]*T^1+xx[[2]]*T^2+xx[[3]]*T^3]*(1+xx[[4]]/(T^1)+xx[[5]]/(T^2))
Probabilities: 
        0         0         0         0         0         0         0         0         0         0         0         0         0         0         0         0         0         0         0         0         0         0         0         0  0.576852         0         0         0         0         0         0         0         0         0         0         0         0         0         0         0         0         0 0.0392539         0         0         0         0         0         0         0         0  0.383894         0         0
        0         0         0         0         0         0         0         0         0         0         0         0         0         0         0         0         0         0         0         0         0         0         0         0         0         0         0         0         0         0         0         0         0         0         0         0         0         0         0         0         0         0  0.453935         0         0         0         0         0         0         0         0  0.546065         0         0
        0         0         0         0         0         0         0         0         0         0         0         0         0         0         0         0         0         0         0         0         0         0         0         0         1         0         0         0         0         0         0         0         0         0         0         0         0         0         0         0         0         0         0         0         0         0         0         0         0         0         0         0         0         0
        0         0         0         0         0         0         0         0         0         0         0         0         0         0         0         0         0         0         0         0         0         0         0         0  0.513146         0         0         0         0         0         0         0         0         0         0         0         0         0         0         0         0         0 0.0870311         0         0         0         0         0         0         0         0  0.399823         0         0
        0         0         0         0         0         0         0         0         0         0         0         0         0         0         0         0         0         0         0         0         0         0         0         0  0.713242         0         0         0         0         0         0         0         0         0         0         0         0         0         0         0         0         0         0         0         0         0         0         0         0         0         0  0.286758         0         0
        0         0         0         0         0         0         0         0         0         0         0         0         0         0         0         0         0         0         0         0         0         0         0         0         0         0         0         0         0         0         0         0         0         0         0         0         0         0         0         0         0         0   0.59455         0         0         0         0         0         0         0         0   0.40545         0         0
        0         0         0         0         0         0         0         0         0         0         0         0         0         0         0         0         0         0         0         0         0         0         0         0         0         0         0         0         0         0         0         0         0         0         0         0         0         0         0         0         0         0         1         0         0         0         0         0         0         0         0         0         0         0
        0         0         0         0         0         0         0         0         0         0         0         0         0         0         0         0         0         0         0         0         0         0         0         0  0.368622         0         0         0         0         0         0         0         0         0         0         0         0         0         0         0         0         0  0.631378         0         0         0         0         0         0         0         0         0         0         0
        0         0         0         0         0         0         0         0         0         0         0         0         0         0         0 0.0788445         0         0         0         0         0         0         0         0  0.596204         0         0         0         0         0         0         0         0  0.324951         0         0         0         0         0         0         0         0         0         0         0         0         0         0         0         0         0         0         0         0
        0         0         0         0         0         0         0         0         0         0         0         0         0         0         0  0.210012         0         0         0         0         0         0         0         0  0.478112         0         0         0         0         0         0         0         0         0         0         0         0         0         0         0         0         0         0         0         0         0         0         0         0         0         0  0.311876         0         0
        0         0         0         0         0         0         0         0         0         0         0         0         0         0         0  0.569223         0         0         0         0         0         0         0         0         0         0         0         0         0         0         0         0         0         0         0         0         0         0         0         0         0         0         0         0         0         0         0         0         0         0         0  0.430777         0         0
        0         0         0         0         0         0         0         0         0         0         0         0         0         0         0  0.433305         0         0         0         0         0         0         0         0         0         0         0         0         0         0         0         0         0         0         0         0         0         0         0         0         0         0  0.566695         0         0         0         0         0         0         0         0         0         0         0

Values: 
  0.127493   0.127487   0.127476   0.127042   0.127015   0.127009   0.126375    0.12636   0.126353   0.125856   0.125839   0.125839   0.125208   0.125206   0.125206   0.124979   0.124979   0.124985   0.124952   0.124954   0.124958   0.124798     0.1248   0.124818    0.12479   0.124793   0.124824          1   0.996806   0.815494    1.21919    1.20481    1.19487    1.05158   -101.706   -101.411   0.126874   0.126839  0.0927748   0.941349    0.45431   0.125628   0.125266    1.15239   0.697667     0.9708          1          1   0.124706  -0.565059   0.124613   0.124414   0.546596   0.124361
  0.186339   0.186341   0.186343   0.294212   0.185737   0.185722   0.786887   0.776348   0.586747   0.183644   0.183641   0.183632   0.182397   0.182396   0.233067   0.181976   0.244026   0.223211   0.181842    0.18184   0.181848   0.828256    0.83957   0.181521   0.851072   0.330842   0.879429   0.997248          1   0.190689    1.22304    1.17321    1.30787    1.29925    1.01682    1.01862   0.186449   0.186291   0.186086     0.1841    1.00272   0.898275   0.183304   0.556116   0.182926  -0.128054   0.182789   0.950223   0.182317   0.182178   0.181904   0.181631    1.39095   0.695018
  0.222488   0.222511     0.2225   0.547331   0.777117    0.22145    0.22009   0.220151   0.231531   0.218075   0.218118   0.218111   0.216081   0.216093   0.216086   0.393814   0.215277   0.472764   0.215047   0.215033   0.215031   0.214389   0.214313   0.214321   0.214117   0.286668   0.213995   0.230987   0.928467   0.925712    1.28538    1.20056 0.00335226    1.01684    1.01685    1.31396   0.223142   0.222823   0.222477   0.112985   0.751383   0.915619    0.67491  -0.902719   0.964715   0.216799    0.21705   0.931728   0.214796   0.215694   0.873039  -0.483009   -0.38815     1.2654
  0.251986   0.252045   0.251911   0.250201    0.25024   0.250122   0.546196   0.248035   0.247916   0.245332   0.245302   0.245202   0.803744   0.775758   0.766812   0.240957    0.24085   0.371834   0.240531   0.240449   0.240392   0.239607   0.239515   0.239472   0.239218   0.239121   0.239079   0.895043   0.895378   0.263665    1.11222    1.11115    1.10072    1.06899    1.06813    1.19092   0.253665   0.252643   0.252316    1.20305   0.246743   0.945128   0.244342   0.244254    7.74878    0.24336   0.243251   0.930042   0.240034   0.917073   0.240678   0.232526  -0.496688     2.6353
  0.279395   0.279316   0.278983   0.698726   0.702722   0.276135    0.27345   0.293934   0.273003   0.269996   0.269813   0.269589   0.265429   0.265258   0.265066   0.311584   0.304729   0.386862   0.263191   0.263063    0.26295   0.250101   0.261656   0.261631   0.260696   0.260669   0.260825   0.740922   0.984395    1.06566    1.17987    1.17554    1.14921    1.27403     1.1071   0.993496   0.283825   0.979535   0.956693   0.274541    1.11721    0.27264    1.16584   0.798859    9.28936   0.922438   0.268469   0.267719   0.266169   0.810949   0.831569   0.256336   0.259103    0.25846
  0.307248   0.306332   0.306006   0.303296   0.350981   0.349924   0.348676   0.298364    0.29821   0.294836    0.29403   0.293991   0.668614   0.646354   0.650342   0.411471   0.285794   0.364334   0.285558    0.28507   0.285008   0.283556   0.283003   0.316913   0.873095   0.281051   0.281429   0.985929   0.988867    0.98905    1.10111    1.23195    1.25177    1.06529    1.14581   0.986965   0.863474   0.981062   0.964628    1.04408   0.301031   0.927214   0.298295   0.297947   0.822404   0.960989   0.294649   0.195666   0.293077   0.883105   0.289858   0.280802   0.287782   0.282106
  0.336309   0.335529   0.336275   0.349666   0.360795   0.385073   0.325093   0.396156   0.324205   0.320396   0.319491   0.319109   0.311523   0.324478   0.310396   0.773874   0.751689   0.733317   0.307407   0.306809   0.306373   0.304357   0.303711   0.303157   0.519884   0.527941   0.535028   0.372748    1.33082     1.1316    1.15644    1.17074    1.16478   0.388677   0.997252   0.995719   0.345729   0.344625   0.342929      2.379   0.330162   0.329147   0.329329   0.997944    3.18043   0.955462   0.953765   0.952387    1.35784    0.22662    1.07576     1.0335   0.615328   0.313363
  0.366156   0.364767   0.364814   0.381605   0.400377   0.380571   0.710876   0.694476   0.375055   0.346353   0.345013   0.344842   0.351612   0.334804   0.334594   0.680269   0.331279   0.330988   0.331036    0.33006   0.329875    0.32784   0.326658   0.326485   0.322513   0.321421   0.321608    1.01374    1.02733     0.4042    1.19272    1.20002   0.390292    1.05034    1.01363    1.01056   0.936832   0.990629   0.890857    0.92817   0.358068   0.355778   0.360873   0.359125   0.355508   0.949956          1          1   0.363451   0.359593   0.353222   0.803175   0.354781    1.01965
  0.394416   0.393773   0.394397   0.431642   0.461127    0.38439   0.377171   0.376158   0.503514   0.371919   0.370808    0.37075   0.441257   0.749056   0.729057   0.356189    0.35515   0.438997   0.354535   0.353673   0.353537   0.869031   0.874006   0.349488   0.343974    0.34328   0.515121   0.441957      1.043    1.06524    1.09694     1.0971    1.09701   0.410632    1.02939    1.18561   0.404947   0.943896   0.939214   0.384721   0.383449   0.381798   0.995904   0.385278   0.382464          1          1          1   0.391936   0.385546   0.380688   0.856775   0.199456  -0.699544
  0.420547   0.419666   0.420386   0.408697   0.407372   0.432958   0.399892   0.398538   0.398546   0.394624   0.393108   0.393044   0.382561   0.381159   0.381051   0.379545          1   0.511008   0.377171   0.375767   0.375741   0.424421    0.37294    0.37327    0.36708   0.364583   0.365553   0.996447   0.982549   0.977665    1.10769    1.15384    1.13065   0.565278   0.997019   0.994202   0.895847   0.964732   0.422847    1.16335   0.405349   0.401515   0.946347   0.413306   0.407243          1          1          1   0.424072   0.422136   0.793152   0.443285   0.430802   0.136629
  0.438941   0.438572   0.439046   0.584193   0.641036    0.65924   0.415895   0.415534   0.415538   0.410684   0.410296   0.410063   0.398181   0.398073   0.433316   0.395712   0.395653   0.394697   0.392682   0.392772   0.392411   0.391546    0.86087    0.39037   0.624416   0.385023    0.38321    0.48398   0.481031   0.479373    1.11992     1.1354     1.1251   -32.0005    1.12512     1.3501    1.02522   0.980451   0.437585    1.04233   0.836435   0.416028  -0.166507   0.419779   0.727224          1          1          1   0.171509   0.738215    1.21156   0.455871   0.399243   0.416594
  0.445167   0.445126   0.445375   0.471913   0.430788   0.505593   0.441442   0.460262   0.421642   0.416576   0.416445   0.416423   0.404123   0.404602   0.404527   0.402459   0.403376   0.403098   0.398753   0.399749   0.399716   0.489386   0.400882   0.475056   0.587744   0.395038   0.394987    1.08185    1.08082    1.08019   0.467293    1.12229    1.16259    1.07263    -31.475    1.33978    1.00712    1.00968    1.01717   0.753248   0.821707   0.414176   0.433127   0.420561   0.914347          1          1          1   0.874088   0.422713   0.420578   0.610672    3.94759   0.696505

Errors: 
3.07172e-05 3.05393e-05 3.05086e-05 3.13732e-05 3.13027e-05 3.12364e-05 3.32559e-05 3.30426e-05 3.29847e-05 3.52791e-05 3.52115e-05 3.50711e-05  4.0291e-05 3.97648e-05 3.96247e-05 4.67428e-05 4.62175e-05 4.58044e-05 4.38253e-05  4.3122e-05 4.30083e-05 5.62519e-05 5.60248e-05 5.53536e-05  7.0416e-05 6.95048e-05 6.73234e-05           0           0           0           0           0           0     1.00134   0.0196876   0.0196504 5.12707e-05   5.002e-05           1           1 1.68793e-05 7.12456e-05 0.000114211 1.02978e-05 0.000227068 1.78685e-05  0.00136599  0.00132385 0.000186299 1.05194e+08 0.000157407 0.000351599 1.31446e-06 0.000258394
7.68553e-05 7.69306e-05 7.66814e-05           0 7.75314e-05 7.73649e-05           0           0           0 8.58271e-05 8.55446e-05 8.54856e-05 0.000100014 9.98011e-05           0 0.000114197           0           0 0.000111363 0.000111627 0.000110479           0           0  0.00014474           0     1.00001           0           0           0 0.000116106           0           0           0     1.00007           0           0 0.000156946 0.000153387 0.000148614 0.000240543     1.00002     1.00006 0.000345547     1.00001 0.000286933 0.000128742  0.00029152 0.000144589 0.000565229 0.000476824 0.000442191  0.00113626     1.00194   0.0038086
0.000142672 0.000142518 0.000142856           0           0 0.000144115 0.000148316 0.000148175           0 0.000159196  0.00015911 0.000159071 0.000183348 0.000185239 0.000183065           0 0.000210885           0 0.000210419 0.000206977 0.000208579 0.000275023 0.000272494 0.000270601 0.000375457           0 0.000350319 0.000233751           0           0           0           0      1.0001           0           0     1.00025 0.000308575 0.000290516 0.000283342           1     1.00002           0     1.00001 0.000694453           1 0.000585838  0.00054284 0.000817809  0.00119159  0.00103706  0.00465807  0.00549375 0.000499437 0.000120826
          0           0           0 0.000224228           0           0           0 0.000235859 0.000234551 0.000253328   0.0002528 0.000248325           0           0           0 0.000349779  0.00034291           0 0.000348941 0.000344145 0.000341484 0.000455213 0.000439877 0.000428419 0.000629199 0.000571586 0.000549491           0           0 0.000378488           0           0           0     1.02367     1.02331     1.00013 0.000556554 0.000501644 0.000482411     1.00003 0.000732164           0  0.00124615  0.00105935     1.00064  0.00112193 0.000966284  0.00258552  0.00224544     1.00011   0.0017449  0.00523587  0.00258295     1.35252
0.000335405 0.000336905 0.000333229           0           0 0.000336981 0.000356108           0 0.000351426 0.000388797 0.000382565 0.000377957 0.000454123 0.000455385 0.000451003           0           0           0  0.00053193 0.000519526 0.000508287           0  0.00068593 0.000644134  0.00105961 0.000965373 0.000859403           0           0           0           0           0           0     1.00124     1.05438           0 0.000904913           0           0  0.00145745     1.00015  0.00117688     1.00037     1.00006      1.0026   0.0015058  0.00173193  0.00154165  0.00429471   0.0440022     1.55508  0.00909998  0.00662066   0.0057315
          0 0.000506518 0.000505446 0.000509534           0           0           0 0.000516618 0.000507785 0.000573346 0.000556088 0.000544814           0           0           0           0 0.000790111           0  0.00081064 0.000764521 0.000754486  0.00115037  0.00055624           0           0  0.00152793  0.00138396           0           0           0           0           0           0      1.0677     1.00761           0           0           0           0     1.00002  0.00219496     1.00019  0.00385477  0.00338025      1.0109   0.0114468  0.00292743  0.00066363  0.00676644  0.00142201  0.00468818   0.0134747  0.00995244  0.00857661
          0 0.000741028 0.000755118           0           0           0 0.000776305           0 0.000767286 0.000836073 0.000817142 0.000812675  0.00108186           0 0.000985613           0           0           0  0.00122338  0.00115222   0.0011368  0.00174082   0.0016518  0.00153814           0           0           0  0.00147427           0           0           0           0           0     1.00097           0           0  0.00201616  0.00190769  0.00180818           1  0.00333996  0.00295178   0.0059297     1.00093           1   0.0161333   0.0168247   0.0130009  0.00509144  0.00267123  0.00253921   0.0019329   0.0143716   0.0126056
 0.00106561  0.00105509  0.00107105           0           0           0           0           0           0  0.00115591  0.00112569  0.00111512           0  0.00137511  0.00137402           0  0.00170524  0.00166411  0.00172887  0.00163177  0.00159779   0.0025368  0.00235364  0.00222991  0.00394503  0.00348742  0.00324391           0           0  0.00180737           0           0  0.00199701     1.63109           0           0           0           0           0     1.00015  0.00473801  0.00424766  0.00870857  0.00752369  0.00691653  0.00510351   0.0500777   0.0522461   0.0138398   0.0117554   0.0107387     1.00023   0.0195627     2.08543
 0.00137843  0.00140204  0.00140117           0           0  0.00135875           0  0.00138359           0  0.00150361  0.00146507  0.00146894           0           0           0  0.00249483  0.00234588           0   0.0023473  0.00221527  0.00221267           0           0  0.00319737  0.00581952  0.00525416           0   0.0025968           0           0           0           0           0  0.00369974     1.12536           0  0.00386158           0           0  0.00713172  0.00649895  0.00570749           0   0.0107928  0.00961006   0.0601861   0.0595054   0.0587613   0.0184886   0.0160921   0.0146215     1.15668  0.00920708  0.00858701
 0.00178952  0.00181351  0.00183987  0.00172912  0.00172406           0  0.00179292  0.00174628  0.00176581  0.00187687  0.00187191  0.00185964  0.00247077  0.00233565  0.00233296  0.00326115           0           0  0.00296744   0.0027853  0.00273747           0  0.00429083  0.00404746  0.00724322  0.00678594  0.00653529           0           0           0           0           0           0      1.1663           0           0           0           0  0.00442333           1  0.00822529  0.00732502     2.27738   0.0135644    0.012698   0.0718798   0.0684562   0.0645394   0.0218401   0.0190193    0.015343   0.0335584    0.028989   0.0339005
          0           0  0.00212858           0           0           0  0.00210229  0.00208521  0.00209349  0.00236175  0.00217854  0.00232461  0.00294148  0.00287217           0  0.00403006   0.0038927  0.00381132  0.00357924  0.00349425  0.00344562  0.00578273           0   0.0052309           0  0.00818448   0.0079378  0.00339736  0.00321949  0.00317405           0           0           0    0.516047     1.51629      1.1964           0           0   0.0051597     1.00197           1  0.00885608  0.00664303   0.0159938     1.00994   0.0691028   0.0652453   0.0642895  0.00811312     1.00576     2.44245   0.0377149    0.034076   0.0311188
          0           0           0           0  0.00211001           0           0           0  0.00221818  0.00236571  0.00234558  0.00235123  0.00314471  0.00306604  0.00309618  0.00436992  0.00415084  0.00405539  0.00385218   0.0037084  0.00364771           0  0.00587943           0           0  0.00849624  0.00782111           0           0           0  0.00439013           0           0     1.92453    0.557636     1.02309           0           0           0     1.00005     1.00031  0.00920934   0.0188277   0.0174802     1.09828   0.0707055   0.0697415   0.0703566     1.00025   0.0245263   0.0230412   0.0202073           1     1.00012

Statuses: 
0 0 0 0 0 0 0 0 0 0 0 0 0 0 0 0 0 0 0 0 0 0 0 0 0 0 0 3 3 3 3 3 3 3 3 3 0 0 3 3 3 0 0 3 3 3 3 3 0 3 0 0 3 0
0 0 0 3 0 0 3 3 3 0 0 0 0 0 3 0 3 3 0 0 0 3 3 0 3 3 3 3 3 0 3 3 3 3 3 3 0 0 0 0 3 3 0 3 0 0 0 3 0 0 0 0 3 3
0 0 0 3 3 0 0 0 3 0 0 0 0 0 0 3 0 3 0 0 0 0 0 0 0 3 0 0 3 3 3 3 3 3 3 3 0 0 0 3 3 3 3 0 3 0 0 3 0 0 3 0 0 3
2 2 2 0 2 2 3 0 0 0 0 0 3 3 3 0 0 3 0 0 0 0 0 0 0 0 0 3 3 0 3 3 3 3 3 3 0 0 0 3 0 3 0 0 3 0 0 3 0 3 0 0 1 3
0 0 0 3 3 0 0 3 0 0 0 0 0 0 0 3 3 3 0 0 0 3 0 0 0 0 0 3 3 3 3 3 3 3 3 3 0 3 3 0 3 0 3 3 3 3 0 0 0 3 3 0 0 0
2 0 0 0 3 3 3 0 0 0 0 0 3 3 3 3 0 3 0 0 0 0 0 3 3 0 0 3 3 3 3 3 3 3 3 3 3 3 3 3 0 3 0 0 3 3 0 3 0 3 0 0 0 0
2 0 0 3 3 3 0 3 0 0 0 0 0 3 0 3 3 3 0 0 0 0 0 0 3 3 3 0 3 3 3 3 3 3 3 3 0 0 0 3 0 0 0 3 3 3 3 3 3 3 3 3 3 0
0 0 0 3 3 3 3 3 3 0 0 0 3 0 0 3 0 0 0 0 0 0 0 0 0 0 0 3 3 0 3 3 0 3 3 3 3 3 3 3 0 0 0 0 0 3 3 3 0 0 0 3 0 3
0 0 0 3 3 0 2 0 3 0 0 0 3 3 3 0 0 3 0 0 0 3 3 0 0 0 3 0 3 3 3 3 3 0 3 3 0 3 3 0 0 0 3 0 0 3 3 3 0 0 0 3 0 0
0 0 0 0 0 3 0 0 0 0 0 0 0 0 0 0 3 3 0 0 0 3 0 0 0 0 0 3 3 3 3 3 3 3 3 3 3 3 0 3 0 0 3 0 0 3 3 3 0 0 3 0 0 1
2 2 0 3 3 3 0 0 0 0 0 0 0 0 3 0 0 0 0 0 0 0 3 0 3 0 0 0 0 0 3 3 3 0 3 3 3 3 0 3 3 0 0 0 3 3 3 3 0 3 3 0 0 0
2 2 2 3 0 3 3 3 0 0 0 0 0 0 0 0 0 0 0 0 0 3 0 3 3 0 0 3 3 3 0 3 3 3 0 3 3 3 3 3 3 0 0 0 3 3 3 3 3 0 0 3 3 3
chisq per dof: 
 9.5654 8.61624 7.89152 6.39708  5.8417 5.31029 3.40471  3.0785 2.82907 2.60646  2.4517 2.29041 1.62501 1.53578 1.46882 1.62088  1.5174  1.4446 1.69066 1.59204 1.51914 1.80283 1.66911  1.5768 2.00348 1.80289 1.67291  103254 90213.6 61309.3 91425.1 78373.4 70088.1  108012 74253.8 63816.9 2.16715 2.01049 8679.14  120188 95342.3 1.62818 2.01287  105373 88575.4  143362  121405  104482 2.25307 18505.7 1.83732 2.66854  126384 2.00269
5.79851 5.26549 4.83906 1546.69 3.62574 3.34097 5171.93 4513.24 3699.77 2.06863 1.93568  1.8347 1.58785  1.5039 545.048 1.62964 334.494 192.912 1.68744 1.58934 1.51601  7499.6 6339.85 1.57742 8481.68  3136.2  5975.9 7760.41 6868.24  3.3816 7078.75 5843.93 5972.69 8347.25 7401.49 6537.14 1.87717  1.7773 1.70449 1.82086 7799.92 6992.96 2.00807 8432.87 1.67804 425.409  1.8398 7372.71 2.25476  2.0041 1.83935  2.6719 5590.44 7818.41
 4.6634 4.26232  3.9425 1050.09 975.784  2.8803 2.48285 2.30812  54.653  1.9554 1.85572  1.7614 1.58324 1.51356  1.4498 585.186 1.52917 559.422 1.68578 1.59524 1.52086 1.80449 1.67523 1.57883 2.00362 201.607 1.67299 3.02533 1451.85 1302.09  1695.8 1393.96 967.467 2014.24 1679.49 1355.12 1.85338 1.74008 1.67057 952.333 1670.45 1553.08 2481.67 1738.24 1499.83 2.00964 1.84245 1670.24  2.2554 2.00765 1580.02 513.349 388.212 1952.48
3.76712  3.5076 3.28836 2.76875 2.59356 2.43928 408.235 2.06313  1.9533 1.83379 1.75039 1.67497 462.527 391.704 344.116 1.61873 1.51973 88.6383 1.68157 1.58683 1.51431 1.80416 1.67071 1.57507 2.00377  1.8032 1.66942 450.842 403.569 2.45558 622.513 533.992 472.813   690.5 575.691 464.891 1.80751 1.71009  1.6283  656.73 1.68535 538.026 2.00997   1.808 495.294 2.00817 1.84018 602.707 2.25513 747.593   1.837 2.66819 742.534 582.937
3.19738 3.04637 2.88129 132.909  116.78 2.22488 1.99872 18.3511 1.81335  1.7944 1.70605 1.63557 1.55644 1.48254 1.42633 19.3922  13.982 32.1509 1.67979 1.58422 1.51201  9.5384  1.6696 1.57395 2.00057 1.80046 1.66721 112.179  148.75 137.078 255.053 218.907 193.856 257.812  231.23 200.263 1.75123 201.685 180.879 1.80769  194.51 1.58186 229.203 276.936 196.236 326.859 1.83609 1.71751 2.25227 276.189 101.133 2.66701 2.25049 2.00043
2.78186 2.75837 2.61614 2.18346 16.4217 15.6963 15.0989 1.71877 1.63411 1.70233 1.63899 1.56812 75.3614 63.9944 56.7598 21.1092 1.51716 9.76835 1.67701 1.58329 1.51068 1.80369 1.67159 7.66062 117.315  1.8012 1.66811 138.664 123.024 109.591 131.517 112.282 99.5822 134.951 113.451  98.619 130.486  102.16 92.8565 123.846 1.67003 108.409 2.00248 1.80203 114.654 196.702 1.83442 90.3515 2.25153 142.768 1.83588 2.66709  2.2509 2.00173
2.38925  2.3385 2.32145 3.54449   4.126 5.59401 1.66853  14.275 1.57177 1.65198 1.59251  1.5372 1.53796 14.9729 1.41511  44.756 36.6526 32.2073 1.67919 1.58436 1.51439 1.80619 1.67323  1.5779 25.0686 20.9121 18.0835 1.81906 56.5944 43.1858 72.6481  62.572 54.7748 37.7657 61.7874 53.2276 1.69839 1.60161 1.53309 63.5308 1.66812  1.5731 2.00129 49.6268 47.8149 117.939 98.4345 84.8256 102.727 26.2167 70.5998 116.881 89.7804  2.0004
2.10693 2.07212 1.99105  3.1378 3.85012  2.8382 18.6719 16.1189 5.56258 1.58087  1.5254 1.46846 6.69401 1.45458 1.40016 20.0036 1.51611 1.44302 1.67624 1.58211 1.51005 1.80719  1.6743 1.57802 2.00269 1.80265  1.6689 27.6423 24.3106 1.55421  39.095  33.452 1.45398 45.0073 37.7153 32.5571 37.1485 38.8008  30.346 53.9126 1.66743 1.57322 2.00081 1.80087 1.66875 77.6281 67.4908 58.2765 2.25079 2.00089 1.83536 74.8053 2.25104 43.4572
 1.8613 1.81236 1.74515 7.90322 6.64555  1.4804 1.45863 1.41051 4.61048 1.52983 1.47549 1.42351 6.11272 13.4451 11.5389 1.61063 1.51037 8.40723 1.67348 1.57837 1.50693 21.8383  18.607 1.57631 2.00271 1.80225 5.36654 1.59808 17.0877 18.6434 33.2737 28.9574 25.5846 1.60667 25.7003 19.9635 1.68162 24.6798 21.5191 1.80164 1.66823 1.57306 37.9303 1.80182 1.66856 59.7387 50.2164 43.2411 2.25184 2.00186 1.83523 50.5213 2.26007 2.15084
1.69249 1.66672 1.61662 1.47649 1.44227 2.50209 1.40379 1.35908 1.31844 1.49124 1.43918 1.39046 1.50879 1.43905 1.38443  1.6077 14.1289  2.6932 1.67153 1.57727 1.50512 2.77451 1.67261 1.57658 2.00326 1.80323 1.66958 17.1428 29.1982 25.7316 25.7338 22.0468 19.7577 15.7006 19.5327 16.9162  17.481 19.2264 1.51407 11.6442 1.66838 1.57392 28.8156 1.80132 1.66922 48.9762 41.2145 35.4879 2.25145 2.00118 25.8549 2.66834 2.25141 18.4246
1.60878 1.55838 1.51484 3.97112 4.41685 4.26066 1.37823 1.32522 1.29023 1.47346 1.41494 1.36988 1.50603 1.43376 1.89102 1.60609 1.50507 1.43403 1.67062 1.57483  1.5038 1.80466 11.2327  1.5755 6.36991 1.80273 1.66952 1.52501 1.46765  1.4188 21.1866 18.7248 16.8591 14.7171 16.1611 12.6192  23.892 17.2602 1.51054 9.27569 12.8174 1.57375 18.3962 1.80281 12.5581 42.3956 35.6335 30.7157 2.28554 23.5901 18.8254 2.66878 2.25334 2.00294
1.57705 1.51948 1.46911 2.46943 1.35609 2.63468 1.52031 2.39034 1.27949 1.46649 1.40831 1.36326 1.50593 1.43405 1.37996 1.60669 1.50617 1.43395 1.67151 1.57639 1.50435 2.91635 1.67238 2.15569 4.64234 1.80561 1.67134  12.398 11.3483  11.127 1.52882  17.785 15.6957 17.9506 11.6783 11.8347 20.9765 18.4978 17.2154 17.2023 13.0815 1.57592 2.00393 1.80603 10.5156 40.5708 33.9857 29.3144 31.2676 2.00616  1.8385 25.6214 15.8183  18.057
Mode averaged potential and errors: 
   0.124664  0.00031333
    0.18239   0.0012056
   0.214117 0.000375457
   0.236988  0.00514954
   0.259446  0.00533233
   0.291202   0.0124985
   0.329329   0.0059297
   0.346733   0.0199022
   0.366598   0.0311277
   0.393464   0.0390662
   0.421627   0.0388514
   0.419838   0.0209787
R Models:
(* Fitting with shape 1 1 1 1 1 1 1 1 0 0 0 0 *)
G[R_,xx_]:=xx[[0]] + xx[[1]]/R | xx[[2]]*R
(* Fitting with shape 1 1 1 1 1 1 1 1 1 0 0 0 *)
G[R_,xx_]:=xx[[0]] + xx[[1]]/R | xx[[2]]*R
(* Fitting with shape 1 1 1 1 1 1 1 1 1 1 0 0 *)
G[R_,xx_]:=xx[[0]] + xx[[1]]/R | xx[[2]]*R
(* Fitting with shape 1 1 1 1 1 1 1 1 1 1 1 0 *)
G[R_,xx_]:=xx[[0]] + xx[[1]]/R | xx[[2]]*R
(* Fitting with shape 1 1 1 1 1 1 1 1 1 1 1 1 *)
G[R_,xx_]:=xx[[0]] + xx[[1]]/R | xx[[2]]*R
(* Fitting with shape 0 1 1 1 1 1 1 1 0 0 0 0 *)
G[R_,xx_]:=xx[[0]] + xx[[1]]/R | xx[[2]]*R
(* Fitting with shape 0 1 1 1 1 1 1 1 1 0 0 0 *)
G[R_,xx_]:=xx[[0]] + xx[[1]]/R | xx[[2]]*R
(* Fitting with shape 0 1 1 1 1 1 1 1 1 1 0 0 *)
G[R_,xx_]:=xx[[0]] + xx[[1]]/R | xx[[2]]*R
(* Fitting with shape 0 1 1 1 1 1 1 1 1 1 1 0 *)
G[R_,xx_]:=xx[[0]] + xx[[1]]/R | xx[[2]]*R
(* Fitting with shape 0 1 1 1 1 1 1 1 1 1 1 1 *)
G[R_,xx_]:=xx[[0]] + xx[[1]]/R | xx[[2]]*R
(* Fitting with shape 0 0 1 1 1 1 1 1 0 0 0 0 *)
G[R_,xx_]:=xx[[0]] + xx[[1]]/R | xx[[2]]*R
(* Fitting with shape 0 0 1 1 1 1 1 1 1 0 0 0 *)
G[R_,xx_]:=xx[[0]] + xx[[1]]/R | xx[[2]]*R
(* Fitting with shape 0 0 1 1 1 1 1 1 1 1 0 0 *)
G[R_,xx_]:=xx[[0]] + xx[[1]]/R | xx[[2]]*R
(* Fitting with shape 0 0 1 1 1 1 1 1 1 1 1 0 *)
G[R_,xx_]:=xx[[0]] + xx[[1]]/R | xx[[2]]*R
(* Fitting with shape 0 0 1 1 1 1 1 1 1 1 1 1 *)
G[R_,xx_]:=xx[[0]] + xx[[1]]/R | xx[[2]]*R
(* Fitting with shape 0 0 0 1 1 1 1 1 0 0 0 0 *)
G[R_,xx_]:=xx[[0]] + xx[[1]]/R | xx[[2]]*R
(* Fitting with shape 0 0 0 1 1 1 1 1 1 0 0 0 *)
G[R_,xx_]:=xx[[0]] + xx[[1]]/R | xx[[2]]*R
(* Fitting with shape 0 0 0 1 1 1 1 1 1 1 0 0 *)
G[R_,xx_]:=xx[[0]] + xx[[1]]/R | xx[[2]]*R
(* Fitting with shape 0 0 0 1 1 1 1 1 1 1 1 0 *)
G[R_,xx_]:=xx[[0]] + xx[[1]]/R | xx[[2]]*R
(* Fitting with shape 0 0 0 1 1 1 1 1 1 1 1 1 *)
G[R_,xx_]:=xx[[0]] + xx[[1]]/R | xx[[2]]*R
2.24385 2.24385 2.24385 
-0.214836 -0.214836 -0.214836 
1 1 1 
0.807598 0.807598 0.807598 
-10.9839 -10.9839 -10.9839 
5.03038e+175 5.03038e+175 5.03038e+175 
3.5936e+246 3.5936e+246 3.5936e+246 
2.14726e+243 2.14726e+243 2.14726e+243 
-351028 -351028 -351028 
1.63042e-322 1.63042e-322 1.63042e-322 
6.91097e-310 6.91097e-310 6.91097e-310 
2.122e-314 2.122e-314 2.122e-314 
2.56228e-316 2.56228e-316 2.56228e-316 
3.21143e-322 3.21143e-322 3.21143e-322 
2.47033e-323 2.47033e-323 2.47033e-323 
2.55895e-316 2.55895e-316 2.55895e-316 
0 0 0 
0 0 0 
0 0 0 
1.67772e+07 1.67772e+07 1.67772e+07 
0 0 0 
0 0 0 
0 0 0 
0 0 0 
1.67772e+07 1.67772e+07 1.67772e+07 
1.63042e-322 1.63042e-322 1.63042e-322 
6.91097e-310 6.91097e-310 6.91097e-310 
0 0 0 
1.58101e-322 1.58101e-322 1.58101e-322 
3.95253e-322 3.95253e-322 3.95253e-322 
2.56419e-316 2.56419e-316 2.56419e-316 
2.55855e-316 2.55855e-316 2.55855e-316 
2.67108e-316 2.67108e-316 2.67108e-316 
2.5066e-316 2.5066e-316 2.5066e-316 
2.50864e-316 2.50864e-316 2.50864e-316 
2.51767e-316 2.51767e-316 2.51767e-316 
0.0412125 0.0412125 0.0412125 
-30.1315 -30.1315 -30.1315 
1.18576e-321 1.18576e-321 1.18576e-321 
5.53354e-322 5.53354e-322 5.53354e-322 
1 1 1 
1 1 1 
1 1 1 
1 1 1 
1 1 1 
1 1 1 
1 1 1 
1 1 1 
1 1 1 
0 0 0 
0 0 0 
0 0 0 
0 0 0 
6.37345e-322 6.37345e-322 6.37345e-322 
Probabilities: 
         0          0          0          0          0          0          0          0          0   0.048645   0.101556 0.00825322  0.0200041  0.0393724 0.00359455  0.0119637  0.0165991  0.0027588  0.0563744   0.107834  0.0113696  0.0265177  0.0403302   0.013662    0.02939  0.0783314   0.164774          0          0          0          0          0          0          0          0          0          0          0          0          0          0          0          0          0          0          0          0    0.21867          0          0          0          0          0          0

String tensions: 
         1          1          1          1          1          1          1          1          1  -0.410779  -0.412012  -0.419821  -0.390906  -0.398917  -0.440918    -0.1203  -0.281125  -0.615716    -0.3424  -0.370501  -0.500717   0.355452  -0.239411   -1.11549   -3.11528   -3.23212   -3.61682   -0.10244  -0.103348  -0.107778 0.00916569  -0.102683 -0.0886399    0.98692   0.986993   0.987239    1.08359   0.720587 -0.0151404  -0.127754   0.769544 0.00914773    1.00143    1.00295    1.00626   0.535422 -0.0883035 0.00435257   0.852985  0.0107296   -0.10608   0.995718   0.999841   0.999847

Errors: 
    5792.62     5792.62     5792.62     5792.62     5792.62     5792.62           0           0           0  0.00621504  0.00618575  0.00510102   0.0432256   0.0414931   0.0361742     0.30608    0.237861    0.139205    0.129948    0.121614    0.101073     1.16838    0.740903    0.334549    0.101863    0.856538    0.571589           0           0           0  0.00134531           0           0           0           0           0           0     1.00119           0     1.00015           0     1.00199           0           0           0           1     1.49715   0.0018117   0.0301547 0.000650894     1.31866  0.00239919  0.00239864  0.00239728

Statuses: 
0 0 0 0 0 0 3 3 3 0 0 0 0 0 0 0 0 0 0 0 0 0 0 0 0 0 0 3 3 3 0 3 3 2 2 2 3 3 3 3 3 3 2 2 2 3 3 0 3 1 3 3 3 3
chisq per dof: 
 413.644  408.022  542.411  10.4067  9.99236  14.1261  1134.82  965.389  885.188 0.750875    0.723  1.42267 0.838891 0.811299   1.5583 0.812295 0.901087   1.5708 0.708741 0.708004  1.35148 0.744933 0.804431   1.2245 0.452782 0.383887 0.402296  39499.2  34535.2  30571.1  2.11478  8704.07   9398.9  1730.98  1462.11  1310.45    50934  44498.7  33864.5  49027.3  46673.3  251.078  1731.07  1462.19  1310.52  50661.2  35134.2 0.694455  54617.9 0.402715  31980.6  1731.01  1462.14  1310.48
Model string tension and errors: 
sigma = -1.11836 +/- 1.50699
