R=0parameters: 
-0.688993 -0.688993 
0.0573588 0.0573588 
6.4634e-11 6.4634e-11 
1.63042e-322 1.63042e-322 
-396264 -396264 
1 1 
2.7646e-316 2.7646e-316 
5.58294e-322 5.58294e-322 
1 1 
4 4 4 
5 5 5 
6 6 6 
7 7 7 
8 8 8 
9 9 9 
10 10 10 
11 11 11 
12 12 12 
0 0 0 0 
5.58294e-322 5.58294e-322 5.58294e-322 5.58294e-322 
0 0 0 0 
1 1 1 1 
1 1 1 1 
1 1 1 1 
1 1 1 1 
1 1 1 1 
1 1 1 1 
1 1 1 
1 1 1 
1 1 1 
1 1 1 
0 0 0 
0 0 0 
2.42092e-322 2.42092e-322 2.42092e-322 
2.84495e+07 2.84495e+07 2.84495e+07 
0 0 0 
0 0 0 0 
0.00140041 0.00140041 0.00140041 0.00140041 
0 0 0 0 
2.42092e-322 2.42092e-322 2.42092e-322 2.42092e-322 
2.73148e-316 2.73148e-316 2.73148e-316 2.73148e-316 
2.85664e-09 2.85664e-09 2.85664e-09 2.85664e-09 
4.71085e-07 4.71085e-07 4.71085e-07 4.71085e-07 
0 0 0 0 
1.97626e-323 1.97626e-323 1.97626e-323 1.97626e-323 
0.00210104 0.00210104 0.00210104 0.00210104 0.00210104 
8.78292e-05 8.78292e-05 8.78292e-05 8.78292e-05 8.78292e-05 
-4.75847e+07 -4.75847e+07 -4.75847e+07 -4.75847e+07 -4.75847e+07 
4.58548e+07 4.58548e+07 4.58548e+07 4.58548e+07 4.58548e+07 
7.16395e-322 7.16395e-322 7.16395e-322 7.16395e-322 7.16395e-322 
2.76404e-316 2.76404e-316 2.76404e-316 2.76404e-316 2.76404e-316 
2.64607e+280 2.64607e+280 2.64607e+280 2.64607e+280 2.64607e+280 
0 0 0 0 0 
9.88131e-324 9.88131e-324 9.88131e-324 9.88131e-324 9.88131e-324 
R=1parameters: 
-0.120757 -0.120757 
0.139108 0.139108 
0.0798458 0.0798458 
-5.37814 -5.37814 
7.9877 7.9877 
1.0326e-321 1.0326e-321 
6.91949e-310 6.91949e-310 
6.91949e-310 6.91949e-310 
3.00097e-316 3.00097e-316 
2.42092e-322 2.42092e-322 2.42092e-322 
1.061e-313 1.061e-313 1.061e-313 
0.0627487 0.0627487 0.0627487 
6.43092e-06 6.43092e-06 6.43092e-06 
-5.37814 -5.37814 -5.37814 
0 0 0 
1.63042e-322 1.63042e-322 1.63042e-322 
6.91947e-310 6.91947e-310 6.91947e-310 
0 0 0 
3.95253e-322 3.95253e-322 3.95253e-322 3.95253e-322 
4.74303e-322 4.74303e-322 4.74303e-322 4.74303e-322 
0.000720877 0.000720877 0.000720877 0.000720877 
4.93294e-05 4.93294e-05 4.93294e-05 4.93294e-05 
0.00241471 0.00241471 0.00241471 0.00241471 
0.00274769 0.00274769 0.00274769 0.00274769 
0.00078427 0.00078427 0.00078427 0.00078427 
4.94066e-324 4.94066e-324 4.94066e-324 4.94066e-324 
2.76489e-316 2.76489e-316 2.76489e-316 2.76489e-316 
1.63042e-322 1.63042e-322 1.63042e-322 
3.00176e-316 3.00176e-316 3.00176e-316 
2.76673e-316 2.76673e-316 2.76673e-316 
4.74303e-322 4.74303e-322 4.74303e-322 
2.42092e-322 2.42092e-322 2.42092e-322 
6.91692e-323 6.91692e-323 6.91692e-323 
9.88131e-324 9.88131e-324 9.88131e-324 
3.34398e+151 3.34398e+151 3.34398e+151 
5.50986e-310 5.50986e-310 5.50986e-310 
2.37152e-322 2.37152e-322 2.37152e-322 2.37152e-322 
2.42092e-322 2.42092e-322 2.42092e-322 2.42092e-322 
2.70839e-316 2.70839e-316 2.70839e-316 2.70839e-316 
0.951775 0.951775 0.951775 0.951775 
0.931951 0.931951 0.931951 0.931951 
0 0 0 0 
7.9877 7.9877 7.9877 7.9877 
2.42092e-322 2.42092e-322 2.42092e-322 2.42092e-322 
2.74839e-316 2.74839e-316 2.74839e-316 2.74839e-316 
-3.97669e+06 -3.97669e+06 -3.97669e+06 -3.97669e+06 -3.97669e+06 
7.94854e-07 7.94854e-07 7.94854e-07 7.94854e-07 7.94854e-07 
8.76524e-05 8.76524e-05 8.76524e-05 8.76524e-05 8.76524e-05 
4.74303e-322 4.74303e-322 4.74303e-322 4.74303e-322 4.74303e-322 
7.11455e-322 7.11455e-322 7.11455e-322 7.11455e-322 7.11455e-322 
2.76404e-316 2.76404e-316 2.76404e-316 2.76404e-316 2.76404e-316 
2.64607e+280 2.64607e+280 2.64607e+280 2.64607e+280 2.64607e+280 
0 0 0 0 0 
9.88131e-324 9.88131e-324 9.88131e-324 9.88131e-324 9.88131e-324 
R=2parameters: 
-0.604586 -0.604586 
0.0933241 0.0933241 
-2.61399e-05 -2.61399e-05 
0.0743013 0.0743013 
-0.0641437 -0.0641437 
1.0326e-321 1.0326e-321 
6.91949e-310 6.91949e-310 
6.91949e-310 6.91949e-310 
3.00097e-316 3.00097e-316 
2.42092e-322 2.42092e-322 2.42092e-322 
0 0 0 
4.03733e+08 4.03733e+08 4.03733e+08 
2.55563e+07 2.55563e+07 2.55563e+07 
0 0 0 
0 0 0 
1.63042e-322 1.63042e-322 1.63042e-322 
2.75069e-316 2.75069e-316 2.75069e-316 
2.122e-314 2.122e-314 2.122e-314 
2.69626e-316 2.69626e-316 2.69626e-316 2.69626e-316 
4.79244e-322 4.79244e-322 4.79244e-322 4.79244e-322 
0 0 0 0 
0 0 0 0 
0.00528672 0.00528672 0.00528672 0.00528672 
0.00594761 0.00594761 0.00594761 0.00594761 
0.0197319 0.0197319 0.0197319 0.0197319 
4.94066e-324 4.94066e-324 4.94066e-324 4.94066e-324 
2.76489e-316 2.76489e-316 2.76489e-316 2.76489e-316 
1.63042e-322 1.63042e-322 1.63042e-322 
3.00176e-316 3.00176e-316 3.00176e-316 
2.76673e-316 2.76673e-316 2.76673e-316 
4.74303e-322 4.74303e-322 4.74303e-322 
2.42092e-322 2.42092e-322 2.42092e-322 
6.91692e-323 6.91692e-323 6.91692e-323 
9.88131e-324 9.88131e-324 9.88131e-324 
3.34398e+151 3.34398e+151 3.34398e+151 
5.50986e-310 5.50986e-310 5.50986e-310 
2.37152e-322 2.37152e-322 2.37152e-322 2.37152e-322 
3.21143e-322 3.21143e-322 3.21143e-322 3.21143e-322 
2.75108e-316 2.75108e-316 2.75108e-316 2.75108e-316 
2.64607e+280 2.64607e+280 2.64607e+280 2.64607e+280 
0.175128 0.175128 0.175128 0.175128 
2.70697e-316 2.70697e-316 2.70697e-316 2.70697e-316 
854074 854074 854074 854074 
2.74624e-316 2.74624e-316 2.74624e-316 2.74624e-316 
3.23796e-319 3.23796e-319 3.23796e-319 3.23796e-319 
1.63042e-322 1.63042e-322 1.63042e-322 1.63042e-322 1.63042e-322 
961822 961822 961822 961822 961822 
-70574.6 -70574.6 -70574.6 -70574.6 -70574.6 
4.74303e-322 4.74303e-322 4.74303e-322 4.74303e-322 4.74303e-322 
7.16395e-322 7.16395e-322 7.16395e-322 7.16395e-322 7.16395e-322 
2.76404e-316 2.76404e-316 2.76404e-316 2.76404e-316 2.76404e-316 
2.64607e+280 2.64607e+280 2.64607e+280 2.64607e+280 2.64607e+280 
0 0 0 0 0 
9.88131e-324 9.88131e-324 9.88131e-324 9.88131e-324 9.88131e-324 
R=3parameters: 
-0.655165 -0.655165 
0.10258 0.10258 
-6.50824e-05 -6.50824e-05 
0.109355 0.109355 
-0.0895552 -0.0895552 
1.0326e-321 1.0326e-321 
6.91949e-310 6.91949e-310 
6.91949e-310 6.91949e-310 
3.00097e-316 3.00097e-316 
2.42092e-322 2.42092e-322 2.42092e-322 
-0.607776 -0.607776 -0.607776 
-77722 -77722 -77722 
0.125 0.125 0.125 
4.94066e-324 4.94066e-324 4.94066e-324 
4.27032 4.27032 4.27032 
1.63042e-322 1.63042e-322 1.63042e-322 
1.72973e-316 1.72973e-316 1.72973e-316 
2.122e-314 2.122e-314 2.122e-314 
2.69474e-316 2.69474e-316 2.69474e-316 2.69474e-316 
4.79244e-322 4.79244e-322 4.79244e-322 4.79244e-322 
0.0024862 0.0024862 0.0024862 0.0024862 
0 0 0 0 
0.00937767 0.00937767 0.00937767 0.00937767 
0.0101472 0.0101472 0.0101472 0.0101472 
0.0456813 0.0456813 0.0456813 0.0456813 
4.94066e-324 4.94066e-324 4.94066e-324 4.94066e-324 
2.76489e-316 2.76489e-316 2.76489e-316 2.76489e-316 
1.63042e-322 1.63042e-322 1.63042e-322 
3.00176e-316 3.00176e-316 3.00176e-316 
2.76673e-316 2.76673e-316 2.76673e-316 
4.74303e-322 4.74303e-322 4.74303e-322 
2.42092e-322 2.42092e-322 2.42092e-322 
6.91692e-323 6.91692e-323 6.91692e-323 
9.88131e-324 9.88131e-324 9.88131e-324 
3.34398e+151 3.34398e+151 3.34398e+151 
5.50986e-310 5.50986e-310 5.50986e-310 
2.37152e-322 2.37152e-322 2.37152e-322 2.37152e-322 
4.79244e-322 4.79244e-322 4.79244e-322 4.79244e-322 
2.71567e-316 2.71567e-316 2.71567e-316 2.71567e-316 
9464.71 9464.71 9464.71 9464.71 
2.76473e-316 2.76473e-316 2.76473e-316 2.76473e-316 
3.21143e-322 3.21143e-322 3.21143e-322 3.21143e-322 
2.76489e-316 2.76489e-316 2.76489e-316 2.76489e-316 
-3585.85 -3585.85 -3585.85 -3585.85 
0.000770264 0.000770264 0.000770264 0.000770264 
0.000256842 0.000256842 0.000256842 0.000256842 0.000256842 
8.56583e-05 8.56583e-05 8.56583e-05 8.56583e-05 8.56583e-05 
0.00144099 0.00144099 0.00144099 0.00144099 0.00144099 
4.74303e-322 4.74303e-322 4.74303e-322 4.74303e-322 4.74303e-322 
7.11455e-322 7.11455e-322 7.11455e-322 7.11455e-322 7.11455e-322 
2.76404e-316 2.76404e-316 2.76404e-316 2.76404e-316 2.76404e-316 
2.64607e+280 2.64607e+280 2.64607e+280 2.64607e+280 2.64607e+280 
0 0 0 0 0 
9.88131e-324 9.88131e-324 9.88131e-324 9.88131e-324 9.88131e-324 
R=4parameters: 
-0.635934 -0.635934 
0.110687 0.110687 
-8.64514e-05 -8.64514e-05 
0.165654 0.165654 
-0.1401 -0.1401 
1.0326e-321 1.0326e-321 
6.91949e-310 6.91949e-310 
6.91949e-310 6.91949e-310 
3.00097e-316 3.00097e-316 
4.00193e-322 4.00193e-322 4.00193e-322 
3.01654e-316 3.01654e-316 3.01654e-316 
3.0165e-316 3.0165e-316 3.0165e-316 
9.09431e-05 9.09431e-05 9.09431e-05 
0.165653 0.165653 0.165653 
-0.1401 -0.1401 -0.1401 
1.63042e-322 1.63042e-322 1.63042e-322 
6.91947e-310 6.91947e-310 6.91947e-310 
2.64607e+280 2.64607e+280 2.64607e+280 
2.68668e-316 2.68668e-316 2.68668e-316 2.68668e-316 
4.79244e-322 4.79244e-322 4.79244e-322 4.79244e-322 
0.00365696 0.00365696 0.00365696 0.00365696 
0.000302595 0.000302595 0.000302595 0.000302595 
0.014819 0.014819 0.014819 0.014819 
0.0156668 0.0156668 0.0156668 0.0156668 
0.0828874 0.0828874 0.0828874 0.0828874 
4.94066e-324 4.94066e-324 4.94066e-324 4.94066e-324 
2.76489e-316 2.76489e-316 2.76489e-316 2.76489e-316 
1.63042e-322 1.63042e-322 1.63042e-322 
3.00176e-316 3.00176e-316 3.00176e-316 
2.76673e-316 2.76673e-316 2.76673e-316 
4.74303e-322 4.74303e-322 4.74303e-322 
2.42092e-322 2.42092e-322 2.42092e-322 
6.91692e-323 6.91692e-323 6.91692e-323 
9.88131e-324 9.88131e-324 9.88131e-324 
3.34398e+151 3.34398e+151 3.34398e+151 
5.50986e-310 5.50986e-310 5.50986e-310 
2.37152e-322 2.37152e-322 2.37152e-322 2.37152e-322 
2.42092e-322 2.42092e-322 2.42092e-322 2.42092e-322 
1.64432e-316 1.64432e-316 1.64432e-316 1.64432e-316 
2.73175e-316 2.73175e-316 2.73175e-316 2.73175e-316 
0.00195313 0.00195313 0.00195313 0.00195313 
-7.0041 -7.0041 -7.0041 -7.0041 
1161.74 1161.74 1161.74 1161.74 
-1775.65 -1775.65 -1775.65 -1775.65 
1.061e-313 1.061e-313 1.061e-313 1.061e-313 
2.76788e-316 2.76788e-316 2.76788e-316 2.76788e-316 2.76788e-316 
2267.8 2267.8 2267.8 2267.8 2267.8 
-3.49558 -3.49558 -3.49558 -3.49558 -3.49558 
4.74303e-322 4.74303e-322 4.74303e-322 4.74303e-322 4.74303e-322 
7.11455e-322 7.11455e-322 7.11455e-322 7.11455e-322 7.11455e-322 
2.76404e-316 2.76404e-316 2.76404e-316 2.76404e-316 2.76404e-316 
2.64607e+280 2.64607e+280 2.64607e+280 2.64607e+280 2.64607e+280 
0 0 0 0 0 
9.88131e-324 9.88131e-324 9.88131e-324 9.88131e-324 9.88131e-324 
R=5parameters: 
-0.614668 -0.614668 
0.118399 0.118399 
-0.000113809 -0.000113809 
0.213556 0.213556 
-0.180372 -0.180372 
1.0326e-321 1.0326e-321 
6.91949e-310 6.91949e-310 
6.91949e-310 6.91949e-310 
3.00097e-316 3.00097e-316 
2.42092e-322 2.42092e-322 2.42092e-322 
1.061e-313 1.061e-313 1.061e-313 
0 0 0 
477046 477046 477046 
-4.02044e+06 -4.02044e+06 -4.02044e+06 
-0.180372 -0.180372 -0.180372 
1.63042e-322 1.63042e-322 1.63042e-322 
6.91947e-310 6.91947e-310 6.91947e-310 
0 0 0 
2.74467e-316 2.74467e-316 2.74467e-316 2.74467e-316 
4.79244e-322 4.79244e-322 4.79244e-322 4.79244e-322 
0 0 0 0 
0.00044676 0.00044676 0.00044676 0.00044676 
0.0211293 0.0211293 0.0211293 0.0211293 
0.0220136 0.0220136 0.0220136 0.0220136 
0.12945 0.12945 0.12945 0.12945 
4.94066e-324 4.94066e-324 4.94066e-324 4.94066e-324 
2.76489e-316 2.76489e-316 2.76489e-316 2.76489e-316 
1.63042e-322 1.63042e-322 1.63042e-322 
3.00176e-316 3.00176e-316 3.00176e-316 
2.76673e-316 2.76673e-316 2.76673e-316 
4.74303e-322 4.74303e-322 4.74303e-322 
2.42092e-322 2.42092e-322 2.42092e-322 
6.91692e-323 6.91692e-323 6.91692e-323 
9.88131e-324 9.88131e-324 9.88131e-324 
3.34398e+151 3.34398e+151 3.34398e+151 
5.50986e-310 5.50986e-310 5.50986e-310 
2.37152e-322 2.37152e-322 2.37152e-322 2.37152e-322 
2.42092e-322 2.42092e-322 2.42092e-322 2.42092e-322 
-0.554444 -0.554444 -0.554444 -0.554444 
0.000521118 0.000521118 0.000521118 0.000521118 
0.000245401 0.000245401 0.000245401 0.000245401 
0.00296607 0.00296607 0.00296607 0.00296607 
-899.565 -899.565 -899.565 -899.565 
2.122e-314 2.122e-314 2.122e-314 2.122e-314 
2.69377e-316 2.69377e-316 2.69377e-316 2.69377e-316 
1.63042e-322 1.63042e-322 1.63042e-322 1.63042e-322 1.63042e-322 
6.91947e-310 6.91947e-310 6.91947e-310 6.91947e-310 6.91947e-310 
2.64607e+280 2.64607e+280 2.64607e+280 2.64607e+280 2.64607e+280 
2.75653e-316 2.75653e-316 2.75653e-316 2.75653e-316 2.75653e-316 
7.16395e-322 7.16395e-322 7.16395e-322 7.16395e-322 7.16395e-322 
2.76404e-316 2.76404e-316 2.76404e-316 2.76404e-316 2.76404e-316 
2.64607e+280 2.64607e+280 2.64607e+280 2.64607e+280 2.64607e+280 
0 0 0 0 0 
9.88131e-324 9.88131e-324 9.88131e-324 9.88131e-324 9.88131e-324 
R=6parameters: 
-0.593521 -0.593521 
0.125755 0.125755 
-0.000134639 -0.000134639 
0.260463 0.260463 
-0.220463 -0.220463 
1.0326e-321 1.0326e-321 
6.91949e-310 6.91949e-310 
6.91949e-310 6.91949e-310 
3.00097e-316 3.00097e-316 
4.00193e-322 4.00193e-322 4.00193e-322 
2.76814e-316 2.76814e-316 2.76814e-316 
2.74864e-316 2.74864e-316 2.74864e-316 
0.647485 0.647485 0.647485 
3.00006e-316 3.00006e-316 3.00006e-316 
2.75108e-316 2.75108e-316 2.75108e-316 
2.71006e-316 2.71006e-316 2.71006e-316 
57948.9 57948.9 57948.9 
-1088.87 -1088.87 -1088.87 
241.36 241.36 241.36 241.36 
4.79244e-322 4.79244e-322 4.79244e-322 4.79244e-322 
0.0061443 0.0061443 0.0061443 0.0061443 
0 0 0 0 
0 0 0 0 
0.028973 0.028973 0.028973 0.028973 
0.183529 0.183529 0.183529 0.183529 
4.94066e-324 4.94066e-324 4.94066e-324 4.94066e-324 
2.76489e-316 2.76489e-316 2.76489e-316 2.76489e-316 
1.63042e-322 1.63042e-322 1.63042e-322 
3.00176e-316 3.00176e-316 3.00176e-316 
2.76673e-316 2.76673e-316 2.76673e-316 
4.74303e-322 4.74303e-322 4.74303e-322 
2.42092e-322 2.42092e-322 2.42092e-322 
6.91692e-323 6.91692e-323 6.91692e-323 
9.88131e-324 9.88131e-324 9.88131e-324 
3.34398e+151 3.34398e+151 3.34398e+151 
5.50986e-310 5.50986e-310 5.50986e-310 
2.37152e-322 2.37152e-322 2.37152e-322 2.37152e-322 
2.42092e-322 2.42092e-322 2.42092e-322 2.42092e-322 
2.75197e-316 2.75197e-316 2.75197e-316 2.75197e-316 
2.76333e-316 2.76333e-316 2.76333e-316 2.76333e-316 
565764 565764 565764 565764 
-78247.3 -78247.3 -78247.3 -78247.3 
0 0 0 0 
-167.563 -167.563 -167.563 -167.563 
0.525071 0.525071 0.525071 0.525071 
1.63042e-322 1.63042e-322 1.63042e-322 1.63042e-322 1.63042e-322 
6.91949e-310 6.91949e-310 6.91949e-310 6.91949e-310 6.91949e-310 
2.99982e-316 2.99982e-316 2.99982e-316 2.99982e-316 2.99982e-316 
2.68047e-316 2.68047e-316 2.68047e-316 2.68047e-316 2.68047e-316 
7.16395e-322 7.16395e-322 7.16395e-322 7.16395e-322 7.16395e-322 
2.76404e-316 2.76404e-316 2.76404e-316 2.76404e-316 2.76404e-316 
2.64607e+280 2.64607e+280 2.64607e+280 2.64607e+280 2.64607e+280 
0 0 0 0 0 
9.88131e-324 9.88131e-324 9.88131e-324 9.88131e-324 9.88131e-324 
R=7parameters: 
-0.572585 -0.572585 
0.132681 0.132681 
-0.000173526 -0.000173526 
0.275112 0.275112 
-0.223619 -0.223619 
1.0326e-321 1.0326e-321 
6.91949e-310 6.91949e-310 
6.91949e-310 6.91949e-310 
3.00097e-316 3.00097e-316 
4.00193e-322 4.00193e-322 4.00193e-322 
2.76375e-316 2.76375e-316 2.76375e-316 
0.133351 0.133351 0.133351 
-0.0227727 -0.0227727 -0.0227727 
2.75198e-316 2.75198e-316 2.75198e-316 
3.00088e-316 3.00088e-316 3.00088e-316 
2.76332e-316 2.76332e-316 2.76332e-316 
10269.1 10269.1 10269.1 
-214.282 -214.282 -214.282 
276.3 276.3 276.3 276.3 
4.79244e-322 4.79244e-322 4.79244e-322 4.79244e-322 
0.00688136 0.00688136 0.00688136 0.00688136 
0 0 0 0 
0.0346777 0.0346777 0.0346777 0.0346777 
0.034568 0.034568 0.034568 0.034568 
0.239364 0.239364 0.239364 0.239364 
4.94066e-324 4.94066e-324 4.94066e-324 4.94066e-324 
2.76489e-316 2.76489e-316 2.76489e-316 2.76489e-316 
1.63042e-322 1.63042e-322 1.63042e-322 
3.00176e-316 3.00176e-316 3.00176e-316 
2.76673e-316 2.76673e-316 2.76673e-316 
4.74303e-322 4.74303e-322 4.74303e-322 
2.42092e-322 2.42092e-322 2.42092e-322 
6.91692e-323 6.91692e-323 6.91692e-323 
9.88131e-324 9.88131e-324 9.88131e-324 
3.34398e+151 3.34398e+151 3.34398e+151 
5.50986e-310 5.50986e-310 5.50986e-310 
2.37152e-322 2.37152e-322 2.37152e-322 2.37152e-322 
4.79244e-322 4.79244e-322 4.79244e-322 4.79244e-322 
2.47033e-323 2.47033e-323 2.47033e-323 2.47033e-323 
2.76851e-316 2.76851e-316 2.76851e-316 2.76851e-316 
1.061e-313 1.061e-313 1.061e-313 1.061e-313 
2.68111e-316 2.68111e-316 2.68111e-316 2.68111e-316 
-496.612 -496.612 -496.612 -496.612 
-831.078 -831.078 -831.078 -831.078 
670.144 670.144 670.144 670.144 
1.58101e-322 1.58101e-322 1.58101e-322 1.58101e-322 1.58101e-322 
2.68734e-316 2.68734e-316 2.68734e-316 2.68734e-316 2.68734e-316 
2.6867e-316 2.6867e-316 2.6867e-316 2.6867e-316 2.6867e-316 
2.69803e-316 2.69803e-316 2.69803e-316 2.69803e-316 2.69803e-316 
7.16395e-322 7.16395e-322 7.16395e-322 7.16395e-322 7.16395e-322 
2.76404e-316 2.76404e-316 2.76404e-316 2.76404e-316 2.76404e-316 
2.64607e+280 2.64607e+280 2.64607e+280 2.64607e+280 2.64607e+280 
0 0 0 0 0 
9.88131e-324 9.88131e-324 9.88131e-324 9.88131e-324 9.88131e-324 
R=8parameters: 
-0.553639 -0.553639 
0.139033 0.139033 
-0.00328501 -0.00328501 
7.60646e+08 7.60646e+08 
-1.38933e+09 -1.38933e+09 
1.0326e-321 1.0326e-321 
6.91949e-310 6.91949e-310 
6.91949e-310 6.91949e-310 
3.00097e-316 3.00097e-316 
2.42092e-322 2.42092e-322 2.42092e-322 
1.061e-313 1.061e-313 1.061e-313 
31057.1 31057.1 31057.1 
-32320.1 -32320.1 -32320.1 
0 0 0 
0 0 0 
1.63042e-322 1.63042e-322 1.63042e-322 
6.91947e-310 6.91947e-310 6.91947e-310 
2.122e-314 2.122e-314 2.122e-314 
2.69375e-316 2.69375e-316 2.69375e-316 2.69375e-316 
4.79244e-322 4.79244e-322 4.79244e-322 4.79244e-322 
0.0078273 0.0078273 0.0078273 0.0078273 
0.000965702 0.000965702 0.000965702 0.000965702 
0.0415398 0.0415398 0.0415398 0.0415398 
0.0402863 0.0402863 0.0402863 0.0402863 
2488.81 2488.81 2488.81 2488.81 
4.94066e-324 4.94066e-324 4.94066e-324 4.94066e-324 
2.76489e-316 2.76489e-316 2.76489e-316 2.76489e-316 
1.63042e-322 1.63042e-322 1.63042e-322 
3.00176e-316 3.00176e-316 3.00176e-316 
2.76673e-316 2.76673e-316 2.76673e-316 
4.74303e-322 4.74303e-322 4.74303e-322 
2.42092e-322 2.42092e-322 2.42092e-322 
6.91692e-323 6.91692e-323 6.91692e-323 
9.88131e-324 9.88131e-324 9.88131e-324 
3.34398e+151 3.34398e+151 3.34398e+151 
5.50986e-310 5.50986e-310 5.50986e-310 
2.37152e-322 2.37152e-322 2.37152e-322 2.37152e-322 
2.42092e-322 2.42092e-322 2.42092e-322 2.42092e-322 
215750 215750 215750 215750 
2.64607e+280 2.64607e+280 2.64607e+280 2.64607e+280 
1 1 1 1 
0 0 0 0 
662.485 662.485 662.485 662.485 
2.42092e-322 2.42092e-322 2.42092e-322 2.42092e-322 
-9.11363 -9.11363 -9.11363 -9.11363 
0.866617 0.866617 0.866617 0.866617 0.866617 
180202 180202 180202 180202 180202 
922.914 922.914 922.914 922.914 922.914 
0.0024546 0.0024546 0.0024546 0.0024546 0.0024546 
7.16395e-322 7.16395e-322 7.16395e-322 7.16395e-322 7.16395e-322 
2.76404e-316 2.76404e-316 2.76404e-316 2.76404e-316 2.76404e-316 
2.64607e+280 2.64607e+280 2.64607e+280 2.64607e+280 2.64607e+280 
0 0 0 0 0 
9.88131e-324 9.88131e-324 9.88131e-324 9.88131e-324 9.88131e-324 
R=9parameters: 
-0.538896 -0.538896 
0.144133 0.144133 
-0.00019896 -0.00019896 
0.302749 0.302749 
-0.235596 -0.235596 
1.0326e-321 1.0326e-321 
6.91949e-310 6.91949e-310 
6.91949e-310 6.91949e-310 
3.00097e-316 3.00097e-316 
4.00193e-322 4.00193e-322 4.00193e-322 
2.69803e-316 2.69803e-316 2.69803e-316 
2.64607e+280 2.64607e+280 2.64607e+280 
0.0492125 0.0492125 0.0492125 
2.74894e-316 2.74894e-316 2.74894e-316 
-0.235596 -0.235596 -0.235596 
2.75276e-316 2.75276e-316 2.75276e-316 
0.398691 0.398691 0.398691 
0.338872 0.338872 0.338872 
0.291582 0.291582 0.291582 0.291582 
4.79244e-322 4.79244e-322 4.79244e-322 4.79244e-322 
0.00828025 0.00828025 0.00828025 0.00828025 
0.0011198 0.0011198 0.0011198 0.0011198 
0.0464134 0.0464134 0.0464134 0.0464134 
0.045476 0.045476 0.045476 0.045476 
0.345857 0.345857 0.345857 0.345857 
4.94066e-324 4.94066e-324 4.94066e-324 4.94066e-324 
2.76489e-316 2.76489e-316 2.76489e-316 2.76489e-316 
1.63042e-322 1.63042e-322 1.63042e-322 
3.00176e-316 3.00176e-316 3.00176e-316 
2.76673e-316 2.76673e-316 2.76673e-316 
4.74303e-322 4.74303e-322 4.74303e-322 
2.42092e-322 2.42092e-322 2.42092e-322 
6.91692e-323 6.91692e-323 6.91692e-323 
9.88131e-324 9.88131e-324 9.88131e-324 
3.34398e+151 3.34398e+151 3.34398e+151 
5.50986e-310 5.50986e-310 5.50986e-310 
2.37152e-322 2.37152e-322 2.37152e-322 2.37152e-322 
3.21143e-322 3.21143e-322 3.21143e-322 3.21143e-322 
2.47033e-323 2.47033e-323 2.47033e-323 2.47033e-323 
2.75398e-316 2.75398e-316 2.75398e-316 2.75398e-316 
1.061e-313 1.061e-313 1.061e-313 1.061e-313 
2.72706e-316 2.72706e-316 2.72706e-316 2.72706e-316 
-454.804 -454.804 -454.804 -454.804 
-692.862 -692.862 -692.862 -692.862 
-0.021767 -0.021767 -0.021767 -0.021767 
-0.0297768 -0.0297768 -0.0297768 -0.0297768 -0.0297768 
-0.0308166 -0.0308166 -0.0308166 -0.0308166 -0.0308166 
2.122e-314 2.122e-314 2.122e-314 2.122e-314 2.122e-314 
2.74899e-316 2.74899e-316 2.74899e-316 2.74899e-316 2.74899e-316 
7.16395e-322 7.16395e-322 7.16395e-322 7.16395e-322 7.16395e-322 
2.76404e-316 2.76404e-316 2.76404e-316 2.76404e-316 2.76404e-316 
2.64607e+280 2.64607e+280 2.64607e+280 2.64607e+280 2.64607e+280 
0 0 0 0 0 
9.88131e-324 9.88131e-324 9.88131e-324 9.88131e-324 9.88131e-324 
R=10parameters: 
-0.529502 -0.529502 
0.147623 0.147623 
-0.00016419 -0.00016419 
0.33154 0.33154 
-0.262212 -0.262212 
1.0326e-321 1.0326e-321 
6.91949e-310 6.91949e-310 
6.91949e-310 6.91949e-310 
3.00097e-316 3.00097e-316 
2.42092e-322 2.42092e-322 2.42092e-322 
184881 184881 184881 
2.64607e+280 2.64607e+280 2.64607e+280 
11177.3 11177.3 11177.3 
0 0 0 
2.37152e-322 2.37152e-322 2.37152e-322 
1.63042e-322 1.63042e-322 1.63042e-322 
6.91947e-310 6.91947e-310 6.91947e-310 
2.122e-314 2.122e-314 2.122e-314 
2.69711e-316 2.69711e-316 2.69711e-316 2.69711e-316 
4.79244e-322 4.79244e-322 4.79244e-322 4.79244e-322 
0.00872335 0.00872335 0.00872335 0.00872335 
0.00124376 0.00124376 0.00124376 0.00124376 
0.0497876 0.0497876 0.0497876 0.0497876 
0.0504671 0.0504671 0.0504671 0.0504671 
0.388802 0.388802 0.388802 0.388802 
4.94066e-324 4.94066e-324 4.94066e-324 4.94066e-324 
2.76489e-316 2.76489e-316 2.76489e-316 2.76489e-316 
1.63042e-322 1.63042e-322 1.63042e-322 
3.00176e-316 3.00176e-316 3.00176e-316 
2.76673e-316 2.76673e-316 2.76673e-316 
4.74303e-322 4.74303e-322 4.74303e-322 
2.42092e-322 2.42092e-322 2.42092e-322 
6.91692e-323 6.91692e-323 6.91692e-323 
9.88131e-324 9.88131e-324 9.88131e-324 
3.34398e+151 3.34398e+151 3.34398e+151 
5.50986e-310 5.50986e-310 5.50986e-310 
2.37152e-322 2.37152e-322 2.37152e-322 2.37152e-322 
2.42092e-322 2.42092e-322 2.42092e-322 2.42092e-322 
2.7469e-316 2.7469e-316 2.7469e-316 2.7469e-316 
1032.22 1032.22 1032.22 1032.22 
2.76788e-316 2.76788e-316 2.76788e-316 2.76788e-316 
3.21143e-322 3.21143e-322 3.21143e-322 3.21143e-322 
2.47033e-323 2.47033e-323 2.47033e-323 2.47033e-323 
2.76787e-316 2.76787e-316 2.76787e-316 2.76787e-316 
-1122.21 -1122.21 -1122.21 -1122.21 
2.7492e-316 2.7492e-316 2.7492e-316 2.7492e-316 2.7492e-316 
21347 21347 21347 21347 21347 
2.69375e-316 2.69375e-316 2.69375e-316 2.69375e-316 2.69375e-316 
4.74303e-322 4.74303e-322 4.74303e-322 4.74303e-322 4.74303e-322 
7.11455e-322 7.11455e-322 7.11455e-322 7.11455e-322 7.11455e-322 
2.76404e-316 2.76404e-316 2.76404e-316 2.76404e-316 2.76404e-316 
2.64607e+280 2.64607e+280 2.64607e+280 2.64607e+280 2.64607e+280 
0 0 0 0 0 
9.88131e-324 9.88131e-324 9.88131e-324 9.88131e-324 9.88131e-324 
R=11parameters: 
-0.526427 -0.526427 
0.1489 0.1489 
-0.000138212 -0.000138212 
0.348005 0.348005 
-0.277376 -0.277376 
1.0326e-321 1.0326e-321 
6.91949e-310 6.91949e-310 
6.91949e-310 6.91949e-310 
3.00097e-316 3.00097e-316 
4.00193e-322 4.00193e-322 4.00193e-322 
6.91949e-310 6.91949e-310 6.91949e-310 
-23765.8 -23765.8 -23765.8 
0.015625 0.015625 0.015625 
4.94066e-324 4.94066e-324 4.94066e-324 
0 0 0 
2.69757e-316 2.69757e-316 2.69757e-316 
2098.03 2098.03 2098.03 
-509.06 -509.06 -509.06 
-390.331 -390.331 -390.331 -390.331 
4.79244e-322 4.79244e-322 4.79244e-322 4.79244e-322 
0.00883981 0.00883981 0.00883981 0.00883981 
0.00126569 0.00126569 0.00126569 0.00126569 
0.0511609 0.0511609 0.0511609 0.0511609 
0 0 0 0 
0.41719 0.41719 0.41719 0.41719 
4.94066e-324 4.94066e-324 4.94066e-324 4.94066e-324 
2.76489e-316 2.76489e-316 2.76489e-316 2.76489e-316 
1.63042e-322 1.63042e-322 1.63042e-322 
3.00176e-316 3.00176e-316 3.00176e-316 
2.76673e-316 2.76673e-316 2.76673e-316 
4.74303e-322 4.74303e-322 4.74303e-322 
2.42092e-322 2.42092e-322 2.42092e-322 
6.91692e-323 6.91692e-323 6.91692e-323 
9.88131e-324 9.88131e-324 9.88131e-324 
3.34398e+151 3.34398e+151 3.34398e+151 
5.50986e-310 5.50986e-310 5.50986e-310 
2.37152e-322 2.37152e-322 2.37152e-322 2.37152e-322 
3.21143e-322 3.21143e-322 3.21143e-322 3.21143e-322 
3.0003e-316 3.0003e-316 3.0003e-316 3.0003e-316 
913.641 913.641 913.641 913.641 
0.234292 0.234292 0.234292 0.234292 
-1.24135 -1.24135 -1.24135 -1.24135 
140.471 140.471 140.471 140.471 
491.329 491.329 491.329 491.329 
-396.392 -396.392 -396.392 -396.392 
658.36 658.36 658.36 658.36 658.36 
6.7891e-06 6.7891e-06 6.7891e-06 6.7891e-06 6.7891e-06 
0.000217927 0.000217927 0.000217927 0.000217927 0.000217927 
0.00803482 0.00803482 0.00803482 0.00803482 0.00803482 
7.16395e-322 7.16395e-322 7.16395e-322 7.16395e-322 7.16395e-322 
2.76404e-316 2.76404e-316 2.76404e-316 2.76404e-316 2.76404e-316 
2.64607e+280 2.64607e+280 2.64607e+280 2.64607e+280 2.64607e+280 
0 0 0 0 0 
9.88131e-324 9.88131e-324 9.88131e-324 9.88131e-324 9.88131e-324 
T Models:
(* Fitting with shape 1 1 1 1 1 1 1 1 1 1 0 0 *)
G[T_,xx_]:=Exp[0+xx[[1]]*T^1+xx[[2]]*T^2]*(1)
(* Fitting with shape 1 1 1 1 1 1 1 1 1 1 1 0 *)
G[T_,xx_]:=Exp[0+xx[[1]]*T^1+xx[[2]]*T^2]*(1)
(* Fitting with shape 1 1 1 1 1 1 1 1 1 1 1 1 *)
G[T_,xx_]:=Exp[0+xx[[1]]*T^1+xx[[2]]*T^2]*(1)
(* Fitting with shape 0 1 1 1 1 1 1 1 1 1 0 0 *)
G[T_,xx_]:=Exp[0+xx[[1]]*T^1+xx[[2]]*T^2]*(1)
(* Fitting with shape 0 1 1 1 1 1 1 1 1 1 1 0 *)
G[T_,xx_]:=Exp[0+xx[[1]]*T^1+xx[[2]]*T^2]*(1)
(* Fitting with shape 0 1 1 1 1 1 1 1 1 1 1 1 *)
G[T_,xx_]:=Exp[0+xx[[1]]*T^1+xx[[2]]*T^2]*(1)
(* Fitting with shape 0 0 1 1 1 1 1 1 1 1 0 0 *)
G[T_,xx_]:=Exp[0+xx[[1]]*T^1+xx[[2]]*T^2]*(1)
(* Fitting with shape 0 0 1 1 1 1 1 1 1 1 1 0 *)
G[T_,xx_]:=Exp[0+xx[[1]]*T^1+xx[[2]]*T^2]*(1)
(* Fitting with shape 0 0 1 1 1 1 1 1 1 1 1 1 *)
G[T_,xx_]:=Exp[0+xx[[1]]*T^1+xx[[2]]*T^2]*(1)
(* Fitting with shape 1 1 1 1 1 1 1 1 1 1 0 0 *)
G[T_,xx_]:=Exp[0+xx[[1]]*T^1+xx[[2]]*T^2]*(1+xx[[3]]/(T^1))
(* Fitting with shape 1 1 1 1 1 1 1 1 1 1 1 0 *)
G[T_,xx_]:=Exp[0+xx[[1]]*T^1+xx[[2]]*T^2]*(1+xx[[3]]/(T^1))
(* Fitting with shape 1 1 1 1 1 1 1 1 1 1 1 1 *)
G[T_,xx_]:=Exp[0+xx[[1]]*T^1+xx[[2]]*T^2]*(1+xx[[3]]/(T^1))
(* Fitting with shape 0 1 1 1 1 1 1 1 1 1 0 0 *)
G[T_,xx_]:=Exp[0+xx[[1]]*T^1+xx[[2]]*T^2]*(1+xx[[3]]/(T^1))
(* Fitting with shape 0 1 1 1 1 1 1 1 1 1 1 0 *)
G[T_,xx_]:=Exp[0+xx[[1]]*T^1+xx[[2]]*T^2]*(1+xx[[3]]/(T^1))
(* Fitting with shape 0 1 1 1 1 1 1 1 1 1 1 1 *)
G[T_,xx_]:=Exp[0+xx[[1]]*T^1+xx[[2]]*T^2]*(1+xx[[3]]/(T^1))
(* Fitting with shape 0 0 1 1 1 1 1 1 1 1 0 0 *)
G[T_,xx_]:=Exp[0+xx[[1]]*T^1+xx[[2]]*T^2]*(1+xx[[3]]/(T^1))
(* Fitting with shape 0 0 1 1 1 1 1 1 1 1 1 0 *)
G[T_,xx_]:=Exp[0+xx[[1]]*T^1+xx[[2]]*T^2]*(1+xx[[3]]/(T^1))
(* Fitting with shape 0 0 1 1 1 1 1 1 1 1 1 1 *)
G[T_,xx_]:=Exp[0+xx[[1]]*T^1+xx[[2]]*T^2]*(1+xx[[3]]/(T^1))
(* Fitting with shape 1 1 1 1 1 1 1 1 1 1 0 0 *)
G[T_,xx_]:=Exp[0+xx[[1]]*T^1+xx[[2]]*T^2]*(1+xx[[3]]/(T^1)+xx[[4]]/(T^2))
(* Fitting with shape 1 1 1 1 1 1 1 1 1 1 1 0 *)
G[T_,xx_]:=Exp[0+xx[[1]]*T^1+xx[[2]]*T^2]*(1+xx[[3]]/(T^1)+xx[[4]]/(T^2))
(* Fitting with shape 1 1 1 1 1 1 1 1 1 1 1 1 *)
G[T_,xx_]:=Exp[0+xx[[1]]*T^1+xx[[2]]*T^2]*(1+xx[[3]]/(T^1)+xx[[4]]/(T^2))
(* Fitting with shape 0 1 1 1 1 1 1 1 1 1 0 0 *)
G[T_,xx_]:=Exp[0+xx[[1]]*T^1+xx[[2]]*T^2]*(1+xx[[3]]/(T^1)+xx[[4]]/(T^2))
(* Fitting with shape 0 1 1 1 1 1 1 1 1 1 1 0 *)
G[T_,xx_]:=Exp[0+xx[[1]]*T^1+xx[[2]]*T^2]*(1+xx[[3]]/(T^1)+xx[[4]]/(T^2))
(* Fitting with shape 0 1 1 1 1 1 1 1 1 1 1 1 *)
G[T_,xx_]:=Exp[0+xx[[1]]*T^1+xx[[2]]*T^2]*(1+xx[[3]]/(T^1)+xx[[4]]/(T^2))
(* Fitting with shape 0 0 1 1 1 1 1 1 1 1 0 0 *)
G[T_,xx_]:=Exp[0+xx[[1]]*T^1+xx[[2]]*T^2]*(1+xx[[3]]/(T^1)+xx[[4]]/(T^2))
(* Fitting with shape 0 0 1 1 1 1 1 1 1 1 1 0 *)
G[T_,xx_]:=Exp[0+xx[[1]]*T^1+xx[[2]]*T^2]*(1+xx[[3]]/(T^1)+xx[[4]]/(T^2))
(* Fitting with shape 0 0 1 1 1 1 1 1 1 1 1 1 *)
G[T_,xx_]:=Exp[0+xx[[1]]*T^1+xx[[2]]*T^2]*(1+xx[[3]]/(T^1)+xx[[4]]/(T^2))
(* Fitting with shape 1 1 1 1 1 1 1 1 1 1 0 0 *)
G[T_,xx_]:=Exp[0+xx[[1]]*T^1+xx[[2]]*T^2+xx[[3]]*T^3]*(1)
(* Fitting with shape 1 1 1 1 1 1 1 1 1 1 1 0 *)
G[T_,xx_]:=Exp[0+xx[[1]]*T^1+xx[[2]]*T^2+xx[[3]]*T^3]*(1)
(* Fitting with shape 1 1 1 1 1 1 1 1 1 1 1 1 *)
G[T_,xx_]:=Exp[0+xx[[1]]*T^1+xx[[2]]*T^2+xx[[3]]*T^3]*(1)
(* Fitting with shape 0 1 1 1 1 1 1 1 1 1 0 0 *)
G[T_,xx_]:=Exp[0+xx[[1]]*T^1+xx[[2]]*T^2+xx[[3]]*T^3]*(1)
(* Fitting with shape 0 1 1 1 1 1 1 1 1 1 1 0 *)
G[T_,xx_]:=Exp[0+xx[[1]]*T^1+xx[[2]]*T^2+xx[[3]]*T^3]*(1)
(* Fitting with shape 0 1 1 1 1 1 1 1 1 1 1 1 *)
G[T_,xx_]:=Exp[0+xx[[1]]*T^1+xx[[2]]*T^2+xx[[3]]*T^3]*(1)
(* Fitting with shape 0 0 1 1 1 1 1 1 1 1 0 0 *)
G[T_,xx_]:=Exp[0+xx[[1]]*T^1+xx[[2]]*T^2+xx[[3]]*T^3]*(1)
(* Fitting with shape 0 0 1 1 1 1 1 1 1 1 1 0 *)
G[T_,xx_]:=Exp[0+xx[[1]]*T^1+xx[[2]]*T^2+xx[[3]]*T^3]*(1)
(* Fitting with shape 0 0 1 1 1 1 1 1 1 1 1 1 *)
G[T_,xx_]:=Exp[0+xx[[1]]*T^1+xx[[2]]*T^2+xx[[3]]*T^3]*(1)
(* Fitting with shape 1 1 1 1 1 1 1 1 1 1 0 0 *)
G[T_,xx_]:=Exp[0+xx[[1]]*T^1+xx[[2]]*T^2+xx[[3]]*T^3]*(1+xx[[4]]/(T^1))
(* Fitting with shape 1 1 1 1 1 1 1 1 1 1 1 0 *)
G[T_,xx_]:=Exp[0+xx[[1]]*T^1+xx[[2]]*T^2+xx[[3]]*T^3]*(1+xx[[4]]/(T^1))
(* Fitting with shape 1 1 1 1 1 1 1 1 1 1 1 1 *)
G[T_,xx_]:=Exp[0+xx[[1]]*T^1+xx[[2]]*T^2+xx[[3]]*T^3]*(1+xx[[4]]/(T^1))
(* Fitting with shape 0 1 1 1 1 1 1 1 1 1 0 0 *)
G[T_,xx_]:=Exp[0+xx[[1]]*T^1+xx[[2]]*T^2+xx[[3]]*T^3]*(1+xx[[4]]/(T^1))
(* Fitting with shape 0 1 1 1 1 1 1 1 1 1 1 0 *)
G[T_,xx_]:=Exp[0+xx[[1]]*T^1+xx[[2]]*T^2+xx[[3]]*T^3]*(1+xx[[4]]/(T^1))
(* Fitting with shape 0 1 1 1 1 1 1 1 1 1 1 1 *)
G[T_,xx_]:=Exp[0+xx[[1]]*T^1+xx[[2]]*T^2+xx[[3]]*T^3]*(1+xx[[4]]/(T^1))
(* Fitting with shape 0 0 1 1 1 1 1 1 1 1 0 0 *)
G[T_,xx_]:=Exp[0+xx[[1]]*T^1+xx[[2]]*T^2+xx[[3]]*T^3]*(1+xx[[4]]/(T^1))
(* Fitting with shape 0 0 1 1 1 1 1 1 1 1 1 0 *)
G[T_,xx_]:=Exp[0+xx[[1]]*T^1+xx[[2]]*T^2+xx[[3]]*T^3]*(1+xx[[4]]/(T^1))
(* Fitting with shape 0 0 1 1 1 1 1 1 1 1 1 1 *)
G[T_,xx_]:=Exp[0+xx[[1]]*T^1+xx[[2]]*T^2+xx[[3]]*T^3]*(1+xx[[4]]/(T^1))
(* Fitting with shape 1 1 1 1 1 1 1 1 1 1 0 0 *)
G[T_,xx_]:=Exp[0+xx[[1]]*T^1+xx[[2]]*T^2+xx[[3]]*T^3]*(1+xx[[4]]/(T^1)+xx[[5]]/(T^2))
(* Fitting with shape 1 1 1 1 1 1 1 1 1 1 1 0 *)
G[T_,xx_]:=Exp[0+xx[[1]]*T^1+xx[[2]]*T^2+xx[[3]]*T^3]*(1+xx[[4]]/(T^1)+xx[[5]]/(T^2))
(* Fitting with shape 1 1 1 1 1 1 1 1 1 1 1 1 *)
G[T_,xx_]:=Exp[0+xx[[1]]*T^1+xx[[2]]*T^2+xx[[3]]*T^3]*(1+xx[[4]]/(T^1)+xx[[5]]/(T^2))
(* Fitting with shape 0 1 1 1 1 1 1 1 1 1 0 0 *)
G[T_,xx_]:=Exp[0+xx[[1]]*T^1+xx[[2]]*T^2+xx[[3]]*T^3]*(1+xx[[4]]/(T^1)+xx[[5]]/(T^2))
(* Fitting with shape 0 1 1 1 1 1 1 1 1 1 1 0 *)
G[T_,xx_]:=Exp[0+xx[[1]]*T^1+xx[[2]]*T^2+xx[[3]]*T^3]*(1+xx[[4]]/(T^1)+xx[[5]]/(T^2))
(* Fitting with shape 0 1 1 1 1 1 1 1 1 1 1 1 *)
G[T_,xx_]:=Exp[0+xx[[1]]*T^1+xx[[2]]*T^2+xx[[3]]*T^3]*(1+xx[[4]]/(T^1)+xx[[5]]/(T^2))
(* Fitting with shape 0 0 1 1 1 1 1 1 1 1 0 0 *)
G[T_,xx_]:=Exp[0+xx[[1]]*T^1+xx[[2]]*T^2+xx[[3]]*T^3]*(1+xx[[4]]/(T^1)+xx[[5]]/(T^2))
(* Fitting with shape 0 0 1 1 1 1 1 1 1 1 1 0 *)
G[T_,xx_]:=Exp[0+xx[[1]]*T^1+xx[[2]]*T^2+xx[[3]]*T^3]*(1+xx[[4]]/(T^1)+xx[[5]]/(T^2))
(* Fitting with shape 0 0 1 1 1 1 1 1 1 1 1 1 *)
G[T_,xx_]:=Exp[0+xx[[1]]*T^1+xx[[2]]*T^2+xx[[3]]*T^3]*(1+xx[[4]]/(T^1)+xx[[5]]/(T^2))
Probabilities: 
        0         0         0         0         0         0         0         0         0         0         0         0         0         0         0         0         0         0         0         0         0         0         0         0  0.754917         0         0         0         0         0         0         0         0         0         0         0         0         0         0         0         0         0  0.245083         0         0         0         0         0         0         0         0         0         0         0
        0         0         0         0         0         0         0         0         0         0         0         0         0         0         0         0         0         0         0         0         0         0         0         0 0.0265398         0         0         0         0         0         0         0         0         0         0         0         0         0         0         0         0         0         0         0         0         0         0         0         0         0         0   0.97346         0         0
        0         0         0         0         0         0         0         0         0         0         0         0         0         0         0         0         0         0         0         0         0         0         0         0 0.0706605         0         0         0         0         0         0         0         0         0         0         0         0         0         0         0         0         0         0         0         0         0         0         0         0         0         0  0.929339         0         0
        0         0         0         0         0         0         0         0         0         0         0         0         0         0         0         0         0         0         0         0         0         0         0         0  0.132812         0         0         0         0         0         0         0         0         0         0         0         0         0         0         0         0         0         0         0         0         0         0         0         0         0         0  0.867188         0         0
        0         0         0         0         0         0         0         0         0         0         0         0         0         0         0         0         0         0         0         0         0         0         0         0         0         0         0         0         0         0         0         0         0         0         0         0         0         0         0         0         0         0  0.715427         0         0         0         0         0         0         0         0  0.284573         0         0
        0         0         0         0         0         0         0         0         0         0         0         0         0         0         0         0         0         0         0         0         0         0         0         0  0.348211         0         0         0         0         0         0         0         0         0         0         0         0         0         0         0         0         0         0         0         0         0         0         0         0         0         0  0.651789         0         0
        0         0         0         0         0         0         0         0         0         0         0         0         0         0         0         0         0         0         0         0         0         0         0         0         1         0         0         0         0         0         0         0         0         0         0         0         0         0         0         0         0         0         0         0         0         0         0         0         0         0         0         0         0         0
        0         0         0         0         0         0         0         0         0         0         0         0         0         0         0  0.011121         0         0         0         0         0         0         0         0  0.505934         0         0         0         0         0         0         0         0         0         0         0         0         0         0         0         0         0         0         0         0         0         0         0         0         0         0  0.482945         0         0
        0         0         0         0         0         0         0         0         0         0         0         0         0         0         0 0.0252138         0         0         0         0         0         0         0         0         0         0         0         0         0         0         0         0         0         0         0         0         0         0         0         0         0         0  0.701207         0         0         0         0         0         0         0         0   0.27358         0         0
        0         0         0         0         0         0         0         0         0         0         0         0         0         0         0         0         0         0         0         0         0         0         0         0  0.593171         0         0         0         0         0         0         0         0         0         0         0         0         0         0         0         0         0         0         0         0         0         0         0         0         0         0  0.406829         0         0
        0         0         0         0         0         0         0         0         0         0         0         0         0         0         0 0.0833552         0         0         0         0         0         0         0         0  0.345353         0         0         0         0         0         0         0         0         0         0         0         0         0         0         0         0         0  0.571292         0         0         0         0         0         0         0         0         0         0         0
        0         0         0         0         0         0         0         0         0         0         0         0         0         0         0 0.0843102         0         0         0         0         0         0         0         0  0.283908         0         0         0         0         0         0         0         0         0         0         0         0         0         0         0         0         0  0.454897         0         0         0         0         0         0         0         0  0.176885         0         0

Values: 
0.0573594 0.0573588 0.0573824  0.196273 0.0573908   0.30107 0.0572838 0.0572826 0.0572893 0.0571118 0.0571119 0.0571134 0.0567169 0.0567147  0.121549 0.0565158 0.0565122 0.0565081 0.0795768 0.0776961 0.0742137  0.056318 0.0563105 0.0563092 0.0562425 0.0562374 0.0562401   1.10948   1.12366   1.11885   1.17617   1.18178   1.16108   1.07288   1.06727   1.05549  0.921991  0.916531   0.91833 0.0575213   1.27086 0.0573495 0.0572204 0.0571231 0.0570442 0.0572455  -1.69642 0.0570618 0.0568266 0.0567268  0.894706  0.414377 0.0565539   1.12401
 0.145049  0.139108  0.080485 0.0808675 0.0808404 0.0807986 0.0809404  0.138097 0.0808844 0.0807188 0.0806968 0.0806702 0.0802447  0.251724 0.0801778  0.138243 0.0798688  0.714093  0.286857  0.301116 0.0798554 0.0795234 0.0794897 0.0794663 0.0793705 0.0793432 0.0793432    1.1487   1.15197   1.15335   1.22382   1.22457   1.23698    1.0095   1.00939   1.00894 0.0832346  0.885213  0.889721 0.0824853 0.0821749  0.936079  0.745311 0.0815083   0.80347 0.0819591 0.0816192  0.899337 0.0810646  0.936271  0.657271  0.081586 0.0806457 0.0800543
 0.100165 0.0933241  0.147958 0.0939335 0.0938456  0.093472 0.0940638  0.093947 0.0936614 0.0937898 0.0937038 0.0934476  0.305982  0.319737 0.0928386 0.0925865 0.0925005  0.462822 0.0925937 0.0925126   1.04503  0.097905  0.091851 0.0917697 0.0916515  0.752228 0.0915467   1.27871   1.28676   1.27385   1.19498   1.18257   1.16918    1.0345   1.29901    1.0108  0.931975  0.930364         1   1.00666 0.0966281  0.947078  0.341794   1.28793 0.0950102 0.0437554 0.0957589   0.46182 0.0947237   1.28666 0.0935757  0.096346 0.0944259 0.0933421
 0.102661   0.10258  0.101919  0.103706  0.103512  0.229271  0.266582  0.287672  0.413495  0.103538  0.103354  0.115954  0.102553  0.322377  0.102055  0.101824   0.10167  0.101439  0.101823  0.101664  0.101427  0.398132  0.100705  0.100607  0.100405  0.100302  0.100295  0.112199   1.11654    1.1147   1.17597   1.17394   1.36184  0.986807  0.987236  0.991196         1         1         1  0.568507  0.107865  0.107092   1.00529   1.34334  0.105328  0.816129  0.815177   0.81865  0.105115   1.01196  0.103114   0.10809  0.104853   0.10269
 0.110829  0.110687    0.1096  0.112368  0.296976  0.110815  0.112501  0.112126  0.289738  0.126812  0.130201  0.125742  0.110788  0.110512  0.109958  0.109806  0.109571  0.372309  0.109828  0.109579  0.109183  0.108446  0.108275  0.108141   0.47564  0.501322  0.107753   1.15631   1.15264  0.120495   1.40413   1.26019   1.35499   1.30459    1.3097    1.0324 -0.443928  0.119771  0.118744   1.06548   1.25235   1.02403  0.116325  0.956319  0.114353  0.117406  0.116336  0.875065   0.11394   0.61587  0.773577  0.118237  0.114119  0.110927
 0.118579  0.118399   0.11708   0.12057  0.232259  0.227756  0.441419  0.456627  0.118872  0.120076  0.262988  0.118662   0.11835  0.222567  0.117258  0.117068  0.116768  0.727845  0.117143  0.116819  0.394626  0.115367  0.115146  0.115008  0.114723  0.114488  0.114559   1.15657  0.132724   1.15723   1.40871   1.21506    1.1639   1.27823   1.29931   1.03797  0.129975  0.129207  0.127909   1.39247  0.126923   1.10743  0.766867  0.841453   0.12255 -0.241222  0.879317  0.879558  0.122001  0.873758  0.118825   0.12776  0.122838   0.11832
 0.125979  0.125755  0.124285  0.128425  0.127981  0.126376  0.233972  0.127839  0.126487  0.127632  0.127222  0.126153  0.347372  0.341014  0.388022    0.1239  0.123546  0.123013  0.124048  0.123663  0.123016  0.321089  0.328219  0.121477  0.121238  0.120894  0.120961  0.143036  0.142078  0.139128    1.1211   1.33049   1.21824  -26.1329    1.3002   1.32962  0.138538  0.137765  0.136277  0.891068  0.135227  0.133638  0.697019  0.131791  0.130141  0.134609  0.879427  0.879245  0.129095  0.810744  0.967232  -1.05044  0.131192  0.125811
 0.132897  0.132681  0.131566  0.490835  0.636328  0.134112   0.13542  0.134917  0.290084   0.13452  0.134124  0.133351  0.332577  0.322579   0.13065   0.13009  0.129719  0.129208  0.130308  0.129906  0.129244  0.323335  0.127596  0.127474  0.127235  0.126813  0.666381  0.469726  0.930409  0.918783   1.35787   1.34434   1.11825   1.01159   1.31191  -0.39424  0.145997  0.145255  0.143586  0.143601  0.142529  0.882997  0.748408  0.978354  0.847863  0.141789  0.877731  0.896676  0.135266  0.134585  0.131938  0.143622  0.138825   0.21409
 0.139201  0.139033   0.13858   0.14216  0.141827  0.256696  0.141619  0.141227  0.351543  0.140536  0.140219  0.140013  0.258269  0.259754  0.136369  0.135421  0.135052  0.134547  0.135724  0.135337  0.134682  0.133047  0.132716  0.132605  0.638848  0.699013  0.132047  0.157736   1.06721   1.07615   1.11365   1.11291   1.35484   1.03062   1.26494    1.3293  0.152174   0.15142  0.149585   1.15348  0.148573  0.146566  0.144974   1.43193  0.142211  0.876743  0.146506  0.894991 -0.363339  0.140075  0.137117  0.149534  0.145081  0.137599
 0.144269  0.144133  0.144365  0.147245  0.147003  0.147765  0.146474   0.14619  0.335597  0.203816  0.208523  0.145258  0.141855  0.141556   0.29444  0.627392  0.625698  0.540458  0.139943  0.139606  0.139038  0.137092  0.136802  0.136775  0.136482  0.136024  0.136296   1.08183  0.162013   1.09096   1.11285   1.11217   1.11331    1.0101   1.01208   1.32084  0.156721   0.15594  0.153937   0.86351  0.977438   2.72806   2.06328  0.794805  0.146014  0.879343  0.876872  0.148285  0.144279  0.143727   1.17811  0.154112  0.149005  0.140874
 0.147726  0.147623  0.148299  0.150549  0.150363  0.151615  0.149589  0.314022  0.150027  0.148176  0.147983  0.148562  0.144643  0.144383  0.177394  0.142222  0.141914   0.14154  0.142664  0.142356  0.141842  0.139711  0.139443  0.139479  0.139142  0.138716  0.139071  0.165674   1.09034   1.08123   1.11242   1.11193   1.11184   1.07559   1.00962   1.55616   0.15949  0.158699  0.160764    1.0739  0.155634  0.153317  0.151656  0.150849   0.14837  0.154851  0.890704  0.889918  0.146718  0.876988    0.1426  0.646746  0.151598  0.142922
 0.148983    0.1489  0.149912  0.151721  0.232205  0.153187  0.150661  0.150491  0.151395  0.149222   0.12098  0.149855  0.145624   0.38859  0.184811  0.143192  0.142904  0.142573  0.143637  0.143355  0.142898  0.140682  0.140431  0.835061  0.140143  0.139734  0.602566  0.984652   1.00387   1.04801   1.11199   1.11161   1.11081   1.29177   1.01121   1.03732  0.160407  0.159609  0.312635   1.10964  0.156473   1.01048  0.152456  0.151635  0.990559  0.890212   0.15421  0.151547   1.06371  0.146793  0.609455  0.157893 -0.963919   1.39657

Errors: 
1.13696e-05 1.13713e-05 1.13647e-05  0.00174347 1.14171e-05    0.640603 1.15528e-05 1.15555e-05  1.1555e-05 1.16845e-05 1.16882e-05 1.16943e-05 1.34941e-05 1.34962e-05 0.000519214 1.53254e-05 1.53239e-05 1.52517e-05           1           1           1 1.84523e-05 1.82893e-05 1.81232e-05  2.2499e-05 2.13955e-05 2.09544e-05           0           0           0           0           0           0     1.00056     1.00059     1.00138     1.28783     1.46435    0.650254 2.93044e-05           1 2.50489e-05 4.52221e-05 3.72519e-05 3.44017e-05 4.02893e-05 0.000200076 3.27977e-05 8.06439e-05 6.32299e-05 0.000419938     1.00004 0.000124438 0.000605505
          0           0 3.36804e-05 3.49179e-05 3.48508e-05 3.49237e-05 3.51784e-05           1 3.51599e-05 3.44586e-05 3.43601e-05 3.42244e-05 3.66671e-05           0 3.63222e-05     1.00001  4.0193e-05           0           0           0  3.8913e-05 4.93294e-05 4.84365e-05 4.63913e-05 6.74206e-05 5.76412e-05   5.322e-05           0           0           0           0           0           0           0           0           0 6.92089e-05           0           0  0.00010964 9.14753e-05           0     1.00005 0.000139446     1.00002 0.000152787 0.000122882 0.000281258 0.000346558   0.0031987 0.000215658 0.000723944 0.000499529 0.000379398
          0 7.52417e-05           0 7.91748e-05 7.82665e-05 7.71133e-05 8.00925e-05  7.9284e-05 7.82746e-05 7.78549e-05 7.83528e-05 7.73108e-05           0           0 7.83609e-05 8.84457e-05  8.6835e-05           0 8.72868e-05 8.58545e-05           0           0 0.000101988 9.38204e-05 0.000155364           0 0.000112584           0           0           0           0           0           0           0     1.00074           0           0           0           0           0 0.000218587           0     1.00001           1 0.000268342 0.000821598 0.000280278    0.023531 0.000812785  0.00050073 0.000443058  0.00170677  0.00118055 0.000883137
0.000134815 0.000133078 0.000129317 0.000144277 0.000142305           0           0           0           0 0.000144276 0.000149043           0 0.000148513           0 0.000141184 0.000158539  0.00015452 0.000147391 0.000157335 0.000165406 0.000144501           0 0.000178784 0.000163043 0.000281402 0.000238444 0.000194297 0.000269057           0           0           0           0     1.00017    0.972943     1.03595           0           0           0           0  0.00518882 0.000372407 0.000322663           0     1.00102 0.000463211 0.000587498     1.93419     1.99558  0.00145187  0.00405344 0.000795125  0.00304138  0.00214025  0.00160795
0.000215688 0.000212811  0.00020402 0.000234306           0 0.000217273 0.000237156 0.000227382           0           0           0           0 0.000238051  0.00023716  0.00022565  0.00025291 0.000246829           0 0.000261898 0.000247382 0.000235925 0.000302595 0.000287754 0.000248671           0           0 0.000297114           0           0 0.000364891     1.00015           0     1.00024     1.00181      1.0025     1.05016 0.000910276 0.000430936 0.000377014     1.00037     1.00054     1.00084  0.00119178     1.07007 0.000724751 0.000937253 0.000769024     2.15557   0.0022459     2.46855           1  0.00467557  0.00332171   0.0025192
0.000324796 0.000319927 0.000309935 0.000353366           0           0           0           0 0.000349057 0.000349861           0 0.000342123 0.000365534           0 0.000335657 0.000375858 0.000364712           0 0.000388692 0.000369097           0  0.00044676 0.000416799 0.000367657 0.000656171 0.000550242 0.000431374           0  0.00058527           0      1.0003     1.00132           0       1.002     1.00202     1.06629 0.000651323 0.000609734 0.000521394     1.00513 0.000831541     1.00167     1.00294     1.00025  0.00103379 1.22398e+10     2.59467     2.79377  0.00314878  0.00614249  0.00177136  0.00646852  0.00469223  0.00358833
0.000458895 0.000453911 0.000450644 0.000501043 0.000488102  0.00050166           0 0.000495023 0.000488491  0.00048947 0.000483516 0.000499573           0           0           0 0.000523335 0.000506784 0.000471962  0.00052464 0.000513085 0.000483272           0           0 0.000505093 0.000891109 0.000735292  0.00059567 0.000805905  0.00071807 0.000692961           0           0     1.00174    0.224225     1.00285     1.00895 0.000807102 0.000807655 0.000696905     1.00036  0.00111459 0.000930019     1.00038  0.00172374  0.00136307  0.00169619     2.73093     2.61172  0.00414411  0.00170944   0.0025061  0.00300651   0.0061147  0.00471775
0.000624537 0.000630979 0.000650908           0           0 0.000691626 0.000657265 0.000653013           0 0.000659444 0.000641528 0.000604644           0           0 0.000628251 0.000681429 0.000656866 0.000625448 0.000684484 0.000702653 0.000621297           0 0.000751027  0.00066233  0.00113423 0.000971095           0           0           0           0           0           0           0           0     1.08355      1.0647  0.00109602 0.000986596 0.000823406  0.00156255  0.00152317     1.09102     1.01132           0     1.00741  0.00210013     3.74803      2.7276  0.00513836  0.00382681  0.00295889    0.010079  0.00753011 4.21847e+10
0.000781276 0.000783792 0.000829588 0.000847193 0.000832203           0 0.000826574  0.00081845           0 0.000795359 0.000793755 0.000848549           0           0  0.00078988 0.000843684  0.00081602 0.000814612 0.000848172 0.000823758  0.00080724 0.000965702 0.000918455 0.000842713           0           0 0.000967217  0.00115164           0           0           0           0           0      1.1049     1.00512      1.0136   0.0012969   0.0011799  0.00101421      1.0006  0.00155435  0.00134725  0.00332338           1  0.00201063     3.68514  0.00206867     1.97956   0.0456527  0.00467477  0.00346658    0.011706  0.00881144  0.00687093
0.000926545 0.000942522  0.00104633 0.000982372 0.000991678  0.00113027 0.000954674 0.000961425           0           0           0  0.00101094 0.000922784 0.000930244           0           0           0           0 0.000999309  0.00098597 0.000929898   0.0011198   0.0010705 0.000974728  0.00161609  0.00141879  0.00115744           0  0.00125676           0           0           0           0           0           0     1.00614   0.0013852  0.00132888  0.00113618     1.00025     1.00007    0.265951    0.152369      1.0025  0.00227397  0.00478551     3.83027  0.00193892  0.00680057  0.00508575  0.00347444    0.012956  0.00986595  0.00771097
 0.00106233  0.00107884  0.00117826  0.00108157    0.001089  0.00124608  0.00105246           0  0.00116875  0.00100723 0.000997293  0.00110378  0.00101979  0.00102257           0  0.00105924  0.00104747  0.00101421   0.0010849  0.00105764  0.00103229  0.00124376  0.00117453  0.00110002  0.00175015  0.00153621  0.00126225  0.00134025           0           0           0           0           0     1.06795           0     1.10899  0.00147735  0.00142858           0     1.00024  0.00194055  0.00165747  0.00400868   0.0031937  0.00244651  0.00291574     3.89494     4.01694  0.00726566   0.0540278  0.00418466   0.0106854    0.010558  0.00827214
 0.00116479  0.00110309  0.00123319  0.00121979           0  0.00128198  0.00108236  0.00109148  0.00120186  0.00115786           0  0.00112308  0.00107224           0           0  0.00107494  0.00110097   0.0010657  0.00109462  0.00109336  0.00107493  0.00126569  0.00124817           0  0.00183524  0.00160068           0           0           0           0           0           0           0     1.00477           0     1.16472  0.00150175  0.00145798           0     1.00041  0.00196492     1.00277  0.00403034  0.00321397           0     3.33728  0.00254686  0.00210881  0.00332465  0.00560301    0.012408   0.0140583  0.00429263     1.08491

Statuses: 
0 0 0 3 0 3 0 0 0 0 0 0 0 0 3 0 0 0 3 3 3 0 0 0 0 0 0 3 3 3 3 3 3 3 3 3 3 3 3 0 3 0 0 0 0 0 0 0 0 0 3 3 0 3
3 3 0 0 0 0 0 3 0 0 0 0 0 3 0 3 0 3 3 3 0 0 0 0 0 0 0 3 3 3 3 3 3 3 3 3 0 3 3 0 0 3 3 0 3 0 0 3 0 3 3 0 0 0
3 0 3 0 0 0 0 0 0 0 0 0 3 3 0 0 0 3 0 0 3 3 0 0 0 3 0 3 3 3 3 3 3 3 3 3 3 3 3 3 0 3 3 3 0 3 0 3 0 3 0 0 0 0
0 0 0 0 0 3 3 3 3 0 0 3 0 3 0 0 0 0 0 0 0 3 0 0 0 0 0 0 3 3 3 3 3 3 3 3 3 3 3 3 0 0 3 3 0 3 3 3 0 3 0 0 0 0
0 0 0 0 3 0 0 0 3 3 3 3 0 0 0 0 0 3 0 0 0 0 0 0 3 3 0 3 3 0 3 3 3 3 3 3 0 0 0 3 3 3 0 3 0 0 0 3 0 3 3 0 0 0
0 0 0 0 3 3 3 3 0 0 3 0 0 3 0 0 0 3 0 0 3 0 0 0 0 0 0 3 0 3 3 3 3 3 3 3 0 0 0 3 0 3 3 3 0 3 3 3 0 3 0 0 0 0
0 0 0 0 0 0 3 0 0 0 0 0 3 3 3 0 0 0 0 0 0 3 3 0 0 0 0 0 0 0 3 3 3 0 3 3 0 0 0 3 0 0 3 0 0 0 3 3 0 3 3 0 0 0
0 0 0 3 3 0 0 0 3 0 0 0 3 3 0 0 0 0 0 0 0 3 0 0 0 0 3 3 3 3 3 3 3 3 3 3 0 0 0 0 0 3 3 3 3 0 3 3 0 0 0 0 0 3
0 0 0 0 0 3 0 0 3 0 0 0 3 3 0 0 0 0 0 0 0 0 0 0 3 3 0 0 3 3 3 3 3 3 3 3 0 0 0 3 0 0 0 3 0 3 0 3 3 0 0 0 0 0
0 0 0 0 0 0 0 0 3 3 3 0 0 0 3 3 3 3 0 0 0 0 0 0 0 0 0 3 0 3 3 3 3 3 3 3 0 0 0 3 3 3 3 3 0 3 3 0 0 0 3 0 0 0
0 0 0 0 0 0 0 3 0 0 0 0 0 0 3 0 0 0 0 0 0 0 0 0 0 0 0 0 3 3 3 3 3 3 3 3 0 0 3 3 0 0 0 0 0 0 3 3 0 3 0 3 0 0
0 0 0 0 3 0 0 0 0 0 3 0 0 3 3 0 0 0 0 0 0 0 0 3 0 0 3 3 3 3 3 3 3 3 3 3 0 0 3 3 0 3 0 0 3 3 0 0 3 0 3 0 0 3
chisq per dof: 
13.5646 12.1967 11.9326 27098.7 9.83121 23631.8 8.35021 7.40169 6.81934 5.83921 5.33267 4.99474 2.71847  2.5485 18422.2 2.00125 1.90785 1.78815 30589.9 26179.7 23015.9 1.86456 1.73131 1.62711  2.0205 1.81712 1.68139 43699.5 38143.6 34700.2 53109.2 45198.7 39716.9 55439.5   46202 39803.7 51109.3 43788.1 38974.7 1.92609 42327.2 1.79707 2.02444 1.83964 1.73413 2.05644 38157.9 1.82317 2.25748 2.01153 53567.2 74235.8 2.25996 53375.8
955.677 775.835 6.04098 5.42207 4.99629 5.17246 4.55431 730.943 4.22682 3.36998 3.21159 3.25986 2.07724 1558.18 1.95385 1468.59  1.6851 2567.81 3271.59 2862.23 1.73663 1.83188 1.70125 1.60429 2.01986 1.81693 1.68078 4033.39 3525.42 3107.13 4260.87 3646.07 3252.44 4518.52 3772.84  3235.4 1.78227 4673.43 3976.09 1.83013 1.72384 4259.52 5535.55  1.8119 3732.03 2.01551 1.86251 4699.35 2.25493 3787.28 4387.63  2.6717 2.25917 2.01195
11.6869 3.88997 131.607 3.59513  3.3467 3.61391 3.20899 3.03343 3.17636 2.55711 2.46074  2.5984 406.331 371.321 1.77793 1.68819 1.60622 504.576 1.81889 1.73543  1038.4 98.9186 1.68864 1.59429 2.01492 859.548 1.67778 1159.94 1003.84 915.967  1311.5  1109.5 1000.07 1190.62 941.248 857.338 1610.12 1380.46 1246.02  1560.2 1.69713 1148.65 443.398 929.043 1.67754  699.87 1.85044 843.573 2.25433 1530.82 1.83978 2.66988 2.25631  2.0076
3.34667 3.10408 3.24735 2.81623 2.65956 73.4871 132.763  120.45 170.634 2.17999 2.11163 60.0796 1.76174 127.916 1.67377  1.6616 1.57453 1.51299  1.7821 1.69602 1.62672 223.367 1.68278 1.58682 2.01196 1.81022 1.67519 1.83003 369.353 331.445 559.358 480.949 399.199 483.894 403.955 350.971 706.435 607.332 531.601 532.126 1.68816 1.60706 604.887 466.084 1.67604 669.991 521.123 451.968 2.25384 664.212 1.83944  2.6692 2.25529 2.00721
2.80278 2.61732 2.73058 2.34981 43.8463 2.45833 2.20491 2.12073 59.8804 37.1031 34.1259 30.0116 1.68926 1.63159 1.60135 1.64346 1.55372 78.7036 1.75321  1.6657 1.59791 1.81089 1.67861 1.58262 127.321 112.594 1.67332 241.157 214.649 1.73128 263.129 252.604 210.883 238.807  198.27 185.828 87.8019 1.60903 1.55408 358.991 294.269 259.901 2.00217 254.222 1.67384 2.00678 1.84355 268.088  2.2535 297.917 207.676 2.66919 2.25408 2.00588
  2.457 2.30588 2.38127 2.07276 16.1349 14.4168 56.0774 50.0128 2.02472   1.809 34.9691 1.83972 1.64615 20.1837 1.55326 1.63262 1.54047 75.5191 1.73525 1.64663 100.798 1.80831 1.67583 1.57974 2.00726 1.80641 1.67206 150.662 1.62124 119.573 165.567 161.527 142.917 148.333 122.267 114.443 1.68269 1.59818 1.53995 210.328 1.67865 128.753 191.837 143.697 1.67255 37.8634 193.877 167.354 2.25299 221.819 1.83758 2.66876 2.25314 2.00506
2.23389   2.106 2.17154 1.89758  1.8174 1.96861 12.2079 1.75894 1.86423 1.71906  1.6625 1.73321 23.7239 20.3295 32.6905 1.62322 1.52971 1.46266 1.71949  1.6302 1.56227 25.5999 23.3439 1.57765  2.0054 1.80504 1.67089 1.57474 1.55865 1.56774 131.248 98.6441 99.2841 88.8654 83.3719 74.4118 1.67898 1.59081 1.52941 155.133 1.67556 1.58705 120.727 1.80168 1.67078 2.00481 135.297 116.815 2.25239 137.264  128.04 4.37629 2.25209 2.00374
2.05977 1.94786 1.97276 33.2443 34.1146 1.79515 1.71545 1.65225 13.3257  1.6558 1.59764 1.64001 15.9061 13.1757 1.48467 1.61709 1.52213 1.45306 1.70864 1.61798 1.54881 18.3874 1.67202 1.57614 2.00452 1.80433 41.0104 43.9346  64.864 52.2906  81.647 72.1799 76.8656 82.2153 62.6767 51.0344 1.67665 1.58633 1.52331 1.80577 1.67395 86.1244 84.4758 82.5316 60.0041 2.00445 103.701 92.4574  2.2523 2.00189 1.83618 2.66825 2.25176 22.5038
1.92987 1.83038 1.83368 1.67322 1.60535 6.10595 1.63615 1.57597 17.4044 1.60958 1.55165 1.57514 7.42351 6.57584 1.46354 1.61313 1.51748  1.4479 1.70071 1.60971 1.54004 1.80353 1.67101 1.57523 34.7376 33.7169 1.66977 1.52581 55.4599 49.4608 83.2756 71.5815 51.4859 67.2299 54.0349 45.8155 1.67495 1.58344 1.51927 82.4777 1.67268 1.58237 2.00128 39.7951 1.66963 102.055 1.83762  77.027  40.761 2.00162 1.83579 2.66811 2.25144 2.00294
1.85239 1.76035  1.7522  1.6118 1.54656 1.58927 1.58587 1.52462 13.5263 4.55211  4.4834 1.52457 1.55902 1.49143 8.52587 24.2823 20.3888 17.5287 1.69536 1.60279 1.53203 1.80298 1.67006 1.57434 2.00324 1.80306 1.66934 69.1246 1.47851 41.9348 72.8225 62.6064 55.4685 58.3971 48.9194   40.09 1.67399 1.58223 1.51759 84.2569 60.0308 41.4151 52.0161 50.9887 1.66949 92.0829 75.1049 1.72161 2.25193 2.00156 69.4104 2.66809 2.25144 2.00279
1.79964 1.71263 1.69199 1.57592 1.51286 1.53706 1.55575 7.53961 1.50355 1.56107 1.50145 1.49622 1.55213 1.48354 2.09253 1.60917 1.51147 1.44037 1.69214  1.5989 1.52767 1.80268 1.66958 1.57393 2.00299 1.80274 1.66915  1.5069 44.4078 41.2966  67.211 57.8039 51.0889 53.5288 44.9012 39.6011 1.67345 1.58145 22.3621 78.7599 1.67195 1.58114 2.00123 1.80113 1.66942 2.00348 70.5108 60.9023 2.25187 53.3802  1.8356 82.4586 2.25141 2.00272
1.78067 1.69539  1.6718 1.56158   3.214 1.51744 1.54289 1.48217 1.48508 1.55351 12.8787 1.48439  1.5487 21.1891 2.05114 1.60843 1.51047 1.43921  1.6904 1.59689 1.52539 1.80248 1.66932 34.7736  2.0028 1.80255  22.217 42.8004 41.8116 39.1078 65.1795 56.0878 49.6135 47.2456 43.6908 38.6004 1.67331 1.58125 39.8561 72.7129 1.67176 54.2571 2.00115 1.80106 45.0359 81.8216 1.83704 1.72103 86.8812 2.00144  63.484 2.66794 3.14388 44.8088
Mode averaged potential and errors: 
  0.0564821  0.00042169
  0.0815272 0.000798199
  0.0960143  0.00203866
   0.107069  0.00385137
   0.116869  0.00282526
   0.123221  0.00812368
   0.121238 0.000891109
   0.135181   0.0107871
    0.14598  0.00722683
   0.143655   0.0120349
   0.146548  0.00676329
   0.149141  0.00937672
R Models:
(* Fitting with shape 1 1 1 1 1 1 1 1 0 0 0 0 *)
G[R_,xx_]:=xx[[0]] + xx[[1]]/R | xx[[2]]*R
(* Fitting with shape 1 1 1 1 1 1 1 1 1 0 0 0 *)
G[R_,xx_]:=xx[[0]] + xx[[1]]/R | xx[[2]]*R
(* Fitting with shape 1 1 1 1 1 1 1 1 1 1 0 0 *)
G[R_,xx_]:=xx[[0]] + xx[[1]]/R | xx[[2]]*R
(* Fitting with shape 1 1 1 1 1 1 1 1 1 1 1 0 *)
G[R_,xx_]:=xx[[0]] + xx[[1]]/R | xx[[2]]*R
(* Fitting with shape 1 1 1 1 1 1 1 1 1 1 1 1 *)
G[R_,xx_]:=xx[[0]] + xx[[1]]/R | xx[[2]]*R
(* Fitting with shape 0 1 1 1 1 1 1 1 0 0 0 0 *)
G[R_,xx_]:=xx[[0]] + xx[[1]]/R | xx[[2]]*R
(* Fitting with shape 0 1 1 1 1 1 1 1 1 0 0 0 *)
G[R_,xx_]:=xx[[0]] + xx[[1]]/R | xx[[2]]*R
(* Fitting with shape 0 1 1 1 1 1 1 1 1 1 0 0 *)
G[R_,xx_]:=xx[[0]] + xx[[1]]/R | xx[[2]]*R
(* Fitting with shape 0 1 1 1 1 1 1 1 1 1 1 0 *)
G[R_,xx_]:=xx[[0]] + xx[[1]]/R | xx[[2]]*R
(* Fitting with shape 0 1 1 1 1 1 1 1 1 1 1 1 *)
G[R_,xx_]:=xx[[0]] + xx[[1]]/R | xx[[2]]*R
(* Fitting with shape 0 0 1 1 1 1 1 1 0 0 0 0 *)
G[R_,xx_]:=xx[[0]] + xx[[1]]/R | xx[[2]]*R
(* Fitting with shape 0 0 1 1 1 1 1 1 1 0 0 0 *)
G[R_,xx_]:=xx[[0]] + xx[[1]]/R | xx[[2]]*R
(* Fitting with shape 0 0 1 1 1 1 1 1 1 1 0 0 *)
G[R_,xx_]:=xx[[0]] + xx[[1]]/R | xx[[2]]*R
(* Fitting with shape 0 0 1 1 1 1 1 1 1 1 1 0 *)
G[R_,xx_]:=xx[[0]] + xx[[1]]/R | xx[[2]]*R
(* Fitting with shape 0 0 1 1 1 1 1 1 1 1 1 1 *)
G[R_,xx_]:=xx[[0]] + xx[[1]]/R | xx[[2]]*R
(* Fitting with shape 0 0 0 1 1 1 1 1 0 0 0 0 *)
G[R_,xx_]:=xx[[0]] + xx[[1]]/R | xx[[2]]*R
(* Fitting with shape 0 0 0 1 1 1 1 1 1 0 0 0 *)
G[R_,xx_]:=xx[[0]] + xx[[1]]/R | xx[[2]]*R
(* Fitting with shape 0 0 0 1 1 1 1 1 1 1 0 0 *)
G[R_,xx_]:=xx[[0]] + xx[[1]]/R | xx[[2]]*R
(* Fitting with shape 0 0 0 1 1 1 1 1 1 1 1 0 *)
G[R_,xx_]:=xx[[0]] + xx[[1]]/R | xx[[2]]*R
(* Fitting with shape 0 0 0 1 1 1 1 1 1 1 1 1 *)
G[R_,xx_]:=xx[[0]] + xx[[1]]/R | xx[[2]]*R
2.915 2.915 2.915 
-0.114999 -0.114999 -0.114999 
1 1 1 
5.11382 5.11382 5.11382 
-24.0785 -24.0785 -24.0785 
1.0326e-321 1.0326e-321 1.0326e-321 
6.91949e-310 6.91949e-310 6.91949e-310 
6.91949e-310 6.91949e-310 6.91949e-310 
3.00097e-316 3.00097e-316 3.00097e-316 
2.42092e-322 2.42092e-322 2.42092e-322 
0 0 0 
1.32069e+06 1.32069e+06 1.32069e+06 
972065 972065 972065 
0 0 0 
0 0 0 
2.76672e-316 2.76672e-316 2.76672e-316 
1.04856 1.04856 1.04856 
0.0371697 0.0371697 0.0371697 
0 0 0 
4.79244e-322 4.79244e-322 4.79244e-322 
0.0791413 0.0791413 0.0791413 
0 0 0 
0 0 0 
0.387677 0.387677 0.387677 
1.13375 1.13375 1.13375 
4.94066e-324 4.94066e-324 4.94066e-324 
2.76489e-316 2.76489e-316 2.76489e-316 
1.63042e-322 1.63042e-322 1.63042e-322 
3.00176e-316 3.00176e-316 3.00176e-316 
2.76673e-316 2.76673e-316 2.76673e-316 
4.74303e-322 4.74303e-322 4.74303e-322 
2.42092e-322 2.42092e-322 2.42092e-322 
6.91692e-323 6.91692e-323 6.91692e-323 
9.88131e-324 9.88131e-324 9.88131e-324 
3.34398e+151 3.34398e+151 3.34398e+151 
5.50986e-310 5.50986e-310 5.50986e-310 
2.37152e-322 2.37152e-322 2.37152e-322 
4.79244e-322 4.79244e-322 4.79244e-322 
2.7598e-316 2.7598e-316 2.7598e-316 
2.64607e+280 2.64607e+280 2.64607e+280 
7215.52 7215.52 7215.52 
14641.4 14641.4 14641.4 
3121.11 3121.11 3121.11 
2.76461e-316 2.76461e-316 2.76461e-316 
2795.11 2795.11 2795.11 
1.63042e-322 1.63042e-322 1.63042e-322 
6.91947e-310 6.91947e-310 6.91947e-310 
0 0 0 
2.75125e-316 2.75125e-316 2.75125e-316 
7.16395e-322 7.16395e-322 7.16395e-322 
2.76404e-316 2.76404e-316 2.76404e-316 
2.64607e+280 2.64607e+280 2.64607e+280 
0 0 0 
9.88131e-324 9.88131e-324 9.88131e-324 
Probabilities: 
         0          0          0          0          0          0          0 0.00295836 0.00525723          0 0.00674961  0.0157531          0          0          0  0.0041684          0  0.0241102          0          0  0.0897003          0          0  0.0874608 0.00565051          0          0          0          0          0          0          0          0          0          0          0          0          0          0          0          0          0          0  0.0831925          0          0          0          0          0          0   0.274027   0.132756  0.0960861    0.17213

String tensions: 
          1           1           1           1           1           1           1           1           1   -0.444572   -0.445056   -0.446304    -1.11315    -1.11379    -1.11393   -0.611118    -1.19493   -0.432836     6.47502     2.40551   -0.747696    0.292323    0.487131     1.02308  -0.0596916    0.975631    0.984075  -0.0800136  -0.0800106   -0.080009    0.978281    0.981053     0.72611    0.997819   0.0122235     1.00303  -0.0317347  -0.0643122  -0.0702583   -0.065427     1.14276    0.979114  -0.0817736  -0.0089257     1.00747     1.18291   -0.113174  -0.0875637  -0.0401687   -0.111206 -0.00841667  -0.0312517 -0.00175927 5.27235e-05

Errors: 
   5792.62    5792.62    5792.62          0          0    5792.62    5792.62    5792.62    5792.62  0.0117728  0.0113958  0.0111883          0          0          0   0.326421          0   0.220337     1.0003    1.00007   0.148137          0          0  0.0115852   0.405931          0          0          0          0          0          0    1.23006    1.03308          0    1.00485          0          1          0          0          1 0.00351364          0          1  0.0037555          0          1    2.27971    3.01946    2.55198    1.00028 0.00375854 0.00766066 0.00316588 0.00274257

Statuses: 
0 0 0 3 3 0 0 0 0 0 0 0 3 3 3 0 3 0 3 3 0 3 3 0 0 3 3 3 3 3 3 3 3 2 3 2 3 3 3 3 0 2 3 0 2 3 3 3 3 3 0 0 0 0
chisq per dof: 
 79.1315  76.0614  73.0267  271.388  1064.64  7.27886  2.53741  2.18004  1.99004  2.19928  1.92882  1.74838  1998.76  1768.67  1575.47  2.07889  1963.67  1.55489  1462.41  2610.91  1.36184   1230.2  1325.83  1.28839   1.9572     3434  2977.55  4022.97  3573.69  3200.18  4023.37  3515.74  3105.96  4386.32  3625.75  3236.31  4510.07   3121.5  1980.51  882.803  3200.15  2831.72  624.221  1.06786  3236.29  4911.18  2547.04  2458.78  3508.06  1541.31  1.00288 0.694495  1.01983 0.993285
Model string tension and errors: 
sigma = -8.63472e-05 +/- 525.043
