R=0parameters: 
-0.695602 -0.695602 
0.0405124 0.0405124 
3.53536e-11 3.53536e-11 
3.21143e-322 3.21143e-322 
9.88131e-324 9.88131e-324 
2.27497e-316 2.27497e-316 
6.95208e-310 6.95208e-310 
2.27497e-316 2.27497e-316 
3.17168e+07 3.17168e+07 
9228 9228 9228 
9566.78 9566.78 9566.78 
9902.8 9902.8 9902.8 
6595.23 6595.23 6595.23 
7110.61 7110.61 7110.61 
7453.78 7453.78 7453.78 
6473.49 6473.49 6473.49 
6917.67 6917.67 6917.67 
7270.67 7270.67 7270.67 
2928.14 2928.14 2928.14 2928.14 
3340.95 3340.95 3340.95 3340.95 
3608.49 3608.49 3608.49 3608.49 
1745.89 1745.89 1745.89 1745.89 
7.92439e+13 7.92439e+13 7.92439e+13 7.92439e+13 
2238.9 2238.9 2238.9 2238.9 
2232.88 2232.88 2232.88 2232.88 
2554.16 2554.16 2554.16 2554.16 
2773.87 2773.87 2773.87 2773.87 
1436.48 1436.48 1436.48 
1640.19 1640.19 1640.19 
1808.88 1808.88 1808.88 
1200.96 1200.96 1200.96 
1386.29 1386.29 1386.29 
1537.7 1537.7 1537.7 
2.62413e+14 2.62413e+14 2.62413e+14 
2.62796e+14 2.62796e+14 2.62796e+14 
2.85294e+14 2.85294e+14 2.85294e+14 
2.36995e+14 2.36995e+14 2.36995e+14 2.36995e+14 
2.55943e+14 2.55943e+14 2.55943e+14 2.55943e+14 
2.57679e+14 2.57679e+14 2.57679e+14 2.57679e+14 
1.42802e+14 1.42802e+14 1.42802e+14 1.42802e+14 
1.4382e+14 1.4382e+14 1.4382e+14 1.4382e+14 
1.57165e+14 1.57165e+14 1.57165e+14 1.57165e+14 
3.65182e+14 3.65182e+14 3.65182e+14 3.65182e+14 
2431.76 2431.76 2431.76 2431.76 
3.23544e+14 3.23544e+14 3.23544e+14 3.23544e+14 
0 0 0 0 0 
0 0 0 0 0 
0 0 0 0 0 
0 0 0 0 0 
0 0 0 0 0 
0 0 0 0 0 
0 0 0 0 0 
0 0 0 0 0 
0 0 0 0 0 
R=1parameters: 
-0.696768 -0.696768 
0.0560995 0.0560995 
0.0422509 0.0422509 
-18.7707 -18.7707 
116.145 116.145 
3.39488e-316 3.39488e-316 
3.6763e+08 3.6763e+08 
-1.18534e+07 -1.18534e+07 
6.43787e+06 6.43787e+06 
1.9812e-321 1.9812e-321 1.9812e-321 
3.27824e-316 3.27824e-316 3.27824e-316 
1.05344e-233 1.05344e-233 1.05344e-233 
3.39479e-316 3.39479e-316 3.39479e-316 
3.39e-316 3.39e-316 3.39e-316 
3.33095e-316 3.33095e-316 3.33095e-316 
3.39002e-316 3.39002e-316 3.39002e-316 
3.37785e-316 3.37785e-316 3.37785e-316 
3.3987e-316 3.3987e-316 3.3987e-316 
0 0 0 0 
0 0 0 0 
0 0 0 0 
0 0 0 0 
0 0 0 0 
0 0 0 0 
0 0 0 0 
0 0 0 0 
0 0 0 0 
0 0 0 
0 0 0 
0 0 0 
0 0 0 
0 0 0 
0 0 0 
0 0 0 
0 0 0 
0 0 0 
0 0 0 0 
0 0 0 0 
0 0 0 0 
0 0 0 0 
0 0 0 0 
0 0 0 0 
0 0 0 0 
0 0 0 0 
0 0 0 0 
0 0 0 0 0 
0 0 0 0 0 
0 0 0 0 0 
0 0 0 0 0 
0 0 0 0 0 
0 0 0 0 0 
0 0 0 0 0 
0 0 0 0 0 
0 0 0 0 0 
R=2parameters: 
-0.695969 -0.695969 
0.0636397 0.0636397 
-2.90597e-05 -2.90597e-05 
0.0282703 0.0282703 
-0.02217 -0.02217 
3.39488e-316 3.39488e-316 
3.6763e+08 3.6763e+08 
-1.18534e+07 -1.18534e+07 
6.43787e+06 6.43787e+06 
1.9812e-321 1.9812e-321 1.9812e-321 
3.27824e-316 3.27824e-316 3.27824e-316 
1.05344e-233 1.05344e-233 1.05344e-233 
0 0 0 
0 0 0 
0 0 0 
0 0 0 
0 0 0 
0 0 0 
0 0 0 0 
0 0 0 0 
0 0 0 0 
0 0 0 0 
0 0 0 0 
0 0 0 0 
0 0 0 0 
0 0 0 0 
0 0 0 0 
0 0 0 
0 0 0 
0 0 0 
0 0 0 
0 0 0 
0 0 0 
0 0 0 
0 0 0 
0 0 0 
0 0 0 0 
0 0 0 0 
0 0 0 0 
0 0 0 0 
0 0 0 0 
0 0 0 0 
0 0 0 0 
0 0 0 0 
0 0 0 0 
0 0 0 0 0 
0 0 0 0 0 
0 0 0 0 0 
0 0 0 0 0 
0 0 0 0 0 
0 0 0 0 0 
0 0 0 0 0 
0 0 0 0 0 
0 0 0 0 0 
R=3parameters: 
-0.693898 -0.693898 
0.068397 0.068397 
-4.60849e-05 -4.60849e-05 
0.0366658 0.0366658 
-0.0265736 -0.0265736 
3.39488e-316 3.39488e-316 
3.6763e+08 3.6763e+08 
-1.18534e+07 -1.18534e+07 
6.43787e+06 6.43787e+06 
1.9812e-321 1.9812e-321 1.9812e-321 
3.27824e-316 3.27824e-316 3.27824e-316 
1.05344e-233 1.05344e-233 1.05344e-233 
3.38691e-316 3.38691e-316 3.38691e-316 
3.39872e-316 3.39872e-316 3.39872e-316 
3.38219e-316 3.38219e-316 3.38219e-316 
3.31238e-316 3.31238e-316 3.31238e-316 
3.51387e-316 3.51387e-316 3.51387e-316 
3.33479e-316 3.33479e-316 3.33479e-316 
3.37838e-316 3.37838e-316 3.37838e-316 3.37838e-316 
0 0 0 0 
0 0 0 0 
0 0 0 0 
0 0 0 0 
0 0 0 0 
0 0 0 0 
0 0 0 0 
0 0 0 0 
0 0 0 
0 0 0 
0 0 0 
0 0 0 
0 0 0 
0 0 0 
0 0 0 
0 0 0 
0 0 0 
0 0 0 0 
0 0 0 0 
0 0 0 0 
0 0 0 0 
0 0 0 0 
0 0 0 0 
0 0 0 0 
0 0 0 0 
0 0 0 0 
0 0 0 0 0 
0 0 0 0 0 
0 0 0 0 0 
0 0 0 0 0 
0 0 0 0 0 
0 0 0 0 0 
0 0 0 0 0 
0 0 0 0 0 
0 0 0 0 0 
R=4parameters: 
-0.691621 -0.691621 
0.0718384 0.0718384 
-6.52642e-05 -6.52642e-05 
0.0413584 0.0413584 
-0.0263677 -0.0263677 
3.39488e-316 3.39488e-316 
3.6763e+08 3.6763e+08 
-1.18534e+07 -1.18534e+07 
6.43787e+06 6.43787e+06 
1.9812e-321 1.9812e-321 1.9812e-321 
3.37809e-316 3.37809e-316 3.37809e-316 
3.37646e-316 3.37646e-316 3.37646e-316 
3.37885e-316 3.37885e-316 3.37885e-316 
3.51434e-316 3.51434e-316 3.51434e-316 
3.31245e-316 3.31245e-316 3.31245e-316 
3.32663e-316 3.32663e-316 3.32663e-316 
3.51434e-316 3.51434e-316 3.51434e-316 
3.51445e-316 3.51445e-316 3.51445e-316 
3.50198e-316 3.50198e-316 3.50198e-316 3.50198e-316 
3.51445e-316 3.51445e-316 3.51445e-316 3.51445e-316 
0 0 0 0 
0 0 0 0 
0 0 0 0 
0 0 0 0 
0 0 0 0 
0 0 0 0 
0 0 0 0 
0 0 0 
0 0 0 
0 0 0 
0 0 0 
0 0 0 
0 0 0 
0 0 0 
0 0 0 
0 0 0 
0 0 0 0 
0 0 0 0 
0 0 0 0 
0 0 0 0 
0 0 0 0 
0 0 0 0 
0 0 0 0 
0 0 0 0 
0 0 0 0 
0 0 0 0 0 
0 0 0 0 0 
0 0 0 0 0 
0 0 0 0 0 
0 0 0 0 0 
0 0 0 0 0 
0 0 0 0 0 
0 0 0 0 0 
0 0 0 0 0 
R=5parameters: 
-0.688644 -0.688644 
0.0746561 0.0746561 
-8.11711e-05 -8.11711e-05 
0.0471124 0.0471124 
-0.0279926 -0.0279926 
3.39488e-316 3.39488e-316 
3.6763e+08 3.6763e+08 
-1.18534e+07 -1.18534e+07 
6.43787e+06 6.43787e+06 
1.9812e-321 1.9812e-321 1.9812e-321 
3.27824e-316 3.27824e-316 3.27824e-316 
1.05344e-233 1.05344e-233 1.05344e-233 
3.36372e-316 3.36372e-316 3.36372e-316 
3.16907e-316 3.16907e-316 3.16907e-316 
3.51492e-316 3.51492e-316 3.51492e-316 
3.16904e-316 3.16904e-316 3.16904e-316 
3.39665e-316 3.39665e-316 3.39665e-316 
3.51487e-316 3.51487e-316 3.51487e-316 
3.51627e-316 3.51627e-316 3.51627e-316 3.51627e-316 
3.38114e-316 3.38114e-316 3.38114e-316 3.38114e-316 
0 0 0 0 
0 0 0 0 
0 0 0 0 
0 0 0 0 
0 0 0 0 
0 0 0 0 
0 0 0 0 
0 0 0 
0 0 0 
0 0 0 
0 0 0 
0 0 0 
0 0 0 
0 0 0 
0 0 0 
0 0 0 
0 0 0 0 
0 0 0 0 
0 0 0 0 
0 0 0 0 
0 0 0 0 
0 0 0 0 
0 0 0 0 
0 0 0 0 
0 0 0 0 
0 0 0 0 0 
0 0 0 0 0 
0 0 0 0 0 
0 0 0 0 0 
0 0 0 0 0 
0 0 0 0 0 
0 0 0 0 0 
0 0 0 0 0 
0 0 0 0 0 
R=6parameters: 
-0.685656 -0.685656 
0.0769309 0.0769309 
0.0443298 0.0443298 
-18.4785 -18.4785 
112.038 112.038 
3.39488e-316 3.39488e-316 
3.6763e+08 3.6763e+08 
-1.18534e+07 -1.18534e+07 
6.43787e+06 6.43787e+06 
1.9812e-321 1.9812e-321 1.9812e-321 
3.27824e-316 3.27824e-316 3.27824e-316 
1.05344e-233 1.05344e-233 1.05344e-233 
3.32061e-316 3.32061e-316 3.32061e-316 
3.51506e-316 3.51506e-316 3.51506e-316 
3.35025e-316 3.35025e-316 3.35025e-316 
3.28101e-316 3.28101e-316 3.28101e-316 
3.51498e-316 3.51498e-316 3.51498e-316 
3.51453e-316 3.51453e-316 3.51453e-316 
0 0 0 0 
0 0 0 0 
0 0 0 0 
0 0 0 0 
0 0 0 0 
0 0 0 0 
0 0 0 0 
0 0 0 0 
0 0 0 0 
0 0 0 
0 0 0 
0 0 0 
0 0 0 
0 0 0 
0 0 0 
0 0 0 
0 0 0 
0 0 0 
0 0 0 0 
0 0 0 0 
0 0 0 0 
0 0 0 0 
0 0 0 0 
0 0 0 0 
0 0 0 0 
0 0 0 0 
0 0 0 0 
0 0 0 0 0 
0 0 0 0 0 
0 0 0 0 0 
0 0 0 0 0 
0 0 0 0 0 
0 0 0 0 0 
0 0 0 0 0 
0 0 0 0 0 
0 0 0 0 0 
R=7parameters: 
-0.682608 -0.682608 
0.078781 0.078781 
-0.0444615 -0.0444615 
-4.35664 -4.35664 
5.65 5.65 
3.39488e-316 3.39488e-316 
3.6763e+08 3.6763e+08 
-1.18534e+07 -1.18534e+07 
6.43787e+06 6.43787e+06 
1.9812e-321 1.9812e-321 1.9812e-321 
3.27824e-316 3.27824e-316 3.27824e-316 
1.05344e-233 1.05344e-233 1.05344e-233 
3.34538e-316 3.34538e-316 3.34538e-316 
3.33732e-316 3.33732e-316 3.33732e-316 
3.37878e-316 3.37878e-316 3.37878e-316 
3.37326e-316 3.37326e-316 3.37326e-316 
3.33918e-316 3.33918e-316 3.33918e-316 
3.33846e-316 3.33846e-316 3.33846e-316 
3.37784e-316 3.37784e-316 3.37784e-316 3.37784e-316 
0 0 0 0 
0 0 0 0 
0 0 0 0 
0 0 0 0 
0 0 0 0 
0 0 0 0 
0 0 0 0 
0 0 0 0 
0 0 0 
0 0 0 
0 0 0 
0 0 0 
0 0 0 
0 0 0 
0 0 0 
0 0 0 
0 0 0 
0 0 0 0 
0 0 0 0 
0 0 0 0 
0 0 0 0 
0 0 0 0 
0 0 0 0 
0 0 0 0 
0 0 0 0 
0 0 0 0 
0 0 0 0 0 
0 0 0 0 0 
0 0 0 0 0 
0 0 0 0 0 
0 0 0 0 0 
0 0 0 0 0 
0 0 0 0 0 
0 0 0 0 0 
0 0 0 0 0 
R=8parameters: 
-0.680207 -0.680207 
0.0802117 0.0802117 
-8.68043e-05 -8.68043e-05 
0.0829898 0.0829898 
-0.0605724 -0.0605724 
3.39488e-316 3.39488e-316 
3.6763e+08 3.6763e+08 
-1.18534e+07 -1.18534e+07 
6.43787e+06 6.43787e+06 
1.9812e-321 1.9812e-321 1.9812e-321 
3.27824e-316 3.27824e-316 3.27824e-316 
1.05344e-233 1.05344e-233 1.05344e-233 
3.00556e-316 3.00556e-316 3.00556e-316 
3.28101e-316 3.28101e-316 3.28101e-316 
3.51236e-316 3.51236e-316 3.51236e-316 
3.38692e-316 3.38692e-316 3.38692e-316 
3.39486e-316 3.39486e-316 3.39486e-316 
3.35025e-316 3.35025e-316 3.35025e-316 
3.38116e-316 3.38116e-316 3.38116e-316 3.38116e-316 
3.32179e-316 3.32179e-316 3.32179e-316 3.32179e-316 
3.37838e-316 3.37838e-316 3.37838e-316 3.37838e-316 
3.37912e-316 3.37912e-316 3.37912e-316 3.37912e-316 
3.38396e-316 3.38396e-316 3.38396e-316 3.38396e-316 
3.37942e-316 3.37942e-316 3.37942e-316 3.37942e-316 
3.38136e-316 3.38136e-316 3.38136e-316 3.38136e-316 
3.5124e-316 3.5124e-316 3.5124e-316 3.5124e-316 
0 0 0 0 
0 0 0 
0 0 0 
0 0 0 
0 0 0 
0 0 0 
0 0 0 
0 0 0 
0 0 0 
0 0 0 
0 0 0 0 
0 0 0 0 
0 0 0 0 
0 0 0 0 
0 0 0 0 
0 0 0 0 
0 0 0 0 
0 0 0 0 
0 0 0 0 
0 0 0 0 0 
0 0 0 0 0 
0 0 0 0 0 
0 0 0 0 0 
0 0 0 0 0 
0 0 0 0 0 
0 0 0 0 0 
0 0 0 0 0 
0 0 0 0 0 
R=9parameters: 
-0.678185 -0.678185 
0.0812788 0.0812788 
0.526687 0.526687 
0.472215 0.472215 
-9.10993 -9.10993 
3.39488e-316 3.39488e-316 
3.6763e+08 3.6763e+08 
-1.18534e+07 -1.18534e+07 
6.43787e+06 6.43787e+06 
1.9812e-321 1.9812e-321 1.9812e-321 
3.27824e-316 3.27824e-316 3.27824e-316 
1.05344e-233 1.05344e-233 1.05344e-233 
0 0 0 
3.51564e-316 3.51564e-316 3.51564e-316 
3.51562e-316 3.51562e-316 3.51562e-316 
3.34565e-316 3.34565e-316 3.34565e-316 
3.51563e-316 3.51563e-316 3.51563e-316 
3.28101e-316 3.28101e-316 3.28101e-316 
3.34301e-316 3.34301e-316 3.34301e-316 3.34301e-316 
3.33732e-316 3.33732e-316 3.33732e-316 3.33732e-316 
3.5127e-316 3.5127e-316 3.5127e-316 3.5127e-316 
3.37476e-316 3.37476e-316 3.37476e-316 3.37476e-316 
0 0 0 0 
0 0 0 0 
0 0 0 0 
0 0 0 0 
0 0 0 0 
0 0 0 
0 0 0 
0 0 0 
0 0 0 
0 0 0 
0 0 0 
0 0 0 
0 0 0 
0 0 0 
0 0 0 0 
0 0 0 0 
0 0 0 0 
0 0 0 0 
0 0 0 0 
0 0 0 0 
0 0 0 0 
0 0 0 0 
0 0 0 0 
0 0 0 0 0 
0 0 0 0 0 
0 0 0 0 0 
0 0 0 0 0 
0 0 0 0 0 
0 0 0 0 0 
0 0 0 0 0 
0 0 0 0 0 
0 0 0 0 0 
R=10parameters: 
-0.677077 -0.677077 
0.0819178 0.0819178 
-8.79232e-05 -8.79232e-05 
0.0940339 0.0940339 
-0.0685052 -0.0685052 
3.39488e-316 3.39488e-316 
3.6763e+08 3.6763e+08 
-1.18534e+07 -1.18534e+07 
6.43787e+06 6.43787e+06 
1.9812e-321 1.9812e-321 1.9812e-321 
3.27824e-316 3.27824e-316 3.27824e-316 
1.05344e-233 1.05344e-233 1.05344e-233 
3.51405e-316 3.51405e-316 3.51405e-316 
3.51347e-316 3.51347e-316 3.51347e-316 
3.51405e-316 3.51405e-316 3.51405e-316 
3.51422e-316 3.51422e-316 3.51422e-316 
3.51343e-316 3.51343e-316 3.51343e-316 
3.51402e-316 3.51402e-316 3.51402e-316 
3.50198e-316 3.50198e-316 3.50198e-316 3.50198e-316 
3.37817e-316 3.37817e-316 3.37817e-316 3.37817e-316 
3.51336e-316 3.51336e-316 3.51336e-316 3.51336e-316 
3.37309e-316 3.37309e-316 3.37309e-316 3.37309e-316 
3.34563e-316 3.34563e-316 3.34563e-316 3.34563e-316 
3.50197e-316 3.50197e-316 3.50197e-316 3.50197e-316 
3.34629e-316 3.34629e-316 3.34629e-316 3.34629e-316 
3.50194e-316 3.50194e-316 3.50194e-316 3.50194e-316 
3.51734e-316 3.51734e-316 3.51734e-316 3.51734e-316 
3.37476e-316 3.37476e-316 3.37476e-316 
3.5151e-316 3.5151e-316 3.5151e-316 
3.51402e-316 3.51402e-316 3.51402e-316 
3.33918e-316 3.33918e-316 3.33918e-316 
3.32179e-316 3.32179e-316 3.32179e-316 
3.38219e-316 3.38219e-316 3.38219e-316 
3.39734e-316 3.39734e-316 3.39734e-316 
3.38219e-316 3.38219e-316 3.38219e-316 
3.39734e-316 3.39734e-316 3.39734e-316 
0 0 0 0 
0 0 0 0 
0 0 0 0 
0 0 0 0 
0 0 0 0 
0 0 0 0 
0 0 0 0 
0 0 0 0 
0 0 0 0 
0 0 0 0 0 
0 0 0 0 0 
0 0 0 0 0 
0 0 0 0 0 
0 0 0 0 0 
0 0 0 0 0 
0 0 0 0 0 
0 0 0 0 0 
0 0 0 0 0 
R=11parameters: 
-0.676549 -0.676549 
0.082143 0.082143 
0.752086 0.752086 
1.01546 1.01546 
-11.5361 -11.5361 
3.39488e-316 3.39488e-316 
3.6763e+08 3.6763e+08 
-1.18534e+07 -1.18534e+07 
6.43787e+06 6.43787e+06 
1.9812e-321 1.9812e-321 1.9812e-321 
3.27824e-316 3.27824e-316 3.27824e-316 
1.05344e-233 1.05344e-233 1.05344e-233 
3.00556e-316 3.00556e-316 3.00556e-316 
3.31874e-316 3.31874e-316 3.31874e-316 
3.50197e-316 3.50197e-316 3.50197e-316 
3.30269e-316 3.30269e-316 3.30269e-316 
3.38219e-316 3.38219e-316 3.38219e-316 
3.50195e-316 3.50195e-316 3.50195e-316 
3.35025e-316 3.35025e-316 3.35025e-316 3.35025e-316 
3.38683e-316 3.38683e-316 3.38683e-316 3.38683e-316 
3.37785e-316 3.37785e-316 3.37785e-316 3.37785e-316 
3.37476e-316 3.37476e-316 3.37476e-316 3.37476e-316 
3.32663e-316 3.32663e-316 3.32663e-316 3.32663e-316 
3.51457e-316 3.51457e-316 3.51457e-316 3.51457e-316 
3.50194e-316 3.50194e-316 3.50194e-316 3.50194e-316 
3.31151e-316 3.31151e-316 3.31151e-316 3.31151e-316 
3.51592e-316 3.51592e-316 3.51592e-316 3.51592e-316 
3.51334e-316 3.51334e-316 3.51334e-316 
3.52366e-316 3.52366e-316 3.52366e-316 
3.33732e-316 3.33732e-316 3.33732e-316 
3.39519e-316 3.39519e-316 3.39519e-316 
3.37816e-316 3.37816e-316 3.37816e-316 
2.35816e-316 2.35816e-316 2.35816e-316 
3.51338e-316 3.51338e-316 3.51338e-316 
2.35816e-316 2.35816e-316 2.35816e-316 
3.51338e-316 3.51338e-316 3.51338e-316 
0 0 0 0 
0 0 0 0 
0 0 0 0 
0 0 0 0 
0 0 0 0 
0 0 0 0 
0 0 0 0 
0 0 0 0 
0 0 0 0 
0 0 0 0 0 
0 0 0 0 0 
0 0 0 0 0 
0 0 0 0 0 
0 0 0 0 0 
0 0 0 0 0 
0 0 0 0 0 
0 0 0 0 0 
0 0 0 0 0 
T Models:
(* Fitting with shape 1 1 1 1 1 1 1 1 1 1 0 0 *)
G[T_,xx_]:=Exp[0+xx[[1]]*T^1+xx[[2]]*T^2]*(1)
(* Fitting with shape 1 1 1 1 1 1 1 1 1 1 1 0 *)
G[T_,xx_]:=Exp[0+xx[[1]]*T^1+xx[[2]]*T^2]*(1)
(* Fitting with shape 1 1 1 1 1 1 1 1 1 1 1 1 *)
G[T_,xx_]:=Exp[0+xx[[1]]*T^1+xx[[2]]*T^2]*(1)
(* Fitting with shape 0 1 1 1 1 1 1 1 1 1 0 0 *)
G[T_,xx_]:=Exp[0+xx[[1]]*T^1+xx[[2]]*T^2]*(1)
(* Fitting with shape 0 1 1 1 1 1 1 1 1 1 1 0 *)
G[T_,xx_]:=Exp[0+xx[[1]]*T^1+xx[[2]]*T^2]*(1)
(* Fitting with shape 0 1 1 1 1 1 1 1 1 1 1 1 *)
G[T_,xx_]:=Exp[0+xx[[1]]*T^1+xx[[2]]*T^2]*(1)
(* Fitting with shape 0 0 1 1 1 1 1 1 1 1 0 0 *)
G[T_,xx_]:=Exp[0+xx[[1]]*T^1+xx[[2]]*T^2]*(1)
(* Fitting with shape 0 0 1 1 1 1 1 1 1 1 1 0 *)
G[T_,xx_]:=Exp[0+xx[[1]]*T^1+xx[[2]]*T^2]*(1)
(* Fitting with shape 0 0 1 1 1 1 1 1 1 1 1 1 *)
G[T_,xx_]:=Exp[0+xx[[1]]*T^1+xx[[2]]*T^2]*(1)
(* Fitting with shape 1 1 1 1 1 1 1 1 1 1 0 0 *)
G[T_,xx_]:=Exp[0+xx[[1]]*T^1+xx[[2]]*T^2]*(1+xx[[3]]/(T^1))
(* Fitting with shape 1 1 1 1 1 1 1 1 1 1 1 0 *)
G[T_,xx_]:=Exp[0+xx[[1]]*T^1+xx[[2]]*T^2]*(1+xx[[3]]/(T^1))
(* Fitting with shape 1 1 1 1 1 1 1 1 1 1 1 1 *)
G[T_,xx_]:=Exp[0+xx[[1]]*T^1+xx[[2]]*T^2]*(1+xx[[3]]/(T^1))
(* Fitting with shape 0 1 1 1 1 1 1 1 1 1 0 0 *)
G[T_,xx_]:=Exp[0+xx[[1]]*T^1+xx[[2]]*T^2]*(1+xx[[3]]/(T^1))
(* Fitting with shape 0 1 1 1 1 1 1 1 1 1 1 0 *)
G[T_,xx_]:=Exp[0+xx[[1]]*T^1+xx[[2]]*T^2]*(1+xx[[3]]/(T^1))
(* Fitting with shape 0 1 1 1 1 1 1 1 1 1 1 1 *)
G[T_,xx_]:=Exp[0+xx[[1]]*T^1+xx[[2]]*T^2]*(1+xx[[3]]/(T^1))
(* Fitting with shape 0 0 1 1 1 1 1 1 1 1 0 0 *)
G[T_,xx_]:=Exp[0+xx[[1]]*T^1+xx[[2]]*T^2]*(1+xx[[3]]/(T^1))
(* Fitting with shape 0 0 1 1 1 1 1 1 1 1 1 0 *)
G[T_,xx_]:=Exp[0+xx[[1]]*T^1+xx[[2]]*T^2]*(1+xx[[3]]/(T^1))
(* Fitting with shape 0 0 1 1 1 1 1 1 1 1 1 1 *)
G[T_,xx_]:=Exp[0+xx[[1]]*T^1+xx[[2]]*T^2]*(1+xx[[3]]/(T^1))
(* Fitting with shape 1 1 1 1 1 1 1 1 1 1 0 0 *)
G[T_,xx_]:=Exp[0+xx[[1]]*T^1+xx[[2]]*T^2]*(1+xx[[3]]/(T^1)+xx[[4]]/(T^2))
(* Fitting with shape 1 1 1 1 1 1 1 1 1 1 1 0 *)
G[T_,xx_]:=Exp[0+xx[[1]]*T^1+xx[[2]]*T^2]*(1+xx[[3]]/(T^1)+xx[[4]]/(T^2))
(* Fitting with shape 1 1 1 1 1 1 1 1 1 1 1 1 *)
G[T_,xx_]:=Exp[0+xx[[1]]*T^1+xx[[2]]*T^2]*(1+xx[[3]]/(T^1)+xx[[4]]/(T^2))
(* Fitting with shape 0 1 1 1 1 1 1 1 1 1 0 0 *)
G[T_,xx_]:=Exp[0+xx[[1]]*T^1+xx[[2]]*T^2]*(1+xx[[3]]/(T^1)+xx[[4]]/(T^2))
(* Fitting with shape 0 1 1 1 1 1 1 1 1 1 1 0 *)
G[T_,xx_]:=Exp[0+xx[[1]]*T^1+xx[[2]]*T^2]*(1+xx[[3]]/(T^1)+xx[[4]]/(T^2))
(* Fitting with shape 0 1 1 1 1 1 1 1 1 1 1 1 *)
G[T_,xx_]:=Exp[0+xx[[1]]*T^1+xx[[2]]*T^2]*(1+xx[[3]]/(T^1)+xx[[4]]/(T^2))
(* Fitting with shape 0 0 1 1 1 1 1 1 1 1 0 0 *)
G[T_,xx_]:=Exp[0+xx[[1]]*T^1+xx[[2]]*T^2]*(1+xx[[3]]/(T^1)+xx[[4]]/(T^2))
(* Fitting with shape 0 0 1 1 1 1 1 1 1 1 1 0 *)
G[T_,xx_]:=Exp[0+xx[[1]]*T^1+xx[[2]]*T^2]*(1+xx[[3]]/(T^1)+xx[[4]]/(T^2))
(* Fitting with shape 0 0 1 1 1 1 1 1 1 1 1 1 *)
G[T_,xx_]:=Exp[0+xx[[1]]*T^1+xx[[2]]*T^2]*(1+xx[[3]]/(T^1)+xx[[4]]/(T^2))
(* Fitting with shape 1 1 1 1 1 1 1 1 1 1 0 0 *)
G[T_,xx_]:=Exp[0+xx[[1]]*T^1+xx[[2]]*T^2+xx[[3]]*T^3]*(1)
(* Fitting with shape 1 1 1 1 1 1 1 1 1 1 1 0 *)
G[T_,xx_]:=Exp[0+xx[[1]]*T^1+xx[[2]]*T^2+xx[[3]]*T^3]*(1)
(* Fitting with shape 1 1 1 1 1 1 1 1 1 1 1 1 *)
G[T_,xx_]:=Exp[0+xx[[1]]*T^1+xx[[2]]*T^2+xx[[3]]*T^3]*(1)
(* Fitting with shape 0 1 1 1 1 1 1 1 1 1 0 0 *)
G[T_,xx_]:=Exp[0+xx[[1]]*T^1+xx[[2]]*T^2+xx[[3]]*T^3]*(1)
(* Fitting with shape 0 1 1 1 1 1 1 1 1 1 1 0 *)
G[T_,xx_]:=Exp[0+xx[[1]]*T^1+xx[[2]]*T^2+xx[[3]]*T^3]*(1)
(* Fitting with shape 0 1 1 1 1 1 1 1 1 1 1 1 *)
G[T_,xx_]:=Exp[0+xx[[1]]*T^1+xx[[2]]*T^2+xx[[3]]*T^3]*(1)
(* Fitting with shape 0 0 1 1 1 1 1 1 1 1 0 0 *)
G[T_,xx_]:=Exp[0+xx[[1]]*T^1+xx[[2]]*T^2+xx[[3]]*T^3]*(1)
(* Fitting with shape 0 0 1 1 1 1 1 1 1 1 1 0 *)
G[T_,xx_]:=Exp[0+xx[[1]]*T^1+xx[[2]]*T^2+xx[[3]]*T^3]*(1)
(* Fitting with shape 0 0 1 1 1 1 1 1 1 1 1 1 *)
G[T_,xx_]:=Exp[0+xx[[1]]*T^1+xx[[2]]*T^2+xx[[3]]*T^3]*(1)
(* Fitting with shape 1 1 1 1 1 1 1 1 1 1 0 0 *)
G[T_,xx_]:=Exp[0+xx[[1]]*T^1+xx[[2]]*T^2+xx[[3]]*T^3]*(1+xx[[4]]/(T^1))
(* Fitting with shape 1 1 1 1 1 1 1 1 1 1 1 0 *)
G[T_,xx_]:=Exp[0+xx[[1]]*T^1+xx[[2]]*T^2+xx[[3]]*T^3]*(1+xx[[4]]/(T^1))
(* Fitting with shape 1 1 1 1 1 1 1 1 1 1 1 1 *)
G[T_,xx_]:=Exp[0+xx[[1]]*T^1+xx[[2]]*T^2+xx[[3]]*T^3]*(1+xx[[4]]/(T^1))
(* Fitting with shape 0 1 1 1 1 1 1 1 1 1 0 0 *)
G[T_,xx_]:=Exp[0+xx[[1]]*T^1+xx[[2]]*T^2+xx[[3]]*T^3]*(1+xx[[4]]/(T^1))
(* Fitting with shape 0 1 1 1 1 1 1 1 1 1 1 0 *)
G[T_,xx_]:=Exp[0+xx[[1]]*T^1+xx[[2]]*T^2+xx[[3]]*T^3]*(1+xx[[4]]/(T^1))
(* Fitting with shape 0 1 1 1 1 1 1 1 1 1 1 1 *)
G[T_,xx_]:=Exp[0+xx[[1]]*T^1+xx[[2]]*T^2+xx[[3]]*T^3]*(1+xx[[4]]/(T^1))
(* Fitting with shape 0 0 1 1 1 1 1 1 1 1 0 0 *)
G[T_,xx_]:=Exp[0+xx[[1]]*T^1+xx[[2]]*T^2+xx[[3]]*T^3]*(1+xx[[4]]/(T^1))
(* Fitting with shape 0 0 1 1 1 1 1 1 1 1 1 0 *)
G[T_,xx_]:=Exp[0+xx[[1]]*T^1+xx[[2]]*T^2+xx[[3]]*T^3]*(1+xx[[4]]/(T^1))
(* Fitting with shape 0 0 1 1 1 1 1 1 1 1 1 1 *)
G[T_,xx_]:=Exp[0+xx[[1]]*T^1+xx[[2]]*T^2+xx[[3]]*T^3]*(1+xx[[4]]/(T^1))
(* Fitting with shape 1 1 1 1 1 1 1 1 1 1 0 0 *)
G[T_,xx_]:=Exp[0+xx[[1]]*T^1+xx[[2]]*T^2+xx[[3]]*T^3]*(1+xx[[4]]/(T^1)+xx[[5]]/(T^2))
(* Fitting with shape 1 1 1 1 1 1 1 1 1 1 1 0 *)
G[T_,xx_]:=Exp[0+xx[[1]]*T^1+xx[[2]]*T^2+xx[[3]]*T^3]*(1+xx[[4]]/(T^1)+xx[[5]]/(T^2))
(* Fitting with shape 1 1 1 1 1 1 1 1 1 1 1 1 *)
G[T_,xx_]:=Exp[0+xx[[1]]*T^1+xx[[2]]*T^2+xx[[3]]*T^3]*(1+xx[[4]]/(T^1)+xx[[5]]/(T^2))
(* Fitting with shape 0 1 1 1 1 1 1 1 1 1 0 0 *)
G[T_,xx_]:=Exp[0+xx[[1]]*T^1+xx[[2]]*T^2+xx[[3]]*T^3]*(1+xx[[4]]/(T^1)+xx[[5]]/(T^2))
(* Fitting with shape 0 1 1 1 1 1 1 1 1 1 1 0 *)
G[T_,xx_]:=Exp[0+xx[[1]]*T^1+xx[[2]]*T^2+xx[[3]]*T^3]*(1+xx[[4]]/(T^1)+xx[[5]]/(T^2))
(* Fitting with shape 0 1 1 1 1 1 1 1 1 1 1 1 *)
G[T_,xx_]:=Exp[0+xx[[1]]*T^1+xx[[2]]*T^2+xx[[3]]*T^3]*(1+xx[[4]]/(T^1)+xx[[5]]/(T^2))
(* Fitting with shape 0 0 1 1 1 1 1 1 1 1 0 0 *)
G[T_,xx_]:=Exp[0+xx[[1]]*T^1+xx[[2]]*T^2+xx[[3]]*T^3]*(1+xx[[4]]/(T^1)+xx[[5]]/(T^2))
(* Fitting with shape 0 0 1 1 1 1 1 1 1 1 1 0 *)
G[T_,xx_]:=Exp[0+xx[[1]]*T^1+xx[[2]]*T^2+xx[[3]]*T^3]*(1+xx[[4]]/(T^1)+xx[[5]]/(T^2))
(* Fitting with shape 0 0 1 1 1 1 1 1 1 1 1 1 *)
G[T_,xx_]:=Exp[0+xx[[1]]*T^1+xx[[2]]*T^2+xx[[3]]*T^3]*(1+xx[[4]]/(T^1)+xx[[5]]/(T^2))
Probabilities: 
         0          0          0          0          0          0          0          0          0          0          0          0          0          0          0          0          0          0          0          0          0          0          0          0          0          0          0          0          0          0          0          0          0          0          0          0          0          0          0          0          0          0          0          0          0          0          0          0          0          0          0          1          0          0
         0          0          0          0          0          0          0          0          0          0          0          0          0          0          0          0          0          0          0          0          0          0          0          0 0.00843229          0          0          0          0          0          0          0          0          0          0          0          0          0          0          0          0          0   0.524083          0          0          0          0          0          0          0          0   0.467485          0          0
         0          0          0          0          0          0          0          0          0          0          0          0          0          0          0          0          0          0          0          0          0          0          0          0   0.052958          0          0          0          0          0          0          0          0          0          0          0          0          0          0          0          0          0    0.65891          0          0          0          0          0          0          0          0   0.288133          0          0
         0          0          0          0          0          0          0          0          0          0          0          0          0          0          0          0          0          0          0          0          0          0          0          0   0.106762          0          0          0          0          0          0          0          0          0          0          0          0          0          0          0          0          0    0.64806          0          0          0          0          0          0          0          0   0.245178          0          0
         0          0          0          0          0          0          0          0          0          0          0          0          0          0          0          0          0          0          0          0          0          0          0          0   0.169989          0          0          0          0          0          0          0          0          0          0          0          0          0          0          0          0          0   0.605702          0          0          0          0          0          0          0          0   0.224309          0          0
         0          0          0          0          0          0          0          0          0          0          0          0          0          0          0          0          0          0          0          0          0          0          0          0   0.226607          0          0          0          0          0          0          0          0          0          0          0          0          0          0          0          0          0   0.564998          0          0          0          0          0          0          0          0   0.208395          0          0
         0          0          0          0          0          0          0          0          0          0          0          0          0          0          0          0          0          0          0          0          0          0          0          0          0          0          0          0          0          0          0          0          0          0          0          0          0          0          0          0          0          0   0.730354          0          0          0          0          0          0          0          0   0.269646          0          0
         0          0          0          0          0          0          0          0          0          0          0          0          0          0          0          0          0          0          0          0          0          0          0          0    0.30624          0          0          0          0          0          0          0          0          0          0          0          0          0          0          0          0          0   0.506709          0          0          0          0          0          0          0          0   0.187051          0          0
         0          0          0          0          0          0          0          0          0          0          0          0          0          0          0          0          0          0          0          0          0          0          0          0   0.332065          0          0          0          0          0          0          0          0          0          0          0          0          0          0          0          0          0    0.48765          0          0          0          0          0          0          0          0   0.180285          0          0
         0          0          0          0          0          0          0          0          0          0          0          0          0          0          0          0          0          0          0          0          0          0          0          0   0.351921          0          0          0          0          0          0          0          0          0          0          0          0          0          0          0          0          0   0.472737          0          0          0          0          0          0          0          0   0.175342          0          0
         0          0          0          0          0          0          0          0          0          0          0          0          0          0          0  0.0127072          0          0          0          0          0          0          0          0   0.349144          0          0          0          0          0          0          0          0          0          0          0          0          0          0          0          0          0   0.465728          0          0          0          0          0          0          0          0   0.172421          0          0
         0          0          0          0          0          0          0          0          0          0          0          0          0          0          0   0.039136          0          0          0          0          0          0          0          0   0.960864          0          0          0          0          0          0          0          0          0          0          0          0          0          0          0          0          0          0          0          0          0          0          0          0          0          0          0          0          0

Values: 
 0.040511 0.0405124 0.0405207 0.0406474 0.0406459 0.0406556 0.0406602 0.0406577 0.0406675 0.0406645 0.0406637 0.0406747 0.0405644 0.0405631 0.0405705 0.0404954  0.616763 0.0404954 0.0404911 0.0404883 0.0404929 0.0403825 0.0403739 0.0403738 0.0403241  0.040312 0.0403085   1.13273   1.12499   1.11638   1.08995    1.0927   1.09264   1.24001   1.20782   1.01464  0.954751 0.0413994   0.92511 0.0411998 0.0411575  0.041093 0.0410313   1.50945 0.0409423 0.0410448  0.834509  0.819318  0.879324   1.32115   1.15129 0.0407706 0.0407791 -0.945939
0.0561055 0.0560995 0.0560742   0.18895 0.0563345 0.0562558    0.2653  0.111141 0.0563223 0.0565163  0.125871 0.0563435 0.0564977  0.225034  0.217852 0.0564125 0.0563504 0.0563136 0.0564003 0.0563262 0.0562848 0.0562349 0.0561782 0.0561555 0.0561541 0.0560947  0.056076   1.13183   1.12508   1.12576   1.09567   1.11176   1.11439  0.994644  0.966433  0.968049  0.947506  0.955864  0.057945   1.21209 0.0577073   1.16509 0.0574198 0.0574127 0.0572747  0.944154 -0.171024  0.840593  0.056994  0.057074  0.578874 0.0570546 0.0572171 0.0568734
0.0636836 0.0636397 0.0635844  0.299687 0.0639813 0.0638187 0.0643866 0.0641377 0.0639727  0.064378 0.0641544 0.0639792 0.0644324 0.0642317 0.0641403 0.0643111 0.0641665  0.064119  0.346524 0.0641294  0.331764 0.0640456 0.0639147  0.471385 0.0639349 0.0637951 0.0637798   1.12426   1.11964   1.12354   1.35957   1.31191   1.32824   1.06898  0.989937  0.994676  0.952005  0.959871  0.960978  0.979365   1.00545 0.0660062 0.0657216 0.0657739   4.88138  0.917727 0.0658522 0.0656376 0.0650803 0.0653301 0.0650081 0.0653708    4.9143  0.065058
0.0685233  0.068397  0.079201 0.0692711  0.246667 0.0686887 0.0696083 0.0691668 0.0689178 0.0695793 0.0691898  0.068937 0.0696214  0.295147  0.320553 0.0694174  0.069183  0.069135 0.0694212 0.0691482 0.0690715 0.0690627 0.0688445 0.0688279 0.0689382 0.0687048 0.0686962   1.10363   1.07847   1.10911   1.12127     1.125   1.12345   1.03246   1.30265   1.04151  0.964946 -0.144309  0.964145 0.0718741 0.0719137   1.07083 0.0711799 0.0713127 0.0710069 0.0713499  0.835503  0.827403 0.0703121  -1.33973 0.0703057 0.0709408 0.0718187 0.0705082
0.0720275 0.0718384 0.0717402  0.620177 0.0726088  0.319569 0.0735032 0.0728953  0.167494  0.073474 0.0729478 0.0726189 0.0734989 0.0730476 0.0728822 0.0732324  0.443488  0.072866 0.0732456 0.0728703 0.0727721  0.278974  0.316367 0.0724865 0.0726647 0.0723396 0.0723378 0.0775921  0.566746   1.08036   1.25377   1.18702   1.13894   1.05442   1.30302   1.34465  0.941351  0.940863  0.846047  0.126749   1.09737 0.0759676  0.075297  0.075516 0.0751277  0.872836  0.888066  0.817302 0.0741736 0.0748792 0.0742604 0.0751265 0.0764806 0.0745912
0.0749133 0.0746561 0.0745339 0.0762352 0.0756285  0.288441  0.335771  0.459723  0.075504 0.0766582 0.0759981 0.0756248 0.0766061 0.0760396  0.075853 0.0762812  0.481034   0.62648  0.209146 0.0758265 0.0757224 0.0757666 0.0753961  0.323199 0.0756325  0.109118 0.0752452   1.07421   1.07101   1.07241   1.11531   1.09506   1.25879   1.05655   1.03218   1.06116 0.0806949   0.94525  0.964521  0.998684   0.81567         1 0.0785724 0.0788596  0.964403  0.878581 0.0791912  0.838934   -887.59 0.0780874  0.848141  0.078428 0.0801891 -0.938571
0.0772499 0.0769309 0.0767918 0.0787812 0.0780542  0.221397 0.0792612  0.383976 0.0779048  0.079238  0.078465 0.0780428 0.0791409 0.0784894 0.0782917  0.078754 0.0783001 0.0782873 0.0787818   1.39009 0.0781394 0.0781682 0.0777424 0.0777814  0.644816 0.0775678 0.0776133  0.084449  0.818505 0.0835222   1.17941   1.14324   1.12154   1.03187   1.04661   1.00089  0.949146  0.948154  0.963671  0.082523 0.0826613  0.989761 0.0812058         1  0.754154  0.883327  0.882268 0.0814572  0.965108  -4.99293  0.350302 0.0809923 0.0832032   1.51591
0.0791868  0.078781 0.0786276 0.0809006 0.0800549 0.0795906 0.0813863 0.0803704   0.17723  0.081358 0.0804856  0.080049 0.0811832 0.0804556 0.0802624  0.080739 0.0802343  0.567256 0.0807759 0.0801691  0.176585   0.33921  0.318788 0.0796833 0.0799642 0.0794342  0.136052 0.0869599   1.04205   1.08972   1.11309   1.10872   1.09747  0.998988   1.00501   1.30529  0.466436  0.952029  0.963496 0.0848112  0.662021  0.899395 0.0833274 0.0837243 0.0831045  0.883079 0.0842289  0.864029 0.0814718  0.832857 0.0816087 0.0830788   4.86523 0.0818982
0.0806849 0.0802117 0.0800447 0.0825426 0.0816185  0.081127 0.0830411  0.451113  0.170508 0.0829973 0.0820619 0.0816099 0.0827709 0.0819889  0.081789 0.0822741 0.0817305  0.695062 0.0823247 0.0816699   1.51559 0.0815764 0.0810607 0.0811462 0.0814674 0.0808863 0.0809747   1.05292   1.04809     0.088   1.10174   1.10372   1.10785  0.996987   1.08209   1.07117  0.393429  0.952696         1 0.0865461 0.0867387  0.981928 0.0849019  0.708752 0.0847101   0.88424 0.0859458 0.0853159 0.0828324 0.0841906  0.083065 0.0845648 0.0875517  0.795656
0.0818019 0.0812788 0.0811121  0.228202 0.0827548  0.283472 0.0842502  0.268994  0.442396 0.0885264 0.0831973  0.118561  0.279407 0.0830849 0.0828948  0.453146 0.0827816 0.0828188   0.08342 0.0827305    1.5484 0.0826139  0.082063 0.0821629  0.082523  0.081895 0.0819963 0.0902468  0.994673   1.07504   1.09385    1.2522   1.11639   1.31105   1.03357   1.05241  0.974755 -0.353136         1 0.0877403  0.682443 0.0873889 0.0859657   0.08647  0.796483 0.0866937 0.0871264  0.898433  0.083715  0.085209 0.0840223 0.0854921 0.0888501 0.0844121
0.0824665 0.0819178 0.0817442  0.267159  0.213946  0.212578  0.084961 0.0837836  0.083284 0.0848754 0.0838781  0.083453 0.0845653 0.0837241 0.0835369 0.0839795 0.0833773 0.0834261 0.0840589  0.871544   1.46578 0.0832132 0.0826299 0.0827413 0.0831281 0.0824597 0.0825687   1.06341 0.0909822 -0.734854   1.26717   1.27693   1.28605   1.24386  0.980097  0.999349  0.973156  0.973987         1  0.718841  0.708051  0.986953 0.0866357   0.99733 0.0864981  0.867403  0.868281 0.0871989  0.757856 0.0859204   1.21034 0.0861954 0.0898468   0.71606
0.0826908  0.082143 0.0819761 0.0846707 0.0836756 0.0832108 0.0851873 0.0840254  0.292302 0.0850963 0.0841099 0.0836938   0.36018  0.363192 0.0837656 0.0841819 0.0835905 0.0836409  0.084263  0.896457   1.45495 0.0834064 0.0828341 0.0829429 0.0833257 0.0826693 0.0827752   1.04182 0.0912611  0.493403   1.21327 0.0908435   1.23312  0.966712  0.970218  0.985073  0.972866  0.973765         1  0.955376 0.0889578 0.0883728   0.62444 0.0873886 0.0866939  0.859163 0.0880953   0.91775 0.0844584  0.924684 0.0848364 -0.113693 0.0899989  0.744027

Errors: 
8.40876e-06 8.40583e-06 8.36374e-06 8.77242e-06 8.77258e-06  8.7498e-06 8.78929e-06 8.78883e-06  8.7662e-06 8.68632e-06 8.69405e-06  8.6587e-06 8.86339e-06 8.86386e-06 8.84366e-06 9.12098e-06           1 9.10178e-06 9.09545e-06 9.14761e-06  9.1357e-06  1.0038e-05 9.97946e-06 9.98242e-06 1.16946e-05 1.15538e-05 1.15058e-05           0           0           0           0           0           0     1.00001           1     1.00001 0.000338015 1.40881e-05 5.73203e-06 1.87313e-05 1.69427e-05 1.52578e-05 2.42697e-05 0.000402396 1.87833e-05 2.25218e-05 5.55023e-07    0.416786 0.000121544 8.09277e-06 7.60688e-05 7.50267e-05 5.32859e-05 3.10971e-05
2.56274e-05 2.50376e-05  2.4605e-05           0 2.64493e-05 2.57109e-05           0           1  2.6079e-05 2.77502e-05           1 2.59259e-05 2.78564e-05           0           0 2.94243e-05 2.69278e-05 2.67322e-05 2.80869e-05 2.92002e-05 2.61201e-05 3.01701e-05 2.82977e-05 2.71117e-05 3.44319e-05 3.22246e-05 3.00864e-05           0           0           0           0           0           0           0           0     1.00028           0           0 4.71448e-05     1.00019 5.76385e-05     1.00001 8.09543e-05  7.4548e-05 6.61113e-05 6.88179e-05  0.00010915    0.701139 0.000134489 0.000116581 0.000247496 0.000285296 0.000190413 0.000147226
5.07056e-05  4.8306e-05 4.67792e-05           0 5.12829e-05 4.87358e-05 5.71011e-05 5.26164e-05 4.98428e-05 5.64574e-05 5.23789e-05 4.79586e-05 5.73774e-05 5.34695e-05 5.08425e-05 5.78852e-05 5.35245e-05 5.10648e-05           0 5.29978e-05           0 6.26596e-05 5.57736e-05           0 6.99928e-05 6.48388e-05  6.0013e-05           0           0           0     1.00002           1     1.00001     1.00072           0           0           0           0           0           1           1 0.000109744 0.000166651 0.000149832     1.00064 0.000489725 0.000142005 0.000128133 0.000280822 0.000241917 0.000206698 0.000627452           1 0.000313621
8.51392e-05 7.97496e-05           1 9.47394e-05           0 8.13344e-05 9.79984e-05 8.83779e-05 8.35462e-05 9.68139e-05 8.64949e-05 8.34589e-05 9.80651e-05           0           0 9.93076e-05 9.00431e-05 8.69991e-05 9.78797e-05 9.03074e-05 8.53371e-05 0.000106591 9.56981e-05 8.87731e-05 0.000122524 0.000107473 0.000101555           0           0           0           0           0           0     1.01579     1.00058     1.00213           0           0           0 0.000204742 0.000194925           0  0.00027487  0.00025952 0.000236887  0.00024872    0.929625     1.26086 0.000471344 0.000896324 0.000358454   0.0010387 0.000692478 0.000535747
0.000124804 0.000116078 0.000111891           0 0.000128732           0 0.000146539 0.000130678           0 0.000149385 0.000130524 0.000124597 0.000145215 0.000132492 0.000126461 0.000147953           0 0.000127213 0.000145983 0.000132055 0.000126218           0           0 0.000132132 0.000178648 0.000159715 0.000150709 0.000246283           0           0           0           0           0     1.00418     1.00022     1.00063           0           0           0           1           1 0.000265583 0.000403398 0.000374341 0.000355191     1.11043 0.000413492    0.763227 0.000686308 0.000600622 0.000527443  0.00151963   0.0010207  0.00078038
0.000168747  0.00015367  0.00014999 0.000191507 0.000172959           0           0           0 0.000166733 0.000195109 0.000178569 0.000165884 0.000199316 0.000180284 0.000171315 0.000198708           0           0           0 0.000180144 0.000173829 0.000213529 0.000186347           0 0.000244454     1.00001 0.000200928           0           0           0           0           0           0     1.00643     1.00712     1.00844 0.000336224           0           0     1.00002     1.00001           0 0.000526582 0.000502067      1.0081     1.27866 0.000434024     1.65629  0.00383623 0.000790716 0.000337528  0.00202696  0.00136785 0.000603215
0.000211961 0.000202618 0.000190468 0.000241698 0.000218167           0  0.00024849           0 0.000210486 0.000248427 0.000231838 0.000212286 0.000247186 0.000225358 0.000215045 0.000251221 0.000226444 0.000217314 0.000250551           0 0.000218078 0.000266268 0.000237656 0.000221447           0 0.000268155 0.000235474 0.000394277           0 0.000376991           0           0           0     1.03851      1.0108    0.970925           0           0           0  0.00046067 0.000447884     1.00038 0.000655318           0     1.00002     1.38094     1.33745 0.000498567     1.00001     1.00499    0.103572  0.00253913  0.00171255  0.00254243
0.000255736 0.000237689 0.000232215  0.00029151 0.000261863 0.000243071 0.000298154 0.000267215           0 0.000293241 0.000270719 0.000258777 0.000293775 0.000270774 0.000258495 0.000300226 0.000271512           0 0.000296221  0.00027078           0           0           0 0.000265798 0.000375392 0.000327114     1.00002 0.000448538           0           0           0           0           0           0           0     1.00054           0           0           0 0.000539715           1     1.00023 0.000751536 0.000722994 0.000666278     1.43339 0.000628811     1.61599  0.00130339     1.00001    0.001029  0.00300295     1.02737  0.00153353
0.000295813 0.000271506 0.000262826 0.000337605 0.000301507 0.000288983 0.000339208           0           0 0.000337495 0.000307671 0.000296992 0.000338816 0.000309763 0.000299964 0.000350113 0.000322291           0 0.000341744 0.000310595           0 0.000367169 0.000332424 0.000304366 0.000418403 0.000374024 0.000342103           0           0 0.000488466           0           0           0           0     1.00597     1.00839           0           0           0 0.000622494 0.000588845     1.00051  0.00083808     1.00003 0.000748837      1.5166 0.000701058 0.000656869  0.00146617  0.00129039  0.00116438  0.00339312  0.00234548     1.00001
0.000327354 0.000304715  0.00029384           0 0.000334939           0 0.000375421           0           0           0 0.000340497           0           0 0.000337753 0.000333854           0 0.000342436 0.000329544 0.000379726 0.000359003           0 0.000404594 0.000353942 0.000339315 0.000462951 0.000405422 0.000387564 0.000552936           0           0           0           0           0     1.00161     1.01723     1.01895           0      1.0023           0 0.000683973     1.00001 0.000604655 0.000910839 0.000855996     1.00029 0.000818993 0.000756799     1.65667  0.00158814  0.00139612  0.00128704  0.00367781  0.00249981  0.00188775
0.000348821 0.000321867  0.00031193           0           0           0 0.000395461 0.000372277 0.000345528 0.000391042 0.000358851 0.000350383 0.000390952 0.000360485 0.000351812 0.000408172 0.000366111 0.000349688 0.000391841           0           0  0.00042657 0.000383908 0.000374866 0.000487823 0.000412229 0.000410793           0 0.000573254           0           0           0           0     1.00081           0           0           0           0           0           1           1     1.00059 0.000958144    0.992987 0.000850891     1.52199      1.4938 0.000783998     1.00001  0.00146586  0.00936027  0.00385591    0.002622     1.00001
0.000356043 0.000329383 0.000320135 0.000396721 0.000368312  0.00034503 0.000403206 0.000386142           0 0.000399339 0.000367575 0.000354193           0           0 0.000365761 0.000404725 0.000369772 0.000358369 0.000408551           0           0 0.000432994 0.000381958 0.000361204 0.000492403  0.00042261  0.00041348           0 0.000575856           0           0 0.000568825           0           0     1.02049           0           0           0           0           0  0.00067991 0.000645453           1 0.000915979 0.000869484     1.83254 0.000809112    0.619182   0.0017322     1.00002  0.00135288 0.000781616  0.00266931     1.00003

Statuses: 
0 0 0 0 0 0 0 0 0 0 0 0 0 0 0 0 3 0 0 0 0 0 0 0 0 0 0 3 3 3 3 3 3 3 3 3 3 0 3 0 0 0 0 3 0 0 3 3 3 3 3 0 0 0
0 0 0 3 0 0 3 3 0 0 3 0 0 3 3 0 0 0 0 0 0 0 0 0 0 0 0 3 3 3 3 3 3 3 3 3 3 3 0 3 0 3 0 0 0 3 0 3 0 0 3 0 0 0
0 0 0 3 0 0 0 0 0 0 0 0 0 0 0 0 0 0 3 0 3 0 0 3 0 0 0 3 3 3 3 3 3 3 3 3 3 3 3 3 3 0 0 0 3 3 0 0 0 0 0 0 3 0
0 0 3 0 3 0 0 0 0 0 0 0 0 3 3 0 0 0 0 0 0 0 0 0 0 0 0 3 3 3 3 3 3 3 3 3 3 3 3 0 0 3 0 0 0 0 3 3 0 0 0 0 0 0
0 0 0 3 0 3 0 0 3 0 0 0 0 0 0 0 3 0 0 0 0 3 3 0 0 0 0 0 3 3 3 3 3 3 3 3 3 3 3 3 3 0 0 0 0 3 3 3 0 0 0 0 0 0
0 0 0 0 0 3 3 3 0 0 0 0 0 0 0 0 3 3 3 0 0 0 0 3 0 3 0 3 3 3 3 3 3 3 3 3 0 3 3 3 3 3 0 0 3 3 0 3 1 0 3 0 0 0
0 0 0 0 0 3 0 3 0 0 0 0 0 0 0 0 0 0 0 3 0 0 0 0 3 0 0 0 3 0 3 3 3 3 3 3 3 3 3 0 0 3 0 3 3 3 3 0 3 3 3 0 0 3
0 0 0 0 0 0 0 0 3 0 0 0 0 0 0 0 0 3 0 0 3 3 3 0 0 0 3 0 3 3 3 3 3 3 3 3 3 3 3 0 3 3 0 0 0 3 0 3 0 3 0 0 3 0
0 0 0 0 0 0 0 3 3 0 0 0 0 0 0 0 0 3 0 0 3 0 0 0 0 0 0 3 3 0 3 3 3 3 3 3 3 3 3 0 0 3 0 3 0 3 0 0 0 0 0 0 0 3
0 0 0 3 0 3 0 3 3 3 0 3 3 0 0 3 0 0 0 0 3 0 0 0 0 0 0 0 3 3 3 3 3 3 3 3 3 3 3 0 3 0 0 0 3 0 0 3 0 0 0 0 0 0
0 0 0 3 3 3 0 0 0 0 0 0 0 0 0 0 0 0 0 3 3 0 0 0 0 0 0 3 0 3 3 3 3 3 3 3 3 3 3 3 3 3 0 3 0 3 3 0 3 0 3 0 0 3
0 0 0 0 0 0 0 0 3 0 0 0 3 3 0 0 0 0 0 3 3 0 0 0 0 0 0 3 0 3 3 0 3 3 3 3 3 3 3 3 0 0 3 0 0 3 0 3 0 3 0 0 0 3
chisq per dof: 
11.0683 9.97352 9.14076 9.20879 8.35558 7.68982 7.67276 7.09351 6.50855 6.45703 6.03992 5.64465 3.39877 3.32762 3.14728 2.42222 92358.9 2.22667 2.58844 2.54162 2.41772 1.98949 1.89766 1.79708 2.07161 1.91929 1.77821  262151  229716  221674  276218  255688  225244  199723  167622  157008  425620 2.41934  282819 1.99293 1.85847 1.81809 2.03191  158559 1.73381 2.08499  346293  294197  352491  333339  269684 2.67777 2.25837 26115.1
4.41645 4.03776 3.75678    2238 3.59195 3.43194  4154.5 1068.27  3.2131  3.1437 1184.49 2.92821  2.1619 2752.09 2434.58 1.85917  1.7805 1.70232 1.97317 1.92459 1.84564  1.8524 1.74601 1.64722 2.02452 1.85624 1.71687 28407.3 26534.9 23732.3 29117.8 26685.1 23405.7 21666.9 18182.7 15604.3   44527 40285.1  1.7574 34176.2  1.7186 25860.2 2.01008 1.80814 1.69226 51888.1 2910.47   31797 2.25709 2.00766 27158.3 2.67598   2.258 2.01778
2.92582 2.71815 2.56183 1119.98 2.49944 2.41844 2.46617  2.3887  2.3132 2.30911 2.24873 2.21105 1.82959 1.80638  1.7404 1.71964  1.6504 1.56743 7540.56 1.76321 5649.88 1.82476 1.71632 2000.38 2.01509 1.84149 1.70173 8522.99 7669.27  6898.1 8048.24 6863.73 5751.61 6382.98 5326.19 4662.27 13106.7 11761.4 10307.8 10145.8 8628.08 1.61698 2.00627 1.80597 4619.97 14791.3 1.84919 1.74241 2.25615 2.00923 1.84876 2.67422    6678 2.01845
2.38662 2.24718 14.3827 2.16265 285.908 2.02949 2.05121 2.02387 1.96661 1.98525 1.95581 1.91786 1.70743 417.671 466.519 1.66962 1.59672 1.51476 1.76157 1.70339 1.62275  1.8148 1.70246 1.60236 2.01126 1.83408 1.69512 3932.34 3344.46 3126.23 4020.74 3500.42 3080.72 2808.99 2162.77 2111.38 5955.07  3215.6 4566.46 1.82352 1.68673 2884.57 2.00495 1.80651 1.68271 2.01394 4830.31 4044.51 2.25564 385.243 1.84842 2.67314 2.25707 2.01775
2.13001 2.01871 1.92445 707.771  1.8839 374.148 1.86492 1.84416 73.3202 1.83608  1.8074 1.77067 1.65067 1.62221 1.56127 1.64623 425.922 1.49024 1.73544 1.67282 1.59415 411.801 415.288 1.59528 2.00848 1.82812  1.6901 1.63168 930.466 1703.56 1655.85 1818.68 1679.55 1536.09 1178.59 1084.12 2878.03 2619.81 1907.48 86.5702 1177.59 1.59723 2.00404 1.80661 1.68087 3490.91 3029.65 2289.04 2.25484  2.0103 1.84723 2.67202  2.2565 2.01622
1.95805 1.86564 1.78577 1.79097 1.74714 134.733 233.879 270.109 1.68693  1.7388 1.71224  1.6741 1.61879 1.58615 1.52535 1.63411 281.534 374.623 1060.41 1.65447 1.57615  1.8072 1.68875 210.049 2.00685 47.4447 1.68589 1391.02 1203.22 1074.38 1380.88 1213.11 835.167 962.116 805.693 751.546 1.70571  1653.8  1615.6 1671.42 1221.43 1395.21 2.00366 1.80627 876.592 2248.26 1.84453 1475.09 1203.35 2.00956 1250.77 2.67153   2.256 39.9568
1.85219 1.77127 1.69965  1.7078 1.67033 47.6663 1.67657 182.763  1.6186 1.68523 1.65874 1.61956 1.59842 1.56134 1.50028 1.62668 1.54497 1.46716  1.7119 1197.38 1.56333 1.80557 1.68493 1.58732 420.596 1.81945  1.6832 1.54485 1043.22 1.49394 952.171 852.357 773.079 683.244 572.156 540.808 1304.55    1182 1150.24 1.81531 1.68052 886.389 2.00344 819.192 625.395 1609.28 1348.61 1.73067 1455.36 774.223 413.455 2.67124 2.25577 501.957
1.78071 1.70911 1.64293 1.64953 1.61727 1.57632 1.62753 1.61286 23.1418 1.64776 1.62118 1.57957 1.58445 1.54439 1.48283 1.62215 1.53846 168.859 1.70572 1.63273 482.753 142.465 117.009 1.58549   2.005 1.81708 73.7036 1.52325 661.893 623.263 776.705 670.523 598.243 525.147 439.942 384.725 789.678 891.963 892.656 1.81426 536.832 678.239 2.00324 1.80577 1.67955 1244.17 1.84345 855.277  2.2538 922.936 1.84542 2.67097 531.355 2.01442
1.73459 1.66877 1.60622 1.61108 1.58124 1.54118 1.59414 117.903 15.4891 1.62268 1.59528 1.55279 1.57469 1.53299 1.47183 1.61862 1.53391  187.66 1.70134 1.62704  703.93 1.80401  1.6809 1.58427 2.00451 1.81572 1.68053 610.228  531.16 1.44883 642.005 554.674 495.714 433.502 362.721 349.224 616.722 730.985 748.308 1.81391 1.67946 563.518 2.00317 424.159 1.67898 1024.86 1.84344  1.7297 2.25367 2.00848 1.84497 2.67087 2.25555 473.206
1.70739 1.64496  1.5843 29.0383 1.56086 123.625 1.57328 51.9186 110.638 18.2551 1.58039 30.7798 44.1572 1.52541 1.46424 110.527 1.53084 1.45518 1.69815 1.62318 613.369 1.80351 1.67996 1.58357 2.00411 1.81493    1.68 1.50464 445.841 446.695 557.807 357.945 429.756 348.172 318.419 307.135  836.39 162.671 655.868  1.8138 461.757 1.59045 2.00308 1.80586 293.006 2.00953 1.84352 660.491 2.25351 2.00851 1.84483 2.67074 2.25562 2.01369
1.69099  1.6305 1.57118 39.4841 20.2584 19.7596 1.56302 1.54856 1.50416 1.60023 1.57191 1.52661 1.56553 1.52283 1.46152 1.61535 1.53048 1.45496 1.69725 561.049 565.033 1.80346 1.68024 1.58391 2.00411 1.81534 1.68043 495.459 1.44629 266.441 425.754 371.631 377.481 315.441 292.044 282.286 774.171 665.633 608.268  397.45 335.391 456.315  2.0031 350.477 1.67923 793.724 665.718 1.72969 760.801  2.0089 514.916 2.67077 2.25585 387.801
1.68798 1.62732 1.56797 1.57506 1.54581  1.5036 1.56102 1.54431  57.229 1.59922 1.56945 1.52336 79.4641 70.7908 1.45905 1.61498 1.52926 1.45392 1.69691 548.715 550.078 1.80338 1.67961 1.58332 2.00404 1.81469 1.67981 485.059 1.44494 301.853  370.23   1.464 334.791 341.033 285.438 275.754 753.777  648.32 592.697 603.512 1.67931 1.59004 367.769 1.80599 1.67881 756.707 1.84352 614.114 2.25352 607.277  1.8448 3.88768  2.2557 382.347
Mode averaged potential and errors: 
  0.0407706 7.50267e-05
  0.0572384 0.000290587
  0.0655259 0.000546091
   0.070882 0.000881388
  0.0748113  0.00125318
  0.0778761  0.00158256
  0.0811482  0.00143565
  0.0822509  0.00208157
  0.0837006  0.00222953
  0.0846711  0.00231814
  0.0853014  0.00239053
  0.0833592 0.000516672
R Models:
(* Fitting with shape 1 1 1 1 1 1 1 1 0 0 0 0 *)
G[R_,xx_]:=xx[[0]] + xx[[1]]/R | xx[[2]]*R
(* Fitting with shape 1 1 1 1 1 1 1 1 1 0 0 0 *)
G[R_,xx_]:=xx[[0]] + xx[[1]]/R | xx[[2]]*R
(* Fitting with shape 1 1 1 1 1 1 1 1 1 1 0 0 *)
G[R_,xx_]:=xx[[0]] + xx[[1]]/R | xx[[2]]*R
(* Fitting with shape 1 1 1 1 1 1 1 1 1 1 1 0 *)
G[R_,xx_]:=xx[[0]] + xx[[1]]/R | xx[[2]]*R
(* Fitting with shape 1 1 1 1 1 1 1 1 1 1 1 1 *)
G[R_,xx_]:=xx[[0]] + xx[[1]]/R | xx[[2]]*R
(* Fitting with shape 0 1 1 1 1 1 1 1 0 0 0 0 *)
G[R_,xx_]:=xx[[0]] + xx[[1]]/R | xx[[2]]*R
(* Fitting with shape 0 1 1 1 1 1 1 1 1 0 0 0 *)
G[R_,xx_]:=xx[[0]] + xx[[1]]/R | xx[[2]]*R
(* Fitting with shape 0 1 1 1 1 1 1 1 1 1 0 0 *)
G[R_,xx_]:=xx[[0]] + xx[[1]]/R | xx[[2]]*R
(* Fitting with shape 0 1 1 1 1 1 1 1 1 1 1 0 *)
G[R_,xx_]:=xx[[0]] + xx[[1]]/R | xx[[2]]*R
(* Fitting with shape 0 1 1 1 1 1 1 1 1 1 1 1 *)
G[R_,xx_]:=xx[[0]] + xx[[1]]/R | xx[[2]]*R
(* Fitting with shape 0 0 1 1 1 1 1 1 0 0 0 0 *)
G[R_,xx_]:=xx[[0]] + xx[[1]]/R | xx[[2]]*R
(* Fitting with shape 0 0 1 1 1 1 1 1 1 0 0 0 *)
G[R_,xx_]:=xx[[0]] + xx[[1]]/R | xx[[2]]*R
(* Fitting with shape 0 0 1 1 1 1 1 1 1 1 0 0 *)
G[R_,xx_]:=xx[[0]] + xx[[1]]/R | xx[[2]]*R
(* Fitting with shape 0 0 1 1 1 1 1 1 1 1 1 0 *)
G[R_,xx_]:=xx[[0]] + xx[[1]]/R | xx[[2]]*R
(* Fitting with shape 0 0 1 1 1 1 1 1 1 1 1 1 *)
G[R_,xx_]:=xx[[0]] + xx[[1]]/R | xx[[2]]*R
(* Fitting with shape 0 0 0 1 1 1 1 1 0 0 0 0 *)
G[R_,xx_]:=xx[[0]] + xx[[1]]/R | xx[[2]]*R
(* Fitting with shape 0 0 0 1 1 1 1 1 1 0 0 0 *)
G[R_,xx_]:=xx[[0]] + xx[[1]]/R | xx[[2]]*R
(* Fitting with shape 0 0 0 1 1 1 1 1 1 1 0 0 *)
G[R_,xx_]:=xx[[0]] + xx[[1]]/R | xx[[2]]*R
(* Fitting with shape 0 0 0 1 1 1 1 1 1 1 1 0 *)
G[R_,xx_]:=xx[[0]] + xx[[1]]/R | xx[[2]]*R
(* Fitting with shape 0 0 0 1 1 1 1 1 1 1 1 1 *)
G[R_,xx_]:=xx[[0]] + xx[[1]]/R | xx[[2]]*R
2.8929 2.8929 2.8929 
0.309733 0.309733 0.309733 
1 1 1 
0.52904 0.52904 0.52904 
-9.80232 -9.80232 -9.80232 
3.39488e-316 3.39488e-316 3.39488e-316 
3.6763e+08 3.6763e+08 3.6763e+08 
-1.18534e+07 -1.18534e+07 -1.18534e+07 
6.43787e+06 6.43787e+06 6.43787e+06 
1.9812e-321 1.9812e-321 1.9812e-321 
3.27824e-316 3.27824e-316 3.27824e-316 
1.05344e-233 1.05344e-233 1.05344e-233 
0 0 0 
0 0 0 
0 0 0 
0 0 0 
0 0 0 
0 0 0 
3.34563e-316 3.34563e-316 3.34563e-316 
3.31151e-316 3.31151e-316 3.31151e-316 
3.51267e-316 3.51267e-316 3.51267e-316 
3.51331e-316 3.51331e-316 3.51331e-316 
3.37818e-316 3.37818e-316 3.37818e-316 
3.51325e-316 3.51325e-316 3.51325e-316 
3.00556e-316 3.00556e-316 3.00556e-316 
3.51242e-316 3.51242e-316 3.51242e-316 
3.5133e-316 3.5133e-316 3.5133e-316 
3.34648e-316 3.34648e-316 3.34648e-316 
3.51262e-316 3.51262e-316 3.51262e-316 
3.51329e-316 3.51329e-316 3.51329e-316 
3.51321e-316 3.51321e-316 3.51321e-316 
3.39391e-316 3.39391e-316 3.39391e-316 
3.37785e-316 3.37785e-316 3.37785e-316 
3.39517e-316 3.39517e-316 3.39517e-316 
3.37785e-316 3.37785e-316 3.37785e-316 
3.39517e-316 3.39517e-316 3.39517e-316 
0 0 0 
0 0 0 
0 0 0 
0 0 0 
0 0 0 
0 0 0 
0 0 0 
0 0 0 
0 0 0 
0 0 0 
0 0 0 
0 0 0 
0 0 0 
0 0 0 
3.33095e-316 3.33095e-316 3.33095e-316 
3.3935e-316 3.3935e-316 3.3935e-316 
3.38963e-316 3.38963e-316 3.38963e-316 
3.37409e-316 3.37409e-316 3.37409e-316 
Probabilities: 
        0         0         0         0         0         0         0         0         0         0         0         0 0.0226111 0.0364016         0 0.0144763 0.0340014   0.01141         0         0 0.0142467 0.0451764  0.116103 0.0933729 0.0188525 0.0511411 0.0870007         0         0         0         0         0         0         0         0         0         0         0         0         0         0         0         0         0         0         0  0.382711         0 0.0529887         0         0 0.0195068         0         0

String tensions: 
         1          1          1          1          1          1          1          1          1  -0.429597  -0.751464  -0.738889  -0.566144   -0.58021   -1.53196  -0.700446  -0.730891   -0.86758   -1.75929   -1.15433  -0.910102   -1.10513   -1.17078    -1.4899   -1.76896   -1.81035   -2.37433 -0.0635459 -0.0635372 -0.0633597    0.99893    1.01515   0.916112   0.982376   0.902361   0.864666    1.24903 -0.0285422  -0.071365 0.00604035   -0.11342 -0.0768059 -0.0998766   0.900318  -0.234887     1.1436 0.00221372 -0.0345905 0.00355139  -0.105982  -0.221172 0.00408785   0.386456   0.860013

Errors: 
          0           0           0     5792.62     5792.62           0           0     5792.62           0  0.00530615     1.00022     1.00019   0.0365793   0.0338172           0    0.125125     0.11278   0.0738944     1.00013           1   0.0527475    0.408841    0.361709    0.213486     1.19422     0.85502    0.704763           0           0           0           0           0           0           0           0     1.21884           0           1           1           1           1           1     1.00091 0.000660738           1     1.00661  0.00183946     1.63429  0.00548254           1   0.0253023  0.00684411     10.0947           1

Statuses: 
3 3 3 0 0 3 3 0 3 0 3 3 0 0 3 0 0 0 3 3 0 0 0 0 0 0 0 3 3 3 3 3 3 3 3 3 3 3 3 3 3 3 3 0 3 3 0 3 0 3 3 0 3 3
chisq per dof: 
  4323.02   3934.98   6297.05   22.1847   23.9636       506   1648.53   4.72383   1381.73   1.95794   1550.36    3913.8   0.31283  0.417805   3803.61  0.153767  0.176843  0.749268   218.287   1678.51  0.977868 0.0821186 0.0864159  0.380082 0.0481133 0.0407807  0.168861   8339.79   7456.04   9510.79   5715.49   5081.56    7695.7    3989.6   3536.52   6749.53   10409.6    3471.5   3499.24      2142   1862.58   5044.18   1106.48   2459.38   2541.72   10366.6 0.0274127   6253.75 0.0289507    1292.5   5737.58 0.0344675   3163.47   6224.28
Model string tension and errors: 
sigma = -0.748137 +/- 0.88285
