R=0parameters: 
-0.618294 -0.618294 
0.0842217 0.0842217 
1.50372e-10 1.50372e-10 
3.21143e-322 3.21143e-322 
9.88131e-324 9.88131e-324 
2.37662e-316 2.37662e-316 
11 11 
2.33133e-316 2.33133e-316 
9.88131e-324 9.88131e-324 
2.42092e-322 2.42092e-322 2.42092e-322 
6.36599e-314 6.36599e-314 6.36599e-314 
2.34754e-316 2.34754e-316 2.34754e-316 
0.0662245 0.0662245 0.0662245 
0.0817945 0.0817945 0.0817945 
2.37152e-322 2.37152e-322 2.37152e-322 
5.58294e-322 5.58294e-322 5.58294e-322 
1 1 1 
2 2 2 
3 3 3 3 
4 4 4 4 
5 5 5 5 
6 6 6 6 
7 7 7 7 
8 8 8 8 
9 9 9 9 
10 10 10 10 
11 11 11 11 
12 12 12 
6.87739e-321 6.87739e-321 6.87739e-321 
5.58294e-322 5.58294e-322 5.58294e-322 
1 1 1 
2 2 2 
3 3 3 
4 4 4 
5 5 5 
6 6 6 
7 7 7 7 
8 8 8 8 
9 9 9 9 
10 10 10 10 
11 11 11 11 
12 12 12 12 
-nan -nan -nan -nan 
2.42092e-322 2.42092e-322 2.42092e-322 2.42092e-322 
2.33737e-316 2.33737e-316 2.33737e-316 2.33737e-316 
2.62207e-06 2.62207e-06 2.62207e-06 2.62207e-06 2.62207e-06 
2.94901e+07 2.94901e+07 2.94901e+07 2.94901e+07 2.94901e+07 
-2.1997e+07 -2.1997e+07 -2.1997e+07 -2.1997e+07 -2.1997e+07 
1.79752e+06 1.79752e+06 1.79752e+06 1.79752e+06 1.79752e+06 
2.62207e-06 2.62207e-06 2.62207e-06 2.62207e-06 2.62207e-06 
2.73106e-06 2.73106e-06 2.73106e-06 2.73106e-06 2.73106e-06 
2.6841e-06 2.6841e-06 2.6841e-06 2.6841e-06 2.6841e-06 
2.61192e-06 2.61192e-06 2.61192e-06 2.61192e-06 2.61192e-06 
2.55685e-06 2.55685e-06 2.55685e-06 2.55685e-06 2.55685e-06 
R=1parameters: 
-0.485214 -0.485214 
0.143271 0.143271 
-7.37457e-06 -7.37457e-06 
0.117304 0.117304 
-0.0834781 -0.0834781 
5.03038e+175 5.03038e+175 
3.5936e+246 3.5936e+246 
2.14726e+243 2.14726e+243 
-1.50459e+06 -1.50459e+06 
4.82702e-321 4.82702e-321 4.82702e-321 
196646 196646 196646 
-5.6055e-146 -5.6055e-146 -5.6055e-146 
-70790.1 -70790.1 -70790.1 
1.303e-05 1.303e-05 1.303e-05 
1.09379e-05 1.09379e-05 1.09379e-05 
1.01728e-05 1.01728e-05 1.01728e-05 
9.2885e-06 9.2885e-06 9.2885e-06 
8.36006e-06 8.36006e-06 8.36006e-06 
7.516e-06 7.516e-06 7.516e-06 7.516e-06 
-80563.5 -80563.5 -80563.5 -80563.5 
152906 152906 152906 152906 
-152943 -152943 -152943 -152943 
1.39357e-05 1.39357e-05 1.39357e-05 1.39357e-05 
1.2662e-05 1.2662e-05 1.2662e-05 1.2662e-05 
1.21302e-05 1.21302e-05 1.21302e-05 1.21302e-05 
1.10978e-05 1.10978e-05 1.10978e-05 1.10978e-05 
1.02563e-05 1.02563e-05 1.02563e-05 1.02563e-05 
9.44304e-06 9.44304e-06 9.44304e-06 
-5136.95 -5136.95 -5136.95 
165930 165930 165930 
261171 261171 261171 
7.77195e-06 7.77195e-06 7.77195e-06 
1.303e-05 1.303e-05 1.303e-05 
1.2662e-05 1.2662e-05 1.2662e-05 
1.22497e-05 1.22497e-05 1.22497e-05 
1.17168e-05 1.17168e-05 1.17168e-05 
1.0796e-05 1.0796e-05 1.0796e-05 1.0796e-05 
-670499 -670499 -670499 -670499 
328237 328237 328237 328237 
503073 503073 503073 503073 
1.0044e-05 1.0044e-05 1.0044e-05 1.0044e-05 
7.01824e-06 7.01824e-06 7.01824e-06 7.01824e-06 
6.41929e-06 6.41929e-06 6.41929e-06 6.41929e-06 
1.21724e-05 1.21724e-05 1.21724e-05 1.21724e-05 
1.21302e-05 1.21302e-05 1.21302e-05 1.21302e-05 
1.17168e-05 1.17168e-05 1.17168e-05 1.17168e-05 1.17168e-05 
3.09514e+06 3.09514e+06 3.09514e+06 3.09514e+06 3.09514e+06 
-2.05222e+06 -2.05222e+06 -2.05222e+06 -2.05222e+06 -2.05222e+06 
-367811 -367811 -367811 -367811 -367811 
1.17168e-05 1.17168e-05 1.17168e-05 1.17168e-05 1.17168e-05 
8.66024e-06 8.66024e-06 8.66024e-06 8.66024e-06 8.66024e-06 
7.9453e-06 7.9453e-06 7.9453e-06 7.9453e-06 7.9453e-06 
7.30311e-06 7.30311e-06 7.30311e-06 7.30311e-06 7.30311e-06 
6.70029e-06 6.70029e-06 6.70029e-06 6.70029e-06 6.70029e-06 
R=2parameters: 
-0.330587 -0.330587 
0.193923 0.193923 
0.177747 0.177747 
2.97739 2.97739 
-17.0231 -17.0231 
5.03038e+175 5.03038e+175 
3.5936e+246 3.5936e+246 
2.14726e+243 2.14726e+243 
-1.50459e+06 -1.50459e+06 
4.82702e-321 4.82702e-321 4.82702e-321 
61532.7 61532.7 61532.7 
-5.6055e-146 -5.6055e-146 -5.6055e-146 
-29880.1 -29880.1 -29880.1 
2.61885e-05 2.61885e-05 2.61885e-05 
1.97738e-05 1.97738e-05 1.97738e-05 
1.75187e-05 1.75187e-05 1.75187e-05 
1.55095e-05 1.55095e-05 1.55095e-05 
1.32876e-05 1.32876e-05 1.32876e-05 
1.14294e-05 1.14294e-05 1.14294e-05 1.14294e-05 
8126.89 8126.89 8126.89 8126.89 
-4616.65 -4616.65 -4616.65 -4616.65 
-49618.2 -49618.2 -49618.2 -49618.2 
3.1457e-05 3.1457e-05 3.1457e-05 3.1457e-05 
2.41883e-05 2.41883e-05 2.41883e-05 2.41883e-05 
2.22793e-05 2.22793e-05 2.22793e-05 2.22793e-05 
1.92684e-05 1.92684e-05 1.92684e-05 1.92684e-05 
1.69132e-05 1.69132e-05 1.69132e-05 1.69132e-05 
1.51033e-05 1.51033e-05 1.51033e-05 
27020.1 27020.1 27020.1 
53997.2 53997.2 53997.2 
51563.2 51563.2 51563.2 
1.13797e-05 1.13797e-05 1.13797e-05 
2.61885e-05 2.61885e-05 2.61885e-05 
2.41883e-05 2.41883e-05 2.41883e-05 
2.24858e-05 2.24858e-05 2.24858e-05 
2.04046e-05 2.04046e-05 2.04046e-05 
1.77695e-05 1.77695e-05 1.77695e-05 1.77695e-05 
-174758 -174758 -174758 -174758 
141637 141637 141637 141637 
79170.9 79170.9 79170.9 79170.9 
1.56936e-05 1.56936e-05 1.56936e-05 1.56936e-05 
9.37863e-06 9.37863e-06 9.37863e-06 9.37863e-06 
8.08361e-06 8.08361e-06 8.08361e-06 8.08361e-06 
2.34067e-05 2.34067e-05 2.34067e-05 2.34067e-05 
2.22793e-05 2.22793e-05 2.22793e-05 2.22793e-05 
2.04046e-05 2.04046e-05 2.04046e-05 2.04046e-05 2.04046e-05 
950084 950084 950084 950084 950084 
-603064 -603064 -603064 -603064 -603064 
0 0 0 0 0 
2.04046e-05 2.04046e-05 2.04046e-05 2.04046e-05 2.04046e-05 
1.21146e-05 1.21146e-05 1.21146e-05 1.21146e-05 1.21146e-05 
1.06119e-05 1.06119e-05 1.06119e-05 1.06119e-05 1.06119e-05 
9.53825e-06 9.53825e-06 9.53825e-06 9.53825e-06 9.53825e-06 
8.25803e-06 8.25803e-06 8.25803e-06 8.25803e-06 8.25803e-06 
R=3parameters: 
-0.171099 -0.171099 
0.242179 0.242179 
1.04302 1.04302 
0.912501 0.912501 
-11.5602 -11.5602 
5.03038e+175 5.03038e+175 
3.5936e+246 3.5936e+246 
2.14726e+243 2.14726e+243 
-1.50459e+06 -1.50459e+06 
4.82702e-321 4.82702e-321 4.82702e-321 
29849.4 29849.4 29849.4 
-5.6055e-146 -5.6055e-146 -5.6055e-146 
-15307 -15307 -15307 
3.54647e-05 3.54647e-05 3.54647e-05 
2.39552e-05 2.39552e-05 2.39552e-05 
2.01101e-05 2.01101e-05 2.01101e-05 
1.73412e-05 1.73412e-05 1.73412e-05 
1.44419e-05 1.44419e-05 1.44419e-05 
1.19119e-05 1.19119e-05 1.19119e-05 1.19119e-05 
-11318.6 -11318.6 -11318.6 -11318.6 
3997.96 3997.96 3997.96 3997.96 
-24729.4 -24729.4 -24729.4 -24729.4 
4.76827e-05 4.76827e-05 4.76827e-05 4.76827e-05 
3.11613e-05 3.11613e-05 3.11613e-05 3.11613e-05 
2.75553e-05 2.75553e-05 2.75553e-05 2.75553e-05 
2.26448e-05 2.26448e-05 2.26448e-05 2.26448e-05 
1.87649e-05 1.87649e-05 1.87649e-05 1.87649e-05 
1.62315e-05 1.62315e-05 1.62315e-05 
6406.99 6406.99 6406.99 
17438 17438 17438 
17824 17824 17824 
1.14773e-05 1.14773e-05 1.14773e-05 
3.54647e-05 3.54647e-05 3.54647e-05 
3.11613e-05 3.11613e-05 3.11613e-05 
2.82512e-05 2.82512e-05 2.82512e-05 
2.40669e-05 2.40669e-05 2.40669e-05 
1.97611e-05 1.97611e-05 1.97611e-05 1.97611e-05 
-99630.9 -99630.9 -99630.9 -99630.9 
56318.9 56318.9 56318.9 56318.9 
36000.2 36000.2 36000.2 36000.2 
1.64514e-05 1.64514e-05 1.64514e-05 1.64514e-05 
8.21253e-06 8.21253e-06 8.21253e-06 8.21253e-06 
6.75058e-06 6.75058e-06 6.75058e-06 6.75058e-06 
3.0024e-05 3.0024e-05 3.0024e-05 3.0024e-05 
2.75553e-05 2.75553e-05 2.75553e-05 2.75553e-05 
2.40669e-05 2.40669e-05 2.40669e-05 2.40669e-05 2.40669e-05 
469392 469392 469392 469392 469392 
-325564 -325564 -325564 -325564 -325564 
-96892.5 -96892.5 -96892.5 -96892.5 -96892.5 
2.40669e-05 2.40669e-05 2.40669e-05 2.40669e-05 2.40669e-05 
1.17455e-05 1.17455e-05 1.17455e-05 1.17455e-05 1.17455e-05 
9.68755e-06 9.68755e-06 9.68755e-06 9.68755e-06 9.68755e-06 
8.24498e-06 8.24498e-06 8.24498e-06 8.24498e-06 8.24498e-06 
6.77335e-06 6.77335e-06 6.77335e-06 6.77335e-06 6.77335e-06 
R=4parameters: 
-0.0234384 -0.0234384 
0.291727 0.291727 
0.210395 0.210395 
0.36942 0.36942 
-8.41516 -8.41516 
5.03038e+175 5.03038e+175 
3.5936e+246 3.5936e+246 
2.14726e+243 2.14726e+243 
-1.50459e+06 -1.50459e+06 
4.82702e-321 4.82702e-321 4.82702e-321 
17809.4 17809.4 17809.4 
-5.6055e-146 -5.6055e-146 -5.6055e-146 
-8108.17 -8108.17 -8108.17 
3.96763e-05 3.96763e-05 3.96763e-05 
2.38623e-05 2.38623e-05 2.38623e-05 
1.9217e-05 1.9217e-05 1.9217e-05 
1.61687e-05 1.61687e-05 1.61687e-05 
1.24266e-05 1.24266e-05 1.24266e-05 
9.74623e-06 9.74623e-06 9.74623e-06 9.74623e-06 
-5943.84 -5943.84 -5943.84 -5943.84 
5827.18 5827.18 5827.18 5827.18 
-15651.3 -15651.3 -15651.3 -15651.3 
5.95736e-05 5.95736e-05 5.95736e-05 5.95736e-05 
3.33429e-05 3.33429e-05 3.33429e-05 3.33429e-05 
2.79842e-05 2.79842e-05 2.79842e-05 2.79842e-05 
2.20634e-05 2.20634e-05 2.20634e-05 2.20634e-05 
1.75373e-05 1.75373e-05 1.75373e-05 1.75373e-05 
1.46858e-05 1.46858e-05 1.46858e-05 
1902 1902 1902 
21307.9 21307.9 21307.9 
39236.3 39236.3 39236.3 
9.49154e-06 9.49154e-06 9.49154e-06 
3.96763e-05 3.96763e-05 3.96763e-05 
3.33429e-05 3.33429e-05 3.33429e-05 
2.96194e-05 2.96194e-05 2.96194e-05 
2.32537e-05 2.32537e-05 2.32537e-05 
1.81003e-05 1.81003e-05 1.81003e-05 1.81003e-05 
-64946.9 -64946.9 -64946.9 -64946.9 
30310 30310 30310 30310 
20121 20121 20121 20121 
1.45015e-05 1.45015e-05 1.45015e-05 1.45015e-05 
6.01412e-06 6.01412e-06 6.01412e-06 6.01412e-06 
4.75102e-06 4.75102e-06 4.75102e-06 4.75102e-06 
3.13171e-05 3.13171e-05 3.13171e-05 3.13171e-05 
2.79842e-05 2.79842e-05 2.79842e-05 2.79842e-05 
2.32537e-05 2.32537e-05 2.32537e-05 2.32537e-05 2.32537e-05 
290052 290052 290052 290052 290052 
-206208 -206208 -206208 -206208 -206208 
-46017.8 -46017.8 -46017.8 -46017.8 -46017.8 
2.32537e-05 2.32537e-05 2.32537e-05 2.32537e-05 2.32537e-05 
9.23771e-06 9.23771e-06 9.23771e-06 9.23771e-06 9.23771e-06 
7.23102e-06 7.23102e-06 7.23102e-06 7.23102e-06 7.23102e-06 
5.93494e-06 5.93494e-06 5.93494e-06 5.93494e-06 5.93494e-06 
4.60914e-06 4.60914e-06 4.60914e-06 4.60914e-06 4.60914e-06 
R=5parameters: 
0.109907 0.109907 
0.344453 0.344453 
-5.04687e-05 -5.04687e-05 
1.24708 1.24708 
-0.894142 -0.894142 
5.03038e+175 5.03038e+175 
3.5936e+246 3.5936e+246 
2.14726e+243 2.14726e+243 
-1.50459e+06 -1.50459e+06 
4.82702e-321 4.82702e-321 4.82702e-321 
12018.4 12018.4 12018.4 
-5.6055e-146 -5.6055e-146 -5.6055e-146 
-4995.58 -4995.58 -4995.58 
4.02342e-05 4.02342e-05 4.02342e-05 
2.11341e-05 2.11341e-05 2.11341e-05 
1.68868e-05 1.68868e-05 1.68868e-05 
1.36695e-05 1.36695e-05 1.36695e-05 
8.83224e-06 8.83224e-06 8.83224e-06 
6.86855e-06 6.86855e-06 6.86855e-06 6.86855e-06 
-6553.12 -6553.12 -6553.12 -6553.12 
5013.6 5013.6 5013.6 5013.6 
-10854 -10854 -10854 -10854 
6.64096e-05 6.64096e-05 6.64096e-05 6.64096e-05 
3.21457e-05 3.21457e-05 3.21457e-05 3.21457e-05 
2.53703e-05 2.53703e-05 2.53703e-05 2.53703e-05 
1.93195e-05 1.93195e-05 1.93195e-05 1.93195e-05 
1.46968e-05 1.46968e-05 1.46968e-05 1.46968e-05 
1.18426e-05 1.18426e-05 1.18426e-05 
-8112.11 -8112.11 -8112.11 
35724.4 35724.4 35724.4 
21072.3 21072.3 21072.3 
6.71716e-06 6.71716e-06 6.71716e-06 
4.02342e-05 4.02342e-05 4.02342e-05 
3.21457e-05 3.21457e-05 3.21457e-05 
2.85512e-05 2.85512e-05 2.85512e-05 
2.01032e-05 2.01032e-05 2.01032e-05 
1.48863e-05 1.48863e-05 1.48863e-05 1.48863e-05 
-60133.4 -60133.4 -60133.4 -60133.4 
27295 27295 27295 27295 
21289.6 21289.6 21289.6 21289.6 
1.15757e-05 1.15757e-05 1.15757e-05 1.15757e-05 
4.09029e-06 4.09029e-06 4.09029e-06 4.09029e-06 
3.3771e-06 3.3771e-06 3.3771e-06 3.3771e-06 
2.91435e-05 2.91435e-05 2.91435e-05 2.91435e-05 
2.53703e-05 2.53703e-05 2.53703e-05 2.53703e-05 
2.01032e-05 2.01032e-05 2.01032e-05 2.01032e-05 2.01032e-05 
198963 198963 198963 198963 198963 
-124979 -124979 -124979 -124979 -124979 
-34355.1 -34355.1 -34355.1 -34355.1 -34355.1 
2.01032e-05 2.01032e-05 2.01032e-05 2.01032e-05 2.01032e-05 
6.29385e-06 6.29385e-06 6.29385e-06 6.29385e-06 6.29385e-06 
4.78374e-06 4.78374e-06 4.78374e-06 4.78374e-06 4.78374e-06 
3.78658e-06 3.78658e-06 3.78658e-06 3.78658e-06 3.78658e-06 
3.02337e-06 3.02337e-06 3.02337e-06 3.02337e-06 3.02337e-06 
R=6parameters: 
0.227127 0.227127 
0.401591 0.401591 
-0.000140162 -0.000140162 
1.67863 1.67863 
-1.15478 -1.15478 
5.03038e+175 5.03038e+175 
3.5936e+246 3.5936e+246 
2.14726e+243 2.14726e+243 
-1.50459e+06 -1.50459e+06 
4.82702e-321 4.82702e-321 4.82702e-321 
8811.45 8811.45 8811.45 
-5.6055e-146 -5.6055e-146 -5.6055e-146 
-2932.13 -2932.13 -2932.13 
3.87071e-05 3.87071e-05 3.87071e-05 
1.76212e-05 1.76212e-05 1.76212e-05 
1.43993e-05 1.43993e-05 1.43993e-05 
1.09833e-05 1.09833e-05 1.09833e-05 
6.3435e-06 6.3435e-06 6.3435e-06 
5.293e-06 5.293e-06 5.293e-06 5.293e-06 
-5673.62 -5673.62 -5673.62 -5673.62 
6425.39 6425.39 6425.39 6425.39 
-8436.03 -8436.03 -8436.03 -8436.03 
6.88037e-05 6.88037e-05 6.88037e-05 6.88037e-05 
2.98395e-05 2.98395e-05 2.98395e-05 2.98395e-05 
2.16267e-05 2.16267e-05 2.16267e-05 2.16267e-05 
1.63769e-05 1.63769e-05 1.63769e-05 1.63769e-05 
1.20517e-05 1.20517e-05 1.20517e-05 1.20517e-05 
9.15719e-06 9.15719e-06 9.15719e-06 
-5930.97 -5930.97 -5930.97 
37117.4 37117.4 37117.4 
2789.45 2789.45 2789.45 
4.9208e-06 4.9208e-06 4.9208e-06 
3.87071e-05 3.87071e-05 3.87071e-05 
2.98395e-05 2.98395e-05 2.98395e-05 
2.71074e-05 2.71074e-05 2.71074e-05 
1.6674e-05 1.6674e-05 1.6674e-05 
1.20684e-05 1.20684e-05 1.20684e-05 1.20684e-05 
-51405.5 -51405.5 -51405.5 -51405.5 
26099 26099 26099 26099 
17592.4 17592.4 17592.4 17592.4 
9.29642e-06 9.29642e-06 9.29642e-06 9.29642e-06 
2.51794e-06 2.51794e-06 2.51794e-06 2.51794e-06 
1.94073e-06 1.94073e-06 1.94073e-06 1.94073e-06 
2.5369e-05 2.5369e-05 2.5369e-05 2.5369e-05 
2.16267e-05 2.16267e-05 2.16267e-05 2.16267e-05 
1.6674e-05 1.6674e-05 1.6674e-05 1.6674e-05 1.6674e-05 
147639 147639 147639 147639 147639 
-78085.5 -78085.5 -78085.5 -78085.5 -78085.5 
-27492.1 -27492.1 -27492.1 -27492.1 -27492.1 
1.6674e-05 1.6674e-05 1.6674e-05 1.6674e-05 1.6674e-05 
4.42973e-06 4.42973e-06 4.42973e-06 4.42973e-06 4.42973e-06 
3.28805e-06 3.28805e-06 3.28805e-06 3.28805e-06 3.28805e-06 
2.43639e-06 2.43639e-06 2.43639e-06 2.43639e-06 2.43639e-06 
1.7514e-06 1.7514e-06 1.7514e-06 1.7514e-06 1.7514e-06 
R=7parameters: 
0.307166 0.307166 
0.46817 0.46817 
0.779123 0.779123 
0.208431 0.208431 
-8.46521 -8.46521 
5.03038e+175 5.03038e+175 
3.5936e+246 3.5936e+246 
2.14726e+243 2.14726e+243 
-1.50459e+06 -1.50459e+06 
4.82702e-321 4.82702e-321 4.82702e-321 
7006.89 7006.89 7006.89 
-5.6055e-146 -5.6055e-146 -5.6055e-146 
-1412.02 -1412.02 -1412.02 
3.65868e-05 3.65868e-05 3.65868e-05 
1.4436e-05 1.4436e-05 1.4436e-05 
1.26723e-05 1.26723e-05 1.26723e-05 
9.00761e-06 9.00761e-06 9.00761e-06 
5.33972e-06 5.33972e-06 5.33972e-06 
3.85352e-06 3.85352e-06 3.85352e-06 3.85352e-06 
-2466.6 -2466.6 -2466.6 -2466.6 
-907.256 -907.256 -907.256 -907.256 
-6960.53 -6960.53 -6960.53 -6960.53 
6.88796e-05 6.88796e-05 6.88796e-05 6.88796e-05 
2.77241e-05 2.77241e-05 2.77241e-05 2.77241e-05 
1.83809e-05 1.83809e-05 1.83809e-05 1.83809e-05 
1.41193e-05 1.41193e-05 1.41193e-05 1.41193e-05 
1.00975e-05 1.00975e-05 1.00975e-05 1.00975e-05 
7.22543e-06 7.22543e-06 7.22543e-06 
507.34 507.34 507.34 
17834 17834 17834 
16383.2 16383.2 16383.2 
3.83447e-06 3.83447e-06 3.83447e-06 
3.65868e-05 3.65868e-05 3.65868e-05 
2.77241e-05 2.77241e-05 2.77241e-05 
2.59102e-05 2.59102e-05 2.59102e-05 
1.39512e-05 1.39512e-05 1.39512e-05 
1.00319e-05 1.00319e-05 1.00319e-05 1.00319e-05 
-44808.1 -44808.1 -44808.1 -44808.1 
27648.8 27648.8 27648.8 27648.8 
10219 10219 10219 10219 
7.94162e-06 7.94162e-06 7.94162e-06 7.94162e-06 
1.84575e-06 1.84575e-06 1.84575e-06 1.84575e-06 
1.05507e-06 1.05507e-06 1.05507e-06 1.05507e-06 
2.18493e-05 2.18493e-05 2.18493e-05 2.18493e-05 
1.83809e-05 1.83809e-05 1.83809e-05 1.83809e-05 
1.39512e-05 1.39512e-05 1.39512e-05 1.39512e-05 1.39512e-05 
119219 119219 119219 119219 119219 
-50607 -50607 -50607 -50607 -50607 
-19870.2 -19870.2 -19870.2 -19870.2 -19870.2 
1.39512e-05 1.39512e-05 1.39512e-05 1.39512e-05 1.39512e-05 
3.5098e-06 3.5098e-06 3.5098e-06 3.5098e-06 3.5098e-06 
2.45995e-06 2.45995e-06 2.45995e-06 2.45995e-06 2.45995e-06 
1.78819e-06 1.78819e-06 1.78819e-06 1.78819e-06 1.78819e-06 
9.39831e-07 9.39831e-07 9.39831e-07 9.39831e-07 9.39831e-07 
R=8parameters: 
0.351075 0.351075 
0.541598 0.541598 
-0.000269199 -0.000269199 
3.87331 3.87331 
-2.77803 -2.77803 
5.03038e+175 5.03038e+175 
3.5936e+246 3.5936e+246 
2.14726e+243 2.14726e+243 
-1.50459e+06 -1.50459e+06 
4.82702e-321 4.82702e-321 4.82702e-321 
5978.04 5978.04 5978.04 
-5.6055e-146 -5.6055e-146 -5.6055e-146 
-689.41 -689.41 -689.41 
3.50196e-05 3.50196e-05 3.50196e-05 
1.21872e-05 1.21872e-05 1.21872e-05 
1.19667e-05 1.19667e-05 1.19667e-05 
8.20399e-06 8.20399e-06 8.20399e-06 
4.98441e-06 4.98441e-06 4.98441e-06 
3.78603e-06 3.78603e-06 3.78603e-06 3.78603e-06 
4356.43 4356.43 4356.43 4356.43 
-9830.28 -9830.28 -9830.28 -9830.28 
-5989.56 -5989.56 -5989.56 -5989.56 
6.76159e-05 6.76159e-05 6.76159e-05 6.76159e-05 
2.66623e-05 2.66623e-05 2.66623e-05 2.66623e-05 
1.60002e-05 1.60002e-05 1.60002e-05 1.60002e-05 
1.26823e-05 1.26823e-05 1.26823e-05 1.26823e-05 
8.85535e-06 8.85535e-06 8.85535e-06 8.85535e-06 
6.19552e-06 6.19552e-06 6.19552e-06 
2931.17 2931.17 2931.17 
4571.45 4571.45 4571.45 
13401.8 13401.8 13401.8 
3.6389e-06 3.6389e-06 3.6389e-06 
3.50196e-05 3.50196e-05 3.50196e-05 
2.66623e-05 2.66623e-05 2.66623e-05 
2.59175e-05 2.59175e-05 2.59175e-05 
1.23077e-05 1.23077e-05 1.23077e-05 
8.76575e-06 8.76575e-06 8.76575e-06 8.76575e-06 
-34276.9 -34276.9 -34276.9 -34276.9 
20750.2 20750.2 20750.2 20750.2 
100.275 100.275 100.275 100.275 
7.2931e-06 7.2931e-06 7.2931e-06 7.2931e-06 
1.88139e-06 1.88139e-06 1.88139e-06 1.88139e-06 
8.49126e-07 8.49126e-07 8.49126e-07 8.49126e-07 
1.96222e-05 1.96222e-05 1.96222e-05 1.96222e-05 
1.60002e-05 1.60002e-05 1.60002e-05 1.60002e-05 
1.23077e-05 1.23077e-05 1.23077e-05 1.23077e-05 1.23077e-05 
98440.6 98440.6 98440.6 98440.6 98440.6 
-35925 -35925 -35925 -35925 -35925 
-13030.6 -13030.6 -13030.6 -13030.6 -13030.6 
1.23077e-05 1.23077e-05 1.23077e-05 1.23077e-05 1.23077e-05 
3.03267e-06 3.03267e-06 3.03267e-06 3.03267e-06 3.03267e-06 
2.31132e-06 2.31132e-06 2.31132e-06 2.31132e-06 2.31132e-06 
1.76008e-06 1.76008e-06 1.76008e-06 1.76008e-06 1.76008e-06 
7.47429e-07 7.47429e-07 7.47429e-07 7.47429e-07 7.47429e-07 
R=9parameters: 
0.367906 0.367906 
0.609274 0.609274 
0.00121382 0.00121382 
26.7501 26.7501 
-20.7974 -20.7974 
5.03038e+175 5.03038e+175 
3.5936e+246 3.5936e+246 
2.14726e+243 2.14726e+243 
-1.50459e+06 -1.50459e+06 
4.82702e-321 4.82702e-321 4.82702e-321 
5351.11 5351.11 5351.11 
-5.6055e-146 -5.6055e-146 -5.6055e-146 
-405.587 -405.587 -405.587 
3.34446e-05 3.34446e-05 3.34446e-05 
1.08841e-05 1.08841e-05 1.08841e-05 
1.14913e-05 1.14913e-05 1.14913e-05 
7.63593e-06 7.63593e-06 7.63593e-06 
4.75588e-06 4.75588e-06 4.75588e-06 
3.75516e-06 3.75516e-06 3.75516e-06 3.75516e-06 
4163.85 4163.85 4163.85 4163.85 
-10297.3 -10297.3 -10297.3 -10297.3 
-5394.34 -5394.34 -5394.34 -5394.34 
6.59688e-05 6.59688e-05 6.59688e-05 6.59688e-05 
2.60585e-05 2.60585e-05 2.60585e-05 2.60585e-05 
1.45264e-05 1.45264e-05 1.45264e-05 1.45264e-05 
1.19447e-05 1.19447e-05 1.19447e-05 1.19447e-05 
7.84285e-06 7.84285e-06 7.84285e-06 7.84285e-06 
5.26997e-06 5.26997e-06 5.26997e-06 
1614.52 1614.52 1614.52 
1090.49 1090.49 1090.49 
7412.95 7412.95 7412.95 
3.07979e-06 3.07979e-06 3.07979e-06 
3.34446e-05 3.34446e-05 3.34446e-05 
2.60585e-05 2.60585e-05 2.60585e-05 
2.60809e-05 2.60809e-05 2.60809e-05 
1.14288e-05 1.14288e-05 1.14288e-05 
8.03831e-06 8.03831e-06 8.03831e-06 8.03831e-06 
-28986.6 -28986.6 -28986.6 -28986.6 
17192.6 17192.6 17192.6 17192.6 
-1760.82 -1760.82 -1760.82 -1760.82 
6.93693e-06 6.93693e-06 6.93693e-06 6.93693e-06 
2.07483e-06 2.07483e-06 2.07483e-06 2.07483e-06 
1.27486e-06 1.27486e-06 1.27486e-06 1.27486e-06 
1.79018e-05 1.79018e-05 1.79018e-05 1.79018e-05 
1.45264e-05 1.45264e-05 1.45264e-05 1.45264e-05 
1.14288e-05 1.14288e-05 1.14288e-05 1.14288e-05 1.14288e-05 
89712.3 89712.3 89712.3 89712.3 89712.3 
-25893 -25893 -25893 -25893 -25893 
-10347.9 -10347.9 -10347.9 -10347.9 -10347.9 
1.14288e-05 1.14288e-05 1.14288e-05 1.14288e-05 1.14288e-05 
2.93202e-06 2.93202e-06 2.93202e-06 2.93202e-06 2.93202e-06 
2.28486e-06 2.28486e-06 2.28486e-06 2.28486e-06 2.28486e-06 
1.82847e-06 1.82847e-06 1.82847e-06 1.82847e-06 1.82847e-06 
9.52963e-07 9.52963e-07 9.52963e-07 9.52963e-07 9.52963e-07 
R=10parameters: 
0.371441 0.371441 
0.655589 0.655589 
0.654859 0.654859 
1.73074 1.73074 
-14.0197 -14.0197 
5.03038e+175 5.03038e+175 
3.5936e+246 3.5936e+246 
2.14726e+243 2.14726e+243 
-1.50459e+06 -1.50459e+06 
4.82702e-321 4.82702e-321 4.82702e-321 
4972.04 4972.04 4972.04 
-5.6055e-146 -5.6055e-146 -5.6055e-146 
-267.189 -267.189 -267.189 
3.23898e-05 3.23898e-05 3.23898e-05 
9.66558e-06 9.66558e-06 9.66558e-06 
1.06925e-05 1.06925e-05 1.06925e-05 
7.17144e-06 7.17144e-06 7.17144e-06 
4.22224e-06 4.22224e-06 4.22224e-06 
3.38396e-06 3.38396e-06 3.38396e-06 3.38396e-06 
2833.23 2833.23 2833.23 2833.23 
-6092.04 -6092.04 -6092.04 -6092.04 
-5063.26 -5063.26 -5063.26 -5063.26 
6.42874e-05 6.42874e-05 6.42874e-05 6.42874e-05 
2.40024e-316 2.40024e-316 2.40024e-316 2.40024e-316 
2.30461e-316 2.30461e-316 2.30461e-316 2.30461e-316 
2.37942e-316 2.37942e-316 2.37942e-316 2.37942e-316 
1.08907e-05 1.08907e-05 1.08907e-05 1.08907e-05 
9.66558e-06 9.66558e-06 9.66558e-06 
7.17144e-06 7.17144e-06 7.17144e-06 
4.22224e-06 4.22224e-06 4.22224e-06 
3.38396e-06 3.38396e-06 3.38396e-06 
2.80306e-06 2.80306e-06 2.80306e-06 
-5059.1 -5059.1 -5059.1 
-17225 -17225 -17225 
83383.7 83383.7 83383.7 
1.63211e-05 1.63211e-05 1.63211e-05 
6.55656e-05 6.55656e-05 6.55656e-05 6.55656e-05 
1.10408e-05 1.10408e-05 1.10408e-05 1.10408e-05 
6.93148e-06 6.93148e-06 6.93148e-06 6.93148e-06 
4.25873e-06 4.25873e-06 4.25873e-06 4.25873e-06 
3.1219e-06 3.1219e-06 3.1219e-06 3.1219e-06 
-27652.6 -27652.6 -27652.6 -27652.6 
0 0 0 0 
0 0 0 0 
2.03703e-06 2.03703e-06 2.03703e-06 2.03703e-06 
8.69556e-07 8.69556e-07 8.69556e-07 8.69556e-07 8.69556e-07 
2.67103e-05 2.67103e-05 2.67103e-05 2.67103e-05 2.67103e-05 
1.08907e-05 1.08907e-05 1.08907e-05 1.08907e-05 1.08907e-05 
7.54464e-06 7.54464e-06 7.54464e-06 7.54464e-06 7.54464e-06 
6.6071e-06 6.6071e-06 6.6071e-06 6.6071e-06 6.6071e-06 
-40352.3 -40352.3 -40352.3 -40352.3 -40352.3 
-39775.2 -39775.2 -39775.2 -39775.2 -39775.2 
-45218.4 -45218.4 -45218.4 -45218.4 -45218.4 
2.54992e-06 2.54992e-06 2.54992e-06 2.54992e-06 2.54992e-06 
R=11parameters: 
0.371632 0.371632 
0.67279 0.67279 
0.00149753 0.00149753 
3.14735 3.14735 
-15.3316 -15.3316 
5.03038e+175 5.03038e+175 
3.5936e+246 3.5936e+246 
2.14726e+243 2.14726e+243 
-1.50459e+06 -1.50459e+06 
4.82702e-321 4.82702e-321 4.82702e-321 
2.38019e-316 2.38019e-316 2.38019e-316 
-5.6055e-146 -5.6055e-146 -5.6055e-146 
6.313e-05 6.313e-05 6.313e-05 
3.04073e-05 3.04073e-05 3.04073e-05 
8632.77 8632.77 8632.77 
-6346.09 -6346.09 -6346.09 
-8946.51 -8946.51 -8946.51 
3.687e-06 3.687e-06 3.687e-06 
6.34081e-06 6.34081e-06 6.34081e-06 6.34081e-06 
3.02379e-06 3.02379e-06 3.02379e-06 3.02379e-06 
2.52492e-06 2.52492e-06 2.52492e-06 2.52492e-06 
0.000156617 0.000156617 0.000156617 0.000156617 
0.000155636 0.000155636 0.000155636 0.000155636 
-17042 -17042 -17042 -17042 
0 0 0 0 
0 0 0 0 
1.10147e-05 1.10147e-05 1.10147e-05 1.10147e-05 
8.77969e-06 8.77969e-06 8.77969e-06 
7.02522e-06 7.02522e-06 7.02522e-06 
4.3903e-06 4.3903e-06 4.3903e-06 
3.02781e-06 3.02781e-06 3.02781e-06 
2.38207e-06 2.38207e-06 2.38207e-06 
-4123.12 -4123.12 -4123.12 
-17042 -17042 -17042 
77728.7 77728.7 77728.7 
1.58714e-05 1.58714e-05 1.58714e-05 
6.65634e-05 6.65634e-05 6.65634e-05 6.65634e-05 
1.02769e-05 1.02769e-05 1.02769e-05 1.02769e-05 
6.55359e-06 6.55359e-06 6.55359e-06 6.55359e-06 
3.687e-06 3.687e-06 3.687e-06 3.687e-06 
3.19583e-06 3.19583e-06 3.19583e-06 3.19583e-06 
-14368.6 -14368.6 -14368.6 -14368.6 
1837.43 1837.43 1837.43 1837.43 
2.51509e-316 2.51509e-316 2.51509e-316 2.51509e-316 
2.50441e-316 2.50441e-316 2.50441e-316 2.50441e-316 
7.82009e-07 7.82009e-07 7.82009e-07 7.82009e-07 7.82009e-07 
2.75996e-05 2.75996e-05 2.75996e-05 2.75996e-05 2.75996e-05 
1.10147e-05 1.10147e-05 1.10147e-05 1.10147e-05 1.10147e-05 
7.18552e-06 7.18552e-06 7.18552e-06 7.18552e-06 7.18552e-06 
6.65429e-06 6.65429e-06 6.65429e-06 6.65429e-06 6.65429e-06 
-35477.5 -35477.5 -35477.5 -35477.5 -35477.5 
-32803.3 -32803.3 -32803.3 -32803.3 -32803.3 
-37261.8 -37261.8 -37261.8 -37261.8 -37261.8 
2.49055e-06 2.49055e-06 2.49055e-06 2.49055e-06 2.49055e-06 
T Models:
(* Fitting with shape 1 1 1 1 1 1 1 1 1 1 0 0 *)
G[T_,xx_]:=Exp[0+xx[[1]]*T^1+xx[[2]]*T^2]*(1)
(* Fitting with shape 1 1 1 1 1 1 1 1 1 1 1 0 *)
G[T_,xx_]:=Exp[0+xx[[1]]*T^1+xx[[2]]*T^2]*(1)
(* Fitting with shape 1 1 1 1 1 1 1 1 1 1 1 1 *)
G[T_,xx_]:=Exp[0+xx[[1]]*T^1+xx[[2]]*T^2]*(1)
(* Fitting with shape 0 1 1 1 1 1 1 1 1 1 0 0 *)
G[T_,xx_]:=Exp[0+xx[[1]]*T^1+xx[[2]]*T^2]*(1)
(* Fitting with shape 0 1 1 1 1 1 1 1 1 1 1 0 *)
G[T_,xx_]:=Exp[0+xx[[1]]*T^1+xx[[2]]*T^2]*(1)
(* Fitting with shape 0 1 1 1 1 1 1 1 1 1 1 1 *)
G[T_,xx_]:=Exp[0+xx[[1]]*T^1+xx[[2]]*T^2]*(1)
(* Fitting with shape 0 0 1 1 1 1 1 1 1 1 0 0 *)
G[T_,xx_]:=Exp[0+xx[[1]]*T^1+xx[[2]]*T^2]*(1)
(* Fitting with shape 0 0 1 1 1 1 1 1 1 1 1 0 *)
G[T_,xx_]:=Exp[0+xx[[1]]*T^1+xx[[2]]*T^2]*(1)
(* Fitting with shape 0 0 1 1 1 1 1 1 1 1 1 1 *)
G[T_,xx_]:=Exp[0+xx[[1]]*T^1+xx[[2]]*T^2]*(1)
(* Fitting with shape 1 1 1 1 1 1 1 1 1 1 0 0 *)
G[T_,xx_]:=Exp[0+xx[[1]]*T^1+xx[[2]]*T^2]*(1+xx[[3]]/(T^1))
(* Fitting with shape 1 1 1 1 1 1 1 1 1 1 1 0 *)
G[T_,xx_]:=Exp[0+xx[[1]]*T^1+xx[[2]]*T^2]*(1+xx[[3]]/(T^1))
(* Fitting with shape 1 1 1 1 1 1 1 1 1 1 1 1 *)
G[T_,xx_]:=Exp[0+xx[[1]]*T^1+xx[[2]]*T^2]*(1+xx[[3]]/(T^1))
(* Fitting with shape 0 1 1 1 1 1 1 1 1 1 0 0 *)
G[T_,xx_]:=Exp[0+xx[[1]]*T^1+xx[[2]]*T^2]*(1+xx[[3]]/(T^1))
(* Fitting with shape 0 1 1 1 1 1 1 1 1 1 1 0 *)
G[T_,xx_]:=Exp[0+xx[[1]]*T^1+xx[[2]]*T^2]*(1+xx[[3]]/(T^1))
(* Fitting with shape 0 1 1 1 1 1 1 1 1 1 1 1 *)
G[T_,xx_]:=Exp[0+xx[[1]]*T^1+xx[[2]]*T^2]*(1+xx[[3]]/(T^1))
(* Fitting with shape 0 0 1 1 1 1 1 1 1 1 0 0 *)
G[T_,xx_]:=Exp[0+xx[[1]]*T^1+xx[[2]]*T^2]*(1+xx[[3]]/(T^1))
(* Fitting with shape 0 0 1 1 1 1 1 1 1 1 1 0 *)
G[T_,xx_]:=Exp[0+xx[[1]]*T^1+xx[[2]]*T^2]*(1+xx[[3]]/(T^1))
(* Fitting with shape 0 0 1 1 1 1 1 1 1 1 1 1 *)
G[T_,xx_]:=Exp[0+xx[[1]]*T^1+xx[[2]]*T^2]*(1+xx[[3]]/(T^1))
(* Fitting with shape 1 1 1 1 1 1 1 1 1 1 0 0 *)
G[T_,xx_]:=Exp[0+xx[[1]]*T^1+xx[[2]]*T^2]*(1+xx[[3]]/(T^1)+xx[[4]]/(T^2))
(* Fitting with shape 1 1 1 1 1 1 1 1 1 1 1 0 *)
G[T_,xx_]:=Exp[0+xx[[1]]*T^1+xx[[2]]*T^2]*(1+xx[[3]]/(T^1)+xx[[4]]/(T^2))
(* Fitting with shape 1 1 1 1 1 1 1 1 1 1 1 1 *)
G[T_,xx_]:=Exp[0+xx[[1]]*T^1+xx[[2]]*T^2]*(1+xx[[3]]/(T^1)+xx[[4]]/(T^2))
(* Fitting with shape 0 1 1 1 1 1 1 1 1 1 0 0 *)
G[T_,xx_]:=Exp[0+xx[[1]]*T^1+xx[[2]]*T^2]*(1+xx[[3]]/(T^1)+xx[[4]]/(T^2))
(* Fitting with shape 0 1 1 1 1 1 1 1 1 1 1 0 *)
G[T_,xx_]:=Exp[0+xx[[1]]*T^1+xx[[2]]*T^2]*(1+xx[[3]]/(T^1)+xx[[4]]/(T^2))
(* Fitting with shape 0 1 1 1 1 1 1 1 1 1 1 1 *)
G[T_,xx_]:=Exp[0+xx[[1]]*T^1+xx[[2]]*T^2]*(1+xx[[3]]/(T^1)+xx[[4]]/(T^2))
(* Fitting with shape 0 0 1 1 1 1 1 1 1 1 0 0 *)
G[T_,xx_]:=Exp[0+xx[[1]]*T^1+xx[[2]]*T^2]*(1+xx[[3]]/(T^1)+xx[[4]]/(T^2))
(* Fitting with shape 0 0 1 1 1 1 1 1 1 1 1 0 *)
G[T_,xx_]:=Exp[0+xx[[1]]*T^1+xx[[2]]*T^2]*(1+xx[[3]]/(T^1)+xx[[4]]/(T^2))
(* Fitting with shape 0 0 1 1 1 1 1 1 1 1 1 1 *)
G[T_,xx_]:=Exp[0+xx[[1]]*T^1+xx[[2]]*T^2]*(1+xx[[3]]/(T^1)+xx[[4]]/(T^2))
(* Fitting with shape 1 1 1 1 1 1 1 1 1 1 0 0 *)
G[T_,xx_]:=Exp[0+xx[[1]]*T^1+xx[[2]]*T^2+xx[[3]]*T^3]*(1)
(* Fitting with shape 1 1 1 1 1 1 1 1 1 1 1 0 *)
G[T_,xx_]:=Exp[0+xx[[1]]*T^1+xx[[2]]*T^2+xx[[3]]*T^3]*(1)
(* Fitting with shape 1 1 1 1 1 1 1 1 1 1 1 1 *)
G[T_,xx_]:=Exp[0+xx[[1]]*T^1+xx[[2]]*T^2+xx[[3]]*T^3]*(1)
(* Fitting with shape 0 1 1 1 1 1 1 1 1 1 0 0 *)
G[T_,xx_]:=Exp[0+xx[[1]]*T^1+xx[[2]]*T^2+xx[[3]]*T^3]*(1)
(* Fitting with shape 0 1 1 1 1 1 1 1 1 1 1 0 *)
G[T_,xx_]:=Exp[0+xx[[1]]*T^1+xx[[2]]*T^2+xx[[3]]*T^3]*(1)
(* Fitting with shape 0 1 1 1 1 1 1 1 1 1 1 1 *)
G[T_,xx_]:=Exp[0+xx[[1]]*T^1+xx[[2]]*T^2+xx[[3]]*T^3]*(1)
(* Fitting with shape 0 0 1 1 1 1 1 1 1 1 0 0 *)
G[T_,xx_]:=Exp[0+xx[[1]]*T^1+xx[[2]]*T^2+xx[[3]]*T^3]*(1)
(* Fitting with shape 0 0 1 1 1 1 1 1 1 1 1 0 *)
G[T_,xx_]:=Exp[0+xx[[1]]*T^1+xx[[2]]*T^2+xx[[3]]*T^3]*(1)
(* Fitting with shape 0 0 1 1 1 1 1 1 1 1 1 1 *)
G[T_,xx_]:=Exp[0+xx[[1]]*T^1+xx[[2]]*T^2+xx[[3]]*T^3]*(1)
(* Fitting with shape 1 1 1 1 1 1 1 1 1 1 0 0 *)
G[T_,xx_]:=Exp[0+xx[[1]]*T^1+xx[[2]]*T^2+xx[[3]]*T^3]*(1+xx[[4]]/(T^1))
(* Fitting with shape 1 1 1 1 1 1 1 1 1 1 1 0 *)
G[T_,xx_]:=Exp[0+xx[[1]]*T^1+xx[[2]]*T^2+xx[[3]]*T^3]*(1+xx[[4]]/(T^1))
(* Fitting with shape 1 1 1 1 1 1 1 1 1 1 1 1 *)
G[T_,xx_]:=Exp[0+xx[[1]]*T^1+xx[[2]]*T^2+xx[[3]]*T^3]*(1+xx[[4]]/(T^1))
(* Fitting with shape 0 1 1 1 1 1 1 1 1 1 0 0 *)
G[T_,xx_]:=Exp[0+xx[[1]]*T^1+xx[[2]]*T^2+xx[[3]]*T^3]*(1+xx[[4]]/(T^1))
(* Fitting with shape 0 1 1 1 1 1 1 1 1 1 1 0 *)
G[T_,xx_]:=Exp[0+xx[[1]]*T^1+xx[[2]]*T^2+xx[[3]]*T^3]*(1+xx[[4]]/(T^1))
(* Fitting with shape 0 1 1 1 1 1 1 1 1 1 1 1 *)
G[T_,xx_]:=Exp[0+xx[[1]]*T^1+xx[[2]]*T^2+xx[[3]]*T^3]*(1+xx[[4]]/(T^1))
(* Fitting with shape 0 0 1 1 1 1 1 1 1 1 0 0 *)
G[T_,xx_]:=Exp[0+xx[[1]]*T^1+xx[[2]]*T^2+xx[[3]]*T^3]*(1+xx[[4]]/(T^1))
(* Fitting with shape 0 0 1 1 1 1 1 1 1 1 1 0 *)
G[T_,xx_]:=Exp[0+xx[[1]]*T^1+xx[[2]]*T^2+xx[[3]]*T^3]*(1+xx[[4]]/(T^1))
(* Fitting with shape 0 0 1 1 1 1 1 1 1 1 1 1 *)
G[T_,xx_]:=Exp[0+xx[[1]]*T^1+xx[[2]]*T^2+xx[[3]]*T^3]*(1+xx[[4]]/(T^1))
(* Fitting with shape 1 1 1 1 1 1 1 1 1 1 0 0 *)
G[T_,xx_]:=Exp[0+xx[[1]]*T^1+xx[[2]]*T^2+xx[[3]]*T^3]*(1+xx[[4]]/(T^1)+xx[[5]]/(T^2))
(* Fitting with shape 1 1 1 1 1 1 1 1 1 1 1 0 *)
G[T_,xx_]:=Exp[0+xx[[1]]*T^1+xx[[2]]*T^2+xx[[3]]*T^3]*(1+xx[[4]]/(T^1)+xx[[5]]/(T^2))
(* Fitting with shape 1 1 1 1 1 1 1 1 1 1 1 1 *)
G[T_,xx_]:=Exp[0+xx[[1]]*T^1+xx[[2]]*T^2+xx[[3]]*T^3]*(1+xx[[4]]/(T^1)+xx[[5]]/(T^2))
(* Fitting with shape 0 1 1 1 1 1 1 1 1 1 0 0 *)
G[T_,xx_]:=Exp[0+xx[[1]]*T^1+xx[[2]]*T^2+xx[[3]]*T^3]*(1+xx[[4]]/(T^1)+xx[[5]]/(T^2))
(* Fitting with shape 0 1 1 1 1 1 1 1 1 1 1 0 *)
G[T_,xx_]:=Exp[0+xx[[1]]*T^1+xx[[2]]*T^2+xx[[3]]*T^3]*(1+xx[[4]]/(T^1)+xx[[5]]/(T^2))
(* Fitting with shape 0 1 1 1 1 1 1 1 1 1 1 1 *)
G[T_,xx_]:=Exp[0+xx[[1]]*T^1+xx[[2]]*T^2+xx[[3]]*T^3]*(1+xx[[4]]/(T^1)+xx[[5]]/(T^2))
(* Fitting with shape 0 0 1 1 1 1 1 1 1 1 0 0 *)
G[T_,xx_]:=Exp[0+xx[[1]]*T^1+xx[[2]]*T^2+xx[[3]]*T^3]*(1+xx[[4]]/(T^1)+xx[[5]]/(T^2))
(* Fitting with shape 0 0 1 1 1 1 1 1 1 1 1 0 *)
G[T_,xx_]:=Exp[0+xx[[1]]*T^1+xx[[2]]*T^2+xx[[3]]*T^3]*(1+xx[[4]]/(T^1)+xx[[5]]/(T^2))
(* Fitting with shape 0 0 1 1 1 1 1 1 1 1 1 1 *)
G[T_,xx_]:=Exp[0+xx[[1]]*T^1+xx[[2]]*T^2+xx[[3]]*T^3]*(1+xx[[4]]/(T^1)+xx[[5]]/(T^2))
Probabilities: 
        0         0         0         0         0         0         0         0         0         0         0         0         0         0         0         0         0         0         0         0         0         0         0         0  0.566103         0         0         0         0         0         0         0         0         0         0         0         0         0         0         0         0         0         0         0         0         0         0         0         0         0         0  0.433897         0         0
        0         0         0         0         0         0         0         0         0         0         0         0         0         0         0         0         0         0         0         0         0         0         0         0         1         0         0         0         0         0         0         0         0         0         0         0         0         0         0         0         0         0         0         0         0         0         0         0         0         0         0         0         0         0
        0         0         0         0         0         0         0         0         0         0         0         0         0         0         0         0         0         0         0         0         0         0         0         0  0.725136         0         0         0         0         0         0         0         0         0         0         0         0         0         0         0         0         0         0         0         0         0         0         0         0         0         0  0.274864         0         0
        0         0         0         0         0         0         0         0         0         0         0         0         0         0         0         0         0         0         0         0         0         0         0         0         1         0         0         0         0         0         0         0         0         0         0         0         0         0         0         0         0         0         0         0         0         0         0         0         0         0         0         0         0         0
        0         0         0         0         0         0         0         0         0         0         0         0         0         0         0         0         0         0         0         0         0         0         0         0  0.613995         0         0         0         0         0         0         0         0         0         0         0         0         0         0         0         0         0 0.0735897         0         0         0         0         0         0         0         0  0.312416         0         0
        0         0         0         0         0         0         0         0         0         0         0         0         0         0         0         0         0         0         0         0         0         0         0         0  0.521915         0         0         0         0         0         0         0         0         0         0         0         0         0         0         0         0         0         0         0         0         0         0         0         0         0         0  0.478085         0         0
        0         0         0         0         0         0         0         0         0         0         0         0         0         0         0  0.163788         0         0         0         0         0         0         0         0  0.836212         0         0         0         0         0         0         0         0         0         0         0         0         0         0         0         0         0         0         0         0         0         0         0         0         0         0         0         0         0
        0         0         0         0         0         0         0         0         0         0         0         0         0         0         0  0.334699         0         0         0         0         0         0         0         0  0.665301         0         0         0         0         0         0         0         0         0         0         0         0         0         0         0         0         0         0         0         0         0         0         0         0         0         0         0         0         0
        0         0         0         0         0         0         0         0         0         0         0         0         0         0         0  0.236361         0         0         0         0         0         0         0         0  0.763639         0         0         0         0         0         0         0         0         0         0         0         0         0         0         0         0         0         0         0         0         0         0         0         0         0         0         0         0         0
        0         0         0         0         0         0         0         0         0         0         0         0         0         0         0  0.370178         0         0         0         0         0         0         0         0  0.458524         0         0         0         0         0         0         0         0         0         0         0         0         0         0         0         0         0         0         0         0         0         0         0         0         0         0  0.171298         0         0
        0         0         0         0         0         0         0         0         0         0         0         0         0         0         0  0.418883         0         0         0         0         0         0         0         0  0.272958         0         0         0         0         0         0         0         0         0         0         0         0         0         0         0         0         0  0.205224         0         0         0         0         0         0         0         0  0.102935         0         0
        0         0         0         0         0         0         0         0         0         0         0         0         0         0         0  0.529698         0         0         0         0         0         0         0         0    0.2598         0         0         0         0         0         0         0         0         0         0         0         0         0         0         0         0         0  0.210502         0         0         0         0         0         0         0         0         0         0         0

Values: 
 0.0841412  0.0842217   0.084219    0.08333  0.0833889   0.083431  0.0826036  0.0826474  0.0826802   0.081326  0.0812903  0.0813262  0.0803939  0.0803272  0.0803266   0.367144  0.0797868   0.601137  0.0798178  0.0797612  0.0797562  0.0793661  0.0793483   0.079344  0.0792421   0.411505   0.313195   0.974013    1.27871     1.2629    1.29761    1.31768    1.33333    1.18267     1.2633    1.22525   0.958071   0.975765   0.083899  0.0827094   0.082443   0.833505  0.0814451  0.0812326   0.573717          1  0.0812275  0.0810375  0.0800521  0.0799338  0.0798193  0.0795266   0.684645  0.0794235
  0.143058   0.143271    0.14328   0.141226   0.141339   0.141322    0.16252   0.198168   0.190301   0.170145   0.178143   0.136878   0.134902   0.134766   0.134719   0.373368   0.133664    0.13362   0.133613   0.133464   0.133419   0.132617   0.132532   0.132496   0.132301    0.44891   0.438456    1.14984     0.9173   0.154603    1.28114   0.151808    1.35746    1.24868    1.03939    1.00726   0.970966   0.974603   0.117374    1.01345   0.950906   0.865671   0.137973   0.958771   0.137053   0.137941   0.137692    0.13715    0.64387   0.134539    1.06421   0.960115   0.133849   0.877891
  0.193649   0.193923   0.193886   0.190013   0.190218   0.190056   0.187549   0.187786   0.187607   0.182893    0.18283   0.182677   0.179567   0.179336   0.179157   0.177493   0.275153   0.262965   0.177327   0.177043   0.176901    0.17541   0.175137   0.175059   0.174846   0.423869   0.434498    1.16088    1.16131    1.15323    1.26057    1.25935    1.29781    1.06431    1.03661    1.06021    0.10099   0.973553   0.970962   0.190152   0.824122   0.188304     0.6335   0.236633   0.183546          1          1          1   0.178569    1.11053    1.42056   0.175652   0.178511   -3.51461
  0.241992   0.242179   0.242123   0.236106   0.236142   0.465322   0.232717   0.259862   0.282501   0.225717   0.225428   0.225307   0.220799   0.220311   0.220143   0.217567    0.42261   0.397898   0.217427   0.216893   0.216741   0.214436   0.213845   0.213758   0.213827   0.212895   0.212816   0.283381   0.277655   0.275227     1.3716    1.20954    1.31731   0.998734   0.999369    1.00241   0.248396   0.245789    0.24417    1.05399   0.837697    0.23438   0.791586   0.228311   0.226811          1          1          1   0.901005   0.220188    1.37842    5.20648   0.219576   0.944488
  0.291656   0.291727   0.291643   0.282422   0.282324   0.282245   0.277851   0.277773   0.277656   0.267749   0.267453   0.267351   0.260847   0.260424   0.260307   0.255951    0.25526   0.255119   0.256021   0.255507   0.255392   0.251336   0.250671   0.250618   0.250359   0.249314   0.249345    1.35653    1.35505    1.35327   0.326685    1.25312    1.23034    1.01041     1.0107    1.02824   0.970872   0.970806   0.971009   0.648051     1.1808    1.07722   0.269784   0.270666   0.524098   0.489497          1          1   -1.10605   0.258103   0.256126   0.237572   0.253096   0.250698
  0.344115   0.344453   0.344534   0.329783   0.329915   0.329915   0.322865   0.323014   0.323008   0.309352    0.30924   0.309151   0.300139   0.798059   0.820498   0.434584    0.29279   0.472567   0.293589   0.293244   0.293052     0.2866   0.286193   0.285817   0.285396    0.28471   0.283946   0.906051   0.901573    0.89085    1.20784    1.20573     1.1965    1.02055    1.25205    1.01094    1.01768    1.01766    1.01831    0.92162   0.702917   0.790727    1.48725   0.731916   0.310761   0.317991   0.315187   0.856461    1.02991   -1.00444   0.858567   0.234965   0.268953   0.287752
  0.401495   0.401591   0.401559   0.379846   0.379636   0.379608     0.3689   0.368617    0.36888   0.352217   0.351779   0.351825   0.339681   0.339155   0.339373   0.330354   0.329606   0.329281   0.331022   0.330445   0.330527   0.746447    0.75744   0.268916   0.322457   0.317448   0.315646    1.16482    1.16383     1.1643    1.12739    1.13916    1.25064    1.06625    1.07565    1.06806   0.407332   0.403809   0.961068   0.645842   0.943896    1.05399   0.513945   0.354678   0.357258    0.36556   0.830771   0.830709    1.25898   0.323008   0.823118   0.572357    1.34102   0.764191
  0.468611    0.46817   0.467676          1    0.43532   0.435272   0.418652   0.418016   0.417725   0.398521    0.39782   0.397578   0.381135   0.380405   0.380206    0.36815   0.367161   0.366333   0.369669   0.368895   0.368611   0.353886   0.352754   0.351275   0.352048   0.349336   0.346127   0.875158   0.953885    1.31524    1.10627    1.10646    1.10939    1.04681    1.07677    1.07669   0.849083   0.847328   0.845612   0.438542    0.43604   0.539801   0.619474 -0.0843355   0.406189   0.418437    0.41712   0.594005   0.327628   0.889054   0.928193  -0.731103    3.47156   0.353948
  0.541736   0.541598     0.5404   0.498294    0.49796   0.497736   0.472288   0.471832   0.471362   0.450402   0.449801   0.449353   0.425161   0.424423    0.42402   0.407082   0.406505   0.405306   0.489226   0.409444   0.408927   0.383781   0.384585   0.382557   0.368351   0.374169   0.370045   0.633313     1.1235    1.12583    1.20672    1.20085    1.29805    1.01571    1.01055  -0.183034   0.533288   0.972465   0.986553   0.680676   0.924476   0.917921   0.899201    0.46363   0.466259   0.868795   0.864183   0.482546   0.999142   0.922048   0.419189  -0.893472   0.624824    0.32259
  0.609207   0.609274   0.608725   0.559525    0.55993   0.559606   0.529054    0.52947    0.52912   0.507215   0.507127    0.50656      0.476   0.475217   0.474717   0.453934   0.453707   0.452404    0.52454   0.458421   0.457771   0.424081   0.426716   0.423849   0.399555   0.904584   0.405374    1.27652   0.693427    1.16123     1.1136     1.1688    1.19035    1.13129    1.01713    1.01863   0.976815     1.0272   0.977413    1.17632   0.699951   0.563186    0.80453   0.514452   0.524097   0.875713   0.817046   0.868762    0.94877    1.05642  -0.132849   0.365935  -0.593973   0.623379
  0.656732   0.655589   0.654929   0.606642   0.606516    0.60629   0.575895   0.576718   0.576543   0.555542   0.555792   0.555238   0.524357   0.524404   0.524318   0.503545   0.504367   0.503165   0.509481   0.509515   0.509358   0.477566   0.481868   0.478332   0.453213    0.47224    0.45741    1.11974    1.14942    1.15015    1.09389    1.09357    1.09349    1.02369    1.17496     1.2105   0.914555   0.620489   0.975856   0.612686   0.905269    0.96372   0.575824   0.539628   0.568221   0.879822   0.877112   0.877336  -0.857776   0.376553    1.19038   0.401918   0.617757    1.24224
  0.674093    0.67279    0.67269   0.622791   0.622124   0.621874   0.593508   0.594112   0.593823   0.573666   0.573496    0.57303   0.544923   0.544948   0.544717   0.525633   0.526581   0.525719   0.531613   0.531559    0.53135   0.503563   0.508164   0.506178   0.489351   0.505842   0.500144    1.32216   0.754767   0.755563    1.10289    1.31345    1.11481    1.07606    1.01077    1.00673    1.02696    0.63164   0.213338    1.03224    1.03841    1.07008   0.570025   0.988035   0.678494   0.883623   0.882174   0.883767   0.390454   0.383108   0.903181   0.667167   0.380555 -0.0412677

Errors: 
 1.7342e-05 1.74522e-05  1.7434e-05 1.74062e-05 1.75158e-05 1.75229e-05 1.74566e-05 1.75716e-05 1.75843e-05  1.8187e-05 1.80666e-05 1.82485e-05 1.92122e-05 1.88537e-05 1.91706e-05  0.00110661 2.07096e-05    0.702322 2.06643e-05 2.03057e-05 2.03267e-05 2.53567e-05 2.33953e-05 2.32966e-05 3.16685e-05 0.000834373    0.179467           0           0           0           0           0           0     1.00001           1           1     0.59338    0.321348  2.5525e-05 4.34216e-05 3.68286e-05 9.75689e-06 6.99718e-05 6.07515e-05 0.000167888  0.00149794 4.93556e-05 4.48283e-05 0.000117512 0.000101274 8.27643e-05   0.0002364 5.13154e-07 0.000134241
5.12472e-05 5.17069e-05 5.17159e-05           0 5.15377e-05 5.16672e-05           0           0           0           0           0 5.36966e-05 5.80579e-05 5.80581e-05 5.78807e-05           0 6.28714e-05 6.21395e-05 6.47098e-05 6.33408e-05 6.27505e-05 8.05464e-05 7.42763e-05 7.33618e-05 0.000114634           0           0           0           0  7.3262e-05           0 7.86691e-05           0     1.00002     1.00108           0           0           0           0     1.00026     1.00011     1.00001 0.000287499     1.00115 0.000211886 0.000232188 0.000196409 0.000173271           1 0.000448528 0.000814946  0.00113309 0.000875614 0.000429725
          0           0 0.000109534 0.000106594 0.000107693 0.000108175 0.000105462 0.000106519  0.00010728 0.000112082 0.000110892 0.000112768 0.000123442 0.000123323  0.00012205 0.000149485           0           0 0.000141678 0.000140262 0.000136181 0.000201104 0.000178229 0.000171621 0.000301935           0           0           0           0           0           0           0           0     1.00854     1.11665     1.02529           0           0           0 0.000436626     1.00003 0.000311105           1     1.00005 0.000539804   0.0142369   0.0060699  0.00961785  0.00140656     1.00002 0.000231565  0.00309751  0.00239379     1.00139
0.000186412           0           0 0.000181914 0.000184078           0 0.000178591           0           0 0.000194862 0.000195528 0.000195483  0.00022358 0.000221426 0.000220209 0.000289231           0           0 0.000267373  0.00025897 0.000255554  0.00041692 0.000372218 0.000358417 0.000694812  0.00056153 0.000536225 0.000349187 0.000319502 0.000315396           0           0           0           0           0           0 0.000565431 0.000478623 0.000446805     1.00006     1.00008 0.000673209     1.00001   0.0013642  0.00117793   0.0167867   0.0168141  0.00921078 8.94627e-05  0.00244551 0.000273726     1.00004  0.00504263 0.000226007
0.000303354 0.000305977 0.000305826 0.000297204 0.000298302 0.000297884 0.000291753 0.000293946 0.000293896 0.000325156 0.000325337 0.000324023 0.000386573 0.000384446 0.000383645 0.000535582 0.000510239 0.000505164 0.000479491 0.000469269 0.000469102 0.000807167 0.000721973 0.000708849  0.00130125  0.00115134  0.00109295           0           0           0 0.000658379           0           0           0           0           0           0           0           0     1.00008     1.00001     1.00007  0.00341499  0.00272525           1  0.00010671   0.0237856   0.0237866  0.00161197  0.00478807  0.00396933   0.0112984  0.00912074  0.00718198
0.000476377  0.00047524 0.000476294 0.000467524 0.000464948 0.000467117 0.000457479 0.000460108  0.00046136 0.000525269  0.00052752 0.000525676 0.000633759           0           0           0 0.000894938           0 0.000797807  0.00079315 0.000790384  0.00144331  0.00136941  0.00132129   0.0028091  0.00231477  0.00225589           0           0           0           0           0           0           0           0           0           0           0           0     1.00001     1.00001     1.00001           1     1.00004  0.00444005  0.00456737  0.00366309 0.000103003  0.00323625   0.0025278  0.00257924   0.0159157   0.0143865   0.0122619
0.000736467 0.000743632 0.000732021 0.000730642 0.000732359 0.000731788 0.000721146 0.000723833 0.000725024 0.000847056 0.000869019  0.00085076  0.00104984  0.00104278  0.00104251   0.0015661  0.00153654  0.00155786  0.00136782  0.00133603  0.00134042           0           0           0 0.000989745  0.00457855  0.00413618           0           0           0           0           0           0     1.04957     1.04534     1.04797  0.00254664  0.00253712           0           1           1     1.00022     1.00009  0.00964612  0.00802913  0.00771147 0.000942378 0.000936689  0.00134051   0.0146302  0.00315074     1.00024     1.00006     1.00016
 0.00114221  0.00114763  0.00113643           0  0.00116582  0.00115771  0.00117012  0.00117125  0.00117129  0.00141037  0.00140013  0.00139184  0.00178658   0.0017645  0.00177436   0.0028154  0.00271631  0.00268939  0.00232711  0.00230974  0.00232428  0.00510134  0.00496292  0.00472242  0.00985912  0.00914469  0.00861591           0           0           0           0           0           0     1.21714     1.08174     1.01166           0           0           0  0.00910168  0.00821535     1.00003           1     1.01387   0.0147156    0.012656   0.0112577 0.000359133   0.0232664      1.0002   0.0100511   0.0194363           1   0.0217782
          0           0   0.0016654  0.00180781  0.00180634  0.00178262  0.00192706  0.00193593  0.00193755  0.00228275  0.00228559   0.0022752  0.00307818  0.00303215  0.00303215  0.00493161  0.00462159  0.00456277           0  0.00394037  0.00401194  0.00965066  0.00926332  0.00866501   0.0247372   0.0197964   0.0187544  0.00259422           0           0           0           0     1.00023           0           0     1.00065  0.00618999           0           0     1.00005     1.00003           0     1.00003   0.0301886   0.0265869  0.00100375    0.501204    0.015467    0.905251   0.0131536   0.0264027  0.00721632  0.00021306   0.0180748
          0  0.00219482  0.00220854  0.00253766  0.00255602  0.00253137  0.00302587  0.00305931  0.00305973  0.00344347  0.00348851  0.00344692  0.00508566  0.00504198  0.00511556  0.00769886  0.00744819  0.00754059           0  0.00678983  0.00643246   0.0161762   0.0150035   0.0135912   0.0295597           0   0.0351149           0  0.00335347           0           0           0           0     1.02413           0           0           0           0           0   0.0453223     1.00002   0.0178856     1.00152   0.0510306   0.0440557   0.0013639    0.122058  0.00130359     1.00059   0.0148149     1.79719   0.0324321   0.0380104 0.000735911
 0.00258259  0.00254306   0.0025396  0.00313196  0.00309924  0.00306172  0.00416504  0.00411466    0.004118  0.00450997   0.0045228   0.0044253   0.0072437  0.00721356  0.00720305   0.0105826   0.0103762   0.0104463  0.00933008   0.0094747  0.00916734   0.0214276   0.0182778   0.0189323   0.0283372   0.0407893   0.0414206           0           0           0           0           0           0           0     1.00757     1.00562           0   0.0107548           0   0.0287275     1.00203     1.00097   0.0872999    0.078798   0.0669915     3.89423   0.0796189     3.66982   0.0236158   0.0197918  0.00192657   0.0465042  0.00195548     1.05834
 0.00277924  0.00271577  0.00274983  0.00341004  0.00335857  0.00331964  0.00466057  0.00455823  0.00453375  0.00492953  0.00487063  0.00478895  0.00787001  0.00816778   0.0081525   0.0123067    0.011858   0.0118229   0.0105033   0.0107306   0.0111008   0.0218688    0.020048   0.0188447   0.0502795     0.04224   0.0390787           0  0.00448116  0.00430033           0     1.00048           0     1.60867           0           0           0   0.0123696           0     1.00042     1.00104     1.00005    0.105418       1.012      1.0004  0.00247758    0.160857     0.16909   0.0236619   0.0215957     1.00072     1.00009    0.049109  0.00394627

Statuses: 
0 0 0 0 0 0 0 0 0 0 0 0 0 0 0 3 0 3 0 0 0 0 0 0 0 3 3 3 3 3 3 3 3 3 3 3 3 3 0 0 0 3 0 0 3 3 0 0 0 0 0 0 3 0
0 0 0 2 0 0 3 3 3 3 3 0 0 0 0 3 0 0 0 0 0 0 0 0 0 3 3 3 3 0 3 0 3 3 3 3 3 3 3 3 3 3 0 3 0 0 0 0 3 0 3 3 0 3
2 2 0 0 0 0 0 0 0 0 0 0 0 0 0 0 3 3 0 0 0 0 0 0 0 3 3 3 3 3 3 3 3 3 3 3 3 3 3 0 3 0 3 3 0 3 3 3 0 3 3 0 0 3
0 2 2 0 0 3 0 3 3 0 0 0 0 0 0 0 3 3 0 0 0 0 0 0 0 0 0 0 0 0 3 3 3 3 3 3 0 0 0 3 3 0 3 0 0 3 3 3 3 0 3 3 0 3
0 0 0 0 0 0 0 0 0 0 0 0 0 0 0 0 0 0 0 0 0 0 0 0 0 0 0 3 3 3 0 3 3 3 3 3 3 3 3 3 3 3 0 0 3 3 3 3 0 0 0 0 0 0
0 0 0 0 0 0 0 0 0 0 0 0 0 3 3 3 0 3 0 0 0 0 0 0 0 0 0 3 3 3 3 3 3 3 3 3 3 3 3 3 3 3 3 3 0 0 0 3 3 0 3 0 0 0
0 0 0 0 0 0 0 0 0 0 0 0 0 0 0 0 0 0 0 0 0 3 3 3 0 0 0 3 3 3 3 3 3 3 3 3 0 0 3 3 3 3 3 0 0 0 3 3 3 0 3 3 3 3
0 0 0 3 0 0 0 0 0 0 0 0 0 0 0 0 0 0 0 0 0 0 0 0 0 0 0 3 3 3 3 3 3 3 3 3 3 3 3 0 0 3 3 3 0 0 0 3 0 3 3 0 3 0
2 2 0 0 0 0 0 0 0 0 0 0 0 0 0 0 0 0 3 0 0 0 0 0 0 0 0 0 3 3 3 3 3 3 3 3 0 3 3 3 3 3 3 0 0 3 3 0 3 3 0 0 3 0
2 0 0 0 0 0 0 0 0 0 0 0 0 0 0 0 0 0 3 0 0 0 0 0 0 3 0 3 0 3 3 3 3 3 3 3 3 3 3 3 3 0 3 0 0 3 3 3 3 3 3 0 0 3
0 0 0 0 0 0 0 0 0 0 0 0 0 0 0 0 0 0 0 0 0 0 0 0 0 0 0 3 3 3 3 3 3 3 3 3 3 0 3 0 3 3 0 0 0 3 3 3 0 0 3 0 3 3
0 0 0 0 0 0 0 0 0 0 0 0 0 0 0 0 0 0 0 0 0 0 0 0 0 0 0 3 0 0 3 3 3 3 3 3 3 0 3 3 3 3 0 3 3 3 3 3 0 0 3 3 0 0
chisq per dof: 
160.124 152.524 137.381 100.459 98.3466 88.7564 54.3134 58.0566 52.0424 23.7571 24.1464 22.4861 6.33343 6.62132 6.06131 54869.9 2.37521   91318 2.91551 2.87045 2.66703 1.86033 1.72177 1.62248 2.00433 63484.3 36574.6  128995  129880  114472  171066  151301  132369  195256  156557  130328  160208  140932 6.96567 2.64722 2.53443  145842 2.12893 1.95545  156043  226378 2.10389 2.03948 2.26323 2.01576 1.85123 2.66902  239557 2.00181
72.6513 68.6946 61.9477  40.298 38.4917 34.7977 213.311 926.997 608.556 5212.38 4825.72 9.30192  3.4582 3.73078  3.5028 4505.48 1.84158 1.75823 2.17094 2.16593 2.05365 1.82237 1.69344 1.60238 2.00348 5271.65 4348.24 12229.5 11711.4 29.2077 15840.4 11.1175 12084.5 16975.6 14882.2 12801.4 14446.2 12503.4 2598.51 19446.4 16586.8 14179.9 2.03429 17859.1 1.72003  2.0845 1.90807 1.81806   21596 2.00374   15366 18409.1 2.25323 15574.3
40.1053 36.9758 33.3915 21.1407 20.0989 18.5971 11.0814 11.9175 11.1711 5.51911 5.60614 5.44977 2.32476 2.45619 2.35724 1.74086 572.437 427.663  1.8867  1.8596 1.77321 1.80965 1.68563 1.58985 2.00173 1501.41 1156.03 3110.91 2714.33 2451.78 3821.03 3282.97 3068.25 4361.24  3644.1 3124.78 1299.51 3193.11 2783.45 1.91119 4061.92 1.71228 5253.18 3574.87 1.69153 5354.64 4463.07 3826.47 2.25338 1598.12 4054.12 2.66883 2.25494 3835.81
25.0011 23.2281 21.0449 12.0097 11.6038 690.365  6.3181 71.8507 90.6756 3.52888 3.58893 3.41579 1.90438 1.93967 1.85886 1.65277 242.682 185.758 1.77499  1.7215 1.64152 1.80327 1.67966 1.58333 2.00199 1.80855 1.67402 8.09181  8.7073 8.94028 1490.65 1165.01 1117.48 1582.17 1318.69 1131.82 1.99819 1.93087  1.8889 1795.62 1492.26 1.64337 1970.43 1.81045 1.68126 1994.99  1665.2 1433.27 2270.68 2.00664 1424.72 2028.08 2.25827  1491.4
16.0467  14.668 13.3251 7.60897 7.00514 6.35311 4.06369 4.04827 3.72436 2.64343 2.54787 2.38884 1.72718 1.69979 1.62591 1.63011 1.54391 1.46922  1.7318 1.65587 1.57833  1.8026 1.67271  1.5767 2.00193 1.80406 1.67006 518.623 456.928 410.138 2.41726 549.004 490.925 698.799 582.509 499.609 577.507 497.048 438.234 803.245 646.558 551.464 2.00935 1.80773 491.984 344.741 745.732 639.381 11.9438 2.00425  1.8374 2.66773  2.2549 2.00404
10.9357 9.91578 9.05377 5.42525   4.942 4.52587 2.98719 2.83013 2.64136  2.2069 2.09243  1.9849 1.64031 196.652 174.576 34.7918 1.52137 29.1006 1.71082  1.6181 1.54643 1.80443 1.67099 1.57669 2.00508 1.80433 1.67151 193.146  134.23 122.348 296.918 256.354 228.546 352.059 229.548 252.768  313.15 268.727  233.55  324.91 283.285 221.451  207.99 328.914 1.67404 2.01706 1.84865 296.685 419.033 6.78212 328.955 2.66919 2.25469 2.00575
7.29644 6.69672 6.12771 3.78855 3.50071 3.22413 2.28593 2.16219 2.03882 1.90567 1.81475 1.72724 1.58812 1.51638 1.46368 1.61328 1.51545 1.44655 1.69808 1.60333 1.53498 138.089 116.069 1.85035  2.0074 1.80558 1.67314 116.561 104.568 92.0163 182.171 156.207 120.546 190.345 159.192 136.606 1.71953 1.63049  117.33 199.843 92.5601 148.009 224.481 1.80899 1.67455 2.01456 200.583 171.936 248.743 2.00616 176.745 252.021 158.593 190.525
4.81096 4.44296 4.10973  52.019 2.55277 2.38033 1.86318 1.76564 1.68783  1.7239 1.64303 1.57375 1.55544 1.48247 1.43018 1.61047 1.51132  1.4413 1.68914 1.59373 1.52431 1.80581 1.67204 1.57719 2.00719 1.80615 1.67277 21.5081 33.2519 64.4057  104.66 89.8895 79.9004 107.049 89.3594 77.6393 58.2067 45.7611 49.5434 1.81557  1.6801 25.7425 121.691 93.9431 1.67368 2.01208 1.84345 30.0359 2.25687 125.757  104.67 2.69558 91.2808 2.00731
3.26594 3.02252 2.84411 2.05981 1.93798 1.83418  1.6334 1.55799 1.50205 1.60905 1.53825  1.4797 1.53952 1.46488  1.4121 1.61014 1.50867 1.43743 9.42277 1.58799 1.51765 1.80489  1.6708 1.57545 2.00507 1.80438 1.67063 1.80464 28.6506 21.3644 50.2606 44.1445 42.7529 61.3446 51.5254 10.9816 1.67659 33.9887 38.4214 59.6033  58.567 55.3168 66.8189  1.8061  1.6718  56.803 41.3075 1.71981 49.2747 74.7441  1.8377 70.4037 63.8291 2.00469
2.31259 2.16688 2.06789 1.63254 1.55858 1.49717 1.48773 1.42776 1.37943 1.51868 1.45761 1.40764 1.52498  1.4514 1.39767 1.60681 1.50569 1.43456 6.44798 1.58316 1.51216 1.80392  1.6701 1.57491 2.00427 11.9434 1.67032 35.2654 1.59654 13.9373 39.6036 34.5194 22.2228 37.7412 32.6371 28.1213 25.5722 34.3542 22.5583 28.0296 30.0024 1.57636 36.8438 1.80514 1.67118 35.0722 21.1613 24.0877 59.7857 19.5266 32.8533 2.67229  2.2627 36.1146
1.86761 1.77884 1.71213 1.44732 1.39145 1.34814  1.4069 1.34992 1.30845 1.47038 1.41173 1.36656  1.5137 1.44038 1.38723 1.60555 1.50483 1.43402 1.67514  1.5787 1.50797 1.80426 1.67071 1.57582 2.00494 1.80477 1.67152  16.686 13.4861  14.637 29.7179 25.9323 22.8351 27.6675 22.9375 19.4873 10.5484   1.577 13.9097 1.80507 29.9414 25.6574 2.00594 1.80555  1.6721 21.8236 17.7584 15.6165 2.28822 2.00459 26.3781 2.67314  31.088 12.3376
1.75746 1.68133 1.63234 1.39874 1.35018 1.31145 1.38438 1.32975 1.28969 1.45678 1.39973 1.35553  1.5109 1.43792   1.384 1.60601 1.50535 1.43373 1.67428 1.57799 1.50646 1.80531  1.6717 1.57621  2.0065 1.80604 1.67222 20.0837 1.50556 1.45008 25.7284 19.2651 19.4197 23.3031 19.9999 17.2877 25.1766 1.57774  6.1835 27.7851  20.099 19.6273 2.00724 19.3465  18.527 21.9567 16.2916 14.3949 2.25644 2.00555 26.2467 37.0166 2.25692 14.2236
Mode averaged potential and errors: 
  0.0793655 0.000211403
   0.132301 0.000114634
   0.175067  0.00168312
   0.213827 0.000694812
   0.247793   0.0106794
   0.261286   0.0275647
    0.32375  0.00312452
   0.357437   0.0111828
   0.377506   0.0272726
   0.413926   0.0410429
   0.494179   0.0692228
   0.525552   0.0619123
R Models:
(* Fitting with shape 1 1 1 1 1 1 1 1 0 0 0 0 *)
G[R_,xx_]:=xx[[0]] + xx[[1]]/R | xx[[2]]*R
(* Fitting with shape 1 1 1 1 1 1 1 1 1 0 0 0 *)
G[R_,xx_]:=xx[[0]] + xx[[1]]/R | xx[[2]]*R
(* Fitting with shape 1 1 1 1 1 1 1 1 1 1 0 0 *)
G[R_,xx_]:=xx[[0]] + xx[[1]]/R | xx[[2]]*R
(* Fitting with shape 1 1 1 1 1 1 1 1 1 1 1 0 *)
G[R_,xx_]:=xx[[0]] + xx[[1]]/R | xx[[2]]*R
(* Fitting with shape 1 1 1 1 1 1 1 1 1 1 1 1 *)
G[R_,xx_]:=xx[[0]] + xx[[1]]/R | xx[[2]]*R
(* Fitting with shape 0 1 1 1 1 1 1 1 0 0 0 0 *)
G[R_,xx_]:=xx[[0]] + xx[[1]]/R | xx[[2]]*R
(* Fitting with shape 0 1 1 1 1 1 1 1 1 0 0 0 *)
G[R_,xx_]:=xx[[0]] + xx[[1]]/R | xx[[2]]*R
(* Fitting with shape 0 1 1 1 1 1 1 1 1 1 0 0 *)
G[R_,xx_]:=xx[[0]] + xx[[1]]/R | xx[[2]]*R
(* Fitting with shape 0 1 1 1 1 1 1 1 1 1 1 0 *)
G[R_,xx_]:=xx[[0]] + xx[[1]]/R | xx[[2]]*R
(* Fitting with shape 0 1 1 1 1 1 1 1 1 1 1 1 *)
G[R_,xx_]:=xx[[0]] + xx[[1]]/R | xx[[2]]*R
(* Fitting with shape 0 0 1 1 1 1 1 1 0 0 0 0 *)
G[R_,xx_]:=xx[[0]] + xx[[1]]/R | xx[[2]]*R
(* Fitting with shape 0 0 1 1 1 1 1 1 1 0 0 0 *)
G[R_,xx_]:=xx[[0]] + xx[[1]]/R | xx[[2]]*R
(* Fitting with shape 0 0 1 1 1 1 1 1 1 1 0 0 *)
G[R_,xx_]:=xx[[0]] + xx[[1]]/R | xx[[2]]*R
(* Fitting with shape 0 0 1 1 1 1 1 1 1 1 1 0 *)
G[R_,xx_]:=xx[[0]] + xx[[1]]/R | xx[[2]]*R
(* Fitting with shape 0 0 1 1 1 1 1 1 1 1 1 1 *)
G[R_,xx_]:=xx[[0]] + xx[[1]]/R | xx[[2]]*R
(* Fitting with shape 0 0 0 1 1 1 1 1 0 0 0 0 *)
G[R_,xx_]:=xx[[0]] + xx[[1]]/R | xx[[2]]*R
(* Fitting with shape 0 0 0 1 1 1 1 1 1 0 0 0 *)
G[R_,xx_]:=xx[[0]] + xx[[1]]/R | xx[[2]]*R
(* Fitting with shape 0 0 0 1 1 1 1 1 1 1 0 0 *)
G[R_,xx_]:=xx[[0]] + xx[[1]]/R | xx[[2]]*R
(* Fitting with shape 0 0 0 1 1 1 1 1 1 1 1 0 *)
G[R_,xx_]:=xx[[0]] + xx[[1]]/R | xx[[2]]*R
(* Fitting with shape 0 0 0 1 1 1 1 1 1 1 1 1 *)
G[R_,xx_]:=xx[[0]] + xx[[1]]/R | xx[[2]]*R
2.57415 2.57415 2.57415 
-0.255049 -0.255049 -0.255049 
1 1 1 
25.3849 25.3849 25.3849 
-85.1498 -85.1498 -85.1498 
5.03038e+175 5.03038e+175 5.03038e+175 
3.5936e+246 3.5936e+246 3.5936e+246 
2.14726e+243 2.14726e+243 2.14726e+243 
-1.50459e+06 -1.50459e+06 -1.50459e+06 
4.82702e-321 4.82702e-321 4.82702e-321 
2.38019e-316 2.38019e-316 2.38019e-316 
-5.6055e-146 -5.6055e-146 -5.6055e-146 
0 0 0 
0 0 0 
0 0 0 
0 0 0 
0 0 0 
0 0 0 
0 0 0 
0 0 0 
0 0 0 
0 0 0 
1.3141e-08 1.3141e-08 1.3141e-08 
0 0 0 
0 0 0 
0 0 0 
0 0 0 
0 0 0 
0 0 0 
0 0 0 
0 0 0 
0 0 0 
0 0 0 
0 0 0 
2.0714e+06 2.0714e+06 2.0714e+06 
0 0 0 
2.8329e-06 2.8329e-06 2.8329e-06 
0 0 0 
0 0 0 
0 0 0 
0 0 0 
0 0 0 
0 0 0 
0 0 0 
0 0 0 
0 0 0 
4.82764e-07 4.82764e-07 4.82764e-07 
0 0 0 
0 0 0 
0 0 0 
0 0 0 
0 0 0 
0 0 0 
0 0 0 
Probabilities: 
         0          0          0          0          0          0          0          0          0          0          0          0          0          0          0 0.00540149  0.0146691  0.0368952  0.0296566  0.0803667     0.1976   0.020267  0.0543988    0.14745   0.010907  0.0255973  0.0656665          0          0          0          0          0          0   0.006999          0          0  0.0502183  0.0528711  0.0219373  0.0335894          0   0.145509          0          0          0          0          0          0          0          0          0          0          0          0

String tensions: 
         1          1          1          1          1          1          1          1          1  -0.468151   -0.46852  -0.469407  -0.176949  -0.177298  -0.177421  -0.932504  -0.933048  -0.941247   -1.12714   -1.12753   -1.13075   -1.60824   -1.59677   -1.60475   -2.78786   -2.48636   -2.24714  0.0475951 -0.0402894  0.0472354   0.992997   0.993005   0.993016  0.0136206  -0.098815 -0.0322668   0.011241  0.0110015  0.0105268 0.00716657    0.07669 0.00444161   0.223367    1.06263   0.243996    1.24776    1.14716    1.14691  -0.129213  0.0178847 -0.0977897   0.279719   0.923441   0.856414

Errors: 
    5792.62     5792.62     5792.62     5792.62     5792.62     5792.62     5792.62     5792.62     5792.62  0.00282891  0.00282094  0.00280271           0           0           0    0.100053   0.0991413   0.0961226   0.0359487    0.035124   0.0343091    0.352701    0.369322    0.361351    0.612799    0.960835    0.882126  0.00059677           0 0.000594057           0           0           0  0.00214902     1.00026     1.00044 0.000798675   0.0008077 0.000775028  0.00348646     1.00004  0.00266816     1.00039           0     8.07139  0.00291304  0.00291164  0.00291164           1 0.000461447           1     16.6576     2.92659 0.000510252

Statuses: 
0 0 0 3 0 3 0 0 0 0 0 0 3 3 3 0 0 0 0 0 0 0 0 0 0 0 0 0 3 0 3 3 3 0 3 3 0 0 0 0 3 0 3 3 3 3 3 3 3 1 3 3 3 0
chisq per dof: 
 1839.07  1624.87  1478.28  6944.73  123.964  6309.66  9.10222  7.79165  7.29098  28.8696  25.8898  24.5371  6903.25  5921.24  5188.07 0.568211 0.473819 0.428321 0.490719 0.430151 0.404657 0.366069 0.317389 0.278428 0.287118 0.288238 0.263604  306.688  26704.7  248.799  19694.1  16887.9  14785.9 0.464574  10659.5  11490.6 0.340235 0.534836 0.893115 0.197664  8046.65 0.281742  14873.5  19214.4    14155  16885.5  14780.6  13146.3  5329.37 0.604055  7553.75  2527.29  16706.1   1828.9
Model string tension and errors: 
sigma = -0.996262 +/- 0.839351
