R=0parameters: 
-0.682308 -0.682308 
0.0691219 0.0691219 
9.61909e-11 9.61909e-11 
4.79244e-322 4.79244e-322 
6.9213e-310 6.9213e-310 
1.07423e+139 1.07423e+139 
0.000112194 0.000112194 
1.12216e+219 1.12216e+219 
-0.00530273 -0.00530273 
4.58171e-06 4.58171e-06 4.58171e-06 
4.34546e-06 4.34546e-06 4.34546e-06 
4.13653e-06 4.13653e-06 4.13653e-06 
3.95475e-06 3.95475e-06 3.95475e-06 
3.72328e-06 3.72328e-06 3.72328e-06 
-1.08529e+06 -1.08529e+06 -1.08529e+06 
2.16558e+06 2.16558e+06 2.16558e+06 
-1.81177e+06 -1.81177e+06 -1.81177e+06 
3.3835e-06 3.3835e-06 3.3835e-06 
5.0759e-06 5.0759e-06 5.0759e-06 5.0759e-06 
4.98665e-06 4.98665e-06 4.98665e-06 4.98665e-06 
4.73304e-06 4.73304e-06 4.73304e-06 4.73304e-06 
4.52661e-06 4.52661e-06 4.52661e-06 4.52661e-06 
4.339e-06 4.339e-06 4.339e-06 4.339e-06 
6.31955e+06 6.31955e+06 6.31955e+06 6.31955e+06 
-9.49034e+06 -9.49034e+06 -9.49034e+06 -9.49034e+06 
1.50931e+06 1.50931e+06 1.50931e+06 1.50931e+06 
3.99226e-06 3.99226e-06 3.99226e-06 3.99226e-06 
3.56186e-06 3.56186e-06 3.56186e-06 
4.86987e-06 4.86987e-06 4.86987e-06 
4.98665e-06 4.98665e-06 4.98665e-06 
5.02842e-06 5.02842e-06 5.02842e-06 
4.78424e-06 4.78424e-06 4.78424e-06 
-3.31507e+06 -3.31507e+06 -3.31507e+06 
4.49387e+06 4.49387e+06 4.49387e+06 
-8.84095e+06 -8.84095e+06 -8.84095e+06 
4.47353e-06 4.47353e-06 4.47353e-06 
4.30308e-06 4.30308e-06 4.30308e-06 4.30308e-06 
3.72939e-06 3.72939e-06 3.72939e-06 3.72939e-06 
3.55448e-06 3.55448e-06 3.55448e-06 3.55448e-06 
4.58171e-06 4.58171e-06 4.58171e-06 4.58171e-06 
4.73304e-06 4.73304e-06 4.73304e-06 4.73304e-06 
-1.15687e+07 -1.15687e+07 -1.15687e+07 -1.15687e+07 
4.02562e+07 4.02562e+07 4.02562e+07 4.02562e+07 
-2.3326e+07 -2.3326e+07 -2.3326e+07 -2.3326e+07 
4.46012e-06 4.46012e-06 4.46012e-06 4.46012e-06 
1.97626e-323 1.97626e-323 1.97626e-323 1.97626e-323 1.97626e-323 
3.23816e-319 3.23816e-319 3.23816e-319 3.23816e-319 3.23816e-319 
1.49847e-316 1.49847e-316 1.49847e-316 1.49847e-316 1.49847e-316 
2.49195e-316 2.49195e-316 2.49195e-316 2.49195e-316 2.49195e-316 
9.88131e-324 9.88131e-324 9.88131e-324 9.88131e-324 9.88131e-324 
3.95253e-323 3.95253e-323 3.95253e-323 3.95253e-323 3.95253e-323 
4.23118e-320 4.23118e-320 4.23118e-320 4.23118e-320 4.23118e-320 
2.49195e-316 2.49195e-316 2.49195e-316 2.49195e-316 2.49195e-316 
2.122e-314 2.122e-314 2.122e-314 2.122e-314 2.122e-314 
R=1parameters: 
-0.664213 -0.664213 
0.0976697 0.0976697 
-8.97392e-06 -8.97392e-06 
0.0317396 0.0317396 
-0.0248807 -0.0248807 
5.03038e+175 5.03038e+175 
3.5936e+246 3.5936e+246 
2.14726e+243 2.14726e+243 
5.97819e-322 5.97819e-322 
4.79244e-322 4.79244e-322 4.79244e-322 
6.92131e-310 6.92131e-310 6.92131e-310 
6.36599e-314 6.36599e-314 6.36599e-314 
6.92131e-310 6.92131e-310 6.92131e-310 
2.49194e-316 2.49194e-316 2.49194e-316 
2.49194e-316 2.49194e-316 2.49194e-316 
2.48945e-316 2.48945e-316 2.48945e-316 
2.48945e-316 2.48945e-316 2.48945e-316 
2.47103e-316 2.47103e-316 2.47103e-316 
2.47103e-316 2.47103e-316 2.47103e-316 2.47103e-316 
2.48385e-316 2.48385e-316 2.48385e-316 2.48385e-316 
2.49199e-316 2.49199e-316 2.49199e-316 2.49199e-316 
7.16395e-322 7.16395e-322 7.16395e-322 7.16395e-322 
0 0 0 0 
2.51824e-316 2.51824e-316 2.51824e-316 2.51824e-316 
2.48072e-316 2.48072e-316 2.48072e-316 2.48072e-316 
2.31584e+77 2.31584e+77 2.31584e+77 2.31584e+77 
2.51824e-316 2.51824e-316 2.51824e-316 2.51824e-316 
3.16202e-322 3.16202e-322 3.16202e-322 
2.4998e-316 2.4998e-316 2.4998e-316 
0 0 0 
2.47176e-316 2.47176e-316 2.47176e-316 
2.48577e-316 2.48577e-316 2.48577e-316 
2.49195e-316 2.49195e-316 2.49195e-316 
2.49195e-316 2.49195e-316 2.49195e-316 
2.47242e-316 2.47242e-316 2.47242e-316 
1.97626e-323 1.97626e-323 1.97626e-323 
0 0 0 0 
2.51824e-316 2.51824e-316 2.51824e-316 2.51824e-316 
7.11455e-322 7.11455e-322 7.11455e-322 7.11455e-322 
1.58595e-321 1.58595e-321 1.58595e-321 1.58595e-321 
6.08343e-320 6.08343e-320 6.08343e-320 6.08343e-320 
1.07423e+139 1.07423e+139 1.07423e+139 1.07423e+139 
2.54385e-316 2.54385e-316 2.54385e-316 2.54385e-316 
0 0 0 0 
2.86558e-322 2.86558e-322 2.86558e-322 2.86558e-322 
1.97626e-323 1.97626e-323 1.97626e-323 1.97626e-323 1.97626e-323 
3.23816e-319 3.23816e-319 3.23816e-319 3.23816e-319 3.23816e-319 
1.49847e-316 1.49847e-316 1.49847e-316 1.49847e-316 1.49847e-316 
2.49195e-316 2.49195e-316 2.49195e-316 2.49195e-316 2.49195e-316 
9.88131e-324 9.88131e-324 9.88131e-324 9.88131e-324 9.88131e-324 
3.95253e-323 3.95253e-323 3.95253e-323 3.95253e-323 3.95253e-323 
4.23118e-320 4.23118e-320 4.23118e-320 4.23118e-320 4.23118e-320 
2.49195e-316 2.49195e-316 2.49195e-316 2.49195e-316 2.49195e-316 
2.122e-314 2.122e-314 2.122e-314 2.122e-314 2.122e-314 
R=2parameters: 
-0.643204 -0.643204 
0.11308 0.11308 
0.0434682 0.0434682 
-19.1834 -19.1834 
118.516 118.516 
5.03038e+175 5.03038e+175 
3.5936e+246 3.5936e+246 
2.14726e+243 2.14726e+243 
5.97819e-322 5.97819e-322 
4.79244e-322 4.79244e-322 4.79244e-322 
6.92131e-310 6.92131e-310 6.92131e-310 
6.36599e-314 6.36599e-314 6.36599e-314 
6.92131e-310 6.92131e-310 6.92131e-310 
2.49194e-316 2.49194e-316 2.49194e-316 
2.49194e-316 2.49194e-316 2.49194e-316 
2.48945e-316 2.48945e-316 2.48945e-316 
2.48945e-316 2.48945e-316 2.48945e-316 
2.47103e-316 2.47103e-316 2.47103e-316 
2.47103e-316 2.47103e-316 2.47103e-316 2.47103e-316 
2.48385e-316 2.48385e-316 2.48385e-316 2.48385e-316 
2.49199e-316 2.49199e-316 2.49199e-316 2.49199e-316 
7.16395e-322 7.16395e-322 7.16395e-322 7.16395e-322 
0 0 0 0 
2.51824e-316 2.51824e-316 2.51824e-316 2.51824e-316 
2.48072e-316 2.48072e-316 2.48072e-316 2.48072e-316 
2.31584e+77 2.31584e+77 2.31584e+77 2.31584e+77 
2.51824e-316 2.51824e-316 2.51824e-316 2.51824e-316 
3.16202e-322 3.16202e-322 3.16202e-322 
2.4998e-316 2.4998e-316 2.4998e-316 
0 0 0 
2.47176e-316 2.47176e-316 2.47176e-316 
2.48577e-316 2.48577e-316 2.48577e-316 
2.49195e-316 2.49195e-316 2.49195e-316 
2.49195e-316 2.49195e-316 2.49195e-316 
2.47242e-316 2.47242e-316 2.47242e-316 
1.97626e-323 1.97626e-323 1.97626e-323 
0 0 0 0 
2.51824e-316 2.51824e-316 2.51824e-316 2.51824e-316 
7.11455e-322 7.11455e-322 7.11455e-322 7.11455e-322 
1.58595e-321 1.58595e-321 1.58595e-321 1.58595e-321 
6.08343e-320 6.08343e-320 6.08343e-320 6.08343e-320 
1.07423e+139 1.07423e+139 1.07423e+139 1.07423e+139 
2.54385e-316 2.54385e-316 2.54385e-316 2.54385e-316 
0 0 0 0 
2.86558e-322 2.86558e-322 2.86558e-322 2.86558e-322 
1.97626e-323 1.97626e-323 1.97626e-323 1.97626e-323 1.97626e-323 
3.23816e-319 3.23816e-319 3.23816e-319 3.23816e-319 3.23816e-319 
1.49847e-316 1.49847e-316 1.49847e-316 1.49847e-316 1.49847e-316 
2.49195e-316 2.49195e-316 2.49195e-316 2.49195e-316 2.49195e-316 
9.88131e-324 9.88131e-324 9.88131e-324 9.88131e-324 9.88131e-324 
3.95253e-323 3.95253e-323 3.95253e-323 3.95253e-323 3.95253e-323 
4.23118e-320 4.23118e-320 4.23118e-320 4.23118e-320 4.23118e-320 
2.49195e-316 2.49195e-316 2.49195e-316 2.49195e-316 2.49195e-316 
2.122e-314 2.122e-314 2.122e-314 2.122e-314 2.122e-314 
R=3parameters: 
-0.617836 -0.617836 
0.124815 0.124815 
0.00444711 0.00444711 
1865.34 1865.34 
-2094.6 -2094.6 
5.03038e+175 5.03038e+175 
3.5936e+246 3.5936e+246 
2.14726e+243 2.14726e+243 
5.97819e-322 5.97819e-322 
4.79244e-322 4.79244e-322 4.79244e-322 
6.92131e-310 6.92131e-310 6.92131e-310 
6.36599e-314 6.36599e-314 6.36599e-314 
6.92131e-310 6.92131e-310 6.92131e-310 
2.49194e-316 2.49194e-316 2.49194e-316 
2.49194e-316 2.49194e-316 2.49194e-316 
2.48945e-316 2.48945e-316 2.48945e-316 
2.48945e-316 2.48945e-316 2.48945e-316 
2.47103e-316 2.47103e-316 2.47103e-316 
2.47103e-316 2.47103e-316 2.47103e-316 2.47103e-316 
2.48385e-316 2.48385e-316 2.48385e-316 2.48385e-316 
2.49199e-316 2.49199e-316 2.49199e-316 2.49199e-316 
7.16395e-322 7.16395e-322 7.16395e-322 7.16395e-322 
0 0 0 0 
2.51824e-316 2.51824e-316 2.51824e-316 2.51824e-316 
2.48072e-316 2.48072e-316 2.48072e-316 2.48072e-316 
2.31584e+77 2.31584e+77 2.31584e+77 2.31584e+77 
2.51824e-316 2.51824e-316 2.51824e-316 2.51824e-316 
3.16202e-322 3.16202e-322 3.16202e-322 
2.4998e-316 2.4998e-316 2.4998e-316 
0 0 0 
2.47176e-316 2.47176e-316 2.47176e-316 
2.48577e-316 2.48577e-316 2.48577e-316 
2.49195e-316 2.49195e-316 2.49195e-316 
2.49195e-316 2.49195e-316 2.49195e-316 
2.47242e-316 2.47242e-316 2.47242e-316 
1.97626e-323 1.97626e-323 1.97626e-323 
0 0 0 0 
2.51824e-316 2.51824e-316 2.51824e-316 2.51824e-316 
7.11455e-322 7.11455e-322 7.11455e-322 7.11455e-322 
1.58595e-321 1.58595e-321 1.58595e-321 1.58595e-321 
6.08343e-320 6.08343e-320 6.08343e-320 6.08343e-320 
1.07423e+139 1.07423e+139 1.07423e+139 1.07423e+139 
2.54385e-316 2.54385e-316 2.54385e-316 2.54385e-316 
0 0 0 0 
2.86558e-322 2.86558e-322 2.86558e-322 2.86558e-322 
1.97626e-323 1.97626e-323 1.97626e-323 1.97626e-323 1.97626e-323 
3.23816e-319 3.23816e-319 3.23816e-319 3.23816e-319 3.23816e-319 
1.49847e-316 1.49847e-316 1.49847e-316 1.49847e-316 1.49847e-316 
2.49195e-316 2.49195e-316 2.49195e-316 2.49195e-316 2.49195e-316 
9.88131e-324 9.88131e-324 9.88131e-324 9.88131e-324 9.88131e-324 
3.95253e-323 3.95253e-323 3.95253e-323 3.95253e-323 3.95253e-323 
4.23118e-320 4.23118e-320 4.23118e-320 4.23118e-320 4.23118e-320 
2.49195e-316 2.49195e-316 2.49195e-316 2.49195e-316 2.49195e-316 
2.122e-314 2.122e-314 2.122e-314 2.122e-314 2.122e-314 
R=4parameters: 
-0.592025 -0.592025 
0.135052 0.135052 
0.615095 0.615095 
1.43818 1.43818 
-12.9593 -12.9593 
5.03038e+175 5.03038e+175 
3.5936e+246 3.5936e+246 
2.14726e+243 2.14726e+243 
5.97819e-322 5.97819e-322 
4.79244e-322 4.79244e-322 4.79244e-322 
6.92131e-310 6.92131e-310 6.92131e-310 
6.36599e-314 6.36599e-314 6.36599e-314 
6.92131e-310 6.92131e-310 6.92131e-310 
2.49194e-316 2.49194e-316 2.49194e-316 
2.49194e-316 2.49194e-316 2.49194e-316 
2.48945e-316 2.48945e-316 2.48945e-316 
2.48945e-316 2.48945e-316 2.48945e-316 
2.47103e-316 2.47103e-316 2.47103e-316 
2.47103e-316 2.47103e-316 2.47103e-316 2.47103e-316 
2.48385e-316 2.48385e-316 2.48385e-316 2.48385e-316 
2.49199e-316 2.49199e-316 2.49199e-316 2.49199e-316 
7.16395e-322 7.16395e-322 7.16395e-322 7.16395e-322 
0 0 0 0 
2.51824e-316 2.51824e-316 2.51824e-316 2.51824e-316 
2.48072e-316 2.48072e-316 2.48072e-316 2.48072e-316 
2.31584e+77 2.31584e+77 2.31584e+77 2.31584e+77 
2.51824e-316 2.51824e-316 2.51824e-316 2.51824e-316 
3.16202e-322 3.16202e-322 3.16202e-322 
2.4998e-316 2.4998e-316 2.4998e-316 
0 0 0 
2.47176e-316 2.47176e-316 2.47176e-316 
2.48577e-316 2.48577e-316 2.48577e-316 
2.49195e-316 2.49195e-316 2.49195e-316 
2.49195e-316 2.49195e-316 2.49195e-316 
2.47242e-316 2.47242e-316 2.47242e-316 
1.97626e-323 1.97626e-323 1.97626e-323 
0 0 0 0 
2.51824e-316 2.51824e-316 2.51824e-316 2.51824e-316 
7.11455e-322 7.11455e-322 7.11455e-322 7.11455e-322 
1.58595e-321 1.58595e-321 1.58595e-321 1.58595e-321 
6.08343e-320 6.08343e-320 6.08343e-320 6.08343e-320 
1.07423e+139 1.07423e+139 1.07423e+139 1.07423e+139 
2.54385e-316 2.54385e-316 2.54385e-316 2.54385e-316 
0 0 0 0 
2.86558e-322 2.86558e-322 2.86558e-322 2.86558e-322 
1.97626e-323 1.97626e-323 1.97626e-323 1.97626e-323 1.97626e-323 
3.23816e-319 3.23816e-319 3.23816e-319 3.23816e-319 3.23816e-319 
1.49847e-316 1.49847e-316 1.49847e-316 1.49847e-316 1.49847e-316 
2.49195e-316 2.49195e-316 2.49195e-316 2.49195e-316 2.49195e-316 
9.88131e-324 9.88131e-324 9.88131e-324 9.88131e-324 9.88131e-324 
3.95253e-323 3.95253e-323 3.95253e-323 3.95253e-323 3.95253e-323 
4.23118e-320 4.23118e-320 4.23118e-320 4.23118e-320 4.23118e-320 
2.49195e-316 2.49195e-316 2.49195e-316 2.49195e-316 2.49195e-316 
2.122e-314 2.122e-314 2.122e-314 2.122e-314 2.122e-314 
R=5parameters: 
-0.564355 -0.564355 
0.230297 0.230297 
1 1 
1 1 
1 1 
5.03038e+175 5.03038e+175 
3.5936e+246 3.5936e+246 
2.14726e+243 2.14726e+243 
5.97819e-322 5.97819e-322 
4.79244e-322 4.79244e-322 4.79244e-322 
6.92131e-310 6.92131e-310 6.92131e-310 
6.36599e-314 6.36599e-314 6.36599e-314 
6.92131e-310 6.92131e-310 6.92131e-310 
2.49194e-316 2.49194e-316 2.49194e-316 
2.49194e-316 2.49194e-316 2.49194e-316 
2.48945e-316 2.48945e-316 2.48945e-316 
2.48945e-316 2.48945e-316 2.48945e-316 
2.47103e-316 2.47103e-316 2.47103e-316 
2.47103e-316 2.47103e-316 2.47103e-316 2.47103e-316 
2.48385e-316 2.48385e-316 2.48385e-316 2.48385e-316 
2.49199e-316 2.49199e-316 2.49199e-316 2.49199e-316 
7.16395e-322 7.16395e-322 7.16395e-322 7.16395e-322 
0 0 0 0 
2.51824e-316 2.51824e-316 2.51824e-316 2.51824e-316 
2.48072e-316 2.48072e-316 2.48072e-316 2.48072e-316 
2.31584e+77 2.31584e+77 2.31584e+77 2.31584e+77 
2.51824e-316 2.51824e-316 2.51824e-316 2.51824e-316 
3.16202e-322 3.16202e-322 3.16202e-322 
2.4998e-316 2.4998e-316 2.4998e-316 
0 0 0 
2.47176e-316 2.47176e-316 2.47176e-316 
2.48577e-316 2.48577e-316 2.48577e-316 
2.49195e-316 2.49195e-316 2.49195e-316 
2.49195e-316 2.49195e-316 2.49195e-316 
2.47242e-316 2.47242e-316 2.47242e-316 
1.97626e-323 1.97626e-323 1.97626e-323 
0 0 0 0 
2.51824e-316 2.51824e-316 2.51824e-316 2.51824e-316 
7.11455e-322 7.11455e-322 7.11455e-322 7.11455e-322 
1.58595e-321 1.58595e-321 1.58595e-321 1.58595e-321 
6.08343e-320 6.08343e-320 6.08343e-320 6.08343e-320 
1.07423e+139 1.07423e+139 1.07423e+139 1.07423e+139 
2.54385e-316 2.54385e-316 2.54385e-316 2.54385e-316 
0 0 0 0 
2.86558e-322 2.86558e-322 2.86558e-322 2.86558e-322 
1.97626e-323 1.97626e-323 1.97626e-323 1.97626e-323 1.97626e-323 
3.23816e-319 3.23816e-319 3.23816e-319 3.23816e-319 3.23816e-319 
1.49847e-316 1.49847e-316 1.49847e-316 1.49847e-316 1.49847e-316 
2.49195e-316 2.49195e-316 2.49195e-316 2.49195e-316 2.49195e-316 
9.88131e-324 9.88131e-324 9.88131e-324 9.88131e-324 9.88131e-324 
3.95253e-323 3.95253e-323 3.95253e-323 3.95253e-323 3.95253e-323 
4.23118e-320 4.23118e-320 4.23118e-320 4.23118e-320 4.23118e-320 
2.49195e-316 2.49195e-316 2.49195e-316 2.49195e-316 2.49195e-316 
2.122e-314 2.122e-314 2.122e-314 2.122e-314 2.122e-314 
R=6parameters: 
-0.538303 -0.538303 
0.154723 0.154723 
-0.000402016 -0.000402016 
0.121829 0.121829 
-0.0308826 -0.0308826 
5.03038e+175 5.03038e+175 
3.5936e+246 3.5936e+246 
2.14726e+243 2.14726e+243 
5.97819e-322 5.97819e-322 
4.79244e-322 4.79244e-322 4.79244e-322 
6.92131e-310 6.92131e-310 6.92131e-310 
6.36599e-314 6.36599e-314 6.36599e-314 
6.92131e-310 6.92131e-310 6.92131e-310 
2.49194e-316 2.49194e-316 2.49194e-316 
2.49194e-316 2.49194e-316 2.49194e-316 
2.48945e-316 2.48945e-316 2.48945e-316 
2.48945e-316 2.48945e-316 2.48945e-316 
2.47103e-316 2.47103e-316 2.47103e-316 
2.47103e-316 2.47103e-316 2.47103e-316 2.47103e-316 
2.48385e-316 2.48385e-316 2.48385e-316 2.48385e-316 
2.49199e-316 2.49199e-316 2.49199e-316 2.49199e-316 
7.16395e-322 7.16395e-322 7.16395e-322 7.16395e-322 
0 0 0 0 
2.51824e-316 2.51824e-316 2.51824e-316 2.51824e-316 
2.48072e-316 2.48072e-316 2.48072e-316 2.48072e-316 
2.31584e+77 2.31584e+77 2.31584e+77 2.31584e+77 
2.51824e-316 2.51824e-316 2.51824e-316 2.51824e-316 
3.16202e-322 3.16202e-322 3.16202e-322 
2.4998e-316 2.4998e-316 2.4998e-316 
0 0 0 
2.47176e-316 2.47176e-316 2.47176e-316 
2.48577e-316 2.48577e-316 2.48577e-316 
2.49195e-316 2.49195e-316 2.49195e-316 
2.49195e-316 2.49195e-316 2.49195e-316 
2.47242e-316 2.47242e-316 2.47242e-316 
1.97626e-323 1.97626e-323 1.97626e-323 
0 0 0 0 
2.51824e-316 2.51824e-316 2.51824e-316 2.51824e-316 
7.11455e-322 7.11455e-322 7.11455e-322 7.11455e-322 
1.58595e-321 1.58595e-321 1.58595e-321 1.58595e-321 
6.08343e-320 6.08343e-320 6.08343e-320 6.08343e-320 
1.07423e+139 1.07423e+139 1.07423e+139 1.07423e+139 
2.54385e-316 2.54385e-316 2.54385e-316 2.54385e-316 
0 0 0 0 
2.86558e-322 2.86558e-322 2.86558e-322 2.86558e-322 
1.97626e-323 1.97626e-323 1.97626e-323 1.97626e-323 1.97626e-323 
3.23816e-319 3.23816e-319 3.23816e-319 3.23816e-319 3.23816e-319 
1.49847e-316 1.49847e-316 1.49847e-316 1.49847e-316 1.49847e-316 
2.49195e-316 2.49195e-316 2.49195e-316 2.49195e-316 2.49195e-316 
9.88131e-324 9.88131e-324 9.88131e-324 9.88131e-324 9.88131e-324 
3.95253e-323 3.95253e-323 3.95253e-323 3.95253e-323 3.95253e-323 
4.23118e-320 4.23118e-320 4.23118e-320 4.23118e-320 4.23118e-320 
2.49195e-316 2.49195e-316 2.49195e-316 2.49195e-316 2.49195e-316 
2.122e-314 2.122e-314 2.122e-314 2.122e-314 2.122e-314 
R=7parameters: 
-0.513789 -0.513789 
0.163971 0.163971 
-0.000586482 -0.000586482 
0.0413561 0.0413561 
0.0825041 0.0825041 
5.03038e+175 5.03038e+175 
3.5936e+246 3.5936e+246 
2.14726e+243 2.14726e+243 
5.97819e-322 5.97819e-322 
4.79244e-322 4.79244e-322 4.79244e-322 
6.92131e-310 6.92131e-310 6.92131e-310 
6.36599e-314 6.36599e-314 6.36599e-314 
6.92131e-310 6.92131e-310 6.92131e-310 
2.49194e-316 2.49194e-316 2.49194e-316 
2.49194e-316 2.49194e-316 2.49194e-316 
2.48945e-316 2.48945e-316 2.48945e-316 
2.48945e-316 2.48945e-316 2.48945e-316 
2.47103e-316 2.47103e-316 2.47103e-316 
2.47103e-316 2.47103e-316 2.47103e-316 2.47103e-316 
2.48385e-316 2.48385e-316 2.48385e-316 2.48385e-316 
2.49199e-316 2.49199e-316 2.49199e-316 2.49199e-316 
7.16395e-322 7.16395e-322 7.16395e-322 7.16395e-322 
0 0 0 0 
2.51824e-316 2.51824e-316 2.51824e-316 2.51824e-316 
2.48072e-316 2.48072e-316 2.48072e-316 2.48072e-316 
2.31584e+77 2.31584e+77 2.31584e+77 2.31584e+77 
2.51824e-316 2.51824e-316 2.51824e-316 2.51824e-316 
3.16202e-322 3.16202e-322 3.16202e-322 
2.4998e-316 2.4998e-316 2.4998e-316 
0 0 0 
2.47176e-316 2.47176e-316 2.47176e-316 
2.48577e-316 2.48577e-316 2.48577e-316 
2.49195e-316 2.49195e-316 2.49195e-316 
2.49195e-316 2.49195e-316 2.49195e-316 
2.47242e-316 2.47242e-316 2.47242e-316 
1.97626e-323 1.97626e-323 1.97626e-323 
0 0 0 0 
2.51824e-316 2.51824e-316 2.51824e-316 2.51824e-316 
7.11455e-322 7.11455e-322 7.11455e-322 7.11455e-322 
1.58595e-321 1.58595e-321 1.58595e-321 1.58595e-321 
6.08343e-320 6.08343e-320 6.08343e-320 6.08343e-320 
1.07423e+139 1.07423e+139 1.07423e+139 1.07423e+139 
2.54385e-316 2.54385e-316 2.54385e-316 2.54385e-316 
0 0 0 0 
2.86558e-322 2.86558e-322 2.86558e-322 2.86558e-322 
1.97626e-323 1.97626e-323 1.97626e-323 1.97626e-323 1.97626e-323 
3.23816e-319 3.23816e-319 3.23816e-319 3.23816e-319 3.23816e-319 
1.49847e-316 1.49847e-316 1.49847e-316 1.49847e-316 1.49847e-316 
2.49195e-316 2.49195e-316 2.49195e-316 2.49195e-316 2.49195e-316 
9.88131e-324 9.88131e-324 9.88131e-324 9.88131e-324 9.88131e-324 
3.95253e-323 3.95253e-323 3.95253e-323 3.95253e-323 3.95253e-323 
4.23118e-320 4.23118e-320 4.23118e-320 4.23118e-320 4.23118e-320 
2.49195e-316 2.49195e-316 2.49195e-316 2.49195e-316 2.49195e-316 
2.122e-314 2.122e-314 2.122e-314 2.122e-314 2.122e-314 
R=8parameters: 
-0.492033 -0.492033 
0.172625 0.172625 
-0.00070378 -0.00070378 
-0.0126577 -0.0126577 
0.159582 0.159582 
5.03038e+175 5.03038e+175 
3.5936e+246 3.5936e+246 
2.14726e+243 2.14726e+243 
5.97819e-322 5.97819e-322 
4.79244e-322 4.79244e-322 4.79244e-322 
6.92131e-310 6.92131e-310 6.92131e-310 
6.36599e-314 6.36599e-314 6.36599e-314 
6.92131e-310 6.92131e-310 6.92131e-310 
2.49194e-316 2.49194e-316 2.49194e-316 
2.49194e-316 2.49194e-316 2.49194e-316 
2.48945e-316 2.48945e-316 2.48945e-316 
2.48945e-316 2.48945e-316 2.48945e-316 
2.47103e-316 2.47103e-316 2.47103e-316 
2.47103e-316 2.47103e-316 2.47103e-316 2.47103e-316 
2.48385e-316 2.48385e-316 2.48385e-316 2.48385e-316 
2.49199e-316 2.49199e-316 2.49199e-316 2.49199e-316 
7.16395e-322 7.16395e-322 7.16395e-322 7.16395e-322 
0 0 0 0 
2.51824e-316 2.51824e-316 2.51824e-316 2.51824e-316 
2.48072e-316 2.48072e-316 2.48072e-316 2.48072e-316 
2.31584e+77 2.31584e+77 2.31584e+77 2.31584e+77 
2.51824e-316 2.51824e-316 2.51824e-316 2.51824e-316 
3.16202e-322 3.16202e-322 3.16202e-322 
2.4998e-316 2.4998e-316 2.4998e-316 
0 0 0 
2.47176e-316 2.47176e-316 2.47176e-316 
2.48577e-316 2.48577e-316 2.48577e-316 
2.49195e-316 2.49195e-316 2.49195e-316 
2.49195e-316 2.49195e-316 2.49195e-316 
2.47242e-316 2.47242e-316 2.47242e-316 
1.97626e-323 1.97626e-323 1.97626e-323 
0 0 0 0 
2.51824e-316 2.51824e-316 2.51824e-316 2.51824e-316 
7.11455e-322 7.11455e-322 7.11455e-322 7.11455e-322 
1.58595e-321 1.58595e-321 1.58595e-321 1.58595e-321 
6.08343e-320 6.08343e-320 6.08343e-320 6.08343e-320 
1.07423e+139 1.07423e+139 1.07423e+139 1.07423e+139 
2.54385e-316 2.54385e-316 2.54385e-316 2.54385e-316 
0 0 0 0 
2.86558e-322 2.86558e-322 2.86558e-322 2.86558e-322 
1.97626e-323 1.97626e-323 1.97626e-323 1.97626e-323 1.97626e-323 
3.23816e-319 3.23816e-319 3.23816e-319 3.23816e-319 3.23816e-319 
1.49847e-316 1.49847e-316 1.49847e-316 1.49847e-316 1.49847e-316 
2.49195e-316 2.49195e-316 2.49195e-316 2.49195e-316 2.49195e-316 
9.88131e-324 9.88131e-324 9.88131e-324 9.88131e-324 9.88131e-324 
3.95253e-323 3.95253e-323 3.95253e-323 3.95253e-323 3.95253e-323 
4.23118e-320 4.23118e-320 4.23118e-320 4.23118e-320 4.23118e-320 
2.49195e-316 2.49195e-316 2.49195e-316 2.49195e-316 2.49195e-316 
2.122e-314 2.122e-314 2.122e-314 2.122e-314 2.122e-314 
R=9parameters: 
-0.476638 -0.476638 
0.179515 0.179515 
-0.000732597 -0.000732597 
-0.0234089 -0.0234089 
0.18038 0.18038 
5.03038e+175 5.03038e+175 
3.5936e+246 3.5936e+246 
2.14726e+243 2.14726e+243 
5.97819e-322 5.97819e-322 
4.79244e-322 4.79244e-322 4.79244e-322 
6.92131e-310 6.92131e-310 6.92131e-310 
6.36599e-314 6.36599e-314 6.36599e-314 
6.92131e-310 6.92131e-310 6.92131e-310 
2.49194e-316 2.49194e-316 2.49194e-316 
2.49194e-316 2.49194e-316 2.49194e-316 
2.48945e-316 2.48945e-316 2.48945e-316 
2.48945e-316 2.48945e-316 2.48945e-316 
2.47103e-316 2.47103e-316 2.47103e-316 
2.47103e-316 2.47103e-316 2.47103e-316 2.47103e-316 
2.48385e-316 2.48385e-316 2.48385e-316 2.48385e-316 
2.49199e-316 2.49199e-316 2.49199e-316 2.49199e-316 
7.16395e-322 7.16395e-322 7.16395e-322 7.16395e-322 
0 0 0 0 
2.51824e-316 2.51824e-316 2.51824e-316 2.51824e-316 
2.48072e-316 2.48072e-316 2.48072e-316 2.48072e-316 
2.31584e+77 2.31584e+77 2.31584e+77 2.31584e+77 
2.51824e-316 2.51824e-316 2.51824e-316 2.51824e-316 
3.16202e-322 3.16202e-322 3.16202e-322 
2.4998e-316 2.4998e-316 2.4998e-316 
0 0 0 
2.47176e-316 2.47176e-316 2.47176e-316 
2.48577e-316 2.48577e-316 2.48577e-316 
2.49195e-316 2.49195e-316 2.49195e-316 
2.49195e-316 2.49195e-316 2.49195e-316 
2.47242e-316 2.47242e-316 2.47242e-316 
1.97626e-323 1.97626e-323 1.97626e-323 
0 0 0 0 
2.51824e-316 2.51824e-316 2.51824e-316 2.51824e-316 
7.11455e-322 7.11455e-322 7.11455e-322 7.11455e-322 
1.58595e-321 1.58595e-321 1.58595e-321 1.58595e-321 
6.08343e-320 6.08343e-320 6.08343e-320 6.08343e-320 
1.07423e+139 1.07423e+139 1.07423e+139 1.07423e+139 
2.54385e-316 2.54385e-316 2.54385e-316 2.54385e-316 
0 0 0 0 
2.86558e-322 2.86558e-322 2.86558e-322 2.86558e-322 
1.97626e-323 1.97626e-323 1.97626e-323 1.97626e-323 1.97626e-323 
3.23816e-319 3.23816e-319 3.23816e-319 3.23816e-319 3.23816e-319 
1.49847e-316 1.49847e-316 1.49847e-316 1.49847e-316 1.49847e-316 
2.49195e-316 2.49195e-316 2.49195e-316 2.49195e-316 2.49195e-316 
9.88131e-324 9.88131e-324 9.88131e-324 9.88131e-324 9.88131e-324 
3.95253e-323 3.95253e-323 3.95253e-323 3.95253e-323 3.95253e-323 
4.23118e-320 4.23118e-320 4.23118e-320 4.23118e-320 4.23118e-320 
2.49195e-316 2.49195e-316 2.49195e-316 2.49195e-316 2.49195e-316 
2.122e-314 2.122e-314 2.122e-314 2.122e-314 2.122e-314 
R=10parameters: 
-0.466772 -0.466772 
0.184176 0.184176 
0.410307 0.410307 
4.645 4.645 
-21.9275 -21.9275 
5.03038e+175 5.03038e+175 
3.5936e+246 3.5936e+246 
2.14726e+243 2.14726e+243 
5.97819e-322 5.97819e-322 
4.79244e-322 4.79244e-322 4.79244e-322 
6.92131e-310 6.92131e-310 6.92131e-310 
6.36599e-314 6.36599e-314 6.36599e-314 
6.92131e-310 6.92131e-310 6.92131e-310 
2.49194e-316 2.49194e-316 2.49194e-316 
2.49194e-316 2.49194e-316 2.49194e-316 
2.48945e-316 2.48945e-316 2.48945e-316 
2.48945e-316 2.48945e-316 2.48945e-316 
2.47103e-316 2.47103e-316 2.47103e-316 
2.47103e-316 2.47103e-316 2.47103e-316 2.47103e-316 
2.48385e-316 2.48385e-316 2.48385e-316 2.48385e-316 
2.49199e-316 2.49199e-316 2.49199e-316 2.49199e-316 
7.16395e-322 7.16395e-322 7.16395e-322 7.16395e-322 
0 0 0 0 
2.51824e-316 2.51824e-316 2.51824e-316 2.51824e-316 
2.48072e-316 2.48072e-316 2.48072e-316 2.48072e-316 
2.31584e+77 2.31584e+77 2.31584e+77 2.31584e+77 
2.51824e-316 2.51824e-316 2.51824e-316 2.51824e-316 
3.16202e-322 3.16202e-322 3.16202e-322 
2.4998e-316 2.4998e-316 2.4998e-316 
0 0 0 
2.47176e-316 2.47176e-316 2.47176e-316 
2.48577e-316 2.48577e-316 2.48577e-316 
2.49195e-316 2.49195e-316 2.49195e-316 
2.49195e-316 2.49195e-316 2.49195e-316 
2.47242e-316 2.47242e-316 2.47242e-316 
1.97626e-323 1.97626e-323 1.97626e-323 
0 0 0 0 
2.51824e-316 2.51824e-316 2.51824e-316 2.51824e-316 
7.11455e-322 7.11455e-322 7.11455e-322 7.11455e-322 
1.58595e-321 1.58595e-321 1.58595e-321 1.58595e-321 
6.08343e-320 6.08343e-320 6.08343e-320 6.08343e-320 
1.07423e+139 1.07423e+139 1.07423e+139 1.07423e+139 
2.54385e-316 2.54385e-316 2.54385e-316 2.54385e-316 
0 0 0 0 
2.86558e-322 2.86558e-322 2.86558e-322 2.86558e-322 
1.97626e-323 1.97626e-323 1.97626e-323 1.97626e-323 1.97626e-323 
3.23816e-319 3.23816e-319 3.23816e-319 3.23816e-319 3.23816e-319 
1.49847e-316 1.49847e-316 1.49847e-316 1.49847e-316 1.49847e-316 
2.49195e-316 2.49195e-316 2.49195e-316 2.49195e-316 2.49195e-316 
9.88131e-324 9.88131e-324 9.88131e-324 9.88131e-324 9.88131e-324 
3.95253e-323 3.95253e-323 3.95253e-323 3.95253e-323 3.95253e-323 
4.23118e-320 4.23118e-320 4.23118e-320 4.23118e-320 4.23118e-320 
2.49195e-316 2.49195e-316 2.49195e-316 2.49195e-316 2.49195e-316 
2.122e-314 2.122e-314 2.122e-314 2.122e-314 2.122e-314 
R=11parameters: 
-0.463127 -0.463127 
0.186014 0.186014 
-0.0545893 -0.0545893 
37.0403 37.0403 
-105.453 -105.453 
5.03038e+175 5.03038e+175 
3.5936e+246 3.5936e+246 
2.14726e+243 2.14726e+243 
5.97819e-322 5.97819e-322 
4.79244e-322 4.79244e-322 4.79244e-322 
6.92131e-310 6.92131e-310 6.92131e-310 
6.36599e-314 6.36599e-314 6.36599e-314 
6.92131e-310 6.92131e-310 6.92131e-310 
2.49194e-316 2.49194e-316 2.49194e-316 
2.49194e-316 2.49194e-316 2.49194e-316 
2.48945e-316 2.48945e-316 2.48945e-316 
2.48945e-316 2.48945e-316 2.48945e-316 
2.47103e-316 2.47103e-316 2.47103e-316 
2.47103e-316 2.47103e-316 2.47103e-316 2.47103e-316 
2.48385e-316 2.48385e-316 2.48385e-316 2.48385e-316 
2.49199e-316 2.49199e-316 2.49199e-316 2.49199e-316 
7.16395e-322 7.16395e-322 7.16395e-322 7.16395e-322 
0 0 0 0 
2.51824e-316 2.51824e-316 2.51824e-316 2.51824e-316 
2.48072e-316 2.48072e-316 2.48072e-316 2.48072e-316 
2.31584e+77 2.31584e+77 2.31584e+77 2.31584e+77 
2.51824e-316 2.51824e-316 2.51824e-316 2.51824e-316 
3.16202e-322 3.16202e-322 3.16202e-322 
2.4998e-316 2.4998e-316 2.4998e-316 
0 0 0 
2.47176e-316 2.47176e-316 2.47176e-316 
2.48577e-316 2.48577e-316 2.48577e-316 
2.49195e-316 2.49195e-316 2.49195e-316 
2.49195e-316 2.49195e-316 2.49195e-316 
2.47242e-316 2.47242e-316 2.47242e-316 
1.97626e-323 1.97626e-323 1.97626e-323 
0 0 0 0 
2.51824e-316 2.51824e-316 2.51824e-316 2.51824e-316 
7.11455e-322 7.11455e-322 7.11455e-322 7.11455e-322 
1.58595e-321 1.58595e-321 1.58595e-321 1.58595e-321 
6.08343e-320 6.08343e-320 6.08343e-320 6.08343e-320 
1.07423e+139 1.07423e+139 1.07423e+139 1.07423e+139 
2.54385e-316 2.54385e-316 2.54385e-316 2.54385e-316 
0 0 0 0 
2.86558e-322 2.86558e-322 2.86558e-322 2.86558e-322 
1.97626e-323 1.97626e-323 1.97626e-323 1.97626e-323 1.97626e-323 
3.23816e-319 3.23816e-319 3.23816e-319 3.23816e-319 3.23816e-319 
1.49847e-316 1.49847e-316 1.49847e-316 1.49847e-316 1.49847e-316 
2.49195e-316 2.49195e-316 2.49195e-316 2.49195e-316 2.49195e-316 
9.88131e-324 9.88131e-324 9.88131e-324 9.88131e-324 9.88131e-324 
3.95253e-323 3.95253e-323 3.95253e-323 3.95253e-323 3.95253e-323 
4.23118e-320 4.23118e-320 4.23118e-320 4.23118e-320 4.23118e-320 
2.49195e-316 2.49195e-316 2.49195e-316 2.49195e-316 2.49195e-316 
2.122e-314 2.122e-314 2.122e-314 2.122e-314 2.122e-314 
T Models:
(* Fitting with shape 1 1 1 1 1 1 1 1 1 1 0 0 *)
G[T_,xx_]:=Exp[0+xx[[1]]*T^1+xx[[2]]*T^2]*(1)
(* Fitting with shape 1 1 1 1 1 1 1 1 1 1 1 0 *)
G[T_,xx_]:=Exp[0+xx[[1]]*T^1+xx[[2]]*T^2]*(1)
(* Fitting with shape 1 1 1 1 1 1 1 1 1 1 1 1 *)
G[T_,xx_]:=Exp[0+xx[[1]]*T^1+xx[[2]]*T^2]*(1)
(* Fitting with shape 0 1 1 1 1 1 1 1 1 1 0 0 *)
G[T_,xx_]:=Exp[0+xx[[1]]*T^1+xx[[2]]*T^2]*(1)
(* Fitting with shape 0 1 1 1 1 1 1 1 1 1 1 0 *)
G[T_,xx_]:=Exp[0+xx[[1]]*T^1+xx[[2]]*T^2]*(1)
(* Fitting with shape 0 1 1 1 1 1 1 1 1 1 1 1 *)
G[T_,xx_]:=Exp[0+xx[[1]]*T^1+xx[[2]]*T^2]*(1)
(* Fitting with shape 0 0 1 1 1 1 1 1 1 1 0 0 *)
G[T_,xx_]:=Exp[0+xx[[1]]*T^1+xx[[2]]*T^2]*(1)
(* Fitting with shape 0 0 1 1 1 1 1 1 1 1 1 0 *)
G[T_,xx_]:=Exp[0+xx[[1]]*T^1+xx[[2]]*T^2]*(1)
(* Fitting with shape 0 0 1 1 1 1 1 1 1 1 1 1 *)
G[T_,xx_]:=Exp[0+xx[[1]]*T^1+xx[[2]]*T^2]*(1)
(* Fitting with shape 1 1 1 1 1 1 1 1 1 1 0 0 *)
G[T_,xx_]:=Exp[0+xx[[1]]*T^1+xx[[2]]*T^2]*(1+xx[[3]]/(T^1))
(* Fitting with shape 1 1 1 1 1 1 1 1 1 1 1 0 *)
G[T_,xx_]:=Exp[0+xx[[1]]*T^1+xx[[2]]*T^2]*(1+xx[[3]]/(T^1))
(* Fitting with shape 1 1 1 1 1 1 1 1 1 1 1 1 *)
G[T_,xx_]:=Exp[0+xx[[1]]*T^1+xx[[2]]*T^2]*(1+xx[[3]]/(T^1))
(* Fitting with shape 0 1 1 1 1 1 1 1 1 1 0 0 *)
G[T_,xx_]:=Exp[0+xx[[1]]*T^1+xx[[2]]*T^2]*(1+xx[[3]]/(T^1))
(* Fitting with shape 0 1 1 1 1 1 1 1 1 1 1 0 *)
G[T_,xx_]:=Exp[0+xx[[1]]*T^1+xx[[2]]*T^2]*(1+xx[[3]]/(T^1))
(* Fitting with shape 0 1 1 1 1 1 1 1 1 1 1 1 *)
G[T_,xx_]:=Exp[0+xx[[1]]*T^1+xx[[2]]*T^2]*(1+xx[[3]]/(T^1))
(* Fitting with shape 0 0 1 1 1 1 1 1 1 1 0 0 *)
G[T_,xx_]:=Exp[0+xx[[1]]*T^1+xx[[2]]*T^2]*(1+xx[[3]]/(T^1))
(* Fitting with shape 0 0 1 1 1 1 1 1 1 1 1 0 *)
G[T_,xx_]:=Exp[0+xx[[1]]*T^1+xx[[2]]*T^2]*(1+xx[[3]]/(T^1))
(* Fitting with shape 0 0 1 1 1 1 1 1 1 1 1 1 *)
G[T_,xx_]:=Exp[0+xx[[1]]*T^1+xx[[2]]*T^2]*(1+xx[[3]]/(T^1))
(* Fitting with shape 1 1 1 1 1 1 1 1 1 1 0 0 *)
G[T_,xx_]:=Exp[0+xx[[1]]*T^1+xx[[2]]*T^2]*(1+xx[[3]]/(T^1)+xx[[4]]/(T^2))
(* Fitting with shape 1 1 1 1 1 1 1 1 1 1 1 0 *)
G[T_,xx_]:=Exp[0+xx[[1]]*T^1+xx[[2]]*T^2]*(1+xx[[3]]/(T^1)+xx[[4]]/(T^2))
(* Fitting with shape 1 1 1 1 1 1 1 1 1 1 1 1 *)
G[T_,xx_]:=Exp[0+xx[[1]]*T^1+xx[[2]]*T^2]*(1+xx[[3]]/(T^1)+xx[[4]]/(T^2))
(* Fitting with shape 0 1 1 1 1 1 1 1 1 1 0 0 *)
G[T_,xx_]:=Exp[0+xx[[1]]*T^1+xx[[2]]*T^2]*(1+xx[[3]]/(T^1)+xx[[4]]/(T^2))
(* Fitting with shape 0 1 1 1 1 1 1 1 1 1 1 0 *)
G[T_,xx_]:=Exp[0+xx[[1]]*T^1+xx[[2]]*T^2]*(1+xx[[3]]/(T^1)+xx[[4]]/(T^2))
(* Fitting with shape 0 1 1 1 1 1 1 1 1 1 1 1 *)
G[T_,xx_]:=Exp[0+xx[[1]]*T^1+xx[[2]]*T^2]*(1+xx[[3]]/(T^1)+xx[[4]]/(T^2))
(* Fitting with shape 0 0 1 1 1 1 1 1 1 1 0 0 *)
G[T_,xx_]:=Exp[0+xx[[1]]*T^1+xx[[2]]*T^2]*(1+xx[[3]]/(T^1)+xx[[4]]/(T^2))
(* Fitting with shape 0 0 1 1 1 1 1 1 1 1 1 0 *)
G[T_,xx_]:=Exp[0+xx[[1]]*T^1+xx[[2]]*T^2]*(1+xx[[3]]/(T^1)+xx[[4]]/(T^2))
(* Fitting with shape 0 0 1 1 1 1 1 1 1 1 1 1 *)
G[T_,xx_]:=Exp[0+xx[[1]]*T^1+xx[[2]]*T^2]*(1+xx[[3]]/(T^1)+xx[[4]]/(T^2))
(* Fitting with shape 1 1 1 1 1 1 1 1 1 1 0 0 *)
G[T_,xx_]:=Exp[0+xx[[1]]*T^1+xx[[2]]*T^2+xx[[3]]*T^3]*(1)
(* Fitting with shape 1 1 1 1 1 1 1 1 1 1 1 0 *)
G[T_,xx_]:=Exp[0+xx[[1]]*T^1+xx[[2]]*T^2+xx[[3]]*T^3]*(1)
(* Fitting with shape 1 1 1 1 1 1 1 1 1 1 1 1 *)
G[T_,xx_]:=Exp[0+xx[[1]]*T^1+xx[[2]]*T^2+xx[[3]]*T^3]*(1)
(* Fitting with shape 0 1 1 1 1 1 1 1 1 1 0 0 *)
G[T_,xx_]:=Exp[0+xx[[1]]*T^1+xx[[2]]*T^2+xx[[3]]*T^3]*(1)
(* Fitting with shape 0 1 1 1 1 1 1 1 1 1 1 0 *)
G[T_,xx_]:=Exp[0+xx[[1]]*T^1+xx[[2]]*T^2+xx[[3]]*T^3]*(1)
(* Fitting with shape 0 1 1 1 1 1 1 1 1 1 1 1 *)
G[T_,xx_]:=Exp[0+xx[[1]]*T^1+xx[[2]]*T^2+xx[[3]]*T^3]*(1)
(* Fitting with shape 0 0 1 1 1 1 1 1 1 1 0 0 *)
G[T_,xx_]:=Exp[0+xx[[1]]*T^1+xx[[2]]*T^2+xx[[3]]*T^3]*(1)
(* Fitting with shape 0 0 1 1 1 1 1 1 1 1 1 0 *)
G[T_,xx_]:=Exp[0+xx[[1]]*T^1+xx[[2]]*T^2+xx[[3]]*T^3]*(1)
(* Fitting with shape 0 0 1 1 1 1 1 1 1 1 1 1 *)
G[T_,xx_]:=Exp[0+xx[[1]]*T^1+xx[[2]]*T^2+xx[[3]]*T^3]*(1)
(* Fitting with shape 1 1 1 1 1 1 1 1 1 1 0 0 *)
G[T_,xx_]:=Exp[0+xx[[1]]*T^1+xx[[2]]*T^2+xx[[3]]*T^3]*(1+xx[[4]]/(T^1))
(* Fitting with shape 1 1 1 1 1 1 1 1 1 1 1 0 *)
G[T_,xx_]:=Exp[0+xx[[1]]*T^1+xx[[2]]*T^2+xx[[3]]*T^3]*(1+xx[[4]]/(T^1))
(* Fitting with shape 1 1 1 1 1 1 1 1 1 1 1 1 *)
G[T_,xx_]:=Exp[0+xx[[1]]*T^1+xx[[2]]*T^2+xx[[3]]*T^3]*(1+xx[[4]]/(T^1))
(* Fitting with shape 0 1 1 1 1 1 1 1 1 1 0 0 *)
G[T_,xx_]:=Exp[0+xx[[1]]*T^1+xx[[2]]*T^2+xx[[3]]*T^3]*(1+xx[[4]]/(T^1))
(* Fitting with shape 0 1 1 1 1 1 1 1 1 1 1 0 *)
G[T_,xx_]:=Exp[0+xx[[1]]*T^1+xx[[2]]*T^2+xx[[3]]*T^3]*(1+xx[[4]]/(T^1))
(* Fitting with shape 0 1 1 1 1 1 1 1 1 1 1 1 *)
G[T_,xx_]:=Exp[0+xx[[1]]*T^1+xx[[2]]*T^2+xx[[3]]*T^3]*(1+xx[[4]]/(T^1))
(* Fitting with shape 0 0 1 1 1 1 1 1 1 1 0 0 *)
G[T_,xx_]:=Exp[0+xx[[1]]*T^1+xx[[2]]*T^2+xx[[3]]*T^3]*(1+xx[[4]]/(T^1))
(* Fitting with shape 0 0 1 1 1 1 1 1 1 1 1 0 *)
G[T_,xx_]:=Exp[0+xx[[1]]*T^1+xx[[2]]*T^2+xx[[3]]*T^3]*(1+xx[[4]]/(T^1))
(* Fitting with shape 0 0 1 1 1 1 1 1 1 1 1 1 *)
G[T_,xx_]:=Exp[0+xx[[1]]*T^1+xx[[2]]*T^2+xx[[3]]*T^3]*(1+xx[[4]]/(T^1))
(* Fitting with shape 1 1 1 1 1 1 1 1 1 1 0 0 *)
G[T_,xx_]:=Exp[0+xx[[1]]*T^1+xx[[2]]*T^2+xx[[3]]*T^3]*(1+xx[[4]]/(T^1)+xx[[5]]/(T^2))
(* Fitting with shape 1 1 1 1 1 1 1 1 1 1 1 0 *)
G[T_,xx_]:=Exp[0+xx[[1]]*T^1+xx[[2]]*T^2+xx[[3]]*T^3]*(1+xx[[4]]/(T^1)+xx[[5]]/(T^2))
(* Fitting with shape 1 1 1 1 1 1 1 1 1 1 1 1 *)
G[T_,xx_]:=Exp[0+xx[[1]]*T^1+xx[[2]]*T^2+xx[[3]]*T^3]*(1+xx[[4]]/(T^1)+xx[[5]]/(T^2))
(* Fitting with shape 0 1 1 1 1 1 1 1 1 1 0 0 *)
G[T_,xx_]:=Exp[0+xx[[1]]*T^1+xx[[2]]*T^2+xx[[3]]*T^3]*(1+xx[[4]]/(T^1)+xx[[5]]/(T^2))
(* Fitting with shape 0 1 1 1 1 1 1 1 1 1 1 0 *)
G[T_,xx_]:=Exp[0+xx[[1]]*T^1+xx[[2]]*T^2+xx[[3]]*T^3]*(1+xx[[4]]/(T^1)+xx[[5]]/(T^2))
(* Fitting with shape 0 1 1 1 1 1 1 1 1 1 1 1 *)
G[T_,xx_]:=Exp[0+xx[[1]]*T^1+xx[[2]]*T^2+xx[[3]]*T^3]*(1+xx[[4]]/(T^1)+xx[[5]]/(T^2))
(* Fitting with shape 0 0 1 1 1 1 1 1 1 1 0 0 *)
G[T_,xx_]:=Exp[0+xx[[1]]*T^1+xx[[2]]*T^2+xx[[3]]*T^3]*(1+xx[[4]]/(T^1)+xx[[5]]/(T^2))
(* Fitting with shape 0 0 1 1 1 1 1 1 1 1 1 0 *)
G[T_,xx_]:=Exp[0+xx[[1]]*T^1+xx[[2]]*T^2+xx[[3]]*T^3]*(1+xx[[4]]/(T^1)+xx[[5]]/(T^2))
(* Fitting with shape 0 0 1 1 1 1 1 1 1 1 1 1 *)
G[T_,xx_]:=Exp[0+xx[[1]]*T^1+xx[[2]]*T^2+xx[[3]]*T^3]*(1+xx[[4]]/(T^1)+xx[[5]]/(T^2))
Probabilities: 
        0         0         0         0         0         0         0         0         0         0         0         0         0         0         0         0         0         0         0         0         0         0         0         0         1         0         0         0         0         0         0         0         0         0         0         0         0         0         0         0         0         0         0         0         0         0         0         0         0         0         0         0         0         0
        0         0         0         0         0         0         0         0         0         0         0         0         0         0         0         0         0         0         0         0         0         0         0         0  0.282246         0         0         0         0         0         0         0         0         0         0         0         0         0         0         0         0         0         0         0         0         0         0         0         0         0         0  0.717754         0         0
        0         0         0         0         0         0         0         0         0         0         0         0         0         0         0         0         0         0         0         0         0         0         0         0         0         0         0         0         0         0         0         0         0         0         0         0         0         0         0         0         0         0  0.705979         0         0         0         0         0         0         0         0  0.294021         0         0
        0         0         0         0         0         0         0         0         0         0         0         0         0         0         0         0         0         0         0         0         0         0         0         0  0.247354         0         0         0         0         0         0         0         0         0         0         0         0         0         0         0         0         0  0.752646         0         0         0         0         0         0         0         0         0         0         0
        0         0         0         0         0         0         0         0         0         0         0         0         0         0         0         0         0         0         0         0         0         0         0         0         0         0         0         0         0         0         0         0         0         0         0         0         0         0         0         0         0         0         1         0         0         0         0         0         0         0         0         0         0         0
        0         0         0         0         0         0         0         0         0         0         0         0         0         0         0         0         0         0         0         0         0         0         0         0         0         0         0         0         0         0         0         0         0         0         0         0         0         0         0         0         0         0         0         0         0         0         0         0         0         0         0         1         0         0
        0         0         0         0         0         0         0         0         0         0         0         0         0         0         0         0         0         0         0         0         0         0         0         0         0         0         0         0         0         0         0         0         0         0         0         0         0         0         0         0         0         0  0.730815         0         0         0         0         0         0         0         0  0.269185         0         0
        0         0         0         0         0         0         0         0         0         0         0         0         0         0         0 0.0138842         0         0         0         0         0         0         0         0         0         0         0         0         0         0         0         0         0         0         0         0         0         0         0         0         0         0         0         0         0         0         0         0         0         0         0  0.986116         0         0
        0         0         0         0         0         0         0         0         0         0         0         0         0         0         0         0         0         0         0         0         0         0         0         0         0         0         0         0         0         0         0         0         0         0         0         0         0         0         0         0         0         0  0.730896         0         0         0         0         0         0         0         0  0.269104         0         0
        0         0         0         0         0         0         0         0         0         0         0         0         0         0         0 0.0481712         0         0         0         0         0         0         0         0  0.337678         0         0         0         0         0         0         0         0         0         0         0         0         0         0         0         0         0  0.448902         0         0         0         0         0         0         0         0  0.165249         0         0
        0         0         0         0         0         0         0         0         0         0         0         0         0         0         0  0.123296         0         0         0         0         0         0         0         0  0.596528         0         0         0         0         0         0         0         0         0         0         0         0         0         0         0         0         0         0         0         0         0         0         0         0         0         0  0.280175         0         0
        0         0         0         0         0         0         0         0         0         0         0         0         0         0         0 0.0967835         0         0         0         0         0         0         0         0  0.401625         0         0         0         0         0         0         0         0         0         0         0         0         0         0         0         0         0  0.501591         0         0         0         0         0         0         0         0         0         0         0

Values: 
 0.0691078  0.0691219  0.0691315   0.750088   0.761393   0.710594  0.0686031  0.0686192  0.0686018   0.068342  0.0683477  0.0683328  0.0679758  0.0679815  0.0679654  0.0678408  0.0678413   0.673022  0.0678102  0.0176696  0.0677956  0.0676447  0.0676447  0.0676254  0.0675744  0.0675804  0.0675481    1.14851    1.14705    1.14981    1.13722    1.13809    1.13189    1.30742    1.24256    1.11035    0.93949   0.938945   0.937237  0.0687136     1.1421  0.0685479   0.656652   0.911218   0.068278   0.829403   0.803723  0.0682588  0.0679698  0.0678382  -0.147696   0.641359  0.0676132  0.0677872
 0.0977101  0.0976697  0.0976568   0.119231  0.0975108    0.17791   0.112346   0.801721  0.0970133  0.0967697  0.0967457  0.0966789   0.223514   0.215343  0.0960007  0.0958962   0.095877  0.0958046  0.0957896  0.0957733  0.0956998   0.250536   0.243753   0.218236  0.0952223   0.095243  0.0896594    1.13432    1.13869    1.14079   0.100699    0.10042    1.20273    1.05831    1.31934    1.24119  0.0994041  0.0991197  0.0989223   0.939787   0.921122   0.942076   0.838524    2.07109  0.0972861   0.864916  0.0971995   0.868346  0.0967022   0.322887  0.0964839  0.0968014   0.260375  -0.944843
  0.113322    0.11308   0.155631   0.415639   0.535626     0.3522   0.112774   0.112655   0.142347   0.112264  0.0900781   0.111913   0.290649   0.111287   0.111077   0.178861   0.185873   0.209448   0.110842   0.110822   0.110624   0.396217   0.318247    0.11001   0.888304   0.889276    0.88013   0.387498    1.12002    1.26327    1.09441     1.0941     1.3453    1.26167    1.22864    1.28116   0.117203   0.952357   0.198267   0.908677   0.773069   0.114697   0.114279   0.113423   0.113723 -0.0383641   0.113598   0.861846   0.986826   0.968759    0.11231   0.113349    0.11013 -0.0659852
  0.125354   0.124815   0.124464   0.351245   0.124755   0.124251   0.124655   0.124399   0.123921   0.123861   0.119342   0.120009   0.122598   0.150295   0.122158   0.328131   0.329714   0.121596   0.121881   0.121853   0.121511   0.120881   0.120927   0.120549   0.120423   0.120616   0.400404     1.0897    1.10548   0.155921    1.28374    1.09622    1.17588   0.983121    1.04686    1.29437   0.970981   0.130741   0.898728   0.129035   0.127966   0.128072   0.127175   0.125824    0.69324   0.127604    0.12625   0.126726   0.861935   0.122609 -0.0822153   0.703251   0.120431   0.664443
  0.136042   0.135052    0.13449   0.135832   0.218286   0.199568   0.135293   0.134828    0.19217   0.134196   0.133806   0.112974   0.132597   0.132472   0.171833    0.15821   0.247574   0.242561   0.287877   0.131589   0.131065   0.130166   0.130282   0.129688   0.435515   0.438242   0.440821    1.02427    1.02301   0.991677    1.17926    1.17995    1.17267   0.991937   0.992714    1.01508    1.09662   0.143463   0.959211   0.141425   0.140001   0.815311   0.138847   0.846976    0.66133   0.926401   0.923864   0.918862   0.135539   0.930008   0.526656          1          1          1
  0.146424   0.230297   0.187309   0.165319   0.145016   0.144061   0.532199   0.494718   0.541943   0.144009   0.144224   0.142618   0.142033   0.141893   0.235349   0.140889   0.140852   0.140172   0.208046  0.0426698   0.140142    0.35477   0.139144   0.138358   0.170422   0.138688   0.137555    1.07844    1.07289   0.161502    1.09057     1.0903    1.09103    1.22172     1.0612    1.06155   0.953659   0.951693   0.901576   0.153166   0.151247    0.76077   0.654967   0.225668    0.14914          1          1          1    0.93225   0.072173   0.845061   0.149395   0.136878   0.148523
   0.15653   0.154723   0.153802   0.275931   0.174406   0.179821   0.264776   0.154377   0.209658   0.153503    0.15282   0.151803   0.151182   0.151037   0.293391   0.149754   0.149729   0.148856   0.778194  0.0473874  0.0514494   0.174877   0.480333   0.146691   0.388323   0.396136   0.393629    1.03901    1.02909   0.995246    1.10446    1.09499    1.09246   0.987364   0.990458   0.992506   0.946874   0.166315   0.914051   0.164136     1.2614    1.28449   0.160115   0.157068   0.159955          1          1          1   0.155271    2.41496   0.156556   0.160647   0.145125   0.161644
  0.166186   0.163971    0.16284   0.165249   0.163624   0.237394   0.164309   0.163433   0.266474   0.162358   0.161578   0.160371   0.327384   0.159742    0.15871   0.158152   0.438088   0.440438   0.574498   0.264307   0.798642     0.1556     0.1561   0.154789    0.19368   0.439538   0.445608    1.21503    1.23329    0.18444    1.35254    1.34951    1.13519    1.31645     0.1794    1.04586   0.975093   0.974399   0.176383   0.173971   0.171406   0.942668    1.39922   0.817399   0.585572   0.171607   0.168054   0.577775   0.163765   0.157142   0.165969   0.170377   0.150771   0.172822
  0.174976   0.172625   0.171284   0.173644   0.241289   0.170386   0.172482    0.17165   0.170178   0.170316   0.169559   0.168208    0.16757   0.328027   0.166447    0.84648   0.165935   0.447553   0.165926   0.765578   0.675301   0.460498   0.477898   0.482998   0.473791   0.469069   0.161263    1.13527    1.10526    1.02123    1.11358    1.11478    1.11288     1.2031    1.00573    1.00689   0.185576   0.974357   0.977246   0.182198   0.938714   0.181462   0.177015   0.172503   0.177306   0.386438   0.175601   0.179418      0.171   0.163032    1.09835   0.177692   0.649204   0.181092
  0.181997   0.179515   0.178316   0.180335   0.196879    0.17725   0.178982    0.25965   0.176955   0.176693   0.176014   0.174833   0.173797   0.173983   0.172947    0.17186   0.195517   0.226918   0.946564   0.720854   0.616246   0.169154   0.170081   0.168645    0.16835   0.170097   0.167795   0.201683   0.200255   0.303487   0.197621     1.3058    1.30299    1.06066    1.29935    1.00373   0.888529    0.90257   0.925588   0.248576  0.0642681    1.03418    0.18295   0.506054    0.18299   0.398106   0.181307   0.185484    0.94166   0.167142  -0.974523   0.183605   0.156969    0.87248
  0.186589   0.184176   0.183006    0.23625   0.633935    0.76361   0.579993   0.182562   0.181396   0.180843   0.180247   0.179157   0.177864   0.271363   0.297883   0.175834   0.694983   0.175249          1   0.602825   0.299774   0.173092   0.336011   0.172769   0.172251   0.174288   0.172029    0.20594    1.13542   0.954888     1.1074   0.200185    0.20023    1.04848    1.07139    1.34203   0.838846   0.194002    0.86544   0.759737     1.1232   0.191577    0.51679   0.181115   0.186563   0.190377   0.185068   0.189399   0.180704   0.170012   0.181831   0.187634   0.755942    1.58278
  0.188335   0.186014   0.184896   0.186291   0.240767   0.326314    0.78508   0.392166   0.556535   0.182334   0.181759   0.180688   0.179325   0.221421   0.178647   0.177265    0.35474   0.221453   0.177628   0.178192   0.177179    0.17453   0.175612   0.447519   0.173704   0.175702   0.173369    1.21847   0.205904    1.16712    1.08401    1.33481    0.20167   -8.69789    1.03796    1.14341   0.965894   0.835837   0.845844    0.19406   0.952092   0.659575   0.188402   0.182569   0.629578   0.191759    0.18654   0.191078   0.181985   0.923184   0.838161   -0.99324 -0.0987341    1.88635

Errors: 
1.38702e-05 1.37935e-05 1.35426e-05    0.548886    0.536643    0.584594 1.51437e-05  1.5064e-05 1.49718e-05 1.60301e-05 1.59974e-05 1.59496e-05 1.79779e-05 1.79516e-05 1.78648e-05 1.90979e-05 1.90997e-05    0.349662 1.94477e-05           1 1.92417e-05 2.28539e-05 2.27366e-05 2.24079e-05 3.09654e-05 3.00899e-05 2.82844e-05           0           0           0           0           0           0     1.00002     1.00003     1.00034 0.000955272 0.000948275 0.000895397 3.79756e-05 5.24648e-06 3.11096e-05 0.000854415 4.07002e-06 4.07894e-05     0.76789    0.326214 3.80337e-05 9.55721e-05 7.50069e-05 2.56045e-05 3.31079e-05 0.000140125 0.000122324
3.75312e-05 3.73635e-05           0           0 3.75355e-05           0           0           0 3.88041e-05 3.99806e-05 3.99149e-05 3.93279e-05           0           0 4.35561e-05 4.64348e-05  4.6789e-05 4.51729e-05 4.78837e-05 4.74945e-05 4.66131e-05           0           0           0 8.81445e-05 8.11062e-05           0           0           0           0  6.5996e-05 6.34417e-05           0     1.00829     1.00014     1.00012 8.31716e-05 7.89609e-05 7.26535e-05     1.00001           1     1.00015     1.00003           1  0.00012734     1.35488 0.000150698    0.737417 0.000345156    0.486779 0.000208744 0.000797907  3.0121e-06 0.000150666
6.94781e-05 6.77951e-05           0           0           0           0 7.17206e-05 6.93346e-05           0 7.23734e-05 0.000595454  6.7681e-05           0 7.67294e-05 7.31024e-05           0           0           0 8.68311e-05 8.30404e-05 7.90303e-05           0           0 9.74542e-05           0           0           0           0           0           0           0           0           0     1.00119     1.00217     1.00031 0.000181228           0           0     1.00045           1 0.000239864  0.00044206 0.000366378 0.000298811     1.00001 0.000360084    0.831402 0.000295168     1.00002 0.000486693  0.00187968  0.00133764 0.000247844
0.000115788 0.000110117 0.000103611           0 0.000114581 0.000104641 0.000118839 0.000112501 0.000105656 0.000122561           0           0 0.000132316           0 0.000115294           0           0 0.000124395 0.000133691  0.00013364 0.000124251  0.00019622  0.00017896 0.000163227 0.000288824  0.00025241           0           0           0           1      1.0001           0           0           0     1.02825     1.00093           0 0.000302594           0 0.000550701  0.00050106 0.000433714 0.000797231 0.000671335     1.00035 0.000737513 0.000669375 0.000546922     1.00002  0.00115108 0.000350289  0.00619365  0.00239154  0.00708338
0.000182157 0.000166014 0.000156245 0.000181403           0           0 0.000183577 0.000170145           0 0.000185755 0.000169939     1.00003 0.000204847 0.000183449           0           0           0           0           0  0.00019922 0.000190335 0.000310076 0.000276454 0.000245522           0           0           0           0           0           0           0           0           0           0           0     1.22712           0 0.000486443           0 0.000858021 0.000796626     1.00017  0.00127151     1.03429     1.00001  0.00514577  0.00497173 0.000818233  0.00231209  0.00131933   0.0076679    0.288792    0.167847    0.146707
          0           0           0           0 0.000243387 0.000223342           0           0           0 0.000271721           0 0.000229812 0.000301785 0.000262253           0 0.000325527 0.000287838 0.000263664           0 0.000494152 0.000260145           0 0.000397439 0.000365286     1.03253 0.000576534 0.000497611           0           0 0.000518996           0           0           0     1.00296      1.0994     1.09657           0           0           0  0.00123396  0.00113479     1.00001     1.00003           1  0.00133473   0.0426818   0.0431038   0.0383933     1.00001 7.18719e-05  0.00854513  0.00731122  0.00562802  0.00405289
 0.00037315           0           0           0           0           0           0 0.000344511           0  0.00037941 0.000339543 0.000319612 0.000407101 0.000368186           0 0.000451578  0.00038875  0.00036924           0           0 0.000616282           1           0 0.000492929           0           0           0           0           0           0           0           0           0           0           0           0           0 0.000899657           0  0.00163156      1.0009     1.00078   0.0024596  0.00212062  0.00181858    0.057159   0.0576872   0.0567912  0.00452958     1.00734   0.0029782   0.0094525  0.00750173  0.00536807
0.000504754 0.000452912 0.000422457 0.000498928 0.000455521           1 0.000514513 0.000459567           1 0.000507567 0.000458546 0.000426746           0  0.00045616 0.000440763 0.000588053           0           0           0           0           0 0.000803919 0.000702288 0.000642184           0           0           0           0           0 0.000875071           0     1.00169           0     1.00488  0.00111501     1.16042           0           0  0.00107722   0.0020425  0.00190039     1.00231           0      0.9545     1.00021  0.00277413  0.00256942     1.00002  0.00563166  0.00472095   0.0037833   0.0116059  0.00947269  0.00668211
          0 0.000595128 0.000553931 0.000638798           0 0.000549354 0.000647004 0.000587361 0.000547604 0.000636912 0.000580849 0.000548106 0.000662406           0 0.000560782           0 0.000659461           0 0.000742451           0           0           0           0           0           0           0  0.00106864           0           0           0           0           0           0     1.00223           0           0  0.00141481           0           0  0.00241257  0.00647415  0.00203665  0.00382112  0.00334775  0.00282507     1.00001  0.00302041  0.00265129   0.0067255  0.00564143  0.00103266   0.0135997   0.0144141  0.00800514
          0 0.000716317 0.000678241 0.000757403           0 0.000664144 0.000749302           0 0.000662187 0.000754675 0.000698348 0.000700327 0.000791347   0.0007136 0.000663901 0.000930009      1.0002     1.00006           0           0           0  0.00116272  0.00102608 0.000981021  0.00171018  0.00141406  0.00125259  0.00120932  0.00116828     1.00001  0.00127097     1.00054     1.00056     4.35464           0           0           0           0           0     1.00001     1.00016           0  0.00441708     1.00023  0.00326035     1.00002  0.00346355  0.00299254   0.0043736  0.00645269     1.33683   0.0151154   0.0128284      1.0002
          0 0.000815354  0.00077538           0           0           0           0 0.000776496 0.000745059 0.000822836 0.000769901 0.000741206 0.000874125           0           0 0.000968401           0 0.000833796           0           0           0  0.00130451           0  0.00105245  0.00186492  0.00154153  0.00140119  0.00130289           0           0           0  0.00130106  0.00130273     1.21204     6.34315     1.01613           0  0.00160637           0     1.00094     1.00048  0.00257188  0.00621427  0.00410861  0.00362798  0.00410886  0.00375705  0.00326306  0.00827961  0.00698062  0.00569152   0.0162255     1.00032     3.74827
          0           0 0.000814624  0.00090404           0           0           0           0           0 0.000868876 0.000803185 0.000770486 0.000910671           0 0.000789043 0.000999428           0           0 0.000970565 0.000945095 0.000824749  0.00131367  0.00119411           0  0.00198422  0.00158657  0.00143522           0  0.00126733           0           0     1.00136  0.00148203     1.09498     1.25203     1.10704           0           0           0  0.00314926  0.00954346   0.0146952  0.00487155  0.00424979           1  0.00421752  0.00386413   0.0033515  0.00848655     1.00016   0.0179982  0.00576218   5.151e+08           1

Statuses: 
0 0 0 3 3 3 0 0 0 0 0 0 0 0 0 0 0 3 0 3 0 0 0 0 0 0 0 3 3 3 3 3 3 3 3 3 3 3 3 0 3 0 3 3 0 3 3 0 0 0 0 3 0 0
0 0 2 3 0 3 3 3 0 0 0 0 3 3 0 0 0 0 0 0 0 3 3 3 0 0 3 3 3 3 0 0 3 3 3 3 0 0 0 3 3 3 3 3 0 3 0 3 0 3 0 0 3 0
0 0 3 3 3 3 0 0 3 0 3 0 3 0 0 3 3 3 0 0 0 3 3 0 3 3 3 3 3 3 3 3 3 3 3 3 0 3 3 3 3 0 0 0 0 3 0 3 3 3 0 0 0 0
0 0 0 3 0 0 0 0 0 0 3 3 0 3 0 3 3 0 0 0 0 0 0 0 0 0 3 3 3 3 3 3 3 3 3 3 3 0 3 0 0 0 0 0 3 0 0 0 3 0 0 3 0 3
0 0 0 0 3 3 0 0 3 0 0 3 0 0 3 3 3 3 3 0 0 0 0 0 3 3 3 3 3 3 3 3 3 3 3 3 3 0 3 0 0 3 0 3 3 3 3 3 0 3 3 3 3 3
2 3 3 3 0 0 3 3 3 0 3 0 0 0 3 0 0 0 3 0 0 3 0 0 3 0 0 3 3 0 3 3 3 3 3 3 3 3 3 0 0 3 3 3 0 3 3 3 3 3 3 0 0 0
0 2 2 3 3 3 3 0 3 0 0 0 0 0 3 0 0 0 3 2 0 3 3 0 3 3 3 3 3 3 3 3 3 3 3 3 3 0 3 0 3 3 0 0 0 3 3 3 0 3 0 0 0 0
0 0 0 0 0 3 0 0 3 0 0 0 3 0 0 0 3 3 3 3 3 0 0 0 3 3 3 3 3 0 3 3 3 3 0 3 3 3 0 0 0 3 3 3 3 0 0 3 0 0 0 0 0 0
2 0 0 0 3 0 0 0 0 0 0 0 0 3 0 3 0 3 0 3 3 3 3 3 3 3 0 3 3 3 3 3 3 3 3 3 0 3 3 0 3 0 0 0 0 3 0 0 0 0 3 0 3 0
2 0 0 0 3 0 0 3 0 0 0 0 0 0 0 0 3 3 3 3 3 0 0 0 0 0 0 0 0 3 0 3 3 3 3 3 3 3 3 3 3 3 0 3 0 3 0 0 3 0 3 0 0 3
2 0 0 3 3 3 3 0 0 0 0 0 0 3 3 0 3 0 3 3 3 0 3 0 0 0 0 0 3 3 3 0 0 3 3 3 3 0 3 3 3 0 3 0 0 0 0 0 0 0 0 0 3 3
2 2 0 0 3 3 3 3 3 0 0 0 0 3 0 0 3 3 0 0 0 0 0 3 0 0 0 3 0 3 3 3 0 3 3 3 3 3 3 0 3 3 0 0 3 0 0 0 0 3 3 0 3 3
chisq per dof: 
11.1587 10.0981 9.19759 74468.4 65289.9 57573.6 6.35011 5.68544 5.19253 3.95447 3.60908 3.42352 2.14614 2.01099 1.95363 1.77416 1.65307 74337.6 1.89807 47242.2 1.72189 1.82272  1.6856 1.60698 2.00842  1.8077   1.685 79558.6 69910.1 62632.6 95092.8 81525.3 71399.8  111174 93893.7 80805.8  102378 87757.9 76846.6 1.90668   85087 1.70522  140798  111703  1.7018  111462 91914.8 1.76898 2.25697 2.01273 3235.61  186044 2.25953 2.01626
 6.6288 6.10862 5.60007 1111.87 4.74943 1436.21 155.948 5038.98 3.59281 2.87827 2.66465 2.63925 3628.84 3072.54 1.75211 1.72717 1.61686 1.60357   1.816  1.7052 1.67449 4406.04 3627.44 3062.44 2.01673 1.81388 336.657 5623.88 4878.65 4424.43 2.02043 2.12586 4785.54  7846.7 6424.14 5560.76  1.8318 1.83045 1.76048 7679.48 6057.11  5788.1 9645.87  6358.4  1.6902 8130.94 1.87381  5919.4    2.26 3513.71 1.85075 2.67995 3184.09 710.468
4.80696 4.59705 263.045 805.587 813.042 557.899 3.16687 2.90843  184.33 2.39356 239.724 2.27123 792.262 1.64601 1.63914  547.26 469.849 421.566 1.77507 1.66495 1.62798 1143.78 834.139 1.61218 1923.61 1539.89 1290.35 851.494 1079.94 1049.81 1527.46 1310.44  1125.9 1717.21 1435.67 1209.97 1.74624 1293.15 872.646 1831.54 1306.47 1.62122 2.01109 1.82527 1.68998 560.701 1.86979 1339.76 2121.17 1564.07 1.85411 2.68087 2.26914 13.0672
 3.8045 3.68861 3.48692  231.67 3.01554 2.94848  2.6289 2.44298 2.41876 2.14383 28.0803 11.6458  1.6886 56.0445 1.58507 286.114 239.691 1.53102 1.75145 1.64435 1.60741 1.81749 1.68171 1.60883 2.01388  1.8136 264.876 456.568 399.488 183.834 532.967 486.583 426.158 626.062 521.968 439.138 563.037 1.65836 398.545 1.82231 1.71142 1.60997 2.00999 1.82104 512.578 2.01537 1.86363 1.74207 850.821   2.015 16.8455 1028.35 2.26699 629.682
3.17835 3.12989 2.98683 2.65999 57.4418 49.2368 2.26213 2.13037 37.2429 1.95355  1.8597 42.7887 1.64422 1.55428   47.56  24.951 82.6272 72.6715 188.811 1.62968 1.59239 1.81478 1.67984 1.60395 174.581 140.551     118 209.654 189.397 159.141  279.62 240.359 214.496 299.574 250.408 218.313 349.236 1.63123 206.383 1.81797 1.70118 235.404 2.00906 300.331 251.156 432.327 360.343 303.832  2.2594 243.745 276.817 515.117 387.327 315.244
2.69311 24.0491 17.9962 5.85948 2.23356  2.2006 88.9387 73.8831 68.3076 1.81987 29.5511 1.74232  1.6123 1.52592 29.8295 1.64036 1.53371 1.49288 158.124 40.4815 1.57525  66.679  1.6789  1.6007 25.8243 1.81297 1.69451  121.12 113.673 1.57133 165.083 142.187 126.799  169.62 144.311 125.865 153.878 135.113 105.562 1.81549  1.6968 75.1746 206.421 163.694  1.6872 273.339 228.476   198.5 146.098 65.2909 165.873 2.67858 2.26606 2.02461
2.36845 2.35768 2.26955 19.0907 29.4631 5.46101 22.9465 1.75837 12.4824 1.72589 1.65235 1.64786 1.58898 1.50545 22.0625 1.63209 1.52676 1.48516 114.263 25.5199 22.0804 9.49258 48.0787 1.60057 47.1163 38.5922 32.5774  83.726   73.31 60.1184 110.462 95.5692 84.6615 112.648 94.8423 82.2835 106.391 1.60577 72.5297 1.81365 106.666 90.9026 2.00863 1.81501 1.68741 187.919 157.025 135.733  2.2591 107.996 1.85517 2.67817 2.26478 2.02476
2.11911 2.11667 2.04788 1.87473 1.83661 7.48054 1.72365 1.64245 10.2358 1.65705 1.58752  1.5817 19.0519 1.48746 1.46581 1.62432 22.3408 19.3437 78.5871 68.1267 65.0672 1.80982 1.67689 1.59884 7.46337 25.8321 22.0385 76.3045 60.1138 1.46678 76.8306 64.9658 63.2868 77.8615 1.54755 60.4122 79.5071 68.1262 1.52579 1.81224 1.68947 69.8871 102.686 83.2485 65.1099 2.01055 1.85211 62.6043 2.25893  2.0122 1.85576   2.678  2.2645 2.02529
1.94097 1.93607 1.88086  1.7396 5.84152 1.68863 1.62872 1.55318 1.55086 1.60189 1.53497 1.52548 1.55291 12.5967 1.44713 46.9979 1.51612 14.2196 1.69487 58.7444 50.8972 26.6916 25.5093 22.3658 27.8386  21.415 1.69267 54.8096 43.3178 36.1445 66.3281 58.6169 51.8272 60.1553 56.2889 48.7371 1.67888 56.4416 56.3959 1.81083 64.7374 1.59392 2.00791 1.81361 1.68756 63.5709 1.85083 1.73548 2.25822 2.01146 50.2927 2.67721 81.0891 2.02479
1.81798 1.80934 1.75684 1.64446 3.73661 1.58554 1.56665 8.53682 1.48041  1.5638 1.49813 1.47955 1.54283 1.46556 1.43192 1.61549 2.77894 6.56337 61.3338  49.785 42.7754 1.80782 1.67669 1.59338 2.00906 1.81202  1.6911 1.52294 1.47947 6.69669 1.52378   44.65 39.8352 55.6696 47.8606 41.3908 45.9614 42.5513 38.5051   4.904 6.65459 39.7841 2.00806 51.7542 1.68741 54.4982 1.85084  1.7352 54.1902 2.01175 10.4359 2.67741 2.26375 54.6925
1.74867 1.73609 1.68897 3.80121  19.823 20.7061 21.4509 1.46113 1.44409 1.54342  1.4787 1.45601 1.53727 5.19466 5.66635  1.6138 24.3842 1.45633 57.5353 44.0577 36.0647 1.80713 9.11775  1.5915 2.00825 1.81202 1.68935 1.51379 35.3535 28.8057 52.2232 1.46485  1.4068 50.6371  43.704 35.0691 44.2405 1.59292 32.8229 57.6245 48.2352 1.59265 55.5285 1.81367 1.68664 2.00842 1.85042 1.73451 2.25761 2.01156 1.85401 2.67652 64.9218 30.1135
1.72189 1.70466 1.65721 1.57602 3.29587 5.69942 25.7314 13.0791 15.6879 1.53685 1.47258 1.44913 1.53546 2.90103 1.42275 1.61352 12.1315 4.53682 1.68684 1.59029 1.53289 1.80723 1.67651 13.2282 2.00843  1.8118 1.68929 42.3034 1.46744 31.6738 51.1195  40.056 1.40528 38.9023 42.2737 36.5343 47.3982 44.6127 32.8531 1.80933 46.2783 14.4487 2.00766 1.81338  40.773 2.00855 1.84986 1.73421 2.25785 63.6203 24.1258 3.05851 3.83189 32.8462
Mode averaged potential and errors: 
  0.0675744 3.09654e-05
  0.0963557 0.000981982
   0.114006  0.00116462
   0.125505  0.00299751
   0.138847  0.00127151
   0.149395  0.00731122
   0.160258   0.0053412
   0.170207   0.0116137
   0.177197  0.00778029
   0.177594  0.00984012
   0.177003   0.0110118
   0.181421  0.00797611
R Models:
(* Fitting with shape 1 1 1 1 1 1 1 1 0 0 0 0 *)
G[R_,xx_]:=xx[[0]] + xx[[1]]/R | xx[[2]]*R
(* Fitting with shape 1 1 1 1 1 1 1 1 1 0 0 0 *)
G[R_,xx_]:=xx[[0]] + xx[[1]]/R | xx[[2]]*R
(* Fitting with shape 1 1 1 1 1 1 1 1 1 1 0 0 *)
G[R_,xx_]:=xx[[0]] + xx[[1]]/R | xx[[2]]*R
(* Fitting with shape 1 1 1 1 1 1 1 1 1 1 1 0 *)
G[R_,xx_]:=xx[[0]] + xx[[1]]/R | xx[[2]]*R
(* Fitting with shape 1 1 1 1 1 1 1 1 1 1 1 1 *)
G[R_,xx_]:=xx[[0]] + xx[[1]]/R | xx[[2]]*R
(* Fitting with shape 0 1 1 1 1 1 1 1 0 0 0 0 *)
G[R_,xx_]:=xx[[0]] + xx[[1]]/R | xx[[2]]*R
(* Fitting with shape 0 1 1 1 1 1 1 1 1 0 0 0 *)
G[R_,xx_]:=xx[[0]] + xx[[1]]/R | xx[[2]]*R
(* Fitting with shape 0 1 1 1 1 1 1 1 1 1 0 0 *)
G[R_,xx_]:=xx[[0]] + xx[[1]]/R | xx[[2]]*R
(* Fitting with shape 0 1 1 1 1 1 1 1 1 1 1 0 *)
G[R_,xx_]:=xx[[0]] + xx[[1]]/R | xx[[2]]*R
(* Fitting with shape 0 1 1 1 1 1 1 1 1 1 1 1 *)
G[R_,xx_]:=xx[[0]] + xx[[1]]/R | xx[[2]]*R
(* Fitting with shape 0 0 1 1 1 1 1 1 0 0 0 0 *)
G[R_,xx_]:=xx[[0]] + xx[[1]]/R | xx[[2]]*R
(* Fitting with shape 0 0 1 1 1 1 1 1 1 0 0 0 *)
G[R_,xx_]:=xx[[0]] + xx[[1]]/R | xx[[2]]*R
(* Fitting with shape 0 0 1 1 1 1 1 1 1 1 0 0 *)
G[R_,xx_]:=xx[[0]] + xx[[1]]/R | xx[[2]]*R
(* Fitting with shape 0 0 1 1 1 1 1 1 1 1 1 0 *)
G[R_,xx_]:=xx[[0]] + xx[[1]]/R | xx[[2]]*R
(* Fitting with shape 0 0 1 1 1 1 1 1 1 1 1 1 *)
G[R_,xx_]:=xx[[0]] + xx[[1]]/R | xx[[2]]*R
(* Fitting with shape 0 0 0 1 1 1 1 1 0 0 0 0 *)
G[R_,xx_]:=xx[[0]] + xx[[1]]/R | xx[[2]]*R
(* Fitting with shape 0 0 0 1 1 1 1 1 1 0 0 0 *)
G[R_,xx_]:=xx[[0]] + xx[[1]]/R | xx[[2]]*R
(* Fitting with shape 0 0 0 1 1 1 1 1 1 1 0 0 *)
G[R_,xx_]:=xx[[0]] + xx[[1]]/R | xx[[2]]*R
(* Fitting with shape 0 0 0 1 1 1 1 1 1 1 1 0 *)
G[R_,xx_]:=xx[[0]] + xx[[1]]/R | xx[[2]]*R
(* Fitting with shape 0 0 0 1 1 1 1 1 1 1 1 1 *)
G[R_,xx_]:=xx[[0]] + xx[[1]]/R | xx[[2]]*R
1.38934 1.38934 1.38934 
1.30494 1.30494 1.30494 
1 1 1 
-5.15434 -5.15434 -5.15434 
6.78837 6.78837 6.78837 
5.03038e+175 5.03038e+175 5.03038e+175 
3.5936e+246 3.5936e+246 3.5936e+246 
2.14726e+243 2.14726e+243 2.14726e+243 
5.97819e-322 5.97819e-322 5.97819e-322 
4.79244e-322 4.79244e-322 4.79244e-322 
6.92131e-310 6.92131e-310 6.92131e-310 
6.36599e-314 6.36599e-314 6.36599e-314 
6.92131e-310 6.92131e-310 6.92131e-310 
2.49194e-316 2.49194e-316 2.49194e-316 
2.49194e-316 2.49194e-316 2.49194e-316 
2.48945e-316 2.48945e-316 2.48945e-316 
2.48945e-316 2.48945e-316 2.48945e-316 
2.47103e-316 2.47103e-316 2.47103e-316 
2.47103e-316 2.47103e-316 2.47103e-316 
2.48385e-316 2.48385e-316 2.48385e-316 
2.49199e-316 2.49199e-316 2.49199e-316 
7.16395e-322 7.16395e-322 7.16395e-322 
0 0 0 
2.51824e-316 2.51824e-316 2.51824e-316 
2.48072e-316 2.48072e-316 2.48072e-316 
2.31584e+77 2.31584e+77 2.31584e+77 
2.51824e-316 2.51824e-316 2.51824e-316 
3.16202e-322 3.16202e-322 3.16202e-322 
2.4998e-316 2.4998e-316 2.4998e-316 
0 0 0 
2.47176e-316 2.47176e-316 2.47176e-316 
2.48577e-316 2.48577e-316 2.48577e-316 
2.49195e-316 2.49195e-316 2.49195e-316 
2.49195e-316 2.49195e-316 2.49195e-316 
2.47242e-316 2.47242e-316 2.47242e-316 
1.97626e-323 1.97626e-323 1.97626e-323 
0 0 0 
2.51824e-316 2.51824e-316 2.51824e-316 
7.11455e-322 7.11455e-322 7.11455e-322 
1.58595e-321 1.58595e-321 1.58595e-321 
6.08343e-320 6.08343e-320 6.08343e-320 
1.07423e+139 1.07423e+139 1.07423e+139 
2.54385e-316 2.54385e-316 2.54385e-316 
0 0 0 
2.86558e-322 2.86558e-322 2.86558e-322 
1.97626e-323 1.97626e-323 1.97626e-323 
3.23816e-319 3.23816e-319 3.23816e-319 
1.49847e-316 1.49847e-316 1.49847e-316 
2.49195e-316 2.49195e-316 2.49195e-316 
9.88131e-324 9.88131e-324 9.88131e-324 
3.95253e-323 3.95253e-323 3.95253e-323 
4.23118e-320 4.23118e-320 4.23118e-320 
2.49195e-316 2.49195e-316 2.49195e-316 
2.122e-314 2.122e-314 2.122e-314 
Probabilities: 
         0          0          0          0          0          0          0          0          0          0          0          0  0.0165754  0.0123104 0.00564481 0.00893673  0.0116665  0.0149895          0  0.0650837          0  0.0273133  0.0418297          0  0.0163174  0.0377814   0.103595          0          0          0          0          0          0          0          0          0          0   0.211231          0          0          0          0  0.0167707          0   0.111057          0          0          0  0.0443825   0.120607          0  0.0169235          0   0.116984

String tensions: 
         1          1          1          1          1          1          1          1          1  -0.100007  -0.100007  -0.100007  -0.576648  -0.611196  -0.653952  -0.701072  -0.777819  -0.851817   0.309385  -0.877651   0.199906   -1.13883   -1.31077   0.791239   -2.99792   -3.08094   -3.38296   0.703443   0.703443   0.703444   0.610104   0.613225   0.707608    1.00979    1.01186   0.895483     1.2604 0.00466146    0.97335   0.790349    1.60133    1.02583 0.00939727    1.01554 0.00758276  -0.132765 -0.0974844 -0.0394926  0.0135056  0.0138931   0.531815 0.00567295 -0.0630237 0.00419717

Errors: 
          0           0           0     5792.62     5792.62           0     5792.62     5792.62     5792.62           0           0           0   0.0550148   0.0498929   0.0419626    0.143958    0.123271   0.0999725   0.0185792    0.107186           0   0.0356926    0.255822           0      1.3076   0.0788595    0.764408           1           1           1           0           0           0           0           0           0     1.02206  0.00121649           0     1.00241  0.00347441 0.000626506  0.00901974           0   0.0040799           1           1           1   0.0034781  0.00273812     2.25784   0.0103816    0.468787  0.00617174

Statuses: 
3 3 3 0 0 3 0 0 0 3 3 3 0 0 0 0 0 0 0 0 3 0 0 3 0 0 0 3 3 3 3 3 3 2 2 3 3 0 3 3 0 0 0 2 0 3 3 3 0 0 3 0 3 0
chisq per dof: 
  4433.18   3911.33   3534.22   10.7304   13.1169   1770.58   3.20136   4.49178   6.53658   4385.55   3869.66   3497.18  0.365832  0.684278   1.04367  0.286099  0.482898  0.628018   5.92013  0.432435   3262.37  0.199347  0.334803   2144.85 0.0452729 0.0911997 0.0756942   4948.93   4362.61   3935.36   4230.38   3679.56   3283.16   3210.69   2718.64   2403.97   5029.63  0.138115   3965.74   4233.08   2330.38   2103.61 0.0343127   2718.64 0.0558194   4802.15   3942.03    3623.6 0.0375233 0.0322511   2939.56 0.0306851   248.432 0.0409657
Model string tension and errors: 
sigma = -0.702868 +/- 1.21736
