R=0parameters: 
-0.645716 -0.645716 
0.0800105 0.0800105 
1.62361e-10 1.62361e-10 
1.63042e-322 1.63042e-322 
-1.91912e+08 -1.91912e+08 
1 1 
2.14893e-316 2.14893e-316 
7.16395e-322 7.16395e-322 
5.27761e-320 5.27761e-320 
2.31584e+77 2.31584e+77 2.31584e+77 
9.11007e-317 9.11007e-317 9.11007e-317 
3.16202e-322 3.16202e-322 3.16202e-322 
2.09387e-316 2.09387e-316 2.09387e-316 
0 0 0 
2.14514e-316 2.14514e-316 2.14514e-316 
2.15664e-316 2.15664e-316 2.15664e-316 
2.08341e-316 2.08341e-316 2.08341e-316 
2.08341e-316 2.08341e-316 2.08341e-316 
0 0 0 0 
4.94066e-324 4.94066e-324 4.94066e-324 4.94066e-324 
0 0 0 0 
2.14481e-316 2.14481e-316 2.14481e-316 2.14481e-316 
2.122e-314 2.122e-314 2.122e-314 2.122e-314 
1.63042e-322 1.63042e-322 1.63042e-322 1.63042e-322 
2.96439e-323 2.96439e-323 2.96439e-323 2.96439e-323 
2.08341e-316 2.08341e-316 2.08341e-316 2.08341e-316 
6.42719e-310 6.42719e-310 6.42719e-310 6.42719e-310 
3.21143e-322 3.21143e-322 3.21143e-322 
5.60478e-317 5.60478e-317 5.60478e-317 
4.94066e-324 4.94066e-324 4.94066e-324 
1.01185e-320 1.01185e-320 1.01185e-320 
0 0 0 
0 0 0 
0 0 0 
2.14484e-316 2.14484e-316 2.14484e-316 
2.42092e-322 2.42092e-322 2.42092e-322 
2.2233e-322 2.2233e-322 2.2233e-322 2.2233e-322 
4.24399e-314 4.24399e-314 4.24399e-314 4.24399e-314 
0 0 0 0 
2.17389e-322 2.17389e-322 2.17389e-322 2.17389e-322 
6.95324e-310 6.95324e-310 6.95324e-310 6.95324e-310 
2.42092e-322 2.42092e-322 2.42092e-322 2.42092e-322 
9.88131e-323 9.88131e-323 9.88131e-323 9.88131e-323 
2.102e-316 2.102e-316 2.102e-316 2.102e-316 
5.06724e+59 5.06724e+59 5.06724e+59 5.06724e+59 
-nan -nan -nan -nan -nan 
-nan -nan -nan -nan -nan 
4.94066e-324 4.94066e-324 4.94066e-324 4.94066e-324 4.94066e-324 
-nan -nan -nan -nan -nan 
4.94066e-324 4.94066e-324 4.94066e-324 4.94066e-324 4.94066e-324 
4.94066e-324 4.94066e-324 4.94066e-324 4.94066e-324 4.94066e-324 
-nan -nan -nan -nan -nan 
1.061e-314 1.061e-314 1.061e-314 1.061e-314 1.061e-314 
-nan -nan -nan -nan -nan 
R=1parameters: 
-0.555574 -0.555574 
0.127254 0.127254 
-8.64504e-06 -8.64504e-06 
0.0744686 0.0744686 
-0.0506826 -0.0506826 
5.03038e+175 5.03038e+175 
3.5936e+246 3.5936e+246 
2.14726e+243 2.14726e+243 
-771637 -771637 
4.00193e-322 4.00193e-322 4.00193e-322 
2.14591e-316 2.14591e-316 2.14591e-316 
2.16032e-316 2.16032e-316 2.16032e-316 
0.938439 0.938439 0.938439 
0.868061 0.868061 0.868061 
0 0 0 
1.63042e-322 1.63042e-322 1.63042e-322 
2.26732e-316 2.26732e-316 2.26732e-316 
0 0 0 
-8.41871e-07 -8.41871e-07 -8.41871e-07 -8.41871e-07 
3.91736e-07 3.91736e-07 3.91736e-07 3.91736e-07 
0 0 0 0 
0 0 0 0 
0 0 0 0 
0 0 0 0 
1.67772e+07 1.67772e+07 1.67772e+07 1.67772e+07 
2.15365e-316 2.15365e-316 2.15365e-316 2.15365e-316 
2.09979e-316 2.09979e-316 2.09979e-316 2.09979e-316 
2.16496e-316 2.16496e-316 2.16496e-316 
539054 539054 539054 
8.97036e-308 8.97036e-308 8.97036e-308 
8.69556e-322 8.69556e-322 8.69556e-322 
1.26481e-321 1.26481e-321 1.26481e-321 
2.16474e-316 2.16474e-316 2.16474e-316 
-2.98071e-228 -2.98071e-228 -2.98071e-228 
3.16202e-322 3.16202e-322 3.16202e-322 
2.15678e-316 2.15678e-316 2.15678e-316 
2.96439e-323 2.96439e-323 2.96439e-323 2.96439e-323 
3.16202e-322 3.16202e-322 3.16202e-322 3.16202e-322 
2.11096e-316 2.11096e-316 2.11096e-316 2.11096e-316 
2.09983e-316 2.09983e-316 2.09983e-316 2.09983e-316 
0 0 0 0 
4.94066e-324 4.94066e-324 4.94066e-324 4.94066e-324 
-nan -nan -nan -nan 
0 0 0 0 
-nan -nan -nan -nan 
-nan -nan -nan -nan -nan 
-nan -nan -nan -nan -nan 
4.94066e-324 4.94066e-324 4.94066e-324 4.94066e-324 4.94066e-324 
-nan -nan -nan -nan -nan 
4.94066e-324 4.94066e-324 4.94066e-324 4.94066e-324 4.94066e-324 
4.94066e-324 4.94066e-324 4.94066e-324 4.94066e-324 4.94066e-324 
-nan -nan -nan -nan -nan 
1.061e-314 1.061e-314 1.061e-314 1.061e-314 1.061e-314 
-nan -nan -nan -nan -nan 
R=2parameters: 
-0.44852 -0.44852 
0.163711 0.163711 
-3.36669e-05 -3.36669e-05 
0.189351 0.189351 
-0.131591 -0.131591 
5.03038e+175 5.03038e+175 
3.5936e+246 3.5936e+246 
2.14726e+243 2.14726e+243 
-771637 -771637 
8.74496e-322 8.74496e-322 8.74496e-322 
2.08042e-316 2.08042e-316 2.08042e-316 
2.09673e-316 2.09673e-316 2.09673e-316 
1.58101e-322 1.58101e-322 1.58101e-322 
2.37152e-322 2.37152e-322 2.37152e-322 
2.15691e-316 2.15691e-316 2.15691e-316 
2.42092e-322 2.42092e-322 2.42092e-322 
1.04314e+06 1.04314e+06 1.04314e+06 
0.152558 0.152558 0.152558 
0.000761105 0.000761105 0.000761105 0.000761105 
0.000628861 0.000628861 0.000628861 0.000628861 
2.37152e-322 2.37152e-322 2.37152e-322 2.37152e-322 
2.37152e-322 2.37152e-322 2.37152e-322 2.37152e-322 
2.14211e-316 2.14211e-316 2.14211e-316 2.14211e-316 
0.15241 0.15241 0.15241 0.15241 
0 0 0 0 
2.42092e-322 2.42092e-322 2.42092e-322 2.42092e-322 
4.76005e+06 4.76005e+06 4.76005e+06 4.76005e+06 
2.06958e-316 2.06958e-316 2.06958e-316 
0.00012207 0.00012207 0.00012207 
4.94066e-324 4.94066e-324 4.94066e-324 
8.69556e-322 8.69556e-322 8.69556e-322 
1.26481e-321 1.26481e-321 1.26481e-321 
2.16474e-316 2.16474e-316 2.16474e-316 
-2.98071e-228 -2.98071e-228 -2.98071e-228 
3.16202e-322 3.16202e-322 3.16202e-322 
2.15678e-316 2.15678e-316 2.15678e-316 
2.96439e-323 2.96439e-323 2.96439e-323 2.96439e-323 
3.16202e-322 3.16202e-322 3.16202e-322 3.16202e-322 
2.11096e-316 2.11096e-316 2.11096e-316 2.11096e-316 
2.09983e-316 2.09983e-316 2.09983e-316 2.09983e-316 
0 0 0 0 
4.94066e-324 4.94066e-324 4.94066e-324 4.94066e-324 
-nan -nan -nan -nan 
0 0 0 0 
-nan -nan -nan -nan 
-nan -nan -nan -nan -nan 
-nan -nan -nan -nan -nan 
4.94066e-324 4.94066e-324 4.94066e-324 4.94066e-324 4.94066e-324 
-nan -nan -nan -nan -nan 
4.94066e-324 4.94066e-324 4.94066e-324 4.94066e-324 4.94066e-324 
4.94066e-324 4.94066e-324 4.94066e-324 4.94066e-324 4.94066e-324 
-nan -nan -nan -nan -nan 
1.061e-314 1.061e-314 1.061e-314 1.061e-314 1.061e-314 
-nan -nan -nan -nan -nan 
R=3parameters: 
-0.338127 -0.338127 
0.196402 0.196402 
-0.025661 -0.025661 
-3.42555 -3.42555 
3.23898 3.23898 
5.03038e+175 5.03038e+175 
3.5936e+246 3.5936e+246 
2.14726e+243 2.14726e+243 
-771637 -771637 
8.74496e-322 8.74496e-322 8.74496e-322 
6.94721e-310 6.94721e-310 6.94721e-310 
2.16199e-316 2.16199e-316 2.16199e-316 
2.16373e-316 2.16373e-316 2.16373e-316 
0.00446009 0.00446009 0.00446009 
0 0 0 
0 0 0 
2210.44 2210.44 2210.44 
0.200153 0.200153 0.200153 
0.166724 0.166724 0.166724 0.166724 
0.00335833 0.00335833 0.00335833 0.00335833 
0.00285306 0.00285306 0.00285306 0.00285306 
4.00193e-322 4.00193e-322 4.00193e-322 4.00193e-322 
6.94721e-310 6.94721e-310 6.94721e-310 6.94721e-310 
2.00463e-06 2.00463e-06 2.00463e-06 2.00463e-06 
-2.49163e-07 -2.49163e-07 -2.49163e-07 -2.49163e-07 
0.000179558 0.000179558 0.000179558 0.000179558 
0 0 0 0 
0 0 0 
0 0 0 
0 0 0 
8.69556e-322 8.69556e-322 8.69556e-322 
1.26481e-321 1.26481e-321 1.26481e-321 
2.16474e-316 2.16474e-316 2.16474e-316 
-2.98071e-228 -2.98071e-228 -2.98071e-228 
3.16202e-322 3.16202e-322 3.16202e-322 
2.15678e-316 2.15678e-316 2.15678e-316 
2.96439e-323 2.96439e-323 2.96439e-323 2.96439e-323 
3.16202e-322 3.16202e-322 3.16202e-322 3.16202e-322 
2.11096e-316 2.11096e-316 2.11096e-316 2.11096e-316 
2.09983e-316 2.09983e-316 2.09983e-316 2.09983e-316 
0 0 0 0 
4.94066e-324 4.94066e-324 4.94066e-324 4.94066e-324 
-nan -nan -nan -nan 
0 0 0 0 
-nan -nan -nan -nan 
-nan -nan -nan -nan -nan 
-nan -nan -nan -nan -nan 
4.94066e-324 4.94066e-324 4.94066e-324 4.94066e-324 4.94066e-324 
-nan -nan -nan -nan -nan 
4.94066e-324 4.94066e-324 4.94066e-324 4.94066e-324 4.94066e-324 
4.94066e-324 4.94066e-324 4.94066e-324 4.94066e-324 4.94066e-324 
-nan -nan -nan -nan -nan 
1.061e-314 1.061e-314 1.061e-314 1.061e-314 1.061e-314 
-nan -nan -nan -nan -nan 
R=4parameters: 
-0.233678 -0.233678 
0.230374 0.230374 
-0.000232311 -0.000232311 
0.403526 0.403526 
-0.21824 -0.21824 
5.03038e+175 5.03038e+175 
3.5936e+246 3.5936e+246 
2.14726e+243 2.14726e+243 
-771637 -771637 
8.74496e-322 8.74496e-322 8.74496e-322 
6.94721e-310 6.94721e-310 6.94721e-310 
2.16202e-316 2.16202e-316 2.16202e-316 
2.16174e-316 2.16174e-316 2.16174e-316 
2.09016e-316 2.09016e-316 2.09016e-316 
2.16201e-316 2.16201e-316 2.16201e-316 
2.08678e-316 2.08678e-316 2.08678e-316 
0.632412 0.632412 0.632412 
503.394 503.394 503.394 
742.853 742.853 742.853 742.853 
4.79244e-322 4.79244e-322 4.79244e-322 4.79244e-322 
2.08627e-316 2.08627e-316 2.08627e-316 2.08627e-316 
-2.98071e-228 -2.98071e-228 -2.98071e-228 -2.98071e-228 
0.00714541 0.00714541 0.00714541 0.00714541 
0.381654 0.381654 0.381654 0.381654 
32.4777 32.4777 32.4777 32.4777 
-859.172 -859.172 -859.172 -859.172 
570.968 570.968 570.968 570.968 
8.78418e+247 8.78418e+247 8.78418e+247 
4.52183e+217 4.52183e+217 4.52183e+217 
1.01175e-307 1.01175e-307 1.01175e-307 
-5194.16 -5194.16 -5194.16 
1.26975e-321 1.26975e-321 1.26975e-321 
2.16474e-316 2.16474e-316 2.16474e-316 
-2.98071e-228 -2.98071e-228 -2.98071e-228 
3.16202e-322 3.16202e-322 3.16202e-322 
2.15678e-316 2.15678e-316 2.15678e-316 
2.96439e-323 2.96439e-323 2.96439e-323 2.96439e-323 
3.16202e-322 3.16202e-322 3.16202e-322 3.16202e-322 
2.11096e-316 2.11096e-316 2.11096e-316 2.11096e-316 
2.09983e-316 2.09983e-316 2.09983e-316 2.09983e-316 
0 0 0 0 
4.94066e-324 4.94066e-324 4.94066e-324 4.94066e-324 
-nan -nan -nan -nan 
0 0 0 0 
-nan -nan -nan -nan 
-nan -nan -nan -nan -nan 
-nan -nan -nan -nan -nan 
4.94066e-324 4.94066e-324 4.94066e-324 4.94066e-324 4.94066e-324 
-nan -nan -nan -nan -nan 
4.94066e-324 4.94066e-324 4.94066e-324 4.94066e-324 4.94066e-324 
4.94066e-324 4.94066e-324 4.94066e-324 4.94066e-324 4.94066e-324 
-nan -nan -nan -nan -nan 
1.061e-314 1.061e-314 1.061e-314 1.061e-314 1.061e-314 
-nan -nan -nan -nan -nan 
R=5parameters: 
-0.132831 -0.132831 
0.265475 0.265475 
-0.000452815 -0.000452815 
0.551109 0.551109 
-0.305547 -0.305547 
5.03038e+175 5.03038e+175 
3.5936e+246 3.5936e+246 
2.14726e+243 2.14726e+243 
-771637 -771637 
8.74496e-322 8.74496e-322 8.74496e-322 
6.94721e-310 6.94721e-310 6.94721e-310 
2.14802e-316 2.14802e-316 2.14802e-316 
0.000131857 0.000131857 0.000131857 
0.00184301 0.00184301 0.00184301 
0.00552843 0.00552843 0.00552843 
2.43066e-05 2.43066e-05 2.43066e-05 
0 0 0 
0 0 0 
2.18063e-07 2.18063e-07 2.18063e-07 2.18063e-07 
-1.75312e-06 -1.75312e-06 -1.75312e-06 -1.75312e-06 
-4.72569e-06 -4.72569e-06 -4.72569e-06 -4.72569e-06 
3.57696e-05 3.57696e-05 3.57696e-05 3.57696e-05 
1.09054e-05 1.09054e-05 1.09054e-05 1.09054e-05 
-0.819303 -0.819303 -0.819303 -0.819303 
-0.305547 -0.305547 -0.305547 -0.305547 
2.42092e-322 2.42092e-322 2.42092e-322 2.42092e-322 
2.15703e-316 2.15703e-316 2.15703e-316 2.15703e-316 
0.000179259 0.000179259 0.000179259 
0.000582588 0.000582588 0.000582588 
0.0015907 0.0015907 0.0015907 
8.69556e-322 8.69556e-322 8.69556e-322 
1.26481e-321 1.26481e-321 1.26481e-321 
2.16474e-316 2.16474e-316 2.16474e-316 
-2.98071e-228 -2.98071e-228 -2.98071e-228 
3.16202e-322 3.16202e-322 3.16202e-322 
2.15678e-316 2.15678e-316 2.15678e-316 
2.96439e-323 2.96439e-323 2.96439e-323 2.96439e-323 
3.16202e-322 3.16202e-322 3.16202e-322 3.16202e-322 
2.11096e-316 2.11096e-316 2.11096e-316 2.11096e-316 
2.09983e-316 2.09983e-316 2.09983e-316 2.09983e-316 
0 0 0 0 
4.94066e-324 4.94066e-324 4.94066e-324 4.94066e-324 
-nan -nan -nan -nan 
0 0 0 0 
-nan -nan -nan -nan 
-nan -nan -nan -nan -nan 
-nan -nan -nan -nan -nan 
4.94066e-324 4.94066e-324 4.94066e-324 4.94066e-324 4.94066e-324 
-nan -nan -nan -nan -nan 
4.94066e-324 4.94066e-324 4.94066e-324 4.94066e-324 4.94066e-324 
4.94066e-324 4.94066e-324 4.94066e-324 4.94066e-324 4.94066e-324 
-nan -nan -nan -nan -nan 
1.061e-314 1.061e-314 1.061e-314 1.061e-314 1.061e-314 
-nan -nan -nan -nan -nan 
R=6parameters: 
-0.049117 -0.049117 
0.30393 0.30393 
0.513691 0.513691 
2.54717 2.54717 
-16.3695 -16.3695 
5.03038e+175 5.03038e+175 
3.5936e+246 3.5936e+246 
2.14726e+243 2.14726e+243 
-771637 -771637 
8.74496e-322 8.74496e-322 8.74496e-322 
2.16426e-316 2.16426e-316 2.16426e-316 
-2.98071e-228 -2.98071e-228 -2.98071e-228 
0.00738635 0.00738635 0.00738635 
0.0844543 0.0844543 0.0844543 
2.09016e-316 2.09016e-316 2.09016e-316 
2.07785e-316 2.07785e-316 2.07785e-316 
114.915 114.915 114.915 
0.0494427 0.0494427 0.0494427 
4.94066e-324 4.94066e-324 4.94066e-324 4.94066e-324 
0.0557784 0.0557784 0.0557784 0.0557784 
2.37152e-322 2.37152e-322 2.37152e-322 2.37152e-322 
2.37152e-322 2.37152e-322 2.37152e-322 2.37152e-322 
1.12484e-316 1.12484e-316 1.12484e-316 1.12484e-316 
9.24406e-06 9.24406e-06 9.24406e-06 9.24406e-06 
2.47033e-323 2.47033e-323 2.47033e-323 2.47033e-323 
2.14631e-316 2.14631e-316 2.14631e-316 2.14631e-316 
0 0 0 0 
1.63042e-322 1.63042e-322 1.63042e-322 
2.16374e-316 2.16374e-316 2.16374e-316 
2.16375e-316 2.16375e-316 2.16375e-316 
2.15617e-316 2.15617e-316 2.15617e-316 
1.26975e-321 1.26975e-321 1.26975e-321 
2.16474e-316 2.16474e-316 2.16474e-316 
-2.98071e-228 -2.98071e-228 -2.98071e-228 
3.16202e-322 3.16202e-322 3.16202e-322 
2.15678e-316 2.15678e-316 2.15678e-316 
2.96439e-323 2.96439e-323 2.96439e-323 2.96439e-323 
3.16202e-322 3.16202e-322 3.16202e-322 3.16202e-322 
2.11096e-316 2.11096e-316 2.11096e-316 2.11096e-316 
2.09983e-316 2.09983e-316 2.09983e-316 2.09983e-316 
0 0 0 0 
4.94066e-324 4.94066e-324 4.94066e-324 4.94066e-324 
-nan -nan -nan -nan 
0 0 0 0 
-nan -nan -nan -nan 
-nan -nan -nan -nan -nan 
-nan -nan -nan -nan -nan 
4.94066e-324 4.94066e-324 4.94066e-324 4.94066e-324 4.94066e-324 
-nan -nan -nan -nan -nan 
4.94066e-324 4.94066e-324 4.94066e-324 4.94066e-324 4.94066e-324 
4.94066e-324 4.94066e-324 4.94066e-324 4.94066e-324 4.94066e-324 
-nan -nan -nan -nan -nan 
1.061e-314 1.061e-314 1.061e-314 1.061e-314 1.061e-314 
-nan -nan -nan -nan -nan 
R=7parameters: 
0.016499 0.016499 
0.34425 0.34425 
-0.000844809 -0.000844809 
1.20014 1.20014 
-0.863241 -0.863241 
5.03038e+175 5.03038e+175 
3.5936e+246 3.5936e+246 
2.14726e+243 2.14726e+243 
-771637 -771637 
2.42092e-322 2.42092e-322 2.42092e-322 
1.061e-313 1.061e-313 1.061e-313 
72500.8 72500.8 72500.8 
0.647029 0.647029 0.647029 
0 0 0 
-0.863241 -0.863241 -0.863241 
6.37345e-322 6.37345e-322 6.37345e-322 
2.26687e-316 2.26687e-316 2.26687e-316 
-6.55566e-06 -6.55566e-06 -6.55566e-06 
8.62179e-07 8.62179e-07 8.62179e-07 8.62179e-07 
1068.33 1068.33 1068.33 1068.33 
0.328063 0.328063 0.328063 0.328063 
0.232404 0.232404 0.232404 0.232404 
0 0 0 0 
0 0 0 0 
1.67772e+07 1.67772e+07 1.67772e+07 1.67772e+07 
2.42092e-322 2.42092e-322 2.42092e-322 2.42092e-322 
1.061e-313 1.061e-313 1.061e-313 1.061e-313 
2.07761e-316 2.07761e-316 2.07761e-316 
3.81715e-06 3.81715e-06 3.81715e-06 
-0.00588641 -0.00588641 -0.00588641 
8.69556e-322 8.69556e-322 8.69556e-322 
1.26481e-321 1.26481e-321 1.26481e-321 
2.16474e-316 2.16474e-316 2.16474e-316 
-2.98071e-228 -2.98071e-228 -2.98071e-228 
3.16202e-322 3.16202e-322 3.16202e-322 
2.15678e-316 2.15678e-316 2.15678e-316 
2.96439e-323 2.96439e-323 2.96439e-323 2.96439e-323 
3.16202e-322 3.16202e-322 3.16202e-322 3.16202e-322 
2.11096e-316 2.11096e-316 2.11096e-316 2.11096e-316 
2.09983e-316 2.09983e-316 2.09983e-316 2.09983e-316 
0 0 0 0 
4.94066e-324 4.94066e-324 4.94066e-324 4.94066e-324 
-nan -nan -nan -nan 
0 0 0 0 
-nan -nan -nan -nan 
-nan -nan -nan -nan -nan 
-nan -nan -nan -nan -nan 
4.94066e-324 4.94066e-324 4.94066e-324 4.94066e-324 4.94066e-324 
-nan -nan -nan -nan -nan 
4.94066e-324 4.94066e-324 4.94066e-324 4.94066e-324 4.94066e-324 
4.94066e-324 4.94066e-324 4.94066e-324 4.94066e-324 4.94066e-324 
-nan -nan -nan -nan -nan 
1.061e-314 1.061e-314 1.061e-314 1.061e-314 1.061e-314 
-nan -nan -nan -nan -nan 
R=8parameters: 
0.0557121 0.0557121 
0.389805 0.389805 
-0.000594174 -0.000594174 
2.28355 2.28355 
-1.96942 -1.96942 
5.03038e+175 5.03038e+175 
3.5936e+246 3.5936e+246 
2.14726e+243 2.14726e+243 
-771637 -771637 
8.74496e-322 8.74496e-322 8.74496e-322 
6.94721e-310 6.94721e-310 6.94721e-310 
6.94721e-310 6.94721e-310 6.94721e-310 
-0.000594174 -0.000594174 -0.000594174 
2.28355 2.28355 2.28355 
2.37152e-322 2.37152e-322 2.37152e-322 
6.32404e-322 6.32404e-322 6.32404e-322 
0 0 0 
0 0 0 
-0.00249286 -0.00249286 -0.00249286 -0.00249286 
0.000113805 0.000113805 0.000113805 0.000113805 
0 0 0 0 
0 0 0 0 
2.15661e-316 2.15661e-316 2.15661e-316 2.15661e-316 
0 0 0 0 
1.67772e+07 1.67772e+07 1.67772e+07 1.67772e+07 
2.42092e-322 2.42092e-322 2.42092e-322 2.42092e-322 
2.16169e-316 2.16169e-316 2.16169e-316 2.16169e-316 
2.1049e-316 2.1049e-316 2.1049e-316 
0 0 0 
0 0 0 
-1.96942 -1.96942 -1.96942 
1.26975e-321 1.26975e-321 1.26975e-321 
2.16474e-316 2.16474e-316 2.16474e-316 
-2.98071e-228 -2.98071e-228 -2.98071e-228 
3.16202e-322 3.16202e-322 3.16202e-322 
2.15678e-316 2.15678e-316 2.15678e-316 
2.96439e-323 2.96439e-323 2.96439e-323 2.96439e-323 
3.16202e-322 3.16202e-322 3.16202e-322 3.16202e-322 
2.11096e-316 2.11096e-316 2.11096e-316 2.11096e-316 
2.09983e-316 2.09983e-316 2.09983e-316 2.09983e-316 
0 0 0 0 
4.94066e-324 4.94066e-324 4.94066e-324 4.94066e-324 
-nan -nan -nan -nan 
0 0 0 0 
-nan -nan -nan -nan 
-nan -nan -nan -nan -nan 
-nan -nan -nan -nan -nan 
4.94066e-324 4.94066e-324 4.94066e-324 4.94066e-324 4.94066e-324 
-nan -nan -nan -nan -nan 
4.94066e-324 4.94066e-324 4.94066e-324 4.94066e-324 4.94066e-324 
4.94066e-324 4.94066e-324 4.94066e-324 4.94066e-324 4.94066e-324 
-nan -nan -nan -nan -nan 
1.061e-314 1.061e-314 1.061e-314 1.061e-314 1.061e-314 
-nan -nan -nan -nan -nan 
R=9parameters: 
0.0735266 0.0735266 
0.433213 0.433213 
0.000929322 0.000929322 
7.83402 7.83402 
-7.5204 -7.5204 
5.03038e+175 5.03038e+175 
3.5936e+246 3.5936e+246 
2.14726e+243 2.14726e+243 
-771637 -771637 
8.74496e-322 8.74496e-322 8.74496e-322 
6.94721e-310 6.94721e-310 6.94721e-310 
6.94721e-310 6.94721e-310 6.94721e-310 
2.32781e-05 2.32781e-05 2.32781e-05 
2.15662e-316 2.15662e-316 2.15662e-316 
-2.80705e-05 -2.80705e-05 -2.80705e-05 
2.42092e-322 2.42092e-322 2.42092e-322 
1.061e-313 1.061e-313 1.061e-313 
395.185 395.185 395.185 
1.432 1.432 1.432 1.432 
9.8938e-05 9.8938e-05 9.8938e-05 9.8938e-05 
113.087 113.087 113.087 113.087 
4.00193e-322 4.00193e-322 4.00193e-322 4.00193e-322 
2.27401e-316 2.27401e-316 2.27401e-316 2.27401e-316 
2.27409e-316 2.27409e-316 2.27409e-316 2.27409e-316 
2.27443e-316 2.27443e-316 2.27443e-316 2.27443e-316 
2.14631e-316 2.14631e-316 2.14631e-316 2.14631e-316 
2.14635e-316 2.14635e-316 2.14635e-316 2.14635e-316 
2.27419e-316 2.27419e-316 2.27419e-316 
10.4761 10.4761 10.4761 
1467.98 1467.98 1467.98 
8.69556e-322 8.69556e-322 8.69556e-322 
1.26481e-321 1.26481e-321 1.26481e-321 
2.16474e-316 2.16474e-316 2.16474e-316 
-2.98071e-228 -2.98071e-228 -2.98071e-228 
3.16202e-322 3.16202e-322 3.16202e-322 
2.15678e-316 2.15678e-316 2.15678e-316 
2.96439e-323 2.96439e-323 2.96439e-323 2.96439e-323 
3.16202e-322 3.16202e-322 3.16202e-322 3.16202e-322 
2.11096e-316 2.11096e-316 2.11096e-316 2.11096e-316 
2.09983e-316 2.09983e-316 2.09983e-316 2.09983e-316 
0 0 0 0 
4.94066e-324 4.94066e-324 4.94066e-324 4.94066e-324 
-nan -nan -nan -nan 
0 0 0 0 
-nan -nan -nan -nan 
-nan -nan -nan -nan -nan 
-nan -nan -nan -nan -nan 
4.94066e-324 4.94066e-324 4.94066e-324 4.94066e-324 4.94066e-324 
-nan -nan -nan -nan -nan 
4.94066e-324 4.94066e-324 4.94066e-324 4.94066e-324 4.94066e-324 
4.94066e-324 4.94066e-324 4.94066e-324 4.94066e-324 4.94066e-324 
-nan -nan -nan -nan -nan 
1.061e-314 1.061e-314 1.061e-314 1.061e-314 1.061e-314 
-nan -nan -nan -nan -nan 
R=10parameters: 
0.0772339 0.0772339 
0.465547 0.465547 
0.450928 0.450928 
2.9101 2.9101 
-14.8007 -14.8007 
5.03038e+175 5.03038e+175 
3.5936e+246 3.5936e+246 
2.14726e+243 2.14726e+243 
-771637 -771637 
8.74496e-322 8.74496e-322 8.74496e-322 
6.94721e-310 6.94721e-310 6.94721e-310 
2.14255e-316 2.14255e-316 2.14255e-316 
1.58101e-322 1.58101e-322 1.58101e-322 
2.37152e-322 2.37152e-322 2.37152e-322 
2.1107e-316 2.1107e-316 2.1107e-316 
4.58282e-05 4.58282e-05 4.58282e-05 
6.9472e-310 6.9472e-310 6.9472e-310 
1.71244e-316 1.71244e-316 1.71244e-316 
151.264 151.264 151.264 151.264 
2.111e-316 2.111e-316 2.111e-316 2.111e-316 
1798.6 1798.6 1798.6 1798.6 
2.1119e-316 2.1119e-316 2.1119e-316 2.1119e-316 
5547.05 5547.05 5547.05 5547.05 
3.21143e-322 3.21143e-322 3.21143e-322 3.21143e-322 
2.47033e-323 2.47033e-323 2.47033e-323 2.47033e-323 
2.14255e-316 2.14255e-316 2.14255e-316 2.14255e-316 
6936.41 6936.41 6936.41 6936.41 
2.26762e-316 2.26762e-316 2.26762e-316 
1296.22 1296.22 1296.22 
2.15329e-316 2.15329e-316 2.15329e-316 
8.69556e-322 8.69556e-322 8.69556e-322 
1.26481e-321 1.26481e-321 1.26481e-321 
2.16474e-316 2.16474e-316 2.16474e-316 
-2.98071e-228 -2.98071e-228 -2.98071e-228 
3.16202e-322 3.16202e-322 3.16202e-322 
2.15678e-316 2.15678e-316 2.15678e-316 
2.96439e-323 2.96439e-323 2.96439e-323 2.96439e-323 
3.16202e-322 3.16202e-322 3.16202e-322 3.16202e-322 
2.11096e-316 2.11096e-316 2.11096e-316 2.11096e-316 
2.09983e-316 2.09983e-316 2.09983e-316 2.09983e-316 
0 0 0 0 
4.94066e-324 4.94066e-324 4.94066e-324 4.94066e-324 
-nan -nan -nan -nan 
0 0 0 0 
-nan -nan -nan -nan 
-nan -nan -nan -nan -nan 
-nan -nan -nan -nan -nan 
4.94066e-324 4.94066e-324 4.94066e-324 4.94066e-324 4.94066e-324 
-nan -nan -nan -nan -nan 
4.94066e-324 4.94066e-324 4.94066e-324 4.94066e-324 4.94066e-324 
4.94066e-324 4.94066e-324 4.94066e-324 4.94066e-324 4.94066e-324 
-nan -nan -nan -nan -nan 
1.061e-314 1.061e-314 1.061e-314 1.061e-314 1.061e-314 
-nan -nan -nan -nan -nan 
R=11parameters: 
0.0812176 0.0812176 
0.476884 0.476884 
0.00238184 0.00238184 
44.3277 44.3277 
-43.6449 -43.6449 
5.03038e+175 5.03038e+175 
3.5936e+246 3.5936e+246 
2.14726e+243 2.14726e+243 
-771637 -771637 
8.74496e-322 8.74496e-322 8.74496e-322 
2.27674e-316 2.27674e-316 2.27674e-316 
6.94721e-310 6.94721e-310 6.94721e-310 
9.69377e-05 9.69377e-05 9.69377e-05 
0.000404607 0.000404607 0.000404607 
2.37152e-322 2.37152e-322 2.37152e-322 
0.0260787 0.0260787 0.0260787 
-0.00612101 -0.00612101 -0.00612101 
-0.00396593 -0.00396593 -0.00396593 
-0.00278656 -0.00278656 -0.00278656 -0.00278656 
1.63042e-322 1.63042e-322 1.63042e-322 1.63042e-322 
6.94719e-310 6.94719e-310 6.94719e-310 6.94719e-310 
2.122e-314 2.122e-314 2.122e-314 2.122e-314 
2.15092e-316 2.15092e-316 2.15092e-316 2.15092e-316 
3.21143e-322 3.21143e-322 3.21143e-322 3.21143e-322 
2.47033e-323 2.47033e-323 2.47033e-323 2.47033e-323 
2.15661e-316 2.15661e-316 2.15661e-316 2.15661e-316 
3.07028 3.07028 3.07028 3.07028 
2.16008e-316 2.16008e-316 2.16008e-316 
1297.66 1297.66 1297.66 
2.14398e-316 2.14398e-316 2.14398e-316 
8.69556e-322 8.69556e-322 8.69556e-322 
1.26481e-321 1.26481e-321 1.26481e-321 
2.16474e-316 2.16474e-316 2.16474e-316 
-2.98071e-228 -2.98071e-228 -2.98071e-228 
3.16202e-322 3.16202e-322 3.16202e-322 
2.15678e-316 2.15678e-316 2.15678e-316 
2.96439e-323 2.96439e-323 2.96439e-323 2.96439e-323 
3.16202e-322 3.16202e-322 3.16202e-322 3.16202e-322 
2.11096e-316 2.11096e-316 2.11096e-316 2.11096e-316 
2.09983e-316 2.09983e-316 2.09983e-316 2.09983e-316 
0 0 0 0 
4.94066e-324 4.94066e-324 4.94066e-324 4.94066e-324 
-nan -nan -nan -nan 
0 0 0 0 
-nan -nan -nan -nan 
-nan -nan -nan -nan -nan 
-nan -nan -nan -nan -nan 
4.94066e-324 4.94066e-324 4.94066e-324 4.94066e-324 4.94066e-324 
-nan -nan -nan -nan -nan 
4.94066e-324 4.94066e-324 4.94066e-324 4.94066e-324 4.94066e-324 
4.94066e-324 4.94066e-324 4.94066e-324 4.94066e-324 4.94066e-324 
-nan -nan -nan -nan -nan 
1.061e-314 1.061e-314 1.061e-314 1.061e-314 1.061e-314 
-nan -nan -nan -nan -nan 
T Models:
(* Fitting with shape 1 1 1 1 1 1 1 1 1 1 0 0 *)
G[T_,xx_]:=Exp[0+xx[[1]]*T^1+xx[[2]]*T^2]*(1)
(* Fitting with shape 1 1 1 1 1 1 1 1 1 1 1 0 *)
G[T_,xx_]:=Exp[0+xx[[1]]*T^1+xx[[2]]*T^2]*(1)
(* Fitting with shape 1 1 1 1 1 1 1 1 1 1 1 1 *)
G[T_,xx_]:=Exp[0+xx[[1]]*T^1+xx[[2]]*T^2]*(1)
(* Fitting with shape 0 1 1 1 1 1 1 1 1 1 0 0 *)
G[T_,xx_]:=Exp[0+xx[[1]]*T^1+xx[[2]]*T^2]*(1)
(* Fitting with shape 0 1 1 1 1 1 1 1 1 1 1 0 *)
G[T_,xx_]:=Exp[0+xx[[1]]*T^1+xx[[2]]*T^2]*(1)
(* Fitting with shape 0 1 1 1 1 1 1 1 1 1 1 1 *)
G[T_,xx_]:=Exp[0+xx[[1]]*T^1+xx[[2]]*T^2]*(1)
(* Fitting with shape 0 0 1 1 1 1 1 1 1 1 0 0 *)
G[T_,xx_]:=Exp[0+xx[[1]]*T^1+xx[[2]]*T^2]*(1)
(* Fitting with shape 0 0 1 1 1 1 1 1 1 1 1 0 *)
G[T_,xx_]:=Exp[0+xx[[1]]*T^1+xx[[2]]*T^2]*(1)
(* Fitting with shape 0 0 1 1 1 1 1 1 1 1 1 1 *)
G[T_,xx_]:=Exp[0+xx[[1]]*T^1+xx[[2]]*T^2]*(1)
(* Fitting with shape 1 1 1 1 1 1 1 1 1 1 0 0 *)
G[T_,xx_]:=Exp[0+xx[[1]]*T^1+xx[[2]]*T^2]*(1+xx[[3]]/(T^1))
(* Fitting with shape 1 1 1 1 1 1 1 1 1 1 1 0 *)
G[T_,xx_]:=Exp[0+xx[[1]]*T^1+xx[[2]]*T^2]*(1+xx[[3]]/(T^1))
(* Fitting with shape 1 1 1 1 1 1 1 1 1 1 1 1 *)
G[T_,xx_]:=Exp[0+xx[[1]]*T^1+xx[[2]]*T^2]*(1+xx[[3]]/(T^1))
(* Fitting with shape 0 1 1 1 1 1 1 1 1 1 0 0 *)
G[T_,xx_]:=Exp[0+xx[[1]]*T^1+xx[[2]]*T^2]*(1+xx[[3]]/(T^1))
(* Fitting with shape 0 1 1 1 1 1 1 1 1 1 1 0 *)
G[T_,xx_]:=Exp[0+xx[[1]]*T^1+xx[[2]]*T^2]*(1+xx[[3]]/(T^1))
(* Fitting with shape 0 1 1 1 1 1 1 1 1 1 1 1 *)
G[T_,xx_]:=Exp[0+xx[[1]]*T^1+xx[[2]]*T^2]*(1+xx[[3]]/(T^1))
(* Fitting with shape 0 0 1 1 1 1 1 1 1 1 0 0 *)
G[T_,xx_]:=Exp[0+xx[[1]]*T^1+xx[[2]]*T^2]*(1+xx[[3]]/(T^1))
(* Fitting with shape 0 0 1 1 1 1 1 1 1 1 1 0 *)
G[T_,xx_]:=Exp[0+xx[[1]]*T^1+xx[[2]]*T^2]*(1+xx[[3]]/(T^1))
(* Fitting with shape 0 0 1 1 1 1 1 1 1 1 1 1 *)
G[T_,xx_]:=Exp[0+xx[[1]]*T^1+xx[[2]]*T^2]*(1+xx[[3]]/(T^1))
(* Fitting with shape 1 1 1 1 1 1 1 1 1 1 0 0 *)
G[T_,xx_]:=Exp[0+xx[[1]]*T^1+xx[[2]]*T^2]*(1+xx[[3]]/(T^1)+xx[[4]]/(T^2))
(* Fitting with shape 1 1 1 1 1 1 1 1 1 1 1 0 *)
G[T_,xx_]:=Exp[0+xx[[1]]*T^1+xx[[2]]*T^2]*(1+xx[[3]]/(T^1)+xx[[4]]/(T^2))
(* Fitting with shape 1 1 1 1 1 1 1 1 1 1 1 1 *)
G[T_,xx_]:=Exp[0+xx[[1]]*T^1+xx[[2]]*T^2]*(1+xx[[3]]/(T^1)+xx[[4]]/(T^2))
(* Fitting with shape 0 1 1 1 1 1 1 1 1 1 0 0 *)
G[T_,xx_]:=Exp[0+xx[[1]]*T^1+xx[[2]]*T^2]*(1+xx[[3]]/(T^1)+xx[[4]]/(T^2))
(* Fitting with shape 0 1 1 1 1 1 1 1 1 1 1 0 *)
G[T_,xx_]:=Exp[0+xx[[1]]*T^1+xx[[2]]*T^2]*(1+xx[[3]]/(T^1)+xx[[4]]/(T^2))
(* Fitting with shape 0 1 1 1 1 1 1 1 1 1 1 1 *)
G[T_,xx_]:=Exp[0+xx[[1]]*T^1+xx[[2]]*T^2]*(1+xx[[3]]/(T^1)+xx[[4]]/(T^2))
(* Fitting with shape 0 0 1 1 1 1 1 1 1 1 0 0 *)
G[T_,xx_]:=Exp[0+xx[[1]]*T^1+xx[[2]]*T^2]*(1+xx[[3]]/(T^1)+xx[[4]]/(T^2))
(* Fitting with shape 0 0 1 1 1 1 1 1 1 1 1 0 *)
G[T_,xx_]:=Exp[0+xx[[1]]*T^1+xx[[2]]*T^2]*(1+xx[[3]]/(T^1)+xx[[4]]/(T^2))
(* Fitting with shape 0 0 1 1 1 1 1 1 1 1 1 1 *)
G[T_,xx_]:=Exp[0+xx[[1]]*T^1+xx[[2]]*T^2]*(1+xx[[3]]/(T^1)+xx[[4]]/(T^2))
(* Fitting with shape 1 1 1 1 1 1 1 1 1 1 0 0 *)
G[T_,xx_]:=Exp[0+xx[[1]]*T^1+xx[[2]]*T^2+xx[[3]]*T^3]*(1)
(* Fitting with shape 1 1 1 1 1 1 1 1 1 1 1 0 *)
G[T_,xx_]:=Exp[0+xx[[1]]*T^1+xx[[2]]*T^2+xx[[3]]*T^3]*(1)
(* Fitting with shape 1 1 1 1 1 1 1 1 1 1 1 1 *)
G[T_,xx_]:=Exp[0+xx[[1]]*T^1+xx[[2]]*T^2+xx[[3]]*T^3]*(1)
(* Fitting with shape 0 1 1 1 1 1 1 1 1 1 0 0 *)
G[T_,xx_]:=Exp[0+xx[[1]]*T^1+xx[[2]]*T^2+xx[[3]]*T^3]*(1)
(* Fitting with shape 0 1 1 1 1 1 1 1 1 1 1 0 *)
G[T_,xx_]:=Exp[0+xx[[1]]*T^1+xx[[2]]*T^2+xx[[3]]*T^3]*(1)
(* Fitting with shape 0 1 1 1 1 1 1 1 1 1 1 1 *)
G[T_,xx_]:=Exp[0+xx[[1]]*T^1+xx[[2]]*T^2+xx[[3]]*T^3]*(1)
(* Fitting with shape 0 0 1 1 1 1 1 1 1 1 0 0 *)
G[T_,xx_]:=Exp[0+xx[[1]]*T^1+xx[[2]]*T^2+xx[[3]]*T^3]*(1)
(* Fitting with shape 0 0 1 1 1 1 1 1 1 1 1 0 *)
G[T_,xx_]:=Exp[0+xx[[1]]*T^1+xx[[2]]*T^2+xx[[3]]*T^3]*(1)
(* Fitting with shape 0 0 1 1 1 1 1 1 1 1 1 1 *)
G[T_,xx_]:=Exp[0+xx[[1]]*T^1+xx[[2]]*T^2+xx[[3]]*T^3]*(1)
(* Fitting with shape 1 1 1 1 1 1 1 1 1 1 0 0 *)
G[T_,xx_]:=Exp[0+xx[[1]]*T^1+xx[[2]]*T^2+xx[[3]]*T^3]*(1+xx[[4]]/(T^1))
(* Fitting with shape 1 1 1 1 1 1 1 1 1 1 1 0 *)
G[T_,xx_]:=Exp[0+xx[[1]]*T^1+xx[[2]]*T^2+xx[[3]]*T^3]*(1+xx[[4]]/(T^1))
(* Fitting with shape 1 1 1 1 1 1 1 1 1 1 1 1 *)
G[T_,xx_]:=Exp[0+xx[[1]]*T^1+xx[[2]]*T^2+xx[[3]]*T^3]*(1+xx[[4]]/(T^1))
(* Fitting with shape 0 1 1 1 1 1 1 1 1 1 0 0 *)
G[T_,xx_]:=Exp[0+xx[[1]]*T^1+xx[[2]]*T^2+xx[[3]]*T^3]*(1+xx[[4]]/(T^1))
(* Fitting with shape 0 1 1 1 1 1 1 1 1 1 1 0 *)
G[T_,xx_]:=Exp[0+xx[[1]]*T^1+xx[[2]]*T^2+xx[[3]]*T^3]*(1+xx[[4]]/(T^1))
(* Fitting with shape 0 1 1 1 1 1 1 1 1 1 1 1 *)
G[T_,xx_]:=Exp[0+xx[[1]]*T^1+xx[[2]]*T^2+xx[[3]]*T^3]*(1+xx[[4]]/(T^1))
(* Fitting with shape 0 0 1 1 1 1 1 1 1 1 0 0 *)
G[T_,xx_]:=Exp[0+xx[[1]]*T^1+xx[[2]]*T^2+xx[[3]]*T^3]*(1+xx[[4]]/(T^1))
(* Fitting with shape 0 0 1 1 1 1 1 1 1 1 1 0 *)
G[T_,xx_]:=Exp[0+xx[[1]]*T^1+xx[[2]]*T^2+xx[[3]]*T^3]*(1+xx[[4]]/(T^1))
(* Fitting with shape 0 0 1 1 1 1 1 1 1 1 1 1 *)
G[T_,xx_]:=Exp[0+xx[[1]]*T^1+xx[[2]]*T^2+xx[[3]]*T^3]*(1+xx[[4]]/(T^1))
(* Fitting with shape 1 1 1 1 1 1 1 1 1 1 0 0 *)
G[T_,xx_]:=Exp[0+xx[[1]]*T^1+xx[[2]]*T^2+xx[[3]]*T^3]*(1+xx[[4]]/(T^1)+xx[[5]]/(T^2))
(* Fitting with shape 1 1 1 1 1 1 1 1 1 1 1 0 *)
G[T_,xx_]:=Exp[0+xx[[1]]*T^1+xx[[2]]*T^2+xx[[3]]*T^3]*(1+xx[[4]]/(T^1)+xx[[5]]/(T^2))
(* Fitting with shape 1 1 1 1 1 1 1 1 1 1 1 1 *)
G[T_,xx_]:=Exp[0+xx[[1]]*T^1+xx[[2]]*T^2+xx[[3]]*T^3]*(1+xx[[4]]/(T^1)+xx[[5]]/(T^2))
(* Fitting with shape 0 1 1 1 1 1 1 1 1 1 0 0 *)
G[T_,xx_]:=Exp[0+xx[[1]]*T^1+xx[[2]]*T^2+xx[[3]]*T^3]*(1+xx[[4]]/(T^1)+xx[[5]]/(T^2))
(* Fitting with shape 0 1 1 1 1 1 1 1 1 1 1 0 *)
G[T_,xx_]:=Exp[0+xx[[1]]*T^1+xx[[2]]*T^2+xx[[3]]*T^3]*(1+xx[[4]]/(T^1)+xx[[5]]/(T^2))
(* Fitting with shape 0 1 1 1 1 1 1 1 1 1 1 1 *)
G[T_,xx_]:=Exp[0+xx[[1]]*T^1+xx[[2]]*T^2+xx[[3]]*T^3]*(1+xx[[4]]/(T^1)+xx[[5]]/(T^2))
(* Fitting with shape 0 0 1 1 1 1 1 1 1 1 0 0 *)
G[T_,xx_]:=Exp[0+xx[[1]]*T^1+xx[[2]]*T^2+xx[[3]]*T^3]*(1+xx[[4]]/(T^1)+xx[[5]]/(T^2))
(* Fitting with shape 0 0 1 1 1 1 1 1 1 1 1 0 *)
G[T_,xx_]:=Exp[0+xx[[1]]*T^1+xx[[2]]*T^2+xx[[3]]*T^3]*(1+xx[[4]]/(T^1)+xx[[5]]/(T^2))
(* Fitting with shape 0 0 1 1 1 1 1 1 1 1 1 1 *)
G[T_,xx_]:=Exp[0+xx[[1]]*T^1+xx[[2]]*T^2+xx[[3]]*T^3]*(1+xx[[4]]/(T^1)+xx[[5]]/(T^2))
Probabilities: 
        0         0         0         0         0         0         0         0         0         0         0         0         0         0         0         0         0         0         0         0         0         0         0         0  0.617253         0         0         0         0         0         0         0         0         0         0         0         0         0         0         0         0         0         0         0         0         0         0         0         0         0         0  0.382747         0         0
        0         0         0         0         0         0         0         0         0         0         0         0         0         0         0         0         0         0         0         0         0         0         0         0  0.292216         0         0         0         0         0         0         0         0         0         0         0         0         0         0         0         0         0         0         0         0         0         0         0         0         0         0  0.707784         0         0
        0         0         0         0         0         0         0         0         0         0         0         0         0         0         0         0         0         0         0         0         0         0         0         0  0.600112         0         0         0         0         0         0         0         0         0         0         0         0         0         0         0         0         0  0.399888         0         0         0         0         0         0         0         0         0         0         0
        0         0         0         0         0         0         0         0         0         0         0         0         0         0         0         0         0         0         0         0         0         0         0         0  0.377014         0         0         0         0         0         0         0         0         0         0         0         0         0         0         0         0         0  0.371766         0         0         0         0         0         0         0         0   0.25122         0         0
        0         0         0         0         0         0         0         0         0         0         0         0         0         0         0         0         0         0         0         0         0         0         0         0  0.442387         0         0         0         0         0         0         0         0         0         0         0         0         0         0         0         0         0  0.557613         0         0         0         0         0         0         0         0         0         0         0
        0         0         0         0         0         0         0         0         0         0         0         0         0         0         0         1         0         0         0         0         0         0         0         0         0         0         0         0         0         0         0         0         0         0         0         0         0         0         0         0         0         0         0         0         0         0         0         0         0         0         0         0         0         0
        0         0         0         0         0         0         0         0         0         0         0         0         0         0         0         0         0         0         0         0         0         0         0         0         1         0         0         0         0         0         0         0         0         0         0         0         0         0         0         0         0         0         0         0         0         0         0         0         0         0         0         0         0         0
        0         0         0         0         0         0         0         0         0         0         0         0         0         0         0         0         0         0         0         0         0         0         0         0  0.715663         0         0         0         0         0         0         0         0         0         0         0         0         0         0         0         0         0         0         0         0         0         0         0         0         0         0  0.284337         0         0
        0         0         0         0         0         0         0         0         0         0         0         0         0         0         0         0         0         0         0         0         0         0         0         0  0.457348         0         0         0         0         0         0         0         0         0         0         0         0         0         0         0         0         0  0.363313         0         0         0         0         0         0         0         0  0.179339         0         0
        0         0         0         0         0         0         0         0         0         0         0         0         0         0         0         0         0         0         0         0         0         0         0         0         1         0         0         0         0         0         0         0         0         0         0         0         0         0         0         0         0         0         0         0         0         0         0         0         0         0         0         0         0         0
        0         0         0         0         0         0         0         0         0         0         0         0         0         0         0         0         0         0         0         0         0         0         0         0  0.477618         0         0         0         0         0         0         0         0         0         0         0         0         0         0         0         0         0  0.346493         0         0         0         0         0         0         0         0  0.175889         0         0
        0         0         0         0         0         0         0         0         0         0         0         0         0         0         0 0.0581362         0         0         0         0         0         0         0         0   0.68817         0         0         0         0         0         0         0         0         0         0         0         0         0         0         0         0         0         0         0         0         0         0         0         0         0         0  0.253693         0         0

Values: 
 0.0800022  0.0800105  0.0799841  0.0798326  0.0798438   0.079822  0.0792223  0.0792436  0.0792179  0.0784721  0.0784806   0.078455   0.077753   0.460707  0.0567598  0.0773946   0.077383  0.0773676  0.0773671  0.0773615  0.0773446   0.077075  0.0770714  0.0770574  0.0769943  0.0770065   0.440879   0.679979  0.0831333   0.994531    1.22437    1.15779    1.16458     1.2726 -0.0243297    1.30956  0.0266269    0.86441  0.0801209  0.0792583  0.0789462  0.0788902  0.0785536  0.0782863   0.078238   0.972122          1   0.978266   0.825149  0.0774004   0.710079  0.0772352    1.02193  0.0772154
  0.127376   0.127254   0.127199   0.175008   0.185857   0.126431   0.125128   0.125015    0.12495   0.123505   0.123418   0.123332   0.720752   0.737016   0.121854   0.121325   0.235634   0.121159   0.121216   0.121167   0.121075   0.565623   0.365298   0.754796   0.120321   0.120367   0.120292   0.296792   0.136466    1.02723     1.2064   0.130986   0.133175    1.32613   0.131394    1.07298   0.875762   0.860739   0.969167   0.773277   0.960812   0.125097   0.932955   0.123874    3.30979   0.967491   0.967953          1   0.122733   0.121852   0.856419   0.122342   0.120689   0.121204
  0.164668   0.163711   0.163695   0.162517   0.886776   0.481373   0.192791   0.255386    0.16629   0.156877   0.156298   0.156236   0.641265   0.705558   0.775524   0.153006   0.152745   0.152632   0.152835   0.152614   0.152524   0.158015   0.151646   0.151537   0.151274   0.151314    0.15119   0.181334   0.991207   0.990749    1.13963    1.33287    1.19902     1.1693    1.04949    1.08212   0.976788   0.861231   0.976527   0.935164   0.908134   0.930932   0.158789    0.15778   0.157538          1          1   0.157006   0.155459   0.154308   0.936687    1.35432   0.152716    1.08162
  0.198267   0.196402   0.196253   0.619376   0.193217   0.193016   0.190621   0.293153   0.188972   0.186536   0.185464   0.185166   0.182585   0.181868   0.181574   0.180652    0.18012   0.179833   0.180369     0.1799    0.17964   0.178617   0.170179   0.178113    0.17792   0.265958   0.494547          1          1          1    1.18358    1.17581    1.27863   0.987773    1.28853    1.28775   0.958361   0.937344   0.975159   0.579957   0.847634   0.975152    0.18951   0.188163   0.188137          1          1          1    0.94214    0.18311   0.183962   0.183861    0.18146   0.183846
  0.232089   0.230374   0.230084   0.227066   0.671305   0.679957   0.245088   0.297307   0.218778   0.215554   0.214044   0.213635   0.209522   0.208416    0.20798   0.206684   0.205835   0.205366   0.206269   0.205461   0.205044   0.203543   0.203001   0.202515   0.202128    0.20174   0.201114   0.579466    1.08053    1.09242     1.1144    1.12938    1.13014    1.01726    1.02256    1.02273    0.23826   0.935978   0.927199   0.637163   0.224701   0.224026   0.221356   0.990496   0.219564          1          1          1   0.199981   0.213175   0.214286   0.360339    1.15408   0.213496
  0.267182   0.265475   0.265124   0.645627   0.647592   0.664213   0.251698   0.249685   0.270632     0.2448   0.243009   0.242464          1   0.235145   0.234509   0.232646    0.23136   0.426106   0.232144   0.230868    0.23023    0.22799   0.254088   0.226181   0.841358   0.224537   0.589109    1.08134     1.1035   0.308153    1.13765    1.13373    1.13142    1.02176    1.02546     1.3394    0.97514   0.960483   0.975523   0.840259   0.259063    0.99591   0.998503   0.252785    1.23683          1          1          1   0.691574   0.523737   0.245011    0.97236   0.240781   0.656036
  0.304938    0.30393   0.303254    0.29403   0.423874   0.291982   0.315823   0.281945   0.281083   0.275533   0.273945   0.273067   0.264938   0.454177   0.262169   0.259545    0.25774   0.530794   0.258887   0.257128   0.256263    0.32721   0.329145   0.316481   0.248405   0.530117   0.245876    1.05504   0.433281    1.05802   0.345683    1.21942    1.32151    1.07831     1.3237     1.0067    0.97169   0.971808   0.971718   0.931536   0.803661    1.39169   0.666718   0.290006   0.690092   0.943484   0.943246          1   -1.06354   0.843126    1.21396   0.804757   0.275708   0.269524
  0.344621    0.34425   0.343316   0.484989   0.636668   0.577824   0.330375   0.315603   0.314627   0.307959   0.307092   0.306141   0.294748   0.623861    0.29214   0.287942   0.441602   0.436997   0.287196   0.285538   0.284591   0.362881   0.277186   0.276239   0.270761   0.269343   0.269251    1.09506    1.12714    1.12161    1.10625    1.10465    1.10699    1.00626    1.00528    1.02533   0.932642    0.92878   0.923008    0.96201   0.931966   0.921128   0.938218    1.22964   0.323589   0.942925   0.918038   0.941578   -1.02925   0.320033    1.27328    0.29381    1.14981    0.28636
  0.389869   0.389805   0.389254   0.437665   0.368274   0.367656   0.396322   0.394213   0.350759   0.342732   0.342322   0.341582   0.528635   0.517345   0.537321   0.510159   0.317317   0.316305   0.317889   0.316828   0.315926   0.509182   0.305667   0.487905   0.290264   0.292482   0.305367    1.11975   0.508145    1.12028    1.26787    1.26187    1.30023   0.995926    1.16463    1.27799   0.935625   0.924958   0.922103   0.378964   0.756814   0.893178   0.382446   0.757083   0.363168   0.941636   0.938773   0.937249   0.381881   0.934014   0.918787   0.326774     0.2817   0.264738
   0.43326   0.433213   0.433033   0.405594   0.405458    0.40518   0.386846   0.386392   0.386115   0.377684   0.377367   0.376959   0.360615    0.35985   0.359324    0.35275   0.351969   0.351125   0.351758    0.35104   0.350423   0.340301   0.340229    0.33959   0.316791   0.320857   0.323123    1.09764    1.09072    1.08865    1.09559    1.09516    1.09553    1.02483    1.03611    1.32767   0.966854   0.972978   0.973972   0.411958   0.406278    0.40225   0.817588   0.904451    1.19005   0.402795   0.395604    0.39077   0.965034   0.410219    1.01795     1.2128    2.17331   0.945294
  0.465402   0.465547   0.465505   0.433194    0.43316     0.4331   0.413295   0.413165   0.413143    0.40462   0.404554   0.404422   0.388068   0.387911   0.387749   0.526694   0.382086   0.381582   0.380198   0.380171   0.379908   0.371474   0.372864    0.37146   0.341709   0.348862   0.350931    1.29595    1.26459    1.25789    1.14067    1.12954    1.11662    1.08311   -20.6827   0.994527   0.939141   0.931965    0.93364   0.433172    1.02875   0.424239   0.459298     1.2135   0.931728   0.891796    0.89145   0.891362   0.475702   0.442297    0.76667   0.352645   0.983022   0.261061
  0.476549   0.476884    0.47689   0.443194   0.443173   0.443141   0.423431   0.423393   0.423346   0.414944   0.414926   0.414847   0.399415   0.399335   0.399208   0.395037   0.395028   0.394783          1   0.392432   0.392279   0.386401   0.573036   0.386726   0.357288   0.363967   0.367621    1.17343   0.537835    1.26266    1.11351    1.20034    1.11308    1.05909    1.34636    1.07136   0.927912   0.904186   0.906096   0.921709   0.431098   0.428387    1.34919   0.802282     1.7395   0.277927   0.892643   0.893038   0.621191     1.1502   0.436201   0.318752  -0.741056   0.796585

Errors: 
  1.802e-05 1.80246e-05 1.80918e-05 1.79217e-05  1.7932e-05 1.79668e-05 1.81034e-05 1.81049e-05 1.81346e-05  1.8486e-05 1.85005e-05 1.84513e-05 2.00595e-05    0.291511           1 2.23053e-05 2.22861e-05  2.1998e-05 2.16139e-05 2.16701e-05 2.13637e-05 2.60086e-05 2.55152e-05 2.50905e-05 3.11185e-05 2.85662e-05 0.000934151           0 2.26947e-05           0           0           0           0           1           1           1 6.33411e-05    0.539561 2.75758e-05 4.44656e-05 3.68941e-05 3.55864e-05 6.60089e-05 5.20156e-05 5.06092e-05 3.68337e-05  0.00146658 0.000723885 7.85424e-05 8.72954e-05 1.03493e-06 0.000236951      1.1507 0.000126428
5.34729e-05 5.35662e-05 5.39496e-05           0           0 5.32223e-05 5.31763e-05 5.29641e-05 5.35017e-05 5.47721e-05 5.44453e-05 5.44526e-05           0           0 5.85862e-05  6.6093e-05           0 6.29932e-05 6.47941e-05 6.38477e-05 6.22602e-05           0           0           0 0.000104386 9.42179e-05 8.67632e-05           0 7.62044e-05           0           0           1 7.45877e-05     1.00003 9.21445e-05     1.00045           0           0           0           1     1.00001 0.000126655     1.00042 0.000220266   0.0325029  0.00228554  0.00227302  0.00509383 0.000480471 0.000371769  0.00029921  0.00102792 0.000678243  0.00051855
0.000103807 0.000101025 0.000101543 0.000102442           0           0           0           0           0 0.000108979 0.000103981 0.000104288           0           0           0 0.000141097 0.000128992 0.000127042  0.00013692 0.000125287 0.000124372           0 0.000158112   0.0001535 0.000242352 0.000193182 0.000179771 0.000162516           0           0           0     1.00002           0     1.00139      1.0038     1.00457           0           0           0           0           0           0 0.000659664 0.000538071 0.000473028  0.00978743    0.010856 0.000405619  0.00120479 0.000941814     1.00001  0.00111558  0.00184796 4.24336e-05
0.000171896 0.000167119 0.000168968           0 0.000163118 0.000167388 0.000174115           0 0.000163248 0.000182959 0.000169463 0.000169851 0.000212587 0.000191472 0.000187557 0.000260813 0.000224459 0.000214829 0.000243651 0.000215461  0.00021216 0.000350763           0 0.000267548 0.000491099           0           0           0           0           0           0           0           0           0     1.00026     1.00024           0           0           0           1     1.00068     1.00008   0.0013466  0.00106423 0.000928245   0.0169199   0.0171076   0.0182386     1.00004  0.00189841  0.00161021   0.0049171  0.00363786   0.0028177
0.000263211 0.000260954  0.00026094 0.000258751           0           0           0           0 0.000258895 0.000289452 0.000277412 0.000276181  0.00034671 0.000320394 0.000311772 0.000420719 0.000375359 0.000366649 0.000414146 0.000363579 0.000354678 0.000600966 0.000501315 0.000472424 0.000889614 0.000712909   0.0006417           0           0           0           0           0           0           0           0           0 0.000782543           0           0           1  0.00116774   0.0010442  0.00253468     1.09906    0.001672   0.0239415   0.0247218   0.0245037    0.948873  0.00349943  0.00285254   0.0087488 0.000504865  0.00502986
0.000394593 0.000390377 0.000388868           0           0           0 0.000401547 0.000387506           0 0.000435753 0.000421215 0.000413377           0 0.000499152 0.000488542 0.000694829 0.000622138           0 0.000663325 0.000587691 0.000568126  0.00100713           0 0.000775917           0  0.00130245           0           0           0 0.000697265           0           0           0           0           0     1.00095           0           0           0       1.001  0.00191438           1           0  0.00335989           1   0.0279756   0.0282035    0.027317  0.00291445   0.0161276  0.00468297     1.03059  0.00995383   0.0179336
0.000589022 0.000592193 0.000592928 0.000564392           0 0.000566546           0 0.000582854  0.00057748 0.000638883 0.000633218 0.000625041 0.000811736           0 0.000743442  0.00109585   0.0009655           0  0.00102229  0.00092801 0.000892014           0           0           0  0.00274269           0  0.00205392           0           0           0  0.00133449     1.00707     1.00058     1.03504     1.00144           0           0           0           0           0           1           1     1.00001  0.00561667     1.00002  0.00688339  0.00701627   0.0323042  0.00306521   0.0018846 0.000863128     1.00028   0.0146023   0.0125963
          0           0 0.000841999           1           0           0           0 0.000833515 0.000819042 0.000897168 0.000897752 0.000881461  0.00121274           0  0.00113584  0.00167049           0           0  0.00156654  0.00147068   0.0014098           0  0.00241428  0.00225158  0.00493345  0.00409358  0.00368827           0           0           0           0           0           0           0           0           0           0           0           0     1.00456     1.00003      1.0039           0     1.00117  0.00706748  0.00916052   0.0040288    0.009304  0.00453111   0.0134532 0.000541401    0.022164 2.46048e-05   0.0176333
 0.00123754  0.00124236  0.00124114           0  0.00114391   0.0011275           0           0  0.00119627  0.00126863  0.00127854  0.00125929           0           0           0           0  0.00238119   0.0022702  0.00231519  0.00220479  0.00215033           0  0.00389514           0  0.00791892  0.00736955   0.0014005           0           1           0           0           0           0           0     1.00795     1.00198           0           0           0  0.00792359     1.00018     1.00723    0.014638     1.00015   0.0107904   0.0106839   0.0106561   0.0103065   0.0201087  0.00498518   0.0028787    0.026588   0.0233797   0.0206903
 0.00164497  0.00164379           0  0.00148865  0.00151012  0.00151704  0.00166011  0.00167754  0.00167305  0.00172698  0.00173179  0.00166375  0.00247744  0.00243915    0.002389  0.00353745  0.00337279  0.00328706   0.0032305  0.00308535  0.00308266  0.00593218  0.00547763  0.00485651   0.0134636    0.010527  0.00866295           0           0           0           0           0           0           0     1.60423     1.00253           0           0           0    0.010865  0.00959404  0.00859467      1.0001     1.52266     1.08957   0.0139511   0.0125771   0.0111462    0.790157   0.0230408 0.000875703  0.00071261           1   0.0138485
 0.00196749           0           0  0.00184816  0.00184834   0.0018596  0.00211521  0.00208832  0.00207983  0.00213578  0.00214345    0.002139  0.00309674  0.00308589   0.0030855           0  0.00441133  0.00428154  0.00396905  0.00391254  0.00382051  0.00733469  0.00231037  0.00677918   0.0127753    0.014252   0.0117308           0           0           0           0           0           0     1.07438           0           0           0           0           0   0.0134179     1.00212   0.0112682   0.0248898     1.00146     1.38693  0.00288309  0.00276372  0.00276516   0.0285574   0.0271577   0.0943421   0.0303596     1.00363   0.0152515
          0           0  0.00207929  0.00197904  0.00198102  0.00198118  0.00225583  0.00225989  0.00220983  0.00230421  0.00229932  0.00229479  0.00333367  0.00336503  0.00332604  0.00472962  0.00463798  0.00470807           0  0.00423397  0.00415935  0.00765379           0  0.00725146   0.0186256   0.0154835   0.0130847           0  0.00293821           0           0     1.00018           0           0     1.00302           0           0           0           0     1.01442    0.013387   0.0122393     1.00001   0.0731282     1.00041   0.0047216  0.00270906   0.0026774  0.00078056     1.00002   0.0262137   0.0269783   0.0215898  0.00176383

Statuses: 
0 0 0 0 0 0 0 0 0 0 0 0 0 3 3 0 0 0 0 0 0 0 0 0 0 0 3 3 0 3 3 3 3 3 3 3 3 3 0 0 0 0 0 0 0 3 3 3 3 0 3 0 3 0
0 0 0 3 3 0 0 0 0 0 0 0 3 3 0 0 3 0 0 0 0 3 3 3 0 0 0 3 0 3 3 3 0 3 0 3 3 3 3 3 3 0 3 0 3 3 3 3 0 0 3 0 0 0
0 0 0 0 3 3 3 3 3 0 0 0 3 3 3 0 0 0 0 0 0 3 0 0 0 0 0 0 3 3 3 3 3 3 3 3 3 3 3 3 3 3 0 0 0 3 3 0 0 0 3 3 0 3
0 0 0 3 0 0 0 3 0 0 0 0 0 0 0 0 0 0 0 0 0 0 3 0 0 3 3 3 3 3 3 3 3 3 3 3 3 3 3 3 3 3 0 0 0 3 3 3 3 0 0 0 0 0
0 0 0 0 3 3 3 3 0 0 0 0 0 0 0 0 0 0 0 0 0 0 0 0 0 0 0 3 3 3 3 3 3 3 3 3 0 3 3 3 0 0 0 3 0 3 3 3 3 0 0 3 3 0
0 0 0 3 3 3 0 0 3 0 0 0 3 0 0 0 0 3 0 0 0 0 3 0 3 0 3 3 3 0 3 3 3 3 3 3 3 3 3 3 0 3 3 0 3 3 3 3 3 3 0 3 0 3
0 0 0 0 3 0 3 0 0 0 0 0 0 3 0 0 0 3 0 0 0 3 3 3 0 3 0 3 3 3 0 3 3 3 3 3 3 3 3 3 3 3 3 0 3 3 3 3 0 3 3 3 0 0
2 2 0 3 3 3 3 0 0 0 0 0 0 3 0 0 3 3 0 0 0 3 0 0 0 0 0 3 3 3 3 3 3 3 3 3 3 3 3 3 3 3 3 3 0 3 3 3 0 0 3 0 3 0
0 0 0 3 0 0 3 3 0 0 0 0 3 3 3 3 0 0 0 0 0 3 0 3 0 0 0 3 3 3 3 3 3 3 3 3 3 3 3 0 3 3 0 3 0 3 3 3 0 3 3 0 0 0
0 0 2 0 0 0 0 0 0 0 0 0 0 0 0 0 0 0 0 0 0 0 0 0 0 0 0 3 3 3 3 3 3 3 3 3 3 3 3 0 0 0 3 3 3 0 0 0 3 0 3 3 3 3
0 2 2 0 0 0 0 0 0 0 0 0 0 0 0 3 0 0 0 0 0 0 0 0 0 0 0 3 3 3 3 3 3 3 3 3 3 3 3 0 3 0 0 3 3 3 3 3 0 0 3 0 3 0
2 2 0 0 0 0 0 0 0 0 0 0 0 0 0 0 0 0 3 0 0 0 3 0 0 0 0 3 0 3 3 3 3 3 3 3 3 3 3 3 0 0 3 3 3 3 3 3 3 3 0 0 0 3
chisq per dof: 
74.2199 66.2161 62.8022 46.8115 41.3618 38.3162 23.0119 20.6348 19.0834  10.912 9.91298 9.14259 3.47394  110845 19976.2 2.13528 2.02319 1.89525 2.18157 2.06127 1.95828 1.84436 1.70422 1.61271 2.00931 1.80939 67991.1  113643 29.5437  150347  177110  143949  133490  190051 55217.2  149949 23316.7  149790 4.48335 2.14048 2.13788 2.00843 2.06629 1.91244 1.77327  257797  219730  193822  178530  2.0232  202210 2.67665  253047 2.01738
37.4828 34.1262 31.5298 2394.99 2176.92 19.3239 10.9973 10.1374 10.3008 5.70909 5.28643 5.15374 11987.6 10362.9 2.23372 1.83052 1859.86 1.65615 1.88144 1.77186 1.73529 14045.8 9611.91 11055.5  2.0122  1.8112 1.68076 9095.71    12.5 9520.57 14157.9 1429.88 6.96636 15046.2 3.20399 12235.8 13716.1 11684.4 11117.4 10253.8 15593.3 1.71228 20327.6 1.84288 11700.4 20398.7 17038.8 15350.4 2.25592 2.01618 12358.8 2.67414 2.26363 2.01253
22.6034 21.3396 19.4557 13.0852 2099.22 1444.97 95.0689 428.689 24.3383 3.77423 3.70162 3.51294 2622.18 2348.15 2143.18 1.71898  1.6223 1.55568 1.78871 1.69178  1.6346 70.5335 1.68299 1.59182 2.00964 1.80781 1.67803 7.18302 3030.42 2750.56 3608.14 2983.11 2785.29 3760.51 3159.64 2772.71 3282.25  2692.2 2551.37  4330.8 3658.89 3181.64 2.01106 1.81827 1.68296 4841.73 4089.61 1.73312 2.25654 2.00838 3711.27 4683.31  2.2588 2756.26
15.5827  15.358 14.3806 704.674 8.87842 8.58882 4.44567  164.53 4.46751 2.92548 2.91904 2.89101 1.75696 1.71328 1.67363 1.66605 1.57571  1.5159 1.73458 1.64651 1.58495 1.81061 55.1243 1.58798  2.0062 376.893 474.324 1231.58  1093.6 981.684 1162.97 1025.27 928.519 1318.17  1018.6 909.867 1130.24 963.983 907.936 1415.86 1284.75 1117.51 2.00625 1.80861 1.67384 1737.78 1469.95 1273.05 1911.73  2.0042 1.83765 2.67217 2.25482 2.00517
 10.907 10.6849 9.84374 6.16346  263.02 235.514  39.555 73.0652 3.49996 2.48033 2.55248 2.50154 1.69166 1.64895 1.61134 1.65399 1.56274 1.50697 1.72291 1.63619 1.57619 1.81235  1.6798 1.59101 2.00773 1.80682 1.67679 218.241 389.138 302.639 558.254 478.879 419.217 570.648 479.069 410.813 1.80643 423.745  350.35 637.683 1.68497 1.58878 2.00692 574.868 1.67281 786.742 658.074 564.249 712.343 2.00504 1.83786 829.505 447.766 2.00539
8.26882 7.87658 7.30753 140.036 123.498 111.667 2.75508  2.8956 12.8154 2.14957 2.21254  2.1668 222.582 1.59947 1.56184 1.64241 1.55141 50.1628 1.71267 1.62746  1.5659 1.81169 6.65686 1.58928 235.501 1.80767 99.1718 244.614 179.404 3.25589 286.901 246.518 216.997 286.596 239.826   187.2 242.464 226.015 191.603 341.017 1.67865  97.227 358.248 1.80701 151.867 411.045 343.036 295.247 378.211 297.179 1.83809 468.368 2.25687 252.698
6.43585 6.03724 5.68322 3.50006 44.1329 3.40978 5.13345  2.3423 2.28028 1.93044 1.96547 1.91212 1.59995 80.0821 1.50893 1.63662 1.54425 33.7343 1.70311 1.61833 1.55085 15.0035 13.6579 10.1004 2.00901 55.8709 1.67446  99.223 18.6612 81.7487 1.76145 140.258 120.863 156.535 115.195  113.65 127.346 116.917  103.04 195.719 46.2546  110.24 187.686  1.8075 129.858 232.814 194.337 172.729 4.23577 176.561 148.359  259.93 2.25846 2.00705
4.99307 4.58019 4.30994 29.0164 32.3099 26.3369 2.24797 1.89563 1.83475 1.75237 1.74169 1.69017  1.5722 48.0588 1.45772 1.63211 14.9287 11.4297 1.69728 1.60519 1.53424 12.9039 1.68029 1.58417 2.00964 1.80811 1.67342 64.5341 56.6522 52.0556 100.298  86.144 76.7418 92.9657 78.1224  68.394 70.3308 68.1727 52.2785 118.578 90.4702 87.1895 115.798 84.2283 1.67542 147.303 110.644 107.316 3.18775 2.00832 89.5643 2.67916 48.2458 2.00774
3.82442 3.51405 3.30176 14.1582 2.07445 1.98662 2.88146 2.60039 1.57479  1.6405 1.59102 1.53989 32.4496 27.9621 24.9515 8.80956 1.52914 1.45553 1.69607 1.59864  1.5261 40.9991 1.68145 29.7104 2.01107 1.80923 1.67915 42.2716 4.51008 34.4637 57.0678 50.3156 45.8933 59.1186 49.1285  34.699 60.5209  38.201 34.8726 1.80961 62.5884  57.483 2.01188 59.2903 1.67866 100.536 84.0034 72.9083   2.262  73.325 59.9972 2.68113 2.26152  2.0093
2.86015 2.65388 2.50601 1.77219 1.69585 1.62389 1.51365 1.45797 1.41212 1.54924 1.49058 1.43948 1.53644 1.46221 1.40736 1.62906 1.52475 1.45086 1.69006 1.59216 1.51938 1.81958 1.68298 1.58552 2.01329 1.81124 1.67626 23.8945 26.4351 24.5896 47.1724 40.6039  35.888 41.2568 34.7451 22.8767 33.4456 32.7918 29.6787 1.81281 1.67877  1.5826 19.2757 41.6376 32.6245 2.01346  1.8457  1.7254 27.1532  2.0145 22.5359 22.3548 28.4968 40.7614
  2.372 2.22153 2.10162 1.58955 1.51888 1.46174  1.4348 1.37562 1.33169 1.50189 1.44065  1.3925 1.52464 1.44985 1.39474 5.07523  1.5203 1.44667 1.68542 1.58751 1.51464 1.81941 1.68298 1.58558 2.01435 1.81281 1.67747 28.8382 27.3348 24.5586 37.7916 32.7195 28.9731 32.8151 18.5203   23.91 24.5731 22.3672 20.4251 1.81444 29.5221 1.58323 2.01548 23.7861 27.8846 45.4205 37.4142 32.2471 2.26623 2.01603 20.0908  2.6858 5.44036 2.01243
 2.2108  2.0816 1.97426 1.53045 1.46488 1.41378 1.41036 1.35344 1.31026  1.4856 1.42548 1.37863 1.52073  1.4464  1.3909  1.6224 1.51867 1.44478 36.4005 1.58618 1.51302 1.81934 14.9535 1.58535 2.01587 1.81378  1.6785 22.9579 1.55087 23.1413 35.4176 17.3505 27.0044   30.39 19.6412 22.1432 24.9656 17.9159  16.537 42.6043  1.6809 1.58387 13.9375 30.4018 11.1653 11.9831 34.3324 29.3757 43.7222 15.1891 1.84779 2.68781   2.292 25.6133
Mode averaged potential and errors: 
  0.0770865 0.000189199
   0.121752  0.00126341
   0.154279   0.0037096
   0.183721  0.00565572
    0.21285   0.0097537
   0.232646 0.000694829
   0.248405  0.00274269
   0.277314    0.016285
   0.330302   0.0442327
   0.316791   0.0134636
   0.384376    0.058705
   0.349707   0.0287538
R Models:
(* Fitting with shape 1 1 1 1 1 1 1 1 0 0 0 0 *)
G[R_,xx_]:=xx[[0]] + xx[[1]]/R | xx[[2]]*R
(* Fitting with shape 1 1 1 1 1 1 1 1 1 0 0 0 *)
G[R_,xx_]:=xx[[0]] + xx[[1]]/R | xx[[2]]*R
(* Fitting with shape 1 1 1 1 1 1 1 1 1 1 0 0 *)
G[R_,xx_]:=xx[[0]] + xx[[1]]/R | xx[[2]]*R
(* Fitting with shape 1 1 1 1 1 1 1 1 1 1 1 0 *)
G[R_,xx_]:=xx[[0]] + xx[[1]]/R | xx[[2]]*R
(* Fitting with shape 1 1 1 1 1 1 1 1 1 1 1 1 *)
G[R_,xx_]:=xx[[0]] + xx[[1]]/R | xx[[2]]*R
(* Fitting with shape 0 1 1 1 1 1 1 1 0 0 0 0 *)
G[R_,xx_]:=xx[[0]] + xx[[1]]/R | xx[[2]]*R
(* Fitting with shape 0 1 1 1 1 1 1 1 1 0 0 0 *)
G[R_,xx_]:=xx[[0]] + xx[[1]]/R | xx[[2]]*R
(* Fitting with shape 0 1 1 1 1 1 1 1 1 1 0 0 *)
G[R_,xx_]:=xx[[0]] + xx[[1]]/R | xx[[2]]*R
(* Fitting with shape 0 1 1 1 1 1 1 1 1 1 1 0 *)
G[R_,xx_]:=xx[[0]] + xx[[1]]/R | xx[[2]]*R
(* Fitting with shape 0 1 1 1 1 1 1 1 1 1 1 1 *)
G[R_,xx_]:=xx[[0]] + xx[[1]]/R | xx[[2]]*R
(* Fitting with shape 0 0 1 1 1 1 1 1 0 0 0 0 *)
G[R_,xx_]:=xx[[0]] + xx[[1]]/R | xx[[2]]*R
(* Fitting with shape 0 0 1 1 1 1 1 1 1 0 0 0 *)
G[R_,xx_]:=xx[[0]] + xx[[1]]/R | xx[[2]]*R
(* Fitting with shape 0 0 1 1 1 1 1 1 1 1 0 0 *)
G[R_,xx_]:=xx[[0]] + xx[[1]]/R | xx[[2]]*R
(* Fitting with shape 0 0 1 1 1 1 1 1 1 1 1 0 *)
G[R_,xx_]:=xx[[0]] + xx[[1]]/R | xx[[2]]*R
(* Fitting with shape 0 0 1 1 1 1 1 1 1 1 1 1 *)
G[R_,xx_]:=xx[[0]] + xx[[1]]/R | xx[[2]]*R
(* Fitting with shape 0 0 0 1 1 1 1 1 0 0 0 0 *)
G[R_,xx_]:=xx[[0]] + xx[[1]]/R | xx[[2]]*R
(* Fitting with shape 0 0 0 1 1 1 1 1 1 0 0 0 *)
G[R_,xx_]:=xx[[0]] + xx[[1]]/R | xx[[2]]*R
(* Fitting with shape 0 0 0 1 1 1 1 1 1 1 0 0 *)
G[R_,xx_]:=xx[[0]] + xx[[1]]/R | xx[[2]]*R
(* Fitting with shape 0 0 0 1 1 1 1 1 1 1 1 0 *)
G[R_,xx_]:=xx[[0]] + xx[[1]]/R | xx[[2]]*R
(* Fitting with shape 0 0 0 1 1 1 1 1 1 1 1 1 *)
G[R_,xx_]:=xx[[0]] + xx[[1]]/R | xx[[2]]*R
2.81593 2.81593 2.81593 
-0.162089 -0.162089 -0.162089 
1 1 1 
6.17779 6.17779 6.17779 
-27.0632 -27.0632 -27.0632 
5.03038e+175 5.03038e+175 5.03038e+175 
3.5936e+246 3.5936e+246 3.5936e+246 
2.14726e+243 2.14726e+243 2.14726e+243 
-771637 -771637 -771637 
5.58294e-322 5.58294e-322 5.58294e-322 
1 1 1 
2 2 2 
3 3 3 
4 4 4 
5 5 5 
6 6 6 
7 7 7 
8 8 8 
9 9 9 
10 10 10 
11 11 11 
12 12 12 
2.16561e-316 2.16561e-316 2.16561e-316 
3.21143e-322 3.21143e-322 3.21143e-322 
2.47033e-323 2.47033e-323 2.47033e-323 
2.08744e-316 2.08744e-316 2.08744e-316 
1.061e-313 1.061e-313 1.061e-313 
2.14975e-316 2.14975e-316 2.14975e-316 
154481 154481 154481 
2.09845e-316 2.09845e-316 2.09845e-316 
3.23796e-319 3.23796e-319 3.23796e-319 
1.26975e-321 1.26975e-321 1.26975e-321 
2.16474e-316 2.16474e-316 2.16474e-316 
-2.98071e-228 -2.98071e-228 -2.98071e-228 
3.16202e-322 3.16202e-322 3.16202e-322 
2.15678e-316 2.15678e-316 2.15678e-316 
2.96439e-323 2.96439e-323 2.96439e-323 
3.16202e-322 3.16202e-322 3.16202e-322 
2.11096e-316 2.11096e-316 2.11096e-316 
2.09983e-316 2.09983e-316 2.09983e-316 
0 0 0 
4.94066e-324 4.94066e-324 4.94066e-324 
-nan -nan -nan 
0 0 0 
-nan -nan -nan 
-nan -nan -nan 
-nan -nan -nan 
4.94066e-324 4.94066e-324 4.94066e-324 
-nan -nan -nan 
4.94066e-324 4.94066e-324 4.94066e-324 
4.94066e-324 4.94066e-324 4.94066e-324 
-nan -nan -nan 
1.061e-314 1.061e-314 1.061e-314 
-nan -nan -nan 
Probabilities: 
        0         0         0         0         0         0         0         0         0         0         0         0  0.005512 0.0117927 0.0262173  0.016221 0.0278249 0.0756355         0         0         0         0         0         0  0.018111 0.0350753 0.0891763         0         0         0         0         0         0         0         0         0         0         0 0.0230088 0.0139811         0         0 0.0231179         0  0.103846         0         0         0 0.0848879         0  0.325511         0  0.120081         0

String tensions: 
          1           1           1           1           1           1           1           1           1   -0.515309   -0.515857   -0.547695   -0.838716   -0.833017   -0.845315     -1.1386    -1.11562    -1.11541      27.428   -0.720389     0.26084    0.983459    0.983125    0.982682    0.487567     1.62746    0.500665  -0.0804499  -0.0804499  -0.0804498   -0.108359   -0.102481  -0.0781658    0.726147    0.729455    0.355643     1.30789     1.16446  0.00677355  0.00382596   -0.115147    0.793271 -0.00448821    0.714869 -0.00297686   -0.110007  -0.0752803  -0.0942446 -0.00905768   -0.122908 -0.00584817     0.00326  -0.0188234    0.814309

Errors: 
          0           0           0           0           0           0     5792.62     5792.62     5792.62     1.00001     1.00001     1.00001    0.048985   0.0486056   0.0439206    0.138548    0.138832    0.127216           0   0.0288077     1.00021           0           0           0     4.26205     5.93409     3.33572           0           0           0     1.00001     1.00002     1.00005     1.81524     1.82955     1.13087      0.7301           0  0.00108726    0.002837     1.00006     1.00008  0.00512366     1.00045  0.00363529     1.00001     1.68825     1.59048  0.00482143 0.000251418  0.00365338 0.000597916    0.005758     1.00003

Statuses: 
3 3 3 3 3 3 0 0 0 3 3 3 0 0 0 0 0 0 3 0 3 3 3 3 0 0 0 3 3 3 3 3 3 3 3 3 3 3 0 0 3 3 0 3 0 3 3 3 0 3 0 1 0 3
chisq per dof: 
 2092.32  1830.74  1627.86  19962.6  17116.7  14994.6  7.29414  6.08047  6.26582  16724.3  14607.4  13124.5  1.28152  1.16686  1.07127 0.706073 0.741852 0.635875  17617.5  3.57719  9858.75    19151  16701.5  14742.2 0.661986 0.664663  0.58882  17363.2  15197.2  13518.6    17863  15711.5  14684.6  24547.8  20463.6    17556  19102.9  16715.9  1.20347  0.97126  5136.69  15550.4 0.564352  20454.5 0.545308  9683.36  14089.9  12371.9 0.370052  7700.35 0.441522 0.730868  0.25444  17559.7
Model string tension and errors: 
sigma = -0.0650594 +/- 1.68953
