R=0parameters: 
-0.673898 -0.673898 
0.0545839 0.0545839 
7.95239e-11 7.95239e-11 
4.00193e-322 4.00193e-322 
3.40607e-316 3.40607e-316 
3.40346e-316 3.40346e-316 
3.4013e-316 3.4013e-316 
3.1936e-316 3.1936e-316 
3.35037e-316 3.35037e-316 
1.3488e-321 1.3488e-321 1.3488e-321 
6.913e-310 6.913e-310 6.913e-310 
6.913e-310 6.913e-310 6.913e-310 
6.913e-310 6.913e-310 6.913e-310 
6.913e-310 6.913e-310 6.913e-310 
6.913e-310 6.913e-310 6.913e-310 
6.913e-310 6.913e-310 6.913e-310 
6.913e-310 6.913e-310 6.913e-310 
6.913e-310 6.913e-310 6.913e-310 
6.913e-310 6.913e-310 6.913e-310 6.913e-310 
6.913e-310 6.913e-310 6.913e-310 6.913e-310 
6.913e-310 6.913e-310 6.913e-310 6.913e-310 
6.913e-310 6.913e-310 6.913e-310 6.913e-310 
6.913e-310 6.913e-310 6.913e-310 6.913e-310 
6.913e-310 6.913e-310 6.913e-310 6.913e-310 
6.913e-310 6.913e-310 6.913e-310 6.913e-310 
6.913e-310 6.913e-310 6.913e-310 6.913e-310 
0 0 0 0 
6.913e-310 6.913e-310 6.913e-310 
6.913e-310 6.913e-310 6.913e-310 
6.913e-310 6.913e-310 6.913e-310 
6.913e-310 6.913e-310 6.913e-310 
6.913e-310 6.913e-310 6.913e-310 
6.913e-310 6.913e-310 6.913e-310 
6.913e-310 6.913e-310 6.913e-310 
6.913e-310 6.913e-310 6.913e-310 
6.913e-310 6.913e-310 6.913e-310 
6.913e-310 6.913e-310 6.913e-310 6.913e-310 
6.913e-310 6.913e-310 6.913e-310 6.913e-310 
6.913e-310 6.913e-310 6.913e-310 6.913e-310 
6.913e-310 6.913e-310 6.913e-310 6.913e-310 
6.913e-310 6.913e-310 6.913e-310 6.913e-310 
6.913e-310 6.913e-310 6.913e-310 6.913e-310 
6.913e-310 6.913e-310 6.913e-310 6.913e-310 
2.42092e-322 2.42092e-322 2.42092e-322 2.42092e-322 
4.94066e-324 4.94066e-324 4.94066e-324 4.94066e-324 
2.122e-314 2.122e-314 2.122e-314 2.122e-314 2.122e-314 
3.32727e-316 3.32727e-316 3.32727e-316 3.32727e-316 3.32727e-316 
1.63042e-322 1.63042e-322 1.63042e-322 1.63042e-322 1.63042e-322 
-2311.27 -2311.27 -2311.27 -2311.27 -2311.27 
-16743.7 -16743.7 -16743.7 -16743.7 -16743.7 
-9249.32 -9249.32 -9249.32 -9249.32 -9249.32 
2.42092e-322 2.42092e-322 2.42092e-322 2.42092e-322 2.42092e-322 
1.061e-313 1.061e-313 1.061e-313 1.061e-313 1.061e-313 
3.5382e-316 3.5382e-316 3.5382e-316 3.5382e-316 3.5382e-316 
R=1parameters: 
-0.640282 -0.640282 
0.0794315 0.0794315 
1.01023 1.01023 
0.497106 0.497106 
-0.76124 -0.76124 
3.53842e-316 3.53842e-316 
1.06779e+08 1.06779e+08 
1.17885e-307 1.17885e-307 
2.3342e-313 2.3342e-313 
4.35272e-321 4.35272e-321 4.35272e-321 
6.913e-310 6.913e-310 6.913e-310 
6.913e-310 6.913e-310 6.913e-310 
1.58101e-322 1.58101e-322 1.58101e-322 
2.37152e-322 2.37152e-322 2.37152e-322 
3.19274e-316 3.19274e-316 3.19274e-316 
0.000703837 0.000703837 0.000703837 
0.000234716 0.000234716 0.000234716 
0.00442786 0.00442786 0.00442786 
0.013282 0.013282 0.013282 0.013282 
7.16395e-322 7.16395e-322 7.16395e-322 7.16395e-322 
3.35255e-316 3.35255e-316 3.35255e-316 3.35255e-316 
6.913e-310 6.913e-310 6.913e-310 6.913e-310 
8.54071e+08 8.54071e+08 8.54071e+08 8.54071e+08 
2.62157e+06 2.62157e+06 2.62157e+06 2.62157e+06 
291355 291355 291355 291355 
4.79244e-322 4.79244e-322 4.79244e-322 4.79244e-322 
3.40795e-316 3.40795e-316 3.40795e-316 3.40795e-316 
3.358e-316 3.358e-316 3.358e-316 
-12218.3 -12218.3 -12218.3 
1835.18 1835.18 1835.18 
658.917 658.917 658.917 
2.42092e-322 2.42092e-322 2.42092e-322 
3.33668e-316 3.33668e-316 3.33668e-316 
3.40404e-316 3.40404e-316 3.40404e-316 
0.890804 0.890804 0.890804 
0.155823 0.155823 0.155823 
1.10671e-321 1.10671e-321 1.10671e-321 1.10671e-321 
3.16202e-322 3.16202e-322 3.16202e-322 3.16202e-322 
3.41284e-316 3.41284e-316 3.41284e-316 3.41284e-316 
1.15104e+07 1.15104e+07 1.15104e+07 1.15104e+07 
-0.76124 -0.76124 -0.76124 -0.76124 
2.42092e-322 2.42092e-322 2.42092e-322 2.42092e-322 
782603 782603 782603 782603 
58018 58018 58018 58018 
5.90484e+07 5.90484e+07 5.90484e+07 5.90484e+07 
1.21744e+06 1.21744e+06 1.21744e+06 1.21744e+06 1.21744e+06 
4.74303e-322 4.74303e-322 4.74303e-322 4.74303e-322 4.74303e-322 
2.37152e-322 2.37152e-322 2.37152e-322 2.37152e-322 2.37152e-322 
0.00151845 0.00151845 0.00151845 0.00151845 0.00151845 
3.40195e-316 3.40195e-316 3.40195e-316 3.40195e-316 3.40195e-316 
0.508553 0.508553 0.508553 0.508553 0.508553 
3.40195e-316 3.40195e-316 3.40195e-316 3.40195e-316 3.40195e-316 
0.00426241 0.00426241 0.00426241 0.00426241 0.00426241 
3.40015e-316 3.40015e-316 3.40015e-316 3.40015e-316 3.40015e-316 
R=2parameters: 
-0.60055 -0.60055 
0.0952724 0.0952724 
0.0457431 0.0457431 
-5.43567 -5.43567 
8.71486 8.71486 
3.53842e-316 3.53842e-316 
1.06779e+08 1.06779e+08 
1.17885e-307 1.17885e-307 
2.3342e-313 2.3342e-313 
3.40411e-321 3.40411e-321 3.40411e-321 
6.913e-310 6.913e-310 6.913e-310 
6.913e-310 6.913e-310 6.913e-310 
327.658 327.658 327.658 
327.658 327.658 327.658 
327.658 327.658 327.658 
5.58294e-322 5.58294e-322 5.58294e-322 
6.913e-310 6.913e-310 6.913e-310 
3.40197e-316 3.40197e-316 3.40197e-316 
1.36422 1.36422 1.36422 1.36422 
1.24088 1.24088 1.24088 1.24088 
1.12868 1.12868 1.12868 1.12868 
1.02663 1.02663 1.02663 1.02663 
0.933811 0.933811 0.933811 0.933811 
0.849381 0.849381 0.849381 0.849381 
0.772584 0.772584 0.772584 0.772584 
0.702732 0.702732 0.702732 0.702732 
0.639194 0.639194 0.639194 0.639194 
0.581402 0.581402 0.581402 
7.90505e-322 7.90505e-322 7.90505e-322 
2.37152e-322 2.37152e-322 2.37152e-322 
3.33579e-316 3.33579e-316 3.33579e-316 
4.59897e+06 4.59897e+06 4.59897e+06 
0 0 0 
0 0 0 
0 0 0 
2.37646e-321 2.37646e-321 2.37646e-321 
2.47033e-323 2.47033e-323 2.47033e-323 2.47033e-323 
3.53657e-316 3.53657e-316 3.53657e-316 3.53657e-316 
1517.4 1517.4 1517.4 1517.4 
3.5358e-316 3.5358e-316 3.5358e-316 3.5358e-316 
3.23796e-319 3.23796e-319 3.23796e-319 3.23796e-319 
1.63042e-322 1.63042e-322 1.63042e-322 1.63042e-322 
3.33574e-316 3.33574e-316 3.33574e-316 3.33574e-316 
2.03015e+08 2.03015e+08 2.03015e+08 2.03015e+08 
0 0 0 0 
5695.45 5695.45 5695.45 5695.45 5695.45 
52757.3 52757.3 52757.3 52757.3 52757.3 
2.85076e-321 2.85076e-321 2.85076e-321 2.85076e-321 2.85076e-321 
3.41411e-316 3.41411e-316 3.41411e-316 3.41411e-316 3.41411e-316 
6.913e-310 6.913e-310 6.913e-310 6.913e-310 6.913e-310 
3.35801e-316 3.35801e-316 3.35801e-316 3.35801e-316 3.35801e-316 
3.41773e-316 3.41773e-316 3.41773e-316 3.41773e-316 3.41773e-316 
1.79063 1.79063 1.79063 1.79063 1.79063 
2.122e-314 2.122e-314 2.122e-314 2.122e-314 2.122e-314 
R=3parameters: 
-0.557353 -0.557353 
0.108683 0.108683 
-0.0159472 -0.0159472 
-6.60654 -6.60654 
11.5997 11.5997 
3.53842e-316 3.53842e-316 
1.06779e+08 1.06779e+08 
1.17885e-307 1.17885e-307 
2.3342e-313 2.3342e-313 
6.37345e-322 6.37345e-322 6.37345e-322 
8.30524e-320 8.30524e-320 8.30524e-320 
-8.66416e-08 -8.66416e-08 -8.66416e-08 
2.76538e-08 2.76538e-08 2.76538e-08 
3.12917e-06 3.12917e-06 3.12917e-06 
5.30013e-08 5.30013e-08 5.30013e-08 
4.00193e-322 4.00193e-322 4.00193e-322 
3.41125e-316 3.41125e-316 3.41125e-316 
3.41957e-316 3.41957e-316 3.41957e-316 
3.40364e-316 3.40364e-316 3.40364e-316 3.40364e-316 
3.41453e-316 3.41453e-316 3.41453e-316 3.41453e-316 
3.35809e-316 3.35809e-316 3.35809e-316 3.35809e-316 
-nan -nan -nan -nan 
-nan -nan -nan -nan 
-nan -nan -nan -nan 
0 0 0 0 
4.00193e-322 4.00193e-322 4.00193e-322 4.00193e-322 
3.40606e-316 3.40606e-316 3.40606e-316 3.40606e-316 
3.32755e-316 3.32755e-316 3.32755e-316 
3.41381e-316 3.41381e-316 3.41381e-316 
3.42e-316 3.42e-316 3.42e-316 
3.35802e-316 3.35802e-316 3.35802e-316 
3.33574e-316 3.33574e-316 3.33574e-316 
76067.9 76067.9 76067.9 
876.882 876.882 876.882 
7.90505e-322 7.90505e-322 7.90505e-322 
2.37152e-322 2.37152e-322 2.37152e-322 
0 0 0 0 
2.09485e-06 2.09485e-06 2.09485e-06 2.09485e-06 
0 0 0 0 
-281241 -281241 -281241 -281241 
1.26481e-321 1.26481e-321 1.26481e-321 1.26481e-321 
6.32404e-322 6.32404e-322 6.32404e-322 6.32404e-322 
0.000225972 0.000225972 0.000225972 0.000225972 
-4.5484e-05 -4.5484e-05 -4.5484e-05 -4.5484e-05 
1.7934e-05 1.7934e-05 1.7934e-05 1.7934e-05 
-5.29684e-05 -5.29684e-05 -5.29684e-05 -5.29684e-05 -5.29684e-05 
1.97596e-05 1.97596e-05 1.97596e-05 1.97596e-05 1.97596e-05 
2.33626e-05 2.33626e-05 2.33626e-05 2.33626e-05 2.33626e-05 
-0.000724293 -0.000724293 -0.000724293 -0.000724293 -0.000724293 
0.000277899 0.000277899 0.000277899 0.000277899 0.000277899 
0.000323624 0.000323624 0.000323624 0.000323624 0.000323624 
3.42251e-316 3.42251e-316 3.42251e-316 3.42251e-316 3.42251e-316 
3.40385e-316 3.40385e-316 3.40385e-316 3.40385e-316 3.40385e-316 
2.42092e-322 2.42092e-322 2.42092e-322 2.42092e-322 2.42092e-322 
R=4parameters: 
-0.514738 -0.514738 
0.121752 0.121752 
-3.61504e-05 -3.61504e-05 
0.41731 0.41731 
-0.410453 -0.410453 
3.53842e-316 3.53842e-316 
1.06779e+08 1.06779e+08 
1.17885e-307 1.17885e-307 
2.3342e-313 2.3342e-313 
4.35272e-321 4.35272e-321 4.35272e-321 
6.913e-310 6.913e-310 6.913e-310 
6.913e-310 6.913e-310 6.913e-310 
8.61571e-07 8.61571e-07 8.61571e-07 
-1.19564e-06 -1.19564e-06 -1.19564e-06 
3.3274e-07 3.3274e-07 3.3274e-07 
5.14022e-07 5.14022e-07 5.14022e-07 
1.02505e-05 1.02505e-05 1.02505e-05 
-4.05897e-06 -4.05897e-06 -4.05897e-06 
-4.68161e-06 -4.68161e-06 -4.68161e-06 -4.68161e-06 
0.000118239 0.000118239 0.000118239 0.000118239 
-3.18768e-05 -3.18768e-05 -3.18768e-05 -3.18768e-05 
1.28675e-05 1.28675e-05 1.28675e-05 1.28675e-05 
1.47495e-05 1.47495e-05 1.47495e-05 1.47495e-05 
-0.000361399 -0.000361399 -0.000361399 -0.000361399 
0.00110597 0.00110597 0.00110597 0.00110597 
3.72031e-321 3.72031e-321 3.72031e-321 3.72031e-321 
3.40793e-316 3.40793e-316 3.40793e-316 3.40793e-316 
3.41185e-316 3.41185e-316 3.41185e-316 
4.56833e-06 4.56833e-06 4.56833e-06 
3.40364e-316 3.40364e-316 3.40364e-316 
574422 574422 574422 
3.07932e-07 3.07932e-07 3.07932e-07 
1.14451e-05 1.14451e-05 1.14451e-05 
2.69266e-321 2.69266e-321 2.69266e-321 
3.33571e-316 3.33571e-316 3.33571e-316 
3.3273e-316 3.3273e-316 3.3273e-316 
7.01023e+06 7.01023e+06 7.01023e+06 7.01023e+06 
3.366e-316 3.366e-316 3.366e-316 3.366e-316 
574329 574329 574329 574329 
-0.00110733 -0.00110733 -0.00110733 -0.00110733 
3.16202e-322 3.16202e-322 3.16202e-322 3.16202e-322 
2.37646e-321 2.37646e-321 2.37646e-321 2.37646e-321 
6.91298e-310 6.91298e-310 6.91298e-310 6.91298e-310 
-2.91803 -2.91803 -2.91803 -2.91803 
0 0 0 0 
4.00193e-322 4.00193e-322 4.00193e-322 4.00193e-322 4.00193e-322 
0.0001068 0.0001068 0.0001068 0.0001068 0.0001068 
3.21143e-322 3.21143e-322 3.21143e-322 3.21143e-322 3.21143e-322 
-0.603561 -0.603561 -0.603561 -0.603561 -0.603561 
0.329664 0.329664 0.329664 0.329664 0.329664 
385155 385155 385155 385155 385155 
1.09311e+07 1.09311e+07 1.09311e+07 1.09311e+07 1.09311e+07 
1.21937e+06 1.21937e+06 1.21937e+06 1.21937e+06 1.21937e+06 
3.16202e-322 3.16202e-322 3.16202e-322 3.16202e-322 3.16202e-322 
R=5parameters: 
-0.473302 -0.473302 
0.134909 0.134909 
-0.070977 -0.070977 
1.05486 1.05486 
-9.93274 -9.93274 
3.53842e-316 3.53842e-316 
1.06779e+08 1.06779e+08 
1.17885e-307 1.17885e-307 
2.3342e-313 2.3342e-313 
4.35272e-321 4.35272e-321 4.35272e-321 
6.913e-310 6.913e-310 6.913e-310 
6.913e-310 6.913e-310 6.913e-310 
-0.0101246 -0.0101246 -0.0101246 
-3.52907 -3.52907 -3.52907 
2.37152e-322 2.37152e-322 2.37152e-322 
2.37152e-322 2.37152e-322 2.37152e-322 
3.42338e-316 3.42338e-316 3.42338e-316 
0 0 0 
0 0 0 0 
0 0 0 0 
4.74303e-322 4.74303e-322 4.74303e-322 4.74303e-322 
2.37152e-322 2.37152e-322 2.37152e-322 2.37152e-322 
3.40275e-316 3.40275e-316 3.40275e-316 3.40275e-316 
3.38171e-316 3.38171e-316 3.38171e-316 3.38171e-316 
0.279149 0.279149 0.279149 0.279149 
-3.59188 -3.59188 -3.59188 -3.59188 
7.11455e-322 7.11455e-322 7.11455e-322 7.11455e-322 
2.37152e-322 2.37152e-322 2.37152e-322 
3.40275e-316 3.40275e-316 3.40275e-316 
-102382 -102382 -102382 
-39798.8 -39798.8 -39798.8 
-41788.5 -41788.5 -41788.5 
9.48606e-322 9.48606e-322 9.48606e-322 
3.16202e-322 3.16202e-322 3.16202e-322 
3.42188e-316 3.42188e-316 3.42188e-316 
3.40194e-316 3.40194e-316 3.40194e-316 
2.47033e-323 2.47033e-323 2.47033e-323 2.47033e-323 
3.40194e-316 3.40194e-316 3.40194e-316 3.40194e-316 
2.47033e-323 2.47033e-323 2.47033e-323 2.47033e-323 
3.41091e-316 3.41091e-316 3.41091e-316 3.41091e-316 
20020.1 20020.1 20020.1 20020.1 
0 0 0 0 
0 0 0 0 
0.000363096 0.000363096 0.000363096 0.000363096 
4.77692e-06 4.77692e-06 4.77692e-06 4.77692e-06 
-4.05891e-05 -4.05891e-05 -4.05891e-05 -4.05891e-05 -4.05891e-05 
-6.31721e-07 -6.31721e-07 -6.31721e-07 -6.31721e-07 -6.31721e-07 
2.42092e-322 2.42092e-322 2.42092e-322 2.42092e-322 2.42092e-322 
-27520.5 -27520.5 -27520.5 -27520.5 -27520.5 
3.35879e-316 3.35879e-316 3.35879e-316 3.35879e-316 3.35879e-316 
0.000185309 0.000185309 0.000185309 0.000185309 0.000185309 
2.74283e+07 2.74283e+07 2.74283e+07 2.74283e+07 2.74283e+07 
18873.6 18873.6 18873.6 18873.6 18873.6 
3.21143e-322 3.21143e-322 3.21143e-322 3.21143e-322 3.21143e-322 
R=6parameters: 
-0.435447 -0.435447 
0.148222 0.148222 
-0.0506483 -0.0506483 
-3.88041 -3.88041 
4.32984 4.32984 
3.53842e-316 3.53842e-316 
1.06779e+08 1.06779e+08 
1.17885e-307 1.17885e-307 
2.3342e-313 2.3342e-313 
4.35272e-321 4.35272e-321 4.35272e-321 
6.913e-310 6.913e-310 6.913e-310 
3.36023e-316 3.36023e-316 3.36023e-316 
431642 431642 431642 
86759.5 86759.5 86759.5 
9776.43 9776.43 9776.43 
2.42092e-322 2.42092e-322 2.42092e-322 
3.33526e-316 3.33526e-316 3.33526e-316 
3.41793e-316 3.41793e-316 3.41793e-316 
78735.3 78735.3 78735.3 78735.3 
-18502.7 -18502.7 -18502.7 -18502.7 
4.74303e-322 4.74303e-322 4.74303e-322 4.74303e-322 
3.16202e-322 3.16202e-322 3.16202e-322 3.16202e-322 
3.33695e-316 3.33695e-316 3.33695e-316 3.33695e-316 
3.40197e-316 3.40197e-316 3.40197e-316 3.40197e-316 
142174 142174 142174 142174 
3.53861e-316 3.53861e-316 3.53861e-316 3.53861e-316 
110793 110793 110793 110793 
3.33505e-316 3.33505e-316 3.33505e-316 
3.16202e-322 3.16202e-322 3.16202e-322 
9.53547e-322 9.53547e-322 9.53547e-322 
3.40192e-316 3.40192e-316 3.40192e-316 
3.32754e-316 3.32754e-316 3.32754e-316 
0 0 0 
0 0 0 
0 0 0 
2.42092e-322 2.42092e-322 2.42092e-322 
3.40378e-316 3.40378e-316 3.40378e-316 3.40378e-316 
3.40365e-316 3.40365e-316 3.40365e-316 3.40365e-316 
0 0 0 0 
2.42092e-322 2.42092e-322 2.42092e-322 2.42092e-322 
3.40275e-316 3.40275e-316 3.40275e-316 3.40275e-316 
0.399246 0.399246 0.399246 0.399246 
-0.019536 -0.019536 -0.019536 -0.019536 
3.38171e-316 3.38171e-316 3.38171e-316 3.38171e-316 
3.53852e-316 3.53852e-316 3.53852e-316 3.53852e-316 
3.53852e-316 3.53852e-316 3.53852e-316 3.53852e-316 3.53852e-316 
0.592704 0.592704 0.592704 0.592704 0.592704 
2.2194 2.2194 2.2194 2.2194 2.2194 
-1.29699 -1.29699 -1.29699 -1.29699 -1.29699 
2.42092e-322 2.42092e-322 2.42092e-322 2.42092e-322 2.42092e-322 
3.41329e-316 3.41329e-316 3.41329e-316 3.41329e-316 3.41329e-316 
0 0 0 0 0 
3.23796e-319 3.23796e-319 3.23796e-319 3.23796e-319 3.23796e-319 
2.42092e-322 2.42092e-322 2.42092e-322 2.42092e-322 2.42092e-322 
R=7parameters: 
-0.402747 -0.402747 
0.161074 0.161074 
0.232111 0.232111 
-4.2094 -4.2094 
4.08645 4.08645 
3.53842e-316 3.53842e-316 
1.06779e+08 1.06779e+08 
1.17885e-307 1.17885e-307 
2.3342e-313 2.3342e-313 
3.79936e-321 3.79936e-321 3.79936e-321 
6.913e-310 6.913e-310 6.913e-310 
6.913e-310 6.913e-310 6.913e-310 
2.47033e-323 2.47033e-323 2.47033e-323 
3.53809e-316 3.53809e-316 3.53809e-316 
12783.2 12783.2 12783.2 
3.53997e-316 3.53997e-316 3.53997e-316 
3.31886e-316 3.31886e-316 3.31886e-316 
2.06025e-321 2.06025e-321 2.06025e-321 
3.40591e-316 3.40591e-316 3.40591e-316 3.40591e-316 
6.913e-310 6.913e-310 6.913e-310 6.913e-310 
1.58101e-322 1.58101e-322 1.58101e-322 1.58101e-322 
2.37152e-322 2.37152e-322 2.37152e-322 2.37152e-322 
3.35945e-316 3.35945e-316 3.35945e-316 3.35945e-316 
3.53799e-316 3.53799e-316 3.53799e-316 3.53799e-316 
0.420362 0.420362 0.420362 0.420362 
0.0013284 0.0013284 0.0013284 0.0013284 
3.95253e-322 3.95253e-322 3.95253e-322 3.95253e-322 
2.37152e-322 2.37152e-322 2.37152e-322 
3.41009e-316 3.41009e-316 3.41009e-316 
0.000499838 0.000499838 0.000499838 
0.000165912 0.000165912 0.000165912 
3.96534e-05 3.96534e-05 3.96534e-05 
0.000118916 0.000118916 0.000118916 
4.79244e-322 4.79244e-322 4.79244e-322 
3.53849e-316 3.53849e-316 3.53849e-316 
3.40303e-316 3.40303e-316 3.40303e-316 
1.76309e+06 1.76309e+06 1.76309e+06 1.76309e+06 
2.77896e+07 2.77896e+07 2.77896e+07 2.77896e+07 
3.08994e+06 3.08994e+06 3.08994e+06 3.08994e+06 
2.42092e-322 2.42092e-322 2.42092e-322 2.42092e-322 
1.67772e+07 1.67772e+07 1.67772e+07 1.67772e+07 
1.63042e-322 1.63042e-322 1.63042e-322 1.63042e-322 
6.91298e-310 6.91298e-310 6.91298e-310 6.91298e-310 
3.00886e-321 3.00886e-321 3.00886e-321 3.00886e-321 
6.91298e-310 6.91298e-310 6.91298e-310 6.91298e-310 
0 0 0 0 0 
4.74303e-322 4.74303e-322 4.74303e-322 4.74303e-322 4.74303e-322 
3.16202e-322 3.16202e-322 3.16202e-322 3.16202e-322 3.16202e-322 
3.40279e-316 3.40279e-316 3.40279e-316 3.40279e-316 3.40279e-316 
3.35879e-316 3.35879e-316 3.35879e-316 3.35879e-316 3.35879e-316 
2.47033e-323 2.47033e-323 2.47033e-323 2.47033e-323 2.47033e-323 
139087 139087 139087 139087 139087 
1.19026e+06 1.19026e+06 1.19026e+06 1.19026e+06 1.19026e+06 
757935 757935 757935 757935 757935 
R=8parameters: 
-0.37563 -0.37563 
0.17304 0.17304 
9.7897e-05 9.7897e-05 
1.27539 1.27539 
-1.34308 -1.34308 
3.53842e-316 3.53842e-316 
1.06779e+08 1.06779e+08 
1.17885e-307 1.17885e-307 
2.3342e-313 2.3342e-313 
4.35272e-321 4.35272e-321 4.35272e-321 
6.913e-310 6.913e-310 6.913e-310 
6.913e-310 6.913e-310 6.913e-310 
1.8851e+07 1.8851e+07 1.8851e+07 
1.29271e+07 1.29271e+07 1.29271e+07 
2.37152e-322 2.37152e-322 2.37152e-322 
2.37152e-322 2.37152e-322 2.37152e-322 
3.40386e-316 3.40386e-316 3.40386e-316 
0.000164619 0.000164619 0.000164619 
3.68145e-05 3.68145e-05 3.68145e-05 3.68145e-05 
4.03863e-05 4.03863e-05 4.03863e-05 4.03863e-05 
0.00011654 0.00011654 0.00011654 0.00011654 
1.63042e-322 1.63042e-322 1.63042e-322 1.63042e-322 
3.40194e-316 3.40194e-316 3.40194e-316 3.40194e-316 
3.33573e-316 3.33573e-316 3.33573e-316 3.33573e-316 
6.32404e-322 6.32404e-322 6.32404e-322 6.32404e-322 
6.32404e-322 6.32404e-322 6.32404e-322 6.32404e-322 
3.33652e-316 3.33652e-316 3.33652e-316 3.33652e-316 
1.34848e-05 1.34848e-05 1.34848e-05 
2.8057e-05 2.8057e-05 2.8057e-05 
-4.21391e-06 -4.21391e-06 -4.21391e-06 
-6.3937e-06 -6.3937e-06 -6.3937e-06 
1.65187e-06 1.65187e-06 1.65187e-06 
9.74315e-06 9.74315e-06 9.74315e-06 
1.50572e-05 1.50572e-05 1.50572e-05 
-3.38892e-06 -3.38892e-06 -3.38892e-06 
1.48491e-05 1.48491e-05 1.48491e-05 
-2.28668e-05 -2.28668e-05 -2.28668e-05 -2.28668e-05 
-3.62612e-05 -3.62612e-05 -3.62612e-05 -3.62612e-05 
7.97707e-06 7.97707e-06 7.97707e-06 7.97707e-06 
-3.93264e-05 -3.93264e-05 -3.93264e-05 -3.93264e-05 
0.000105467 0.000105467 0.000105467 0.000105467 
1.11165e-321 1.11165e-321 1.11165e-321 1.11165e-321 
3.40197e-316 3.40197e-316 3.40197e-316 3.40197e-316 
0.000693787 0.000693787 0.000693787 0.000693787 
0.000614564 0.000614564 0.000614564 0.000614564 
0.000532191 0.000532191 0.000532191 0.000532191 0.000532191 
0.00145269 0.00145269 0.00145269 0.00145269 0.00145269 
0.00148221 0.00148221 0.00148221 0.00148221 0.00148221 
0.00140623 0.00140623 0.00140623 0.00140623 0.00140623 
0.00134355 0.00134355 0.00134355 0.00134355 0.00134355 
0.00118148 0.00118148 0.00118148 0.00118148 0.00118148 
0.00109341 0.00109341 0.00109341 0.00109341 0.00109341 
0.000963206 0.000963206 0.000963206 0.000963206 0.000963206 
0.000833276 0.000833276 0.000833276 0.000833276 0.000833276 
R=9parameters: 
-0.355361 -0.355361 
0.182821 0.182821 
0.145923 0.145923 
-2.91182 -2.91182 
0.43806 0.43806 
3.53842e-316 3.53842e-316 
1.06779e+08 1.06779e+08 
1.17885e-307 1.17885e-307 
2.3342e-313 2.3342e-313 
4.35272e-321 4.35272e-321 4.35272e-321 
8.30524e-320 8.30524e-320 8.30524e-320 
-6.37724e+283 -6.37724e+283 -6.37724e+283 
0.00210366 0.00210366 0.00210366 
0.00183845 0.00183845 0.00183845 
0.00157644 0.00157644 0.00157644 
0.00140623 0.00140623 0.00140623 
0.00122488 0.00122488 0.00122488 
0.00104981 0.00104981 0.00104981 
0.000915283 0.000915283 0.000915283 0.000915283 
0.000798739 0.000798739 0.000798739 0.000798739 
0.00069866 0.00069866 0.00069866 0.00069866 
0.000609562 0.000609562 0.000609562 0.000609562 
0.00193328 0.00193328 0.00193328 0.00193328 
0.00193609 0.00193609 0.00193609 0.00193609 
0.00183845 0.00183845 0.00183845 0.00183845 
0.0017652 0.0017652 0.0017652 0.0017652 
0.00149452 0.00149452 0.00149452 0.00149452 
0.00134355 0.00134355 0.00134355 
0.00118278 0.00118278 0.00118278 
0.00102146 0.00102146 0.00102146 
0.000891834 0.000891834 0.000891834 
0.000786486 0.000786486 0.000786486 
0.00069306 0.00069306 0.00069306 
0.000603465 0.000603465 0.000603465 
0.00166685 0.00166685 0.00166685 
0.00165607 0.00165607 0.00165607 
0.00157644 0.00157644 0.00157644 0.00157644 
0.00149452 0.00149452 0.00149452 0.00149452 
0.0013246 0.0013246 0.0013246 0.0013246 
0.00118148 0.00118148 0.00118148 0.00118148 
0.00104132 0.00104132 0.00104132 0.00104132 
0.000899293 0.000899293 0.000899293 0.000899293 
0.000785406 0.000785406 0.000785406 0.000785406 
0.000693787 0.000693787 0.000693787 0.000693787 
0.000614564 0.000614564 0.000614564 0.000614564 
0.000532191 0.000532191 0.000532191 0.000532191 0.000532191 
0.00145269 0.00145269 0.00145269 0.00145269 0.00145269 
0.00148221 0.00148221 0.00148221 0.00148221 0.00148221 
0.00140623 0.00140623 0.00140623 0.00140623 0.00140623 
0.00134355 0.00134355 0.00134355 0.00134355 0.00134355 
0.00118148 0.00118148 0.00118148 0.00118148 0.00118148 
0.00109341 0.00109341 0.00109341 0.00109341 0.00109341 
0.000963206 0.000963206 0.000963206 0.000963206 0.000963206 
0.000833276 0.000833276 0.000833276 0.000833276 0.000833276 
R=10parameters: 
-0.342227 -0.342227 
0.18933 0.18933 
0.000452481 0.000452481 
1.81785 1.81785 
-1.95123 -1.95123 
3.53842e-316 3.53842e-316 
1.06779e+08 1.06779e+08 
1.17885e-307 1.17885e-307 
2.3342e-313 2.3342e-313 
4.35272e-321 4.35272e-321 4.35272e-321 
8.30524e-320 8.30524e-320 8.30524e-320 
-6.37724e+283 -6.37724e+283 -6.37724e+283 
0.00210366 0.00210366 0.00210366 
0.00183845 0.00183845 0.00183845 
0.00157644 0.00157644 0.00157644 
0.00140623 0.00140623 0.00140623 
0.00122488 0.00122488 0.00122488 
0.00104981 0.00104981 0.00104981 
0.000915283 0.000915283 0.000915283 0.000915283 
0.000798739 0.000798739 0.000798739 0.000798739 
0.00069866 0.00069866 0.00069866 0.00069866 
0.000609562 0.000609562 0.000609562 0.000609562 
0.00193328 0.00193328 0.00193328 0.00193328 
0.00193609 0.00193609 0.00193609 0.00193609 
0.00183845 0.00183845 0.00183845 0.00183845 
0.0017652 0.0017652 0.0017652 0.0017652 
0.00149452 0.00149452 0.00149452 0.00149452 
0.00134355 0.00134355 0.00134355 
0.00118278 0.00118278 0.00118278 
0.00102146 0.00102146 0.00102146 
0.000891834 0.000891834 0.000891834 
0.000786486 0.000786486 0.000786486 
0.00069306 0.00069306 0.00069306 
0.000603465 0.000603465 0.000603465 
0.00166685 0.00166685 0.00166685 
0.00165607 0.00165607 0.00165607 
0.00157644 0.00157644 0.00157644 0.00157644 
0.00149452 0.00149452 0.00149452 0.00149452 
0.0013246 0.0013246 0.0013246 0.0013246 
0.00118148 0.00118148 0.00118148 0.00118148 
0.00104132 0.00104132 0.00104132 0.00104132 
0.000899293 0.000899293 0.000899293 0.000899293 
0.000785406 0.000785406 0.000785406 0.000785406 
0.000693787 0.000693787 0.000693787 0.000693787 
0.000614564 0.000614564 0.000614564 0.000614564 
0.000532191 0.000532191 0.000532191 0.000532191 0.000532191 
0.00145269 0.00145269 0.00145269 0.00145269 0.00145269 
0.00148221 0.00148221 0.00148221 0.00148221 0.00148221 
0.00140623 0.00140623 0.00140623 0.00140623 0.00140623 
0.00134355 0.00134355 0.00134355 0.00134355 0.00134355 
0.00118148 0.00118148 0.00118148 0.00118148 0.00118148 
0.00109341 0.00109341 0.00109341 0.00109341 0.00109341 
0.000963206 0.000963206 0.000963206 0.000963206 0.000963206 
0.000833276 0.000833276 0.000833276 0.000833276 0.000833276 
R=11parameters: 
-0.338204 -0.338204 
0.191664 0.191664 
-0.0497964 -0.0497964 
20.5065 20.5065 
-62.4605 -62.4605 
3.53842e-316 3.53842e-316 
1.06779e+08 1.06779e+08 
1.17885e-307 1.17885e-307 
2.3342e-313 2.3342e-313 
4.35272e-321 4.35272e-321 4.35272e-321 
8.30524e-320 8.30524e-320 8.30524e-320 
-6.37724e+283 -6.37724e+283 -6.37724e+283 
0.00210366 0.00210366 0.00210366 
0.00183845 0.00183845 0.00183845 
0.00157644 0.00157644 0.00157644 
0.00140623 0.00140623 0.00140623 
0.00122488 0.00122488 0.00122488 
0.00104981 0.00104981 0.00104981 
0.000915283 0.000915283 0.000915283 0.000915283 
0.000798739 0.000798739 0.000798739 0.000798739 
0.00069866 0.00069866 0.00069866 0.00069866 
0.000609562 0.000609562 0.000609562 0.000609562 
0.00193328 0.00193328 0.00193328 0.00193328 
0.00193609 0.00193609 0.00193609 0.00193609 
0.00183845 0.00183845 0.00183845 0.00183845 
0.0017652 0.0017652 0.0017652 0.0017652 
0.00149452 0.00149452 0.00149452 0.00149452 
0.00134355 0.00134355 0.00134355 
0.00118278 0.00118278 0.00118278 
0.00102146 0.00102146 0.00102146 
0.000891834 0.000891834 0.000891834 
0.000786486 0.000786486 0.000786486 
0.00069306 0.00069306 0.00069306 
0.000603465 0.000603465 0.000603465 
0.00166685 0.00166685 0.00166685 
0.00165607 0.00165607 0.00165607 
0.00157644 0.00157644 0.00157644 0.00157644 
0.00149452 0.00149452 0.00149452 0.00149452 
0.0013246 0.0013246 0.0013246 0.0013246 
0.00118148 0.00118148 0.00118148 0.00118148 
0.00104132 0.00104132 0.00104132 0.00104132 
0.000899293 0.000899293 0.000899293 0.000899293 
0.000785406 0.000785406 0.000785406 0.000785406 
0.000693787 0.000693787 0.000693787 0.000693787 
0.000614564 0.000614564 0.000614564 0.000614564 
0.000532191 0.000532191 0.000532191 0.000532191 0.000532191 
0.00145269 0.00145269 0.00145269 0.00145269 0.00145269 
0.00148221 0.00148221 0.00148221 0.00148221 0.00148221 
0.00140623 0.00140623 0.00140623 0.00140623 0.00140623 
0.00134355 0.00134355 0.00134355 0.00134355 0.00134355 
0.00118148 0.00118148 0.00118148 0.00118148 0.00118148 
0.00109341 0.00109341 0.00109341 0.00109341 0.00109341 
0.000963206 0.000963206 0.000963206 0.000963206 0.000963206 
0.000833276 0.000833276 0.000833276 0.000833276 0.000833276 
T Models:
(* Fitting with shape 1 1 1 1 1 1 1 1 1 1 0 0 *)
G[T_,xx_]:=Exp[0+xx[[1]]*T^1+xx[[2]]*T^2]*(1)
(* Fitting with shape 1 1 1 1 1 1 1 1 1 1 1 0 *)
G[T_,xx_]:=Exp[0+xx[[1]]*T^1+xx[[2]]*T^2]*(1)
(* Fitting with shape 1 1 1 1 1 1 1 1 1 1 1 1 *)
G[T_,xx_]:=Exp[0+xx[[1]]*T^1+xx[[2]]*T^2]*(1)
(* Fitting with shape 0 1 1 1 1 1 1 1 1 1 0 0 *)
G[T_,xx_]:=Exp[0+xx[[1]]*T^1+xx[[2]]*T^2]*(1)
(* Fitting with shape 0 1 1 1 1 1 1 1 1 1 1 0 *)
G[T_,xx_]:=Exp[0+xx[[1]]*T^1+xx[[2]]*T^2]*(1)
(* Fitting with shape 0 1 1 1 1 1 1 1 1 1 1 1 *)
G[T_,xx_]:=Exp[0+xx[[1]]*T^1+xx[[2]]*T^2]*(1)
(* Fitting with shape 0 0 1 1 1 1 1 1 1 1 0 0 *)
G[T_,xx_]:=Exp[0+xx[[1]]*T^1+xx[[2]]*T^2]*(1)
(* Fitting with shape 0 0 1 1 1 1 1 1 1 1 1 0 *)
G[T_,xx_]:=Exp[0+xx[[1]]*T^1+xx[[2]]*T^2]*(1)
(* Fitting with shape 0 0 1 1 1 1 1 1 1 1 1 1 *)
G[T_,xx_]:=Exp[0+xx[[1]]*T^1+xx[[2]]*T^2]*(1)
(* Fitting with shape 1 1 1 1 1 1 1 1 1 1 0 0 *)
G[T_,xx_]:=Exp[0+xx[[1]]*T^1+xx[[2]]*T^2]*(1+xx[[3]]/(T^1))
(* Fitting with shape 1 1 1 1 1 1 1 1 1 1 1 0 *)
G[T_,xx_]:=Exp[0+xx[[1]]*T^1+xx[[2]]*T^2]*(1+xx[[3]]/(T^1))
(* Fitting with shape 1 1 1 1 1 1 1 1 1 1 1 1 *)
G[T_,xx_]:=Exp[0+xx[[1]]*T^1+xx[[2]]*T^2]*(1+xx[[3]]/(T^1))
(* Fitting with shape 0 1 1 1 1 1 1 1 1 1 0 0 *)
G[T_,xx_]:=Exp[0+xx[[1]]*T^1+xx[[2]]*T^2]*(1+xx[[3]]/(T^1))
(* Fitting with shape 0 1 1 1 1 1 1 1 1 1 1 0 *)
G[T_,xx_]:=Exp[0+xx[[1]]*T^1+xx[[2]]*T^2]*(1+xx[[3]]/(T^1))
(* Fitting with shape 0 1 1 1 1 1 1 1 1 1 1 1 *)
G[T_,xx_]:=Exp[0+xx[[1]]*T^1+xx[[2]]*T^2]*(1+xx[[3]]/(T^1))
(* Fitting with shape 0 0 1 1 1 1 1 1 1 1 0 0 *)
G[T_,xx_]:=Exp[0+xx[[1]]*T^1+xx[[2]]*T^2]*(1+xx[[3]]/(T^1))
(* Fitting with shape 0 0 1 1 1 1 1 1 1 1 1 0 *)
G[T_,xx_]:=Exp[0+xx[[1]]*T^1+xx[[2]]*T^2]*(1+xx[[3]]/(T^1))
(* Fitting with shape 0 0 1 1 1 1 1 1 1 1 1 1 *)
G[T_,xx_]:=Exp[0+xx[[1]]*T^1+xx[[2]]*T^2]*(1+xx[[3]]/(T^1))
(* Fitting with shape 1 1 1 1 1 1 1 1 1 1 0 0 *)
G[T_,xx_]:=Exp[0+xx[[1]]*T^1+xx[[2]]*T^2]*(1+xx[[3]]/(T^1)+xx[[4]]/(T^2))
(* Fitting with shape 1 1 1 1 1 1 1 1 1 1 1 0 *)
G[T_,xx_]:=Exp[0+xx[[1]]*T^1+xx[[2]]*T^2]*(1+xx[[3]]/(T^1)+xx[[4]]/(T^2))
(* Fitting with shape 1 1 1 1 1 1 1 1 1 1 1 1 *)
G[T_,xx_]:=Exp[0+xx[[1]]*T^1+xx[[2]]*T^2]*(1+xx[[3]]/(T^1)+xx[[4]]/(T^2))
(* Fitting with shape 0 1 1 1 1 1 1 1 1 1 0 0 *)
G[T_,xx_]:=Exp[0+xx[[1]]*T^1+xx[[2]]*T^2]*(1+xx[[3]]/(T^1)+xx[[4]]/(T^2))
(* Fitting with shape 0 1 1 1 1 1 1 1 1 1 1 0 *)
G[T_,xx_]:=Exp[0+xx[[1]]*T^1+xx[[2]]*T^2]*(1+xx[[3]]/(T^1)+xx[[4]]/(T^2))
(* Fitting with shape 0 1 1 1 1 1 1 1 1 1 1 1 *)
G[T_,xx_]:=Exp[0+xx[[1]]*T^1+xx[[2]]*T^2]*(1+xx[[3]]/(T^1)+xx[[4]]/(T^2))
(* Fitting with shape 0 0 1 1 1 1 1 1 1 1 0 0 *)
G[T_,xx_]:=Exp[0+xx[[1]]*T^1+xx[[2]]*T^2]*(1+xx[[3]]/(T^1)+xx[[4]]/(T^2))
(* Fitting with shape 0 0 1 1 1 1 1 1 1 1 1 0 *)
G[T_,xx_]:=Exp[0+xx[[1]]*T^1+xx[[2]]*T^2]*(1+xx[[3]]/(T^1)+xx[[4]]/(T^2))
(* Fitting with shape 0 0 1 1 1 1 1 1 1 1 1 1 *)
G[T_,xx_]:=Exp[0+xx[[1]]*T^1+xx[[2]]*T^2]*(1+xx[[3]]/(T^1)+xx[[4]]/(T^2))
(* Fitting with shape 1 1 1 1 1 1 1 1 1 1 0 0 *)
G[T_,xx_]:=Exp[0+xx[[1]]*T^1+xx[[2]]*T^2+xx[[3]]*T^3]*(1)
(* Fitting with shape 1 1 1 1 1 1 1 1 1 1 1 0 *)
G[T_,xx_]:=Exp[0+xx[[1]]*T^1+xx[[2]]*T^2+xx[[3]]*T^3]*(1)
(* Fitting with shape 1 1 1 1 1 1 1 1 1 1 1 1 *)
G[T_,xx_]:=Exp[0+xx[[1]]*T^1+xx[[2]]*T^2+xx[[3]]*T^3]*(1)
(* Fitting with shape 0 1 1 1 1 1 1 1 1 1 0 0 *)
G[T_,xx_]:=Exp[0+xx[[1]]*T^1+xx[[2]]*T^2+xx[[3]]*T^3]*(1)
(* Fitting with shape 0 1 1 1 1 1 1 1 1 1 1 0 *)
G[T_,xx_]:=Exp[0+xx[[1]]*T^1+xx[[2]]*T^2+xx[[3]]*T^3]*(1)
(* Fitting with shape 0 1 1 1 1 1 1 1 1 1 1 1 *)
G[T_,xx_]:=Exp[0+xx[[1]]*T^1+xx[[2]]*T^2+xx[[3]]*T^3]*(1)
(* Fitting with shape 0 0 1 1 1 1 1 1 1 1 0 0 *)
G[T_,xx_]:=Exp[0+xx[[1]]*T^1+xx[[2]]*T^2+xx[[3]]*T^3]*(1)
(* Fitting with shape 0 0 1 1 1 1 1 1 1 1 1 0 *)
G[T_,xx_]:=Exp[0+xx[[1]]*T^1+xx[[2]]*T^2+xx[[3]]*T^3]*(1)
(* Fitting with shape 0 0 1 1 1 1 1 1 1 1 1 1 *)
G[T_,xx_]:=Exp[0+xx[[1]]*T^1+xx[[2]]*T^2+xx[[3]]*T^3]*(1)
(* Fitting with shape 1 1 1 1 1 1 1 1 1 1 0 0 *)
G[T_,xx_]:=Exp[0+xx[[1]]*T^1+xx[[2]]*T^2+xx[[3]]*T^3]*(1+xx[[4]]/(T^1))
(* Fitting with shape 1 1 1 1 1 1 1 1 1 1 1 0 *)
G[T_,xx_]:=Exp[0+xx[[1]]*T^1+xx[[2]]*T^2+xx[[3]]*T^3]*(1+xx[[4]]/(T^1))
(* Fitting with shape 1 1 1 1 1 1 1 1 1 1 1 1 *)
G[T_,xx_]:=Exp[0+xx[[1]]*T^1+xx[[2]]*T^2+xx[[3]]*T^3]*(1+xx[[4]]/(T^1))
(* Fitting with shape 0 1 1 1 1 1 1 1 1 1 0 0 *)
G[T_,xx_]:=Exp[0+xx[[1]]*T^1+xx[[2]]*T^2+xx[[3]]*T^3]*(1+xx[[4]]/(T^1))
(* Fitting with shape 0 1 1 1 1 1 1 1 1 1 1 0 *)
G[T_,xx_]:=Exp[0+xx[[1]]*T^1+xx[[2]]*T^2+xx[[3]]*T^3]*(1+xx[[4]]/(T^1))
(* Fitting with shape 0 1 1 1 1 1 1 1 1 1 1 1 *)
G[T_,xx_]:=Exp[0+xx[[1]]*T^1+xx[[2]]*T^2+xx[[3]]*T^3]*(1+xx[[4]]/(T^1))
(* Fitting with shape 0 0 1 1 1 1 1 1 1 1 0 0 *)
G[T_,xx_]:=Exp[0+xx[[1]]*T^1+xx[[2]]*T^2+xx[[3]]*T^3]*(1+xx[[4]]/(T^1))
(* Fitting with shape 0 0 1 1 1 1 1 1 1 1 1 0 *)
G[T_,xx_]:=Exp[0+xx[[1]]*T^1+xx[[2]]*T^2+xx[[3]]*T^3]*(1+xx[[4]]/(T^1))
(* Fitting with shape 0 0 1 1 1 1 1 1 1 1 1 1 *)
G[T_,xx_]:=Exp[0+xx[[1]]*T^1+xx[[2]]*T^2+xx[[3]]*T^3]*(1+xx[[4]]/(T^1))
(* Fitting with shape 1 1 1 1 1 1 1 1 1 1 0 0 *)
G[T_,xx_]:=Exp[0+xx[[1]]*T^1+xx[[2]]*T^2+xx[[3]]*T^3]*(1+xx[[4]]/(T^1)+xx[[5]]/(T^2))
(* Fitting with shape 1 1 1 1 1 1 1 1 1 1 1 0 *)
G[T_,xx_]:=Exp[0+xx[[1]]*T^1+xx[[2]]*T^2+xx[[3]]*T^3]*(1+xx[[4]]/(T^1)+xx[[5]]/(T^2))
(* Fitting with shape 1 1 1 1 1 1 1 1 1 1 1 1 *)
G[T_,xx_]:=Exp[0+xx[[1]]*T^1+xx[[2]]*T^2+xx[[3]]*T^3]*(1+xx[[4]]/(T^1)+xx[[5]]/(T^2))
(* Fitting with shape 0 1 1 1 1 1 1 1 1 1 0 0 *)
G[T_,xx_]:=Exp[0+xx[[1]]*T^1+xx[[2]]*T^2+xx[[3]]*T^3]*(1+xx[[4]]/(T^1)+xx[[5]]/(T^2))
(* Fitting with shape 0 1 1 1 1 1 1 1 1 1 1 0 *)
G[T_,xx_]:=Exp[0+xx[[1]]*T^1+xx[[2]]*T^2+xx[[3]]*T^3]*(1+xx[[4]]/(T^1)+xx[[5]]/(T^2))
(* Fitting with shape 0 1 1 1 1 1 1 1 1 1 1 1 *)
G[T_,xx_]:=Exp[0+xx[[1]]*T^1+xx[[2]]*T^2+xx[[3]]*T^3]*(1+xx[[4]]/(T^1)+xx[[5]]/(T^2))
(* Fitting with shape 0 0 1 1 1 1 1 1 1 1 0 0 *)
G[T_,xx_]:=Exp[0+xx[[1]]*T^1+xx[[2]]*T^2+xx[[3]]*T^3]*(1+xx[[4]]/(T^1)+xx[[5]]/(T^2))
(* Fitting with shape 0 0 1 1 1 1 1 1 1 1 1 0 *)
G[T_,xx_]:=Exp[0+xx[[1]]*T^1+xx[[2]]*T^2+xx[[3]]*T^3]*(1+xx[[4]]/(T^1)+xx[[5]]/(T^2))
(* Fitting with shape 0 0 1 1 1 1 1 1 1 1 1 1 *)
G[T_,xx_]:=Exp[0+xx[[1]]*T^1+xx[[2]]*T^2+xx[[3]]*T^3]*(1+xx[[4]]/(T^1)+xx[[5]]/(T^2))
Probabilities: 
         0          0          0          0          0          0          0          0          0          0          0          0          0          0          0          0          0          0          0          0          0          0          0          0          0          0          0          0          0          0          0          0          0          0          0          0          0          0          0          0          0          0          1          0          0          0          0          0          0          0          0          0          0          0
         0          0          0          0          0          0          0          0          0          0          0          0          0          0          0          0          0          0          0          0          0          0          0          0   0.408188          0          0          0          0          0          0          0          0          0          0          0          0          0          0          0          0          0  0.0231196          0          0          0          0          0          0          0          0   0.568693          0          0
         0          0          0          0          0          0          0          0          0          0          0          0          0          0          0          0          0          0          0          0          0          0          0          0   0.504469          0          0          0          0          0          0          0          0          0          0          0          0          0          0          0          0          0          0          0          0          0          0          0          0          0          0   0.495531          0          0
         0          0          0          0          0          0          0          0          0          0          0          0          0          0          0          0          0          0          0          0          0          0          0          0          1          0          0          0          0          0          0          0          0          0          0          0          0          0          0          0          0          0          0          0          0          0          0          0          0          0          0          0          0          0
         0          0          0          0          0          0          0          0          0          0          0          0          0          0          0          0          0          0          0          0          0          0          0          0          0          0          0          0          0          0          0          0          0          0          0          0          0          0          0          0          0          0   0.360459          0          0          0          0          0          0          0          0   0.639541          0          0
         0          0          0          0          0          0          0          0          0          0          0          0          0          0          0          0          0          0          0          0          0  0.0113416          0          0          0   0.375358          0          0          0          0          0          0          0          0          0          0          0          0          0 0.00867977          0          0          0          0          0          0          0          0   0.435581          0          0          0    0.16904          0
         0          0          0          0          0          0          0          0          0          0          0          0          0          0          0          0          0          0          0          0          0          0          0          0          0          0          0          0          0          0          0          0          0          0          0          0          0          0          0          0          0          0          0          0          0          0          0          0          0          0          0          1          0          0
         0          0          0          0          0          0          0          0          0          0          0          0          0          0          0          0          0          0          0          0          0          0          0          0          0          0          0          0          0          0          0          0          0          0          0          0          0          0          0          0          0          0   0.495318          0          0          0          0          0          0          0          0   0.504682          0          0
         0          0          0          0          0          0          0          0          0          0          0          0          0          0          0          0          0          0          0          0          0          0          0          0          0          0          0          0          0          0          0          0          0          0          0          0          0          0          0          0          0          0          0          0          0          0          0          0          0          0          0          1          0          0
         0          0          0          0          0          0          0          0          0          0          0          0          0          0          0          0          0          0          0          0          0          0          0          0   0.569766          0          0          0          0          0          0          0          0          0          0          0          0          0          0          0          0          0   0.220552          0          0          0          0          0          0          0          0   0.209682          0          0
         0          0          0          0          0          0          0          0          0          0          0          0          0          0          0          0          0          0          0          0          0          0          0          0   0.716413          0          0          0          0          0          0          0          0          0          0          0          0          0          0          0          0          0   0.283587          0          0          0          0          0          0          0          0          0          0          0
         0          0          0          0          0          0          0          0          0          0          0          0          0          0          0          0          0          0          0          0          0          0          0          0   0.558218          0          0          0          0          0          0          0          0          0          0          0          0          0          0          0          0          0   0.236344          0          0          0          0          0          0          0          0   0.205437          0          0

Values: 
  0.0546896   0.0545839   0.0544851    0.695322    0.812135   0.0543972   0.0477319   0.0542677   0.0542127   0.0541652   0.0540978   0.0540591    0.803062   0.0537791     0.75242    0.223384    0.275867    0.135295   0.0536502   0.0252576   0.0224242   0.0534617   0.0534428   0.0534195    0.367591   0.0533585    0.382508   0.0565965     1.16661     1.17317     1.20293     1.20628     1.18063     1.24236     1.00257     1.01563    0.938559    0.948789   0.0553913     0.80121   0.0549176     1.19615   0.0546861   0.0545539     1.44519   0.0546812   0.0545324    0.823304   0.0541147    -5.90721     2.30384     1.67791     3.14796      1.0388
  0.0798912   0.0794315    0.079277    0.082605   0.0792566   0.0791664   0.0866889   0.0790835   0.0891622   0.0790649   0.0787497   0.0786757   0.0784817   0.0782739   0.0758928   0.0781431   0.0780324   0.0779494   0.0780544    0.104251    0.072841   0.0775315   0.0775044    0.104248   0.0772814   0.0773046    0.570568    0.210174      1.1639    0.940918     1.31761   0.0839992     1.27072     1.02988     1.01612     1.18102    0.890792    0.885462    0.889907   0.0818036    0.209669     1.26482   0.0808038    0.240017   0.0800321    0.857452    0.865659    0.849306   0.0793183   0.0787749    0.871061   0.0785802     1.33293     1.47722
  0.0961319   0.0952724   0.0947663    0.844059   0.0949714   0.0946059   0.0977788   0.0946254   0.0943094   0.0946067   0.0940254   0.0937646   0.0934929    0.893194    0.893654    0.348366    0.135888   0.0924578   0.0927064    0.092452   0.0922851   0.0916578    0.850039    0.850139    0.091101    0.382478    0.389325     1.37952     1.16943     1.16873     1.12596     1.10477      1.1049     1.31416     1.06874      1.0681    0.101671    0.100863    0.100422     1.25108     1.61055     0.72277    0.967244   0.0970466    0.961683    0.906816    0.907911    0.908391  -0.0141717    0.985879   0.0938208   0.0938894    0.265748     1.13993
    0.10999    0.108683    0.107847     0.13088    0.126493    0.128556    0.125645    0.139147      0.1183    0.107483    0.106566    0.106107    0.105618    0.155575    0.149634    0.104542    0.104238    0.103946    0.104391    0.104001    0.103755    0.138124    0.102638     0.10247    0.101725    0.101967    0.101853    0.390428     1.07385     1.07333     1.11172     1.18985      1.2649     1.26725       1.272     1.04599    0.118095    0.116883    0.116236    0.115817    0.114262     1.67286     1.13298    0.111176     1.28559    0.114056    0.112183 -0.00702069    0.912684     1.01745    0.952063    0.857476    0.101674    0.102863
    0.12325    0.121752    0.120716    0.122297    0.120927    0.189479    0.134621    0.778315    0.791782     0.11969    0.118549    0.117937    0.117973    0.115058     0.11578    0.218544    0.539437     0.46099    0.115223    0.152831    0.160066     0.11747    0.112669    0.128552    0.620302      0.1117    0.111563     1.01736     1.02228     1.02256     1.13821      1.1171     1.11297     1.15502           1     1.21261    0.294822  -0.0276964    0.131353    0.878733     0.91879   0.0365588    0.127472     1.36556    0.123466    0.884945    0.126411   0.0620601    0.121932    0.889272    0.117409     0.11699     1.12424     1.90095
   0.136456    0.134909    0.133605    0.200121    0.303937    0.163375    0.173648    0.133903    0.131433    0.131776    0.130461    0.129698    0.205796    0.127186    0.130531    0.186121    0.356716    0.429473    0.125923     0.19395    0.202696    0.122379    0.122529    0.291429    0.537285     0.12122    0.121034     1.14901     1.14782     1.14708     1.33628     1.10894     1.10198      1.2536     1.17089    0.996203    0.958943    0.920903    0.930467    0.146756    0.934963    0.142069    0.847626    0.137938     1.12402    0.877697    0.878928    0.138608    0.135027   -0.476058    0.128684     1.09714    0.116658     1.26573
   0.149636    0.148222    0.146762     0.37911    0.154349    0.145468    0.146125    0.293082    0.159953    0.143891     0.14253    0.141667     0.43156    0.138305    0.137727    0.136619    0.136153    0.205495    0.156823    0.135966    0.141346    0.269791     0.88019    0.132158    0.404412    0.190617    0.209482    0.978621    0.990886     1.00054     1.09118     1.09136     1.09353     1.04015     1.10391     1.05802    0.957523    0.958374    0.959343    0.161797    0.943806    0.156276    0.852109     1.11253     1.33543    0.159658     0.87395    0.152536     0.68557    0.139471     1.19319    0.136967    0.121975    0.819057
   0.162334    0.161074    0.159469    0.186883    0.264473    0.157755    0.300843      0.1566    0.155627    0.155548    0.154182    0.153256    0.180935    0.149248    0.148607    0.147079    0.146661    0.146035     0.24275    0.146586    0.146046    0.253067    0.142509    0.223208     0.55273    0.527215    0.532959     1.04071    0.186133     1.05928     1.10337     1.09884     1.25604    0.182133    0.996466    0.990912    0.972391    0.971319    0.173595    0.914219    0.171126    0.169471     0.16943    0.162748    0.161665    0.871847    0.872235    0.871897    0.877243    0.654207    0.906317    0.145896     3.55712    0.137582
   0.173882     0.17304    0.171467    0.217881    0.170465    0.169286    0.180335    0.259275    0.229286    0.166206    0.165062    0.164159    0.160807     0.15961    0.271685    0.156893    0.156597    0.155984    0.157467    0.156693    0.156168    0.367732    0.152086    0.341979    0.516006    0.501264    0.149962    0.953634    0.944517     0.92373      1.1407     1.25007     1.21257     1.33584    0.983323    0.998962    0.189099    0.955663    0.150301    0.188069    0.892812    0.948642    0.769443    0.172864     1.42318    0.186433    0.179099     0.87182    0.623503   -0.038693    0.982161    0.152201    0.940176     1.08186
   0.183261    0.182821    0.181445    0.252097    0.207651    0.178724    0.177859    0.187455    0.176067    0.174871    0.173983    0.173177    0.169383    0.168349    0.214992    0.453473    0.165018    0.164456     0.16594    0.165307    0.164816    0.264671    0.160309    0.249825    0.155367    0.158562    0.158274      1.3113    0.207782      1.3257     1.12291     1.38924     1.15692     1.30187     1.33551    0.198229    0.975137    0.975193    0.193093    0.942521     1.38078     1.13949    0.189957    0.621709    0.701504    0.869273    0.869843    0.869774    0.888262    0.938884    0.962282    0.156161    0.625052     0.14547
   0.189531     0.18933    0.188056    0.186315     0.18592    0.346829    0.183789    0.221532    0.182215    0.180669     0.17995    0.179172    0.268388    0.174208     0.17363    0.404217    0.170669    0.170138    0.171633    0.171092    0.170625    0.393331    0.165863     0.16559    0.160438    0.164157    0.163983     1.16566      1.1648     1.16272     1.10366     1.10476    0.205742    0.994506     1.05902     1.03057    0.974726    0.974998    0.198436     1.34747    0.196849    0.996032     0.19606     1.33631    0.184878    0.867311    0.867872    0.191367    -30.8061    0.882802     1.10612    -9.19437    0.122218     1.88265
   0.191785    0.191664    0.190463    0.188426    0.195654    0.187196    0.232253    0.202153    0.184419     0.18272    0.182067    0.161211    0.178734    0.176283    0.341747    0.172642    0.447404     0.47762    0.173653    0.173147    0.172719    0.166353    0.333732    0.346767    0.162313     0.16617    0.166104     1.16703     1.16747     1.15244     1.15899     1.15244     1.10495    0.987188     1.08296     1.29064    0.968685    0.969936    0.100101    0.847233     1.10832    0.920844    0.198289    0.922695    0.717936    0.868724    0.195734    0.869967    0.797389    0.168951    0.170904    0.161409    0.110344    0.146137

Errors: 
1.26114e-05 1.24718e-05 1.20747e-05    0.593342    0.507012 1.20854e-05 2.70156e-05 1.26747e-05 1.22556e-05 1.30771e-05 1.28107e-05   1.232e-05    0.395567 1.33975e-05    0.505643 0.000725913    0.416113 0.000106215 1.44337e-05           1           1 1.64216e-05 1.53497e-05 1.45697e-05    0.508312 1.84898e-05    0.498387 1.81956e-05           0           0           0           0           0     1.00002     1.00311     1.00739 4.14885e-05    0.841142 2.05907e-05 4.02626e-05 2.98213e-05 1.13803e-05 4.70581e-05 3.96434e-05 7.11576e-06  4.5282e-05 3.88324e-05    1.59e-05 8.44335e-05     1.00002 3.01007e-06     1.00002           1  0.00133135
3.45755e-05           0 3.15633e-05           0 3.31913e-05 3.16491e-05           0  3.3588e-05           0 3.55909e-05 3.37359e-05 3.21239e-05  3.7707e-05 3.48092e-05           0 4.02639e-05 3.52666e-05 3.43852e-05 4.14435e-05           0           0 5.13017e-05 4.26606e-05           0 7.35537e-05 5.89701e-05           0           0           0           0           0 6.29064e-05           0     1.06156     1.01324     1.00128           0           0           0 0.000128613           1           1  0.00019541           1 0.000132322 0.000133688 0.000182098 0.000134685 0.000368441 0.000297648 6.28807e-05  0.00078878 0.000155201 0.000537836
          0 6.50355e-05 6.08325e-05           0 6.55936e-05 6.24878e-05           0 6.57551e-05 6.13589e-05 7.12551e-05 6.68207e-05 6.20919e-05 7.75995e-05           0           0           0           0 6.80021e-05 8.60973e-05 7.49497e-05 7.11614e-05  0.00011333           0           0 0.000176075           0           0           0           0           0           0           0           0     1.00025      1.0527     1.05413 0.000188523  0.00016077  0.00015515     1.00003           1     1.00003           0 0.000384299     1.00352  0.00104048  0.00110766  0.00114726     1.02226  0.00539684 0.000515895  0.00192496     1.00094 0.000103072
0.000113446 0.000107782 0.000101139           0           0           0           0           0           0 0.000119391 0.000112167 0.000104326 0.000134933           0           0 0.000150088 0.000126493 0.000117493 0.000151899  0.00012938 0.000119124           0 0.000173323 0.000152251 0.000332796 0.000254975  0.00021111           0           0           0           0     1.00223       1.001     1.00091     1.00088     1.06702 0.000321867 0.000280458 0.000265892 0.000542091 0.000457109           1           1 0.000717132       1.011 0.000759526 0.000635881 0.000109361     1.00029 0.000251517 0.000225309 0.000487045  0.00265047  0.00194882
0.000167214 0.000162448  0.00015255 0.000169603 0.000163854           0           0           0           0 0.000176122 0.000167684 0.000155883           0           0 0.000171533           0           0           0  0.00024333           0           0           0 0.000266445           0           0 0.000417297 0.000349288           0           0           0           0           0           0     1.02712           0     1.00559           0     1.00001 0.000408738     1.00003     1.00001     1.00001  0.00143205     1.00092 0.000923571  0.00164082  0.00101093 6.11102e-05  0.00275495   0.0016187  0.00157962  0.00564341     2.63868     1.00002
0.000237725 0.000233678 0.000220892           0           0           0     1.00002           0 0.000225026  0.00025699  0.00023936 0.000230377           0  0.00028105           0           0           0           0 0.000359125           0           0 0.000501781  0.00040219           0           0 0.000623473 0.000529667           0           0           0     1.00053           0           0     1.00169     1.01785           0           0           0           0  0.00125715           1 0.000957226     1.00046  0.00169347   0.0326115  0.00484489  0.00269124  0.00130916  0.00392114   0.0228929  0.00235974 5.83465e-06  0.00646403    0.191419
0.000331265 0.000324476 0.000309691           0           0 0.000311506  0.00033954           0           0 0.000351617 0.000338263 0.000318959           0 0.000385176 0.000355912  0.00048861 0.000414773           0           0 0.000424897     1.00023           0           0 0.000516989           0     1.00217           0           0           0           0           0           0           0     1.20486     1.16898     1.32497           0           0           0  0.00166638     1.00068  0.00137385     1.00481      1.0014     1.00004  0.00234023     3.98022  0.00178615   0.0101659  0.00442176 0.000114718   0.0108658  0.00895216     1.00016
 0.00042517 0.000432268 0.000412905           0           0 0.000411403           0 0.000441894 0.000421475 0.000454775  0.00044539 0.000419969           0 0.000510613  0.00047461 0.000649925 0.000552446 0.000519761           0 0.000564487  0.00053121           0 0.000740469           0           0           0           0           0  0.00076768           0           0           0           0  0.00114301           0           0           0           0  0.00105986     1.00017  0.00179872  0.00167864  0.00377794  0.00307205  0.00253913     5.18819     3.03889     3.88118 0.000696913   0.0138835     1.00018   0.0136486           1  0.00869086
0.000540827 0.000548831 0.000531286           0 0.000543667 0.000525563           0           0           0 0.000566955 0.000560516 0.000537741 0.000703845 0.000648743           0 0.000818085  0.00070533 0.000665762 0.000827298 0.000728779 0.000677512           0 0.000934838           0           0           0  0.00128428           0           0           0           0           0           0     1.00437     1.16777     1.11867  0.00154037           0           1  0.00262293     1.00507     1.01403     1.00659  0.00382545     1.00004  0.00361862  0.00306151  0.00801356           1  0.00165441   0.0156964   0.0163281  0.00100835     1.00006
0.000649261           0           0           0           0 0.000625948 0.000661469           0 0.000637126 0.000669315 0.000674903 0.000640044 0.000831171 0.000740635           0           0 0.000839258 0.000795048 0.000922963 0.000867335 0.000824191           0  0.00113212           0  0.00238269  0.00177086  0.00156288           0 0.000970206           0           0     1.00091           0           0     1.00529  0.00129886           0           0  0.00134131           0     1.00008     1.00044  0.00551492     1.00833     1.00191     6.48757     3.25767    0.288017     1.00032    0.017784    0.212624    0.018512   0.0205512   0.0128339
0.000729481           0           0 0.000711724 0.000723568           0 0.000737058           0 0.000718896 0.000745264 0.000744259 0.000748369           0 0.000870153 0.000848902           0 0.000957337 0.000912119  0.00108447 0.000976006 0.000929249           0  0.00127428  0.00119556  0.00267371   0.0019801  0.00174921           0           0           0           0           0  0.00122294           0     1.19275           0           0           0  0.00151975     1.00009  0.00257887      1.0004  0.00596581     1.00001  0.00408533     3.38888     5.49255  0.00352532   0.0364816  0.00170132     1.00027     1.00418    0.018566  0.00534647
0.000761043           0           0 0.000740234           0 0.000736135           0           0 0.000747956 0.000773381 0.000791595           0           0 0.000910895           0  0.00112042           0           0  0.00112854  0.00102558 0.000966583  0.00160548           0           0   0.0027384   0.0020412  0.00179523           0           0           0           0           0           0           0     1.11762     1.00566           0           0           1     1.00002     1.00052      1.0323  0.00596022     1.00465     1.00019  0.00437768  0.00390133  0.00463135  0.00759101  0.00941552  0.00742994   0.0204498           1   0.0147322

Statuses: 
0 0 0 3 3 0 3 0 0 0 0 0 3 0 3 3 3 3 0 3 3 0 0 0 3 0 3 0 3 3 3 3 3 3 3 3 3 3 0 3 0 3 0 0 3 0 0 3 0 3 3 3 3 3
0 2 0 3 0 0 3 0 3 0 0 0 0 0 3 0 0 0 0 3 3 0 0 3 0 0 3 3 3 3 3 0 3 3 3 3 3 3 3 0 3 3 0 3 0 3 3 3 0 0 3 0 3 3
2 0 0 3 0 0 3 0 0 0 0 0 0 3 3 3 3 0 0 0 0 0 3 3 0 3 3 3 3 3 3 3 3 3 3 3 0 0 0 3 3 3 3 0 3 3 3 3 3 3 0 0 3 3
0 0 0 3 3 3 3 3 3 0 0 0 0 3 3 0 0 0 0 0 0 3 0 0 0 0 0 3 3 3 3 3 3 3 3 3 0 0 0 0 0 3 3 0 3 0 0 3 3 3 3 3 0 0
0 0 0 0 0 3 3 3 3 0 0 0 3 3 0 3 3 3 0 3 3 3 0 3 3 0 0 3 3 3 3 3 3 3 3 3 3 3 0 3 3 3 0 3 0 3 0 3 0 3 0 0 3 3
0 0 0 3 3 3 3 3 0 0 0 0 3 0 3 3 3 3 0 3 3 0 0 3 3 0 0 3 3 3 3 3 3 3 3 3 3 3 3 0 3 0 3 0 3 3 3 0 0 3 0 3 0 3
0 0 0 3 3 0 0 3 3 0 0 0 3 0 0 0 0 3 3 0 3 3 3 0 3 3 3 3 3 3 3 3 3 3 3 3 3 3 3 0 3 0 3 3 3 0 3 0 3 0 3 0 0 3
0 0 0 3 3 0 3 0 0 0 0 0 3 0 0 0 0 0 3 0 0 3 0 3 3 3 3 3 0 3 3 3 3 0 3 3 3 3 0 3 0 0 0 0 0 3 3 3 3 3 3 0 3 0
0 0 0 3 0 0 3 3 3 0 0 0 0 0 3 0 0 0 0 0 0 3 0 3 3 3 0 3 3 3 3 3 3 3 3 3 0 3 3 0 3 3 3 0 3 0 0 3 3 0 3 0 3 3
0 2 2 3 3 0 0 3 0 0 0 0 0 0 3 3 0 0 0 0 0 3 0 3 0 0 0 3 0 3 3 3 3 3 3 0 3 3 0 3 3 3 0 3 3 3 3 3 3 3 3 0 3 0
0 2 2 0 0 3 0 3 0 0 0 0 3 0 0 3 0 0 0 0 0 3 0 0 0 0 0 3 3 3 3 3 0 3 3 3 3 3 0 3 0 3 0 3 0 3 3 0 1 3 3 3 0 3
0 2 2 0 3 0 3 3 0 0 0 3 3 0 3 0 3 3 0 0 0 0 3 3 0 0 0 3 3 3 3 3 3 3 3 3 3 3 3 3 3 3 0 3 3 3 0 3 3 0 0 0 3 0
chisq per dof: 
25.6995 25.1295 23.4221 96506.5 85679.6 16.5507   45456 14.0591 12.6817 8.83782 8.41683 7.68731  114806 3.49185 88379.4 79142.3 70251.4 50053.1 2.41524 37728.5 38550.8 1.89071 1.75455 1.66992  137003 1.81266 95348.4 8.62871 90078.1 81605.3  120866  103759 92988.4  137790  115430  102144  120350  102418 2.95895  142600 1.95113 99556.5 2.03934 1.86935  117344 2.09289  1.9576  104717  2.2549  139750  117993  205294  172607  143001
 12.287 12.6266 11.6372 257.721 9.06507 8.23237 2299.96  7.3671 2529.82 4.36395  4.5942 4.23518 2.40791 2.41375 1087.13 1.87628 1.77369 1.72949 2.02517 5644.98  4781.4 1.83564 1.69744 2356.49 2.00591 1.80513 7509.13 5267.78 6629.11 5748.13  8747.9 2.42069 6593.63 10031.9 8460.64 7287.15 8672.09 7570.56 6581.28 1.87569 4614.12  7159.1 2.01595 2483.84  1.7097 10686.5 9035.03 7653.29 2.25318 2.01111 8737.09 2.66834 12572.2 10090.1
8.29029 8.81882 8.39273 1524.08 6.28347 5.89574 762.155 5.17611 4.81684 3.24414 3.44246 3.26141 2.11465 1593.73 1394.72 1586.29 429.291 1.63758 1.92954 1.83352 1.76129 1.82799 1848.73 1584.79 2.00471 1745.13 1449.86 1750.22 1487.84 1324.37 2002.22  1729.7 1513.83 2191.59 1897.36 1626.49 1.76795 1.73746 1.74529 2173.16 1855.71 1687.08 2797.81 1.82972 1885.95  2494.7 2096.78 1798.78 18.0582 2408.01 1.84338 2.66836 2629.86 2105.52
6.22898 6.83116 6.61953 106.113 281.344 251.062 205.574 71.1335 29.6317 2.72795 2.90645 2.79486 1.95545 233.313 200.686 1.73468 1.62962 1.57823 1.87109 1.77053 1.69488 353.236  1.6847 1.59301 2.00378 1.80489 1.67148 388.967 515.876 461.192 718.325   619.4 541.655 768.637 663.384 576.815 1.72289 1.67291 1.64875 1.82865 1.72337  568.37  917.73 1.82366 664.271 2.01859 1.87164 625.441 987.286 788.085 623.607 953.977 2.25609 2.00539
  4.879 5.36348 5.19512 3.44403 3.90087 75.2504 28.3052 235.446 206.566 2.36283 2.49656 2.41095 35.2464 24.4095 1.72416 133.733 243.311 200.094 1.83573 181.608 160.944 174.858 1.68174 36.2185 367.293 1.80521 1.67142 260.409 238.523 212.962 329.045 284.252 249.026  362.18 312.683 261.054 296.729 220.205 1.59809 326.884 279.657 243.653 2.00729   352.7 1.68756 405.415   1.867 180.165 2.25319 391.698 1.84218 2.66905 453.357 358.499
3.99367 4.36567 4.27175 34.4741 71.2605 44.4237  100.78 8.69496 2.64783 2.12847 2.22898 2.15766 48.6306 1.71777 4.96684 64.7189  100.27 95.7848 1.80733 104.517 92.3416 1.81567 1.68001 76.9754 178.551 1.80588 1.67191 148.269 131.906 118.204 171.986 156.422 137.282 188.702 165.742 142.571 179.167 151.388 131.912 1.81642 149.686 1.61944  235.28 1.81988 158.787 221.266 186.466 1.74859 2.25334 199.545 1.84238 211.405 2.25665 158.632
3.32848 3.58381  3.5246  53.565 12.1336 2.61873 2.25135 42.4809 4.44371 1.94246   2.003 1.94207 72.6694  1.6558  1.5892 1.66624 1.55891  20.044 76.4985 1.67934 40.7381  51.441 95.5373 1.58419 90.4375 57.8996 47.4239 88.9475 77.7217  68.712 113.906 98.2042 86.3078 121.247 102.848 88.3663 113.425 98.3315 86.7649  1.8132  113.87 1.60822 151.477 106.614 94.7723  2.0111 115.608 1.74236 167.399 2.01044 90.3644 2.66957 2.25628 118.098
2.83102 2.98298 2.94066 5.48672 27.9151 2.22747 37.3344 2.09779 2.00789 1.80592 1.83471 1.77723 8.73226 1.60453 1.54029 1.65215 1.54517 1.47907 56.8371 1.65852 1.58223 28.2587 1.67689 14.4909 64.7739 52.6454 44.4375 69.7814 1.64535 48.7072 79.2857 68.3175 55.0017 1.62282 70.7139 60.8095 81.4761 69.9162 1.53457 71.7875 1.69445 1.60181 2.00619 1.81711 1.68135 96.4522 81.0786 69.3482 78.3484 92.0587 80.4501 2.67017 99.7443 2.00757
2.49357 2.56948 2.52992 5.96668 1.98288  1.9379 2.74858 15.5794  10.662   1.706 1.70245 1.64886 1.63848  1.5648 12.5166 1.64116 1.53489 1.46595  1.7448   1.642 1.56545 28.9363 1.67627 19.7458 44.9747 37.1713 1.67372 47.9429 40.8277 33.8419 51.5912 48.1338 44.0424 58.0739 53.8105  46.312 1.67548 54.7353 19.9152 1.81025  61.496 53.2733 72.9176 1.81667 40.0725 2.00968 1.85611 54.3976 31.4183  2.2245  43.335   2.671 77.3421 58.8468
2.25832 2.27793 2.23401 6.96437 4.98923  1.7466 1.71936 3.38699 1.65549 1.64137 1.61604 1.56412 1.61201 1.53585 5.09401 22.2373 1.52827 1.45771 1.73221 1.62959 1.55348 12.8875 1.67609  9.4382 2.00339 1.80905 1.67433 46.6823 1.55948 37.0003 51.6119 41.4023 39.2137 48.5147 41.6911 1.46991 53.5551 46.2664  1.5242 61.8368 49.6788 44.1537 2.00671 49.1496 42.1772 62.3076 52.6275 44.9235 77.2627   45.16 31.3188 2.67119 63.7743 2.00823
2.11879 2.10825 2.06887 1.67693 1.68942 13.6611 1.66027 4.52934 1.58554 1.60755 1.57249  1.5224 8.51525 1.52212 1.46081 16.6247 1.52539 1.45376 1.72634 1.62386 1.54771 20.0967 1.67629 1.58009 2.00343 1.80978 1.67486  39.025 34.5991 31.5263 46.7416 40.3057 1.41438 47.4773 40.2651 34.7684 48.2425 41.7484 1.52244 54.8465 1.68971 35.3705 2.00667 30.5024 1.68068 56.0384 47.1731 1.73502 59.6068 41.3242 46.5327 55.4777 2.25758 42.3231
2.07071 2.05084 2.01176 1.65151 1.90704 1.61444 4.23931 2.38031 1.56118  1.5967 1.55815  2.9386 2.54886 1.51745 10.7799 1.62938 16.3296 14.9861  1.7242 1.62183 1.54553 1.80777 12.7206 11.4837 2.00354 1.80998 1.67499 37.5557 32.8218 30.5985  45.102 38.9065 34.4748 45.7513 38.7385 30.6919 45.9913 39.8491 8.02892 28.1794 40.5247 39.2825 2.00654 44.9671 38.7483 57.1791 1.85444 40.8047 63.6622 2.01161 1.84312 2.67138 24.1425 2.00828
Mode averaged potential and errors: 
  0.0546861 4.70581e-05
  0.0781014 0.000964668
  0.0924828  0.00194819
   0.101725 0.000332796
   0.120768  0.00681449
   0.126698  0.00872614
   0.136967   0.0108658
   0.157553   0.0154766
   0.152201   0.0163281
   0.163163   0.0168833
    0.17054   0.0165236
    0.17063   0.0183136
R Models:
(* Fitting with shape 1 1 1 1 1 1 1 1 0 0 0 0 *)
G[R_,xx_]:=xx[[0]] + xx[[1]]/R | xx[[2]]*R
(* Fitting with shape 1 1 1 1 1 1 1 1 1 0 0 0 *)
G[R_,xx_]:=xx[[0]] + xx[[1]]/R | xx[[2]]*R
(* Fitting with shape 1 1 1 1 1 1 1 1 1 1 0 0 *)
G[R_,xx_]:=xx[[0]] + xx[[1]]/R | xx[[2]]*R
(* Fitting with shape 1 1 1 1 1 1 1 1 1 1 1 0 *)
G[R_,xx_]:=xx[[0]] + xx[[1]]/R | xx[[2]]*R
(* Fitting with shape 1 1 1 1 1 1 1 1 1 1 1 1 *)
G[R_,xx_]:=xx[[0]] + xx[[1]]/R | xx[[2]]*R
(* Fitting with shape 0 1 1 1 1 1 1 1 0 0 0 0 *)
G[R_,xx_]:=xx[[0]] + xx[[1]]/R | xx[[2]]*R
(* Fitting with shape 0 1 1 1 1 1 1 1 1 0 0 0 *)
G[R_,xx_]:=xx[[0]] + xx[[1]]/R | xx[[2]]*R
(* Fitting with shape 0 1 1 1 1 1 1 1 1 1 0 0 *)
G[R_,xx_]:=xx[[0]] + xx[[1]]/R | xx[[2]]*R
(* Fitting with shape 0 1 1 1 1 1 1 1 1 1 1 0 *)
G[R_,xx_]:=xx[[0]] + xx[[1]]/R | xx[[2]]*R
(* Fitting with shape 0 1 1 1 1 1 1 1 1 1 1 1 *)
G[R_,xx_]:=xx[[0]] + xx[[1]]/R | xx[[2]]*R
(* Fitting with shape 0 0 1 1 1 1 1 1 0 0 0 0 *)
G[R_,xx_]:=xx[[0]] + xx[[1]]/R | xx[[2]]*R
(* Fitting with shape 0 0 1 1 1 1 1 1 1 0 0 0 *)
G[R_,xx_]:=xx[[0]] + xx[[1]]/R | xx[[2]]*R
(* Fitting with shape 0 0 1 1 1 1 1 1 1 1 0 0 *)
G[R_,xx_]:=xx[[0]] + xx[[1]]/R | xx[[2]]*R
(* Fitting with shape 0 0 1 1 1 1 1 1 1 1 1 0 *)
G[R_,xx_]:=xx[[0]] + xx[[1]]/R | xx[[2]]*R
(* Fitting with shape 0 0 1 1 1 1 1 1 1 1 1 1 *)
G[R_,xx_]:=xx[[0]] + xx[[1]]/R | xx[[2]]*R
(* Fitting with shape 0 0 0 1 1 1 1 1 0 0 0 0 *)
G[R_,xx_]:=xx[[0]] + xx[[1]]/R | xx[[2]]*R
(* Fitting with shape 0 0 0 1 1 1 1 1 1 0 0 0 *)
G[R_,xx_]:=xx[[0]] + xx[[1]]/R | xx[[2]]*R
(* Fitting with shape 0 0 0 1 1 1 1 1 1 1 0 0 *)
G[R_,xx_]:=xx[[0]] + xx[[1]]/R | xx[[2]]*R
(* Fitting with shape 0 0 0 1 1 1 1 1 1 1 1 0 *)
G[R_,xx_]:=xx[[0]] + xx[[1]]/R | xx[[2]]*R
(* Fitting with shape 0 0 0 1 1 1 1 1 1 1 1 1 *)
G[R_,xx_]:=xx[[0]] + xx[[1]]/R | xx[[2]]*R
1.57529 1.57529 1.57529 
1.33191 1.33191 1.33191 
1 1 1 
2.16373 2.16373 2.16373 
-2.34288 -2.34288 -2.34288 
3.53842e-316 3.53842e-316 3.53842e-316 
1.06779e+08 1.06779e+08 1.06779e+08 
1.17885e-307 1.17885e-307 1.17885e-307 
2.3342e-313 2.3342e-313 2.3342e-313 
4.35272e-321 4.35272e-321 4.35272e-321 
8.30524e-320 8.30524e-320 8.30524e-320 
-6.37724e+283 -6.37724e+283 -6.37724e+283 
0.00210366 0.00210366 0.00210366 
0.00183845 0.00183845 0.00183845 
0.00157644 0.00157644 0.00157644 
0.00140623 0.00140623 0.00140623 
0.00122488 0.00122488 0.00122488 
0.00104981 0.00104981 0.00104981 
0.000915283 0.000915283 0.000915283 
0.000798739 0.000798739 0.000798739 
0.00069866 0.00069866 0.00069866 
0.000609562 0.000609562 0.000609562 
0.00193328 0.00193328 0.00193328 
0.00193609 0.00193609 0.00193609 
0.00183845 0.00183845 0.00183845 
0.0017652 0.0017652 0.0017652 
0.00149452 0.00149452 0.00149452 
0.00134355 0.00134355 0.00134355 
0.00118278 0.00118278 0.00118278 
0.00102146 0.00102146 0.00102146 
0.000891834 0.000891834 0.000891834 
0.000786486 0.000786486 0.000786486 
0.00069306 0.00069306 0.00069306 
0.000603465 0.000603465 0.000603465 
0.00166685 0.00166685 0.00166685 
0.00165607 0.00165607 0.00165607 
0.00157644 0.00157644 0.00157644 
0.00149452 0.00149452 0.00149452 
0.0013246 0.0013246 0.0013246 
0.00118148 0.00118148 0.00118148 
0.00104132 0.00104132 0.00104132 
0.000899293 0.000899293 0.000899293 
0.000785406 0.000785406 0.000785406 
0.000693787 0.000693787 0.000693787 
0.000614564 0.000614564 0.000614564 
0.000532191 0.000532191 0.000532191 
0.00145269 0.00145269 0.00145269 
0.00148221 0.00148221 0.00148221 
0.00140623 0.00140623 0.00140623 
0.00134355 0.00134355 0.00134355 
0.00118148 0.00118148 0.00118148 
0.00109341 0.00109341 0.00109341 
0.000963206 0.000963206 0.000963206 
0.000833276 0.000833276 0.000833276 
Probabilities: 
         0          0          0          0          0          0 0.00699978 0.00980807 0.00894217          0          0          0  0.0203599  0.0427539  0.0683786          0          0          0          0          0   0.187973  0.0205158  0.0433278  0.0773392  0.0087727   0.068938   0.186774          0          0          0          0          0          0          0          0          0          0          0          0          0  0.0589684          0          0          0          0          0          0          0          0          0          0          0          0   0.190149

String tensions: 
          1           1           1           1           1           1           1           1           1   -0.262892   -0.262892   -0.262892   -0.378762   -0.412408   -0.446326    -2.55889    -2.55924    -2.55959   -0.638913     8.18453   -0.534413   -0.187356   -0.617655   -0.969047   -0.429011    -3.76212    -3.79964    0.812027    0.812027    0.812027     0.94049  -0.0279655   0.0761377    -0.11343  -0.0933134   -0.100739     1.30088  -0.0994246  -0.0838471    0.618256  0.00439482    0.875435    0.755445   0.0364846     1.05339   0.0204563     1.23269     1.06583     0.23172   0.0131972    0.512271   -0.131576   0.0185945 -0.00311513

Errors: 
          0           0           0     5792.62           0           0     5792.62     5792.62     5792.62           1           1           1   0.0876856   0.0724013   0.0644744     1.19603     1.19836     1.25496     1.00004           1    0.029533     1.58074     1.06797     0.79955    0.167866    0.882536    0.779895           0           0           0     1.40285     1.00009     1.00026     1.00008     1.00002           1   0.0122501           1           1           0  0.00607083    0.589941     1.00082     1.00026           0 0.000975792           1  0.00585488     3.00413 0.000905816    0.100455     1.65097 0.000979954   0.0077001

Statuses: 
3 3 3 0 3 3 0 0 0 3 3 3 0 0 0 3 3 3 3 3 0 0 0 0 0 0 0 3 3 3 3 3 3 3 3 3 0 3 3 3 0 3 3 3 3 1 3 3 3 1 3 3 1 0
chisq per dof: 
 14141.9  12387.5  11020.7  2.99708  9471.83  8298.91 0.718795 0.819887  1.01488    13924  12196.8  10851.3 0.576433  0.56783 0.629452  114.282  112.807  109.048  13631.8  20.9568 0.557015 0.573891 0.564021 0.598666 0.628489 0.169886 0.146563  14702.4  12877.9  11456.6  16107.2    12143  11615.5  8347.13   8240.6  6688.21  14739.4  12407.1  10410.1  16098.7 0.475961  12102.2  18692.3  2365.19  13746.1 0.542753  12434.8  10760.2  9651.12 0.337835  12010.2  15641.4 0.271153 0.141446
Model string tension and errors: 
sigma = -1.20924 +/- 929.532
