R=0parameters: 
0.127886 0.127886 
0.611839 0.611839 
1059.69 1059.69 
1.63042e-322 1.63042e-322 
1 1 
1 1 
1.58101e-322 1.58101e-322 
3.21143e-322 3.21143e-322 
2.122e-314 2.122e-314 
1.6976e-313 1.6976e-313 1.6976e-313 
2.122e-314 2.122e-314 2.122e-314 
3.21143e-322 3.21143e-322 3.21143e-322 
5.59922e-08 5.59922e-08 5.59922e-08 
-4.93324e-10 -4.93324e-10 -4.93324e-10 
4.68643e-08 4.68643e-08 4.68643e-08 
2.58051e-316 2.58051e-316 2.58051e-316 
6.92784e-310 6.92784e-310 6.92784e-310 
1.87764e+09 1.87764e+09 1.87764e+09 
3.48763e+07 3.48763e+07 3.48763e+07 3.48763e+07 
1.58101e-322 1.58101e-322 1.58101e-322 1.58101e-322 
6.92784e-310 6.92784e-310 6.92784e-310 6.92784e-310 
2.122e-314 2.122e-314 2.122e-314 2.122e-314 
2.65531e-316 2.65531e-316 2.65531e-316 2.65531e-316 
3.21143e-322 3.21143e-322 3.21143e-322 3.21143e-322 
1.97626e-323 1.97626e-323 1.97626e-323 1.97626e-323 
2.42092e-322 2.42092e-322 2.42092e-322 2.42092e-322 
1.20972 1.20972 1.20972 1.20972 
2.57629e-316 2.57629e-316 2.57629e-316 
20.4433 20.4433 20.4433 
3.21143e-322 3.21143e-322 3.21143e-322 
2.65846e-316 2.65846e-316 2.65846e-316 
2.66074e-316 2.66074e-316 2.66074e-316 
1.97626e-323 1.97626e-323 1.97626e-323 
2.64736e-316 2.64736e-316 2.64736e-316 
1.97626e-323 1.97626e-323 1.97626e-323 
2.64736e-316 2.64736e-316 2.64736e-316 
2.48995e-316 2.48995e-316 2.48995e-316 2.48995e-316 
1.63042e-322 1.63042e-322 1.63042e-322 1.63042e-322 
2.62536e-316 2.62536e-316 2.62536e-316 2.62536e-316 
2.122e-314 2.122e-314 2.122e-314 2.122e-314 
2.57991e-316 2.57991e-316 2.57991e-316 2.57991e-316 
4.79244e-322 4.79244e-322 4.79244e-322 4.79244e-322 
2.58674e-316 2.58674e-316 2.58674e-316 2.58674e-316 
-2.90341e-153 -2.90341e-153 -2.90341e-153 -2.90341e-153 
2.60074e-09 2.60074e-09 2.60074e-09 2.60074e-09 
-2.90341e-153 -2.90341e-153 -2.90341e-153 -2.90341e-153 -2.90341e-153 
0.005 0.005 0.005 0.005 0.005 
0.994998 0.994998 0.994998 0.994998 0.994998 
0.991981 0.991981 0.991981 0.991981 0.991981 
3.21143e-322 3.21143e-322 3.21143e-322 3.21143e-322 3.21143e-322 
2.47033e-323 2.47033e-323 2.47033e-323 2.47033e-323 2.47033e-323 
-152836 -152836 -152836 -152836 -152836 
7734.64 7734.64 7734.64 7734.64 7734.64 
9.52691e-06 9.52691e-06 9.52691e-06 9.52691e-06 9.52691e-06 
R=1parameters: 
-0.689209 -0.689209 
0.0759132 0.0759132 
-1.00776e-05 -1.00776e-05 
0.0264498 0.0264498 
-0.0228973 -0.0228973 
2.77839e-316 2.77839e-316 
55451.3 55451.3 
1.14716 1.14716 
1.77976 1.77976 
1.07558e-320 1.07558e-320 1.07558e-320 
6.92786e-310 6.92786e-310 6.92786e-310 
6.92786e-310 6.92786e-310 6.92786e-310 
2.7784e-316 2.7784e-316 2.7784e-316 
2.7784e-316 2.7784e-316 2.7784e-316 
9.12218e-05 9.12218e-05 9.12218e-05 
8.72505e-05 8.72505e-05 8.72505e-05 
8.37079e-05 8.37079e-05 8.37079e-05 
8.00806e-05 8.00806e-05 8.00806e-05 
7.53035e-05 7.53035e-05 7.53035e-05 7.53035e-05 
7.16779e-05 7.16779e-05 7.16779e-05 7.16779e-05 
6.75512e-05 6.75512e-05 6.75512e-05 6.75512e-05 
6.3605e-05 6.3605e-05 6.3605e-05 6.3605e-05 
9.59435e-05 9.59435e-05 9.59435e-05 9.59435e-05 
0.000102017 0.000102017 0.000102017 0.000102017 
0.000102212 0.000102212 0.000102212 0.000102212 
0.000100543 0.000100543 0.000100543 0.000100543 
9.73431e-05 9.73431e-05 9.73431e-05 9.73431e-05 
9.31386e-05 9.31386e-05 9.31386e-05 
8.96751e-05 8.96751e-05 8.96751e-05 
-0.241319 -0.241319 -0.241319 
-0.245523 -0.245523 -0.245523 
-0.253898 -0.253898 -0.253898 
-0.266991 -0.266991 -0.266991 
-0.277523 -0.277523 -0.277523 
0.000103593 0.000103593 0.000103593 
-3.70576e-06 -3.70576e-06 -3.70576e-06 
-1.14702e-06 -1.14702e-06 -1.14702e-06 -1.14702e-06 
0.0181844 0.0181844 0.0181844 0.0181844 
0.111317 0.111317 0.111317 0.111317 
2.66399e-316 2.66399e-316 2.66399e-316 2.66399e-316 
2.65233e-316 2.65233e-316 2.65233e-316 2.65233e-316 
2.65486e-316 2.65486e-316 2.65486e-316 2.65486e-316 
0 0 0 0 
2.42092e-322 2.42092e-322 2.42092e-322 2.42092e-322 
2.77881e-316 2.77881e-316 2.77881e-316 2.77881e-316 
0 0 0 0 0 
0 0 0 0 0 
4.94066e-324 4.94066e-324 4.94066e-324 4.94066e-324 4.94066e-324 
0.00499283 0.00499283 0.00499283 0.00499283 0.00499283 
2.42092e-322 2.42092e-322 2.42092e-322 2.42092e-322 2.42092e-322 
1.061e-313 1.061e-313 1.061e-313 1.061e-313 1.061e-313 
-1.22736e+07 -1.22736e+07 -1.22736e+07 -1.22736e+07 -1.22736e+07 
1.061e-313 1.061e-313 1.061e-313 1.061e-313 1.061e-313 
2.77814e-316 2.77814e-316 2.77814e-316 2.77814e-316 2.77814e-316 
R=2parameters: 
-0.682332 -0.682332 
0.0864948 0.0864948 
-2.24883e-05 -2.24883e-05 
0.0557934 0.0557934 
-0.0495326 -0.0495326 
2.77839e-316 2.77839e-316 
55451.3 55451.3 
1.14716 1.14716 
1.77976 1.77976 
1.07558e-320 1.07558e-320 1.07558e-320 
6.92786e-310 6.92786e-310 6.92786e-310 
6.92786e-310 6.92786e-310 6.92786e-310 
2.7784e-316 2.7784e-316 2.7784e-316 
2.7784e-316 2.7784e-316 2.7784e-316 
0.981885 0.981885 0.981885 
0.948034 0.948034 0.948034 
0.905644 0.905644 0.905644 
0.643994 0.643994 0.643994 
0.826406 0.826406 0.826406 0.826406 
0.773499 0.773499 0.773499 0.773499 
0.733732 0.733732 0.733732 0.733732 
0.68766 0.68766 0.68766 0.68766 
0.000397815 0.000397815 0.000397815 0.000397815 
-9.7342e-06 -9.7342e-06 -9.7342e-06 -9.7342e-06 
0.0107925 0.0107925 0.0107925 0.0107925 
-0.183161 -0.183161 -0.183161 -0.183161 
-0.0348159 -0.0348159 -0.0348159 -0.0348159 
-0.0713185 -0.0713185 -0.0713185 
-0.0627134 -0.0627134 -0.0627134 
0.000330493 0.000330493 0.000330493 
0.000309462 0.000309462 0.000309462 
0.000293649 0.000293649 0.000293649 
0.000275328 0.000275328 0.000275328 
0.000257893 0.000257893 0.000257893 
0.000374349 0.000374349 0.000374349 
0.000397815 0.000397815 0.000397815 
0.000403252 0.000403252 0.000403252 0.000403252 
0.000395876 0.000395876 0.000395876 0.000395876 
0.000382748 0.000382748 0.000382748 0.000382748 
0.000366319 0.000366319 0.000366319 0.000366319 
2.59182e-316 2.59182e-316 2.59182e-316 2.59182e-316 
2.65235e-316 2.65235e-316 2.65235e-316 2.65235e-316 
2.66262e-316 2.66262e-316 2.66262e-316 2.66262e-316 
2.66547e-316 2.66547e-316 2.66547e-316 2.66547e-316 
2.56784e-316 2.56784e-316 2.56784e-316 2.56784e-316 
2.61166e-316 2.61166e-316 2.61166e-316 2.61166e-316 2.61166e-316 
2.57935e-316 2.57935e-316 2.57935e-316 2.57935e-316 2.57935e-316 
0.000390947 0.000390947 0.000390947 0.000390947 0.000390947 
6.92768e-310 6.92768e-310 6.92768e-310 6.92768e-310 6.92768e-310 
2.77801e-316 2.77801e-316 2.77801e-316 2.77801e-316 2.77801e-316 
2.47033e-323 2.47033e-323 2.47033e-323 2.47033e-323 2.47033e-323 
2.77805e-316 2.77805e-316 2.77805e-316 2.77805e-316 2.77805e-316 
2.47033e-323 2.47033e-323 2.47033e-323 2.47033e-323 2.47033e-323 
2.64929e-316 2.64929e-316 2.64929e-316 2.64929e-316 2.64929e-316 
R=3parameters: 
-0.673213 -0.673213 
0.0936749 0.0936749 
-0.200342 -0.200342 
2.4482 2.4482 
-15.8087 -15.8087 
2.77839e-316 2.77839e-316 
55451.3 55451.3 
1.14716 1.14716 
1.77976 1.77976 
4.00193e-322 4.00193e-322 4.00193e-322 
2.6418e-316 2.6418e-316 2.6418e-316 
2.66028e-316 2.66028e-316 2.66028e-316 
2.64183e-316 2.64183e-316 2.64183e-316 
2.62541e-316 2.62541e-316 2.62541e-316 
2.5853e-316 2.5853e-316 2.5853e-316 
3.17096e+180 3.17096e+180 3.17096e+180 
0.00213336 0.00213336 0.00213336 
0.00224289 0.00224289 0.00224289 
0.00241237 0.00241237 0.00241237 0.00241237 
1.03606e-320 1.03606e-320 1.03606e-320 1.03606e-320 
6.92786e-310 6.92786e-310 6.92786e-310 6.92786e-310 
6.92786e-310 6.92786e-310 6.92786e-310 6.92786e-310 
2.7784e-316 2.7784e-316 2.7784e-316 2.7784e-316 
2.7784e-316 2.7784e-316 2.7784e-316 2.7784e-316 
0.00086875 0.00086875 0.00086875 0.00086875 
0.000828242 0.000828242 0.000828242 0.000828242 
0.000791089 0.000791089 0.000791089 0.000791089 
0.000752098 0.000752098 0.000752098 
0.000700872 0.000700872 0.000700872 
0.000802097 0.000802097 0.000802097 
0.000747765 0.000747765 0.000747765 
0.000707555 0.000707555 0.000707555 
0.000660785 0.000660785 0.000660785 
0.000616384 0.000616384 0.000616384 
0.000917958 0.000917958 0.000917958 
0.000974698 0.000974698 0.000974698 
0.000988035 0.000988035 0.000988035 0.000988035 
0.000968618 0.000968618 0.000968618 0.000968618 
0.000935181 0.000935181 0.000935181 0.000935181 
0.000893196 0.000893196 0.000893196 0.000893196 
0.000855851 0.000855851 0.000855851 0.000855851 
2.66398e-316 2.66398e-316 2.66398e-316 2.66398e-316 
2.64233e-316 2.64233e-316 2.64233e-316 2.64233e-316 
2.77852e-316 2.77852e-316 2.77852e-316 2.77852e-316 
2.6416e-316 2.6416e-316 2.6416e-316 2.6416e-316 
0 0 0 0 0 
0 0 0 0 0 
-3.52537e-05 -3.52537e-05 -3.52537e-05 -3.52537e-05 -3.52537e-05 
-2.2943e-07 -2.2943e-07 -2.2943e-07 -2.2943e-07 -2.2943e-07 
2.42092e-322 2.42092e-322 2.42092e-322 2.42092e-322 2.42092e-322 
6.92784e-310 6.92784e-310 6.92784e-310 6.92784e-310 6.92784e-310 
0 0 0 0 0 
0.000124875 0.000124875 0.000124875 0.000124875 0.000124875 
13.0968 13.0968 13.0968 13.0968 13.0968 
R=4parameters: 
-0.662574 -0.662574 
0.0994009 0.0994009 
0.0429173 0.0429173 
-19.0172 -19.0172 
117.387 117.387 
2.77839e-316 2.77839e-316 
55451.3 55451.3 
1.14716 1.14716 
1.77976 1.77976 
1.07558e-320 1.07558e-320 1.07558e-320 
6.92786e-310 6.92786e-310 6.92786e-310 
6.92786e-310 6.92786e-310 6.92786e-310 
2.7784e-316 2.7784e-316 2.7784e-316 
2.7784e-316 2.7784e-316 2.7784e-316 
0.71508 0.71508 0.71508 
0.945257 0.945257 0.945257 
0.89982 0.89982 0.89982 
0.858051 0.858051 0.858051 
0.814413 0.814413 0.814413 0.814413 
0.75727 0.75727 0.75727 0.75727 
0.666071 0.666071 0.666071 0.666071 
0.619938 0.619938 0.619938 0.619938 
0.00184816 0.00184816 0.00184816 0.00184816 
-4.67728e-05 -4.67728e-05 -4.67728e-05 -4.67728e-05 
0.0145471 0.0145471 0.0145471 0.0145471 
0.0105914 0.0105914 0.0105914 0.0105914 
-0.117314 -0.117314 -0.117314 -0.117314 
-0.0207835 -0.0207835 -0.0207835 
-0.00497131 -0.00497131 -0.00497131 
-0.118967 -0.118967 -0.118967 
-0.113525 -0.113525 -0.113525 
-0.118617 -0.118617 -0.118617 
-0.121712 -0.121712 -0.121712 
-0.114987 -0.114987 -0.114987 
0.00184743 0.00184743 0.00184743 
-4.61134e-05 -4.61134e-05 -4.61134e-05 
2.60763e-05 2.60763e-05 2.60763e-05 2.60763e-05 
0.865537 0.865537 0.865537 0.865537 
0.781766 0.781766 0.781766 0.781766 
0.845464 0.845464 0.845464 0.845464 
2.65479e-316 2.65479e-316 2.65479e-316 2.65479e-316 
2.64378e-316 2.64378e-316 2.64378e-316 2.64378e-316 
2.62879e-316 2.62879e-316 2.62879e-316 2.62879e-316 
2.21106e-316 2.21106e-316 2.21106e-316 2.21106e-316 
2.66389e-316 2.66389e-316 2.66389e-316 2.66389e-316 
1.7131e-316 1.7131e-316 1.7131e-316 1.7131e-316 1.7131e-316 
2.58256e-316 2.58256e-316 2.58256e-316 2.58256e-316 2.58256e-316 
0.00181258 0.00181258 0.00181258 0.00181258 0.00181258 
2.64649e-316 2.64649e-316 2.64649e-316 2.64649e-316 2.64649e-316 
2.66036e-316 2.66036e-316 2.66036e-316 2.66036e-316 2.66036e-316 
2.6016e-316 2.6016e-316 2.6016e-316 2.6016e-316 2.6016e-316 
9.78944e+07 9.78944e+07 9.78944e+07 9.78944e+07 9.78944e+07 
0.945359 0.945359 0.945359 0.945359 0.945359 
0 0 0 0 0 
R=5parameters: 
-0.651357 -0.651357 
0.104359 0.104359 
-5.16271e-05 -5.16271e-05 
0.193263 0.193263 
-0.190797 -0.190797 
2.77839e-316 2.77839e-316 
55451.3 55451.3 
1.14716 1.14716 
1.77976 1.77976 
9.57005e-321 9.57005e-321 9.57005e-321 
6.92786e-310 6.92786e-310 6.92786e-310 
6.92786e-310 6.92786e-310 6.92786e-310 
2.7784e-316 2.7784e-316 2.7784e-316 
2.7784e-316 2.7784e-316 2.7784e-316 
0.0026365 0.0026365 0.0026365 
0.00250582 0.00250582 0.00250582 
0.00238682 0.00238682 0.00238682 
0.00226261 0.00226261 0.00226261 
0.0020994 0.0020994 0.0020994 0.0020994 
0.00198011 0.00198011 0.00198011 0.00198011 
0.00184132 0.00184132 0.00184132 0.00184132 
0.00170981 0.00170981 0.00170981 0.00170981 
0.0027949 0.0027949 0.0027949 0.0027949 
0.00296668 0.00296668 0.00296668 0.00296668 
0.002963 0.002963 0.002963 0.002963 
0.00290461 0.00290461 0.00290461 0.00290461 
0.00279898 0.00279898 0.00279898 0.00279898 
0.00265911 0.00265911 0.00265911 
0.00254137 0.00254137 0.00254137 
0.00240914 0.00240914 0.00240914 
0.00223655 0.00223655 0.00223655 
0.00210968 0.00210968 0.00210968 
0.00196276 0.00196276 0.00196276 
0.00182267 0.00182267 0.00182267 
0.0027931 0.0027931 0.0027931 
0.002963 0.002963 0.002963 
0.00300259 0.00300259 0.00300259 0.00300259 
0.00293836 0.00293836 0.00293836 0.00293836 
0.00283188 0.00283188 0.00283188 0.00283188 
2.66373e-316 2.66373e-316 2.66373e-316 2.66373e-316 
2.6626e-316 2.6626e-316 2.6626e-316 2.6626e-316 
2.66261e-316 2.66261e-316 2.66261e-316 2.66261e-316 
2.66263e-316 2.66263e-316 2.66263e-316 2.66263e-316 
2.58581e-316 2.58581e-316 2.58581e-316 2.58581e-316 
0 0 0 0 
0 0 0 0 0 
0.00273832 0.00273832 0.00273832 0.00273832 0.00273832 
-1472.37 -1472.37 -1472.37 -1472.37 -1472.37 
-18656.3 -18656.3 -18656.3 -18656.3 -18656.3 
63354.9 63354.9 63354.9 63354.9 63354.9 
-35867.7 -35867.7 -35867.7 -35867.7 -35867.7 
4.00193e-322 4.00193e-322 4.00193e-322 4.00193e-322 4.00193e-322 
2.77874e-316 2.77874e-316 2.77874e-316 2.77874e-316 2.77874e-316 
3.45287e-05 3.45287e-05 3.45287e-05 3.45287e-05 3.45287e-05 
R=6parameters: 
-0.640346 -0.640346 
0.168339 0.168339 
-3.99586e-05 -3.99586e-05 
0.252878 0.252878 
-0.25559 -0.25559 
2.77839e-316 2.77839e-316 
55451.3 55451.3 
1.14716 1.14716 
1.77976 1.77976 
1.07558e-320 1.07558e-320 1.07558e-320 
6.92786e-310 6.92786e-310 6.92786e-310 
6.92786e-310 6.92786e-310 6.92786e-310 
2.7784e-316 2.7784e-316 2.7784e-316 
2.7784e-316 2.7784e-316 2.7784e-316 
0.00375759 0.00375759 0.00375759 
0.0035679 0.0035679 0.0035679 
0.003395 0.003395 0.003395 
0.00321565 0.00321565 0.00321565 
0.00297816 0.00297816 0.00297816 0.00297816 
0.00280549 0.00280549 0.00280549 0.00280549 
0.652772 0.652772 0.652772 0.652772 
0.605222 0.605222 0.605222 0.605222 
0.00423256 0.00423256 0.00423256 0.00423256 
-0.000110434 -0.000110434 -0.000110434 -0.000110434 
0.028407 0.028407 0.028407 0.028407 
0.0367931 0.0367931 0.0367931 0.0367931 
0.00343968 0.00343968 0.00343968 0.00343968 
0.018298 0.018298 0.018298 
-0.0933044 -0.0933044 -0.0933044 
0.00342246 0.00342246 0.00342246 
0.00317184 0.00317184 0.00317184 
0.00298792 0.00298792 0.00298792 
0.00277423 0.00277423 0.00277423 
0.00257234 0.00257234 0.00257234 
0.00398396 0.00398396 0.00398396 
0.00422468 0.00422468 0.00422468 
0.00428044 0.00428044 0.00428044 0.00428044 
0.00418633 0.00418633 0.00418633 0.00418633 
0.0040333 0.0040333 0.0040333 0.0040333 
2.62536e-316 2.62536e-316 2.62536e-316 2.62536e-316 
2.64307e-316 2.64307e-316 2.64307e-316 2.64307e-316 
2.5764e-316 2.5764e-316 2.5764e-316 2.5764e-316 
2.66389e-316 2.66389e-316 2.66389e-316 2.66389e-316 
2.66037e-316 2.66037e-316 2.66037e-316 2.66037e-316 
2.64478e-316 2.64478e-316 2.64478e-316 2.64478e-316 
2.64649e-316 2.64649e-316 2.64649e-316 2.64649e-316 2.64649e-316 
2.64159e-316 2.64159e-316 2.64159e-316 2.64159e-316 2.64159e-316 
-0.000104165 -0.000104165 -0.000104165 -0.000104165 -0.000104165 
5.4871e-05 5.4871e-05 5.4871e-05 5.4871e-05 5.4871e-05 
5.70748e-05 5.70748e-05 5.70748e-05 5.70748e-05 5.70748e-05 
0.855353 0.855353 0.855353 0.855353 0.855353 
1.53928e-316 1.53928e-316 1.53928e-316 1.53928e-316 1.53928e-316 
2.77869e-316 2.77869e-316 2.77869e-316 2.77869e-316 2.77869e-316 
5.95843e-321 5.95843e-321 5.95843e-321 5.95843e-321 5.95843e-321 
R=7parameters: 
-0.630245 -0.630245 
0.112376 0.112376 
-2.53367e-05 -2.53367e-05 
0.310633 0.310633 
-0.319214 -0.319214 
2.77839e-316 2.77839e-316 
55451.3 55451.3 
1.14716 1.14716 
1.77976 1.77976 
1.07558e-320 1.07558e-320 1.07558e-320 
6.92786e-310 6.92786e-310 6.92786e-310 
6.92786e-310 6.92786e-310 6.92786e-310 
2.7784e-316 2.7784e-316 2.7784e-316 
2.7784e-316 2.7784e-316 2.7784e-316 
0.00489834 0.00489834 0.00489834 
0.00464815 0.00464815 0.00464815 
0.00442011 0.00442011 0.00442011 
0.00418498 0.00418498 0.00418498 
0.00387184 0.00387184 0.00387184 0.00387184 
0.00364357 0.00364357 0.00364357 0.00364357 
0.64925 0.64925 0.64925 0.64925 
0.601536 0.601536 0.601536 0.601536 
0.00552048 0.00552048 0.00552048 0.00552048 
-0.000145062 -0.000145062 -0.000145062 -0.000145062 
0.0356598 0.0356598 0.0356598 0.0356598 
0.0486772 0.0486772 0.0486772 0.0486772 
0.0146062 0.0146062 0.0146062 0.0146062 
0.029209 0.029209 0.029209 
-0.0816058 -0.0816058 -0.0816058 
0.00445222 0.00445222 0.00445222 
0.00412213 0.00412213 0.00412213 
0.00387873 0.00387873 0.00387873 
0.00359767 0.00359767 0.00359767 
0.00333343 0.00333343 0.00333343 
0.00519563 0.00519563 0.00519563 
0.00550807 0.00550807 0.00550807 
0.0055807 0.0055807 0.0055807 0.0055807 
0.00545614 0.00545614 0.00545614 0.00545614 
0.00525525 0.00525525 0.00525525 0.00525525 
0.00499718 0.00499718 0.00499718 0.00499718 
2.58661e-316 2.58661e-316 2.58661e-316 2.58661e-316 
2.65531e-316 2.65531e-316 2.65531e-316 2.65531e-316 
2.57641e-316 2.57641e-316 2.57641e-316 2.57641e-316 
2.6626e-316 2.6626e-316 2.6626e-316 2.6626e-316 
2.66047e-316 2.66047e-316 2.66047e-316 2.66047e-316 
2.6016e-316 2.6016e-316 2.6016e-316 2.6016e-316 2.6016e-316 
2.61168e-316 2.61168e-316 2.61168e-316 2.61168e-316 2.61168e-316 
0.00539483 0.00539483 0.00539483 0.00539483 0.00539483 
0.00545614 0.00545614 0.00545614 0.00545614 0.00545614 
2.57934e-316 2.57934e-316 2.57934e-316 2.57934e-316 2.57934e-316 
2.66037e-316 2.66037e-316 2.66037e-316 2.66037e-316 2.66037e-316 
2.57625e-316 2.57625e-316 2.57625e-316 2.57625e-316 2.57625e-316 
6.92784e-310 6.92784e-310 6.92784e-310 6.92784e-310 6.92784e-310 
0 0 0 0 0 
R=8parameters: 
-0.620882 -0.620882 
0.115588 0.115588 
0.750728 0.750728 
0.575291 0.575291 
-10.0146 -10.0146 
2.77839e-316 2.77839e-316 
55451.3 55451.3 
1.14716 1.14716 
1.77976 1.77976 
1.07558e-320 1.07558e-320 1.07558e-320 
6.92786e-310 6.92786e-310 6.92786e-310 
6.92786e-310 6.92786e-310 6.92786e-310 
2.7784e-316 2.7784e-316 2.7784e-316 
2.7784e-316 2.7784e-316 2.7784e-316 
0.00593077 0.00593077 0.00593077 
0.00562371 0.00562371 0.00562371 
0.00534452 0.00534452 0.00534452 
0.00505902 0.00505902 0.00505902 
0.0046774 0.0046774 0.0046774 0.0046774 
0.00440055 0.00440055 0.00440055 0.00440055 
0.646512 0.646512 0.646512 0.646512 
0.598669 0.598669 0.598669 0.598669 
0.00669091 0.00669091 0.00669091 0.00669091 
-0.000177059 -0.000177059 -0.000177059 -0.000177059 
0.0401908 0.0401908 0.0401908 0.0401908 
0.0571069 0.0571069 0.0571069 0.0571069 
0.0226799 0.0226799 0.0226799 0.0226799 
0.0368731 0.0368731 0.0368731 
-0.0732032 -0.0732032 -0.0732032 
0.00537939 0.00537939 0.00537939 
0.0049774 0.0049774 0.0049774 
0.00468168 0.00468168 0.00468168 
0.00434003 0.00434003 0.00434003 
0.00401887 0.00401887 0.00401887 
0.00629674 0.00629674 0.00629674 
0.00667304 0.00667304 0.00667304 
0.0067601 0.0067601 0.0067601 0.0067601 
0.00660513 0.00660513 0.00660513 0.00660513 
0.00635866 0.00635866 0.00635866 0.00635866 
2.6493e-316 2.6493e-316 2.6493e-316 2.6493e-316 
2.61096e-316 2.61096e-316 2.61096e-316 2.61096e-316 
2.77871e-316 2.77871e-316 2.77871e-316 2.77871e-316 
2.62879e-316 2.62879e-316 2.62879e-316 2.62879e-316 
2.59919e-316 2.59919e-316 2.59919e-316 2.59919e-316 
2.66546e-316 2.66546e-316 2.66546e-316 2.66546e-316 
2.61096e-316 2.61096e-316 2.61096e-316 2.61096e-316 2.61096e-316 
2.66216e-316 2.66216e-316 2.66216e-316 2.66216e-316 2.66216e-316 
0.00653217 0.00653217 0.00653217 0.00653217 0.00653217 
2.66547e-316 2.66547e-316 2.66547e-316 2.66547e-316 2.66547e-316 
2.66262e-316 2.66262e-316 2.66262e-316 2.66262e-316 2.66262e-316 
2.64322e-316 2.64322e-316 2.64322e-316 2.64322e-316 2.64322e-316 
2.77838e-316 2.77838e-316 2.77838e-316 2.77838e-316 2.77838e-316 
4026.71 4026.71 4026.71 4026.71 4026.71 
2.78286e-316 2.78286e-316 2.78286e-316 2.78286e-316 2.78286e-316 
R=9parameters: 
-0.612946 -0.612946 
0.118101 0.118101 
0.00509566 0.00509566 
-5.96562 -5.96562 
9.27741 9.27741 
2.77839e-316 2.77839e-316 
55451.3 55451.3 
1.14716 1.14716 
1.77976 1.77976 
1.07558e-320 1.07558e-320 1.07558e-320 
6.92786e-310 6.92786e-310 6.92786e-310 
6.92786e-310 6.92786e-310 6.92786e-310 
2.7784e-316 2.7784e-316 2.7784e-316 
2.7784e-316 2.7784e-316 2.7784e-316 
0.939741 0.939741 0.939741 
0.890682 0.890682 0.890682 
0.84608 0.84608 0.84608 
0.69613 0.69613 0.69613 
0.800687 0.800687 0.800687 0.800687 
0.739958 0.739958 0.739958 0.739958 
0.00463408 0.00463408 0.00463408 0.00463408 
0.00428942 0.00428942 0.00428942 0.00428942 
0.00718815 0.00718815 0.00718815 0.00718815 
0.00762462 0.00762462 0.00762462 0.00762462 
0.00760177 0.00760177 0.00760177 0.00760177 
0.00743955 0.00743955 0.00743955 0.00743955 
0.00716043 0.00716043 0.00716043 0.00716043 
0.00678407 0.00678407 0.00678407 
0.00646627 0.00646627 0.00646627 
0.00611947 0.00611947 0.00611947 
0.00565987 0.00565987 0.00565987 
0.00532317 0.00532317 0.00532317 
0.00493252 0.00493252 0.00493252 
0.00456569 0.00456569 0.00456569 
0.00717473 0.00717473 0.00717473 
0.00760177 0.00760177 0.00760177 
0.00770017 0.00770017 0.00770017 0.00770017 
0.00752167 0.00752167 0.00752167 0.00752167 
0.00723992 0.00723992 0.00723992 0.00723992 
0.00687756 0.00687756 0.00687756 0.00687756 
0.00655227 0.00655227 0.00655227 0.00655227 
0.00620356 0.00620356 0.00620356 0.00620356 
0.00573704 0.00573704 0.00573704 0.00573704 
2.5764e-316 2.5764e-316 2.5764e-316 2.5764e-316 
2.64351e-316 2.64351e-316 2.64351e-316 2.64351e-316 
2.6417e-316 2.6417e-316 2.6417e-316 2.6417e-316 2.6417e-316 
2.61147e-316 2.61147e-316 2.61147e-316 2.61147e-316 2.61147e-316 
0.00743955 0.00743955 0.00743955 0.00743955 0.00743955 
0.00752167 0.00752167 0.00752167 0.00752167 0.00752167 
0.00745799 0.00745799 0.00745799 0.00745799 0.00745799 
0.00716563 0.00716563 0.00716563 0.00716563 0.00716563 
2.42092e-322 2.42092e-322 2.42092e-322 2.42092e-322 2.42092e-322 
2.77878e-316 2.77878e-316 2.77878e-316 2.77878e-316 2.77878e-316 
0.000254907 0.000254907 0.000254907 0.000254907 0.000254907 
R=10parameters: 
-0.60773 -0.60773 
0.119818 0.119818 
1 1 
1 1 
1 1 
2.77839e-316 2.77839e-316 
55451.3 55451.3 
1.14716 1.14716 
1.77976 1.77976 
1.07558e-320 1.07558e-320 1.07558e-320 
6.92786e-310 6.92786e-310 6.92786e-310 
6.92786e-310 6.92786e-310 6.92786e-310 
2.7784e-316 2.7784e-316 2.7784e-316 
2.7784e-316 2.7784e-316 2.7784e-316 
0.93966 0.93966 0.93966 
0.890319 0.890319 0.890319 
0.845549 0.845549 0.845549 
0.695333 0.695333 0.695333 
0.800036 0.800036 0.800036 0.800036 
0.739332 0.739332 0.739332 0.739332 
0.00499359 0.00499359 0.00499359 0.00499359 
0.00462251 0.00462251 0.00462251 0.00462251 
0.00775678 0.00775678 0.00775678 0.00775678 
0.00822654 0.00822654 0.00822654 0.00822654 
0.00820054 0.00820054 0.00820054 0.00820054 
0.00802598 0.00802598 0.00802598 0.00802598 
0.00772523 0.00772523 0.00772523 0.00772523 
0.00731714 0.00731714 0.00731714 
0.00697301 0.00697301 0.00697301 
0.00659789 0.00659789 0.00659789 
0.00610213 0.00610213 0.00610213 
0.00573751 0.00573751 0.00573751 
0.00531507 0.00531507 0.00531507 
0.00492018 0.00492018 0.00492018 
0.0077415 0.0077415 0.0077415 
0.00820054 0.00820054 0.00820054 
0.00830617 0.00830617 0.00830617 0.00830617 
0.00811376 0.00811376 0.00811376 0.00811376 
0.00780978 0.00780978 0.00780978 0.00780978 
0.00741679 0.00741679 0.00741679 0.00741679 
2.6637e-316 2.6637e-316 2.6637e-316 2.6637e-316 
2.64749e-316 2.64749e-316 2.64749e-316 2.64749e-316 
2.64e-316 2.64e-316 2.64e-316 2.64e-316 
2.77869e-316 2.77869e-316 2.77869e-316 2.77869e-316 
2.64157e-316 2.64157e-316 2.64157e-316 2.64157e-316 
2.5853e-316 2.5853e-316 2.5853e-316 2.5853e-316 2.5853e-316 
2.77849e-316 2.77849e-316 2.77849e-316 2.77849e-316 2.77849e-316 
0.00802598 0.00802598 0.00802598 0.00802598 0.00802598 
2.66484e-316 2.66484e-316 2.66484e-316 2.66484e-316 2.66484e-316 
2.59822e-316 2.59822e-316 2.59822e-316 2.59822e-316 2.59822e-316 
2.64929e-316 2.64929e-316 2.64929e-316 2.64929e-316 2.64929e-316 
22051.2 22051.2 22051.2 22051.2 22051.2 
1.92445e+06 1.92445e+06 1.92445e+06 1.92445e+06 1.92445e+06 
1531.93 1531.93 1531.93 1531.93 1531.93 
R=11parameters: 
-0.606148 -0.606148 
0.120409 0.120409 
7.15136e-05 7.15136e-05 
0.495998 0.495998 
-0.528095 -0.528095 
2.77839e-316 2.77839e-316 
55451.3 55451.3 
1.14716 1.14716 
1.77976 1.77976 
1.07558e-320 1.07558e-320 1.07558e-320 
6.92786e-310 6.92786e-310 6.92786e-310 
6.92786e-310 6.92786e-310 6.92786e-310 
2.7784e-316 2.7784e-316 2.7784e-316 
2.7784e-316 2.7784e-316 2.7784e-316 
67649.9 67649.9 67649.9 
2.77813e-316 2.77813e-316 2.77813e-316 
1574.02 1574.02 1574.02 
505.881 505.881 505.881 
3.95253e-322 3.95253e-322 3.95253e-322 3.95253e-322 
3.21143e-322 3.21143e-322 3.21143e-322 3.21143e-322 
0.642389 0.642389 0.642389 0.642389 
0.594334 0.594334 0.594334 0.594334 
0.00843461 0.00843461 0.00843461 0.00843461 
-0.00022604 -0.00022604 -0.00022604 -0.00022604 
0.0447639 0.0447639 0.0447639 0.0447639 
0.062448 0.062448 0.062448 0.062448 
0.0235775 0.0235775 0.0235775 0.0235775 
0.0333067 0.0333067 0.0333067 
-0.0752397 -0.0752397 -0.0752397 
-0.0788452 -0.0788452 -0.0788452 
-0.0720479 -0.0720479 -0.0720479 
-0.0901478 -0.0901478 -0.0901478 
-0.0882784 -0.0882784 -0.0882784 
-0.0820058 -0.0820058 -0.0820058 
0.00840804 0.00840804 0.00840804 
-0.000215787 -0.000215787 -0.000215787 
0.000134763 0.000134763 0.000134763 0.000134763 
0.858548 0.858548 0.858548 0.858548 
0.00800605 0.00800605 0.00800605 0.00800605 
2.64e-316 2.64e-316 2.64e-316 2.64e-316 
2.77867e-316 2.77867e-316 2.77867e-316 2.77867e-316 
2.57642e-316 2.57642e-316 2.57642e-316 2.57642e-316 
2.77884e-316 2.77884e-316 2.77884e-316 2.77884e-316 
2.64049e-316 2.64049e-316 2.64049e-316 2.64049e-316 
2.65553e-316 2.65553e-316 2.65553e-316 2.65553e-316 
2.64444e-316 2.64444e-316 2.64444e-316 2.64444e-316 2.64444e-316 
0.00777241 0.00777241 0.00777241 0.00777241 0.00777241 
-98.613 -98.613 -98.613 -98.613 -98.613 
2.59825e-316 2.59825e-316 2.59825e-316 2.59825e-316 2.59825e-316 
2.61148e-316 2.61148e-316 2.61148e-316 2.61148e-316 2.61148e-316 
2.65903e-316 2.65903e-316 2.65903e-316 2.65903e-316 2.65903e-316 
6842.34 6842.34 6842.34 6842.34 6842.34 
26008.8 26008.8 26008.8 26008.8 26008.8 
4.00193e-322 4.00193e-322 4.00193e-322 4.00193e-322 4.00193e-322 
T Models:
(* Fitting with shape 1 1 1 1 1 1 1 1 1 1 0 0 *)
G[T_,xx_]:=Exp[0+xx[[1]]*T^1+xx[[2]]*T^2]*(1)
(* Fitting with shape 1 1 1 1 1 1 1 1 1 1 1 0 *)
G[T_,xx_]:=Exp[0+xx[[1]]*T^1+xx[[2]]*T^2]*(1)
(* Fitting with shape 1 1 1 1 1 1 1 1 1 1 1 1 *)
G[T_,xx_]:=Exp[0+xx[[1]]*T^1+xx[[2]]*T^2]*(1)
(* Fitting with shape 0 1 1 1 1 1 1 1 1 1 0 0 *)
G[T_,xx_]:=Exp[0+xx[[1]]*T^1+xx[[2]]*T^2]*(1)
(* Fitting with shape 0 1 1 1 1 1 1 1 1 1 1 0 *)
G[T_,xx_]:=Exp[0+xx[[1]]*T^1+xx[[2]]*T^2]*(1)
(* Fitting with shape 0 1 1 1 1 1 1 1 1 1 1 1 *)
G[T_,xx_]:=Exp[0+xx[[1]]*T^1+xx[[2]]*T^2]*(1)
(* Fitting with shape 0 0 1 1 1 1 1 1 1 1 0 0 *)
G[T_,xx_]:=Exp[0+xx[[1]]*T^1+xx[[2]]*T^2]*(1)
(* Fitting with shape 0 0 1 1 1 1 1 1 1 1 1 0 *)
G[T_,xx_]:=Exp[0+xx[[1]]*T^1+xx[[2]]*T^2]*(1)
(* Fitting with shape 0 0 1 1 1 1 1 1 1 1 1 1 *)
G[T_,xx_]:=Exp[0+xx[[1]]*T^1+xx[[2]]*T^2]*(1)
(* Fitting with shape 1 1 1 1 1 1 1 1 1 1 0 0 *)
G[T_,xx_]:=Exp[0+xx[[1]]*T^1+xx[[2]]*T^2]*(1+xx[[3]]/(T^1))
(* Fitting with shape 1 1 1 1 1 1 1 1 1 1 1 0 *)
G[T_,xx_]:=Exp[0+xx[[1]]*T^1+xx[[2]]*T^2]*(1+xx[[3]]/(T^1))
(* Fitting with shape 1 1 1 1 1 1 1 1 1 1 1 1 *)
G[T_,xx_]:=Exp[0+xx[[1]]*T^1+xx[[2]]*T^2]*(1+xx[[3]]/(T^1))
(* Fitting with shape 0 1 1 1 1 1 1 1 1 1 0 0 *)
G[T_,xx_]:=Exp[0+xx[[1]]*T^1+xx[[2]]*T^2]*(1+xx[[3]]/(T^1))
(* Fitting with shape 0 1 1 1 1 1 1 1 1 1 1 0 *)
G[T_,xx_]:=Exp[0+xx[[1]]*T^1+xx[[2]]*T^2]*(1+xx[[3]]/(T^1))
(* Fitting with shape 0 1 1 1 1 1 1 1 1 1 1 1 *)
G[T_,xx_]:=Exp[0+xx[[1]]*T^1+xx[[2]]*T^2]*(1+xx[[3]]/(T^1))
(* Fitting with shape 0 0 1 1 1 1 1 1 1 1 0 0 *)
G[T_,xx_]:=Exp[0+xx[[1]]*T^1+xx[[2]]*T^2]*(1+xx[[3]]/(T^1))
(* Fitting with shape 0 0 1 1 1 1 1 1 1 1 1 0 *)
G[T_,xx_]:=Exp[0+xx[[1]]*T^1+xx[[2]]*T^2]*(1+xx[[3]]/(T^1))
(* Fitting with shape 0 0 1 1 1 1 1 1 1 1 1 1 *)
G[T_,xx_]:=Exp[0+xx[[1]]*T^1+xx[[2]]*T^2]*(1+xx[[3]]/(T^1))
(* Fitting with shape 1 1 1 1 1 1 1 1 1 1 0 0 *)
G[T_,xx_]:=Exp[0+xx[[1]]*T^1+xx[[2]]*T^2]*(1+xx[[3]]/(T^1)+xx[[4]]/(T^2))
(* Fitting with shape 1 1 1 1 1 1 1 1 1 1 1 0 *)
G[T_,xx_]:=Exp[0+xx[[1]]*T^1+xx[[2]]*T^2]*(1+xx[[3]]/(T^1)+xx[[4]]/(T^2))
(* Fitting with shape 1 1 1 1 1 1 1 1 1 1 1 1 *)
G[T_,xx_]:=Exp[0+xx[[1]]*T^1+xx[[2]]*T^2]*(1+xx[[3]]/(T^1)+xx[[4]]/(T^2))
(* Fitting with shape 0 1 1 1 1 1 1 1 1 1 0 0 *)
G[T_,xx_]:=Exp[0+xx[[1]]*T^1+xx[[2]]*T^2]*(1+xx[[3]]/(T^1)+xx[[4]]/(T^2))
(* Fitting with shape 0 1 1 1 1 1 1 1 1 1 1 0 *)
G[T_,xx_]:=Exp[0+xx[[1]]*T^1+xx[[2]]*T^2]*(1+xx[[3]]/(T^1)+xx[[4]]/(T^2))
(* Fitting with shape 0 1 1 1 1 1 1 1 1 1 1 1 *)
G[T_,xx_]:=Exp[0+xx[[1]]*T^1+xx[[2]]*T^2]*(1+xx[[3]]/(T^1)+xx[[4]]/(T^2))
(* Fitting with shape 0 0 1 1 1 1 1 1 1 1 0 0 *)
G[T_,xx_]:=Exp[0+xx[[1]]*T^1+xx[[2]]*T^2]*(1+xx[[3]]/(T^1)+xx[[4]]/(T^2))
(* Fitting with shape 0 0 1 1 1 1 1 1 1 1 1 0 *)
G[T_,xx_]:=Exp[0+xx[[1]]*T^1+xx[[2]]*T^2]*(1+xx[[3]]/(T^1)+xx[[4]]/(T^2))
(* Fitting with shape 0 0 1 1 1 1 1 1 1 1 1 1 *)
G[T_,xx_]:=Exp[0+xx[[1]]*T^1+xx[[2]]*T^2]*(1+xx[[3]]/(T^1)+xx[[4]]/(T^2))
(* Fitting with shape 1 1 1 1 1 1 1 1 1 1 0 0 *)
G[T_,xx_]:=Exp[0+xx[[1]]*T^1+xx[[2]]*T^2+xx[[3]]*T^3]*(1)
(* Fitting with shape 1 1 1 1 1 1 1 1 1 1 1 0 *)
G[T_,xx_]:=Exp[0+xx[[1]]*T^1+xx[[2]]*T^2+xx[[3]]*T^3]*(1)
(* Fitting with shape 1 1 1 1 1 1 1 1 1 1 1 1 *)
G[T_,xx_]:=Exp[0+xx[[1]]*T^1+xx[[2]]*T^2+xx[[3]]*T^3]*(1)
(* Fitting with shape 0 1 1 1 1 1 1 1 1 1 0 0 *)
G[T_,xx_]:=Exp[0+xx[[1]]*T^1+xx[[2]]*T^2+xx[[3]]*T^3]*(1)
(* Fitting with shape 0 1 1 1 1 1 1 1 1 1 1 0 *)
G[T_,xx_]:=Exp[0+xx[[1]]*T^1+xx[[2]]*T^2+xx[[3]]*T^3]*(1)
(* Fitting with shape 0 1 1 1 1 1 1 1 1 1 1 1 *)
G[T_,xx_]:=Exp[0+xx[[1]]*T^1+xx[[2]]*T^2+xx[[3]]*T^3]*(1)
(* Fitting with shape 0 0 1 1 1 1 1 1 1 1 0 0 *)
G[T_,xx_]:=Exp[0+xx[[1]]*T^1+xx[[2]]*T^2+xx[[3]]*T^3]*(1)
(* Fitting with shape 0 0 1 1 1 1 1 1 1 1 1 0 *)
G[T_,xx_]:=Exp[0+xx[[1]]*T^1+xx[[2]]*T^2+xx[[3]]*T^3]*(1)
(* Fitting with shape 0 0 1 1 1 1 1 1 1 1 1 1 *)
G[T_,xx_]:=Exp[0+xx[[1]]*T^1+xx[[2]]*T^2+xx[[3]]*T^3]*(1)
(* Fitting with shape 1 1 1 1 1 1 1 1 1 1 0 0 *)
G[T_,xx_]:=Exp[0+xx[[1]]*T^1+xx[[2]]*T^2+xx[[3]]*T^3]*(1+xx[[4]]/(T^1))
(* Fitting with shape 1 1 1 1 1 1 1 1 1 1 1 0 *)
G[T_,xx_]:=Exp[0+xx[[1]]*T^1+xx[[2]]*T^2+xx[[3]]*T^3]*(1+xx[[4]]/(T^1))
(* Fitting with shape 1 1 1 1 1 1 1 1 1 1 1 1 *)
G[T_,xx_]:=Exp[0+xx[[1]]*T^1+xx[[2]]*T^2+xx[[3]]*T^3]*(1+xx[[4]]/(T^1))
(* Fitting with shape 0 1 1 1 1 1 1 1 1 1 0 0 *)
G[T_,xx_]:=Exp[0+xx[[1]]*T^1+xx[[2]]*T^2+xx[[3]]*T^3]*(1+xx[[4]]/(T^1))
(* Fitting with shape 0 1 1 1 1 1 1 1 1 1 1 0 *)
G[T_,xx_]:=Exp[0+xx[[1]]*T^1+xx[[2]]*T^2+xx[[3]]*T^3]*(1+xx[[4]]/(T^1))
(* Fitting with shape 0 1 1 1 1 1 1 1 1 1 1 1 *)
G[T_,xx_]:=Exp[0+xx[[1]]*T^1+xx[[2]]*T^2+xx[[3]]*T^3]*(1+xx[[4]]/(T^1))
(* Fitting with shape 0 0 1 1 1 1 1 1 1 1 0 0 *)
G[T_,xx_]:=Exp[0+xx[[1]]*T^1+xx[[2]]*T^2+xx[[3]]*T^3]*(1+xx[[4]]/(T^1))
(* Fitting with shape 0 0 1 1 1 1 1 1 1 1 1 0 *)
G[T_,xx_]:=Exp[0+xx[[1]]*T^1+xx[[2]]*T^2+xx[[3]]*T^3]*(1+xx[[4]]/(T^1))
(* Fitting with shape 0 0 1 1 1 1 1 1 1 1 1 1 *)
G[T_,xx_]:=Exp[0+xx[[1]]*T^1+xx[[2]]*T^2+xx[[3]]*T^3]*(1+xx[[4]]/(T^1))
(* Fitting with shape 1 1 1 1 1 1 1 1 1 1 0 0 *)
G[T_,xx_]:=Exp[0+xx[[1]]*T^1+xx[[2]]*T^2+xx[[3]]*T^3]*(1+xx[[4]]/(T^1)+xx[[5]]/(T^2))
(* Fitting with shape 1 1 1 1 1 1 1 1 1 1 1 0 *)
G[T_,xx_]:=Exp[0+xx[[1]]*T^1+xx[[2]]*T^2+xx[[3]]*T^3]*(1+xx[[4]]/(T^1)+xx[[5]]/(T^2))
(* Fitting with shape 1 1 1 1 1 1 1 1 1 1 1 1 *)
G[T_,xx_]:=Exp[0+xx[[1]]*T^1+xx[[2]]*T^2+xx[[3]]*T^3]*(1+xx[[4]]/(T^1)+xx[[5]]/(T^2))
(* Fitting with shape 0 1 1 1 1 1 1 1 1 1 0 0 *)
G[T_,xx_]:=Exp[0+xx[[1]]*T^1+xx[[2]]*T^2+xx[[3]]*T^3]*(1+xx[[4]]/(T^1)+xx[[5]]/(T^2))
(* Fitting with shape 0 1 1 1 1 1 1 1 1 1 1 0 *)
G[T_,xx_]:=Exp[0+xx[[1]]*T^1+xx[[2]]*T^2+xx[[3]]*T^3]*(1+xx[[4]]/(T^1)+xx[[5]]/(T^2))
(* Fitting with shape 0 1 1 1 1 1 1 1 1 1 1 1 *)
G[T_,xx_]:=Exp[0+xx[[1]]*T^1+xx[[2]]*T^2+xx[[3]]*T^3]*(1+xx[[4]]/(T^1)+xx[[5]]/(T^2))
(* Fitting with shape 0 0 1 1 1 1 1 1 1 1 0 0 *)
G[T_,xx_]:=Exp[0+xx[[1]]*T^1+xx[[2]]*T^2+xx[[3]]*T^3]*(1+xx[[4]]/(T^1)+xx[[5]]/(T^2))
(* Fitting with shape 0 0 1 1 1 1 1 1 1 1 1 0 *)
G[T_,xx_]:=Exp[0+xx[[1]]*T^1+xx[[2]]*T^2+xx[[3]]*T^3]*(1+xx[[4]]/(T^1)+xx[[5]]/(T^2))
(* Fitting with shape 0 0 1 1 1 1 1 1 1 1 1 1 *)
G[T_,xx_]:=Exp[0+xx[[1]]*T^1+xx[[2]]*T^2+xx[[3]]*T^3]*(1+xx[[4]]/(T^1)+xx[[5]]/(T^2))
Probabilities: 
       0        0        0        0        0        0        0        0        0        0        0        0        0        0        0        0        0        0        0        0        0        0        0        0        0        0        0        0        0        0        0        0        0        0        0        0        0        0        0        0        0        0        0        0        0        0        0        0        0        0        0        1        0        0
       0        0        0        0        0        0        0        0        0        0        0        0        0        0        0        0        0        0        0        0        0        0        0        0 0.382904        0        0        0        0        0        0        0        0        0        0        0        0        0        0        0        0        0 0.243233        0        0        0        0        0        0        0        0 0.373863        0        0
       0        0        0        0        0        0        0        0        0        0        0        0        0        0        0        0        0        0        0        0        0        0        0        0 0.516336        0        0        0        0        0        0        0        0        0        0        0        0        0        0        0        0        0 0.483664        0        0        0        0        0        0        0        0        0        0        0
       0        0        0        0        0        0        0        0        0        0        0        0        0        0        0        0        0        0        0        0        0        0        0        0        0        0        0        0        0        0        0        0        0        0        0        0        0        0        0        0        0        0        1        0        0        0        0        0        0        0        0        0        0        0
       0        0        0        0        0        0        0        0        0        0        0        0        0        0        0        0        0        0        0        0        0        0        0        0 0.354387        0        0        0        0        0        0        0        0        0        0        0        0        0        0        0        0        0 0.436941        0        0        0        0        0        0        0        0 0.208671        0        0
       0        0        0        0        0        0        0        0        0        0        0        0        0        0        0        0        0        0        0        0        0        0        0        0  0.64431        0        0        0        0        0        0        0        0        0        0        0        0        0        0        0        0        0        0        0        0        0        0        0        0        0        0  0.35569        0        0
       0        0        0        0        0        0        0        0        0        0        0        0        0        0        0        0        0        0        0        0        0        0        0        0 0.654166        0        0        0        0        0        0        0        0        0        0        0        0        0        0        0        0        0        0        0        0        0        0        0        0        0        0 0.345834        0        0
       0        0        0        0        0        0        0        0        0        0        0        0        0        0        0        0        0        0        0        0        0        0        0        0        1        0        0        0        0        0        0        0        0        0        0        0        0        0        0        0        0        0        0        0        0        0        0        0        0        0        0        0        0        0
       0        0        0        0        0        0        0        0        0        0        0        0        0        0        0        0        0        0        0        0        0        0        0        0 0.431664        0        0        0        0        0        0        0        0        0        0        0        0        0        0        0        0        0 0.568336        0        0        0        0        0        0        0        0        0        0        0
       0        0        0        0        0        0        0        0        0        0        0        0        0        0        0        0        0        0        0        0        0        0        0        0  0.65923        0        0        0        0        0        0        0        0        0        0        0        0        0        0        0        0        0        0        0        0        0        0        0        0        0        0  0.34077        0        0
       0        0        0        0        0        0        0        0        0        0        0        0        0        0        0        0        0        0        0        0        0        0        0        0 0.430154        0        0        0        0        0        0        0        0        0        0        0        0        0        0        0        0        0 0.569846        0        0        0        0        0        0        0        0        0        0        0
       0        0        0        0        0        0        0        0        0        0        0        0        0        0        0        0        0        0        0        0        0        0        0        0 0.354058        0        0        0        0        0        0        0        0        0        0        0        0        0        0        0        0        0 0.466288        0        0        0        0        0        0        0        0 0.179654        0        0

Values: 
  0.637608   0.611839   0.616239  0.0547059  0.0546621   0.054618  0.0545453   0.054502   0.153966   0.230631   0.416263   0.382282  0.0541579  0.0541163  0.0877957   0.636523   0.053981    0.05396  0.0540178  0.0539808  0.0539597  0.0538525  0.0538347  0.0538211 -0.0452948  0.0537726 -0.0356387    1.09358  0.0555625    1.06386    1.11229    1.09674    1.10861    1.23541    1.22124    1.07569          1          1          1   0.744911  0.0548115    0.92367    1.12395  0.0545217  0.0544843   0.857575  0.0546025   0.856119   0.970719   0.708188  0.0541634  0.0540356  0.0540419  0.0540354
 0.0760733  0.0759132  0.0757835  0.0761735  0.0760147  0.0758769  0.0761472  0.0759804   0.233134  0.0760171  0.0758827  0.0757724  0.0757261   0.193677   0.193151  0.0754902   0.469764   0.427839  0.0755055  0.0754119  0.0753549   0.737044   0.736539   0.738265  0.0750436  0.0749896  0.0749744    1.23826    1.23852    1.24266   0.224203  0.0783156  0.0781812   0.986172   0.983666   0.983392   0.974196    0.96318      1.009  0.0773582  0.0772107  0.0770693  0.0767431  0.0766373   0.542794  0.0769717   0.076829  0.0766737   -1.25282   0.075987  0.0758486  0.0758253   0.075837  0.0756069
 0.0867767  0.0864948  0.0862871  0.0870618   0.214905   0.193998  0.0872055  0.0868724   0.134283  0.0870331   0.086767  0.0865611  0.0867693   0.218539  0.0864146  0.0864096   0.108001  0.0861566  0.0864545  0.0862781  0.0861752  0.0858858   0.181364  0.0857381  0.0856373   0.126269  0.0855413    1.03678  0.0911029  0.0907518    1.07503    1.07472    1.07415    1.26019    1.08867    1.25812   0.970183   0.970922   0.971033   0.818506  0.0893742  0.0890724   0.088627    1.11146  0.0881281   0.089102  0.0888296  0.0884886  0.0874316    1.04512    1.17689   0.625849  0.0870731    4.18487
 0.0941312  0.0936749  0.0933014    0.70031   0.682814   0.496638  0.0949106  0.0943957  0.0939933  0.0995384    0.09426  0.0939001  0.0943504   0.230185  0.0937693   0.294647   0.093578   0.344781  0.0939143  0.0936408  0.0934575  0.0930245   0.164658  0.0928153    0.50392  0.0925074  0.0925396    1.32623   0.257766    1.31327    1.32128    1.30765    1.10253    1.10046    1.04413     1.0572     0.9755   0.975474   0.975593    1.02379  0.0334982   0.097703  0.0971799  0.0968632   0.840773  0.0979295   0.870343   0.868787   -23.8742  0.0952986  0.0946518   0.780975    5.13593  -0.927387
  0.099985  0.0994009  0.0988894   0.100741   0.745579    0.80717   0.135465   0.133616   0.168851   0.100845   0.100329  0.0998193   0.139514   0.369643   0.170873  0.0997574   0.669824  0.0992471   0.450456  0.0995732  0.0993201  0.0987351   0.180372  0.0984699  0.0982338   0.098079  0.0981157   0.214056    1.06552    1.12925    1.18058    1.10308    1.08217   0.997707   0.107367    1.01396    1.04768      1.035    1.03085    1.06053   0.105489    1.14162   0.104143   0.103758   0.983276   0.914964          1          1   0.101968   0.101698    1.00658   0.101679   0.101135  0.0995688
  0.105043   0.104359   0.103749   0.106044   0.256873   0.104612   0.243253   0.105819   0.105182   0.106182   0.105605   0.105027   0.105734   0.105264   0.182181    0.10484    0.34162   0.332405   0.324566   0.104686   0.104422   0.299302    0.10336   0.103319    0.10295   0.631472  0.0605361    1.00662   0.115286    1.02034    1.08625    1.08158    1.06496    1.23647    1.04298    1.33384   0.128232    0.96277   0.960942    0.11248   0.111872   0.111034   0.687377   0.109719   0.108753          1          1          1   0.107562    1.27705    1.23974   0.107366   0.903368   0.104032
  0.109496   0.168339   0.107998   0.110734   0.159799   0.544157   0.111334   0.110482   0.131564   0.110868   0.110202   0.109596    0.11033   0.109785   0.116849   0.380375   0.436033   0.108624   0.269281   0.313658   0.277599    0.10773   0.107498   0.853739   0.107018   0.106833   0.107049    1.03714    1.02497    1.14698    1.07824     1.0773    1.08115    1.27991    1.01429    1.03086   0.906348   0.895633   0.117894   0.118173    1.00435   0.987517   0.803795   0.114978   0.113687          1          1          1    1.18884    1.26207   0.705255    0.11243    4.73099    0.10776
  0.113284   0.112376   0.111664   0.207919   0.113856   0.854462   0.115374   0.114475   0.113823   0.114845   0.114145   0.113558   0.114216   0.170195   0.113287   0.143251    0.11257   0.323946   0.113374   0.247854   0.267435   0.111255   0.309433   0.111077   0.110448   0.526787   0.592184     1.0251    1.20857   0.125608    1.07928    1.07842     1.0839    1.00237    1.32572    1.01376   0.920534   0.123426    0.97618   0.839095   0.122306   0.945242   0.727641   0.119416   0.683143          1          1          1   0.848563   0.115989   0.802029    1.14861   0.115005   0.728623
  0.116563   0.115588   0.114824   0.132973   0.683862   0.116399   0.118754   0.117827   0.166935   0.142848   0.146307   0.151439   0.117384   0.217381   0.240887   0.115929    0.68365   0.115358   0.116454   0.226762   0.234074   0.114049   0.113844   0.113925   0.113138   0.113017   0.113417   0.131224   0.950105   0.954367    1.07902    1.07767    1.08218    1.03221    1.26493    1.01221    0.12781   0.127299    1.03544   -1.44944    3.40979   0.879986   0.123898   0.123044    0.12116          1          1          1   0.120183   0.119248   0.734933    1.01597   0.117919     1.1193
  0.119136   0.118101   0.117363   0.120852   0.119949    0.11917   0.121408   0.120503   0.119885   0.120724   0.147052   0.119489   0.119844   0.119256   0.758139    0.30439   0.326478   0.117684   0.118848   0.118338   0.118126   0.116216   0.161991    0.24595   0.115255   0.158391   0.115659   0.134268   0.195227   0.918719    1.08211    1.08055    1.08593   0.990944    1.00682    1.29503   0.931106   0.130111    0.12906    1.20727    1.17406   0.949104   0.816581   0.125724   0.123536          1          1          1   0.933668    0.98934   0.855456   0.123473    1.17731          1
  0.120873   0.119818    0.11908   0.841025    0.12172   0.120989   0.123049   0.122158   0.121577   0.122333   0.121649   0.121153   0.198228   0.244261   0.120437    0.11962   0.119261   0.119114   0.120289   0.119779   0.119583   0.117531   0.194831   0.117523   0.116567   0.116479   0.481269    1.19908    1.24259   0.919134    1.07951    1.07805    1.08126     0.9866    1.00098     0.9924    0.87416   0.859183   0.847788   0.131688   0.130761   0.129041   0.128168   0.852435    0.12493          1          1          1   0.124078    0.70882   0.119586    2.14893   0.121623   0.115058
  0.121467   0.120409   0.119702    0.12319   0.348675    0.74945   0.201575   0.122717   0.122154   0.122863   0.122201   0.121719   0.121826   0.121255   0.217756   0.362962   0.439007   0.119613   0.296904   0.120272   0.120092    0.11797   0.117806    0.11801      0.117    0.42784   0.117559   0.136691    1.25716   0.092334    1.07992    1.07692    1.07938    0.98266   0.996386     0.9868   0.918529   0.900599   0.887816   0.132256   0.905848   0.845031   0.128705   0.127722    1.49272          1          1          1    0.12456   0.123387   0.119866   0.125616   0.121888   0.115105

Errors: 
   0.971927     1.08257     1.03907  1.1127e-05 1.09936e-05 1.08056e-05 1.16308e-05  1.1527e-05 0.000939995    0.505779     1.13319     1.32309 1.32719e-05 1.30065e-05 0.000588166     0.67925 1.35742e-05 1.31706e-05 1.42626e-05 1.38432e-05 1.34183e-05 1.61464e-05 1.51053e-05 1.44917e-05 1.51011e-05 1.83644e-05 1.46888e-05           0 1.51145e-05           0           0           0           0     1.00003     1.00004     1.00039      0.0174   0.0146213   0.0155493 0.000312743 2.37297e-05           1 7.22749e-05 3.55374e-05  3.3036e-05      1.0463 2.98996e-05     1.03576  0.00106784           1 5.10969e-05 0.000148274 0.000106954 8.72167e-05
3.24324e-05 3.11168e-05 2.92144e-05 3.27989e-05 3.12951e-05 2.95197e-05 3.29285e-05 3.14324e-05           0 3.28181e-05 3.13162e-05 2.95044e-05 3.43129e-05           0           0 3.63477e-05           0           0 3.36579e-05 3.41608e-05 3.19078e-05           0           0           0 5.98209e-05 5.11385e-05 4.43041e-05           0           0           0           1 5.69211e-05 5.54911e-05           0           0           0           0           0           0 8.91729e-05 7.94534e-05 7.49826e-05 0.000135886 0.000116112     1.00001 0.000116178 0.000100136 9.23013e-05 0.000171912 0.000188002 0.000157938 0.000558851 0.000378183 0.000306273
6.71726e-05 6.28243e-05 5.84312e-05 6.90433e-05           0           0 6.97261e-05 6.56006e-05           0 6.92711e-05 6.49241e-05  6.0439e-05 7.04624e-05           0 6.11336e-05 7.56364e-05     1.00009 6.30239e-05 7.33059e-05 6.72875e-05 6.27102e-05 9.03926e-05           1 7.21621e-05 0.000128891           0 8.94242e-05           0   0.0001303 0.000126515           0           0           0     1.00039      1.0072     1.00048           0           0           0     1.00003 0.000175408 0.000161607 0.000307256     1.00001 0.000225491 0.000260234 0.000218099 0.000196995 0.000534789 0.000859188  0.00159753   0.0028539  0.00087653           1
0.000116339 0.000107519 9.83321e-05           0           0           0 0.000124189 0.000114788 0.000105235           0 0.000113177 0.000104231 0.000123571           0 0.000105403           0 0.000119371           0 0.000128609 0.000117132  0.00010809 0.000158189           0 0.000120638           0 0.000183977 0.000150338           0           1           0     1.00006     1.00004           0     1.00099           0     1.00839           0           0           0     1.00006     1.00327 0.000277205 0.000547188 0.000447315           1 0.000444018 0.000650851 0.000598402   0.0081965 0.000744339 0.000607715  0.00408865     1.00073 0.000521666
0.000177577 0.000164699 0.000149841  0.00018696           0           0           0           0           0 0.000186006 0.000175282 0.000162345           0           0           0 0.000201562           0 0.000167833           0 0.000182336 0.000166208  0.00023891           0  0.00018922 0.000343688 0.000277862 0.000225409           0           0           0           0           0           0           0 0.000358254           0           0           0           0     1.00004 0.000460852           1 0.000806761 0.000676813      1.1256   0.0032614   0.0174116   0.0175161  0.00140417  0.00113814     1.00011  0.00337682  0.00238094  0.00187908
0.000231991 0.000235294 0.000213585 0.000267043           0  0.00022761           0 0.000258632  0.00023624 0.000269509 0.000257877 0.000235831 0.000272253 0.000256677           0 0.000286422           0           0           0 0.000262063 0.000242287           0 0.000292034 0.000268612 0.000478944           0     1.11145           0 0.000486378           0           0           0           0     1.00127     1.04236     1.00073           1           0           0 0.000752795 0.000644273 0.000586835     1.00599 0.000941088 0.000819612   0.0252343   0.0249436   0.0251163   0.0019356     1.00001 0.000947435  0.00456976 9.81628e-05  0.00267944
0.000337866           0 0.000295247 0.000355964           0           0 0.000367018 0.000346775           0 0.000357008 0.000341551 0.000316387 0.000363377 0.000338156           0           0           0 0.000326521           0           0           0 0.000448861 0.000400126           0 0.000622136 0.000528991 0.000442332           0           0           0           0           0           0     1.00049           0      2.0902           0           0 0.000631708 0.000903391     1.00026           0     1.00015  0.00122337  0.00102697   0.0323887   0.0319666   0.0321004 0.000160253 0.000456725  0.00431117  0.00626429     1.00208  0.00334488
0.000425862  0.00039927  0.00036533           0 0.000427929           0  0.00046188 0.000439237  0.00041702 0.000455842 0.000440158 0.000413309 0.000457256           0  0.00041161           0 0.000443452           0 0.000463966           0           0 0.000555433           0 0.000458639 0.000725874           0           0           0           0  0.00072667           0           0           0           0     1.00127           0           0 0.000797899           0     1.00003 0.000999029     1.00006     1.00019  0.00145202     1.00009   0.0406024   0.0399318   0.0402164  0.00378416   0.0025011 0.000719297 0.000680826  0.00507749     1.00008
0.000534406  0.00048622 0.000454642           0           0 0.000487788 0.000556474 0.000530909           0           0           0           0 0.000547434           0           0 0.000566087           0 0.000503232 0.000508039           0           0 0.000653049 0.000594937 0.000556731 0.000893466  0.00076848 0.000648617 0.000872807           0           0           0           0           0     1.24595     1.00323           0 0.000956622 0.000919164           0     1.00031           1     1.00082  0.00202514  0.00171198  0.00146123   0.0493523   0.0486215   0.0493022   0.0034599  0.00292254 0.000728712     1.00051  0.00592353      1.3979
0.000594068 0.000558801 0.000529556 0.000625108 0.000600696 0.000570932  0.00063329 0.000608627  0.00057966 0.000620106           0 0.000590529 0.000633178 0.000597572           0           0           0 0.000582375  0.00065141 0.000613834 0.000577171 0.000757939           0           0 0.000991066           0  0.00069784 0.000951037     1.00002           0           0           0           0           0           0     1.00122           0  0.00102979 0.000978048     1.00006     1.00015     1.00093     1.00049  0.00193245    0.001634   0.0544905    0.053085    0.054004 0.000456004   0.0038006   0.0106343  0.00868006     1.00021    0.197572
0.000646457 0.000618448 0.000592427           0           0 0.000638324 0.000689201 0.000656646 0.000639991  0.00066783 0.000649769 0.000630424           0           0 0.000629547 0.000694262 0.000656961  0.00063643 0.000676434 0.000655194  0.00064437 0.000797642           0 0.000691124  0.00102867 0.000928061           0           0           0           0           0           0           0           0           0           0           0           0           0  0.00151843  0.00143748  0.00126264  0.00230902     1.05239  0.00179753   0.0577881   0.0562046   0.0573113  0.00404788   0.0072154  0.00280731 0.000469998  0.00697992  0.00563466
 0.00066225 0.000648055 0.000601336 0.000695056           0           0           0 0.000677341 0.000656015 0.000685349 0.000668867 0.000636174 0.000682408 0.000663899           0           0           0 0.000599057           0 0.000673224 0.000658295  0.00088148 0.000751092 0.000702775  0.00108879           0 0.000797317  0.00103666           0           1           0           0           0           0           0           0           0           0           0  0.00154189     1.00492     1.00744  0.00239613  0.00209616           0   0.0606235   0.0585077   0.0598965  0.00410638  0.00353744  0.00286608   0.0092916  0.00709561  0.00577983

Statuses: 
3 3 3 0 0 0 0 0 3 3 3 3 0 0 3 3 0 0 0 0 0 0 0 0 3 0 1 3 0 3 3 3 3 3 3 3 3 3 3 3 0 3 3 0 0 3 0 3 3 3 0 0 0 0
0 0 0 0 0 0 0 0 3 0 0 0 0 3 3 0 3 3 0 0 0 3 3 3 0 0 0 3 3 3 3 0 0 3 3 3 3 3 3 0 0 0 0 0 3 0 0 0 0 0 0 0 0 0
0 0 0 0 3 3 0 0 3 0 0 0 0 3 0 0 3 0 0 0 0 0 3 0 0 3 0 3 0 0 3 3 3 3 3 3 3 3 3 3 0 0 0 3 0 0 0 0 0 3 3 3 0 3
0 0 0 3 3 3 0 0 0 3 0 0 0 3 0 3 0 3 0 0 0 0 3 0 3 0 0 3 3 3 3 3 3 3 3 3 3 3 3 3 3 0 0 0 3 0 3 3 0 0 0 3 3 0
0 0 0 0 3 3 3 3 3 0 0 0 3 3 3 0 3 0 3 0 0 0 3 0 0 0 0 3 3 3 3 3 3 3 0 3 3 3 3 3 0 3 0 0 3 3 3 3 0 0 3 0 0 0
0 0 0 0 3 0 3 0 0 0 0 0 0 0 3 0 3 3 3 0 0 3 0 0 0 3 3 3 0 3 3 3 3 3 3 3 3 3 3 0 0 0 3 0 0 3 3 3 0 3 3 0 3 0
0 3 0 0 3 3 0 0 3 0 0 0 0 0 3 3 3 0 3 3 3 0 0 3 0 0 0 3 3 3 3 3 3 3 3 3 3 3 0 0 3 3 3 0 0 3 3 3 3 3 3 0 3 0
0 0 0 3 0 3 0 0 0 0 0 0 0 3 0 3 0 3 0 3 3 0 3 0 0 3 3 3 3 0 3 3 3 3 3 3 3 0 3 3 0 3 3 0 3 3 3 3 3 0 3 3 0 3
0 0 0 3 3 0 0 0 3 3 3 3 0 3 3 0 3 0 0 3 3 0 0 0 0 0 0 0 3 3 3 3 3 3 3 3 0 0 3 3 3 3 0 0 0 3 3 3 0 0 3 3 0 3
0 0 0 0 0 0 0 0 0 0 3 0 0 0 3 3 3 0 0 0 0 0 3 3 0 3 0 0 3 3 3 3 3 3 3 3 3 0 0 3 3 3 3 0 0 3 3 3 3 3 3 0 3 3
0 0 0 3 2 0 0 0 0 0 0 0 3 3 0 0 0 0 0 0 0 0 3 0 0 0 3 3 3 3 3 3 3 3 3 3 3 3 3 0 0 0 0 3 0 3 3 3 0 3 0 3 0 0
0 0 0 0 3 3 3 0 0 0 0 0 0 0 3 3 3 0 3 0 0 0 0 0 0 3 0 0 3 3 3 3 3 3 3 3 3 3 3 0 3 3 0 0 3 3 3 3 0 0 0 0 0 0
chisq per dof: 
38761.6 34023.6 30707.1 8.08417 7.75713 7.38049 6.65293 6.60001 23727.3 42328.3   41114 35915.6 2.81768 2.80243 19188.6 59152.8 1.84756 1.76304 2.26186 2.19706 2.07677 1.85152 1.72098 1.62805 15808.2 1.81564   12624 51918.9  3.9242 41466.5 65209.1 56282.8 49088.6 70570.1 58842.2 50611.2 66960.5 57395.9 50301.5 76449.8 1.83836 41597.6 88171.7 1.83825 1.70797 83161.2 1.92383 59336.4 81982.4 78178.1 1.84258 2.67754 2.25816 2.00654
4.43971 4.27548 4.06589   3.932 3.80554 3.63814 3.42504 3.38206  1578.4 2.71499 2.66842 2.57541  2.0086 1493.48 1320.68 1.73735  3126.6 2567.08  1.9044 1.83136 1.74608 6135.37 5112.17 4386.32 2.01423 1.81574 1.68019 6390.42 5599.63 4964.16 2399.47 1.87994 1.87353 7164.66 5973.39 5120.27 7185.59 6130.61  5899.4 1.86103 1.73253 1.65635 2.01582 1.81557 5728.46  2.0386 1.87233 1.76364  1794.9 2.00895 1.84276 2.68109 2.26082 2.01011
3.13503 3.01892 2.87641 2.79009  265.31 214.749 2.50793 2.49394  156.47 2.15336 2.12848 2.06593 1.80638 360.628 1.70345 1.68627 82.9191  1.5311 1.82158 1.74599 1.66632 1.82018 347.463 1.59317 2.01246 383.015 1.67699  1559.3 1.83679 1.84694 2195.69 1882.32 1650.69 2202.83  1864.2 1586.55 2185.41  1874.6 1643.77 2594.46 1.70565 1.62585 2.01269 1871.36 1.68276 2.02609 1.85957 1.75002 2.26033 1896.78 1508.72 3571.27 2.26021 1988.49
2.56668 2.49067 2.39554 498.139 434.116 317.318 2.12252  2.1116 2.04605 172.689 1.89654 1.85057 1.72329 118.552 1.62189 242.359 1.57752 155.545 1.78746 1.70741 1.63144 1.81826 100.092 1.58898 397.344 1.81105 1.67598 908.815 217.748 708.427  923.64 769.361 742.242 974.811 824.453   712.2 979.568 840.054 742.652 1158.53 144.399 1.61154  2.0115 1.81076 773.595 2.02022 1134.48 982.824 863.953 2.00831 1.84285 1569.78 1061.15 52.4806
2.25313  2.1856 2.11296 2.03985 251.953 242.108 20.7151 61.4078  26.316 1.79122 1.75556 1.72015 68.8947  133.66 27.6265 1.65269 248.359 1.48822 417.048 1.67821   1.604 1.81524 46.7167 1.58548  2.0114 1.81004 1.67509 55.9803  359.54 345.526 528.938  466.57  414.22 542.735  1.5536 398.008 635.281 536.658 481.487 489.611 1.68876 297.211 2.01067 1.80963 464.337 849.693 751.301 647.216 2.25977 2.00796 401.294 2.67967 2.25983  2.0093
2.06751 2.00495 1.93624 1.88321 31.6625 1.79059 70.9164 1.75035 1.69755 1.71202 1.66945 1.62588  1.6374 1.57875 18.5587 1.64324 51.6386 47.2552 219.741 1.65818 1.58171  62.317  1.6803  1.5832 2.01129 201.063 16.1917 250.151 1.51597 206.591 339.582 293.237 261.894 331.234 287.853  226.91 67.7348 280.971 249.929 1.81836 1.68576 1.59933 391.236 1.80938 1.67896 563.616 472.505 408.515 2.25988 328.166  328.29 2.67983  347.41 2.00986
1.94063 7.75924 1.81877 1.77715 11.2033 83.6497 1.69905  1.6637 20.8826 1.66112 1.61562 1.56867 1.61698 1.55513 12.6669 36.9949 42.0903 1.46562 142.794 131.224 114.488 1.81295 1.67898 157.492 2.01122 1.80943 1.67517  180.47  154.61  150.25 239.879 206.966 184.851 206.267 199.667  174.05 222.241 175.427 1.53174 1.81647 170.214   211.2 288.425 1.80916 1.67897 393.952 330.339 286.149 193.988 207.558 232.541 2.67994  247.64 2.01014
1.86213 1.80708 1.74652 25.0427 1.66752 85.2686  1.6504 1.61106 1.55637 1.63037   1.582 1.53333 1.60428 7.17992 1.47826 15.3054 1.53479 25.3906 1.73062 92.8444 84.5435  1.8124 27.9072 1.58125 2.01115  49.822 58.2172 131.791 136.049 1.45065  184.95  159.68 142.683 180.978  138.23 133.689 159.212 1.58813 149.175 162.542 1.68228 157.247 208.644 1.80916 150.563 304.591 255.577  221.41 236.315 2.00818 180.032 232.028 2.26015  185.94
 1.8045 1.75131 1.69378 5.58249 72.4654  1.5748 1.61694 1.57506 6.30068 21.0743 17.2713 14.0352 1.59617 11.6519 14.3104 1.63244 65.1456 1.45717  1.7269 73.5885 65.9119 1.81213 1.67742 1.58077 2.01102 1.80892 1.67523 1.49765 97.7569 92.6775 150.402 129.958 116.079 146.774 121.837  108.52 1.67933 1.58621 133.373  139.98 119.884 131.007 2.01005 1.80912 1.67902 249.436 209.725 181.893 2.25981 2.00818 141.603 242.634 2.26013 102.498
1.75743 1.70748 1.65081 1.62393 1.57853 1.53186 1.58319 1.53977 1.48617 1.58783 16.1308   1.486 1.58713 1.51915 68.3324 47.2836 21.1471  1.4543 1.72235 1.62837 1.55109 1.81164 8.89071 10.8651  2.0108 29.7655 1.67543 1.48985 5.44406 73.2298 132.289 114.448 102.321 127.673 108.673 85.6764 122.444 1.58485 1.52479 127.549 118.407 113.596 154.401 1.80889 1.67916 218.596 184.008 159.869 126.071 87.0777 133.894 2.67948 140.373 139.856
1.72805 1.67898 1.62453 66.1363 1.55372 1.50778 1.56581 1.52097 1.46826 1.57654 1.52356 1.47369 8.93967 13.3005 1.45246 1.62837  1.5269 1.45225 1.71969 1.62514 1.54803 1.81111 10.5635 1.58011 2.01058  1.8085 25.5635 117.932 91.8691 94.7634 120.797 104.455 93.4405 116.192 98.8389  85.869 100.511 91.9551  81.475 1.81321 1.68016 1.59373 2.00959 114.785 1.67891 201.539 169.663 147.666 2.25945 138.969 1.84282 149.315 2.25983 2.01031
1.71444 1.66649  1.6116 1.58924 26.9227 47.8339 5.55452 1.51333 1.46016 1.57217 1.51851 1.46828 1.58044 1.51101 7.57989  26.552 17.9482 1.45158 71.7615 1.62381 1.54665 1.81105 1.67616 1.58011 2.01055 34.6658 1.67556 1.48549 91.9947 7.38873 116.584 100.767 90.1074 111.835 95.1373   82.55  104.39 96.0485 79.7278 1.81319   116.8 101.384 2.00959 1.80879  96.278 196.158 165.065 143.668 2.25945 2.00796 1.84296 2.67924 2.25987 2.01044
Mode averaged potential and errors: 
  0.0540356 0.000148274
  0.0757492 0.000745446
  0.0870833  0.00151211
  0.0971799 0.000547188
   0.101535  0.00308949
   0.104521  0.00347046
    0.10889  0.00452219
   0.110448 0.000725874
   0.119253  0.00557492
   0.118055  0.00644177
   0.123178  0.00603976
   0.124006   0.0068374
R Models:
(* Fitting with shape 1 1 1 1 1 1 1 1 0 0 0 0 *)
G[R_,xx_]:=xx[[0]] + xx[[1]]/R | xx[[2]]*R
(* Fitting with shape 1 1 1 1 1 1 1 1 1 0 0 0 *)
G[R_,xx_]:=xx[[0]] + xx[[1]]/R | xx[[2]]*R
(* Fitting with shape 1 1 1 1 1 1 1 1 1 1 0 0 *)
G[R_,xx_]:=xx[[0]] + xx[[1]]/R | xx[[2]]*R
(* Fitting with shape 1 1 1 1 1 1 1 1 1 1 1 0 *)
G[R_,xx_]:=xx[[0]] + xx[[1]]/R | xx[[2]]*R
(* Fitting with shape 1 1 1 1 1 1 1 1 1 1 1 1 *)
G[R_,xx_]:=xx[[0]] + xx[[1]]/R | xx[[2]]*R
(* Fitting with shape 0 1 1 1 1 1 1 1 0 0 0 0 *)
G[R_,xx_]:=xx[[0]] + xx[[1]]/R | xx[[2]]*R
(* Fitting with shape 0 1 1 1 1 1 1 1 1 0 0 0 *)
G[R_,xx_]:=xx[[0]] + xx[[1]]/R | xx[[2]]*R
(* Fitting with shape 0 1 1 1 1 1 1 1 1 1 0 0 *)
G[R_,xx_]:=xx[[0]] + xx[[1]]/R | xx[[2]]*R
(* Fitting with shape 0 1 1 1 1 1 1 1 1 1 1 0 *)
G[R_,xx_]:=xx[[0]] + xx[[1]]/R | xx[[2]]*R
(* Fitting with shape 0 1 1 1 1 1 1 1 1 1 1 1 *)
G[R_,xx_]:=xx[[0]] + xx[[1]]/R | xx[[2]]*R
(* Fitting with shape 0 0 1 1 1 1 1 1 0 0 0 0 *)
G[R_,xx_]:=xx[[0]] + xx[[1]]/R | xx[[2]]*R
(* Fitting with shape 0 0 1 1 1 1 1 1 1 0 0 0 *)
G[R_,xx_]:=xx[[0]] + xx[[1]]/R | xx[[2]]*R
(* Fitting with shape 0 0 1 1 1 1 1 1 1 1 0 0 *)
G[R_,xx_]:=xx[[0]] + xx[[1]]/R | xx[[2]]*R
(* Fitting with shape 0 0 1 1 1 1 1 1 1 1 1 0 *)
G[R_,xx_]:=xx[[0]] + xx[[1]]/R | xx[[2]]*R
(* Fitting with shape 0 0 1 1 1 1 1 1 1 1 1 1 *)
G[R_,xx_]:=xx[[0]] + xx[[1]]/R | xx[[2]]*R
(* Fitting with shape 0 0 0 1 1 1 1 1 0 0 0 0 *)
G[R_,xx_]:=xx[[0]] + xx[[1]]/R | xx[[2]]*R
(* Fitting with shape 0 0 0 1 1 1 1 1 1 0 0 0 *)
G[R_,xx_]:=xx[[0]] + xx[[1]]/R | xx[[2]]*R
(* Fitting with shape 0 0 0 1 1 1 1 1 1 1 0 0 *)
G[R_,xx_]:=xx[[0]] + xx[[1]]/R | xx[[2]]*R
(* Fitting with shape 0 0 0 1 1 1 1 1 1 1 1 0 *)
G[R_,xx_]:=xx[[0]] + xx[[1]]/R | xx[[2]]*R
(* Fitting with shape 0 0 0 1 1 1 1 1 1 1 1 1 *)
G[R_,xx_]:=xx[[0]] + xx[[1]]/R | xx[[2]]*R
2.93552 2.93552 2.93552 
0.0148208 0.0148208 0.0148208 
1 1 1 
0.513141 0.513141 0.513141 
-0.547599 -0.547599 -0.547599 
2.77839e-316 2.77839e-316 2.77839e-316 
55451.3 55451.3 55451.3 
1.14716 1.14716 1.14716 
1.77976 1.77976 1.77976 
3.21143e-322 3.21143e-322 3.21143e-322 
2.47033e-323 2.47033e-323 2.47033e-323 
2.7784e-316 2.7784e-316 2.7784e-316 
1.061e-313 1.061e-313 1.061e-313 
2.78022e-316 2.78022e-316 2.78022e-316 
340.949 340.949 340.949 
1.54396e-316 1.54396e-316 1.54396e-316 
96.3347 96.3347 96.3347 
6.37345e-322 6.37345e-322 6.37345e-322 
7.95444e-06 7.95444e-06 7.95444e-06 
0 0 0 
2.58958e-316 2.58958e-316 2.58958e-316 
0.000248185 0.000248185 0.000248185 
-1.88254e-05 -1.88254e-05 -1.88254e-05 
-0.000442158 -0.000442158 -0.000442158 
-0.0639356 -0.0639356 -0.0639356 
1.63042e-322 1.63042e-322 1.63042e-322 
2.77868e-316 2.77868e-316 2.77868e-316 
2.6486e-316 2.6486e-316 2.6486e-316 
2.6553e-316 2.6553e-316 2.6553e-316 
1.63042e-322 1.63042e-322 1.63042e-322 
2.64736e-316 2.64736e-316 2.64736e-316 
2.78027e-316 2.78027e-316 2.78027e-316 
3.16202e-322 3.16202e-322 3.16202e-322 
3.95253e-322 3.95253e-322 3.95253e-322 
2.77857e-316 2.77857e-316 2.77857e-316 
2.65531e-316 2.65531e-316 2.65531e-316 
2.64438e-316 2.64438e-316 2.64438e-316 
2.64736e-316 2.64736e-316 2.64736e-316 
2.64735e-316 2.64735e-316 2.64735e-316 
0 0 0 
0 0 0 
0 0 0 
1.67772e+07 1.67772e+07 1.67772e+07 
1.63042e-322 1.63042e-322 1.63042e-322 
6.92784e-310 6.92784e-310 6.92784e-310 
0 0 0 
1.58101e-322 1.58101e-322 1.58101e-322 
2.37152e-322 2.37152e-322 2.37152e-322 
58750.2 58750.2 58750.2 
2.66355e-316 2.66355e-316 2.66355e-316 
6.92784e-310 6.92784e-310 6.92784e-310 
0 0 0 
2.77843e-316 2.77843e-316 2.77843e-316 
4.00193e-322 4.00193e-322 4.00193e-322 
Probabilities: 
        0         0         0         0         0         0         0         0         0         0         0         0 0.0121643 0.0189978 0.0394222 0.0103008 0.0106444 0.0175253 0.0423029         0 0.0842637         0         0 0.0410595 0.0274654 0.0740322         0         0         0         0         0         0         0         0         0         0         0         0         0 0.0121746 0.0272507 0.0736649         0         0         0         0         0         0         0  0.171178  0.337554         0         0         0

String tensions: 
          1           1           1           1           1           1           1           1           1   -0.462215   -0.461968   -0.841863   -0.681172   -0.675622   -0.671283   -0.904277   -0.832271    -0.77251    -1.00155    0.404634   -0.969044    0.966054       15.75   -0.465092     10.5061     7.90384     1.30967    -0.10775   -0.107749   0.0216378    0.797173     7.10557      1.0025    0.945989    0.954252     0.96001     1.50722     1.24824  -0.0711736 -0.00015246 -0.00193759 -0.00176321    0.206338    0.868768   -0.113322   -0.175583  -0.0760291  -0.0581556   -0.316503  -0.0084087 -0.00645081    0.562182    0.174183  0.00215488

Errors: 
          0           0           0     5792.62     5792.62     5792.62           0           0           0  0.00617376  0.00601868     1.00018   0.0348719   0.0346346   0.0346321    0.161653     0.16374    0.161768   0.0768686           0   0.0800925           0    0.407344    0.755818     12.5461     8.41101           0           0           0  0.00049771      1.0222           0           0           0           0           0     1.26855     1.01042           1  0.00369084  0.00216039  0.00150547     1.00004           0     1.00005     2.34137  0.00211408     1.51773      2.1871  0.00326128  0.00251518     1.26031           1 0.000606174

Statuses: 
3 3 3 0 0 0 3 3 3 0 0 3 0 0 0 0 0 0 0 3 0 3 0 0 0 0 3 3 3 0 3 3 3 3 3 3 0 3 3 0 0 0 3 3 3 3 3 3 3 0 0 3 3 1
chisq per dof: 
 1768.53  2099.68  1213.49   33.524  29.0132  25.9046  454.307  190.213  643.416  5.15913  4.52309  2524.47 0.759386 0.809239 0.775583 0.577777 0.803878 0.832291 0.580516   4098.6 0.742825  8315.78  3.02279  0.76541 0.185495 0.157387  1573.59     8097     7085  29.7352  10224.2  8371.23  7762.82  11605.7  9740.91  8396.48  10239.3  9005.38  6773.22 0.759103 0.706167 0.619284  5656.14  9508.36  2121.19  9482.31  8392.67  5556.96  9050.34 0.181131 0.238734  10282.5  1230.94  0.16399
Model string tension and errors: 
sigma = 0.647473 +/- 4.12455
