R=0parameters: 
-0.61253 -0.61253 
0.116725 0.116725 
2.37382e-10 2.37382e-10 
1.63042e-322 1.63042e-322 
2.04624e-316 2.04624e-316 
-1.80279e+264 -1.80279e+264 
1.98939e-316 1.98939e-316 
1.63042e-322 1.63042e-322 
0 0 
1.61675e+184 1.61675e+184 1.61675e+184 
3.44682e-85 3.44682e-85 3.44682e-85 
3.9464e+180 3.9464e+180 3.9464e+180 
1.67792e+243 1.67792e+243 1.67792e+243 
1.44139e-308 1.44139e-308 1.44139e-308 
3.17096e+180 3.17096e+180 3.17096e+180 
4.00193e-322 4.00193e-322 4.00193e-322 
6.93944e-310 6.93944e-310 6.93944e-310 
1.95503e-316 1.95503e-316 1.95503e-316 
1.95503e-316 1.95503e-316 1.95503e-316 1.95503e-316 
1.61675e+184 1.61675e+184 1.61675e+184 1.61675e+184 
3.44682e-85 3.44682e-85 3.44682e-85 3.44682e-85 
6.01329e-154 6.01329e-154 6.01329e-154 6.01329e-154 
1.67792e+243 1.67792e+243 1.67792e+243 1.67792e+243 
7.41534e+199 7.41534e+199 7.41534e+199 7.41534e+199 
6.01347e-154 6.01347e-154 6.01347e-154 6.01347e-154 
4.79244e-322 4.79244e-322 4.79244e-322 4.79244e-322 
9.33897e-09 9.33897e-09 9.33897e-09 9.33897e-09 
-9.96654e-10 -9.96654e-10 -9.96654e-10 
3.88574e-10 3.88574e-10 3.88574e-10 
6.97662e-09 6.97662e-09 6.97662e-09 
8.5466e-11 8.5466e-11 8.5466e-11 
1.01388e-07 1.01388e-07 1.01388e-07 
1.31999e-08 1.31999e-08 1.31999e-08 
-4.4956e-09 -4.4956e-09 -4.4956e-09 
-398420 -398420 -398420 
1.67772e+07 1.67772e+07 1.67772e+07 
0 0 0 0 
3.95253e-322 3.95253e-322 3.95253e-322 3.95253e-322 
6.93944e-310 6.93944e-310 6.93944e-310 6.93944e-310 
1.95504e-316 1.95504e-316 1.95504e-316 1.95504e-316 
1.95504e-316 1.95504e-316 1.95504e-316 1.95504e-316 
1.61675e+184 1.61675e+184 1.61675e+184 1.61675e+184 
3.44682e-85 3.44682e-85 3.44682e-85 3.44682e-85 
6.01329e-154 6.01329e-154 6.01329e-154 6.01329e-154 
1.67792e+243 1.67792e+243 1.67792e+243 1.67792e+243 
1.63042e-322 1.63042e-322 1.63042e-322 1.63042e-322 1.63042e-322 
2.03135e-316 2.03135e-316 2.03135e-316 2.03135e-316 2.03135e-316 
1.96388e-316 1.96388e-316 1.96388e-316 1.96388e-316 1.96388e-316 
1.58101e-321 1.58101e-321 1.58101e-321 1.58101e-321 1.58101e-321 
7.6679e-321 7.6679e-321 7.6679e-321 7.6679e-321 7.6679e-321 
-nan -nan -nan -nan -nan 
6.93944e-310 6.93944e-310 6.93944e-310 6.93944e-310 6.93944e-310 
2.03137e-316 2.03137e-316 2.03137e-316 2.03137e-316 2.03137e-316 
-nan -nan -nan -nan -nan 
R=1parameters: 
-0.465209 -0.465209 
0.19951 0.19951 
0.541274 0.541274 
1.39242 1.39242 
-12.6422 -12.6422 
2.01503e-316 2.01503e-316 
8.59314e+07 8.59314e+07 
709016 709016 
-405885 -405885 
1.58595e-321 1.58595e-321 1.58595e-321 
6.93944e-310 6.93944e-310 6.93944e-310 
6.93944e-310 6.93944e-310 6.93944e-310 
0 0 0 
0 0 0 
2.37152e-322 2.37152e-322 2.37152e-322 
2.05022e-316 2.05022e-316 2.05022e-316 
1.31608e+06 1.31608e+06 1.31608e+06 
43594.9 43594.9 43594.9 
3.95253e-322 3.95253e-322 3.95253e-322 3.95253e-322 
2.37152e-322 2.37152e-322 2.37152e-322 2.37152e-322 
9937.7 9937.7 9937.7 9937.7 
0.176475 0.176475 0.176475 0.176475 
0.858442 0.858442 0.858442 0.858442 
-0.774342 -0.774342 -0.774342 -0.774342 
0 0 0 0 
2.42092e-322 2.42092e-322 2.42092e-322 2.42092e-322 
1.98699e-316 1.98699e-316 1.98699e-316 1.98699e-316 
2.03009e-316 2.03009e-316 2.03009e-316 
-12.6422 -12.6422 -12.6422 
2.42092e-322 2.42092e-322 2.42092e-322 
2.04558e-316 2.04558e-316 2.04558e-316 
4.08548e+06 4.08548e+06 4.08548e+06 
2.21714e+06 2.21714e+06 2.21714e+06 
0 0 0 
8.69556e-322 8.69556e-322 8.69556e-322 
2.37152e-322 2.37152e-322 2.37152e-322 
4.95894e-320 4.95894e-320 4.95894e-320 4.95894e-320 
-1.80279e+264 -1.80279e+264 -1.80279e+264 -1.80279e+264 
0.000318694 0.000318694 0.000318694 0.000318694 
1 1 1 1 
0 0 0 0 
3.21143e-322 3.21143e-322 3.21143e-322 3.21143e-322 
2.47033e-323 2.47033e-323 2.47033e-323 2.47033e-323 
1.99808e-316 1.99808e-316 1.99808e-316 1.99808e-316 
-0.0625062 -0.0625062 -0.0625062 -0.0625062 
1.63042e-322 1.63042e-322 1.63042e-322 1.63042e-322 1.63042e-322 
6.93942e-310 6.93942e-310 6.93942e-310 6.93942e-310 6.93942e-310 
2.122e-314 2.122e-314 2.122e-314 2.122e-314 2.122e-314 
2.0558e-316 2.0558e-316 2.0558e-316 2.0558e-316 2.0558e-316 
7.67284e-321 7.67284e-321 7.67284e-321 7.67284e-321 7.67284e-321 
-nan -nan -nan -nan -nan 
6.93944e-310 6.93944e-310 6.93944e-310 6.93944e-310 6.93944e-310 
2.03137e-316 2.03137e-316 2.03137e-316 2.03137e-316 2.03137e-316 
-nan -nan -nan -nan -nan 
R=2parameters: 
-0.307707 -0.307707 
0.272474 0.272474 
-9.00825e-06 -9.00825e-06 
0.260614 0.260614 
-0.15747 -0.15747 
2.01503e-316 2.01503e-316 
8.59314e+07 8.59314e+07 
709016 709016 
-405885 -405885 
1.58595e-321 1.58595e-321 1.58595e-321 
6.93944e-310 6.93944e-310 6.93944e-310 
6.93944e-310 6.93944e-310 6.93944e-310 
2.07198e-08 2.07198e-08 2.07198e-08 
1.49082e-06 1.49082e-06 1.49082e-06 
-8.07869e-07 -8.07869e-07 -8.07869e-07 
1.36603e-05 1.36603e-05 1.36603e-05 
0 0 0 
0 0 0 
0 0 0 0 
1.20474e-05 1.20474e-05 1.20474e-05 1.20474e-05 
0 0 0 0 
0 0 0 0 
0 0 0 0 
0 0 0 0 
1.67772e+07 1.67772e+07 1.67772e+07 1.67772e+07 
2.42092e-322 2.42092e-322 2.42092e-322 2.42092e-322 
4.99912e+06 4.99912e+06 4.99912e+06 4.99912e+06 
0.00117834 0.00117834 0.00117834 
1 1 1 
0 0 0 
0 0 0 
2.42092e-322 2.42092e-322 2.42092e-322 
0 0 0 
2142.52 2142.52 2142.52 
nan nan nan 
-0.321589 -0.321589 -0.321589 
-0.15747 -0.15747 -0.15747 -0.15747 
4.79244e-322 4.79244e-322 4.79244e-322 4.79244e-322 
2.05173e-316 2.05173e-316 2.05173e-316 2.05173e-316 
-1.80279e+264 -1.80279e+264 -1.80279e+264 -1.80279e+264 
-nan -nan -nan -nan 
3.21143e-322 3.21143e-322 3.21143e-322 3.21143e-322 
2.47033e-323 2.47033e-323 2.47033e-323 2.47033e-323 
1.99222e-316 1.99222e-316 1.99222e-316 1.99222e-316 
1.62274e+10 1.62274e+10 1.62274e+10 1.62274e+10 
1.98666e-316 1.98666e-316 1.98666e-316 1.98666e-316 1.98666e-316 
1.86213e+06 1.86213e+06 1.86213e+06 1.86213e+06 1.86213e+06 
2.04221e-316 2.04221e-316 2.04221e-316 2.04221e-316 2.04221e-316 
4.18735 4.18735 4.18735 4.18735 4.18735 
7.67284e-321 7.67284e-321 7.67284e-321 7.67284e-321 7.67284e-321 
-nan -nan -nan -nan -nan 
6.93944e-310 6.93944e-310 6.93944e-310 6.93944e-310 6.93944e-310 
2.03137e-316 2.03137e-316 2.03137e-316 2.03137e-316 2.03137e-316 
-nan -nan -nan -nan -nan 
R=3parameters: 
-0.145834 -0.145834 
0.343112 0.343112 
-0.000164561 -0.000164561 
0.353981 0.353981 
-0.157375 -0.157375 
2.01503e-316 2.01503e-316 
8.59314e+07 8.59314e+07 
709016 709016 
-405885 -405885 
1.58595e-321 1.58595e-321 1.58595e-321 
6.93944e-310 6.93944e-310 6.93944e-310 
6.93944e-310 6.93944e-310 6.93944e-310 
2.47033e-323 2.47033e-323 2.47033e-323 
2.03136e-316 2.03136e-316 2.03136e-316 
2.47033e-323 2.47033e-323 2.47033e-323 
-0.000625662 -0.000625662 -0.000625662 
9855.12 9855.12 9855.12 
13114.3 13114.3 13114.3 
-16657.9 -16657.9 -16657.9 -16657.9 
3.21143e-322 3.21143e-322 3.21143e-322 3.21143e-322 
2.47033e-323 2.47033e-323 2.47033e-323 2.47033e-323 
2.04602e-316 2.04602e-316 2.04602e-316 2.04602e-316 
-0.157375 -0.157375 -0.157375 -0.157375 
2.42092e-322 2.42092e-322 2.42092e-322 2.42092e-322 
1.97487e-316 1.97487e-316 1.97487e-316 1.97487e-316 
2.04209e-316 2.04209e-316 2.04209e-316 2.04209e-316 
2.47033e-323 2.47033e-323 2.47033e-323 2.47033e-323 
9.2701e-317 9.2701e-317 9.2701e-317 
2.47033e-323 2.47033e-323 2.47033e-323 
9.26042e-317 9.26042e-317 9.26042e-317 
3.16202e-322 3.16202e-322 3.16202e-322 
5.58294e-322 5.58294e-322 5.58294e-322 
4.95894e-320 4.95894e-320 4.95894e-320 
2.0502e-316 2.0502e-316 2.0502e-316 
1.42738e+228 1.42738e+228 1.42738e+228 
2.04731e-316 2.04731e-316 2.04731e-316 
668198 668198 668198 668198 
1.95518e-316 1.95518e-316 1.95518e-316 1.95518e-316 
3.23796e-319 3.23796e-319 3.23796e-319 3.23796e-319 
2.42092e-322 2.42092e-322 2.42092e-322 2.42092e-322 
1.97331e-316 1.97331e-316 1.97331e-316 1.97331e-316 
2.03136e-316 2.03136e-316 2.03136e-316 2.03136e-316 
0.000159557 0.000159557 0.000159557 0.000159557 
2.0494e-316 2.0494e-316 2.0494e-316 2.0494e-316 
2588.98 2588.98 2588.98 2588.98 
2.0494e-316 2.0494e-316 2.0494e-316 2.0494e-316 2.0494e-316 
1.66105e-316 1.66105e-316 1.66105e-316 1.66105e-316 1.66105e-316 
1.99577e-316 1.99577e-316 1.99577e-316 1.99577e-316 1.99577e-316 
3.16202e-322 3.16202e-322 3.16202e-322 3.16202e-322 3.16202e-322 
7.67284e-321 7.67284e-321 7.67284e-321 7.67284e-321 7.67284e-321 
-nan -nan -nan -nan -nan 
6.93944e-310 6.93944e-310 6.93944e-310 6.93944e-310 6.93944e-310 
2.03137e-316 2.03137e-316 2.03137e-316 2.03137e-316 2.03137e-316 
-nan -nan -nan -nan -nan 
R=4parameters: 
0.0156724 0.0156724 
0.414819 0.414819 
0.556426 0.556426 
2.01297 2.01297 
-14.72 -14.72 
2.01503e-316 2.01503e-316 
8.59314e+07 8.59314e+07 
709016 709016 
-405885 -405885 
1.58595e-321 1.58595e-321 1.58595e-321 
6.93944e-310 6.93944e-310 6.93944e-310 
6.93944e-310 6.93944e-310 6.93944e-310 
1.58101e-322 1.58101e-322 1.58101e-322 
3.16202e-322 3.16202e-322 3.16202e-322 
4.95894e-320 4.95894e-320 4.95894e-320 
2.1427e-316 2.1427e-316 2.1427e-316 
1.42738e+228 1.42738e+228 1.42738e+228 
2.1427e-316 2.1427e-316 2.1427e-316 
668706 668706 668706 668706 
4.94066e-324 4.94066e-324 4.94066e-324 4.94066e-324 
1.08526e-06 1.08526e-06 1.08526e-06 1.08526e-06 
2.03136e-316 2.03136e-316 2.03136e-316 2.03136e-316 
1.66105e-316 1.66105e-316 1.66105e-316 1.66105e-316 
1.0326e-321 1.0326e-321 1.0326e-321 1.0326e-321 
-14.72 -14.72 -14.72 -14.72 
2.42092e-322 2.42092e-322 2.42092e-322 2.42092e-322 
807838 807838 807838 807838 
1.25762e+07 1.25762e+07 1.25762e+07 
0 0 0 
1 1 1 
0.628994 0.628994 0.628994 
-0.64956 -0.64956 -0.64956 
0.427129 0.427129 0.427129 
0 0 0 
0 0 0 
0 0 0 
1.10671e-321 1.10671e-321 1.10671e-321 1.10671e-321 
2.37152e-322 2.37152e-322 2.37152e-322 2.37152e-322 
0.00119011 0.00119011 0.00119011 0.00119011 
47276.6 47276.6 47276.6 47276.6 
1.97187e-05 1.97187e-05 1.97187e-05 1.97187e-05 
0.000198881 0.000198881 0.000198881 0.000198881 
-14.72 -14.72 -14.72 -14.72 
2.42092e-322 2.42092e-322 2.42092e-322 2.42092e-322 
-8.81073 -8.81073 -8.81073 -8.81073 
255156 255156 255156 255156 255156 
1.16282e+09 1.16282e+09 1.16282e+09 1.16282e+09 1.16282e+09 
115749 115749 115749 115749 115749 
4.74303e-322 4.74303e-322 4.74303e-322 4.74303e-322 4.74303e-322 
7.6679e-321 7.6679e-321 7.6679e-321 7.6679e-321 7.6679e-321 
-nan -nan -nan -nan -nan 
6.93944e-310 6.93944e-310 6.93944e-310 6.93944e-310 6.93944e-310 
2.03137e-316 2.03137e-316 2.03137e-316 2.03137e-316 2.03137e-316 
-nan -nan -nan -nan -nan 
R=5parameters: 
0.156464 0.156464 
0.490922 0.490922 
0.000465176 0.000465176 
1.63961 1.63961 
-1.28667 -1.28667 
2.01503e-316 2.01503e-316 
8.59314e+07 8.59314e+07 
709016 709016 
-405885 -405885 
1.58595e-321 1.58595e-321 1.58595e-321 
6.93944e-310 6.93944e-310 6.93944e-310 
6.93944e-310 6.93944e-310 6.93944e-310 
0.91827 0.91827 0.91827 
0.0280636 0.0280636 0.0280636 
2.37152e-322 2.37152e-322 2.37152e-322 
2.42092e-322 2.42092e-322 2.42092e-322 
0 0 0 
5.99341e+06 5.99341e+06 5.99341e+06 
0 0 0 0 
223388 223388 223388 223388 
-1.28667 -1.28667 -1.28667 -1.28667 
3.21143e-322 3.21143e-322 3.21143e-322 3.21143e-322 
2.47033e-323 2.47033e-323 2.47033e-323 2.47033e-323 
2.03136e-316 2.03136e-316 2.03136e-316 2.03136e-316 
1.93857e+07 1.93857e+07 1.93857e+07 1.93857e+07 
2.05141e-316 2.05141e-316 2.05141e-316 2.05141e-316 
1468.67 1468.67 1468.67 1468.67 
2.02654e-316 2.02654e-316 2.02654e-316 
1.66105e-316 1.66105e-316 1.66105e-316 
6.37345e-322 6.37345e-322 6.37345e-322 
1.97299e-316 1.97299e-316 1.97299e-316 
2.05141e-316 2.05141e-316 2.05141e-316 
2.26873 2.26873 2.26873 
-0.484732 -0.484732 -0.484732 
0 0 0 
4.00193e-322 4.00193e-322 4.00193e-322 
6.93944e-310 6.93944e-310 6.93944e-310 6.93944e-310 
2.14361e-316 2.14361e-316 2.14361e-316 2.14361e-316 
8.37517 8.37517 8.37517 8.37517 
-1031.77 -1031.77 -1031.77 -1031.77 
5218.3 5218.3 5218.3 5218.3 
1.63042e-322 1.63042e-322 1.63042e-322 1.63042e-322 
2.47033e-323 2.47033e-323 2.47033e-323 2.47033e-323 
1.99569e-316 1.99569e-316 1.99569e-316 1.99569e-316 
2.47033e-323 2.47033e-323 2.47033e-323 2.47033e-323 
2.05143e-316 2.05143e-316 2.05143e-316 2.05143e-316 2.05143e-316 
1790.5 1790.5 1790.5 1790.5 1790.5 
2.03341e-316 2.03341e-316 2.03341e-316 2.03341e-316 2.03341e-316 
3.16202e-322 3.16202e-322 3.16202e-322 3.16202e-322 3.16202e-322 
7.67284e-321 7.67284e-321 7.67284e-321 7.67284e-321 7.67284e-321 
-nan -nan -nan -nan -nan 
6.93944e-310 6.93944e-310 6.93944e-310 6.93944e-310 6.93944e-310 
2.03137e-316 2.03137e-316 2.03137e-316 2.03137e-316 2.03137e-316 
-nan -nan -nan -nan -nan 
R=6parameters: 
0.279315 0.279315 
0.568506 0.568506 
0.00340317 0.00340317 
12.1345 12.1345 
-10.7072 -10.7072 
2.01503e-316 2.01503e-316 
8.59314e+07 8.59314e+07 
709016 709016 
-405885 -405885 
1.58595e-321 1.58595e-321 1.58595e-321 
6.93944e-310 6.93944e-310 6.93944e-310 
6.93944e-310 6.93944e-310 6.93944e-310 
1.99806e-316 1.99806e-316 1.99806e-316 
12.1345 12.1345 12.1345 
0 0 0 
2.42092e-322 2.42092e-322 2.42092e-322 
0.835481 0.835481 0.835481 
3.0274e-05 3.0274e-05 3.0274e-05 
0.000258309 0.000258309 0.000258309 0.000258309 
132.29 132.29 132.29 132.29 
0 0 0 0 
0 0 0 0 
0.0107671 0.0107671 0.0107671 0.0107671 
1.63042e-322 1.63042e-322 1.63042e-322 1.63042e-322 
6.93942e-310 6.93942e-310 6.93942e-310 6.93942e-310 
2.122e-314 2.122e-314 2.122e-314 2.122e-314 
1.99221e-316 1.99221e-316 1.99221e-316 1.99221e-316 
3.21143e-322 3.21143e-322 3.21143e-322 
1.99184e-316 1.99184e-316 1.99184e-316 
9.27015e-317 9.27015e-317 9.27015e-317 
2.47033e-323 2.47033e-323 2.47033e-323 
1.97445e-316 1.97445e-316 1.97445e-316 
1288.76 1288.76 1288.76 
2.04919e-316 2.04919e-316 2.04919e-316 
-0.007968 -0.007968 -0.007968 
5.58294e-322 5.58294e-322 5.58294e-322 
1.9915e-316 1.9915e-316 1.9915e-316 1.9915e-316 
2.02806e-316 2.02806e-316 2.02806e-316 2.02806e-316 
0.000142584 0.000142584 0.000142584 0.000142584 
2.03157e-316 2.03157e-316 2.03157e-316 2.03157e-316 
9251.57 9251.57 9251.57 9251.57 
1562.43 1562.43 1562.43 1562.43 
7.23847e-05 7.23847e-05 7.23847e-05 7.23847e-05 
0.00109215 0.00109215 0.00109215 0.00109215 
745.185 745.185 745.185 745.185 
1.63042e-322 1.63042e-322 1.63042e-322 1.63042e-322 1.63042e-322 
6.93942e-310 6.93942e-310 6.93942e-310 6.93942e-310 6.93942e-310 
0 0 0 0 0 
0.0239931 0.0239931 0.0239931 0.0239931 0.0239931 
7.67284e-321 7.67284e-321 7.67284e-321 7.67284e-321 7.67284e-321 
-nan -nan -nan -nan -nan 
6.93944e-310 6.93944e-310 6.93944e-310 6.93944e-310 6.93944e-310 
2.03137e-316 2.03137e-316 2.03137e-316 2.03137e-316 2.03137e-316 
-nan -nan -nan -nan -nan 
R=7parameters: 
0.383767 0.383767 
0.647484 0.647484 
0.00326636 0.00326636 
14.8075 14.8075 
-12.3168 -12.3168 
2.01503e-316 2.01503e-316 
8.59314e+07 8.59314e+07 
709016 709016 
-405885 -405885 
1.58595e-321 1.58595e-321 1.58595e-321 
6.93944e-310 6.93944e-310 6.93944e-310 
6.93944e-310 6.93944e-310 6.93944e-310 
1.58101e-322 1.58101e-322 1.58101e-322 
3.16202e-322 3.16202e-322 3.16202e-322 
2.03036e-316 2.03036e-316 2.03036e-316 
2.42092e-322 2.42092e-322 2.42092e-322 
1.061e-313 1.061e-313 1.061e-313 
1.605e+06 1.605e+06 1.605e+06 
1 1 1 1 
53433.1 53433.1 53433.1 53433.1 
-12.3168 -12.3168 -12.3168 -12.3168 
1.63042e-322 1.63042e-322 1.63042e-322 1.63042e-322 
2.03656e-316 2.03656e-316 2.03656e-316 2.03656e-316 
2.122e-314 2.122e-314 2.122e-314 2.122e-314 
1.98518e-316 1.98518e-316 1.98518e-316 1.98518e-316 
6.37345e-322 6.37345e-322 6.37345e-322 6.37345e-322 
0.0051637 0.0051637 0.0051637 0.0051637 
-0.00037394 -0.00037394 -0.00037394 
3.14045e-05 3.14045e-05 3.14045e-05 
0.0220287 0.0220287 0.0220287 
-0.00142209 -0.00142209 -0.00142209 
0.102523 0.102523 0.102523 
-0.0244274 -0.0244274 -0.0244274 
0.00137613 0.00137613 0.00137613 
-0.124519 -0.124519 -0.124519 
0.164678 0.164678 0.164678 
0 0 0 0 
0 0 0 0 
0 0 0 0 
0 0 0 0 
5.82199e+07 5.82199e+07 5.82199e+07 5.82199e+07 
3.21143e-322 3.21143e-322 3.21143e-322 3.21143e-322 
0 0 0 0 
2.42092e-322 2.42092e-322 2.42092e-322 2.42092e-322 
2.03036e-316 2.03036e-316 2.03036e-316 2.03036e-316 
2.04683e-316 2.04683e-316 2.04683e-316 2.04683e-316 2.04683e-316 
0.000244142 0.000244142 0.000244142 0.000244142 0.000244142 
-1.25837 -1.25837 -1.25837 -1.25837 -1.25837 
3.23796e-319 3.23796e-319 3.23796e-319 3.23796e-319 3.23796e-319 
7.67284e-321 7.67284e-321 7.67284e-321 7.67284e-321 7.67284e-321 
-nan -nan -nan -nan -nan 
6.93944e-310 6.93944e-310 6.93944e-310 6.93944e-310 6.93944e-310 
2.03137e-316 2.03137e-316 2.03137e-316 2.03137e-316 2.03137e-316 
-nan -nan -nan -nan -nan 
R=8parameters: 
0.456681 0.456681 
0.736104 0.736104 
0.00308437 0.00308437 
38.6117 38.6117 
-29.4938 -29.4938 
2.01503e-316 2.01503e-316 
8.59314e+07 8.59314e+07 
709016 709016 
-405885 -405885 
1.58595e-321 1.58595e-321 1.58595e-321 
6.93944e-310 6.93944e-310 6.93944e-310 
2.14251e-316 2.14251e-316 2.14251e-316 
0.241435 0.241435 0.241435 
-5.67545 -5.67545 -5.67545 
2.37152e-322 2.37152e-322 2.37152e-322 
0.03398 0.03398 0.03398 
0 0 0 
0 0 0 
-5.41925e-06 -5.41925e-06 -5.41925e-06 -5.41925e-06 
3.42298e-05 3.42298e-05 3.42298e-05 3.42298e-05 
0 0 0 0 
0 0 0 0 
0 0 0 0 
0 0 0 0 
1.67772e+07 1.67772e+07 1.67772e+07 1.67772e+07 
1.63042e-322 1.63042e-322 1.63042e-322 1.63042e-322 
6.93942e-310 6.93942e-310 6.93942e-310 6.93942e-310 
0 0 0 
2.03617e-316 2.03617e-316 2.03617e-316 
4.79244e-322 4.79244e-322 4.79244e-322 
2.05141e-316 2.05141e-316 2.05141e-316 
2.04731e-316 2.04731e-316 2.04731e-316 
0.0180579 0.0180579 0.0180579 
0.00970852 0.00970852 0.00970852 
0.00529529 0.00529529 0.00529529 
0.00291782 0.00291782 0.00291782 
0.00161988 0.00161988 0.00161988 0.00161988 
2.42092e-322 2.42092e-322 2.42092e-322 2.42092e-322 
-30520 -30520 -30520 -30520 
0 0 0 0 
0.986658 0.986658 0.986658 0.986658 
15531 15531 15531 15531 
0 0 0 0 
2.42092e-322 2.42092e-322 2.42092e-322 2.42092e-322 
1.061e-313 1.061e-313 1.061e-313 1.061e-313 
1.95629e-316 1.95629e-316 1.95629e-316 1.95629e-316 1.95629e-316 
1.97452e-10 1.97452e-10 1.97452e-10 1.97452e-10 1.97452e-10 
-862.178 -862.178 -862.178 -862.178 -862.178 
2.03338e-316 2.03338e-316 2.03338e-316 2.03338e-316 2.03338e-316 
7.67284e-321 7.67284e-321 7.67284e-321 7.67284e-321 7.67284e-321 
-nan -nan -nan -nan -nan 
6.93944e-310 6.93944e-310 6.93944e-310 6.93944e-310 6.93944e-310 
2.03137e-316 2.03137e-316 2.03137e-316 2.03137e-316 2.03137e-316 
-nan -nan -nan -nan -nan 
R=9parameters: 
0.490651 0.490651 
0.824517 0.824517 
0.00399267 0.00399267 
45.5473 45.5473 
-24.6519 -24.6519 
2.01503e-316 2.01503e-316 
8.59314e+07 8.59314e+07 
709016 709016 
-405885 -405885 
1.58595e-321 1.58595e-321 1.58595e-321 
6.93944e-310 6.93944e-310 6.93944e-310 
6.93944e-310 6.93944e-310 6.93944e-310 
5.81904e-05 5.81904e-05 5.81904e-05 
0.000770164 0.000770164 0.000770164 
2.37152e-322 2.37152e-322 2.37152e-322 
2.42092e-322 2.42092e-322 2.42092e-322 
32823.9 32823.9 32823.9 
2.0313e-316 2.0313e-316 2.0313e-316 
1442.13 1442.13 1442.13 1442.13 
10782 10782 10782 10782 
0 0 0 0 
3.21143e-322 3.21143e-322 3.21143e-322 3.21143e-322 
0 0 0 0 
0 0 0 0 
0 0 0 0 
0 0 0 0 
0 0 0 0 
0 0 0 
4.74303e-322 4.74303e-322 4.74303e-322 
2.37152e-322 2.37152e-322 2.37152e-322 
2.03171e-316 2.03171e-316 2.03171e-316 
2.05204e-316 2.05204e-316 2.05204e-316 
1.71276e-07 1.71276e-07 1.71276e-07 
-4.2692 -4.2692 -4.2692 
7.11455e-322 7.11455e-322 7.11455e-322 
2.37152e-322 2.37152e-322 2.37152e-322 
9.27401e-317 9.27401e-317 9.27401e-317 9.27401e-317 
29.838 29.838 29.838 29.838 
-1.03257 -1.03257 -1.03257 -1.03257 
-1.74988 -1.74988 -1.74988 -1.74988 
-24.6519 -24.6519 -24.6519 -24.6519 
3.16202e-322 3.16202e-322 3.16202e-322 3.16202e-322 
0.000495841 0.000495841 0.000495841 0.000495841 
2.04603e-316 2.04603e-316 2.04603e-316 2.04603e-316 
5.54981e-05 5.54981e-05 5.54981e-05 5.54981e-05 
1.97361e-316 1.97361e-316 1.97361e-316 1.97361e-316 1.97361e-316 
0.0622297 0.0622297 0.0622297 0.0622297 0.0622297 
2.04134e-316 2.04134e-316 2.04134e-316 2.04134e-316 2.04134e-316 
-1.40094 -1.40094 -1.40094 -1.40094 -1.40094 
7.67284e-321 7.67284e-321 7.67284e-321 7.67284e-321 7.67284e-321 
-nan -nan -nan -nan -nan 
6.93944e-310 6.93944e-310 6.93944e-310 6.93944e-310 6.93944e-310 
2.03137e-316 2.03137e-316 2.03137e-316 2.03137e-316 2.03137e-316 
-nan -nan -nan -nan -nan 
R=10parameters: 
0.496685 0.496685 
0.893664 0.893664 
0.00231738 0.00231738 
42.3566 42.3566 
-20.7038 -20.7038 
2.01503e-316 2.01503e-316 
8.59314e+07 8.59314e+07 
709016 709016 
-405885 -405885 
5.58294e-322 5.58294e-322 5.58294e-322 
2.04558e-316 2.04558e-316 2.04558e-316 
-1.80279e+264 -1.80279e+264 -1.80279e+264 
1 1 1 
1 1 1 
1 1 1 
1 1 1 
1 1 1 
1 1 1 
1 1 1 1 
1 1 1 1 
-2348.39 -2348.39 -2348.39 -2348.39 
0 0 0 0 
0 0 0 0 
4.00193e-322 4.00193e-322 4.00193e-322 4.00193e-322 
2.32734 2.32734 2.32734 2.32734 
0 0 0 0 
1.20537e-06 1.20537e-06 1.20537e-06 1.20537e-06 
-24.5929 -24.5929 -24.5929 
0 0 0 
0 0 0 
0 0 0 
0 0 0 
1 1 1 
0 0 0 
0 0 0 
0 0 0 
0 0 0 0 
0 0 0 0 
0.998438 0.998438 0.998438 0.998438 
1.2487 1.2487 1.2487 1.2487 
-0.00935107 -0.00935107 -0.00935107 -0.00935107 
0.00189688 0.00189688 0.00189688 0.00189688 
275.314 275.314 275.314 275.314 
2.42092e-322 2.42092e-322 2.42092e-322 2.42092e-322 
2.04564e-316 2.04564e-316 2.04564e-316 2.04564e-316 
222097 222097 222097 222097 222097 
2.59027e+06 2.59027e+06 2.59027e+06 2.59027e+06 2.59027e+06 
1.57004e+06 1.57004e+06 1.57004e+06 1.57004e+06 1.57004e+06 
2.03068e-316 2.03068e-316 2.03068e-316 2.03068e-316 2.03068e-316 
7.67284e-321 7.67284e-321 7.67284e-321 7.67284e-321 7.67284e-321 
-nan -nan -nan -nan -nan 
6.93944e-310 6.93944e-310 6.93944e-310 6.93944e-310 6.93944e-310 
2.03137e-316 2.03137e-316 2.03137e-316 2.03137e-316 2.03137e-316 
-nan -nan -nan -nan -nan 
R=11parameters: 
0.495568 0.495568 
0.921334 0.921334 
-0.00489761 -0.00489761 
22.2472 22.2472 
-20.1165 -20.1165 
2.01503e-316 2.01503e-316 
8.59314e+07 8.59314e+07 
709016 709016 
-405885 -405885 
4.00193e-322 4.00193e-322 4.00193e-322 
2.14537e-316 2.14537e-316 2.14537e-316 
2.15416e-316 2.15416e-316 2.15416e-316 
2.14519e-316 2.14519e-316 2.14519e-316 
2.14568e-316 2.14568e-316 2.14568e-316 
2.0473e-316 2.0473e-316 2.0473e-316 
2.14539e-316 2.14539e-316 2.14539e-316 
0.00215768 0.00215768 0.00215768 
-450.634 -450.634 -450.634 
-219.335 -219.335 -219.335 -219.335 
2.42092e-322 2.42092e-322 2.42092e-322 2.42092e-322 
1.061e-313 1.061e-313 1.061e-313 1.061e-313 
-0.794114 -0.794114 -0.794114 -0.794114 
0.463761 0.463761 0.463761 0.463761 
0.254805 0.254805 0.254805 0.254805 
-20.1165 -20.1165 -20.1165 -20.1165 
2.42092e-322 2.42092e-322 2.42092e-322 2.42092e-322 
1.95502e-316 1.95502e-316 1.95502e-316 1.95502e-316 
1.9957e-316 1.9957e-316 1.9957e-316 
0 0 0 
0 0 0 
8.69556e-322 8.69556e-322 8.69556e-322 
3.95253e-322 3.95253e-322 3.95253e-322 
1.96315e-316 1.96315e-316 1.96315e-316 
1.98804e-316 1.98804e-316 1.98804e-316 
0.00434892 0.00434892 0.00434892 
2.04179e-316 2.04179e-316 2.04179e-316 
-20.1165 -20.1165 -20.1165 -20.1165 
1.9782e-316 1.9782e-316 1.9782e-316 1.9782e-316 
8.95044 8.95044 8.95044 8.95044 
-636.438 -636.438 -636.438 -636.438 
-789.839 -789.839 -789.839 -789.839 
3.16202e-322 3.16202e-322 3.16202e-322 3.16202e-322 
2.47033e-323 2.47033e-323 2.47033e-323 2.47033e-323 
2.04918e-316 2.04918e-316 2.04918e-316 2.04918e-316 
1.061e-313 1.061e-313 1.061e-313 1.061e-313 
2.12691e-316 2.12691e-316 2.12691e-316 2.12691e-316 2.12691e-316 
-1.6673 -1.6673 -1.6673 -1.6673 -1.6673 
1.99813e-316 1.99813e-316 1.99813e-316 1.99813e-316 1.99813e-316 
1.58101e-321 1.58101e-321 1.58101e-321 1.58101e-321 1.58101e-321 
7.67284e-321 7.67284e-321 7.67284e-321 7.67284e-321 7.67284e-321 
-nan -nan -nan -nan -nan 
6.93944e-310 6.93944e-310 6.93944e-310 6.93944e-310 6.93944e-310 
2.03137e-316 2.03137e-316 2.03137e-316 2.03137e-316 2.03137e-316 
-nan -nan -nan -nan -nan 
T Models:
(* Fitting with shape 1 1 1 1 1 1 1 1 1 1 0 0 *)
G[T_,xx_]:=Exp[0+xx[[1]]*T^1+xx[[2]]*T^2]*(1)
(* Fitting with shape 1 1 1 1 1 1 1 1 1 1 1 0 *)
G[T_,xx_]:=Exp[0+xx[[1]]*T^1+xx[[2]]*T^2]*(1)
(* Fitting with shape 1 1 1 1 1 1 1 1 1 1 1 1 *)
G[T_,xx_]:=Exp[0+xx[[1]]*T^1+xx[[2]]*T^2]*(1)
(* Fitting with shape 0 1 1 1 1 1 1 1 1 1 0 0 *)
G[T_,xx_]:=Exp[0+xx[[1]]*T^1+xx[[2]]*T^2]*(1)
(* Fitting with shape 0 1 1 1 1 1 1 1 1 1 1 0 *)
G[T_,xx_]:=Exp[0+xx[[1]]*T^1+xx[[2]]*T^2]*(1)
(* Fitting with shape 0 1 1 1 1 1 1 1 1 1 1 1 *)
G[T_,xx_]:=Exp[0+xx[[1]]*T^1+xx[[2]]*T^2]*(1)
(* Fitting with shape 0 0 1 1 1 1 1 1 1 1 0 0 *)
G[T_,xx_]:=Exp[0+xx[[1]]*T^1+xx[[2]]*T^2]*(1)
(* Fitting with shape 0 0 1 1 1 1 1 1 1 1 1 0 *)
G[T_,xx_]:=Exp[0+xx[[1]]*T^1+xx[[2]]*T^2]*(1)
(* Fitting with shape 0 0 1 1 1 1 1 1 1 1 1 1 *)
G[T_,xx_]:=Exp[0+xx[[1]]*T^1+xx[[2]]*T^2]*(1)
(* Fitting with shape 1 1 1 1 1 1 1 1 1 1 0 0 *)
G[T_,xx_]:=Exp[0+xx[[1]]*T^1+xx[[2]]*T^2]*(1+xx[[3]]/(T^1))
(* Fitting with shape 1 1 1 1 1 1 1 1 1 1 1 0 *)
G[T_,xx_]:=Exp[0+xx[[1]]*T^1+xx[[2]]*T^2]*(1+xx[[3]]/(T^1))
(* Fitting with shape 1 1 1 1 1 1 1 1 1 1 1 1 *)
G[T_,xx_]:=Exp[0+xx[[1]]*T^1+xx[[2]]*T^2]*(1+xx[[3]]/(T^1))
(* Fitting with shape 0 1 1 1 1 1 1 1 1 1 0 0 *)
G[T_,xx_]:=Exp[0+xx[[1]]*T^1+xx[[2]]*T^2]*(1+xx[[3]]/(T^1))
(* Fitting with shape 0 1 1 1 1 1 1 1 1 1 1 0 *)
G[T_,xx_]:=Exp[0+xx[[1]]*T^1+xx[[2]]*T^2]*(1+xx[[3]]/(T^1))
(* Fitting with shape 0 1 1 1 1 1 1 1 1 1 1 1 *)
G[T_,xx_]:=Exp[0+xx[[1]]*T^1+xx[[2]]*T^2]*(1+xx[[3]]/(T^1))
(* Fitting with shape 0 0 1 1 1 1 1 1 1 1 0 0 *)
G[T_,xx_]:=Exp[0+xx[[1]]*T^1+xx[[2]]*T^2]*(1+xx[[3]]/(T^1))
(* Fitting with shape 0 0 1 1 1 1 1 1 1 1 1 0 *)
G[T_,xx_]:=Exp[0+xx[[1]]*T^1+xx[[2]]*T^2]*(1+xx[[3]]/(T^1))
(* Fitting with shape 0 0 1 1 1 1 1 1 1 1 1 1 *)
G[T_,xx_]:=Exp[0+xx[[1]]*T^1+xx[[2]]*T^2]*(1+xx[[3]]/(T^1))
(* Fitting with shape 1 1 1 1 1 1 1 1 1 1 0 0 *)
G[T_,xx_]:=Exp[0+xx[[1]]*T^1+xx[[2]]*T^2]*(1+xx[[3]]/(T^1)+xx[[4]]/(T^2))
(* Fitting with shape 1 1 1 1 1 1 1 1 1 1 1 0 *)
G[T_,xx_]:=Exp[0+xx[[1]]*T^1+xx[[2]]*T^2]*(1+xx[[3]]/(T^1)+xx[[4]]/(T^2))
(* Fitting with shape 1 1 1 1 1 1 1 1 1 1 1 1 *)
G[T_,xx_]:=Exp[0+xx[[1]]*T^1+xx[[2]]*T^2]*(1+xx[[3]]/(T^1)+xx[[4]]/(T^2))
(* Fitting with shape 0 1 1 1 1 1 1 1 1 1 0 0 *)
G[T_,xx_]:=Exp[0+xx[[1]]*T^1+xx[[2]]*T^2]*(1+xx[[3]]/(T^1)+xx[[4]]/(T^2))
(* Fitting with shape 0 1 1 1 1 1 1 1 1 1 1 0 *)
G[T_,xx_]:=Exp[0+xx[[1]]*T^1+xx[[2]]*T^2]*(1+xx[[3]]/(T^1)+xx[[4]]/(T^2))
(* Fitting with shape 0 1 1 1 1 1 1 1 1 1 1 1 *)
G[T_,xx_]:=Exp[0+xx[[1]]*T^1+xx[[2]]*T^2]*(1+xx[[3]]/(T^1)+xx[[4]]/(T^2))
(* Fitting with shape 0 0 1 1 1 1 1 1 1 1 0 0 *)
G[T_,xx_]:=Exp[0+xx[[1]]*T^1+xx[[2]]*T^2]*(1+xx[[3]]/(T^1)+xx[[4]]/(T^2))
(* Fitting with shape 0 0 1 1 1 1 1 1 1 1 1 0 *)
G[T_,xx_]:=Exp[0+xx[[1]]*T^1+xx[[2]]*T^2]*(1+xx[[3]]/(T^1)+xx[[4]]/(T^2))
(* Fitting with shape 0 0 1 1 1 1 1 1 1 1 1 1 *)
G[T_,xx_]:=Exp[0+xx[[1]]*T^1+xx[[2]]*T^2]*(1+xx[[3]]/(T^1)+xx[[4]]/(T^2))
(* Fitting with shape 1 1 1 1 1 1 1 1 1 1 0 0 *)
G[T_,xx_]:=Exp[0+xx[[1]]*T^1+xx[[2]]*T^2+xx[[3]]*T^3]*(1)
(* Fitting with shape 1 1 1 1 1 1 1 1 1 1 1 0 *)
G[T_,xx_]:=Exp[0+xx[[1]]*T^1+xx[[2]]*T^2+xx[[3]]*T^3]*(1)
(* Fitting with shape 1 1 1 1 1 1 1 1 1 1 1 1 *)
G[T_,xx_]:=Exp[0+xx[[1]]*T^1+xx[[2]]*T^2+xx[[3]]*T^3]*(1)
(* Fitting with shape 0 1 1 1 1 1 1 1 1 1 0 0 *)
G[T_,xx_]:=Exp[0+xx[[1]]*T^1+xx[[2]]*T^2+xx[[3]]*T^3]*(1)
(* Fitting with shape 0 1 1 1 1 1 1 1 1 1 1 0 *)
G[T_,xx_]:=Exp[0+xx[[1]]*T^1+xx[[2]]*T^2+xx[[3]]*T^3]*(1)
(* Fitting with shape 0 1 1 1 1 1 1 1 1 1 1 1 *)
G[T_,xx_]:=Exp[0+xx[[1]]*T^1+xx[[2]]*T^2+xx[[3]]*T^3]*(1)
(* Fitting with shape 0 0 1 1 1 1 1 1 1 1 0 0 *)
G[T_,xx_]:=Exp[0+xx[[1]]*T^1+xx[[2]]*T^2+xx[[3]]*T^3]*(1)
(* Fitting with shape 0 0 1 1 1 1 1 1 1 1 1 0 *)
G[T_,xx_]:=Exp[0+xx[[1]]*T^1+xx[[2]]*T^2+xx[[3]]*T^3]*(1)
(* Fitting with shape 0 0 1 1 1 1 1 1 1 1 1 1 *)
G[T_,xx_]:=Exp[0+xx[[1]]*T^1+xx[[2]]*T^2+xx[[3]]*T^3]*(1)
(* Fitting with shape 1 1 1 1 1 1 1 1 1 1 0 0 *)
G[T_,xx_]:=Exp[0+xx[[1]]*T^1+xx[[2]]*T^2+xx[[3]]*T^3]*(1+xx[[4]]/(T^1))
(* Fitting with shape 1 1 1 1 1 1 1 1 1 1 1 0 *)
G[T_,xx_]:=Exp[0+xx[[1]]*T^1+xx[[2]]*T^2+xx[[3]]*T^3]*(1+xx[[4]]/(T^1))
(* Fitting with shape 1 1 1 1 1 1 1 1 1 1 1 1 *)
G[T_,xx_]:=Exp[0+xx[[1]]*T^1+xx[[2]]*T^2+xx[[3]]*T^3]*(1+xx[[4]]/(T^1))
(* Fitting with shape 0 1 1 1 1 1 1 1 1 1 0 0 *)
G[T_,xx_]:=Exp[0+xx[[1]]*T^1+xx[[2]]*T^2+xx[[3]]*T^3]*(1+xx[[4]]/(T^1))
(* Fitting with shape 0 1 1 1 1 1 1 1 1 1 1 0 *)
G[T_,xx_]:=Exp[0+xx[[1]]*T^1+xx[[2]]*T^2+xx[[3]]*T^3]*(1+xx[[4]]/(T^1))
(* Fitting with shape 0 1 1 1 1 1 1 1 1 1 1 1 *)
G[T_,xx_]:=Exp[0+xx[[1]]*T^1+xx[[2]]*T^2+xx[[3]]*T^3]*(1+xx[[4]]/(T^1))
(* Fitting with shape 0 0 1 1 1 1 1 1 1 1 0 0 *)
G[T_,xx_]:=Exp[0+xx[[1]]*T^1+xx[[2]]*T^2+xx[[3]]*T^3]*(1+xx[[4]]/(T^1))
(* Fitting with shape 0 0 1 1 1 1 1 1 1 1 1 0 *)
G[T_,xx_]:=Exp[0+xx[[1]]*T^1+xx[[2]]*T^2+xx[[3]]*T^3]*(1+xx[[4]]/(T^1))
(* Fitting with shape 0 0 1 1 1 1 1 1 1 1 1 1 *)
G[T_,xx_]:=Exp[0+xx[[1]]*T^1+xx[[2]]*T^2+xx[[3]]*T^3]*(1+xx[[4]]/(T^1))
(* Fitting with shape 1 1 1 1 1 1 1 1 1 1 0 0 *)
G[T_,xx_]:=Exp[0+xx[[1]]*T^1+xx[[2]]*T^2+xx[[3]]*T^3]*(1+xx[[4]]/(T^1)+xx[[5]]/(T^2))
(* Fitting with shape 1 1 1 1 1 1 1 1 1 1 1 0 *)
G[T_,xx_]:=Exp[0+xx[[1]]*T^1+xx[[2]]*T^2+xx[[3]]*T^3]*(1+xx[[4]]/(T^1)+xx[[5]]/(T^2))
(* Fitting with shape 1 1 1 1 1 1 1 1 1 1 1 1 *)
G[T_,xx_]:=Exp[0+xx[[1]]*T^1+xx[[2]]*T^2+xx[[3]]*T^3]*(1+xx[[4]]/(T^1)+xx[[5]]/(T^2))
(* Fitting with shape 0 1 1 1 1 1 1 1 1 1 0 0 *)
G[T_,xx_]:=Exp[0+xx[[1]]*T^1+xx[[2]]*T^2+xx[[3]]*T^3]*(1+xx[[4]]/(T^1)+xx[[5]]/(T^2))
(* Fitting with shape 0 1 1 1 1 1 1 1 1 1 1 0 *)
G[T_,xx_]:=Exp[0+xx[[1]]*T^1+xx[[2]]*T^2+xx[[3]]*T^3]*(1+xx[[4]]/(T^1)+xx[[5]]/(T^2))
(* Fitting with shape 0 1 1 1 1 1 1 1 1 1 1 1 *)
G[T_,xx_]:=Exp[0+xx[[1]]*T^1+xx[[2]]*T^2+xx[[3]]*T^3]*(1+xx[[4]]/(T^1)+xx[[5]]/(T^2))
(* Fitting with shape 0 0 1 1 1 1 1 1 1 1 0 0 *)
G[T_,xx_]:=Exp[0+xx[[1]]*T^1+xx[[2]]*T^2+xx[[3]]*T^3]*(1+xx[[4]]/(T^1)+xx[[5]]/(T^2))
(* Fitting with shape 0 0 1 1 1 1 1 1 1 1 1 0 *)
G[T_,xx_]:=Exp[0+xx[[1]]*T^1+xx[[2]]*T^2+xx[[3]]*T^3]*(1+xx[[4]]/(T^1)+xx[[5]]/(T^2))
(* Fitting with shape 0 0 1 1 1 1 1 1 1 1 1 1 *)
G[T_,xx_]:=Exp[0+xx[[1]]*T^1+xx[[2]]*T^2+xx[[3]]*T^3]*(1+xx[[4]]/(T^1)+xx[[5]]/(T^2))
Probabilities: 
        0         0         0         0         0         0         0         0         0         0         0         0         0         0         0         0         0         0         0         0         0         0         0         0  0.348193         0         0         0         0         0         0         0         0         0         0         0         0         0         0         0         0         0         0         0         0         0         0         0         0         0         0  0.651807         0         0
        0         0         0         0         0         0         0         0         0         0         0         0         0         0         0         0         0         0         0         0         0         0         0         0  0.723115         0         0         0         0         0         0         0         0         0         0         0         0         0         0         0         0         0 0.0106779         0         0         0         0         0         0         0         0  0.266207         0         0
        0         0         0         0         0         0         0         0         0         0         0         0         0         0         0         0         0         0         0         0         0         0         0         0  0.604015         0         0         0         0         0         0         0         0         0         0         0         0         0         0         0         0         0  0.395985         0         0         0         0         0         0         0         0         0         0         0
        0         0         0         0         0         0         0         0         0         0         0         0         0         0         0 0.0109629         0         0         0         0         0         0         0         0         0         0         0         0         0         0         0         0         0         0         0         0         0         0         0         0         0         0         0         0         0         0         0         0         0         0         0  0.989037         0         0
        0         0         0         0         0         0         0         0         0         0         0         0         0         0         0  0.121512         0         0         0         0         0         0         0         0  0.667164         0         0         0         0         0         0         0         0         0         0         0         0         0         0         0         0         0  0.211324         0         0         0         0         0         0         0         0         0         0         0
        0         0         0         0         0         0         0         0         0         0         0         0         0         0         0   0.25668         0         0         0         0         0         0         0         0         0         0         0         0         0         0         0         0         0         0         0         0         0         0         0         0         0         0  0.201068         0         0         0         0         0         0         0         0  0.542252         0         0
        0         0         0         0         0         0         0         0         0         0         0         0         0         0         0  0.438976         0         0         0         0         0         0         0         0  0.369277         0         0         0         0         0         0         0         0         0         0         0         0         0         0         0         0         0         0         0         0         0         0         0         0         0         0  0.191748         0         0
        0         0         0         0         0         0         0         0         0         0         0         0         0         0         0  0.519409         0         0         0         0         0         0         0         0  0.325909         0         0         0         0         0         0         0         0         0         0         0         0         0         0         0         0         0         0         0         0         0         0         0         0         0         0  0.154681         0         0
        0         0         0         0         0         0         0         0         0         0         0         0         0         0         0  0.544542         0         0         0         0         0         0         0         0  0.251301         0         0         0         0         0         0         0         0         0         0         0         0         0         0         0         0         0  0.204158         0         0         0         0         0         0         0         0         0         0         0
        0         0         0         0         0         0         0         0         0         0         0         0         0         0         0  0.629837         0         0         0         0         0         0         0         0  0.269887         0         0         0         0         0         0         0         0         0         0         0         0         0         0         0         0         0         0         0         0         0         0         0         0         0         0  0.100276         0         0
        0         0         0         0         0         0  0.136907         0         0         0         0         0         0         0         0  0.610249         0         0         0         0         0         0         0         0  0.252844         0         0         0         0         0         0         0         0         0         0         0         0         0         0         0         0         0         0         0         0         0         0         0         0         0         0         0         0         0
        0         0         0         0         0         0  0.398079         0         0         0         0         0         0         0         0  0.401519         0         0         0         0         0         0         0         0  0.142873         0         0         0         0         0         0         0         0         0         0         0         0         0         0         0         0         0         0         0         0         0         0         0         0         0         0 0.0575292         0         0

Values: 
 0.116713  0.116725  0.116715  0.642038  0.499953   0.79425  0.114942  0.114952  0.114929  0.113779  0.113786  0.113753  0.112579  0.112579  0.729941  0.298182  0.112127  0.112118  0.112034  0.112034  0.112037  0.111747  0.705432  0.111755  0.111789  0.625333  0.111798  0.178138   1.09635   1.34783   1.20103   1.20248   1.18769    1.0197  -88.9294  0.117889   0.87987  0.956678  0.975064  0.936232    1.2562   1.13513  0.112811   0.67273   0.11267  0.112631  0.112562  0.112484  0.847805    0.8617  0.111465  0.111183  0.111341  0.711936
 0.199529   0.19951  0.199801  0.198116  0.198107  0.198304   0.19507  0.258816  0.195134  0.192137  0.192119  0.192163         1  0.189439   0.18943  0.188251  0.188223  0.188201  0.188079  0.188059  0.188041  0.187122  0.207231  0.936644  0.186944  0.186938  0.618807   1.14446  0.214152  0.212317   1.28452   1.13633     1.283   1.04745    0.9949   1.05703   1.07398  0.976062    1.0844  0.657813  0.193751  0.193193  0.191325  0.190992  0.961729  0.191032  0.190748  0.190377  0.187899  0.624959  0.187793  0.186885   1.19239  0.187147
 0.272158  0.272474  0.272475  0.522479  0.268531         1  0.262537  0.262505  0.262531  0.257359  0.257322  0.257368  0.252406  0.252282  0.252264  0.250249  0.426699  0.427109  0.250031  0.249919  0.249888  0.248309  0.507061  0.506634  0.248017  0.247811  0.247705  0.298264   1.11538   1.09622    1.2977  0.286402   1.24525   1.28521   1.11421   1.10615  0.260276   0.26911  0.968543  0.261106  0.467953  0.259888  0.255958   0.59068   0.25554  0.255814  0.255402  0.255085   0.25042 0.0207218   1.29193   4.55277  0.251768  0.251863
 0.342415  0.343112  0.343188  0.502218  0.334933  0.335345   0.32613  0.326145  0.349217  0.318155  0.318167  0.318369  0.599297  0.310623  0.310487  0.307227  0.307121   0.30692  0.307014  0.306935  0.306737  0.947401  0.303999  0.303715  0.628356   0.30297  0.302346   1.07788   1.09838  0.375072   1.14463   1.21814  0.591105  0.992534  0.980163   1.20317   0.33737  0.976347  0.335133  -45.7683  0.847264  0.323525   0.66842  0.760374  0.927849         1         1         1  0.311296   0.30904  0.885995  0.312052  0.307426  0.660687
 0.414893  0.414819  0.414971   0.40034  0.400219  0.400216  0.387424  0.386955  0.386952  0.376877  0.376574  0.376597  0.366558  0.366177   0.36615  0.361892  0.361599  0.361565  0.361754  0.361473  0.361441  0.357512  0.758025  0.759112  0.356003  0.355857  0.355833   1.10541   1.10592   1.10335   1.14069   1.17187   1.30911   1.01233   1.01244   1.01267   1.17339  0.974455  0.400787  0.387278  0.385787  0.665848  0.374083  0.373245   4.17924  0.377155  0.375895   0.89542  0.355916  0.520461  0.359244   0.69981  0.707298  0.344058
 0.491552  0.490922  0.490959  0.467952  0.467211  0.467202   0.45013  0.449057  0.449057  0.436304  0.435454   0.43549  0.422856  0.421817  0.421939  0.416144  0.415105  0.415374  0.416471  0.415446  0.415679  0.409411  0.407942  0.409002  0.651866   0.65243  0.652749   1.11185   1.11447    1.1163   1.14549   1.14646   1.13916   1.01474   1.07891  0.982926  0.247859  0.282619  0.467873  0.452297  0.640478  0.446967  0.434356  0.437754  0.426808  0.440143  0.440615  0.433746   1.00195  0.744835   3.03138  0.262722  0.359968  0.306159
  0.56856  0.568506  0.568678  0.537711  0.538098  0.538099  0.513909  0.514085  0.514074   0.49747  0.497674  0.497659         1  0.478716  0.478699   0.47095  0.470693  0.470681  0.470741  0.470447  0.470434  0.462783  0.462708  0.462709  0.455799  0.456322  0.456955   1.10849   1.11985   1.11858   1.16752   1.37552   1.36235   1.01392   1.00342   1.23789  0.541009  0.538568  0.537595  0.513241  0.511198  0.509423  0.742837  0.494624  0.853767  0.871451  0.495326  0.862694  0.466496   1.26863  0.838033   0.32017  0.328485  0.359822
 0.648522  0.647484  0.647461  0.609537  0.609245  0.609571  0.580012  0.580477  0.580664  0.560488  0.560462  0.561191  0.534617  0.534587  0.534638  0.520723  0.521534  0.521592  0.616399  0.522501  0.522259  0.507153  0.509809  0.509256  0.496567  0.503414  0.498237   1.12222   1.10975   1.12987   1.20685   1.20722   1.25458    1.0124   1.01667   1.01703  0.618373  0.613593  0.615418   1.03461  0.575062         1  0.822363   1.00263  0.999176  0.855321  0.861873  0.829239  0.447926  0.369452  0.515154  0.380005  0.369711  0.395277
 0.736432  0.736104  0.736415  0.686662  0.686782    0.6867  0.649279  0.649435  0.649473  0.628185  0.628223  0.628331   0.58936  0.589639  0.589798  0.567236  0.569717  0.569386  0.570342  0.571574  0.713245   0.54666  0.553565   0.55265  0.537847  0.554529  0.553496   1.12094   1.10993  0.844708   1.37622   1.22156   1.16871  0.995056   1.00028  0.996578  0.706476  0.699271  0.700041  0.543185  0.914385  0.646148  0.589894  0.553277  0.569291  0.831286  0.834116  0.809588  0.434011   1.50286   1.04949   1.52719   0.82214  0.432424
 0.824413  0.824517  0.824695  0.766428  0.766489  0.766501  0.724653  0.724691  0.725149   0.70485  0.704864  0.704814  0.656981   0.65715  0.657558  0.617574  0.619699  0.618606  0.631879  0.632657  0.632928  0.571833   0.58165  0.578884  0.565101  0.632285  0.636907   1.08545   1.31978   1.48753    1.1047  0.867286   1.20729  0.995816   1.07308    1.0025  0.798104  0.794519  0.794805  0.761077  0.756503  0.575545   0.57145   0.63542  0.621873  0.837307  0.742943  0.806021  0.532673   0.73194  0.528189  0.530582  0.514148  0.515681
 0.893948  0.893664  0.894118   0.82971  0.829817  0.830254  0.792228   0.79229  0.795035  0.771514   0.77171  0.772409  0.735997  0.735966  0.738953  0.698702  0.698396  0.685307   0.71845  0.718302  0.720697   0.65272  0.652133  0.612162  0.625517  0.625924  0.612966   1.04877    1.0757   1.10033   1.14322   1.14006   1.14152   1.01206   1.01692   1.04135  0.847711   0.84703  0.853189    1.2487   1.36018  0.885641    1.0255  0.785422  0.727865  0.833765  0.684215  0.895364   0.61164   1.30798    1.2258  0.783172  0.648377  0.696208
 0.921271  0.921334  0.921393  0.855721  0.855968  0.855916  0.822873  0.822653  0.823982  0.800312   0.80039  0.800374  0.777916  0.777189  0.779841  0.754144  0.753261  0.751262  0.767825  0.766894  0.770071  0.774224  0.726213  0.776693  0.769811  0.769488  0.768994   1.04007    1.0379  0.984576    1.1594   1.29341   1.14564   1.07565   1.07676  0.993702  0.850194  0.851902  0.850909  0.847207  0.914969  0.912684  0.929825  0.823385  0.880208  0.840334  0.848332  0.834591  0.937521  0.636958  0.925072  0.645119  0.669062   1.24753

Errors: 
2.17891e-05 2.18124e-05 2.19107e-05     0.34794    0.385196  0.00367966 2.24866e-05 2.24776e-05 2.23921e-05 2.29379e-05  2.2927e-05 2.28422e-05 2.65397e-05 2.65096e-05  0.00279906    0.266069 3.09444e-05 3.07183e-05 2.96131e-05 2.95959e-05 2.90883e-05 3.85072e-05  0.00211178 3.80493e-05   4.893e-05  0.00185986 4.62069e-05           0           0           0           0           0           0           0   0.0166943 3.56933e-05 1.00229e-05    0.663303 1.35655e-05           1 3.38592e-05   0.0931573 9.46164e-05 0.000262129 7.93013e-05 7.91926e-05 7.46818e-05  7.1386e-05 8.24366e-06 1.18529e-05 0.000129062 0.000338583 0.000269482  0.00023923
          0           0           0 6.50527e-05 6.52444e-05 6.47036e-05 6.74838e-05           0 6.69459e-05 6.99246e-05 6.98778e-05 6.95642e-05           0 8.43576e-05 8.40567e-05 0.000102633   0.0001016 0.000100395 9.78464e-05 9.76764e-05 9.76541e-05  0.00013616           0           0 0.000197885 0.000191359           0           0 0.000103161 9.52671e-05           0           0           0     1.00053           0     1.00019           0           0           0     1.00016 0.000222318 0.000199621 0.000443639 0.000399314     1.00956 0.000331909 0.000297367 0.000263303 0.000818978 5.89567e-05 0.000551779   0.0015787 4.12598e-05    0.001028
          0 0.000134254           0           0 0.000134109           0  0.00014708 0.000147789 0.000148256 0.000155098 0.000155648 0.000155644 0.000205908 0.000203502 0.000207553 0.000257074           0           0 0.000247452 0.000241963 0.000241572 0.000348428           0           0 0.000528385 0.000484436 0.000467571 0.000245176           0           0           0 0.000250673           0     1.00021     1.00372     1.00472           0 0.000368207           0 0.000653125           1 0.000566438  0.00123762           1 0.000913267 0.000899653 0.000819464 0.000762383  0.00221428 0.000480328 0.000253254     1.00015  0.00355041  0.00308225
          0 0.000250769 0.000248929           0 0.000252006 0.000250944 0.000290578  0.00029254           0 0.000310056 0.000310988 0.000311265           0  0.00044156 0.000441375 0.000573887 0.000569197 0.000566951 0.000553735 0.000540725 0.000537981           0 0.000785695 0.000774221           0  0.00126953  0.00119245           0           0  0.00041624           0           0           1           0           0     1.00026 0.000895079           0 0.000749191    0.120885     1.00185  0.00131062     1.00001     1.00001     1.00072   0.0193558   0.0179192   0.0176411  0.00533868   0.0043075  0.00589662  0.00951626  0.00801338  0.00244876
          0           0 0.000439517 0.000442496 0.000443843 0.000444233 0.000542273 0.000538793 0.000538814 0.000563885 0.000562431 0.000554065 0.000844973 0.000833061  0.00081949  0.00107944  0.00103982  0.00103749  0.00105264  0.00100211  0.00100199  0.00154248           0           0   0.0029148   0.0024764  0.00245062           0           0           0           0           0     1.00001           0           0           0           0           0  0.00151241  0.00311661  0.00292965     1.00001  0.00696047  0.00578294     1.00033  0.00436877   0.0041137 0.000491114   0.0112326 0.000173388  0.00823451     1.00001     1.00001   0.0131365
0.000688273 0.000687138 0.000687259 0.000735498 0.000733669 0.000733495 0.000946674 0.000931837 0.000933086   0.0010086  0.00101153  0.00101455   0.0015427  0.00149566  0.00150133  0.00213985   0.0020256  0.00201085  0.00204479  0.00187403  0.00186611  0.00323982  0.00104473  0.00298967           0           0           0           0           0           0           0           0           0     1.02254     1.00997           0           0           0  0.00276281  0.00634426   0.0543746  0.00555151   0.0143965   0.0119049   0.0107342  0.00892839  0.00805735  0.00770889 0.000544938 0.000328638 1.59765e-05   0.0114303   0.0191072   0.0146975
          0           0           0  0.00114442  0.00114016  0.00114017  0.00162426  0.00162456  0.00162833  0.00171856  0.00171658  0.00171627           0  0.00282261  0.00284256  0.00406379  0.00389698  0.00396613  0.00364661  0.00365376  0.00366169  0.00632231  0.00594482  0.00593831   0.0129613   0.0123033     0.01267           0           0           0           0      1.0002     1.00021           0           0     1.00168  0.00543555  0.00498346  0.00501402   0.0116011   0.0104939   0.0103646     1.00012   0.0258547   0.0202531 0.000681112    0.014359 0.000569184   0.0269121   0.0114938   0.0131479   0.0174933   0.0162815   0.0180685
          0           0           0  0.00176863  0.00173215  0.00171378  0.00265621  0.00260489  0.00259615  0.00281759  0.00277543  0.00278403  0.00512659  0.00511671  0.00512971  0.00803599  0.00789329  0.00794213           0   0.0069429  0.00680591   0.0132327    0.012402   0.0120587   0.0291479   0.0230385   0.0201448           0           0           0           0           0           0           0           0           0  0.00926509  0.00919964  0.00834527           0   0.0199923           0   0.0556805           0     1.05691   0.0989265 0.000853467     2.95962   0.0281109    0.016296   0.0311536   0.0297408   0.0285467   0.0262473
 0.00224753  0.00222309  0.00219084  0.00284119  0.00281355   0.0028098  0.00436038  0.00436647  0.00439295  0.00468699  0.00468083  0.00466676  0.00898935   0.0088646  0.00905946   0.0152167   0.0149868   0.0147369   0.0122904   0.0123354           0   0.0261606   0.0230668   0.0243321   0.0514084   0.0414889   0.0452976           0           0  0.00456379     1.00033           0           0           0           0           0   0.0144496   0.0140749   0.0140937     1.00003     1.00021   0.0329095    0.101682    0.100359   0.0962293  0.00130307  0.00125416  0.00111243   0.0232101  0.00258418   0.0182909           1     1.00001    0.045868
 0.00332141  0.00330703    0.003304  0.00435562  0.00434187  0.00434274  0.00720735  0.00716623  0.00723709  0.00708241   0.0072102  0.00721293   0.0162164   0.0156771   0.0154382    0.030707   0.0306844   0.0309891   0.0230287   0.0201809   0.0225119   0.0370467   0.0473689   0.0203732   0.0501113  0.00610504   0.0141182           0           0           0           0   0.0127465           0           0     1.08381           0   0.0036166   0.0227277    0.022495    0.062031     1.00002     1.00031           1     1.00248    0.193322  0.00288924   0.0126985  0.00269804   0.0396541  0.00553537   0.0379175   0.0827499   0.0821355   0.0821078
 0.00438897   0.0043855   0.0043829  0.00607777           0   0.0060501    0.010546   0.0105052   0.0105383   0.0099307   0.0100024  0.00988821   0.0231693   0.0220337   0.0223544    0.048053    0.048125   0.0504544   0.0310943   0.0309015   0.0311835   0.0456764   0.0799066    0.024373   0.0445407   0.0368268   0.0339261           0           0           0           0           0           0           0           0     1.44268   0.0361759   0.0354238    0.035664     1.00201     1.00325   0.0930061     1.00445    0.261958     1.00619   0.0621725   0.0216349   0.0594359   0.0598019  0.00415875     12.4959   0.0168793    0.107713    0.107938
 0.00480291  0.00479372  0.00479502           0   0.0068482           0    0.012096           0           0   0.0110821   0.0110934   0.0110792    0.023908   0.0246598   0.0268004   0.0536688    0.053855   0.0562016   0.0324587   0.0323279   0.0324563    0.020031   0.0807151   0.0208097   0.0336672   0.0338266   0.0343674   0.0110134   0.0101985           0           0     1.00069           0     1.43795  0.00614584           0   0.0429433    0.042398   0.0428172    0.141969     1.01344     1.01181     1.01016    0.372367    0.351086   0.0676849   0.0662092     1.00046     1.00032   0.0698985   0.0205502    0.144712     0.14066   0.0352929

Statuses: 
0 0 0 3 3 3 0 0 0 0 0 0 0 0 3 3 0 0 0 0 0 0 3 0 0 3 0 3 3 3 3 3 3 3 3 0 3 3 3 3 3 3 0 3 0 0 0 0 3 3 0 0 0 3
2 2 2 0 0 0 0 3 0 0 0 0 3 0 0 0 0 0 0 0 0 0 3 3 0 0 3 3 0 0 3 3 3 3 3 3 3 3 3 3 0 0 0 0 3 0 0 0 0 3 0 0 3 0
2 0 2 3 0 3 0 0 0 0 0 0 0 0 0 0 3 3 0 0 0 0 3 3 0 0 0 0 3 3 3 0 3 3 3 3 3 0 3 0 3 0 0 3 0 0 0 0 0 0 3 3 0 0
2 0 0 3 0 0 0 0 3 0 0 0 3 0 0 0 0 0 0 0 0 3 0 0 3 0 0 3 3 0 3 3 3 3 3 3 0 3 0 0 3 0 3 3 3 3 3 3 0 0 3 0 0 3
2 2 0 0 0 0 0 0 0 0 0 0 0 0 0 0 0 0 0 0 0 0 3 3 0 0 0 3 3 3 3 3 3 3 3 3 3 3 0 0 0 3 0 0 3 0 0 3 0 3 0 3 3 0
0 0 0 0 0 0 0 0 0 0 0 0 0 0 0 0 0 0 0 0 0 0 0 0 3 3 3 3 3 3 3 3 3 3 3 3 3 3 0 0 3 0 0 0 0 0 0 0 3 3 3 0 0 0
2 2 2 0 0 0 0 0 0 0 0 0 3 0 0 0 0 0 0 0 0 0 0 0 0 0 0 3 3 3 3 3 3 3 3 3 0 0 0 0 0 0 3 0 3 3 0 3 0 3 3 0 0 0
2 2 2 0 0 0 0 0 0 0 0 0 0 0 0 0 0 0 3 0 0 0 0 0 0 0 0 3 3 3 3 3 3 3 3 3 0 0 0 3 0 3 3 3 3 3 3 3 0 0 0 0 0 0
0 0 0 0 0 0 0 0 0 0 0 0 0 0 0 0 0 0 0 0 3 0 0 0 0 0 0 3 3 0 3 3 3 3 3 3 0 0 0 3 3 0 0 0 0 3 3 3 0 3 3 3 3 0
0 0 0 0 0 0 0 0 0 0 0 0 0 0 0 0 0 0 0 0 0 0 0 0 0 0 0 3 3 3 3 0 3 3 3 3 0 0 0 0 3 3 3 3 0 3 0 3 0 3 0 0 0 0
0 0 0 0 2 0 0 0 0 0 0 0 0 0 0 0 0 0 0 0 0 0 0 0 0 0 0 3 3 3 3 3 3 3 3 3 0 0 0 3 3 0 3 0 3 0 0 0 0 3 3 3 0 0
0 0 0 2 0 2 0 2 2 0 0 0 0 0 0 0 0 0 0 0 0 0 0 0 0 0 0 0 0 3 3 3 3 3 0 3 0 0 0 0 3 3 3 0 0 0 0 3 3 0 3 0 0 3
chisq per dof: 
108.413 96.5553 92.1701   67718 54797.8 60362.7 20.8845 18.1568 16.1261 9.90905 8.84783 8.16853 2.52038 2.30934 70080.4 33661.9 1.59948 1.51914 1.82893 1.71069  1.6221 1.80879 93075.9 1.57897 2.00759 57983.8 1.67222 38133.1   77989 86967.2  127933  110264 97567.6  120792 78003.5 6.90196  105753 93875.1 89549.6  153561  123803  102026 2.04586  116937 1.70644 2.10259 1.92674 1.80675  186091  150138  1.8357  2.6692 2.25294  115899
50.1885 44.7755 41.0535 23.2031 20.4389 18.6948 10.0266 530.847 8.14624 4.87994 4.41503 4.12365 9472.16 1.94738 1.85247 1.68393  1.5745 1.50793 1.79008 1.68594 1.60608 1.80407 5135.25 8338.59 2.00253 1.80204 4033.01  8380.8 19.0018 18.7473 11397.1 10416.2 8745.72 11549.5  9729.6 8384.23 11671.8 8866.28 8923.39 13497.3 1.76332 1.68601 2.01727 1.81782 9793.91 2.02784 1.86078 1.74498 2.25347 11984.5 1.83572 2.67003 13912.2  2.0021
23.8689 21.8088 19.7279 1068.85 9.67231 1340.09 5.17016 4.71752 4.27956 2.90774 2.76286 2.59557 1.76038 1.66895 1.59361 1.63891 348.964  303.04 1.73129 1.63233 1.55652 1.80768 1595.54  1366.8 2.00871 1.80807 1.67405 9.25322 1597.62 1513.87 2760.33 3.76946 1925.62 2515.15 2163.66 1856.75 646.511 1.94873 1681.58 1.84248 2151.08 1.61516 2.01019 2347.71 1.67379 2.01625 1.84829 1.72819 2.25804 7.57539 2747.89 3291.02 2.25815 2.00652
13.1441  12.002 10.9065 334.317 4.82808 4.52207 3.01789 2.76592 38.1506 2.05465 1.95067 1.89306  515.56 1.53932 1.48352 1.62023 1.51884 1.45238 1.70158 1.60199 1.53227 876.326 1.67036 1.57782 309.357 1.80289 1.67143  578.27 563.955 4.97028    1037  781.09 264.534 911.091 778.786 630.637 1.79768 722.288 1.61794 911.593 1038.08 1.58656 1104.34 925.487 778.436 1433.51 1216.48 1047.47 2.25256 2.00263 1073.05 2.67007 2.25322 838.026
8.24841 7.51896 6.90056 3.30108 3.13906 2.90244 2.20773 2.08237 1.94946 1.74731 1.68164 1.60838 1.57314 1.49465 1.43361 1.61929 1.51726 1.44378 1.69467  1.5963 1.52203  1.8123  266.43 228.804 2.01466 1.81174 1.67646 284.135 238.333 236.951 401.074 391.807 300.907 395.848 330.042 283.234 511.468 292.057 1.55926 1.82162 1.68678 376.887 2.01868 1.81501 234.024  2.0167 1.84789 432.201 2.26535  190.23 1.84371 616.251 486.087 2.01119
5.14093 4.76973 4.40142 2.29577 2.21422 2.07959 1.71861 1.65516 1.57326 1.58258 1.52995 1.47132 1.53659 1.46527 1.40803 1.61362 1.51382 1.44212 1.68406 1.58884  1.5167 1.80965 1.67569 1.58172 72.6469 58.6786  49.106 145.753 113.577 106.651 240.489 206.305 180.971 197.379 164.552 141.578 94.7605 84.8167 1.53233 1.81427 33.8498 1.58877 2.01438 1.81175 1.68122 2.01224 1.84355 1.72837 312.199  106.61 92.1418 2.67656 2.26073 2.00972
3.31811 3.06145 2.86395 1.77554 1.68904 1.61334 1.50192 1.43974 1.38542 1.50415  1.4454 1.39597 69.7386 1.44091 1.38582 1.60476 1.50406 1.43205 1.67223 1.57637 1.50434 1.80299 1.66916 1.57359 2.00306 1.80247 1.66881 61.8272 50.7095 54.7997 125.742 97.3358 85.5438 96.8291 80.9376 64.7967 1.67929 1.58352 1.51202 1.80416 1.67037 1.57522 117.603 1.80363  79.649 108.079 1.83633 66.0513 2.25373 63.4105 127.321 2.66914 2.25205 2.00173
2.42811 2.28056 2.16125  1.5455 1.47796  1.4271 1.42015 1.36087 1.31746 1.47711 1.41747 1.37397 1.51289 1.43964 1.38664 1.60789 1.50706 1.43695 20.3748 1.57852 1.50809  1.8067 1.67299 1.57897 2.00799 1.80746 1.67516 21.8573 21.5784 19.6459 51.0194 43.7719 39.1034 47.0423  40.126  34.579  1.6779 1.58382 1.51165 53.5959  1.6746 61.7397 58.4567 48.1511 40.3429 36.2616 36.4869 20.9806 2.25817 2.00691 1.84213 2.67614 2.25784 2.00986
1.89363 1.79497 1.71608 1.43575 1.38137 1.33932 1.38662 1.33162  1.2911 1.46671 1.40839 1.36373 1.51307 1.43991 1.38577 1.61047 1.50936 1.43742 1.67646 1.58021 5.74782  1.8099 1.67582  1.5801  2.0123 1.81098 1.67678 6.12263 10.9819 1.47452 27.9891 31.4528 28.3536 23.0287 19.4813 16.9731 1.67924 1.58436 1.51166 27.9906 35.6903 1.58107 2.01303  1.8112 1.67699 20.7983 16.3729 11.2385 2.26196 42.0107 36.8156 11.9411  20.029  2.0117
1.57974 1.51535 1.46473 1.35351 1.30935 1.27498 1.35938 1.30806 1.27009 1.45006  1.3938 1.35013 1.50989 1.43708 1.38275 1.60825 1.50704 1.43474 1.67474 1.57843 1.50637 1.80783 1.67347  1.5774 2.00977 1.80865 1.67417 7.54368 12.7925 17.2032 7.19956 1.44003 7.38128 12.1585 10.3544 9.08428 1.67447 1.57872 1.50641 1.80872 9.31978 16.5783 10.9187  5.9222 1.67387 10.5513 1.84091 12.8721 2.25974 21.9099 1.84025 2.67965 2.26008 2.00828
1.42577  1.3791 1.34372 1.31356 1.27439 1.24691 1.34655 1.29706   1.265 1.43912 1.38427 1.34529 1.50844 1.43583 1.38594 1.60888 1.50742 1.43939  1.6746 1.57825 1.51044  1.8086 1.67384 1.58195 2.01068 1.80855 1.67894 6.30638 2.93372 3.99483 13.0402 11.5889 10.3537 7.32981 6.27969 5.56212 1.67406 1.57778 1.50935 14.1008 12.1766 1.58198 3.80168 1.80881 5.88173 2.00886 1.84157 1.72485 2.26073 12.7755 7.30811 10.2496 2.26068  2.0146
1.38218 1.33975 1.30622 1.30075 1.26349 1.23426 1.33951 1.29112 1.25531  1.4332 1.37919 1.33737 1.50414 1.43221 1.37874  1.6046 1.50393 1.43247 1.67067 1.57494 1.50362 1.80489  1.6705 1.57564 2.00586 1.80484 1.67134 1.46104 1.40416 4.91077 10.4034 5.96028 7.29513 6.11569 5.26418 4.67107 1.67053 1.57478 1.50335 1.80464 10.8143 9.06729 4.59711 1.80469  1.6711 2.00463 1.83724 2.74566 17.1846 2.00458 10.8122 2.67406 2.25565 4.30055
Mode averaged potential and errors: 
   0.111394 0.000398361
   0.186975 0.000948018
   0.251162  0.00398185
   0.311999  0.00947747
   0.360539  0.00829211
   0.336613   0.0813563
   0.436444   0.0581492
   0.491084   0.0531214
   0.564476   0.0567036
   0.594689   0.0541894
   0.693002   0.0666727
    0.77747    0.068093
R Models:
(* Fitting with shape 1 1 1 1 1 1 1 1 0 0 0 0 *)
G[R_,xx_]:=xx[[0]] + xx[[1]]/R | xx[[2]]*R
(* Fitting with shape 1 1 1 1 1 1 1 1 1 0 0 0 *)
G[R_,xx_]:=xx[[0]] + xx[[1]]/R | xx[[2]]*R
(* Fitting with shape 1 1 1 1 1 1 1 1 1 1 0 0 *)
G[R_,xx_]:=xx[[0]] + xx[[1]]/R | xx[[2]]*R
(* Fitting with shape 1 1 1 1 1 1 1 1 1 1 1 0 *)
G[R_,xx_]:=xx[[0]] + xx[[1]]/R | xx[[2]]*R
(* Fitting with shape 1 1 1 1 1 1 1 1 1 1 1 1 *)
G[R_,xx_]:=xx[[0]] + xx[[1]]/R | xx[[2]]*R
(* Fitting with shape 0 1 1 1 1 1 1 1 0 0 0 0 *)
G[R_,xx_]:=xx[[0]] + xx[[1]]/R | xx[[2]]*R
(* Fitting with shape 0 1 1 1 1 1 1 1 1 0 0 0 *)
G[R_,xx_]:=xx[[0]] + xx[[1]]/R | xx[[2]]*R
(* Fitting with shape 0 1 1 1 1 1 1 1 1 1 0 0 *)
G[R_,xx_]:=xx[[0]] + xx[[1]]/R | xx[[2]]*R
(* Fitting with shape 0 1 1 1 1 1 1 1 1 1 1 0 *)
G[R_,xx_]:=xx[[0]] + xx[[1]]/R | xx[[2]]*R
(* Fitting with shape 0 1 1 1 1 1 1 1 1 1 1 1 *)
G[R_,xx_]:=xx[[0]] + xx[[1]]/R | xx[[2]]*R
(* Fitting with shape 0 0 1 1 1 1 1 1 0 0 0 0 *)
G[R_,xx_]:=xx[[0]] + xx[[1]]/R | xx[[2]]*R
(* Fitting with shape 0 0 1 1 1 1 1 1 1 0 0 0 *)
G[R_,xx_]:=xx[[0]] + xx[[1]]/R | xx[[2]]*R
(* Fitting with shape 0 0 1 1 1 1 1 1 1 1 0 0 *)
G[R_,xx_]:=xx[[0]] + xx[[1]]/R | xx[[2]]*R
(* Fitting with shape 0 0 1 1 1 1 1 1 1 1 1 0 *)
G[R_,xx_]:=xx[[0]] + xx[[1]]/R | xx[[2]]*R
(* Fitting with shape 0 0 1 1 1 1 1 1 1 1 1 1 *)
G[R_,xx_]:=xx[[0]] + xx[[1]]/R | xx[[2]]*R
(* Fitting with shape 0 0 0 1 1 1 1 1 0 0 0 0 *)
G[R_,xx_]:=xx[[0]] + xx[[1]]/R | xx[[2]]*R
(* Fitting with shape 0 0 0 1 1 1 1 1 1 0 0 0 *)
G[R_,xx_]:=xx[[0]] + xx[[1]]/R | xx[[2]]*R
(* Fitting with shape 0 0 0 1 1 1 1 1 1 1 0 0 *)
G[R_,xx_]:=xx[[0]] + xx[[1]]/R | xx[[2]]*R
(* Fitting with shape 0 0 0 1 1 1 1 1 1 1 1 0 *)
G[R_,xx_]:=xx[[0]] + xx[[1]]/R | xx[[2]]*R
(* Fitting with shape 0 0 0 1 1 1 1 1 1 1 1 1 *)
G[R_,xx_]:=xx[[0]] + xx[[1]]/R | xx[[2]]*R
2.41604 2.41604 2.41604 
-0.26246 -0.26246 -0.26246 
1 1 1 
3.09033 3.09033 3.09033 
-4.07091 -4.07091 -4.07091 
2.01503e-316 2.01503e-316 2.01503e-316 
8.59314e+07 8.59314e+07 8.59314e+07 
709016 709016 709016 
-405885 -405885 -405885 
5.58294e-322 5.58294e-322 5.58294e-322 
0 0 0 
0 0 0 
0 0 0 
1 1 1 
1 1 1 
1 1 1 
1 1 1 
1 1 1 
1 1 1 
0 0 0 
0 0 0 
0 0 0 
0 0 0 
5.58294e-322 5.58294e-322 5.58294e-322 
1 1 1 
2 2 2 
3 3 3 
4 4 4 
5 5 5 
6 6 6 
7 7 7 
8 8 8 
9 9 9 
10 10 10 
11 11 11 
12 12 12 
1.66105e-316 1.66105e-316 1.66105e-316 
4.79244e-322 4.79244e-322 4.79244e-322 
0.000480563 0.000480563 0.000480563 
0.000505142 0.000505142 0.000505142 
50417.3 50417.3 50417.3 
0 0 0 
0 0 0 
172.003 172.003 172.003 
171.452 171.452 171.452 
179.817 179.817 179.817 
-nan -nan -nan 
-nan -nan -nan 
-nan -nan -nan 
7.67284e-321 7.67284e-321 7.67284e-321 
-nan -nan -nan 
6.93944e-310 6.93944e-310 6.93944e-310 
2.03137e-316 2.03137e-316 2.03137e-316 
-nan -nan -nan 
Probabilities: 
         0          0          0          0          0          0          0          0          0          0          0          0   0.008126  0.0220654  0.0591607          0  0.0165105  0.0382706          0  0.0940689   0.234145  0.0177494          0  0.0925609 0.00733513   0.016798  0.0512084          0          0          0          0          0          0          0          0          0          0          0          0          0          0          0 0.00734137  0.0196915          0          0          0   0.234157          0  0.0536884          0 0.00734355  0.0197793          0

String tensions: 
           1            1            1            1            1            1            1            1            1    -0.483358    -0.488496    -0.493207    -0.836297    -0.835208    -0.831901      -2.0229      -1.0711     -1.02658       1.5791     -1.26863     -1.25114     -1.79764     0.676654     -1.48388      1.30961    -0.919334      4.65007    0.0532544    -0.087478   -0.0866399      0.97487    0.0162719     0.908523      1.00521      1.00841      1.01224      1.53407      1.22404   -0.0333792   -0.0806726   -0.0988383   -0.0942248  -0.00431934   -0.0057178   -0.0603647     0.826738     0.295605 -3.80965e-05    -0.040357  -0.00919665      0.11034  -0.00347737  -0.00819216   -0.0280649

Errors: 
   5792.62    5792.62    5792.62          0    5792.62          0    5792.62    5792.62    5792.62 0.00717266 0.00674835 0.00625234  0.0568265  0.0503867  0.0471729          0   0.182959   0.173274          1  0.0987021  0.0936282   0.588769          0   0.591699  0.0923477  0.0715696   0.172911 0.00252577          0          0          0 0.00169744    1.02781          0          0          0    1.20739          0    1.00001    1.00002    1.00008    1.00147  0.0127934 0.00915155    1.00111    1.00167  0.0583569 0.00352275   0.364588 0.00887299          1  0.0135258  0.0126686    1.00133

Statuses: 
0 0 0 3 0 3 0 0 0 0 0 0 0 0 0 3 0 0 3 0 0 0 3 0 0 0 0 0 3 3 3 0 3 2 2 2 3 3 3 3 3 3 0 0 3 3 3 0 3 0 3 0 0 3
chisq per dof: 
 268.884  268.942  270.055  79.6395   16.581  160.033  2.99363   2.7655   2.5756   4.2557   4.2953  4.29693 0.441328 0.378583 0.334699  95.4457 0.205019 0.221249  432.608 0.218756 0.214025 0.180901   707.16 0.222797 0.170551 0.199265 0.138042   26.091  3611.83  3228.23  1219.16  1.71443  943.676  670.424  576.696  512.937  6596.66   5767.6  300.807  674.661  374.171   377.58 0.170211 0.146289  245.608  1251.42  2306.77 0.214014  303.211  0.12453  722.479 0.170092 0.144806  142.612
Model string tension and errors: 
sigma = -0.481504 +/- 1.35931
