R=0parameters: 
-0.667425 -0.667425 
0.18679 0.18679 
1.06929e-09 1.06929e-09 
3.21143e-322 3.21143e-322 
9.88131e-324 9.88131e-324 
2.5146e+219 2.5146e+219 
1.2732e-313 1.2732e-313 
2.66766e-316 2.66766e-316 
2.52758e+07 2.52758e+07 
0 0 0 
0 0 0 
0 0 0 
2.49141e-316 2.49141e-316 2.49141e-316 
1.31005e-316 1.31005e-316 1.31005e-316 
2.122e-314 2.122e-314 2.122e-314 
5.58294e-322 5.58294e-322 5.58294e-322 
2.49756e-316 2.49756e-316 2.49756e-316 
0 0 0 
2.54826e-316 2.54826e-316 2.54826e-316 2.54826e-316 
2.49907e-316 2.49907e-316 2.49907e-316 2.49907e-316 
9.60126e-317 9.60126e-317 9.60126e-317 9.60126e-317 
0 0 0 0 
2.122e-314 2.122e-314 2.122e-314 2.122e-314 
2.54508e-316 2.54508e-316 2.54508e-316 2.54508e-316 
2.54507e-316 2.54507e-316 2.54507e-316 2.54507e-316 
2.54507e-316 2.54507e-316 2.54507e-316 2.54507e-316 
0 0 0 0 
0 0 0 
2.122e-314 2.122e-314 2.122e-314 
5.58294e-322 5.58294e-322 5.58294e-322 
1 1 1 
1 1 1 
1 1 1 
1 1 1 
1 1 1 
1 1 1 
1 1 1 1 
1 1 1 1 
1 1 1 1 
1 1 1 1 
1 1 1 1 
1 1 1 1 
0 0 0 0 
5.58294e-322 5.58294e-322 5.58294e-322 5.58294e-322 
1 1 1 1 
-4.82843e-07 -4.82843e-07 -4.82843e-07 -4.82843e-07 -4.82843e-07 
9.36222e-08 9.36222e-08 9.36222e-08 9.36222e-08 9.36222e-08 
2.47833e-316 2.47833e-316 2.47833e-316 2.47833e-316 2.47833e-316 
0.000675744 0.000675744 0.000675744 0.000675744 0.000675744 
1.63042e-322 1.63042e-322 1.63042e-322 1.63042e-322 1.63042e-322 
2.49687e-316 2.49687e-316 2.49687e-316 2.49687e-316 2.49687e-316 
2.55583e-316 2.55583e-316 2.55583e-316 2.55583e-316 2.55583e-316 
0 0 0 0 0 
-0.00012133 -0.00012133 -0.00012133 -0.00012133 -0.00012133 
R=1parameters: 
-0.614459 -0.614459 
0.272174 0.272174 
2.15615e-05 2.15615e-05 
0.0152869 0.0152869 
0.00371852 0.00371852 
2.56442e-316 2.56442e-316 
601969 601969 
1.00416 1.00416 
1.00137 1.00137 
2.42092e-322 2.42092e-322 2.42092e-322 
2.68125e-316 2.68125e-316 2.68125e-316 
-145406 -145406 -145406 
2.68164e-316 2.68164e-316 2.68164e-316 
2.68164e-316 2.68164e-316 2.68164e-316 
-5924.25 -5924.25 -5924.25 
-164030 -164030 -164030 
242096 242096 242096 
-152094 -152094 -152094 
9279.31 9279.31 9279.31 9279.31 
-81865.4 -81865.4 -81865.4 -81865.4 
99027 99027 99027 99027 
37768.1 37768.1 37768.1 37768.1 
-145406 -145406 -145406 -145406 
574175 574175 574175 574175 
-462248 -462248 -462248 -462248 
-196663 -196663 -196663 -196663 
-74687.7 -74687.7 -74687.7 -74687.7 
370363 370363 370363 
17471.4 17471.4 17471.4 
55174.7 55174.7 55174.7 
-243220 -243220 -243220 
485422 485422 485422 
-478845 -478845 -478845 
100037 100037 100037 
-88130.7 -88130.7 -88130.7 
-462248 -462248 -462248 
1.77472e+06 1.77472e+06 1.77472e+06 1.77472e+06 
-1.52222e+06 -1.52222e+06 -1.52222e+06 -1.52222e+06 
414888 414888 414888 414888 
284011 284011 284011 284011 
-1.29842e+06 -1.29842e+06 -1.29842e+06 -1.29842e+06 
701367 701367 701367 701367 
764791 764791 764791 764791 
-1.01747e+06 -1.01747e+06 -1.01747e+06 -1.01747e+06 
0 0 0 0 
3.21143e-322 3.21143e-322 3.21143e-322 3.21143e-322 3.21143e-322 
2.68099e-316 2.68099e-316 2.68099e-316 2.68099e-316 2.68099e-316 
2.54434e-316 2.54434e-316 2.54434e-316 2.54434e-316 2.54434e-316 
-1.52222e+06 -1.52222e+06 -1.52222e+06 -1.52222e+06 -1.52222e+06 
2.68166e-316 2.68166e-316 2.68166e-316 2.68166e-316 2.68166e-316 
-3.2986e-08 -3.2986e-08 -3.2986e-08 -3.2986e-08 -3.2986e-08 
3.66822e-09 3.66822e-09 3.66822e-09 3.66822e-09 3.66822e-09 
-4.74758e-06 -4.74758e-06 -4.74758e-06 -4.74758e-06 -4.74758e-06 
1.02397e-07 1.02397e-07 1.02397e-07 1.02397e-07 1.02397e-07 
R=2parameters: 
-0.545297 -0.545297 
0.322568 0.322568 
0.000138968 0.000138968 
0.100267 0.100267 
-0.0583135 -0.0583135 
2.56442e-316 2.56442e-316 
601969 601969 
1.00416 1.00416 
1.00137 1.00137 
6.09183e-321 6.09183e-321 6.09183e-321 
6.93461e-310 6.93461e-310 6.93461e-310 
-37037.6 -37037.6 -37037.6 
2.68164e-316 2.68164e-316 2.68164e-316 
2.68164e-316 2.68164e-316 2.68164e-316 
-16511.9 -16511.9 -16511.9 
-20847.5 -20847.5 -20847.5 
47498.8 47498.8 47498.8 
-57664.6 -57664.6 -57664.6 
67650.6 67650.6 67650.6 67650.6 
-39155.8 -39155.8 -39155.8 -39155.8 
-52562 -52562 -52562 -52562 
64234.3 64234.3 64234.3 64234.3 
-37037.6 -37037.6 -37037.6 -37037.6 
141806 141806 141806 141806 
-103295 -103295 -103295 -103295 
-70237.8 -70237.8 -70237.8 -70237.8 
10604.9 10604.9 10604.9 10604.9 
25271.5 25271.5 25271.5 
30927.2 30927.2 30927.2 
157525 157525 157525 
-325581 -325581 -325581 
282434 282434 282434 
-29805.1 -29805.1 -29805.1 
-92860.8 -92860.8 -92860.8 
-26723.3 -26723.3 -26723.3 
-103295 -103295 -103295 
437564 437564 437564 437564 
-404752 -404752 -404752 -404752 
3.37513e-05 3.37513e-05 3.37513e-05 3.37513e-05 
2.64794e-05 2.64794e-05 2.64794e-05 2.64794e-05 
2.56116e-316 2.56116e-316 2.56116e-316 2.56116e-316 
2.48624e-316 2.48624e-316 2.48624e-316 2.48624e-316 
2.55539e-316 2.55539e-316 2.55539e-316 2.55539e-316 
1.52394e-316 1.52394e-316 1.52394e-316 1.52394e-316 
2.5553e-316 2.5553e-316 2.5553e-316 2.5553e-316 
2.56117e-316 2.56117e-316 2.56117e-316 2.56117e-316 2.56117e-316 
6.17539e-05 6.17539e-05 6.17539e-05 6.17539e-05 6.17539e-05 
-70237.8 -70237.8 -70237.8 -70237.8 -70237.8 
1.178e+06 1.178e+06 1.178e+06 1.178e+06 1.178e+06 
1.36694e+06 1.36694e+06 1.36694e+06 1.36694e+06 1.36694e+06 
-915086 -915086 -915086 -915086 -915086 
-18486.5 -18486.5 -18486.5 -18486.5 -18486.5 
32518.1 32518.1 32518.1 32518.1 32518.1 
2.37646e-321 2.37646e-321 2.37646e-321 2.37646e-321 2.37646e-321 
R=3parameters: 
-0.471349 -0.471349 
0.363714 0.363714 
0.166569 0.166569 
-4.59794 -4.59794 
5.16529 5.16529 
2.56442e-316 2.56442e-316 
601969 601969 
1.00416 1.00416 
1.00137 1.00137 
6.09183e-321 6.09183e-321 6.09183e-321 
6.93461e-310 6.93461e-310 6.93461e-310 
-14076.9 -14076.9 -14076.9 
2.66802e-316 2.66802e-316 2.66802e-316 
2.66802e-316 2.66802e-316 2.66802e-316 
-3152.58 -3152.58 -3152.58 
-2258.63 -2258.63 -2258.63 
6878.91 6878.91 6878.91 
-18983.2 -18983.2 -18983.2 
18114.2 18114.2 18114.2 18114.2 
2802.25 2802.25 2802.25 2802.25 
-41862.9 -41862.9 -41862.9 -41862.9 
37532.9 37532.9 37532.9 37532.9 
-14076.9 -14076.9 -14076.9 -14076.9 
53571.9 53571.9 53571.9 53571.9 
-37127.5 -37127.5 -37127.5 -37127.5 
-25128.7 -25128.7 -25128.7 -25128.7 
1385.6 1385.6 1385.6 1385.6 
-10185.1 -10185.1 -10185.1 
39544.6 39544.6 39544.6 
24761.7 24761.7 24761.7 
-38984.5 -38984.5 -38984.5 
8635.65 8635.65 8635.65 
37423.4 37423.4 37423.4 
-46913.3 -46913.3 -46913.3 
2.68136e-316 2.68136e-316 2.68136e-316 
2.66766e-316 2.66766e-316 2.66766e-316 
2.54814e-316 2.54814e-316 2.54814e-316 2.54814e-316 
2.51286e-316 2.51286e-316 2.51286e-316 2.51286e-316 
-9813.16 -9813.16 -9813.16 -9813.16 
90573.8 90573.8 90573.8 90573.8 
-136851 -136851 -136851 -136851 
104024 104024 104024 104024 
0 0 0 0 
3.21143e-322 3.21143e-322 3.21143e-322 3.21143e-322 
2.47033e-323 2.47033e-323 2.47033e-323 2.47033e-323 
2.5146e+219 2.5146e+219 2.5146e+219 2.5146e+219 2.5146e+219 
1.061e-313 1.061e-313 1.061e-313 1.061e-313 1.061e-313 
2.54253e-316 2.54253e-316 2.54253e-316 2.54253e-316 2.54253e-316 
428352 428352 428352 428352 428352 
2.53852e-316 2.53852e-316 2.53852e-316 2.53852e-316 2.53852e-316 
-375018 -375018 -375018 -375018 -375018 
2.68164e-316 2.68164e-316 2.68164e-316 2.68164e-316 2.68164e-316 
403703 403703 403703 403703 403703 
2.50938e-316 2.50938e-316 2.50938e-316 2.50938e-316 2.50938e-316 
R=4parameters: 
-0.400211 -0.400211 
0.400443 0.400443 
0.00072548 0.00072548 
0.751045 0.751045 
-0.698852 -0.698852 
2.56442e-316 2.56442e-316 
601969 601969 
1.00416 1.00416 
1.00137 1.00137 
5.06417e-321 5.06417e-321 5.06417e-321 
6.93461e-310 6.93461e-310 6.93461e-310 
2.54534e-316 2.54534e-316 2.54534e-316 
2.54136e-316 2.54136e-316 2.54136e-316 
0 0 0 
0.000109569 0.000109569 0.000109569 
7.54888e-05 7.54888e-05 7.54888e-05 
5.32216e-05 5.32216e-05 5.32216e-05 
3.76308e-05 3.76308e-05 3.76308e-05 
2.57035e-05 2.57035e-05 2.57035e-05 2.57035e-05 
1.92334e-05 1.92334e-05 1.92334e-05 1.92334e-05 
1.17308e-05 1.17308e-05 1.17308e-05 1.17308e-05 
5.39606e-06 5.39606e-06 5.39606e-06 5.39606e-06 
0.0005225 0.0005225 0.0005225 0.0005225 
0.000241268 0.000241268 0.000241268 0.000241268 
0.00017902 0.00017902 0.00017902 0.00017902 
0.00011912 0.00011912 0.00011912 0.00011912 
8.44815e-05 8.44815e-05 8.44815e-05 8.44815e-05 
5.94306e-05 5.94306e-05 5.94306e-05 
4.34511e-05 4.34511e-05 4.34511e-05 
3.12213e-05 3.12213e-05 3.12213e-05 
2.16723e-05 2.16723e-05 2.16723e-05 
1.43875e-05 1.43875e-05 1.43875e-05 
9.15069e-06 9.15069e-06 9.15069e-06 
5.85571e-06 5.85571e-06 5.85571e-06 
0.000200381 0.000200381 0.000200381 
0.000156982 0.000156982 0.000156982 
0.00011912 0.00011912 0.00011912 0.00011912 
9.23733e-05 9.23733e-05 9.23733e-05 9.23733e-05 
8755.74 8755.74 8755.74 8755.74 
37078.1 37078.1 37078.1 37078.1 
-29796.7 -29796.7 -29796.7 -29796.7 
57221.5 57221.5 57221.5 57221.5 
-90122.9 -90122.9 -90122.9 -90122.9 
-30602.7 -30602.7 -30602.7 -30602.7 
6.93447e-310 6.93447e-310 6.93447e-310 6.93447e-310 
2.68088e-316 2.68088e-316 2.68088e-316 2.68088e-316 2.68088e-316 
2.68106e-316 2.68106e-316 2.68106e-316 2.68106e-316 2.68106e-316 
-8558.65 -8558.65 -8558.65 -8558.65 -8558.65 
-0.0003933 -0.0003933 -0.0003933 -0.0003933 -0.0003933 
2.42092e-322 2.42092e-322 2.42092e-322 2.42092e-322 2.42092e-322 
2.68108e-316 2.68108e-316 2.68108e-316 2.68108e-316 2.68108e-316 
2.54436e-316 2.54436e-316 2.54436e-316 2.54436e-316 2.54436e-316 
1.83553 1.83553 1.83553 1.83553 1.83553 
2.122e-314 2.122e-314 2.122e-314 2.122e-314 2.122e-314 
R=5parameters: 
-0.339554 -0.339554 
0.442113 0.442113 
0.00576362 0.00576362 
4651.89 4651.89 
-4518.72 -4518.72 
2.56442e-316 2.56442e-316 
601969 601969 
1.00416 1.00416 
1.00137 1.00137 
6.09183e-321 6.09183e-321 6.09183e-321 
6.93461e-310 6.93461e-310 6.93461e-310 
-4652.62 -4652.62 -4652.62 
0 0 0 
0 0 0 
1439.24 1439.24 1439.24 
3728.43 3728.43 3728.43 
-8513.59 -8513.59 -8513.59 
7784.08 7784.08 7784.08 
-9766.55 -9766.55 -9766.55 -9766.55 
-1097.57 -1097.57 -1097.57 -1097.57 
1352.06 1352.06 1352.06 1352.06 
16183.7 16183.7 16183.7 16183.7 
-4652.62 -4652.62 -4652.62 -4652.62 
17359.7 17359.7 17359.7 17359.7 
-12018.5 -12018.5 -12018.5 -12018.5 
-4511.81 -4511.81 -4511.81 -4511.81 
-2442.89 -2442.89 -2442.89 -2442.89 
-9664.48 -9664.48 -9664.48 
22660.7 22660.7 22660.7 
-15047.8 -15047.8 -15047.8 
14221.1 14221.1 14221.1 
-3600.28 -3600.28 -3600.28 
33794.2 33794.2 33794.2 
-38417.1 -38417.1 -38417.1 
-4027.79 -4027.79 -4027.79 
-12018.5 -12018.5 -12018.5 
55745.7 55745.7 55745.7 55745.7 
-43861.7 -43861.7 -43861.7 -43861.7 
-11464.1 -11464.1 -11464.1 -11464.1 
21462.1 21462.1 21462.1 21462.1 
-12760.7 -12760.7 -12760.7 -12760.7 
28282.3 28282.3 28282.3 28282.3 
31364.9 31364.9 31364.9 31364.9 
-2.55289 -2.55289 -2.55289 -2.55289 
0 0 0 0 
3.21143e-322 3.21143e-322 3.21143e-322 3.21143e-322 3.21143e-322 
2.68127e-316 2.68127e-316 2.68127e-316 2.68127e-316 2.68127e-316 
-4511.81 -4511.81 -4511.81 -4511.81 -4511.81 
-43861.7 -43861.7 -43861.7 -43861.7 -43861.7 
155611 155611 155611 155611 155611 
-100372 -100372 -100372 -100372 -100372 
2.42092e-322 2.42092e-322 2.42092e-322 2.42092e-322 2.42092e-322 
9829.46 9829.46 9829.46 9829.46 9829.46 
87125.3 87125.3 87125.3 87125.3 87125.3 
R=6parameters: 
-0.292802 -0.292802 
0.48388 0.48388 
-0.0476246 -0.0476246 
40.6662 40.6662 
-76.8575 -76.8575 
2.56442e-316 2.56442e-316 
601969 601969 
1.00416 1.00416 
1.00137 1.00137 
6.09183e-321 6.09183e-321 6.09183e-321 
6.93461e-310 6.93461e-310 6.93461e-310 
-3304.68 -3304.68 -3304.68 
0 0 0 
2.68164e-316 2.68164e-316 2.68164e-316 
1192.01 1192.01 1192.01 
2160.53 2160.53 2160.53 
-6343.94 -6343.94 -6343.94 
638.695 638.695 638.695 
-102.322 -102.322 -102.322 -102.322 
-8337.33 -8337.33 -8337.33 -8337.33 
3751.39 3751.39 3751.39 3751.39 
14638.5 14638.5 14638.5 14638.5 
-3304.68 -3304.68 -3304.68 -3304.68 
12072.9 12072.9 12072.9 12072.9 
-8146.41 -8146.41 -8146.41 -8146.41 
-3314.68 -3314.68 -3314.68 -3314.68 
-335.936 -335.936 -335.936 -335.936 
-13195.1 -13195.1 -13195.1 
22971.2 22971.2 22971.2 
-13727.6 -13727.6 -13727.6 
12593.9 12593.9 12593.9 
15203.4 15203.4 15203.4 
-6480.11 -6480.11 -6480.11 
-16146.9 -16146.9 -16146.9 
-2718.83 -2718.83 -2718.83 
-8146.41 -8146.41 -8146.41 
38576.3 38576.3 38576.3 38576.3 
-33239.6 -33239.6 -33239.6 -33239.6 
-5469.97 -5469.97 -5469.97 -5469.97 
17684.5 17684.5 17684.5 17684.5 
-13894.6 -13894.6 -13894.6 -13894.6 
22974.9 22974.9 22974.9 22974.9 
-17656.4 -17656.4 -17656.4 -17656.4 
-63663.3 -63663.3 -63663.3 -63663.3 
0 0 0 0 
3.16202e-322 3.16202e-322 3.16202e-322 3.16202e-322 3.16202e-322 
2.56399e-316 2.56399e-316 2.56399e-316 2.56399e-316 2.56399e-316 
-3314.68 -3314.68 -3314.68 -3314.68 -3314.68 
-33239.6 -33239.6 -33239.6 -33239.6 -33239.6 
115003 115003 115003 115003 115003 
-75756.3 -75756.3 -75756.3 -75756.3 -75756.3 
1.17386e+07 1.17386e+07 1.17386e+07 1.17386e+07 1.17386e+07 
6.93459e-310 6.93459e-310 6.93459e-310 6.93459e-310 6.93459e-310 
2.122e-314 2.122e-314 2.122e-314 2.122e-314 2.122e-314 
R=7parameters: 
-0.259482 -0.259482 
0.526207 0.526207 
-0.000412105 -0.000412105 
0.694841 0.694841 
-0.478205 -0.478205 
2.56442e-316 2.56442e-316 
601969 601969 
1.00416 1.00416 
1.00137 1.00137 
6.09183e-321 6.09183e-321 6.09183e-321 
6.93461e-310 6.93461e-310 6.93461e-310 
-2389.43 -2389.43 -2389.43 
0 0 0 
0 0 0 
1335.72 1335.72 1335.72 
22.1197 22.1197 22.1197 
-3335.45 -3335.45 -3335.45 
1015.62 1015.62 1015.62 
2819.68 2819.68 2819.68 2819.68 
-5968.44 -5968.44 -5968.44 -5968.44 
1.67382e-05 1.67382e-05 1.67382e-05 1.67382e-05 
1.08281e-05 1.08281e-05 1.08281e-05 1.08281e-05 
0.00131392 0.00131392 0.00131392 0.00131392 
0.000920194 0.000920194 0.000920194 0.000920194 
0.000528967 0.000528967 0.000528967 0.000528967 
0.000307684 0.000307684 0.000307684 0.000307684 
0.00019513 0.00019513 0.00019513 0.00019513 
0.000122311 0.000122311 0.000122311 
7.96662e-05 7.96662e-05 7.96662e-05 
-1260.51 -1260.51 -1260.51 
3982.35 3982.35 3982.35 
1832.9 1832.9 1832.9 
4801.36 4801.36 4801.36 
-17913.8 -17913.8 -17913.8 
-2014.84 -2014.84 -2014.84 
-5789.86 -5789.86 -5789.86 
28292.8 28292.8 28292.8 28292.8 
-23287.4 -23287.4 -23287.4 -23287.4 
-4581.87 -4581.87 -4581.87 -4581.87 
11430.5 11430.5 11430.5 11430.5 
-3519.62 -3519.62 -3519.62 -3519.62 
2841.89 2841.89 2841.89 2841.89 
-9925.95 -9925.95 -9925.95 -9925.95 
4.00193e-322 4.00193e-322 4.00193e-322 4.00193e-322 
2.55002e-316 2.55002e-316 2.55002e-316 2.55002e-316 
2.48304e-316 2.48304e-316 2.48304e-316 2.48304e-316 2.48304e-316 
2.5432e-316 2.5432e-316 2.5432e-316 2.5432e-316 2.5432e-316 
0.000307684 0.000307684 0.000307684 0.000307684 0.000307684 
0.000228956 0.000228956 0.000228956 0.000228956 0.000228956 
0.000171143 0.000171143 0.000171143 0.000171143 0.000171143 
0.000109913 0.000109913 0.000109913 0.000109913 0.000109913 
2.66806e-316 2.66806e-316 2.66806e-316 2.66806e-316 2.66806e-316 
24716.2 24716.2 24716.2 24716.2 24716.2 
3.21783e-05 3.21783e-05 3.21783e-05 3.21783e-05 3.21783e-05 
R=8parameters: 
-0.240269 -0.240269 
0.567523 0.567523 
0.613239 0.613239 
1.63772 1.63772 
-13.4723 -13.4723 
2.56442e-316 2.56442e-316 
601969 601969 
1.00416 1.00416 
1.00137 1.00137 
6.09183e-321 6.09183e-321 6.09183e-321 
6.93461e-310 6.93461e-310 6.93461e-310 
-1926.85 -1926.85 -1926.85 
0 0 0 
2.68164e-316 2.68164e-316 2.68164e-316 
1434.08 1434.08 1434.08 
-602.948 -602.948 -602.948 
-1489.54 -1489.54 -1489.54 
137.762 137.762 137.762 
1828.91 1828.91 1828.91 1828.91 
-2693.24 -2693.24 -2693.24 -2693.24 
-3097.56 -3097.56 -3097.56 -3097.56 
6129.74 6129.74 6129.74 6129.74 
-1926.85 -1926.85 -1926.85 -1926.85 
6949.59 6949.59 6949.59 6949.59 
-4581.11 -4581.11 -4581.11 -4581.11 
-1735.35 -1735.35 -1735.35 -1735.35 
-1032.98 -1032.98 -1032.98 -1032.98 
-4491.24 -4491.24 -4491.24 
11122.2 11122.2 11122.2 
-2316.15 -2316.15 -2316.15 
1609.4 1609.4 1609.4 
-6179.94 -6179.94 -6179.94 
5936.39 5936.39 5936.39 
-8735.41 -8735.41 -8735.41 
-1724.16 -1724.16 -1724.16 
-4581.11 -4581.11 -4581.11 
23620.5 23620.5 23620.5 23620.5 
-18586.3 -18586.3 -18586.3 -18586.3 
-6805.83 -6805.83 -6805.83 -6805.83 
13024.8 13024.8 13024.8 13024.8 
-12374.3 -12374.3 -12374.3 -12374.3 
4743.71 4743.71 4743.71 4743.71 
103.656 103.656 103.656 103.656 
3.24688e-05 3.24688e-05 3.24688e-05 3.24688e-05 
0.0625 0.0625 0.0625 0.0625 
-0.688431 -0.688431 -0.688431 -0.688431 -0.688431 
0 0 0 0 0 
1.63042e-322 1.63042e-322 1.63042e-322 1.63042e-322 1.63042e-322 
2.54517e-316 2.54517e-316 2.54517e-316 2.54517e-316 2.54517e-316 
2.56422e-316 2.56422e-316 2.56422e-316 2.56422e-316 2.56422e-316 
1.66006e-321 1.66006e-321 1.66006e-321 1.66006e-321 1.66006e-321 
1.63042e-322 1.63042e-322 1.63042e-322 1.63042e-322 1.63042e-322 
0 0 0 0 0 
2.68165e-316 2.68165e-316 2.68165e-316 2.68165e-316 2.68165e-316 
R=9parameters: 
-0.237793 -0.237793 
0.605027 0.605027 
-0.00430164 -0.00430164 
-0.748762 -0.748762 
1.06196 1.06196 
2.56442e-316 2.56442e-316 
601969 601969 
1.00416 1.00416 
1.00137 1.00137 
6.09183e-321 6.09183e-321 6.09183e-321 
6.93461e-310 6.93461e-310 6.93461e-310 
-1663.71 -1663.71 -1663.71 
2.68164e-316 2.68164e-316 2.68164e-316 
2.68164e-316 2.68164e-316 2.68164e-316 
1002.67 1002.67 1002.67 
-1389.49 -1389.49 -1389.49 
-702.388 -702.388 -702.388 
-571.126 -571.126 -571.126 
4770.25 4770.25 4770.25 4770.25 
-6613.74 -6613.74 -6613.74 -6613.74 
3898.63 3898.63 3898.63 3898.63 
2352.97 2352.97 2352.97 2352.97 
-1663.71 -1663.71 -1663.71 -1663.71 
5876.07 5876.07 5876.07 5876.07 
-3684.35 -3684.35 -3684.35 -3684.35 
-1976.3 -1976.3 -1976.3 -1976.3 
189.661 189.661 189.661 189.661 
-1911.2 -1911.2 -1911.2 
5783.94 5783.94 5783.94 
-3617.32 -3617.32 -3617.32 
1526.32 1526.32 1526.32 
6234.68 6234.68 6234.68 
-6345.93 -6345.93 -6345.93 
-7359.22 -7359.22 -7359.22 
-1552.22 -1552.22 -1552.22 
-3684.35 -3684.35 -3684.35 
20396.2 20396.2 20396.2 20396.2 
-16127.8 -16127.8 -16127.8 -16127.8 
-7381.4 -7381.4 -7381.4 -7381.4 
9960.26 9960.26 9960.26 9960.26 
2.56442e-316 2.56442e-316 2.56442e-316 2.56442e-316 
2.55004e-316 2.55004e-316 2.55004e-316 2.55004e-316 
2.68167e-316 2.68167e-316 2.68167e-316 2.68167e-316 
2.54322e-316 2.54322e-316 2.54322e-316 2.54322e-316 
2.54549e-316 2.54549e-316 2.54549e-316 2.54549e-316 
2.54551e-316 2.54551e-316 2.54551e-316 2.54551e-316 2.54551e-316 
1446.86 1446.86 1446.86 1446.86 1446.86 
-475.18 -475.18 -475.18 -475.18 -475.18 
1.14061e+07 1.14061e+07 1.14061e+07 1.14061e+07 1.14061e+07 
24625.6 24625.6 24625.6 24625.6 24625.6 
8.98291e-05 8.98291e-05 8.98291e-05 8.98291e-05 8.98291e-05 
2.68144e-316 2.68144e-316 2.68144e-316 2.68144e-316 2.68144e-316 
63.3296 63.3296 63.3296 63.3296 63.3296 
0.000634578 0.000634578 0.000634578 0.000634578 0.000634578 
R=10parameters: 
-0.22964 -0.22964 
0.628086 0.628086 
-0.00454257 -0.00454257 
-0.670955 -0.670955 
0.896728 0.896728 
2.56442e-316 2.56442e-316 
601969 601969 
1.00416 1.00416 
1.00137 1.00137 
6.09183e-321 6.09183e-321 6.09183e-321 
6.93461e-310 6.93461e-310 6.93461e-310 
-1575.74 -1575.74 -1575.74 
2.68164e-316 2.68164e-316 2.68164e-316 
2.68164e-316 2.68164e-316 2.68164e-316 
1127.43 1127.43 1127.43 
-1392.88 -1392.88 -1392.88 
-772.632 -772.632 -772.632 
1034.38 1034.38 1034.38 
894.661 894.661 894.661 894.661 
-5125.73 -5125.73 -5125.73 -5125.73 
4253.51 4253.51 4253.51 4253.51 
3200.21 3200.21 3200.21 3200.21 
-1575.74 -1575.74 -1575.74 -1575.74 
5498 5498 5498 5498 
-3210.97 -3210.97 -3210.97 -3210.97 
-1937.79 -1937.79 -1937.79 -1937.79 
-233.362 -233.362 -233.362 -233.362 
-2011.27 -2011.27 -2011.27 
6695.37 6695.37 6695.37 
4.90892e-05 4.90892e-05 4.90892e-05 
2.20879e-05 2.20879e-05 2.20879e-05 
1.17573e-05 1.17573e-05 1.17573e-05 
1.0997e-05 1.0997e-05 1.0997e-05 
8.92021e-06 8.92021e-06 8.92021e-06 
0.00103494 0.00103494 0.00103494 
0.000692144 0.000692144 0.000692144 
0.000506363 0.000506363 0.000506363 0.000506363 
0.000287636 0.000287636 0.000287636 0.000287636 
-7163.27 -7163.27 -7163.27 -7163.27 
7346.67 7346.67 7346.67 7346.67 
-3849.19 -3849.19 -3849.19 -3849.19 
-471.673 -471.673 -471.673 -471.673 
0 0 0 0 
2.42092e-322 2.42092e-322 2.42092e-322 2.42092e-322 
2.56423e-316 2.56423e-316 2.56423e-316 2.56423e-316 
3.95253e-322 3.95253e-322 3.95253e-322 3.95253e-322 3.95253e-322 
2.56365e-316 2.56365e-316 2.56365e-316 2.56365e-316 2.56365e-316 
0.000384624 0.000384624 0.000384624 0.000384624 0.000384624 
6.93447e-310 6.93447e-310 6.93447e-310 6.93447e-310 6.93447e-310 
2.7064e-316 2.7064e-316 2.7064e-316 2.7064e-316 2.7064e-316 
0.000124951 0.000124951 0.000124951 0.000124951 0.000124951 
2.122e-314 2.122e-314 2.122e-314 2.122e-314 2.122e-314 
2.51076e-316 2.51076e-316 2.51076e-316 2.51076e-316 2.51076e-316 
2.42092e-322 2.42092e-322 2.42092e-322 2.42092e-322 2.42092e-322 
R=11parameters: 
-0.225403 -0.225403 
0.636657 0.636657 
-0.002309 -0.002309 
-0.829821 -0.829821 
1.23195 1.23195 
2.56442e-316 2.56442e-316 
601969 601969 
1.00416 1.00416 
1.00137 1.00137 
4.35272e-321 4.35272e-321 4.35272e-321 
6.93461e-310 6.93461e-310 6.93461e-310 
6.93461e-310 6.93461e-310 6.93461e-310 
2.47033e-323 2.47033e-323 2.47033e-323 
2.48391e-316 2.48391e-316 2.48391e-316 
1431.97 1431.97 1431.97 
4.94066e-324 4.94066e-324 4.94066e-324 
2.68099e-316 2.68099e-316 2.68099e-316 
1.11165e-321 1.11165e-321 1.11165e-321 
2.68045e-316 2.68045e-316 2.68045e-316 2.68045e-316 
2.68166e-316 2.68166e-316 2.68166e-316 2.68166e-316 
1.58101e-322 1.58101e-322 1.58101e-322 1.58101e-322 
2.37152e-322 2.37152e-322 2.37152e-322 2.37152e-322 
2.68109e-316 2.68109e-316 2.68109e-316 2.68109e-316 
0.631986 0.631986 0.631986 0.631986 
-0.00263524 -0.00263524 -0.00263524 -0.00263524 
-0.957751 -0.957751 -0.957751 -0.957751 
3.95253e-322 3.95253e-322 3.95253e-322 3.95253e-322 
2.37152e-322 2.37152e-322 2.37152e-322 
2.556e-316 2.556e-316 2.556e-316 
0 0 0 
0 0 0 
0 0 0 
6.32404e-322 6.32404e-322 6.32404e-322 
2.37152e-322 2.37152e-322 2.37152e-322 
2.68108e-316 2.68108e-316 2.68108e-316 
2.48393e-316 2.48393e-316 2.48393e-316 
0.326719 0.326719 0.326719 0.326719 
-1.0484 -1.0484 -1.0484 -1.0484 
8.69556e-322 8.69556e-322 8.69556e-322 8.69556e-322 
2.37152e-322 2.37152e-322 2.37152e-322 2.37152e-322 
2.68108e-316 2.68108e-316 2.68108e-316 2.68108e-316 
3.0194e-05 3.0194e-05 3.0194e-05 3.0194e-05 
9274.88 9274.88 9274.88 9274.88 
91528.9 91528.9 91528.9 91528.9 
1.09732e+06 1.09732e+06 1.09732e+06 1.09732e+06 
8.76442e+06 8.76442e+06 8.76442e+06 8.76442e+06 8.76442e+06 
2.37152e-322 2.37152e-322 2.37152e-322 2.37152e-322 2.37152e-322 
-1850.58 -1850.58 -1850.58 -1850.58 -1850.58 
1.061e-313 1.061e-313 1.061e-313 1.061e-313 1.061e-313 
-875.388 -875.388 -875.388 -875.388 -875.388 
-29158.5 -29158.5 -29158.5 -29158.5 -29158.5 
3315.45 3315.45 3315.45 3315.45 3315.45 
861.014 861.014 861.014 861.014 861.014 
2.68166e-316 2.68166e-316 2.68166e-316 2.68166e-316 2.68166e-316 
T Models:
(* Fitting with shape 1 1 1 1 1 1 1 1 1 1 0 0 *)
G[T_,xx_]:=Exp[0+xx[[1]]*T^1+xx[[2]]*T^2]*(1)
(* Fitting with shape 1 1 1 1 1 1 1 1 1 1 1 0 *)
G[T_,xx_]:=Exp[0+xx[[1]]*T^1+xx[[2]]*T^2]*(1)
(* Fitting with shape 1 1 1 1 1 1 1 1 1 1 1 1 *)
G[T_,xx_]:=Exp[0+xx[[1]]*T^1+xx[[2]]*T^2]*(1)
(* Fitting with shape 0 1 1 1 1 1 1 1 1 1 0 0 *)
G[T_,xx_]:=Exp[0+xx[[1]]*T^1+xx[[2]]*T^2]*(1)
(* Fitting with shape 0 1 1 1 1 1 1 1 1 1 1 0 *)
G[T_,xx_]:=Exp[0+xx[[1]]*T^1+xx[[2]]*T^2]*(1)
(* Fitting with shape 0 1 1 1 1 1 1 1 1 1 1 1 *)
G[T_,xx_]:=Exp[0+xx[[1]]*T^1+xx[[2]]*T^2]*(1)
(* Fitting with shape 0 0 1 1 1 1 1 1 1 1 0 0 *)
G[T_,xx_]:=Exp[0+xx[[1]]*T^1+xx[[2]]*T^2]*(1)
(* Fitting with shape 0 0 1 1 1 1 1 1 1 1 1 0 *)
G[T_,xx_]:=Exp[0+xx[[1]]*T^1+xx[[2]]*T^2]*(1)
(* Fitting with shape 0 0 1 1 1 1 1 1 1 1 1 1 *)
G[T_,xx_]:=Exp[0+xx[[1]]*T^1+xx[[2]]*T^2]*(1)
(* Fitting with shape 1 1 1 1 1 1 1 1 1 1 0 0 *)
G[T_,xx_]:=Exp[0+xx[[1]]*T^1+xx[[2]]*T^2]*(1+xx[[3]]/(T^1))
(* Fitting with shape 1 1 1 1 1 1 1 1 1 1 1 0 *)
G[T_,xx_]:=Exp[0+xx[[1]]*T^1+xx[[2]]*T^2]*(1+xx[[3]]/(T^1))
(* Fitting with shape 1 1 1 1 1 1 1 1 1 1 1 1 *)
G[T_,xx_]:=Exp[0+xx[[1]]*T^1+xx[[2]]*T^2]*(1+xx[[3]]/(T^1))
(* Fitting with shape 0 1 1 1 1 1 1 1 1 1 0 0 *)
G[T_,xx_]:=Exp[0+xx[[1]]*T^1+xx[[2]]*T^2]*(1+xx[[3]]/(T^1))
(* Fitting with shape 0 1 1 1 1 1 1 1 1 1 1 0 *)
G[T_,xx_]:=Exp[0+xx[[1]]*T^1+xx[[2]]*T^2]*(1+xx[[3]]/(T^1))
(* Fitting with shape 0 1 1 1 1 1 1 1 1 1 1 1 *)
G[T_,xx_]:=Exp[0+xx[[1]]*T^1+xx[[2]]*T^2]*(1+xx[[3]]/(T^1))
(* Fitting with shape 0 0 1 1 1 1 1 1 1 1 0 0 *)
G[T_,xx_]:=Exp[0+xx[[1]]*T^1+xx[[2]]*T^2]*(1+xx[[3]]/(T^1))
(* Fitting with shape 0 0 1 1 1 1 1 1 1 1 1 0 *)
G[T_,xx_]:=Exp[0+xx[[1]]*T^1+xx[[2]]*T^2]*(1+xx[[3]]/(T^1))
(* Fitting with shape 0 0 1 1 1 1 1 1 1 1 1 1 *)
G[T_,xx_]:=Exp[0+xx[[1]]*T^1+xx[[2]]*T^2]*(1+xx[[3]]/(T^1))
(* Fitting with shape 1 1 1 1 1 1 1 1 1 1 0 0 *)
G[T_,xx_]:=Exp[0+xx[[1]]*T^1+xx[[2]]*T^2]*(1+xx[[3]]/(T^1)+xx[[4]]/(T^2))
(* Fitting with shape 1 1 1 1 1 1 1 1 1 1 1 0 *)
G[T_,xx_]:=Exp[0+xx[[1]]*T^1+xx[[2]]*T^2]*(1+xx[[3]]/(T^1)+xx[[4]]/(T^2))
(* Fitting with shape 1 1 1 1 1 1 1 1 1 1 1 1 *)
G[T_,xx_]:=Exp[0+xx[[1]]*T^1+xx[[2]]*T^2]*(1+xx[[3]]/(T^1)+xx[[4]]/(T^2))
(* Fitting with shape 0 1 1 1 1 1 1 1 1 1 0 0 *)
G[T_,xx_]:=Exp[0+xx[[1]]*T^1+xx[[2]]*T^2]*(1+xx[[3]]/(T^1)+xx[[4]]/(T^2))
(* Fitting with shape 0 1 1 1 1 1 1 1 1 1 1 0 *)
G[T_,xx_]:=Exp[0+xx[[1]]*T^1+xx[[2]]*T^2]*(1+xx[[3]]/(T^1)+xx[[4]]/(T^2))
(* Fitting with shape 0 1 1 1 1 1 1 1 1 1 1 1 *)
G[T_,xx_]:=Exp[0+xx[[1]]*T^1+xx[[2]]*T^2]*(1+xx[[3]]/(T^1)+xx[[4]]/(T^2))
(* Fitting with shape 0 0 1 1 1 1 1 1 1 1 0 0 *)
G[T_,xx_]:=Exp[0+xx[[1]]*T^1+xx[[2]]*T^2]*(1+xx[[3]]/(T^1)+xx[[4]]/(T^2))
(* Fitting with shape 0 0 1 1 1 1 1 1 1 1 1 0 *)
G[T_,xx_]:=Exp[0+xx[[1]]*T^1+xx[[2]]*T^2]*(1+xx[[3]]/(T^1)+xx[[4]]/(T^2))
(* Fitting with shape 0 0 1 1 1 1 1 1 1 1 1 1 *)
G[T_,xx_]:=Exp[0+xx[[1]]*T^1+xx[[2]]*T^2]*(1+xx[[3]]/(T^1)+xx[[4]]/(T^2))
(* Fitting with shape 1 1 1 1 1 1 1 1 1 1 0 0 *)
G[T_,xx_]:=Exp[0+xx[[1]]*T^1+xx[[2]]*T^2+xx[[3]]*T^3]*(1)
(* Fitting with shape 1 1 1 1 1 1 1 1 1 1 1 0 *)
G[T_,xx_]:=Exp[0+xx[[1]]*T^1+xx[[2]]*T^2+xx[[3]]*T^3]*(1)
(* Fitting with shape 1 1 1 1 1 1 1 1 1 1 1 1 *)
G[T_,xx_]:=Exp[0+xx[[1]]*T^1+xx[[2]]*T^2+xx[[3]]*T^3]*(1)
(* Fitting with shape 0 1 1 1 1 1 1 1 1 1 0 0 *)
G[T_,xx_]:=Exp[0+xx[[1]]*T^1+xx[[2]]*T^2+xx[[3]]*T^3]*(1)
(* Fitting with shape 0 1 1 1 1 1 1 1 1 1 1 0 *)
G[T_,xx_]:=Exp[0+xx[[1]]*T^1+xx[[2]]*T^2+xx[[3]]*T^3]*(1)
(* Fitting with shape 0 1 1 1 1 1 1 1 1 1 1 1 *)
G[T_,xx_]:=Exp[0+xx[[1]]*T^1+xx[[2]]*T^2+xx[[3]]*T^3]*(1)
(* Fitting with shape 0 0 1 1 1 1 1 1 1 1 0 0 *)
G[T_,xx_]:=Exp[0+xx[[1]]*T^1+xx[[2]]*T^2+xx[[3]]*T^3]*(1)
(* Fitting with shape 0 0 1 1 1 1 1 1 1 1 1 0 *)
G[T_,xx_]:=Exp[0+xx[[1]]*T^1+xx[[2]]*T^2+xx[[3]]*T^3]*(1)
(* Fitting with shape 0 0 1 1 1 1 1 1 1 1 1 1 *)
G[T_,xx_]:=Exp[0+xx[[1]]*T^1+xx[[2]]*T^2+xx[[3]]*T^3]*(1)
(* Fitting with shape 1 1 1 1 1 1 1 1 1 1 0 0 *)
G[T_,xx_]:=Exp[0+xx[[1]]*T^1+xx[[2]]*T^2+xx[[3]]*T^3]*(1+xx[[4]]/(T^1))
(* Fitting with shape 1 1 1 1 1 1 1 1 1 1 1 0 *)
G[T_,xx_]:=Exp[0+xx[[1]]*T^1+xx[[2]]*T^2+xx[[3]]*T^3]*(1+xx[[4]]/(T^1))
(* Fitting with shape 1 1 1 1 1 1 1 1 1 1 1 1 *)
G[T_,xx_]:=Exp[0+xx[[1]]*T^1+xx[[2]]*T^2+xx[[3]]*T^3]*(1+xx[[4]]/(T^1))
(* Fitting with shape 0 1 1 1 1 1 1 1 1 1 0 0 *)
G[T_,xx_]:=Exp[0+xx[[1]]*T^1+xx[[2]]*T^2+xx[[3]]*T^3]*(1+xx[[4]]/(T^1))
(* Fitting with shape 0 1 1 1 1 1 1 1 1 1 1 0 *)
G[T_,xx_]:=Exp[0+xx[[1]]*T^1+xx[[2]]*T^2+xx[[3]]*T^3]*(1+xx[[4]]/(T^1))
(* Fitting with shape 0 1 1 1 1 1 1 1 1 1 1 1 *)
G[T_,xx_]:=Exp[0+xx[[1]]*T^1+xx[[2]]*T^2+xx[[3]]*T^3]*(1+xx[[4]]/(T^1))
(* Fitting with shape 0 0 1 1 1 1 1 1 1 1 0 0 *)
G[T_,xx_]:=Exp[0+xx[[1]]*T^1+xx[[2]]*T^2+xx[[3]]*T^3]*(1+xx[[4]]/(T^1))
(* Fitting with shape 0 0 1 1 1 1 1 1 1 1 1 0 *)
G[T_,xx_]:=Exp[0+xx[[1]]*T^1+xx[[2]]*T^2+xx[[3]]*T^3]*(1+xx[[4]]/(T^1))
(* Fitting with shape 0 0 1 1 1 1 1 1 1 1 1 1 *)
G[T_,xx_]:=Exp[0+xx[[1]]*T^1+xx[[2]]*T^2+xx[[3]]*T^3]*(1+xx[[4]]/(T^1))
(* Fitting with shape 1 1 1 1 1 1 1 1 1 1 0 0 *)
G[T_,xx_]:=Exp[0+xx[[1]]*T^1+xx[[2]]*T^2+xx[[3]]*T^3]*(1+xx[[4]]/(T^1)+xx[[5]]/(T^2))
(* Fitting with shape 1 1 1 1 1 1 1 1 1 1 1 0 *)
G[T_,xx_]:=Exp[0+xx[[1]]*T^1+xx[[2]]*T^2+xx[[3]]*T^3]*(1+xx[[4]]/(T^1)+xx[[5]]/(T^2))
(* Fitting with shape 1 1 1 1 1 1 1 1 1 1 1 1 *)
G[T_,xx_]:=Exp[0+xx[[1]]*T^1+xx[[2]]*T^2+xx[[3]]*T^3]*(1+xx[[4]]/(T^1)+xx[[5]]/(T^2))
(* Fitting with shape 0 1 1 1 1 1 1 1 1 1 0 0 *)
G[T_,xx_]:=Exp[0+xx[[1]]*T^1+xx[[2]]*T^2+xx[[3]]*T^3]*(1+xx[[4]]/(T^1)+xx[[5]]/(T^2))
(* Fitting with shape 0 1 1 1 1 1 1 1 1 1 1 0 *)
G[T_,xx_]:=Exp[0+xx[[1]]*T^1+xx[[2]]*T^2+xx[[3]]*T^3]*(1+xx[[4]]/(T^1)+xx[[5]]/(T^2))
(* Fitting with shape 0 1 1 1 1 1 1 1 1 1 1 1 *)
G[T_,xx_]:=Exp[0+xx[[1]]*T^1+xx[[2]]*T^2+xx[[3]]*T^3]*(1+xx[[4]]/(T^1)+xx[[5]]/(T^2))
(* Fitting with shape 0 0 1 1 1 1 1 1 1 1 0 0 *)
G[T_,xx_]:=Exp[0+xx[[1]]*T^1+xx[[2]]*T^2+xx[[3]]*T^3]*(1+xx[[4]]/(T^1)+xx[[5]]/(T^2))
(* Fitting with shape 0 0 1 1 1 1 1 1 1 1 1 0 *)
G[T_,xx_]:=Exp[0+xx[[1]]*T^1+xx[[2]]*T^2+xx[[3]]*T^3]*(1+xx[[4]]/(T^1)+xx[[5]]/(T^2))
(* Fitting with shape 0 0 1 1 1 1 1 1 1 1 1 1 *)
G[T_,xx_]:=Exp[0+xx[[1]]*T^1+xx[[2]]*T^2+xx[[3]]*T^3]*(1+xx[[4]]/(T^1)+xx[[5]]/(T^2))
Probabilities: 
        0         0         0         0         0         0         0         0         0         0         0         0         0         0         0  0.250647         0         0         0         0         0         0         0         0  0.292602         0         0         0         0         0         0         0         0         0         0         0         0         0         0         0         0         0   0.33183         0         0         0         0         0         0         0         0   0.12492         0         0
        0         0         0         0         0         0         0         0         0         0         0         0         0         0         0  0.602988         0         0         0         0         0         0         0         0  0.397012         0         0         0         0         0         0         0         0         0         0         0         0         0         0         0         0         0         0         0         0         0         0         0         0         0         0         0         0         0
        0         0         0         0         0         0         0         0         0         0         0         0         0         0         0         0         0         0         0         0         0         0         0         0  0.656933         0         0         0         0         0         0         0         0         0         0         0         0         0         0         0         0         0         0         0         0         0         0         0         0         0         0  0.343067         0         0
        0         0         0         0         0         0         0         0         0         0         0         0         0         0         0         0         0         0         0         0         0         0         0         0  0.458113         0         0         0         0         0         0         0         0         0         0         0         0         0         0         0         0         0  0.322869         0         0         0         0         0         0         0         0  0.219017         0         0
        0         0         0         0         0         0         0         0         0         0         0         0         0         0         0  0.476188         0         0         0         0         0         0         0         0  0.523812         0         0         0         0         0         0         0         0         0         0         0         0         0         0         0         0         0         0         0         0         0         0         0         0         0         0         0         0         0
        0         0         0         0         0         0         0         0         0         0         0         0         0         0         0         0         0         0         0         0         0         0         0         0  0.419617         0         0         0         0         0         0         0         0         0         0         0         0         0         0         0         0         0  0.421804         0         0         0         0         0         0         0         0  0.158578         0         0
        0         0         0         0         0         0         0         0         0         0         0         0         0         0         0   0.45644         0         0         0         0         0         0         0         0  0.395148         0         0         0         0         0         0         0         0         0         0         0         0         0         0         0         0         0         0         0         0         0         0         0         0         0         0  0.148412         0         0
        0         0         0         0         0         0         0         0         0         0         0         0         0         0         0      0.33         0         0         0         0         0         0         0         0  0.267586         0         0         0         0         0         0         0         0         0         0         0         0         0         0         0         0         0  0.294079         0         0         0         0         0         0         0         0  0.108336         0         0
        0         0         0         0         0         0         0         0         0         0         0         0         0         0         0  0.157786         0         0         0         0         0         0         0         0  0.273229         0         0         0         0         0         0         0         0         0         0         0         0         0         0         0         0         0  0.397616         0         0         0         0         0         0         0         0  0.171369         0         0
        0         0         0         0         0         0         0         0         0         0         0         0         0         0         0  0.201237         0         0         0         0         0         0         0         0  0.282995         0         0         0         0         0         0         0         0         0         0         0         0         0         0         0         0         0  0.368743         0         0         0         0         0         0         0         0  0.147025         0         0
        0         0         0         0         0         0 0.0899597         0         0         0         0         0         0         0         0  0.522112         0         0         0         0         0         0         0         0  0.192263         0         0         0         0         0         0         0         0         0         0         0         0         0         0         0         0         0  0.195665         0         0         0         0         0         0         0         0         0         0         0
        0         0         0         0         0         0  0.354728         0         0         0         0         0         0         0         0  0.335826         0         0         0         0         0         0         0         0  0.128684         0         0         0         0         0         0         0         0         0         0         0         0         0         0         0         0         0  0.124052         0         0         0         0         0         0         0         0 0.0567092         0         0

Values: 
   0.186776     0.18679    0.186771    0.185994    0.186011    0.186001    0.185227    0.185237    0.185232    0.184689    0.184696     0.18469    0.184191    0.184193    0.184188    0.184078    0.184077    0.184072    0.183981    0.183982    0.183977    0.184063    0.184061    0.184058     0.18427    0.184273    0.184274    0.188757    0.188771    0.188643     1.23361     1.16714     1.11954     1.02019     1.02322     1.02646    0.185335    0.185317    0.185258    0.184218     1.16247    0.874416    0.183701    0.183712    0.183706    -2.37765   -0.218143    -2.39337    0.183301    0.753454    -41.8619    0.183858    0.183852     0.18381
   0.272185    0.272174    0.405668    0.270574    0.270585    0.270603    0.269682    0.370467    0.336235    0.268346    0.268369    0.268371    0.267512    0.267518    0.267518    0.267234    0.267266    0.267265    0.267045    0.267055    0.267055    0.267109    0.267168    0.267167    0.267582    0.267662    0.267664    0.277472    0.277332    0.277261     1.16477     1.16286      1.1611   -0.337164    0.272139     1.36542     1.09243     1.18621     1.10315    0.868625     1.03239    0.313865    0.493783    0.954556     0.26618    0.266342     1.14703     1.36674    -1.17697    0.264518     1.61406    0.734924    0.264058    0.264555
    0.32256    0.322568    0.322562     0.32027    0.320289    0.320304    0.545359    0.618087     0.59869    0.316989    0.316986    0.317004    0.315621     0.31561    0.315611    0.373936     0.31527    0.651107    0.314811    0.314789    0.314787    0.315056    0.315069     0.31507    0.315824    0.315861     0.31587    0.177021    0.335031     1.00445     1.20426     1.22594     1.22983     1.10111     1.04703     1.37519    0.984243    0.759523    0.321022     1.27399     1.16056     1.05854     1.67891     2.14394    0.313719    0.313243    0.842942    0.892415    -1.08515    0.311319     0.90474    0.311375    0.105149     1.22278
   0.363682    0.363714    0.363808     0.35967    0.359744    0.359716    0.356939    0.626792    0.517578    0.354214    0.354281     0.30136     0.35169    0.351724    0.351715    0.441377    0.350776    0.427041    0.350307    0.350339    0.350321    0.349643    0.349738    0.349768    0.349324    0.350003    0.350163    0.202489     1.11482      1.1339     1.25838     1.26684     1.19795     1.00515    0.848205     1.20979    0.745046    0.362234    0.901311 -0.00970157     1.27951    0.921218    0.353248    0.350645    0.817853    0.884568    0.884184    0.103574     1.01375    0.911929     1.20949    0.341148    0.652492    0.333014
   0.400738    0.400443    0.400622    0.394239    0.394088     0.39408    0.391249    0.652064    0.578017     0.38723    0.387167    0.387172    0.384216    0.384183    0.384213    0.383024    0.383026    0.455758    0.382208    0.382212    0.382256    0.381337    0.381405    0.381491    0.380259    0.380393    0.380911     1.10656     1.13073    0.926153     1.17304     1.31237      1.1802     1.00645     1.00477     1.32409    0.402042    0.902061    0.946425    0.913029    0.993698     1.06714    0.627955    0.653139     3.73863    0.385205    0.838415    0.917969    0.383774    0.382839     1.25991      0.8623    0.619805    0.184275
   0.441262    0.442113    0.441804    0.431155    0.431293    0.431338    0.425238     0.42524    0.425183    0.420284    0.420269     0.42044    0.414594    0.414625    0.414637    0.593869    0.412516    0.522783    0.411399    0.411475    0.411507    0.409604    0.409807    0.409957    0.408273    0.408901      0.4092     1.08169     1.11629    0.478596     1.20498     1.26604     1.20306     1.00663     1.04625      1.3197    0.948604    0.954947    0.918478    0.426392     1.05616     1.12463    0.421732     0.41893    0.417929    0.926909    0.884236     0.41558    0.877949    -52.2576    0.409878    0.415499   -0.717409     1.22628
   0.483193     0.48388    0.484062    0.469739    0.469813    0.469624    0.614901    0.461082    0.461092    0.455376     0.45538    0.455394    0.447044     0.44705    0.447419    0.444076    0.444038    0.444649    0.442862    0.442853    0.443323    0.440202    0.440203    0.440686     0.43754    0.669793    0.437077     1.10292     1.11046      1.1217     1.17379     1.16409     1.15229     1.18671     1.20438     1.02239    0.481252    0.479699    0.479688    0.831192    0.460843    0.461944     0.85957     0.45524     1.03877    0.896608    0.886914    0.851689    0.758474    0.446483    0.809535    0.426711    0.428103     0.44703
   0.525763    0.526207    0.526156    0.507279    0.507083    0.507071    0.497022    0.496769     0.49677     0.49085     0.49054    0.490478     0.48042    0.480087    0.480117     0.47701    0.476506    0.476267    0.475295     0.47494    0.474933    0.406319    0.471736    0.471014    0.468004    0.466734    0.465212     1.10955     1.10223    0.570173     1.10944     1.10977     1.11108     1.06377     1.04064      1.0633    0.522416    0.521813    0.521301     1.76818    0.620525    0.501769    0.499257    0.500593     1.50954    0.840626     0.87286    0.861694   -0.898694     1.03149     0.50482    0.503292    0.833378    0.693162
   0.566854    0.567523    0.567731    0.545235    0.545143    0.545149    0.532877    0.532349    0.532364    0.526577    0.526004    0.525993     0.51336    0.512436     0.51244    0.508441    0.507266    0.507253     0.50721    0.506093    0.506088    0.501705    0.500038    0.499923    0.490533    0.487565    0.487353    0.613424    0.721926    0.819627     1.09318     1.21378     1.13532     1.01681    0.570294      1.0243    0.561892    0.562534    0.562125    0.991454     1.00317    0.921856    0.553805    0.557156    0.554531    0.817134    0.538643    0.822121     1.07889     1.22492     1.06604    0.609897    0.615722    0.588824
   0.604357    0.605027    0.605478    0.580963    0.580986    0.581201    0.568258    0.568262    0.568563    0.561924    0.561919    0.562014    0.546932    0.546946    0.546986    0.541258    0.541467    0.540934    0.539954    0.540077    0.539865    0.938277    0.939171    0.939318    0.516268    0.519519    0.515454     1.11228    0.644809     1.09911     1.11171     1.11006     1.10884     1.02568      1.0329     1.06499    0.596262    0.594482    0.595358    0.910329    0.575807    0.953712    0.596105    0.587395    0.594021     0.83501      0.8059    0.813344    0.320357     0.59804    0.330267    0.649668    0.585057    0.623359
    0.62782    0.628086    0.628027    0.604457           1    0.604196    0.592273    0.592339     0.59223    0.586501    0.586449    0.586402     0.57435    0.574441    0.574278    0.575733    0.575805    0.575679    0.570409    0.570453    0.570225    0.954917    0.956474    0.960916    0.575008    0.574486    0.574353     1.10867     1.08258     1.09013     1.32451     1.33236     1.13835     0.99315    0.997028     1.00404    0.603514    0.603074    0.603046    0.572485    0.952715    0.983561    0.583193    0.584089    0.582567    0.556948    0.818906    0.835745    0.597758    0.843802     1.11904     2.57965    0.649074     0.62514
   0.635812    0.636657     0.63662    0.612049    0.612028    0.611898    0.599947     0.60012     0.59999    0.594901    0.594913    0.594737    0.584751     0.58484    0.584772    0.589771     0.58975    0.589831    0.582211    0.582272    0.582265    0.960673    0.964028    0.964506    0.595079    0.595552    0.597208     1.10235     1.09424     1.09201     1.26342       1.128      1.1217     1.27787    0.994117    0.999115    0.607011    0.607025    0.606825    0.930384    0.842626    0.873873     0.58573    0.686306    0.619714    0.796682    0.851428    0.554897    0.608463    -0.83652   -0.841248    0.697327    0.988343    0.710792

Errors: 
4.62447e-05 4.59449e-05 4.53908e-05 4.77192e-05 4.74266e-05 4.68647e-05 5.16949e-05 5.14644e-05 5.09012e-05 5.40034e-05 5.38886e-05 5.33436e-05 6.47532e-05 6.48631e-05 6.42192e-05 8.84084e-05 8.84259e-05 8.82055e-05 7.49565e-05 7.40299e-05 7.36342e-05 0.000114392 0.000114345 0.000114582 0.000154327 0.000156172 0.000154139 5.85292e-05 5.85554e-05  5.7884e-05           0           0           0           0           0     1.00019 9.33682e-05  9.2964e-05 9.00524e-05 0.000137743 2.80155e-05           1 0.000251361 0.000234307 0.000220316 0.000243125 8.86753e-05 0.000235567 0.000419404 0.000702861 0.000754689 0.000766358 0.000621369 0.000550645
0.000116745 0.000116365           0           0           0           0   0.0001212           0           0 0.000129325 0.000129299 0.000129149 0.000144964 0.000144914 0.000142073 0.000186352 0.000184591 0.000184052 0.000164601 0.000163971 0.000164212 0.000253309 0.000249977  0.00024806 0.000371066 0.000366174 0.000365879  0.00016089 0.000158901 0.000157037           0           0           0     1.00046 0.000213794      1.0001           0           0           0     1.00002     1.00001     1.00001     1.00001     1.00096 0.000616098 0.000498625    0.868627     1.69718 0.000334434  0.00108727         nan 5.00829e-05   0.0021121  0.00194065
0.000206242 0.000206576 0.000206178 0.000208231 0.000208307 0.000208137           1           1           1 0.000225049  0.00022466 0.000226859 0.000258638 0.000256897  0.00025847           0 0.000339441     1.00002 0.000299864 0.000298672 0.000298447 0.000521197 0.000514505 0.000515763  0.00082753 0.000824704 0.000819999           0 0.000356461           0           0           0           0     1.00504    0.958914     1.00023     1.00006           0 0.000570419     1.00001           1     1.00004           1           1  0.00135138  0.00121232 0.000276055 0.000358912 0.000701575  0.00236466      1.0001  0.00509864  0.00110752  0.00432217
          0           0           0           0           0           0 0.000358328           1           1 0.000381215 0.000379639           0 0.000453453 0.000441085 0.000438317           0 0.000536148           0 0.000507864 0.000505139 0.000506549 0.000782982 0.000778915 0.000767349  0.00125015  0.00118854  0.00118295           0           0           0           0           0           0           0           1     1.00147           0 0.000939492           0           1     1.00018           0  0.00264062  0.00231145     1.01094  0.00102811     1.35407     1.00001  0.00042548     1.00042 0.000771248  0.00979172 6.12243e-05  0.00797188
          0           0 0.000532659 0.000534609           0           0 0.000529244           1           1 0.000570119  0.00056096 0.000559952 0.000639828 0.000622813 0.000621946 0.000862857 0.000838537           0 0.000734721 0.000755906 0.000721836  0.00136083  0.00130994  0.00129834  0.00207732  0.00201886  0.00191942           0           0           0           0           0           0           0           0           0  0.00164838           0           0           1     1.02924     1.00009     1.00001     1.00002           1  0.00385255     2.35568  0.00229926  0.00765771  0.00713835 0.000334012  0.00148937 0.000700623  0.00290004
0.000848002 0.000849592 0.000851733 0.000843234 0.000843004 0.000834678 0.000847021 0.000847128 0.000839131 0.000912586  0.00090817  0.00089331  0.00105307  0.00105288  0.00104524           0  0.00138025           0  0.00124075   0.0012444  0.00122489  0.00218553   0.0021509  0.00213949  0.00366381  0.00356899  0.00354023           0           0           0           0           0           0           0     1.13005     1.00464           0           0           0  0.00462194      1.0002     1.00028  0.00758171  0.00694589  0.00678403  0.00248179  0.00264652  0.00590464 0.000338198   0.0348602   0.0109094   0.0206019  0.00613114   0.0266084
 0.00120628  0.00120629   0.0011846  0.00121548  0.00121005  0.00120297           0  0.00125208  0.00124084  0.00135962  0.00135959  0.00133177  0.00163087  0.00162221  0.00160965  0.00213493  0.00213112  0.00205647  0.00198164  0.00192982  0.00191587  0.00329393  0.00319423  0.00323524  0.00565166           0  0.00528467           0           0           0           0           0           0           0           0           0  0.00335849  0.00320319  0.00325484   0.0526881  0.00597635  0.00576987     1.00002   0.0100433     1.01714   0.0028377     3.08176  0.00442914  0.00778373   0.0159582     1.00032   0.0275253   0.0245412   0.0227479
 0.00170306  0.00171681  0.00170985  0.00171911  0.00172686  0.00171268  0.00180055  0.00179437  0.00177042  0.00194215  0.00191162  0.00193047  0.00241314  0.00238958  0.00239207   0.0032676  0.00321062  0.00318891  0.00288463  0.00289362  0.00286498  0.00257849  0.00480956  0.00483159  0.00806009   0.0079051  0.00739582           0           0   0.0025487           0           0           0     1.81572    0.164373     2.40409  0.00507175  0.00502252   0.0048594     1.00013           0  0.00848775   0.0166559    0.015222     1.00003  0.00368035  0.00381563  0.00397598  0.00879904  0.00209239   0.0202137   0.0343007     1.00047   0.0078078
          0           0           0  0.00227633  0.00228901  0.00228991  0.00249557  0.00250141  0.00247815  0.00264909  0.00264593  0.00264604  0.00350143  0.00342673  0.00344572  0.00451485  0.00441923  0.00443551   0.0042113  0.00418163  0.00415745  0.00664935   0.0065011  0.00653447   0.0113718    0.011439   0.0120426  0.00328148           0           1     1.00002           0           0           0  0.00602825           0  0.00661671  0.00640455  0.00629366      1.0084     1.00025      1.0006   0.0223671   0.0210072   0.0199078     2.64255   0.0154097  0.00383768   0.0168373     3.65548  0.00579567    0.041545   0.0385561   0.0364501
          0           0           0           0  0.00291706           0  0.00332002  0.00332966  0.00333769  0.00353044  0.00356314  0.00353823  0.00479156  0.00467034  0.00492261   0.0066004  0.00689102  0.00647969  0.00602965  0.00601822  0.00616453           0           0           0   0.0183726   0.0167971   0.0174936           0  0.00384464           0           0           0           0           0     2.11899     1.29512  0.00809498  0.00809907  0.00780117     1.00074   0.0149112           0    0.029382   0.0281743   0.0267716     4.22495  0.00433814  0.00431048    0.012256   0.0352138   0.0113853   0.0490494   0.0461681    0.044583
 0.00297955           0           0  0.00319837           0  0.00329635   0.0038712   0.0038277  0.00380672  0.00399209  0.00409992  0.00407127  0.00596307   0.0058719  0.00588498  0.00811882  0.00794285  0.00793131  0.00723152  0.00727609  0.00713834           0           0           0   0.0182359    0.018929    0.018841           0           0           0     1.00283     1.00332           0           0           0           0  0.00954816  0.00927279   0.0092902   0.0190538     1.00662           0   0.0392013   0.0364843    0.036731   0.0255167  0.00553424     3.06795   0.0434061     1.00076   0.0219841   0.0192808   0.0517802   0.0495852
          0           0           0  0.00346225  0.00345862  0.00343248  0.00401504  0.00399614  0.00397117  0.00419746  0.00418925  0.00417952  0.00603477  0.00606034  0.00604928  0.00847082  0.00838689  0.00841038  0.00742468  0.00739275   0.0074052           0           0           0  0.00607381   0.0060876  0.00601616           0           0           0           0           0           0      2.2897           0           0  0.00306739   0.0103121   0.0104142     1.00033     1.01855     1.00061   0.0480832     1.00079     1.00001  0.00422734  0.00620089   0.0287201   0.0471034   0.0196632   0.0201336   0.0571342    0.097338   0.0527877

Statuses: 
0 0 0 0 0 0 0 0 0 0 0 0 0 0 0 0 0 0 0 0 0 0 0 0 0 0 0 0 0 0 3 3 3 3 3 3 0 0 0 0 3 3 0 0 0 0 3 0 0 3 1 0 0 0
0 0 3 2 2 2 0 3 3 0 0 0 0 0 0 0 0 0 0 0 0 0 0 0 0 0 0 0 0 0 3 3 3 3 0 3 3 3 3 3 3 3 3 3 0 0 3 3 0 0 3 3 0 0
0 0 0 0 0 0 3 3 3 0 0 0 0 0 0 3 0 3 0 0 0 0 0 0 0 0 0 3 0 3 3 3 3 3 3 3 3 3 0 3 3 3 3 3 0 0 3 3 0 0 3 0 0 3
2 2 2 2 2 2 0 3 3 0 0 3 0 0 0 3 0 3 0 0 0 0 0 0 0 0 0 3 3 3 3 3 3 3 3 3 3 0 3 3 3 3 0 0 3 3 3 3 3 3 3 0 3 0
2 2 0 0 2 2 0 3 3 0 0 0 0 0 0 0 0 3 0 0 0 0 0 0 0 0 0 3 3 3 3 3 3 3 3 3 0 3 3 3 3 3 3 3 3 0 3 3 0 0 3 1 3 0
0 0 0 0 0 0 0 0 0 0 0 0 0 0 0 3 0 3 0 0 0 0 0 0 0 0 0 3 3 3 3 3 3 3 3 3 3 3 3 0 3 3 0 0 0 3 3 0 3 1 0 0 0 3
0 0 0 0 0 0 3 0 0 0 0 0 0 0 0 0 0 0 0 0 0 0 0 0 0 3 0 3 3 3 3 3 3 3 3 3 0 0 0 3 0 0 3 0 3 3 3 3 3 0 3 0 0 0
0 0 0 0 0 0 0 0 0 0 0 0 0 0 0 0 0 0 0 0 0 0 0 0 0 0 0 3 3 0 3 3 3 3 3 3 0 0 0 3 3 0 0 0 3 3 3 3 0 3 0 0 3 3
2 2 2 0 0 0 0 0 0 0 0 0 0 0 0 0 0 0 0 0 0 0 0 0 0 0 0 0 3 3 3 3 3 3 0 3 0 0 0 3 3 3 0 0 0 3 0 3 3 3 3 0 0 0
2 2 2 2 0 2 0 0 0 0 0 0 0 0 0 0 0 0 0 0 0 3 3 3 0 0 0 3 0 3 3 3 3 3 3 3 0 0 0 3 0 3 0 0 0 3 3 3 0 0 0 0 0 0
0 2 2 0 3 0 0 0 0 0 0 0 0 0 0 0 0 0 0 0 0 3 3 3 0 0 0 3 3 3 3 3 3 3 3 3 0 0 0 0 3 3 0 0 0 0 3 3 0 3 3 3 0 0
2 2 2 0 0 0 0 0 0 0 0 0 0 0 0 0 0 0 0 0 0 3 3 3 0 0 0 3 3 3 3 3 3 3 3 3 0 0 0 3 3 3 0 3 3 3 3 0 0 0 0 0 3 0
chisq per dof: 
 5.9599 5.41489 4.97876 2.95026 2.71469 2.52565 1.63636  1.5498 1.48138 1.63063 1.55365 1.49256 1.51006 1.43766 1.38332 1.60713 1.50627 1.43439 1.67559 1.57938 1.50742 1.80949   1.675 1.57905 2.00487 1.80416 1.67049 3.76661  3.4803  3.2909 80377.4 64671.2 55631.6 70654.5   59239 51109.4 1.81848 1.70883 1.62554 1.81201 79015.4 75221.3 2.00443 1.80357 1.66964 20726.9 1561.73 15102.9 2.25564  104917 59642.8 2.67247 2.25435 2.00351
4.55292 4.19453 1239.71 2.56353 2.37009 2.22215 1.68544  1984.9 1361.75 1.60336 1.53146 1.47257 1.51668 1.44387 1.38845 1.61218 1.51225 1.43911 1.67908 1.58412 1.51115 1.81475 1.68105 1.58381 2.01319  1.8125  1.6771 2.97249 2.75106  2.5634 6745.71 5795.64 5102.32 5629.53 1.62914 5087.24  6669.3 5856.59 5065.13 8081.14  5654.5 5484.95 8784.51 7450.19 1.67495 2.01182 6831.38 5896.29 346.271 2.00849 4673.24 11415.9  2.2605 2.00888
3.73401 3.44124  3.2123 2.17394 2.05147 1.93693 496.951 490.083 427.694 1.55595 1.49118 1.43812 1.51022 1.43769 1.38306 292.111 1.50791 586.484 1.67542 1.57954 1.50718 1.81003 1.67561 1.57919 2.01008 1.80864 1.67388  382.92 2.28425 866.256 1382.46 1210.05 1087.74 1677.89 1420.27  1193.1  1184.9 1141.39 1.56762 1737.55 1292.02 1218.18 1103.84 1080.84 1.67297 2.00802 1395.88  1303.6 73.8022 2.00709 1534.46 2.67847 3.14435 1300.25
3.24911 3.00101  2.8067 2.06374 1.93834 1.83573 1.60468 174.932 118.346 1.56427 1.49914  147.22   1.514 1.44449 1.38906 195.172 1.50781 55.8164 1.67029 1.57874  1.5067 1.80259 1.67398  1.5782 2.00306 1.80867 1.67434 157.996 336.224 304.722 485.822  407.12 382.711 564.911 199.674 411.945 393.485 1.62752 369.915 242.078  483.21 439.462 2.00428 1.80937 482.845  586.22 488.224 113.247 645.133  600.38 494.907 2.66952 691.993 2.00361
3.06197 2.84159 2.69404  1.9952 1.87323 1.77976 1.51013 60.2194 44.2912 1.54894 1.48068 1.42729 1.51022 1.43744 1.38312 1.60644 1.50536 20.3413 1.67072  1.5749 1.50351 1.80404 1.67008 1.57494 2.00422 1.80347 1.67057 155.256 136.301 103.721  205.38 172.129 156.666 230.806 192.954  154.15 1.69913  176.83 163.585 112.913 207.447  171.53 266.407 223.606 127.467 2.00397 179.065 180.295 2.25489 2.00404 181.873  234.87 277.737 2.04989
2.59926 2.46226 2.35122  1.8258 1.73028 1.64925 1.50051 1.42951  1.3761  1.5448 1.47694 1.42481 1.51372 1.44047 1.38542 41.5962 1.50723 26.8645 1.67329 1.57743 1.50533 1.80652 1.67261 1.57671 2.00781   1.807 1.67274 77.1216  66.183 7.75955  97.474 80.8632 74.5686 110.321 93.0163 74.5184 106.867 92.4385 76.9083 1.80708 95.9705 82.9539 2.00779 1.80749 1.67327 124.828 97.3797 1.71988 81.2346 111.854 1.83949 2.67695  2.5718 54.8262
2.14708 2.03046 1.92785 1.64361 1.56377 1.50201  18.128 1.38772 1.33926 1.51417    1.45     1.4 1.51092 1.43815 1.38479 1.60656 1.50552 1.43546 1.67176 1.57583 1.50543 1.80468 1.67056 1.57659 2.00521 21.5323 1.67183 38.8632 33.6333  30.025 56.1643 48.4396 42.8794 47.2518 39.8639 44.0409 1.68444 1.59018 1.51641 67.0812 1.67129 1.57608 13.9538 1.80487 49.6502 65.7229 51.8874 41.3937 81.1777 2.00451 56.6331 2.67351 2.25514 2.00608
1.83585 1.76395 1.68876 1.50157 1.44384 1.39453 1.40402 1.34988 1.30824 1.48553 1.42648 1.37944 1.50952 1.43781 1.38455 1.60794 1.50747  1.4362 1.67263 1.57718 1.50604  1.9835 1.67256 1.57725 2.00716 1.80605  1.6722 23.0991 21.8208 1.45167 33.9296 29.4758 26.0731 34.5797 29.1627 25.3459 1.68022 1.58334 1.51079  24.012 24.2421 1.57549 2.00683 1.80552 9.02336 34.1532 32.9489 26.1689 2.79787 40.4033 1.83805 2.67577 42.9963 33.8117
1.63092 1.57622  1.5201 1.41974 1.37736 1.33548 1.39113 1.34054 1.29812 1.47061 1.41627 1.37007 1.51283 1.44155 1.38654 1.61122 1.51116 1.43834 1.67555 1.58053 1.50811 1.80895  1.6755 1.57911 2.00861 1.80792 1.67327 1.52007 16.0457 5.28191 12.9402 18.5523 15.1056 21.6458 1.50562 16.1588 1.67575 1.57936  1.5072 26.5141 9.79224 14.4594 2.00729 1.80614 1.67193 20.2238 1.83941 15.9986 31.8153 25.0451 22.9594 2.67565 2.25676 2.00601
1.47127 1.42147 1.38136 1.35868 1.31396 1.28059 1.36526 1.31326 1.27651 1.45348 1.39679 1.35427 1.50831  1.4357 1.38308 1.60762 1.50641 1.43586  1.6726 1.57655 1.50606 10.7667 9.23873 8.08866 2.00484 1.80438 1.67147 10.7513  1.4244 9.17225  16.507  14.458 12.8208 15.5267  13.258 11.5353  1.6718 1.57692 1.50512  19.143  1.6704 14.6637 2.00392 1.80416 1.67082 15.4066 13.3704 11.7685 2.26911 2.00417 1.84934 2.67151  2.2552 2.00489
1.40143 1.35696  1.3213 1.32334 4.97347 1.25236 1.34208 1.29323 1.25668 1.43845 1.38367 1.34135  1.5024 1.43065 1.37689 1.60278 1.50234 1.43066 1.66964 1.57398 1.50232 9.04444 7.79682 6.87937 2.00348 1.80281  1.6691 9.18034 8.57446 8.10375 12.8161 11.3535 10.9481  13.135 11.1971  9.8096 1.67362 1.57751 1.50564 1.80286 14.4481  12.638 2.00342 1.80274 1.66906 2.00321 11.6458 10.1392 2.25332 17.1261 14.3563 12.5604 2.25305 2.00273
1.38757 1.34573 1.31326 1.31565  1.2762  1.2457 1.33754 1.28943  1.2535 1.43615 1.38163 1.33943 1.50288 1.43107 1.37754  1.6024 1.50208 1.43071 1.67047 1.57471 1.50321 8.46379 7.35619 6.46301 2.00286 1.80242 1.66914 9.09372 7.88632 7.20157  10.256 11.4613 10.3471 10.8328 10.5518 9.19714 1.67363 1.57741 1.50547 15.5235 13.3904 9.34025 2.00298 12.0775  9.4375 13.2179 12.0683 1.71715  2.2528 2.09149   1.913 2.66963 13.3572 2.00201
Mode averaged potential and errors: 
   0.183982 0.000397364
   0.267372         nan
   0.314298  0.00371894
     0.3488  0.00658053
   0.381575  0.00212648
   0.415096    0.011633
   0.438916    0.012734
    0.48399   0.0205747
   0.538972   0.0476545
   0.570349   0.0542583
   0.578541   0.0206906
   0.599662   0.0332727
R Models:
(* Fitting with shape 1 1 1 1 1 1 1 1 0 0 0 0 *)
G[R_,xx_]:=xx[[0]] + xx[[1]]/R | xx[[2]]*R
(* Fitting with shape 1 1 1 1 1 1 1 1 1 0 0 0 *)
G[R_,xx_]:=xx[[0]] + xx[[1]]/R | xx[[2]]*R
(* Fitting with shape 1 1 1 1 1 1 1 1 1 1 0 0 *)
G[R_,xx_]:=xx[[0]] + xx[[1]]/R | xx[[2]]*R
(* Fitting with shape 1 1 1 1 1 1 1 1 1 1 1 0 *)
G[R_,xx_]:=xx[[0]] + xx[[1]]/R | xx[[2]]*R
(* Fitting with shape 1 1 1 1 1 1 1 1 1 1 1 1 *)
G[R_,xx_]:=xx[[0]] + xx[[1]]/R | xx[[2]]*R
(* Fitting with shape 0 1 1 1 1 1 1 1 0 0 0 0 *)
G[R_,xx_]:=xx[[0]] + xx[[1]]/R | xx[[2]]*R
(* Fitting with shape 0 1 1 1 1 1 1 1 1 0 0 0 *)
G[R_,xx_]:=xx[[0]] + xx[[1]]/R | xx[[2]]*R
(* Fitting with shape 0 1 1 1 1 1 1 1 1 1 0 0 *)
G[R_,xx_]:=xx[[0]] + xx[[1]]/R | xx[[2]]*R
(* Fitting with shape 0 1 1 1 1 1 1 1 1 1 1 0 *)
G[R_,xx_]:=xx[[0]] + xx[[1]]/R | xx[[2]]*R
(* Fitting with shape 0 1 1 1 1 1 1 1 1 1 1 1 *)
G[R_,xx_]:=xx[[0]] + xx[[1]]/R | xx[[2]]*R
(* Fitting with shape 0 0 1 1 1 1 1 1 0 0 0 0 *)
G[R_,xx_]:=xx[[0]] + xx[[1]]/R | xx[[2]]*R
(* Fitting with shape 0 0 1 1 1 1 1 1 1 0 0 0 *)
G[R_,xx_]:=xx[[0]] + xx[[1]]/R | xx[[2]]*R
(* Fitting with shape 0 0 1 1 1 1 1 1 1 1 0 0 *)
G[R_,xx_]:=xx[[0]] + xx[[1]]/R | xx[[2]]*R
(* Fitting with shape 0 0 1 1 1 1 1 1 1 1 1 0 *)
G[R_,xx_]:=xx[[0]] + xx[[1]]/R | xx[[2]]*R
(* Fitting with shape 0 0 1 1 1 1 1 1 1 1 1 1 *)
G[R_,xx_]:=xx[[0]] + xx[[1]]/R | xx[[2]]*R
(* Fitting with shape 0 0 0 1 1 1 1 1 0 0 0 0 *)
G[R_,xx_]:=xx[[0]] + xx[[1]]/R | xx[[2]]*R
(* Fitting with shape 0 0 0 1 1 1 1 1 1 0 0 0 *)
G[R_,xx_]:=xx[[0]] + xx[[1]]/R | xx[[2]]*R
(* Fitting with shape 0 0 0 1 1 1 1 1 1 1 0 0 *)
G[R_,xx_]:=xx[[0]] + xx[[1]]/R | xx[[2]]*R
(* Fitting with shape 0 0 0 1 1 1 1 1 1 1 1 0 *)
G[R_,xx_]:=xx[[0]] + xx[[1]]/R | xx[[2]]*R
(* Fitting with shape 0 0 0 1 1 1 1 1 1 1 1 1 *)
G[R_,xx_]:=xx[[0]] + xx[[1]]/R | xx[[2]]*R
1 1 1 
1 1 1 
1 1 1 
-2.07939 -2.07939 -2.07939 
2.71118 2.71118 2.71118 
2.56442e-316 2.56442e-316 2.56442e-316 
601969 601969 601969 
1.00416 1.00416 1.00416 
1.00137 1.00137 1.00137 
6.09183e-321 6.09183e-321 6.09183e-321 
6.93461e-310 6.93461e-310 6.93461e-310 
2.66802e-316 2.66802e-316 2.66802e-316 
2.66802e-316 2.66802e-316 2.66802e-316 
2.66802e-316 2.66802e-316 2.66802e-316 
0 0 0 
0 0 0 
0 0 0 
0 0 0 
0 0 0 
0 0 0 
0 0 0 
0 0 0 
0 0 0 
nan nan nan 
0 0 0 
0 0 0 
0 0 0 
0 0 0 
0 0 0 
0 0 0 
0 0 0 
0 0 0 
0 0 0 
0 0 0 
0 0 0 
0 0 0 
1.38305e-05 1.38305e-05 1.38305e-05 
0 0 0 
0 0 0 
0 0 0 
0 0 0 
0 0 0 
0 0 0 
0 0 0 
0 0 0 
0 0 0 
0 0 0 
0 0 0 
0 0 0 
4.33033e-05 4.33033e-05 4.33033e-05 
0 0 0 
0 0 0 
0 0 0 
0 0 0 
Probabilities: 
nan nan nan nan nan nan nan nan nan nan nan nan nan nan nan nan nan nan nan nan nan nan nan nan nan nan nan nan nan nan nan nan nan nan nan nan nan nan nan nan nan nan nan nan nan nan nan nan nan nan nan nan nan nan

String tensions: 
         1          1          1          1          1          1          1          1          1          1          1          1          1          1          1          1  -0.461959  -0.492906          1          1          1          1          1          1          1  -0.841362   -1.24163          1          1          1          1          1          1          1    1.01102     1.0126          1          1          1          1          1          1          1   0.287731 -0.0986955          1          1          1          1          1          1          1          1          1

Errors: 
     nan      nan      nan      nan      nan      nan        0  5792.62  5792.62      nan      nan      nan      nan      nan      nan        0 0.134875 0.123502      nan      nan      nan      nan      nan      nan        0  2.19092  1.65009     -nan     -nan     -nan     -nan     -nan     -nan        0        0        0     -nan     -nan     -nan     -nan     -nan     -nan        0  1.00035  1.00018     -nan     -nan     -nan     -nan     -nan     -nan      nan      nan      nan

Statuses: 
3 3 3 3 3 3 3 0 0 3 3 3 3 3 3 3 0 0 3 3 3 3 3 3 3 0 0 3 3 3 3 3 3 3 2 2 3 3 3 3 3 3 3 3 3 3 3 3 3 3 3 3 3 3
chisq per dof: 
     nan      nan      nan      nan      nan      nan  6219.77  1.64961  1.92609      nan      nan      nan      nan      nan      nan  5779.16 0.160258 0.189482      nan      nan      nan      nan      nan      nan  5551.67 0.155651 0.167755      nan      nan      nan      nan      nan      nan  7717.76  6506.92  5623.77      nan      nan      nan      nan      nan      nan  7652.09  5608.88  1899.94      nan      nan      nan      nan      nan      nan  7653.33   6561.4  5656.02
Model string tension and errors: 
sigma = nan +/- nan
