R=0parameters: 
-0.663281 -0.663281 
0.0823818 0.0823818 
1.45528e-10 1.45528e-10 
1.63042e-322 1.63042e-322 
-0.66185 -0.66185 
2.122e-314 2.122e-314 
3.26387e-316 3.26387e-316 
2.42092e-322 2.42092e-322 
7.98361e-320 7.98361e-320 
0 0 0 
3.22945e-316 3.22945e-316 3.22945e-316 
1.63042e-322 1.63042e-322 1.63042e-322 
3.21165e-316 3.21165e-316 3.21165e-316 
3.28545e-316 3.28545e-316 3.28545e-316 
1.58101e-322 1.58101e-322 1.58101e-322 
1.63042e-322 1.63042e-322 1.63042e-322 
7.90505e-323 7.90505e-323 7.90505e-323 
2.122e-314 2.122e-314 2.122e-314 
0 0 0 0 
1.63042e-322 1.63042e-322 1.63042e-322 1.63042e-322 
7.90505e-323 7.90505e-323 7.90505e-323 7.90505e-323 
2.122e-314 2.122e-314 2.122e-314 2.122e-314 
0 0 0 0 
1.1072e-320 1.1072e-320 1.1072e-320 1.1072e-320 
3.24424e-316 3.24424e-316 3.24424e-316 3.24424e-316 
1.35808e-312 1.35808e-312 1.35808e-312 1.35808e-312 
3.24339e-316 3.24339e-316 3.24339e-316 3.24339e-316 
4.94066e-324 4.94066e-324 4.94066e-324 
0 0 0 
0 0 0 
1.67432e+243 1.67432e+243 1.67432e+243 
7.14273e+247 7.14273e+247 7.14273e+247 
1.27735e-152 1.27735e-152 1.27735e-152 
1.73758e+98 1.73758e+98 1.73758e+98 
3.70639e-81 3.70639e-81 3.70639e-81 
2.18187e+243 2.18187e+243 2.18187e+243 
1.23702e-259 1.23702e-259 1.23702e-259 1.23702e-259 
1.16292e-153 1.16292e-153 1.16292e-153 1.16292e-153 
1.6804e+150 1.6804e+150 1.6804e+150 1.6804e+150 
6.03541e-154 6.03541e-154 6.03541e-154 6.03541e-154 
7.4238e-91 7.4238e-91 7.4238e-91 7.4238e-91 
4.44392e+252 4.44392e+252 4.44392e+252 4.44392e+252 
1.7286e-56 1.7286e-56 1.7286e-56 1.7286e-56 
3.99461e+252 3.99461e+252 3.99461e+252 3.99461e+252 
5.88169e+135 5.88169e+135 5.88169e+135 5.88169e+135 
-1.88452e+06 -1.88452e+06 -1.88452e+06 -1.88452e+06 -1.88452e+06 
-0.0572811 -0.0572811 -0.0572811 -0.0572811 -0.0572811 
0.12315 0.12315 0.12315 0.12315 0.12315 
4.74303e-322 4.74303e-322 4.74303e-322 4.74303e-322 4.74303e-322 
0.000145982 0.000145982 0.000145982 0.000145982 0.000145982 
6.91281e-310 6.91281e-310 6.91281e-310 6.91281e-310 6.91281e-310 
2.122e-314 2.122e-314 2.122e-314 2.122e-314 2.122e-314 
1.061e-313 1.061e-313 1.061e-313 1.061e-313 1.061e-313 
1.73192e+06 1.73192e+06 1.73192e+06 1.73192e+06 1.73192e+06 
R=1parameters: 
-0.60336 -0.60336 
0.123016 0.123016 
-7.2507e-06 -7.2507e-06 
0.0518628 0.0518628 
-0.0359094 -0.0359094 
5.03038e+175 5.03038e+175 
3.5936e+246 3.5936e+246 
2.14726e+243 2.14726e+243 
3.27029e-316 3.27029e-316 
1.665e-321 1.665e-321 1.665e-321 
6.91283e-310 6.91283e-310 6.91283e-310 
3.26322e-316 3.26322e-316 3.26322e-316 
3.39843e-316 3.39843e-316 3.39843e-316 
3.39843e-316 3.39843e-316 3.39843e-316 
-3.86746e-08 -3.86746e-08 -3.86746e-08 
1.01112e-07 1.01112e-07 1.01112e-07 
1.58113e-05 1.58113e-05 1.58113e-05 
7.08284e-07 7.08284e-07 7.08284e-07 
-1.79445e-06 -1.79445e-06 -1.79445e-06 -1.79445e-06 
3.28585e-05 3.28585e-05 3.28585e-05 3.28585e-05 
3.2701e-316 3.2701e-316 3.2701e-316 3.2701e-316 
3.22096e-316 3.22096e-316 3.22096e-316 3.22096e-316 
3.21156e-316 3.21156e-316 3.21156e-316 3.21156e-316 
2.18901e-316 2.18901e-316 2.18901e-316 2.18901e-316 
3.26498e-316 3.26498e-316 3.26498e-316 3.26498e-316 
3.28196e-316 3.28196e-316 3.28196e-316 3.28196e-316 
3.43642e-316 3.43642e-316 3.43642e-316 3.43642e-316 
3.28217e-316 3.28217e-316 3.28217e-316 
3.26322e-316 3.26322e-316 3.26322e-316 
0.701297 0.701297 0.701297 
0.435511 0.435511 0.435511 
0.567381 0.567381 0.567381 
0.509397 0.509397 0.509397 
0.467737 0.467737 0.467737 
3.57267e-05 3.57267e-05 3.57267e-05 
5.06263e-06 5.06263e-06 5.06263e-06 
2.5042e-06 2.5042e-06 2.5042e-06 2.5042e-06 
0.858775 0.858775 0.858775 0.858775 
0.995175 0.995175 0.995175 0.995175 
0.968074 0.968074 0.968074 0.968074 
0.896659 0.896659 0.896659 0.896659 
3.2709e-316 3.2709e-316 3.2709e-316 3.2709e-316 
0 0 0 0 
2.42092e-322 2.42092e-322 2.42092e-322 2.42092e-322 
0.573696 0.573696 0.573696 0.573696 
3.39968e-316 3.39968e-316 3.39968e-316 3.39968e-316 3.39968e-316 
7.19231e+06 7.19231e+06 7.19231e+06 7.19231e+06 7.19231e+06 
5.1038e-06 5.1038e-06 5.1038e-06 5.1038e-06 5.1038e-06 
2.49212e-06 2.49212e-06 2.49212e-06 2.49212e-06 2.49212e-06 
1.67432e-06 1.67432e-06 1.67432e-06 1.67432e-06 1.67432e-06 
0.954727 0.954727 0.954727 0.954727 0.954727 
-6.23067 -6.23067 -6.23067 -6.23067 -6.23067 
0 0 0 0 0 
3.2855e-316 3.2855e-316 3.2855e-316 3.2855e-316 3.2855e-316 
R=2parameters: 
-0.529838 -0.529838 
0.150209 0.150209 
-0.217251 -0.217251 
2.16514 2.16514 
-14.6472 -14.6472 
5.03038e+175 5.03038e+175 
3.5936e+246 3.5936e+246 
2.14726e+243 2.14726e+243 
3.27029e-316 3.27029e-316 
6.40803e-321 6.40803e-321 6.40803e-321 
6.91283e-310 6.91283e-310 6.91283e-310 
6.91283e-310 6.91283e-310 6.91283e-310 
3.39843e-316 3.39843e-316 3.39843e-316 
3.39843e-316 3.39843e-316 3.39843e-316 
0.490643 0.490643 0.490643 
0.414231 0.414231 0.414231 
0.233643 0.233643 0.233643 
0.365276 0.365276 0.365276 
3.26322e-316 3.26322e-316 3.26322e-316 3.26322e-316 
3.28185e-316 3.28185e-316 3.28185e-316 3.28185e-316 
3.28434e-316 3.28434e-316 3.28434e-316 3.28434e-316 
3.28508e-316 3.28508e-316 3.28508e-316 3.28508e-316 
3.22024e-316 3.22024e-316 3.22024e-316 3.22024e-316 
3.26161e-316 3.26161e-316 3.26161e-316 3.26161e-316 
3.22957e-316 3.22957e-316 3.22957e-316 3.22957e-316 
3.27084e-316 3.27084e-316 3.27084e-316 3.27084e-316 
3.28527e-316 3.28527e-316 3.28527e-316 3.28527e-316 
3.28434e-316 3.28434e-316 3.28434e-316 
3.22899e-316 3.22899e-316 3.22899e-316 
0.571322 0.571322 0.571322 
0.51713 0.51713 0.51713 
0.453299 0.453299 0.453299 
0.398821 0.398821 0.398821 
0.323452 0.323452 0.323452 
0.000115697 0.000115697 0.000115697 
1.57274e-05 1.57274e-05 1.57274e-05 
9.09464e-06 9.09464e-06 9.09464e-06 9.09464e-06 
0.911101 0.911101 0.911101 0.911101 
7.51957e-05 7.51957e-05 7.51957e-05 7.51957e-05 
6.37345e-322 6.37345e-322 6.37345e-322 6.37345e-322 
3.38117e-316 3.38117e-316 3.38117e-316 3.38117e-316 
0.000168428 0.000168428 0.000168428 0.000168428 
3.90152e-05 3.90152e-05 3.90152e-05 3.90152e-05 
3.11578e-07 3.11578e-07 3.11578e-07 3.11578e-07 
0 0 0 0 
0 0 0 0 0 
0 0 0 0 0 
0 0 0 0 0 
6.91281e-310 6.91281e-310 6.91281e-310 6.91281e-310 6.91281e-310 
3.27636e-316 3.27636e-316 3.27636e-316 3.27636e-316 3.27636e-316 
3.39843e-316 3.39843e-316 3.39843e-316 3.39843e-316 3.39843e-316 
1.63042e-322 1.63042e-322 1.63042e-322 1.63042e-322 1.63042e-322 
3.39951e-316 3.39951e-316 3.39951e-316 3.39951e-316 3.39951e-316 
3.27637e-316 3.27637e-316 3.27637e-316 3.27637e-316 3.27637e-316 
R=3parameters: 
-0.454104 -0.454104 
0.173438 0.173438 
0.70798 0.70798 
0.959865 0.959865 
-11.3256 -11.3256 
5.03038e+175 5.03038e+175 
3.5936e+246 3.5936e+246 
2.14726e+243 2.14726e+243 
3.27029e-316 3.27029e-316 
6.72423e-321 6.72423e-321 6.72423e-321 
6.91283e-310 6.91283e-310 6.91283e-310 
6.91283e-310 6.91283e-310 6.91283e-310 
3.27676e-316 3.27676e-316 3.27676e-316 
3.27676e-316 3.27676e-316 3.27676e-316 
0.439005 0.439005 0.439005 
0.358943 0.358943 0.358943 
0.30614 0.30614 0.30614 
0.267785 0.267785 0.267785 
0.229419 0.229419 0.229419 0.229419 
0.149104 0.149104 0.149104 0.149104 
6.88819e-05 6.88819e-05 6.88819e-05 6.88819e-05 
5.90123e-05 5.90123e-05 5.90123e-05 5.90123e-05 
0.000289871 0.000289871 0.000289871 0.000289871 
0.000259872 0.000259872 0.000259872 0.000259872 
0.000210736 0.000210736 0.000210736 0.000210736 
0.000179981 0.000179981 0.000179981 0.000179981 
0.000155649 0.000155649 0.000155649 0.000155649 
0.00012958 0.00012958 0.00012958 
0.00011154 0.00011154 0.00011154 
0.423926 0.423926 0.423926 
0.359741 0.359741 0.359741 
0.230137 0.230137 0.230137 
0.303431 0.303431 0.303431 
0.269999 0.269999 0.269999 
0.000242817 0.000242817 0.000242817 
3.28955e-05 3.28955e-05 3.28955e-05 
2.12357e-05 2.12357e-05 2.12357e-05 2.12357e-05 
0.841643 0.841643 0.841643 0.841643 
0.000142175 0.000142175 0.000142175 0.000142175 
0.000118489 0.000118489 0.000118489 0.000118489 
0.000102388 0.000102388 0.000102388 0.000102388 
9.04556e-05 9.04556e-05 9.04556e-05 9.04556e-05 
7.66686e-05 7.66686e-05 7.66686e-05 7.66686e-05 
6.69806e-05 6.69806e-05 6.69806e-05 6.69806e-05 
5.78036e-05 5.78036e-05 5.78036e-05 5.78036e-05 
4.96507e-05 4.96507e-05 4.96507e-05 4.96507e-05 4.96507e-05 
0.000204746 0.000204746 0.000204746 0.000204746 0.000204746 
3.00241e-05 3.00241e-05 3.00241e-05 3.00241e-05 3.00241e-05 
1.78729e-05 1.78729e-05 1.78729e-05 1.78729e-05 1.78729e-05 
1.43166e-05 1.43166e-05 1.43166e-05 1.43166e-05 1.43166e-05 
3.28547e-316 3.28547e-316 3.28547e-316 3.28547e-316 3.28547e-316 
3.28384e-316 3.28384e-316 3.28384e-316 3.28384e-316 3.28384e-316 
3.26852e-316 3.26852e-316 3.26852e-316 3.26852e-316 3.26852e-316 
-858669 -858669 -858669 -858669 -858669 
R=4parameters: 
-0.380867 -0.380867 
0.196012 0.196012 
-9.31503e-05 -9.31503e-05 
0.406695 0.406695 
-0.297607 -0.297607 
5.03038e+175 5.03038e+175 
3.5936e+246 3.5936e+246 
2.14726e+243 2.14726e+243 
3.27029e-316 3.27029e-316 
6.72423e-321 6.72423e-321 6.72423e-321 
6.91283e-310 6.91283e-310 6.91283e-310 
6.91283e-310 6.91283e-310 6.91283e-310 
3.39843e-316 3.39843e-316 3.39843e-316 
3.39843e-316 3.39843e-316 3.39843e-316 
0.399412 0.399412 0.399412 
0.316498 0.316498 0.316498 
0.26337 0.26337 0.26337 
0.224145 0.224145 0.224145 
0.188293 0.188293 0.188293 0.188293 
0.162438 0.162438 0.162438 0.162438 
0.136308 0.136308 0.136308 0.136308 
0.11405 0.11405 0.11405 0.11405 
0.000492015 0.000492015 0.000492015 0.000492015 
8.37218e-05 8.37218e-05 8.37218e-05 8.37218e-05 
0.652887 0.652887 0.652887 0.652887 
0.571224 0.571224 0.571224 0.571224 
0.527276 0.527276 0.527276 0.527276 
0.465783 0.465783 0.465783 
0.404132 0.404132 0.404132 
0.350951 0.350951 0.350951 
0.288112 0.288112 0.288112 
0.236493 0.236493 0.236493 
0.205885 0.205885 0.205885 
0.163275 0.163275 0.163275 
0.000403842 0.000403842 0.000403842 
5.46608e-05 5.46608e-05 5.46608e-05 
3.86297e-05 3.86297e-05 3.86297e-05 3.86297e-05 
0.799183 0.799183 0.799183 0.799183 
0.683978 0.683978 0.683978 0.683978 
0.575292 0.575292 0.575292 0.575292 
3.27084e-316 3.27084e-316 3.27084e-316 3.27084e-316 
3.27017e-316 3.27017e-316 3.27017e-316 3.27017e-316 
3.26387e-316 3.26387e-316 3.26387e-316 3.26387e-316 
3.27703e-316 3.27703e-316 3.27703e-316 3.27703e-316 
3.21679e-316 3.21679e-316 3.21679e-316 3.21679e-316 
3.26634e-316 3.26634e-316 3.26634e-316 3.26634e-316 3.26634e-316 
3.21675e-316 3.21675e-316 3.21675e-316 3.21675e-316 3.21675e-316 
4.78239e-05 4.78239e-05 4.78239e-05 4.78239e-05 4.78239e-05 
3.08722e-05 3.08722e-05 3.08722e-05 3.08722e-05 3.08722e-05 
2.61114e-05 2.61114e-05 2.61114e-05 2.61114e-05 2.61114e-05 
0.830321 0.830321 0.830321 0.830321 0.830321 
-2803.23 -2803.23 -2803.23 -2803.23 -2803.23 
21050.2 21050.2 21050.2 21050.2 21050.2 
-3022.04 -3022.04 -3022.04 -3022.04 -3022.04 
R=5parameters: 
-0.313804 -0.313804 
0.219707 0.219707 
0.699819 0.699819 
1.89085 1.89085 
-14.3924 -14.3924 
5.03038e+175 5.03038e+175 
3.5936e+246 3.5936e+246 
2.14726e+243 2.14726e+243 
3.27029e-316 3.27029e-316 
6.72423e-321 6.72423e-321 6.72423e-321 
6.91283e-310 6.91283e-310 6.91283e-310 
6.91283e-310 6.91283e-310 6.91283e-310 
3.39843e-316 3.39843e-316 3.39843e-316 
3.39843e-316 3.39843e-316 3.39843e-316 
0.369339 0.369339 0.369339 
0.286717 0.286717 0.286717 
0.234499 0.234499 0.234499 
0.195008 0.195008 0.195008 
0.161804 0.161804 0.161804 0.161804 
0.136916 0.136916 0.136916 0.136916 
0.112261 0.112261 0.112261 0.112261 
0.0914215 0.0914215 0.0914215 0.0914215 
0.000720713 0.000720713 0.000720713 0.000720713 
0.000126851 0.000126851 0.000126851 0.000126851 
0.627172 0.627172 0.627172 0.627172 
0.531497 0.531497 0.531497 0.531497 
0.478675 0.478675 0.478675 0.478675 
0.419455 0.419455 0.419455 
0.350251 0.350251 0.350251 
0.296221 0.296221 0.296221 
0.24172 0.24172 0.24172 
0.193638 0.193638 0.193638 
0.166097 0.166097 0.166097 
0.123068 0.123068 0.123068 
0.000581863 0.000581863 0.000581863 
7.95572e-05 7.95572e-05 7.95572e-05 
6.03523e-05 6.03523e-05 6.03523e-05 6.03523e-05 
0.764865 0.764865 0.764865 0.764865 
0.631243 0.631243 0.631243 0.631243 
0.523783 0.523783 0.523783 0.523783 
0.464899 0.464899 0.464899 0.464899 
0.419754 0.419754 0.419754 0.419754 
0 0 0 0 
2.42092e-322 2.42092e-322 2.42092e-322 2.42092e-322 
3.28221e-316 3.28221e-316 3.28221e-316 3.28221e-316 
3.40036e-316 3.40036e-316 3.40036e-316 3.40036e-316 3.40036e-316 
3.26461e-316 3.26461e-316 3.26461e-316 3.26461e-316 3.26461e-316 
6.74207e-05 6.74207e-05 6.74207e-05 6.74207e-05 6.74207e-05 
4.61614e-05 4.61614e-05 4.61614e-05 4.61614e-05 4.61614e-05 
4.06215e-05 4.06215e-05 4.06215e-05 4.06215e-05 4.06215e-05 
0.788381 0.788381 0.788381 0.788381 0.788381 
-7658.05 -7658.05 -7658.05 -7658.05 -7658.05 
1.07658e+06 1.07658e+06 1.07658e+06 1.07658e+06 1.07658e+06 
3.39843e-316 3.39843e-316 3.39843e-316 3.39843e-316 3.39843e-316 
R=6parameters: 
-0.260593 -0.260593 
0.24571 0.24571 
-0.000538228 -0.000538228 
0.520946 0.520946 
-0.297945 -0.297945 
5.03038e+175 5.03038e+175 
3.5936e+246 3.5936e+246 
2.14726e+243 2.14726e+243 
3.27029e-316 3.27029e-316 
6.72423e-321 6.72423e-321 6.72423e-321 
6.91283e-310 6.91283e-310 6.91283e-310 
6.91283e-310 6.91283e-310 6.91283e-310 
3.39843e-316 3.39843e-316 3.39843e-316 
3.39843e-316 3.39843e-316 3.39843e-316 
0.345109 0.345109 0.345109 
0.261941 0.261941 0.261941 
0.209853 0.209853 0.209853 
0.170963 0.170963 0.170963 
0.140274 0.140274 0.140274 0.140274 
0.117472 0.117472 0.117472 0.117472 
0.0945203 0.0945203 0.0945203 0.0945203 
0.0758227 0.0758227 0.0758227 0.0758227 
0.000953828 0.000953828 0.000953828 0.000953828 
0.000173152 0.000173152 0.000173152 0.000173152 
0.608841 0.608841 0.608841 0.608841 
0.504349 0.504349 0.504349 0.504349 
0.446457 0.446457 0.446457 0.446457 
0.391514 0.391514 0.391514 
0.314131 0.314131 0.314131 
0.261222 0.261222 0.261222 
0.207311 0.207311 0.207311 
0.162853 0.162853 0.162853 
0.136008 0.136008 0.136008 
0.0973591 0.0973591 0.0973591 
0.000758774 0.000758774 0.000758774 
0.000105422 0.000105422 0.000105422 
8.38382e-05 8.38382e-05 8.38382e-05 8.38382e-05 
0.742111 0.742111 0.742111 0.742111 
0.595601 0.595601 0.595601 0.595601 
0.488678 0.488678 0.488678 0.488678 
3.22328e-316 3.22328e-316 3.22328e-316 3.22328e-316 
3.19813e-316 3.19813e-316 3.19813e-316 3.19813e-316 
0 0 0 0 
3.3986e-316 3.3986e-316 3.3986e-316 3.3986e-316 
3.22286e-316 3.22286e-316 3.22286e-316 3.22286e-316 
3.27678e-316 3.27678e-316 3.27678e-316 3.27678e-316 3.27678e-316 
3.26616e-316 3.26616e-316 3.26616e-316 3.26616e-316 3.26616e-316 
8.73287e-05 8.73287e-05 8.73287e-05 8.73287e-05 8.73287e-05 
6.22172e-05 6.22172e-05 6.22172e-05 6.22172e-05 6.22172e-05 
5.66242e-05 5.66242e-05 5.66242e-05 5.66242e-05 5.66242e-05 
0.756711 0.756711 0.756711 0.756711 0.756711 
-955.093 -955.093 -955.093 -955.093 -955.093 
0.000128412 0.000128412 0.000128412 0.000128412 0.000128412 
4.01816e-08 4.01816e-08 4.01816e-08 4.01816e-08 4.01816e-08 
R=7parameters: 
-0.223147 -0.223147 
0.274014 0.274014 
-0.00104054 -0.00104054 
0.359378 0.359378 
-0.0612364 -0.0612364 
5.03038e+175 5.03038e+175 
3.5936e+246 3.5936e+246 
2.14726e+243 2.14726e+243 
3.27029e-316 3.27029e-316 
6.72423e-321 6.72423e-321 6.72423e-321 
6.91283e-310 6.91283e-310 6.91283e-310 
6.91283e-310 6.91283e-310 6.91283e-310 
3.39843e-316 3.39843e-316 3.39843e-316 
3.39843e-316 3.39843e-316 3.39843e-316 
0.327244 0.327244 0.327244 
0.24328 0.24328 0.24328 
0.191265 0.191265 0.191265 
0.152295 0.152295 0.152295 
0.122308 0.122308 0.122308 0.122308 
0.101271 0.101271 0.101271 0.101271 
0.0804281 0.0804281 0.0804281 0.0804281 
0.0636342 0.0636342 0.0636342 0.0636342 
0.00117336 0.00117336 0.00117336 0.00117336 
0.000217906 0.000217906 0.000217906 0.000217906 
0.597311 0.597311 0.597311 0.597311 
0.487467 0.487467 0.487467 0.487467 
0.427098 0.427098 0.427098 0.427098 
0.373552 0.373552 0.373552 
0.289988 0.289988 0.289988 
0.233616 0.233616 0.233616 
0.184348 0.184348 0.184348 
0.143091 0.143091 0.143091 
0.118606 0.118606 0.118606 
0.0817629 0.0817629 0.0817629 
0.000921078 0.000921078 0.000921078 
0.000130158 0.000130158 0.000130158 
0.000108133 0.000108133 0.000108133 0.000108133 
0.727992 0.727992 0.727992 0.727992 
0.573882 0.573882 0.573882 0.573882 
0.468066 0.468066 0.468066 0.468066 
0.416527 0.416527 0.416527 0.416527 
0.36905 0.36905 0.36905 0.36905 
0.263782 0.263782 0.263782 0.263782 
3.28366e-316 3.28366e-316 3.28366e-316 3.28366e-316 
3.22286e-316 3.22286e-316 3.22286e-316 3.22286e-316 
3.26899e-316 3.26899e-316 3.26899e-316 3.26899e-316 3.26899e-316 
3.26599e-316 3.26599e-316 3.26599e-316 3.26599e-316 3.26599e-316 
0.000106222 0.000106222 0.000106222 0.000106222 0.000106222 
7.87203e-05 7.87203e-05 7.87203e-05 7.87203e-05 7.87203e-05 
7.28523e-05 7.28523e-05 7.28523e-05 7.28523e-05 7.28523e-05 
3.26323e-316 3.26323e-316 3.26323e-316 3.26323e-316 3.26323e-316 
3.40094e-316 3.40094e-316 3.40094e-316 3.40094e-316 3.40094e-316 
2825.68 2825.68 2825.68 2825.68 2825.68 
4.94066e-324 4.94066e-324 4.94066e-324 4.94066e-324 4.94066e-324 
R=8parameters: 
-0.195715 -0.195715 
0.302279 0.302279 
0.148031 0.148031 
8.19301 8.19301 
-29.4329 -29.4329 
5.03038e+175 5.03038e+175 
3.5936e+246 3.5936e+246 
2.14726e+243 2.14726e+243 
3.27029e-316 3.27029e-316 
1.11165e-321 1.11165e-321 1.11165e-321 
6.91283e-310 6.91283e-310 6.91283e-310 
6.91283e-310 6.91283e-310 6.91283e-310 
1.58101e-322 1.58101e-322 1.58101e-322 
9.25361e-05 9.25361e-05 9.25361e-05 
1.02685e-05 1.02685e-05 1.02685e-05 
0.00214824 0.00214824 0.00214824 
0 0 0 
0 0 0 
0 0 0 0 
0.000974318 0.000974318 0.000974318 0.000974318 
0 0 0 0 
0 0 0 0 
0 0 0 0 
0 0 0 0 
1.67772e+07 1.67772e+07 1.67772e+07 1.67772e+07 
2.42092e-322 2.42092e-322 2.42092e-322 2.42092e-322 
1.061e-313 1.061e-313 1.061e-313 1.061e-313 
-2.10507e+46 -2.10507e+46 -2.10507e+46 
0.25 0.25 0.25 
0 0 0 
-29.4329 -29.4329 -29.4329 
5.85468e-321 5.85468e-321 5.85468e-321 
3.38195e-316 3.38195e-316 3.38195e-316 
3.39952e-316 3.39952e-316 3.39952e-316 
0 0 0 
0 0 0 
0.000641986 0.000641986 0.000641986 0.000641986 
0.000469792 0.000469792 0.000469792 0.000469792 
0.000364002 0.000364002 0.000364002 0.000364002 
0.000284571 0.000284571 0.000284571 0.000284571 
0.000225111 0.000225111 0.000225111 0.000225111 
0.000185064 0.000185064 0.000185064 0.000185064 
0.000143262 0.000143262 0.000143262 0.000143262 
0.00011079 0.00011079 0.00011079 0.00011079 
0.00136127 0.00136127 0.00136127 0.00136127 
0.0011668 0.0011668 0.0011668 0.0011668 0.0011668 
0.000858142 0.000858142 0.000858142 0.000858142 0.000858142 
0.00012284 0.00012284 0.00012284 0.00012284 0.00012284 
9.38508e-05 9.38508e-05 9.38508e-05 9.38508e-05 9.38508e-05 
8.69673e-05 8.69673e-05 8.69673e-05 8.69673e-05 8.69673e-05 
0.716255 0.716255 0.716255 0.716255 0.716255 
3.22001e-316 3.22001e-316 3.22001e-316 3.22001e-316 3.22001e-316 
30596.6 30596.6 30596.6 30596.6 30596.6 
3.39963e-316 3.39963e-316 3.39963e-316 3.39963e-316 3.39963e-316 
R=9parameters: 
-0.181836 -0.181836 
0.327005 0.327005 
-0.00234993 -0.00234993 
-0.344906 -0.344906 
0.796353 0.796353 
5.03038e+175 5.03038e+175 
3.5936e+246 3.5936e+246 
2.14726e+243 2.14726e+243 
3.27029e-316 3.27029e-316 
6.72423e-321 6.72423e-321 6.72423e-321 
6.91283e-310 6.91283e-310 6.91283e-310 
6.91283e-310 6.91283e-310 6.91283e-310 
3.39843e-316 3.39843e-316 3.39843e-316 
3.39843e-316 3.39843e-316 3.39843e-316 
0.306312 0.306312 0.306312 
0.221593 0.221593 0.221593 
0.169844 0.169844 0.169844 
0.130528 0.130528 0.130528 
0.101479 0.101479 0.101479 0.101479 
0.0821612 0.0821612 0.0821612 0.0821612 
0.0622944 0.0622944 0.0622944 0.0622944 
0.0484955 0.0484955 0.0484955 0.0484955 
0.0015055 0.0015055 0.0015055 0.0015055 
0.000289894 0.000289894 0.000289894 0.000289894 
0.58496 0.58496 0.58496 0.58496 
0.466936 0.466936 0.466936 0.466936 
0.40347 0.40347 0.40347 0.40347 
0.354033 0.354033 0.354033 
0.259959 0.259959 0.259959 
0.205274 0.205274 0.205274 
0.161166 0.161166 0.161166 
0.124094 0.124094 0.124094 
0.0939855 0.0939855 0.0939855 
0.0600756 0.0600756 0.0600756 
0.00115904 0.00115904 0.00115904 
0.000169576 0.000169576 0.000169576 
0.000149246 0.000149246 0.000149246 0.000149246 
0.71015 0.71015 0.71015 0.71015 
0.552769 0.552769 0.552769 0.552769 
0.44418 0.44418 0.44418 0.44418 
0.38708 0.38708 0.38708 0.38708 
3.28434e-316 3.28434e-316 3.28434e-316 3.28434e-316 
0 0 0 0 
2.42092e-322 2.42092e-322 2.42092e-322 2.42092e-322 
-0.00174834 -0.00174834 -0.00174834 -0.00174834 
0.275501 0.275501 0.275501 0.275501 0.275501 
-967.248 -967.248 -967.248 -967.248 -967.248 
2.42092e-322 2.42092e-322 2.42092e-322 2.42092e-322 2.42092e-322 
-3.48935 -3.48935 -3.48935 -3.48935 -3.48935 
3.28548e-316 3.28548e-316 3.28548e-316 3.28548e-316 3.28548e-316 
7932.88 7932.88 7932.88 7932.88 7932.88 
4.94066e-324 4.94066e-324 4.94066e-324 4.94066e-324 4.94066e-324 
2.52772e-05 2.52772e-05 2.52772e-05 2.52772e-05 2.52772e-05 
3.39845e-316 3.39845e-316 3.39845e-316 3.39845e-316 3.39845e-316 
R=10parameters: 
-0.172902 -0.172902 
0.344375 0.344375 
-0.00296841 -0.00296841 
-0.762578 -0.762578 
1.29095 1.29095 
5.03038e+175 5.03038e+175 
3.5936e+246 3.5936e+246 
2.14726e+243 2.14726e+243 
3.27029e-316 3.27029e-316 
6.72423e-321 6.72423e-321 6.72423e-321 
6.91283e-310 6.91283e-310 6.91283e-310 
6.91283e-310 6.91283e-310 6.91283e-310 
3.39843e-316 3.39843e-316 3.39843e-316 
3.39843e-316 3.39843e-316 3.39843e-316 
0.301673 0.301673 0.301673 
0.216471 0.216471 0.216471 
0.165746 0.165746 0.165746 
0.126323 0.126323 0.126323 
0.0979596 0.0979596 0.0979596 0.0979596 
0.0780487 0.0780487 0.0780487 0.0780487 
0.058231 0.058231 0.058231 0.058231 
0.0435873 0.0435873 0.0435873 0.0435873 
0.00159522 0.00159522 0.00159522 0.00159522 
0.000310544 0.000310544 0.000310544 0.000310544 
0.581981 0.581981 0.581981 0.581981 
0.461206 0.461206 0.461206 0.461206 
0.395419 0.395419 0.395419 0.395419 
0.34737 0.34737 0.34737 
0.248747 0.248747 0.248747 
0.198378 0.198378 0.198378 
0.154838 0.154838 0.154838 
0.119039 0.119039 0.119039 
0.0902754 0.0902754 0.0902754 
0.0584664 0.0584664 0.0584664 
0.00122164 0.00122164 0.00122164 
0.00018073 0.00018073 0.00018073 
0.00016128 0.00016128 0.00016128 0.00016128 
0.706216 0.706216 0.706216 0.706216 
0.546102 0.546102 0.546102 0.546102 
3.22611e-316 3.22611e-316 3.22611e-316 3.22611e-316 
3.28435e-316 3.28435e-316 3.28435e-316 3.28435e-316 
3.24423e-316 3.24423e-316 3.24423e-316 3.24423e-316 
3.28055e-316 3.28055e-316 3.28055e-316 3.28055e-316 
3.27084e-316 3.27084e-316 3.27084e-316 3.27084e-316 
3.22024e-316 3.22024e-316 3.22024e-316 3.22024e-316 
3.28548e-316 3.28548e-316 3.28548e-316 3.28548e-316 3.28548e-316 
3.26323e-316 3.26323e-316 3.26323e-316 3.26323e-316 3.26323e-316 
0.000143224 0.000143224 0.000143224 0.000143224 0.000143224 
0.000113898 0.000113898 0.000113898 0.000113898 0.000113898 
0.000106507 0.000106507 0.000106507 0.000106507 0.000106507 
0.705589 0.705589 0.705589 0.705589 0.705589 
-142.46 -142.46 -142.46 -142.46 -142.46 
0.386752 0.386752 0.386752 0.386752 0.386752 
3.382e-316 3.382e-316 3.382e-316 3.382e-316 3.382e-316 
R=11parameters: 
-0.169867 -0.169867 
0.350469 0.350469 
-0.0876234 -0.0876234 
-5.52981 -5.52981 
8.01973 8.01973 
5.03038e+175 5.03038e+175 
3.5936e+246 3.5936e+246 
2.14726e+243 2.14726e+243 
3.27029e-316 3.27029e-316 
6.72423e-321 6.72423e-321 6.72423e-321 
6.91283e-310 6.91283e-310 6.91283e-310 
6.91283e-310 6.91283e-310 6.91283e-310 
3.39843e-316 3.39843e-316 3.39843e-316 
3.39843e-316 3.39843e-316 3.39843e-316 
0.000742782 0.000742782 0.000742782 
0.000532631 0.000532631 0.000532631 
0.000407499 0.000407499 0.000407499 
0.000312601 0.000312601 0.000312601 
0.000242471 0.000242471 0.000242471 0.000242471 
0.000190735 0.000190735 0.000190735 0.000190735 
0.058546 0.058546 0.058546 0.058546 
0.0442326 0.0442326 0.0442326 0.0442326 
0.00162576 0.00162576 0.00162576 0.00162576 
0.00031815 0.00031815 0.00031815 0.00031815 
0.580259 0.580259 0.580259 0.580259 
0.460257 0.460257 0.460257 0.460257 
0.394125 0.394125 0.394125 0.394125 
0.346812 0.346812 0.346812 
0.248999 0.248999 0.248999 
0.200742 0.200742 0.200742 
0.15481 0.15481 0.15481 
0.116789 0.116789 0.116789 
0.088444 0.088444 0.088444 
0.0548901 0.0548901 0.0548901 
0.00124436 0.00124436 0.00124436 
0.000184609 0.000184609 0.000184609 
0.000165043 0.000165043 0.000165043 0.000165043 
0.703965 0.703965 0.703965 0.703965 
0.543191 0.543191 0.543191 0.543191 
3.24422e-316 3.24422e-316 3.24422e-316 3.24422e-316 
3.26162e-316 3.26162e-316 3.26162e-316 3.26162e-316 
3.22732e-316 3.22732e-316 3.22732e-316 3.22732e-316 
0 0 0 0 
2.42092e-322 2.42092e-322 2.42092e-322 2.42092e-322 
1.061e-313 1.061e-313 1.061e-313 1.061e-313 
3.3991e-316 3.3991e-316 3.3991e-316 3.3991e-316 3.3991e-316 
1.50289e-08 1.50289e-08 1.50289e-08 1.50289e-08 1.50289e-08 
-8.34665e-05 -8.34665e-05 -8.34665e-05 -8.34665e-05 -8.34665e-05 
3.26618e-316 3.26618e-316 3.26618e-316 3.26618e-316 3.26618e-316 
2.42092e-322 2.42092e-322 2.42092e-322 2.42092e-322 2.42092e-322 
3.22163e-316 3.22163e-316 3.22163e-316 3.22163e-316 3.22163e-316 
2.42092e-322 2.42092e-322 2.42092e-322 2.42092e-322 2.42092e-322 
0 0 0 0 0 
0 0 0 0 0 
T Models:
(* Fitting with shape 1 1 1 1 1 1 1 1 1 1 0 0 *)
G[T_,xx_]:=Exp[0+xx[[1]]*T^1+xx[[2]]*T^2]*(1)
(* Fitting with shape 1 1 1 1 1 1 1 1 1 1 1 0 *)
G[T_,xx_]:=Exp[0+xx[[1]]*T^1+xx[[2]]*T^2]*(1)
(* Fitting with shape 1 1 1 1 1 1 1 1 1 1 1 1 *)
G[T_,xx_]:=Exp[0+xx[[1]]*T^1+xx[[2]]*T^2]*(1)
(* Fitting with shape 0 1 1 1 1 1 1 1 1 1 0 0 *)
G[T_,xx_]:=Exp[0+xx[[1]]*T^1+xx[[2]]*T^2]*(1)
(* Fitting with shape 0 1 1 1 1 1 1 1 1 1 1 0 *)
G[T_,xx_]:=Exp[0+xx[[1]]*T^1+xx[[2]]*T^2]*(1)
(* Fitting with shape 0 1 1 1 1 1 1 1 1 1 1 1 *)
G[T_,xx_]:=Exp[0+xx[[1]]*T^1+xx[[2]]*T^2]*(1)
(* Fitting with shape 0 0 1 1 1 1 1 1 1 1 0 0 *)
G[T_,xx_]:=Exp[0+xx[[1]]*T^1+xx[[2]]*T^2]*(1)
(* Fitting with shape 0 0 1 1 1 1 1 1 1 1 1 0 *)
G[T_,xx_]:=Exp[0+xx[[1]]*T^1+xx[[2]]*T^2]*(1)
(* Fitting with shape 0 0 1 1 1 1 1 1 1 1 1 1 *)
G[T_,xx_]:=Exp[0+xx[[1]]*T^1+xx[[2]]*T^2]*(1)
(* Fitting with shape 1 1 1 1 1 1 1 1 1 1 0 0 *)
G[T_,xx_]:=Exp[0+xx[[1]]*T^1+xx[[2]]*T^2]*(1+xx[[3]]/(T^1))
(* Fitting with shape 1 1 1 1 1 1 1 1 1 1 1 0 *)
G[T_,xx_]:=Exp[0+xx[[1]]*T^1+xx[[2]]*T^2]*(1+xx[[3]]/(T^1))
(* Fitting with shape 1 1 1 1 1 1 1 1 1 1 1 1 *)
G[T_,xx_]:=Exp[0+xx[[1]]*T^1+xx[[2]]*T^2]*(1+xx[[3]]/(T^1))
(* Fitting with shape 0 1 1 1 1 1 1 1 1 1 0 0 *)
G[T_,xx_]:=Exp[0+xx[[1]]*T^1+xx[[2]]*T^2]*(1+xx[[3]]/(T^1))
(* Fitting with shape 0 1 1 1 1 1 1 1 1 1 1 0 *)
G[T_,xx_]:=Exp[0+xx[[1]]*T^1+xx[[2]]*T^2]*(1+xx[[3]]/(T^1))
(* Fitting with shape 0 1 1 1 1 1 1 1 1 1 1 1 *)
G[T_,xx_]:=Exp[0+xx[[1]]*T^1+xx[[2]]*T^2]*(1+xx[[3]]/(T^1))
(* Fitting with shape 0 0 1 1 1 1 1 1 1 1 0 0 *)
G[T_,xx_]:=Exp[0+xx[[1]]*T^1+xx[[2]]*T^2]*(1+xx[[3]]/(T^1))
(* Fitting with shape 0 0 1 1 1 1 1 1 1 1 1 0 *)
G[T_,xx_]:=Exp[0+xx[[1]]*T^1+xx[[2]]*T^2]*(1+xx[[3]]/(T^1))
(* Fitting with shape 0 0 1 1 1 1 1 1 1 1 1 1 *)
G[T_,xx_]:=Exp[0+xx[[1]]*T^1+xx[[2]]*T^2]*(1+xx[[3]]/(T^1))
(* Fitting with shape 1 1 1 1 1 1 1 1 1 1 0 0 *)
G[T_,xx_]:=Exp[0+xx[[1]]*T^1+xx[[2]]*T^2]*(1+xx[[3]]/(T^1)+xx[[4]]/(T^2))
(* Fitting with shape 1 1 1 1 1 1 1 1 1 1 1 0 *)
G[T_,xx_]:=Exp[0+xx[[1]]*T^1+xx[[2]]*T^2]*(1+xx[[3]]/(T^1)+xx[[4]]/(T^2))
(* Fitting with shape 1 1 1 1 1 1 1 1 1 1 1 1 *)
G[T_,xx_]:=Exp[0+xx[[1]]*T^1+xx[[2]]*T^2]*(1+xx[[3]]/(T^1)+xx[[4]]/(T^2))
(* Fitting with shape 0 1 1 1 1 1 1 1 1 1 0 0 *)
G[T_,xx_]:=Exp[0+xx[[1]]*T^1+xx[[2]]*T^2]*(1+xx[[3]]/(T^1)+xx[[4]]/(T^2))
(* Fitting with shape 0 1 1 1 1 1 1 1 1 1 1 0 *)
G[T_,xx_]:=Exp[0+xx[[1]]*T^1+xx[[2]]*T^2]*(1+xx[[3]]/(T^1)+xx[[4]]/(T^2))
(* Fitting with shape 0 1 1 1 1 1 1 1 1 1 1 1 *)
G[T_,xx_]:=Exp[0+xx[[1]]*T^1+xx[[2]]*T^2]*(1+xx[[3]]/(T^1)+xx[[4]]/(T^2))
(* Fitting with shape 0 0 1 1 1 1 1 1 1 1 0 0 *)
G[T_,xx_]:=Exp[0+xx[[1]]*T^1+xx[[2]]*T^2]*(1+xx[[3]]/(T^1)+xx[[4]]/(T^2))
(* Fitting with shape 0 0 1 1 1 1 1 1 1 1 1 0 *)
G[T_,xx_]:=Exp[0+xx[[1]]*T^1+xx[[2]]*T^2]*(1+xx[[3]]/(T^1)+xx[[4]]/(T^2))
(* Fitting with shape 0 0 1 1 1 1 1 1 1 1 1 1 *)
G[T_,xx_]:=Exp[0+xx[[1]]*T^1+xx[[2]]*T^2]*(1+xx[[3]]/(T^1)+xx[[4]]/(T^2))
(* Fitting with shape 1 1 1 1 1 1 1 1 1 1 0 0 *)
G[T_,xx_]:=Exp[0+xx[[1]]*T^1+xx[[2]]*T^2+xx[[3]]*T^3]*(1)
(* Fitting with shape 1 1 1 1 1 1 1 1 1 1 1 0 *)
G[T_,xx_]:=Exp[0+xx[[1]]*T^1+xx[[2]]*T^2+xx[[3]]*T^3]*(1)
(* Fitting with shape 1 1 1 1 1 1 1 1 1 1 1 1 *)
G[T_,xx_]:=Exp[0+xx[[1]]*T^1+xx[[2]]*T^2+xx[[3]]*T^3]*(1)
(* Fitting with shape 0 1 1 1 1 1 1 1 1 1 0 0 *)
G[T_,xx_]:=Exp[0+xx[[1]]*T^1+xx[[2]]*T^2+xx[[3]]*T^3]*(1)
(* Fitting with shape 0 1 1 1 1 1 1 1 1 1 1 0 *)
G[T_,xx_]:=Exp[0+xx[[1]]*T^1+xx[[2]]*T^2+xx[[3]]*T^3]*(1)
(* Fitting with shape 0 1 1 1 1 1 1 1 1 1 1 1 *)
G[T_,xx_]:=Exp[0+xx[[1]]*T^1+xx[[2]]*T^2+xx[[3]]*T^3]*(1)
(* Fitting with shape 0 0 1 1 1 1 1 1 1 1 0 0 *)
G[T_,xx_]:=Exp[0+xx[[1]]*T^1+xx[[2]]*T^2+xx[[3]]*T^3]*(1)
(* Fitting with shape 0 0 1 1 1 1 1 1 1 1 1 0 *)
G[T_,xx_]:=Exp[0+xx[[1]]*T^1+xx[[2]]*T^2+xx[[3]]*T^3]*(1)
(* Fitting with shape 0 0 1 1 1 1 1 1 1 1 1 1 *)
G[T_,xx_]:=Exp[0+xx[[1]]*T^1+xx[[2]]*T^2+xx[[3]]*T^3]*(1)
(* Fitting with shape 1 1 1 1 1 1 1 1 1 1 0 0 *)
G[T_,xx_]:=Exp[0+xx[[1]]*T^1+xx[[2]]*T^2+xx[[3]]*T^3]*(1+xx[[4]]/(T^1))
(* Fitting with shape 1 1 1 1 1 1 1 1 1 1 1 0 *)
G[T_,xx_]:=Exp[0+xx[[1]]*T^1+xx[[2]]*T^2+xx[[3]]*T^3]*(1+xx[[4]]/(T^1))
(* Fitting with shape 1 1 1 1 1 1 1 1 1 1 1 1 *)
G[T_,xx_]:=Exp[0+xx[[1]]*T^1+xx[[2]]*T^2+xx[[3]]*T^3]*(1+xx[[4]]/(T^1))
(* Fitting with shape 0 1 1 1 1 1 1 1 1 1 0 0 *)
G[T_,xx_]:=Exp[0+xx[[1]]*T^1+xx[[2]]*T^2+xx[[3]]*T^3]*(1+xx[[4]]/(T^1))
(* Fitting with shape 0 1 1 1 1 1 1 1 1 1 1 0 *)
G[T_,xx_]:=Exp[0+xx[[1]]*T^1+xx[[2]]*T^2+xx[[3]]*T^3]*(1+xx[[4]]/(T^1))
(* Fitting with shape 0 1 1 1 1 1 1 1 1 1 1 1 *)
G[T_,xx_]:=Exp[0+xx[[1]]*T^1+xx[[2]]*T^2+xx[[3]]*T^3]*(1+xx[[4]]/(T^1))
(* Fitting with shape 0 0 1 1 1 1 1 1 1 1 0 0 *)
G[T_,xx_]:=Exp[0+xx[[1]]*T^1+xx[[2]]*T^2+xx[[3]]*T^3]*(1+xx[[4]]/(T^1))
(* Fitting with shape 0 0 1 1 1 1 1 1 1 1 1 0 *)
G[T_,xx_]:=Exp[0+xx[[1]]*T^1+xx[[2]]*T^2+xx[[3]]*T^3]*(1+xx[[4]]/(T^1))
(* Fitting with shape 0 0 1 1 1 1 1 1 1 1 1 1 *)
G[T_,xx_]:=Exp[0+xx[[1]]*T^1+xx[[2]]*T^2+xx[[3]]*T^3]*(1+xx[[4]]/(T^1))
(* Fitting with shape 1 1 1 1 1 1 1 1 1 1 0 0 *)
G[T_,xx_]:=Exp[0+xx[[1]]*T^1+xx[[2]]*T^2+xx[[3]]*T^3]*(1+xx[[4]]/(T^1)+xx[[5]]/(T^2))
(* Fitting with shape 1 1 1 1 1 1 1 1 1 1 1 0 *)
G[T_,xx_]:=Exp[0+xx[[1]]*T^1+xx[[2]]*T^2+xx[[3]]*T^3]*(1+xx[[4]]/(T^1)+xx[[5]]/(T^2))
(* Fitting with shape 1 1 1 1 1 1 1 1 1 1 1 1 *)
G[T_,xx_]:=Exp[0+xx[[1]]*T^1+xx[[2]]*T^2+xx[[3]]*T^3]*(1+xx[[4]]/(T^1)+xx[[5]]/(T^2))
(* Fitting with shape 0 1 1 1 1 1 1 1 1 1 0 0 *)
G[T_,xx_]:=Exp[0+xx[[1]]*T^1+xx[[2]]*T^2+xx[[3]]*T^3]*(1+xx[[4]]/(T^1)+xx[[5]]/(T^2))
(* Fitting with shape 0 1 1 1 1 1 1 1 1 1 1 0 *)
G[T_,xx_]:=Exp[0+xx[[1]]*T^1+xx[[2]]*T^2+xx[[3]]*T^3]*(1+xx[[4]]/(T^1)+xx[[5]]/(T^2))
(* Fitting with shape 0 1 1 1 1 1 1 1 1 1 1 1 *)
G[T_,xx_]:=Exp[0+xx[[1]]*T^1+xx[[2]]*T^2+xx[[3]]*T^3]*(1+xx[[4]]/(T^1)+xx[[5]]/(T^2))
(* Fitting with shape 0 0 1 1 1 1 1 1 1 1 0 0 *)
G[T_,xx_]:=Exp[0+xx[[1]]*T^1+xx[[2]]*T^2+xx[[3]]*T^3]*(1+xx[[4]]/(T^1)+xx[[5]]/(T^2))
(* Fitting with shape 0 0 1 1 1 1 1 1 1 1 1 0 *)
G[T_,xx_]:=Exp[0+xx[[1]]*T^1+xx[[2]]*T^2+xx[[3]]*T^3]*(1+xx[[4]]/(T^1)+xx[[5]]/(T^2))
(* Fitting with shape 0 0 1 1 1 1 1 1 1 1 1 1 *)
G[T_,xx_]:=Exp[0+xx[[1]]*T^1+xx[[2]]*T^2+xx[[3]]*T^3]*(1+xx[[4]]/(T^1)+xx[[5]]/(T^2))
Probabilities: 
        0         0         0         0         0         0         0         0         0         0         0         0         0         0         0         0         0         0         0         0         0         0         0         0         0         0         0         0         0         0         0         0         0         0         0         0         0         0         0         0         0         0         0         0         0         0         0         0         0         0         0         1         0         0
        0         0         0         0         0         0         0         0         0         0         0         0         0         0         0         0         0         0         0         0         0         0         0         0  0.533017         0         0         0         0         0         0         0         0         0         0         0         0         0         0         0         0         0 0.0862531         0         0         0         0         0         0         0         0   0.38073         0         0
        0         0         0         0         0         0         0         0         0         0         0         0         0         0         0         1         0         0         0         0         0         0         0         0         0         0         0         0         0         0         0         0         0         0         0         0         0         0         0         0         0         0         0         0         0         0         0         0         0         0         0         0         0         0
        0         0         0         0         0         0         0         0         0         0         0         0         0         0         0         1         0         0         0         0         0         0         0         0         0         0         0         0         0         0         0         0         0         0         0         0         0         0         0         0         0         0         0         0         0         0         0         0         0         0         0         0         0         0
        0         0         0         0         0         0         0         0         0         0         0         0         0         0         0         0         0         0         0         0         0         0         0         0         0         0         0         0         0         0         0         0         0         0         0         0         0         0         0         0         0         0  0.726612         0         0         0         0         0         0         0         0  0.273388         0         0
        0         0         0         0         0         0         0         0         0         0         0         0         0         0         0         0         0         0         0         0         0         0         0         0  0.126858         0         0         0         0         0         0         0         0         0         0         0         0         0         0         0         0         0  0.636997         0         0         0         0         0         0         0         0  0.236145         0         0
        0         0         0         0         0         0         0         0         0         0         0         0         0         0         0         0         0         0         0         0         0         0         0         0  0.117903         0         0         0         0         0         0         0         0         0         0         0         0         0         0         0         0         0  0.625645         0         0         0         0         0         0         0         0  0.256452         0         0
        0         0         0         0         0         0         0         0         0         0         0         0         0         0         0         0         0         0         0         0         0         0         0         0         0         0         0         0         0         0         0         0         0         0         0         0         0         0         0         0         0         0         0         0         0         0         0         0         0         0         0         1         0         0
        0         0         0         0         0         0         0         0         0         0         0         0         0         0         0  0.017757         0         0         0         0         0         0         0         0  0.259594         0         0         0         0         0         0         0         0         0         0         0         0         0         0         0         0         0         0         0         0         0         0         0         0         0         0  0.722649         0         0
        0         0         0         0         0         0         0         0         0         0         0         0         0         0         0  0.108044         0         0         0         0         0         0         0         0   0.23021         0         0         0         0         0         0         0         0         0         0         0         0         0         0         0         0         0  0.661746         0         0         0         0         0         0         0         0         0         0         0
        0         0         0         0         0         0         0         0         0         0         0         0         0         0         0         0         0         0         0         0         0         0         0         0  0.257189         0         0         0         0         0         0         0         0         0         0         0         0         0         0         0         0         0         0         0         0         0         0         0         0         0         0  0.742811         0         0
        0         0         0         0         0         0         0         0         0         0         0         0         0         0         0   0.24354         0         0         0         0         0         0         0         0  0.142623         0         0         0         0         0         0         0         0         0         0         0         0         0         0         0         0         0  0.267947         0         0         0         0         0         0         0         0  0.345891         0         0

Values: 
 0.0824125  0.0823818  0.0824304  0.0820606  0.0820364  0.0820511  0.0815202  0.0814956  0.0815146  0.0810447  0.0810262  0.0810295  0.0803926  0.0803747   0.080382  0.0801282  0.0801129  0.0801146   0.162123  0.0800612   0.080065  0.0798217  0.0798177  0.0798154   0.484466   0.485195   0.482488  0.0840289   0.083878  0.0837603    1.27085    1.27645    1.25943    1.34404    1.05243   0.995298    1.02926   -0.14349   0.977995  0.0812662   0.607111  0.0810686   0.813495  0.0806959  0.0806516    1.28054  -0.203352   0.971461   0.893237  0.0800832  0.0800785  0.0801048   0.713102  0.0799372
  0.123162   0.123016    0.12317   0.122305   0.122183   0.122265   0.127304   0.157137   0.147963   0.120516   0.120428  0.0788788   0.119404   0.119338   0.119324   0.288872   0.472635   0.118862  0.0986438   0.188565   0.118713    0.11827   0.118271   0.118251   0.118077   0.263342   0.146811   0.128979    0.12853     1.0751    1.19088    1.26341    1.14323    1.26283    1.32829    1.33636   0.814974   0.611427   0.591669   0.973102   0.999135   0.121537   0.121024   0.120646    1.44581   0.837872   0.841315   0.873436    1.12725   0.911639    3.91897   0.119105   0.118304     4.2547
  0.150623   0.150209   0.150313   0.149057   0.148813   0.148879   0.147469   0.147242   0.211602   0.146107   0.145962   0.145924   0.144156    0.14403    0.14393   0.143408   0.143316    0.14322   0.143091   0.143016   0.142922   0.142228   0.142215   0.379082   0.311652   0.328403   0.317204   0.162822    0.34248    1.07384    1.16172    1.16079    1.16017    1.28024     1.2753    1.27503   0.845589   0.153241   0.269316    3.19532   0.455383   0.572956   0.660371    1.88138   0.703142   0.872305   0.146634   0.859371 -0.0815034    1.16079   0.766246   0.658242   0.754154   0.714834
  0.174109   0.173438   0.173516   0.171811    0.17139    0.22953    0.24401   0.205225   0.169126   0.167544   0.167283   0.167217    0.16447   0.164271   0.164049   0.163197   0.163044    0.16284   0.162784   0.162665   0.162457   0.935433    0.93724   0.161159   0.386805   0.411213   0.394782   0.194099    1.08476    1.07739    1.19411    1.13256    1.13521   0.999913   0.183181   0.994306   0.180462   0.179327   0.639266    1.23669    0.98336   0.857768    1.12581   0.169115   0.870161   0.866311   0.866308   0.873959   0.865081   0.956913    1.16481    1.20006   0.759036   0.163197
  0.197538   0.196012   0.196051   0.194074   0.192967   0.211648   0.214482   0.269589   0.211506   0.188227   0.187476   0.187464   0.749345   0.749923   0.778147   0.181732   0.181359   0.305435   0.181273   0.645611   0.210126   0.702102    0.70322   0.766092   0.422718   0.427317   0.177501     1.0452    1.05275    1.04142     1.1887     1.3597    1.15195    1.05547    1.30358    1.05634   0.942674   0.940508   0.942992   0.829491  -0.615012    1.12009   0.193935   0.191883   0.190968   0.864746   0.875084   0.150267    1.33135    1.31486   0.185347   0.192328   0.185223   0.670077
  0.222035   0.219707   0.219682   0.264653   0.215148   0.215252   0.212994   0.211597   0.211489   0.209157   0.207933   0.207897   0.848849   0.842956   0.202031   0.200248   0.199673   0.199173   0.199772   0.199228   0.198742   0.763241   0.744367   0.814699   0.194659   0.194551   0.193787   0.428972   0.541299   0.308543    1.16104    1.15416    1.20187    1.20967     1.0433     1.0472          1          1    0.96965   0.223564   0.934025    0.92557   0.217683   0.986929   0.214387   0.907015   0.214861   0.806441   0.704562   0.889835   0.895432   0.219243   0.208624   0.208754
   0.24864    0.24571   0.245888   0.241008   0.238615   0.239193   0.235853   0.255541   0.258576   0.231128   0.229296   0.229546          1          1   0.297904   0.219258   0.411492   0.522225   0.218845   0.570373   0.217132   0.214273   0.213782   0.342593   0.211777   0.211562   0.209824    1.11173    1.10233    1.09841    1.14486    1.13071    1.13143    1.15368    1.08237    1.04308   0.413956   0.259827          1    1.14491   0.247005   0.907265    0.24276   0.239358   0.696097   0.896507   0.238945   0.951211   0.662784    1.09336   0.889531   0.251501   0.235074   0.238771
  0.276664   0.274014   0.274277    0.26605   0.304745   0.578712   0.259559   0.257185    0.33625   0.254174   0.251938   0.252439   0.244769   0.243044   0.242527   0.239588   0.513428    0.23743    0.23934   0.501177   0.237123   0.233639    0.23269   0.231334    0.39823   0.229768   0.227192    1.09078    1.08023    1.09399    1.23727    1.30802    1.17305    1.20712    1.11489    1.19467    0.28928   0.286793   0.285187    1.14795     1.2083    0.27216   0.655393   0.264909    1.65401   0.265901    0.85761   0.896379     1.0225    1.23031   0.262694   0.292031  -0.363559    1.12482
   0.30405   0.302279   0.302356   0.290412   0.288228    0.28892    0.28267     0.2805   0.409945   0.277026   0.274808   0.275283   0.266356    0.26449    0.26404   0.260515   0.258872   0.258081   0.260395   0.258766   0.257993   0.254173   0.252715   0.251319   0.251112   0.249334    0.24651    1.11665    1.11649    1.10565    1.10317    1.10384    1.10128   0.986093   0.987648    1.38737   0.313641   0.311315   0.310272    1.01494   0.770361   0.296046    1.55029   0.953431   0.291448   0.822476    0.80786   0.861103   0.953919   0.939794   0.874167   0.330679    0.30807   0.309838
  0.328073   0.327005   0.327013   0.370866   0.342511   0.310546   0.341388   0.301121   0.341853   0.297354   0.295451    0.29596   0.286303   0.284491   0.284208   0.280382   0.278565   0.382147   0.280316   0.278612   0.277981   0.274312   0.272443   0.471954   0.271979    0.59048   0.266053    1.11959    1.11988    1.11594    1.34272    1.34256    1.35562    1.33172    1.34748    1.34068   0.332856   0.330651   0.330059   0.921013   0.314275   0.315254   0.308488   0.308325   0.312003   0.837721   0.838036    0.45791   0.935351   0.306418  0.0908904  -0.200666     0.3441   0.344298
  0.344468   0.344375   0.344369   0.326117   0.325123    0.32549   0.316754   0.315427   0.460346   0.311355   0.309893   0.310232   0.300495   0.298921   0.323539   0.417159   0.293413   0.293175   0.294886   0.293303   0.292978   0.289934   0.287849   0.287097   0.288497   0.284888    0.28264    1.11742    1.11776    1.11543     1.3021    1.25229    1.13037    1.01171    1.01308    1.01963   0.344551   0.342792   0.342432   0.326087    0.95625   0.810129   0.974854   0.819237   0.324547   0.859541   0.859955   0.745523   0.783744   0.849947   0.910941   0.396293   0.374484    2.11806
  0.350017   0.350469   0.350468   0.331308   0.410511   0.331294   0.339316   0.358813   0.321204   0.316557   0.315601   0.315975   0.499483   0.567858   0.334078    0.30075   0.299246   0.537099   0.300314   0.299013   0.298731   0.296078     0.2942   0.364114   0.295566   0.291976   0.526501   0.386383    1.11634   0.382934    1.13304    1.10775    1.13523   0.998556    1.07988    1.04154    0.34801   0.346162   0.346185   0.328677   0.328779   0.330159   0.321727   0.827073    2.41978   0.867982   0.865093    0.84655    1.04307   0.325503   0.944546   0.402378   0.380586    2.50263

Errors: 
1.70604e-05  1.7045e-05 1.69038e-05 1.73744e-05  1.7317e-05 1.72232e-05 1.82643e-05 1.81859e-05 1.81483e-05 1.93789e-05 1.92187e-05 1.91919e-05 2.20447e-05 2.18779e-05 2.18661e-05 2.48357e-05 2.45091e-05 2.44971e-05 0.000297122 2.41826e-05 2.40619e-05 3.08569e-05 2.98726e-05 2.98928e-05    0.613812    0.591135    0.568557 2.17281e-05 2.12007e-05 2.01803e-05           0           0           0     1.00006     1.00134           0 3.78991e-05 0.000105796 3.15238e-05 4.25001e-05 2.45069e-05 3.55363e-05           1 5.20535e-05 4.82514e-05 8.77523e-05 2.58102e-05 4.54657e-05           1 8.61531e-05 7.74246e-05 0.000200319 0.000667607 0.000126775
4.67998e-05 4.65466e-05 4.64756e-05 4.77369e-05 4.73106e-05           0           0           0           0 5.19893e-05 5.10053e-05           0 5.72741e-05 5.60465e-05 5.60258e-05           0           0 6.02731e-05           1           0 6.20552e-05 7.91922e-05 7.44304e-05 7.23559e-05 0.000107635           0           0 8.11372e-05 7.58378e-05           0           0           0           0     1.00006     1.00007     1.00006           0           0           0           1  0.00423581 0.000119755 0.000226435 0.000199111     1.00027     1.14656     1.12986 0.000179425 0.000106686 0.000393364  0.00415947 0.000888318 0.000653102     1.00002
9.47025e-05 9.29921e-05 9.24692e-05           0           0           0 9.94385e-05 9.66566e-05           0 0.000103159 9.94254e-05 9.98078e-05 0.000119024 0.000111594 0.000110997 0.000123504 0.000118392 0.000117837 0.000126513 0.000122911 0.000121323 0.000157823 0.000149914           0           0           0           0 0.000175877           0           0           0           0           0     1.00019     1.00017     1.00016           0 0.000224201           0           1           1           1     1.00003           1     1.00107 0.000324527 0.000433195 0.000289924 0.000279433 0.000284565 7.37564e-05  0.00354324  0.00304381     1.00001
0.000152841 0.000149301  0.00015043           0           0           0           0           0 0.000154301 0.000165466 0.000158521 0.000159476 0.000189601 0.000182547  0.00018036 0.000208286 0.000201124 0.000198059 0.000214437 0.000204153  0.00020286           0           0 0.000243806           0           0           0 0.000308483           0           0           0           0           0           0 0.000377587           0 0.000420594 0.000402188           0     1.00023     1.00009           1           1 0.000918819     1.00043 0.000700277 0.000761464 0.000878462  0.00340688 0.000260699     1.32738 9.89677e-05     1.27171  0.00250133
0.000235822 0.000227382 0.000230534 0.000234536           0           0           0           0           0 0.000254313 0.000239664 0.000237952           0           0           0 0.000341435  0.00031363           0 0.000348498           1     1.00006           0           0           0           0           0 0.000565991           0           0           0           0     1.00028           0     1.03439     1.00101     1.42294           0           0           0     1.00093  0.00285375     1.00216  0.00197062   0.0016275  0.00130574  0.00117404  0.00124052    0.995942  0.00143951     2.54666  0.00227032  0.00694496    0.005536  0.00792986
0.000353265 0.000338936 0.000341697           0 0.000329928 0.000333005 0.000355353 0.000332875 0.000335554 0.000377621  0.00034822  0.00035234           0           0 0.000403058 0.000526097 0.000476426 0.000464937 0.000526686 0.000468366 0.000461603           0           0           0  0.00128371   0.0010682 0.000917133     1.00003           1           0           0           0           0     1.00836      1.0848     1.07469           0           0           0  0.00174487           0     1.00016  0.00323859           0  0.00210241  0.00215907  0.00221161     1.24446  0.00132047 0.000151074     1.00023   0.0103861  0.00848946  0.00669967
0.000519132           0           0           0 0.000479648 0.000488252 0.000518615           0           0 0.000551649 0.000510694 0.000517348           0           0           0 0.000796505           0           0 0.000785281           0 0.000689959  0.00115458 0.000989319           0  0.00200827  0.00163896  0.00141597           0           0           0           0           0           0     1.03564     1.35368     1.11659           0  0.00140408           0     1.00078  0.00230318     1.00001  0.00499461  0.00405108     1.00108  0.00278971   0.0031899  0.00583902 0.000184461     1.67131     1.00028   0.0141928   0.0119523  0.00945326
0.000749023 0.000762608 0.000748773 0.000718724           0           0 0.000734903 0.000732717           0 0.000780412 0.000735471 0.000746409 0.000945497 0.000844351 0.000860274  0.00115088           0  0.00100949  0.00112733           0  0.00099856  0.00172347    0.001424  0.00139562           0  0.00239313   0.0021753           0           0           0           0           0           0     1.00182     1.01096     1.00518  0.00204931  0.00189741  0.00165711     1.00171     1.00004  0.00270757     1.00001  0.00569143     1.00401  0.00498153     1.69578  0.00366124  0.00316533  0.00354772  0.00744571    0.018203     1.01135     1.00304
 0.00101696  0.00103083   0.0010319           0           0  0.00096784  0.00098098 0.000954014           0  0.00105031   0.0010151  0.00101812  0.00127351  0.00117449  0.00117806  0.00159363  0.00142545  0.00144197  0.00153047  0.00141514  0.00137911  0.00233948  0.00203512  0.00199718  0.00396675  0.00304977  0.00322077           0           0           0           0           0           0           0           0      1.1067  0.00268213  0.00246568  0.00221229           0     1.00001  0.00371634     1.00069     1.01812  0.00593944  0.00334421  0.00222939     1.95704   0.0111617  0.00117652     1.00045    0.022066    0.018779   0.0156574
 0.00126547  0.00128351  0.00128546           0           0  0.00122482           0  0.00122315           0  0.00132688  0.00128639   0.0012994  0.00163197  0.00153187    0.001533  0.00210396  0.00190244           0  0.00195963  0.00179804  0.00180279  0.00307378  0.00274123           0  0.00492493           0  0.00402573           0           0           0     1.00181     1.00138     1.00196     1.00587     1.00713     1.00626  0.00336079   0.0030398  0.00280559     1.00014  0.00508609  0.00465448   0.0118673  0.00927867  0.00810232     3.94114     3.53356     2.76874     1.00036   0.0146663  0.00371806  0.00555337   0.0218117   0.0185079
  0.0014542  0.00148473  0.00148029  0.00142563  0.00144019  0.00143759   0.0014449  0.00147498           0  0.00154291  0.00153224   0.0015459  0.00189082  0.00181095           0           0  0.00227739  0.00228049  0.00225909  0.00207907  0.00211632  0.00321071  0.00313705  0.00307003   0.0060069   0.0049295   0.0046314           0           0           0     1.00111           0           0           0           0           0  0.00377739  0.00345337  0.00328399  0.00677876     1.01269   0.0132229     1.17981     1.00241  0.00907816     3.40875     2.87619     2.86613    0.017195   0.0108299     1.00022   0.0279056   0.0238932     4.55134
 0.00149134  0.00151854  0.00151727  0.00149139           0  0.00151466           0           0  0.00156685  0.00162517  0.00162981  0.00158158           0           0           0  0.00257591  0.00245491           0  0.00238409  0.00227875  0.00229178  0.00371958  0.00333821           0  0.00608469  0.00501355           0  0.00209648           0   0.0020012           0           0           0           0     1.09443     1.16083  0.00394705  0.00353815  0.00339045  0.00671844  0.00618951  0.00579519   0.0141045     1.00087           1  0.00454834  0.00567586     4.15325   0.0109463   0.0169844 0.000903984   0.0288845   0.0248532           1

Statuses: 
0 0 0 0 0 0 0 0 0 0 0 0 0 0 0 0 0 0 3 0 0 0 0 0 3 3 3 0 0 0 3 3 3 3 3 3 3 3 3 0 3 0 3 0 0 3 0 3 3 0 0 0 3 0
0 0 0 0 0 2 3 3 3 0 0 3 0 0 0 3 3 0 3 3 0 0 0 0 0 3 3 0 0 3 3 3 3 3 3 3 3 3 3 3 3 0 0 0 3 3 3 3 3 3 3 0 0 3
0 0 0 2 2 2 0 0 3 0 0 0 0 0 0 0 0 0 0 0 0 0 0 3 3 3 3 0 3 3 3 3 3 3 3 3 3 0 3 3 3 3 3 3 3 3 0 3 1 3 3 3 3 3
0 0 0 2 2 3 3 3 0 0 0 0 0 0 0 0 0 0 0 0 0 3 3 0 3 3 3 0 3 3 3 3 3 3 0 3 0 0 3 3 3 3 3 0 3 3 3 3 3 3 3 3 3 0
0 0 0 0 2 3 3 3 3 0 0 0 3 3 3 0 0 3 0 3 3 3 3 3 3 3 0 3 3 3 3 3 3 3 3 3 3 3 3 3 0 3 0 0 0 3 3 3 3 3 0 0 0 3
0 0 0 3 0 0 0 0 0 0 0 0 3 3 0 0 0 0 0 0 0 3 3 3 0 0 0 3 3 3 3 3 3 3 3 3 3 3 3 0 3 3 0 3 0 3 0 3 3 3 3 0 0 0
0 2 2 2 0 0 0 3 3 0 0 0 3 3 3 0 3 3 0 3 0 0 0 3 0 0 0 3 3 3 3 3 3 3 3 3 3 0 3 3 0 3 0 0 3 3 0 3 3 3 3 0 0 0
0 0 0 0 3 3 0 0 3 0 0 0 0 0 0 0 3 0 0 3 0 0 0 0 3 0 0 3 3 3 3 3 3 3 3 3 0 0 0 3 3 0 3 0 3 0 3 3 3 3 0 0 3 3
0 0 0 2 2 0 0 0 3 0 0 0 0 0 0 0 0 0 0 0 0 0 0 0 0 0 0 3 3 3 3 3 3 3 3 3 0 0 0 3 3 0 3 3 0 3 3 3 3 3 3 0 0 0
0 0 0 3 3 0 3 0 3 0 0 0 0 0 0 0 0 3 0 0 0 0 0 3 0 3 0 3 3 3 3 3 3 3 3 3 0 0 0 3 0 0 0 0 0 3 3 3 3 0 0 0 0 0
0 0 0 0 0 0 0 0 3 0 0 0 0 0 3 3 0 0 0 0 0 0 0 0 0 0 0 3 3 3 3 3 3 3 3 3 0 0 0 0 3 3 3 3 0 3 3 3 3 3 3 0 0 3
0 0 0 0 3 0 3 3 0 0 0 0 3 3 3 0 0 3 0 0 0 0 0 3 0 0 3 0 3 0 3 3 3 3 3 3 0 0 0 0 0 0 0 3 3 3 3 3 3 0 3 0 0 3
chisq per dof: 
23.3933 21.5434 19.7926 16.4423  14.731 13.2537 9.34418 8.39615 7.55591  5.8679 5.30591 4.83491 2.33733 2.18952 2.06495 1.86642 1.73814 1.64434  119455 1.78248 1.69546 1.83324 1.69469 1.59801  104499 83945.4 71858.6 12.5425 11.8442 10.9191  117892  100537 89372.8  130727  111913 97543.1  121232   57947 91599.9 1.99751  119351 1.79167  167382 1.86079 1.72318  150594 10284.2  108206  184007 2.01852 1.84879 2.68757  147775 2.01576
13.6129 12.8487 12.2869   9.425 8.67534 8.18095 661.859 963.924 645.283 3.90536 3.61516 1953.78 2.02871 1.91429 1.85041 3931.89 5516.13 1.55406 5178.43 7844.53 1.63203 1.82229 1.68524  1.5889 2.01598 5241.05 804.469 7.60338 7.03697 6326.17 9853.03  8089.6 7177.13 10524.8 8918.57 7583.07 8996.97 7745.08 6841.15 11355.3 9904.84 1.67934 2.02234 1.83344  7444.4 11397.6 9534.89 8516.46 14106.8 11822.6 9020.19 2.68487 2.26659 9977.06
10.4031 9.70873 9.25131 6.68429 6.07711 5.89944 4.67983 4.25181 230.389 3.07944  2.8438  2.7975 1.87925 1.77266 1.73034 1.69483 1.58781 1.52432 1.77922   1.673 1.60447 1.81928  1.6828 1555.43 1098.72 890.385 736.715  5.0129  551.81 1468.89 2294.82 1967.19 1721.44 2447.51 2043.76 1747.69 2158.52 1.92751 1136.03 2484.79 2247.33 1859.19 3059.85 2284.19 2039.54  2780.6 1.86299 1950.74  19.523 2640.68 1888.04 4115.77 3117.16 2519.36
8.29133 7.82458 7.41809 5.29154 4.86912  238.75 354.868 296.529 3.48278 2.70279 2.51748 2.54705 1.78755 1.68961 1.65561 1.67164 1.56705 1.50347 1.75652 1.65215 1.58638 855.067 713.034 1.58602 485.872 418.877  337.91 3.77682 571.951 513.769 711.207 686.099 603.539 872.124 1.85095 623.435 1.84279 1.80911 555.034 945.236 775.295 507.294 932.638 1.81735 709.782 972.201 811.323 701.944 1036.39 886.292 628.948 1296.43 995.671 2.01161
6.69769 6.57351 6.11813 4.24781 4.07462 24.5925 37.8493 90.8347 12.4789 2.40164 2.29047 2.31817   293.4 252.052 222.623 1.65976  1.5591    83.8 1.74381 304.904 243.302 353.095 294.964 257.648 230.423 186.123 1.67782 292.372 257.357 224.427 363.221 302.272 274.081 385.155 306.988 275.669 365.266 325.849 292.821 417.562 321.588 309.878 2.00986  1.8122 1.67787 437.866 371.794 54.3547 534.383 423.314 1.84201 2.67971 2.26288 378.635
5.41571 5.44608 5.05371 42.4749 3.41998 3.38397  2.6157 2.52137 2.49786 2.16064 2.08345 2.10754 151.939 130.349 1.55908 1.64708 1.54681 1.48893 1.72882 1.63049 1.56699 180.475 149.777 131.918 2.01622 1.81301 1.67971 93.4881 68.9331 82.2916 191.012  164.35 129.778 197.503 165.691  142.82 216.185   185.6 163.176 1.81494 191.721 139.828 2.01058 198.829  1.6761 240.756  1.8453  151.43 278.423 119.489 192.694 2.68073 2.26301 2.01041
4.29016 4.33632 4.04427 2.85015 2.83589 2.83327 2.23396 9.53594 6.25363 1.97039 1.91851 1.95674 91.9695 79.0985 25.3336 1.63823 30.4982 39.9491 1.71763  90.232 1.56434 1.81646  1.6812 29.5928 2.01642 1.81318 1.68214 88.9625 80.1762 70.4335 113.581 97.6148 86.0617 114.004  95.397 82.1535 21.6892 1.63603 101.547 92.5871 1.68141 57.5027 2.01058 1.81038 91.3962  140.33 1.84353 111.055 152.928 107.798 114.791 2.68027 2.26282 2.01044
3.41005 3.44405  3.2149 2.35574 28.8472 32.3622 1.91949 1.90789 12.4963  1.8052 1.76699 1.76606   1.594 1.52875 1.49317  1.6305 24.5939 1.47633 1.70541 55.7071 1.55197 1.81582 1.68114 1.59298 30.5528 1.81387 1.68363 56.7551 51.0329 46.1725 64.4573 62.0678 56.6188 64.6023 59.3516 49.7682 1.70713 1.61557 1.54124 87.8159 68.1397 1.58084 86.4052 1.80965 47.9262 2.00961 71.8007  67.341 103.904 86.4943 1.84231 2.67956  31.049 67.2228
2.75797 2.73654 2.56533 1.99131 1.99158 1.93405 1.69792  1.6745 8.70716 1.67751 1.64267 1.61611 1.56113 1.49531 1.45078 1.62286  1.5251 1.46338 1.69367 1.60048 1.53594 1.81387 1.67996 1.58958  2.0157 1.81332 1.68214 41.9727 37.0494 33.6715 54.1945  46.691 41.2682 49.6751 41.6428 36.0728  1.6967  1.6016 1.52728 36.1405 34.1733 1.57901 44.5586   45.55 1.67448 68.9994 51.5161 45.6894 80.0203 38.3106 54.7126 2.67816 2.26019 2.00817
2.28636 2.23945 2.11553 8.01741 6.66671 1.66238 5.80722 1.51633 3.79031 1.58509 1.54234 1.50452 1.53755 1.47102 1.42301 1.61694 1.51899 5.75122 1.68511 1.59194 1.52534 1.81249 1.67881 9.94051 2.01503  13.645 1.68153 32.6834 28.7161  25.843 38.9953 34.3116 30.6059 34.6742 28.4465 25.2712 1.69091 1.59472  1.5206 49.1136 1.67493 1.57871 2.01134 1.80907 1.67484 47.4242 39.8257 23.0324 64.4103 2.00956 1.92146 53.1026 2.25923 2.00739
2.03254 1.97914 1.88127 1.62199 1.59186 1.53515 1.48365 1.44415 4.74304  1.5411 1.49455 1.44881 1.52668 1.45897 3.99424 4.98406 1.51684 1.44795 1.68146  1.5879 1.51794 1.81275 1.67919 1.58527 2.01576 1.81407 1.68075 28.1699 24.4831 22.1605 33.5367 27.1396 28.0842 32.6307 27.3634 23.7892 1.68914 1.59193 1.51804 1.81075 37.7473 28.2047 40.7883 28.0685 1.67567 42.9116 36.0813  26.956 55.2121 43.0101  37.929 2.67808 2.25947 22.4448
 1.9516 1.88449 1.79647 1.57842 8.15977  1.4884 2.22198 2.83527  1.3693  1.5251 1.47598 1.43097 8.79293 17.2419 8.49674 1.61414 1.51517 6.06092 1.68005 1.58573 1.51602 1.81286 1.67892 2.58206 2.01605 1.81421 12.9715 1.57287 25.9576 1.47586 35.2912 30.9921 26.9658 30.9053 25.9279 22.5168 1.68962 1.59226 1.51823 1.81155 1.67629 1.58016 2.01385 27.5049   22.16 43.8213 35.4264 29.3039 33.6451 2.01151 14.6634 2.67928 2.26028 22.8747
Mode averaged potential and errors: 
  0.0801048 0.000200319
   0.118723  0.00102253
   0.143408 0.000123504
   0.163197 0.000208286
   0.193496  0.00406463
   0.215131  0.00967852
   0.241349   0.0140898
   0.292031    0.018203
   0.308778     0.04009
   0.297046   0.0189881
   0.368569    0.052987
   0.340784    0.049399
R Models:
(* Fitting with shape 1 1 1 1 1 1 1 1 0 0 0 0 *)
G[R_,xx_]:=xx[[0]] + xx[[1]]/R | xx[[2]]*R
(* Fitting with shape 1 1 1 1 1 1 1 1 1 0 0 0 *)
G[R_,xx_]:=xx[[0]] + xx[[1]]/R | xx[[2]]*R
(* Fitting with shape 1 1 1 1 1 1 1 1 1 1 0 0 *)
G[R_,xx_]:=xx[[0]] + xx[[1]]/R | xx[[2]]*R
(* Fitting with shape 1 1 1 1 1 1 1 1 1 1 1 0 *)
G[R_,xx_]:=xx[[0]] + xx[[1]]/R | xx[[2]]*R
(* Fitting with shape 1 1 1 1 1 1 1 1 1 1 1 1 *)
G[R_,xx_]:=xx[[0]] + xx[[1]]/R | xx[[2]]*R
(* Fitting with shape 0 1 1 1 1 1 1 1 0 0 0 0 *)
G[R_,xx_]:=xx[[0]] + xx[[1]]/R | xx[[2]]*R
(* Fitting with shape 0 1 1 1 1 1 1 1 1 0 0 0 *)
G[R_,xx_]:=xx[[0]] + xx[[1]]/R | xx[[2]]*R
(* Fitting with shape 0 1 1 1 1 1 1 1 1 1 0 0 *)
G[R_,xx_]:=xx[[0]] + xx[[1]]/R | xx[[2]]*R
(* Fitting with shape 0 1 1 1 1 1 1 1 1 1 1 0 *)
G[R_,xx_]:=xx[[0]] + xx[[1]]/R | xx[[2]]*R
(* Fitting with shape 0 1 1 1 1 1 1 1 1 1 1 1 *)
G[R_,xx_]:=xx[[0]] + xx[[1]]/R | xx[[2]]*R
(* Fitting with shape 0 0 1 1 1 1 1 1 0 0 0 0 *)
G[R_,xx_]:=xx[[0]] + xx[[1]]/R | xx[[2]]*R
(* Fitting with shape 0 0 1 1 1 1 1 1 1 0 0 0 *)
G[R_,xx_]:=xx[[0]] + xx[[1]]/R | xx[[2]]*R
(* Fitting with shape 0 0 1 1 1 1 1 1 1 1 0 0 *)
G[R_,xx_]:=xx[[0]] + xx[[1]]/R | xx[[2]]*R
(* Fitting with shape 0 0 1 1 1 1 1 1 1 1 1 0 *)
G[R_,xx_]:=xx[[0]] + xx[[1]]/R | xx[[2]]*R
(* Fitting with shape 0 0 1 1 1 1 1 1 1 1 1 1 *)
G[R_,xx_]:=xx[[0]] + xx[[1]]/R | xx[[2]]*R
(* Fitting with shape 0 0 0 1 1 1 1 1 0 0 0 0 *)
G[R_,xx_]:=xx[[0]] + xx[[1]]/R | xx[[2]]*R
(* Fitting with shape 0 0 0 1 1 1 1 1 1 0 0 0 *)
G[R_,xx_]:=xx[[0]] + xx[[1]]/R | xx[[2]]*R
(* Fitting with shape 0 0 0 1 1 1 1 1 1 1 0 0 *)
G[R_,xx_]:=xx[[0]] + xx[[1]]/R | xx[[2]]*R
(* Fitting with shape 0 0 0 1 1 1 1 1 1 1 1 0 *)
G[R_,xx_]:=xx[[0]] + xx[[1]]/R | xx[[2]]*R
(* Fitting with shape 0 0 0 1 1 1 1 1 1 1 1 1 *)
G[R_,xx_]:=xx[[0]] + xx[[1]]/R | xx[[2]]*R
2.63762 2.63762 2.63762 
-0.217676 -0.217676 -0.217676 
1 1 1 
-3.38552 -3.38552 -3.38552 
1.84555 1.84555 1.84555 
5.03038e+175 5.03038e+175 5.03038e+175 
3.5936e+246 3.5936e+246 3.5936e+246 
2.14726e+243 2.14726e+243 2.14726e+243 
3.27029e-316 3.27029e-316 3.27029e-316 
6.72423e-321 6.72423e-321 6.72423e-321 
6.91283e-310 6.91283e-310 6.91283e-310 
0 0 0 
3.39843e-316 3.39843e-316 3.39843e-316 
3.39843e-316 3.39843e-316 3.39843e-316 
0 0 0 
0 0 0 
0 0 0 
0 0 0 
3.22998e-316 3.22998e-316 3.22998e-316 
3.28549e-316 3.28549e-316 3.28549e-316 
0 0 0 
2.83268e-316 2.83268e-316 2.83268e-316 
2.83269e-316 2.83269e-316 2.83269e-316 
3.22002e-316 3.22002e-316 3.22002e-316 
3.26821e-316 3.26821e-316 3.26821e-316 
3.2331e-316 3.2331e-316 3.2331e-316 
2.83268e-316 2.83268e-316 2.83268e-316 
3.28399e-316 3.28399e-316 3.28399e-316 
3.28054e-316 3.28054e-316 3.28054e-316 
0 0 0 
0 0 0 
0 0 0 
0 0 0 
0 0 0 
0 0 0 
0 0 0 
6.55602e+07 6.55602e+07 6.55602e+07 
0 0 0 
0 0 0 
0 0 0 
0 0 0 
0 0 0 
0 0 0 
0 0 0 
0 0 0 
0 0 0 
0 0 0 
0 0 0 
-1.43361 -1.43361 -1.43361 
2.37152e-322 2.37152e-322 2.37152e-322 
3.39926e-316 3.39926e-316 3.39926e-316 
3.40296e-316 3.40296e-316 3.40296e-316 
1.36535 1.36535 1.36535 
823.875 823.875 823.875 
Probabilities: 
         0          0          0          0          0          0          0          0          0          0          0          0          0          0          0          0          0          0          0          0          0          0 0.00804043 0.00835513   0.191841  0.0193735    0.77239          0          0          0          0          0          0          0          0          0          0          0          0          0          0          0          0          0          0          0          0          0          0          0          0          0          0          0

String tensions: 
          1           1           1           1           1           1           1           1           1   -0.644893   -0.644893   -0.644893   -0.425956   -0.418703   -0.425266   -0.180614   -0.183669   -0.245649   -0.327522   -0.305865   -0.344546     0.60231    0.593232    0.317192    -3.89564    -1.27221    -4.14204    0.050253   0.0501374  -0.0888108  -0.0935283   -0.093208   -0.092893    0.994528    0.994528    0.994529     1.23382   -0.106844 -0.00104593   -0.237667    0.288299   -0.152482    0.637732    0.577935    0.917679  -0.0752082  -0.0110262 -0.00213638   0.0100544     0.32714   -0.101863   0.0276604   -0.274652    0.784034

Errors: 
    5792.62     5792.62     5792.62     5792.62     5792.62     5792.62     5792.62     5792.62     5792.62           0           0           0   0.0535809   0.0531182   0.0516029    0.112628    0.103058   0.0987467    0.158251    0.151915    0.140674    0.537939    0.494733    0.423119    0.480678   0.0655498   0.0381996 0.000739767 0.000738421           0           0           0           0           0           0           0     1.02856           1  0.00101306     1.00001     1.00005     1.00002     1.00001     1.12862 9.82531e-05           1    0.816751  0.00181346 0.000425636    0.942878    0.811329 0.000426824     22.0515 7.43628e-05

Statuses: 
0 0 0 0 0 0 0 0 0 3 3 3 0 0 0 0 0 0 0 0 0 0 0 0 0 0 0 0 0 3 3 3 3 3 3 3 3 3 0 3 3 3 3 0 0 3 3 0 1 3 3 1 3 0
chisq per dof: 
 878.146  776.177  708.007  10.4057  9.00461  8.68156  2.78664  2.38982  2.83523  8831.17  7732.12  6877.33  3.13663  2.75752  2.44183    2.316  1.93091  1.93405  2.62919  2.33254  2.13092  2.17133  1.86165  1.86935 0.537435  1.54545 0.557362  71.5777  67.8666   116827   284348   243798   213384   123430   102867  88178.2   282747   213658  2.05634  50878.6  84009.8  36913.9   114626  607.965  530.049  98250.4   203969  2.01575   1.5461   239374   164479 0.452921  527.925  529.851
Model string tension and errors: 
sigma = -3.96384 +/- 0.731354
