R=0parameters: 
-0.688311 -0.688311 
0.149011 0.149011 
4.85861e-10 4.85861e-10 
3.21143e-322 3.21143e-322 
9.88131e-324 9.88131e-324 
2.57799e-316 2.57799e-316 
6.94635e-310 6.94635e-310 
2.58098e-316 2.58098e-316 
2128.74 2128.74 
0 0 0 
4.24896e-322 4.24896e-322 4.24896e-322 
2.42092e-322 2.42092e-322 2.42092e-322 
0.000279279 0.000279279 0.000279279 
5.20462e-05 5.20462e-05 5.20462e-05 
0.000287908 0.000287908 0.000287908 
1.6976e-313 1.6976e-313 1.6976e-313 
2.37152e-322 2.37152e-322 2.37152e-322 
3.48316e-321 3.48316e-321 3.48316e-321 
2.58249e-316 2.58249e-316 2.58249e-316 2.58249e-316 
-4.48966e-267 -4.48966e-267 -4.48966e-267 -4.48966e-267 
-nan -nan -nan -nan 
-nan -nan -nan -nan 
-nan -nan -nan -nan 
-nan -nan -nan -nan 
-nan -nan -nan -nan 
-nan -nan -nan -nan 
-nan -nan -nan -nan 
-nan -nan -nan 
-nan -nan -nan 
-nan -nan -nan 
-nan -nan -nan 
-nan -nan -nan 
-nan -nan -nan 
-nan -nan -nan 
-nan -nan -nan 
-nan -nan -nan 
-nan -nan -nan -nan 
-nan -nan -nan -nan 
-nan -nan -nan -nan 
-nan -nan -nan -nan 
-nan -nan -nan -nan 
-nan -nan -nan -nan 
-nan -nan -nan -nan 
-nan -nan -nan -nan 
-nan -nan -nan -nan 
3.21143e-322 3.21143e-322 3.21143e-322 3.21143e-322 3.21143e-322 
2.50397e-316 2.50397e-316 2.50397e-316 2.50397e-316 2.50397e-316 
2.57889e-316 2.57889e-316 2.57889e-316 2.57889e-316 2.57889e-316 
2.69732e-316 2.69732e-316 2.69732e-316 2.69732e-316 2.69732e-316 
3.95253e-322 3.95253e-322 3.95253e-322 3.95253e-322 3.95253e-322 
-0.00559902 -0.00559902 -0.00559902 -0.00559902 -0.00559902 
-1.74671 -1.74671 -1.74671 -1.74671 -1.74671 
-17340.6 -17340.6 -17340.6 -17340.6 -17340.6 
2.42092e-322 2.42092e-322 2.42092e-322 2.42092e-322 2.42092e-322 
R=1parameters: 
-0.681124 -0.681124 
0.20504 0.20504 
0.660831 0.660831 
0.465916 0.465916 
-10.2502 -10.2502 
2.69649e-316 2.69649e-316 
6.22302e+07 6.22302e+07 
-3008.54 -3008.54 
19670.7 19670.7 
1.9812e-321 1.9812e-321 1.9812e-321 
6.94647e-310 6.94647e-310 6.94647e-310 
6.94647e-310 6.94647e-310 6.94647e-310 
1.08695e-07 1.08695e-07 1.08695e-07 
-4.60104e-08 -4.60104e-08 -4.60104e-08 
8.83307e-08 8.83307e-08 8.83307e-08 
2.42092e-322 2.42092e-322 2.42092e-322 
0.000888868 0.000888868 0.000888868 
1.48479e-316 1.48479e-316 1.48479e-316 
1 1 1 1 
0.792078 0.792078 0.792078 0.792078 
0 0 0 0 
2.42092e-322 2.42092e-322 2.42092e-322 2.42092e-322 
6.30675e-320 6.30675e-320 6.30675e-320 6.30675e-320 
30165.9 30165.9 30165.9 30165.9 
-2665.37 -2665.37 -2665.37 -2665.37 
2.57898e-316 2.57898e-316 2.57898e-316 2.57898e-316 
-17882.2 -17882.2 -17882.2 -17882.2 
2.57898e-316 2.57898e-316 2.57898e-316 
-86098.1 -86098.1 -86098.1 
6.37345e-322 6.37345e-322 6.37345e-322 
2.56218e-316 2.56218e-316 2.56218e-316 
2.56813e-316 2.56813e-316 2.56813e-316 
0.03125 0.03125 0.03125 
2.25506e-06 2.25506e-06 2.25506e-06 
2.37152e-322 2.37152e-322 2.37152e-322 
2.37152e-322 2.37152e-322 2.37152e-322 
2.56749e-316 2.56749e-316 2.56749e-316 2.56749e-316 
0.000480951 0.000480951 0.000480951 0.000480951 
0 0 0 0 
3.21143e-322 3.21143e-322 3.21143e-322 3.21143e-322 
2.5835e-316 2.5835e-316 2.5835e-316 2.5835e-316 
0.394914 0.394914 0.394914 0.394914 
0.000976563 0.000976563 0.000976563 0.000976563 
27.3623 27.3623 27.3623 27.3623 
2.50617e-316 2.50617e-316 2.50617e-316 2.50617e-316 
2.58333e-316 2.58333e-316 2.58333e-316 2.58333e-316 2.58333e-316 
2.50618e-316 2.50618e-316 2.50618e-316 2.50618e-316 2.50618e-316 
2.50618e-316 2.50618e-316 2.50618e-316 2.50618e-316 2.50618e-316 
3422.94 3422.94 3422.94 3422.94 3422.94 
2.5738e-316 2.5738e-316 2.5738e-316 2.5738e-316 2.5738e-316 
2.47033e-323 2.47033e-323 2.47033e-323 2.47033e-323 2.47033e-323 
2.122e-314 2.122e-314 2.122e-314 2.122e-314 2.122e-314 
2.47033e-323 2.47033e-323 2.47033e-323 2.47033e-323 2.47033e-323 
2.42092e-322 2.42092e-322 2.42092e-322 2.42092e-322 2.42092e-322 
R=2parameters: 
-0.671201 -0.671201 
0.231684 0.231684 
-5.3422e-05 -5.3422e-05 
0.0241024 0.0241024 
-0.0129194 -0.0129194 
2.69649e-316 2.69649e-316 
6.22302e+07 6.22302e+07 
-3008.54 -3008.54 
19670.7 19670.7 
3.21143e-322 3.21143e-322 3.21143e-322 
2.47033e-323 2.47033e-323 2.47033e-323 
2.50617e-316 2.50617e-316 2.50617e-316 
4.58695e-05 4.58695e-05 4.58695e-05 
2.50617e-316 2.50617e-316 2.50617e-316 
1624.02 1624.02 1624.02 
2.51238e-316 2.51238e-316 2.51238e-316 
2.48995e-316 2.48995e-316 2.48995e-316 
4.00193e-322 4.00193e-322 4.00193e-322 
1.48667e-316 1.48667e-316 1.48667e-316 1.48667e-316 
2.69932e-316 2.69932e-316 2.69932e-316 2.69932e-316 
2.56691e-316 2.56691e-316 2.56691e-316 2.56691e-316 
2.5669e-316 2.5669e-316 2.5669e-316 2.5669e-316 
2.54477 2.54477 2.54477 2.54477 
0 0 0 0 
322006 322006 322006 322006 
0.996885 0.996885 0.996885 0.996885 
0 0 0 0 
3.21143e-322 3.21143e-322 3.21143e-322 
2.47033e-323 2.47033e-323 2.47033e-323 
2.52885e-316 2.52885e-316 2.52885e-316 
0.0078125 0.0078125 0.0078125 
1.63042e-322 1.63042e-322 1.63042e-322 
2.56079e-316 2.56079e-316 2.56079e-316 
0 0 0 
1.02766e-321 1.02766e-321 1.02766e-321 
3.95253e-322 3.95253e-322 3.95253e-322 
2.50111e-316 2.50111e-316 2.50111e-316 2.50111e-316 
1.73417e-321 1.73417e-321 1.73417e-321 1.73417e-321 
2.56224e-316 2.56224e-316 2.56224e-316 2.56224e-316 
3.21143e-322 3.21143e-322 3.21143e-322 3.21143e-322 
2.48574e-316 2.48574e-316 2.48574e-316 2.48574e-316 
2.48513e-316 2.48513e-316 2.48513e-316 2.48513e-316 
2.4015e+07 2.4015e+07 2.4015e+07 2.4015e+07 
1.48482e-316 1.48482e-316 1.48482e-316 1.48482e-316 
6.94645e-310 6.94645e-310 6.94645e-310 6.94645e-310 
2.122e-314 2.122e-314 2.122e-314 2.122e-314 2.122e-314 
2.58222e-316 2.58222e-316 2.58222e-316 2.58222e-316 2.58222e-316 
2.58333e-316 2.58333e-316 2.58333e-316 2.58333e-316 2.58333e-316 
2.47033e-323 2.47033e-323 2.47033e-323 2.47033e-323 2.47033e-323 
1.63042e-322 1.63042e-322 1.63042e-322 1.63042e-322 1.63042e-322 
2.52575e-316 2.52575e-316 2.52575e-316 2.52575e-316 2.52575e-316 
14279.2 14279.2 14279.2 14279.2 14279.2 
0 0 0 0 0 
2.42092e-322 2.42092e-322 2.42092e-322 2.42092e-322 2.42092e-322 
R=3parameters: 
-0.66042 -0.66042 
0.247924 0.247924 
-2.63617e-05 -2.63617e-05 
0.141699 0.141699 
-0.151112 -0.151112 
2.69649e-316 2.69649e-316 
6.22302e+07 6.22302e+07 
-3008.54 -3008.54 
19670.7 19670.7 
1.63042e-322 1.63042e-322 1.63042e-322 
6.94645e-310 6.94645e-310 6.94645e-310 
2.122e-314 2.122e-314 2.122e-314 
2.56219e-316 2.56219e-316 2.56219e-316 
6.37345e-322 6.37345e-322 6.37345e-322 
2.12348e-06 2.12348e-06 2.12348e-06 
-1.99494e-07 -1.99494e-07 -1.99494e-07 
6.14243e-08 6.14243e-08 6.14243e-08 
1.23651e-05 1.23651e-05 1.23651e-05 
-7.76823e-07 -7.76823e-07 -7.76823e-07 -7.76823e-07 
1.86001e+07 1.86001e+07 1.86001e+07 1.86001e+07 
0.00152659 0.00152659 0.00152659 0.00152659 
0.00114485 0.00114485 0.00114485 0.00114485 
72.0556 72.0556 72.0556 72.0556 
2.42092e-322 2.42092e-322 2.42092e-322 2.42092e-322 
1.67772e+07 1.67772e+07 1.67772e+07 1.67772e+07 
1.63042e-322 1.63042e-322 1.63042e-322 1.63042e-322 
6.94645e-310 6.94645e-310 6.94645e-310 6.94645e-310 
0 0 0 
1.58101e-322 1.58101e-322 1.58101e-322 
3.95253e-322 3.95253e-322 3.95253e-322 
0 0 0 
0.980785 0.980785 0.980785 
0.993615 0.993615 0.993615 
0 0 0 
0.000720556 0.000720556 0.000720556 
2.42092e-322 2.42092e-322 2.42092e-322 
0.00370519 0.00370519 0.00370519 0.00370519 
360973 360973 360973 360973 
0 0 0 0 
28266.2 28266.2 28266.2 28266.2 
0 0 0 0 
2.42092e-322 2.42092e-322 2.42092e-322 2.42092e-322 
2.58223e-316 2.58223e-316 2.58223e-316 2.58223e-316 
2.58224e-316 2.58224e-316 2.58224e-316 2.58224e-316 
294279 294279 294279 294279 
-223865 -223865 -223865 -223865 -223865 
-1.45708e+06 -1.45708e+06 -1.45708e+06 -1.45708e+06 -1.45708e+06 
2.57403e-316 2.57403e-316 2.57403e-316 2.57403e-316 2.57403e-316 
2.47033e-323 2.47033e-323 2.47033e-323 2.47033e-323 2.47033e-323 
2.56119e-316 2.56119e-316 2.56119e-316 2.56119e-316 2.56119e-316 
2.57407e-316 2.57407e-316 2.57407e-316 2.57407e-316 2.57407e-316 
3.21143e-322 3.21143e-322 3.21143e-322 3.21143e-322 3.21143e-322 
2.47033e-323 2.47033e-323 2.47033e-323 2.47033e-323 2.47033e-323 
2.581e-316 2.581e-316 2.581e-316 2.581e-316 2.581e-316 
R=4parameters: 
-0.649313 -0.649313 
0.260645 0.260645 
0.0883045 0.0883045 
-4.15202 -4.15202 
4.23063 4.23063 
2.69649e-316 2.69649e-316 
6.22302e+07 6.22302e+07 
-3008.54 -3008.54 
19670.7 19670.7 
1.9812e-321 1.9812e-321 1.9812e-321 
2.56217e-316 2.56217e-316 2.56217e-316 
6.94647e-310 6.94647e-310 6.94647e-310 
0.000103989 0.000103989 0.000103989 
0.000930731 0.000930731 0.000930731 
2.37152e-322 2.37152e-322 2.37152e-322 
2.37152e-322 2.37152e-322 2.37152e-322 
2.52235e-316 2.52235e-316 2.52235e-316 
1.49157e+06 1.49157e+06 1.49157e+06 
1.33939e+07 1.33939e+07 1.33939e+07 1.33939e+07 
3.56827e-05 3.56827e-05 3.56827e-05 3.56827e-05 
1.61351e-06 1.61351e-06 1.61351e-06 1.61351e-06 
0 0 0 0 
0 0 0 0 
1.61796e-05 1.61796e-05 1.61796e-05 1.61796e-05 
0 0 0 0 
0 0 0 0 
0 0 0 0 
2.567e-316 2.567e-316 2.567e-316 
1.67772e+07 1.67772e+07 1.67772e+07 
1.63042e-322 1.63042e-322 1.63042e-322 
6.94645e-310 6.94645e-310 6.94645e-310 
2.122e-314 2.122e-314 2.122e-314 
1.97626e-323 1.97626e-323 1.97626e-323 
4.00193e-322 4.00193e-322 4.00193e-322 
2.58331e-316 2.58331e-316 2.58331e-316 
2.56218e-316 2.56218e-316 2.56218e-316 
2.5138e-316 2.5138e-316 2.5138e-316 2.5138e-316 
2.5628e-316 2.5628e-316 2.5628e-316 2.5628e-316 
4.23063 4.23063 4.23063 4.23063 
1.63042e-322 1.63042e-322 1.63042e-322 1.63042e-322 
6.94645e-310 6.94645e-310 6.94645e-310 6.94645e-310 
2.122e-314 2.122e-314 2.122e-314 2.122e-314 
1.4868e-316 1.4868e-316 1.4868e-316 1.4868e-316 
1.63042e-322 1.63042e-322 1.63042e-322 1.63042e-322 
6.94645e-310 6.94645e-310 6.94645e-310 6.94645e-310 
2.122e-314 2.122e-314 2.122e-314 2.122e-314 2.122e-314 
2.55978e-316 2.55978e-316 2.55978e-316 2.55978e-316 2.55978e-316 
3.16202e-322 3.16202e-322 3.16202e-322 3.16202e-322 3.16202e-322 
2.47033e-323 2.47033e-323 2.47033e-323 2.47033e-323 2.47033e-323 
4.00193e-322 4.00193e-322 4.00193e-322 4.00193e-322 4.00193e-322 
1.061e-313 1.061e-313 1.061e-313 1.061e-313 1.061e-313 
2.56584e-316 2.56584e-316 2.56584e-316 2.56584e-316 2.56584e-316 
6.94645e-310 6.94645e-310 6.94645e-310 6.94645e-310 6.94645e-310 
2.42092e-322 2.42092e-322 2.42092e-322 2.42092e-322 2.42092e-322 
R=5parameters: 
-0.636469 -0.636469 
0.27115 0.27115 
0.000163769 0.000163769 
0.422872 0.422872 
-0.466452 -0.466452 
2.69649e-316 2.69649e-316 
6.22302e+07 6.22302e+07 
-3008.54 -3008.54 
19670.7 19670.7 
1.9812e-321 1.9812e-321 1.9812e-321 
6.94647e-310 6.94647e-310 6.94647e-310 
2.51232e-316 2.51232e-316 2.51232e-316 
2.57407e-316 2.57407e-316 2.57407e-316 
2.56219e-316 2.56219e-316 2.56219e-316 
2.56218e-316 2.56218e-316 2.56218e-316 
2.56218e-316 2.56218e-316 2.56218e-316 
116.471 116.471 116.471 
0.00160869 0.00160869 0.00160869 
0 0 0 0 
0 0 0 0 
0 0 0 0 
2.42092e-322 2.42092e-322 2.42092e-322 2.42092e-322 
4311.5 4311.5 4311.5 4311.5 
0.265235 0.265235 0.265235 0.265235 
0.000367047 0.000367047 0.000367047 0.000367047 
0.000911912 0.000911912 0.000911912 0.000911912 
0 0 0 0 
3.21143e-322 3.21143e-322 3.21143e-322 
2.52945e-316 2.52945e-316 2.52945e-316 
2.51306e-316 2.51306e-316 2.51306e-316 
2.47033e-323 2.47033e-323 2.47033e-323 
2.42092e-322 2.42092e-322 2.42092e-322 
2.57347e-316 2.57347e-316 2.57347e-316 
0.946049 0.946049 0.946049 
4.7321e+06 4.7321e+06 4.7321e+06 
0.00246587 0.00246587 0.00246587 
0.00222422 0.00222422 0.00222422 0.00222422 
3.21143e-322 3.21143e-322 3.21143e-322 3.21143e-322 
2.51604e-316 2.51604e-316 2.51604e-316 2.51604e-316 
0.000508484 0.000508484 0.000508484 0.000508484 
0 0 0 0 
0 0 0 0 
0 0 0 0 
0 0 0 0 
0 0 0 0 
2.42092e-322 2.42092e-322 2.42092e-322 2.42092e-322 2.42092e-322 
2.56223e-316 2.56223e-316 2.56223e-316 2.56223e-316 2.56223e-316 
-4.48966e-267 -4.48966e-267 -4.48966e-267 -4.48966e-267 -4.48966e-267 
1 1 1 1 1 
1 1 1 1 1 
3.33806e-28 3.33806e-28 3.33806e-28 3.33806e-28 3.33806e-28 
2.44141e-152 2.44141e-152 2.44141e-152 2.44141e-152 2.44141e-152 
1 1 1 1 1 
4.81437e+199 4.81437e+199 4.81437e+199 4.81437e+199 4.81437e+199 
R=6parameters: 
-0.625637 -0.625637 
0.280315 0.280315 
0.689628 0.689628 
0.763527 0.763527 
-10.5169 -10.5169 
2.69649e-316 2.69649e-316 
6.22302e+07 6.22302e+07 
-3008.54 -3008.54 
19670.7 19670.7 
1.9812e-321 1.9812e-321 1.9812e-321 
6.94647e-310 6.94647e-310 6.94647e-310 
6.94647e-310 6.94647e-310 6.94647e-310 
2.93552e-06 2.93552e-06 2.93552e-06 
-2.12739e-06 -2.12739e-06 -2.12739e-06 
-6.00112e-07 -6.00112e-07 -6.00112e-07 
2.82763e-07 2.82763e-07 2.82763e-07 
6.94645e-310 6.94645e-310 6.94645e-310 
2.122e-314 2.122e-314 2.122e-314 
2.52446e-316 2.52446e-316 2.52446e-316 2.52446e-316 
2.42092e-322 2.42092e-322 2.42092e-322 2.42092e-322 
2.58354e-316 2.58354e-316 2.58354e-316 2.58354e-316 
2.69933e-316 2.69933e-316 2.69933e-316 2.69933e-316 
35827.6 35827.6 35827.6 35827.6 
57210.6 57210.6 57210.6 57210.6 
3.95253e-322 3.95253e-322 3.95253e-322 3.95253e-322 
2.37152e-322 2.37152e-322 2.37152e-322 2.37152e-322 
2.58265e-316 2.58265e-316 2.58265e-316 2.58265e-316 
6.96872e+06 6.96872e+06 6.96872e+06 
942591 942591 942591 
1.59829e+06 1.59829e+06 1.59829e+06 
0 0 0 
8.74496e-322 8.74496e-322 8.74496e-322 
6.94647e-310 6.94647e-310 6.94647e-310 
11.8764 11.8764 11.8764 
3382.81 3382.81 3382.81 
3.21143e-322 3.21143e-322 3.21143e-322 
2.51665e-316 2.51665e-316 2.51665e-316 2.51665e-316 
1.04212e-05 1.04212e-05 1.04212e-05 1.04212e-05 
0.000132486 0.000132486 0.000132486 0.000132486 
5685.87 5685.87 5685.87 5685.87 
0 0 0 0 
7.16395e-322 7.16395e-322 7.16395e-322 7.16395e-322 
2.58224e-316 2.58224e-316 2.58224e-316 2.58224e-316 
6.94647e-310 6.94647e-310 6.94647e-310 6.94647e-310 
2.56584e-316 2.56584e-316 2.56584e-316 2.56584e-316 
2.69651e-316 2.69651e-316 2.69651e-316 2.69651e-316 2.69651e-316 
2.69656e-316 2.69656e-316 2.69656e-316 2.69656e-316 2.69656e-316 
2.49677e-316 2.49677e-316 2.49677e-316 2.49677e-316 2.49677e-316 
6.94645e-310 6.94645e-310 6.94645e-310 6.94645e-310 6.94645e-310 
2.122e-314 2.122e-314 2.122e-314 2.122e-314 2.122e-314 
2.57898e-316 2.57898e-316 2.57898e-316 2.57898e-316 2.57898e-316 
1.63042e-322 1.63042e-322 1.63042e-322 1.63042e-322 1.63042e-322 
6.94645e-310 6.94645e-310 6.94645e-310 6.94645e-310 6.94645e-310 
2.42092e-322 2.42092e-322 2.42092e-322 2.42092e-322 2.42092e-322 
R=7parameters: 
-0.613348 -0.613348 
0.288915 0.288915 
2.37007e-05 2.37007e-05 
0.532763 0.532763 
-0.597168 -0.597168 
2.69649e-316 2.69649e-316 
6.22302e+07 6.22302e+07 
-3008.54 -3008.54 
19670.7 19670.7 
1.9812e-321 1.9812e-321 1.9812e-321 
6.94647e-310 6.94647e-310 6.94647e-310 
2.56217e-316 2.56217e-316 2.56217e-316 
-0.0148178 -0.0148178 -0.0148178 
2.47467 2.47467 2.47467 
2.37152e-322 2.37152e-322 2.37152e-322 
2.42092e-322 2.42092e-322 2.42092e-322 
2.52575e-316 2.52575e-316 2.52575e-316 
0 0 0 
128189 128189 128189 128189 
219554 219554 219554 219554 
0 0 0 0 
6.37345e-322 6.37345e-322 6.37345e-322 6.37345e-322 
0.500039 0.500039 0.500039 0.500039 
5.34794e-07 5.34794e-07 5.34794e-07 5.34794e-07 
2.86378e-06 2.86378e-06 2.86378e-06 2.86378e-06 
0 0 0 0 
0 0 0 0 
3.49589e-05 3.49589e-05 3.49589e-05 
0 0 0 
0 0 0 
0 0 0 
1.67772e+07 1.67772e+07 1.67772e+07 
0 0 0 
0 0 0 
0 0 0 
0 0 0 
1.67772e+07 1.67772e+07 1.67772e+07 1.67772e+07 
6.37345e-322 6.37345e-322 6.37345e-322 6.37345e-322 
2.56824e-316 2.56824e-316 2.56824e-316 2.56824e-316 
6.37345e-322 6.37345e-322 6.37345e-322 6.37345e-322 
4.69307e-05 4.69307e-05 4.69307e-05 4.69307e-05 
-1.0923e-05 -1.0923e-05 -1.0923e-05 -1.0923e-05 
2.22646e-05 2.22646e-05 2.22646e-05 2.22646e-05 
2.122e-314 2.122e-314 2.122e-314 2.122e-314 
2.57747e-316 2.57747e-316 2.57747e-316 2.57747e-316 
4.00193e-322 4.00193e-322 4.00193e-322 4.00193e-322 4.00193e-322 
2.57855e-316 2.57855e-316 2.57855e-316 2.57855e-316 2.57855e-316 
2.56183e-316 2.56183e-316 2.56183e-316 2.56183e-316 2.56183e-316 
0.0045593 0.0045593 0.0045593 0.0045593 0.0045593 
0.0011144 0.0011144 0.0011144 0.0011144 0.0011144 
2.58332e-316 2.58332e-316 2.58332e-316 2.58332e-316 2.58332e-316 
3.21143e-322 3.21143e-322 3.21143e-322 3.21143e-322 3.21143e-322 
2.47033e-323 2.47033e-323 2.47033e-323 2.47033e-323 2.47033e-323 
2.42092e-322 2.42092e-322 2.42092e-322 2.42092e-322 2.42092e-322 
R=8parameters: 
-0.603573 -0.603573 
0.296539 0.296539 
-0.000224602 -0.000224602 
0.427626 0.427626 
-0.483572 -0.483572 
2.69649e-316 2.69649e-316 
6.22302e+07 6.22302e+07 
-3008.54 -3008.54 
19670.7 19670.7 
1.9812e-321 1.9812e-321 1.9812e-321 
6.94647e-310 6.94647e-310 6.94647e-310 
2.69828e-316 2.69828e-316 2.69828e-316 
-0.0139399 -0.0139399 -0.0139399 
-4.59103 -4.59103 -4.59103 
2.37152e-322 2.37152e-322 2.37152e-322 
2.37152e-322 2.37152e-322 2.37152e-322 
2.49999e-316 2.49999e-316 2.49999e-316 
0 0 0 
0 0 0 0 
0 0 0 0 
-0.00350046 -0.00350046 -0.00350046 -0.00350046 
-0.0026482 -0.0026482 -0.0026482 -0.0026482 
0 0 0 0 
1.42785e-321 1.42785e-321 1.42785e-321 1.42785e-321 
1.67772e+07 1.67772e+07 1.67772e+07 1.67772e+07 
1.63042e-322 1.63042e-322 1.63042e-322 1.63042e-322 
6.94645e-310 6.94645e-310 6.94645e-310 6.94645e-310 
0 0 0 
2.69824e-316 2.69824e-316 2.69824e-316 
1.63042e-322 1.63042e-322 1.63042e-322 
2.69703e-316 2.69703e-316 2.69703e-316 
2.5705e-316 2.5705e-316 2.5705e-316 
3.16202e-322 3.16202e-322 3.16202e-322 
4.00193e-322 4.00193e-322 4.00193e-322 
6.94647e-310 6.94647e-310 6.94647e-310 
6.94647e-310 6.94647e-310 6.94647e-310 
7.7637e-06 7.7637e-06 7.7637e-06 7.7637e-06 
1.83385e-07 1.83385e-07 1.83385e-07 1.83385e-07 
-1.20086e-07 -1.20086e-07 -1.20086e-07 -1.20086e-07 
1.75207e-05 1.75207e-05 1.75207e-05 1.75207e-05 
-5.20688e-05 -5.20688e-05 -5.20688e-05 -5.20688e-05 
1.42235e-05 1.42235e-05 1.42235e-05 1.42235e-05 
2.57407e-316 2.57407e-316 2.57407e-316 2.57407e-316 
4.00193e-322 4.00193e-322 4.00193e-322 4.00193e-322 
6.94635e-310 6.94635e-310 6.94635e-310 6.94635e-310 
2.58332e-316 2.58332e-316 2.58332e-316 2.58332e-316 2.58332e-316 
5.00905 5.00905 5.00905 5.00905 5.00905 
4.24896e-321 4.24896e-321 4.24896e-321 4.24896e-321 4.24896e-321 
23092 23092 23092 23092 23092 
1.63042e-322 1.63042e-322 1.63042e-322 1.63042e-322 1.63042e-322 
6.94645e-310 6.94645e-310 6.94645e-310 6.94645e-310 6.94645e-310 
2.122e-314 2.122e-314 2.122e-314 2.122e-314 2.122e-314 
2.54156e-316 2.54156e-316 2.54156e-316 2.54156e-316 2.54156e-316 
2.42092e-322 2.42092e-322 2.42092e-322 2.42092e-322 2.42092e-322 
R=9parameters: 
-0.596146 -0.596146 
0.302233 0.302233 
0.36075 0.36075 
7.07781 7.07781 
-29.2011 -29.2011 
2.69649e-316 2.69649e-316 
6.22302e+07 6.22302e+07 
-3008.54 -3008.54 
19670.7 19670.7 
1.11165e-321 1.11165e-321 1.11165e-321 
2.57877e-316 2.57877e-316 2.57877e-316 
2.69791e-316 2.69791e-316 2.69791e-316 
2.69797e-316 2.69797e-316 2.69797e-316 
2.69807e-316 2.69807e-316 2.69807e-316 
2.69819e-316 2.69819e-316 2.69819e-316 
2.69806e-316 2.69806e-316 2.69806e-316 
1.4901 1.4901 1.4901 
-5828.89 -5828.89 -5828.89 
6.94645e-310 6.94645e-310 6.94645e-310 6.94645e-310 
2.122e-314 2.122e-314 2.122e-314 2.122e-314 
2.68635e-316 2.68635e-316 2.68635e-316 2.68635e-316 
2.42092e-322 2.42092e-322 2.42092e-322 2.42092e-322 
54.0971 54.0971 54.0971 54.0971 
0.297086 0.297086 0.297086 0.297086 
0.000282639 0.000282639 0.000282639 0.000282639 
-0.00879537 -0.00879537 -0.00879537 -0.00879537 
0 0 0 0 
2.42092e-322 2.42092e-322 2.42092e-322 
2.51365e-316 2.51365e-316 2.51365e-316 
2.69718e-316 2.69718e-316 2.69718e-316 
-0.0654107 -0.0654107 -0.0654107 
0.362476 0.362476 0.362476 
13.9242 13.9242 13.9242 
2.42092e-322 2.42092e-322 2.42092e-322 
2.51383e-316 2.51383e-316 2.51383e-316 
0 0 0 
1 1 1 1 
0 0 0 0 
0 0 0 0 
6.37345e-322 6.37345e-322 6.37345e-322 6.37345e-322 
2.56787e-316 2.56787e-316 2.56787e-316 2.56787e-316 
2.122e-314 2.122e-314 2.122e-314 2.122e-314 
2.69702e-316 2.69702e-316 2.69702e-316 2.69702e-316 
3.16202e-322 3.16202e-322 3.16202e-322 3.16202e-322 
2.58332e-316 2.58332e-316 2.58332e-316 2.58332e-316 
2.42092e-322 2.42092e-322 2.42092e-322 2.42092e-322 2.42092e-322 
2.56676e-316 2.56676e-316 2.56676e-316 2.56676e-316 2.56676e-316 
1.41595 1.41595 1.41595 1.41595 1.41595 
35639.8 35639.8 35639.8 35639.8 35639.8 
-1.99679 -1.99679 -1.99679 -1.99679 -1.99679 
2.56219e-316 2.56219e-316 2.56219e-316 2.56219e-316 2.56219e-316 
68.6437 68.6437 68.6437 68.6437 68.6437 
2.55741e-316 2.55741e-316 2.55741e-316 2.55741e-316 2.55741e-316 
2.56219e-316 2.56219e-316 2.56219e-316 2.56219e-316 2.56219e-316 
R=10parameters: 
-0.587852 -0.587852 
0.306789 0.306789 
-0.000190516 -0.000190516 
0.452427 0.452427 
-0.511176 -0.511176 
2.69649e-316 2.69649e-316 
6.22302e+07 6.22302e+07 
-3008.54 -3008.54 
19670.7 19670.7 
1.9812e-321 1.9812e-321 1.9812e-321 
6.94647e-310 6.94647e-310 6.94647e-310 
2.56217e-316 2.56217e-316 2.56217e-316 
0.907216 0.907216 0.907216 
90.6645 90.6645 90.6645 
2.37152e-322 2.37152e-322 2.37152e-322 
2.37152e-322 2.37152e-322 2.37152e-322 
6.94635e-310 6.94635e-310 6.94635e-310 
2.58135e-316 2.58135e-316 2.58135e-316 
2.47033e-323 2.47033e-323 2.47033e-323 2.47033e-323 
2.56616e-316 2.56616e-316 2.56616e-316 2.56616e-316 
3022.44 3022.44 3022.44 3022.44 
2.56119e-316 2.56119e-316 2.56119e-316 2.56119e-316 
2.48995e-316 2.48995e-316 2.48995e-316 2.48995e-316 
4.79244e-322 4.79244e-322 4.79244e-322 4.79244e-322 
2.52575e-316 2.52575e-316 2.52575e-316 2.52575e-316 
-4.48966e-267 -4.48966e-267 -4.48966e-267 -4.48966e-267 
-0.0304003 -0.0304003 -0.0304003 -0.0304003 
-0.0255026 -0.0255026 -0.0255026 
2.52638e-316 2.52638e-316 2.52638e-316 
2.42092e-322 2.42092e-322 2.42092e-322 
2.68598e-316 2.68598e-316 2.68598e-316 
2.56615e-316 2.56615e-316 2.56615e-316 
61.2402 61.2402 61.2402 
-193.868 -193.868 -193.868 
0.0572195 0.0572195 0.0572195 
4.00193e-322 4.00193e-322 4.00193e-322 
2.58331e-316 2.58331e-316 2.58331e-316 2.58331e-316 
2.56252e-316 2.56252e-316 2.56252e-316 2.56252e-316 
2.57897e-316 2.57897e-316 2.57897e-316 2.57897e-316 
2.58333e-316 2.58333e-316 2.58333e-316 2.58333e-316 
2.47033e-323 2.47033e-323 2.47033e-323 2.47033e-323 
1.48667e-316 1.48667e-316 1.48667e-316 1.48667e-316 
23.7903 23.7903 23.7903 23.7903 
2.55893e-316 2.55893e-316 2.55893e-316 2.55893e-316 
2.65582 2.65582 2.65582 2.65582 
1653.3 1653.3 1653.3 1653.3 1653.3 
-2136.73 -2136.73 -2136.73 -2136.73 -2136.73 
4.79244e-322 4.79244e-322 4.79244e-322 4.79244e-322 4.79244e-322 
2.5792e-316 2.5792e-316 2.5792e-316 2.5792e-316 2.5792e-316 
3.95253e-322 3.95253e-322 3.95253e-322 3.95253e-322 3.95253e-322 
3.5936e+246 3.5936e+246 3.5936e+246 3.5936e+246 3.5936e+246 
2.14726e+243 2.14726e+243 2.14726e+243 2.14726e+243 2.14726e+243 
0.0986576 0.0986576 0.0986576 0.0986576 0.0986576 
2.42092e-322 2.42092e-322 2.42092e-322 2.42092e-322 2.42092e-322 
R=11parameters: 
-0.587033 -0.587033 
0.307892 0.307892 
0.000214128 0.000214128 
0.785128 0.785128 
-0.906589 -0.906589 
2.69649e-316 2.69649e-316 
6.22302e+07 6.22302e+07 
-3008.54 -3008.54 
19670.7 19670.7 
1.74405e-321 1.74405e-321 1.74405e-321 
6.94647e-310 6.94647e-310 6.94647e-310 
6.94647e-310 6.94647e-310 6.94647e-310 
1.00578 1.00578 1.00578 
0.728157 0.728157 0.728157 
0.184258 0.184258 0.184258 
4.79244e-322 4.79244e-322 4.79244e-322 
2.56336e-316 2.56336e-316 2.56336e-316 
2.56335e-316 2.56335e-316 2.56335e-316 
20967 20967 20967 20967 
0.000253375 0.000253375 0.000253375 0.000253375 
0 0 0 0 
0 0 0 0 
0 0 0 0 
0 0 0 0 
1.67772e+07 1.67772e+07 1.67772e+07 1.67772e+07 
4.00193e-322 4.00193e-322 4.00193e-322 4.00193e-322 
2.52866e-316 2.52866e-316 2.52866e-316 2.52866e-316 
-4.48966e-267 -4.48966e-267 -4.48966e-267 
2.58224e-316 2.58224e-316 2.58224e-316 
2.69778e-316 2.69778e-316 2.69778e-316 
2.52446e-316 2.52446e-316 2.52446e-316 
2.57413e-316 2.57413e-316 2.57413e-316 
7366.28 7366.28 7366.28 
2117.23 2117.23 2117.23 
3.95253e-322 3.95253e-322 3.95253e-322 
6.32404e-322 6.32404e-322 6.32404e-322 
7.84252 7.84252 7.84252 7.84252 
-9.03222e-07 -9.03222e-07 -9.03222e-07 -9.03222e-07 
2.44856e-06 2.44856e-06 2.44856e-06 2.44856e-06 
1.63042e-322 1.63042e-322 1.63042e-322 1.63042e-322 
6.94645e-310 6.94645e-310 6.94645e-310 6.94645e-310 
2.122e-314 2.122e-314 2.122e-314 2.122e-314 
2.58247e-316 2.58247e-316 2.58247e-316 2.58247e-316 
6.37345e-322 6.37345e-322 6.37345e-322 6.37345e-322 
2.5661e-316 2.5661e-316 2.5661e-316 2.5661e-316 
1.63042e-322 1.63042e-322 1.63042e-322 1.63042e-322 1.63042e-322 
2.57347e-316 2.57347e-316 2.57347e-316 2.57347e-316 2.57347e-316 
2.69759e-316 2.69759e-316 2.69759e-316 2.69759e-316 2.69759e-316 
2.58333e-316 2.58333e-316 2.58333e-316 2.58333e-316 2.58333e-316 
1.63042e-322 1.63042e-322 1.63042e-322 1.63042e-322 1.63042e-322 
-94344.2 -94344.2 -94344.2 -94344.2 -94344.2 
-2272.96 -2272.96 -2272.96 -2272.96 -2272.96 
9.60239e-05 9.60239e-05 9.60239e-05 9.60239e-05 9.60239e-05 
2.52637e-316 2.52637e-316 2.52637e-316 2.52637e-316 2.52637e-316 
T Models:
(* Fitting with shape 1 1 1 1 1 1 1 1 1 1 0 0 *)
G[T_,xx_]:=Exp[0+xx[[1]]*T^1+xx[[2]]*T^2]*(1)
(* Fitting with shape 1 1 1 1 1 1 1 1 1 1 1 0 *)
G[T_,xx_]:=Exp[0+xx[[1]]*T^1+xx[[2]]*T^2]*(1)
(* Fitting with shape 1 1 1 1 1 1 1 1 1 1 1 1 *)
G[T_,xx_]:=Exp[0+xx[[1]]*T^1+xx[[2]]*T^2]*(1)
(* Fitting with shape 0 1 1 1 1 1 1 1 1 1 0 0 *)
G[T_,xx_]:=Exp[0+xx[[1]]*T^1+xx[[2]]*T^2]*(1)
(* Fitting with shape 0 1 1 1 1 1 1 1 1 1 1 0 *)
G[T_,xx_]:=Exp[0+xx[[1]]*T^1+xx[[2]]*T^2]*(1)
(* Fitting with shape 0 1 1 1 1 1 1 1 1 1 1 1 *)
G[T_,xx_]:=Exp[0+xx[[1]]*T^1+xx[[2]]*T^2]*(1)
(* Fitting with shape 0 0 1 1 1 1 1 1 1 1 0 0 *)
G[T_,xx_]:=Exp[0+xx[[1]]*T^1+xx[[2]]*T^2]*(1)
(* Fitting with shape 0 0 1 1 1 1 1 1 1 1 1 0 *)
G[T_,xx_]:=Exp[0+xx[[1]]*T^1+xx[[2]]*T^2]*(1)
(* Fitting with shape 0 0 1 1 1 1 1 1 1 1 1 1 *)
G[T_,xx_]:=Exp[0+xx[[1]]*T^1+xx[[2]]*T^2]*(1)
(* Fitting with shape 1 1 1 1 1 1 1 1 1 1 0 0 *)
G[T_,xx_]:=Exp[0+xx[[1]]*T^1+xx[[2]]*T^2]*(1+xx[[3]]/(T^1))
(* Fitting with shape 1 1 1 1 1 1 1 1 1 1 1 0 *)
G[T_,xx_]:=Exp[0+xx[[1]]*T^1+xx[[2]]*T^2]*(1+xx[[3]]/(T^1))
(* Fitting with shape 1 1 1 1 1 1 1 1 1 1 1 1 *)
G[T_,xx_]:=Exp[0+xx[[1]]*T^1+xx[[2]]*T^2]*(1+xx[[3]]/(T^1))
(* Fitting with shape 0 1 1 1 1 1 1 1 1 1 0 0 *)
G[T_,xx_]:=Exp[0+xx[[1]]*T^1+xx[[2]]*T^2]*(1+xx[[3]]/(T^1))
(* Fitting with shape 0 1 1 1 1 1 1 1 1 1 1 0 *)
G[T_,xx_]:=Exp[0+xx[[1]]*T^1+xx[[2]]*T^2]*(1+xx[[3]]/(T^1))
(* Fitting with shape 0 1 1 1 1 1 1 1 1 1 1 1 *)
G[T_,xx_]:=Exp[0+xx[[1]]*T^1+xx[[2]]*T^2]*(1+xx[[3]]/(T^1))
(* Fitting with shape 0 0 1 1 1 1 1 1 1 1 0 0 *)
G[T_,xx_]:=Exp[0+xx[[1]]*T^1+xx[[2]]*T^2]*(1+xx[[3]]/(T^1))
(* Fitting with shape 0 0 1 1 1 1 1 1 1 1 1 0 *)
G[T_,xx_]:=Exp[0+xx[[1]]*T^1+xx[[2]]*T^2]*(1+xx[[3]]/(T^1))
(* Fitting with shape 0 0 1 1 1 1 1 1 1 1 1 1 *)
G[T_,xx_]:=Exp[0+xx[[1]]*T^1+xx[[2]]*T^2]*(1+xx[[3]]/(T^1))
(* Fitting with shape 1 1 1 1 1 1 1 1 1 1 0 0 *)
G[T_,xx_]:=Exp[0+xx[[1]]*T^1+xx[[2]]*T^2]*(1+xx[[3]]/(T^1)+xx[[4]]/(T^2))
(* Fitting with shape 1 1 1 1 1 1 1 1 1 1 1 0 *)
G[T_,xx_]:=Exp[0+xx[[1]]*T^1+xx[[2]]*T^2]*(1+xx[[3]]/(T^1)+xx[[4]]/(T^2))
(* Fitting with shape 1 1 1 1 1 1 1 1 1 1 1 1 *)
G[T_,xx_]:=Exp[0+xx[[1]]*T^1+xx[[2]]*T^2]*(1+xx[[3]]/(T^1)+xx[[4]]/(T^2))
(* Fitting with shape 0 1 1 1 1 1 1 1 1 1 0 0 *)
G[T_,xx_]:=Exp[0+xx[[1]]*T^1+xx[[2]]*T^2]*(1+xx[[3]]/(T^1)+xx[[4]]/(T^2))
(* Fitting with shape 0 1 1 1 1 1 1 1 1 1 1 0 *)
G[T_,xx_]:=Exp[0+xx[[1]]*T^1+xx[[2]]*T^2]*(1+xx[[3]]/(T^1)+xx[[4]]/(T^2))
(* Fitting with shape 0 1 1 1 1 1 1 1 1 1 1 1 *)
G[T_,xx_]:=Exp[0+xx[[1]]*T^1+xx[[2]]*T^2]*(1+xx[[3]]/(T^1)+xx[[4]]/(T^2))
(* Fitting with shape 0 0 1 1 1 1 1 1 1 1 0 0 *)
G[T_,xx_]:=Exp[0+xx[[1]]*T^1+xx[[2]]*T^2]*(1+xx[[3]]/(T^1)+xx[[4]]/(T^2))
(* Fitting with shape 0 0 1 1 1 1 1 1 1 1 1 0 *)
G[T_,xx_]:=Exp[0+xx[[1]]*T^1+xx[[2]]*T^2]*(1+xx[[3]]/(T^1)+xx[[4]]/(T^2))
(* Fitting with shape 0 0 1 1 1 1 1 1 1 1 1 1 *)
G[T_,xx_]:=Exp[0+xx[[1]]*T^1+xx[[2]]*T^2]*(1+xx[[3]]/(T^1)+xx[[4]]/(T^2))
(* Fitting with shape 1 1 1 1 1 1 1 1 1 1 0 0 *)
G[T_,xx_]:=Exp[0+xx[[1]]*T^1+xx[[2]]*T^2+xx[[3]]*T^3]*(1)
(* Fitting with shape 1 1 1 1 1 1 1 1 1 1 1 0 *)
G[T_,xx_]:=Exp[0+xx[[1]]*T^1+xx[[2]]*T^2+xx[[3]]*T^3]*(1)
(* Fitting with shape 1 1 1 1 1 1 1 1 1 1 1 1 *)
G[T_,xx_]:=Exp[0+xx[[1]]*T^1+xx[[2]]*T^2+xx[[3]]*T^3]*(1)
(* Fitting with shape 0 1 1 1 1 1 1 1 1 1 0 0 *)
G[T_,xx_]:=Exp[0+xx[[1]]*T^1+xx[[2]]*T^2+xx[[3]]*T^3]*(1)
(* Fitting with shape 0 1 1 1 1 1 1 1 1 1 1 0 *)
G[T_,xx_]:=Exp[0+xx[[1]]*T^1+xx[[2]]*T^2+xx[[3]]*T^3]*(1)
(* Fitting with shape 0 1 1 1 1 1 1 1 1 1 1 1 *)
G[T_,xx_]:=Exp[0+xx[[1]]*T^1+xx[[2]]*T^2+xx[[3]]*T^3]*(1)
(* Fitting with shape 0 0 1 1 1 1 1 1 1 1 0 0 *)
G[T_,xx_]:=Exp[0+xx[[1]]*T^1+xx[[2]]*T^2+xx[[3]]*T^3]*(1)
(* Fitting with shape 0 0 1 1 1 1 1 1 1 1 1 0 *)
G[T_,xx_]:=Exp[0+xx[[1]]*T^1+xx[[2]]*T^2+xx[[3]]*T^3]*(1)
(* Fitting with shape 0 0 1 1 1 1 1 1 1 1 1 1 *)
G[T_,xx_]:=Exp[0+xx[[1]]*T^1+xx[[2]]*T^2+xx[[3]]*T^3]*(1)
(* Fitting with shape 1 1 1 1 1 1 1 1 1 1 0 0 *)
G[T_,xx_]:=Exp[0+xx[[1]]*T^1+xx[[2]]*T^2+xx[[3]]*T^3]*(1+xx[[4]]/(T^1))
(* Fitting with shape 1 1 1 1 1 1 1 1 1 1 1 0 *)
G[T_,xx_]:=Exp[0+xx[[1]]*T^1+xx[[2]]*T^2+xx[[3]]*T^3]*(1+xx[[4]]/(T^1))
(* Fitting with shape 1 1 1 1 1 1 1 1 1 1 1 1 *)
G[T_,xx_]:=Exp[0+xx[[1]]*T^1+xx[[2]]*T^2+xx[[3]]*T^3]*(1+xx[[4]]/(T^1))
(* Fitting with shape 0 1 1 1 1 1 1 1 1 1 0 0 *)
G[T_,xx_]:=Exp[0+xx[[1]]*T^1+xx[[2]]*T^2+xx[[3]]*T^3]*(1+xx[[4]]/(T^1))
(* Fitting with shape 0 1 1 1 1 1 1 1 1 1 1 0 *)
G[T_,xx_]:=Exp[0+xx[[1]]*T^1+xx[[2]]*T^2+xx[[3]]*T^3]*(1+xx[[4]]/(T^1))
(* Fitting with shape 0 1 1 1 1 1 1 1 1 1 1 1 *)
G[T_,xx_]:=Exp[0+xx[[1]]*T^1+xx[[2]]*T^2+xx[[3]]*T^3]*(1+xx[[4]]/(T^1))
(* Fitting with shape 0 0 1 1 1 1 1 1 1 1 0 0 *)
G[T_,xx_]:=Exp[0+xx[[1]]*T^1+xx[[2]]*T^2+xx[[3]]*T^3]*(1+xx[[4]]/(T^1))
(* Fitting with shape 0 0 1 1 1 1 1 1 1 1 1 0 *)
G[T_,xx_]:=Exp[0+xx[[1]]*T^1+xx[[2]]*T^2+xx[[3]]*T^3]*(1+xx[[4]]/(T^1))
(* Fitting with shape 0 0 1 1 1 1 1 1 1 1 1 1 *)
G[T_,xx_]:=Exp[0+xx[[1]]*T^1+xx[[2]]*T^2+xx[[3]]*T^3]*(1+xx[[4]]/(T^1))
(* Fitting with shape 1 1 1 1 1 1 1 1 1 1 0 0 *)
G[T_,xx_]:=Exp[0+xx[[1]]*T^1+xx[[2]]*T^2+xx[[3]]*T^3]*(1+xx[[4]]/(T^1)+xx[[5]]/(T^2))
(* Fitting with shape 1 1 1 1 1 1 1 1 1 1 1 0 *)
G[T_,xx_]:=Exp[0+xx[[1]]*T^1+xx[[2]]*T^2+xx[[3]]*T^3]*(1+xx[[4]]/(T^1)+xx[[5]]/(T^2))
(* Fitting with shape 1 1 1 1 1 1 1 1 1 1 1 1 *)
G[T_,xx_]:=Exp[0+xx[[1]]*T^1+xx[[2]]*T^2+xx[[3]]*T^3]*(1+xx[[4]]/(T^1)+xx[[5]]/(T^2))
(* Fitting with shape 0 1 1 1 1 1 1 1 1 1 0 0 *)
G[T_,xx_]:=Exp[0+xx[[1]]*T^1+xx[[2]]*T^2+xx[[3]]*T^3]*(1+xx[[4]]/(T^1)+xx[[5]]/(T^2))
(* Fitting with shape 0 1 1 1 1 1 1 1 1 1 1 0 *)
G[T_,xx_]:=Exp[0+xx[[1]]*T^1+xx[[2]]*T^2+xx[[3]]*T^3]*(1+xx[[4]]/(T^1)+xx[[5]]/(T^2))
(* Fitting with shape 0 1 1 1 1 1 1 1 1 1 1 1 *)
G[T_,xx_]:=Exp[0+xx[[1]]*T^1+xx[[2]]*T^2+xx[[3]]*T^3]*(1+xx[[4]]/(T^1)+xx[[5]]/(T^2))
(* Fitting with shape 0 0 1 1 1 1 1 1 1 1 0 0 *)
G[T_,xx_]:=Exp[0+xx[[1]]*T^1+xx[[2]]*T^2+xx[[3]]*T^3]*(1+xx[[4]]/(T^1)+xx[[5]]/(T^2))
(* Fitting with shape 0 0 1 1 1 1 1 1 1 1 1 0 *)
G[T_,xx_]:=Exp[0+xx[[1]]*T^1+xx[[2]]*T^2+xx[[3]]*T^3]*(1+xx[[4]]/(T^1)+xx[[5]]/(T^2))
(* Fitting with shape 0 0 1 1 1 1 1 1 1 1 1 1 *)
G[T_,xx_]:=Exp[0+xx[[1]]*T^1+xx[[2]]*T^2+xx[[3]]*T^3]*(1+xx[[4]]/(T^1)+xx[[5]]/(T^2))
Probabilities: 
        0         0         0         0         0         0         0         0         0         0         0         0         0         0         0  0.238134         0         0         0         0         0         0         0         0  0.761866         0         0         0         0         0         0         0         0         0         0         0         0         0         0         0         0         0         0         0         0         0         0         0         0         0         0         0         0         0
        0         0         0         0         0         0         0         0         0         0         0         0         0         0         0         0         0         0         0         0         0         0         0         0  0.226555         0         0         0         0         0         0         0         0         0         0         0         0         0         0         0         0         0  0.773445         0         0         0         0         0         0         0         0         0         0         0
        0         0         0         0         0         0         0         0         0         0         0         0         0         0         0         0         0         0         0         0         0         0         0         0  0.539199         0         0         0         0         0         0         0         0         0         0         0         0         0         0         0         0         0  0.460801         0         0         0         0         0         0         0         0         0         0         0
        0         0         0         0         0         0         0         0         0         0         0         0         0         0         0         0         0         0         0         0         0         0         0         0  0.603617         0         0         0         0         0         0         0         0         0         0         0         0         0         0         0         0         0  0.396383         0         0         0         0         0         0         0         0         0         0         0
        0         0         0         0         0         0         0         0         0         0         0         0         0         0         0         0         0         0         0         0         0         0         0         0  0.728034         0         0         0         0         0         0         0         0         0         0         0         0         0         0         0         0         0         0         0         0         0         0         0         0         0         0  0.271966         0         0
        0         0         0         0         0         0         0         0         0         0         0         0         0         0         0         0         0         0         0         0         0         0         0         0  0.413603         0         0         0         0         0         0         0         0         0         0         0         0         0         0         0         0         0   0.40173         0         0         0         0         0         0         0         0  0.184667         0         0
        0         0         0         0         0         0         0         0         0         0         0         0         0         0         0         0         0         0         0         0         0         0         0         0         0         0         0         0         0         0         0         0         0  0.158385         0         0         0         0         0         0         0         0  0.474098         0         0         0         0         0         0         0         0  0.367517         0         0
        0         0         0         0         0         0         0         0         0         0         0         0         0         0         0         0         0         0         0         0         0         0         0         0  0.597431         0         0         0         0         0         0         0         0         0         0         0         0         0         0         0         0         0  0.402569         0         0         0         0         0         0         0         0         0         0         0
        0         0         0         0         0         0         0         0         0         0         0         0         0         0         0 0.0186466         0         0         0         0         0         0         0         0  0.475513         0         0         0         0         0         0         0         0         0         0         0         0         0         0         0         0         0  0.330139         0         0         0         0         0         0         0         0  0.175702         0         0
        0         0         0         0         0         0         0         0         0         0         0         0         0         0         0         0         0         0         0         0         0         0         0         0  0.509664         0         0         0         0         0         0         0         0         0         0         0         0         0         0         0         0         0  0.289945         0         0         0         0         0         0         0         0  0.200391         0         0
        0         0         0         0         0         0         0         0         0         0         0         0         0         0         0  0.145856         0         0         0         0         0         0         0         0  0.429241         0         0         0         0         0         0         0         0         0         0         0         0         0         0         0         0         0  0.213216         0         0         0         0         0         0         0         0  0.211687         0         0
        0         0         0         0         0         0         0         0         0         0         0         0         0         0         0  0.165287         0         0         0         0         0         0         0         0  0.530783         0         0         0         0         0         0         0         0         0         0         0         0         0         0         0         0         0         0         0         0         0         0         0         0         0         0  0.303931         0         0

Values: 
  0.149012   0.149011   0.149006   0.148385   0.148383    0.87001   0.520387   0.546347   0.643693   0.147796   0.147792   0.147791   0.147385   0.147378   0.147392   0.147276   0.147266   0.147273   0.147222   0.147215   0.147229   0.147173    0.14716   0.147168   0.147103   0.147089   0.147111    1.13145   0.149751   0.149731    1.11593    1.11712   0.149003    1.08767    1.28067    1.15065   0.148293   0.148282   0.148259   0.944414   0.317538   -2.67465    -1553.3   0.147559     0.7613   0.147384  -0.106216  -0.121139   0.147436   0.147463   0.147334   0.735025   0.653615   0.544562
  0.205047    0.20504   0.320494   0.425349   0.656621   0.482259   0.290415    0.20411    0.32379   0.203726   0.203724   0.203719   0.203097   0.169507   0.203095   0.202874   0.202867   0.202865   0.202772    0.20277    0.20277   0.202603   0.169661   0.183669   0.202284   0.202271   0.720684    1.27207     1.2772    1.27243    1.14186    1.14466    1.12851    1.18671    1.23854   0.981877   0.957416   0.974797   0.204852   0.203962   0.874166   0.203878   0.203998   0.203893   0.203839   0.870397    0.86539   0.867273   0.204081   0.203888   0.203767    1.98039   0.203922   0.203511
  0.231698   0.231684   0.231683   0.242288   0.820027   0.272891   0.230689   0.268867   0.230674   0.230256   0.230245   0.230235   0.229155   0.229171   0.229191   0.228666   0.228638   0.228652   0.228584   0.228596   0.228629   0.360852    0.22793   0.227948   0.227077   0.227015   0.227059    1.12232   0.235639    1.12843    1.23635   0.234645    1.12371    1.01083    1.03228    1.05983   0.964562    0.23292    0.96374   0.231666   0.666559   0.934249   0.231678   0.859646   0.231242   0.230999 -0.0793232 -0.0797061   0.784511   0.231323     1.2054   0.756372   0.229247   0.227696
  0.247925   0.247924   0.247948   0.695703   0.247928   0.247945   0.247314   0.247348   0.387949   0.246851   0.246857   0.246855   0.303736   0.326382   0.245643   0.244897   0.244931   0.244927   0.310976   0.117714     0.2449   0.243896   0.243841   0.243838   0.242734   0.242641    0.24266    1.14457    0.25447    1.25096   0.253709    1.21965    1.17677   0.992338    0.99404    1.00392    1.07748    1.06624   0.251009   0.249466    0.85995   0.995009   0.249283    0.98999   0.248774   0.248525   0.816492   0.248241   0.248706   0.248551   0.247882   0.840496   0.245566    1.16897
  0.260606   0.260645   0.260626   0.260729   0.260713   0.260699   0.260157   0.260087   0.260092   0.259604   0.259557   0.259557   0.258183    0.25815   0.258198   0.257384   0.257286   0.257357   0.257294   0.257254    0.65103   0.315493   0.298366   0.344942    0.25515   0.678182   0.674294    1.31891    1.30824    1.31037    1.12465    1.10555    1.09835    1.24806   0.985914   0.985833   0.250511   0.570346   0.264789   0.907976   0.262911    0.26191   0.592072   0.262257   0.260634   -1.77133   0.880767   0.892752  0.0242604   0.260992   0.258191   0.254106   0.256672   0.251114
   0.27122    0.27115   0.271147    0.52743   0.541101   0.557893   0.271166   0.271056   0.354666   0.270537   0.270436   0.270432   0.766279   0.586844   0.593789   0.267971   0.267733   0.267727   0.267827   0.267706     0.2677   0.266546    0.26603   0.266022   0.264794   0.263972   0.264076    1.03764    1.03625     1.0404    1.26079   0.281849    1.27697    1.02363   0.985273   0.986888   0.970563   0.278743   0.970292   0.275492   0.852309   0.949283   0.275584    0.27654    0.89544   0.273831   -1.74601   0.736714   0.275178   0.276888    1.16225   0.270159   0.275676   0.735808
  0.280696   0.280315   0.280319   0.281571   0.281161   0.281165   0.280991   0.280489   0.280483   0.280287   0.279866   0.279872   0.278373   0.277944   0.277929   0.566447   0.276639   0.276622   0.277102   0.276644   0.276627   0.785057   0.792431   0.808343   0.333472   0.822322   0.272935    0.29602    1.13193     1.1352    1.25753   0.389018    1.12097   0.290532   0.290531    1.12806     0.9265    0.28956   0.923982    0.28568    1.19459          1    0.28564  0.0419706   0.284386   0.745151   0.556362   0.874807   0.284443    1.76643   0.282316   0.272079   0.279765    0.27231
  0.289521   0.288915   0.289008   0.290311   0.315524   0.339092   0.289706    0.28896   0.307763   0.288926   0.288283   0.288373   0.801793   0.813497   0.811705   0.285796    0.28484   0.284844   0.285575   0.284832   0.284806   0.283866   0.287722   0.306045   0.281119   0.347791    0.34545    1.12196    1.12191    1.11605    1.21379   0.303046    1.19228   -27.1664    0.98563   0.986178   0.970252   0.971427   0.970765   0.295551   0.296331   0.295578     0.2963   0.297286   0.295622   0.888667   0.927381          1   0.296059   0.651273   0.294714   0.717584   0.290991    0.28595
  0.296943   0.296539   0.296632   0.297713    0.29735   0.297519    0.29706   0.296552   0.296657   0.296238    0.29583   0.296004   0.294225   0.293812   0.293832   0.293212   0.292447    0.29243   0.292846   0.292394    0.29234   0.291309   0.290149   0.289957   0.288244   0.286977   0.286786     1.2679    1.25449    0.42656    1.26114    1.19153   0.310426    1.24038    1.23942    1.05452   0.307747    0.30732   0.306561   0.302883     1.1617   0.830123   0.304051   0.868323   0.303738  -0.837556   0.934163    0.28166   0.855231   0.925098   0.303481   0.289904    0.29879   0.839665
  0.302792   0.302233    0.37133   0.392753   0.405014   0.427952   0.302614   0.301981   0.301905   0.301794   0.301279   0.301205   0.346375    0.35543   0.386717   0.517258   0.550562   0.297864   0.298402   0.297854   0.297714   0.296978   0.295921   0.295713   0.294183   0.293116   0.292922   0.321354    1.12456    1.13515    1.16039   0.605896    0.31626   0.992546   0.994566   0.995664   0.946923   0.948756   0.951005   -1.25739    1.12714   0.307971    0.30831    0.45809   0.308234    0.30532   0.930307   0.931394   0.307281   0.874794   0.307458   0.286686   0.297954   0.298056
  0.307409   0.306789   0.306719   0.307761   0.307174   0.307051   0.512263    0.30595   0.305872   0.305698   0.305185   0.305087   0.704647   0.302893   0.292084   0.302465   0.301782   0.301708   0.302021    0.30151   0.301448   0.300803   0.299947   0.430102   0.298031   0.297348    0.29757    1.30525    0.32367    1.27614    1.18908    1.23232    1.29392   0.988594    0.99387   0.995719   0.316135   0.897452   0.906887    0.31025   0.310672   0.820356   0.310726    0.31127   0.614726   0.888224   0.923604          1  0.0718364   0.854939    1.03691   0.280616   0.292516    0.29181
  0.308613   0.307892   0.308062   0.309083   0.308378   0.308318   0.307744   0.307057   0.307092   0.306948   0.306297   0.306234   0.343873   0.328705   0.303845   0.303567   0.467931   0.468604   0.303115   0.302306   0.302319   0.526708   0.300237   0.300239   0.298962   0.296938   0.297089    1.37094   0.325543   0.325718    1.15329    1.16395    1.16802    1.23198    1.00383    0.98554   0.317573   0.910232   0.926346   0.311562    2.75299   0.757606    0.88395   0.519005    1.00974   0.308831     0.8882   0.880359   0.745212   0.976529   0.312198   0.276066   0.300679   0.597932

Errors: 
3.11725e-05 3.11758e-05 3.11151e-05 3.51788e-05 3.51818e-05    0.480719    0.411749    0.403582    0.360066  4.1465e-05 4.14448e-05  4.1105e-05 5.22049e-05 5.20462e-05 5.13878e-05  6.4965e-05 6.43468e-05 6.42783e-05 5.97892e-05 5.94063e-05  5.9893e-05 8.24952e-05 8.13335e-05  8.1442e-05 0.000105544 0.000104366 0.000103453           0 3.77807e-05 3.77345e-05           0           0 4.65873e-05     1.00021     1.00002     1.00017 6.37624e-05 6.19365e-05 6.16563e-05           1 2.02734e-06 0.000545852 0.000874466 0.000136678 0.000372962  0.00012222           1           1 0.000219521 0.000211243 0.000201017           1 0.000593434 6.41082e-07
7.33357e-05 7.33082e-05           0           0           0           0           0 7.95166e-05           0 8.37867e-05 8.34959e-05 8.40331e-05 0.000103804           0  0.00010241 0.000137696 0.000137591 0.000137208 0.000122504  0.00012455 0.000121748 0.000182335           0           0  0.00023994 0.000232078           0           0           0           0           0           0           0     1.00021     1.00034           0           0           0 0.000150361 0.000231506     1.00001  0.00021145 0.000354456 0.000323218  0.00031778    0.835346     1.89897     1.48104  0.00059705 0.000533083 0.000512419           1  0.00117235   0.0010417
0.000135523 0.000135124 0.000135147           0           0           0 0.000144034           0 0.000142439  0.00014629 0.000145892  0.00014532 0.000178512 0.000173014 0.000176551 0.000216267 0.000215827 0.000213837 0.000206449 0.000198472 0.000203935           0 0.000279218 0.000280099 0.000400165 0.000377825 0.000374567           0 0.000221048           0           0 0.000232165           0     1.01548      1.0303     1.00599           0 0.000278992           0 0.000440438           1           0 0.000663587     1.00162 0.000581422 0.000578577 0.000318935 0.000316768  0.00030463 0.000998476     1.10825     1.00003  0.00218629   0.0018578
0.000200882 0.000200447 0.000201176           0 0.000202791 0.000202268 0.000205267 0.000205513           0 0.000207148 0.000207356 0.000207703           0           0 0.000236917 0.000290543 0.000293715  0.00028708           0           0 0.000273251 0.000397715 0.000396967 0.000396349 0.000554805 0.000531826 0.000530633           0 0.000383228           0 0.000397796           0     1.00003           0           0           0           0           0 0.000427881 0.000686875           1      1.0013 0.000992863     1.00415 0.000826203 0.000883649   0.0313188 0.000740235  0.00163815   0.0014201  0.00131864     1.00063    0.003128     1.00002
0.000300347 0.000299224 0.000299132 0.000304882 0.000306445 0.000302856 0.000306893 0.000305795  0.00030524 0.000305961  0.00030759 0.000310649  0.00033878 0.000337303 0.000338813  0.00040539 0.000404535 0.000400801 0.000379932 0.000379668           0           0           0           0 0.000767552           0           0           0           0           0           0           0           0     1.00219           0           0     1.00003           1 0.000652792    0.811586 0.000941026 0.000866843           1  0.00135184  0.00126266  0.00367828  0.00159995  0.00110164 0.000939217  0.00220765  0.00197928  0.00564704  0.00457255  0.00383882
0.000442427 0.000443995 0.000443524           0           0           0 0.000452687 0.000453516           0 0.000453639 0.000462788 0.000460939           0           0           0 0.000558849 0.000558999 0.000556664 0.000536241 0.000530765 0.000530713 0.000730476 0.000705181  0.00071314  0.00105766 0.000957883 0.000935733           0           0           0           0 0.000867054           0     1.04962           0           0           0 0.000950516           0  0.00146538     1.00001   0.0229021  0.00210603  0.00177924     1.00287  0.00177959  0.00419437    0.149978  0.00356475  0.00291995   0.0028482  0.00788656  0.00611721     1.00007
          0 0.000594557 0.000598197           0           0           0 0.000621468  0.00061233 0.000610058 0.000616088 0.000613319 0.000606317  0.00065585 0.000643819 0.000644066           0 0.000708017  0.00072049 0.000709545 0.000719745 0.000699446           0           0           0           0           0  0.00111536  0.00118235           0           0           0           1     1.00001  0.00128378  0.00120973     1.00797           0  0.00123807           0  0.00179262     1.00024           0  0.00270572      1.0008   0.0020168   0.0773141           1  0.00239967  0.00459433     1.07679  0.00335275   0.0105798  0.00882245  0.00735854
0.000806372 0.000789486 0.000794493           0           0           0 0.000809142  0.00080528           0 0.000813007 0.000800818 0.000822822           0           0           0 0.000933957 0.000932354 0.000902321 0.000901339  0.00088288 0.000884422  0.00118546           0           0  0.00169227           0           0           0           0           0           0  0.00138083           0    0.196987           0           0           0           0           0  0.00223541  0.00188506  0.00176959  0.00326696  0.00279822  0.00239634  0.00264329   0.0089611   0.0424259  0.00545268 0.000777855   0.0039391     1.00009   0.0101979  0.00850094
0.000972518 0.000992089 0.000967089           0           0           0  0.00098669 0.000963057 0.000971528 0.000974796 0.000956591  0.00097281  0.00100348  0.00101147  0.00100458  0.00110998  0.00108613  0.00107156  0.00106495  0.00105919  0.00105933  0.00145541   0.0013543  0.00134236   0.0020746   0.0017885   0.0017145           0           0     1.00223           0           0  0.00156647     1.00742     1.00489     1.05835  0.00195516  0.00180185  0.00170034  0.00278806     1.01012     1.00008  0.00402819     1.03712  0.00281254 2.68797e+07   0.0109994     5.59165 0.000312052           1  0.00454236   0.0148034   0.0118342     0.04989
 0.00115917  0.00113745           1           0           0           0   0.0011386   0.0011206  0.00112149  0.00112661  0.00111631  0.00102967           0           0           0           0           0  0.00124186  0.00123738  0.00120302  0.00120597  0.00163629  0.00151521   0.0015132  0.00238579  0.00202398  0.00188984  0.00188578           0           0           0           1  0.00181353           0           0           0           0           0           0   0.0124902     1.00119  0.00249558  0.00458515      1.0037  0.00329707  0.00397563   0.0112422   0.0116475  0.00768494   0.0196978   0.0052776   0.0170487   0.0134648   0.0108915
 0.00132902  0.00132519  0.00132244  0.00132163           0           0           0  0.00127214  0.00132882  0.00124201  0.00126307  0.00127461           0  0.00129112           0  0.00165682  0.00141238  0.00141798  0.00139701  0.00135255  0.00133752  0.00186737  0.00169284           0  0.00264578  0.00224045  0.00211651           0  0.00186769           0           0           0           0           0           0           0  0.00234066           0           0  0.00344007  0.00287666     1.00009  0.00510129  0.00423199   0.0530732   0.0035542   0.0110702   0.0556586   0.0029856   0.0112613  0.00600904   0.0187913   0.0151303   0.0124972
 0.00138775  0.00136909  0.00135159  0.00135728  0.00138842  0.00138423  0.00131575  0.00132116  0.00129557  0.00131093  0.00130978  0.00130599           0           0  0.00133926  0.00150629           0           0   0.0014841   0.0014161  0.00139319           0  0.00179353  0.00180915  0.00271569  0.00230648    0.002275           0  0.00193019  0.00195215           0           0           0     1.00585     1.12412     1.02893   0.0023853           0           0  0.00355596    0.406009     1.00023     1.04496     1.00006           0  0.00442177  0.00365059  0.00467178   0.0118506     1.00016  0.00638708   0.0198914   0.0152489    0.993449

Statuses: 
0 0 0 0 0 3 3 3 3 0 0 0 0 0 0 0 0 0 0 0 0 0 0 0 0 0 0 3 0 0 3 3 0 3 3 3 0 0 0 3 3 1 3 0 3 0 3 3 0 0 0 3 3 3
0 0 3 3 3 3 3 0 3 0 0 0 0 3 0 0 0 0 0 0 0 0 3 3 0 0 3 3 3 3 3 3 3 3 3 3 3 3 0 0 3 0 0 0 0 3 3 3 0 0 0 3 0 0
0 0 0 3 3 3 0 3 0 0 0 0 0 0 0 0 0 0 0 0 0 3 0 0 0 0 0 3 0 3 3 0 3 3 3 3 3 0 3 0 3 3 0 3 0 0 3 0 3 0 3 3 0 0
0 0 0 3 0 0 0 0 3 0 0 0 3 3 0 0 0 0 3 3 0 0 0 0 0 0 0 3 0 3 0 3 3 3 3 3 3 3 0 0 3 3 0 3 0 0 3 0 0 0 0 3 0 3
0 0 0 0 0 0 0 0 0 0 0 0 0 0 0 0 0 0 0 0 3 3 3 3 0 3 3 3 3 3 3 3 3 3 3 3 3 3 0 3 0 0 3 0 0 0 3 3 0 0 0 0 0 0
0 0 0 3 3 3 0 0 3 0 0 0 3 3 3 0 0 0 0 0 0 0 0 0 0 0 0 3 3 3 3 0 3 3 3 3 3 0 3 0 3 3 0 0 3 0 0 3 0 0 3 0 0 3
2 0 0 2 2 2 0 0 0 0 0 0 0 0 0 3 0 0 0 0 0 3 3 3 3 3 0 0 3 3 3 3 3 0 0 3 3 0 3 0 3 3 0 3 0 3 3 3 0 3 0 0 0 0
0 0 0 2 3 3 0 0 3 0 0 0 3 3 3 0 0 0 0 0 0 0 3 3 0 3 3 3 3 3 3 0 3 0 3 3 3 3 3 0 0 0 0 0 0 3 3 3 0 3 0 3 0 0
0 0 0 2 2 2 0 0 0 0 0 0 0 0 0 0 0 0 0 0 0 0 0 0 0 0 0 3 3 3 3 3 0 3 3 3 0 0 0 0 3 3 0 3 0 3 3 3 3 3 0 0 0 3
0 0 3 3 3 3 0 0 0 0 0 0 3 3 3 3 3 0 0 0 0 0 0 0 0 0 0 0 3 3 3 3 0 3 3 3 3 3 3 0 3 0 0 3 0 0 3 3 0 3 0 0 0 0
0 0 0 0 2 2 3 0 0 0 0 0 3 0 3 0 0 0 0 0 0 0 0 3 0 0 0 3 0 3 3 3 3 3 3 3 0 3 3 0 0 3 0 0 3 3 3 3 0 3 3 0 0 0
0 0 0 0 0 0 0 0 0 0 0 0 3 3 0 0 3 3 0 0 0 3 0 0 0 0 0 3 0 0 3 3 3 3 3 3 0 3 3 0 3 3 3 3 3 0 3 3 3 3 0 0 0 3
chisq per dof: 
3.11507 2.89664 2.71058 1.96564 1.86078 30566.6 30461.4   26936 25564.2 1.61031 1.54065 1.48073 1.51755 1.44571 1.39232 1.61013  1.5098 1.43892 1.67223 1.57734 1.50731 1.80565 1.67244 1.57859  2.0051 1.80527 1.67409 49223.2 2.21039 2.10486 59313.8 50835.4 1.62639 62463.1 51705.6 44846.6 1.75855 1.65077 1.57435 71641.8 21558.4 44859.2 63589.9 1.80352 50816.7 2.00342   18381 16697.3 2.25413 2.00357 1.84075  103499 76485.9 58731.2
2.28376 2.14493 930.646 1666.84 2183.81 1541.54  1076.7  1.4227 940.504 1.55324 1.48419 1.43256 1.52247 426.843 1.39315 1.61849 1.51667 1.44287 1.67819 1.58215 1.50938 1.81163 756.716 782.831 2.00716  1.8058 2646.77 3856.16 3360.82 2992.49 4470.87 3831.32 3365.45  4564.5 3776.73 3315.68 4242.68 3886.54 1.54011 1.80232 3586.66 1.57425 2.00287 1.80298 1.66993 5226.14 4259.05 3690.08 2.25282 2.00298 1.83656  5666.7 2.25372 2.00376
1.96514 1.85913 1.78403 12.1847 525.372  83.408 1.54662 149.423 1.41765 1.58367 1.51146 1.45789  1.5503 1.47916 1.41959  1.6375 1.53626 1.45988 1.69475 1.60073 1.52618 445.273 1.68595 1.58829 2.00624 1.80544 1.67205 861.109  1.6244 670.818 1124.03 1.52207 866.846 1089.44 924.365 810.436 1035.67 1.59733 819.838 1.80543 940.626 1004.12 2.00679 1106.86  1.6766 2.00576 114.502 98.3379 1513.96 2.00555 1077.53 1808.69 2.25499  2.0063
  1.835 1.74223 1.68129 175.765 1.56704 1.51246 1.51764 1.44879 83.0403 1.57775 1.50593 1.45169 85.7992 78.5028 1.41642 1.63415  1.5348 1.45848 365.257 82.3291 1.52458 1.81659  1.6834 1.58579 2.00412 1.80387 1.66998 316.425 1.57551 270.592 1.56983 375.423 261.394  410.83 344.715 302.578 537.659 449.146 1.52258 1.80457 187.307  390.48 2.00559 413.483 1.67281 2.00423 380.264 1.71897 2.25525 2.00426 1.83868 683.313 2.25337  260.26
1.71495 1.63669 1.57499 1.58219 1.50963 1.45443 1.47457 1.41546 1.36359 1.54803 1.48269 1.42907 1.52991 1.46163 1.40531 1.61785 1.52029 1.44804 1.68063 1.58847 158.353 38.1664 29.6211 34.1339 2.00096 78.5008  64.986 176.074 160.251 140.814 223.412 192.351 168.528 180.294 172.431 147.941 58.4615 86.0135  1.5318 78.2719 1.67024 1.58531 220.841 1.80365 1.68033 83.5795 243.752 188.026 5.64463 2.00301 1.84437 2.66787 2.25183  2.0068
1.65077 1.58356 1.52685 35.4166  32.748 30.4271 1.46146 1.41907 10.6906 1.53283 1.47968 1.42779 67.7896 48.3017 42.9775 1.62031 1.53356 1.45762 1.68239 1.59977 1.52482 1.80928 1.68449 1.58675 2.00149 1.80659  1.6725 83.3079 73.4858 64.9779 124.913 1.47361 94.0705 120.205 101.093 86.8044 122.953 1.58481 91.1247 1.80128 77.1801 111.696 2.00159 1.80219 101.218 2.00152 37.6534 91.5588 2.25158 2.00223 134.229 2.66775  2.2527 119.305
1.59921 1.54264 1.48917 1.49285 1.44418 1.39765 1.43434 1.39796 1.34903 1.51343 1.46303 1.41334 1.52495 1.46604 1.40812 23.4554 1.52617 1.45143 1.67969 1.59392 1.51977   59.53 50.2538  43.915 17.8862 38.1755  1.6708 1.51897 58.3887 49.7367 81.8581 5.72128 46.3202 1.60869 1.50725 57.8289 72.3543   1.584 55.1284 1.80283 75.4715 83.6064 2.00354 58.6614 1.67398 86.4808 58.5502 90.5118 2.25339 77.4121 1.83999 2.66791 2.25364 2.00495
1.54055 1.49683 1.45058 1.46206 2.08959 5.51775 1.41788 1.39351 1.76732 1.50213 1.46045 1.41324 34.2887 30.0088 26.3187 1.61768 1.52796 1.45475 1.67983 1.59553 1.52232 1.80923 7.16343 7.15141 2.00169 7.50725 6.51078 47.3493 40.3074 37.1776 55.2854 1.45547 43.0051 40.8883 49.5944 42.7554 60.2992 52.4223 45.5083 1.80259 1.66932 1.57493 2.00307 1.80289 1.67076 78.9062 85.7281 78.1942 2.25321 70.7908 1.83735   91.04 2.25302 2.00313
1.49492 1.44732  1.4041 1.43228 1.38571 1.34971 1.39308  1.3578 1.31769 1.48662 1.43466 1.39252 1.51533 1.45442 1.40086 1.61303 1.52021  1.4493 1.67575 1.58825 1.51708 1.80743 1.67778 1.58264 2.00147  1.8032 1.66947 41.5644  38.905 4.54052 49.4801 40.1113 1.39825 40.8784 34.8396 34.3033 1.67557 1.57948 1.50801 1.80242 51.4456 37.6063 2.00274  47.557 1.66941 19.9575 68.9481 27.0612 74.4332 44.0439 1.83616  2.6686  2.2527 36.2844
1.45513 1.41178 2.30536 5.84499  5.7541 5.89723 1.37882 1.34013  1.2996  1.4726  1.4208  1.3772 8.48737 7.96347 8.43092 6.80905 6.91865 1.44192 1.67301 1.58207  1.5107 1.80525 1.67377 1.57871 2.00158 1.80229 1.66868 1.47451 28.6866 25.4089 33.7579 11.1344 1.39573 41.3643 34.6844 29.9606 38.4149 35.7262 29.3841 41.5808 34.7362 1.57381 2.00356 36.8411 1.66943 2.00301 59.2755 51.0267 2.25362 30.7351  1.8361 2.66847  2.2527 2.00216
1.44276 1.40218 1.36247 1.38945 1.35068 1.31359 5.83457 1.32889 1.28852 1.46638 1.41482  1.3699  20.775 1.44011 4.13155  1.6073 1.50914 1.43663 1.67164 1.57826 1.50609  1.8046  1.6719 5.94159 2.00186 1.80181 1.66829 38.4473 1.42163 28.9952 41.9907 37.5837 32.5005 38.8751 33.2733 28.6795 1.67576 28.7731 26.9756 1.80347 1.66962 36.5701 2.00431  1.8035 28.4308 51.8158 56.4086 51.4413 2.54466 52.1504 41.2351 2.66778 2.25213 2.00171
1.44346 1.40652 1.36647 1.38952 1.35602 1.31657 1.37135 1.33486 1.29305 1.46699 1.42068 1.37406   7.998 6.23807  1.3906 1.60849 4.57546 4.11584 1.67261 1.58375 1.51078 12.1784 1.67693 1.58022 2.00304 1.80514 1.67111  39.665 1.41449 1.37342 41.8078  36.231  31.729 33.5404 31.5494 27.3068 1.67687 29.1201 27.1243 1.80463 25.2242 17.7095 46.4133 31.9627 31.8762 2.00456 42.9106 39.6341  62.364 51.9433  1.8396 2.66866 2.25636 24.3596
Mode averaged potential and errors: 
   0.147145 0.000122064
   0.203609 0.000790557
   0.229197  0.00235598
   0.245329  0.00329217
   0.254866  0.00305247
   0.270119  0.00612015
   0.281431  0.00992637
    0.28723  0.00783849
   0.293847  0.00989806
   0.296777   0.0113859
   0.297698   0.0136022
   0.292764   0.0157788
R Models:
(* Fitting with shape 1 1 1 1 1 1 1 1 0 0 0 0 *)
G[R_,xx_]:=xx[[0]] + xx[[1]]/R | xx[[2]]*R
(* Fitting with shape 1 1 1 1 1 1 1 1 1 0 0 0 *)
G[R_,xx_]:=xx[[0]] + xx[[1]]/R | xx[[2]]*R
(* Fitting with shape 1 1 1 1 1 1 1 1 1 1 0 0 *)
G[R_,xx_]:=xx[[0]] + xx[[1]]/R | xx[[2]]*R
(* Fitting with shape 1 1 1 1 1 1 1 1 1 1 1 0 *)
G[R_,xx_]:=xx[[0]] + xx[[1]]/R | xx[[2]]*R
(* Fitting with shape 1 1 1 1 1 1 1 1 1 1 1 1 *)
G[R_,xx_]:=xx[[0]] + xx[[1]]/R | xx[[2]]*R
(* Fitting with shape 0 1 1 1 1 1 1 1 0 0 0 0 *)
G[R_,xx_]:=xx[[0]] + xx[[1]]/R | xx[[2]]*R
(* Fitting with shape 0 1 1 1 1 1 1 1 1 0 0 0 *)
G[R_,xx_]:=xx[[0]] + xx[[1]]/R | xx[[2]]*R
(* Fitting with shape 0 1 1 1 1 1 1 1 1 1 0 0 *)
G[R_,xx_]:=xx[[0]] + xx[[1]]/R | xx[[2]]*R
(* Fitting with shape 0 1 1 1 1 1 1 1 1 1 1 0 *)
G[R_,xx_]:=xx[[0]] + xx[[1]]/R | xx[[2]]*R
(* Fitting with shape 0 1 1 1 1 1 1 1 1 1 1 1 *)
G[R_,xx_]:=xx[[0]] + xx[[1]]/R | xx[[2]]*R
(* Fitting with shape 0 0 1 1 1 1 1 1 0 0 0 0 *)
G[R_,xx_]:=xx[[0]] + xx[[1]]/R | xx[[2]]*R
(* Fitting with shape 0 0 1 1 1 1 1 1 1 0 0 0 *)
G[R_,xx_]:=xx[[0]] + xx[[1]]/R | xx[[2]]*R
(* Fitting with shape 0 0 1 1 1 1 1 1 1 1 0 0 *)
G[R_,xx_]:=xx[[0]] + xx[[1]]/R | xx[[2]]*R
(* Fitting with shape 0 0 1 1 1 1 1 1 1 1 1 0 *)
G[R_,xx_]:=xx[[0]] + xx[[1]]/R | xx[[2]]*R
(* Fitting with shape 0 0 1 1 1 1 1 1 1 1 1 1 *)
G[R_,xx_]:=xx[[0]] + xx[[1]]/R | xx[[2]]*R
(* Fitting with shape 0 0 0 1 1 1 1 1 0 0 0 0 *)
G[R_,xx_]:=xx[[0]] + xx[[1]]/R | xx[[2]]*R
(* Fitting with shape 0 0 0 1 1 1 1 1 1 0 0 0 *)
G[R_,xx_]:=xx[[0]] + xx[[1]]/R | xx[[2]]*R
(* Fitting with shape 0 0 0 1 1 1 1 1 1 1 0 0 *)
G[R_,xx_]:=xx[[0]] + xx[[1]]/R | xx[[2]]*R
(* Fitting with shape 0 0 0 1 1 1 1 1 1 1 1 0 *)
G[R_,xx_]:=xx[[0]] + xx[[1]]/R | xx[[2]]*R
(* Fitting with shape 0 0 0 1 1 1 1 1 1 1 1 1 *)
G[R_,xx_]:=xx[[0]] + xx[[1]]/R | xx[[2]]*R
1.94685 1.94685 1.94685 
-0.121318 -0.121318 -0.121318 
1 1 1 
2.80219 2.80219 2.80219 
-17.1148 -17.1148 -17.1148 
2.69649e-316 2.69649e-316 2.69649e-316 
6.22302e+07 6.22302e+07 6.22302e+07 
-3008.54 -3008.54 -3008.54 
19670.7 19670.7 19670.7 
1.9812e-321 1.9812e-321 1.9812e-321 
6.94645e-310 6.94645e-310 6.94645e-310 
2.122e-314 2.122e-314 2.122e-314 
2.57921e-316 2.57921e-316 2.57921e-316 
3.21143e-322 3.21143e-322 3.21143e-322 
2.47033e-323 2.47033e-323 2.47033e-323 
-4.48966e-267 -4.48966e-267 -4.48966e-267 
1.42738e+228 1.42738e+228 1.42738e+228 
2.58224e-316 2.58224e-316 2.58224e-316 
13651.3 13651.3 13651.3 
2.56442e-316 2.56442e-316 2.56442e-316 
3.23796e-319 3.23796e-319 3.23796e-319 
1.63042e-322 1.63042e-322 1.63042e-322 
-0.00175197 -0.00175197 -0.00175197 
-0.00777995 -0.00777995 -0.00777995 
6.32404e-322 6.32404e-322 6.32404e-322 
2.37152e-322 2.37152e-322 2.37152e-322 
8.95907e-05 8.95907e-05 8.95907e-05 
1.68828e-05 1.68828e-05 1.68828e-05 
0.000247272 0.000247272 0.000247272 
0.00081114 0.00081114 0.00081114 
8.69556e-322 8.69556e-322 8.69556e-322 
4.74303e-322 4.74303e-322 4.74303e-322 
2.55998e-316 2.55998e-316 2.55998e-316 
-nan -nan -nan 
-nan -nan -nan 
-nan -nan -nan 
-nan -nan -nan 
-nan -nan -nan 
-nan -nan -nan 
2.42092e-322 2.42092e-322 2.42092e-322 
6.33093e-06 6.33093e-06 6.33093e-06 
2.69708e-316 2.69708e-316 2.69708e-316 
0.00195313 0.00195313 0.00195313 
8.5767e-06 8.5767e-06 8.5767e-06 
11.3117 11.3117 11.3117 
1.63042e-322 1.63042e-322 1.63042e-322 
2.57747e-316 2.57747e-316 2.57747e-316 
5.01498e+06 5.01498e+06 5.01498e+06 
2.57921e-316 2.57921e-316 2.57921e-316 
2.42092e-322 2.42092e-322 2.42092e-322 
6.94635e-310 6.94635e-310 6.94635e-310 
2.57416e-316 2.57416e-316 2.57416e-316 
5577.29 5577.29 5577.29 
2.42092e-322 2.42092e-322 2.42092e-322 
Probabilities: 
         0          0          0          0          0          0          0          0          0          0  0.0407588  0.0243544  0.0207053  0.0414974  0.0540202          0  0.0154544   0.022361          0   0.116723   0.166696  0.0207066  0.0434084  0.0698748 0.00831659  0.0202249  0.0438161          0          0          0          0          0          0          0          0          0          0          0          0  0.0211801  0.0508589   0.113436          0          0          0          0          0          0          0          0          0          0  0.0283989  0.0772083

String tensions: 
          1           1           1           1           1           1           1           1           1   -0.398345    -0.41264   -0.414675   -0.460304   -0.473245   -0.489799    -1.89142   -0.495585   -0.551733     8.42188   -0.557844   -0.595285   -0.453159   -0.634083   -0.826403    -1.31679    -1.70165     -2.0746  -0.0704633  -0.0708412  -0.0711462     0.30319  -0.0341066  -0.0406341     1.00354    0.970222     1.02245     0.10825  -0.0257128  -0.0935879 0.000528703  0.00129621  0.00203439  -0.0602259    -0.14625    0.936979   -0.132133   -0.078877  0.00237798  0.00796742  0.00741529  0.00763851   0.0100232  0.00944008  0.00958147

Errors: 
          0     5792.62     5792.62           0     5792.62           0     5792.62     5792.62     5792.62           0  0.00480273  0.00464549   0.0453725   0.0412869   0.0382324           0    0.146784    0.129686   0.0428765   0.0952361   0.0874567    0.620763    0.508659    0.436983     1.80431     1.30334    0.994825           0           0           0     1.00177     1.00029      1.0003     1.41281     1.36569           0           1           0           1  0.00250798  0.00204191  0.00169207     1.00052     1.00001           1           1     1.17064 0.000435787 0.000872555 0.000774131 0.000696318  0.00102452  0.00377293  0.00275191

Statuses: 
3 0 0 3 0 3 0 0 0 3 0 0 0 0 0 3 0 0 0 0 0 0 0 0 0 0 0 3 3 3 3 3 3 3 3 2 3 3 3 0 0 0 3 3 3 3 3 1 1 1 1 1 0 0
chisq per dof: 
  963.668   391.441    375.63   201.524   12.1569   519.643   1.33833   1.69749    2.2282   2587.87  0.483887  0.766779  0.204276  0.262168  0.413465   1201.65  0.301775  0.438828   47.6139  0.220853  0.339343  0.204256  0.249305  0.349128  0.209986  0.212102  0.246633   9003.76   7942.33   7099.56   4495.23   3197.66   2912.15   3635.32   3109.14   2714.33   11044.9   10039.3   9027.02  0.196719  0.204046  0.227996   1610.71   1228.64   2692.54   10646.2   8361.56  0.195324  0.108394 0.0934276 0.0818755  0.117897 0.0989561 0.0847746
Model string tension and errors: 
sigma = -0.496492 +/- 0.60733
