R=0parameters: 
-0.645192 -0.645192 
0.401695 0.401695 
7.72178e-09 7.72178e-09 
3.21143e-322 3.21143e-322 
9.88131e-324 9.88131e-324 
2.55807e-316 2.55807e-316 
9.88131e-324 9.88131e-324 
2.63028e-316 2.63028e-316 
1482.66 1482.66 
2.122e-314 2.122e-314 2.122e-314 
2.122e-314 2.122e-314 2.122e-314 
3.21143e-322 3.21143e-322 3.21143e-322 
1.66217e-06 1.66217e-06 1.66217e-06 
-2.97327e-07 -2.97327e-07 -2.97327e-07 
6.7633e-08 6.7633e-08 6.7633e-08 
1.64825e-05 1.64825e-05 1.64825e-05 
-2.15368e-06 -2.15368e-06 -2.15368e-06 
2.79814e-05 2.79814e-05 2.79814e-05 
2.122e-314 2.122e-314 2.122e-314 2.122e-314 
3.21143e-322 3.21143e-322 3.21143e-322 3.21143e-322 
1.97626e-323 1.97626e-323 1.97626e-323 1.97626e-323 
2.64574e-316 2.64574e-316 2.64574e-316 2.64574e-316 
3.53648e-08 3.53648e-08 3.53648e-08 3.53648e-08 
2.63764e-316 2.63764e-316 2.63764e-316 2.63764e-316 
1738.9 1738.9 1738.9 1738.9 
2.64451e-316 2.64451e-316 2.64451e-316 2.64451e-316 
3.23796e-319 3.23796e-319 3.23796e-319 3.23796e-319 
2.37152e-322 2.37152e-322 2.37152e-322 
0 0 0 
0 0 0 
0 0 0 
0.0839699 0.0839699 0.0839699 
2.37152e-322 2.37152e-322 2.37152e-322 
6.37345e-322 6.37345e-322 6.37345e-322 
2.62679e-316 2.62679e-316 2.62679e-316 
0 0 0 
2.62679e-316 2.62679e-316 2.62679e-316 2.62679e-316 
2.63186e-316 2.63186e-316 2.63186e-316 2.63186e-316 
2.62573e-316 2.62573e-316 2.62573e-316 2.62573e-316 
2.63001e-316 2.63001e-316 2.63001e-316 2.63001e-316 
1.28823e-231 1.28823e-231 1.28823e-231 1.28823e-231 
2.62573e-316 2.62573e-316 2.62573e-316 2.62573e-316 
1.04429e-317 1.04429e-317 1.04429e-317 1.04429e-317 
2.5811e-316 2.5811e-316 2.5811e-316 2.5811e-316 
0 0 0 0 
0 0 0 0 0 
-nan -nan -nan -nan -nan 
0 0 0 0 0 
-nan -nan -nan -nan -nan 
-nan -nan -nan -nan -nan 
-nan -nan -nan -nan -nan 
0 0 0 0 0 
-nan -nan -nan -nan -nan 
0 0 0 0 0 
R=1parameters: 
-0.55822 -0.55822 
0.626432 0.626432 
0.625777 0.625777 
1.43579 1.43579 
-12.9777 -12.9777 
5.03038e+175 5.03038e+175 
3.5936e+246 3.5936e+246 
2.14726e+243 2.14726e+243 
-nan -nan 
3.21143e-322 3.21143e-322 3.21143e-322 
2.47033e-323 2.47033e-323 2.47033e-323 
2.5667e-316 2.5667e-316 2.5667e-316 
1.2732e-313 1.2732e-313 1.2732e-313 
2.76092e-316 2.76092e-316 2.76092e-316 
1437.09 1437.09 1437.09 
2.55471e-316 2.55471e-316 2.55471e-316 
3.23796e-319 3.23796e-319 3.23796e-319 
5.14322e-321 5.14322e-321 5.14322e-321 
2.64473e-316 2.64473e-316 2.64473e-316 2.64473e-316 
-2.42471e+58 -2.42471e+58 -2.42471e+58 -2.42471e+58 
-nan -nan -nan -nan 
2.64456e-316 2.64456e-316 2.64456e-316 2.64456e-316 
-nan -nan -nan -nan 
0 0 0 0 
-nan -nan -nan -nan 
0 0 0 0 
-nan -nan -nan -nan 
1.97626e-323 1.97626e-323 1.97626e-323 
-nan -nan -nan 
0 0 0 
-nan -nan -nan 
-nan -nan -nan 
2.63409e-316 2.63409e-316 2.63409e-316 
2.64588e-316 2.64588e-316 2.64588e-316 
2.63613e-316 2.63613e-316 2.63613e-316 
2.64269e-316 2.64269e-316 2.64269e-316 
-nan -nan -nan -nan 
0 0 0 0 
-nan -nan -nan -nan 
9.88131e-324 9.88131e-324 9.88131e-324 9.88131e-324 
-nan -nan -nan -nan 
0 0 0 0 
-nan -nan -nan -nan 
0 0 0 0 
-nan -nan -nan -nan 
0 0 0 0 0 
-nan -nan -nan -nan -nan 
0 0 0 0 0 
-nan -nan -nan -nan -nan 
-nan -nan -nan -nan -nan 
-nan -nan -nan -nan -nan 
0 0 0 0 0 
-nan -nan -nan -nan -nan 
0 0 0 0 0 
R=2parameters: 
-0.44843 -0.44843 
0.779693 0.779693 
0.00762238 0.00762238 
230.326 230.326 
-219.872 -219.872 
5.03038e+175 5.03038e+175 
3.5936e+246 3.5936e+246 
2.14726e+243 2.14726e+243 
-nan -nan 
3.21143e-322 3.21143e-322 3.21143e-322 
2.47033e-323 2.47033e-323 2.47033e-323 
2.6343e-316 2.6343e-316 2.6343e-316 
1.061e-313 1.061e-313 1.061e-313 
2.75997e-316 2.75997e-316 2.75997e-316 
2078.64 2078.64 2078.64 
2.7587e-316 2.7587e-316 2.7587e-316 
3.23796e-319 3.23796e-319 3.23796e-319 
5.14322e-321 5.14322e-321 5.14322e-321 
2.64473e-316 2.64473e-316 2.64473e-316 2.64473e-316 
-2.42471e+58 -2.42471e+58 -2.42471e+58 -2.42471e+58 
-nan -nan -nan -nan 
2.64456e-316 2.64456e-316 2.64456e-316 2.64456e-316 
-nan -nan -nan -nan 
0 0 0 0 
-nan -nan -nan -nan 
0 0 0 0 
-nan -nan -nan -nan 
1.97626e-323 1.97626e-323 1.97626e-323 
-nan -nan -nan 
0 0 0 
-nan -nan -nan 
-nan -nan -nan 
2.63409e-316 2.63409e-316 2.63409e-316 
2.64588e-316 2.64588e-316 2.64588e-316 
2.63613e-316 2.63613e-316 2.63613e-316 
2.64269e-316 2.64269e-316 2.64269e-316 
-nan -nan -nan -nan 
0 0 0 0 
-nan -nan -nan -nan 
9.88131e-324 9.88131e-324 9.88131e-324 9.88131e-324 
-nan -nan -nan -nan 
0 0 0 0 
-nan -nan -nan -nan 
0 0 0 0 
-nan -nan -nan -nan 
0 0 0 0 0 
-nan -nan -nan -nan -nan 
0 0 0 0 0 
-nan -nan -nan -nan -nan 
-nan -nan -nan -nan -nan 
-nan -nan -nan -nan -nan 
0 0 0 0 0 
-nan -nan -nan -nan -nan 
0 0 0 0 0 
R=3parameters: 
-0.32603 -0.32603 
0.909124 0.909124 
-0.00865533 -0.00865533 
-2.1103 -2.1103 
2.41497 2.41497 
5.03038e+175 5.03038e+175 
3.5936e+246 3.5936e+246 
2.14726e+243 2.14726e+243 
-nan -nan 
3.21143e-322 3.21143e-322 3.21143e-322 
2.47033e-323 2.47033e-323 2.47033e-323 
2.62172e-316 2.62172e-316 2.62172e-316 
1.061e-313 1.061e-313 1.061e-313 
2.62427e-316 2.62427e-316 2.62427e-316 
1296.96 1296.96 1296.96 
2.76841e-316 2.76841e-316 2.76841e-316 
3.23796e-319 3.23796e-319 3.23796e-319 
5.14322e-321 5.14322e-321 5.14322e-321 
2.64473e-316 2.64473e-316 2.64473e-316 2.64473e-316 
-2.42471e+58 -2.42471e+58 -2.42471e+58 -2.42471e+58 
-nan -nan -nan -nan 
2.64456e-316 2.64456e-316 2.64456e-316 2.64456e-316 
-nan -nan -nan -nan 
0 0 0 0 
-nan -nan -nan -nan 
0 0 0 0 
-nan -nan -nan -nan 
1.97626e-323 1.97626e-323 1.97626e-323 
-nan -nan -nan 
0 0 0 
-nan -nan -nan 
-nan -nan -nan 
2.63409e-316 2.63409e-316 2.63409e-316 
2.64588e-316 2.64588e-316 2.64588e-316 
2.63613e-316 2.63613e-316 2.63613e-316 
2.64269e-316 2.64269e-316 2.64269e-316 
-nan -nan -nan -nan 
0 0 0 0 
-nan -nan -nan -nan 
9.88131e-324 9.88131e-324 9.88131e-324 9.88131e-324 
-nan -nan -nan -nan 
0 0 0 0 
-nan -nan -nan -nan 
0 0 0 0 
-nan -nan -nan -nan 
0 0 0 0 0 
-nan -nan -nan -nan -nan 
0 0 0 0 0 
-nan -nan -nan -nan -nan 
-nan -nan -nan -nan -nan 
-nan -nan -nan -nan -nan 
0 0 0 0 0 
-nan -nan -nan -nan -nan 
0 0 0 0 0 
R=4parameters: 
-0.197627 -0.197627 
1.03125 1.03125 
-0.337934 -0.337934 
6.19702 6.19702 
-27.2172 -27.2172 
5.03038e+175 5.03038e+175 
3.5936e+246 3.5936e+246 
2.14726e+243 2.14726e+243 
-nan -nan 
3.21143e-322 3.21143e-322 3.21143e-322 
2.47033e-323 2.47033e-323 2.47033e-323 
2.58207e-316 2.58207e-316 2.58207e-316 
0.000141607 0.000141607 0.000141607 
2.62685e-316 2.62685e-316 2.62685e-316 
28730.2 28730.2 28730.2 
2.64603e-316 2.64603e-316 2.64603e-316 
3.23796e-319 3.23796e-319 3.23796e-319 
5.14322e-321 5.14322e-321 5.14322e-321 
2.64473e-316 2.64473e-316 2.64473e-316 2.64473e-316 
-2.42471e+58 -2.42471e+58 -2.42471e+58 -2.42471e+58 
-nan -nan -nan -nan 
2.64456e-316 2.64456e-316 2.64456e-316 2.64456e-316 
-nan -nan -nan -nan 
0 0 0 0 
-nan -nan -nan -nan 
0 0 0 0 
-nan -nan -nan -nan 
1.97626e-323 1.97626e-323 1.97626e-323 
-nan -nan -nan 
0 0 0 
-nan -nan -nan 
-nan -nan -nan 
2.63409e-316 2.63409e-316 2.63409e-316 
2.64588e-316 2.64588e-316 2.64588e-316 
2.63613e-316 2.63613e-316 2.63613e-316 
2.64269e-316 2.64269e-316 2.64269e-316 
-nan -nan -nan -nan 
0 0 0 0 
-nan -nan -nan -nan 
9.88131e-324 9.88131e-324 9.88131e-324 9.88131e-324 
-nan -nan -nan -nan 
0 0 0 0 
-nan -nan -nan -nan 
0 0 0 0 
-nan -nan -nan -nan 
0 0 0 0 0 
-nan -nan -nan -nan -nan 
0 0 0 0 0 
-nan -nan -nan -nan -nan 
-nan -nan -nan -nan -nan 
-nan -nan -nan -nan -nan 
0 0 0 0 0 
-nan -nan -nan -nan -nan 
0 0 0 0 0 
R=5parameters: 
-0.0743409 -0.0743409 
1.15381 1.15381 
-0.0631261 -0.0631261 
-5.2803 -5.2803 
7.64197 7.64197 
5.03038e+175 5.03038e+175 
3.5936e+246 3.5936e+246 
2.14726e+243 2.14726e+243 
-nan -nan 
3.21143e-322 3.21143e-322 3.21143e-322 
6.45596e-320 6.45596e-320 6.45596e-320 
2.77069e-316 2.77069e-316 2.77069e-316 
1.061e-313 1.061e-313 1.061e-313 
2.64324e-316 2.64324e-316 2.64324e-316 
1441 1441 1441 
2.62594e-316 2.62594e-316 2.62594e-316 
3.23796e-319 3.23796e-319 3.23796e-319 
5.14322e-321 5.14322e-321 5.14322e-321 
2.64473e-316 2.64473e-316 2.64473e-316 2.64473e-316 
-2.42471e+58 -2.42471e+58 -2.42471e+58 -2.42471e+58 
-nan -nan -nan -nan 
2.64456e-316 2.64456e-316 2.64456e-316 2.64456e-316 
-nan -nan -nan -nan 
0 0 0 0 
-nan -nan -nan -nan 
0 0 0 0 
-nan -nan -nan -nan 
1.97626e-323 1.97626e-323 1.97626e-323 
-nan -nan -nan 
0 0 0 
-nan -nan -nan 
-nan -nan -nan 
2.63409e-316 2.63409e-316 2.63409e-316 
2.64588e-316 2.64588e-316 2.64588e-316 
2.63613e-316 2.63613e-316 2.63613e-316 
2.64269e-316 2.64269e-316 2.64269e-316 
-nan -nan -nan -nan 
0 0 0 0 
-nan -nan -nan -nan 
9.88131e-324 9.88131e-324 9.88131e-324 9.88131e-324 
-nan -nan -nan -nan 
0 0 0 0 
-nan -nan -nan -nan 
0 0 0 0 
-nan -nan -nan -nan 
0 0 0 0 0 
-nan -nan -nan -nan -nan 
0 0 0 0 0 
-nan -nan -nan -nan -nan 
-nan -nan -nan -nan -nan 
-nan -nan -nan -nan -nan 
0 0 0 0 0 
-nan -nan -nan -nan -nan 
0 0 0 0 0 
R=6parameters: 
0.0397181 0.0397181 
1.27558 1.27558 
0.168918 0.168918 
-7.73884 -7.73884 
22.4636 22.4636 
5.03038e+175 5.03038e+175 
3.5936e+246 3.5936e+246 
2.14726e+243 2.14726e+243 
-nan -nan 
3.21143e-322 3.21143e-322 3.21143e-322 
2.62734e-316 2.62734e-316 2.62734e-316 
2.76533e-316 2.76533e-316 2.76533e-316 
1.061e-313 1.061e-313 1.061e-313 
2.64601e-316 2.64601e-316 2.64601e-316 
1582.57 1582.57 1582.57 
2.76517e-316 2.76517e-316 2.76517e-316 
3.16202e-322 3.16202e-322 3.16202e-322 
5.13828e-321 5.13828e-321 5.13828e-321 
2.64473e-316 2.64473e-316 2.64473e-316 2.64473e-316 
-2.42471e+58 -2.42471e+58 -2.42471e+58 -2.42471e+58 
-nan -nan -nan -nan 
2.64456e-316 2.64456e-316 2.64456e-316 2.64456e-316 
-nan -nan -nan -nan 
0 0 0 0 
-nan -nan -nan -nan 
0 0 0 0 
-nan -nan -nan -nan 
1.97626e-323 1.97626e-323 1.97626e-323 
-nan -nan -nan 
0 0 0 
-nan -nan -nan 
-nan -nan -nan 
2.63409e-316 2.63409e-316 2.63409e-316 
2.64588e-316 2.64588e-316 2.64588e-316 
2.63613e-316 2.63613e-316 2.63613e-316 
2.64269e-316 2.64269e-316 2.64269e-316 
-nan -nan -nan -nan 
0 0 0 0 
-nan -nan -nan -nan 
9.88131e-324 9.88131e-324 9.88131e-324 9.88131e-324 
-nan -nan -nan -nan 
0 0 0 0 
-nan -nan -nan -nan 
0 0 0 0 
-nan -nan -nan -nan 
0 0 0 0 0 
-nan -nan -nan -nan -nan 
0 0 0 0 0 
-nan -nan -nan -nan -nan 
-nan -nan -nan -nan -nan 
-nan -nan -nan -nan -nan 
0 0 0 0 0 
-nan -nan -nan -nan -nan 
0 0 0 0 0 
R=7parameters: 
0.140309 0.140309 
1.40295 1.40295 
0.00832338 0.00832338 
-4.01681 -4.01681 
5.95718 5.95718 
5.03038e+175 5.03038e+175 
3.5936e+246 3.5936e+246 
2.14726e+243 2.14726e+243 
-nan -nan 
3.21143e-322 3.21143e-322 3.21143e-322 
2.47033e-323 2.47033e-323 2.47033e-323 
2.59057e-316 2.59057e-316 2.59057e-316 
0.65382 0.65382 0.65382 
2.77212e-316 2.77212e-316 2.77212e-316 
1301.7 1301.7 1301.7 
2.62172e-316 2.62172e-316 2.62172e-316 
3.23796e-319 3.23796e-319 3.23796e-319 
5.14322e-321 5.14322e-321 5.14322e-321 
2.64473e-316 2.64473e-316 2.64473e-316 2.64473e-316 
-2.42471e+58 -2.42471e+58 -2.42471e+58 -2.42471e+58 
-nan -nan -nan -nan 
2.64456e-316 2.64456e-316 2.64456e-316 2.64456e-316 
-nan -nan -nan -nan 
0 0 0 0 
-nan -nan -nan -nan 
0 0 0 0 
-nan -nan -nan -nan 
1.97626e-323 1.97626e-323 1.97626e-323 
-nan -nan -nan 
0 0 0 
-nan -nan -nan 
-nan -nan -nan 
2.63409e-316 2.63409e-316 2.63409e-316 
2.64588e-316 2.64588e-316 2.64588e-316 
2.63613e-316 2.63613e-316 2.63613e-316 
2.64269e-316 2.64269e-316 2.64269e-316 
-nan -nan -nan -nan 
0 0 0 0 
-nan -nan -nan -nan 
9.88131e-324 9.88131e-324 9.88131e-324 9.88131e-324 
-nan -nan -nan -nan 
0 0 0 0 
-nan -nan -nan -nan 
0 0 0 0 
-nan -nan -nan -nan 
0 0 0 0 0 
-nan -nan -nan -nan -nan 
0 0 0 0 0 
-nan -nan -nan -nan -nan 
-nan -nan -nan -nan -nan 
-nan -nan -nan -nan -nan 
0 0 0 0 0 
-nan -nan -nan -nan -nan 
0 0 0 0 0 
R=8parameters: 
0.19617 0.19617 
1.53598 1.53598 
0.0570416 0.0570416 
-6.19653 -6.19653 
9.81704 9.81704 
5.03038e+175 5.03038e+175 
3.5936e+246 3.5936e+246 
2.14726e+243 2.14726e+243 
-nan -nan 
3.21143e-322 3.21143e-322 3.21143e-322 
2.47033e-323 2.47033e-323 2.47033e-323 
-2.42471e+58 -2.42471e+58 -2.42471e+58 
1.061e-313 1.061e-313 1.061e-313 
2.57581e-316 2.57581e-316 2.57581e-316 
8722.25 8722.25 8722.25 
2.64605e-316 2.64605e-316 2.64605e-316 
3.23796e-319 3.23796e-319 3.23796e-319 
5.14322e-321 5.14322e-321 5.14322e-321 
2.64473e-316 2.64473e-316 2.64473e-316 2.64473e-316 
-2.42471e+58 -2.42471e+58 -2.42471e+58 -2.42471e+58 
-nan -nan -nan -nan 
2.64456e-316 2.64456e-316 2.64456e-316 2.64456e-316 
-nan -nan -nan -nan 
0 0 0 0 
-nan -nan -nan -nan 
0 0 0 0 
-nan -nan -nan -nan 
1.97626e-323 1.97626e-323 1.97626e-323 
-nan -nan -nan 
0 0 0 
-nan -nan -nan 
-nan -nan -nan 
2.63409e-316 2.63409e-316 2.63409e-316 
2.64588e-316 2.64588e-316 2.64588e-316 
2.63613e-316 2.63613e-316 2.63613e-316 
2.64269e-316 2.64269e-316 2.64269e-316 
-nan -nan -nan -nan 
0 0 0 0 
-nan -nan -nan -nan 
9.88131e-324 9.88131e-324 9.88131e-324 9.88131e-324 
-nan -nan -nan -nan 
0 0 0 0 
-nan -nan -nan -nan 
0 0 0 0 
-nan -nan -nan -nan 
0 0 0 0 0 
-nan -nan -nan -nan -nan 
0 0 0 0 0 
-nan -nan -nan -nan -nan 
-nan -nan -nan -nan -nan 
-nan -nan -nan -nan -nan 
0 0 0 0 0 
-nan -nan -nan -nan -nan 
0 0 0 0 0 
R=9parameters: 
0.215643 0.215643 
1.67616 1.67616 
-0.0489879 -0.0489879 
4.95657 4.95657 
9.28302 9.28302 
5.03038e+175 5.03038e+175 
3.5936e+246 3.5936e+246 
2.14726e+243 2.14726e+243 
-nan -nan 
3.21143e-322 3.21143e-322 3.21143e-322 
2.47033e-323 2.47033e-323 2.47033e-323 
2.76203e-316 2.76203e-316 2.76203e-316 
-0.058215 -0.058215 -0.058215 
2.76205e-316 2.76205e-316 2.76205e-316 
1441.5 1441.5 1441.5 
2.76011e-316 2.76011e-316 2.76011e-316 
3.16202e-322 3.16202e-322 3.16202e-322 
5.13828e-321 5.13828e-321 5.13828e-321 
2.64473e-316 2.64473e-316 2.64473e-316 2.64473e-316 
-2.42471e+58 -2.42471e+58 -2.42471e+58 -2.42471e+58 
-nan -nan -nan -nan 
2.64456e-316 2.64456e-316 2.64456e-316 2.64456e-316 
-nan -nan -nan -nan 
0 0 0 0 
-nan -nan -nan -nan 
0 0 0 0 
-nan -nan -nan -nan 
1.97626e-323 1.97626e-323 1.97626e-323 
-nan -nan -nan 
0 0 0 
-nan -nan -nan 
-nan -nan -nan 
2.63409e-316 2.63409e-316 2.63409e-316 
2.64588e-316 2.64588e-316 2.64588e-316 
2.63613e-316 2.63613e-316 2.63613e-316 
2.64269e-316 2.64269e-316 2.64269e-316 
-nan -nan -nan -nan 
0 0 0 0 
-nan -nan -nan -nan 
9.88131e-324 9.88131e-324 9.88131e-324 9.88131e-324 
-nan -nan -nan -nan 
0 0 0 0 
-nan -nan -nan -nan 
0 0 0 0 
-nan -nan -nan -nan 
0 0 0 0 0 
-nan -nan -nan -nan -nan 
0 0 0 0 0 
-nan -nan -nan -nan -nan 
-nan -nan -nan -nan -nan 
-nan -nan -nan -nan -nan 
0 0 0 0 0 
-nan -nan -nan -nan -nan 
0 0 0 0 0 
R=10parameters: 
0.222908 0.222908 
1.77344 1.77344 
0.126195 0.126195 
11.2747 11.2747 
-24.2307 -24.2307 
5.03038e+175 5.03038e+175 
3.5936e+246 3.5936e+246 
2.14726e+243 2.14726e+243 
-nan -nan 
3.21143e-322 3.21143e-322 3.21143e-322 
2.47033e-323 2.47033e-323 2.47033e-323 
2.63408e-316 2.63408e-316 2.63408e-316 
118496 118496 118496 
2.64617e-316 2.64617e-316 2.64617e-316 
1583.76 1583.76 1583.76 
2.76517e-316 2.76517e-316 2.76517e-316 
3.23796e-319 3.23796e-319 3.23796e-319 
5.14322e-321 5.14322e-321 5.14322e-321 
2.64473e-316 2.64473e-316 2.64473e-316 2.64473e-316 
-2.42471e+58 -2.42471e+58 -2.42471e+58 -2.42471e+58 
-nan -nan -nan -nan 
2.64456e-316 2.64456e-316 2.64456e-316 2.64456e-316 
-nan -nan -nan -nan 
0 0 0 0 
-nan -nan -nan -nan 
0 0 0 0 
-nan -nan -nan -nan 
1.97626e-323 1.97626e-323 1.97626e-323 
-nan -nan -nan 
0 0 0 
-nan -nan -nan 
-nan -nan -nan 
2.63409e-316 2.63409e-316 2.63409e-316 
2.64588e-316 2.64588e-316 2.64588e-316 
2.63613e-316 2.63613e-316 2.63613e-316 
2.64269e-316 2.64269e-316 2.64269e-316 
-nan -nan -nan -nan 
0 0 0 0 
-nan -nan -nan -nan 
9.88131e-324 9.88131e-324 9.88131e-324 9.88131e-324 
-nan -nan -nan -nan 
0 0 0 0 
-nan -nan -nan -nan 
0 0 0 0 
-nan -nan -nan -nan 
0 0 0 0 0 
-nan -nan -nan -nan -nan 
0 0 0 0 0 
-nan -nan -nan -nan -nan 
-nan -nan -nan -nan -nan 
-nan -nan -nan -nan -nan 
0 0 0 0 0 
-nan -nan -nan -nan -nan 
0 0 0 0 0 
R=11parameters: 
0.211168 0.211168 
1.82325 1.82325 
-0.178851 -0.178851 
29.9932 29.9932 
-85.6061 -85.6061 
5.03038e+175 5.03038e+175 
3.5936e+246 3.5936e+246 
2.14726e+243 2.14726e+243 
-nan -nan 
3.21143e-322 3.21143e-322 3.21143e-322 
2.47033e-323 2.47033e-323 2.47033e-323 
2.55856e-316 2.55856e-316 2.55856e-316 
0.00315191 0.00315191 0.00315191 
2.62172e-316 2.62172e-316 2.62172e-316 
1578.61 1578.61 1578.61 
2.59356e-316 2.59356e-316 2.59356e-316 
3.23796e-319 3.23796e-319 3.23796e-319 
5.14322e-321 5.14322e-321 5.14322e-321 
2.64473e-316 2.64473e-316 2.64473e-316 2.64473e-316 
-2.42471e+58 -2.42471e+58 -2.42471e+58 -2.42471e+58 
-nan -nan -nan -nan 
2.64456e-316 2.64456e-316 2.64456e-316 2.64456e-316 
-nan -nan -nan -nan 
0 0 0 0 
-nan -nan -nan -nan 
0 0 0 0 
-nan -nan -nan -nan 
1.97626e-323 1.97626e-323 1.97626e-323 
-nan -nan -nan 
0 0 0 
-nan -nan -nan 
-nan -nan -nan 
2.63409e-316 2.63409e-316 2.63409e-316 
2.64588e-316 2.64588e-316 2.64588e-316 
2.63613e-316 2.63613e-316 2.63613e-316 
2.64269e-316 2.64269e-316 2.64269e-316 
-nan -nan -nan -nan 
0 0 0 0 
-nan -nan -nan -nan 
9.88131e-324 9.88131e-324 9.88131e-324 9.88131e-324 
-nan -nan -nan -nan 
0 0 0 0 
-nan -nan -nan -nan 
0 0 0 0 
-nan -nan -nan -nan 
0 0 0 0 0 
-nan -nan -nan -nan -nan 
0 0 0 0 0 
-nan -nan -nan -nan -nan 
-nan -nan -nan -nan -nan 
-nan -nan -nan -nan -nan 
0 0 0 0 0 
-nan -nan -nan -nan -nan 
0 0 0 0 0 
T Models:
(* Fitting with shape 1 1 1 1 1 1 1 1 1 1 0 0 *)
G[T_,xx_]:=Exp[0+xx[[1]]*T^1+xx[[2]]*T^2]*(1)
(* Fitting with shape 1 1 1 1 1 1 1 1 1 1 1 0 *)
G[T_,xx_]:=Exp[0+xx[[1]]*T^1+xx[[2]]*T^2]*(1)
(* Fitting with shape 1 1 1 1 1 1 1 1 1 1 1 1 *)
G[T_,xx_]:=Exp[0+xx[[1]]*T^1+xx[[2]]*T^2]*(1)
(* Fitting with shape 0 1 1 1 1 1 1 1 1 1 0 0 *)
G[T_,xx_]:=Exp[0+xx[[1]]*T^1+xx[[2]]*T^2]*(1)
(* Fitting with shape 0 1 1 1 1 1 1 1 1 1 1 0 *)
G[T_,xx_]:=Exp[0+xx[[1]]*T^1+xx[[2]]*T^2]*(1)
(* Fitting with shape 0 1 1 1 1 1 1 1 1 1 1 1 *)
G[T_,xx_]:=Exp[0+xx[[1]]*T^1+xx[[2]]*T^2]*(1)
(* Fitting with shape 0 0 1 1 1 1 1 1 1 1 0 0 *)
G[T_,xx_]:=Exp[0+xx[[1]]*T^1+xx[[2]]*T^2]*(1)
(* Fitting with shape 0 0 1 1 1 1 1 1 1 1 1 0 *)
G[T_,xx_]:=Exp[0+xx[[1]]*T^1+xx[[2]]*T^2]*(1)
(* Fitting with shape 0 0 1 1 1 1 1 1 1 1 1 1 *)
G[T_,xx_]:=Exp[0+xx[[1]]*T^1+xx[[2]]*T^2]*(1)
(* Fitting with shape 1 1 1 1 1 1 1 1 1 1 0 0 *)
G[T_,xx_]:=Exp[0+xx[[1]]*T^1+xx[[2]]*T^2]*(1+xx[[3]]/(T^1))
(* Fitting with shape 1 1 1 1 1 1 1 1 1 1 1 0 *)
G[T_,xx_]:=Exp[0+xx[[1]]*T^1+xx[[2]]*T^2]*(1+xx[[3]]/(T^1))
(* Fitting with shape 1 1 1 1 1 1 1 1 1 1 1 1 *)
G[T_,xx_]:=Exp[0+xx[[1]]*T^1+xx[[2]]*T^2]*(1+xx[[3]]/(T^1))
(* Fitting with shape 0 1 1 1 1 1 1 1 1 1 0 0 *)
G[T_,xx_]:=Exp[0+xx[[1]]*T^1+xx[[2]]*T^2]*(1+xx[[3]]/(T^1))
(* Fitting with shape 0 1 1 1 1 1 1 1 1 1 1 0 *)
G[T_,xx_]:=Exp[0+xx[[1]]*T^1+xx[[2]]*T^2]*(1+xx[[3]]/(T^1))
(* Fitting with shape 0 1 1 1 1 1 1 1 1 1 1 1 *)
G[T_,xx_]:=Exp[0+xx[[1]]*T^1+xx[[2]]*T^2]*(1+xx[[3]]/(T^1))
(* Fitting with shape 0 0 1 1 1 1 1 1 1 1 0 0 *)
G[T_,xx_]:=Exp[0+xx[[1]]*T^1+xx[[2]]*T^2]*(1+xx[[3]]/(T^1))
(* Fitting with shape 0 0 1 1 1 1 1 1 1 1 1 0 *)
G[T_,xx_]:=Exp[0+xx[[1]]*T^1+xx[[2]]*T^2]*(1+xx[[3]]/(T^1))
(* Fitting with shape 0 0 1 1 1 1 1 1 1 1 1 1 *)
G[T_,xx_]:=Exp[0+xx[[1]]*T^1+xx[[2]]*T^2]*(1+xx[[3]]/(T^1))
(* Fitting with shape 1 1 1 1 1 1 1 1 1 1 0 0 *)
G[T_,xx_]:=Exp[0+xx[[1]]*T^1+xx[[2]]*T^2]*(1+xx[[3]]/(T^1)+xx[[4]]/(T^2))
(* Fitting with shape 1 1 1 1 1 1 1 1 1 1 1 0 *)
G[T_,xx_]:=Exp[0+xx[[1]]*T^1+xx[[2]]*T^2]*(1+xx[[3]]/(T^1)+xx[[4]]/(T^2))
(* Fitting with shape 1 1 1 1 1 1 1 1 1 1 1 1 *)
G[T_,xx_]:=Exp[0+xx[[1]]*T^1+xx[[2]]*T^2]*(1+xx[[3]]/(T^1)+xx[[4]]/(T^2))
(* Fitting with shape 0 1 1 1 1 1 1 1 1 1 0 0 *)
G[T_,xx_]:=Exp[0+xx[[1]]*T^1+xx[[2]]*T^2]*(1+xx[[3]]/(T^1)+xx[[4]]/(T^2))
(* Fitting with shape 0 1 1 1 1 1 1 1 1 1 1 0 *)
G[T_,xx_]:=Exp[0+xx[[1]]*T^1+xx[[2]]*T^2]*(1+xx[[3]]/(T^1)+xx[[4]]/(T^2))
(* Fitting with shape 0 1 1 1 1 1 1 1 1 1 1 1 *)
G[T_,xx_]:=Exp[0+xx[[1]]*T^1+xx[[2]]*T^2]*(1+xx[[3]]/(T^1)+xx[[4]]/(T^2))
(* Fitting with shape 0 0 1 1 1 1 1 1 1 1 0 0 *)
G[T_,xx_]:=Exp[0+xx[[1]]*T^1+xx[[2]]*T^2]*(1+xx[[3]]/(T^1)+xx[[4]]/(T^2))
(* Fitting with shape 0 0 1 1 1 1 1 1 1 1 1 0 *)
G[T_,xx_]:=Exp[0+xx[[1]]*T^1+xx[[2]]*T^2]*(1+xx[[3]]/(T^1)+xx[[4]]/(T^2))
(* Fitting with shape 0 0 1 1 1 1 1 1 1 1 1 1 *)
G[T_,xx_]:=Exp[0+xx[[1]]*T^1+xx[[2]]*T^2]*(1+xx[[3]]/(T^1)+xx[[4]]/(T^2))
(* Fitting with shape 1 1 1 1 1 1 1 1 1 1 0 0 *)
G[T_,xx_]:=Exp[0+xx[[1]]*T^1+xx[[2]]*T^2+xx[[3]]*T^3]*(1)
(* Fitting with shape 1 1 1 1 1 1 1 1 1 1 1 0 *)
G[T_,xx_]:=Exp[0+xx[[1]]*T^1+xx[[2]]*T^2+xx[[3]]*T^3]*(1)
(* Fitting with shape 1 1 1 1 1 1 1 1 1 1 1 1 *)
G[T_,xx_]:=Exp[0+xx[[1]]*T^1+xx[[2]]*T^2+xx[[3]]*T^3]*(1)
(* Fitting with shape 0 1 1 1 1 1 1 1 1 1 0 0 *)
G[T_,xx_]:=Exp[0+xx[[1]]*T^1+xx[[2]]*T^2+xx[[3]]*T^3]*(1)
(* Fitting with shape 0 1 1 1 1 1 1 1 1 1 1 0 *)
G[T_,xx_]:=Exp[0+xx[[1]]*T^1+xx[[2]]*T^2+xx[[3]]*T^3]*(1)
(* Fitting with shape 0 1 1 1 1 1 1 1 1 1 1 1 *)
G[T_,xx_]:=Exp[0+xx[[1]]*T^1+xx[[2]]*T^2+xx[[3]]*T^3]*(1)
(* Fitting with shape 0 0 1 1 1 1 1 1 1 1 0 0 *)
G[T_,xx_]:=Exp[0+xx[[1]]*T^1+xx[[2]]*T^2+xx[[3]]*T^3]*(1)
(* Fitting with shape 0 0 1 1 1 1 1 1 1 1 1 0 *)
G[T_,xx_]:=Exp[0+xx[[1]]*T^1+xx[[2]]*T^2+xx[[3]]*T^3]*(1)
(* Fitting with shape 0 0 1 1 1 1 1 1 1 1 1 1 *)
G[T_,xx_]:=Exp[0+xx[[1]]*T^1+xx[[2]]*T^2+xx[[3]]*T^3]*(1)
(* Fitting with shape 1 1 1 1 1 1 1 1 1 1 0 0 *)
G[T_,xx_]:=Exp[0+xx[[1]]*T^1+xx[[2]]*T^2+xx[[3]]*T^3]*(1+xx[[4]]/(T^1))
(* Fitting with shape 1 1 1 1 1 1 1 1 1 1 1 0 *)
G[T_,xx_]:=Exp[0+xx[[1]]*T^1+xx[[2]]*T^2+xx[[3]]*T^3]*(1+xx[[4]]/(T^1))
(* Fitting with shape 1 1 1 1 1 1 1 1 1 1 1 1 *)
G[T_,xx_]:=Exp[0+xx[[1]]*T^1+xx[[2]]*T^2+xx[[3]]*T^3]*(1+xx[[4]]/(T^1))
(* Fitting with shape 0 1 1 1 1 1 1 1 1 1 0 0 *)
G[T_,xx_]:=Exp[0+xx[[1]]*T^1+xx[[2]]*T^2+xx[[3]]*T^3]*(1+xx[[4]]/(T^1))
(* Fitting with shape 0 1 1 1 1 1 1 1 1 1 1 0 *)
G[T_,xx_]:=Exp[0+xx[[1]]*T^1+xx[[2]]*T^2+xx[[3]]*T^3]*(1+xx[[4]]/(T^1))
(* Fitting with shape 0 1 1 1 1 1 1 1 1 1 1 1 *)
G[T_,xx_]:=Exp[0+xx[[1]]*T^1+xx[[2]]*T^2+xx[[3]]*T^3]*(1+xx[[4]]/(T^1))
(* Fitting with shape 0 0 1 1 1 1 1 1 1 1 0 0 *)
G[T_,xx_]:=Exp[0+xx[[1]]*T^1+xx[[2]]*T^2+xx[[3]]*T^3]*(1+xx[[4]]/(T^1))
(* Fitting with shape 0 0 1 1 1 1 1 1 1 1 1 0 *)
G[T_,xx_]:=Exp[0+xx[[1]]*T^1+xx[[2]]*T^2+xx[[3]]*T^3]*(1+xx[[4]]/(T^1))
(* Fitting with shape 0 0 1 1 1 1 1 1 1 1 1 1 *)
G[T_,xx_]:=Exp[0+xx[[1]]*T^1+xx[[2]]*T^2+xx[[3]]*T^3]*(1+xx[[4]]/(T^1))
(* Fitting with shape 1 1 1 1 1 1 1 1 1 1 0 0 *)
G[T_,xx_]:=Exp[0+xx[[1]]*T^1+xx[[2]]*T^2+xx[[3]]*T^3]*(1+xx[[4]]/(T^1)+xx[[5]]/(T^2))
(* Fitting with shape 1 1 1 1 1 1 1 1 1 1 1 0 *)
G[T_,xx_]:=Exp[0+xx[[1]]*T^1+xx[[2]]*T^2+xx[[3]]*T^3]*(1+xx[[4]]/(T^1)+xx[[5]]/(T^2))
(* Fitting with shape 1 1 1 1 1 1 1 1 1 1 1 1 *)
G[T_,xx_]:=Exp[0+xx[[1]]*T^1+xx[[2]]*T^2+xx[[3]]*T^3]*(1+xx[[4]]/(T^1)+xx[[5]]/(T^2))
(* Fitting with shape 0 1 1 1 1 1 1 1 1 1 0 0 *)
G[T_,xx_]:=Exp[0+xx[[1]]*T^1+xx[[2]]*T^2+xx[[3]]*T^3]*(1+xx[[4]]/(T^1)+xx[[5]]/(T^2))
(* Fitting with shape 0 1 1 1 1 1 1 1 1 1 1 0 *)
G[T_,xx_]:=Exp[0+xx[[1]]*T^1+xx[[2]]*T^2+xx[[3]]*T^3]*(1+xx[[4]]/(T^1)+xx[[5]]/(T^2))
(* Fitting with shape 0 1 1 1 1 1 1 1 1 1 1 1 *)
G[T_,xx_]:=Exp[0+xx[[1]]*T^1+xx[[2]]*T^2+xx[[3]]*T^3]*(1+xx[[4]]/(T^1)+xx[[5]]/(T^2))
(* Fitting with shape 0 0 1 1 1 1 1 1 1 1 0 0 *)
G[T_,xx_]:=Exp[0+xx[[1]]*T^1+xx[[2]]*T^2+xx[[3]]*T^3]*(1+xx[[4]]/(T^1)+xx[[5]]/(T^2))
(* Fitting with shape 0 0 1 1 1 1 1 1 1 1 1 0 *)
G[T_,xx_]:=Exp[0+xx[[1]]*T^1+xx[[2]]*T^2+xx[[3]]*T^3]*(1+xx[[4]]/(T^1)+xx[[5]]/(T^2))
(* Fitting with shape 0 0 1 1 1 1 1 1 1 1 1 1 *)
G[T_,xx_]:=Exp[0+xx[[1]]*T^1+xx[[2]]*T^2+xx[[3]]*T^3]*(1+xx[[4]]/(T^1)+xx[[5]]/(T^2))
Probabilities: 
        0         0         0         0         0         0  0.588422         0         0         0         0         0         0         0         0  0.217007         0         0         0         0         0         0         0         0 0.0799536         0         0         0         0         0         0         0         0         0         0         0         0         0         0         0         0         0 0.0807387         0         0         0         0         0         0         0         0 0.0338784         0         0
        0         0         0         0         0         0  0.444269         0         0         0         0         0         0         0         0  0.192588         0         0         0         0         0         0         0         0 0.0963108         0         0         0         0         0         0         0         0         0         0         0         0         0         0         0         0         0  0.151879         0         0         0         0         0         0         0         0  0.114952         0         0
        0         0         0         0         0         0  0.514983         0         0         0         0         0         0         0         0    0.3492         0         0         0         0         0         0         0         0  0.135817         0         0         0         0         0         0         0         0         0         0         0         0         0         0         0         0         0         0         0         0         0         0         0         0         0         0         0         0         0
        0         0         0         0         0         0  0.147162         0         0         0         0         0         0         0         0  0.422126         0         0         0         0         0         0         0         0    0.1195         0         0         0         0         0         0         0         0         0         0         0         0         0         0         0         0         0  0.226627         0         0         0         0         0         0         0         0 0.0845851         0         0
        0         0         0         0         0         0         0         0         0         0         0         0         0         0         0  0.394923         0         0         0         0         0         0         0         0   0.12769         0         0         0         0         0         0         0         0         0         0         0         0         0         0         0         0         0  0.257127         0         0         0         0         0         0         0         0  0.220259         0         0
        0         0         0         0         0         0  0.421015         0         0         0         0         0         0         0         0  0.230474         0         0         0         0         0         0         0         0 0.0781083         0         0         0         0         0         0         0         0         0         0         0         0         0         0         0         0         0         0         0         0         0         0         0         0         0         0  0.270403         0         0
        0         0         0         0         0         0  0.688292         0         0         0         0         0         0         0         0  0.216502         0         0         0         0         0         0         0         0  0.095206         0         0         0         0         0         0         0         0         0         0         0         0         0         0         0         0         0         0         0         0         0         0         0         0         0         0         0         0         0
        0         0         0         0         0         0  0.150911         0         0         0         0         0         0         0         0  0.471911         0         0         0         0         0         0         0         0  0.166097         0         0         0         0         0         0         0         0         0         0         0         0         0         0         0         0         0  0.211081         0         0         0         0         0         0         0         0         0         0         0
        0         0         0         0         0         0  0.554022         0         0         0         0         0         0         0         0  0.255675         0         0         0         0         0         0         0         0  0.114526         0         0         0         0         0         0         0         0         0         0         0         0         0         0         0         0         0         0         0         0         0         0         0         0         0         0  0.075776         0         0
        0         0         0         0         0         0  0.690503         0         0         0         0         0         0         0         0  0.233959         0         0         0         0         0         0         0         0 0.0755385         0         0         0         0         0         0         0         0         0         0         0         0         0         0         0         0         0         0         0         0         0         0         0         0         0         0         0         0         0
        0         0         0         0         0         0  0.612414         0         0         0         0         0         0         0         0  0.224255         0         0         0         0         0         0         0         0 0.0816069         0         0         0         0         0         0         0         0         0         0         0         0         0         0         0         0         0  0.081724         0         0         0         0         0         0         0         0         0         0         0
        0         0         0         0         0         0  0.623772         0         0         0         0         0         0         0         0  0.236918         0         0         0         0         0         0         0         0 0.0912728         0         0         0         0         0         0         0         0         0         0         0         0         0         0         0         0         0         0         0         0         0         0         0         0         0         0 0.0480372         0         0

Values: 
 0.401689  0.401695  0.401698  0.399036   0.39904  0.399031  0.398327  0.398325   0.39832  0.397561  0.397564  0.397558  0.397587  0.397583  0.397573  0.398356  0.398378  0.398382  0.397668  0.397667  0.397657  0.398831  0.398868  0.398876  0.398424   0.39844  0.398405   1.01806   1.01266   1.00937   1.09547    1.0941   1.09409  0.998963    1.0366    1.0295  0.950074    0.9527  0.397106  0.396042  0.396006   0.39601  0.398672    0.3988  0.398885  0.900619  0.906121   0.80775  0.971457  0.921134  -1.32777  0.402911  0.403641  0.645226
 0.626384  0.626432  0.626413  0.620633  0.620677  0.620696  0.618095  0.618097  0.618122    0.6168  0.616828  0.616851  0.615769  0.615769  0.615779  0.617076  0.617237   0.61714   0.61547  0.615468   0.61547  0.617647   0.61793  0.617711  0.610974  0.611093  0.610464  0.635252   1.07844   1.08636   1.09963   1.09831   1.09714   1.05578   1.05259   1.11192   0.61876  0.618755  0.618829  0.573118  0.986496  0.615176  0.633637  0.633107    0.6293  0.614902  0.613995  0.614712  0.650223  0.649202  0.650275  0.699566   5.30821   0.39113
 0.779764  0.779693  0.779778  0.770645  0.770546  0.770579  0.765829  0.765669  0.765389  0.763887  0.763832  0.763776  0.760883  0.760681   0.76002  0.771245  0.771638  0.771823  0.760281  0.760048  0.759153  0.777529  0.778194  0.778384  0.764723  0.765058  0.764272  0.925498  0.969067  0.798543   1.13071  0.781041    1.1686   1.00437   1.16124   1.02007  0.978421  0.766885  0.767906  0.735099   1.04285  0.730671   1.07187  0.796206  0.787429  0.723915  0.721577  0.716905  0.835595  0.835327  0.940061  0.769483  0.949989  0.924149
 0.908877  0.909124  0.909239  0.894543  0.894564  0.894529  0.889195  0.889194  0.889059  0.883963  0.883962  0.883954  0.885324  0.885287  0.884988  0.910739  0.910697  0.910642  0.886994  0.886933  0.886533  0.926902   0.92684  0.926909  0.892808  0.892802  0.892684  0.936855  0.988588         1   1.09191   1.10292   1.10419  0.999045  0.990872  0.986876  0.872273  0.872521  0.873065  0.795549  0.795546   1.15948   0.79969  0.799874  0.745718  0.755788   0.75578  0.753894  0.799552  0.692461  0.967789   0.66313  0.694502   6.48407
  1.03145   1.03125   1.03088   1.00893   1.00878   1.00872  0.999133  0.999197  0.999194  0.991834  0.991584   0.99157  0.987046  0.987702  0.987727  0.985642  0.988898  0.988882  0.985433  0.986572  0.986577  0.990025  0.994993   0.99497  0.969157  0.971267  0.971305   1.07999   1.07983   1.05054   1.10412   1.29622   1.03198   1.05795   1.04576   1.04592  0.969189  0.968856  0.996042  0.966165         1         1  0.624775  0.819298  0.580519         1         1         1   0.69837  0.692463   2.60172   1.94186    2.0565    2.0132
  1.15373   1.15381    1.1539   1.11914   1.11929    1.1192   1.10851   1.10919   1.10906   1.09388   1.09413   1.09408   1.09387    1.0951   1.09495   1.06659   1.06766   1.06748   1.09303   1.09461   1.09439   1.05417     1.055   1.05487    1.0458   1.04662   1.04648    1.2214   1.22142   1.22142   1.14885    1.1939   1.18067   1.00693    1.0469   1.01325  0.195314  0.496639   1.09406  0.982031   1.11641   1.11549  0.680443  0.694752 0.0445722  0.945817  0.925972  0.926631  0.827707  0.907794  0.833053 -0.939309   1.27891  -0.73726
  1.27603   1.27558   1.27558   1.23161   1.23138   1.23188   1.23266   1.23331    1.2332   1.20163   1.20199   1.20278   1.23264   1.23412   1.23347   1.12395   1.12433   1.12427   1.13758   1.13774   1.13834   1.17774   1.17855    1.1782   1.16954   1.16674   1.16963   1.36128   1.35907   1.35848   1.19716    1.1088   1.10839   0.98905  0.992565  0.997951   1.12829   1.12772   1.13132    1.2857   1.41594   1.42587  0.199064   1.62026   1.90884   1.32578   0.96501   1.34827   1.04424   1.05093   1.06959  0.660603  0.638078   1.30694
  1.40294   1.40295   1.40318   1.34246   1.34281   1.34281   1.36299   1.36295   1.36295   1.30253   1.30305   1.30295   1.39635   1.39602   1.39599   1.72774   1.72965   1.72625   1.42565   1.42488   1.42502   1.31847   1.31816   1.31822   1.59147   1.59344   1.59015   1.50949   1.50916   1.50957    1.2685   1.12751   1.09997   1.04996   1.06284   1.00285  0.936281  0.940383  0.942158  0.619109   0.61957  0.857613  0.543886   1.93879   1.58808  0.664436   0.66369  0.662822  -1.38007  -1.40302  0.857693         1   -0.3242   1.87787
  1.54049   1.53598   1.53878   1.46028   1.45389   1.45619   1.51004   1.51061   1.51325   1.41136   1.40291   1.40497   1.55007   1.55762   1.56132   1.35919   1.35983   1.36182   1.35186   1.34612    1.3479   1.45312   1.45705    1.4598   1.28292   1.28348   1.28526   1.67116   1.06283   1.67416   1.17407   1.11347   1.32792    1.0154   1.03131   1.05161  0.964062  0.964261  0.964554   2.77138  0.918175   1.06085         1   2.26715   2.34879   2.91402   2.54584   2.43344   2.43832  0.863829  0.862652   2.88022   1.93953   1.60099
  1.67591   1.67616   1.67388   1.57967   1.58036   1.58063   1.66864   1.67236   1.71084   1.52571   1.52684   1.53103   1.43724   1.44191   1.81904   1.48329   1.48587   1.51453    1.4635   1.46422   1.46556   1.61818   1.62216   1.66872   1.38244   1.38414   1.40507   1.80703   1.80653    1.7948   1.14055   1.08898   1.08847   1.03161   4.56128   1.00846  0.818141  0.808937   0.80709   1.43274   1.40959   1.50049   1.01062   1.03392  0.722529  0.701395   1.09434  0.933261  0.684153   1.14201   1.08106  0.754127  0.603161   1.36301
  1.77509   1.77344   1.77342   1.69062   1.68773   1.68757   1.74479   1.73923   1.73975   1.59791   1.63743    1.6374    1.4739   1.47151   1.47135   1.54383    1.5397   1.54005   1.55857   1.55628   1.55618   1.66028   1.65242   1.65356   1.42345   1.41996   1.42017   1.90426   1.90605   1.90623   1.08827   1.09513   1.10391   1.22407    1.0039  0.974105   1.37004  0.923712    1.3092   1.35259  0.953871   2.60046  0.748599   1.00331   1.02704     1.292  0.925648  0.924926  0.148714  0.873918  0.655269   1.73476   3.72096   3.73069
  1.82313   1.82325    1.8224   1.75165   1.75084    1.7501   1.69632    1.6644   1.66314   1.70742   1.70521   1.70414   1.53226   1.53166   1.53132   1.52174     1.501   1.50012   1.61584   1.61468   1.61327   1.42781   1.42734   1.42709   1.41471   1.40207   1.40117   1.94449   1.09269   1.94714   1.07761   1.08645   1.11214   1.00829   1.05535   1.01405   1.46652   1.45865  0.935802   1.80982  0.975833   1.84322   1.01399  0.975688   1.00066  0.943499   1.74865  0.931575    2.4662    2.2347   1.93636  -16.0577  -17.5763  -17.1726

Errors: 
0.000124272 0.000124184 0.000123286 0.000144231 0.000144174 0.000143622 0.000175929 0.000175889 0.000174844 0.000167838 0.000168487 0.000167879 0.000260946 0.000260914 0.000260064 0.000444682  0.00044229 0.000442075 0.000319651 0.000320668 0.000327498 0.000643154 0.000639329 0.000638905   0.0012737  0.00127284  0.00126633           0           0           0           0           0           0           0     1.00036     1.00037 1.11281e-05 1.07524e-05 0.000450143  0.00097463 0.000975188 0.000973683   0.0021232  0.00211029  0.00207024 6.32445e-05 6.55075e-05 5.69751e-05           1 0.000303959 0.000733044  0.00679229  0.00653629           1
0.000332622 0.000327267  0.00032666 0.000410216 0.000409649 0.000408494 0.000561489  0.00056766 0.000560942 0.000516254 0.000515955 0.000513564 0.000863772 0.000862331  0.00086408  0.00188177  0.00186093  0.00184453   0.0010729  0.00106461  0.00106808  0.00298075  0.00296052  0.00298366  0.00773487  0.00821111  0.00776118 0.000538358           0           0           0           0           0     1.00471     1.00464     1.00532  0.00158256  0.00158041  0.00160353           1           1  0.00490381   0.0133298   0.0132379           1  0.00667951  0.00657524  0.00642675   0.0150118   0.0147638   0.0144464   0.0198463      1.0008   0.0102482
 0.00064867 0.000641918 0.000643555 0.000790179 0.000790891 0.000790045  0.00119155  0.00118775  0.00117344  0.00103493  0.00102587  0.00102446  0.00212969  0.00211709  0.00208801   0.0050179  0.00500584 0.000878509  0.00277517  0.00282385  0.00269086  0.00755381  0.00760234  0.00726082  0.00338324  0.00338541  0.00335949           0           0  0.00123542           0  0.00264524           0           0     1.00237           0           0  0.00426591  0.00424359   0.0147051      1.0005   0.0144262     1.00052   0.0411123   0.0400332   0.0177139   0.0175544   0.0173722   0.0280246   0.0274084     1.00001     1.00003   0.0317387   0.0306995
 0.00106752   0.0010585  0.00104769           0  0.00141064  0.00140877  0.00245618           0           0   0.0019768  0.00197721  0.00196956  0.00452411  0.00447404  0.00444156   0.0107073   0.0107884   0.0107659   0.0058477  0.00571519  0.00591418     0.01629   0.0153954   0.0152142  0.00748243  0.00759912  0.00751249    0.002472           0           0           0           0           0     1.01682           0           0   0.0089328  0.00881477  0.00869041   0.0359809   0.0365851     1.00005    0.137876    0.144753     1.00019   0.0327541   0.0324399    0.031929   0.0384081   0.0227133     1.00014   0.0546735     1.00001      1.0151
          0           0   0.0018329           0           0           0           0           0           0  0.00359233  0.00355166  0.00351863  0.00981942  0.00973559  0.00974344   0.0251621   0.0246504   0.0246558   0.0130763   0.0129132   0.0129623   0.0376778   0.0375159   0.0366652   0.0165209   0.0163298   0.0162773  0.00444314  0.00455833           0           0     1.00568   0.0110105     1.05355     1.06613     1.07412           0           0   0.0192353    0.074564           0           0   0.0477166     1.00159   0.0604071    0.018936   0.0190851   0.0194264    0.045374   0.0448149      1.1336   0.0676612    0.065972   0.0641575
 0.00296173  0.00295313  0.00295459  0.00419169  0.00418463           0  0.00932869  0.00929412  0.00921405  0.00622472  0.00622394  0.00612158   0.0185338   0.0183368   0.0182181   0.0478834   0.0522707   0.0495833   0.0248129   0.0249231   0.0248124   0.0127037   0.0126434   0.0125402   0.0311939   0.0316353   0.0306908  0.00716951  0.00721121   0.0071873   0.0216187           0           0           0     1.14657           0           0           0   0.0365807     1.00683    0.145264    0.146182     1.00008   0.0685773  0.00526699     1.00036  0.00215859  0.00183269   0.0821595      1.0002    0.080276    0.107381  0.00912716    0.103505
 0.00463658  0.00457096  0.00457046  0.00668719  0.00666726  0.00665025   0.0151546    0.015117   0.0151172   0.0100565  0.00996982  0.00994196   0.0301419   0.0315167   0.0305833   0.0101875   0.0101931   0.0101901  0.00866475  0.00855084  0.00862262   0.0201656   0.0201364   0.0189454    0.070632   0.0704316    0.068648   0.0120377    0.012012   0.0119672           0           0           0           0           0           0   0.0799864   0.0806307   0.0819443    0.304905   0.0161745   0.0160874  0.00473455   0.0256707   0.0562384   0.0861541  0.00582332   0.0829133    0.121339    0.121834    0.117708   0.0200345    0.161638    0.133602
 0.00703825  0.00706295  0.00703406   0.0104143   0.0103903    0.010387   0.0278877    0.027925   0.0279295   0.0161719   0.0161291   0.0162928   0.0539752   0.0509904   0.0503343    0.168473    0.162865    0.174433   0.0589833    0.062127   0.0609665   0.0353004   0.0346812   0.0346798    0.146346    0.146356    0.145419   0.0193831   0.0192219   0.0192171      1.0087           0           0           0           0           0    0.187461    0.202971     0.20073    0.104312   0.0954982     1.01598    0.331066    0.145413     0.12669   0.0910611   0.0911189   0.0905138    0.162904     0.15836     1.00022    0.773974    0.168096    0.153908
  0.0112746   0.0110927     0.01099   0.0178527    0.017967   0.0180403   0.0571622   0.0563709   0.0569425    0.028821   0.0288245   0.0286301     0.10179   0.0919415   0.0994228   0.0386758   0.0387973   0.0387035   0.0176704   0.0172234   0.0172757   0.0704417   0.0693942   0.0699788   0.0270643   0.0269521   0.0272041   0.0313575           0   0.0301315           0           0    0.159485           0           0           0           0           0           0    0.371253     1.40409     1.00896           0    0.274281    0.194808    0.134956    0.136064    0.131898    0.214038     1.00076     1.00098    0.278284    0.419493   0.0897813
  0.0159284   0.0159189   0.0158386   0.0319176   0.0318941    0.031625    0.103549    0.103989    0.106435   0.0537345   0.0501508   0.0534814   0.0820283   0.0849567    0.155071   0.0752588   0.0761944   0.0826328   0.0298989   0.0298895   0.0297698    0.125482     0.12174    0.124182   0.0550596     0.05543   0.0601531   0.0508745   0.0501542   0.0498959           0           0           0           0     1.08226           0   0.0690633    0.127054   0.0653916     0.12606    0.132543    0.134949           0           0     1.04325    0.225517    0.181328    0.182133    0.285449    0.269893    0.278779     1.00923    0.134842     7.54314
   0.020688   0.0205753   0.0210264   0.0447218   0.0443275    0.044289    0.161843    0.160437    0.160425   0.0393569   0.0719859   0.0718554   0.0298228   0.0295008   0.0294652    0.118292    0.116608    0.116771   0.0413242   0.0406074   0.0405804    0.186536    0.196339    0.200592   0.0827268   0.0819511   0.0818721     0.07381   0.0723675   0.0724015           0           0           0     1.65717           0     4.04575   0.0627916           0   0.0725664    0.153062    0.218891     1.43356   0.0261458           0           0    0.243305    0.116729     0.12029    0.294947    0.288993    0.284448    0.176327    0.169563    0.167569
  0.0229888   0.0229094   0.0222542   0.0657579   0.0657814   0.0654622    0.241438    0.231524    0.230939    0.106295    0.097194    0.105707   0.0453175   0.0452867   0.0448724    0.164482    0.151842     0.15163   0.0615227   0.0614808   0.0610396   0.0317163   0.0316577   0.0302453   0.0985818     0.10525   0.0963675    0.103836           0    0.100403           0           0           0           0           0           0   0.0749343   0.0711141           0    0.374581     1.98762    0.333319           0           0           0    0.105158    0.311445    0.462203     0.43967    0.392132    0.129544     0.31732    0.306957    0.297603

Statuses: 
0 0 0 0 0 0 0 0 0 0 0 0 0 0 0 0 0 0 0 0 0 0 0 0 0 0 0 3 3 3 3 3 3 3 3 3 3 3 0 0 0 0 0 0 0 3 3 3 3 3 0 0 0 3
0 0 0 0 0 0 0 0 0 0 0 0 0 0 0 0 0 0 0 0 0 0 0 0 0 0 0 0 3 3 3 3 3 3 3 3 0 0 0 3 3 0 0 0 3 0 0 0 0 0 0 0 3 0
0 0 0 0 0 0 0 0 0 0 0 0 0 0 0 0 0 0 0 0 0 0 0 0 0 0 0 3 3 0 3 0 3 3 3 3 3 0 0 0 3 0 3 0 0 0 0 0 0 0 3 3 0 0
0 0 0 2 0 0 0 2 2 0 0 0 0 0 0 0 0 0 0 0 0 0 0 0 0 0 0 0 3 3 3 3 3 3 3 3 0 0 0 0 0 3 0 0 3 0 0 0 0 0 3 0 3 3
2 2 0 2 2 2 2 2 2 0 0 0 0 0 0 0 0 0 0 0 0 0 0 0 0 0 0 0 0 3 3 3 0 3 3 3 3 3 0 0 3 3 0 3 0 3 3 3 0 0 3 0 0 0
0 0 0 0 0 2 0 0 0 0 0 0 0 0 0 0 0 0 0 0 0 0 0 0 0 0 0 0 0 0 0 3 3 3 3 3 3 3 0 3 0 0 3 0 0 3 3 3 0 3 0 0 3 0
0 0 0 0 0 0 0 0 0 0 0 0 0 0 0 0 0 0 0 0 0 0 0 0 0 0 0 0 0 0 3 3 3 3 3 3 0 0 0 0 0 0 0 0 0 0 3 0 0 0 0 3 0 0
0 0 0 0 0 0 0 0 0 0 0 0 0 0 0 0 0 0 0 0 0 0 0 0 0 0 0 0 0 0 3 3 3 3 2 3 0 0 0 0 0 3 0 0 0 0 0 0 0 0 3 3 0 0
0 0 0 0 0 0 0 0 0 0 0 0 0 0 0 0 0 0 0 0 0 0 0 0 0 0 0 0 3 0 3 3 0 3 2 2 3 3 3 0 3 3 3 0 0 0 0 0 0 3 3 0 0 1
0 0 0 0 0 0 0 0 0 0 0 0 0 0 0 0 0 0 0 0 0 0 0 0 0 0 0 0 0 0 3 3 3 2 3 2 0 0 0 0 0 0 2 2 3 0 0 0 0 0 0 3 1 3
0 0 0 0 0 0 0 0 0 0 0 0 0 0 0 0 0 0 0 0 0 0 0 0 0 0 0 0 0 0 3 3 3 3 2 3 0 3 0 0 0 0 0 2 2 0 3 3 0 0 0 1 1 1
0 0 0 0 0 0 0 0 0 0 0 0 0 0 0 0 0 0 0 0 0 0 0 0 0 0 0 0 3 0 3 3 3 2 2 2 0 0 3 0 3 0 2 2 2 3 0 3 0 0 1 0 0 0
chisq per dof: 
2.35493 2.20567 2.08514 1.33726 1.29603 1.26357 1.33657 1.28873 1.25271 1.43591 1.38195 1.33969 1.50854 1.43651 1.38215 1.60387  1.5035 1.43165 1.67505 1.57923 1.50704 1.80406 1.67034 1.57468 2.00484  1.8042 1.67025  6822.8 5510.69 7544.39 14497.5 12435.2 10881.1 7717.24 6442.04 5594.65 16895.5 14899.4 1.50613 1.80648 1.67264 1.57683  2.0048 1.80414 1.67018 32998.1 28356.6 17420.2 18587.9 14477.3 71.8414 2.67246 2.25453 6674.86
1.75386 1.67114 1.60512 1.33294 1.29236 1.26012 1.34061 1.29223 1.25606 1.43731 1.38323 1.34087 1.50762 1.43565  1.3814 1.60828 1.50733 1.43519 1.67448 1.57872 1.50656 1.80856 1.67426 1.57828 2.00927 1.80792  1.6735 1.56018 864.013 554.175 1707.39 1476.49 1294.11 764.388 637.602 550.878 1.67486 1.57918 1.50691 739.087 1152.87 1.57873 2.00768 1.80682 407.303 2.00937 1.84178 1.72177 2.25677 2.00621 1.83858 2.67354 514.913 2.01903
1.59611 1.53043 1.48449 1.33117  1.2936 1.26687 1.35318  1.3061 1.26976 1.45204 1.39905 1.35786 1.52434 1.45317 1.39882  1.6221 1.52205 1.44963 1.69172 1.59671 1.52459 1.82247 1.68911 1.59273 2.02743 1.82623 1.69115 119.178 75.3882 1.40299 304.514  1.4612 228.793 241.138 203.242 175.738 254.994 1.59837  1.5267 1.82464 342.374  1.5943 275.884 1.82596 1.69105 2.02548 1.85851 1.73784 2.27659 2.02572 371.099 391.061 2.28159 2.02874
1.44658 1.40041 1.36076 1.30026 1.26282 1.23411 1.34216 1.29328 1.25679 1.43863  1.3838 1.34133  1.5116 1.43852 1.38393 1.60485 1.50405  1.4322 1.67804 1.58119 1.50879 1.80434 1.67029 1.57467 2.00698  1.8056 1.67154 1.49911 213.108 203.163 132.106 114.104 99.9811 84.9707  71.565 61.7616 1.67624 1.57967 1.50753  1.8038 1.66984  61.128 2.00474 1.80381 49.0037 2.00384 1.83654 1.71712 2.25475 2.00399 132.969 2.67293 95.5609  23.298
 1.3949 1.35338 1.31912 1.29521  1.2586 1.22988 1.33848 1.29069 1.25435 1.43296 1.37935  1.3372  1.5048 1.43336 1.37919 1.60576 1.50559 1.43336 1.67148 1.57623 1.50421 1.80575 1.67221 1.57618 2.00765 1.80712  1.6726 1.45226 1.39814 17.1727 52.9641 39.7145 1.38002 28.5634 24.1263 21.1721 9.15088  5.8372  1.5043 1.80565 72.1998 61.7886  2.0052 22.8318 1.67074 157.158 131.548 113.716 2.25627 2.00583 16.0023 2.66966 2.25272 2.00225
1.35418 1.31491 1.28486 1.29316 1.25678 1.22829 1.34019 1.29202 1.25553 1.43403 1.38017 1.33793 1.50636 1.43447 1.38017 1.60712 1.50645 1.43411 1.67303 1.57733 1.50517 1.80739 1.67333 1.57715 2.00918 1.80796 1.67331 1.44779 1.39239 1.34879 1.50643 11.6755 11.6128 10.5357  9.0111 7.89981   50.07 22.4278 1.50517 16.8194 1.67353 1.57732 8.24167 1.80646 3.30367 4.59765 29.6345 26.7052 2.25866 28.5336 1.83966 2.66846  11.475 2.00232
1.31071 1.27647 1.24891 1.28736 1.25302 1.22578 1.33525 1.28914   1.254 1.43133 1.37905 1.33774 1.50192 1.43201   1.379 1.60274 1.50426 1.43344 1.67546 1.58095 1.50915 1.80223 1.67058 1.57594  2.0028 1.80469 1.67193 1.44109 1.38739 1.34491 10.7116 9.84807 8.74641   5.506  4.7633 4.22685 1.66883 1.57513  1.5042 1.80227 1.67077 1.57614 2.59845 1.80501 1.67238 2.00229 26.3211 1.71883 2.25274 2.00467 1.83858 6.22093 2.25554 2.00609
1.30236  1.2688 1.24224 1.29673 1.25982 1.23095 1.34543 1.29632 1.25928 1.44191 1.38681 1.34383 1.51154  1.4387 1.38387 1.60853  1.5073 1.43488 1.67784 1.58124 1.50859 1.81496 1.67942 1.58236 2.01082 1.80889 1.67413 1.45401 1.39732 1.35324 5.55136 5.14749 4.59771 2.88498 2.57092 2.34678 1.67578 1.57947 1.50705 1.81019 1.67541 5.21385 2.00998 1.80895 1.67394 2.01049 1.84233 1.72201  2.2596  2.0079 5.94146 6.45874 2.25988 2.00798
1.27439 1.24874 1.22597 1.29053  1.2573 1.23111 1.33786 1.29281 1.25891 1.43439  1.3834 1.34319 1.50475 1.43586 1.38407 1.60479 1.50785  1.4384 1.67453 1.58206 1.51199 1.80539 1.67494  1.5816  2.0053 1.80902  1.6778 1.43739 2.92025 1.34615 2.73324 2.91265 1.38439 1.94385 1.79906 1.68524 6.83735 6.11773 5.50085 1.80264 3.37909  2.1347 2.96039 1.80838 1.67752 2.00262 1.84042 1.72364 2.25334 3.55544 3.50057   2.671 2.26042 2.01281
1.26624 1.23717 1.21935 1.29418 1.25806 1.23622 1.34215 1.29397 1.26407 1.43773 1.38368 1.34803 1.51233 1.43988   1.389 1.61081  1.5098 1.44478 1.67798  1.5819 1.51718 1.81056 1.67628 1.58748 2.01397  1.8121 1.68583 1.43999 1.38565 1.35003 2.17793 2.00372 1.89807 1.72645 1.55395 1.52258 1.67549 1.57974 1.51455 1.81033 1.67611 1.58736 2.15806 1.92663 1.74311 2.01021 1.84272 1.73017 2.26266  2.0112 1.85185 2.85603 2.26694 2.10627
1.26231 1.23359 1.21025 1.29594 1.25926 1.23047 1.34512 1.29619 1.25917 1.43953 1.38439 1.34169 1.51278 1.43986  1.3849 1.61415 1.51222 1.43905 1.67898 1.58233 1.50956 1.81413 1.67887  1.5819 2.01773 1.81468 1.67891  1.4394 1.38478 1.34204 1.86136 1.74494 1.65373 1.62707 1.55353 1.47427 1.67853 2.07635 1.50922 1.81415 1.67892 1.58184 2.01772 1.86425 1.72022 2.01415 2.40518 2.19914 2.26756 2.01465 1.84556 2.69002 2.26801 2.01442
1.25301 1.22758 1.20484 1.28796 1.25495 1.22664 1.33589 1.29124 1.25485 1.43077  1.3799  1.3377 1.50251 1.43406 1.37982 1.60298 1.50639 1.43407 1.66918 1.57696 1.50486 1.80336 1.67325 1.57709 2.00356 1.80758 1.67301 1.43068 1.57616  1.3376 1.69864 1.60266 1.52889 1.62459 1.52601 1.45107 1.66941 1.57721 2.13084 1.80297  1.8668 1.57691 2.03074  1.8312 1.69292 2.83626  1.8397 2.20123 2.25353 2.00762  1.8397 2.66974  2.2583 2.00667
Mode averaged potential and errors: 
  0.398524 0.00167369
  0.628939  0.0276772
   0.76757 0.00429615
  0.859315   0.100299
   1.10136   0.472652
  0.540212   0.903028
   1.20311  0.0521551
   1.40017   0.501893
   1.54929   0.400739
   1.60366   0.137696
   1.59209   0.308318
    0.7764    3.78923
R Models:
(* Fitting with shape 1 1 1 1 1 1 1 1 0 0 0 0 *)
G[R_,xx_]:=xx[[0]] + xx[[1]]/R | xx[[2]]*R
(* Fitting with shape 1 1 1 1 1 1 1 1 1 0 0 0 *)
G[R_,xx_]:=xx[[0]] + xx[[1]]/R | xx[[2]]*R
(* Fitting with shape 1 1 1 1 1 1 1 1 1 1 0 0 *)
G[R_,xx_]:=xx[[0]] + xx[[1]]/R | xx[[2]]*R
(* Fitting with shape 1 1 1 1 1 1 1 1 1 1 1 0 *)
G[R_,xx_]:=xx[[0]] + xx[[1]]/R | xx[[2]]*R
(* Fitting with shape 1 1 1 1 1 1 1 1 1 1 1 1 *)
G[R_,xx_]:=xx[[0]] + xx[[1]]/R | xx[[2]]*R
(* Fitting with shape 0 1 1 1 1 1 1 1 0 0 0 0 *)
G[R_,xx_]:=xx[[0]] + xx[[1]]/R | xx[[2]]*R
(* Fitting with shape 0 1 1 1 1 1 1 1 1 0 0 0 *)
G[R_,xx_]:=xx[[0]] + xx[[1]]/R | xx[[2]]*R
(* Fitting with shape 0 1 1 1 1 1 1 1 1 1 0 0 *)
G[R_,xx_]:=xx[[0]] + xx[[1]]/R | xx[[2]]*R
(* Fitting with shape 0 1 1 1 1 1 1 1 1 1 1 0 *)
G[R_,xx_]:=xx[[0]] + xx[[1]]/R | xx[[2]]*R
(* Fitting with shape 0 1 1 1 1 1 1 1 1 1 1 1 *)
G[R_,xx_]:=xx[[0]] + xx[[1]]/R | xx[[2]]*R
(* Fitting with shape 0 0 1 1 1 1 1 1 0 0 0 0 *)
G[R_,xx_]:=xx[[0]] + xx[[1]]/R | xx[[2]]*R
(* Fitting with shape 0 0 1 1 1 1 1 1 1 0 0 0 *)
G[R_,xx_]:=xx[[0]] + xx[[1]]/R | xx[[2]]*R
(* Fitting with shape 0 0 1 1 1 1 1 1 1 1 0 0 *)
G[R_,xx_]:=xx[[0]] + xx[[1]]/R | xx[[2]]*R
(* Fitting with shape 0 0 1 1 1 1 1 1 1 1 1 0 *)
G[R_,xx_]:=xx[[0]] + xx[[1]]/R | xx[[2]]*R
(* Fitting with shape 0 0 1 1 1 1 1 1 1 1 1 1 *)
G[R_,xx_]:=xx[[0]] + xx[[1]]/R | xx[[2]]*R
(* Fitting with shape 0 0 0 1 1 1 1 1 0 0 0 0 *)
G[R_,xx_]:=xx[[0]] + xx[[1]]/R | xx[[2]]*R
(* Fitting with shape 0 0 0 1 1 1 1 1 1 0 0 0 *)
G[R_,xx_]:=xx[[0]] + xx[[1]]/R | xx[[2]]*R
(* Fitting with shape 0 0 0 1 1 1 1 1 1 1 0 0 *)
G[R_,xx_]:=xx[[0]] + xx[[1]]/R | xx[[2]]*R
(* Fitting with shape 0 0 0 1 1 1 1 1 1 1 1 0 *)
G[R_,xx_]:=xx[[0]] + xx[[1]]/R | xx[[2]]*R
(* Fitting with shape 0 0 0 1 1 1 1 1 1 1 1 1 *)
G[R_,xx_]:=xx[[0]] + xx[[1]]/R | xx[[2]]*R
0.69918 0.69918 0.69918 
-0.238775 -0.238775 -0.238775 
1 1 1 
-9.0023 -9.0023 -9.0023 
20.0335 20.0335 20.0335 
5.03038e+175 5.03038e+175 5.03038e+175 
3.5936e+246 3.5936e+246 3.5936e+246 
2.14726e+243 2.14726e+243 2.14726e+243 
-nan -nan -nan 
3.21143e-322 3.21143e-322 3.21143e-322 
2.47033e-323 2.47033e-323 2.47033e-323 
-2.42471e+58 -2.42471e+58 -2.42471e+58 
1.42738e+228 1.42738e+228 1.42738e+228 
2.64449e-316 2.64449e-316 2.64449e-316 
3377.43 3377.43 3377.43 
2.58061e-316 2.58061e-316 2.58061e-316 
3.23796e-319 3.23796e-319 3.23796e-319 
5.14322e-321 5.14322e-321 5.14322e-321 
2.64473e-316 2.64473e-316 2.64473e-316 
-2.42471e+58 -2.42471e+58 -2.42471e+58 
-nan -nan -nan 
2.64456e-316 2.64456e-316 2.64456e-316 
-nan -nan -nan 
0 0 0 
-nan -nan -nan 
0 0 0 
-nan -nan -nan 
1.97626e-323 1.97626e-323 1.97626e-323 
-nan -nan -nan 
0 0 0 
-nan -nan -nan 
-nan -nan -nan 
2.63409e-316 2.63409e-316 2.63409e-316 
2.64588e-316 2.64588e-316 2.64588e-316 
2.63613e-316 2.63613e-316 2.63613e-316 
2.64269e-316 2.64269e-316 2.64269e-316 
-nan -nan -nan 
0 0 0 
-nan -nan -nan 
9.88131e-324 9.88131e-324 9.88131e-324 
-nan -nan -nan 
0 0 0 
-nan -nan -nan 
0 0 0 
-nan -nan -nan 
0 0 0 
-nan -nan -nan 
0 0 0 
-nan -nan -nan 
-nan -nan -nan 
-nan -nan -nan 
0 0 0 
-nan -nan -nan 
0 0 0 
Probabilities: 
         0          0          0 0.00404482          0          0          0          0          0          0          0          0  0.0364103  0.0888032   0.231349  0.0136949  0.0326691   0.085113          0          0  0.0588807          0 0.00287814   0.231605  0.0110221   0.030883  0.0833873          0          0          0          0          0          0          0          0          0          0          0          0          0  0.0892595          0          0          0          0          0          0          0          0          0          0          0          0          0

String tensions: 
          1           1           1           1           1           1           1           1           1    0.957927    0.958227    0.958232   -0.523639   -0.540673   -0.541749   -0.364935   -0.539025   -0.549128     8.24933     8.15171     1.22231   -0.489433    -3.01974   -0.633322     -4.2349     -3.9085     -3.7186    0.727892    0.726747    0.726745    -0.11699    0.204877    0.204899      1.0082      1.0084      1.0084    0.691689    0.463803  -0.0559107   -0.168774 0.000599494     0.74172    0.987704    0.985717      1.0039   0.0157735   0.0153892   0.0153359    0.609321    0.900763    0.979286    0.987958    0.974977    0.998891

Errors: 
         0    5792.62    5792.62    5792.62          0          0    5792.62          0          0          0          0          0    0.20106   0.189913   0.190594    0.81371   0.602696   0.622364    1.00016          1 0.00764104   0.317567  0.0819785    1.80539   0.346364   0.408002   0.419858          0          0          0  0.0252107          0          0          0          0          0          0          0          1    1.00282 0.00611735          0          0          0          0  0.0015828 0.00150074 0.00150057    2.80485 0.00882139  0.0088341 0.00767027 0.00632053 0.00766535

Statuses: 
3 0 0 0 3 3 3 3 3 3 3 3 0 0 0 0 0 0 3 3 0 0 0 0 0 0 0 3 3 3 3 3 3 2 2 2 3 3 3 3 0 3 2 2 2 1 1 1 3 1 1 1 0 1
chisq per dof: 
  1109.04   130.737   116.403  0.826772   50.1433    43.879   132.018   121.149   103.848   3647.65   3197.04   2841.85 0.0943004  0.111808  0.108456  0.104291  0.130441  0.123935   3768.65   3848.19   0.62272   23.3692    1.0916   0.10818   0.19114  0.149182  0.129788   4738.52   4149.52   3688.46   368.291   3113.53   2724.42    153.93   132.719   113.765   4740.81   4145.68   3311.98    5096.4  0.110344   3860.39   153.925   132.715   113.763  0.492114  0.428583  0.384899    5008.2   113.745   99.5415   153.926   132.715   113.764
Model string tension and errors: 
sigma = -0.818528 +/- 368.407
