R=0parameters: 
-0.679953 -0.679953 
0.168977 0.168977 
6.51958e-10 6.51958e-10 
3.21143e-322 3.21143e-322 
9.88131e-324 9.88131e-324 
2.01794e-316 2.01794e-316 
7 7 
1.999e-316 1.999e-316 
24636.7 24636.7 
2.42092e-322 2.42092e-322 2.42092e-322 
6.36599e-314 6.36599e-314 6.36599e-314 
1.92647e-316 1.92647e-316 1.92647e-316 
0.284332 0.284332 0.284332 
1.6976e-313 1.6976e-313 1.6976e-313 
1.061e-313 1.061e-313 1.061e-313 
3.21143e-322 3.21143e-322 3.21143e-322 
1.95222e-316 1.95222e-316 1.95222e-316 
4.94066e-324 4.94066e-324 4.94066e-324 
6.94393e-310 6.94393e-310 6.94393e-310 6.94393e-310 
6.94393e-310 6.94393e-310 6.94393e-310 6.94393e-310 
0 0 0 0 
0 0 0 0 
0 0 0 0 
7.16395e-322 7.16395e-322 7.16395e-322 7.16395e-322 
4.94066e-324 4.94066e-324 4.94066e-324 4.94066e-324 
1.93605e-316 1.93605e-316 1.93605e-316 1.93605e-316 
1.98302e-316 1.98302e-316 1.98302e-316 1.98302e-316 
1.94054e-316 1.94054e-316 1.94054e-316 
3.26083e-322 3.26083e-322 3.26083e-322 
8.92654e-317 8.92654e-317 8.92654e-317 
1.11165e-321 1.11165e-321 1.11165e-321 
1.95757e-316 1.95757e-316 1.95757e-316 
8.48798e-314 8.48798e-314 8.48798e-314 
4.19892e-317 4.19892e-317 4.19892e-317 
0 0 0 
0 0 0 
1.96108e-316 1.96108e-316 1.96108e-316 1.96108e-316 
9.17464e-317 9.17464e-317 9.17464e-317 9.17464e-317 
2.122e-314 2.122e-314 2.122e-314 2.122e-314 
0 0 0 0 
0 0 0 0 
8.74496e-322 8.74496e-322 8.74496e-322 8.74496e-322 
6.94396e-310 6.94396e-310 6.94396e-310 6.94396e-310 
6.94393e-310 6.94393e-310 6.94393e-310 6.94393e-310 
0 0 0 0 
0 0 0 0 0 
0 0 0 0 0 
0 0 0 0 0 
-9.29312 -9.29312 -9.29312 -9.29312 -9.29312 
2.37152e-322 2.37152e-322 2.37152e-322 2.37152e-322 2.37152e-322 
2.01968e-316 2.01968e-316 2.01968e-316 2.01968e-316 2.01968e-316 
-16287.9 -16287.9 -16287.9 -16287.9 -16287.9 
0.316062 0.316062 0.316062 0.316062 0.316062 
3.21143e-322 3.21143e-322 3.21143e-322 3.21143e-322 3.21143e-322 
R=1parameters: 
-0.654491 -0.654491 
0.238896 0.238896 
-4.36048e-05 -4.36048e-05 
-0.00876244 -0.00876244 
0.0257373 0.0257373 
5.03038e+175 5.03038e+175 
3.5936e+246 3.5936e+246 
2.14726e+243 2.14726e+243 
-nan -nan 
2.42092e-322 2.42092e-322 2.42092e-322 
-0.614761 -0.614761 -0.614761 
1.56254e-05 1.56254e-05 1.56254e-05 
0.0078125 0.0078125 0.0078125 
-0.00876244 -0.00876244 -0.00876244 
2616.75 2616.75 2616.75 
1.63042e-322 1.63042e-322 1.63042e-322 
1.79049e-316 1.79049e-316 1.79049e-316 
2.13697e-316 2.13697e-316 2.13697e-316 
3.95253e-322 3.95253e-322 3.95253e-322 3.95253e-322 
6.32404e-322 6.32404e-322 6.32404e-322 6.32404e-322 
1.99777e-316 1.99777e-316 1.99777e-316 1.99777e-316 
-3.56526e-08 -3.56526e-08 -3.56526e-08 -3.56526e-08 
7.09281e-09 7.09281e-09 7.09281e-09 7.09281e-09 
3.56469e-07 3.56469e-07 3.56469e-07 3.56469e-07 
-3.90296e-08 -3.90296e-08 -3.90296e-08 -3.90296e-08 
4.92573e-07 4.92573e-07 4.92573e-07 4.92573e-07 
0 0 0 0 
0 0 0 
0.00101679 0.00101679 0.00101679 
0.000276077 0.000276077 0.000276077 
7.57458e-05 7.57458e-05 7.57458e-05 
2.09998e-05 2.09998e-05 2.09998e-05 
5.883e-06 5.883e-06 5.883e-06 
1.66537e-06 1.66537e-06 1.66537e-06 
7.90505e-322 7.90505e-322 7.90505e-322 
4.74303e-322 4.74303e-322 4.74303e-322 
4.70252e-320 4.70252e-320 4.70252e-320 4.70252e-320 
1.13795 1.13795 1.13795 1.13795 
0.926019 0.926019 0.926019 0.926019 
0.738068 0.738068 0.738068 0.738068 
-7.10292e-08 -7.10292e-08 -7.10292e-08 -7.10292e-08 
4.47084e-07 4.47084e-07 4.47084e-07 4.47084e-07 
0 0 0 0 
3.21143e-322 3.21143e-322 3.21143e-322 3.21143e-322 
2.00719e-316 2.00719e-316 2.00719e-316 2.00719e-316 
-4.1496e-07 -4.1496e-07 -4.1496e-07 -4.1496e-07 -4.1496e-07 
2.50877e-06 2.50877e-06 2.50877e-06 2.50877e-06 2.50877e-06 
1.22741e-08 1.22741e-08 1.22741e-08 1.22741e-08 1.22741e-08 
1.38086e-07 1.38086e-07 1.38086e-07 1.38086e-07 1.38086e-07 
1.11911e-09 1.11911e-09 1.11911e-09 1.11911e-09 1.11911e-09 
1.24788e-10 1.24788e-10 1.24788e-10 1.24788e-10 1.24788e-10 
5447.15 5447.15 5447.15 5447.15 5447.15 
3.2266 3.2266 3.2266 3.2266 3.2266 
2.42092e-322 2.42092e-322 2.42092e-322 2.42092e-322 2.42092e-322 
R=2parameters: 
-0.622888 -0.622888 
0.276657 0.276657 
4.22113 4.22113 
-8.52676 -8.52676 
18.1239 18.1239 
5.03038e+175 5.03038e+175 
3.5936e+246 3.5936e+246 
2.14726e+243 2.14726e+243 
-nan -nan 
2.45551e-321 2.45551e-321 2.45551e-321 
6.94395e-310 6.94395e-310 6.94395e-310 
2.00673e-316 2.00673e-316 2.00673e-316 
2.75811e-07 2.75811e-07 2.75811e-07 
-2.68778e-06 -2.68778e-06 -2.68778e-06 
-1.92632e-07 -1.92632e-07 -1.92632e-07 
2.74277e-07 2.74277e-07 2.74277e-07 
4.03781e-05 4.03781e-05 4.03781e-05 
2.44044e-06 2.44044e-06 2.44044e-06 
-4.09809e-06 -4.09809e-06 -4.09809e-06 -4.09809e-06 
8.47943e-05 8.47943e-05 8.47943e-05 8.47943e-05 
-0.000118056 -0.000118056 -0.000118056 -0.000118056 
-7.0489e-06 -7.0489e-06 -7.0489e-06 -7.0489e-06 
1.20529e-05 1.20529e-05 1.20529e-05 1.20529e-05 
-0.000252246 -0.000252246 -0.000252246 -0.000252246 
0.000751415 0.000751415 0.000751415 0.000751415 
1.8231e-321 1.8231e-321 1.8231e-321 1.8231e-321 
0 0 0 0 
2.42092e-322 2.42092e-322 2.42092e-322 
6.94395e-310 6.94395e-310 6.94395e-310 
1.98475e-316 1.98475e-316 1.98475e-316 
0 0 0 
0 0 0 
0.864213 0.864213 0.864213 
2.42092e-322 2.42092e-322 2.42092e-322 
2.00714e-316 2.00714e-316 2.00714e-316 
1 1 1 
0 0 0 0 
0 0 0 0 
0 0 0 0 
1.92634e-316 1.92634e-316 1.92634e-316 1.92634e-316 
0.000533906 0.000533906 0.000533906 0.000533906 
1.94988e-316 1.94988e-316 1.94988e-316 1.94988e-316 
1.01693e+06 1.01693e+06 1.01693e+06 1.01693e+06 
-2.80637 -2.80637 -2.80637 -2.80637 
18.1239 18.1239 18.1239 18.1239 
3.16202e-322 3.16202e-322 3.16202e-322 3.16202e-322 3.16202e-322 
2.02059e-316 2.02059e-316 2.02059e-316 2.02059e-316 2.02059e-316 
2.02026e-316 2.02026e-316 2.02026e-316 2.02026e-316 2.02026e-316 
6.94393e-310 6.94393e-310 6.94393e-310 6.94393e-310 6.94393e-310 
2.00674e-316 2.00674e-316 2.00674e-316 2.00674e-316 2.00674e-316 
1.66006e-321 1.66006e-321 1.66006e-321 1.66006e-321 1.66006e-321 
2.122e-314 2.122e-314 2.122e-314 2.122e-314 2.122e-314 
2.02193e-316 2.02193e-316 2.02193e-316 2.02193e-316 2.02193e-316 
2.42092e-322 2.42092e-322 2.42092e-322 2.42092e-322 2.42092e-322 
R=3parameters: 
-0.588804 -0.588804 
0.303929 0.303929 
-7.02674e-05 -7.02674e-05 
0.131474 0.131474 
-0.0923374 -0.0923374 
5.03038e+175 5.03038e+175 
3.5936e+246 3.5936e+246 
2.14726e+243 2.14726e+243 
-nan -nan 
2.45551e-321 2.45551e-321 2.45551e-321 
6.94395e-310 6.94395e-310 6.94395e-310 
2.01945e-316 2.01945e-316 2.01945e-316 
2.01947e-316 2.01947e-316 2.01947e-316 
2.01947e-316 2.01947e-316 2.01947e-316 
2.01946e-316 2.01946e-316 2.01946e-316 
2.01946e-316 2.01946e-316 2.01946e-316 
0.640732 0.640732 0.640732 
3.32012e-321 3.32012e-321 3.32012e-321 
2.02192e-316 2.02192e-316 2.02192e-316 2.02192e-316 
2.06025e-321 2.06025e-321 2.06025e-321 2.06025e-321 
1.95195e-316 1.95195e-316 1.95195e-316 1.95195e-316 
2.00674e-316 2.00674e-316 2.00674e-316 2.00674e-316 
1.92633e-316 1.92633e-316 1.92633e-316 1.92633e-316 
1.63042e-322 1.63042e-322 1.63042e-322 1.63042e-322 
2.13494e-316 2.13494e-316 2.13494e-316 2.13494e-316 
2.13493e-316 2.13493e-316 2.13493e-316 2.13493e-316 
3.16202e-322 3.16202e-322 3.16202e-322 3.16202e-322 
2.37152e-322 2.37152e-322 2.37152e-322 
2.13532e-316 2.13532e-316 2.13532e-316 
0 0 0 
0 0 0 
0 0 0 
5.53354e-322 5.53354e-322 5.53354e-322 
2.37152e-322 2.37152e-322 2.37152e-322 
1.92601e-316 1.92601e-316 1.92601e-316 
2.01947e-316 2.01947e-316 2.01947e-316 
0.593075 0.593075 0.593075 0.593075 
-0.00353746 -0.00353746 -0.00353746 -0.00353746 
7.90505e-322 7.90505e-322 7.90505e-322 7.90505e-322 
2.37152e-322 2.37152e-322 2.37152e-322 2.37152e-322 
9.23113e-317 9.23113e-317 9.23113e-317 9.23113e-317 
1.63042e-322 1.63042e-322 1.63042e-322 1.63042e-322 
1.67772e+07 1.67772e+07 1.67772e+07 1.67772e+07 
1.63042e-322 1.63042e-322 1.63042e-322 1.63042e-322 
1.92588e-316 1.92588e-316 1.92588e-316 1.92588e-316 
1.96465e-316 1.96465e-316 1.96465e-316 1.96465e-316 1.96465e-316 
1.58101e-322 1.58101e-322 1.58101e-322 1.58101e-322 1.58101e-322 
1.58101e-322 1.58101e-322 1.58101e-322 1.58101e-322 1.58101e-322 
338156 338156 338156 338156 338156 
4.94066e-324 4.94066e-324 4.94066e-324 4.94066e-324 4.94066e-324 
4.72908e-08 4.72908e-08 4.72908e-08 4.72908e-08 4.72908e-08 
9.67317e-05 9.67317e-05 9.67317e-05 9.67317e-05 9.67317e-05 
6.94393e-310 6.94393e-310 6.94393e-310 6.94393e-310 6.94393e-310 
5.37697e-06 5.37697e-06 5.37697e-06 5.37697e-06 5.37697e-06 
R=4parameters: 
-0.557248 -0.557248 
0.326631 0.326631 
-0.000195442 -0.000195442 
0.179224 0.179224 
-0.128991 -0.128991 
5.03038e+175 5.03038e+175 
3.5936e+246 3.5936e+246 
2.14726e+243 2.14726e+243 
-nan -nan 
1.63042e-322 1.63042e-322 1.63042e-322 
6.94393e-310 6.94393e-310 6.94393e-310 
2.122e-314 2.122e-314 2.122e-314 
2.12453e-316 2.12453e-316 2.12453e-316 
2.37152e-322 2.37152e-322 2.37152e-322 
1.97873e-316 1.97873e-316 1.97873e-316 
-20991 -20991 -20991 
-26303.6 -26303.6 -26303.6 
0 0 0 
2.47033e-323 2.47033e-323 2.47033e-323 2.47033e-323 
1.96105e-316 1.96105e-316 1.96105e-316 1.96105e-316 
585344 585344 585344 585344 
2.0052e-316 2.0052e-316 2.0052e-316 2.0052e-316 
1758.24 1758.24 1758.24 1758.24 
0 0 0 0 
3.21409e+07 3.21409e+07 3.21409e+07 3.21409e+07 
2.42092e-322 2.42092e-322 2.42092e-322 2.42092e-322 
2.01174e-316 2.01174e-316 2.01174e-316 2.01174e-316 
2.0112e-316 2.0112e-316 2.0112e-316 
0.000714221 0.000714221 0.000714221 
0.00116859 0.00116859 0.00116859 
8.69556e-322 8.69556e-322 8.69556e-322 
3.16202e-322 3.16202e-322 3.16202e-322 
2.47033e-323 2.47033e-323 2.47033e-323 
1.99731e-316 1.99731e-316 1.99731e-316 
1.061e-313 1.061e-313 1.061e-313 
2.01709e-316 2.01709e-316 2.01709e-316 
146433 146433 146433 146433 
1.50782e+161 1.50782e+161 1.50782e+161 1.50782e+161 
3.38e-317 3.38e-317 3.38e-317 3.38e-317 
1.63042e-322 1.63042e-322 1.63042e-322 1.63042e-322 
1.93592e-316 1.93592e-316 1.93592e-316 1.93592e-316 
-8.59886e-06 -8.59886e-06 -8.59886e-06 -8.59886e-06 
1.67996e-06 1.67996e-06 1.67996e-06 1.67996e-06 
-1.78366e-05 -1.78366e-05 -1.78366e-05 -1.78366e-05 
6.58249e-07 6.58249e-07 6.58249e-07 6.58249e-07 
6.69267e-07 6.69267e-07 6.69267e-07 6.69267e-07 6.69267e-07 
7.78733e-06 7.78733e-06 7.78733e-06 7.78733e-06 7.78733e-06 
2.75313e-06 2.75313e-06 2.75313e-06 2.75313e-06 2.75313e-06 
2.01119e-316 2.01119e-316 2.01119e-316 2.01119e-316 2.01119e-316 
4.00193e-322 4.00193e-322 4.00193e-322 4.00193e-322 4.00193e-322 
1.95657e-316 1.95657e-316 1.95657e-316 1.95657e-316 1.95657e-316 
1.96488e-316 1.96488e-316 1.96488e-316 1.96488e-316 1.96488e-316 
2.01539e-316 2.01539e-316 2.01539e-316 2.01539e-316 2.01539e-316 
1.96489e-316 1.96489e-316 1.96489e-316 1.96489e-316 1.96489e-316 
R=5parameters: 
-0.521781 -0.521781 
0.350223 0.350223 
-0.0121368 -0.0121368 
0.109889 0.109889 
-3.95753 -3.95753 
5.03038e+175 5.03038e+175 
3.5936e+246 3.5936e+246 
2.14726e+243 2.14726e+243 
-nan -nan 
2.45551e-321 2.45551e-321 2.45551e-321 
2.01945e-316 2.01945e-316 2.01945e-316 
2.02026e-316 2.02026e-316 2.02026e-316 
1.96134e-316 1.96134e-316 1.96134e-316 
2.29741e-321 2.29741e-321 2.29741e-321 
2.0011e-316 2.0011e-316 2.0011e-316 
2.02007e-316 2.02007e-316 2.02007e-316 
2.01113e-316 2.01113e-316 2.01113e-316 
2.1393e-321 2.1393e-321 2.1393e-321 
1.95371e-316 1.95371e-316 1.95371e-316 1.95371e-316 
2.0204e-316 2.0204e-316 2.0204e-316 2.0204e-316 
23826.7 23826.7 23826.7 23826.7 
1.9334e-316 1.9334e-316 1.9334e-316 1.9334e-316 
3.23796e-319 3.23796e-319 3.23796e-319 3.23796e-319 
1.90215e-321 1.90215e-321 1.90215e-321 1.90215e-321 
6.94395e-310 6.94395e-310 6.94395e-310 6.94395e-310 
6.94395e-310 6.94395e-310 6.94395e-310 6.94395e-310 
-0.617249 -0.617249 -0.617249 -0.617249 
-0.684006 -0.684006 -0.684006 
0 0 0 
0.830908 0.830908 0.830908 
0.548868 0.548868 0.548868 
-0.08967 -0.08967 -0.08967 
0.0171767 0.0171767 0.0171767 
0 0 0 
0 0 0 
0 0 0 
0 0 0 0 
0 0 0 0 
1 1 1 1 
1.92003e-05 1.92003e-05 1.92003e-05 1.92003e-05 
0 0 0 0 
1.63042e-322 1.63042e-322 1.63042e-322 1.63042e-322 
6.94393e-310 6.94393e-310 6.94393e-310 6.94393e-310 
2.122e-314 2.122e-314 2.122e-314 2.122e-314 
1.95463e-316 1.95463e-316 1.95463e-316 1.95463e-316 
4.00193e-322 4.00193e-322 4.00193e-322 4.00193e-322 4.00193e-322 
1.95191e-316 1.95191e-316 1.95191e-316 1.95191e-316 1.95191e-316 
1.96563e-316 1.96563e-316 1.96563e-316 1.96563e-316 1.96563e-316 
2.01946e-316 2.01946e-316 2.01946e-316 2.01946e-316 2.01946e-316 
2.42092e-322 2.42092e-322 2.42092e-322 2.42092e-322 2.42092e-322 
2.01083e-316 2.01083e-316 2.01083e-316 2.01083e-316 2.01083e-316 
0.606564 0.606564 0.606564 0.606564 0.606564 
0.550408 0.550408 0.550408 0.550408 0.550408 
2.122e-314 2.122e-314 2.122e-314 2.122e-314 2.122e-314 
R=6parameters: 
-0.494294 -0.494294 
0.371829 0.371829 
-0.030236 -0.030236 
-5.27479 -5.27479 
7.68181 7.68181 
5.03038e+175 5.03038e+175 
3.5936e+246 3.5936e+246 
2.14726e+243 2.14726e+243 
-nan -nan 
2.42092e-322 2.42092e-322 2.42092e-322 
-0.382429 -0.382429 -0.382429 
0 0 0 
61243.8 61243.8 61243.8 
0 0 0 
2.37152e-322 2.37152e-322 2.37152e-322 
2.42092e-322 2.42092e-322 2.42092e-322 
1.96147e-316 1.96147e-316 1.96147e-316 
0.370022 0.370022 0.370022 
0.015625 0.015625 0.015625 0.015625 
5330.48 5330.48 5330.48 5330.48 
7.68181 7.68181 7.68181 7.68181 
6.37345e-322 6.37345e-322 6.37345e-322 6.37345e-322 
2.13717e-316 2.13717e-316 2.13717e-316 2.13717e-316 
-2.88928e-23 -2.88928e-23 -2.88928e-23 -2.88928e-23 
1.49088e-06 1.49088e-06 1.49088e-06 1.49088e-06 
0.000272838 0.000272838 0.000272838 0.000272838 
-2.24063e-05 -2.24063e-05 -2.24063e-05 -2.24063e-05 
0.000646262 0.000646262 0.000646262 
0 0 0 
0 0 0 
0 0 0 
3.35544e+07 3.35544e+07 3.35544e+07 
0 0 0 
0 0 0 
0 0 0 
0 0 0 
3.35544e+07 3.35544e+07 3.35544e+07 3.35544e+07 
1.3488e-321 1.3488e-321 1.3488e-321 1.3488e-321 
0 0 0 0 
0 0 0 0 
82.5972 82.5972 82.5972 82.5972 
39.7342 39.7342 39.7342 39.7342 
0 0 0 0 
2.42092e-322 2.42092e-322 2.42092e-322 2.42092e-322 
-0.732782 -0.732782 -0.732782 -0.732782 
3.30024 3.30024 3.30024 3.30024 3.30024 
31.8954 31.8954 31.8954 31.8954 31.8954 
0.456175 0.456175 0.456175 0.456175 0.456175 
4.74303e-322 4.74303e-322 4.74303e-322 4.74303e-322 4.74303e-322 
-2.85626 -2.85626 -2.85626 -2.85626 -2.85626 
-245.884 -245.884 -245.884 -245.884 -245.884 
6.88864e-05 6.88864e-05 6.88864e-05 6.88864e-05 6.88864e-05 
8.08735e-05 8.08735e-05 8.08735e-05 8.08735e-05 8.08735e-05 
1.92635e-316 1.92635e-316 1.92635e-316 1.92635e-316 1.92635e-316 
R=7parameters: 
-0.467388 -0.467388 
0.393862 0.393862 
-0.000113598 -0.000113598 
1.00363 1.00363 
-1.07207 -1.07207 
5.03038e+175 5.03038e+175 
3.5936e+246 3.5936e+246 
2.14726e+243 2.14726e+243 
-nan -nan 
2.45551e-321 2.45551e-321 2.45551e-321 
2.13491e-316 2.13491e-316 2.13491e-316 
2.00673e-316 2.00673e-316 2.00673e-316 
-0.000113598 -0.000113598 -0.000113598 
1.00363 1.00363 1.00363 
-1.07207 -1.07207 -1.07207 
4.50076e-09 4.50076e-09 4.50076e-09 
-5.64055e-13 -5.64055e-13 -5.64055e-13 
-1.09317e-08 -1.09317e-08 -1.09317e-08 
-1.10127e-18 -1.10127e-18 -1.10127e-18 -1.10127e-18 
2.42092e-322 2.42092e-322 2.42092e-322 2.42092e-322 
2.01087e-316 2.01087e-316 2.01087e-316 2.01087e-316 
2.01134e-316 2.01134e-316 2.01134e-316 2.01134e-316 
37.5212 37.5212 37.5212 37.5212 
61.5411 61.5411 61.5411 61.5411 
2.37152e-322 2.37152e-322 2.37152e-322 2.37152e-322 
2.37152e-322 2.37152e-322 2.37152e-322 2.37152e-322 
1.9259e-316 1.9259e-316 1.9259e-316 1.9259e-316 
0.298441 0.298441 0.298441 
0.950097 0.950097 0.950097 
0.525969 0.525969 0.525969 
4.74303e-322 4.74303e-322 4.74303e-322 
2.37152e-322 2.37152e-322 2.37152e-322 
2.01649e-316 2.01649e-316 2.01649e-316 
0 0 0 
0 0 0 
0 0 0 
1.10671e-321 1.10671e-321 1.10671e-321 1.10671e-321 
2.37152e-322 2.37152e-322 2.37152e-322 2.37152e-322 
1.96293e-316 1.96293e-316 1.96293e-316 1.96293e-316 
18978.7 18978.7 18978.7 18978.7 
2689.06 2689.06 2689.06 2689.06 
2.02019e-316 2.02019e-316 2.02019e-316 2.02019e-316 
2.47033e-323 2.47033e-323 2.47033e-323 2.47033e-323 
1.92635e-316 1.92635e-316 1.92635e-316 1.92635e-316 
2.47033e-323 2.47033e-323 2.47033e-323 2.47033e-323 
1.92635e-316 1.92635e-316 1.92635e-316 1.92635e-316 1.92635e-316 
3.23796e-319 3.23796e-319 3.23796e-319 3.23796e-319 3.23796e-319 
6.37345e-322 6.37345e-322 6.37345e-322 6.37345e-322 6.37345e-322 
3.08975e-05 3.08975e-05 3.08975e-05 3.08975e-05 3.08975e-05 
-1.67612e-05 -1.67612e-05 -1.67612e-05 -1.67612e-05 -1.67612e-05 
1.92634e-316 1.92634e-316 1.92634e-316 1.92634e-316 1.92634e-316 
6.37345e-322 6.37345e-322 6.37345e-322 6.37345e-322 6.37345e-322 
2.47033e-323 2.47033e-323 2.47033e-323 2.47033e-323 2.47033e-323 
141839 141839 141839 141839 141839 
R=8parameters: 
-0.452152 -0.452152 
0.413745 0.413745 
-0.000483623 -0.000483623 
0.727866 0.727866 
-0.733679 -0.733679 
5.03038e+175 5.03038e+175 
3.5936e+246 3.5936e+246 
2.14726e+243 2.14726e+243 
-nan -nan 
2.45551e-321 2.45551e-321 2.45551e-321 
6.94395e-310 6.94395e-310 6.94395e-310 
2.00673e-316 2.00673e-316 2.00673e-316 
0 0 0 
0 0 0 
2.37152e-322 2.37152e-322 2.37152e-322 
3.16202e-322 3.16202e-322 3.16202e-322 
1.958e-316 1.958e-316 1.958e-316 
1.92632e-316 1.92632e-316 1.92632e-316 
-0.0330706 -0.0330706 -0.0330706 -0.0330706 
1.92633e-316 1.92633e-316 1.92633e-316 1.92633e-316 
4424.21 4424.21 4424.21 4424.21 
1.94922e-316 1.94922e-316 1.94922e-316 1.94922e-316 
3.16202e-322 3.16202e-322 3.16202e-322 3.16202e-322 
1.5069e-321 1.5069e-321 1.5069e-321 1.5069e-321 
1.94186e-316 1.94186e-316 1.94186e-316 1.94186e-316 
2.01119e-316 2.01119e-316 2.01119e-316 2.01119e-316 
4.48812e+06 4.48812e+06 4.48812e+06 4.48812e+06 
358345 358345 358345 
49677.3 49677.3 49677.3 
4.79244e-322 4.79244e-322 4.79244e-322 
1.99838e-316 1.99838e-316 1.99838e-316 
6.94395e-310 6.94395e-310 6.94395e-310 
61085.4 61085.4 61085.4 
-48663.1 -48663.1 -48663.1 
-16111.4 -16111.4 -16111.4 
2.42092e-322 2.42092e-322 2.42092e-322 
2.01174e-316 2.01174e-316 2.01174e-316 2.01174e-316 
1.92635e-316 1.92635e-316 1.92635e-316 1.92635e-316 
72104.5 72104.5 72104.5 72104.5 
1.9261e-316 1.9261e-316 1.9261e-316 1.9261e-316 
1.96194e-316 1.96194e-316 1.96194e-316 1.96194e-316 
2.00608e-316 2.00608e-316 2.00608e-316 2.00608e-316 
2.02127e-316 2.02127e-316 2.02127e-316 2.02127e-316 
124591 124591 124591 124591 
0 0 0 0 
0 0 0 0 0 
2.37152e-322 2.37152e-322 2.37152e-322 2.37152e-322 2.37152e-322 
6.37345e-322 6.37345e-322 6.37345e-322 6.37345e-322 6.37345e-322 
9.5132e-05 9.5132e-05 9.5132e-05 9.5132e-05 9.5132e-05 
-3.1427e-05 -3.1427e-05 -3.1427e-05 -3.1427e-05 -3.1427e-05 
1.96014e-316 1.96014e-316 1.96014e-316 1.96014e-316 1.96014e-316 
1.99902e-316 1.99902e-316 1.99902e-316 1.99902e-316 1.99902e-316 
2.47033e-323 2.47033e-323 2.47033e-323 2.47033e-323 2.47033e-323 
1.92332e-316 1.92332e-316 1.92332e-316 1.92332e-316 1.92332e-316 
R=9parameters: 
-0.439187 -0.439187 
0.432334 0.432334 
0.00398369 0.00398369 
333.845 333.845 
-353.597 -353.597 
5.03038e+175 5.03038e+175 
3.5936e+246 3.5936e+246 
2.14726e+243 2.14726e+243 
-nan -nan 
2.45551e-321 2.45551e-321 2.45551e-321 
2.00673e-316 2.00673e-316 2.00673e-316 
1.79052e-316 1.79052e-316 1.79052e-316 
2.04826e+06 2.04826e+06 2.04826e+06 
77612.5 77612.5 77612.5 
8747.69 8747.69 8747.69 
1.63042e-322 1.63042e-322 1.63042e-322 
1.95377e-316 1.95377e-316 1.95377e-316 
1.96232e-316 1.96232e-316 1.96232e-316 
3.95253e-322 3.95253e-322 3.95253e-322 3.95253e-322 
5.53354e-322 5.53354e-322 5.53354e-322 5.53354e-322 
1.92587e-316 1.92587e-316 1.92587e-316 1.92587e-316 
0.655923 0.655923 0.655923 0.655923 
0.425995 0.425995 0.425995 0.425995 
0.276666 0.276666 0.276666 0.276666 
0.179683 0.179683 0.179683 0.179683 
0.116696 0.116696 0.116696 0.116696 
0.0757894 0.0757894 0.0757894 0.0757894 
0.049222 0.049222 0.049222 
0.0319676 0.0319676 0.0319676 
0.0207616 0.0207616 0.0207616 
0.0134838 0.0134838 0.0134838 
0.00875717 0.00875717 0.00875717 
9.48606e-322 9.48606e-322 9.48606e-322 
-0.0538119 -0.0538119 -0.0538119 
8.5199e-05 8.5199e-05 8.5199e-05 
-5.20641e-05 -5.20641e-05 -5.20641e-05 
0 0 0 0 
8.34418e-317 8.34418e-317 8.34418e-317 8.34418e-317 
6.79919e-05 6.79919e-05 6.79919e-05 6.79919e-05 
8.31226e-05 8.31226e-05 8.31226e-05 8.31226e-05 
-9.83889e-07 -9.83889e-07 -9.83889e-07 -9.83889e-07 
0.029027 0.029027 0.029027 0.029027 
0 0 0 0 
1.92635e-316 1.92635e-316 1.92635e-316 1.92635e-316 
3.23796e-319 3.23796e-319 3.23796e-319 3.23796e-319 
7.95446e-322 7.95446e-322 7.95446e-322 7.95446e-322 7.95446e-322 
6.94395e-310 6.94395e-310 6.94395e-310 6.94395e-310 6.94395e-310 
1.92608e-316 1.92608e-316 1.92608e-316 1.92608e-316 1.92608e-316 
-2.45383 -2.45383 -2.45383 -2.45383 -2.45383 
2.42092e-322 2.42092e-322 2.42092e-322 2.42092e-322 2.42092e-322 
1.79015e-316 1.79015e-316 1.79015e-316 1.79015e-316 1.79015e-316 
2.122e-314 2.122e-314 2.122e-314 2.122e-314 2.122e-314 
0.873826 0.873826 0.873826 0.873826 0.873826 
8.58421e-06 8.58421e-06 8.58421e-06 8.58421e-06 8.58421e-06 
R=10parameters: 
-0.431769 -0.431769 
0.443762 0.443762 
0.107737 0.107737 
-4.71551 -4.71551 
5.8184 5.8184 
5.03038e+175 5.03038e+175 
3.5936e+246 3.5936e+246 
2.14726e+243 2.14726e+243 
-nan -nan 
2.45551e-321 2.45551e-321 2.45551e-321 
2.00673e-316 2.00673e-316 2.00673e-316 
2.01111e-316 2.01111e-316 2.01111e-316 
0 0 0 
0 0 0 
2.37152e-322 2.37152e-322 2.37152e-322 
2.37152e-322 2.37152e-322 2.37152e-322 
1.92589e-316 1.92589e-316 1.92589e-316 
2.01111e-316 2.01111e-316 2.01111e-316 
0.19376 0.19376 0.19376 0.19376 
3.30051 3.30051 3.30051 3.30051 
4.74303e-322 4.74303e-322 4.74303e-322 4.74303e-322 
2.37152e-322 2.37152e-322 2.37152e-322 2.37152e-322 
1.92588e-316 1.92588e-316 1.92588e-316 1.92588e-316 
8335.32 8335.32 8335.32 8335.32 
20305 20305 20305 20305 
-50242.8 -50242.8 -50242.8 -50242.8 
7.11455e-322 7.11455e-322 7.11455e-322 7.11455e-322 
3.16202e-322 3.16202e-322 3.16202e-322 
2.13719e-316 2.13719e-316 2.13719e-316 
1.92634e-316 1.92634e-316 1.92634e-316 
0 0 0 
0 0 0 
2.01134e-316 2.01134e-316 2.01134e-316 
0 0 0 
1.67772e+07 1.67772e+07 1.67772e+07 
1.58101e-322 1.58101e-322 1.58101e-322 
6.94393e-310 6.94393e-310 6.94393e-310 6.94393e-310 
2.122e-314 2.122e-314 2.122e-314 2.122e-314 
1.9334e-316 1.9334e-316 1.9334e-316 1.9334e-316 
6.37345e-322 6.37345e-322 6.37345e-322 6.37345e-322 
2.22281e-05 2.22281e-05 2.22281e-05 2.22281e-05 
-2.44632e-06 -2.44632e-06 -2.44632e-06 -2.44632e-06 
0.000101914 0.000101914 0.000101914 0.000101914 
2.13456e-316 2.13456e-316 2.13456e-316 2.13456e-316 
2.13454e-316 2.13454e-316 2.13454e-316 2.13454e-316 
2.13455e-316 2.13455e-316 2.13455e-316 2.13455e-316 2.13455e-316 
6.94381e-310 6.94381e-310 6.94381e-310 6.94381e-310 6.94381e-310 
-2.88928e-23 -2.88928e-23 -2.88928e-23 -2.88928e-23 -2.88928e-23 
1.42738e+228 1.42738e+228 1.42738e+228 1.42738e+228 1.42738e+228 
2.13752e-316 2.13752e-316 2.13752e-316 2.13752e-316 2.13752e-316 
17304.6 17304.6 17304.6 17304.6 17304.6 
2.01722e-316 2.01722e-316 2.01722e-316 2.01722e-316 2.01722e-316 
-2284.01 -2284.01 -2284.01 -2284.01 -2284.01 
3.21143e-322 3.21143e-322 3.21143e-322 3.21143e-322 3.21143e-322 
R=11parameters: 
-0.432647 -0.432647 
0.447559 0.447559 
-0.00186319 -0.00186319 
-0.158558 -0.158558 
0.228439 0.228439 
5.03038e+175 5.03038e+175 
3.5936e+246 3.5936e+246 
2.14726e+243 2.14726e+243 
-nan -nan 
2.45551e-321 2.45551e-321 2.45551e-321 
2.00673e-316 2.00673e-316 2.00673e-316 
2.01945e-316 2.01945e-316 2.01945e-316 
0.537077 0.537077 0.537077 
0.000213091 0.000213091 0.000213091 
0.00049698 0.00049698 0.00049698 
1.63042e-322 1.63042e-322 1.63042e-322 
1.99605e-316 1.99605e-316 1.99605e-316 
2.13756e-316 2.13756e-316 2.13756e-316 
3.95253e-322 3.95253e-322 3.95253e-322 3.95253e-322 
6.32404e-322 6.32404e-322 6.32404e-322 6.32404e-322 
2.01913e-316 2.01913e-316 2.01913e-316 2.01913e-316 
-0.000236455 -0.000236455 -0.000236455 -0.000236455 
6.48684e-05 6.48684e-05 6.48684e-05 6.48684e-05 
-0.000434651 -0.000434651 -0.000434651 -0.000434651 
3.52496e-05 3.52496e-05 3.52496e-05 3.52496e-05 
9.92391e-05 9.92391e-05 9.92391e-05 9.92391e-05 
0.00100951 0.00100951 0.00100951 0.00100951 
-9.35708e-05 -9.35708e-05 -9.35708e-05 
-0.000222878 -0.000222878 -0.000222878 
0.00330231 0.00330231 0.00330231 
-0.00762162 -0.00762162 -0.00762162 
0 0 0 
0 0 0 
0 0 0 
0 0 0 
0 0 0 
1 1 1 1 
0 0 0 0 
1654.71 1654.71 1654.71 1654.71 
1.02917 1.02917 1.02917 1.02917 
0 0 0 0 
3.21143e-322 3.21143e-322 3.21143e-322 3.21143e-322 
2.01947e-316 2.01947e-316 2.01947e-316 2.01947e-316 
1.94989e-316 1.94989e-316 1.94989e-316 1.94989e-316 
2.01947e-316 2.01947e-316 2.01947e-316 2.01947e-316 
1.94988e-316 1.94988e-316 1.94988e-316 1.94988e-316 1.94988e-316 
2290.02 2290.02 2290.02 2290.02 2290.02 
1038.05 1038.05 1038.05 1038.05 1038.05 
6.14675e-05 6.14675e-05 6.14675e-05 6.14675e-05 6.14675e-05 
-2.13051e-05 -2.13051e-05 -2.13051e-05 -2.13051e-05 -2.13051e-05 
1.36593 1.36593 1.36593 1.36593 1.36593 
0 0 0 0 0 
33.7304 33.7304 33.7304 33.7304 33.7304 
2.42092e-322 2.42092e-322 2.42092e-322 2.42092e-322 2.42092e-322 
T Models:
(* Fitting with shape 1 1 1 1 1 1 1 1 1 1 0 0 *)
G[T_,xx_]:=Exp[0+xx[[1]]*T^1+xx[[2]]*T^2]*(1)
(* Fitting with shape 1 1 1 1 1 1 1 1 1 1 1 0 *)
G[T_,xx_]:=Exp[0+xx[[1]]*T^1+xx[[2]]*T^2]*(1)
(* Fitting with shape 1 1 1 1 1 1 1 1 1 1 1 1 *)
G[T_,xx_]:=Exp[0+xx[[1]]*T^1+xx[[2]]*T^2]*(1)
(* Fitting with shape 0 1 1 1 1 1 1 1 1 1 0 0 *)
G[T_,xx_]:=Exp[0+xx[[1]]*T^1+xx[[2]]*T^2]*(1)
(* Fitting with shape 0 1 1 1 1 1 1 1 1 1 1 0 *)
G[T_,xx_]:=Exp[0+xx[[1]]*T^1+xx[[2]]*T^2]*(1)
(* Fitting with shape 0 1 1 1 1 1 1 1 1 1 1 1 *)
G[T_,xx_]:=Exp[0+xx[[1]]*T^1+xx[[2]]*T^2]*(1)
(* Fitting with shape 0 0 1 1 1 1 1 1 1 1 0 0 *)
G[T_,xx_]:=Exp[0+xx[[1]]*T^1+xx[[2]]*T^2]*(1)
(* Fitting with shape 0 0 1 1 1 1 1 1 1 1 1 0 *)
G[T_,xx_]:=Exp[0+xx[[1]]*T^1+xx[[2]]*T^2]*(1)
(* Fitting with shape 0 0 1 1 1 1 1 1 1 1 1 1 *)
G[T_,xx_]:=Exp[0+xx[[1]]*T^1+xx[[2]]*T^2]*(1)
(* Fitting with shape 1 1 1 1 1 1 1 1 1 1 0 0 *)
G[T_,xx_]:=Exp[0+xx[[1]]*T^1+xx[[2]]*T^2]*(1+xx[[3]]/(T^1))
(* Fitting with shape 1 1 1 1 1 1 1 1 1 1 1 0 *)
G[T_,xx_]:=Exp[0+xx[[1]]*T^1+xx[[2]]*T^2]*(1+xx[[3]]/(T^1))
(* Fitting with shape 1 1 1 1 1 1 1 1 1 1 1 1 *)
G[T_,xx_]:=Exp[0+xx[[1]]*T^1+xx[[2]]*T^2]*(1+xx[[3]]/(T^1))
(* Fitting with shape 0 1 1 1 1 1 1 1 1 1 0 0 *)
G[T_,xx_]:=Exp[0+xx[[1]]*T^1+xx[[2]]*T^2]*(1+xx[[3]]/(T^1))
(* Fitting with shape 0 1 1 1 1 1 1 1 1 1 1 0 *)
G[T_,xx_]:=Exp[0+xx[[1]]*T^1+xx[[2]]*T^2]*(1+xx[[3]]/(T^1))
(* Fitting with shape 0 1 1 1 1 1 1 1 1 1 1 1 *)
G[T_,xx_]:=Exp[0+xx[[1]]*T^1+xx[[2]]*T^2]*(1+xx[[3]]/(T^1))
(* Fitting with shape 0 0 1 1 1 1 1 1 1 1 0 0 *)
G[T_,xx_]:=Exp[0+xx[[1]]*T^1+xx[[2]]*T^2]*(1+xx[[3]]/(T^1))
(* Fitting with shape 0 0 1 1 1 1 1 1 1 1 1 0 *)
G[T_,xx_]:=Exp[0+xx[[1]]*T^1+xx[[2]]*T^2]*(1+xx[[3]]/(T^1))
(* Fitting with shape 0 0 1 1 1 1 1 1 1 1 1 1 *)
G[T_,xx_]:=Exp[0+xx[[1]]*T^1+xx[[2]]*T^2]*(1+xx[[3]]/(T^1))
(* Fitting with shape 1 1 1 1 1 1 1 1 1 1 0 0 *)
G[T_,xx_]:=Exp[0+xx[[1]]*T^1+xx[[2]]*T^2]*(1+xx[[3]]/(T^1)+xx[[4]]/(T^2))
(* Fitting with shape 1 1 1 1 1 1 1 1 1 1 1 0 *)
G[T_,xx_]:=Exp[0+xx[[1]]*T^1+xx[[2]]*T^2]*(1+xx[[3]]/(T^1)+xx[[4]]/(T^2))
(* Fitting with shape 1 1 1 1 1 1 1 1 1 1 1 1 *)
G[T_,xx_]:=Exp[0+xx[[1]]*T^1+xx[[2]]*T^2]*(1+xx[[3]]/(T^1)+xx[[4]]/(T^2))
(* Fitting with shape 0 1 1 1 1 1 1 1 1 1 0 0 *)
G[T_,xx_]:=Exp[0+xx[[1]]*T^1+xx[[2]]*T^2]*(1+xx[[3]]/(T^1)+xx[[4]]/(T^2))
(* Fitting with shape 0 1 1 1 1 1 1 1 1 1 1 0 *)
G[T_,xx_]:=Exp[0+xx[[1]]*T^1+xx[[2]]*T^2]*(1+xx[[3]]/(T^1)+xx[[4]]/(T^2))
(* Fitting with shape 0 1 1 1 1 1 1 1 1 1 1 1 *)
G[T_,xx_]:=Exp[0+xx[[1]]*T^1+xx[[2]]*T^2]*(1+xx[[3]]/(T^1)+xx[[4]]/(T^2))
(* Fitting with shape 0 0 1 1 1 1 1 1 1 1 0 0 *)
G[T_,xx_]:=Exp[0+xx[[1]]*T^1+xx[[2]]*T^2]*(1+xx[[3]]/(T^1)+xx[[4]]/(T^2))
(* Fitting with shape 0 0 1 1 1 1 1 1 1 1 1 0 *)
G[T_,xx_]:=Exp[0+xx[[1]]*T^1+xx[[2]]*T^2]*(1+xx[[3]]/(T^1)+xx[[4]]/(T^2))
(* Fitting with shape 0 0 1 1 1 1 1 1 1 1 1 1 *)
G[T_,xx_]:=Exp[0+xx[[1]]*T^1+xx[[2]]*T^2]*(1+xx[[3]]/(T^1)+xx[[4]]/(T^2))
(* Fitting with shape 1 1 1 1 1 1 1 1 1 1 0 0 *)
G[T_,xx_]:=Exp[0+xx[[1]]*T^1+xx[[2]]*T^2+xx[[3]]*T^3]*(1)
(* Fitting with shape 1 1 1 1 1 1 1 1 1 1 1 0 *)
G[T_,xx_]:=Exp[0+xx[[1]]*T^1+xx[[2]]*T^2+xx[[3]]*T^3]*(1)
(* Fitting with shape 1 1 1 1 1 1 1 1 1 1 1 1 *)
G[T_,xx_]:=Exp[0+xx[[1]]*T^1+xx[[2]]*T^2+xx[[3]]*T^3]*(1)
(* Fitting with shape 0 1 1 1 1 1 1 1 1 1 0 0 *)
G[T_,xx_]:=Exp[0+xx[[1]]*T^1+xx[[2]]*T^2+xx[[3]]*T^3]*(1)
(* Fitting with shape 0 1 1 1 1 1 1 1 1 1 1 0 *)
G[T_,xx_]:=Exp[0+xx[[1]]*T^1+xx[[2]]*T^2+xx[[3]]*T^3]*(1)
(* Fitting with shape 0 1 1 1 1 1 1 1 1 1 1 1 *)
G[T_,xx_]:=Exp[0+xx[[1]]*T^1+xx[[2]]*T^2+xx[[3]]*T^3]*(1)
(* Fitting with shape 0 0 1 1 1 1 1 1 1 1 0 0 *)
G[T_,xx_]:=Exp[0+xx[[1]]*T^1+xx[[2]]*T^2+xx[[3]]*T^3]*(1)
(* Fitting with shape 0 0 1 1 1 1 1 1 1 1 1 0 *)
G[T_,xx_]:=Exp[0+xx[[1]]*T^1+xx[[2]]*T^2+xx[[3]]*T^3]*(1)
(* Fitting with shape 0 0 1 1 1 1 1 1 1 1 1 1 *)
G[T_,xx_]:=Exp[0+xx[[1]]*T^1+xx[[2]]*T^2+xx[[3]]*T^3]*(1)
(* Fitting with shape 1 1 1 1 1 1 1 1 1 1 0 0 *)
G[T_,xx_]:=Exp[0+xx[[1]]*T^1+xx[[2]]*T^2+xx[[3]]*T^3]*(1+xx[[4]]/(T^1))
(* Fitting with shape 1 1 1 1 1 1 1 1 1 1 1 0 *)
G[T_,xx_]:=Exp[0+xx[[1]]*T^1+xx[[2]]*T^2+xx[[3]]*T^3]*(1+xx[[4]]/(T^1))
(* Fitting with shape 1 1 1 1 1 1 1 1 1 1 1 1 *)
G[T_,xx_]:=Exp[0+xx[[1]]*T^1+xx[[2]]*T^2+xx[[3]]*T^3]*(1+xx[[4]]/(T^1))
(* Fitting with shape 0 1 1 1 1 1 1 1 1 1 0 0 *)
G[T_,xx_]:=Exp[0+xx[[1]]*T^1+xx[[2]]*T^2+xx[[3]]*T^3]*(1+xx[[4]]/(T^1))
(* Fitting with shape 0 1 1 1 1 1 1 1 1 1 1 0 *)
G[T_,xx_]:=Exp[0+xx[[1]]*T^1+xx[[2]]*T^2+xx[[3]]*T^3]*(1+xx[[4]]/(T^1))
(* Fitting with shape 0 1 1 1 1 1 1 1 1 1 1 1 *)
G[T_,xx_]:=Exp[0+xx[[1]]*T^1+xx[[2]]*T^2+xx[[3]]*T^3]*(1+xx[[4]]/(T^1))
(* Fitting with shape 0 0 1 1 1 1 1 1 1 1 0 0 *)
G[T_,xx_]:=Exp[0+xx[[1]]*T^1+xx[[2]]*T^2+xx[[3]]*T^3]*(1+xx[[4]]/(T^1))
(* Fitting with shape 0 0 1 1 1 1 1 1 1 1 1 0 *)
G[T_,xx_]:=Exp[0+xx[[1]]*T^1+xx[[2]]*T^2+xx[[3]]*T^3]*(1+xx[[4]]/(T^1))
(* Fitting with shape 0 0 1 1 1 1 1 1 1 1 1 1 *)
G[T_,xx_]:=Exp[0+xx[[1]]*T^1+xx[[2]]*T^2+xx[[3]]*T^3]*(1+xx[[4]]/(T^1))
(* Fitting with shape 1 1 1 1 1 1 1 1 1 1 0 0 *)
G[T_,xx_]:=Exp[0+xx[[1]]*T^1+xx[[2]]*T^2+xx[[3]]*T^3]*(1+xx[[4]]/(T^1)+xx[[5]]/(T^2))
(* Fitting with shape 1 1 1 1 1 1 1 1 1 1 1 0 *)
G[T_,xx_]:=Exp[0+xx[[1]]*T^1+xx[[2]]*T^2+xx[[3]]*T^3]*(1+xx[[4]]/(T^1)+xx[[5]]/(T^2))
(* Fitting with shape 1 1 1 1 1 1 1 1 1 1 1 1 *)
G[T_,xx_]:=Exp[0+xx[[1]]*T^1+xx[[2]]*T^2+xx[[3]]*T^3]*(1+xx[[4]]/(T^1)+xx[[5]]/(T^2))
(* Fitting with shape 0 1 1 1 1 1 1 1 1 1 0 0 *)
G[T_,xx_]:=Exp[0+xx[[1]]*T^1+xx[[2]]*T^2+xx[[3]]*T^3]*(1+xx[[4]]/(T^1)+xx[[5]]/(T^2))
(* Fitting with shape 0 1 1 1 1 1 1 1 1 1 1 0 *)
G[T_,xx_]:=Exp[0+xx[[1]]*T^1+xx[[2]]*T^2+xx[[3]]*T^3]*(1+xx[[4]]/(T^1)+xx[[5]]/(T^2))
(* Fitting with shape 0 1 1 1 1 1 1 1 1 1 1 1 *)
G[T_,xx_]:=Exp[0+xx[[1]]*T^1+xx[[2]]*T^2+xx[[3]]*T^3]*(1+xx[[4]]/(T^1)+xx[[5]]/(T^2))
(* Fitting with shape 0 0 1 1 1 1 1 1 1 1 0 0 *)
G[T_,xx_]:=Exp[0+xx[[1]]*T^1+xx[[2]]*T^2+xx[[3]]*T^3]*(1+xx[[4]]/(T^1)+xx[[5]]/(T^2))
(* Fitting with shape 0 0 1 1 1 1 1 1 1 1 1 0 *)
G[T_,xx_]:=Exp[0+xx[[1]]*T^1+xx[[2]]*T^2+xx[[3]]*T^3]*(1+xx[[4]]/(T^1)+xx[[5]]/(T^2))
(* Fitting with shape 0 0 1 1 1 1 1 1 1 1 1 1 *)
G[T_,xx_]:=Exp[0+xx[[1]]*T^1+xx[[2]]*T^2+xx[[3]]*T^3]*(1+xx[[4]]/(T^1)+xx[[5]]/(T^2))
Probabilities: 
         0          0          0          0          0          0          0          0          0          0          0          0          0          0          0          0          0          0          0          0          0          0          0          0   0.279208          0          0          0          0          0          0          0          0          0          0          0          0          0          0          0          0          0   0.339395          0          0          0          0          0          0          0          0   0.381397          0          0
         0          0          0          0          0          0          0          0          0          0          0          0          0          0          0          0          0          0          0          0          0          0          0          0          1          0          0          0          0          0          0          0          0          0          0          0          0          0          0          0          0          0          0          0          0          0          0          0          0          0          0          0          0          0
         0          0          0          0          0          0          0          0          0          0          0          0          0          0          0          0          0          0          0          0          0          0          0          0   0.715625          0          0          0          0          0          0          0          0          0          0          0          0          0          0          0          0          0          0          0          0          0          0          0          0          0          0   0.284375          0          0
         0          0          0          0          0          0          0          0          0          0          0          0          0          0          0          0          0          0          0          0          0          0          0          0   0.344375          0          0          0          0          0          0          0          0          0          0          0          0          0          0          0          0          0   0.655625          0          0          0          0          0          0          0          0          0          0          0
         0          0          0          0          0          0          0          0          0          0          0          0          0          0          0          0          0          0          0          0          0          0          0          0 0.00730214          0          0          0          0          0          0          0          0          0          0          0          0          0          0          0          0          0   0.647945          0          0          0          0          0          0          0          0   0.344753          0          0
         0          0          0          0          0          0          0          0          0          0          0          0          0          0          0          0          0          0          0          0          0          0          0          0  0.0906121          0          0          0          0          0          0          0          0          0          0          0          0          0          0          0          0          0   0.628374          0          0          0          0          0          0          0          0   0.281014          0          0
         0          0          0          0          0          0          0          0          0          0          0          0          0          0          0          0          0          0          0          0          0          0          0          0   0.580726          0          0          0          0          0          0          0          0          0          0          0          0          0          0          0          0          0          0          0          0          0          0          0          0          0          0   0.419274          0          0
         0          0          0          0          0          0          0          0          0          0          0          0          0          0          0          0          0          0          0          0          0          0          0          0   0.233856          0          0          0          0          0          0          0          0          0          0          0          0          0          0          0          0          0   0.560032          0          0          0          0          0          0          0          0   0.206113          0          0
         0          0          0          0          0          0          0          0          0          0          0          0          0          0          0          0          0          0          0          0          0          0          0          0          0          0          0          0          0          0          0          0          0          0          0          0          0          0          0          0          0          0   0.713674          0          0          0          0          0          0          0          0   0.286326          0          0
         0          0          0          0          0          0          0          0          0          0          0          0          0          0          0   0.035971          0          0          0          0          0          0          0          0   0.233209          0          0          0          0          0          0          0          0          0          0          0          0          0          0          0          0          0   0.521435          0          0          0          0          0          0          0          0   0.209385          0          0
         0          0          0          0          0          0          0          0          0          0          0          0          0          0          0   0.170659          0          0          0          0          0          0          0          0          0          0          0          0          0          0          0          0          0          0          0          0          0          0          0          0          0          0   0.829341          0          0          0          0          0          0          0          0          0          0          0
         0          0          0          0          0          0          0          0          0          0          0          0          0          0          0  0.0517693          0          0          0          0          0          0          0          0   0.322005          0          0          0          0          0          0          0          0          0          0          0          0          0          0          0          0          0   0.626225          0          0          0          0          0          0          0          0          0          0          0

Values: 
 0.168981  0.168977   0.16898  0.167873  0.167866  0.167866  0.167394  0.167392  0.167392  0.166987  0.166982  0.166982  0.166543  0.166555  0.166555  0.340052  0.806431  0.802872  0.166338   0.16635   0.16635   0.16627  0.903379   0.90178  0.166391  0.166375  0.166375   1.08641   1.07388   1.07831  0.168965    1.2088   1.20682   1.22999  0.168185  0.992123  0.167676  0.979217  0.167619  0.166876  0.166876  0.952389  0.166499  0.800998  0.166569  0.923227  0.919722         1  0.166298  0.166431  0.166429  0.167408  0.778045  0.167314
 0.238898  0.238896  0.238903  0.237645  0.237649  0.237672  0.491626  0.499544  0.546921  0.176066  0.235925  0.235952  0.234915  0.234916  0.234915  0.864095   0.26267  0.258169  0.234429  0.234428  0.234427  0.234127  0.234124  0.234125  0.233984  0.233981  0.233986  0.242803   1.36106   1.06463   1.10979   1.11673   1.32646   1.00152   1.01065   1.08133  0.978992  0.238135  0.249855   0.84585   0.23633  0.941999   0.91683  0.253035  0.630313   0.23548  0.235394  0.235298  0.235271  0.235116  0.234934 -0.972527  0.235911  -33.9797
 0.276652  0.276657  0.276676  0.274982  0.274972   0.27499  0.783346  0.824744  0.827182  0.272154  0.272143  0.272144  0.951385  0.270208  0.270218  0.510057  0.269567  0.269565  0.269344  0.269331  0.269338  0.263292  0.268827  0.268818   0.26832  0.268293  0.268277  0.974355  0.972118  0.970049  0.280556    1.2386   1.22133   1.00782    1.0021   1.08336  0.276482  0.977132  0.977186  0.273229  0.673522   1.01006  0.773826  0.272204  0.970035  0.931592  0.933035         1  0.271157  0.271069    1.2785  0.269637  0.986838  0.269951
  0.30393  0.303929  0.303812  0.301993  0.301985  0.824778  0.299857  0.299851  0.299834   0.29815  0.298141  0.298119  0.295206  0.295189  0.295146  0.294406   0.29438   0.29435  0.293929  0.293911  0.293874  0.293188   0.29317  0.293125  0.291926  0.291976  0.236157   1.11006    1.1091  0.346848   1.21581    1.1484   1.18809   1.00965    1.0086   1.05824  0.960791   0.95884  0.963268  0.948656  0.300174  0.914227  0.300357  0.299739  0.711545         1         1         1  0.299977  0.298924   0.29898 0.0973525  0.296083  0.296734
  0.32659  0.326631  0.326651  0.324121  0.324112  0.324081  0.321821  0.321761  0.321701  0.319334  0.319301  0.319219   0.81573  0.783211  0.793375  0.778614  0.773692  0.777757  0.313756  0.313723  0.313586  0.345916  0.326737  0.311734  0.308346  0.308594  0.308458  0.480553   1.09444   1.08928   1.33853   1.34428   1.31877   1.03866  0.996216  0.994135  0.973641  0.973513  0.974093   1.17524  0.915578   0.32605  0.329647  0.326816   2.70491  0.325702  0.323472  0.323814  0.332421   1.27267  0.328053   0.33683   1.29961   1.18319
 0.350446  0.350223  0.349752  0.346312  0.345997  0.878885  0.342632   0.37231  0.720995   0.33968  0.339425  0.339367  0.873825  0.867113  0.853732  0.467313  0.333115  0.332963  0.332543  0.332454  0.332325  0.887289  0.886714  0.330764  0.327775   0.49027  0.327955   1.03781   1.14329   1.13342   1.15415   1.14812   1.29803   1.24081   1.24832   1.12245  0.974035  0.974199  0.973362  0.347587  0.983042    1.4959  0.349632   0.34731  0.346537  0.344122  0.342367  0.342122  0.918916  0.348008   1.08117  0.357993  0.680827    1.1165
 0.372702  0.371829  0.371435  0.790681  0.366934  0.367162  0.363444  0.397031  0.362363  0.360039  0.359145  0.359297  0.353361  0.352978  0.730236  0.351087  0.382991  0.350645  0.350224  0.350069  0.349965  0.347487  0.391988  0.347421  0.342734  0.343502  0.821207   1.08379   1.06416   1.06083   1.19595   1.19652   1.18983  0.995402  0.992521   1.01503  0.852196  0.884211  0.378754   1.12256  0.369178  0.368078  0.966322  0.793448  0.369066   0.36734  0.364951  0.363471  0.852118  0.370687  0.367365   0.36896  0.350652  0.346657
 0.393793  0.393862  0.393679  0.387655  0.387627  0.387456  0.382633  0.436394  0.411725   0.37903  0.378782  0.378597  0.371979  0.371834  0.371639  0.418973   0.36968  0.417273  0.368675  0.368692  0.368483  0.366035  0.366364  0.365899  0.359834  0.361951  0.361425  0.421659   1.00243   1.00354   1.08952   1.08901   1.09002   1.19486   1.33978   1.05076  0.914112  0.911123  0.908098  0.392147  0.388107  0.388368   0.39744   1.01219  0.803217  0.388359  0.608199  0.383667  0.402437  0.389004  0.389573  0.398184  0.367893   0.37404
 0.414067  0.413745  0.413719  0.888753  0.841708  0.886463  0.523611  0.400801  0.400827  0.397912   0.39754  0.397499  0.390241  0.389849  0.411107  0.463664  0.388293  0.388129         1         1  0.386632  0.390895  0.384889  0.384499  0.838339  0.851281  0.870895   1.11329   1.11168   1.21618   1.25058    1.1358   1.10759   1.26718  0.987802   0.98791  0.920545  0.911815  0.419467  0.409377  0.408514   1.50052  0.420268  0.416707   1.40245 0.0896703  0.405088  0.405689  0.431023   1.12915  0.423626  0.433497  0.416483  0.223333
 0.432629  0.432334  0.431617  0.424084  0.423676  0.423185   0.41739  0.416942  0.534664  0.414099  0.413645  0.413226  0.406013  0.512434  0.443434  0.405167  0.404125  0.403525  0.402867         1  0.933018  0.492471  0.401055  0.400446  0.393947  0.392982  0.392364  0.455991  0.941655  0.931277   1.13549   1.11433   1.27676  -14.0129  0.994789   1.05089  0.979299  0.937788  0.971719  0.421601   1.03717   2.14811  0.435089  0.432815   1.42133  0.417968  0.418282  0.234153  0.448042  0.945916   1.09517  0.450649  0.439112  0.763751
 0.443788  0.443762  0.443724  0.435082  0.448543  0.500374  0.446959  0.428003  0.427992  0.393911  0.425133  0.424771  0.416384   0.41383   0.41548  0.415784  0.415112  0.413896  0.872758  0.937929  0.412068  0.413378  0.412431  0.410598  0.503691  0.507248  0.401945   1.14197   1.08343   1.15121  0.454927   1.17542   1.16629   1.23752    1.0032   1.02262   0.97054  0.442539   0.97948  0.429412  0.429699  0.967416  0.442673  0.441024  0.443412  0.187968  0.425655  0.848236  0.454438  0.450632  0.453625  0.709625  0.436142  0.449072
 0.447702  0.447559  0.447586  0.438339  0.438213  0.438206  0.431305  0.431136  0.453583  0.428036  0.427876  0.427827  0.418467  0.622182  0.417837  0.417198  0.416346  0.416054   0.63826  0.414227  0.414089  0.474092  0.412686    0.4126  0.403838  0.401196  0.400992   1.19295     1.168   1.16595  0.459238  0.716454   1.17326   1.09873   1.04914    1.0242  0.976684  0.448672  0.447892   1.20275  0.437898  0.979511  0.451857   1.48744   0.45282  0.878124  0.838229  0.836453  0.466998  0.803807  0.738245   0.80215  0.475134  0.464876

Errors: 
3.61098e-05 3.61074e-05 3.60864e-05 4.17214e-05 4.17025e-05 4.17018e-05  4.5555e-05 4.53151e-05 4.53143e-05 4.90938e-05   4.899e-05 4.89886e-05 6.00068e-05 5.91345e-05 5.93162e-05           1  0.00129659  0.00126892  6.8637e-05 6.82237e-05 6.82146e-05 9.88126e-05  0.00355414  0.00350405  0.00013496 0.000138842 0.000138181           0           0           0 6.10714e-05           0           0     1.00001 7.26714e-05           0 8.36217e-05    0.331359 8.18276e-05 0.000127373 0.000116998           1 0.000206246           1 0.000180308  0.00039149 0.000399696   0.0012286 0.000340814 0.000291812 0.000283696 0.000639425           1 0.000506191
9.49468e-05 9.49354e-05 9.49344e-05 9.94319e-05           0 9.90736e-05           0           0           0           0 0.000112164 0.000111865 0.000134154 0.000133535 0.000133057           0           0           0 0.000151769 0.000152296 0.000153652 0.000208533 0.000204826 0.000206855 0.000304259 0.000292957  0.00029487 0.000136165           0           0           0           0     1.00003           0           0     1.00044           0  0.00020874           0           1 0.000319129           0     1.01576     1.00001           1 0.000443278 0.000416901 0.000397661 0.000844265 0.000780389 0.000730133 0.000422025  0.00150564   0.0021368
0.000178448 0.000174716  0.00017455           0           0 0.000179548           0           0           0 0.000198356 0.000201646 0.000201132           0 0.000240393 0.000237258           0 0.000269755 0.000273065 0.000271886 0.000266896 0.000266712           0 0.000339825     0.00034 0.000487332 0.000485858 0.000477405           0           0           0 0.000278496           0           0           0           0     1.00357 0.000362852           0           0 0.000589391           1     1.00005     1.00054 0.000873554     1.01267  0.00243876  0.00266287   0.0111532  0.00152566  0.00142694 0.000718297  0.00328803  0.00884765  0.00265473
0.000289005 0.000289022 0.000286656  0.00029191 0.000291915           0 0.000309795           0 0.000306827 0.000320043 0.000320231 0.000316795 0.000388194 0.000387974 0.000387941 0.000440507 0.000441825 0.000441767 0.000442835 0.000444108 0.000421094 0.000562427 0.000558539 0.000557536 0.000760169 0.000736976           0           0           0           0           0           0           0           0           0     1.00891           0           0           0           1  0.00096748     1.00029  0.00143326  0.00132456     1.00044   0.0261346   0.0263442   0.0257243  0.00244086  0.00223767  0.00206737  0.00114678  0.00486454  0.00432018
0.000434981 0.000432735 0.000433326           0           0           0 0.000443137 0.000443508 0.000442643 0.000462665 0.000459841  0.00046071           0           0           0           0           0           0 0.000629767 0.000627153 0.000632063           0           0 0.000890204  0.00131373  0.00126024  0.00124467           0           0           0     1.00156     1.00071      1.0006      1.1075           0           0           0           0           0     1.00107     1.01489  0.00157358  0.00253714  0.00228203           1  0.00227895  0.00203937   0.0020154  0.00405916  0.00779878  0.00352261  0.00792222  0.00156186  0.00135683
          0           0           0 0.000660497 0.000651517           0 0.000673548           0           0 0.000701069 0.000690525 0.000595025           0           0           0           0 0.000879963 0.000864984 0.000891045 0.000866946 0.000856437           0           0  0.00109831  0.00173235           0  0.00157001           0           0           0           0           0     1.00287     1.00311     1.00349     1.01775           0           0           0  0.00246884     1.00085     1.00001  0.00387231  0.00361781  0.00336665  0.00327884  0.00301103  0.00286275  0.00754826  0.00586801     1.38777   0.0119387  0.00494923 0.000616044
          0  0.00092172 0.000913432           0 0.000920937 0.000897218 0.000934146           0 0.000897698 0.000976318 0.000960475 0.000918938  0.00112966  0.00105436           0  0.00132755           0  0.00122102  0.00125883   0.0011517  0.00114917  0.00172546           0   0.0015442  0.00228253  0.00209586           0           0           0           0           0           0           0           0           0           0           0           0  0.00189116     1.00509  0.00318565  0.00288651     1.03181     1.00179  0.00438774  0.00451333  0.00423975  0.00384617     1.00021  0.00765489  0.00703952   0.0170376   0.0150752    0.013527
          0  0.00128254  0.00127998  0.00125304  0.00126411  0.00125727  0.00125039           0           0  0.00127926   0.0013051  0.00129264  0.00144191  0.00141139   0.0014097           0  0.00164605           0  0.00160896  0.00153527  0.00155467  0.00235412  0.00213233  0.00210999  0.00339232   0.0029653  0.00280526  0.00186903           0           0           0           0           0    0.968925     1.00937     1.29392           0           0           0  0.00475437  0.00422313  0.00401779  0.00726677   0.0246674     1.00603   0.0062945     1.00003  0.00526141   0.0110414  0.00976756  0.00922641   0.0204076   0.0193569   0.0172808
          0           0           0           0           0           0           0  0.00157857  0.00157126  0.00164014  0.00163283  0.00183204  0.00187677  0.00187192           0           0  0.00217342  0.00214008           0           0  0.00206481           0  0.00270843  0.00277782           0           0           0           0           0           0           0           0           0      1.0232           0           0           0           0  0.00324205  0.00611868  0.00551781           1  0.00929006  0.00824663     1.00004  0.00829746  0.00713806  0.00667447   0.0134897  0.00229241   0.0112179   0.0241044   0.0216921  0.00618382
          0           0           0  0.00194357  0.00197697  0.00195027  0.00196974  0.00200437           0   0.0020643  0.00203752  0.00201232  0.00234165           0           0   0.0027304  0.00263403  0.00246863  0.00258918           0           0           0  0.00338372  0.00314419  0.00564223  0.00475465  0.00485779  0.00260056           0           0           0           0           0     1.62106     1.20738     1.33358           0           0           0  0.00709944     1.00008           1   0.0112585  0.00954867           1  0.00946379  0.00807968    0.778377   0.0160342    0.044413    0.481611   0.0276446   0.0249697           1
          0           0           0  0.00219216           0           0           0  0.00226987  0.00228558           0  0.00236949  0.00235086  0.00279963           0  0.00275341  0.00326008  0.00321228  0.00311522           0           0  0.00301256   0.0041138  0.00400792  0.00383255           0           0  0.00554145           0           0           0    0.003332           0           0     1.04565     1.18384           0           0  0.00404367           0  0.00754423  0.00701827     1.00011   0.0118892   0.0108168    0.010097   0.0110039  0.00934576  0.00167581   0.0175355   0.0157371   0.0148167   0.0237156   0.0293558   0.0259876
          0           0           0  0.00230482   0.0023183  0.00229795  0.00251892  0.00239123           0  0.00248757  0.00246429   0.0024635  0.00290476           0  0.00291412   0.0031517   0.0033116  0.00323503           0  0.00322726  0.00316814           0  0.00414986  0.00237587  0.00691783  0.00642525  0.00628451           0           0           0  0.00339718           1           0     1.19919     1.40536           0           0  0.00431876  0.00428657     1.00041  0.00733202     1.00451   0.0132082           1   0.0114849   0.0106803     6.66246     6.19163   0.0188041   0.0134911   0.0107734     1.00017   0.0292726   0.0278378

Statuses: 
0 0 0 0 0 0 0 0 0 0 0 0 0 0 0 3 3 3 0 0 0 0 3 3 0 0 0 3 3 3 0 3 3 3 0 3 0 3 0 0 0 3 0 3 0 3 3 3 0 0 0 0 3 0
0 0 0 0 2 0 3 3 3 3 0 0 0 0 0 3 3 3 0 0 0 0 0 0 0 0 0 0 3 3 3 3 3 3 3 3 3 0 3 3 0 3 3 3 3 0 0 0 0 0 0 0 0 3
0 0 0 2 2 0 3 3 3 0 0 0 3 0 0 3 0 0 0 0 0 3 0 0 0 0 0 3 3 3 0 3 3 3 3 3 0 3 3 0 3 3 3 0 3 3 3 3 0 0 3 0 3 0
0 0 0 0 0 3 0 2 0 0 0 0 0 0 0 0 0 0 0 0 0 0 0 0 0 0 3 3 3 3 3 3 3 3 3 3 3 3 3 3 0 3 0 0 3 3 3 3 0 0 0 0 0 0
0 0 0 2 2 2 0 0 0 0 0 0 3 3 3 3 3 3 0 0 0 3 3 0 0 0 0 3 3 3 3 3 3 3 3 3 3 3 3 3 3 0 0 0 3 0 0 0 0 3 0 0 3 3
2 2 2 0 0 3 0 3 3 0 0 0 3 3 3 3 0 0 0 0 0 3 3 0 0 3 0 3 3 3 3 3 3 3 3 3 3 3 3 0 3 3 0 0 0 0 0 0 3 0 3 0 3 3
2 0 0 3 0 0 0 3 0 0 0 0 0 0 3 0 3 0 0 0 0 0 3 0 0 0 3 3 3 3 3 3 3 3 3 3 3 3 0 3 0 0 3 3 0 0 0 0 3 0 0 0 0 0
2 0 0 0 0 0 0 3 3 0 0 0 0 0 0 3 0 3 0 0 0 0 0 0 0 0 0 0 3 3 3 3 3 3 3 3 3 3 3 0 0 0 0 0 3 0 3 0 0 0 0 0 0 0
2 2 2 3 3 3 3 0 0 0 0 0 0 0 3 3 0 0 3 3 0 3 0 0 3 3 3 3 3 3 3 3 3 3 3 3 3 3 0 0 0 3 0 0 3 3 0 0 0 3 0 0 0 0
2 2 2 0 0 0 0 0 3 0 0 0 0 3 3 0 0 0 0 3 3 3 0 0 0 0 0 0 3 3 3 3 3 3 3 3 3 3 3 0 3 3 0 0 3 0 0 3 0 3 3 0 0 3
2 2 2 0 3 3 3 0 0 3 0 0 0 3 0 0 0 0 3 3 0 0 0 0 3 3 0 3 3 3 0 3 3 3 3 3 3 0 3 0 0 3 0 0 0 3 0 3 0 0 0 3 0 0
2 2 2 0 0 0 0 0 3 0 0 0 0 3 0 0 0 0 3 0 0 3 0 0 0 0 0 3 3 3 0 3 3 3 3 3 3 0 0 3 0 3 0 3 0 3 3 3 0 3 3 3 0 0
chisq per dof: 
4.46143 4.11775 3.80981 2.24051 2.11113 1.98771  1.6707 1.57511 1.50368 1.61024 1.53543 1.47604 1.52015 1.44717 1.39128 19866.9 43125.2 36908.3 1.67376 1.57859 1.50626 1.80723 61862.8 53285.2  2.0064 1.80702 1.67253 59545.7 54070.8 50038.2 1.91805 63227.8 55835.5 77372.8 1.61314 60672.8 1.75758 67558.5 1.57811 1.81193 1.67661 67842.9 2.00572 84246.4  1.6711  108311   91746   81539 2.25903 2.00802 1.84002 2.66908  105216 2.00189
3.41694 3.14889 2.95344 2.21981 2.06822 1.96038 2585.18 2250.53 2136.78 607.679  1.5711 1.51383 1.53881 1.46237 1.40458 4707.04 902.535 525.078 1.68221 1.58494 1.51183 1.81234 1.67698 1.58034 2.01466 1.81173 1.67655 2.28096 4589.33 3381.48 5763.89 4964.17 4238.49 6366.14 5325.84 4570.96 5462.84 1.63739 3774.76 3969.53 1.67839 4992.13 7608.94 5706.88 5156.26 2.00976 1.84182 1.72222 2.26205 2.00993 1.84218 93.6131 2.26178 4182.15
3.01993 2.79565 2.61941 2.19137 2.04324 1.93073 818.184 721.967 634.399 1.68645 1.60247 1.53563  981.35 1.46672 1.40948 780.014 1.51644 1.44313 1.67957 1.58324 1.51088 188.427 1.67382 1.57778 2.00603 1.80503 1.67102    1210 737.281 696.158 1.73613 1007.39 899.223 1371.91 1156.23 996.235 1.72971 984.471 868.355 1.80799 1195.36 878.956 1698.97 1.80576 1163.26 1695.34  1429.1 1265.73  2.2562   2.005  1219.9 2.67434 1532.25 2.00467
2.65689  2.4728 2.33404 1.94838 1.83202  185.66 1.68286 1.59024  1.5166 1.62915 1.55259 1.49139 1.54264 1.46624  1.4094 1.63163 1.52693 1.45391 1.68611 1.58839 1.51631 1.81714   1.681 1.58528 2.00998 1.80809 84.9427 316.183   279.3 44.6259 371.002 313.282 288.479 460.118 383.596  328.66   376.1 320.427 285.693 341.369 1.67355 349.917 2.00773 1.80797 379.563 637.199 531.687 456.946 2.25769 2.00773 1.83978 3.26267 2.25897 2.00728
2.55314 2.38126 2.28544 1.90364 1.79074 1.72266 1.63967 1.55272 1.49487 1.63065 1.55258 1.49944 126.708 107.222 94.5583 135.605 113.121 97.3908 1.70944 1.60857 1.53681 34.3263 15.0629 1.60468 2.02369 1.81957 1.68888 46.0194 113.277 104.632 175.041 153.459 133.575 201.052 168.232 144.341 170.668 147.713 127.498 208.885 182.537 1.58414   2.008 1.81484 138.768 2.01105 1.84767 1.72862 2.25729 185.798 1.84771 2.67562 249.309  196.91
2.24377 2.10837 2.00742 1.81294 1.71854 41.4841 1.59885 14.2225  38.548 1.60223  1.5312 1.47229 65.7709 56.2918 49.1554 20.6471 1.52732 1.45325 1.68973 1.59141 1.51847 82.2991 68.7956 1.58733 2.01556 19.6795 1.67759 65.9848 61.8539 58.1729 94.1574 80.7954  69.055 96.0801  80.058 72.7782 87.6753 76.3845 66.0936 1.80766 94.9876 55.3247 2.00879 1.81044 1.67579 2.00968 1.84339 1.72297 135.324  2.0105  56.797 2.67748 123.272 30.0382
1.96937 1.88564 1.80066 25.5914 1.66433 1.59148 1.53764 4.68643 1.42162 1.59141 1.53635 1.47717 1.54256 1.46614 26.3212   1.638  6.2648 1.45701 1.69234 1.59354 1.52027 1.82353  5.1102 1.58843 2.01172 1.81018 32.7943 36.8361 35.3014 30.0381  48.606 42.4359 39.1525 59.5185  49.796 44.4131  40.814 36.4136 1.52678  68.227 1.67703 1.58122 73.2003 57.3874 1.67798 2.01032 1.84446 1.72445 85.5739 2.01237 1.84475 2.67915 2.26247 2.01021
1.76192 1.68881 1.62349 1.58487 1.52756 1.47158 1.47145  6.5133 2.54615 1.54375 1.48183 1.43061 1.52731 1.45225 1.39846 4.85985  1.5209 3.13737 1.68368 1.58601 1.51446 1.81665 1.68075  1.5846 2.00831 1.80909 1.67487 1.52978 18.1017  19.633 37.9994 32.8312 29.1937 37.9834 30.4153 27.9982 28.3513 24.5486 22.4444 1.80549 1.67534  1.5789 2.00525 38.6226 31.5498 2.00691 28.3569 1.72226 2.25531  2.0104 1.84203 2.67367 2.26127  2.0094
1.60278 1.53863  1.4856 12.0839 10.0759 9.72423 6.75627 1.36181 1.31964 1.49945 1.44035 1.39204 1.51863  1.4468 1.60465  2.6869 1.51902 1.44671 28.7038 24.8568 1.51319 5.33421 1.68125 1.58516 20.0777 16.5442 14.3135 18.4201 15.3022 18.1229 22.9515 23.5433 21.3823 25.7503 22.9799 20.0503 21.0709 18.1041 1.51063 1.80734 1.67291 15.0396 2.00511 1.80493 10.2622 28.4882 1.84106 1.72097 2.25482 21.2245 1.83756 2.67307 2.25616 2.02558
1.51005 1.45539 1.41748 1.42067 1.37403 1.33441 1.38717 1.34125 3.78287 1.47959 1.42458 1.37833 1.51245 7.80283 5.50836 1.61444 1.51469 1.44187 1.67722 20.6171 17.4384  10.772 1.67871 1.58207 2.00802 1.80658 1.67245  1.4925 13.2618 15.3526 21.9958 19.5085 14.3719 18.0513 18.7008 16.2622 23.3565 15.5677  16.242 1.80746 11.1432 13.0621 2.00521 1.80438 9.79886 2.00916 1.84097 21.6116 2.25491 20.2343 15.0104  2.6732  2.2554 15.3653
1.44574 1.39624 1.36286 1.37628 3.35311 2.91236 2.38043 1.32264 1.29123 2.05055 1.41037 1.36795 1.51069 2.01084 1.38766 1.61265 1.51174 1.44195 19.3705 17.7236 1.51016 1.81151 1.67703 1.58264  3.5918 3.07945 1.67359 11.9657  10.227 9.43526 1.52343 14.1643 10.6204 17.7414 16.2476  14.342 18.8019 1.58228 16.7604 1.80813 1.67345 11.0358 2.00679 1.80556 1.67185  15.225 1.84139 16.5738  2.2569 2.00577 1.83851 30.2892 2.25693 2.00618
1.44554 1.39766 1.35848 1.38018 1.33804 1.30122 1.38008 1.33253 2.14154 1.46814 1.41491 1.36948 1.51272 4.37145  1.3887 1.61445 1.51643  1.4429 15.3142 1.58371 1.51091 2.70881 1.68057 1.58341 2.00818 1.80786 1.67324 13.1516 12.0968 9.63162    1.52 4.64357 12.2721 18.3021 15.5403 13.4646  18.911 1.58118 1.50914 16.1381  1.6741 16.5764 2.00585 8.51703 1.67089 27.7189 16.1102  13.805 2.25556 21.8553  15.081 29.3725 2.25556 2.00492
Mode averaged potential and errors: 
   0.166815 0.000627429
   0.233984 0.000304259
   0.268694  0.00189675
   0.297453  0.00419439
   0.331968  0.00644466
   0.350001   0.0106088
    0.35373   0.0170937
   0.388799    0.019346
   0.424056   0.0162395
   0.427676   0.0256222
   0.438084   0.0148786
     0.4346   0.0251407
R Models:
(* Fitting with shape 1 1 1 1 1 1 1 1 0 0 0 0 *)
G[R_,xx_]:=xx[[0]] + xx[[1]]/R | xx[[2]]*R
(* Fitting with shape 1 1 1 1 1 1 1 1 1 0 0 0 *)
G[R_,xx_]:=xx[[0]] + xx[[1]]/R | xx[[2]]*R
(* Fitting with shape 1 1 1 1 1 1 1 1 1 1 0 0 *)
G[R_,xx_]:=xx[[0]] + xx[[1]]/R | xx[[2]]*R
(* Fitting with shape 1 1 1 1 1 1 1 1 1 1 1 0 *)
G[R_,xx_]:=xx[[0]] + xx[[1]]/R | xx[[2]]*R
(* Fitting with shape 1 1 1 1 1 1 1 1 1 1 1 1 *)
G[R_,xx_]:=xx[[0]] + xx[[1]]/R | xx[[2]]*R
(* Fitting with shape 0 1 1 1 1 1 1 1 0 0 0 0 *)
G[R_,xx_]:=xx[[0]] + xx[[1]]/R | xx[[2]]*R
(* Fitting with shape 0 1 1 1 1 1 1 1 1 0 0 0 *)
G[R_,xx_]:=xx[[0]] + xx[[1]]/R | xx[[2]]*R
(* Fitting with shape 0 1 1 1 1 1 1 1 1 1 0 0 *)
G[R_,xx_]:=xx[[0]] + xx[[1]]/R | xx[[2]]*R
(* Fitting with shape 0 1 1 1 1 1 1 1 1 1 1 0 *)
G[R_,xx_]:=xx[[0]] + xx[[1]]/R | xx[[2]]*R
(* Fitting with shape 0 1 1 1 1 1 1 1 1 1 1 1 *)
G[R_,xx_]:=xx[[0]] + xx[[1]]/R | xx[[2]]*R
(* Fitting with shape 0 0 1 1 1 1 1 1 0 0 0 0 *)
G[R_,xx_]:=xx[[0]] + xx[[1]]/R | xx[[2]]*R
(* Fitting with shape 0 0 1 1 1 1 1 1 1 0 0 0 *)
G[R_,xx_]:=xx[[0]] + xx[[1]]/R | xx[[2]]*R
(* Fitting with shape 0 0 1 1 1 1 1 1 1 1 0 0 *)
G[R_,xx_]:=xx[[0]] + xx[[1]]/R | xx[[2]]*R
(* Fitting with shape 0 0 1 1 1 1 1 1 1 1 1 0 *)
G[R_,xx_]:=xx[[0]] + xx[[1]]/R | xx[[2]]*R
(* Fitting with shape 0 0 1 1 1 1 1 1 1 1 1 1 *)
G[R_,xx_]:=xx[[0]] + xx[[1]]/R | xx[[2]]*R
(* Fitting with shape 0 0 0 1 1 1 1 1 0 0 0 0 *)
G[R_,xx_]:=xx[[0]] + xx[[1]]/R | xx[[2]]*R
(* Fitting with shape 0 0 0 1 1 1 1 1 1 0 0 0 *)
G[R_,xx_]:=xx[[0]] + xx[[1]]/R | xx[[2]]*R
(* Fitting with shape 0 0 0 1 1 1 1 1 1 1 0 0 *)
G[R_,xx_]:=xx[[0]] + xx[[1]]/R | xx[[2]]*R
(* Fitting with shape 0 0 0 1 1 1 1 1 1 1 1 0 *)
G[R_,xx_]:=xx[[0]] + xx[[1]]/R | xx[[2]]*R
(* Fitting with shape 0 0 0 1 1 1 1 1 1 1 1 1 *)
G[R_,xx_]:=xx[[0]] + xx[[1]]/R | xx[[2]]*R
1.79451 1.79451 1.79451 
-0.13422 -0.13422 -0.13422 
1 1 1 
-0.382175 -0.382175 -0.382175 
0.463097 0.463097 0.463097 
5.03038e+175 5.03038e+175 5.03038e+175 
3.5936e+246 3.5936e+246 3.5936e+246 
2.14726e+243 2.14726e+243 2.14726e+243 
-nan -nan -nan 
2.45551e-321 2.45551e-321 2.45551e-321 
6.94395e-310 6.94395e-310 6.94395e-310 
2.01945e-316 2.01945e-316 2.01945e-316 
-12750.7 -12750.7 -12750.7 
-0.382175 -0.382175 -0.382175 
79.7503 79.7503 79.7503 
2.42092e-322 2.42092e-322 2.42092e-322 
32474.7 32474.7 32474.7 
271441 271441 271441 
7756.61 7756.61 7756.61 
0 0 0 
0 0 0 
2.42092e-322 2.42092e-322 2.42092e-322 
-57425.6 -57425.6 -57425.6 
-98019.1 -98019.1 -98019.1 
50509.8 50509.8 50509.8 
1.03101 1.03101 1.03101 
0 0 0 
1.63042e-322 1.63042e-322 1.63042e-322 
2.02006e-316 2.02006e-316 2.02006e-316 
2.01539e-316 2.01539e-316 2.01539e-316 
1.58101e-322 1.58101e-322 1.58101e-322 
6.32404e-322 6.32404e-322 6.32404e-322 
1.94951e-316 1.94951e-316 1.94951e-316 
-0.000100961 -0.000100961 -0.000100961 
2.12408e-05 2.12408e-05 2.12408e-05 
-0.000253698 -0.000253698 -0.000253698 
2.8149e-05 2.8149e-05 2.8149e-05 
1.39259e-05 1.39259e-05 1.39259e-05 
6.0226e-06 6.0226e-06 6.0226e-06 
2.122e-314 2.122e-314 2.122e-314 
2.01129e-316 2.01129e-316 2.01129e-316 
1.63042e-322 1.63042e-322 1.63042e-322 
1.92635e-316 1.92635e-316 1.92635e-316 
1.92635e-316 1.92635e-316 1.92635e-316 
6.94381e-310 6.94381e-310 6.94381e-310 
1.92608e-316 1.92608e-316 1.92608e-316 
2.47033e-323 2.47033e-323 2.47033e-323 
1.92635e-316 1.92635e-316 1.92635e-316 
13416.7 13416.7 13416.7 
1.92635e-316 1.92635e-316 1.92635e-316 
2.47033e-323 2.47033e-323 2.47033e-323 
0.427676 0.427676 0.427676 
3.23796e-319 3.23796e-319 3.23796e-319 
2.122e-314 2.122e-314 2.122e-314 
Probabilities: 
         0          0          0          0          0          0          0          0          0  0.0126349          0          0 0.00655954  0.0044025 0.00327178 0.00549848  0.0102577  0.0157857  0.0197745  0.0170815  0.0153269  0.0159436   0.035382  0.0601688 0.00598472  0.0150931  0.0328186          0          0          0          0          0          0          0          0          0  0.0282392  0.0589443   0.116773  0.0142165  0.0380916          0          0  0.0143098  0.0353885          0   0.100706   0.258177          0          0          0 0.00858465  0.0151899  0.0353944

String tensions: 
           1            1            1            1            1            1            1            1            1    -0.391033    -0.395871    -0.398164    -0.426958    -0.463988    -0.480365    -0.651442    -0.729042    -0.770623    -0.491639    -0.574215    -0.610507     -1.21695     -1.37756     -1.59697     -1.50519     -2.12928     -2.25529    0.0323729    0.0249139     0.023199     0.911484     0.912942     0.913431     0.997062       0.9933   -0.0878907   0.00157519   0.00223205   0.00254254   0.00378198    0.0041882   -0.0671756    -0.118017   0.00340431   0.00444539   -0.0856352   0.00471777   0.00516511 -0.000879462   0.00267307   -0.0630451   -0.0162693  -0.00149464    0.0041427

Errors: 
    5792.62     5792.62     5792.62     5792.62           0           0     5792.62     5792.62     5792.62  0.00530902  0.00484728  0.00471673   0.0427198   0.0349106   0.0333164    0.175122    0.127141    0.117299    0.100086   0.0796248   0.0746722    0.024461    0.351838   0.0228549    0.101491     1.20733   0.0989905  0.00088726 0.000614076 0.000545532     1.00416     1.00417     1.00417           0     1.40849     1.00065  0.00124569 0.000862703 0.000699726  0.00318472  0.00206832     1.00001     1.00062  0.00424924   0.0037036     1.63712  0.00248451  0.00219021 0.000682894  0.00052055    0.388672  0.00954107  0.00658984  0.00523128

Statuses: 
0 0 0 0 3 3 0 0 3 0 0 0 0 0 0 0 0 0 0 0 0 0 0 0 0 0 0 0 0 0 3 3 3 3 3 3 0 0 0 0 0 3 3 0 0 3 0 0 1 1 3 0 0 0
chisq per dof: 
 445.742  477.998  453.193  11.6548  720.945  203.374  2.53305  3.81342  167.051 0.742324  1.36038   1.7451 0.751226  1.04355  1.23732  0.57205 0.602189 0.678712 0.614344 0.824151 0.978886 0.455179 0.448113 0.509361 0.538155 0.473453 0.469601  85.0403  99.2372  94.5348  5081.79  4479.81  3957.23   2112.1  1904.57  921.942 0.512539 0.514501 0.527637 0.493398  0.42703  742.702  669.037 0.491218 0.448061  21408.8 0.380598 0.351323 0.453734 0.418161  2142.58 0.393849 0.471322 0.448013
Model string tension and errors: 
sigma = -0.340176 +/- 0.665812
