R=0parameters: 
-0.674896 -0.674896 
0.0638849 0.0638849 
9.01875e-11 9.01875e-11 
3.21143e-322 3.21143e-322 
9.88131e-324 9.88131e-324 
2.32372e-316 2.32372e-316 
1.2732e-313 1.2732e-313 
2.34822e-316 2.34822e-316 
3.39212e+07 3.39212e+07 
3.21143e-322 3.21143e-322 3.21143e-322 
1.4822e-323 1.4822e-323 1.4822e-323 
2.34823e-316 2.34823e-316 2.34823e-316 
1.6976e-313 1.6976e-313 1.6976e-313 
2.37764e-316 2.37764e-316 2.37764e-316 
-8.13561e-10 -8.13561e-10 -8.13561e-10 
2.67452e-08 2.67452e-08 2.67452e-08 
0 0 0 
1.63042e-322 1.63042e-322 1.63042e-322 
1.26905e-316 1.26905e-316 1.26905e-316 1.26905e-316 
2.122e-314 2.122e-314 2.122e-314 2.122e-314 
2.39702e-316 2.39702e-316 2.39702e-316 2.39702e-316 
4.94066e-324 4.94066e-324 4.94066e-324 4.94066e-324 
6698.77 6698.77 6698.77 6698.77 
9.33784e-322 9.33784e-322 9.33784e-322 9.33784e-322 
3.95253e-322 3.95253e-322 3.95253e-322 3.95253e-322 
5.58294e-322 5.58294e-322 5.58294e-322 5.58294e-322 
2.33384e-316 2.33384e-316 2.33384e-316 2.33384e-316 
5.67218e-13 5.67218e-13 5.67218e-13 
1.24808 1.24808 1.24808 
1.17278 1.17278 1.17278 
1.1757 1.1757 1.1757 
1.10401 1.10401 1.10401 
0 0 0 
2.42092e-322 2.42092e-322 2.42092e-322 
2.3388e-316 2.3388e-316 2.3388e-316 
0 0 0 
39.8613 39.8613 39.8613 39.8613 
280.215 280.215 280.215 280.215 
2.37152e-322 2.37152e-322 2.37152e-322 2.37152e-322 
3.21143e-322 3.21143e-322 3.21143e-322 3.21143e-322 
1.23516e-322 1.23516e-322 1.23516e-322 1.23516e-322 
2.31881e-316 2.31881e-316 2.31881e-316 2.31881e-316 
8.78937e+252 8.78937e+252 8.78937e+252 8.78937e+252 
4.76689e+180 4.76689e+180 4.76689e+180 4.76689e+180 
1.02903e-71 1.02903e-71 1.02903e-71 1.02903e-71 
3.21143e-322 3.21143e-322 3.21143e-322 3.21143e-322 3.21143e-322 
2.47033e-323 2.47033e-323 2.47033e-323 2.47033e-323 2.47033e-323 
2.38452e-316 2.38452e-316 2.38452e-316 2.38452e-316 2.38452e-316 
2.47033e-323 2.47033e-323 2.47033e-323 2.47033e-323 2.47033e-323 
2.40146e-316 2.40146e-316 2.40146e-316 2.40146e-316 2.40146e-316 
9.73529e+07 9.73529e+07 9.73529e+07 9.73529e+07 9.73529e+07 
2.122e-314 2.122e-314 2.122e-314 2.122e-314 2.122e-314 
25916.5 25916.5 25916.5 25916.5 25916.5 
2.36709e-316 2.36709e-316 2.36709e-316 2.36709e-316 2.36709e-316 
R=1parameters: 
-0.641531 -0.641531 
0.0927597 0.0927597 
-3.67578e-06 -3.67578e-06 
0.0508583 0.0508583 
-0.0420847 -0.0420847 
5.03038e+175 5.03038e+175 
3.5936e+246 3.5936e+246 
2.14726e+243 2.14726e+243 
-392974 -392974 
1.90215e-321 1.90215e-321 1.90215e-321 
2.40041e-316 2.40041e-316 2.40041e-316 
6.91087e-310 6.91087e-310 6.91087e-310 
1.58101e-322 1.58101e-322 1.58101e-322 
6.32404e-322 6.32404e-322 6.32404e-322 
2.38392e-316 2.38392e-316 2.38392e-316 
2.40452e-316 2.40452e-316 2.40452e-316 
1.89279e-07 1.89279e-07 1.89279e-07 
2.42092e-322 2.42092e-322 2.42092e-322 
2.4008e-316 2.4008e-316 2.4008e-316 2.4008e-316 
0.090995 0.090995 0.090995 0.090995 
0.00114621 0.00114621 0.00114621 0.00114621 
0.000861375 0.000861375 0.000861375 0.000861375 
6665.62 6665.62 6665.62 6665.62 
0.0905136 0.0905136 0.0905136 0.0905136 
0 0 0 0 
0 0 0 0 
0 0 0 0 
2.42092e-322 2.42092e-322 2.42092e-322 
0.0021627 0.0021627 0.0021627 
0.20588 0.20588 0.20588 
-0.00514135 -0.00514135 -0.00514135 
1.30778e-316 1.30778e-316 1.30778e-316 
0.976983 0.976983 0.976983 
0 0 0 
0 0 0 
2.42092e-322 2.42092e-322 2.42092e-322 
2.40041e-316 2.40041e-316 2.40041e-316 2.40041e-316 
2.40177e-316 2.40177e-316 2.40177e-316 2.40177e-316 
6.19784e+07 6.19784e+07 6.19784e+07 6.19784e+07 
0 0 0 0 
9.48606e-322 9.48606e-322 9.48606e-322 9.48606e-322 
2.42092e-322 2.42092e-322 2.42092e-322 2.42092e-322 
-7.30643e+06 -7.30643e+06 -7.30643e+06 -7.30643e+06 
0.906868 0.906868 0.906868 0.906868 
0.880964 0.880964 0.880964 0.880964 
-1.79416 -1.79416 -1.79416 -1.79416 -1.79416 
-0.0420847 -0.0420847 -0.0420847 -0.0420847 -0.0420847 
4.00193e-322 4.00193e-322 4.00193e-322 4.00193e-322 4.00193e-322 
2.3845e-316 2.3845e-316 2.3845e-316 2.3845e-316 2.3845e-316 
2.33893e-316 2.33893e-316 2.33893e-316 2.33893e-316 2.33893e-316 
2.39701e-316 2.39701e-316 2.39701e-316 2.39701e-316 2.39701e-316 
2.38449e-316 2.38449e-316 2.38449e-316 2.38449e-316 2.38449e-316 
0.00143919 0.00143919 0.00143919 0.00143919 0.00143919 
0.000437694 0.000437694 0.000437694 0.000437694 0.000437694 
R=2parameters: 
-0.60112 -0.60112 
0.111449 0.111449 
0.777273 0.777273 
18.0601 18.0601 
-62.7082 -62.7082 
5.03038e+175 5.03038e+175 
3.5936e+246 3.5936e+246 
2.14726e+243 2.14726e+243 
-392974 -392974 
1.90215e-321 1.90215e-321 1.90215e-321 
2.397e-316 2.397e-316 2.397e-316 
2.40041e-316 2.40041e-316 2.40041e-316 
1.58101e-322 1.58101e-322 1.58101e-322 
2.37152e-322 2.37152e-322 2.37152e-322 
2.40479e-316 2.40479e-316 2.40479e-316 
1.38722 1.38722 1.38722 
0.815593 0.815593 0.815593 
173.046 173.046 173.046 
2.47033e-323 2.47033e-323 2.47033e-323 2.47033e-323 
2.40452e-316 2.40452e-316 2.40452e-316 2.40452e-316 
2.47033e-323 2.47033e-323 2.47033e-323 2.47033e-323 
0 0 0 0 
0 0 0 0 
0 0 0 0 
1.67772e+07 1.67772e+07 1.67772e+07 1.67772e+07 
1.26975e-321 1.26975e-321 1.26975e-321 1.26975e-321 
2.40537e-316 2.40537e-316 2.40537e-316 2.40537e-316 
2.32333e-316 2.32333e-316 2.32333e-316 
1.58101e-322 1.58101e-322 1.58101e-322 
4.00193e-322 4.00193e-322 4.00193e-322 
2.31929e-316 2.31929e-316 2.31929e-316 
-3.03043e+134 -3.03043e+134 -3.03043e+134 
2.40534e-316 2.40534e-316 2.40534e-316 
-nan -nan -nan 
2.40507e-316 2.40507e-316 2.40507e-316 
2.31928e-316 2.31928e-316 2.31928e-316 
2580.02 2580.02 2580.02 2580.02 
8.90123e-308 8.90123e-308 8.90123e-308 8.90123e-308 
-10868.4 -10868.4 -10868.4 -10868.4 
1.63042e-322 1.63042e-322 1.63042e-322 1.63042e-322 
6.91085e-310 6.91085e-310 6.91085e-310 6.91085e-310 
2.122e-314 2.122e-314 2.122e-314 2.122e-314 
2.40511e-316 2.40511e-316 2.40511e-316 2.40511e-316 
1.63042e-322 1.63042e-322 1.63042e-322 1.63042e-322 
3.35544e+07 3.35544e+07 3.35544e+07 3.35544e+07 
4.79244e-322 4.79244e-322 4.79244e-322 4.79244e-322 4.79244e-322 
2.38393e-316 2.38393e-316 2.38393e-316 2.38393e-316 2.38393e-316 
2.38451e-316 2.38451e-316 2.38451e-316 2.38451e-316 2.38451e-316 
2.38238e-316 2.38238e-316 2.38238e-316 2.38238e-316 2.38238e-316 
3.21143e-322 3.21143e-322 3.21143e-322 3.21143e-322 3.21143e-322 
2.39195e-316 2.39195e-316 2.39195e-316 2.39195e-316 2.39195e-316 
2.42092e-322 2.42092e-322 2.42092e-322 2.42092e-322 2.42092e-322 
-13.348 -13.348 -13.348 -13.348 -13.348 
1.63042e-322 1.63042e-322 1.63042e-322 1.63042e-322 1.63042e-322 
R=3parameters: 
-0.559186 -0.559186 
0.126913 0.126913 
-3.73794e-05 -3.73794e-05 
0.233655 0.233655 
-0.200122 -0.200122 
5.03038e+175 5.03038e+175 
3.5936e+246 3.5936e+246 
2.14726e+243 2.14726e+243 
-392974 -392974 
6.37345e-322 6.37345e-322 6.37345e-322 
6.33068e-06 6.33068e-06 6.33068e-06 
-2.69953e-08 -2.69953e-08 -2.69953e-08 
5.7753e-08 5.7753e-08 5.7753e-08 
1.21544e-06 1.21544e-06 1.21544e-06 
-5.71747e-08 -5.71747e-08 -5.71747e-08 
2.01428e-06 2.01428e-06 2.01428e-06 
0 0 0 
2.33385e-316 2.33385e-316 2.33385e-316 
0 0 0 0 
0 0 0 0 
4.74303e-322 4.74303e-322 4.74303e-322 4.74303e-322 
2.42092e-322 2.42092e-322 2.42092e-322 2.42092e-322 
-0.299645 -0.299645 -0.299645 -0.299645 
0.114351 0.114351 0.114351 0.114351 
-4.90997e-05 -4.90997e-05 -4.90997e-05 -4.90997e-05 
0.00031488 0.00031488 0.00031488 0.00031488 
0 0 0 0 
0 0 0 
0 0 0 
0 0 0 
1.67772e+07 1.67772e+07 1.67772e+07 
1.0326e-321 1.0326e-321 1.0326e-321 
2.37989e-316 2.37989e-316 2.37989e-316 
2.40359e-316 2.40359e-316 2.40359e-316 
114.955 114.955 114.955 
6.37345e-322 6.37345e-322 6.37345e-322 
2.31962e-316 2.31962e-316 2.31962e-316 2.31962e-316 
-8.60506e-08 -8.60506e-08 -8.60506e-08 -8.60506e-08 
1906.33 1906.33 1906.33 1906.33 
4.66272e-09 4.66272e-09 4.66272e-09 4.66272e-09 
-1.79766e-09 -1.79766e-09 -1.79766e-09 -1.79766e-09 
2.40453e-316 2.40453e-316 2.40453e-316 2.40453e-316 
542023 542023 542023 542023 
-14133.4 -14133.4 -14133.4 -14133.4 
2.40688e-316 2.40688e-316 2.40688e-316 2.40688e-316 
4.79244e-322 4.79244e-322 4.79244e-322 4.79244e-322 4.79244e-322 
2.52285e-316 2.52285e-316 2.52285e-316 2.52285e-316 2.52285e-316 
-nan -nan -nan -nan -nan 
2.17595e-316 2.17595e-316 2.17595e-316 2.17595e-316 2.17595e-316 
3.21143e-322 3.21143e-322 3.21143e-322 3.21143e-322 3.21143e-322 
2.32051e-316 2.32051e-316 2.32051e-316 2.32051e-316 2.32051e-316 
2.42092e-322 2.42092e-322 2.42092e-322 2.42092e-322 2.42092e-322 
2364.86 2364.86 2364.86 2364.86 2364.86 
73.112 73.112 73.112 73.112 73.112 
R=4parameters: 
-0.516843 -0.516843 
0.14215 0.14215 
-7.82915e-05 -7.82915e-05 
0.349768 0.349768 
-0.298933 -0.298933 
5.03038e+175 5.03038e+175 
3.5936e+246 3.5936e+246 
2.14726e+243 2.14726e+243 
-392974 -392974 
1.90215e-321 1.90215e-321 1.90215e-321 
2.40041e-316 2.40041e-316 2.40041e-316 
6.91087e-310 6.91087e-310 6.91087e-310 
0 0 0 
0 0 0 
2.37152e-322 2.37152e-322 2.37152e-322 
0.134241 0.134241 0.134241 
-833.063 -833.063 -833.063 
0.349768 0.349768 0.349768 
398.032 398.032 398.032 398.032 
2.42092e-322 2.42092e-322 2.42092e-322 2.42092e-322 
0 0 0 0 
0 0 0 0 
0 0 0 0 
2.4045e-316 2.4045e-316 2.4045e-316 2.4045e-316 
0 0 0 0 
494.694 494.694 494.694 494.694 
2.37152e-322 2.37152e-322 2.37152e-322 2.37152e-322 
2.37152e-322 2.37152e-322 2.37152e-322 
2.33254e-316 2.33254e-316 2.33254e-316 
0.000101937 0.000101937 0.000101937 
0.00432933 0.00432933 0.00432933 
254659 254659 254659 
0.580333 0.580333 0.580333 
0 0 0 
0 0 0 
2.42092e-322 2.42092e-322 2.42092e-322 
1.061e-313 1.061e-313 1.061e-313 1.061e-313 
-3.03043e+134 -3.03043e+134 -3.03043e+134 -3.03043e+134 
0 0 0 0 
14694.8 14694.8 14694.8 14694.8 
0.00142542 0.00142542 0.00142542 0.00142542 
1.63042e-322 1.63042e-322 1.63042e-322 1.63042e-322 
6.91085e-310 6.91085e-310 6.91085e-310 6.91085e-310 
0 0 0 0 
2.40185e-316 2.40185e-316 2.40185e-316 2.40185e-316 
2.42092e-322 2.42092e-322 2.42092e-322 2.42092e-322 2.42092e-322 
2.52062e-316 2.52062e-316 2.52062e-316 2.52062e-316 2.52062e-316 
1 1 1 1 1 
1 1 1 1 1 
1 1 1 1 1 
1 1 1 1 1 
2.42092e-322 2.42092e-322 2.42092e-322 2.42092e-322 2.42092e-322 
1.061e-313 1.061e-313 1.061e-313 1.061e-313 1.061e-313 
0.00051921 0.00051921 0.00051921 0.00051921 0.00051921 
R=5parameters: 
-0.475279 -0.475279 
0.241437 0.241437 
-0.000131578 -0.000131578 
0.471856 0.471856 
-0.402772 -0.402772 
5.03038e+175 5.03038e+175 
3.5936e+246 3.5936e+246 
2.14726e+243 2.14726e+243 
-392974 -392974 
2.42092e-322 2.42092e-322 2.42092e-322 
1.061e-313 1.061e-313 1.061e-313 
0 0 0 
110031 110031 110031 
0 0 0 
0 0 0 
4.00193e-322 4.00193e-322 4.00193e-322 
5.86999e-320 5.86999e-320 5.86999e-320 
2.52018e-316 2.52018e-316 2.52018e-316 
0.369197 0.369197 0.369197 0.369197 
2.40561e-316 2.40561e-316 2.40561e-316 2.40561e-316 
-0.402772 -0.402772 -0.402772 -0.402772 
2.32184e-316 2.32184e-316 2.32184e-316 2.32184e-316 
149.869 149.869 149.869 149.869 
-1662.38 -1662.38 -1662.38 -1662.38 
1955.73 1955.73 1955.73 1955.73 
4.94066e-324 4.94066e-324 4.94066e-324 4.94066e-324 
2.52507e-316 2.52507e-316 2.52507e-316 2.52507e-316 
1.63042e-322 1.63042e-322 1.63042e-322 
2.31962e-316 2.31962e-316 2.31962e-316 
2.122e-314 2.122e-314 2.122e-314 
1.30778e-316 1.30778e-316 1.30778e-316 
4.79244e-322 4.79244e-322 4.79244e-322 
2.38325e-316 2.38325e-316 2.38325e-316 
2.38521e-316 2.38521e-316 2.38521e-316 
0.000160419 0.000160419 0.000160419 
0 0 0 
0 0 0 0 
2.42092e-322 2.42092e-322 2.42092e-322 2.42092e-322 
2.32512e-316 2.32512e-316 2.32512e-316 2.32512e-316 
-3.91964e-06 -3.91964e-06 -3.91964e-06 -3.91964e-06 
3.48868e-06 3.48868e-06 3.48868e-06 3.48868e-06 
-7.10619e-06 -7.10619e-06 -7.10619e-06 -7.10619e-06 
0 0 0 0 
3.21143e-322 3.21143e-322 3.21143e-322 3.21143e-322 
2.33226e-316 2.33226e-316 2.33226e-316 2.33226e-316 
2.38449e-316 2.38449e-316 2.38449e-316 2.38449e-316 2.38449e-316 
1.36605e-05 1.36605e-05 1.36605e-05 1.36605e-05 1.36605e-05 
2.38874e-316 2.38874e-316 2.38874e-316 2.38874e-316 2.38874e-316 
-0.124157 -0.124157 -0.124157 -0.124157 -0.124157 
-133362 -133362 -133362 -133362 -133362 
-618.942 -618.942 -618.942 -618.942 -618.942 
2.42092e-322 2.42092e-322 2.42092e-322 2.42092e-322 2.42092e-322 
58216 58216 58216 58216 58216 
692383 692383 692383 692383 692383 
R=6parameters: 
-0.437317 -0.437317 
0.172269 0.172269 
-0.0815105 -0.0815105 
11.3564 11.3564 
-38.7449 -38.7449 
5.03038e+175 5.03038e+175 
3.5936e+246 3.5936e+246 
2.14726e+243 2.14726e+243 
-392974 -392974 
1.90215e-321 1.90215e-321 1.90215e-321 
6.91087e-310 6.91087e-310 6.91087e-310 
2.397e-316 2.397e-316 2.397e-316 
0.514785 0.514785 0.514785 
9.21001 9.21001 9.21001 
2.37152e-322 2.37152e-322 2.37152e-322 
7.6889e-05 7.6889e-05 7.6889e-05 
0 0 0 
0 0 0 
-3.36528e-05 -3.36528e-05 -3.36528e-05 -3.36528e-05 
4.10544e-05 4.10544e-05 4.10544e-05 4.10544e-05 
0 0 0 0 
0 0 0 0 
0 0 0 0 
0 0 0 0 
1.67772e+07 1.67772e+07 1.67772e+07 1.67772e+07 
1.26975e-321 1.26975e-321 1.26975e-321 1.26975e-321 
2.34807e-316 2.34807e-316 2.34807e-316 2.34807e-316 
2.40426e-316 2.40426e-316 2.40426e-316 
2.54087e-316 2.54087e-316 2.54087e-316 
1.63042e-322 1.63042e-322 1.63042e-322 
2.34544e-316 2.34544e-316 2.34544e-316 
2.32514e-316 2.32514e-316 2.32514e-316 
3.16202e-322 3.16202e-322 3.16202e-322 
2.37152e-322 2.37152e-322 2.37152e-322 
2.34571e-316 2.34571e-316 2.34571e-316 
1.8759e+07 1.8759e+07 1.8759e+07 
619951 619951 619951 619951 
971286 971286 971286 971286 
154592 154592 154592 154592 
0.000168282 0.000168282 0.000168282 0.000168282 
0 0 0 0 
3.21143e-322 3.21143e-322 3.21143e-322 3.21143e-322 
2.47033e-323 2.47033e-323 2.47033e-323 2.47033e-323 
1.30778e-316 1.30778e-316 1.30778e-316 1.30778e-316 
7.81284e-05 7.81284e-05 7.81284e-05 7.81284e-05 
2.3861e-316 2.3861e-316 2.3861e-316 2.3861e-316 2.3861e-316 
95694 95694 95694 95694 95694 
2.3342e-313 2.3342e-313 2.3342e-313 2.3342e-313 2.3342e-313 
3.23796e-319 3.23796e-319 3.23796e-319 3.23796e-319 3.23796e-319 
3.21143e-322 3.21143e-322 3.21143e-322 3.21143e-322 3.21143e-322 
2.47033e-323 2.47033e-323 2.47033e-323 2.47033e-323 2.47033e-323 
2.34247e-316 2.34247e-316 2.34247e-316 2.34247e-316 2.34247e-316 
1.061e-313 1.061e-313 1.061e-313 1.061e-313 1.061e-313 
2.52117e-316 2.52117e-316 2.52117e-316 2.52117e-316 2.52117e-316 
R=7parameters: 
-0.405509 -0.405509 
0.187326 0.187326 
-0.000221812 -0.000221812 
0.714758 0.714758 
-0.612413 -0.612413 
5.03038e+175 5.03038e+175 
3.5936e+246 3.5936e+246 
2.14726e+243 2.14726e+243 
-392974 -392974 
1.90215e-321 1.90215e-321 1.90215e-321 
2.397e-316 2.397e-316 2.397e-316 
6.91087e-310 6.91087e-310 6.91087e-310 
0.612753 0.612753 0.612753 
-1099.02 -1099.02 -1099.02 
2.37152e-322 2.37152e-322 2.37152e-322 
6.32404e-322 6.32404e-322 6.32404e-322 
2.52062e-316 2.52062e-316 2.52062e-316 
-1.95325e-05 -1.95325e-05 -1.95325e-05 
2.98123e-06 2.98123e-06 2.98123e-06 2.98123e-06 
2.35103e-316 2.35103e-316 2.35103e-316 2.35103e-316 
30364 30364 30364 30364 
2.40253e-316 2.40253e-316 2.40253e-316 2.40253e-316 
0.000249192 0.000249192 0.000249192 0.000249192 
6.37345e-322 6.37345e-322 6.37345e-322 6.37345e-322 
2.34807e-316 2.34807e-316 2.34807e-316 2.34807e-316 
2.32482e-316 2.32482e-316 2.32482e-316 2.32482e-316 
0.741633 0.741633 0.741633 0.741633 
1.63042e-322 1.63042e-322 1.63042e-322 
5.86999e-320 5.86999e-320 5.86999e-320 
2.122e-314 2.122e-314 2.122e-314 
2.17595e-316 2.17595e-316 2.17595e-316 
7.16395e-322 7.16395e-322 7.16395e-322 
2.33227e-316 2.33227e-316 2.33227e-316 
2.34599e-316 2.34599e-316 2.34599e-316 
-0.679475 -0.679475 -0.679475 
0 0 0 
0 0 0 0 
7.08749e-06 7.08749e-06 7.08749e-06 7.08749e-06 
2.71003e-05 2.71003e-05 2.71003e-05 2.71003e-05 
-1.08254e-05 -1.08254e-05 -1.08254e-05 -1.08254e-05 
0 0 0 0 
1.121 1.121 1.121 1.121 
-0.612413 -0.612413 -0.612413 -0.612413 
2.42092e-322 2.42092e-322 2.42092e-322 2.42092e-322 
2.4045e-316 2.4045e-316 2.4045e-316 2.4045e-316 
0.989085 0.989085 0.989085 0.989085 0.989085 
-0.000865318 -0.000865318 -0.000865318 -0.000865318 -0.000865318 
0.276124 0.276124 0.276124 0.276124 0.276124 
0 0 0 0 0 
3.21143e-322 3.21143e-322 3.21143e-322 3.21143e-322 3.21143e-322 
2.47033e-323 2.47033e-323 2.47033e-323 2.47033e-323 2.47033e-323 
2.38845e-316 2.38845e-316 2.38845e-316 2.38845e-316 2.38845e-316 
6.96386e-05 6.96386e-05 6.96386e-05 6.96386e-05 6.96386e-05 
2.35714e-316 2.35714e-316 2.35714e-316 2.35714e-316 2.35714e-316 
R=8parameters: 
-0.378788 -0.378788 
0.201748 0.201748 
0.827988 0.827988 
0.218199 0.218199 
-8.63074 -8.63074 
5.03038e+175 5.03038e+175 
3.5936e+246 3.5936e+246 
2.14726e+243 2.14726e+243 
-392974 -392974 
1.90215e-321 1.90215e-321 1.90215e-321 
2.397e-316 2.397e-316 2.397e-316 
6.91087e-310 6.91087e-310 6.91087e-310 
0.598268 0.598268 0.598268 
0.48977 0.48977 0.48977 
2.52164e-316 2.52164e-316 2.52164e-316 
0.273525 0.273525 0.273525 
-0.00601234 -0.00601234 -0.00601234 
0.00453541 0.00453541 0.00453541 
0.00578618 0.00578618 0.00578618 0.00578618 
3.21143e-322 3.21143e-322 3.21143e-322 3.21143e-322 
2.47033e-323 2.47033e-323 2.47033e-323 2.47033e-323 
2.38451e-316 2.38451e-316 2.38451e-316 2.38451e-316 
1.061e-313 1.061e-313 1.061e-313 1.061e-313 
1.26908e-316 1.26908e-316 1.26908e-316 1.26908e-316 
1433.01 1433.01 1433.01 1433.01 
2.40147e-316 2.40147e-316 2.40147e-316 2.40147e-316 
3.23796e-319 3.23796e-319 3.23796e-319 3.23796e-319 
1.1907e-321 1.1907e-321 1.1907e-321 
2.37989e-316 2.37989e-316 2.37989e-316 
2.40359e-316 2.40359e-316 2.40359e-316 
1.58101e-322 1.58101e-322 1.58101e-322 
2.37152e-322 2.37152e-322 2.37152e-322 
8.04137e-05 8.04137e-05 8.04137e-05 
573.326 573.326 573.326 
574.67 574.67 574.67 
1.63042e-322 1.63042e-322 1.63042e-322 
6.91085e-310 6.91085e-310 6.91085e-310 6.91085e-310 
2.122e-314 2.122e-314 2.122e-314 2.122e-314 
2.33124e-316 2.33124e-316 2.33124e-316 2.33124e-316 
2.42092e-322 2.42092e-322 2.42092e-322 2.42092e-322 
2.33072e-316 2.33072e-316 2.33072e-316 2.33072e-316 
0 0 0 0 
572.789 572.789 572.789 572.789 
2.42092e-322 2.42092e-322 2.42092e-322 2.42092e-322 
2.39148e-316 2.39148e-316 2.39148e-316 2.39148e-316 
2.40452e-316 2.40452e-316 2.40452e-316 2.40452e-316 2.40452e-316 
566.626 566.626 566.626 566.626 566.626 
268556 268556 268556 268556 268556 
-814.39 -814.39 -814.39 -814.39 -814.39 
1.63042e-322 1.63042e-322 1.63042e-322 1.63042e-322 1.63042e-322 
6.91085e-310 6.91085e-310 6.91085e-310 6.91085e-310 6.91085e-310 
2.122e-314 2.122e-314 2.122e-314 2.122e-314 2.122e-314 
6.5452e-05 6.5452e-05 6.5452e-05 6.5452e-05 6.5452e-05 
2.52322e-316 2.52322e-316 2.52322e-316 2.52322e-316 2.52322e-316 
R=9parameters: 
-0.359204 -0.359204 
0.213072 0.213072 
-0.00018516 -0.00018516 
0.875905 0.875905 
-0.743299 -0.743299 
5.03038e+175 5.03038e+175 
3.5936e+246 3.5936e+246 
2.14726e+243 2.14726e+243 
-392974 -392974 
2.42092e-322 2.42092e-322 2.42092e-322 
1.061e-313 1.061e-313 1.061e-313 
38493.6 38493.6 38493.6 
0.242299 0.242299 0.242299 
374.363 374.363 374.363 
374.363 374.363 374.363 
0.224333 0.224333 0.224333 
0.187516 0.187516 0.187516 
0.166568 0.166568 0.166568 
2.34822e-316 2.34822e-316 2.34822e-316 2.34822e-316 
3.21143e-322 3.21143e-322 3.21143e-322 3.21143e-322 
2.32551e-316 2.32551e-316 2.32551e-316 2.32551e-316 
0 0 0 0 
0 0 0 0 
0 0 0 0 
-0.743299 -0.743299 -0.743299 -0.743299 
2.42092e-322 2.42092e-322 2.42092e-322 2.42092e-322 
2.52285e-316 2.52285e-316 2.52285e-316 2.52285e-316 
0 0 0 
0 0 0 
0 0 0 
0 0 0 
1.63042e-322 1.63042e-322 1.63042e-322 
2.397e-316 2.397e-316 2.397e-316 
2.31928e-316 2.31928e-316 2.31928e-316 
6.32404e-322 6.32404e-322 6.32404e-322 
2.37152e-322 2.37152e-322 2.37152e-322 
2.52613e-316 2.52613e-316 2.52613e-316 2.52613e-316 
2.34807e-316 2.34807e-316 2.34807e-316 2.34807e-316 
0.015625 0.015625 0.015625 0.015625 
2.38999e-316 2.38999e-316 2.38999e-316 2.38999e-316 
53.7308 53.7308 53.7308 53.7308 
-188.432 -188.432 -188.432 -188.432 
0 0 0 0 
3.21143e-322 3.21143e-322 3.21143e-322 3.21143e-322 
2.33432e-316 2.33432e-316 2.33432e-316 2.33432e-316 
2.3343e-316 2.3343e-316 2.3343e-316 2.3343e-316 2.3343e-316 
65.8535 65.8535 65.8535 65.8535 65.8535 
1.02766e-321 1.02766e-321 1.02766e-321 1.02766e-321 1.02766e-321 
33619.8 33619.8 33619.8 33619.8 33619.8 
1.63042e-322 1.63042e-322 1.63042e-322 1.63042e-322 1.63042e-322 
6.91085e-310 6.91085e-310 6.91085e-310 6.91085e-310 6.91085e-310 
2.122e-314 2.122e-314 2.122e-314 2.122e-314 2.122e-314 
2.47033e-323 2.47033e-323 2.47033e-323 2.47033e-323 2.47033e-323 
2.4016e-316 2.4016e-316 2.4016e-316 2.4016e-316 2.4016e-316 
R=10parameters: 
-0.346425 -0.346425 
0.220805 0.220805 
-0.202798 -0.202798 
0.509106 0.509106 
-10.036 -10.036 
5.03038e+175 5.03038e+175 
3.5936e+246 3.5936e+246 
2.14726e+243 2.14726e+243 
-392974 -392974 
1.90215e-321 1.90215e-321 1.90215e-321 
6.91087e-310 6.91087e-310 6.91087e-310 
2.397e-316 2.397e-316 2.397e-316 
2.40561e-316 2.40561e-316 2.40561e-316 
2.3845e-316 2.3845e-316 2.3845e-316 
0 0 0 
2.42092e-322 2.42092e-322 2.42092e-322 
1.061e-313 1.061e-313 1.061e-313 
37856.6 37856.6 37856.6 
-4347.55 -4347.55 -4347.55 -4347.55 
0.00483621 0.00483621 0.00483621 0.00483621 
0.000478553 0.000478553 0.000478553 0.000478553 
6.37345e-322 6.37345e-322 6.37345e-322 6.37345e-322 
2.4008e-316 2.4008e-316 2.4008e-316 2.4008e-316 
2.40041e-316 2.40041e-316 2.40041e-316 2.40041e-316 
1.94047e-06 1.94047e-06 1.94047e-06 1.94047e-06 
0.00197794 0.00197794 0.00197794 0.00197794 
-7.5601e-05 -7.5601e-05 -7.5601e-05 -7.5601e-05 
0.00595227 0.00595227 0.00595227 
-0.000681995 -0.000681995 -0.000681995 
0.000105571 0.000105571 0.000105571 
-0.0075278 -0.0075278 -0.0075278 
0.00975249 0.00975249 0.00975249 
0 0 0 
0 0 0 
0 0 0 
0 0 0 
1.10671e-321 1.10671e-321 1.10671e-321 1.10671e-321 
1.58101e-322 1.58101e-322 1.58101e-322 1.58101e-322 
2.40339e-316 2.40339e-316 2.40339e-316 2.40339e-316 
0 0 0 0 
383.636 383.636 383.636 383.636 
3.21143e-322 3.21143e-322 3.21143e-322 3.21143e-322 
2.47033e-323 2.47033e-323 2.47033e-323 2.47033e-323 
2.51964e-316 2.51964e-316 2.51964e-316 2.51964e-316 
1.42738e+228 1.42738e+228 1.42738e+228 1.42738e+228 
2.52201e-316 2.52201e-316 2.52201e-316 2.52201e-316 2.52201e-316 
30431.6 30431.6 30431.6 30431.6 30431.6 
2.32158e-316 2.32158e-316 2.32158e-316 2.32158e-316 2.32158e-316 
-0.110191 -0.110191 -0.110191 -0.110191 -0.110191 
3.21143e-322 3.21143e-322 3.21143e-322 3.21143e-322 3.21143e-322 
2.47033e-323 2.47033e-323 2.47033e-323 2.47033e-323 2.47033e-323 
2.33892e-316 2.33892e-316 2.33892e-316 2.33892e-316 2.33892e-316 
1.061e-313 1.061e-313 1.061e-313 1.061e-313 1.061e-313 
0 0 0 0 0 
R=11parameters: 
-0.342674 -0.342674 
0.223569 0.223569 
5.00966e-05 5.00966e-05 
1.04787 1.04787 
-0.908622 -0.908622 
5.03038e+175 5.03038e+175 
3.5936e+246 3.5936e+246 
2.14726e+243 2.14726e+243 
-392974 -392974 
1.90215e-321 1.90215e-321 1.90215e-321 
6.91087e-310 6.91087e-310 6.91087e-310 
2.397e-316 2.397e-316 2.397e-316 
0.617608 0.617608 0.617608 
2.05778 2.05778 2.05778 
2.37152e-322 2.37152e-322 2.37152e-322 
2.37152e-322 2.37152e-322 2.37152e-322 
2.4048e-316 2.4048e-316 2.4048e-316 
277.738 277.738 277.738 
5.88581e-05 5.88581e-05 5.88581e-05 5.88581e-05 
8.5911e-05 8.5911e-05 8.5911e-05 8.5911e-05 
138.601 138.601 138.601 138.601 
6.37345e-322 6.37345e-322 6.37345e-322 6.37345e-322 
1.28319e-05 1.28319e-05 1.28319e-05 1.28319e-05 
-8.13383e-07 -8.13383e-07 -8.13383e-07 -8.13383e-07 
4.36171e-07 4.36171e-07 4.36171e-07 4.36171e-07 
1.35417e-05 1.35417e-05 1.35417e-05 1.35417e-05 
107.085 107.085 107.085 107.085 
1.63042e-322 1.63042e-322 1.63042e-322 
6.91085e-310 6.91085e-310 6.91085e-310 
0 0 0 
8.69556e-322 8.69556e-322 8.69556e-322 
6.32404e-322 6.32404e-322 6.32404e-322 
2.347e-316 2.347e-316 2.347e-316 
-1.28619e-08 -1.28619e-08 -1.28619e-08 
9.56697e-07 9.56697e-07 9.56697e-07 
2.42092e-322 2.42092e-322 2.42092e-322 
2.32047e-316 2.32047e-316 2.32047e-316 2.32047e-316 
0.000211609 0.000211609 0.000211609 0.000211609 
6.83386e-05 6.83386e-05 6.83386e-05 6.83386e-05 
138341 138341 138341 138341 
0 0 0 0 
4.00193e-322 4.00193e-322 4.00193e-322 4.00193e-322 
2.34792e-316 2.34792e-316 2.34792e-316 2.34792e-316 
2.38874e-316 2.38874e-316 2.38874e-316 2.38874e-316 
6.91085e-310 6.91085e-310 6.91085e-310 6.91085e-310 
2.122e-314 2.122e-314 2.122e-314 2.122e-314 2.122e-314 
2.32004e-316 2.32004e-316 2.32004e-316 2.32004e-316 2.32004e-316 
4.00193e-322 4.00193e-322 4.00193e-322 4.00193e-322 4.00193e-322 
2.40041e-316 2.40041e-316 2.40041e-316 2.40041e-316 2.40041e-316 
2.33122e-316 2.33122e-316 2.33122e-316 2.33122e-316 2.33122e-316 
2.52018e-316 2.52018e-316 2.52018e-316 2.52018e-316 2.52018e-316 
2.42092e-322 2.42092e-322 2.42092e-322 2.42092e-322 2.42092e-322 
2.38487e-316 2.38487e-316 2.38487e-316 2.38487e-316 2.38487e-316 
2.34793e-316 2.34793e-316 2.34793e-316 2.34793e-316 2.34793e-316 
T Models:
(* Fitting with shape 1 1 1 1 1 1 1 1 1 1 0 0 *)
G[T_,xx_]:=Exp[0+xx[[1]]*T^1+xx[[2]]*T^2]*(1)
(* Fitting with shape 1 1 1 1 1 1 1 1 1 1 1 0 *)
G[T_,xx_]:=Exp[0+xx[[1]]*T^1+xx[[2]]*T^2]*(1)
(* Fitting with shape 1 1 1 1 1 1 1 1 1 1 1 1 *)
G[T_,xx_]:=Exp[0+xx[[1]]*T^1+xx[[2]]*T^2]*(1)
(* Fitting with shape 0 1 1 1 1 1 1 1 1 1 0 0 *)
G[T_,xx_]:=Exp[0+xx[[1]]*T^1+xx[[2]]*T^2]*(1)
(* Fitting with shape 0 1 1 1 1 1 1 1 1 1 1 0 *)
G[T_,xx_]:=Exp[0+xx[[1]]*T^1+xx[[2]]*T^2]*(1)
(* Fitting with shape 0 1 1 1 1 1 1 1 1 1 1 1 *)
G[T_,xx_]:=Exp[0+xx[[1]]*T^1+xx[[2]]*T^2]*(1)
(* Fitting with shape 0 0 1 1 1 1 1 1 1 1 0 0 *)
G[T_,xx_]:=Exp[0+xx[[1]]*T^1+xx[[2]]*T^2]*(1)
(* Fitting with shape 0 0 1 1 1 1 1 1 1 1 1 0 *)
G[T_,xx_]:=Exp[0+xx[[1]]*T^1+xx[[2]]*T^2]*(1)
(* Fitting with shape 0 0 1 1 1 1 1 1 1 1 1 1 *)
G[T_,xx_]:=Exp[0+xx[[1]]*T^1+xx[[2]]*T^2]*(1)
(* Fitting with shape 1 1 1 1 1 1 1 1 1 1 0 0 *)
G[T_,xx_]:=Exp[0+xx[[1]]*T^1+xx[[2]]*T^2]*(1+xx[[3]]/(T^1))
(* Fitting with shape 1 1 1 1 1 1 1 1 1 1 1 0 *)
G[T_,xx_]:=Exp[0+xx[[1]]*T^1+xx[[2]]*T^2]*(1+xx[[3]]/(T^1))
(* Fitting with shape 1 1 1 1 1 1 1 1 1 1 1 1 *)
G[T_,xx_]:=Exp[0+xx[[1]]*T^1+xx[[2]]*T^2]*(1+xx[[3]]/(T^1))
(* Fitting with shape 0 1 1 1 1 1 1 1 1 1 0 0 *)
G[T_,xx_]:=Exp[0+xx[[1]]*T^1+xx[[2]]*T^2]*(1+xx[[3]]/(T^1))
(* Fitting with shape 0 1 1 1 1 1 1 1 1 1 1 0 *)
G[T_,xx_]:=Exp[0+xx[[1]]*T^1+xx[[2]]*T^2]*(1+xx[[3]]/(T^1))
(* Fitting with shape 0 1 1 1 1 1 1 1 1 1 1 1 *)
G[T_,xx_]:=Exp[0+xx[[1]]*T^1+xx[[2]]*T^2]*(1+xx[[3]]/(T^1))
(* Fitting with shape 0 0 1 1 1 1 1 1 1 1 0 0 *)
G[T_,xx_]:=Exp[0+xx[[1]]*T^1+xx[[2]]*T^2]*(1+xx[[3]]/(T^1))
(* Fitting with shape 0 0 1 1 1 1 1 1 1 1 1 0 *)
G[T_,xx_]:=Exp[0+xx[[1]]*T^1+xx[[2]]*T^2]*(1+xx[[3]]/(T^1))
(* Fitting with shape 0 0 1 1 1 1 1 1 1 1 1 1 *)
G[T_,xx_]:=Exp[0+xx[[1]]*T^1+xx[[2]]*T^2]*(1+xx[[3]]/(T^1))
(* Fitting with shape 1 1 1 1 1 1 1 1 1 1 0 0 *)
G[T_,xx_]:=Exp[0+xx[[1]]*T^1+xx[[2]]*T^2]*(1+xx[[3]]/(T^1)+xx[[4]]/(T^2))
(* Fitting with shape 1 1 1 1 1 1 1 1 1 1 1 0 *)
G[T_,xx_]:=Exp[0+xx[[1]]*T^1+xx[[2]]*T^2]*(1+xx[[3]]/(T^1)+xx[[4]]/(T^2))
(* Fitting with shape 1 1 1 1 1 1 1 1 1 1 1 1 *)
G[T_,xx_]:=Exp[0+xx[[1]]*T^1+xx[[2]]*T^2]*(1+xx[[3]]/(T^1)+xx[[4]]/(T^2))
(* Fitting with shape 0 1 1 1 1 1 1 1 1 1 0 0 *)
G[T_,xx_]:=Exp[0+xx[[1]]*T^1+xx[[2]]*T^2]*(1+xx[[3]]/(T^1)+xx[[4]]/(T^2))
(* Fitting with shape 0 1 1 1 1 1 1 1 1 1 1 0 *)
G[T_,xx_]:=Exp[0+xx[[1]]*T^1+xx[[2]]*T^2]*(1+xx[[3]]/(T^1)+xx[[4]]/(T^2))
(* Fitting with shape 0 1 1 1 1 1 1 1 1 1 1 1 *)
G[T_,xx_]:=Exp[0+xx[[1]]*T^1+xx[[2]]*T^2]*(1+xx[[3]]/(T^1)+xx[[4]]/(T^2))
(* Fitting with shape 0 0 1 1 1 1 1 1 1 1 0 0 *)
G[T_,xx_]:=Exp[0+xx[[1]]*T^1+xx[[2]]*T^2]*(1+xx[[3]]/(T^1)+xx[[4]]/(T^2))
(* Fitting with shape 0 0 1 1 1 1 1 1 1 1 1 0 *)
G[T_,xx_]:=Exp[0+xx[[1]]*T^1+xx[[2]]*T^2]*(1+xx[[3]]/(T^1)+xx[[4]]/(T^2))
(* Fitting with shape 0 0 1 1 1 1 1 1 1 1 1 1 *)
G[T_,xx_]:=Exp[0+xx[[1]]*T^1+xx[[2]]*T^2]*(1+xx[[3]]/(T^1)+xx[[4]]/(T^2))
(* Fitting with shape 1 1 1 1 1 1 1 1 1 1 0 0 *)
G[T_,xx_]:=Exp[0+xx[[1]]*T^1+xx[[2]]*T^2+xx[[3]]*T^3]*(1)
(* Fitting with shape 1 1 1 1 1 1 1 1 1 1 1 0 *)
G[T_,xx_]:=Exp[0+xx[[1]]*T^1+xx[[2]]*T^2+xx[[3]]*T^3]*(1)
(* Fitting with shape 1 1 1 1 1 1 1 1 1 1 1 1 *)
G[T_,xx_]:=Exp[0+xx[[1]]*T^1+xx[[2]]*T^2+xx[[3]]*T^3]*(1)
(* Fitting with shape 0 1 1 1 1 1 1 1 1 1 0 0 *)
G[T_,xx_]:=Exp[0+xx[[1]]*T^1+xx[[2]]*T^2+xx[[3]]*T^3]*(1)
(* Fitting with shape 0 1 1 1 1 1 1 1 1 1 1 0 *)
G[T_,xx_]:=Exp[0+xx[[1]]*T^1+xx[[2]]*T^2+xx[[3]]*T^3]*(1)
(* Fitting with shape 0 1 1 1 1 1 1 1 1 1 1 1 *)
G[T_,xx_]:=Exp[0+xx[[1]]*T^1+xx[[2]]*T^2+xx[[3]]*T^3]*(1)
(* Fitting with shape 0 0 1 1 1 1 1 1 1 1 0 0 *)
G[T_,xx_]:=Exp[0+xx[[1]]*T^1+xx[[2]]*T^2+xx[[3]]*T^3]*(1)
(* Fitting with shape 0 0 1 1 1 1 1 1 1 1 1 0 *)
G[T_,xx_]:=Exp[0+xx[[1]]*T^1+xx[[2]]*T^2+xx[[3]]*T^3]*(1)
(* Fitting with shape 0 0 1 1 1 1 1 1 1 1 1 1 *)
G[T_,xx_]:=Exp[0+xx[[1]]*T^1+xx[[2]]*T^2+xx[[3]]*T^3]*(1)
(* Fitting with shape 1 1 1 1 1 1 1 1 1 1 0 0 *)
G[T_,xx_]:=Exp[0+xx[[1]]*T^1+xx[[2]]*T^2+xx[[3]]*T^3]*(1+xx[[4]]/(T^1))
(* Fitting with shape 1 1 1 1 1 1 1 1 1 1 1 0 *)
G[T_,xx_]:=Exp[0+xx[[1]]*T^1+xx[[2]]*T^2+xx[[3]]*T^3]*(1+xx[[4]]/(T^1))
(* Fitting with shape 1 1 1 1 1 1 1 1 1 1 1 1 *)
G[T_,xx_]:=Exp[0+xx[[1]]*T^1+xx[[2]]*T^2+xx[[3]]*T^3]*(1+xx[[4]]/(T^1))
(* Fitting with shape 0 1 1 1 1 1 1 1 1 1 0 0 *)
G[T_,xx_]:=Exp[0+xx[[1]]*T^1+xx[[2]]*T^2+xx[[3]]*T^3]*(1+xx[[4]]/(T^1))
(* Fitting with shape 0 1 1 1 1 1 1 1 1 1 1 0 *)
G[T_,xx_]:=Exp[0+xx[[1]]*T^1+xx[[2]]*T^2+xx[[3]]*T^3]*(1+xx[[4]]/(T^1))
(* Fitting with shape 0 1 1 1 1 1 1 1 1 1 1 1 *)
G[T_,xx_]:=Exp[0+xx[[1]]*T^1+xx[[2]]*T^2+xx[[3]]*T^3]*(1+xx[[4]]/(T^1))
(* Fitting with shape 0 0 1 1 1 1 1 1 1 1 0 0 *)
G[T_,xx_]:=Exp[0+xx[[1]]*T^1+xx[[2]]*T^2+xx[[3]]*T^3]*(1+xx[[4]]/(T^1))
(* Fitting with shape 0 0 1 1 1 1 1 1 1 1 1 0 *)
G[T_,xx_]:=Exp[0+xx[[1]]*T^1+xx[[2]]*T^2+xx[[3]]*T^3]*(1+xx[[4]]/(T^1))
(* Fitting with shape 0 0 1 1 1 1 1 1 1 1 1 1 *)
G[T_,xx_]:=Exp[0+xx[[1]]*T^1+xx[[2]]*T^2+xx[[3]]*T^3]*(1+xx[[4]]/(T^1))
(* Fitting with shape 1 1 1 1 1 1 1 1 1 1 0 0 *)
G[T_,xx_]:=Exp[0+xx[[1]]*T^1+xx[[2]]*T^2+xx[[3]]*T^3]*(1+xx[[4]]/(T^1)+xx[[5]]/(T^2))
(* Fitting with shape 1 1 1 1 1 1 1 1 1 1 1 0 *)
G[T_,xx_]:=Exp[0+xx[[1]]*T^1+xx[[2]]*T^2+xx[[3]]*T^3]*(1+xx[[4]]/(T^1)+xx[[5]]/(T^2))
(* Fitting with shape 1 1 1 1 1 1 1 1 1 1 1 1 *)
G[T_,xx_]:=Exp[0+xx[[1]]*T^1+xx[[2]]*T^2+xx[[3]]*T^3]*(1+xx[[4]]/(T^1)+xx[[5]]/(T^2))
(* Fitting with shape 0 1 1 1 1 1 1 1 1 1 0 0 *)
G[T_,xx_]:=Exp[0+xx[[1]]*T^1+xx[[2]]*T^2+xx[[3]]*T^3]*(1+xx[[4]]/(T^1)+xx[[5]]/(T^2))
(* Fitting with shape 0 1 1 1 1 1 1 1 1 1 1 0 *)
G[T_,xx_]:=Exp[0+xx[[1]]*T^1+xx[[2]]*T^2+xx[[3]]*T^3]*(1+xx[[4]]/(T^1)+xx[[5]]/(T^2))
(* Fitting with shape 0 1 1 1 1 1 1 1 1 1 1 1 *)
G[T_,xx_]:=Exp[0+xx[[1]]*T^1+xx[[2]]*T^2+xx[[3]]*T^3]*(1+xx[[4]]/(T^1)+xx[[5]]/(T^2))
(* Fitting with shape 0 0 1 1 1 1 1 1 1 1 0 0 *)
G[T_,xx_]:=Exp[0+xx[[1]]*T^1+xx[[2]]*T^2+xx[[3]]*T^3]*(1+xx[[4]]/(T^1)+xx[[5]]/(T^2))
(* Fitting with shape 0 0 1 1 1 1 1 1 1 1 1 0 *)
G[T_,xx_]:=Exp[0+xx[[1]]*T^1+xx[[2]]*T^2+xx[[3]]*T^3]*(1+xx[[4]]/(T^1)+xx[[5]]/(T^2))
(* Fitting with shape 0 0 1 1 1 1 1 1 1 1 1 1 *)
G[T_,xx_]:=Exp[0+xx[[1]]*T^1+xx[[2]]*T^2+xx[[3]]*T^3]*(1+xx[[4]]/(T^1)+xx[[5]]/(T^2))
Probabilities: 
        0         0         0         0         0         0         0         0         0         0         0         0         0         0         0         0         0         0         0         0         0         0         0         0         0         0         0         0         0         0         0         0         0         0         0         0         0         0         0         0         0         0         0         0         0         0         0         0         0         0         0         1         0         0
        0         0         0         0         0         0         0         0         0         0         0         0         0         0         0         0         0         0         0         0         0         0         0         0         1         0         0         0         0         0         0         0         0         0         0         0         0         0         0         0         0         0         0         0         0         0         0         0         0         0         0         0         0         0
        0         0         0         0         0         0         0         0         0         0         0         0         0         0         0         0         0         0         0         0         0         0         0         0  0.730064         0         0         0         0         0         0         0         0         0         0         0         0         0         0         0         0         0         0         0         0         0         0         0         0         0         0  0.269936         0         0
        0         0         0         0         0         0         0         0         0         0         0         0         0         0         0         0         0         0         0         0         0         0         0         0  0.954883         0         0         0         0         0         0         0         0         0         0         0         0         0         0         0         0         0 0.0451167         0         0         0         0         0         0         0         0         0         0         0
        0         0         0         0         0         0         0         0         0         0         0         0         0         0         0         0         0         0         0         0         0         0         0         0  0.913867         0         0         0         0         0         0         0         0         0         0         0         0         0         0         0         0         0 0.0861333         0         0         0         0         0         0         0         0         0         0         0
        0         0         0         0         0         0         0         0         0         0         0         0         0         0         0         0         0         0         0         0         0         0         0         0         0         0         0         0         0         0         0         0         0         0         0         0         0         0         0         0         0         0         1         0         0         0         0         0         0         0         0         0         0         0
        0         0         0         0         0         0         0         0         0         0         0         0         0         0         0         0         0         0         0         0         0         0         0         0         0         0         0         0         0         0         0         0         0         0         0         0         0         0         0         0         0         0         1         0         0         0         0         0         0         0         0         0         0         0
        0         0         0         0         0         0         0         0         0         0         0         0         0         0         0         0         0         0         0         0         0         0         0         0         0         0         0         0         0         0         0         0         0         0         0         0         0         0         0         0         0         0         0         0         0         0         0         0         0         0         0         1         0         0
        0         0         0         0         0         0         0         0         0         0         0         0         0         0         0 0.0370081         0         0         0         0         0         0         0         0   0.59883         0         0         0         0         0         0         0         0         0         0         0         0         0         0         0         0         0         0         0         0         0         0         0         0         0         0  0.364162         0         0
        0         0         0         0         0         0         0         0         0         0         0         0         0         0         0         0         0         0         0         0         0         0         0         0  0.596191         0         0         0         0         0         0         0         0         0         0         0         0         0         0         0         0         0         0         0         0         0         0         0         0         0         0  0.403809         0         0
        0         0         0         0         0         0         0         0         0         0         0         0         0         0         0  0.191174         0         0         0         0         0         0         0         0  0.363632         0         0         0         0         0         0         0         0         0         0         0         0         0         0         0         0         0  0.181579         0         0         0         0         0         0         0         0  0.263615         0         0
        0         0         0         0         0         0         0         0         0         0         0         0         0         0         0         0         0         0         0         0         0         0         0         0         0         0         0         0         0         0         0         0         0         0         0         0         0         0         0         0         0         0  0.410612         0         0         0         0         0         0         0         0  0.589388         0         0

Values: 
  0.0639159   0.0638849   0.0638793   0.0635554    0.063535   0.0635308   0.0635192   0.0635009   0.0634989   0.0631494   0.0631333   0.0631291   0.0629111   0.0628953   0.0628907   0.0626887    0.062673   0.0626696   0.0325769    0.062669    0.145467   0.0624577   0.0624469   0.0907824    0.158011     0.32404     0.33216   0.0660371     1.10382     1.10349   0.0653248      1.1947     1.19875     1.23154     1.05566       1.061           1           1           1    0.840138      1.1894    -4.58934     1.03408   0.0633147    0.592315    0.714343   0.0633196   0.0632174      0.9175   0.0627544    0.917694   0.0624005   0.0624731   0.0624703
    0.09323   0.0927597   0.0927429   0.0928208    0.113732    0.137713    0.181297    0.114767   0.0925773   0.0920948   0.0918942   0.0918726   0.0916096    0.138592    0.112106   0.0911667   0.0910389   0.0998437   0.0895713   0.0909986   0.0909742   0.0906285    0.270689   0.0905136   0.0904564   0.0903669    0.560803     1.25392     1.14074   0.0980379     1.17474    0.097221     1.20126    0.247914     1.31353     1.18047    0.968496    0.971484     0.97138    0.739776    0.219498   0.0936841   0.0931756   0.0930298    0.781509    0.093244    0.862458   0.0927127   0.0915767     1.12314     1.13417    -1.07684   0.0911844    0.675656
   0.112269    0.111449    0.111434    0.111488    0.110931    0.110915     0.11144    0.191442    0.110923    0.110053    0.109674    0.109651    0.154601    0.201458    0.220275     0.10818    0.107959    0.153035    0.108136    0.178468    0.179913    0.107175    0.107041    0.395362    0.106826    0.524291    0.523185     1.09484     1.21358    0.120326     1.16563     1.17306     1.18059     1.05196     1.05779     1.24344     0.97349    0.961716    0.961798     1.18171     1.81174     0.18353     2.68745     4.13713     1.54129    0.897456    0.875237    0.873343    0.109146    0.787669    0.872852    0.106615    0.107763    0.107702
   0.128337    0.126913    0.126822    0.130442    0.186251    0.125823    0.119447    0.133976    0.125791     0.12473    0.123991    0.123886    0.123109    0.122552    0.191045    0.428213     0.45536    0.121191    0.121708    0.107256    0.111055    0.120111    0.119859     0.15324    0.119567    0.119334     0.11922     1.03068     1.01772    0.997921     1.09001     1.09019     1.09086     1.14031    0.136929           1     0.97465    0.974964     0.13301    0.947453    0.991032     1.18008    0.127788    0.127397    0.126714           1           1           1     1.69137    0.123308    0.123061    -3.23745    0.643615    0.121398
   0.143828     0.14215     0.14202    0.141956    0.140703    0.165725    0.178321    0.140278    0.140142    0.138741    0.137793    0.137627    0.151709    0.135491    0.162773    0.134252    0.133689    0.133486    0.134291    0.133679    0.133481    0.209999    0.131608    0.131436    0.131198   0.0894061           1     1.11716     1.10922     1.06988     1.07007    0.216213     1.10031     1.33691     1.32564     1.06337    0.406388     1.00308     1.00189    0.960816    0.936411    0.743987    0.142808    0.833919    0.141582           1           1           1    0.135864     1.14102    0.136495    0.842415    0.772562    0.134307
   0.159101    0.241437    0.159751    0.156688    0.155265     0.23551    0.155914    0.154604     0.20978    0.152635    0.151496    0.151291    0.149432     0.14845    0.148164     0.14672    0.177085    0.145654    0.146898    0.146061    0.145783    0.161591    0.143145   0.0440532    0.628782    0.142154    0.141887    0.967015    0.966441    0.982399     1.16158     1.20004     1.08387     1.31519     1.04126     1.08192    0.169567     1.04914    0.167953    0.163763     1.38434     1.11671     0.15726    0.739297    0.729681     0.15935    0.158507    0.157452    0.147811    0.149607    0.149587     1.50265  -0.0302653     2.13978
   0.174247    0.172269    0.172145    0.194539    0.196826    0.176991    0.185639    0.187619    0.243244    0.166507    0.165292    0.151441    0.251381    0.245587    0.161172    0.159293    0.158373    0.157981    0.159647    0.158669    0.267656    0.155542    0.154869    0.154541    0.462547    0.466162    0.211838     1.26489     0.19907     1.08629     1.10193     1.10232     1.14996     1.05117     1.04776     1.04564    0.165849    0.972963    0.183473     1.16469    0.925559      1.0577     0.17162     1.26033    0.170813    0.174638     0.97266    0.172578    0.920029    0.947755  -0.0768349    0.799567    0.156345    0.159461
   0.188954    0.187326    0.187389    0.240779    0.184255    0.184347    0.253681    0.232016    0.183025    0.180156    0.179036    0.178938    0.175855    0.212186      0.1744     0.28073    0.224578    0.220451    0.172488    0.171485    0.240454    0.167665    0.166891    0.193172    0.643968    0.165592    0.165134    0.218701    0.216316     1.09988      1.0851     1.08529     1.08386     1.08709     1.08701     1.07722     0.27304    0.161352     1.02433    0.960666     1.17908    0.191882     1.27803    0.939379    0.930648    0.188696    0.187843     0.18678     0.86846    0.889189     1.29483    0.148175    0.167178    0.774659
   0.202638    0.201748    0.201965    0.198675    0.221836    0.198139    0.215142     0.24148    0.196434    0.192826    0.191975    0.192043    0.188172    0.187319    0.187019     0.18384    0.182996    0.182626    0.197411    0.193082      0.1834    0.179312    0.178619    0.178264      0.1785    0.177467    0.176981     1.12123     1.09555    0.228566     1.33061     1.11636 -0.00553883     1.07077     1.32356     1.32179    0.935691    0.926321    0.898756    0.207295     1.24916    0.204615    0.516897    0.196484    0.196139    0.201224    0.200163    0.199185     0.71872     1.01762      1.0598    0.151277    0.175786     0.18212
   0.213631    0.213072    0.213391    0.209304    0.208661    0.209172    0.265573    0.213132     0.20716    0.203172    0.202467    0.202691    0.198345    0.197617    0.281899    0.604353    0.541937    0.510483    0.194758    0.194015    0.231186    0.189234    0.188585    0.188293    0.188724    0.187633    0.187217     1.38967     1.26848     1.24384     1.24209     1.17231     1.09411     1.24943    0.986544    0.986684    0.925728    0.901832    0.890531    0.217442     0.21604    0.214748     1.27608     0.20578    0.205378     0.21111    0.210212    0.209126     0.94966    0.192276    0.193754    0.152616    0.182814     4.14866
   0.220962    0.220805    0.221167    0.675959    0.711365    0.263382    0.214495    0.289056    0.239676    0.210093     0.20958    0.209805    0.267261    0.204713    0.204542    0.200668    0.200055    0.359209    0.255331    0.239291    0.202255    0.196108    0.195607    0.195426    0.195989    0.195038    0.194766      1.0858     1.09918     1.14023     1.09172     1.09642     1.10894     1.24036     1.32304     1.04568    0.959889    0.971358    0.964615    0.223748    0.222269    0.738824    0.209762     1.36625    0.210664    0.217239    0.216281    0.215108    0.189285    0.196437     -21.021    0.153656    0.185841    0.193393
   0.223641    0.223569    0.223876    0.350012    0.218516    0.380605    0.276945    0.216533    0.216791    0.212548    0.212076    0.212321    0.207687    0.207173    0.269837    0.450487    0.322266    0.292197    0.204153    0.203621    0.203402    0.198664    0.198226    0.198033    0.570915    0.844382    0.197544     0.25465    0.252139     1.09315     1.11153     1.10799     1.12481     1.01446     1.08569    -132.897     1.02523    0.967257    0.974345    0.225669    0.634443     1.37171    0.211164     2.74247    0.212544    0.219027     0.21816    0.217164    0.189959    0.197358     0.48021    0.152686    0.628527     1.31403

Errors: 
1.34304e-05   1.335e-05  1.3324e-05 1.36995e-05 1.35917e-05 1.35618e-05 1.37173e-05  1.3608e-05 1.35762e-05 1.42463e-05  1.4116e-05 1.40848e-05 1.48942e-05   1.478e-05 1.47374e-05 1.65045e-05 1.59586e-05 1.63653e-05 5.14107e-06 1.59685e-05    0.374064 1.98709e-05 1.95726e-05 0.000245259   0.0010463  0.00251321     0.67969 2.03558e-05           0           0 2.24846e-05           0           0     1.00004     1.00034     1.00022  0.00298969  0.00294054  0.00294326 0.000134093 5.65075e-05 3.96492e-05 6.18148e-06  4.4441e-05 0.000444766    0.576838  3.9462e-05 3.53147e-05 0.000875158 7.17076e-05           1  0.00017957 0.000129116 0.000104965
3.83123e-05 3.70242e-05 3.69329e-05   3.842e-05           0           0           0           0 3.71151e-05 3.93166e-05 3.74369e-05 3.74217e-05 4.10484e-05           0           0 4.57074e-05 4.24477e-05           1           0 4.17358e-05 4.15081e-05 5.79606e-05           0 5.10511e-05 8.22547e-05 6.81633e-05           0           0           0 5.88503e-05           0 6.76785e-05           0           1     1.00015     1.00088           0           0           0     1.00001           1 9.60504e-05 0.000207649 0.000166926     1.00007 0.000174134   0.0181245 0.000123798 0.000382011 9.68069e-05     1.27533 0.000277454 0.000561779  0.00253505
7.29882e-05 7.06071e-05 7.08492e-05 7.41475e-05 7.08906e-05 7.11898e-05 7.45006e-05           0 7.15913e-05 7.58901e-05 7.29684e-05 7.31287e-05           0           0           0 9.67589e-05 8.75495e-05           0 9.41699e-05           0           0 0.000128127 0.000111529           0   0.0001889           0           0           0           0 0.000119867           0           0           0     1.02404     1.02092     1.00101           0           0           0           1           1           1           0     1.00932           1 0.000538304 0.000420186 0.000332708  0.00092917    0.834088 0.000108831  0.00203293  0.00145159  0.00100806
0.000119134 0.000111635  0.00011174           0           0 0.000113198           0           0 0.000114289 0.000129315 0.000118156 0.000118368 0.000142134 0.000127824           0           0           0 0.000145877 0.000164306           0           0 0.000231519 0.000193831           0 0.000350957 0.000275309 0.000253174           0           0           0           0           0           0     1.00494 0.000262687           0           0           0 0.000287438           1      1.0001           1 0.000932488 0.000750269 0.000601492   0.0240656   0.0236097   0.0230705           1  0.00136099  0.00102586     1.21433  0.00685651   0.0020155
          0           0           0 0.000180123 0.000169375           0           0 0.000171599 0.000171995 0.000196566 0.000180187  0.00018007           0 0.000203528           0 0.000269803 0.000237433 0.000230263 0.000264772   0.0002378 0.000229907           0 0.000313797 0.000301487 0.000570229         nan           0           0           0           0           0           1           0     1.00794      1.0037     1.04623           0           0     1.00001           0           0     1.00004  0.00150744     1.00325  0.00100353   0.0424421   0.0428797   0.0419936  0.00287175    0.998818  0.00172409     1.00383     1.00015  0.00326993
          0           0           0 0.000254765 0.000241491           0 0.000259887 0.000245273           0 0.000280651 0.000253164 0.000257853 0.000328065 0.000294088 0.000293858 0.000401815           1 0.000347043  0.00039394 0.000362861 0.000339318           0 0.000488125           0           0  0.00068573  0.00062209           0           0           0           0           0           0           0     2.04706      1.0464 0.000840301           0           1  0.00117753           1           1   0.0022222      1.0003     1.00022   0.0016822  0.00142749  0.00132367   0.0042348  0.00325955  0.00261705     1.55911  0.00135471     1.28706
0.000342932           0           0           0           0           0           0           0           0 0.000383387 0.000355067           0           0           0 0.000410337 0.000564821 0.000504234 0.000488443 0.000549949 0.000495286           0 0.000813865 0.000690916 0.000654802           0           0           0           0 0.000665342           0           0           0           0     1.12939     1.13745     1.14458           1           0 0.000893453     1.00042      1.0521     1.00125  0.00306579           1  0.00208886   0.0023063   0.0707858  0.00176966   0.0103454 0.000631898     1.01122  0.00300234   0.0090362  0.00696323
          0           0           0           0 0.000448073  0.00045178           0           0 0.000460162 0.000502657 0.000478073 0.000480184  0.00059031           0 0.000554222           0           0           0 0.000717293 0.000665243           0  0.00108511 0.000941748           1           0  0.00139074  0.00126483 0.000942921 0.000873443           0           0           0           0       1.206     1.21044     1.24424           1           0           0      1.0005     1.00001  0.00170646           0           0           0  0.00304117  0.00252103  0.00229257     1.00027     1.00026           1   0.0156642   0.0116146     1.00014
          0 0.000595979           0 0.000586464           0  0.00057453           0           0 0.000594551 0.000634367 0.000617515 0.000622822 0.000745435 0.000723368 0.000715806 0.000954822 0.000892663 0.000889595           0           0 0.000850055  0.00142134  0.00125012  0.00120352  0.00227879  0.00187459  0.00165313           0           0  0.00102543     1.00189           0     1.00024     1.25879     1.01178     1.00944           0           0           0  0.00284794     1.00276  0.00212017           1  0.00394724  0.00344423  0.00371741  0.00311469  0.00286395  0.00172509  0.00209664 0.000976789   0.0187816   0.0141031   0.0113426
          0           0           0 0.000711923 0.000701156 0.000704737           0           0 0.000740981 0.000755292 0.000736216 0.000747097 0.000884047 0.000859146           0           0           0           0  0.00106855  0.00103357           0  0.00165926  0.00150998  0.00141797  0.00258242  0.00220882  0.00189522           0           0           0           0           0           0      1.0051           0           0           0           0           0  0.00323348  0.00277732  0.00248013     1.00001   0.0047286  0.00410505  0.00435271  0.00366042  0.00331061      1.0001  0.00914109  0.00727865   0.0211994   0.0162843     1.00352
          0           0           0           0           0           0 0.000792289           0           0 0.000849474  0.00085928 0.000866219           0 0.000989121 0.000964843  0.00127061  0.00120414           0           0           0           0  0.00186175  0.00167032  0.00158734  0.00295251  0.00238158  0.00232826           0           0           0           0           0           0     1.01193     1.00578     2.51114           0           0           0  0.00357866  0.00300803     1.00022  0.00662073     1.00323   0.0045889  0.00486826  0.00401866  0.00366409   0.0122738  0.00950768   0.0302949   0.0228909   0.0179583   0.0146612
          0           0           0           0 0.000830591           0           0 0.000837544 0.000840391 0.000885813 0.000874237  0.00088123  0.00102409  0.00100742           0           0           0           0  0.00124276  0.00116378  0.00116995  0.00193147  0.00177519   0.0017419           0           0  0.00243361  0.00151625  0.00139458           0           0           0           0           0      1.4537     2.07207           0           0           0  0.00367581     1.00001     1.00016  0.00687872           1  0.00490499  0.00497637  0.00419852  0.00384416   0.0127248  0.00996552 0.000957849   0.0234691     1.00003  0.00406525

Statuses: 
0 0 0 0 0 0 0 0 0 0 0 0 0 0 0 0 0 0 3 0 3 0 0 3 3 3 3 0 3 3 0 3 3 3 3 3 3 3 3 3 3 1 3 0 3 3 0 0 3 0 3 0 0 0
0 0 0 0 3 3 3 3 0 0 0 0 0 3 3 0 0 3 3 0 0 0 3 0 0 0 3 3 3 0 3 0 3 3 3 3 3 3 3 3 3 0 0 0 3 0 3 0 0 3 3 0 0 3
0 0 0 0 0 0 0 3 0 0 0 0 3 3 3 0 0 3 0 3 3 0 0 3 0 3 3 3 3 0 3 3 3 3 3 3 3 3 3 3 3 3 3 3 3 3 3 3 0 3 3 0 0 0
0 0 0 3 3 0 3 3 0 0 0 0 0 0 3 3 3 0 0 3 3 0 0 3 0 0 0 3 3 3 3 3 3 3 0 3 3 3 0 3 3 3 0 0 0 3 3 3 3 0 0 3 3 0
2 2 2 0 0 3 3 0 0 0 0 0 3 0 3 0 0 0 0 0 0 3 0 0 0 3 3 3 3 3 3 3 3 3 3 3 3 3 3 3 3 3 0 3 0 3 3 3 0 3 0 3 3 0
2 3 3 0 0 3 0 0 3 0 0 0 0 0 0 0 3 0 0 0 0 3 0 2 3 0 0 3 3 3 3 3 3 3 3 3 0 3 3 0 3 3 0 3 3 0 0 0 0 0 0 3 0 3
0 2 2 3 3 3 3 3 3 0 0 3 3 3 0 0 0 0 0 0 3 0 0 0 3 3 3 3 0 3 3 3 3 3 3 3 3 3 0 3 3 3 0 3 0 0 3 0 3 3 3 3 0 0
2 2 2 3 0 0 3 3 0 0 0 0 0 3 0 3 3 3 0 0 3 0 0 3 3 0 0 0 0 3 3 3 3 3 3 3 3 3 3 3 3 0 3 3 3 0 0 0 3 3 3 0 0 3
2 0 2 0 3 0 3 3 0 0 0 0 0 0 0 0 0 0 3 3 0 0 0 0 0 0 0 3 3 0 3 3 3 3 3 3 3 3 3 0 3 0 3 0 0 0 0 0 3 3 3 0 0 0
2 2 2 0 0 0 3 3 0 0 0 0 0 0 3 3 3 3 0 0 3 0 0 0 0 0 0 3 3 3 3 3 3 3 3 3 3 3 3 0 0 0 3 0 0 0 0 0 3 0 0 0 0 3
2 2 2 3 3 3 0 3 3 0 0 0 3 0 0 0 0 3 3 3 3 0 0 0 0 0 0 3 3 3 3 3 3 3 3 3 3 3 3 0 0 3 0 3 0 0 0 0 0 0 3 0 0 0
2 2 2 3 0 3 3 0 0 0 0 0 0 0 3 3 3 3 0 0 0 0 0 0 3 3 0 0 0 3 3 3 3 3 3 0 3 3 3 0 3 3 0 3 0 0 0 0 0 0 3 0 3 3
chisq per dof: 
25.6455 23.2276 21.0345 14.3214 12.7766  11.484 10.9112 9.60504 8.53325 5.60757 5.09127 4.65166 2.89818 2.69017 2.49982 1.92883 1.83812 1.76511 76334.2 1.99243 65501.7 1.82818 1.69882 37446.2 41219.7 76765.4 62339.5 9.98046 85464.8 76186.5 5.20337 94690.1 82734.4  129474  108784   93245  126655  109807 96164.9  134659  114115   93255  148470 1.86893  104270  132330 1.94658 1.84559  151024 2.01087  105277 2.66798 2.25157 2.00126
15.3512 15.4484 14.0684 8.84615 2271.59 2314.45 3951.05 3070.78 6.16792 3.73253 3.62977 3.46405 2.17368 3360.87 2615.99 1.75272 1.69181 317.846 6721.71 1.81385 1.73576 1.81265 5840.71 1.60204 2.00046 1.80562 7198.46 7563.23 6498.25 5.09282 8145.95 2.85051 6315.56 4864.38 8181.36 7132.72 8793.34 7561.06 6640.02 10216.3 2188.16 1.70528 2.02165 1.81922 8089.64 2.03776 8795.61 1.76349 2.25489 9580.32 7945.25 143.978 2.25332 9911.34
 9.6668 10.0708 9.29478 5.80325 5.79407 5.55808 4.59936 938.998 4.37666 2.86648 2.81774 2.76657 1048.48 1012.12 915.954 1.69893 1.61624  271.47  1.8168 1497.28 1310.15 1.80942 1.67971 1321.57 2.00068 1827.55  1549.1 1706.59 1499.86 3.38053 1869.91 1609.93 1413.34 2229.14 1865.47  1593.1 2027.25 1704.14 1496.56 2097.37 1802.46 332.966 2562.16 2086.48 1720.62 2455.93 2163.96 1860.71 2.25393 1972.98 1751.48 2.66755 2.25171 2.00137
6.84543 7.25965 6.78235  202.05 233.324 4.37971 250.047 211.401 3.51051  2.4717 2.46218 2.42589 1.82573  1.7865 308.058 588.779 504.809 1.52377 1.78434 468.357  410.87 1.80666 1.67675 421.532   2.001 1.80242 1.66975 571.633 486.561 446.923  699.68 600.155 525.519 776.581 1.72457 567.546 710.908 615.461 1.66625 700.106 691.535 509.417 2.01167 1.81005 1.67768 1039.47 867.072 743.625  912.52 2.00328 1.83615 1167.19 958.091 2.00206
5.19204 5.50873 5.20237 3.45458 3.52281  57.299  58.207 2.99016 2.88669 2.19051 2.17201 2.14967 33.7055 1.70826 33.1637 1.65267 1.56517 1.50176 1.76339   1.679 1.60454 265.612 1.67468   1.582 2.00116  179.15 268.332 266.034 235.697 198.803 321.279 108.508 240.215 340.552 284.688 251.092 201.208 295.842 240.317 385.955 321.532 260.565 2.00941  346.87 1.67463 494.525 413.401 354.941 2.25349 308.219 1.83583 584.882 438.335  2.0022
4.13285 40.5898  19.025 2.82701 2.87631 40.0613 2.43367 2.47544 57.4969 1.97605 1.95294 1.93374  1.6898 1.64287  1.5833 1.63859 28.5283 1.48501 1.74262 1.65892 1.58457 15.8588 1.67371 21.1163  183.52 1.80284 1.66999 129.404 115.676 103.583 151.146 133.451 131.867 181.591 157.055 134.748 1.73808 177.273 3.69659 1.82466 140.471 120.084 2.00853 183.449 149.874 2.01501 1.84686 1.72878 2.25341 2.00331 1.83609 256.224 2.46152 164.181
3.39696 3.57912 3.42428 5.81752 7.40997 15.2699 6.07194 5.78653 23.6877 1.82593 1.79127 5.45653 43.4977 37.8814 1.53351 1.62819 1.53849 1.47076 1.72584  1.6399 60.4806 1.80308 1.67211 1.57814 90.1798 72.5964 30.1299 90.4477 1.71531 65.7084 108.848  93.443 81.6803 113.972 95.1451 81.7336 29.5661 94.7737   1.557  115.73 108.749 92.1699 2.00721 83.1973 1.67188 2.01285 111.532 1.72573 159.743 124.258 56.6302 179.422   2.253 2.00267
  2.843 2.94763 2.81416 12.4905 2.07266 2.06442 30.9356 26.2899 1.81476 1.71338 1.66987 1.64986 1.60022 10.2813 1.48805   25.89 7.54646 7.06101 1.71007 1.62204 35.6955 1.80243   1.671 11.5857 64.7568 1.80284 1.66974 1.66864 1.62361 45.1257 75.2407 64.6552 56.6832 77.1533 64.4723 55.4619 20.5778 38.4029 65.5891 88.6669 48.9322 1.58758  91.979 77.3532 64.4138 2.01194  1.8436 1.72406 112.154 89.9038 56.4852 2.66749 2.25353 77.4695
2.44097 2.47936 2.36157 1.87931 4.51696 1.81329 2.63143 6.09318 1.62888 1.63761  1.5852 1.55389 1.57173 1.50686 1.45257  1.6124 1.51758  1.4477 28.6856 26.1649 1.53505 1.80213 1.66983 1.57505 2.00227 1.80269 1.66943 43.8573 37.4523 1.54932 52.9307 49.2301 32.0267 57.4573  45.055 38.8401  52.006 46.6465 37.6926 1.81562 55.4969   1.585 62.1756 1.80491 1.67079 2.01096 1.84277  1.7229 66.9856 46.7558 38.6692 2.66736 2.25334 2.00311
2.19696 2.19366 2.09117 1.74922 1.70362 1.67095 11.3145 6.27127 1.53044 1.59001 1.53486  1.4999 1.55422 1.48676  6.3399 26.5091 20.5585  16.996  1.6913 1.59847 18.7456 1.80215 1.66943 1.57423 2.00258 1.80281 1.66927 48.5023 36.8116 32.1358 41.6502 39.6146 35.5885 43.2127 39.1982 33.7678 44.2465 34.2448 29.9599 1.81413 1.67925 1.58331 41.0478 1.80465 1.67057 2.01023 1.84201 1.72218 35.6569 2.00308 1.83601 2.66726 2.25342 37.8634
 2.0649 2.04219 1.95067 19.7732 18.1752  3.1504 1.56615  11.474 3.04044  1.5616 1.50363 1.46392 6.18881 1.47441 1.41879 1.60679  1.5089 8.60947 23.5169 19.0248 15.8778  1.8022 1.66902  1.5736 2.00275 1.80268 1.66901 31.0925 34.2548 25.0362 42.5651 36.5873  32.048 40.7311 31.5293 30.1695 40.7273 36.6521 31.2375  1.8134 1.67855 34.4334 2.00518 30.6928  1.6703 2.00984 1.84168 1.72192 2.25229 2.00282 29.3675 2.66717 2.25309  2.0028
2.01438 1.98763  1.8972 11.6657 1.59385 8.46744 6.11994 1.49411 1.44727 1.55121  1.4927 1.45165 1.53978 1.46964 4.81342 15.0104 10.0904  5.2203  1.6851 1.59065   1.518 1.80236 1.66902 1.57364 24.1335 29.1053 1.66915 1.55364 1.50288 23.6792 40.6696  35.196 30.8322  39.898 33.5344  23.939 48.7349 35.2514 31.2232 1.81334 32.6062 21.7007 2.00512 37.8276 1.67024 2.00985 1.84165 1.72174 2.25226 2.00281 24.4847 2.66715   48.07 23.8827
Mode averaged potential and errors: 
  0.0624005  0.00017957
  0.0904564 8.22547e-05
   0.106769  0.00107255
   0.119938   0.0017516
   0.132198         nan
    0.15726   0.0022222
    0.17162  0.00306579
   0.148175   0.0156642
   0.168784   0.0175537
   0.174143   0.0223455
   0.188225   0.0245019
   0.176698   0.0342293
R Models:
(* Fitting with shape 1 1 1 1 1 1 1 1 0 0 0 0 *)
G[R_,xx_]:=xx[[0]] + xx[[1]]/R | xx[[2]]*R
(* Fitting with shape 1 1 1 1 1 1 1 1 1 0 0 0 *)
G[R_,xx_]:=xx[[0]] + xx[[1]]/R | xx[[2]]*R
(* Fitting with shape 1 1 1 1 1 1 1 1 1 1 0 0 *)
G[R_,xx_]:=xx[[0]] + xx[[1]]/R | xx[[2]]*R
(* Fitting with shape 1 1 1 1 1 1 1 1 1 1 1 0 *)
G[R_,xx_]:=xx[[0]] + xx[[1]]/R | xx[[2]]*R
(* Fitting with shape 1 1 1 1 1 1 1 1 1 1 1 1 *)
G[R_,xx_]:=xx[[0]] + xx[[1]]/R | xx[[2]]*R
(* Fitting with shape 0 1 1 1 1 1 1 1 0 0 0 0 *)
G[R_,xx_]:=xx[[0]] + xx[[1]]/R | xx[[2]]*R
(* Fitting with shape 0 1 1 1 1 1 1 1 1 0 0 0 *)
G[R_,xx_]:=xx[[0]] + xx[[1]]/R | xx[[2]]*R
(* Fitting with shape 0 1 1 1 1 1 1 1 1 1 0 0 *)
G[R_,xx_]:=xx[[0]] + xx[[1]]/R | xx[[2]]*R
(* Fitting with shape 0 1 1 1 1 1 1 1 1 1 1 0 *)
G[R_,xx_]:=xx[[0]] + xx[[1]]/R | xx[[2]]*R
(* Fitting with shape 0 1 1 1 1 1 1 1 1 1 1 1 *)
G[R_,xx_]:=xx[[0]] + xx[[1]]/R | xx[[2]]*R
(* Fitting with shape 0 0 1 1 1 1 1 1 0 0 0 0 *)
G[R_,xx_]:=xx[[0]] + xx[[1]]/R | xx[[2]]*R
(* Fitting with shape 0 0 1 1 1 1 1 1 1 0 0 0 *)
G[R_,xx_]:=xx[[0]] + xx[[1]]/R | xx[[2]]*R
(* Fitting with shape 0 0 1 1 1 1 1 1 1 1 0 0 *)
G[R_,xx_]:=xx[[0]] + xx[[1]]/R | xx[[2]]*R
(* Fitting with shape 0 0 1 1 1 1 1 1 1 1 1 0 *)
G[R_,xx_]:=xx[[0]] + xx[[1]]/R | xx[[2]]*R
(* Fitting with shape 0 0 1 1 1 1 1 1 1 1 1 1 *)
G[R_,xx_]:=xx[[0]] + xx[[1]]/R | xx[[2]]*R
(* Fitting with shape 0 0 0 1 1 1 1 1 0 0 0 0 *)
G[R_,xx_]:=xx[[0]] + xx[[1]]/R | xx[[2]]*R
(* Fitting with shape 0 0 0 1 1 1 1 1 1 0 0 0 *)
G[R_,xx_]:=xx[[0]] + xx[[1]]/R | xx[[2]]*R
(* Fitting with shape 0 0 0 1 1 1 1 1 1 1 0 0 *)
G[R_,xx_]:=xx[[0]] + xx[[1]]/R | xx[[2]]*R
(* Fitting with shape 0 0 0 1 1 1 1 1 1 1 1 0 *)
G[R_,xx_]:=xx[[0]] + xx[[1]]/R | xx[[2]]*R
(* Fitting with shape 0 0 0 1 1 1 1 1 1 1 1 1 *)
G[R_,xx_]:=xx[[0]] + xx[[1]]/R | xx[[2]]*R
1 1 1 
1 1 1 
1 1 1 
-6.12278 -6.12278 -6.12278 
9.81338 9.81338 9.81338 
5.03038e+175 5.03038e+175 5.03038e+175 
3.5936e+246 3.5936e+246 3.5936e+246 
2.14726e+243 2.14726e+243 2.14726e+243 
-392974 -392974 -392974 
1.90215e-321 1.90215e-321 1.90215e-321 
2.40041e-316 2.40041e-316 2.40041e-316 
2.34791e-316 2.34791e-316 2.34791e-316 
0 0 0 
0 0 0 
2.37152e-322 2.37152e-322 2.37152e-322 
2.37152e-322 2.37152e-322 2.37152e-322 
2.4048e-316 2.4048e-316 2.4048e-316 
2.34791e-316 2.34791e-316 2.34791e-316 
0.651412 0.651412 0.651412 
0.0789368 0.0789368 0.0789368 
4.74303e-322 4.74303e-322 4.74303e-322 
2.37152e-322 2.37152e-322 2.37152e-322 
2.4048e-316 2.4048e-316 2.4048e-316 
368.429 368.429 368.429 
1285.61 1285.61 1285.61 
-8228.28 -8228.28 -8228.28 
7.11455e-322 7.11455e-322 7.11455e-322 
3.16202e-322 3.16202e-322 3.16202e-322 
2.51939e-316 2.51939e-316 2.51939e-316 
2.40452e-316 2.40452e-316 2.40452e-316 
2.47033e-323 2.47033e-323 2.47033e-323 
2.40453e-316 2.40453e-316 2.40453e-316 
2.47033e-323 2.47033e-323 2.47033e-323 
2.40453e-316 2.40453e-316 2.40453e-316 
1.44566e-05 1.44566e-05 1.44566e-05 
4.79244e-322 4.79244e-322 4.79244e-322 
2.34792e-316 2.34792e-316 2.34792e-316 
2.39608e-316 2.39608e-316 2.39608e-316 
2.87537e+06 2.87537e+06 2.87537e+06 
3.10707e+08 3.10707e+08 3.10707e+08 
2.37152e-322 2.37152e-322 2.37152e-322 
2.37152e-322 2.37152e-322 2.37152e-322 
2.39661e-316 2.39661e-316 2.39661e-316 
0.000218057 0.000218057 0.000218057 
6.2548e-05 6.2548e-05 6.2548e-05 
5.77541e-06 5.77541e-06 5.77541e-06 
1.50196e-321 1.50196e-321 1.50196e-321 
3.95253e-322 3.95253e-322 3.95253e-322 
2.34765e-316 2.34765e-316 2.34765e-316 
2.34793e-316 2.34793e-316 2.34793e-316 
2.40452e-316 2.40452e-316 2.40452e-316 
2.40173e-316 2.40173e-316 2.40173e-316 
2.40452e-316 2.40452e-316 2.40452e-316 
2.34793e-316 2.34793e-316 2.34793e-316 
Probabilities: 
nan nan nan nan nan nan nan nan nan nan nan nan nan nan nan nan nan nan nan nan nan nan nan nan nan nan nan nan nan nan nan nan nan nan nan nan nan nan nan nan nan nan nan nan nan nan nan nan nan nan nan nan nan nan

String tensions: 
1 1 1 1 1 1 1 1 1 1 1 1 1 1 1 1 1 1 1 1 1 1 1 1 1 1 1 1 1 1 1 1 1 1 1 1 1 1 1 1 1 1 1 1 1 1 1 1 1 1 1 1 1 1

Errors: 
 nan  nan  nan  nan  nan  nan  nan  nan  nan  nan  nan  nan  nan  nan  nan  nan  nan  nan  nan  nan  nan  nan  nan  nan  nan  nan  nan -nan -nan -nan -nan -nan -nan -nan -nan -nan -nan -nan -nan -nan -nan -nan -nan -nan -nan -nan -nan -nan -nan -nan -nan -nan -nan -nan

Statuses: 
3 3 3 3 3 3 3 3 3 3 3 3 3 3 3 3 3 3 3 3 3 3 3 3 3 3 3 3 3 3 3 3 3 3 3 3 3 3 3 3 3 3 3 3 3 3 3 3 3 3 3 3 3 3
chisq per dof: 
nan nan nan nan nan nan nan nan nan nan nan nan nan nan nan nan nan nan nan nan nan nan nan nan nan nan nan nan nan nan nan nan nan nan nan nan nan nan nan nan nan nan nan nan nan nan nan nan nan nan nan nan nan nan
Model string tension and errors: 
sigma = nan +/- nan
