R=0parameters: 
-0.638263 -0.638263 
0.160047 0.160047 
6.1832e-10 6.1832e-10 
3.21143e-322 3.21143e-322 
3.23471e-316 3.23471e-316 
6.90253e+256 6.90253e+256 
4.57596e+175 4.57596e+175 
3.44922e-316 3.44922e-316 
7.75261e-72 7.75261e-72 
3.45152e-316 3.45152e-316 3.45152e-316 
3.44538e-316 3.44538e-316 3.44538e-316 
3.44966e-316 3.44966e-316 3.44966e-316 
1.28823e-231 1.28823e-231 1.28823e-231 
3.44537e-316 3.44537e-316 3.44537e-316 
1.04429e-317 1.04429e-317 1.04429e-317 
3.3917e-316 3.3917e-316 3.3917e-316 
0 0 0 
3.45156e-316 3.45156e-316 3.45156e-316 
3.45149e-316 3.45149e-316 3.45149e-316 3.45149e-316 
0 0 0 0 
4.94066e-324 4.94066e-324 4.94066e-324 4.94066e-324 
2.61361e-321 2.61361e-321 2.61361e-321 2.61361e-321 
3.45061e-316 3.45061e-316 3.45061e-316 3.45061e-316 
-4.0936e+80 -4.0936e+80 -4.0936e+80 -4.0936e+80 
0.990958 0.990958 0.990958 0.990958 
0.982099 0.982099 0.982099 0.982099 
0.953088 0.953088 0.953088 0.953088 
0.909103 0.909103 0.909103 
0.862358 0.862358 0.862358 
0.809593 0.809593 0.809593 
4.03203e-06 4.03203e-06 4.03203e-06 
2.97305e-07 2.97305e-07 2.97305e-07 
-0.694799 -0.694799 -0.694799 
0.320268 0.320268 0.320268 
0.570834 0.570834 0.570834 
0.802346 0.802346 0.802346 
0.954341 0.954341 0.954341 0.954341 
0.985507 0.985507 0.985507 0.985507 
4.05506e-06 4.05506e-06 4.05506e-06 4.05506e-06 
6.15512e-07 6.15512e-07 6.15512e-07 6.15512e-07 
1.30432e-07 1.30432e-07 1.30432e-07 1.30432e-07 
0.24868 0.24868 0.24868 0.24868 
0.198188 0.198188 0.198188 0.198188 
0.085668 0.085668 0.085668 0.085668 
-0.00684621 -0.00684621 -0.00684621 -0.00684621 
3.45289e-316 3.45289e-316 3.45289e-316 3.45289e-316 3.45289e-316 
3.37014e-316 3.37014e-316 3.37014e-316 3.37014e-316 3.37014e-316 
3.45294e-316 3.45294e-316 3.45294e-316 3.45294e-316 3.45294e-316 
6.92006e-310 6.92006e-310 6.92006e-310 6.92006e-310 6.92006e-310 
0 0 0 0 0 
3.46586e-316 3.46586e-316 3.46586e-316 3.46586e-316 3.46586e-316 
6.37345e-322 6.37345e-322 6.37345e-322 6.37345e-322 6.37345e-322 
1.39568e-06 1.39568e-06 1.39568e-06 1.39568e-06 1.39568e-06 
-1.03424e-06 -1.03424e-06 -1.03424e-06 -1.03424e-06 -1.03424e-06 
R=1parameters: 
-0.533426 -0.533426 
0.253347 0.253347 
-3.83081e-06 -3.83081e-06 
0.0352865 0.0352865 
-0.00459326 -0.00459326 
3.46087e-316 3.46087e-316 
9.88162e+07 9.88162e+07 
-8478.3 -8478.3 
2159.29 2159.29 
2.29741e-321 2.29741e-321 2.29741e-321 
2.36913e-316 2.36913e-316 2.36913e-316 
6.92008e-310 6.92008e-310 6.92008e-310 
0 0 0 
0 0 0 
2.37152e-322 2.37152e-322 2.37152e-322 
2.37152e-322 2.37152e-322 2.37152e-322 
3.40019e-316 3.40019e-316 3.40019e-316 
3.44917e-316 3.44917e-316 3.44917e-316 
0.569866 0.569866 0.569866 0.569866 
7.18435e+08 7.18435e+08 7.18435e+08 7.18435e+08 
4.74303e-322 4.74303e-322 4.74303e-322 4.74303e-322 
2.37152e-322 2.37152e-322 2.37152e-322 2.37152e-322 
3.44259e-316 3.44259e-316 3.44259e-316 3.44259e-316 
3.21143e-322 3.21143e-322 3.21143e-322 3.21143e-322 
3.44344e-316 3.44344e-316 3.44344e-316 3.44344e-316 
3.44524e-316 3.44524e-316 3.44524e-316 3.44524e-316 
-5.95566e-05 -5.95566e-05 -5.95566e-05 -5.95566e-05 
3.78636e-06 3.78636e-06 3.78636e-06 
-0.000293315 -0.000293315 -0.000293315 
0.000426494 0.000426494 0.000426494 
0 0 0 
0 0 0 
0 0 0 
6315.32 6315.32 6315.32 
6315.32 6315.32 6315.32 
1.63042e-322 1.63042e-322 1.63042e-322 
3.38632e-316 3.38632e-316 3.38632e-316 3.38632e-316 
3.46587e-316 3.46587e-316 3.46587e-316 3.46587e-316 
1.18576e-321 1.18576e-321 1.18576e-321 1.18576e-321 
1.63042e-322 1.63042e-322 1.63042e-322 1.63042e-322 
6.92006e-310 6.92006e-310 6.92006e-310 6.92006e-310 
0 0 0 0 
1.58101e-322 1.58101e-322 1.58101e-322 1.58101e-322 
3.16202e-322 3.16202e-322 3.16202e-322 3.16202e-322 
3.46092e-316 3.46092e-316 3.46092e-316 3.46092e-316 
3.46092e-316 3.46092e-316 3.46092e-316 3.46092e-316 3.46092e-316 
3.37858e-316 3.37858e-316 3.37858e-316 3.37858e-316 3.37858e-316 
3.4426e-316 3.4426e-316 3.4426e-316 3.4426e-316 3.4426e-316 
3.37858e-316 3.37858e-316 3.37858e-316 3.37858e-316 3.37858e-316 
3.38632e-316 3.38632e-316 3.38632e-316 3.38632e-316 3.38632e-316 
4199.37 4199.37 4199.37 4199.37 4199.37 
2.122e-314 2.122e-314 2.122e-314 2.122e-314 2.122e-314 
3.46092e-316 3.46092e-316 3.46092e-316 3.46092e-316 3.46092e-316 
2.122e-314 2.122e-314 2.122e-314 2.122e-314 2.122e-314 
R=2parameters: 
-0.409334 -0.409334 
0.326868 0.326868 
-3.83395e-05 -3.83395e-05 
0.0836006 0.0836006 
-0.00791953 -0.00791953 
3.46087e-316 3.46087e-316 
9.88162e+07 9.88162e+07 
-8478.3 -8478.3 
2159.29 2159.29 
7.95446e-322 7.95446e-322 7.95446e-322 
3.44058e-316 3.44058e-316 3.44058e-316 
3.58058e-316 3.58058e-316 3.58058e-316 
3.482e-08 3.482e-08 3.482e-08 
1200.11 1200.11 1200.11 
1200.11 1200.11 1200.11 
3.95253e-322 3.95253e-322 3.95253e-322 
3.5799e-316 3.5799e-316 3.5799e-316 
3.38631e-316 3.38631e-316 3.38631e-316 
3.58074e-316 3.58074e-316 3.58074e-316 3.58074e-316 
3.58064e-316 3.58064e-316 3.58064e-316 3.58064e-316 
3.44059e-316 3.44059e-316 3.44059e-316 3.44059e-316 
3.38734e-316 3.38734e-316 3.38734e-316 3.38734e-316 
39849.2 39849.2 39849.2 39849.2 
-4.93607e-07 -4.93607e-07 -4.93607e-07 -4.93607e-07 
1.44427e-06 1.44427e-06 1.44427e-06 1.44427e-06 
1.63042e-322 1.63042e-322 1.63042e-322 1.63042e-322 
8.40455e-320 8.40455e-320 8.40455e-320 8.40455e-320 
2.122e-314 2.122e-314 2.122e-314 
3.44061e-316 3.44061e-316 3.44061e-316 
2.42092e-322 2.42092e-322 2.42092e-322 
-0.00791953 -0.00791953 -0.00791953 
2.36914e-316 2.36914e-316 2.36914e-316 
4.6156e+281 4.6156e+281 4.6156e+281 
11313.5 11313.5 11313.5 
0.0447127 0.0447127 0.0447127 
2.42092e-322 2.42092e-322 2.42092e-322 
1.061e-313 1.061e-313 1.061e-313 1.061e-313 
3.38632e-316 3.38632e-316 3.38632e-316 3.38632e-316 
0.0625 0.0625 0.0625 0.0625 
2.42092e-322 2.42092e-322 2.42092e-322 2.42092e-322 
3.44338e-316 3.44338e-316 3.44338e-316 3.44338e-316 
-0.947121 -0.947121 -0.947121 -0.947121 
-0.00791953 -0.00791953 -0.00791953 -0.00791953 
2.37152e-322 2.37152e-322 2.37152e-322 2.37152e-322 
3.46322e-316 3.46322e-316 3.46322e-316 3.46322e-316 
1.03707e-05 1.03707e-05 1.03707e-05 1.03707e-05 1.03707e-05 
-3.64981 -3.64981 -3.64981 -3.64981 -3.64981 
6.37345e-322 6.37345e-322 6.37345e-322 6.37345e-322 6.37345e-322 
200054 200054 200054 200054 200054 
-2.39778e-07 -2.39778e-07 -2.39778e-07 -2.39778e-07 -2.39778e-07 
2.61691e-08 2.61691e-08 2.61691e-08 2.61691e-08 2.61691e-08 
587.938 587.938 587.938 587.938 587.938 
2061.51 2061.51 2061.51 2061.51 2061.51 
1.63042e-322 1.63042e-322 1.63042e-322 1.63042e-322 1.63042e-322 
R=3parameters: 
-0.279153 -0.279153 
0.393899 0.393899 
0.522843 0.522843 
1.02381 1.02381 
-11.5426 -11.5426 
3.46087e-316 3.46087e-316 
9.88162e+07 9.88162e+07 
-8478.3 -8478.3 
2159.29 2159.29 
2.29741e-321 2.29741e-321 2.29741e-321 
6.92008e-310 6.92008e-310 6.92008e-310 
2.36913e-316 2.36913e-316 2.36913e-316 
3.14479e+07 3.14479e+07 3.14479e+07 
3.87528e+06 3.87528e+06 3.87528e+06 
431230 431230 431230 
7.16395e-322 7.16395e-322 7.16395e-322 
3.45149e-316 3.45149e-316 3.45149e-316 
3.44921e-316 3.44921e-316 3.44921e-316 
714244 714244 714244 714244 
-146594 -146594 -146594 -146594 
-48432.4 -48432.4 -48432.4 -48432.4 
4.79244e-322 4.79244e-322 4.79244e-322 4.79244e-322 
3.46231e-316 3.46231e-316 3.46231e-316 3.46231e-316 
3.46085e-316 3.46085e-316 3.46085e-316 3.46085e-316 
0.35815 0.35815 0.35815 0.35815 
3.72707 3.72707 3.72707 3.72707 
-19.6615 -19.6615 -19.6615 -19.6615 
2.42092e-322 2.42092e-322 2.42092e-322 
3.45747e-316 3.45747e-316 3.45747e-316 
3.45396e-316 3.45396e-316 3.45396e-316 
0 0 0 
0 0 0 
9.48606e-322 9.48606e-322 9.48606e-322 
3.95253e-322 3.95253e-322 3.95253e-322 
3.44962e-316 3.44962e-316 3.44962e-316 
3.44875e-316 3.44875e-316 3.44875e-316 
3.45143e-316 3.45143e-316 3.45143e-316 3.45143e-316 
3.36984e-316 3.36984e-316 3.36984e-316 3.36984e-316 
3.44952e-316 3.44952e-316 3.44952e-316 3.44952e-316 
3.21143e-322 3.21143e-322 3.21143e-322 3.21143e-322 
2.47033e-323 2.47033e-323 2.47033e-323 2.47033e-323 
3.45486e-316 3.45486e-316 3.45486e-316 3.45486e-316 
1.1921e-07 1.1921e-07 1.1921e-07 1.1921e-07 
-2.90089 -2.90089 -2.90089 -2.90089 
7.11455e-322 7.11455e-322 7.11455e-322 7.11455e-322 
2.37152e-322 2.37152e-322 2.37152e-322 2.37152e-322 2.37152e-322 
2.36992e-316 2.36992e-316 2.36992e-316 2.36992e-316 2.36992e-316 
82393.6 82393.6 82393.6 82393.6 82393.6 
284986 284986 284986 284986 284986 
-158543 -158543 -158543 -158543 -158543 
1.26481e-321 1.26481e-321 1.26481e-321 1.26481e-321 1.26481e-321 
2.03124e+07 2.03124e+07 2.03124e+07 2.03124e+07 2.03124e+07 
3.23796e-319 3.23796e-319 3.23796e-319 3.23796e-319 3.23796e-319 
2.42092e-322 2.42092e-322 2.42092e-322 2.42092e-322 2.42092e-322 
R=4parameters: 
-0.150404 -0.150404 
0.463373 0.463373 
-0.000196372 -0.000196372 
0.334889 0.334889 
-0.182861 -0.182861 
3.46087e-316 3.46087e-316 
9.88162e+07 9.88162e+07 
-8478.3 -8478.3 
2159.29 2159.29 
2.29741e-321 2.29741e-321 2.29741e-321 
6.92008e-310 6.92008e-310 6.92008e-310 
2.36913e-316 2.36913e-316 2.36913e-316 
2.47033e-323 2.47033e-323 2.47033e-323 
3.46461e-316 3.46461e-316 3.46461e-316 
37274.7 37274.7 37274.7 
2.36691e-316 2.36691e-316 2.36691e-316 
136.67 136.67 136.67 
1.11165e-321 1.11165e-321 1.11165e-321 
2.36914e-316 2.36914e-316 2.36914e-316 2.36914e-316 
3.46586e-316 3.46586e-316 3.46586e-316 3.46586e-316 
1.58101e-322 1.58101e-322 1.58101e-322 1.58101e-322 
3.4426e-316 3.4426e-316 3.4426e-316 3.4426e-316 
3.31886e-316 3.31886e-316 3.31886e-316 3.31886e-316 
4.79244e-322 4.79244e-322 4.79244e-322 4.79244e-322 
2.36915e-316 2.36915e-316 2.36915e-316 2.36915e-316 
6.37345e-322 6.37345e-322 6.37345e-322 6.37345e-322 
4.8301e-06 4.8301e-06 4.8301e-06 4.8301e-06 
0 0 0 
6.96879e-06 6.96879e-06 6.96879e-06 
9.39275e-07 9.39275e-07 9.39275e-07 
1.87255e-05 1.87255e-05 1.87255e-05 
8.38403e-05 8.38403e-05 8.38403e-05 
0 0 0 
0 0 0 
0 0 0 
1.67772e+07 1.67772e+07 1.67772e+07 
0 0 0 0 
0 0 0 0 
0 0 0 0 
0 0 0 0 
1.67772e+07 1.67772e+07 1.67772e+07 1.67772e+07 
2.122e-314 2.122e-314 2.122e-314 2.122e-314 
3.44381e-316 3.44381e-316 3.44381e-316 3.44381e-316 
3.21143e-322 3.21143e-322 3.21143e-322 3.21143e-322 
2.47033e-323 2.47033e-323 2.47033e-323 2.47033e-323 
3.21143e-322 3.21143e-322 3.21143e-322 3.21143e-322 3.21143e-322 
3.44344e-316 3.44344e-316 3.44344e-316 3.44344e-316 3.44344e-316 
3.4426e-316 3.4426e-316 3.4426e-316 3.4426e-316 3.4426e-316 
60.1192 60.1192 60.1192 60.1192 60.1192 
-1453.33 -1453.33 -1453.33 -1453.33 -1453.33 
4.74303e-322 4.74303e-322 4.74303e-322 4.74303e-322 4.74303e-322 
3.44261e-316 3.44261e-316 3.44261e-316 3.44261e-316 3.44261e-316 
5577.22 5577.22 5577.22 5577.22 5577.22 
3.21143e-322 3.21143e-322 3.21143e-322 3.21143e-322 3.21143e-322 
R=5parameters: 
-0.0349858 -0.0349858 
0.532242 0.532242 
-0.000662389 -0.000662389 
0.148791 0.148791 
0.099209 0.099209 
3.46087e-316 3.46087e-316 
9.88162e+07 9.88162e+07 
-8478.3 -8478.3 
2159.29 2159.29 
4.00193e-322 4.00193e-322 4.00193e-322 
3.46222e-316 3.46222e-316 3.46222e-316 
-4.0936e+80 -4.0936e+80 -4.0936e+80 
3.39066e-316 3.39066e-316 3.39066e-316 
3.4406e-316 3.4406e-316 3.4406e-316 
3.46589e-316 3.46589e-316 3.46589e-316 
3.45682e-316 3.45682e-316 3.45682e-316 
-0.00149128 -0.00149128 -0.00149128 
-0.00101206 -0.00101206 -0.00101206 
3.95253e-322 3.95253e-322 3.95253e-322 3.95253e-322 
2.42092e-322 2.42092e-322 2.42092e-322 2.42092e-322 
4.61476e-05 4.61476e-05 4.61476e-05 4.61476e-05 
3.46461e-316 3.46461e-316 3.46461e-316 3.46461e-316 
729.496 729.496 729.496 729.496 
-0.0859426 -0.0859426 -0.0859426 -0.0859426 
283.214 283.214 283.214 283.214 
1.63042e-322 1.63042e-322 1.63042e-322 1.63042e-322 
6.92006e-310 6.92006e-310 6.92006e-310 6.92006e-310 
0 0 0 
7.90505e-322 7.90505e-322 7.90505e-322 
6.32404e-322 6.32404e-322 6.32404e-322 
4.10325e-05 4.10325e-05 4.10325e-05 
0 0 0 
7.8399e-06 7.8399e-06 7.8399e-06 
0.00444487 0.00444487 0.00444487 
2.36336e-316 2.36336e-316 2.36336e-316 
6.73175e-08 6.73175e-08 6.73175e-08 
5.476e-06 5.476e-06 5.476e-06 5.476e-06 
-1.22809e-06 -1.22809e-06 -1.22809e-06 -1.22809e-06 
9.16926e-07 9.16926e-07 9.16926e-07 9.16926e-07 
0.000138422 0.000138422 0.000138422 0.000138422 
0 0 0 0 
0 0 0 0 
0 0 0 0 
0 0 0 0 
3.35544e+07 3.35544e+07 3.35544e+07 3.35544e+07 
2.42092e-322 2.42092e-322 2.42092e-322 2.42092e-322 2.42092e-322 
8.40455e-320 8.40455e-320 8.40455e-320 8.40455e-320 8.40455e-320 
3.40098e-316 3.40098e-316 3.40098e-316 3.40098e-316 3.40098e-316 
3.45294e-316 3.45294e-316 3.45294e-316 3.45294e-316 3.45294e-316 
3.46435e-316 3.46435e-316 3.46435e-316 3.46435e-316 3.46435e-316 
3.46404e-316 3.46404e-316 3.46404e-316 3.46404e-316 3.46404e-316 
3.46435e-316 3.46435e-316 3.46435e-316 3.46435e-316 3.46435e-316 
1.061e-313 1.061e-313 1.061e-313 1.061e-313 1.061e-313 
1.26305e+06 1.26305e+06 1.26305e+06 1.26305e+06 1.26305e+06 
R=6parameters: 
0.0672576 0.0672576 
0.602469 0.602469 
-0.000880217 -0.000880217 
0.494308 0.494308 
-0.232754 -0.232754 
3.46087e-316 3.46087e-316 
9.88162e+07 9.88162e+07 
-8478.3 -8478.3 
2159.29 2159.29 
2.42092e-322 2.42092e-322 2.42092e-322 
3.4456e-316 3.4456e-316 3.4456e-316 
3.40993e-316 3.40993e-316 3.40993e-316 
0 0 0 
0 0 0 
0 0 0 
0 0 0 
-317.118 -317.118 -317.118 
0.00355175 0.00355175 0.00355175 
-377.126 -377.126 -377.126 -377.126 
1138.49 1138.49 1138.49 1138.49 
4.74303e-322 4.74303e-322 4.74303e-322 4.74303e-322 
3.21143e-322 3.21143e-322 3.21143e-322 3.21143e-322 
2.47033e-323 2.47033e-323 2.47033e-323 2.47033e-323 
3.40928e-316 3.40928e-316 3.40928e-316 3.40928e-316 
116.828 116.828 116.828 116.828 
3.45396e-316 3.45396e-316 3.45396e-316 3.45396e-316 
1292.73 1292.73 1292.73 1292.73 
3.45721e-316 3.45721e-316 3.45721e-316 
7.90505e-322 7.90505e-322 7.90505e-322 
6.32404e-322 6.32404e-322 6.32404e-322 
3.44365e-316 3.44365e-316 3.44365e-316 
-1.9481e-05 -1.9481e-05 -1.9481e-05 
5.37872e-06 5.37872e-06 5.37872e-06 
-0.000150567 -0.000150567 -0.000150567 
3.87873e-05 3.87873e-05 3.87873e-05 
0.000409088 0.000409088 0.000409088 
0.000669666 0.000669666 0.000669666 0.000669666 
-0.000160026 -0.000160026 -0.000160026 -0.000160026 
-0.00153188 -0.00153188 -0.00153188 -0.00153188 
2.122e-314 2.122e-314 2.122e-314 2.122e-314 
3.46435e-316 3.46435e-316 3.46435e-316 3.46435e-316 
2.122e-314 2.122e-314 2.122e-314 2.122e-314 
3.46405e-316 3.46405e-316 3.46405e-316 3.46405e-316 
2.122e-314 2.122e-314 2.122e-314 2.122e-314 
2.36913e-316 2.36913e-316 2.36913e-316 2.36913e-316 
2.42092e-322 2.42092e-322 2.42092e-322 2.42092e-322 2.42092e-322 
3.5818e-316 3.5818e-316 3.5818e-316 3.5818e-316 3.5818e-316 
3.58181e-316 3.58181e-316 3.58181e-316 3.58181e-316 3.58181e-316 
4.57596e+175 4.57596e+175 4.57596e+175 4.57596e+175 4.57596e+175 
4.45913e-86 4.45913e-86 4.45913e-86 4.45913e-86 4.45913e-86 
0 0 0 0 0 
4.58949e-07 4.58949e-07 4.58949e-07 4.58949e-07 4.58949e-07 
1.69793e+07 1.69793e+07 1.69793e+07 1.69793e+07 1.69793e+07 
2.42092e-322 2.42092e-322 2.42092e-322 2.42092e-322 2.42092e-322 
R=7parameters: 
0.144333 0.144333 
0.67755 0.67755 
-0.0018745 -0.0018745 
0.698394 0.698394 
-0.479735 -0.479735 
3.46087e-316 3.46087e-316 
9.88162e+07 9.88162e+07 
-8478.3 -8478.3 
2159.29 2159.29 
2.29741e-321 2.29741e-321 2.29741e-321 
6.92008e-310 6.92008e-310 6.92008e-310 
2.36913e-316 2.36913e-316 2.36913e-316 
5.02242e-07 5.02242e-07 5.02242e-07 
-2.3808e-08 -2.3808e-08 -2.3808e-08 
-4.32123e-08 -4.32123e-08 -4.32123e-08 
1.38192e-08 1.38192e-08 1.38192e-08 
-3.62983e-06 -3.62983e-06 -3.62983e-06 
-5.29854e-07 -5.29854e-07 -5.29854e-07 
-3.67125e-09 -3.67125e-09 -3.67125e-09 -3.67125e-09 
4.66277e-05 4.66277e-05 4.66277e-05 4.66277e-05 
9.91465e-06 9.91465e-06 9.91465e-06 9.91465e-06 
1.24101e-06 1.24101e-06 1.24101e-06 1.24101e-06 
-2.15055e-08 -2.15055e-08 -2.15055e-08 -2.15055e-08 
-0.000135495 -0.000135495 -0.000135495 -0.000135495 
0 0 0 0 
-17.7826 -17.7826 -17.7826 -17.7826 
-0.479735 -0.479735 -0.479735 -0.479735 
2.42092e-322 2.42092e-322 2.42092e-322 
3.46464e-316 3.46464e-316 3.46464e-316 
2.77381e-05 2.77381e-05 2.77381e-05 
0.000368797 0.000368797 0.000368797 
0.00102407 0.00102407 0.00102407 
6.32404e-322 6.32404e-322 6.32404e-322 
2.37152e-322 2.37152e-322 2.37152e-322 
3.44473e-316 3.44473e-316 3.44473e-316 
885402 885402 885402 
6274.24 6274.24 6274.24 6274.24 
812.95 812.95 812.95 812.95 
8.69556e-322 8.69556e-322 8.69556e-322 8.69556e-322 
0 0 0 0 
1.67772e+07 1.67772e+07 1.67772e+07 1.67772e+07 
1.63042e-322 1.63042e-322 1.63042e-322 1.63042e-322 
3.31886e-316 3.31886e-316 3.31886e-316 3.31886e-316 
2.42092e-322 2.42092e-322 2.42092e-322 2.42092e-322 
0.000777522 0.000777522 0.000777522 0.000777522 
0.00026004 0.00026004 0.00026004 0.00026004 0.00026004 
0.000116755 0.000116755 0.000116755 0.000116755 0.000116755 
0.000742616 0.000742616 0.000742616 0.000742616 0.000742616 
3.16202e-322 3.16202e-322 3.16202e-322 3.16202e-322 3.16202e-322 
0.000213401 0.000213401 0.000213401 0.000213401 0.000213401 
8.64753e-05 8.64753e-05 8.64753e-05 8.64753e-05 8.64753e-05 
0.0024178 0.0024178 0.0024178 0.0024178 0.0024178 
0.00478832 0.00478832 0.00478832 0.00478832 0.00478832 
3.44261e-316 3.44261e-316 3.44261e-316 3.44261e-316 3.44261e-316 
R=8parameters: 
0.195238 0.195238 
0.758969 0.758969 
0.00451523 0.00451523 
79.3727 79.3727 
-67.2521 -67.2521 
3.46087e-316 3.46087e-316 
9.88162e+07 9.88162e+07 
-8478.3 -8478.3 
2159.29 2159.29 
2.29741e-321 2.29741e-321 2.29741e-321 
6.92008e-310 6.92008e-310 6.92008e-310 
2.36913e-316 2.36913e-316 2.36913e-316 
1.58101e-322 1.58101e-322 1.58101e-322 
3.16202e-322 3.16202e-322 3.16202e-322 
3.44345e-316 3.44345e-316 3.44345e-316 
3.46133e-316 3.46133e-316 3.46133e-316 
2.47033e-323 2.47033e-323 2.47033e-323 
3.46133e-316 3.46133e-316 3.46133e-316 
18118.8 18118.8 18118.8 18118.8 
4.94066e-324 4.94066e-324 4.94066e-324 4.94066e-324 
4.74303e-322 4.74303e-322 4.74303e-322 4.74303e-322 
1.11165e-321 1.11165e-321 1.11165e-321 1.11165e-321 
3.46132e-316 3.46132e-316 3.46132e-316 3.46132e-316 
3.44261e-316 3.44261e-316 3.44261e-316 3.44261e-316 
1.27179e-07 1.27179e-07 1.27179e-07 1.27179e-07 
3.4426e-316 3.4426e-316 3.4426e-316 3.4426e-316 
1433.7 1433.7 1433.7 1433.7 
3.4419e-316 3.4419e-316 3.4419e-316 
3.31886e-316 3.31886e-316 3.31886e-316 
4.79244e-322 4.79244e-322 4.79244e-322 
3.46406e-316 3.46406e-316 3.46406e-316 
3.44059e-316 3.44059e-316 3.44059e-316 
0.000532716 0.000532716 0.000532716 
0.00150793 0.00150793 0.00150793 
107.146 107.146 107.146 
2.42092e-322 2.42092e-322 2.42092e-322 
3.46406e-316 3.46406e-316 3.46406e-316 3.46406e-316 
6.92008e-310 6.92008e-310 6.92008e-310 6.92008e-310 
2096.91 2096.91 2096.91 2096.91 
3.21143e-322 3.21143e-322 3.21143e-322 3.21143e-322 
2.47033e-323 2.47033e-323 2.47033e-323 2.47033e-323 
3.46547e-316 3.46547e-316 3.46547e-316 3.46547e-316 
6.92006e-310 6.92006e-310 6.92006e-310 6.92006e-310 
2.122e-314 2.122e-314 2.122e-314 2.122e-314 
3.46405e-316 3.46405e-316 3.46405e-316 3.46405e-316 
6.37345e-322 6.37345e-322 6.37345e-322 6.37345e-322 6.37345e-322 
9.442e-05 9.442e-05 9.442e-05 9.442e-05 9.442e-05 
-0.000975498 -0.000975498 -0.000975498 -0.000975498 -0.000975498 
0.000167514 0.000167514 0.000167514 0.000167514 0.000167514 
4.49566e-05 4.49566e-05 4.49566e-05 4.49566e-05 4.49566e-05 
-3.46218e-05 -3.46218e-05 -3.46218e-05 -3.46218e-05 -3.46218e-05 
1.63042e-322 1.63042e-322 1.63042e-322 1.63042e-322 1.63042e-322 
7.82148e-05 7.82148e-05 7.82148e-05 7.82148e-05 7.82148e-05 
0.000139305 0.000139305 0.000139305 0.000139305 0.000139305 
R=9parameters: 
0.20991 0.20991 
0.839642 0.839642 
0.00020518 0.00020518 
12.0265 12.0265 
-12.6573 -12.6573 
3.46087e-316 3.46087e-316 
9.88162e+07 9.88162e+07 
-8478.3 -8478.3 
2159.29 2159.29 
2.29741e-321 2.29741e-321 2.29741e-321 
2.36913e-316 2.36913e-316 2.36913e-316 
6.92008e-310 6.92008e-310 6.92008e-310 
0 0 0 
0 0 0 
2.37152e-322 2.37152e-322 2.37152e-322 
2.37152e-322 2.37152e-322 2.37152e-322 
3.44338e-316 3.44338e-316 3.44338e-316 
3.46131e-316 3.46131e-316 3.46131e-316 
0.667145 0.667145 0.667145 0.667145 
-0.961266 -0.961266 -0.961266 -0.961266 
4.74303e-322 4.74303e-322 4.74303e-322 4.74303e-322 
2.37152e-322 2.37152e-322 2.37152e-322 2.37152e-322 
3.44339e-316 3.44339e-316 3.44339e-316 3.44339e-316 
158.058 158.058 158.058 158.058 
0 0 0 0 
0.959949 0.959949 0.959949 0.959949 
-0.0343156 -0.0343156 -0.0343156 -0.0343156 
2.36913e-316 2.36913e-316 2.36913e-316 
1433.45 1433.45 1433.45 
0.0254899 0.0254899 0.0254899 
-15.0361 -15.0361 -15.0361 
1.11165e-321 1.11165e-321 1.11165e-321 
3.58307e-316 3.58307e-316 3.58307e-316 
3.46586e-316 3.46586e-316 3.46586e-316 
1.58101e-322 1.58101e-322 1.58101e-322 
2.37152e-322 2.37152e-322 2.37152e-322 
3.44339e-316 3.44339e-316 3.44339e-316 3.44339e-316 
0.622734 0.622734 0.622734 0.622734 
13.5853 13.5853 13.5853 13.5853 
3.45754e-316 3.45754e-316 3.45754e-316 3.45754e-316 
2.36915e-316 2.36915e-316 2.36915e-316 2.36915e-316 
3.4038e-316 3.4038e-316 3.4038e-316 3.4038e-316 
0.495436 0.495436 0.495436 0.495436 
3.21143e-322 3.21143e-322 3.21143e-322 3.21143e-322 
2.47033e-323 2.47033e-323 2.47033e-323 2.47033e-323 
3.44652e-316 3.44652e-316 3.44652e-316 3.44652e-316 3.44652e-316 
2.47033e-323 2.47033e-323 2.47033e-323 2.47033e-323 2.47033e-323 
2.36915e-316 2.36915e-316 2.36915e-316 2.36915e-316 2.36915e-316 
4396.08 4396.08 4396.08 4396.08 4396.08 
0.65264 0.65264 0.65264 0.65264 0.65264 
0.000891629 0.000891629 0.000891629 0.000891629 0.000891629 
0.000239913 0.000239913 0.000239913 0.000239913 0.000239913 
-1.19588e-06 -1.19588e-06 -1.19588e-06 -1.19588e-06 -1.19588e-06 
-0.281872 -0.281872 -0.281872 -0.281872 -0.281872 
R=10parameters: 
0.21263 0.21263 
0.899597 0.899597 
-0.00420215 -0.00420215 
25.8616 25.8616 
-30.1738 -30.1738 
3.46087e-316 3.46087e-316 
9.88162e+07 9.88162e+07 
-8478.3 -8478.3 
2159.29 2159.29 
2.29741e-321 2.29741e-321 2.29741e-321 
6.92008e-310 6.92008e-310 6.92008e-310 
2.36913e-316 2.36913e-316 2.36913e-316 
-367.014 -367.014 -367.014 
-15.4381 -15.4381 -15.4381 
2.37152e-322 2.37152e-322 2.37152e-322 
3.16202e-322 3.16202e-322 3.16202e-322 
3.44139e-316 3.44139e-316 3.44139e-316 
3.44259e-316 3.44259e-316 3.44259e-316 
6.92006e-310 6.92006e-310 6.92006e-310 6.92006e-310 
2.122e-314 2.122e-314 2.122e-314 2.122e-314 
3.46258e-316 3.46258e-316 3.46258e-316 3.46258e-316 
2.42092e-322 2.42092e-322 2.42092e-322 2.42092e-322 
-70.1666 -70.1666 -70.1666 -70.1666 
0.798231 0.798231 0.798231 0.798231 
0.000750153 0.000750153 0.000750153 0.000750153 
2.42092e-322 2.42092e-322 2.42092e-322 2.42092e-322 
97.1343 97.1343 97.1343 97.1343 
11.6493 11.6493 11.6493 
2.37152e-322 2.37152e-322 2.37152e-322 
2.37152e-322 2.37152e-322 2.37152e-322 
3.38554e-316 3.38554e-316 3.38554e-316 
6.71237e-05 6.71237e-05 6.71237e-05 
0.00265082 0.00265082 0.00265082 
0.00765447 0.00765447 0.00765447 
1.02766e-321 1.02766e-321 1.02766e-321 
3.44647e-316 3.44647e-316 3.44647e-316 
2.47033e-323 2.47033e-323 2.47033e-323 2.47033e-323 
3.44648e-316 3.44648e-316 3.44648e-316 3.44648e-316 
3219.28 3219.28 3219.28 3219.28 
1.63042e-322 1.63042e-322 1.63042e-322 1.63042e-322 
6.92008e-310 6.92008e-310 6.92008e-310 6.92008e-310 
4132.7 4132.7 4132.7 4132.7 
2.01563 2.01563 2.01563 2.01563 
0 0 0 0 
-30.1738 -30.1738 -30.1738 -30.1738 
2.42092e-322 2.42092e-322 2.42092e-322 2.42092e-322 2.42092e-322 
2.47033e-323 2.47033e-323 2.47033e-323 2.47033e-323 2.47033e-323 
3.46092e-316 3.46092e-316 3.46092e-316 3.46092e-316 3.46092e-316 
3.12565e+06 3.12565e+06 3.12565e+06 3.12565e+06 3.12565e+06 
28007 28007 28007 28007 28007 
2.37152e-322 2.37152e-322 2.37152e-322 2.37152e-322 2.37152e-322 
1.63042e-322 1.63042e-322 1.63042e-322 1.63042e-322 1.63042e-322 
0.0314073 0.0314073 0.0314073 0.0314073 0.0314073 
-0.0107803 -0.0107803 -0.0107803 -0.0107803 -0.0107803 
R=11parameters: 
0.212006 0.212006 
0.920099 0.920099 
0.142676 0.142676 
-5.85226 -5.85226 
8.80534 8.80534 
3.46087e-316 3.46087e-316 
9.88162e+07 9.88162e+07 
-8478.3 -8478.3 
2159.29 2159.29 
2.29741e-321 2.29741e-321 2.29741e-321 
6.92008e-310 6.92008e-310 6.92008e-310 
2.36913e-316 2.36913e-316 2.36913e-316 
-0.27488 -0.27488 -0.27488 
1.6407 1.6407 1.6407 
2.37152e-322 2.37152e-322 2.37152e-322 
2.37152e-322 2.37152e-322 2.37152e-322 
3.44362e-316 3.44362e-316 3.44362e-316 
0 0 0 
3.44524e-316 3.44524e-316 3.44524e-316 3.44524e-316 
6.37345e-322 6.37345e-322 6.37345e-322 6.37345e-322 
0.0211086 0.0211086 0.0211086 0.0211086 
-0.000377583 -0.000377583 -0.000377583 -0.000377583 
0.000893797 0.000893797 0.000893797 0.000893797 
-0.00127595 -0.00127595 -0.00127595 -0.00127595 
0.000347748 0.000347748 0.000347748 0.000347748 
0.00180402 0.00180402 0.00180402 0.00180402 
0.00726227 0.00726227 0.00726227 0.00726227 
-0.00178725 -0.00178725 -0.00178725 
-0.00699692 -0.00699692 -0.00699692 
0.0368795 0.0368795 0.0368795 
0 0 0 
0 0 0 
0 0 0 
0 0 0 
1.67772e+07 1.67772e+07 1.67772e+07 
1.26975e-321 1.26975e-321 1.26975e-321 
3.37889e-316 3.37889e-316 3.37889e-316 3.37889e-316 
3.44953e-316 3.44953e-316 3.44953e-316 3.44953e-316 
1.58101e-322 1.58101e-322 1.58101e-322 1.58101e-322 
3.95253e-322 3.95253e-322 3.95253e-322 3.95253e-322 
1.67772e+07 1.67772e+07 1.67772e+07 1.67772e+07 
1.63042e-322 1.63042e-322 1.63042e-322 1.63042e-322 
3.64944e-10 3.64944e-10 3.64944e-10 3.64944e-10 
-6417.64 -6417.64 -6417.64 -6417.64 
2.37152e-322 2.37152e-322 2.37152e-322 2.37152e-322 
6.37345e-322 6.37345e-322 6.37345e-322 6.37345e-322 6.37345e-322 
3.44142e-316 3.44142e-316 3.44142e-316 3.44142e-316 3.44142e-316 
3.21143e-322 3.21143e-322 3.21143e-322 3.21143e-322 3.21143e-322 
3.44607e-316 3.44607e-316 3.44607e-316 3.44607e-316 3.44607e-316 
3.4426e-316 3.4426e-316 3.4426e-316 3.4426e-316 3.4426e-316 
-0.000174529 -0.000174529 -0.000174529 -0.000174529 -0.000174529 
2.42092e-322 2.42092e-322 2.42092e-322 2.42092e-322 2.42092e-322 
6.92006e-310 6.92006e-310 6.92006e-310 6.92006e-310 6.92006e-310 
3.4426e-316 3.4426e-316 3.4426e-316 3.4426e-316 3.4426e-316 
T Models:
(* Fitting with shape 1 1 1 1 1 1 1 1 1 1 0 0 *)
G[T_,xx_]:=Exp[0+xx[[1]]*T^1+xx[[2]]*T^2]*(1)
(* Fitting with shape 1 1 1 1 1 1 1 1 1 1 1 0 *)
G[T_,xx_]:=Exp[0+xx[[1]]*T^1+xx[[2]]*T^2]*(1)
(* Fitting with shape 1 1 1 1 1 1 1 1 1 1 1 1 *)
G[T_,xx_]:=Exp[0+xx[[1]]*T^1+xx[[2]]*T^2]*(1)
(* Fitting with shape 0 1 1 1 1 1 1 1 1 1 0 0 *)
G[T_,xx_]:=Exp[0+xx[[1]]*T^1+xx[[2]]*T^2]*(1)
(* Fitting with shape 0 1 1 1 1 1 1 1 1 1 1 0 *)
G[T_,xx_]:=Exp[0+xx[[1]]*T^1+xx[[2]]*T^2]*(1)
(* Fitting with shape 0 1 1 1 1 1 1 1 1 1 1 1 *)
G[T_,xx_]:=Exp[0+xx[[1]]*T^1+xx[[2]]*T^2]*(1)
(* Fitting with shape 0 0 1 1 1 1 1 1 1 1 0 0 *)
G[T_,xx_]:=Exp[0+xx[[1]]*T^1+xx[[2]]*T^2]*(1)
(* Fitting with shape 0 0 1 1 1 1 1 1 1 1 1 0 *)
G[T_,xx_]:=Exp[0+xx[[1]]*T^1+xx[[2]]*T^2]*(1)
(* Fitting with shape 0 0 1 1 1 1 1 1 1 1 1 1 *)
G[T_,xx_]:=Exp[0+xx[[1]]*T^1+xx[[2]]*T^2]*(1)
(* Fitting with shape 1 1 1 1 1 1 1 1 1 1 0 0 *)
G[T_,xx_]:=Exp[0+xx[[1]]*T^1+xx[[2]]*T^2]*(1+xx[[3]]/(T^1))
(* Fitting with shape 1 1 1 1 1 1 1 1 1 1 1 0 *)
G[T_,xx_]:=Exp[0+xx[[1]]*T^1+xx[[2]]*T^2]*(1+xx[[3]]/(T^1))
(* Fitting with shape 1 1 1 1 1 1 1 1 1 1 1 1 *)
G[T_,xx_]:=Exp[0+xx[[1]]*T^1+xx[[2]]*T^2]*(1+xx[[3]]/(T^1))
(* Fitting with shape 0 1 1 1 1 1 1 1 1 1 0 0 *)
G[T_,xx_]:=Exp[0+xx[[1]]*T^1+xx[[2]]*T^2]*(1+xx[[3]]/(T^1))
(* Fitting with shape 0 1 1 1 1 1 1 1 1 1 1 0 *)
G[T_,xx_]:=Exp[0+xx[[1]]*T^1+xx[[2]]*T^2]*(1+xx[[3]]/(T^1))
(* Fitting with shape 0 1 1 1 1 1 1 1 1 1 1 1 *)
G[T_,xx_]:=Exp[0+xx[[1]]*T^1+xx[[2]]*T^2]*(1+xx[[3]]/(T^1))
(* Fitting with shape 0 0 1 1 1 1 1 1 1 1 0 0 *)
G[T_,xx_]:=Exp[0+xx[[1]]*T^1+xx[[2]]*T^2]*(1+xx[[3]]/(T^1))
(* Fitting with shape 0 0 1 1 1 1 1 1 1 1 1 0 *)
G[T_,xx_]:=Exp[0+xx[[1]]*T^1+xx[[2]]*T^2]*(1+xx[[3]]/(T^1))
(* Fitting with shape 0 0 1 1 1 1 1 1 1 1 1 1 *)
G[T_,xx_]:=Exp[0+xx[[1]]*T^1+xx[[2]]*T^2]*(1+xx[[3]]/(T^1))
(* Fitting with shape 1 1 1 1 1 1 1 1 1 1 0 0 *)
G[T_,xx_]:=Exp[0+xx[[1]]*T^1+xx[[2]]*T^2]*(1+xx[[3]]/(T^1)+xx[[4]]/(T^2))
(* Fitting with shape 1 1 1 1 1 1 1 1 1 1 1 0 *)
G[T_,xx_]:=Exp[0+xx[[1]]*T^1+xx[[2]]*T^2]*(1+xx[[3]]/(T^1)+xx[[4]]/(T^2))
(* Fitting with shape 1 1 1 1 1 1 1 1 1 1 1 1 *)
G[T_,xx_]:=Exp[0+xx[[1]]*T^1+xx[[2]]*T^2]*(1+xx[[3]]/(T^1)+xx[[4]]/(T^2))
(* Fitting with shape 0 1 1 1 1 1 1 1 1 1 0 0 *)
G[T_,xx_]:=Exp[0+xx[[1]]*T^1+xx[[2]]*T^2]*(1+xx[[3]]/(T^1)+xx[[4]]/(T^2))
(* Fitting with shape 0 1 1 1 1 1 1 1 1 1 1 0 *)
G[T_,xx_]:=Exp[0+xx[[1]]*T^1+xx[[2]]*T^2]*(1+xx[[3]]/(T^1)+xx[[4]]/(T^2))
(* Fitting with shape 0 1 1 1 1 1 1 1 1 1 1 1 *)
G[T_,xx_]:=Exp[0+xx[[1]]*T^1+xx[[2]]*T^2]*(1+xx[[3]]/(T^1)+xx[[4]]/(T^2))
(* Fitting with shape 0 0 1 1 1 1 1 1 1 1 0 0 *)
G[T_,xx_]:=Exp[0+xx[[1]]*T^1+xx[[2]]*T^2]*(1+xx[[3]]/(T^1)+xx[[4]]/(T^2))
(* Fitting with shape 0 0 1 1 1 1 1 1 1 1 1 0 *)
G[T_,xx_]:=Exp[0+xx[[1]]*T^1+xx[[2]]*T^2]*(1+xx[[3]]/(T^1)+xx[[4]]/(T^2))
(* Fitting with shape 0 0 1 1 1 1 1 1 1 1 1 1 *)
G[T_,xx_]:=Exp[0+xx[[1]]*T^1+xx[[2]]*T^2]*(1+xx[[3]]/(T^1)+xx[[4]]/(T^2))
(* Fitting with shape 1 1 1 1 1 1 1 1 1 1 0 0 *)
G[T_,xx_]:=Exp[0+xx[[1]]*T^1+xx[[2]]*T^2+xx[[3]]*T^3]*(1)
(* Fitting with shape 1 1 1 1 1 1 1 1 1 1 1 0 *)
G[T_,xx_]:=Exp[0+xx[[1]]*T^1+xx[[2]]*T^2+xx[[3]]*T^3]*(1)
(* Fitting with shape 1 1 1 1 1 1 1 1 1 1 1 1 *)
G[T_,xx_]:=Exp[0+xx[[1]]*T^1+xx[[2]]*T^2+xx[[3]]*T^3]*(1)
(* Fitting with shape 0 1 1 1 1 1 1 1 1 1 0 0 *)
G[T_,xx_]:=Exp[0+xx[[1]]*T^1+xx[[2]]*T^2+xx[[3]]*T^3]*(1)
(* Fitting with shape 0 1 1 1 1 1 1 1 1 1 1 0 *)
G[T_,xx_]:=Exp[0+xx[[1]]*T^1+xx[[2]]*T^2+xx[[3]]*T^3]*(1)
(* Fitting with shape 0 1 1 1 1 1 1 1 1 1 1 1 *)
G[T_,xx_]:=Exp[0+xx[[1]]*T^1+xx[[2]]*T^2+xx[[3]]*T^3]*(1)
(* Fitting with shape 0 0 1 1 1 1 1 1 1 1 0 0 *)
G[T_,xx_]:=Exp[0+xx[[1]]*T^1+xx[[2]]*T^2+xx[[3]]*T^3]*(1)
(* Fitting with shape 0 0 1 1 1 1 1 1 1 1 1 0 *)
G[T_,xx_]:=Exp[0+xx[[1]]*T^1+xx[[2]]*T^2+xx[[3]]*T^3]*(1)
(* Fitting with shape 0 0 1 1 1 1 1 1 1 1 1 1 *)
G[T_,xx_]:=Exp[0+xx[[1]]*T^1+xx[[2]]*T^2+xx[[3]]*T^3]*(1)
(* Fitting with shape 1 1 1 1 1 1 1 1 1 1 0 0 *)
G[T_,xx_]:=Exp[0+xx[[1]]*T^1+xx[[2]]*T^2+xx[[3]]*T^3]*(1+xx[[4]]/(T^1))
(* Fitting with shape 1 1 1 1 1 1 1 1 1 1 1 0 *)
G[T_,xx_]:=Exp[0+xx[[1]]*T^1+xx[[2]]*T^2+xx[[3]]*T^3]*(1+xx[[4]]/(T^1))
(* Fitting with shape 1 1 1 1 1 1 1 1 1 1 1 1 *)
G[T_,xx_]:=Exp[0+xx[[1]]*T^1+xx[[2]]*T^2+xx[[3]]*T^3]*(1+xx[[4]]/(T^1))
(* Fitting with shape 0 1 1 1 1 1 1 1 1 1 0 0 *)
G[T_,xx_]:=Exp[0+xx[[1]]*T^1+xx[[2]]*T^2+xx[[3]]*T^3]*(1+xx[[4]]/(T^1))
(* Fitting with shape 0 1 1 1 1 1 1 1 1 1 1 0 *)
G[T_,xx_]:=Exp[0+xx[[1]]*T^1+xx[[2]]*T^2+xx[[3]]*T^3]*(1+xx[[4]]/(T^1))
(* Fitting with shape 0 1 1 1 1 1 1 1 1 1 1 1 *)
G[T_,xx_]:=Exp[0+xx[[1]]*T^1+xx[[2]]*T^2+xx[[3]]*T^3]*(1+xx[[4]]/(T^1))
(* Fitting with shape 0 0 1 1 1 1 1 1 1 1 0 0 *)
G[T_,xx_]:=Exp[0+xx[[1]]*T^1+xx[[2]]*T^2+xx[[3]]*T^3]*(1+xx[[4]]/(T^1))
(* Fitting with shape 0 0 1 1 1 1 1 1 1 1 1 0 *)
G[T_,xx_]:=Exp[0+xx[[1]]*T^1+xx[[2]]*T^2+xx[[3]]*T^3]*(1+xx[[4]]/(T^1))
(* Fitting with shape 0 0 1 1 1 1 1 1 1 1 1 1 *)
G[T_,xx_]:=Exp[0+xx[[1]]*T^1+xx[[2]]*T^2+xx[[3]]*T^3]*(1+xx[[4]]/(T^1))
(* Fitting with shape 1 1 1 1 1 1 1 1 1 1 0 0 *)
G[T_,xx_]:=Exp[0+xx[[1]]*T^1+xx[[2]]*T^2+xx[[3]]*T^3]*(1+xx[[4]]/(T^1)+xx[[5]]/(T^2))
(* Fitting with shape 1 1 1 1 1 1 1 1 1 1 1 0 *)
G[T_,xx_]:=Exp[0+xx[[1]]*T^1+xx[[2]]*T^2+xx[[3]]*T^3]*(1+xx[[4]]/(T^1)+xx[[5]]/(T^2))
(* Fitting with shape 1 1 1 1 1 1 1 1 1 1 1 1 *)
G[T_,xx_]:=Exp[0+xx[[1]]*T^1+xx[[2]]*T^2+xx[[3]]*T^3]*(1+xx[[4]]/(T^1)+xx[[5]]/(T^2))
(* Fitting with shape 0 1 1 1 1 1 1 1 1 1 0 0 *)
G[T_,xx_]:=Exp[0+xx[[1]]*T^1+xx[[2]]*T^2+xx[[3]]*T^3]*(1+xx[[4]]/(T^1)+xx[[5]]/(T^2))
(* Fitting with shape 0 1 1 1 1 1 1 1 1 1 1 0 *)
G[T_,xx_]:=Exp[0+xx[[1]]*T^1+xx[[2]]*T^2+xx[[3]]*T^3]*(1+xx[[4]]/(T^1)+xx[[5]]/(T^2))
(* Fitting with shape 0 1 1 1 1 1 1 1 1 1 1 1 *)
G[T_,xx_]:=Exp[0+xx[[1]]*T^1+xx[[2]]*T^2+xx[[3]]*T^3]*(1+xx[[4]]/(T^1)+xx[[5]]/(T^2))
(* Fitting with shape 0 0 1 1 1 1 1 1 1 1 0 0 *)
G[T_,xx_]:=Exp[0+xx[[1]]*T^1+xx[[2]]*T^2+xx[[3]]*T^3]*(1+xx[[4]]/(T^1)+xx[[5]]/(T^2))
(* Fitting with shape 0 0 1 1 1 1 1 1 1 1 1 0 *)
G[T_,xx_]:=Exp[0+xx[[1]]*T^1+xx[[2]]*T^2+xx[[3]]*T^3]*(1+xx[[4]]/(T^1)+xx[[5]]/(T^2))
(* Fitting with shape 0 0 1 1 1 1 1 1 1 1 1 1 *)
G[T_,xx_]:=Exp[0+xx[[1]]*T^1+xx[[2]]*T^2+xx[[3]]*T^3]*(1+xx[[4]]/(T^1)+xx[[5]]/(T^2))
Probabilities: 
         0          0          0          0          0          0          0          0          0          0          0          0          0          0          0   0.431985          0          0          0          0          0          0          0          0   0.256594          0          0          0          0          0          0          0          0          0          0          0          0          0          0          0          0          0   0.204816          0          0          0          0          0          0          0          0   0.106605          0          0
         0          0          0          0          0          0          0          0          0          0          0          0          0          0          0   0.555513          0          0          0          0          0          0          0          0   0.444487          0          0          0          0          0          0          0          0          0          0          0          0          0          0          0          0          0          0          0          0          0          0          0          0          0          0          0          0          0
         0          0          0          0          0          0          0          0          0          0          0          0          0          0          0   0.314125          0          0          0          0          0          0          0          0   0.685875          0          0          0          0          0          0          0          0          0          0          0          0          0          0          0          0          0          0          0          0          0          0          0          0          0          0          0          0          0
         0          0          0          0          0          0          0          0          0          0          0          0          0          0          0   0.236235          0          0          0          0          0          0          0          0          0          0          0          0          0          0          0          0          0          0          0          0          0          0          0          0          0          0   0.530289          0          0          0          0          0          0          0          0   0.233476          0          0
         0          0          0          0          0          0          0          0          0          0          0          0          0          0          0          0          0          0          0          0          0          0          0          0   0.729963          0          0          0          0          0          0          0          0          0          0          0          0          0          0          0          0          0          0          0          0          0          0          0          0          0          0   0.270037          0          0
         0          0          0          0          0          0          0          0          0          0          0          0          0          0          0   0.381533          0          0          0          0          0          0          0          0   0.314641          0          0          0          0          0          0          0          0          0          0          0          0          0          0          0          0          0   0.303826          0          0          0          0          0          0          0          0          0          0          0
         0          0          0          0          0          0          0          0          0          0          0          0          0          0          0   0.130872          0          0          0          0          0          0          0          0   0.257243          0          0          0          0          0          0          0          0          0          0          0          0          0          0          0          0          0   0.425422          0          0          0          0          0          0          0          0   0.186464          0          0
         0          0          0          0          0          0          0          0          0          0          0          0          0          0          0   0.616358          0          0          0          0          0          0          0          0   0.383642          0          0          0          0          0          0          0          0          0          0          0          0          0          0          0          0          0          0          0          0          0          0          0          0          0          0          0          0          0
         0          0          0          0          0          0 0.00524659          0          0          0          0          0          0          0          0    0.51744          0          0          0          0          0          0          0          0   0.348272          0          0          0          0          0          0          0          0          0          0          0          0          0          0          0          0          0          0          0          0          0          0          0          0          0          0   0.129041          0          0
         0          0          0          0          0          0  0.0520696          0          0          0          0          0          0          0          0   0.476779          0          0          0          0          0          0          0          0   0.337508          0          0          0          0          0          0          0          0          0          0          0          0          0          0          0          0          0          0          0          0          0          0          0          0          0          0   0.133643          0          0
         0          0          0          0          0          0   0.383219          0          0          0          0          0          0          0          0   0.341174          0          0          0          0          0          0          0          0   0.194781          0          0          0          0          0          0          0          0          0          0          0          0          0          0          0          0          0          0          0          0          0          0          0          0          0          0  0.0808252          0          0
         0          0          0          0          0          0   0.478482          0          0          0          0          0          0          0          0   0.221884          0          0          0          0          0          0          0          0  0.0879266          0          0          0          0          0          0          0          0          0          0          0          0          0          0          0          0          0   0.154769          0          0          0          0          0          0          0          0  0.0569379          0          0

Values: 
  0.16007  0.160047   0.16005  0.839197  0.819789  0.809834  0.156988  0.156991   0.15699  0.156162  0.156175  0.156176   0.15494  0.369106  0.154949  0.154748  0.154748  0.154754  0.154584  0.154584  0.154591  0.154606  0.854673  0.154608  0.154673  0.472077  0.475049         1  0.981586         1    1.2053  0.160582   1.18236  0.993857  0.991438  0.991561  0.964834  0.966119  0.157184  0.155366  0.896021  0.910035  0.154848  0.154837  0.154883  0.154458  0.223603  0.227635  0.154339  0.924798   1.03141  0.154402  0.154441  0.154761
 0.253339  0.253347  0.253551  0.701082   0.71432  0.691939   0.40526  0.247902  0.247928  0.246319  0.246321  0.246332  0.737506  0.743629  0.729278  0.244185  0.244173  0.244178  0.243696  0.243691  0.243693  0.175632  0.243873  0.454718  0.243825  0.549831  0.243768  0.986059  0.986225   0.98949   1.34844   1.33134   1.13753   -33.426   1.05129   1.04655  0.250774  0.979123  0.250181   1.04003  0.245546  0.773653   1.01001   1.00049  0.244892  0.243294  0.243405  0.243491  0.833616  0.735147  0.921861  0.826027  0.244677   0.24469
 0.326965  0.326868  0.326839  0.322017  0.321915  0.321858  0.341895   0.34171  0.347987  0.313011  0.312936  0.312909  0.320613  0.309485  0.734748  0.309116   0.30904  0.309049  0.308095  0.308047   0.30807  0.308553   0.30844   0.30848  0.307703   0.30751  0.307756  0.342274  0.342077   1.38392   1.12601   1.12657   1.10474   1.02465   1.02472   1.05179  0.321001  0.973994  0.938731  0.311865  0.681855   0.31164  0.990153  0.993037  0.759501  0.308066  0.308435  0.308139  0.311911  0.312447   2.56517   1.02263  0.313139  0.700798
 0.393898  0.393899  0.394054  0.384039  0.384033  0.384053  0.375879  0.375886  0.375883  0.370553  0.370532  0.370517  0.365544  0.365517  0.365515  0.364878  0.364762  0.364774  0.363361  0.363325  0.363332  0.363958  0.363711  0.363721  0.579706  0.506685  0.831135  0.418547  0.417843   0.41802   1.11633   1.11566   1.11449   1.04898   1.10607   1.03567  0.942149  0.932965  0.382854  0.369578  0.370051  0.906079  0.370907  0.621264    0.3711  0.941997  0.941963  0.942634   1.21123  0.688321   0.67044  0.362727  0.368737  0.366353
 0.462286  0.463373  0.463362  0.445882  0.446303  0.446303  0.433515  0.433464  0.433521  0.426609  0.426557  0.426559  0.418539  0.418335  0.418337  0.646282   0.41838  0.418364  0.415457  0.415184  0.415192  0.418068  0.863823  0.898059  0.415699  0.414359  0.414484    1.0648  0.495878   1.06495   1.15321   1.38164   1.13813   1.13822   1.27275   1.07757  0.443972  0.444127  0.946086  0.420728  0.194296  0.421988    0.7303  0.725421  0.427327  0.410178  0.413527  0.413258   3.35803   1.04055  0.819657   0.41251  0.221796  0.430087
 0.532225  0.532242  0.532199  0.507818         1         1  0.490407  0.490283  0.490229   0.48185   0.48171  0.481679  0.468925  0.468628   0.46865  0.468263  0.468281  0.468333  0.464133  0.463757  0.463844  0.466829  0.466689  0.466826  0.461324   0.45887  0.459661   1.08982   1.09016   1.08996   1.20308    1.2062    1.2022   1.06628   1.06446   1.06403  0.507901  0.508455  0.507222  0.899866   1.14745  0.898979  0.484183  0.490697  0.729662  0.723246  0.823253  0.463055   0.49077  0.765628 -0.904533  0.659063  0.503111  0.480409
 0.602453  0.602469  0.602305  0.571248  0.571674  0.571513  0.547922  0.547675  0.547764  0.538335  0.538324  0.538266  0.519144  0.518851  0.518808  0.518342  0.518062  0.518171  0.511784  0.511393  0.511357  0.515027  0.514608   0.51503  0.497104  0.497035  0.498847   1.05725  0.665427   0.66335   1.15131   1.18518   1.22109   1.00334   1.00601     1.296  0.579876  0.579706  0.577796   0.53724  0.986138  0.534254  0.568617  0.565217  0.108158  0.520171  0.848642  0.516625   1.07334  0.530465  0.781719  0.623056  0.594055  0.543771
  0.67737   0.67755  0.676827  0.636842  0.637462  0.637001  0.607553  0.607432  0.607799  0.598034  0.598462   0.59821  0.571608  0.571646  0.571452  0.572428  0.572471  0.572929  0.561809  0.562062   0.56194  0.570953  0.571097   0.57238  0.547572  0.550589  0.554138   1.04035  0.757116  0.753708   1.13638   1.16304   1.18898   1.02217     1.024    1.2548  0.652852  0.650608  0.646785  0.578783  0.577799  0.946781  -3.29131  0.608215  0.596856  0.863638  0.539963  0.531027  0.630569   0.61867   7.55215   2.54275  0.945472  0.408423
 0.758998  0.758969  0.758778  0.705515  0.706328  0.706265  0.671347  0.671308  0.671418  0.661862  0.662554   0.66254  0.629338  0.629006  0.629037   0.63619  0.635534  0.635436  0.617223  0.616643  0.616642  0.637661  0.636504   0.63633  0.581357  0.577502  0.576647   1.11478   1.12197   1.12145   1.11691   1.22888   1.10852  0.993768   1.01784   1.11541  0.728508  0.728708  0.728244  0.624994  0.629219  0.778754  0.924459  0.721477  0.721461  0.572812  0.582412  0.584076  0.894135  0.765349   0.94287  0.537776  0.557953  0.569787
 0.839637  0.839642  0.839635  0.777603  0.778153  0.778164  0.735042  0.735183  0.735179  0.729935  0.730728  0.730713  0.682825  0.682587  0.682604  0.687055  0.686639  0.686493   0.66353  0.662815  0.662823  0.688053  0.688056  0.680668  0.585823  0.587431  0.585355  0.990318  0.993326  0.967373   1.09702   1.09621   1.09577  0.984515  0.988589  0.992945  0.821957  0.823489  0.823092  0.708049   1.30471  0.927729  0.814041  0.859342  0.853916  0.652159  0.666817   0.67236  0.900395  0.915199  0.925091  0.646153    0.6627  0.661463
 0.899361  0.899597  0.899612  0.834484  0.835061  0.835074   0.78865  0.788772  0.788374  0.787852  0.788297  0.788099  0.735117  0.735584  0.734537  0.750214  0.750503  0.747314  0.714628  0.715259  0.713824  0.739351  0.739656  0.739084  0.643713   0.64469  0.644747   1.13756   1.13547   1.43533   1.25513   1.26066   1.21155   1.03654   1.01992  0.849497  0.882037  0.879988  0.880433  0.730045   1.18777  0.455883  0.982815  0.747369  0.666739  0.646541  0.643505  0.631733   1.02921   0.98224  0.913926   0.74228  0.716259   1.00271
 0.920143  0.920099  0.920692  0.860136  0.860842  0.860427  0.813117  0.813014  0.813332  0.815776  0.816533  0.815805  0.762171  0.761472  0.763313  0.788846  0.789324  0.790757  0.743137  0.741915  0.745171   0.79865  0.799651    0.8018  0.778834   0.77925  0.780351   1.00724   1.00702   1.31745   1.12043    1.0835   1.24875   1.27692   1.00293   1.20029  0.905541  0.908884         1   1.25871  0.743945  0.726483   1.09078   1.10069   1.00385  0.673786  0.882666   0.65489   1.11976  0.710175   1.07671   1.10133   1.13727  0.804757

Errors: 
3.51659e-05 3.48537e-05 3.48377e-05  0.00314004  0.00335291  0.00357199 4.26599e-05 4.24907e-05 4.23541e-05 4.23311e-05 4.20209e-05 4.19991e-05 5.46171e-05    0.334238 5.42756e-05 6.15242e-05 6.15684e-05 6.12931e-05  6.0947e-05 6.09227e-05 6.05838e-05 7.37188e-05    0.525997 7.37005e-05 9.86422e-05           1           1           0           0           0           0 4.42648e-05           0           0           0           0    0.433475    0.472409 5.84574e-05  0.00010015           1           1 0.000152865 0.000143159 0.000136355 0.000129985    0.534843    0.166809 0.000248547           1 1.07257e-05 0.000554311 0.000485486 0.000416535
0.000103883 0.000103218 0.000103509           0           0           0           0 0.000108256 0.000107584 0.000109319 0.000109369 0.000108811           0           0           0 0.000147581 0.000146794 0.000146624 0.000144508 0.000143428 0.000144676           0  0.00019505           0 0.000322657           0 0.000309824           0           0           0     1.00002     1.00002           0   0.0280308     1.00109     1.01616 0.000237121           0  0.00021504     1.00002  0.00036038           1           0     1.00465 0.000466888 0.000490068 0.000456602 0.000422289           1 4.23405e-05           1 6.07652e-05  0.00196916  0.00172552
0.000218726 0.000218817 0.000218247 0.000221579 0.000221369 0.000221529           0           0           0 0.000242148  0.00024607 0.000245281           0 0.000278111           0 0.000352873 0.000348932 0.000349286 0.000314246 0.000311942 0.000310486 0.000500353 0.000495407  0.00048876 0.000831381 0.000815047 0.000765418 0.000307213 0.000300639           0           0           0           0           0           0     1.00696 0.000456304           0           0  0.00086974           1 0.000801498     1.00188           0     1.00003  0.00118024  0.00113279  0.00105031  0.00233745  0.00220775           1 4.31255e-06  0.00465746  0.00208906
0.000396786  0.00039693 0.000397414           0 0.000397474 0.000397606 0.000408571 0.000409353 0.000408813 0.000428274 0.000439661 0.000439693 0.000506997  0.00050736 0.000504792 0.000669605 0.000652928 0.000648517 0.000593139  0.00057728 0.000577015  0.00092852 0.000926002 0.000949453           0           0           0 0.000544613 0.000542212 0.000535761           0           0           0     1.07205     1.00425     1.11681           0           0 0.000904306  0.00172803  0.00157894     1.00032   0.0032119           1  0.00272328  0.00367782  0.00367765  0.00367949 0.000578602 0.000466169 0.000694153   0.0113147  0.00970037   0.0090352
0.000638891 0.000636586 0.000637798 0.000639745 0.000640932 0.000640779 0.000659385 0.000691995 0.000689432 0.000735542  0.00074649 0.000739707 0.000940069 0.000933345 0.000932545           0  0.00127344  0.00126279  0.00113454  0.00111193  0.00110836  0.00185488           0           0  0.00303143  0.00290658  0.00286216           0 0.000854413           0           0     1.00023           0     1.00172     1.00067     1.00708  0.00178335  0.00171421           0   0.0036074     1.00004  0.00323533     1.00015     1.00016  0.00531983  0.00495393   0.0047745  0.00441178   0.0206334     1.36913     1.00004   0.0185587  0.00423915   0.0150626
          0           0           0 0.000955098           0           0  0.00111688  0.00111005  0.00111421   0.0011654  0.00117356  0.00115715  0.00164692  0.00163099  0.00163626  0.00224758  0.00224999  0.00221623   0.0020308  0.00208671  0.00200008  0.00327308  0.00330483  0.00325447  0.00554779  0.00554236  0.00589853           0           0           0           0           0           0     1.03567     1.03668     1.03687  0.00310928  0.00305007  0.00298767     1.00001     1.00051     1.00054   0.0125901   0.0113634     1.00001   0.0421642  0.00118627  0.00840995   0.0180901   0.0054353  0.00516712     1.00001   0.0242862   0.0229483
          0           0           0  0.00138398  0.00139178  0.00138595  0.00173128  0.00171936  0.00170994  0.00180106  0.00182037  0.00182679  0.00281725  0.00273071  0.00272799  0.00415969  0.00411437  0.00410216  0.00356355  0.00350329  0.00349503  0.00645337  0.00644637  0.00638099   0.0134527   0.0129276   0.0122237           0  0.00208694  0.00200898           0           0           0           0           0           0   0.0053745  0.00489523  0.00494978   0.0125525     1.00353    0.011315    0.023136   0.0217011     1.00064   0.0166753     1.96788   0.0154425   0.0105556 0.000113957  0.00318894   0.0344101    0.032272   0.0300346
          0           0           0  0.00202128  0.00201692  0.00199623   0.0026455  0.00264398  0.00260401  0.00272826  0.00272494  0.00272196  0.00454643  0.00449544  0.00451778  0.00683491  0.00669108  0.00658424  0.00603516  0.00584091  0.00574162   0.0108794    0.010535   0.0102573   0.0286552   0.0244408   0.0210885           0  0.00316098  0.00306021           0           0           0           0           0     1.00223  0.00862068  0.00827895  0.00795083   0.0244298   0.0221387           0     1.17787   0.0463869    0.046335     2.00464   0.0289626   0.0275169   0.0393614   0.0375656      1.3831     1.00017  0.00432954   0.0281995
 0.00274712  0.00275445  0.00274336  0.00306222  0.00303561  0.00302681  0.00398386  0.00399732  0.00399157  0.00407933  0.00407663   0.0040909  0.00744482  0.00722309  0.00695508   0.0118966   0.0117524   0.0116323  0.00989223  0.00964596  0.00960512   0.0180085    0.018354   0.0191092   0.0479844   0.0426255   0.0548249           0           0           0           0      1.0003           0     1.10402           0     1.03038   0.0145489   0.0134474   0.0133287   0.0446567   0.0431433     1.00023   0.0163795   0.0749123   0.0779263   0.0420032   0.0404567   0.0393203      1.0003    0.048287     1.00094   0.0456798   0.0427488   0.0420283
 0.00375584  0.00376055  0.00378111  0.00466685  0.00461199  0.00463932  0.00641125  0.00647864  0.00632983  0.00640621  0.00633251  0.00634336   0.0121136   0.0122473   0.0122516   0.0211718   0.0208438   0.0212855   0.0176065   0.0175729   0.0178347  0.00815109    0.007994   0.0349726   0.0144021   0.0138747   0.0134729           0           0           0           0           0           0           0           0           0   0.0209849   0.0206452   0.0206004   0.0743546      1.1116           0     1.00466    0.119149    0.116228   0.0526895   0.0514542   0.0506438   0.0646051    0.062463   0.0100275   0.0732192   0.0691789   0.0665038
          0  0.00459803   0.0046041  0.00623249  0.00620771  0.00620689  0.00916679  0.00911332  0.00901561  0.00871404  0.00868402  0.00870745    0.017983   0.0186504   0.0176379   0.0315194   0.0316305   0.0304022   0.0260367   0.0254554    0.023979   0.0118467   0.0117521   0.0116847   0.0298363   0.0232409   0.0319064           0           0           0           0           0           0     2.35887           0   0.0396388   0.0300489   0.0292079   0.0274896    0.117134      1.0053     1.00014           0     1.00103     1.00041   0.0534718   0.0514508   0.0483017   0.0774968   0.0743158   0.0712523    0.103437     0.10214   0.0954902
          0           0           0  0.00694585  0.00689589  0.00684055   0.0111247   0.0109799   0.0110017  0.00997511  0.00996054  0.00988789   0.0223752   0.0219141   0.0215382   0.0393626   0.0384452   0.0389782   0.0311051   0.0311258    0.030703   0.0581922   0.0570742   0.0565555   0.0235865   0.0235085   0.0235959  0.00874665  0.00872072           0           0           0           0     1.01518           0     1.02837   0.0350245   0.0347683           0     1.04765    0.153781    0.150423    0.212627     0.19036    0.203011   0.0585264     3.30888    0.052842   0.0475634   0.0268652     1.00034   0.0913118    0.087276    0.107524

Statuses: 
0 0 0 3 3 3 0 0 0 0 0 0 0 3 0 0 0 0 0 0 0 0 3 0 0 3 3 3 3 3 3 0 3 3 3 3 3 3 0 0 3 3 0 0 0 0 3 3 0 3 3 0 0 0
0 0 0 3 3 3 3 0 0 0 0 0 3 3 3 0 0 0 0 0 0 3 0 3 0 3 0 3 3 3 3 3 3 0 3 3 0 3 0 3 0 3 3 3 0 0 0 0 3 3 3 3 0 0
0 0 0 0 0 0 3 3 3 0 0 0 3 0 3 0 0 0 0 0 0 0 0 0 0 0 0 0 0 3 3 3 3 3 3 3 0 3 3 0 3 0 3 3 3 0 0 0 0 0 3 3 0 3
0 0 0 2 0 0 0 0 0 0 0 0 0 0 0 0 0 0 0 0 0 0 0 0 3 3 3 0 0 0 3 3 3 3 3 3 3 3 0 0 0 3 0 3 0 3 3 3 3 3 3 0 0 0
0 0 0 0 0 0 0 0 0 0 0 0 0 0 0 3 0 0 0 0 0 0 3 3 0 0 0 3 0 3 3 3 3 3 3 3 0 0 3 0 3 0 3 3 0 0 0 0 3 3 3 0 0 0
2 2 2 0 3 3 0 0 0 0 0 0 0 0 0 0 0 0 0 0 0 0 0 0 0 0 0 3 3 3 3 3 3 3 3 3 0 0 0 3 3 3 0 0 3 3 3 0 0 3 0 3 0 0
2 2 2 0 0 0 0 0 0 0 0 0 0 0 0 0 0 0 0 0 0 0 0 0 0 0 0 3 0 0 3 3 3 3 3 3 0 0 0 0 3 0 0 0 3 0 3 0 3 3 3 0 0 0
2 2 2 0 0 0 0 0 0 0 0 0 0 0 0 0 0 0 0 0 0 0 0 0 0 0 0 3 0 0 3 3 3 3 3 3 0 0 0 0 0 3 3 0 0 3 0 0 0 0 3 3 3 0
0 0 0 0 0 0 0 0 0 0 0 0 0 0 0 0 0 0 0 0 0 0 0 0 0 0 0 3 3 3 3 3 3 3 3 3 0 0 0 0 0 3 0 0 0 0 0 0 3 0 3 0 0 0
0 0 0 0 0 0 0 0 0 0 0 0 0 0 0 0 0 0 0 0 0 0 0 0 0 0 0 3 3 3 3 3 3 3 3 3 0 0 0 0 3 3 3 0 0 0 0 0 0 0 3 0 0 0
2 0 0 0 0 0 0 0 0 0 0 0 0 0 0 0 0 0 0 0 0 0 0 0 0 0 0 3 3 3 3 3 3 3 3 0 0 0 0 0 3 3 3 3 3 0 0 0 0 0 0 0 0 3
2 2 2 0 0 0 0 0 0 0 0 0 0 0 0 0 0 0 0 0 0 0 0 0 0 0 0 0 0 3 3 3 3 3 3 3 0 0 3 3 0 0 0 0 0 0 3 0 3 3 3 0 0 0
chisq per dof: 
24.3299 21.7569 19.6881 48754.3 42862.5 37921.3 4.20608  3.7486 3.40519 2.69323 2.48705 2.33845 1.55775 48613.7 1.42044  1.6056 1.50466 1.43423 1.67174 1.57586 1.50491 1.80572 63212.2 1.57687 2.00532 18326.1 15543.9 99642.8 84865.2 77902.7 80041.4 5.16251 61696.4 86788.3 72984.4 62613.8 80745.5 67833.5 2.09466 1.83275 93225.5 79512.8 2.00611 1.80496 1.67197 2.00438 61758.2 58327.8 2.25492  112166 62376.9 2.67319 2.25493 2.00623
17.3387 15.5359 14.1727 3776.61 3360.45  2996.6  1124.2 2.64773 2.44553 2.18513 2.05261 1.93658 5106.85 4410.13  3903.9 1.60342 1.50355 1.43204 1.67017 1.57452 1.50277 3155.58 1.66807 3569.54 2.00156 1639.15 1.66802 8709.82 7624.89 6892.71 8291.81 7259.37 6549.78 6211.69 6703.98  5800.6 2.02776 6255.87 1.80288 10294.4 1.67121 6393.45 10049.8 8044.35 1.66771 2.00318 1.83644 1.71719 12833.1 9940.26 8700.82 12219.8 2.25154 2.00124
9.78488 8.95355 8.16027 5.32039  4.8309 4.41465 160.411 136.725 118.195 2.02891 1.90728 1.80784 830.795  1.4394 872.565 1.60618 1.50762 1.43516 1.67119 1.57672 1.50496 1.80351 1.67162 1.57592  2.0015 1.80306 1.67017 5.62693 5.06883 1337.23 1989.95 1707.07 1501.62 1935.38 1613.45 1383.62 1.84008 1359.23 1168.28  1.8006 1793.36 1.57425 2419.18  1936.1 1591.87 2.00543 1.83936 1.71995 2.25075 2.00128 1314.72 1887.49 2.25155 1786.97
7.20507 6.51766 6.02077 3.69798  3.3631 3.11526 1.83927 1.73621 1.65426 1.76684 1.67398 1.59988 1.50779 1.43872 1.38389 1.60582 1.50797 1.43542 1.67033 1.57615 1.50416 1.80345 1.67183 1.57586  204.53 111.816 270.355 3.71517 3.48365 3.23736  694.49 595.503  521.55 668.832 556.884 482.712 643.648  468.17 1.58809 1.80109 1.66818 593.617 2.00095 607.026 1.66809 968.346  807.12 692.762 979.752 747.626 645.652 2.66709 2.25134 2.00139
  5.199 4.82285 4.44151 2.51205 2.37304 2.22048 1.55969 1.48476 1.42767 1.60204 1.53856 1.47876 1.50258 1.43437 1.38008 82.6891 1.50676 1.43438 1.67295 1.58018 1.50774 1.80297 179.592 161.416 2.00199 1.80478 1.67069 185.051 2.55742 139.837 306.804  257.29 243.036 276.251 204.925 205.081 1.73787 1.63257 170.014 1.80253 93.2236 1.57587 343.965 226.721 1.67008 2.00591 1.84339 1.72293 322.374 243.002 318.648  2.6693 2.29453 2.00407
3.93893 3.62994    3.37 1.98903 55.2497 49.2671 1.48419 1.41647 1.36531 1.54291 1.48169 1.42831 1.50326 1.43501 1.38065 1.60365 1.50745 1.43498 1.67051 1.57863 1.50643 1.80314 1.67363 1.57746 2.00174 1.80461 1.67083 87.8009 75.1052 67.6835 125.513 106.531 94.9423 137.477 115.285 98.9917 1.70898 1.60898  1.5359 44.4195 146.372 129.437 2.00186 1.80361 114.439 99.9097 156.597 1.72163 2.25204 175.364 2.84424 217.035 2.25439  2.0047
2.86176 2.65523 2.49063 1.70339 1.64002 1.57081 1.41822 1.35968 1.31491 1.51353 1.45642 1.40617 1.51065 1.43793 1.38328 1.61268 1.51084 1.43799 1.67713 1.58059  1.5083 1.81206 1.67694 1.58044    2.01   1.808 1.67387 30.6361 1.75216 1.68875 79.3391 70.4588 62.0011 67.8693 57.0693 40.1612 1.69306 1.59406 1.52358 1.80983 82.1382  1.5791 2.00824  1.8068 40.0419 2.01226 53.4711 1.72367 118.475 83.7578 49.0018 2.67683 2.25829 2.00833
2.24834 2.11946 2.01363 1.53138 1.47273 1.42333 1.37793  1.3249 1.28474 1.48473 1.42704 1.38037 1.50543 1.43322 1.37933 1.60647  1.5054 1.43342 1.67318 1.57704 1.50556  1.8065 1.67209 1.57636 2.00625 1.80515 1.67142 12.6553 1.60141 1.55581 40.7962  33.883 28.9596 32.8459 27.5387 18.4696 1.68677 1.58909 1.51942 1.80639 1.67201 34.5207 25.4067 1.80571 1.67201 32.0171 1.83948 1.71982 2.25732 2.00603 28.2887 24.4519 40.3529 2.00512
1.85684 1.76607 1.69033 1.42143  1.3726 1.33134 1.35143 1.30188 1.26428 1.46325 1.40735 1.36209 1.50568  1.4336 1.37941 1.60608 1.50529 1.43314 1.67376 1.57763 1.50543 1.80649 1.67231 1.57629 2.00548 1.80442 1.67038 13.6866 6.49835 6.07604 22.8287  10.052 6.93808 16.8874 14.2584 12.6217 1.68151 1.58415 1.51125  1.8068 1.67253 17.5295 2.02284 1.80477 1.67064   2.008 1.84029 1.72026  33.472 2.00517  23.684 2.67394 2.25552 2.00446
1.55849 1.49834  1.4488 1.36122 1.31699 1.28177 1.34586 1.29692 1.25988 1.45421 1.39836  1.3541 1.50511 1.43331  1.3792 1.60605 1.50547 1.43332 1.67214 1.57645 1.50443 1.80617 1.67224 1.57622 2.00527 1.80458  1.6705 4.62946 1.85117 1.70571 13.8953 12.0556 10.6785 9.40989 8.01804 7.01709 1.67554 1.57914 1.50678 1.80597  13.334 12.1399 11.0764 1.80455 1.67048 2.00655  1.8392 1.71935 2.25607 2.00494 12.0232 2.67335 2.25528 2.00422
 1.4247 1.37861 1.34155 1.33226 1.29151 1.26022 1.34753  1.2979  1.2613 1.45105 1.39499 1.35176  1.5125  1.4393 1.38466 1.61456 1.51217 1.43938 1.67969 1.58261 1.51002 1.81492 1.67913 1.58242 2.01666 1.81345 1.67842 3.37007 2.92658 10.2803 5.50347 4.78776 6.43213  6.4131 5.51329   1.439 1.68215 1.58475 1.51206 1.81499 6.93832 7.63581 8.01848 6.37678 4.84838 2.01549 1.84625  1.7256  2.2672 2.01408 1.84579 2.68832 2.26657 3.21776
1.36827 1.32737 1.29842  1.3158 1.27706 1.24658  1.3413 1.29279 1.25714  1.4435 1.38867 1.34587 1.50816 1.43589 1.38238 1.60892 1.50774 1.43633  1.6754 1.57925 1.50782 1.80925 1.67472 1.57942 2.01089 1.80906 1.67555 1.44808 1.39211 4.70562 8.59744 7.81792 4.61468 4.46949 4.81394 4.02631 1.67699 1.58052  3.9892 9.33643 1.67519  1.5798 2.00891 1.80715 1.67482 2.01037 8.59588 1.72309 2.78083 6.87819 4.83214 2.67854 2.25893 2.00965
Mode averaged potential and errors: 
   0.154712  0.00023809
   0.244025 0.000300615
   0.308147 0.000971391
   0.367573  0.00696858
   0.414838   0.0100856
   0.470916   0.0120365
   0.553792   0.0497643
   0.562892   0.0221335
   0.604578   0.0494833
   0.649921   0.0585287
   0.743558    0.064386
   0.864101    0.149065
R Models:
(* Fitting with shape 1 1 1 1 1 1 1 1 0 0 0 0 *)
G[R_,xx_]:=xx[[0]] + xx[[1]]/R | xx[[2]]*R
(* Fitting with shape 1 1 1 1 1 1 1 1 1 0 0 0 *)
G[R_,xx_]:=xx[[0]] + xx[[1]]/R | xx[[2]]*R
(* Fitting with shape 1 1 1 1 1 1 1 1 1 1 0 0 *)
G[R_,xx_]:=xx[[0]] + xx[[1]]/R | xx[[2]]*R
(* Fitting with shape 1 1 1 1 1 1 1 1 1 1 1 0 *)
G[R_,xx_]:=xx[[0]] + xx[[1]]/R | xx[[2]]*R
(* Fitting with shape 1 1 1 1 1 1 1 1 1 1 1 1 *)
G[R_,xx_]:=xx[[0]] + xx[[1]]/R | xx[[2]]*R
(* Fitting with shape 0 1 1 1 1 1 1 1 0 0 0 0 *)
G[R_,xx_]:=xx[[0]] + xx[[1]]/R | xx[[2]]*R
(* Fitting with shape 0 1 1 1 1 1 1 1 1 0 0 0 *)
G[R_,xx_]:=xx[[0]] + xx[[1]]/R | xx[[2]]*R
(* Fitting with shape 0 1 1 1 1 1 1 1 1 1 0 0 *)
G[R_,xx_]:=xx[[0]] + xx[[1]]/R | xx[[2]]*R
(* Fitting with shape 0 1 1 1 1 1 1 1 1 1 1 0 *)
G[R_,xx_]:=xx[[0]] + xx[[1]]/R | xx[[2]]*R
(* Fitting with shape 0 1 1 1 1 1 1 1 1 1 1 1 *)
G[R_,xx_]:=xx[[0]] + xx[[1]]/R | xx[[2]]*R
(* Fitting with shape 0 0 1 1 1 1 1 1 0 0 0 0 *)
G[R_,xx_]:=xx[[0]] + xx[[1]]/R | xx[[2]]*R
(* Fitting with shape 0 0 1 1 1 1 1 1 1 0 0 0 *)
G[R_,xx_]:=xx[[0]] + xx[[1]]/R | xx[[2]]*R
(* Fitting with shape 0 0 1 1 1 1 1 1 1 1 0 0 *)
G[R_,xx_]:=xx[[0]] + xx[[1]]/R | xx[[2]]*R
(* Fitting with shape 0 0 1 1 1 1 1 1 1 1 1 0 *)
G[R_,xx_]:=xx[[0]] + xx[[1]]/R | xx[[2]]*R
(* Fitting with shape 0 0 1 1 1 1 1 1 1 1 1 1 *)
G[R_,xx_]:=xx[[0]] + xx[[1]]/R | xx[[2]]*R
(* Fitting with shape 0 0 0 1 1 1 1 1 0 0 0 0 *)
G[R_,xx_]:=xx[[0]] + xx[[1]]/R | xx[[2]]*R
(* Fitting with shape 0 0 0 1 1 1 1 1 1 0 0 0 *)
G[R_,xx_]:=xx[[0]] + xx[[1]]/R | xx[[2]]*R
(* Fitting with shape 0 0 0 1 1 1 1 1 1 1 0 0 *)
G[R_,xx_]:=xx[[0]] + xx[[1]]/R | xx[[2]]*R
(* Fitting with shape 0 0 0 1 1 1 1 1 1 1 1 0 *)
G[R_,xx_]:=xx[[0]] + xx[[1]]/R | xx[[2]]*R
(* Fitting with shape 0 0 0 1 1 1 1 1 1 1 1 1 *)
G[R_,xx_]:=xx[[0]] + xx[[1]]/R | xx[[2]]*R
2.08385 2.08385 2.08385 
-0.285985 -0.285985 -0.285985 
1 1 1 
18.5081 18.5081 18.5081 
-26.0645 -26.0645 -26.0645 
3.46087e-316 3.46087e-316 3.46087e-316 
9.88162e+07 9.88162e+07 9.88162e+07 
-8478.3 -8478.3 -8478.3 
2159.29 2159.29 2159.29 
2.29741e-321 2.29741e-321 2.29741e-321 
2.36913e-316 2.36913e-316 2.36913e-316 
6.92008e-310 6.92008e-310 6.92008e-310 
167.978 167.978 167.978 
3.44259e-316 3.44259e-316 3.44259e-316 
2.47033e-323 2.47033e-323 2.47033e-323 
3.4426e-316 3.4426e-316 3.4426e-316 
3.31886e-316 3.31886e-316 3.31886e-316 
2.42092e-322 2.42092e-322 2.42092e-322 
1.061e-313 1.061e-313 1.061e-313 
3.38096e-316 3.38096e-316 3.38096e-316 
0.000244177 0.000244177 0.000244177 
0.00993393 0.00993393 0.00993393 
0 0 0 
4.00193e-322 4.00193e-322 4.00193e-322 
2.93661e-08 2.93661e-08 2.93661e-08 
-0.261514 -0.261514 -0.261514 
205.221 205.221 205.221 
2.42092e-322 2.42092e-322 2.42092e-322 
0.000658955 0.000658955 0.000658955 
1.27441e+06 1.27441e+06 1.27441e+06 
8.8277e-05 8.8277e-05 8.8277e-05 
4.94066e-324 4.94066e-324 4.94066e-324 
0 0 0 
1.3488e-321 1.3488e-321 1.3488e-321 
3.45074e-316 3.45074e-316 3.45074e-316 
6.92008e-310 6.92008e-310 6.92008e-310 
1.74975e-07 1.74975e-07 1.74975e-07 
3.45711e-316 3.45711e-316 3.45711e-316 
5263.44 5263.44 5263.44 
2.42092e-322 2.42092e-322 2.42092e-322 
0 0 0 
0 0 0 
0 0 0 
0 0 0 
1.42291e-321 1.42291e-321 1.42291e-321 
3.16202e-322 3.16202e-322 3.16202e-322 
3.37778e-316 3.37778e-316 3.37778e-316 
2.42092e-322 2.42092e-322 2.42092e-322 
6.92004e-310 6.92004e-310 6.92004e-310 
-0.000419929 -0.000419929 -0.000419929 
0.266241 0.266241 0.266241 
-1.48568 -1.48568 -1.48568 
-4.67924 -4.67924 -4.67924 
2.42092e-322 2.42092e-322 2.42092e-322 
Probabilities: 
         0          0          0          0          0          0          0          0          0          0          0          0 0.00586084  0.0145473  0.0392904  0.0082751  0.0216432  0.0525569  0.0278986    0.07439   0.196345 0.00461068  0.0597469          0 0.00892155   0.021952  0.0489948          0          0          0          0          0          0          0          0          0  0.0532849          0          0          0  0.0506926          0          0          0          0          0          0   0.310989          0          0          0          0          0          0

String tensions: 
           1            1            1            1            1            1            1            1            1    -0.440612    -0.443066    -0.443586    -0.626115    -0.629741      -0.6293    -0.926696    -0.906465    -0.889727    -0.893269      -0.8971    -0.894817    -0.527872     -1.50282     0.550561     -1.93149     -1.18157      -1.7905    0.0277276   -0.0644257   -0.0644106     0.985052     0.985142     0.985165     0.989208     0.989472     0.989539   0.00819754   -0.0875086    -0.094235   -0.0934156   0.00415322     0.481204      1.01443      1.00977   -0.0930837     0.811822   0.00805553    0.0026578   0.00389643 -0.000640089  -0.00223255     0.480236 -0.000920107   -0.0460124

Errors: 
    5792.62     5792.62     5792.62     5792.62     5792.62     5792.62           0           0           0   0.0032663  0.00313526  0.00310146   0.0245587   0.0230682   0.0227757    0.156667    0.154982    0.148046   0.0546321   0.0526554    0.049798   0.0851102    0.415794           0     1.95327   0.0987969    0.109068           0           0           0           0           0           0           0           0           0  0.00122922           0           1     1.00065  0.00258453           1           0           0     1.00184           1   0.0105159  0.00273846 0.000708891 0.000632514 0.000610118     1.03452  0.00102175     1.00005

Statuses: 
0 0 0 0 0 0 3 3 3 0 0 0 0 0 0 0 0 0 0 0 0 0 0 3 0 0 0 3 3 3 3 3 3 2 2 2 0 3 3 3 0 3 2 2 3 3 3 0 1 1 1 3 1 3
chisq per dof: 
 1464.53  1452.33  1335.63  61.9129  62.2576  56.4747  755.371  677.858  590.596  7.36592  7.49616  6.82472 0.616583 0.554467 0.486765 0.201916 0.181117  0.18747 0.368419  0.32718 0.297371 0.696556 0.150836  3244.31 0.171829 0.176395 0.207522  73514.5  54430.3  48387.9  17877.8  15342.9  13429.3  1409.24   1196.6  1030.46  0.18354  8373.95  4118.09  4033.52 0.197789  10403.1  1409.19  1196.51  433.928   105996  14568.1 0.195174 0.129708  0.15001 0.156734   1386.8  0.17498  436.204
Model string tension and errors: 
sigma = -0.600597 +/- 0.611441
