Loaded Data/L24_b265_xi4_g.dat
model 1 1 exponentials with a pole of degree 0
shape: 1 1 1 1 1 1 1 1 1 1 1 1
model 2 2 exponentials with a pole of degree 0
shape: 1 1 1 1 1 1 1 1 1 1 1 1
model 3 3 exponentials with a pole of degree 0
shape: 1 1 1 1 1 1 1 1 1 1 1 1
model 4 1 exponentials with a pole of degree 1
shape: 1 1 1 1 1 1 1 1 1 1 1 1
model 5 2 exponentials with a pole of degree 1
shape: 1 1 1 1 1 1 1 1 1 1 1 1
model 6 3 exponentials with a pole of degree 1
shape: 1 1 1 1 1 1 1 1 1 1 1 1


Fitting R = 1

fitting 6 models
2 params
Best parameters for model 1: 
1.98543 0.0823789 

4 params
Best parameters for model 2: 
1.96393 0.0809892 0.0247728 0.417635 

6 params
Best parameters for model 3: 
1.95937 0.08082 0.022519 0.267139 0.00849548 0.663435 

3 params
Best parameters for model 4: 
1.97142 0.0815645 0.00528479 

5 params
Best parameters for model 5: 
1.97142 0.0815645 9.74659e-13 2.57409 0.00528479 

7 params
Best parameters for model 6: 
1.95842 0.080795 0.0205469 0.238109 0.00858702 0.473882 0.000549122 

Results: 0.0823789 0.0861916 0.0878143 0.0815645 0.0815645 0.0863326

Errors: 4.51281e-06 3.93475e-05 0.000468414 5.24449e-06 6.51623e-06 0.000829575

Probabilities:        0        0 0.646304        0        0 0.353696

Chisq:  11063.6  79.0507 0.663045  2191.19  2817.24 0.636787

Fit statuses: 0 0 0 0 0 0

Best Chisquared: 0.663045



Fitting R = 2

fitting 6 models
2 params
Best parameters for model 1: 
1.96263 0.11508 

4 params
Best parameters for model 2: 
1.90654 0.113193 0.0568541 0.36541 

6 params
Best parameters for model 3: 
1.8978 0.112887 0.054533 0.258699 0.0153759 0.751765 

3 params
Best parameters for model 4: 
1.92688 0.114137 0.0127411 

5 params
Best parameters for model 5: 
1.89966 0.112959 0.0526968 0.28607 0.00330673 

7 params
Best parameters for model 6: 
1.89966 0.112959 0.0526966 0.286069 1.07783e-09 2.88164 0.00330679 

Results:  0.11508 0.123774 0.127953 0.114137  0.12068  0.12068

Errors: 1.23477e-05 0.000106947  0.00133237  1.3128e-05 0.000168348  0.00337091

Probabilities: 0 0 1 0 0 0

Chisq:  5648.98  36.2336 0.653339  1432.82  2.23383  3.12736

Fit statuses: 0 0 0 0 0 0

Best Chisquared: 0.653339



Fitting R = 3

fitting 6 models
2 params
Best parameters for model 1: 
1.93365 0.131794 

4 params
Best parameters for model 2: 
1.83203 0.129463 0.0976211 0.330876 

6 params
Best parameters for model 3: 
1.81415 0.128859 0.0979651 0.230858 0.0244785 0.747351 

3 params
Best parameters for model 4: 
1.87241 0.130843 0.0218634 

5 params
Best parameters for model 5: 
1.81869 0.12902 0.0937266 0.256387 0.00541403 

7 params
Best parameters for model 6: 
1.87241 0.130843 3.47942e-13 4.99467 7.17576e-12 2.26323 0.0218634 

Results: 0.131794 0.146202 0.152902 0.130843 0.141585 0.130843

Errors: 2.32606e-05 0.000210229  0.00265525 2.40183e-05 0.000348779  0.00409529

Probabilities:         0         0  0.947802         0 0.0521984         0

Chisq:  3949.86  24.8589 0.688249  1130.12  1.70395  2034.22

Fit statuses: 0 0 0 0 0 1

Best Chisquared: 0.688249



Fitting R = 4

fitting 6 models
2 params
Best parameters for model 1: 
1.9001 0.143488 

4 params
Best parameters for model 2: 
1.7506 0.140602 0.141328 0.311597 

6 params
Best parameters for model 3: 
1.72394 0.139686 0.146239 0.221929 0.0313654 0.78641 

3 params
Best parameters for model 4: 
1.81404 0.142518 0.0316643 

5 params
Best parameters for model 5: 
1.72989 0.1399 0.139435 0.241142 0.00733939 

7 params
Best parameters for model 6: 
0.959019 0.129429 0.816894 0.0297249 0.100223 0.30485 0.00543634 

Results: 0.143488 0.163878 0.173386 0.142518 0.157887 0.160245

Errors: 3.79092e-05 0.000352737  0.00441369 3.88951e-05 0.000609481  0.00100431

Probabilities:        0        0  0.49486        0  0.18207 0.323069

Chisq:  3003.33  17.0128  0.69463   907.16  1.16679 0.604119

Fit statuses: 0 0 0 0 0 1

Best Chisquared: 0.69463



Fitting R = 5

fitting 6 models
2 params
Best parameters for model 1: 
1.86329 0.153496 

4 params
Best parameters for model 2: 
1.67024 0.14981 0.183023 0.298806 

6 params
Best parameters for model 3: 
1.63509 0.148557 0.1941 0.217159 0.0369299 0.863253 

3 params
Best parameters for model 4: 
1.75744 0.152464 0.0406818 

5 params
Best parameters for model 5: 
1.6409 0.148781 0.184856 0.229566 0.00919889 

7 params
Best parameters for model 6: 
0.933108 0.137537 0.76945 0.0345628 0.130261 0.281285 0.00716078 

Results: 0.153496  0.17932 0.192525 0.152464 0.172024 0.174495

Errors: 5.74855e-05 0.000534686  0.00626103 5.89185e-05 0.000956463  0.00151534

Probabilities:        0        0 0.401388        0 0.391917 0.206695

Chisq:  2303.17  12.4191 0.550484  703.329 0.764381 0.526055

Fit statuses: 0 0 0 0 0 1

Best Chisquared: 0.550484



Fitting R = 6

fitting 6 models
2 params
Best parameters for model 1: 
1.82566 0.162923 

4 params
Best parameters for model 2: 
1.59782 0.15819 0.218313 0.291342 

6 params
Best parameters for model 3: 
1.55217 0.1565 0.23666 0.210354 0.0427655 0.895572 

3 params
Best parameters for model 4: 
1.705 0.161673 0.048639 

5 params
Best parameters for model 5: 
1.55904 0.156775 0.225031 0.220813 0.010995 

7 params
Best parameters for model 6: 
0.572592 0.137643 1.06238 0.037696 0.15691 0.275256 0.00867327 

Results: 0.162923 0.193212 0.209502 0.161673 0.184627 0.187397

Errors:  8.4461e-05 0.000746346  0.00860211 8.61364e-05  0.00138157  0.00200061

Probabilities:        0        0 0.341541        0 0.481243 0.177216

Chisq:  1801.71  9.81238 0.571217  548.262 0.677356 0.547898

Fit statuses: 0 0 0 0 0 1

Best Chisquared: 0.677356



Fitting R = 7

fitting 6 models
2 params
Best parameters for model 1: 
1.78676 0.172107 

4 params
Best parameters for model 2: 
1.54036 0.166245 0.242173 0.290615 

6 params
Best parameters for model 3: 
1.4912 0.164346 0.263735 0.213402 0.0462212 0.980595 

3 params
Best parameters for model 4: 
1.6582 0.170496 0.0549081 

5 params
Best parameters for model 5: 
1.49529 0.164535 0.251863 0.218795 0.0123512 

7 params
Best parameters for model 6: 
0.520382 0.144406 1.05135 0.0383564 0.182334 0.261523 0.0102432 

Results: 0.172107 0.205728 0.226234 0.170496 0.196076 0.198568

Errors: 0.000120356 0.000977447   0.0111529 0.000121101  0.00183222  0.00255718

Probabilities:        0        0 0.291424        0 0.578335 0.130241

Chisq:  1417.96  7.51355 0.477507  414.391 0.499185 0.495165

Fit statuses: 0 0 0 0 0 1

Best Chisquared: 0.499185



Fitting R = 8

fitting 6 models
2 params
Best parameters for model 1: 
1.75011 0.180957 

4 params
Best parameters for model 2: 
1.49577 0.173719 0.257731 0.290963 

6 params
Best parameters for model 3: 
1.44212 0.171573 0.282932 0.213476 0.0498758 1.04051 

3 params
Best parameters for model 4: 
1.61926 0.178737 0.0593819 

5 params
Best parameters for model 5: 
1.44444 0.171706 0.27067 0.216043 0.013618 

7 params
Best parameters for model 6: 
1.61926 0.178737 5.7572e-12 2.7607 1.01756e-11 2.97561 0.0593818 

Results: 0.180957 0.216485 0.240839 0.178737 0.205801 0.178737

Errors: 0.000165041  0.00121591   0.0139493 0.000162345  0.00231333   0.0289959

Probabilities:        0        0 0.305746        0 0.694254        0

Chisq:  1132.39  6.21662 0.464199  317.799 0.449289  572.039

Fit statuses: 0 0 0 0 0 1

Best Chisquared: 0.449289



Fitting R = 9

fitting 6 models
2 params
Best parameters for model 1: 
1.71865 0.189076 

4 params
Best parameters for model 2: 
1.46714 0.180502 0.263087 0.295258 

6 params
Best parameters for model 3: 
1.41544 0.178363 0.287548 0.219955 0.0524288 1.15149 

3 params
Best parameters for model 4: 
1.58978 0.18606 0.0619363 

5 params
Best parameters for model 5: 
1.41378 0.178347 0.276224 0.217777 0.0144037 

7 params
Best parameters for model 6: 
0.959498 0.16945 0.523223 0.040711 0.211733 0.228019 0.0130011 

Results: 0.189076 0.225397 0.255353  0.18606 0.213942 0.215601

Errors: 0.000214872  0.00143098   0.0182112 0.000205541    0.002729  0.00357991

Probabilities:         0         0  0.254679         0  0.647323 0.0979978

Chisq:  919.229   5.1304  0.47036  246.365 0.422354 0.546456

Fit statuses: 0 0 0 0 0 1

Best Chisquared: 0.422354



Fitting R = 10

fitting 6 models
2 params
Best parameters for model 1: 
1.69352 0.195933 

4 params
Best parameters for model 2: 
1.45165 0.186059 0.261661 0.30175 

6 params
Best parameters for model 3: 
1.40258 0.183971 0.284349 0.226674 0.0547111 1.24048 

3 params
Best parameters for model 4: 
1.56895 0.192007 0.0630816 

5 params
Best parameters for model 5: 
1.39839 0.183856 0.273497 0.2213 0.0148967 

7 params
Best parameters for model 6: 
1.56895 0.192007 2.33403e-11 4.99976 3.90877e-08 4.00762 0.0630815 

Results: 0.195933 0.232143 0.267068 0.192007 0.220058 0.192007

Errors: 0.000264488  0.00161283   0.0229589 0.000245891   0.0030732     18.9723

Probabilities:        0        0 0.276692        0 0.723308        0

Chisq:  771.161  4.34216 0.462529  196.177 0.407616  353.118

Fit statuses: 0 0 0 0 0 1

Best Chisquared: 0.407616



Fitting R = 11

fitting 6 models
2 params
Best parameters for model 1: 
1.6779 0.200459 

4 params
Best parameters for model 2: 
1.44433 0.189695 0.2587 0.306907 

6 params
Best parameters for model 3: 
1.39673 0.187644 0.279979 0.230748 0.0560445 1.27399 

3 params
Best parameters for model 4: 
1.55737 0.195826 0.0632266 

5 params
Best parameters for model 5: 
1.55737 0.195826 6.35265e-11 4.99699 0.0632267 

7 params
Best parameters for model 6: 
1.39673 0.187644 0.279979 0.230748 0.0560445 1.27399 1.23508e-09 

Results: 0.200459 0.236316 0.273598 0.195826 0.195826 0.273598

Errors: 0.000299346  0.00173207   0.0262444 0.000273559    0.344771   0.0264997

Probabilities:        0        0 0.731059        0        0 0.268941

Chisq:  679.103  3.98344 0.529498  167.129   214.88 0.635398

Fit statuses: 0 0 0 0 1 0

Best Chisquared: 0.529498



Fitting R = 12

fitting 6 models
2 params
Best parameters for model 1: 
1.6718 0.20212 

4 params
Best parameters for model 2: 
1.44311 0.19102 0.256548 0.309826 

6 params
Best parameters for model 3: 
1.39625 0.188989 0.277044 0.232819 0.0564309 1.28258 

3 params
Best parameters for model 4: 
1.55347 0.197204 0.0630846 

5 params
Best parameters for model 5: 
1.39116 0.188836 0.266007 0.225972 0.0153063 

7 params
Best parameters for model 6: 
1.39625 0.188989 0.277044 0.232819 0.056431 1.28257 4.27639e-09 

Results:  0.20212 0.237785 0.275717 0.197204 0.225109 0.275717

Errors: 0.000312544  0.00177911   0.0275266 0.000283976  0.00337668   0.0277355

Probabilities:         0         0  0.248266         0  0.660401 0.0913321

Chisq:  645.446  3.86889 0.597047  155.828 0.517941 0.716456

Fit statuses: 0 0 0 0 0 0

Best Chisquared: 0.517941

Fits/L24_b265_xi4_g.vr
models for fitting the R-dependence: 
model 1 Fitting Polynomial of degree1 with shape 1 1 1 1 1 1 1 1 1 0 0 0

model 2 Fitting Polynomial of degree1 with shape 1 1 1 1 1 1 1 1 1 1 0 0

model 3 Fitting Polynomial of degree1 with shape 1 1 1 1 1 1 1 1 1 1 1 0

model 4 Fitting Polynomial of degree1 with shape 1 1 1 1 1 1 1 1 1 1 1 1

model 5 Fitting Polynomial of degree1 with shape 0 1 1 1 1 1 1 1 1 0 0 0

model 6 Fitting Polynomial of degree1 with shape 0 1 1 1 1 1 1 1 1 1 0 0

model 7 Fitting Polynomial of degree1 with shape 0 1 1 1 1 1 1 1 1 1 1 0

model 8 Fitting Polynomial of degree1 with shape 0 1 1 1 1 1 1 1 1 1 1 1

model 9 Fitting Polynomial of degree1 with shape 0 0 1 1 1 1 1 1 1 0 0 0

model 10 Fitting Polynomial of degree1 with shape 0 0 1 1 1 1 1 1 1 1 0 0

model 11 Fitting Polynomial of degree1 with shape 0 0 1 1 1 1 1 1 1 1 1 0

model 12 Fitting Polynomial of degree1 with shape 0 0 1 1 1 1 1 1 1 1 1 1

fitting 12 models
2 params
Best parameters for model 1: 
0.0644516 0.0270343 

2 params
Best parameters for model 2: 
0.0658526 0.026042 

2 params
Best parameters for model 3: 
0.0668149 0.0253652 

2 params
Best parameters for model 4: 
0.0681487 0.0244329 

2 params
Best parameters for model 5: 
0.0957302 0.0165563 

2 params
Best parameters for model 6: 
0.0968832 0.0160345 

2 params
Best parameters for model 7: 
0.0968716 0.0160397 

2 params
Best parameters for model 8: 
0.0981906 0.0154506 

2 params
Best parameters for model 9: 
0.113798 0.0129641 

2 params
Best parameters for model 10: 
0.114948 0.0126357 

2 params
Best parameters for model 11: 
0.113151 0.0131399 

2 params
Best parameters for model 12: 
0.115228 0.0125665 



Fitting the potential: 
Results: 0.0270343  0.026042 0.0253652 0.0244329 0.0165563 0.0160345 0.0160397 0.0154506 0.0129641 0.0126357 0.0131399 0.0125665

Errors: 0.000863223 0.000826657 0.000792204 0.000761572  0.00129377  0.00119846  0.00111507  0.00104562  0.00196454  0.00176318  0.00159562  0.00146219

Probabilities:         0         0         0         0         0 0.0107178 0.0291319 0.0249152 0.0492615  0.124625  0.270286  0.491063

Chisq:   17.7567   17.5292    16.494   16.6708   1.01289   1.03196  0.902986   1.05962  0.034654 0.0528239  0.109799  0.196801

Fit statuses: 0 0 0 0 0 0 0 0 0 0 0 0

