R=0parameters: 
-0.636081 -0.636081 
0.23167 0.23167 
1.15383e-09 1.15383e-09 
1.63042e-322 1.63042e-322 
2.79081e-316 2.79081e-316 
0 0 
2.75864e-316 2.75864e-316 
1.63042e-322 1.63042e-322 
6.91091e-310 6.91091e-310 
0 0 0 
2.86558e-322 2.86558e-322 2.86558e-322 
1.97626e-323 1.97626e-323 1.97626e-323 
-nan -nan -nan 
1.79825e-316 1.79825e-316 1.79825e-316 
1.7583e-316 1.7583e-316 1.7583e-316 
9.88131e-324 9.88131e-324 9.88131e-324 
3.95253e-323 3.95253e-323 3.95253e-323 
-nan -nan -nan 
1.75831e-316 1.75831e-316 1.75831e-316 1.75831e-316 
2.122e-314 2.122e-314 2.122e-314 2.122e-314 
2.84428e-316 2.84428e-316 2.84428e-316 2.84428e-316 
1.2732e-313 1.2732e-313 1.2732e-313 1.2732e-313 
0 0 0 0 
6.14124e-321 6.14124e-321 6.14124e-321 6.14124e-321 
0 0 0 0 
1.75831e-316 1.75831e-316 1.75831e-316 1.75831e-316 
1.6976e-313 1.6976e-313 1.6976e-313 1.6976e-313 
2.47033e-323 2.47033e-323 2.47033e-323 
2.84428e-316 2.84428e-316 2.84428e-316 
9.88131e-324 9.88131e-324 9.88131e-324 
1.97626e-323 1.97626e-323 1.97626e-323 
-nan -nan -nan 
-nan -nan -nan 
-nan -nan -nan 
-nan -nan -nan 
-nan -nan -nan 
-nan -nan -nan -nan 
-nan -nan -nan -nan 
-nan -nan -nan -nan 
-nan -nan -nan -nan 
-nan -nan -nan -nan 
-nan -nan -nan -nan 
-nan -nan -nan -nan 
-nan -nan -nan -nan 
1.73911e-321 1.73911e-321 1.73911e-321 1.73911e-321 
0 0 0 0 0 
2.84424e-316 2.84424e-316 2.84424e-316 2.84424e-316 2.84424e-316 
2.85149e-316 2.85149e-316 2.85149e-316 2.85149e-316 2.85149e-316 
2.85149e-316 2.85149e-316 2.85149e-316 2.85149e-316 2.85149e-316 
2.85149e-316 2.85149e-316 2.85149e-316 2.85149e-316 2.85149e-316 
0 0 0 0 0 
9.53547e-322 9.53547e-322 9.53547e-322 9.53547e-322 9.53547e-322 
2.80194e-316 2.80194e-316 2.80194e-316 2.80194e-316 2.80194e-316 
-2.57553e+240 -2.57553e+240 -2.57553e+240 -2.57553e+240 -2.57553e+240 
R=1parameters: 
-0.532811 -0.532811 
0.367591 0.367591 
0.608465 0.608465 
0.976432 0.976432 
-11.3476 -11.3476 
5.03038e+175 5.03038e+175 
3.5936e+246 3.5936e+246 
2.14726e+243 2.14726e+243 
-1995.88 -1995.88 
1.63042e-322 1.63042e-322 1.63042e-322 
6.91091e-310 6.91091e-310 6.91091e-310 
2.122e-314 2.122e-314 2.122e-314 
2.79583e-316 2.79583e-316 2.79583e-316 
2.42092e-322 2.42092e-322 2.42092e-322 
1.25115e-316 1.25115e-316 1.25115e-316 
0 0 0 
7.41098e-323 7.41098e-323 7.41098e-323 
1.97626e-323 1.97626e-323 1.97626e-323 
3.95253e-323 3.95253e-323 3.95253e-323 3.95253e-323 
1.26975e-321 1.26975e-321 1.26975e-321 1.26975e-321 
6.95694e-320 6.95694e-320 6.95694e-320 6.95694e-320 
-2.57553e+240 -2.57553e+240 -2.57553e+240 -2.57553e+240 
2.122e-314 2.122e-314 2.122e-314 2.122e-314 
2.84423e-316 2.84423e-316 2.84423e-316 2.84423e-316 
2.84972e-316 2.84972e-316 2.84972e-316 2.84972e-316 
2.122e-314 2.122e-314 2.122e-314 2.122e-314 
2.84423e-316 2.84423e-316 2.84423e-316 2.84423e-316 
2.84972e-316 2.84972e-316 2.84972e-316 
2.122e-314 2.122e-314 2.122e-314 
0 0 0 
0 0 0 
2.84423e-316 2.84423e-316 2.84423e-316 
2.8515e-316 2.8515e-316 2.8515e-316 
2.8515e-316 2.8515e-316 2.8515e-316 
2.8515e-316 2.8515e-316 2.8515e-316 
2.84706e-316 2.84706e-316 2.84706e-316 
2.84972e-316 2.84972e-316 2.84972e-316 2.84972e-316 
2.122e-314 2.122e-314 2.122e-314 2.122e-314 
2.84424e-316 2.84424e-316 2.84424e-316 2.84424e-316 
2.84973e-316 2.84973e-316 2.84973e-316 2.84973e-316 
2.122e-314 2.122e-314 2.122e-314 2.122e-314 
2.84424e-316 2.84424e-316 2.84424e-316 2.84424e-316 
2.84973e-316 2.84973e-316 2.84973e-316 2.84973e-316 
2.122e-314 2.122e-314 2.122e-314 2.122e-314 
8.48798e-314 8.48798e-314 8.48798e-314 8.48798e-314 
0 0 0 0 0 
2.84424e-316 2.84424e-316 2.84424e-316 2.84424e-316 2.84424e-316 
2.85149e-316 2.85149e-316 2.85149e-316 2.85149e-316 2.85149e-316 
2.85149e-316 2.85149e-316 2.85149e-316 2.85149e-316 2.85149e-316 
2.85149e-316 2.85149e-316 2.85149e-316 2.85149e-316 2.85149e-316 
0 0 0 0 0 
9.53547e-322 9.53547e-322 9.53547e-322 9.53547e-322 9.53547e-322 
2.80194e-316 2.80194e-316 2.80194e-316 2.80194e-316 2.80194e-316 
-2.57553e+240 -2.57553e+240 -2.57553e+240 -2.57553e+240 -2.57553e+240 
R=2parameters: 
-0.404985 -0.404985 
0.46667 0.46667 
0.650643 0.650643 
1.77521 1.77521 
-14.0002 -14.0002 
5.03038e+175 5.03038e+175 
3.5936e+246 3.5936e+246 
2.14726e+243 2.14726e+243 
-1995.88 -1995.88 
1.63042e-322 1.63042e-322 1.63042e-322 
6.91091e-310 6.91091e-310 6.91091e-310 
2.122e-314 2.122e-314 2.122e-314 
2.95851e-316 2.95851e-316 2.95851e-316 
2.37152e-322 2.37152e-322 2.37152e-322 
1.25115e-316 1.25115e-316 1.25115e-316 
0 0 0 
7.41098e-323 7.41098e-323 7.41098e-323 
1.97626e-323 1.97626e-323 1.97626e-323 
3.95253e-323 3.95253e-323 3.95253e-323 3.95253e-323 
1.26975e-321 1.26975e-321 1.26975e-321 1.26975e-321 
6.95694e-320 6.95694e-320 6.95694e-320 6.95694e-320 
-2.57553e+240 -2.57553e+240 -2.57553e+240 -2.57553e+240 
2.122e-314 2.122e-314 2.122e-314 2.122e-314 
2.84423e-316 2.84423e-316 2.84423e-316 2.84423e-316 
2.84972e-316 2.84972e-316 2.84972e-316 2.84972e-316 
2.122e-314 2.122e-314 2.122e-314 2.122e-314 
2.84423e-316 2.84423e-316 2.84423e-316 2.84423e-316 
2.84972e-316 2.84972e-316 2.84972e-316 
2.122e-314 2.122e-314 2.122e-314 
0 0 0 
0 0 0 
2.84423e-316 2.84423e-316 2.84423e-316 
2.8515e-316 2.8515e-316 2.8515e-316 
2.8515e-316 2.8515e-316 2.8515e-316 
2.8515e-316 2.8515e-316 2.8515e-316 
2.84706e-316 2.84706e-316 2.84706e-316 
2.84972e-316 2.84972e-316 2.84972e-316 2.84972e-316 
2.122e-314 2.122e-314 2.122e-314 2.122e-314 
2.84424e-316 2.84424e-316 2.84424e-316 2.84424e-316 
2.84973e-316 2.84973e-316 2.84973e-316 2.84973e-316 
2.122e-314 2.122e-314 2.122e-314 2.122e-314 
2.84424e-316 2.84424e-316 2.84424e-316 2.84424e-316 
2.84973e-316 2.84973e-316 2.84973e-316 2.84973e-316 
2.122e-314 2.122e-314 2.122e-314 2.122e-314 
8.48798e-314 8.48798e-314 8.48798e-314 8.48798e-314 
0 0 0 0 0 
2.84424e-316 2.84424e-316 2.84424e-316 2.84424e-316 2.84424e-316 
2.85149e-316 2.85149e-316 2.85149e-316 2.85149e-316 2.85149e-316 
2.85149e-316 2.85149e-316 2.85149e-316 2.85149e-316 2.85149e-316 
2.85149e-316 2.85149e-316 2.85149e-316 2.85149e-316 2.85149e-316 
0 0 0 0 0 
9.53547e-322 9.53547e-322 9.53547e-322 9.53547e-322 9.53547e-322 
2.80194e-316 2.80194e-316 2.80194e-316 2.80194e-316 2.80194e-316 
-2.57553e+240 -2.57553e+240 -2.57553e+240 -2.57553e+240 -2.57553e+240 
R=3parameters: 
-0.269288 -0.269288 
0.556935 0.556935 
0.000404958 0.000404958 
0.321021 0.321021 
-0.184267 -0.184267 
5.03038e+175 5.03038e+175 
3.5936e+246 3.5936e+246 
2.14726e+243 2.14726e+243 
-1995.88 -1995.88 
1.63042e-322 1.63042e-322 1.63042e-322 
2.8022e-316 2.8022e-316 2.8022e-316 
2.79581e-316 2.79581e-316 2.79581e-316 
1.58101e-322 1.58101e-322 1.58101e-322 
2.37152e-322 2.37152e-322 2.37152e-322 
1.25115e-316 1.25115e-316 1.25115e-316 
0 0 0 
7.41098e-323 7.41098e-323 7.41098e-323 
1.97626e-323 1.97626e-323 1.97626e-323 
3.95253e-323 3.95253e-323 3.95253e-323 3.95253e-323 
1.26975e-321 1.26975e-321 1.26975e-321 1.26975e-321 
6.95694e-320 6.95694e-320 6.95694e-320 6.95694e-320 
-2.57553e+240 -2.57553e+240 -2.57553e+240 -2.57553e+240 
2.122e-314 2.122e-314 2.122e-314 2.122e-314 
2.84423e-316 2.84423e-316 2.84423e-316 2.84423e-316 
2.84972e-316 2.84972e-316 2.84972e-316 2.84972e-316 
2.122e-314 2.122e-314 2.122e-314 2.122e-314 
2.84423e-316 2.84423e-316 2.84423e-316 2.84423e-316 
2.84972e-316 2.84972e-316 2.84972e-316 
2.122e-314 2.122e-314 2.122e-314 
0 0 0 
0 0 0 
2.84423e-316 2.84423e-316 2.84423e-316 
2.8515e-316 2.8515e-316 2.8515e-316 
2.8515e-316 2.8515e-316 2.8515e-316 
2.8515e-316 2.8515e-316 2.8515e-316 
2.84706e-316 2.84706e-316 2.84706e-316 
2.84972e-316 2.84972e-316 2.84972e-316 2.84972e-316 
2.122e-314 2.122e-314 2.122e-314 2.122e-314 
2.84424e-316 2.84424e-316 2.84424e-316 2.84424e-316 
2.84973e-316 2.84973e-316 2.84973e-316 2.84973e-316 
2.122e-314 2.122e-314 2.122e-314 2.122e-314 
2.84424e-316 2.84424e-316 2.84424e-316 2.84424e-316 
2.84973e-316 2.84973e-316 2.84973e-316 2.84973e-316 
2.122e-314 2.122e-314 2.122e-314 2.122e-314 
8.48798e-314 8.48798e-314 8.48798e-314 8.48798e-314 
0 0 0 0 0 
2.84424e-316 2.84424e-316 2.84424e-316 2.84424e-316 2.84424e-316 
2.85149e-316 2.85149e-316 2.85149e-316 2.85149e-316 2.85149e-316 
2.85149e-316 2.85149e-316 2.85149e-316 2.85149e-316 2.85149e-316 
2.85149e-316 2.85149e-316 2.85149e-316 2.85149e-316 2.85149e-316 
0 0 0 0 0 
9.53547e-322 9.53547e-322 9.53547e-322 9.53547e-322 9.53547e-322 
2.80194e-316 2.80194e-316 2.80194e-316 2.80194e-316 2.80194e-316 
-2.57553e+240 -2.57553e+240 -2.57553e+240 -2.57553e+240 -2.57553e+240 
R=4parameters: 
-0.133311 -0.133311 
0.647268 0.647268 
-0.106152 -0.106152 
-4.30332 -4.30332 
4.76693 4.76693 
5.03038e+175 5.03038e+175 
3.5936e+246 3.5936e+246 
2.14726e+243 2.14726e+243 
-1995.88 -1995.88 
1.63042e-322 1.63042e-322 1.63042e-322 
6.91091e-310 6.91091e-310 6.91091e-310 
2.122e-314 2.122e-314 2.122e-314 
2.96952e-316 2.96952e-316 2.96952e-316 
2.42092e-322 2.42092e-322 2.42092e-322 
1.25115e-316 1.25115e-316 1.25115e-316 
0 0 0 
7.41098e-323 7.41098e-323 7.41098e-323 
1.97626e-323 1.97626e-323 1.97626e-323 
3.95253e-323 3.95253e-323 3.95253e-323 3.95253e-323 
1.26975e-321 1.26975e-321 1.26975e-321 1.26975e-321 
6.95694e-320 6.95694e-320 6.95694e-320 6.95694e-320 
-2.57553e+240 -2.57553e+240 -2.57553e+240 -2.57553e+240 
2.122e-314 2.122e-314 2.122e-314 2.122e-314 
2.84423e-316 2.84423e-316 2.84423e-316 2.84423e-316 
2.84972e-316 2.84972e-316 2.84972e-316 2.84972e-316 
2.122e-314 2.122e-314 2.122e-314 2.122e-314 
2.84423e-316 2.84423e-316 2.84423e-316 2.84423e-316 
2.84972e-316 2.84972e-316 2.84972e-316 
2.122e-314 2.122e-314 2.122e-314 
0 0 0 
0 0 0 
2.84423e-316 2.84423e-316 2.84423e-316 
2.8515e-316 2.8515e-316 2.8515e-316 
2.8515e-316 2.8515e-316 2.8515e-316 
2.8515e-316 2.8515e-316 2.8515e-316 
2.84706e-316 2.84706e-316 2.84706e-316 
2.84972e-316 2.84972e-316 2.84972e-316 2.84972e-316 
2.122e-314 2.122e-314 2.122e-314 2.122e-314 
2.84424e-316 2.84424e-316 2.84424e-316 2.84424e-316 
2.84973e-316 2.84973e-316 2.84973e-316 2.84973e-316 
2.122e-314 2.122e-314 2.122e-314 2.122e-314 
2.84424e-316 2.84424e-316 2.84424e-316 2.84424e-316 
2.84973e-316 2.84973e-316 2.84973e-316 2.84973e-316 
2.122e-314 2.122e-314 2.122e-314 2.122e-314 
8.48798e-314 8.48798e-314 8.48798e-314 8.48798e-314 
0 0 0 0 0 
2.84424e-316 2.84424e-316 2.84424e-316 2.84424e-316 2.84424e-316 
2.85149e-316 2.85149e-316 2.85149e-316 2.85149e-316 2.85149e-316 
2.85149e-316 2.85149e-316 2.85149e-316 2.85149e-316 2.85149e-316 
2.85149e-316 2.85149e-316 2.85149e-316 2.85149e-316 2.85149e-316 
0 0 0 0 0 
9.53547e-322 9.53547e-322 9.53547e-322 9.53547e-322 9.53547e-322 
2.80194e-316 2.80194e-316 2.80194e-316 2.80194e-316 2.80194e-316 
-2.57553e+240 -2.57553e+240 -2.57553e+240 -2.57553e+240 -2.57553e+240 
R=5parameters: 
0.00441026 0.00441026 
0.735757 0.735757 
-0.0066578 -0.0066578 
-2.00507 -2.00507 
2.62846 2.62846 
5.03038e+175 5.03038e+175 
3.5936e+246 3.5936e+246 
2.14726e+243 2.14726e+243 
-1995.88 -1995.88 
1.63042e-322 1.63042e-322 1.63042e-322 
2.122e-314 2.122e-314 2.122e-314 
2.122e-314 2.122e-314 2.122e-314 
2.96996e-316 2.96996e-316 2.96996e-316 
2.42092e-322 2.42092e-322 2.42092e-322 
1.25115e-316 1.25115e-316 1.25115e-316 
0 0 0 
7.41098e-323 7.41098e-323 7.41098e-323 
1.97626e-323 1.97626e-323 1.97626e-323 
3.95253e-323 3.95253e-323 3.95253e-323 3.95253e-323 
1.26975e-321 1.26975e-321 1.26975e-321 1.26975e-321 
6.95694e-320 6.95694e-320 6.95694e-320 6.95694e-320 
-2.57553e+240 -2.57553e+240 -2.57553e+240 -2.57553e+240 
2.122e-314 2.122e-314 2.122e-314 2.122e-314 
2.84423e-316 2.84423e-316 2.84423e-316 2.84423e-316 
2.84972e-316 2.84972e-316 2.84972e-316 2.84972e-316 
2.122e-314 2.122e-314 2.122e-314 2.122e-314 
2.84423e-316 2.84423e-316 2.84423e-316 2.84423e-316 
2.84972e-316 2.84972e-316 2.84972e-316 
2.122e-314 2.122e-314 2.122e-314 
0 0 0 
0 0 0 
2.84423e-316 2.84423e-316 2.84423e-316 
2.8515e-316 2.8515e-316 2.8515e-316 
2.8515e-316 2.8515e-316 2.8515e-316 
2.8515e-316 2.8515e-316 2.8515e-316 
2.84706e-316 2.84706e-316 2.84706e-316 
2.84972e-316 2.84972e-316 2.84972e-316 2.84972e-316 
2.122e-314 2.122e-314 2.122e-314 2.122e-314 
2.84424e-316 2.84424e-316 2.84424e-316 2.84424e-316 
2.84973e-316 2.84973e-316 2.84973e-316 2.84973e-316 
2.122e-314 2.122e-314 2.122e-314 2.122e-314 
2.84424e-316 2.84424e-316 2.84424e-316 2.84424e-316 
2.84973e-316 2.84973e-316 2.84973e-316 2.84973e-316 
2.122e-314 2.122e-314 2.122e-314 2.122e-314 
8.48798e-314 8.48798e-314 8.48798e-314 8.48798e-314 
0 0 0 0 0 
2.84424e-316 2.84424e-316 2.84424e-316 2.84424e-316 2.84424e-316 
2.85149e-316 2.85149e-316 2.85149e-316 2.85149e-316 2.85149e-316 
2.85149e-316 2.85149e-316 2.85149e-316 2.85149e-316 2.85149e-316 
2.85149e-316 2.85149e-316 2.85149e-316 2.85149e-316 2.85149e-316 
0 0 0 0 0 
9.53547e-322 9.53547e-322 9.53547e-322 9.53547e-322 9.53547e-322 
2.80194e-316 2.80194e-316 2.80194e-316 2.80194e-316 2.80194e-316 
-2.57553e+240 -2.57553e+240 -2.57553e+240 -2.57553e+240 -2.57553e+240 
R=6parameters: 
0.122031 0.122031 
0.827355 0.827355 
-0.306868 -0.306868 
692.738 692.738 
-2060.09 -2060.09 
5.03038e+175 5.03038e+175 
3.5936e+246 3.5936e+246 
2.14726e+243 2.14726e+243 
-1995.88 -1995.88 
1.63042e-322 1.63042e-322 1.63042e-322 
6.91091e-310 6.91091e-310 6.91091e-310 
2.122e-314 2.122e-314 2.122e-314 
2.8017e-316 2.8017e-316 2.8017e-316 
2.42092e-322 2.42092e-322 2.42092e-322 
1.25115e-316 1.25115e-316 1.25115e-316 
0 0 0 
7.41098e-323 7.41098e-323 7.41098e-323 
1.97626e-323 1.97626e-323 1.97626e-323 
3.95253e-323 3.95253e-323 3.95253e-323 3.95253e-323 
1.26975e-321 1.26975e-321 1.26975e-321 1.26975e-321 
6.95694e-320 6.95694e-320 6.95694e-320 6.95694e-320 
-2.57553e+240 -2.57553e+240 -2.57553e+240 -2.57553e+240 
2.122e-314 2.122e-314 2.122e-314 2.122e-314 
2.84423e-316 2.84423e-316 2.84423e-316 2.84423e-316 
2.84972e-316 2.84972e-316 2.84972e-316 2.84972e-316 
2.122e-314 2.122e-314 2.122e-314 2.122e-314 
2.84423e-316 2.84423e-316 2.84423e-316 2.84423e-316 
2.84972e-316 2.84972e-316 2.84972e-316 
2.122e-314 2.122e-314 2.122e-314 
0 0 0 
0 0 0 
2.84423e-316 2.84423e-316 2.84423e-316 
2.8515e-316 2.8515e-316 2.8515e-316 
2.8515e-316 2.8515e-316 2.8515e-316 
2.8515e-316 2.8515e-316 2.8515e-316 
2.84706e-316 2.84706e-316 2.84706e-316 
2.84972e-316 2.84972e-316 2.84972e-316 2.84972e-316 
2.122e-314 2.122e-314 2.122e-314 2.122e-314 
2.84424e-316 2.84424e-316 2.84424e-316 2.84424e-316 
2.84973e-316 2.84973e-316 2.84973e-316 2.84973e-316 
2.122e-314 2.122e-314 2.122e-314 2.122e-314 
2.84424e-316 2.84424e-316 2.84424e-316 2.84424e-316 
2.84973e-316 2.84973e-316 2.84973e-316 2.84973e-316 
2.122e-314 2.122e-314 2.122e-314 2.122e-314 
8.48798e-314 8.48798e-314 8.48798e-314 8.48798e-314 
0 0 0 0 0 
2.84424e-316 2.84424e-316 2.84424e-316 2.84424e-316 2.84424e-316 
2.85149e-316 2.85149e-316 2.85149e-316 2.85149e-316 2.85149e-316 
2.85149e-316 2.85149e-316 2.85149e-316 2.85149e-316 2.85149e-316 
2.85149e-316 2.85149e-316 2.85149e-316 2.85149e-316 2.85149e-316 
0 0 0 0 0 
9.53547e-322 9.53547e-322 9.53547e-322 9.53547e-322 9.53547e-322 
2.80194e-316 2.80194e-316 2.80194e-316 2.80194e-316 2.80194e-316 
-2.57553e+240 -2.57553e+240 -2.57553e+240 -2.57553e+240 -2.57553e+240 
R=7parameters: 
0.212504 0.212504 
0.931573 0.931573 
0.631573 0.631573 
2.19376 2.19376 
-15.3921 -15.3921 
5.03038e+175 5.03038e+175 
3.5936e+246 3.5936e+246 
2.14726e+243 2.14726e+243 
-1995.88 -1995.88 
1.63042e-322 1.63042e-322 1.63042e-322 
6.91091e-310 6.91091e-310 6.91091e-310 
2.122e-314 2.122e-314 2.122e-314 
2.80176e-316 2.80176e-316 2.80176e-316 
2.42092e-322 2.42092e-322 2.42092e-322 
1.25115e-316 1.25115e-316 1.25115e-316 
0 0 0 
7.41098e-323 7.41098e-323 7.41098e-323 
1.97626e-323 1.97626e-323 1.97626e-323 
3.95253e-323 3.95253e-323 3.95253e-323 3.95253e-323 
1.26975e-321 1.26975e-321 1.26975e-321 1.26975e-321 
6.95694e-320 6.95694e-320 6.95694e-320 6.95694e-320 
-2.57553e+240 -2.57553e+240 -2.57553e+240 -2.57553e+240 
2.122e-314 2.122e-314 2.122e-314 2.122e-314 
2.84423e-316 2.84423e-316 2.84423e-316 2.84423e-316 
2.84972e-316 2.84972e-316 2.84972e-316 2.84972e-316 
2.122e-314 2.122e-314 2.122e-314 2.122e-314 
2.84423e-316 2.84423e-316 2.84423e-316 2.84423e-316 
2.84972e-316 2.84972e-316 2.84972e-316 
2.122e-314 2.122e-314 2.122e-314 
0 0 0 
0 0 0 
2.84423e-316 2.84423e-316 2.84423e-316 
2.8515e-316 2.8515e-316 2.8515e-316 
2.8515e-316 2.8515e-316 2.8515e-316 
2.8515e-316 2.8515e-316 2.8515e-316 
2.84706e-316 2.84706e-316 2.84706e-316 
2.84972e-316 2.84972e-316 2.84972e-316 2.84972e-316 
2.122e-314 2.122e-314 2.122e-314 2.122e-314 
2.84424e-316 2.84424e-316 2.84424e-316 2.84424e-316 
2.84973e-316 2.84973e-316 2.84973e-316 2.84973e-316 
2.122e-314 2.122e-314 2.122e-314 2.122e-314 
2.84424e-316 2.84424e-316 2.84424e-316 2.84424e-316 
2.84973e-316 2.84973e-316 2.84973e-316 2.84973e-316 
2.122e-314 2.122e-314 2.122e-314 2.122e-314 
8.48798e-314 8.48798e-314 8.48798e-314 8.48798e-314 
0 0 0 0 0 
2.84424e-316 2.84424e-316 2.84424e-316 2.84424e-316 2.84424e-316 
2.85149e-316 2.85149e-316 2.85149e-316 2.85149e-316 2.85149e-316 
2.85149e-316 2.85149e-316 2.85149e-316 2.85149e-316 2.85149e-316 
2.85149e-316 2.85149e-316 2.85149e-316 2.85149e-316 2.85149e-316 
0 0 0 0 0 
9.53547e-322 9.53547e-322 9.53547e-322 9.53547e-322 9.53547e-322 
2.80194e-316 2.80194e-316 2.80194e-316 2.80194e-316 2.80194e-316 
-2.57553e+240 -2.57553e+240 -2.57553e+240 -2.57553e+240 -2.57553e+240 
R=8parameters: 
0.232123 0.232123 
1.05673 1.05673 
0.00169862 0.00169862 
18.5927 18.5927 
-13.4074 -13.4074 
5.03038e+175 5.03038e+175 
3.5936e+246 3.5936e+246 
2.14726e+243 2.14726e+243 
-1995.88 -1995.88 
1.63042e-322 1.63042e-322 1.63042e-322 
6.91091e-310 6.91091e-310 6.91091e-310 
2.122e-314 2.122e-314 2.122e-314 
2.97801e-316 2.97801e-316 2.97801e-316 
2.42092e-322 2.42092e-322 2.42092e-322 
1.25115e-316 1.25115e-316 1.25115e-316 
0 0 0 
7.41098e-323 7.41098e-323 7.41098e-323 
1.97626e-323 1.97626e-323 1.97626e-323 
3.95253e-323 3.95253e-323 3.95253e-323 3.95253e-323 
1.26975e-321 1.26975e-321 1.26975e-321 1.26975e-321 
6.95694e-320 6.95694e-320 6.95694e-320 6.95694e-320 
-2.57553e+240 -2.57553e+240 -2.57553e+240 -2.57553e+240 
2.122e-314 2.122e-314 2.122e-314 2.122e-314 
2.84423e-316 2.84423e-316 2.84423e-316 2.84423e-316 
2.84972e-316 2.84972e-316 2.84972e-316 2.84972e-316 
2.122e-314 2.122e-314 2.122e-314 2.122e-314 
2.84423e-316 2.84423e-316 2.84423e-316 2.84423e-316 
2.84972e-316 2.84972e-316 2.84972e-316 
2.122e-314 2.122e-314 2.122e-314 
0 0 0 
0 0 0 
2.84423e-316 2.84423e-316 2.84423e-316 
2.8515e-316 2.8515e-316 2.8515e-316 
2.8515e-316 2.8515e-316 2.8515e-316 
2.8515e-316 2.8515e-316 2.8515e-316 
2.84706e-316 2.84706e-316 2.84706e-316 
2.84972e-316 2.84972e-316 2.84972e-316 2.84972e-316 
2.122e-314 2.122e-314 2.122e-314 2.122e-314 
2.84424e-316 2.84424e-316 2.84424e-316 2.84424e-316 
2.84973e-316 2.84973e-316 2.84973e-316 2.84973e-316 
2.122e-314 2.122e-314 2.122e-314 2.122e-314 
2.84424e-316 2.84424e-316 2.84424e-316 2.84424e-316 
2.84973e-316 2.84973e-316 2.84973e-316 2.84973e-316 
2.122e-314 2.122e-314 2.122e-314 2.122e-314 
8.48798e-314 8.48798e-314 8.48798e-314 8.48798e-314 
0 0 0 0 0 
2.84424e-316 2.84424e-316 2.84424e-316 2.84424e-316 2.84424e-316 
2.85149e-316 2.85149e-316 2.85149e-316 2.85149e-316 2.85149e-316 
2.85149e-316 2.85149e-316 2.85149e-316 2.85149e-316 2.85149e-316 
2.85149e-316 2.85149e-316 2.85149e-316 2.85149e-316 2.85149e-316 
0 0 0 0 0 
9.53547e-322 9.53547e-322 9.53547e-322 9.53547e-322 9.53547e-322 
2.80194e-316 2.80194e-316 2.80194e-316 2.80194e-316 2.80194e-316 
-2.57553e+240 -2.57553e+240 -2.57553e+240 -2.57553e+240 -2.57553e+240 
R=9parameters: 
0.24522 0.24522 
1.17355 1.17355 
-0.0203236 -0.0203236 
35.7674 35.7674 
-48.0002 -48.0002 
5.03038e+175 5.03038e+175 
3.5936e+246 3.5936e+246 
2.14726e+243 2.14726e+243 
-1995.88 -1995.88 
1.63042e-322 1.63042e-322 1.63042e-322 
6.91091e-310 6.91091e-310 6.91091e-310 
2.122e-314 2.122e-314 2.122e-314 
2.80679e-316 2.80679e-316 2.80679e-316 
2.42092e-322 2.42092e-322 2.42092e-322 
1.25115e-316 1.25115e-316 1.25115e-316 
0 0 0 
7.41098e-323 7.41098e-323 7.41098e-323 
1.97626e-323 1.97626e-323 1.97626e-323 
3.95253e-323 3.95253e-323 3.95253e-323 3.95253e-323 
1.26975e-321 1.26975e-321 1.26975e-321 1.26975e-321 
6.95694e-320 6.95694e-320 6.95694e-320 6.95694e-320 
-2.57553e+240 -2.57553e+240 -2.57553e+240 -2.57553e+240 
2.122e-314 2.122e-314 2.122e-314 2.122e-314 
2.84423e-316 2.84423e-316 2.84423e-316 2.84423e-316 
2.84972e-316 2.84972e-316 2.84972e-316 2.84972e-316 
2.122e-314 2.122e-314 2.122e-314 2.122e-314 
2.84423e-316 2.84423e-316 2.84423e-316 2.84423e-316 
2.84972e-316 2.84972e-316 2.84972e-316 
2.122e-314 2.122e-314 2.122e-314 
0 0 0 
0 0 0 
2.84423e-316 2.84423e-316 2.84423e-316 
2.8515e-316 2.8515e-316 2.8515e-316 
2.8515e-316 2.8515e-316 2.8515e-316 
2.8515e-316 2.8515e-316 2.8515e-316 
2.84706e-316 2.84706e-316 2.84706e-316 
2.84972e-316 2.84972e-316 2.84972e-316 2.84972e-316 
2.122e-314 2.122e-314 2.122e-314 2.122e-314 
2.84424e-316 2.84424e-316 2.84424e-316 2.84424e-316 
2.84973e-316 2.84973e-316 2.84973e-316 2.84973e-316 
2.122e-314 2.122e-314 2.122e-314 2.122e-314 
2.84424e-316 2.84424e-316 2.84424e-316 2.84424e-316 
2.84973e-316 2.84973e-316 2.84973e-316 2.84973e-316 
2.122e-314 2.122e-314 2.122e-314 2.122e-314 
8.48798e-314 8.48798e-314 8.48798e-314 8.48798e-314 
0 0 0 0 0 
2.84424e-316 2.84424e-316 2.84424e-316 2.84424e-316 2.84424e-316 
2.85149e-316 2.85149e-316 2.85149e-316 2.85149e-316 2.85149e-316 
2.85149e-316 2.85149e-316 2.85149e-316 2.85149e-316 2.85149e-316 
2.85149e-316 2.85149e-316 2.85149e-316 2.85149e-316 2.85149e-316 
0 0 0 0 0 
9.53547e-322 9.53547e-322 9.53547e-322 9.53547e-322 9.53547e-322 
2.80194e-316 2.80194e-316 2.80194e-316 2.80194e-316 2.80194e-316 
-2.57553e+240 -2.57553e+240 -2.57553e+240 -2.57553e+240 -2.57553e+240 
R=10parameters: 
0.250711 0.250711 
1.25133 1.25133 
-0.0791172 -0.0791172 
-4.3276 -4.3276 
5.33653 5.33653 
5.03038e+175 5.03038e+175 
3.5936e+246 3.5936e+246 
2.14726e+243 2.14726e+243 
-1995.88 -1995.88 
1.63042e-322 1.63042e-322 1.63042e-322 
6.91091e-310 6.91091e-310 6.91091e-310 
2.122e-314 2.122e-314 2.122e-314 
2.8341e-316 2.8341e-316 2.8341e-316 
2.42092e-322 2.42092e-322 2.42092e-322 
1.25115e-316 1.25115e-316 1.25115e-316 
0 0 0 
7.41098e-323 7.41098e-323 7.41098e-323 
1.97626e-323 1.97626e-323 1.97626e-323 
3.95253e-323 3.95253e-323 3.95253e-323 3.95253e-323 
1.26975e-321 1.26975e-321 1.26975e-321 1.26975e-321 
6.95694e-320 6.95694e-320 6.95694e-320 6.95694e-320 
-2.57553e+240 -2.57553e+240 -2.57553e+240 -2.57553e+240 
2.122e-314 2.122e-314 2.122e-314 2.122e-314 
2.84423e-316 2.84423e-316 2.84423e-316 2.84423e-316 
2.84972e-316 2.84972e-316 2.84972e-316 2.84972e-316 
2.122e-314 2.122e-314 2.122e-314 2.122e-314 
2.84423e-316 2.84423e-316 2.84423e-316 2.84423e-316 
2.84972e-316 2.84972e-316 2.84972e-316 
2.122e-314 2.122e-314 2.122e-314 
0 0 0 
0 0 0 
2.84423e-316 2.84423e-316 2.84423e-316 
2.8515e-316 2.8515e-316 2.8515e-316 
2.8515e-316 2.8515e-316 2.8515e-316 
2.8515e-316 2.8515e-316 2.8515e-316 
2.84706e-316 2.84706e-316 2.84706e-316 
2.84972e-316 2.84972e-316 2.84972e-316 2.84972e-316 
2.122e-314 2.122e-314 2.122e-314 2.122e-314 
2.84424e-316 2.84424e-316 2.84424e-316 2.84424e-316 
2.84973e-316 2.84973e-316 2.84973e-316 2.84973e-316 
2.122e-314 2.122e-314 2.122e-314 2.122e-314 
2.84424e-316 2.84424e-316 2.84424e-316 2.84424e-316 
2.84973e-316 2.84973e-316 2.84973e-316 2.84973e-316 
2.122e-314 2.122e-314 2.122e-314 2.122e-314 
8.48798e-314 8.48798e-314 8.48798e-314 8.48798e-314 
0 0 0 0 0 
2.84424e-316 2.84424e-316 2.84424e-316 2.84424e-316 2.84424e-316 
2.85149e-316 2.85149e-316 2.85149e-316 2.85149e-316 2.85149e-316 
2.85149e-316 2.85149e-316 2.85149e-316 2.85149e-316 2.85149e-316 
2.85149e-316 2.85149e-316 2.85149e-316 2.85149e-316 2.85149e-316 
0 0 0 0 0 
9.53547e-322 9.53547e-322 9.53547e-322 9.53547e-322 9.53547e-322 
2.80194e-316 2.80194e-316 2.80194e-316 2.80194e-316 2.80194e-316 
-2.57553e+240 -2.57553e+240 -2.57553e+240 -2.57553e+240 -2.57553e+240 
R=11parameters: 
0.253451 0.253451 
1.28225 1.28225 
-0.066309 -0.066309 
-5.28343 -5.28343 
7.53343 7.53343 
5.03038e+175 5.03038e+175 
3.5936e+246 3.5936e+246 
2.14726e+243 2.14726e+243 
-1995.88 -1995.88 
1.63042e-322 1.63042e-322 1.63042e-322 
6.91091e-310 6.91091e-310 6.91091e-310 
2.122e-314 2.122e-314 2.122e-314 
2.97626e-316 2.97626e-316 2.97626e-316 
2.42092e-322 2.42092e-322 2.42092e-322 
1.25115e-316 1.25115e-316 1.25115e-316 
0 0 0 
7.41098e-323 7.41098e-323 7.41098e-323 
1.97626e-323 1.97626e-323 1.97626e-323 
3.95253e-323 3.95253e-323 3.95253e-323 3.95253e-323 
1.26975e-321 1.26975e-321 1.26975e-321 1.26975e-321 
6.95694e-320 6.95694e-320 6.95694e-320 6.95694e-320 
-2.57553e+240 -2.57553e+240 -2.57553e+240 -2.57553e+240 
2.122e-314 2.122e-314 2.122e-314 2.122e-314 
2.84423e-316 2.84423e-316 2.84423e-316 2.84423e-316 
2.84972e-316 2.84972e-316 2.84972e-316 2.84972e-316 
2.122e-314 2.122e-314 2.122e-314 2.122e-314 
2.84423e-316 2.84423e-316 2.84423e-316 2.84423e-316 
2.84972e-316 2.84972e-316 2.84972e-316 
2.122e-314 2.122e-314 2.122e-314 
0 0 0 
0 0 0 
2.84423e-316 2.84423e-316 2.84423e-316 
2.8515e-316 2.8515e-316 2.8515e-316 
2.8515e-316 2.8515e-316 2.8515e-316 
2.8515e-316 2.8515e-316 2.8515e-316 
2.84706e-316 2.84706e-316 2.84706e-316 
2.84972e-316 2.84972e-316 2.84972e-316 2.84972e-316 
2.122e-314 2.122e-314 2.122e-314 2.122e-314 
2.84424e-316 2.84424e-316 2.84424e-316 2.84424e-316 
2.84973e-316 2.84973e-316 2.84973e-316 2.84973e-316 
2.122e-314 2.122e-314 2.122e-314 2.122e-314 
2.84424e-316 2.84424e-316 2.84424e-316 2.84424e-316 
2.84973e-316 2.84973e-316 2.84973e-316 2.84973e-316 
2.122e-314 2.122e-314 2.122e-314 2.122e-314 
8.48798e-314 8.48798e-314 8.48798e-314 8.48798e-314 
0 0 0 0 0 
2.84424e-316 2.84424e-316 2.84424e-316 2.84424e-316 2.84424e-316 
2.85149e-316 2.85149e-316 2.85149e-316 2.85149e-316 2.85149e-316 
2.85149e-316 2.85149e-316 2.85149e-316 2.85149e-316 2.85149e-316 
2.85149e-316 2.85149e-316 2.85149e-316 2.85149e-316 2.85149e-316 
0 0 0 0 0 
9.53547e-322 9.53547e-322 9.53547e-322 9.53547e-322 9.53547e-322 
2.80194e-316 2.80194e-316 2.80194e-316 2.80194e-316 2.80194e-316 
-2.57553e+240 -2.57553e+240 -2.57553e+240 -2.57553e+240 -2.57553e+240 
T Models:
(* Fitting with shape 1 1 1 1 1 1 1 1 1 1 0 0 *)
G[T_,xx_]:=Exp[0+xx[[1]]*T^1+xx[[2]]*T^2]*(1)
(* Fitting with shape 1 1 1 1 1 1 1 1 1 1 1 0 *)
G[T_,xx_]:=Exp[0+xx[[1]]*T^1+xx[[2]]*T^2]*(1)
(* Fitting with shape 1 1 1 1 1 1 1 1 1 1 1 1 *)
G[T_,xx_]:=Exp[0+xx[[1]]*T^1+xx[[2]]*T^2]*(1)
(* Fitting with shape 0 1 1 1 1 1 1 1 1 1 0 0 *)
G[T_,xx_]:=Exp[0+xx[[1]]*T^1+xx[[2]]*T^2]*(1)
(* Fitting with shape 0 1 1 1 1 1 1 1 1 1 1 0 *)
G[T_,xx_]:=Exp[0+xx[[1]]*T^1+xx[[2]]*T^2]*(1)
(* Fitting with shape 0 1 1 1 1 1 1 1 1 1 1 1 *)
G[T_,xx_]:=Exp[0+xx[[1]]*T^1+xx[[2]]*T^2]*(1)
(* Fitting with shape 0 0 1 1 1 1 1 1 1 1 0 0 *)
G[T_,xx_]:=Exp[0+xx[[1]]*T^1+xx[[2]]*T^2]*(1)
(* Fitting with shape 0 0 1 1 1 1 1 1 1 1 1 0 *)
G[T_,xx_]:=Exp[0+xx[[1]]*T^1+xx[[2]]*T^2]*(1)
(* Fitting with shape 0 0 1 1 1 1 1 1 1 1 1 1 *)
G[T_,xx_]:=Exp[0+xx[[1]]*T^1+xx[[2]]*T^2]*(1)
(* Fitting with shape 1 1 1 1 1 1 1 1 1 1 0 0 *)
G[T_,xx_]:=Exp[0+xx[[1]]*T^1+xx[[2]]*T^2]*(1+xx[[3]]/(T^1))
(* Fitting with shape 1 1 1 1 1 1 1 1 1 1 1 0 *)
G[T_,xx_]:=Exp[0+xx[[1]]*T^1+xx[[2]]*T^2]*(1+xx[[3]]/(T^1))
(* Fitting with shape 1 1 1 1 1 1 1 1 1 1 1 1 *)
G[T_,xx_]:=Exp[0+xx[[1]]*T^1+xx[[2]]*T^2]*(1+xx[[3]]/(T^1))
(* Fitting with shape 0 1 1 1 1 1 1 1 1 1 0 0 *)
G[T_,xx_]:=Exp[0+xx[[1]]*T^1+xx[[2]]*T^2]*(1+xx[[3]]/(T^1))
(* Fitting with shape 0 1 1 1 1 1 1 1 1 1 1 0 *)
G[T_,xx_]:=Exp[0+xx[[1]]*T^1+xx[[2]]*T^2]*(1+xx[[3]]/(T^1))
(* Fitting with shape 0 1 1 1 1 1 1 1 1 1 1 1 *)
G[T_,xx_]:=Exp[0+xx[[1]]*T^1+xx[[2]]*T^2]*(1+xx[[3]]/(T^1))
(* Fitting with shape 0 0 1 1 1 1 1 1 1 1 0 0 *)
G[T_,xx_]:=Exp[0+xx[[1]]*T^1+xx[[2]]*T^2]*(1+xx[[3]]/(T^1))
(* Fitting with shape 0 0 1 1 1 1 1 1 1 1 1 0 *)
G[T_,xx_]:=Exp[0+xx[[1]]*T^1+xx[[2]]*T^2]*(1+xx[[3]]/(T^1))
(* Fitting with shape 0 0 1 1 1 1 1 1 1 1 1 1 *)
G[T_,xx_]:=Exp[0+xx[[1]]*T^1+xx[[2]]*T^2]*(1+xx[[3]]/(T^1))
(* Fitting with shape 1 1 1 1 1 1 1 1 1 1 0 0 *)
G[T_,xx_]:=Exp[0+xx[[1]]*T^1+xx[[2]]*T^2]*(1+xx[[3]]/(T^1)+xx[[4]]/(T^2))
(* Fitting with shape 1 1 1 1 1 1 1 1 1 1 1 0 *)
G[T_,xx_]:=Exp[0+xx[[1]]*T^1+xx[[2]]*T^2]*(1+xx[[3]]/(T^1)+xx[[4]]/(T^2))
(* Fitting with shape 1 1 1 1 1 1 1 1 1 1 1 1 *)
G[T_,xx_]:=Exp[0+xx[[1]]*T^1+xx[[2]]*T^2]*(1+xx[[3]]/(T^1)+xx[[4]]/(T^2))
(* Fitting with shape 0 1 1 1 1 1 1 1 1 1 0 0 *)
G[T_,xx_]:=Exp[0+xx[[1]]*T^1+xx[[2]]*T^2]*(1+xx[[3]]/(T^1)+xx[[4]]/(T^2))
(* Fitting with shape 0 1 1 1 1 1 1 1 1 1 1 0 *)
G[T_,xx_]:=Exp[0+xx[[1]]*T^1+xx[[2]]*T^2]*(1+xx[[3]]/(T^1)+xx[[4]]/(T^2))
(* Fitting with shape 0 1 1 1 1 1 1 1 1 1 1 1 *)
G[T_,xx_]:=Exp[0+xx[[1]]*T^1+xx[[2]]*T^2]*(1+xx[[3]]/(T^1)+xx[[4]]/(T^2))
(* Fitting with shape 0 0 1 1 1 1 1 1 1 1 0 0 *)
G[T_,xx_]:=Exp[0+xx[[1]]*T^1+xx[[2]]*T^2]*(1+xx[[3]]/(T^1)+xx[[4]]/(T^2))
(* Fitting with shape 0 0 1 1 1 1 1 1 1 1 1 0 *)
G[T_,xx_]:=Exp[0+xx[[1]]*T^1+xx[[2]]*T^2]*(1+xx[[3]]/(T^1)+xx[[4]]/(T^2))
(* Fitting with shape 0 0 1 1 1 1 1 1 1 1 1 1 *)
G[T_,xx_]:=Exp[0+xx[[1]]*T^1+xx[[2]]*T^2]*(1+xx[[3]]/(T^1)+xx[[4]]/(T^2))
(* Fitting with shape 1 1 1 1 1 1 1 1 1 1 0 0 *)
G[T_,xx_]:=Exp[0+xx[[1]]*T^1+xx[[2]]*T^2+xx[[3]]*T^3]*(1)
(* Fitting with shape 1 1 1 1 1 1 1 1 1 1 1 0 *)
G[T_,xx_]:=Exp[0+xx[[1]]*T^1+xx[[2]]*T^2+xx[[3]]*T^3]*(1)
(* Fitting with shape 1 1 1 1 1 1 1 1 1 1 1 1 *)
G[T_,xx_]:=Exp[0+xx[[1]]*T^1+xx[[2]]*T^2+xx[[3]]*T^3]*(1)
(* Fitting with shape 0 1 1 1 1 1 1 1 1 1 0 0 *)
G[T_,xx_]:=Exp[0+xx[[1]]*T^1+xx[[2]]*T^2+xx[[3]]*T^3]*(1)
(* Fitting with shape 0 1 1 1 1 1 1 1 1 1 1 0 *)
G[T_,xx_]:=Exp[0+xx[[1]]*T^1+xx[[2]]*T^2+xx[[3]]*T^3]*(1)
(* Fitting with shape 0 1 1 1 1 1 1 1 1 1 1 1 *)
G[T_,xx_]:=Exp[0+xx[[1]]*T^1+xx[[2]]*T^2+xx[[3]]*T^3]*(1)
(* Fitting with shape 0 0 1 1 1 1 1 1 1 1 0 0 *)
G[T_,xx_]:=Exp[0+xx[[1]]*T^1+xx[[2]]*T^2+xx[[3]]*T^3]*(1)
(* Fitting with shape 0 0 1 1 1 1 1 1 1 1 1 0 *)
G[T_,xx_]:=Exp[0+xx[[1]]*T^1+xx[[2]]*T^2+xx[[3]]*T^3]*(1)
(* Fitting with shape 0 0 1 1 1 1 1 1 1 1 1 1 *)
G[T_,xx_]:=Exp[0+xx[[1]]*T^1+xx[[2]]*T^2+xx[[3]]*T^3]*(1)
(* Fitting with shape 1 1 1 1 1 1 1 1 1 1 0 0 *)
G[T_,xx_]:=Exp[0+xx[[1]]*T^1+xx[[2]]*T^2+xx[[3]]*T^3]*(1+xx[[4]]/(T^1))
(* Fitting with shape 1 1 1 1 1 1 1 1 1 1 1 0 *)
G[T_,xx_]:=Exp[0+xx[[1]]*T^1+xx[[2]]*T^2+xx[[3]]*T^3]*(1+xx[[4]]/(T^1))
(* Fitting with shape 1 1 1 1 1 1 1 1 1 1 1 1 *)
G[T_,xx_]:=Exp[0+xx[[1]]*T^1+xx[[2]]*T^2+xx[[3]]*T^3]*(1+xx[[4]]/(T^1))
(* Fitting with shape 0 1 1 1 1 1 1 1 1 1 0 0 *)
G[T_,xx_]:=Exp[0+xx[[1]]*T^1+xx[[2]]*T^2+xx[[3]]*T^3]*(1+xx[[4]]/(T^1))
(* Fitting with shape 0 1 1 1 1 1 1 1 1 1 1 0 *)
G[T_,xx_]:=Exp[0+xx[[1]]*T^1+xx[[2]]*T^2+xx[[3]]*T^3]*(1+xx[[4]]/(T^1))
(* Fitting with shape 0 1 1 1 1 1 1 1 1 1 1 1 *)
G[T_,xx_]:=Exp[0+xx[[1]]*T^1+xx[[2]]*T^2+xx[[3]]*T^3]*(1+xx[[4]]/(T^1))
(* Fitting with shape 0 0 1 1 1 1 1 1 1 1 0 0 *)
G[T_,xx_]:=Exp[0+xx[[1]]*T^1+xx[[2]]*T^2+xx[[3]]*T^3]*(1+xx[[4]]/(T^1))
(* Fitting with shape 0 0 1 1 1 1 1 1 1 1 1 0 *)
G[T_,xx_]:=Exp[0+xx[[1]]*T^1+xx[[2]]*T^2+xx[[3]]*T^3]*(1+xx[[4]]/(T^1))
(* Fitting with shape 0 0 1 1 1 1 1 1 1 1 1 1 *)
G[T_,xx_]:=Exp[0+xx[[1]]*T^1+xx[[2]]*T^2+xx[[3]]*T^3]*(1+xx[[4]]/(T^1))
(* Fitting with shape 1 1 1 1 1 1 1 1 1 1 0 0 *)
G[T_,xx_]:=Exp[0+xx[[1]]*T^1+xx[[2]]*T^2+xx[[3]]*T^3]*(1+xx[[4]]/(T^1)+xx[[5]]/(T^2))
(* Fitting with shape 1 1 1 1 1 1 1 1 1 1 1 0 *)
G[T_,xx_]:=Exp[0+xx[[1]]*T^1+xx[[2]]*T^2+xx[[3]]*T^3]*(1+xx[[4]]/(T^1)+xx[[5]]/(T^2))
(* Fitting with shape 1 1 1 1 1 1 1 1 1 1 1 1 *)
G[T_,xx_]:=Exp[0+xx[[1]]*T^1+xx[[2]]*T^2+xx[[3]]*T^3]*(1+xx[[4]]/(T^1)+xx[[5]]/(T^2))
(* Fitting with shape 0 1 1 1 1 1 1 1 1 1 0 0 *)
G[T_,xx_]:=Exp[0+xx[[1]]*T^1+xx[[2]]*T^2+xx[[3]]*T^3]*(1+xx[[4]]/(T^1)+xx[[5]]/(T^2))
(* Fitting with shape 0 1 1 1 1 1 1 1 1 1 1 0 *)
G[T_,xx_]:=Exp[0+xx[[1]]*T^1+xx[[2]]*T^2+xx[[3]]*T^3]*(1+xx[[4]]/(T^1)+xx[[5]]/(T^2))
(* Fitting with shape 0 1 1 1 1 1 1 1 1 1 1 1 *)
G[T_,xx_]:=Exp[0+xx[[1]]*T^1+xx[[2]]*T^2+xx[[3]]*T^3]*(1+xx[[4]]/(T^1)+xx[[5]]/(T^2))
(* Fitting with shape 0 0 1 1 1 1 1 1 1 1 0 0 *)
G[T_,xx_]:=Exp[0+xx[[1]]*T^1+xx[[2]]*T^2+xx[[3]]*T^3]*(1+xx[[4]]/(T^1)+xx[[5]]/(T^2))
(* Fitting with shape 0 0 1 1 1 1 1 1 1 1 1 0 *)
G[T_,xx_]:=Exp[0+xx[[1]]*T^1+xx[[2]]*T^2+xx[[3]]*T^3]*(1+xx[[4]]/(T^1)+xx[[5]]/(T^2))
(* Fitting with shape 0 0 1 1 1 1 1 1 1 1 1 1 *)
G[T_,xx_]:=Exp[0+xx[[1]]*T^1+xx[[2]]*T^2+xx[[3]]*T^3]*(1+xx[[4]]/(T^1)+xx[[5]]/(T^2))
Probabilities: 
         0          0          0          0          0          0          0          0          0          0          0          0          0          0          0          0          0          0          0          0          0          0          0          0    0.52208          0          0          0          0          0          0          0          0          0          0          0          0          0          0          0          0          0   0.285838          0          0          0          0          0          0          0          0   0.192082          0          0
         0          0          0          0          0          0          0          0          0          0          0          0          0          0          0   0.140316          0          0          0          0          0          0          0          0   0.627038          0          0          0          0          0          0          0          0          0          0          0          0          0          0          0          0          0          0          0          0          0          0          0          0          0          0   0.232646          0          0
         0          0          0          0          0          0          0          0          0          0          0          0          0          0          0   0.729246          0          0          0          0          0          0          0          0   0.270754          0          0          0          0          0          0          0          0          0          0          0          0          0          0          0          0          0          0          0          0          0          0          0          0          0          0          0          0          0
         0          0          0          0          0          0          0          0          0          0          0          0          0          0          0   0.624829          0          0          0          0          0          0          0          0   0.270921          0          0          0          0          0          0          0          0          0          0          0          0          0          0          0          0          0          0          0          0          0          0          0          0          0          0    0.10425          0          0
         0          0          0          0          0          0          0          0          0          0          0          0          0          0          0   0.565671          0          0          0          0          0          0          0          0   0.215186          0          0          0          0          0          0          0          0          0          0          0          0          0          0          0          0          0          0          0          0          0          0          0          0          0          0   0.219143          0          0
         0          0          0          0          0          0          0          0          0          0          0          0          0          0          0   0.336298          0          0          0          0          0          0          0          0   0.250772          0          0          0          0          0          0          0          0          0          0          0          0          0          0          0          0          0   0.412931          0          0          0          0          0          0          0          0          0          0          0
         0          0          0          0          0          0 0.00526368          0          0          0          0          0          0          0          0   0.425699          0          0          0          0          0          0          0          0   0.215489          0          0          0          0          0          0          0          0          0          0          0          0          0          0          0          0          0   0.243554          0          0          0          0          0          0          0          0   0.109995          0          0
         0          0          0          0          0          0 0.00804631          0          0          0          0          0          0          0          0   0.653116          0          0          0          0          0          0          0          0   0.232332          0          0          0          0          0          0          0          0          0          0          0          0          0          0          0          0          0          0          0          0          0          0          0          0          0          0   0.106505          0          0
         0          0          0          0          0          0          0          0          0          0          0          0          0          0          0   0.244659          0          0          0          0          0          0          0          0   0.122271          0          0          0          0          0          0          0          0          0          0          0          0          0          0          0          0          0    0.46205          0          0          0          0          0          0          0          0    0.17102          0          0
         0          0          0          0          0          0   0.159407          0          0          0          0          0          0          0          0          0          0          0          0          0          0          0          0          0  0.0240431          0          0          0          0          0          0          0          0          0          0          0          0          0          0          0          0          0    0.45331          0          0          0          0          0          0          0          0    0.36324          0          0
         0          0          0          0          0          0          0          0          0          0          0          0          0          0          0   0.538713          0          0          0          0          0          0          0          0   0.199196          0          0          0          0          0          0          0          0          0          0          0          0          0          0          0          0          0    0.18286          0          0          0          0          0          0          0          0  0.0792309          0          0
         0          0          0          0          0          0   0.375866          0          0          0          0          0          0          0          0   0.356267          0          0          0          0          0          0          0          0   0.140131          0          0          0          0          0          0          0          0          0          0          0          0          0          0          0          0          0          0          0          0          0          0          0          0          0          0   0.127736          0          0

Values: 
  0.231616    0.23167   0.231668   0.229822   0.229829    0.22983    0.22858   0.228564   0.228566   0.227493   0.227483   0.227482   0.226825   0.399515    0.41473   0.466797   0.226618   0.412501   0.226588   0.226598   0.226599   0.226594   0.226604    0.22661    0.22717   0.496048   0.227185   0.907647    1.05202   0.235046    1.07562    1.07164      1.072    1.01494    1.02194    1.02059    0.98374   0.983755   0.983427    0.22682   0.890245   0.889725   0.225691   0.707588   0.225744   0.898747   0.918058   0.920378   0.224931 -0.0522424   0.225147    0.22715   0.611992   0.719072
  0.367523   0.367591   0.367605   0.363958   0.758142   0.735004   0.360714   0.360698   0.360697   0.358376   0.358367   0.358365   0.356718   0.356707   0.411338   0.356133   0.356111   0.356106   0.356172   0.356158   0.356159   0.355898   0.345228    0.35585   0.357808    0.35778    0.35785   0.376944          1          1   0.370007    1.18428    1.18788    1.22088    0.36561          1    0.54559    0.95985   0.957939   0.357336   0.357448   0.357431   0.709887    4.59574   0.353327   0.355445   0.355647   0.355617   0.350071   0.350793   0.350698   0.358546   0.359806   0.666442
  0.466666    0.46667   0.466528   0.461123   0.461137   0.461147   0.456685   0.456715   0.456705   0.452194   0.452211   0.452167   0.620754    0.67782    0.77434   0.447942   0.447893   0.447797   0.449002   0.449008   0.449015   0.446438   0.459282   0.446223   0.448216   0.448525   0.448514   0.487452   0.487345   0.487358    1.23941    1.18975    1.18395    0.99562    1.08567   0.989944   0.922999   0.926594   0.924976   0.454881   0.454495   0.956864   0.533215   0.445626   0.445755    0.45309   0.452453   0.453034   0.439203     1.0644   0.437336   0.893721   0.434804   0.439811
  0.557086   0.556935   0.556943   0.547449   0.547324   0.547352   0.540869   0.540743   0.540747   0.533487   0.533323    0.53333   0.834717   0.841998   0.793755   0.525663   0.525288   0.525433   0.528337   0.528154   0.528191     0.5233   0.523007   0.523118   0.528059   0.529106   0.528821   0.587134          1   0.587091    1.09878    1.10097    1.09875      1.052    1.05409    1.05908    1.15077   0.540664   0.913084   0.978557   0.537133   0.537178   0.770043   0.991394   0.518375   0.536255   0.533738   0.533908   0.505368    1.85166   0.499755    0.54142    5.62934    2.26603
  0.647311   0.647268   0.647552   0.629744   0.629756   0.629682   0.620251   0.620365   0.620287   0.609924   0.610002   0.609825   0.605642   0.605774   0.605674   0.598932   0.598993   0.598899   0.603391   0.603545     0.6035   0.594392    0.59457   0.594616   0.601858   0.602886   0.604118   0.695508   0.695317   0.696175    1.30675    1.27422    1.11341      1.017    1.02202    1.02359   0.623236   0.622989   0.622627     1.2944    0.82857    1.06496   0.860488    0.86012   0.699634   0.981729   0.976141    0.98004   0.999797   0.877748   0.887735    0.73905   0.709325   0.733956
  0.735556   0.735757   0.735268   0.712873   0.712768   0.712503   0.697885   0.697772   0.697538   0.685252   0.685066   0.684799   0.675217   0.675071   0.674818   0.666028   0.666525   0.666135   0.670473   0.670409    0.67015   0.656383   0.657736    0.65715   0.630596   0.636116   0.634254    0.80615   0.805944   0.806661    1.11236    1.11137    1.11098   0.996481    1.29094    1.00387   0.712914   0.711482   0.711476   0.718712    1.21777    0.71376   0.742858   0.726391    0.72932   0.979794   0.976175   0.976999     0.9455   0.679037    1.35453   -1.43271    0.80812    5.70706
  0.827237   0.827355   0.827063   0.797527   0.797762   0.797929   0.773174   0.773199   0.773234   0.759882   0.760082   0.760518   0.740509   0.740245   0.740496   0.736852   0.736294   0.737565   0.733118   0.732665   0.732976   0.723112   0.722987   0.732782   0.689469   0.692231   0.690204    1.23651   0.928942    1.34413    1.12885    1.13054     1.3913    1.19904     1.2759   0.985943   0.800981   0.801474   0.801948   0.769035    1.22089   0.765613   0.825593   0.883655   0.817956   0.946142   0.940703    0.75162   0.869954   0.905545   0.853343    1.06638   0.815987   0.609612
  0.931738   0.931573    0.93112   0.882783   0.884125   0.884301   0.845868   0.846293   0.846319   0.832321   0.834377   0.834447   0.786921   0.785705   0.785758   0.774202   0.771179   0.771541    0.76616   0.763397   0.763636    0.75941   0.755878   0.786143    0.78109   0.780869   0.780886    1.38728    1.34013     1.3054    1.20277     1.1087    1.24717    1.32083    1.01714    1.02505   0.922937   0.927733   0.927306    1.02345    1.10649   0.842822     3.4816   0.835527   0.678092   0.809522   0.791639    0.91753   0.579708    0.79944   0.765962   0.992175   0.667899   0.677852
   1.05673    1.05673    1.05732   0.979563   0.980559   0.981065   0.925652   0.924958   0.925255   0.913735   0.914745   0.915239   0.825549   0.822194   0.823019   0.785874   0.780704   0.785982    0.75711    0.74585    0.74982   0.709587   0.708589   0.710934   0.712624   0.710122   0.713509   0.986426   0.985883   0.985323    1.13673    1.29305    1.27129    1.01357    1.01875    1.04143    1.08124    1.08502    1.07969    1.01285    1.00599    1.00292    1.34932    1.27905    1.20855   0.996782   0.980946   0.949516    1.47765    1.38228     1.3055    1.51137    1.05699   0.991005
   1.17303    1.17355    1.17372    1.08313    1.08393    1.08511    1.00975    1.00963    1.00955    1.01217    1.01199    1.01352   0.905777    0.90592   0.905893   0.971352   0.971282    0.99034   0.814275   0.816753   0.819378   0.949462   0.949614   0.949512   0.985331   0.984961   0.988713   0.951609    1.31683    1.31491    1.26026    1.10303    1.10201    1.04541    1.04621    1.01348   0.965524          1          1    1.02548   0.955713    1.02547    1.97287    1.87264    1.74563   0.901207    1.04452   0.960698    2.19281    0.96515    1.93295    3.02094    2.53263    2.07219
   1.25135    1.25133    1.25125    1.17206    1.17202    1.17438    1.08458    1.08522    1.08632    1.10872    1.10866    1.11271   0.994028   0.994739   0.998101    1.19405    1.19252    1.20159   0.950614    0.95115   0.957669    1.26439    1.26222    1.27254    1.13794    1.13698    1.14358    1.38189    1.38163    1.37854    1.19117    1.15719    1.10117     1.2567    1.02189    1.04126   0.964854   0.964848   0.964761   0.737071   0.733657   0.732568   0.820114    1.45666    1.56104   0.877698   0.877761   0.860041   0.899927    1.59718    1.54215    2.46144   0.615498    2.20944
   1.28183    1.28225    1.28172    1.19911    1.19828     1.1982    1.09019    1.08825     1.0875    1.13046     1.1285    1.12834   0.955465   0.949876   0.946847    1.28524    1.28887      1.289    0.90367   0.908671   0.908811    1.02602    1.37875    1.02269    1.20651    1.20876    1.20887    1.04391    1.01777   0.944147     1.1077    1.11354    1.11102    1.02813   0.767689   0.985233   0.969404   0.969364   0.970173   0.818141   0.853364   0.791163   0.748986    2.53074    2.34285   0.961496   0.972476   0.879548    2.76373    2.77232   0.951321    3.51679    2.28797    2.14675

Errors: 
 4.8038e-05 4.80221e-05 4.79785e-05 5.10631e-05 5.10536e-05 5.10054e-05 6.05636e-05 6.00724e-05 6.00268e-05 6.13287e-05 6.11056e-05 6.10693e-05 8.74676e-05   0.0017644  0.00185685           1 0.000119162     0.41091 0.000103065 0.000100508 0.000100612 0.000157575 0.000156129 0.000155184 0.000230201           1 0.000228607           0           0 6.62765e-05           0           0           0           0           0           0    0.944026 1.96753e-05 1.66326e-05 0.000204055           1    0.369672 0.000366901 7.70503e-06 0.000348384    0.487561    0.574985  2.1682e-05 0.000589604 0.000172875  0.00053487  0.00135156 0.000407676           1
          0           0           0 0.000145823           0           0 0.000184294 0.000183828 0.000184032 0.000181648 0.000181607  0.00018179 0.000266366 0.000264903           0 0.000340623 0.000339532 0.000338434 0.000315528 0.000307437 0.000308503 0.000480853           0 0.000467352 0.000822131 0.000817661 0.000272988 0.000221531           0           0 0.000262195           0           0           0 0.000403249           0           0           0           0 0.000836785 0.000821196 0.000823859           1           1  0.00150996  0.00114702  0.00110574  0.00111492  0.00252031  0.00244961  0.00241489  0.00522138  0.00469711  4.8262e-05
          0           0           0 0.000285834 0.000284749 0.000281873 0.000359152 0.000358498 0.000359088 0.000357255 0.000358767 0.000357207           0           0           0 0.000835545 0.000836265 0.000825217 0.000700308 0.000696715 0.000695292  0.00124407           0  0.00123182  0.00217451  0.00216564  0.00217903 0.000496632 0.000502524  0.00049397           0           0           0           0     1.00135     1.01039           0           0           0  0.00204388  0.00201157           1           1  0.00381427  0.00375874  0.00267748  0.00270172  0.00260516  0.00650351 0.000561666  0.00621139      1.1915   0.0116716   0.0111617
0.000488147 0.000487946 0.000488552 0.000522943 0.000521667 0.000520482 0.000680633 0.000678128 0.000656822 0.000700433 0.000695408 0.000693222           0           0           0  0.00194232  0.00192356  0.00186707  0.00148095  0.00145206  0.00145179   0.0028153  0.00280786  0.00279206  0.00455722  0.00413468  0.00433626 0.000942435           0  0.00095315           0           0           0     1.01703     1.01661     1.01619           0  0.00195869           0      1.0001  0.00441693  0.00431149     1.00002     1.00016  0.00858656  0.00591036   0.0058162   0.0057745   0.0145409     1.11373   0.0133325   0.0207566     1.00511     1.04814
          0           0           0 0.000945173 0.000938417 0.000930523  0.00119894  0.00118895  0.00118785  0.00129092  0.00128317  0.00128941  0.00203092  0.00202165  0.00202828  0.00389557  0.00388416   0.0038497  0.00257921  0.00257946  0.00257782  0.00629072  0.00646324  0.00631576   0.0118144   0.0114128   0.0111115  0.00178239  0.00177528  0.00176139           0           0           0           0           0           0  0.00430754  0.00426429  0.00422376     1.00003           0      1.0003     1.00054     1.00009     1.00002  0.00195512  0.00121632  0.00181077   0.0112593     1.00003     1.00006   0.0300173   0.0289011   0.0282268
  0.0013264  0.00132838  0.00132621  0.00149383  0.00150031  0.00147218   0.0020861  0.00208318  0.00206613  0.00216754  0.00212799  0.00211153  0.00375114  0.00399186  0.00372664  0.00671219  0.00670297   0.0066682  0.00491514  0.00484042   0.0048969     0.01116   0.0107253   0.0109763   0.0246734   0.0259392   0.0257355  0.00308743  0.00305823  0.00302135           0           0           0           0     1.00156           0  0.00721361  0.00757667  0.00715344   0.0192395     1.00036   0.0186373   0.0453478   0.0444004   0.0451333    0.012205   0.0110861    0.011847 0.000636429   0.0501967  0.00132029  0.00440029   0.0375709           1
 0.00191201  0.00193019  0.00192963  0.00219744  0.00219349  0.00217381  0.00363474  0.00363496  0.00363841  0.00337991  0.00337162  0.00332503  0.00703564    0.007076  0.00709395    0.012126   0.0123049   0.0120182   0.0103545  0.00972929  0.00937004  0.00460357  0.00463352   0.0190748   0.0525308   0.0593725   0.0400754           0  0.00491867           0           0           0     1.00563      1.0077     1.00191           0   0.0132992   0.0132324   0.0123691   0.0367114     1.00082   0.0365622    0.085329     1.00072    0.086024  0.00278589  0.00136866   0.0356022   0.0457418  0.00244467    0.043561   0.0508734   0.0453367  0.00928434
          0           0           0  0.00361792  0.00361573  0.00356646  0.00602437  0.00602641   0.0060254  0.00547508  0.00540284  0.00546641   0.0135099   0.0130907   0.0135034    0.025142   0.0248387   0.0248328   0.0191996   0.0201068   0.0200588   0.0417642   0.0484611           0   0.0131303           0           0           0           0           0           0           0           0           0      1.2307           0   0.0230938   0.0227908   0.0225523     1.01171     1.00032    0.069983           1    0.179523     1.00195   0.0505506   0.0493001     0.00314   0.0441485   0.0512739   0.0066628   0.0649012   0.0814339   0.0789119
 0.00489123  0.00489106  0.00488835  0.00657689  0.00657874  0.00657627           0           0           0   0.0102843   0.0102627   0.0102579    0.028799   0.0292164   0.0281505   0.0609678   0.0556002   0.0623956    0.036776   0.0592248   0.0381711   0.0194428   0.0231828   0.0161873   0.0350241   0.0375778   0.0303439           0           0           0   0.0251413           0           0           0           0      1.8103   0.0384689   0.0383161   0.0369083    0.101863    0.111662     1.00038    0.210195    0.200899    0.200354   0.0651554   0.0631377   0.0603695   0.0781296   0.0749486  0.00533173   0.0835141    0.104399    0.106077
 0.00680316  0.00675384  0.00674416   0.0110862   0.0110561    0.011019   0.0173617   0.0171882   0.0171858   0.0175981   0.0175391   0.0176579   0.0469493    0.049457   0.0460187           0           0   0.0837176   0.0464721   0.0284103    0.048988   0.0221844   0.0217483   0.0212353   0.0412576   0.0407311   0.0428741           0   0.0143963   0.0141408   0.0373064           0           0      1.7963     1.80814           0           0           0           0    0.260952     1.01105           0   0.0363164    0.244983   0.0313939   0.0128667   0.0760626   0.0660606     0.10074     1.00195   0.0935179    0.111918    0.104933    0.101145
 0.00832127   0.0083208  0.00828893   0.0160251   0.0160245   0.0157949           0           0           0   0.0256859   0.0257343    0.025541   0.0672248   0.0586179   0.0649436    0.108442   0.0928959    0.114707   0.0830882   0.0956924   0.0604833    0.117649    0.109742    0.109813   0.0713654   0.0710847    0.069474   0.0222724   0.0219337   0.0216905           0           0           0           0           0     1.95672           0           0           0   0.0896231   0.0837124   0.0853955    0.176699    0.071024   0.0414531    0.618218    0.368604   0.0668158     1.00054    0.121251    0.118642    0.148008     1.00029    0.141376
 0.00912009  0.00913015  0.00907097   0.0183166   0.0183104   0.0182942    0.030343   0.0301372   0.0298961   0.0299865   0.0291555   0.0289535   0.0858263    0.094811   0.0979043    0.133882    0.136507    0.132597   0.0246243   0.0164582   0.0161761   0.0369101    0.152568   0.0364413    0.101344    0.101543    0.101236           0           0           0           0           0           0     4.33256    0.294356     7.81782           0           0           0    0.106806   0.0702823     1.00018     1.00337    0.438974    0.296614   0.0791436   0.0785915    0.137218    0.132657    0.125525   0.0264353    0.150756    0.197665    0.182448

Statuses: 
0 0 0 0 0 0 0 0 0 0 0 0 0 3 3 3 0 3 0 0 0 0 0 0 0 3 0 3 3 0 3 3 3 3 3 3 3 3 3 0 3 3 0 3 0 3 3 3 0 0 0 0 3 3
2 2 2 0 3 3 0 0 0 0 0 0 0 0 3 0 0 0 0 0 0 0 3 0 0 0 0 0 3 3 0 3 3 3 0 3 3 3 3 0 0 0 3 3 0 0 0 0 0 0 0 0 0 3
2 2 2 0 0 0 0 0 0 0 0 0 3 3 3 0 0 0 0 0 0 0 3 0 0 0 0 0 0 0 3 3 3 3 3 3 3 3 3 0 0 3 3 0 0 0 0 0 0 3 0 3 0 0
0 0 0 0 0 0 0 0 0 0 0 0 3 3 3 0 0 0 0 0 0 0 0 0 0 0 0 0 3 0 3 3 3 3 3 3 3 0 3 3 0 0 3 3 0 0 0 0 0 3 0 0 3 3
2 2 2 0 0 0 0 0 0 0 0 0 0 0 0 0 0 0 0 0 0 0 0 0 0 0 0 0 0 0 3 3 3 3 3 3 0 0 0 3 3 3 3 3 3 3 3 3 3 3 3 0 0 0
0 0 0 0 0 0 0 0 0 0 0 0 0 0 0 0 0 0 0 0 0 0 0 0 0 0 0 0 0 0 3 3 3 3 3 3 0 0 0 0 3 0 0 0 0 3 3 3 3 3 3 1 0 3
0 0 0 0 0 0 0 0 0 0 0 0 0 0 0 0 0 0 0 0 0 0 0 0 0 0 0 3 0 3 3 3 3 3 3 3 0 0 0 0 3 0 0 3 0 3 3 0 0 3 0 0 0 3
2 2 2 0 0 0 0 0 0 0 0 0 0 0 0 0 0 0 0 0 0 0 0 3 0 2 2 3 3 3 3 3 3 3 3 3 0 0 0 3 3 0 3 0 3 0 0 3 0 0 3 0 0 0
0 0 0 0 0 0 2 2 2 0 0 0 0 0 0 0 0 0 0 0 0 0 0 0 0 0 0 3 3 3 0 3 3 3 3 3 0 0 0 0 0 3 0 0 0 0 0 0 0 0 3 0 0 0
0 0 0 0 0 0 0 0 0 0 0 0 0 0 0 2 2 0 0 0 0 0 0 0 0 0 0 3 0 0 0 3 3 3 3 3 3 3 3 0 3 3 0 0 0 3 0 0 0 3 0 0 0 0
0 0 0 0 0 0 2 2 2 0 0 0 0 0 0 0 0 0 0 0 0 0 0 0 0 0 0 0 0 0 3 3 3 3 3 3 3 3 3 0 0 0 0 0 0 3 3 0 3 0 0 0 3 0
0 0 0 0 0 0 0 0 0 0 0 0 0 0 0 0 0 0 0 0 0 0 0 0 0 0 0 3 3 3 3 3 3 3 0 3 3 3 3 0 0 3 3 0 0 0 0 3 0 0 3 0 0 0
chisq per dof: 
11.1432 10.3628 9.42698 3.05699 2.92154 2.70848 1.75497 1.65159 1.57107 1.56138  1.4958 1.44071 1.52181 14354.2 13197.1   14735 1.51428 1664.64 1.68487 1.58718 1.51403 1.82184 1.68504 1.58746 2.00683 13947.6 1.67152 52707.6 35698.1 6.19627 61609.8 55045.3   48185 59199.7 51333.7 44006.5 58701.2 55160.7   49399 1.82617 63430.5 26862.7 2.00894 54248.9 1.67297   78136 69940.5 62481.9 2.26234 104.904 1.84253 2.67578 72925.3 59599.8
6.20529 5.64036 5.17817    2.33 1954.95 1695.27 1.63142 1.54592 1.47869 1.51372 1.45059 1.40068 1.51455 1.44186 501.017 1.60711 1.50635 1.43432 1.67679 1.58068 1.50844 1.81133 156.761 1.58032 2.00015 1.80066 1.66759 4.07332 6061.37 5482.23  1.8148 4283.16 3838.48 5518.87 1.58614 4462.87 2536.33 4052.25 3732.61 1.81661 1.68111 1.58434 7248.31 3538.33 1.66914 2.01152 1.84386 1.72368 2.25466 2.00589  1.8383 2.66683 2.25054 5729.39
4.47973 4.09331   3.804 1.81361  1.7142 1.63492 1.49281 1.42694   1.379  1.4665 1.41038  1.3656 467.706 454.968 477.915 1.60302 1.50444 1.43316 1.67761  1.5831 1.51206 1.80433 257.647  1.5775 2.00374 1.80518 1.67188 2.56179  2.3795 2.22668 1276.09 1040.04 859.957 1317.76 1096.21 944.606 1108.46 988.773 1097.12 1.81101 1.67968 493.122 1250.66  1.8048 1.67167 2.00974 1.84489 1.72558  2.2534 1652.93 1.83818 2146.97 2.25516 2.00578
3.10188 2.91353 2.73416 1.57723 1.51185 1.45593 1.42137 1.36811 1.32242 1.45331 1.40021 1.35576 198.279 172.222 133.312 1.60374 1.50655 1.43458 1.67655 1.58376  1.5109 1.80561 1.67557 1.57928  2.0041 1.80665 1.67287 2.22377 502.204 1.99359 472.235 405.282 355.636 422.437 353.213 303.149 514.034 1.58439 263.961 562.778  1.6808 1.58358 523.603 250.704 1.67283 2.00937 1.84665 1.72577 2.25515 328.822 1.83982 2.67193 376.788 115.687
2.39554 2.24058 2.14915  1.4746 1.41528 1.37147 1.37969 1.32598 1.28755 1.44565 1.39023 1.34863 1.51114 1.43857 1.38601 1.60755 1.50672 1.43691 1.67645 1.58028 1.51004 1.80818 1.67402 1.58042 2.00932 1.80789 1.67614 1.82469 1.72649  1.6556 190.348 176.083 165.813 183.817 153.361 131.804 1.67437 1.57881  1.5087 236.137 70.0348   186.3 224.205 125.211 109.745 361.974 303.021 264.655 137.141 262.058 219.095 2.67435 2.25763 2.00827
1.98108 1.89339 1.82914 1.41089 1.36106 1.32202 1.36909 1.31684 1.27798 1.44619 1.39113 1.34802 1.50831 1.43659 1.38245 1.60602 1.50647 1.43451 1.67337 1.57817  1.5063 1.80512 1.67249 1.57679 2.00506 1.80614 1.67213 1.66797 1.60268 1.53744 100.104  86.387   75.78   75.57 53.3872 55.3048 1.66935 1.57554  1.5038 1.80308 90.0087 1.57576 2.00332  1.8056 1.67156 173.371 145.249 124.969 82.6707 90.0778 88.6409 61.2282 2.25666 33.7554
 1.7753 1.68998 1.62884 1.36511 1.32188 1.28636 1.35166 1.30328 1.26541 1.44345 1.38975 1.34689 1.50592 1.43515 1.38113  1.6069 1.50748 1.43548  1.6723 1.57774 1.50596 1.80701  1.6742 1.57824 2.00751 1.80814 1.67395 21.7654 1.49689 21.3894 49.2665 42.3743 32.8609 32.7736 20.7966 24.4768 1.67296 1.57854 1.50676 1.80628 45.9448 1.57798 2.00709 29.8949 1.67385 57.7697 30.8873 1.72098 2.25693 48.5431 1.84049 2.67516 2.26014 23.8651
1.65486  1.5832 1.52518 1.34984 1.31156   1.277 1.34748 1.30229 1.26451 1.44525 1.39442 1.35061 1.50204 1.43382 1.37961 1.60189 1.50551 1.43333 1.66814  1.5761 1.50412 1.80172 1.67207 1.57667 2.00248 1.80672 1.67231 12.6179  10.499 8.47581 6.07404 18.6001 10.4545 9.96588 13.6953 12.1793 1.66961 1.57797 1.50576 24.2428 11.8331 1.57611 6.27879  1.8065 12.2075 2.00161 1.83873 8.91114 2.25246 2.00648 20.0308 2.66894 2.25796 2.00644
1.47572 1.42286 1.38302 1.33777 1.29838  1.2679 1.35359 1.30438 1.26914 1.45212  1.3976  1.3561 1.51077 1.43853 1.38679 1.61196 1.51076 1.44144 1.67624  1.5803 1.51093 1.81118 1.67683 1.58378 2.01388 1.81215   1.681  16.624 14.7126 13.1807 1.51029 7.34565  6.6895 7.13974  6.1459 5.41455 1.67562 1.58012 1.51123 1.81003 1.67599 6.54674 2.00924 1.80936 1.67944 2.01025 1.84284 1.72629 2.25921 2.00947 9.39897 2.67895 2.26156 2.01499
1.34675  1.3085 1.27776 1.31806 1.27916 1.24902  1.3444  1.2952  1.2587 1.44712 1.39154 1.34885 1.51181 1.43869 1.38453 1.61314 1.51095 1.43846  1.6789 1.58191 1.50996 1.81386 1.67822 1.58199 2.01622 1.81298 1.67805 9.98015 1.38726 1.34554  1.5129 5.23181 4.72445 3.70654 3.27173 2.93854 10.9842 11.4724 10.1889 1.81397 6.09615 5.44462 2.00596 1.80554 1.67327 6.67285 1.84539 1.72563 2.25535 7.37637 1.83988 2.67098 2.25589 2.00783
1.28814 1.25616 1.23055 1.30148 1.26383 1.23499 1.33659 1.28856 1.25284 1.43857 1.38375  1.3417  1.5061 1.43381 1.38016 1.60243 1.50214 1.43058 1.67372 1.57748 1.50595 1.80248 1.66884 1.57345 2.00301 1.80256 1.66901 1.43835 1.38357 1.34163 2.16165 1.95827 3.26183 1.69337 2.35917 2.16616  8.9625 7.82376 6.97968 1.80637 1.67199 1.57655 2.00331 1.80255 1.66908 2.66869 2.38349 1.72096 5.99557  2.0025 1.83563 2.67032 2.71252 2.00266
1.28717 1.25652 1.23108  1.3062 1.26881 1.23939 1.34035 1.29221 1.25573 1.44359 1.38886 1.34599 1.51023 1.43796 1.38334 1.60577 1.50523 1.43307 1.67826 1.58206  1.5095 1.81107 1.67216 1.58001 2.00697 1.80608 1.67175 2.05533 2.34723 3.61978 3.41899 3.07457 2.70456 2.39207 1.50607 2.00729 7.94204 6.96696 6.28291 1.81209  1.6775 2.45566 2.89223 1.80341 1.67004 2.01366 1.84546 2.40043 2.25412  2.0033 3.30067 2.67174 2.25433 2.00406
Mode averaged potential and errors: 
   0.226744 0.000927622
   0.357745  0.00270166
   0.448016  0.00134322
   0.527955  0.00866506
   0.630268   0.0596528
   0.688868   0.0569878
   0.784692    0.121572
   0.799594   0.0732784
    1.16133    0.345045
     2.1763    0.730869
    1.21491    0.409661
    1.48594    0.788712
R Models:
(* Fitting with shape 1 1 1 1 1 1 1 1 0 0 0 0 *)
G[R_,xx_]:=xx[[0]] + xx[[1]]/R | xx[[2]]*R
(* Fitting with shape 1 1 1 1 1 1 1 1 1 0 0 0 *)
G[R_,xx_]:=xx[[0]] + xx[[1]]/R | xx[[2]]*R
(* Fitting with shape 1 1 1 1 1 1 1 1 1 1 0 0 *)
G[R_,xx_]:=xx[[0]] + xx[[1]]/R | xx[[2]]*R
(* Fitting with shape 1 1 1 1 1 1 1 1 1 1 1 0 *)
G[R_,xx_]:=xx[[0]] + xx[[1]]/R | xx[[2]]*R
(* Fitting with shape 1 1 1 1 1 1 1 1 1 1 1 1 *)
G[R_,xx_]:=xx[[0]] + xx[[1]]/R | xx[[2]]*R
(* Fitting with shape 0 1 1 1 1 1 1 1 0 0 0 0 *)
G[R_,xx_]:=xx[[0]] + xx[[1]]/R | xx[[2]]*R
(* Fitting with shape 0 1 1 1 1 1 1 1 1 0 0 0 *)
G[R_,xx_]:=xx[[0]] + xx[[1]]/R | xx[[2]]*R
(* Fitting with shape 0 1 1 1 1 1 1 1 1 1 0 0 *)
G[R_,xx_]:=xx[[0]] + xx[[1]]/R | xx[[2]]*R
(* Fitting with shape 0 1 1 1 1 1 1 1 1 1 1 0 *)
G[R_,xx_]:=xx[[0]] + xx[[1]]/R | xx[[2]]*R
(* Fitting with shape 0 1 1 1 1 1 1 1 1 1 1 1 *)
G[R_,xx_]:=xx[[0]] + xx[[1]]/R | xx[[2]]*R
(* Fitting with shape 0 0 1 1 1 1 1 1 0 0 0 0 *)
G[R_,xx_]:=xx[[0]] + xx[[1]]/R | xx[[2]]*R
(* Fitting with shape 0 0 1 1 1 1 1 1 1 0 0 0 *)
G[R_,xx_]:=xx[[0]] + xx[[1]]/R | xx[[2]]*R
(* Fitting with shape 0 0 1 1 1 1 1 1 1 1 0 0 *)
G[R_,xx_]:=xx[[0]] + xx[[1]]/R | xx[[2]]*R
(* Fitting with shape 0 0 1 1 1 1 1 1 1 1 1 0 *)
G[R_,xx_]:=xx[[0]] + xx[[1]]/R | xx[[2]]*R
(* Fitting with shape 0 0 1 1 1 1 1 1 1 1 1 1 *)
G[R_,xx_]:=xx[[0]] + xx[[1]]/R | xx[[2]]*R
(* Fitting with shape 0 0 0 1 1 1 1 1 0 0 0 0 *)
G[R_,xx_]:=xx[[0]] + xx[[1]]/R | xx[[2]]*R
(* Fitting with shape 0 0 0 1 1 1 1 1 1 0 0 0 *)
G[R_,xx_]:=xx[[0]] + xx[[1]]/R | xx[[2]]*R
(* Fitting with shape 0 0 0 1 1 1 1 1 1 1 0 0 *)
G[R_,xx_]:=xx[[0]] + xx[[1]]/R | xx[[2]]*R
(* Fitting with shape 0 0 0 1 1 1 1 1 1 1 1 0 *)
G[R_,xx_]:=xx[[0]] + xx[[1]]/R | xx[[2]]*R
(* Fitting with shape 0 0 0 1 1 1 1 1 1 1 1 1 *)
G[R_,xx_]:=xx[[0]] + xx[[1]]/R | xx[[2]]*R
1.74773 1.74773 1.74773 
-0.30326 -0.30326 -0.30326 
1 1 1 
4.26679 4.26679 4.26679 
-15.6661 -15.6661 -15.6661 
5.03038e+175 5.03038e+175 5.03038e+175 
3.5936e+246 3.5936e+246 3.5936e+246 
2.14726e+243 2.14726e+243 2.14726e+243 
-1995.88 -1995.88 -1995.88 
1.63042e-322 1.63042e-322 1.63042e-322 
6.91091e-310 6.91091e-310 6.91091e-310 
2.122e-314 2.122e-314 2.122e-314 
2.80171e-316 2.80171e-316 2.80171e-316 
2.42092e-322 2.42092e-322 2.42092e-322 
1.25115e-316 1.25115e-316 1.25115e-316 
0 0 0 
7.41098e-323 7.41098e-323 7.41098e-323 
1.97626e-323 1.97626e-323 1.97626e-323 
3.95253e-323 3.95253e-323 3.95253e-323 
1.26975e-321 1.26975e-321 1.26975e-321 
6.95694e-320 6.95694e-320 6.95694e-320 
-2.57553e+240 -2.57553e+240 -2.57553e+240 
2.122e-314 2.122e-314 2.122e-314 
2.84423e-316 2.84423e-316 2.84423e-316 
2.84972e-316 2.84972e-316 2.84972e-316 
2.122e-314 2.122e-314 2.122e-314 
2.84423e-316 2.84423e-316 2.84423e-316 
2.84972e-316 2.84972e-316 2.84972e-316 
2.122e-314 2.122e-314 2.122e-314 
0 0 0 
0 0 0 
2.84423e-316 2.84423e-316 2.84423e-316 
2.8515e-316 2.8515e-316 2.8515e-316 
2.8515e-316 2.8515e-316 2.8515e-316 
2.8515e-316 2.8515e-316 2.8515e-316 
2.84706e-316 2.84706e-316 2.84706e-316 
2.84972e-316 2.84972e-316 2.84972e-316 
2.122e-314 2.122e-314 2.122e-314 
2.84424e-316 2.84424e-316 2.84424e-316 
2.84973e-316 2.84973e-316 2.84973e-316 
2.122e-314 2.122e-314 2.122e-314 
2.84424e-316 2.84424e-316 2.84424e-316 
2.84973e-316 2.84973e-316 2.84973e-316 
2.122e-314 2.122e-314 2.122e-314 
8.48798e-314 8.48798e-314 8.48798e-314 
0 0 0 
2.84424e-316 2.84424e-316 2.84424e-316 
2.85149e-316 2.85149e-316 2.85149e-316 
2.85149e-316 2.85149e-316 2.85149e-316 
2.85149e-316 2.85149e-316 2.85149e-316 
0 0 0 
9.53547e-322 9.53547e-322 9.53547e-322 
2.80194e-316 2.80194e-316 2.80194e-316 
-2.57553e+240 -2.57553e+240 -2.57553e+240 
Probabilities: 
         0          0          0          0          0          0          0 0.00308574 0.00828238          0          0          0  0.0126924  0.0344927   0.092325 0.00499623  0.0134705  0.0355885          0  0.0972605   0.258421  0.0135267  0.0363694  0.0958446 0.00415205          0  0.0361452          0          0          0          0          0          0          0          0          0   0.032456          0   0.204236  0.0130383          0          0          0          0          0          0          0 0.00361664          0          0          0          0          0          0

String tensions: 
          1           1           1           1           1           1           1           1           1  -0.0514274  -0.0514274  -0.0514274   -0.556744   -0.556372   -0.554748   -0.677465   -0.664379   -0.648905     1.06269   -0.736468   -0.731014   -0.996206    -0.93799   -0.873203    -3.61889   0.0733568    -0.10106   -0.120768   -0.120572   -0.120493   -0.117819  -0.0866427    -0.11005     1.00938      1.0094     1.00941  0.00528507  -0.0767816  0.00436284  0.00194769  -0.0322821   -0.100787     1.01276    0.468956    0.639319   0.0334944    -0.12144   0.0306762   -0.116589   0.0143238    0.277987 -0.00296936   -0.109247   -0.266996

Errors: 
   5792.62    5792.62    5792.62    5792.62    5792.62    5792.62    5792.62    5792.62    5792.62          0          0          0  0.0648022  0.0630291   0.062304   0.315179   0.295673   0.285367          0   0.150717   0.149624   0.993357   0.881695   0.963098   0.152371          0  0.0211289          0          0          0    1.00011    1.00013    1.00012          0          0          0 0.00347888          0   0.003061  0.0084446    1.00021    1.00013          0 0.00129146 0.00183091  0.0016637          1 0.00291163    1.78055 0.00154304  0.0351852  0.0017561    15.8148    1.00594

Statuses: 
0 0 0 0 0 0 0 0 0 3 3 3 0 0 0 0 0 0 3 0 0 0 0 0 0 3 0 3 3 3 3 3 3 2 2 2 0 3 0 0 3 3 2 0 0 1 3 0 3 1 3 1 3 3
chisq per dof: 
 116.707  112.912  105.072  8.25435   7.5883  6.79665  1.24892  1.07697 0.926733  1089.29  953.175  847.275 0.605566 0.519128 0.458095 0.699606 0.585733 0.510193  14126.7 0.445076  0.40069 0.584344 0.503991 0.448742 0.773638  25.8088 0.505758    14369  12578.7  11201.7  14344.3  12878.4  10964.3  829.824  692.986  594.495 0.536517  5688.51 0.452982 0.596603  11784.5  2926.52  829.636  74.1853  64.3738  1.26718  5557.77  1.34937  9266.79 0.601638  11425.9 0.691269  24.7478  59.0581
Model string tension and errors: 
sigma = -0.510834 +/- 617.617
