R=0parameters: 
-0.660502 -0.660502 
0.199454 0.199454 
9.36117e-10 9.36117e-10 
1.63042e-322 1.63042e-322 
3.35845e-316 3.35845e-316 
3.33614e-316 3.33614e-316 
6.9037e-310 6.9037e-310 
1.63042e-322 1.63042e-322 
3.30276e-316 3.30276e-316 
3.3474e-316 3.3474e-316 3.3474e-316 
2.17185e-316 2.17185e-316 2.17185e-316 
2.17188e-316 2.17188e-316 2.17188e-316 
2.17188e-316 2.17188e-316 2.17188e-316 
2.96439e-323 2.96439e-323 2.96439e-323 
0 0 0 
nan nan nan 
0 0 0 
3.16696e-321 3.16696e-321 3.16696e-321 
6.9039e-310 6.9039e-310 6.9039e-310 6.9039e-310 
6.9039e-310 6.9039e-310 6.9039e-310 6.9039e-310 
0 0 0 0 
0 0 0 0 
3.34787e-316 3.34787e-316 3.34787e-316 3.34787e-316 
2.42092e-322 2.42092e-322 2.42092e-322 2.42092e-322 
0 0 0 0 
0.356626 0.356626 0.356626 0.356626 
0.0132338 0.0132338 0.0132338 0.0132338 
0 0 0 
0 0 0 
8.74496e-322 8.74496e-322 8.74496e-322 
6.9039e-310 6.9039e-310 6.9039e-310 
6.9039e-310 6.9039e-310 6.9039e-310 
1.7033e+08 1.7033e+08 1.7033e+08 
0 0 0 
3.29334e-316 3.29334e-316 3.29334e-316 
6.37345e-322 6.37345e-322 6.37345e-322 
3.27504e-316 3.27504e-316 3.27504e-316 3.27504e-316 
3.28677e-316 3.28677e-316 3.28677e-316 3.28677e-316 
9.18691e+08 9.18691e+08 9.18691e+08 9.18691e+08 
-1.28787e+07 -1.28787e+07 -1.28787e+07 -1.28787e+07 
0 0 0 0 
3.21143e-322 3.21143e-322 3.21143e-322 3.21143e-322 
1.49566e+06 1.49566e+06 1.49566e+06 1.49566e+06 
-470585 -470585 -470585 -470585 
300196 300196 300196 300196 
6.01347e-154 6.01347e-154 6.01347e-154 6.01347e-154 6.01347e-154 
6.01347e-154 6.01347e-154 6.01347e-154 6.01347e-154 6.01347e-154 
6.01347e-154 6.01347e-154 6.01347e-154 6.01347e-154 6.01347e-154 
6.01347e-154 6.01347e-154 6.01347e-154 6.01347e-154 6.01347e-154 
6.01347e-154 6.01347e-154 6.01347e-154 6.01347e-154 6.01347e-154 
6.01347e-154 6.01347e-154 6.01347e-154 6.01347e-154 6.01347e-154 
9.74252e-154 9.74252e-154 9.74252e-154 9.74252e-154 9.74252e-154 
8.54523e+194 8.54523e+194 8.54523e+194 8.54523e+194 8.54523e+194 
1.56536e-76 1.56536e-76 1.56536e-76 1.56536e-76 1.56536e-76 
R=1parameters: 
-0.596786 -0.596786 
0.297616 0.297616 
0.885179 0.885179 
0.0842073 0.0842073 
-7.1803 -7.1803 
3.31825e-316 3.31825e-316 
4.67307e+07 4.67307e+07 
-488950 -488950 
308465 308465 
5.53403e-320 5.53403e-320 5.53403e-320 
6.9039e-310 6.9039e-310 6.9039e-310 
3.33548e-316 3.33548e-316 3.33548e-316 
3.33603e-316 3.33603e-316 3.33603e-316 
2.42419e-81 2.42419e-81 2.42419e-81 
1.14716e+248 1.14716e+248 1.14716e+248 
1.04089e+242 1.04089e+242 1.04089e+242 
5.34277e-38 5.34277e-38 5.34277e-38 
1.3083e+214 1.3083e+214 1.3083e+214 
4.56627e+257 4.56627e+257 4.56627e+257 4.56627e+257 
1.44293e+180 1.44293e+180 1.44293e+180 1.44293e+180 
5.65946e-310 5.65946e-310 5.65946e-310 5.65946e-310 
0 0 0 0 
8.3808e+241 8.3808e+241 8.3808e+241 8.3808e+241 
4.56635e+257 4.56635e+257 4.56635e+257 4.56635e+257 
2.23276e-133 2.23276e-133 2.23276e-133 2.23276e-133 
1.49342e+195 1.49342e+195 1.49342e+195 1.49342e+195 
1.12999e-153 1.12999e-153 1.12999e-153 1.12999e-153 
1.378e-94 1.378e-94 1.378e-94 
3.80978e+180 3.80978e+180 3.80978e+180 
1.37995e+228 1.37995e+228 1.37995e+228 
6.88714e-86 6.88714e-86 6.88714e-86 
1.51531e-152 1.51531e-152 1.51531e-152 
5.41543e-67 5.41543e-67 5.41543e-67 
1.42706e-105 1.42706e-105 1.42706e-105 
1.42603e-105 1.42603e-105 1.42603e-105 
1.42603e-105 1.42603e-105 1.42603e-105 
1.42603e-105 1.42603e-105 1.42603e-105 1.42603e-105 
1.42603e-105 1.42603e-105 1.42603e-105 1.42603e-105 
1.42603e-105 1.42603e-105 1.42603e-105 1.42603e-105 
1.42603e-105 1.42603e-105 1.42603e-105 1.42603e-105 
1.42603e-105 1.42603e-105 1.42603e-105 1.42603e-105 
1.42603e-105 1.42603e-105 1.42603e-105 1.42603e-105 
9.74252e-154 9.74252e-154 9.74252e-154 9.74252e-154 
6.01347e-154 6.01347e-154 6.01347e-154 6.01347e-154 
6.01347e-154 6.01347e-154 6.01347e-154 6.01347e-154 
6.01347e-154 6.01347e-154 6.01347e-154 6.01347e-154 6.01347e-154 
6.01347e-154 6.01347e-154 6.01347e-154 6.01347e-154 6.01347e-154 
6.01347e-154 6.01347e-154 6.01347e-154 6.01347e-154 6.01347e-154 
6.01347e-154 6.01347e-154 6.01347e-154 6.01347e-154 6.01347e-154 
6.01347e-154 6.01347e-154 6.01347e-154 6.01347e-154 6.01347e-154 
6.01347e-154 6.01347e-154 6.01347e-154 6.01347e-154 6.01347e-154 
9.74252e-154 9.74252e-154 9.74252e-154 9.74252e-154 9.74252e-154 
8.54523e+194 8.54523e+194 8.54523e+194 8.54523e+194 8.54523e+194 
1.56536e-76 1.56536e-76 1.56536e-76 1.56536e-76 1.56536e-76 
R=2parameters: 
-0.513215 -0.513215 
0.358904 0.358904 
0.679528 0.679528 
1.67405 1.67405 
-13.9264 -13.9264 
3.31825e-316 3.31825e-316 
4.67307e+07 4.67307e+07 
-488950 -488950 
308465 308465 
5.53403e-320 5.53403e-320 5.53403e-320 
6.9039e-310 6.9039e-310 6.9039e-310 
3.33548e-316 3.33548e-316 3.33548e-316 
3.33603e-316 3.33603e-316 3.33603e-316 
2.42419e-81 2.42419e-81 2.42419e-81 
1.14716e+248 1.14716e+248 1.14716e+248 
1.04089e+242 1.04089e+242 1.04089e+242 
5.34277e-38 5.34277e-38 5.34277e-38 
1.3083e+214 1.3083e+214 1.3083e+214 
4.56627e+257 4.56627e+257 4.56627e+257 4.56627e+257 
1.44293e+180 1.44293e+180 1.44293e+180 1.44293e+180 
5.65946e-310 5.65946e-310 5.65946e-310 5.65946e-310 
0 0 0 0 
8.3808e+241 8.3808e+241 8.3808e+241 8.3808e+241 
4.56635e+257 4.56635e+257 4.56635e+257 4.56635e+257 
2.23276e-133 2.23276e-133 2.23276e-133 2.23276e-133 
1.49342e+195 1.49342e+195 1.49342e+195 1.49342e+195 
1.12999e-153 1.12999e-153 1.12999e-153 1.12999e-153 
1.378e-94 1.378e-94 1.378e-94 
3.80978e+180 3.80978e+180 3.80978e+180 
1.37995e+228 1.37995e+228 1.37995e+228 
6.88714e-86 6.88714e-86 6.88714e-86 
1.51531e-152 1.51531e-152 1.51531e-152 
5.41543e-67 5.41543e-67 5.41543e-67 
1.42706e-105 1.42706e-105 1.42706e-105 
1.42603e-105 1.42603e-105 1.42603e-105 
1.42603e-105 1.42603e-105 1.42603e-105 
1.42603e-105 1.42603e-105 1.42603e-105 1.42603e-105 
1.42603e-105 1.42603e-105 1.42603e-105 1.42603e-105 
1.42603e-105 1.42603e-105 1.42603e-105 1.42603e-105 
1.42603e-105 1.42603e-105 1.42603e-105 1.42603e-105 
1.42603e-105 1.42603e-105 1.42603e-105 1.42603e-105 
1.42603e-105 1.42603e-105 1.42603e-105 1.42603e-105 
9.74252e-154 9.74252e-154 9.74252e-154 9.74252e-154 
6.01347e-154 6.01347e-154 6.01347e-154 6.01347e-154 
6.01347e-154 6.01347e-154 6.01347e-154 6.01347e-154 
6.01347e-154 6.01347e-154 6.01347e-154 6.01347e-154 6.01347e-154 
6.01347e-154 6.01347e-154 6.01347e-154 6.01347e-154 6.01347e-154 
6.01347e-154 6.01347e-154 6.01347e-154 6.01347e-154 6.01347e-154 
6.01347e-154 6.01347e-154 6.01347e-154 6.01347e-154 6.01347e-154 
6.01347e-154 6.01347e-154 6.01347e-154 6.01347e-154 6.01347e-154 
6.01347e-154 6.01347e-154 6.01347e-154 6.01347e-154 6.01347e-154 
9.74252e-154 9.74252e-154 9.74252e-154 9.74252e-154 9.74252e-154 
8.54523e+194 8.54523e+194 8.54523e+194 8.54523e+194 8.54523e+194 
1.56536e-76 1.56536e-76 1.56536e-76 1.56536e-76 1.56536e-76 
R=3parameters: 
-0.428093 -0.428093 
0.41123 0.41123 
0.680119 0.680119 
-1.98351 -1.98351 
-2.95993 -2.95993 
3.31825e-316 3.31825e-316 
4.67307e+07 4.67307e+07 
-488950 -488950 
308465 308465 
5.53403e-320 5.53403e-320 5.53403e-320 
6.9039e-310 6.9039e-310 6.9039e-310 
3.33548e-316 3.33548e-316 3.33548e-316 
3.33603e-316 3.33603e-316 3.33603e-316 
2.42419e-81 2.42419e-81 2.42419e-81 
1.14716e+248 1.14716e+248 1.14716e+248 
1.04089e+242 1.04089e+242 1.04089e+242 
5.34277e-38 5.34277e-38 5.34277e-38 
1.3083e+214 1.3083e+214 1.3083e+214 
4.56627e+257 4.56627e+257 4.56627e+257 4.56627e+257 
1.44293e+180 1.44293e+180 1.44293e+180 1.44293e+180 
5.65946e-310 5.65946e-310 5.65946e-310 5.65946e-310 
0 0 0 0 
8.3808e+241 8.3808e+241 8.3808e+241 8.3808e+241 
4.56635e+257 4.56635e+257 4.56635e+257 4.56635e+257 
2.23276e-133 2.23276e-133 2.23276e-133 2.23276e-133 
1.49342e+195 1.49342e+195 1.49342e+195 1.49342e+195 
1.12999e-153 1.12999e-153 1.12999e-153 1.12999e-153 
1.378e-94 1.378e-94 1.378e-94 
3.80978e+180 3.80978e+180 3.80978e+180 
1.37995e+228 1.37995e+228 1.37995e+228 
6.88714e-86 6.88714e-86 6.88714e-86 
1.51531e-152 1.51531e-152 1.51531e-152 
5.41543e-67 5.41543e-67 5.41543e-67 
1.42706e-105 1.42706e-105 1.42706e-105 
1.42603e-105 1.42603e-105 1.42603e-105 
1.42603e-105 1.42603e-105 1.42603e-105 
1.42603e-105 1.42603e-105 1.42603e-105 1.42603e-105 
1.42603e-105 1.42603e-105 1.42603e-105 1.42603e-105 
1.42603e-105 1.42603e-105 1.42603e-105 1.42603e-105 
1.42603e-105 1.42603e-105 1.42603e-105 1.42603e-105 
1.42603e-105 1.42603e-105 1.42603e-105 1.42603e-105 
1.42603e-105 1.42603e-105 1.42603e-105 1.42603e-105 
9.74252e-154 9.74252e-154 9.74252e-154 9.74252e-154 
6.01347e-154 6.01347e-154 6.01347e-154 6.01347e-154 
6.01347e-154 6.01347e-154 6.01347e-154 6.01347e-154 
6.01347e-154 6.01347e-154 6.01347e-154 6.01347e-154 6.01347e-154 
6.01347e-154 6.01347e-154 6.01347e-154 6.01347e-154 6.01347e-154 
6.01347e-154 6.01347e-154 6.01347e-154 6.01347e-154 6.01347e-154 
6.01347e-154 6.01347e-154 6.01347e-154 6.01347e-154 6.01347e-154 
6.01347e-154 6.01347e-154 6.01347e-154 6.01347e-154 6.01347e-154 
6.01347e-154 6.01347e-154 6.01347e-154 6.01347e-154 6.01347e-154 
9.74252e-154 9.74252e-154 9.74252e-154 9.74252e-154 9.74252e-154 
8.54523e+194 8.54523e+194 8.54523e+194 8.54523e+194 8.54523e+194 
1.56536e-76 1.56536e-76 1.56536e-76 1.56536e-76 1.56536e-76 
R=4parameters: 
-0.340449 -0.340449 
0.461448 0.461448 
0.23482 0.23482 
3.61734 3.61734 
-18.1869 -18.1869 
3.31825e-316 3.31825e-316 
4.67307e+07 4.67307e+07 
-488950 -488950 
308465 308465 
5.53403e-320 5.53403e-320 5.53403e-320 
6.9039e-310 6.9039e-310 6.9039e-310 
3.33548e-316 3.33548e-316 3.33548e-316 
3.33603e-316 3.33603e-316 3.33603e-316 
2.42419e-81 2.42419e-81 2.42419e-81 
1.14716e+248 1.14716e+248 1.14716e+248 
1.04089e+242 1.04089e+242 1.04089e+242 
5.34277e-38 5.34277e-38 5.34277e-38 
1.3083e+214 1.3083e+214 1.3083e+214 
4.56627e+257 4.56627e+257 4.56627e+257 4.56627e+257 
1.44293e+180 1.44293e+180 1.44293e+180 1.44293e+180 
5.65946e-310 5.65946e-310 5.65946e-310 5.65946e-310 
0 0 0 0 
8.3808e+241 8.3808e+241 8.3808e+241 8.3808e+241 
4.56635e+257 4.56635e+257 4.56635e+257 4.56635e+257 
2.23276e-133 2.23276e-133 2.23276e-133 2.23276e-133 
1.49342e+195 1.49342e+195 1.49342e+195 1.49342e+195 
1.12999e-153 1.12999e-153 1.12999e-153 1.12999e-153 
1.378e-94 1.378e-94 1.378e-94 
3.80978e+180 3.80978e+180 3.80978e+180 
1.37995e+228 1.37995e+228 1.37995e+228 
6.88714e-86 6.88714e-86 6.88714e-86 
1.51531e-152 1.51531e-152 1.51531e-152 
5.41543e-67 5.41543e-67 5.41543e-67 
1.42706e-105 1.42706e-105 1.42706e-105 
1.42603e-105 1.42603e-105 1.42603e-105 
1.42603e-105 1.42603e-105 1.42603e-105 
1.42603e-105 1.42603e-105 1.42603e-105 1.42603e-105 
1.42603e-105 1.42603e-105 1.42603e-105 1.42603e-105 
1.42603e-105 1.42603e-105 1.42603e-105 1.42603e-105 
1.42603e-105 1.42603e-105 1.42603e-105 1.42603e-105 
1.42603e-105 1.42603e-105 1.42603e-105 1.42603e-105 
1.42603e-105 1.42603e-105 1.42603e-105 1.42603e-105 
9.74252e-154 9.74252e-154 9.74252e-154 9.74252e-154 
6.01347e-154 6.01347e-154 6.01347e-154 6.01347e-154 
6.01347e-154 6.01347e-154 6.01347e-154 6.01347e-154 
6.01347e-154 6.01347e-154 6.01347e-154 6.01347e-154 6.01347e-154 
6.01347e-154 6.01347e-154 6.01347e-154 6.01347e-154 6.01347e-154 
6.01347e-154 6.01347e-154 6.01347e-154 6.01347e-154 6.01347e-154 
6.01347e-154 6.01347e-154 6.01347e-154 6.01347e-154 6.01347e-154 
6.01347e-154 6.01347e-154 6.01347e-154 6.01347e-154 6.01347e-154 
6.01347e-154 6.01347e-154 6.01347e-154 6.01347e-154 6.01347e-154 
9.74252e-154 9.74252e-154 9.74252e-154 9.74252e-154 9.74252e-154 
8.54523e+194 8.54523e+194 8.54523e+194 8.54523e+194 8.54523e+194 
1.56536e-76 1.56536e-76 1.56536e-76 1.56536e-76 1.56536e-76 
R=5parameters: 
-0.258233 -0.258233 
0.510545 0.510545 
0.000373012 0.000373012 
0.62037 0.62037 
-0.440993 -0.440993 
3.31825e-316 3.31825e-316 
4.67307e+07 4.67307e+07 
-488950 -488950 
308465 308465 
5.53403e-320 5.53403e-320 5.53403e-320 
6.9039e-310 6.9039e-310 6.9039e-310 
3.33548e-316 3.33548e-316 3.33548e-316 
3.33603e-316 3.33603e-316 3.33603e-316 
2.42419e-81 2.42419e-81 2.42419e-81 
1.14716e+248 1.14716e+248 1.14716e+248 
1.04089e+242 1.04089e+242 1.04089e+242 
5.34277e-38 5.34277e-38 5.34277e-38 
1.3083e+214 1.3083e+214 1.3083e+214 
4.56627e+257 4.56627e+257 4.56627e+257 4.56627e+257 
1.44293e+180 1.44293e+180 1.44293e+180 1.44293e+180 
5.65946e-310 5.65946e-310 5.65946e-310 5.65946e-310 
0 0 0 0 
8.3808e+241 8.3808e+241 8.3808e+241 8.3808e+241 
4.56635e+257 4.56635e+257 4.56635e+257 4.56635e+257 
2.23276e-133 2.23276e-133 2.23276e-133 2.23276e-133 
1.49342e+195 1.49342e+195 1.49342e+195 1.49342e+195 
1.12999e-153 1.12999e-153 1.12999e-153 1.12999e-153 
1.378e-94 1.378e-94 1.378e-94 
3.80978e+180 3.80978e+180 3.80978e+180 
1.37995e+228 1.37995e+228 1.37995e+228 
6.88714e-86 6.88714e-86 6.88714e-86 
1.51531e-152 1.51531e-152 1.51531e-152 
5.41543e-67 5.41543e-67 5.41543e-67 
1.42706e-105 1.42706e-105 1.42706e-105 
1.42603e-105 1.42603e-105 1.42603e-105 
1.42603e-105 1.42603e-105 1.42603e-105 
1.42603e-105 1.42603e-105 1.42603e-105 1.42603e-105 
1.42603e-105 1.42603e-105 1.42603e-105 1.42603e-105 
1.42603e-105 1.42603e-105 1.42603e-105 1.42603e-105 
1.42603e-105 1.42603e-105 1.42603e-105 1.42603e-105 
1.42603e-105 1.42603e-105 1.42603e-105 1.42603e-105 
1.42603e-105 1.42603e-105 1.42603e-105 1.42603e-105 
9.74252e-154 9.74252e-154 9.74252e-154 9.74252e-154 
6.01347e-154 6.01347e-154 6.01347e-154 6.01347e-154 
6.01347e-154 6.01347e-154 6.01347e-154 6.01347e-154 
6.01347e-154 6.01347e-154 6.01347e-154 6.01347e-154 6.01347e-154 
6.01347e-154 6.01347e-154 6.01347e-154 6.01347e-154 6.01347e-154 
6.01347e-154 6.01347e-154 6.01347e-154 6.01347e-154 6.01347e-154 
6.01347e-154 6.01347e-154 6.01347e-154 6.01347e-154 6.01347e-154 
6.01347e-154 6.01347e-154 6.01347e-154 6.01347e-154 6.01347e-154 
6.01347e-154 6.01347e-154 6.01347e-154 6.01347e-154 6.01347e-154 
9.74252e-154 9.74252e-154 9.74252e-154 9.74252e-154 9.74252e-154 
8.54523e+194 8.54523e+194 8.54523e+194 8.54523e+194 8.54523e+194 
1.56536e-76 1.56536e-76 1.56536e-76 1.56536e-76 1.56536e-76 
R=6parameters: 
-0.195502 -0.195502 
0.564156 0.564156 
0.055168 0.055168 
-1.70975 -1.70975 
-1.94144 -1.94144 
3.31825e-316 3.31825e-316 
4.67307e+07 4.67307e+07 
-488950 -488950 
308465 308465 
5.53403e-320 5.53403e-320 5.53403e-320 
6.9039e-310 6.9039e-310 6.9039e-310 
3.33548e-316 3.33548e-316 3.33548e-316 
3.33603e-316 3.33603e-316 3.33603e-316 
2.42419e-81 2.42419e-81 2.42419e-81 
1.14716e+248 1.14716e+248 1.14716e+248 
1.04089e+242 1.04089e+242 1.04089e+242 
5.34277e-38 5.34277e-38 5.34277e-38 
1.3083e+214 1.3083e+214 1.3083e+214 
4.56627e+257 4.56627e+257 4.56627e+257 4.56627e+257 
1.44293e+180 1.44293e+180 1.44293e+180 1.44293e+180 
5.65946e-310 5.65946e-310 5.65946e-310 5.65946e-310 
0 0 0 0 
8.3808e+241 8.3808e+241 8.3808e+241 8.3808e+241 
4.56635e+257 4.56635e+257 4.56635e+257 4.56635e+257 
2.23276e-133 2.23276e-133 2.23276e-133 2.23276e-133 
1.49342e+195 1.49342e+195 1.49342e+195 1.49342e+195 
1.12999e-153 1.12999e-153 1.12999e-153 1.12999e-153 
1.378e-94 1.378e-94 1.378e-94 
3.80978e+180 3.80978e+180 3.80978e+180 
1.37995e+228 1.37995e+228 1.37995e+228 
6.88714e-86 6.88714e-86 6.88714e-86 
1.51531e-152 1.51531e-152 1.51531e-152 
5.41543e-67 5.41543e-67 5.41543e-67 
1.42706e-105 1.42706e-105 1.42706e-105 
1.42603e-105 1.42603e-105 1.42603e-105 
1.42603e-105 1.42603e-105 1.42603e-105 
1.42603e-105 1.42603e-105 1.42603e-105 1.42603e-105 
1.42603e-105 1.42603e-105 1.42603e-105 1.42603e-105 
1.42603e-105 1.42603e-105 1.42603e-105 1.42603e-105 
1.42603e-105 1.42603e-105 1.42603e-105 1.42603e-105 
1.42603e-105 1.42603e-105 1.42603e-105 1.42603e-105 
1.42603e-105 1.42603e-105 1.42603e-105 1.42603e-105 
9.74252e-154 9.74252e-154 9.74252e-154 9.74252e-154 
6.01347e-154 6.01347e-154 6.01347e-154 6.01347e-154 
6.01347e-154 6.01347e-154 6.01347e-154 6.01347e-154 
6.01347e-154 6.01347e-154 6.01347e-154 6.01347e-154 6.01347e-154 
6.01347e-154 6.01347e-154 6.01347e-154 6.01347e-154 6.01347e-154 
6.01347e-154 6.01347e-154 6.01347e-154 6.01347e-154 6.01347e-154 
6.01347e-154 6.01347e-154 6.01347e-154 6.01347e-154 6.01347e-154 
6.01347e-154 6.01347e-154 6.01347e-154 6.01347e-154 6.01347e-154 
6.01347e-154 6.01347e-154 6.01347e-154 6.01347e-154 6.01347e-154 
9.74252e-154 9.74252e-154 9.74252e-154 9.74252e-154 9.74252e-154 
8.54523e+194 8.54523e+194 8.54523e+194 8.54523e+194 8.54523e+194 
1.56536e-76 1.56536e-76 1.56536e-76 1.56536e-76 1.56536e-76 
R=7parameters: 
-0.145452 -0.145452 
0.618475 0.618475 
-0.00151704 -0.00151704 
0.289495 0.289495 
-0.00482756 -0.00482756 
3.31825e-316 3.31825e-316 
4.67307e+07 4.67307e+07 
-488950 -488950 
308465 308465 
5.53403e-320 5.53403e-320 5.53403e-320 
6.9039e-310 6.9039e-310 6.9039e-310 
3.33548e-316 3.33548e-316 3.33548e-316 
3.33603e-316 3.33603e-316 3.33603e-316 
2.42419e-81 2.42419e-81 2.42419e-81 
1.14716e+248 1.14716e+248 1.14716e+248 
1.04089e+242 1.04089e+242 1.04089e+242 
5.34277e-38 5.34277e-38 5.34277e-38 
1.3083e+214 1.3083e+214 1.3083e+214 
4.56627e+257 4.56627e+257 4.56627e+257 4.56627e+257 
1.44293e+180 1.44293e+180 1.44293e+180 1.44293e+180 
5.65946e-310 5.65946e-310 5.65946e-310 5.65946e-310 
0 0 0 0 
8.3808e+241 8.3808e+241 8.3808e+241 8.3808e+241 
4.56635e+257 4.56635e+257 4.56635e+257 4.56635e+257 
2.23276e-133 2.23276e-133 2.23276e-133 2.23276e-133 
1.49342e+195 1.49342e+195 1.49342e+195 1.49342e+195 
1.12999e-153 1.12999e-153 1.12999e-153 1.12999e-153 
1.378e-94 1.378e-94 1.378e-94 
3.80978e+180 3.80978e+180 3.80978e+180 
1.37995e+228 1.37995e+228 1.37995e+228 
6.88714e-86 6.88714e-86 6.88714e-86 
1.51531e-152 1.51531e-152 1.51531e-152 
5.41543e-67 5.41543e-67 5.41543e-67 
1.42706e-105 1.42706e-105 1.42706e-105 
1.42603e-105 1.42603e-105 1.42603e-105 
1.42603e-105 1.42603e-105 1.42603e-105 
1.42603e-105 1.42603e-105 1.42603e-105 1.42603e-105 
1.42603e-105 1.42603e-105 1.42603e-105 1.42603e-105 
1.42603e-105 1.42603e-105 1.42603e-105 1.42603e-105 
1.42603e-105 1.42603e-105 1.42603e-105 1.42603e-105 
1.42603e-105 1.42603e-105 1.42603e-105 1.42603e-105 
1.42603e-105 1.42603e-105 1.42603e-105 1.42603e-105 
9.74252e-154 9.74252e-154 9.74252e-154 9.74252e-154 
6.01347e-154 6.01347e-154 6.01347e-154 6.01347e-154 
6.01347e-154 6.01347e-154 6.01347e-154 6.01347e-154 
6.01347e-154 6.01347e-154 6.01347e-154 6.01347e-154 6.01347e-154 
6.01347e-154 6.01347e-154 6.01347e-154 6.01347e-154 6.01347e-154 
6.01347e-154 6.01347e-154 6.01347e-154 6.01347e-154 6.01347e-154 
6.01347e-154 6.01347e-154 6.01347e-154 6.01347e-154 6.01347e-154 
6.01347e-154 6.01347e-154 6.01347e-154 6.01347e-154 6.01347e-154 
6.01347e-154 6.01347e-154 6.01347e-154 6.01347e-154 6.01347e-154 
9.74252e-154 9.74252e-154 9.74252e-154 9.74252e-154 9.74252e-154 
8.54523e+194 8.54523e+194 8.54523e+194 8.54523e+194 8.54523e+194 
1.56536e-76 1.56536e-76 1.56536e-76 1.56536e-76 1.56536e-76 
R=8parameters: 
-0.10531 -0.10531 
0.670087 0.670087 
0.63174 0.63174 
2.94564 2.94564 
-17.6341 -17.6341 
3.31825e-316 3.31825e-316 
4.67307e+07 4.67307e+07 
-488950 -488950 
308465 308465 
5.53403e-320 5.53403e-320 5.53403e-320 
6.9039e-310 6.9039e-310 6.9039e-310 
3.33548e-316 3.33548e-316 3.33548e-316 
3.33603e-316 3.33603e-316 3.33603e-316 
2.42419e-81 2.42419e-81 2.42419e-81 
1.14716e+248 1.14716e+248 1.14716e+248 
1.04089e+242 1.04089e+242 1.04089e+242 
5.34277e-38 5.34277e-38 5.34277e-38 
1.3083e+214 1.3083e+214 1.3083e+214 
4.56627e+257 4.56627e+257 4.56627e+257 4.56627e+257 
1.44293e+180 1.44293e+180 1.44293e+180 1.44293e+180 
5.65946e-310 5.65946e-310 5.65946e-310 5.65946e-310 
0 0 0 0 
8.3808e+241 8.3808e+241 8.3808e+241 8.3808e+241 
4.56635e+257 4.56635e+257 4.56635e+257 4.56635e+257 
2.23276e-133 2.23276e-133 2.23276e-133 2.23276e-133 
1.49342e+195 1.49342e+195 1.49342e+195 1.49342e+195 
1.12999e-153 1.12999e-153 1.12999e-153 1.12999e-153 
1.378e-94 1.378e-94 1.378e-94 
3.80978e+180 3.80978e+180 3.80978e+180 
1.37995e+228 1.37995e+228 1.37995e+228 
6.88714e-86 6.88714e-86 6.88714e-86 
1.51531e-152 1.51531e-152 1.51531e-152 
5.41543e-67 5.41543e-67 5.41543e-67 
1.42706e-105 1.42706e-105 1.42706e-105 
1.42603e-105 1.42603e-105 1.42603e-105 
1.42603e-105 1.42603e-105 1.42603e-105 
1.42603e-105 1.42603e-105 1.42603e-105 1.42603e-105 
1.42603e-105 1.42603e-105 1.42603e-105 1.42603e-105 
1.42603e-105 1.42603e-105 1.42603e-105 1.42603e-105 
1.42603e-105 1.42603e-105 1.42603e-105 1.42603e-105 
1.42603e-105 1.42603e-105 1.42603e-105 1.42603e-105 
1.42603e-105 1.42603e-105 1.42603e-105 1.42603e-105 
9.74252e-154 9.74252e-154 9.74252e-154 9.74252e-154 
6.01347e-154 6.01347e-154 6.01347e-154 6.01347e-154 
6.01347e-154 6.01347e-154 6.01347e-154 6.01347e-154 
6.01347e-154 6.01347e-154 6.01347e-154 6.01347e-154 6.01347e-154 
6.01347e-154 6.01347e-154 6.01347e-154 6.01347e-154 6.01347e-154 
6.01347e-154 6.01347e-154 6.01347e-154 6.01347e-154 6.01347e-154 
6.01347e-154 6.01347e-154 6.01347e-154 6.01347e-154 6.01347e-154 
6.01347e-154 6.01347e-154 6.01347e-154 6.01347e-154 6.01347e-154 
6.01347e-154 6.01347e-154 6.01347e-154 6.01347e-154 6.01347e-154 
9.74252e-154 9.74252e-154 9.74252e-154 9.74252e-154 9.74252e-154 
8.54523e+194 8.54523e+194 8.54523e+194 8.54523e+194 8.54523e+194 
1.56536e-76 1.56536e-76 1.56536e-76 1.56536e-76 1.56536e-76 
R=9parameters: 
-0.0953404 -0.0953404 
0.723077 0.723077 
0.000314024 0.000314024 
1.96467 1.96467 
-1.36874 -1.36874 
3.31825e-316 3.31825e-316 
4.67307e+07 4.67307e+07 
-488950 -488950 
308465 308465 
5.53403e-320 5.53403e-320 5.53403e-320 
6.9039e-310 6.9039e-310 6.9039e-310 
3.33548e-316 3.33548e-316 3.33548e-316 
3.33603e-316 3.33603e-316 3.33603e-316 
2.42419e-81 2.42419e-81 2.42419e-81 
1.14716e+248 1.14716e+248 1.14716e+248 
1.04089e+242 1.04089e+242 1.04089e+242 
5.34277e-38 5.34277e-38 5.34277e-38 
1.3083e+214 1.3083e+214 1.3083e+214 
4.56627e+257 4.56627e+257 4.56627e+257 4.56627e+257 
1.44293e+180 1.44293e+180 1.44293e+180 1.44293e+180 
5.65946e-310 5.65946e-310 5.65946e-310 5.65946e-310 
0 0 0 0 
8.3808e+241 8.3808e+241 8.3808e+241 8.3808e+241 
4.56635e+257 4.56635e+257 4.56635e+257 4.56635e+257 
2.23276e-133 2.23276e-133 2.23276e-133 2.23276e-133 
1.49342e+195 1.49342e+195 1.49342e+195 1.49342e+195 
1.12999e-153 1.12999e-153 1.12999e-153 1.12999e-153 
1.378e-94 1.378e-94 1.378e-94 
3.80978e+180 3.80978e+180 3.80978e+180 
1.37995e+228 1.37995e+228 1.37995e+228 
6.88714e-86 6.88714e-86 6.88714e-86 
1.51531e-152 1.51531e-152 1.51531e-152 
5.41543e-67 5.41543e-67 5.41543e-67 
1.42706e-105 1.42706e-105 1.42706e-105 
1.42603e-105 1.42603e-105 1.42603e-105 
1.42603e-105 1.42603e-105 1.42603e-105 
1.42603e-105 1.42603e-105 1.42603e-105 1.42603e-105 
1.42603e-105 1.42603e-105 1.42603e-105 1.42603e-105 
1.42603e-105 1.42603e-105 1.42603e-105 1.42603e-105 
1.42603e-105 1.42603e-105 1.42603e-105 1.42603e-105 
1.42603e-105 1.42603e-105 1.42603e-105 1.42603e-105 
1.42603e-105 1.42603e-105 1.42603e-105 1.42603e-105 
9.74252e-154 9.74252e-154 9.74252e-154 9.74252e-154 
6.01347e-154 6.01347e-154 6.01347e-154 6.01347e-154 
6.01347e-154 6.01347e-154 6.01347e-154 6.01347e-154 
6.01347e-154 6.01347e-154 6.01347e-154 6.01347e-154 6.01347e-154 
6.01347e-154 6.01347e-154 6.01347e-154 6.01347e-154 6.01347e-154 
6.01347e-154 6.01347e-154 6.01347e-154 6.01347e-154 6.01347e-154 
6.01347e-154 6.01347e-154 6.01347e-154 6.01347e-154 6.01347e-154 
6.01347e-154 6.01347e-154 6.01347e-154 6.01347e-154 6.01347e-154 
6.01347e-154 6.01347e-154 6.01347e-154 6.01347e-154 6.01347e-154 
9.74252e-154 9.74252e-154 9.74252e-154 9.74252e-154 9.74252e-154 
8.54523e+194 8.54523e+194 8.54523e+194 8.54523e+194 8.54523e+194 
1.56536e-76 1.56536e-76 1.56536e-76 1.56536e-76 1.56536e-76 
R=10parameters: 
-0.0888758 -0.0888758 
0.757522 0.757522 
-0.00173271 -0.00173271 
1.58488 1.58488 
-1.40669 -1.40669 
3.31825e-316 3.31825e-316 
4.67307e+07 4.67307e+07 
-488950 -488950 
308465 308465 
5.53403e-320 5.53403e-320 5.53403e-320 
6.9039e-310 6.9039e-310 6.9039e-310 
3.33548e-316 3.33548e-316 3.33548e-316 
3.33603e-316 3.33603e-316 3.33603e-316 
2.42419e-81 2.42419e-81 2.42419e-81 
1.14716e+248 1.14716e+248 1.14716e+248 
1.04089e+242 1.04089e+242 1.04089e+242 
5.34277e-38 5.34277e-38 5.34277e-38 
1.3083e+214 1.3083e+214 1.3083e+214 
4.56627e+257 4.56627e+257 4.56627e+257 4.56627e+257 
1.44293e+180 1.44293e+180 1.44293e+180 1.44293e+180 
5.65946e-310 5.65946e-310 5.65946e-310 5.65946e-310 
0 0 0 0 
8.3808e+241 8.3808e+241 8.3808e+241 8.3808e+241 
4.56635e+257 4.56635e+257 4.56635e+257 4.56635e+257 
2.23276e-133 2.23276e-133 2.23276e-133 2.23276e-133 
1.49342e+195 1.49342e+195 1.49342e+195 1.49342e+195 
1.12999e-153 1.12999e-153 1.12999e-153 1.12999e-153 
1.378e-94 1.378e-94 1.378e-94 
3.80978e+180 3.80978e+180 3.80978e+180 
1.37995e+228 1.37995e+228 1.37995e+228 
6.88714e-86 6.88714e-86 6.88714e-86 
1.51531e-152 1.51531e-152 1.51531e-152 
5.41543e-67 5.41543e-67 5.41543e-67 
1.42706e-105 1.42706e-105 1.42706e-105 
1.42603e-105 1.42603e-105 1.42603e-105 
1.42603e-105 1.42603e-105 1.42603e-105 
1.42603e-105 1.42603e-105 1.42603e-105 1.42603e-105 
1.42603e-105 1.42603e-105 1.42603e-105 1.42603e-105 
1.42603e-105 1.42603e-105 1.42603e-105 1.42603e-105 
1.42603e-105 1.42603e-105 1.42603e-105 1.42603e-105 
1.42603e-105 1.42603e-105 1.42603e-105 1.42603e-105 
1.42603e-105 1.42603e-105 1.42603e-105 1.42603e-105 
9.74252e-154 9.74252e-154 9.74252e-154 9.74252e-154 
6.01347e-154 6.01347e-154 6.01347e-154 6.01347e-154 
6.01347e-154 6.01347e-154 6.01347e-154 6.01347e-154 
6.01347e-154 6.01347e-154 6.01347e-154 6.01347e-154 6.01347e-154 
6.01347e-154 6.01347e-154 6.01347e-154 6.01347e-154 6.01347e-154 
6.01347e-154 6.01347e-154 6.01347e-154 6.01347e-154 6.01347e-154 
6.01347e-154 6.01347e-154 6.01347e-154 6.01347e-154 6.01347e-154 
6.01347e-154 6.01347e-154 6.01347e-154 6.01347e-154 6.01347e-154 
6.01347e-154 6.01347e-154 6.01347e-154 6.01347e-154 6.01347e-154 
9.74252e-154 9.74252e-154 9.74252e-154 9.74252e-154 9.74252e-154 
8.54523e+194 8.54523e+194 8.54523e+194 8.54523e+194 8.54523e+194 
1.56536e-76 1.56536e-76 1.56536e-76 1.56536e-76 1.56536e-76 
R=11parameters: 
-0.0889394 -0.0889394 
0.771935 0.771935 
0.241321 0.241321 
0.750769 0.750769 
-9.44009 -9.44009 
3.31825e-316 3.31825e-316 
4.67307e+07 4.67307e+07 
-488950 -488950 
308465 308465 
5.53403e-320 5.53403e-320 5.53403e-320 
6.9039e-310 6.9039e-310 6.9039e-310 
3.33548e-316 3.33548e-316 3.33548e-316 
3.33603e-316 3.33603e-316 3.33603e-316 
2.42419e-81 2.42419e-81 2.42419e-81 
1.14716e+248 1.14716e+248 1.14716e+248 
1.04089e+242 1.04089e+242 1.04089e+242 
5.34277e-38 5.34277e-38 5.34277e-38 
1.3083e+214 1.3083e+214 1.3083e+214 
4.56627e+257 4.56627e+257 4.56627e+257 4.56627e+257 
1.44293e+180 1.44293e+180 1.44293e+180 1.44293e+180 
5.65946e-310 5.65946e-310 5.65946e-310 5.65946e-310 
0 0 0 0 
8.3808e+241 8.3808e+241 8.3808e+241 8.3808e+241 
4.56635e+257 4.56635e+257 4.56635e+257 4.56635e+257 
2.23276e-133 2.23276e-133 2.23276e-133 2.23276e-133 
1.49342e+195 1.49342e+195 1.49342e+195 1.49342e+195 
1.12999e-153 1.12999e-153 1.12999e-153 1.12999e-153 
1.378e-94 1.378e-94 1.378e-94 
3.80978e+180 3.80978e+180 3.80978e+180 
1.37995e+228 1.37995e+228 1.37995e+228 
6.88714e-86 6.88714e-86 6.88714e-86 
1.51531e-152 1.51531e-152 1.51531e-152 
5.41543e-67 5.41543e-67 5.41543e-67 
1.42706e-105 1.42706e-105 1.42706e-105 
1.42603e-105 1.42603e-105 1.42603e-105 
1.42603e-105 1.42603e-105 1.42603e-105 
1.42603e-105 1.42603e-105 1.42603e-105 1.42603e-105 
1.42603e-105 1.42603e-105 1.42603e-105 1.42603e-105 
1.42603e-105 1.42603e-105 1.42603e-105 1.42603e-105 
1.42603e-105 1.42603e-105 1.42603e-105 1.42603e-105 
1.42603e-105 1.42603e-105 1.42603e-105 1.42603e-105 
1.42603e-105 1.42603e-105 1.42603e-105 1.42603e-105 
9.74252e-154 9.74252e-154 9.74252e-154 9.74252e-154 
6.01347e-154 6.01347e-154 6.01347e-154 6.01347e-154 
6.01347e-154 6.01347e-154 6.01347e-154 6.01347e-154 
6.01347e-154 6.01347e-154 6.01347e-154 6.01347e-154 6.01347e-154 
6.01347e-154 6.01347e-154 6.01347e-154 6.01347e-154 6.01347e-154 
6.01347e-154 6.01347e-154 6.01347e-154 6.01347e-154 6.01347e-154 
6.01347e-154 6.01347e-154 6.01347e-154 6.01347e-154 6.01347e-154 
6.01347e-154 6.01347e-154 6.01347e-154 6.01347e-154 6.01347e-154 
6.01347e-154 6.01347e-154 6.01347e-154 6.01347e-154 6.01347e-154 
9.74252e-154 9.74252e-154 9.74252e-154 9.74252e-154 9.74252e-154 
8.54523e+194 8.54523e+194 8.54523e+194 8.54523e+194 8.54523e+194 
1.56536e-76 1.56536e-76 1.56536e-76 1.56536e-76 1.56536e-76 
T Models:
(* Fitting with shape 1 1 1 1 1 1 1 1 1 1 0 0 *)
G[T_,xx_]:=Exp[0+xx[[1]]*T^1+xx[[2]]*T^2]*(1)
(* Fitting with shape 1 1 1 1 1 1 1 1 1 1 1 0 *)
G[T_,xx_]:=Exp[0+xx[[1]]*T^1+xx[[2]]*T^2]*(1)
(* Fitting with shape 1 1 1 1 1 1 1 1 1 1 1 1 *)
G[T_,xx_]:=Exp[0+xx[[1]]*T^1+xx[[2]]*T^2]*(1)
(* Fitting with shape 0 1 1 1 1 1 1 1 1 1 0 0 *)
G[T_,xx_]:=Exp[0+xx[[1]]*T^1+xx[[2]]*T^2]*(1)
(* Fitting with shape 0 1 1 1 1 1 1 1 1 1 1 0 *)
G[T_,xx_]:=Exp[0+xx[[1]]*T^1+xx[[2]]*T^2]*(1)
(* Fitting with shape 0 1 1 1 1 1 1 1 1 1 1 1 *)
G[T_,xx_]:=Exp[0+xx[[1]]*T^1+xx[[2]]*T^2]*(1)
(* Fitting with shape 0 0 1 1 1 1 1 1 1 1 0 0 *)
G[T_,xx_]:=Exp[0+xx[[1]]*T^1+xx[[2]]*T^2]*(1)
(* Fitting with shape 0 0 1 1 1 1 1 1 1 1 1 0 *)
G[T_,xx_]:=Exp[0+xx[[1]]*T^1+xx[[2]]*T^2]*(1)
(* Fitting with shape 0 0 1 1 1 1 1 1 1 1 1 1 *)
G[T_,xx_]:=Exp[0+xx[[1]]*T^1+xx[[2]]*T^2]*(1)
(* Fitting with shape 1 1 1 1 1 1 1 1 1 1 0 0 *)
G[T_,xx_]:=Exp[0+xx[[1]]*T^1+xx[[2]]*T^2]*(1+xx[[3]]/(T^1))
(* Fitting with shape 1 1 1 1 1 1 1 1 1 1 1 0 *)
G[T_,xx_]:=Exp[0+xx[[1]]*T^1+xx[[2]]*T^2]*(1+xx[[3]]/(T^1))
(* Fitting with shape 1 1 1 1 1 1 1 1 1 1 1 1 *)
G[T_,xx_]:=Exp[0+xx[[1]]*T^1+xx[[2]]*T^2]*(1+xx[[3]]/(T^1))
(* Fitting with shape 0 1 1 1 1 1 1 1 1 1 0 0 *)
G[T_,xx_]:=Exp[0+xx[[1]]*T^1+xx[[2]]*T^2]*(1+xx[[3]]/(T^1))
(* Fitting with shape 0 1 1 1 1 1 1 1 1 1 1 0 *)
G[T_,xx_]:=Exp[0+xx[[1]]*T^1+xx[[2]]*T^2]*(1+xx[[3]]/(T^1))
(* Fitting with shape 0 1 1 1 1 1 1 1 1 1 1 1 *)
G[T_,xx_]:=Exp[0+xx[[1]]*T^1+xx[[2]]*T^2]*(1+xx[[3]]/(T^1))
(* Fitting with shape 0 0 1 1 1 1 1 1 1 1 0 0 *)
G[T_,xx_]:=Exp[0+xx[[1]]*T^1+xx[[2]]*T^2]*(1+xx[[3]]/(T^1))
(* Fitting with shape 0 0 1 1 1 1 1 1 1 1 1 0 *)
G[T_,xx_]:=Exp[0+xx[[1]]*T^1+xx[[2]]*T^2]*(1+xx[[3]]/(T^1))
(* Fitting with shape 0 0 1 1 1 1 1 1 1 1 1 1 *)
G[T_,xx_]:=Exp[0+xx[[1]]*T^1+xx[[2]]*T^2]*(1+xx[[3]]/(T^1))
(* Fitting with shape 1 1 1 1 1 1 1 1 1 1 0 0 *)
G[T_,xx_]:=Exp[0+xx[[1]]*T^1+xx[[2]]*T^2]*(1+xx[[3]]/(T^1)+xx[[4]]/(T^2))
(* Fitting with shape 1 1 1 1 1 1 1 1 1 1 1 0 *)
G[T_,xx_]:=Exp[0+xx[[1]]*T^1+xx[[2]]*T^2]*(1+xx[[3]]/(T^1)+xx[[4]]/(T^2))
(* Fitting with shape 1 1 1 1 1 1 1 1 1 1 1 1 *)
G[T_,xx_]:=Exp[0+xx[[1]]*T^1+xx[[2]]*T^2]*(1+xx[[3]]/(T^1)+xx[[4]]/(T^2))
(* Fitting with shape 0 1 1 1 1 1 1 1 1 1 0 0 *)
G[T_,xx_]:=Exp[0+xx[[1]]*T^1+xx[[2]]*T^2]*(1+xx[[3]]/(T^1)+xx[[4]]/(T^2))
(* Fitting with shape 0 1 1 1 1 1 1 1 1 1 1 0 *)
G[T_,xx_]:=Exp[0+xx[[1]]*T^1+xx[[2]]*T^2]*(1+xx[[3]]/(T^1)+xx[[4]]/(T^2))
(* Fitting with shape 0 1 1 1 1 1 1 1 1 1 1 1 *)
G[T_,xx_]:=Exp[0+xx[[1]]*T^1+xx[[2]]*T^2]*(1+xx[[3]]/(T^1)+xx[[4]]/(T^2))
(* Fitting with shape 0 0 1 1 1 1 1 1 1 1 0 0 *)
G[T_,xx_]:=Exp[0+xx[[1]]*T^1+xx[[2]]*T^2]*(1+xx[[3]]/(T^1)+xx[[4]]/(T^2))
(* Fitting with shape 0 0 1 1 1 1 1 1 1 1 1 0 *)
G[T_,xx_]:=Exp[0+xx[[1]]*T^1+xx[[2]]*T^2]*(1+xx[[3]]/(T^1)+xx[[4]]/(T^2))
(* Fitting with shape 0 0 1 1 1 1 1 1 1 1 1 1 *)
G[T_,xx_]:=Exp[0+xx[[1]]*T^1+xx[[2]]*T^2]*(1+xx[[3]]/(T^1)+xx[[4]]/(T^2))
(* Fitting with shape 1 1 1 1 1 1 1 1 1 1 0 0 *)
G[T_,xx_]:=Exp[0+xx[[1]]*T^1+xx[[2]]*T^2+xx[[3]]*T^3]*(1)
(* Fitting with shape 1 1 1 1 1 1 1 1 1 1 1 0 *)
G[T_,xx_]:=Exp[0+xx[[1]]*T^1+xx[[2]]*T^2+xx[[3]]*T^3]*(1)
(* Fitting with shape 1 1 1 1 1 1 1 1 1 1 1 1 *)
G[T_,xx_]:=Exp[0+xx[[1]]*T^1+xx[[2]]*T^2+xx[[3]]*T^3]*(1)
(* Fitting with shape 0 1 1 1 1 1 1 1 1 1 0 0 *)
G[T_,xx_]:=Exp[0+xx[[1]]*T^1+xx[[2]]*T^2+xx[[3]]*T^3]*(1)
(* Fitting with shape 0 1 1 1 1 1 1 1 1 1 1 0 *)
G[T_,xx_]:=Exp[0+xx[[1]]*T^1+xx[[2]]*T^2+xx[[3]]*T^3]*(1)
(* Fitting with shape 0 1 1 1 1 1 1 1 1 1 1 1 *)
G[T_,xx_]:=Exp[0+xx[[1]]*T^1+xx[[2]]*T^2+xx[[3]]*T^3]*(1)
(* Fitting with shape 0 0 1 1 1 1 1 1 1 1 0 0 *)
G[T_,xx_]:=Exp[0+xx[[1]]*T^1+xx[[2]]*T^2+xx[[3]]*T^3]*(1)
(* Fitting with shape 0 0 1 1 1 1 1 1 1 1 1 0 *)
G[T_,xx_]:=Exp[0+xx[[1]]*T^1+xx[[2]]*T^2+xx[[3]]*T^3]*(1)
(* Fitting with shape 0 0 1 1 1 1 1 1 1 1 1 1 *)
G[T_,xx_]:=Exp[0+xx[[1]]*T^1+xx[[2]]*T^2+xx[[3]]*T^3]*(1)
(* Fitting with shape 1 1 1 1 1 1 1 1 1 1 0 0 *)
G[T_,xx_]:=Exp[0+xx[[1]]*T^1+xx[[2]]*T^2+xx[[3]]*T^3]*(1+xx[[4]]/(T^1))
(* Fitting with shape 1 1 1 1 1 1 1 1 1 1 1 0 *)
G[T_,xx_]:=Exp[0+xx[[1]]*T^1+xx[[2]]*T^2+xx[[3]]*T^3]*(1+xx[[4]]/(T^1))
(* Fitting with shape 1 1 1 1 1 1 1 1 1 1 1 1 *)
G[T_,xx_]:=Exp[0+xx[[1]]*T^1+xx[[2]]*T^2+xx[[3]]*T^3]*(1+xx[[4]]/(T^1))
(* Fitting with shape 0 1 1 1 1 1 1 1 1 1 0 0 *)
G[T_,xx_]:=Exp[0+xx[[1]]*T^1+xx[[2]]*T^2+xx[[3]]*T^3]*(1+xx[[4]]/(T^1))
(* Fitting with shape 0 1 1 1 1 1 1 1 1 1 1 0 *)
G[T_,xx_]:=Exp[0+xx[[1]]*T^1+xx[[2]]*T^2+xx[[3]]*T^3]*(1+xx[[4]]/(T^1))
(* Fitting with shape 0 1 1 1 1 1 1 1 1 1 1 1 *)
G[T_,xx_]:=Exp[0+xx[[1]]*T^1+xx[[2]]*T^2+xx[[3]]*T^3]*(1+xx[[4]]/(T^1))
(* Fitting with shape 0 0 1 1 1 1 1 1 1 1 0 0 *)
G[T_,xx_]:=Exp[0+xx[[1]]*T^1+xx[[2]]*T^2+xx[[3]]*T^3]*(1+xx[[4]]/(T^1))
(* Fitting with shape 0 0 1 1 1 1 1 1 1 1 1 0 *)
G[T_,xx_]:=Exp[0+xx[[1]]*T^1+xx[[2]]*T^2+xx[[3]]*T^3]*(1+xx[[4]]/(T^1))
(* Fitting with shape 0 0 1 1 1 1 1 1 1 1 1 1 *)
G[T_,xx_]:=Exp[0+xx[[1]]*T^1+xx[[2]]*T^2+xx[[3]]*T^3]*(1+xx[[4]]/(T^1))
(* Fitting with shape 1 1 1 1 1 1 1 1 1 1 0 0 *)
G[T_,xx_]:=Exp[0+xx[[1]]*T^1+xx[[2]]*T^2+xx[[3]]*T^3]*(1+xx[[4]]/(T^1)+xx[[5]]/(T^2))
(* Fitting with shape 1 1 1 1 1 1 1 1 1 1 1 0 *)
G[T_,xx_]:=Exp[0+xx[[1]]*T^1+xx[[2]]*T^2+xx[[3]]*T^3]*(1+xx[[4]]/(T^1)+xx[[5]]/(T^2))
(* Fitting with shape 1 1 1 1 1 1 1 1 1 1 1 1 *)
G[T_,xx_]:=Exp[0+xx[[1]]*T^1+xx[[2]]*T^2+xx[[3]]*T^3]*(1+xx[[4]]/(T^1)+xx[[5]]/(T^2))
(* Fitting with shape 0 1 1 1 1 1 1 1 1 1 0 0 *)
G[T_,xx_]:=Exp[0+xx[[1]]*T^1+xx[[2]]*T^2+xx[[3]]*T^3]*(1+xx[[4]]/(T^1)+xx[[5]]/(T^2))
(* Fitting with shape 0 1 1 1 1 1 1 1 1 1 1 0 *)
G[T_,xx_]:=Exp[0+xx[[1]]*T^1+xx[[2]]*T^2+xx[[3]]*T^3]*(1+xx[[4]]/(T^1)+xx[[5]]/(T^2))
(* Fitting with shape 0 1 1 1 1 1 1 1 1 1 1 1 *)
G[T_,xx_]:=Exp[0+xx[[1]]*T^1+xx[[2]]*T^2+xx[[3]]*T^3]*(1+xx[[4]]/(T^1)+xx[[5]]/(T^2))
(* Fitting with shape 0 0 1 1 1 1 1 1 1 1 0 0 *)
G[T_,xx_]:=Exp[0+xx[[1]]*T^1+xx[[2]]*T^2+xx[[3]]*T^3]*(1+xx[[4]]/(T^1)+xx[[5]]/(T^2))
(* Fitting with shape 0 0 1 1 1 1 1 1 1 1 1 0 *)
G[T_,xx_]:=Exp[0+xx[[1]]*T^1+xx[[2]]*T^2+xx[[3]]*T^3]*(1+xx[[4]]/(T^1)+xx[[5]]/(T^2))
(* Fitting with shape 0 0 1 1 1 1 1 1 1 1 1 1 *)
G[T_,xx_]:=Exp[0+xx[[1]]*T^1+xx[[2]]*T^2+xx[[3]]*T^3]*(1+xx[[4]]/(T^1)+xx[[5]]/(T^2))
Probabilities: 
        0         0         0         0         0         0         0         0         0         0         0         0         0         0         0  0.629153         0         0         0         0         0         0         0         0         0         0         0         0         0         0         0         0         0         0         0         0         0         0         0         0         0         0  0.261397         0         0         0         0         0         0         0         0   0.10945         0         0
        0         0         0         0         0         0         0         0         0         0         0         0         0         0         0  0.720188         0         0         0         0         0         0         0         0  0.279812         0         0         0         0         0         0         0         0         0         0         0         0         0         0         0         0         0         0         0         0         0         0         0         0         0         0         0         0         0
        0         0         0         0         0         0         0         0         0         0         0         0         0         0         0         0         0         0         0         0         0         0         0         0         0         0         0         0         0         0         0         0         0         0         0         0         0         0         0         0         0         0   0.66503         0         0         0         0         0         0         0         0   0.33497         0         0
        0         0         0         0         0         0         0         0         0         0         0         0         0         0         0   0.64889         0         0         0         0         0         0         0         0         0         0         0         0         0         0         0         0         0         0         0         0         0         0         0         0         0         0  0.241341         0         0         0         0         0         0         0         0  0.109769         0         0
        0         0         0         0         0         0         0         0         0         0         0         0         0         0         0   0.45443         0         0         0         0         0         0         0         0  0.280449         0         0         0         0         0         0         0         0         0         0         0         0         0         0         0         0         0  0.265121         0         0         0         0         0         0         0         0         0         0         0
        0         0         0         0         0         0         0         0         0         0         0         0         0         0         0   0.66298         0         0         0         0         0         0         0         0   0.33702         0         0         0         0         0         0         0         0         0         0         0         0         0         0         0         0         0         0         0         0         0         0         0         0         0         0         0         0         0
        0         0         0         0         0         0         0         0         0         0         0         0         0         0         0  0.387543         0         0         0         0         0         0         0         0  0.301801         0         0         0         0         0         0         0         0         0         0         0         0         0         0         0         0         0  0.310657         0         0         0         0         0         0         0         0         0         0         0
        0         0         0         0         0         0         0         0         0         0         0         0         0         0         0   0.43109         0         0         0         0         0         0         0         0  0.280393         0         0         0         0         0         0         0         0         0         0         0         0         0         0         0         0         0  0.288517         0         0         0         0         0         0         0         0         0         0         0
        0         0         0         0         0         0         0         0         0         0         0         0         0         0         0  0.523404         0         0         0         0         0         0         0         0  0.202511         0         0         0         0         0         0         0         0         0         0         0         0         0         0         0         0         0  0.196962         0         0         0         0         0         0         0         0 0.0771226         0         0
        0         0         0         0         0         0         0         0         0         0         0         0         0         0         0  0.401964         0         0         0         0         0         0         0         0   0.23691         0         0         0         0         0         0         0         0         0         0         0         0         0         0         0         0         0  0.262234         0         0         0         0         0         0         0         0 0.0988917         0         0
        0         0         0         0         0         0 0.0508014         0         0         0         0         0         0         0         0  0.543398         0         0         0         0         0         0         0         0  0.204918         0         0         0         0         0         0         0         0         0         0         0         0         0         0         0         0         0  0.200883         0         0         0         0         0         0         0         0         0         0         0
        0         0         0         0         0         0  0.126646         0         0         0         0         0         0         0         0   0.64505         0         0         0         0         0         0         0         0  0.228304         0         0         0         0         0         0         0         0         0         0         0         0         0         0         0         0         0         0         0         0         0         0         0         0         0         0         0         0         0

Values: 
 0.199448  0.199454  0.199437  0.197898  0.588745  0.652598  0.196982  0.196979  0.196975  0.196288  0.196289  0.196286  0.195764   0.19577  0.195774  0.195678  0.195685  0.195691  0.195573  0.195581  0.195585   0.19566   0.19567  0.195672  0.454959  0.195768  0.195755  0.823163  0.916396  0.919196   1.09014   1.09238   1.09171  0.983785   1.25069   1.05284  0.860102  0.899617  0.975169  0.195825  0.195839  0.195858  0.195559   2.78947   0.19567  0.195339  0.195379  0.195442  0.195373  0.195474  0.195588  0.195986   3.76199   0.85524
 0.297541  0.297616  0.297622  0.295292  0.295315  0.295336  0.293489  0.293497  0.293504  0.291897  0.291899  0.291933  0.290585  0.290583      0.44  0.290367  0.290362  0.290333  0.290097  0.290094  0.290062  0.290175  0.290172  0.265011  0.290225  0.290243  0.290036  0.303502  0.918865  0.936098   1.19291  0.299378         1    1.0929   1.03179   1.03195  0.293898  0.293833   1.04129   1.21121   2.04826  0.291388   3.07563  0.836338  0.897035         1  0.290057  0.290358  0.290709  0.863745 0.0264482   11.9808  0.291922   0.56768
 0.358966  0.358904  0.358945  0.488447  0.356159  0.356159  0.385559  0.383598  0.353804  0.351087   0.35108  0.351081  0.348929  0.348917  0.348929  0.423835   0.34847  0.348496  0.348049  0.348038  0.348062  0.953439  0.956072  0.956401  0.502673   0.34829  0.348392   0.37184  0.937818  0.765821   1.34674   1.12222   1.09984  -109.959   1.11514  -58.5201  0.983291  0.980641  0.703432  0.987921  0.350116  0.349978  0.348181   0.34835  0.348154  0.964327         1  0.966969  0.781309  0.346359   1.11658  0.343117  0.795044  0.450344
 0.411482   0.41123  0.411234  0.407228  0.407106  0.407114  0.403164  0.403029  0.403042  0.399103  0.399047  0.399056  0.744216  0.787691  0.803245  0.394227  0.394254  0.849257  0.393497  0.393516  0.393508  0.688872  0.744956  0.765019  0.639913  0.520915  0.393544  0.429892  0.944168  0.943193  0.419767   1.30775  0.419281    1.2853   1.01604   1.06073  0.835993    1.0833  0.405884  0.809935   1.03608  0.850867  0.394692   1.85624  0.999201         1  0.965187         1  0.391362  0.837997  0.392911  0.386818   0.89031  0.852825
 0.461181  0.461448   0.46152  0.454124  0.454144  0.454365  0.448651  0.448661  0.448715  0.442704  0.442724  0.442833  0.679611  0.680722  0.436866  0.435051   0.43533    0.4353  0.434241  0.434432  0.434385  0.953353  0.433782  0.594972  0.432301   0.43364  0.433639  0.904802  0.992539   0.99257   1.17556   1.15709   1.15464   1.06599   1.21128   1.17688  0.917856  0.883815  0.884176  0.444192  0.442093  0.442254  0.440683  0.437247  0.661953         1  0.964266    0.9642   0.68976  0.430516   1.16675   1.44897   0.41603  0.425187
 0.510604  0.510545  0.510546  0.500207  0.500115  0.500161  0.492329  0.492234  0.492221  0.485186  0.485099  0.485109  0.476959  0.476825  0.476822  0.475338  0.475121  0.475112  0.473524  0.473348  0.473338  0.755388  0.757686  0.730069  0.471621  0.470693  0.470698  0.988434   0.99045  0.992426   1.22142  0.529773   0.52958   1.14577   1.01908   1.28775    0.9622  0.977245  0.861195  0.931094  0.930965  0.902298  0.843843  0.487176  0.486746  0.955695         1         1  0.481449  0.488459   1.06593  0.661464  0.496415  0.813516
 0.564101  0.564156   0.56418  0.548615  0.548654   0.54873   0.53815  0.538143  0.538134  0.529182  0.529177    0.5292  0.797499  0.772613  0.751128  0.512987  0.513028  0.513037  0.511127  0.511184  0.511095  0.546828  0.541874   0.50842  0.503627  0.502673  0.502264  0.613385   1.04136    1.0339   1.13093   1.14259    1.1433   1.34858   1.35313   1.03887  0.559196  0.558968  0.558787  0.775028   0.53664  0.536684  0.535425  0.402925  0.537277  0.951059         1         1   1.01678  0.663864   1.07175 -0.679819   1.10314  0.537102
 0.618739  0.618475  0.618614  0.597822  0.597717  0.597701  0.585347  0.585235  0.585196  0.575389  0.575336  0.575274  0.559511   0.55946  0.559427  0.554317  0.554221   0.55435  0.551769  0.551761  0.551806  0.548191   0.54832  0.549117  0.541253  0.544144  0.546944  0.679219  0.677136   1.07053   1.10083    1.1175   1.20242   1.02196   1.02253    1.0298  0.842353  0.611645  0.958901  0.583564  0.579836  0.988572  0.583168  0.573324  0.792967  0.953466  0.953579  0.954678  0.582329  0.563998    1.2753  0.728493  0.532296  0.631671
   0.6702  0.670087  0.670149  0.644797  0.644784  0.644874  0.629532  0.629486   0.62949  0.619383  0.619334  0.619342  0.599612  0.599582  0.599579  0.593489  0.593553  0.593544  0.590253  0.590227  0.590234  0.587347  0.738024  0.787382   0.58656  0.583301  0.583518   1.29759   1.30183   1.09225   1.10389    1.1016   1.10131   1.19997   1.01093   1.01052  0.883601  0.669436  0.886204  0.995551  0.627019  0.626569  0.604613    1.3623   0.61311  0.896725  0.896667   0.89608  0.576891   1.20139  0.598506  0.511828   8.38544  0.576024
 0.722885  0.723077  0.722799  0.694116  0.694113  0.693782   0.67614  0.676123  0.676515  0.667728  0.667722  0.667459   0.64411  0.644092  0.644985  0.638926  0.638805  0.639265     0.633  0.632956  0.634134  0.727617  0.630781  0.631478  0.598233  0.600744  0.609988   1.27915   1.25956   1.25301   1.14303   1.13307   1.33429  0.993397  0.998299   1.30756  0.873905  0.910419  0.944206   1.01102  0.680253   1.24431   0.71677  0.608431  0.691604  0.861985  0.749929  0.881272   0.74594   1.61248  0.700526  0.772624  0.801125  0.652508
 0.756907  0.757522   0.75732    0.7269  0.727558  0.727908  0.708818  0.708845  0.708855  0.701585  0.701926  0.702189  0.677265  0.677013     0.677  0.671066  0.671596  0.671584  0.665861  0.665543  0.665518  0.665457  0.667447  0.667434  0.661123  0.668426  0.668358  0.823366  0.823382   1.10505  0.787317   1.26464  0.787135   1.37886   1.31437   1.02308  0.754262  0.753079  0.979462  0.922454  0.689218  0.689115  0.680875 -0.241375  0.661904  0.862211  0.887921  0.886713  0.762289  0.607418  0.611224  0.646733   1.02971  0.879554
 0.771787  0.771935  0.771683  0.740218  0.741736   0.74172  0.722104  0.722277  0.722109  0.715343  0.717033  0.716893  0.691722  0.691055  0.691184  0.685551  0.687456  0.686908  0.680602  0.679537  0.679765  0.680724  0.690841  0.690893  0.700406  0.699168  0.700178   1.09179   1.09401   1.09383   1.30979  0.802267   1.19628   1.05039   1.32989   1.01065  0.770845  0.962767  0.985594   1.35455   0.68514  0.686066    1.1357  0.618508  0.982556   0.88434  0.856918  0.633312  0.687438  0.472355  0.921752  0.790411   0.46406  0.461541

Errors: 
4.32693e-05 4.32519e-05 4.29847e-05 4.76143e-05  0.00201568  0.00211107 5.35619e-05 5.35133e-05 5.31181e-05 5.67493e-05 5.67491e-05 5.59852e-05 7.12181e-05 7.06066e-05 6.98945e-05 9.73551e-05 9.65131e-05 9.59058e-05 8.11806e-05 8.04925e-05 8.00295e-05 0.000123537 0.000122942 0.000122883           1 0.000153642 0.000152596           0           0           0           0           0           0           0     1.00002     1.00009  2.0053e-05    0.330403 1.74862e-05 0.000166117 0.000163828 0.000153073 0.000259428           1  0.00022712 0.000214687  0.00020905 0.000194112 0.000414223 0.000394006 0.000352728 0.000870868    0.996282     1.00001
0.000128585 0.000128167 0.000128135    0.000134 0.000135955 0.000133971  0.00015005 0.000149833 0.000149271  0.00015717 0.000157177 0.000155996 0.000205893 0.000204815           0 0.000257925 0.000259012 0.000258599 0.000238033 0.000238681 0.000235644 0.000359355 0.000355952           0 0.000504631 0.000502257 0.000493099 0.000188384           0           0           0  0.00021581           0     1.00122           0           0  0.00029912 0.000297779           0     1.00002     1.00001 0.000501821           1     1.00027     1.00004  0.00517993 0.000657359 0.000639871  0.00128415 5.96398e-05 0.000434633           1  0.00248488 3.17595e-05
0.000229348 0.000227177 0.000227287           0 0.000229373 0.000229984           0           0 0.000250133 0.000264291 0.000262097 0.000263154 0.000353216 0.000351793 0.000350165           0 0.000432563 0.000433812 0.000418027 0.000421058 0.000417985           0           0           0           0 0.000984685 0.000976333 0.000394292           0           0     1.00004           0           0    0.156015     1.04791   0.0824176           0           0           0     1.00001  0.00106875  0.00104024    0.001763   0.0016762  0.00169634 0.000652382  0.00981777 0.000747475  0.00599245  0.00285839  0.00015846  0.00618411 0.000168392 4.60403e-05
0.000396509 0.000395016 0.000396096 0.000400509 0.000399047  0.00039906 0.000453294 0.000451949 0.000451886 0.000473425 0.000464281 0.000465494           0           0           0 0.000788516 0.000762555           0 0.000777414  0.00076514 0.000766986           0           0           0           0           0  0.00178849 0.000687974           0           0 0.000780987           0 0.000760388     1.00081           0     1.01177           0           0  0.00108688     1.00004     1.00069  0.00185287  0.00320367           1     1.00011   0.0175858  0.00134971   0.0158787  0.00532173     1.00003  0.00498288   0.0108719     1.29087 0.000946013
0.000624812 0.000622299 0.000619782 0.000637678 0.000637474           0 0.000701299 0.000702604 0.000703045 0.000762137 0.000756928 0.000756234           0           0  0.00103254  0.00132298  0.00125338  0.00131361  0.00125385  0.00122119  0.00123822           0   0.0018372           0  0.00305322  0.00290315  0.00289582           0           0           0           0           0           0     1.73478     1.00056     1.00282           0           0           0  0.00349645  0.00328866  0.00325642  0.00589636  0.00563055     1.00002   0.0247826   0.0023611  0.00235995  0.00736748  0.00934308 0.000471778     1.00105   0.0172084   0.0160106
0.000920302           0           0 0.000930656  0.00093217  0.00093322  0.00101215  0.00102985  0.00103297  0.00112083  0.00111859  0.00111208  0.00154906  0.00154841  0.00153782  0.00203346  0.00204639  0.00202853  0.00188523  0.00185673  0.00189069           0           0           0   0.0050256  0.00501533  0.00523824           0           0           0           0  0.00204288   0.0020432     1.01304           0     1.00206           0           0           0           0           0           1     1.00047   0.0102962  0.00952183  0.00313891   0.0331052   0.0333372   0.0166517   0.0152214 0.000673151   0.0118842   0.0225883    0.878399
 0.00132535  0.00132476  0.00132548           0  0.00138252  0.00138727  0.00154045  0.00152459  0.00154022  0.00176058  0.00173588  0.00172149           0           0           0   0.0033509  0.00333695  0.00342832  0.00299774  0.00297646  0.00300363           0           0  0.00176845  0.00859713  0.00830744  0.00826042  0.00246167           0           0           0           0           0     1.00584     1.00767      1.4961  0.00456451  0.00453682  0.00445718     1.00236  0.00912663  0.00902602   0.0178695     1.00301   0.0154879   0.0152519   0.0416597   0.0416392   0.0377227   0.0544613 0.000806395   0.0154711 0.000458111   0.0294331
          0           0  0.00181331  0.00195326  0.00194105  0.00194114  0.00220173  0.00218577  0.00219547  0.00247397  0.00249187  0.00248146  0.00365409  0.00365819  0.00366869  0.00545436  0.00575454  0.00540905  0.00485377  0.00474812  0.00471448  0.00818184  0.00846175  0.00821295   0.0140206   0.0122794   0.0118104  0.00344619  0.00337641           0           0           0           0           0           0           0           0  0.00682474           0   0.0147636     0.01359     1.00265   0.0257729   0.0223934     1.00034   0.0135664    0.013564   0.0137085   0.0318128   0.0294742  0.00216544   0.0215327   0.0363858 0.000721565
          0           0           0  0.00262068  0.00259711  0.00259889  0.00289157  0.00290299  0.00289593  0.00325715  0.00328236  0.00327644  0.00468633  0.00468079  0.00468062   0.0068567  0.00680553  0.00682801  0.00628032  0.00617856  0.00590563   0.0110442           0           0   0.0220999   0.0232536   0.0230169           0           0           0           0           0           0     1.02355           0           0           0  0.00943228           0     1.00125   0.0214238   0.0212677    0.052304     1.00001   0.0433542  0.00417812  0.00418375  0.00431393   0.0431061  0.00429698   0.0396894   0.0402254           1   0.0417603
 0.00317279  0.00317892   0.0031576           0           0           0  0.00415865  0.00416409  0.00409237  0.00465571  0.00465607  0.00462828  0.00717008   0.0070553  0.00680558   0.0118345   0.0119345   0.0116188  0.00955659  0.00964807  0.00906489           0   0.0187936   0.0184887   0.0566332   0.0410051   0.0418099           0           0           0           0           0      1.0019           0           0     1.08645           0           0           0      1.0001   0.0305561     1.00003   0.0675089     1.04767   0.0559163  0.00360923     1.00088   0.0091157   0.0521842    0.226655   0.0485831   0.0584894   0.0102341   0.0497769
 0.00374297   0.0037084  0.00367418  0.00430122  0.00418341  0.00418901  0.00502834  0.00508062  0.00507556  0.00562639  0.00547878  0.00546521  0.00905706  0.00904369  0.00909416   0.0162996    0.015907    0.015783   0.0129756   0.0122708   0.0127466   0.0254494   0.0222222   0.0247734    0.047732   0.0441738   0.0449952  0.00678979  0.00673285           0   0.0110907           0   0.0108123     1.01627     1.02808           0   0.0174523   0.0173751           0     1.02707   0.0394932    0.041945   0.0948785  0.00865682    0.100619  0.00439038  0.00685448  0.00702243   0.0219934   0.0525417   0.0512179      1.0001  0.00671904   0.0135715
 0.00404212  0.00403659  0.00395076  0.00461653  0.00457224  0.00455527  0.00551454  0.00553045  0.00553689  0.00594179    0.005863  0.00584248  0.00982239  0.00975022  0.00975243    0.017451   0.0169405   0.0171213   0.0139665   0.0133089   0.0135329   0.0289544  0.00654692  0.00653175   0.0108309   0.0108406   0.0107723           0           0           0           0      0.0122           0           0     1.01515     1.56382   0.0206659           0           0           1   0.0483843   0.0493108     1.01242    0.129114     1.09802   0.0042272  0.00800385   0.0502161   0.0608433    0.035936   0.0190664  0.00103417   0.0615412   0.0608862

Statuses: 
0 0 0 0 3 3 0 0 0 0 0 0 0 0 0 0 0 0 0 0 0 0 0 0 3 0 0 3 3 3 3 3 3 3 3 3 3 3 3 0 0 0 0 3 0 0 0 0 0 0 0 0 3 3
0 0 0 0 0 0 0 0 0 0 0 0 0 0 3 0 0 0 0 0 0 0 0 3 0 0 0 0 3 3 3 0 3 3 3 3 0 0 3 3 3 0 3 3 3 3 0 0 0 3 0 3 0 3
0 0 0 3 0 0 3 3 0 0 0 0 0 0 0 3 0 0 0 0 0 3 3 3 3 0 0 0 3 3 3 3 3 0 3 0 3 3 3 3 0 0 0 0 0 3 3 3 3 0 3 0 3 3
0 0 0 0 0 0 0 0 0 0 0 0 3 3 3 0 0 3 0 0 0 3 3 3 3 3 0 0 3 3 0 3 0 3 3 3 3 3 0 3 3 3 0 3 3 3 3 3 0 3 0 0 3 3
0 0 0 0 0 2 0 0 0 0 0 0 3 3 0 0 0 0 0 0 0 3 0 3 0 0 0 3 3 3 3 3 3 3 3 3 3 3 3 0 0 0 0 0 3 3 3 3 3 0 3 3 0 0
0 2 2 0 0 0 0 0 0 0 0 0 0 0 0 0 0 0 0 0 0 3 3 3 0 0 0 3 3 3 3 0 0 3 3 3 3 3 3 3 3 3 3 0 0 3 3 3 0 0 3 3 0 3
0 0 0 2 0 0 0 0 0 0 0 0 3 3 3 0 0 0 0 0 0 3 3 0 0 0 0 0 3 3 3 3 3 3 3 3 0 0 0 3 0 0 0 3 0 3 3 3 3 3 3 0 3 0
2 2 0 0 0 0 0 0 0 0 0 0 0 0 0 0 0 0 0 0 0 0 0 0 0 0 0 0 0 3 3 3 3 3 3 3 3 0 3 0 0 3 0 0 3 3 3 3 0 0 3 3 0 3
2 2 2 0 0 0 0 0 0 0 0 0 0 0 0 0 0 0 0 0 0 0 3 3 0 0 0 3 3 3 3 3 3 3 3 3 3 0 3 3 0 0 0 3 0 3 3 3 0 3 0 0 3 0
0 0 0 2 2 2 0 0 0 0 0 0 0 0 0 0 0 0 0 0 0 3 0 0 0 0 0 3 3 3 3 3 3 3 3 3 3 3 3 3 0 3 0 3 0 3 3 3 0 3 0 0 3 0
0 0 0 0 0 0 0 0 0 0 0 0 0 0 0 0 0 0 0 0 0 0 0 0 0 0 0 0 0 3 0 3 0 3 3 3 0 0 3 3 0 0 0 0 0 3 3 3 3 0 0 3 3 3
0 0 0 0 0 0 0 0 0 0 0 0 0 0 0 0 0 0 0 0 0 0 0 0 0 0 0 3 3 3 3 0 3 3 3 3 0 3 3 3 0 0 3 0 3 3 3 0 0 0 3 3 0 0
chisq per dof: 
7.51236 6.80122 6.23031 2.86757 30205.5 27598.7 1.63169  1.5434 1.47569 1.57752  1.5097 1.45332 1.50322 1.43163 1.37791 1.60147 1.50165  1.4303 1.66967 1.57441 1.50275 1.80238 1.66908 1.57372 19958.2 1.80131 1.66834 38322.7 41075.4 38540.2 77653.8 67972.6 61117.4 70197.9 55817.3 51545.7 69878.6 59550.6 59159.5 1.80363 1.66997 1.57437 2.00141   35199 1.66867 2.00165 1.83553 1.71675 2.25205 2.00252 1.83593 2.66794 34178.9 72078.5
4.42752  4.0819  3.7854 2.17462 2.03549 1.93434 1.58594 1.50504 1.45139 1.53032  1.4649 1.42286 1.50494 1.43304 2099.52  1.6033 1.50294 1.43641 1.66941   1.574 1.50645 1.80317 1.66956 742.196 2.00393 1.80342 1.67523  3.1873 4460.32 4931.27 5651.73 1.74964 5331.26 7461.73  6221.1  5332.9 1.71359 1.61575 5106.12 7979.69 6076.92 1.57828 4919.87 7189.86 5923.53 10103.1 1.83633 1.72142 2.25364    6392 17.3745 8501.59 2.25349 6768.53
3.77784 3.47236 3.25343 431.414 1.86653 1.77264 167.099 122.145 1.44595  1.5168 1.45224 1.40199 1.50506 1.43309 1.37916 96.2531 1.50167 1.43037 1.66824 1.57291 1.50169 1260.27 1061.08 916.908 172.353 1.80194 1.66874 2.68885 1237.69 416.628 1396.11 1288.81 1133.72 1231.85 1391.58 895.006 1376.59 1170.82 718.064 1741.96 1.67026 1.57504 2.00214 1.80199 1.66871 2193.46 1866.11 1583.02 2196.98 2.00157 1283.37 2.66805 1977.97 1528.39
2.95371 2.79926 2.61958 1.80461 1.70964 1.63193 1.55162 1.48459 1.42577 1.51096 1.44744 1.39881 263.273 237.719 212.302 1.60243 1.50205 201.182 1.66854 1.57305 1.50227 317.089 282.258 247.928 291.223 109.158 1.66968 2.28185 404.553 356.921 1.69334 399.417 1.52774 481.092  451.54 390.196 346.906 426.693 1.52918 564.231 365.416 219.519   2.003 251.063 406.136 742.282 618.299 549.576 2.25254 585.144 1.83633 2.66968 628.414 434.665
2.58521  2.4242 2.28258 1.71575 1.62681 1.56414 1.50147 1.43014 1.37809 1.50302 1.44055 1.39409 95.2655 83.8775 1.38188 1.60219 1.50414 1.43269 1.66811 1.57477 1.50342 164.194  1.6703 79.9314 2.00092 1.80436 1.67098 183.462 202.638 180.261 205.265 178.903 159.164 225.194  171.07 163.639 175.918 128.831 114.421 1.80165 1.67201 1.57637 2.00112 1.80479 185.846 328.017   271.3 232.721 289.655 2.00421 157.606 130.102 2.25446 2.00495
2.30313 2.15909 2.04321 1.62029 1.54567 1.48892 1.44482 1.38456 1.33655 1.49041 1.43137 1.38442 1.50508 1.43465 1.38032 1.60398 1.50513 1.43298 1.66946 1.57525 1.50335 59.0919 49.5971 41.2914 2.00385 1.80486 1.67072 47.9145 64.0542 34.7322 81.3135  1.4957 1.43401 107.509 90.1454 71.0649 80.0971 68.2577 48.2041 124.709 104.107 42.0967 113.759 1.80429 1.67028 159.436 138.235 118.741  2.2539 2.00428  59.891 172.857 2.25524 59.9115
 1.9842 1.87522 1.78803 1.53555 1.46887 1.41866  1.4156 1.35642 1.31194 1.48536 1.42475 1.37838 22.8262 18.7421   15.82 1.60255 1.50287 1.43132 1.66812 1.57318  1.5017 4.72697 4.05829 1.57292 2.00057 1.80073 1.66737 1.64201 19.3903 24.5409 55.6351 47.7898 42.1266 52.3237 42.6606 41.1085 1.67607 1.57974 1.50731 52.5016 1.66704 1.57175 2.00047 52.9835 1.66704 89.0421 77.9194  66.931 69.7553 56.2928 26.9181 2.70668 35.3263 2.00045
1.73288 1.65456 1.59318 1.44229 1.38729 1.34526 1.38363 1.32949 1.28885 1.46907 1.41048 1.36542  1.5066 1.43431 1.38064 1.60564 1.50474 1.43342 1.67084 1.57512 1.50402 1.80464 1.67068 1.57586 2.00506 1.80454 1.67177 1.54803 1.49276  12.053 31.5482 27.3832 18.7203 31.8306 26.7615 23.3006 14.4111 1.58289 14.6437 1.80397 1.67072 19.2622 2.00496 1.80468 27.0144 53.9203 45.1144 39.1086 2.25496 2.00462 31.2931 51.1385 2.25566 28.7087
1.61051 1.54294 1.48884 1.41818 1.36591 1.32581 1.37613 1.32245 1.28215 1.46608 1.40788 1.36272 1.50298 1.43141 1.37748 1.60138 1.50155  1.4299 1.66782 1.57268 1.50109 1.80124 5.97793   6.042 2.00155 1.80153 1.66795 12.6077 12.3809 7.13827 20.3723 17.6309 15.6483 18.9784 16.4147 14.2325 8.58848 1.57806 9.26684  23.726  1.6681 1.57269 2.00165 13.8926 1.66799 23.1896 19.5499 17.1175 2.25153 23.3169 1.83463 2.66857 17.9424 2.00154
1.45092 1.40122 1.36228 1.35581 1.31135 1.27835 1.35287 1.30256 1.26493  1.4529 1.39634 1.35249 1.50597 1.43372 1.37973 1.60674 1.50564 1.43361 1.67199   1.576 1.50421  2.9708 1.67198 1.57622 2.00677 1.80545 1.67176 10.5688 9.12759 7.65996  14.484 12.6858 9.80092 13.1954  11.173   9.716 4.93784 5.61628  5.8686  10.456 1.67134 3.87094 2.00642 10.4796 1.67177 14.1755 6.18698  16.231 2.25636 12.6278 1.83845 2.67511 14.4849  2.0061
1.39284 1.35036 1.31548 1.32786 1.28844 1.25666 1.34439 1.29548 1.25855 1.44319 1.38864 1.34559 1.50347  1.4319 1.37791 1.60384 1.50367 1.43172 1.66982 1.57458 1.50276 1.80378 1.67033 1.57457 2.00471 1.80439 1.67033 1.45373  1.3992 4.77535 1.50971  8.8273 1.38409 8.56915 7.05793 7.59491  1.6727 1.57796 6.42253 14.1311 1.67045 1.57467 2.00478 7.07554 1.67032 10.2449 12.2181 10.8217 16.7917 2.00427  1.8369 15.5296 12.3393 7.96586
1.37228 1.33143 1.29835 1.31863 1.28393 1.25238  1.3405 1.29459 1.25813 1.43894 1.38833 1.34523 1.50126 1.43259 1.37877 1.60125 1.50461 1.43279 1.66772 1.57552  1.5038 1.80126 1.67135 1.57573  2.0017 1.80531 1.67138 3.93619 3.43779 4.15591 10.3168 1.44007 8.31524  9.3166 7.01243 2.48976 1.66987 6.72646 7.35856  5.3217 1.67134 1.57573 10.5271 1.80504 8.04826 18.4125 7.88273 1.71826 2.25157  2.0049 11.4576 13.6456 2.25611 2.00516
Mode averaged potential and errors: 
    0.19568  0.00034735
   0.290327 0.000351104
   0.346485  0.00453748
   0.393526  0.00463057
   0.435773  0.00475782
   0.474085  0.00378692
   0.517133   0.0170738
   0.558978    0.022932
   0.587979   0.0361271
   0.662921   0.0743162
   0.672917   0.0502934
   0.693572   0.0195535
R Models:
(* Fitting with shape 1 1 1 1 1 1 1 1 0 0 0 0 *)
G[R_,xx_]:=xx[[0]] + xx[[1]]/R | xx[[2]]*R
(* Fitting with shape 1 1 1 1 1 1 1 1 1 0 0 0 *)
G[R_,xx_]:=xx[[0]] + xx[[1]]/R | xx[[2]]*R
(* Fitting with shape 1 1 1 1 1 1 1 1 1 1 0 0 *)
G[R_,xx_]:=xx[[0]] + xx[[1]]/R | xx[[2]]*R
(* Fitting with shape 1 1 1 1 1 1 1 1 1 1 1 0 *)
G[R_,xx_]:=xx[[0]] + xx[[1]]/R | xx[[2]]*R
(* Fitting with shape 1 1 1 1 1 1 1 1 1 1 1 1 *)
G[R_,xx_]:=xx[[0]] + xx[[1]]/R | xx[[2]]*R
(* Fitting with shape 0 1 1 1 1 1 1 1 0 0 0 0 *)
G[R_,xx_]:=xx[[0]] + xx[[1]]/R | xx[[2]]*R
(* Fitting with shape 0 1 1 1 1 1 1 1 1 0 0 0 *)
G[R_,xx_]:=xx[[0]] + xx[[1]]/R | xx[[2]]*R
(* Fitting with shape 0 1 1 1 1 1 1 1 1 1 0 0 *)
G[R_,xx_]:=xx[[0]] + xx[[1]]/R | xx[[2]]*R
(* Fitting with shape 0 1 1 1 1 1 1 1 1 1 1 0 *)
G[R_,xx_]:=xx[[0]] + xx[[1]]/R | xx[[2]]*R
(* Fitting with shape 0 1 1 1 1 1 1 1 1 1 1 1 *)
G[R_,xx_]:=xx[[0]] + xx[[1]]/R | xx[[2]]*R
(* Fitting with shape 0 0 1 1 1 1 1 1 0 0 0 0 *)
G[R_,xx_]:=xx[[0]] + xx[[1]]/R | xx[[2]]*R
(* Fitting with shape 0 0 1 1 1 1 1 1 1 0 0 0 *)
G[R_,xx_]:=xx[[0]] + xx[[1]]/R | xx[[2]]*R
(* Fitting with shape 0 0 1 1 1 1 1 1 1 1 0 0 *)
G[R_,xx_]:=xx[[0]] + xx[[1]]/R | xx[[2]]*R
(* Fitting with shape 0 0 1 1 1 1 1 1 1 1 1 0 *)
G[R_,xx_]:=xx[[0]] + xx[[1]]/R | xx[[2]]*R
(* Fitting with shape 0 0 1 1 1 1 1 1 1 1 1 1 *)
G[R_,xx_]:=xx[[0]] + xx[[1]]/R | xx[[2]]*R
(* Fitting with shape 0 0 0 1 1 1 1 1 0 0 0 0 *)
G[R_,xx_]:=xx[[0]] + xx[[1]]/R | xx[[2]]*R
(* Fitting with shape 0 0 0 1 1 1 1 1 1 0 0 0 *)
G[R_,xx_]:=xx[[0]] + xx[[1]]/R | xx[[2]]*R
(* Fitting with shape 0 0 0 1 1 1 1 1 1 1 0 0 *)
G[R_,xx_]:=xx[[0]] + xx[[1]]/R | xx[[2]]*R
(* Fitting with shape 0 0 0 1 1 1 1 1 1 1 1 0 *)
G[R_,xx_]:=xx[[0]] + xx[[1]]/R | xx[[2]]*R
(* Fitting with shape 0 0 0 1 1 1 1 1 1 1 1 1 *)
G[R_,xx_]:=xx[[0]] + xx[[1]]/R | xx[[2]]*R
1.73142 1.73142 1.73142 
-0.202328 -0.202328 -0.202328 
1 1 1 
33.1199 33.1199 33.1199 
-19.2445 -19.2445 -19.2445 
3.31825e-316 3.31825e-316 3.31825e-316 
4.67307e+07 4.67307e+07 4.67307e+07 
-488950 -488950 -488950 
308465 308465 308465 
5.53403e-320 5.53403e-320 5.53403e-320 
6.9039e-310 6.9039e-310 6.9039e-310 
3.33548e-316 3.33548e-316 3.33548e-316 
3.33603e-316 3.33603e-316 3.33603e-316 
2.42419e-81 2.42419e-81 2.42419e-81 
1.14716e+248 1.14716e+248 1.14716e+248 
1.04089e+242 1.04089e+242 1.04089e+242 
5.34277e-38 5.34277e-38 5.34277e-38 
1.3083e+214 1.3083e+214 1.3083e+214 
4.56627e+257 4.56627e+257 4.56627e+257 
1.44293e+180 1.44293e+180 1.44293e+180 
5.65946e-310 5.65946e-310 5.65946e-310 
0 0 0 
8.3808e+241 8.3808e+241 8.3808e+241 
4.56635e+257 4.56635e+257 4.56635e+257 
2.23276e-133 2.23276e-133 2.23276e-133 
1.49342e+195 1.49342e+195 1.49342e+195 
1.12999e-153 1.12999e-153 1.12999e-153 
1.378e-94 1.378e-94 1.378e-94 
3.80978e+180 3.80978e+180 3.80978e+180 
1.37995e+228 1.37995e+228 1.37995e+228 
6.88714e-86 6.88714e-86 6.88714e-86 
1.51531e-152 1.51531e-152 1.51531e-152 
5.41543e-67 5.41543e-67 5.41543e-67 
1.42706e-105 1.42706e-105 1.42706e-105 
1.42603e-105 1.42603e-105 1.42603e-105 
1.42603e-105 1.42603e-105 1.42603e-105 
1.42603e-105 1.42603e-105 1.42603e-105 
1.42603e-105 1.42603e-105 1.42603e-105 
1.42603e-105 1.42603e-105 1.42603e-105 
1.42603e-105 1.42603e-105 1.42603e-105 
1.42603e-105 1.42603e-105 1.42603e-105 
1.42603e-105 1.42603e-105 1.42603e-105 
9.74252e-154 9.74252e-154 9.74252e-154 
6.01347e-154 6.01347e-154 6.01347e-154 
6.01347e-154 6.01347e-154 6.01347e-154 
6.01347e-154 6.01347e-154 6.01347e-154 
6.01347e-154 6.01347e-154 6.01347e-154 
6.01347e-154 6.01347e-154 6.01347e-154 
6.01347e-154 6.01347e-154 6.01347e-154 
6.01347e-154 6.01347e-154 6.01347e-154 
6.01347e-154 6.01347e-154 6.01347e-154 
9.74252e-154 9.74252e-154 9.74252e-154 
8.54523e+194 8.54523e+194 8.54523e+194 
1.56536e-76 1.56536e-76 1.56536e-76 
Probabilities: 
         0          0          0          0          0          0          0          0          0 0.00606594 0.00672646          0  0.0141991  0.0340803   0.023452          0  0.0154988  0.0276735          0   0.104919   0.123855  0.0122106  0.0419686     0.0881 0.00592045  0.0155258  0.0342745          0          0          0          0          0          0          0          0          0  0.0347209          0          0   0.015024          0          0          0          0          0          0   0.111788   0.278299          0          0          0 0.00569798          0          0

String tensions: 
           1            1            1            1            1            1            1            1            1    -0.423416    -0.423961    -0.428833    -0.526907    -0.536559    -0.590282     -2.37446    -0.642802    -0.748734     -1.01867    -0.688045    -0.784635      -1.2841     -0.92205     -1.24458    -0.351301    -0.755272     -1.45468    -0.125071    0.0512181   -0.0508014     0.920717     0.923965     0.937595     0.958575     0.729296     0.980188   0.00285091   -0.0536781     0.640595   0.00112029   -0.0526882    -0.278978   -0.0395628     0.913457     0.947264      1.09464   0.00098882   0.00197637  -0.00232584 -0.000232467   -0.0623819   0.00760391   0.00770946    -0.163316

Errors: 
    5792.62     5792.62     5792.62     5792.62           0     5792.62           0     5792.62     5792.62  0.00284678  0.00281448  0.00258395   0.0505353   0.0468622   0.0301444           0     0.16184    0.101817  0.00673873    0.102812   0.0621361   0.0318889    0.543651   0.0218892     2.57107     1.63915    0.560524           0 0.000599974           0     1.01608     1.01605      1.0206           0     1.11271           0     0.00154           0           0  0.00337562     1.00014     1.00001     1.00096           1           0   0.0246546  0.00271581  0.00155907 0.000733999 0.000650736           1  0.00506279 0.000938904     74.0275

Statuses: 
0 0 0 0 3 0 3 0 0 0 0 0 0 0 0 3 0 0 0 0 0 0 0 0 0 0 0 3 0 3 3 3 3 3 3 3 0 3 3 0 3 3 3 3 3 3 0 0 1 1 3 0 1 3
chisq per dof: 
  1495.13   1359.04   1515.77   10.6326   272.831   29.6819   3367.17   1.77663   5.04665  0.599539  0.748757   3.14487  0.082632  0.106388   0.43653   2147.32  0.053437  0.165886   1.82338 0.0619709  0.240436  0.132924 0.0469016  0.105651 0.0490656 0.0528574  0.104764     44842    100.66   43089.9   6489.47   5588.05   5047.12    6626.8   5549.07   4938.87  0.101067   26847.9   71384.3 0.0638096   3052.29    4112.7   1538.79   5518.18   4890.42    102231 0.0461192 0.0605291 0.0386218 0.0467206   3124.66  0.064386 0.0537783   3118.45
Model string tension and errors: 
sigma = -0.471954 +/- 0.574641
