R=0parameters: 
-0.665987 -0.665987 
0.068141 0.068141 
9.25869e-11 9.25869e-11 
3.21143e-322 3.21143e-322 
9.88131e-324 9.88131e-324 
-6.12328e-44 -6.12328e-44 
1 1 
1.98293e-316 1.98293e-316 
1.17956e+08 1.17956e+08 
0 0 0 
0 0 0 
3.21143e-322 3.21143e-322 3.21143e-322 
1.4822e-323 1.4822e-323 1.4822e-323 
1.95061e-316 1.95061e-316 1.95061e-316 
1.06213e-10 1.06213e-10 1.06213e-10 
1.99102e-316 1.99102e-316 1.99102e-316 
1.19505e+08 1.19505e+08 1.19505e+08 
1.98484e-316 1.98484e-316 1.98484e-316 
3.16202e-322 3.16202e-322 3.16202e-322 3.16202e-322 
3.21143e-322 3.21143e-322 3.21143e-322 3.21143e-322 
1.97626e-323 1.97626e-323 1.97626e-323 1.97626e-323 
2.00157e-316 2.00157e-316 2.00157e-316 2.00157e-316 
2.3342e-313 2.3342e-313 2.3342e-313 2.3342e-313 
1.93478e-316 1.93478e-316 1.93478e-316 1.93478e-316 
7.75262e-72 7.75262e-72 7.75262e-72 7.75262e-72 
2.122e-314 2.122e-314 2.122e-314 2.122e-314 
1.94135e-316 1.94135e-316 1.94135e-316 1.94135e-316 
2.42092e-322 2.42092e-322 2.42092e-322 
0 0 0 
0 0 0 
0 0 0 
0.00254236 0.00254236 0.00254236 
0 0 0 
3.21143e-322 3.21143e-322 3.21143e-322 
1.97626e-323 1.97626e-323 1.97626e-323 
1.92771e-316 1.92771e-316 1.92771e-316 
1.42738e+228 1.42738e+228 1.42738e+228 1.42738e+228 
1.98335e-316 1.98335e-316 1.98335e-316 1.98335e-316 
3875.87 3875.87 3875.87 3875.87 
1.92656e-316 1.92656e-316 1.92656e-316 1.92656e-316 
3.16202e-322 3.16202e-322 3.16202e-322 3.16202e-322 
2.92981e-321 2.92981e-321 2.92981e-321 2.92981e-321 
2.00519e-316 2.00519e-316 2.00519e-316 2.00519e-316 
-6.12328e-44 -6.12328e-44 -6.12328e-44 -6.12328e-44 
1.65136e-317 1.65136e-317 1.65136e-317 1.65136e-317 
0.0289825 0.0289825 0.0289825 0.0289825 0.0289825 
-0.0132027 -0.0132027 -0.0132027 -0.0132027 -0.0132027 
3.69103e-09 3.69103e-09 3.69103e-09 3.69103e-09 3.69103e-09 
2.80228e-07 2.80228e-07 2.80228e-07 2.80228e-07 2.80228e-07 
9.35095e-08 9.35095e-08 9.35095e-08 9.35095e-08 9.35095e-08 
1.14543e-08 1.14543e-08 1.14543e-08 1.14543e-08 1.14543e-08 
3.86638e-07 3.86638e-07 3.86638e-07 3.86638e-07 3.86638e-07 
4.74303e-322 4.74303e-322 4.74303e-322 4.74303e-322 4.74303e-322 
1.63042e-322 1.63042e-322 1.63042e-322 1.63042e-322 1.63042e-322 
R=1parameters: 
-0.610362 -0.610362 
0.102482 0.102482 
-2.93632e-07 -2.93632e-07 
0.0616073 0.0616073 
-0.0501455 -0.0501455 
2.00305e-316 2.00305e-316 
1.21087e+08 1.21087e+08 
-708857 -708857 
-610462 -610462 
3.21143e-322 3.21143e-322 3.21143e-322 
1.95768e-316 1.95768e-316 1.95768e-316 
2 2 2 
0 0 0 
0 0 0 
0 0 0 
0 0 0 
1.98618e-316 1.98618e-316 1.98618e-316 
3.21143e-322 3.21143e-322 3.21143e-322 
1.43279e-322 1.43279e-322 1.43279e-322 1.43279e-322 
1.92313e-316 1.92313e-316 1.92313e-316 1.92313e-316 
8.78937e+252 8.78937e+252 8.78937e+252 8.78937e+252 
1.71877e+161 1.71877e+161 1.71877e+161 1.71877e+161 
1.23972e+224 1.23972e+224 1.23972e+224 1.23972e+224 
5.967e-154 5.967e-154 5.967e-154 5.967e-154 
6.01347e-154 6.01347e-154 6.01347e-154 6.01347e-154 
3.21143e-322 3.21143e-322 3.21143e-322 3.21143e-322 
1.5316e-322 1.5316e-322 1.5316e-322 1.5316e-322 
1.92313e-316 1.92313e-316 1.92313e-316 
8.78937e+252 8.78937e+252 8.78937e+252 
4.74595e+170 4.74595e+170 4.74595e+170 
7.23101e+165 7.23101e+165 7.23101e+165 
9.01806e-308 9.01806e-308 9.01806e-308 
1.064e+248 1.064e+248 1.064e+248 
3.21143e-322 3.21143e-322 3.21143e-322 
1.28457e-322 1.28457e-322 1.28457e-322 
1.92313e-316 1.92313e-316 1.92313e-316 
8.78937e+252 8.78937e+252 8.78937e+252 8.78937e+252 
5.30573e+180 5.30573e+180 5.30573e+180 5.30573e+180 
5.63731e-67 5.63731e-67 5.63731e-67 5.63731e-67 
2.43116e-152 2.43116e-152 2.43116e-152 2.43116e-152 
3.62463e+228 3.62463e+228 3.62463e+228 3.62463e+228 
4.79244e-322 4.79244e-322 4.79244e-322 4.79244e-322 
-2.19679 -2.19679 -2.19679 -2.19679 
-3.43377 -3.43377 -3.43377 -3.43377 
2.18494 2.18494 2.18494 2.18494 
1 1 1 1 1 
1 1 1 1 1 
3.69103e-09 3.69103e-09 3.69103e-09 3.69103e-09 3.69103e-09 
2.80228e-07 2.80228e-07 2.80228e-07 2.80228e-07 2.80228e-07 
9.35095e-08 9.35095e-08 9.35095e-08 9.35095e-08 9.35095e-08 
1.14543e-08 1.14543e-08 1.14543e-08 1.14543e-08 1.14543e-08 
3.86638e-07 3.86638e-07 3.86638e-07 3.86638e-07 3.86638e-07 
4.74303e-322 4.74303e-322 4.74303e-322 4.74303e-322 4.74303e-322 
1.63042e-322 1.63042e-322 1.63042e-322 1.63042e-322 1.63042e-322 
R=2parameters: 
-0.546446 -0.546446 
0.125992 0.125992 
1.89153 1.89153 
36.7149 36.7149 
-119.143 -119.143 
2.00305e-316 2.00305e-316 
1.21087e+08 1.21087e+08 
-708857 -708857 
-610462 -610462 
3.21143e-322 3.21143e-322 3.21143e-322 
1.95768e-316 1.95768e-316 1.95768e-316 
2 2 2 
0 0 0 
0 0 0 
0 0 0 
0 0 0 
1.98618e-316 1.98618e-316 1.98618e-316 
3.21143e-322 3.21143e-322 3.21143e-322 
1.43279e-322 1.43279e-322 1.43279e-322 1.43279e-322 
1.92313e-316 1.92313e-316 1.92313e-316 1.92313e-316 
8.78937e+252 8.78937e+252 8.78937e+252 8.78937e+252 
1.71877e+161 1.71877e+161 1.71877e+161 1.71877e+161 
1.23972e+224 1.23972e+224 1.23972e+224 1.23972e+224 
5.967e-154 5.967e-154 5.967e-154 5.967e-154 
6.01347e-154 6.01347e-154 6.01347e-154 6.01347e-154 
3.21143e-322 3.21143e-322 3.21143e-322 3.21143e-322 
1.5316e-322 1.5316e-322 1.5316e-322 1.5316e-322 
1.92313e-316 1.92313e-316 1.92313e-316 
8.78937e+252 8.78937e+252 8.78937e+252 
4.74595e+170 4.74595e+170 4.74595e+170 
7.23101e+165 7.23101e+165 7.23101e+165 
9.01806e-308 9.01806e-308 9.01806e-308 
1.064e+248 1.064e+248 1.064e+248 
3.21143e-322 3.21143e-322 3.21143e-322 
1.28457e-322 1.28457e-322 1.28457e-322 
1.92313e-316 1.92313e-316 1.92313e-316 
8.78937e+252 8.78937e+252 8.78937e+252 8.78937e+252 
5.30573e+180 5.30573e+180 5.30573e+180 5.30573e+180 
5.63731e-67 5.63731e-67 5.63731e-67 5.63731e-67 
2.43116e-152 2.43116e-152 2.43116e-152 2.43116e-152 
3.62463e+228 3.62463e+228 3.62463e+228 3.62463e+228 
4.79244e-322 4.79244e-322 4.79244e-322 4.79244e-322 
-7.67841 -7.67841 -7.67841 -7.67841 
-0.531766 -0.531766 -0.531766 -0.531766 
1.49675 1.49675 1.49675 1.49675 
1 1 1 1 1 
1 1 1 1 1 
3.69103e-09 3.69103e-09 3.69103e-09 3.69103e-09 3.69103e-09 
2.80228e-07 2.80228e-07 2.80228e-07 2.80228e-07 2.80228e-07 
9.35095e-08 9.35095e-08 9.35095e-08 9.35095e-08 9.35095e-08 
1.14543e-08 1.14543e-08 1.14543e-08 1.14543e-08 1.14543e-08 
3.86638e-07 3.86638e-07 3.86638e-07 3.86638e-07 3.86638e-07 
4.74303e-322 4.74303e-322 4.74303e-322 4.74303e-322 4.74303e-322 
1.63042e-322 1.63042e-322 1.63042e-322 1.63042e-322 1.63042e-322 
R=3parameters: 
-0.478402 -0.478402 
0.146386 0.146386 
1.54622 1.54622 
24.988 24.988 
-83.9615 -83.9615 
2.00305e-316 2.00305e-316 
1.21087e+08 1.21087e+08 
-708857 -708857 
-610462 -610462 
3.21143e-322 3.21143e-322 3.21143e-322 
1.95768e-316 1.95768e-316 1.95768e-316 
2 2 2 
0 0 0 
0 0 0 
0 0 0 
0 0 0 
1.98618e-316 1.98618e-316 1.98618e-316 
3.21143e-322 3.21143e-322 3.21143e-322 
1.43279e-322 1.43279e-322 1.43279e-322 1.43279e-322 
1.92313e-316 1.92313e-316 1.92313e-316 1.92313e-316 
8.78937e+252 8.78937e+252 8.78937e+252 8.78937e+252 
1.71877e+161 1.71877e+161 1.71877e+161 1.71877e+161 
1.23972e+224 1.23972e+224 1.23972e+224 1.23972e+224 
5.967e-154 5.967e-154 5.967e-154 5.967e-154 
6.01347e-154 6.01347e-154 6.01347e-154 6.01347e-154 
3.21143e-322 3.21143e-322 3.21143e-322 3.21143e-322 
1.5316e-322 1.5316e-322 1.5316e-322 1.5316e-322 
1.92313e-316 1.92313e-316 1.92313e-316 
8.78937e+252 8.78937e+252 8.78937e+252 
4.74595e+170 4.74595e+170 4.74595e+170 
7.23101e+165 7.23101e+165 7.23101e+165 
9.01806e-308 9.01806e-308 9.01806e-308 
1.064e+248 1.064e+248 1.064e+248 
3.21143e-322 3.21143e-322 3.21143e-322 
1.28457e-322 1.28457e-322 1.28457e-322 
1.92313e-316 1.92313e-316 1.92313e-316 
8.78937e+252 8.78937e+252 8.78937e+252 8.78937e+252 
5.30573e+180 5.30573e+180 5.30573e+180 5.30573e+180 
5.63731e-67 5.63731e-67 5.63731e-67 5.63731e-67 
2.43116e-152 2.43116e-152 2.43116e-152 2.43116e-152 
3.62463e+228 3.62463e+228 3.62463e+228 3.62463e+228 
4.79244e-322 4.79244e-322 4.79244e-322 4.79244e-322 
-26.8176 -26.8176 -26.8176 -26.8176 
0.726505 0.726505 0.726505 0.726505 
5.11059 5.11059 5.11059 5.11059 
0.169031 0.169031 0.169031 0.169031 0.169031 
-0.556817 -0.556817 -0.556817 -0.556817 -0.556817 
3.69103e-09 3.69103e-09 3.69103e-09 3.69103e-09 3.69103e-09 
2.80228e-07 2.80228e-07 2.80228e-07 2.80228e-07 2.80228e-07 
9.35095e-08 9.35095e-08 9.35095e-08 9.35095e-08 9.35095e-08 
1.14543e-08 1.14543e-08 1.14543e-08 1.14543e-08 1.14543e-08 
3.86638e-07 3.86638e-07 3.86638e-07 3.86638e-07 3.86638e-07 
4.74303e-322 4.74303e-322 4.74303e-322 4.74303e-322 4.74303e-322 
1.63042e-322 1.63042e-322 1.63042e-322 1.63042e-322 1.63042e-322 
R=4parameters: 
-0.415542 -0.415542 
0.166369 0.166369 
1.5805 1.5805 
4.73774 4.73774 
-23.2126 -23.2126 
2.00305e-316 2.00305e-316 
1.21087e+08 1.21087e+08 
-708857 -708857 
-610462 -610462 
3.21143e-322 3.21143e-322 3.21143e-322 
1.95768e-316 1.95768e-316 1.95768e-316 
2 2 2 
0 0 0 
0 0 0 
0 0 0 
0 0 0 
1.98618e-316 1.98618e-316 1.98618e-316 
3.21143e-322 3.21143e-322 3.21143e-322 
1.43279e-322 1.43279e-322 1.43279e-322 1.43279e-322 
1.92313e-316 1.92313e-316 1.92313e-316 1.92313e-316 
8.78937e+252 8.78937e+252 8.78937e+252 8.78937e+252 
1.71877e+161 1.71877e+161 1.71877e+161 1.71877e+161 
1.23972e+224 1.23972e+224 1.23972e+224 1.23972e+224 
5.967e-154 5.967e-154 5.967e-154 5.967e-154 
6.01347e-154 6.01347e-154 6.01347e-154 6.01347e-154 
3.21143e-322 3.21143e-322 3.21143e-322 3.21143e-322 
1.5316e-322 1.5316e-322 1.5316e-322 1.5316e-322 
1.92313e-316 1.92313e-316 1.92313e-316 
8.78937e+252 8.78937e+252 8.78937e+252 
4.74595e+170 4.74595e+170 4.74595e+170 
7.23101e+165 7.23101e+165 7.23101e+165 
9.01806e-308 9.01806e-308 9.01806e-308 
1.064e+248 1.064e+248 1.064e+248 
3.21143e-322 3.21143e-322 3.21143e-322 
1.28457e-322 1.28457e-322 1.28457e-322 
1.92313e-316 1.92313e-316 1.92313e-316 
8.78937e+252 8.78937e+252 8.78937e+252 8.78937e+252 
5.30573e+180 5.30573e+180 5.30573e+180 5.30573e+180 
5.63731e-67 5.63731e-67 5.63731e-67 5.63731e-67 
2.43116e-152 2.43116e-152 2.43116e-152 2.43116e-152 
3.62463e+228 3.62463e+228 3.62463e+228 3.62463e+228 
4.79244e-322 4.79244e-322 4.79244e-322 4.79244e-322 
-6.25468 -6.25468 -6.25468 -6.25468 
0.163334 0.163334 0.163334 0.163334 
-0.000504759 -0.000504759 -0.000504759 -0.000504759 
0.216188 0.216188 0.216188 0.216188 0.216188 
-0.0974273 -0.0974273 -0.0974273 -0.0974273 -0.0974273 
3.69103e-09 3.69103e-09 3.69103e-09 3.69103e-09 3.69103e-09 
2.80228e-07 2.80228e-07 2.80228e-07 2.80228e-07 2.80228e-07 
9.35095e-08 9.35095e-08 9.35095e-08 9.35095e-08 9.35095e-08 
1.14543e-08 1.14543e-08 1.14543e-08 1.14543e-08 1.14543e-08 
3.86638e-07 3.86638e-07 3.86638e-07 3.86638e-07 3.86638e-07 
4.74303e-322 4.74303e-322 4.74303e-322 4.74303e-322 4.74303e-322 
1.63042e-322 1.63042e-322 1.63042e-322 1.63042e-322 1.63042e-322 
R=5parameters: 
-0.35916 -0.35916 
0.186976 0.186976 
-0.000122346 -0.000122346 
0.662909 0.662909 
-0.58691 -0.58691 
2.00305e-316 2.00305e-316 
1.21087e+08 1.21087e+08 
-708857 -708857 
-610462 -610462 
3.21143e-322 3.21143e-322 3.21143e-322 
1.95768e-316 1.95768e-316 1.95768e-316 
2 2 2 
0 0 0 
0 0 0 
0 0 0 
0 0 0 
1.98618e-316 1.98618e-316 1.98618e-316 
3.21143e-322 3.21143e-322 3.21143e-322 
1.43279e-322 1.43279e-322 1.43279e-322 1.43279e-322 
1.92313e-316 1.92313e-316 1.92313e-316 1.92313e-316 
8.78937e+252 8.78937e+252 8.78937e+252 8.78937e+252 
1.71877e+161 1.71877e+161 1.71877e+161 1.71877e+161 
1.23972e+224 1.23972e+224 1.23972e+224 1.23972e+224 
5.967e-154 5.967e-154 5.967e-154 5.967e-154 
6.01347e-154 6.01347e-154 6.01347e-154 6.01347e-154 
3.21143e-322 3.21143e-322 3.21143e-322 3.21143e-322 
1.5316e-322 1.5316e-322 1.5316e-322 1.5316e-322 
1.92313e-316 1.92313e-316 1.92313e-316 
8.78937e+252 8.78937e+252 8.78937e+252 
4.74595e+170 4.74595e+170 4.74595e+170 
7.23101e+165 7.23101e+165 7.23101e+165 
9.01806e-308 9.01806e-308 9.01806e-308 
1.064e+248 1.064e+248 1.064e+248 
3.21143e-322 3.21143e-322 3.21143e-322 
1.28457e-322 1.28457e-322 1.28457e-322 
1.92313e-316 1.92313e-316 1.92313e-316 
8.78937e+252 8.78937e+252 8.78937e+252 8.78937e+252 
5.30573e+180 5.30573e+180 5.30573e+180 5.30573e+180 
5.63731e-67 5.63731e-67 5.63731e-67 5.63731e-67 
2.43116e-152 2.43116e-152 2.43116e-152 2.43116e-152 
3.62463e+228 3.62463e+228 3.62463e+228 3.62463e+228 
4.79244e-322 4.79244e-322 4.79244e-322 4.79244e-322 
-7.53179 -7.53179 -7.53179 -7.53179 
0.408619 0.408619 0.408619 0.408619 
-0.0339273 -0.0339273 -0.0339273 -0.0339273 
0.252546 0.252546 0.252546 0.252546 0.252546 
-0.115854 -0.115854 -0.115854 -0.115854 -0.115854 
3.69103e-09 3.69103e-09 3.69103e-09 3.69103e-09 3.69103e-09 
2.80228e-07 2.80228e-07 2.80228e-07 2.80228e-07 2.80228e-07 
9.35095e-08 9.35095e-08 9.35095e-08 9.35095e-08 9.35095e-08 
1.14543e-08 1.14543e-08 1.14543e-08 1.14543e-08 1.14543e-08 
3.86638e-07 3.86638e-07 3.86638e-07 3.86638e-07 3.86638e-07 
4.74303e-322 4.74303e-322 4.74303e-322 4.74303e-322 4.74303e-322 
1.63042e-322 1.63042e-322 1.63042e-322 1.63042e-322 1.63042e-322 
R=6parameters: 
-0.310663 -0.310663 
0.208554 0.208554 
-0.000262132 -0.000262132 
0.819575 0.819575 
-0.721579 -0.721579 
2.00305e-316 2.00305e-316 
1.21087e+08 1.21087e+08 
-708857 -708857 
-610462 -610462 
3.21143e-322 3.21143e-322 3.21143e-322 
1.95768e-316 1.95768e-316 1.95768e-316 
2 2 2 
0 0 0 
0 0 0 
0 0 0 
0 0 0 
1.98618e-316 1.98618e-316 1.98618e-316 
3.21143e-322 3.21143e-322 3.21143e-322 
1.43279e-322 1.43279e-322 1.43279e-322 1.43279e-322 
1.92313e-316 1.92313e-316 1.92313e-316 1.92313e-316 
8.78937e+252 8.78937e+252 8.78937e+252 8.78937e+252 
1.71877e+161 1.71877e+161 1.71877e+161 1.71877e+161 
1.23972e+224 1.23972e+224 1.23972e+224 1.23972e+224 
5.967e-154 5.967e-154 5.967e-154 5.967e-154 
6.01347e-154 6.01347e-154 6.01347e-154 6.01347e-154 
3.21143e-322 3.21143e-322 3.21143e-322 3.21143e-322 
1.5316e-322 1.5316e-322 1.5316e-322 1.5316e-322 
1.92313e-316 1.92313e-316 1.92313e-316 
8.78937e+252 8.78937e+252 8.78937e+252 
4.74595e+170 4.74595e+170 4.74595e+170 
7.23101e+165 7.23101e+165 7.23101e+165 
9.01806e-308 9.01806e-308 9.01806e-308 
1.064e+248 1.064e+248 1.064e+248 
3.21143e-322 3.21143e-322 3.21143e-322 
1.28457e-322 1.28457e-322 1.28457e-322 
1.92313e-316 1.92313e-316 1.92313e-316 
8.78937e+252 8.78937e+252 8.78937e+252 8.78937e+252 
5.30573e+180 5.30573e+180 5.30573e+180 5.30573e+180 
5.63731e-67 5.63731e-67 5.63731e-67 5.63731e-67 
2.43116e-152 2.43116e-152 2.43116e-152 2.43116e-152 
3.62463e+228 3.62463e+228 3.62463e+228 3.62463e+228 
4.79244e-322 4.79244e-322 4.79244e-322 4.79244e-322 
-2.57812 -2.57812 -2.57812 -2.57812 
4.44044 4.44044 4.44044 4.44044 
0.832252 0.832252 0.832252 0.832252 
0.275205 0.275205 0.275205 0.275205 0.275205 
-0.125795 -0.125795 -0.125795 -0.125795 -0.125795 
3.69103e-09 3.69103e-09 3.69103e-09 3.69103e-09 3.69103e-09 
2.80228e-07 2.80228e-07 2.80228e-07 2.80228e-07 2.80228e-07 
9.35095e-08 9.35095e-08 9.35095e-08 9.35095e-08 9.35095e-08 
1.14543e-08 1.14543e-08 1.14543e-08 1.14543e-08 1.14543e-08 
3.86638e-07 3.86638e-07 3.86638e-07 3.86638e-07 3.86638e-07 
4.74303e-322 4.74303e-322 4.74303e-322 4.74303e-322 4.74303e-322 
1.63042e-322 1.63042e-322 1.63042e-322 1.63042e-322 1.63042e-322 
R=7parameters: 
-0.269705 -0.269705 
0.229799 0.229799 
-0.000523064 -0.000523064 
0.868953 0.868953 
-0.741748 -0.741748 
2.00305e-316 2.00305e-316 
1.21087e+08 1.21087e+08 
-708857 -708857 
-610462 -610462 
3.21143e-322 3.21143e-322 3.21143e-322 
1.95768e-316 1.95768e-316 1.95768e-316 
2 2 2 
0 0 0 
0 0 0 
0 0 0 
0 0 0 
1.98618e-316 1.98618e-316 1.98618e-316 
3.21143e-322 3.21143e-322 3.21143e-322 
1.43279e-322 1.43279e-322 1.43279e-322 1.43279e-322 
1.92313e-316 1.92313e-316 1.92313e-316 1.92313e-316 
8.78937e+252 8.78937e+252 8.78937e+252 8.78937e+252 
1.71877e+161 1.71877e+161 1.71877e+161 1.71877e+161 
1.23972e+224 1.23972e+224 1.23972e+224 1.23972e+224 
5.967e-154 5.967e-154 5.967e-154 5.967e-154 
6.01347e-154 6.01347e-154 6.01347e-154 6.01347e-154 
3.21143e-322 3.21143e-322 3.21143e-322 3.21143e-322 
1.5316e-322 1.5316e-322 1.5316e-322 1.5316e-322 
1.92313e-316 1.92313e-316 1.92313e-316 
8.78937e+252 8.78937e+252 8.78937e+252 
4.74595e+170 4.74595e+170 4.74595e+170 
7.23101e+165 7.23101e+165 7.23101e+165 
9.01806e-308 9.01806e-308 9.01806e-308 
1.064e+248 1.064e+248 1.064e+248 
3.21143e-322 3.21143e-322 3.21143e-322 
1.28457e-322 1.28457e-322 1.28457e-322 
1.92313e-316 1.92313e-316 1.92313e-316 
8.78937e+252 8.78937e+252 8.78937e+252 8.78937e+252 
5.30573e+180 5.30573e+180 5.30573e+180 5.30573e+180 
5.63731e-67 5.63731e-67 5.63731e-67 5.63731e-67 
2.43116e-152 2.43116e-152 2.43116e-152 2.43116e-152 
3.62463e+228 3.62463e+228 3.62463e+228 3.62463e+228 
4.79244e-322 4.79244e-322 4.79244e-322 4.79244e-322 
-2.35528 -2.35528 -2.35528 -2.35528 
0.225726 0.225726 0.225726 0.225726 
-0.00122114 -0.00122114 -0.00122114 -0.00122114 
0.288235 0.288235 0.288235 0.288235 0.288235 
0.0225587 0.0225587 0.0225587 0.0225587 0.0225587 
3.69103e-09 3.69103e-09 3.69103e-09 3.69103e-09 3.69103e-09 
2.80228e-07 2.80228e-07 2.80228e-07 2.80228e-07 2.80228e-07 
9.35095e-08 9.35095e-08 9.35095e-08 9.35095e-08 9.35095e-08 
1.14543e-08 1.14543e-08 1.14543e-08 1.14543e-08 1.14543e-08 
3.86638e-07 3.86638e-07 3.86638e-07 3.86638e-07 3.86638e-07 
4.74303e-322 4.74303e-322 4.74303e-322 4.74303e-322 4.74303e-322 
1.63042e-322 1.63042e-322 1.63042e-322 1.63042e-322 1.63042e-322 
R=8parameters: 
-0.238359 -0.238359 
0.250715 0.250715 
-0.059552 -0.059552 
1.3365 1.3365 
-8.5816 -8.5816 
2.00305e-316 2.00305e-316 
1.21087e+08 1.21087e+08 
-708857 -708857 
-610462 -610462 
3.21143e-322 3.21143e-322 3.21143e-322 
1.95768e-316 1.95768e-316 1.95768e-316 
2 2 2 
0 0 0 
0 0 0 
0 0 0 
0 0 0 
1.98618e-316 1.98618e-316 1.98618e-316 
3.21143e-322 3.21143e-322 3.21143e-322 
1.43279e-322 1.43279e-322 1.43279e-322 1.43279e-322 
1.92313e-316 1.92313e-316 1.92313e-316 1.92313e-316 
8.78937e+252 8.78937e+252 8.78937e+252 8.78937e+252 
1.71877e+161 1.71877e+161 1.71877e+161 1.71877e+161 
1.23972e+224 1.23972e+224 1.23972e+224 1.23972e+224 
5.967e-154 5.967e-154 5.967e-154 5.967e-154 
6.01347e-154 6.01347e-154 6.01347e-154 6.01347e-154 
3.21143e-322 3.21143e-322 3.21143e-322 3.21143e-322 
1.5316e-322 1.5316e-322 1.5316e-322 1.5316e-322 
1.92313e-316 1.92313e-316 1.92313e-316 
8.78937e+252 8.78937e+252 8.78937e+252 
4.74595e+170 4.74595e+170 4.74595e+170 
7.23101e+165 7.23101e+165 7.23101e+165 
9.01806e-308 9.01806e-308 9.01806e-308 
1.064e+248 1.064e+248 1.064e+248 
3.21143e-322 3.21143e-322 3.21143e-322 
1.28457e-322 1.28457e-322 1.28457e-322 
1.92313e-316 1.92313e-316 1.92313e-316 
8.78937e+252 8.78937e+252 8.78937e+252 8.78937e+252 
5.30573e+180 5.30573e+180 5.30573e+180 5.30573e+180 
5.63731e-67 5.63731e-67 5.63731e-67 5.63731e-67 
2.43116e-152 2.43116e-152 2.43116e-152 2.43116e-152 
3.62463e+228 3.62463e+228 3.62463e+228 3.62463e+228 
4.79244e-322 4.79244e-322 4.79244e-322 4.79244e-322 
-4.43177 -4.43177 -4.43177 -4.43177 
0.841668 0.841668 0.841668 0.841668 
-0.0586307 -0.0586307 -0.0586307 -0.0586307 
0.289036 0.289036 0.289036 0.289036 0.289036 
0.139728 0.139728 0.139728 0.139728 0.139728 
3.69103e-09 3.69103e-09 3.69103e-09 3.69103e-09 3.69103e-09 
2.80228e-07 2.80228e-07 2.80228e-07 2.80228e-07 2.80228e-07 
9.35095e-08 9.35095e-08 9.35095e-08 9.35095e-08 9.35095e-08 
1.14543e-08 1.14543e-08 1.14543e-08 1.14543e-08 1.14543e-08 
3.86638e-07 3.86638e-07 3.86638e-07 3.86638e-07 3.86638e-07 
4.74303e-322 4.74303e-322 4.74303e-322 4.74303e-322 4.74303e-322 
1.63042e-322 1.63042e-322 1.63042e-322 1.63042e-322 1.63042e-322 
R=9parameters: 
-0.218136 -0.218136 
0.269226 0.269226 
-0.00996957 -0.00996957 
-5.27571 -5.27571 
8.55005 8.55005 
2.00305e-316 2.00305e-316 
1.21087e+08 1.21087e+08 
-708857 -708857 
-610462 -610462 
3.21143e-322 3.21143e-322 3.21143e-322 
1.95768e-316 1.95768e-316 1.95768e-316 
2 2 2 
0 0 0 
0 0 0 
0 0 0 
0 0 0 
1.98618e-316 1.98618e-316 1.98618e-316 
3.21143e-322 3.21143e-322 3.21143e-322 
1.43279e-322 1.43279e-322 1.43279e-322 1.43279e-322 
1.92313e-316 1.92313e-316 1.92313e-316 1.92313e-316 
8.78937e+252 8.78937e+252 8.78937e+252 8.78937e+252 
1.71877e+161 1.71877e+161 1.71877e+161 1.71877e+161 
1.23972e+224 1.23972e+224 1.23972e+224 1.23972e+224 
5.967e-154 5.967e-154 5.967e-154 5.967e-154 
6.01347e-154 6.01347e-154 6.01347e-154 6.01347e-154 
3.21143e-322 3.21143e-322 3.21143e-322 3.21143e-322 
1.5316e-322 1.5316e-322 1.5316e-322 1.5316e-322 
1.92313e-316 1.92313e-316 1.92313e-316 
8.78937e+252 8.78937e+252 8.78937e+252 
4.74595e+170 4.74595e+170 4.74595e+170 
7.23101e+165 7.23101e+165 7.23101e+165 
9.01806e-308 9.01806e-308 9.01806e-308 
1.064e+248 1.064e+248 1.064e+248 
3.21143e-322 3.21143e-322 3.21143e-322 
1.28457e-322 1.28457e-322 1.28457e-322 
1.92313e-316 1.92313e-316 1.92313e-316 
8.78937e+252 8.78937e+252 8.78937e+252 8.78937e+252 
5.30573e+180 5.30573e+180 5.30573e+180 5.30573e+180 
5.63731e-67 5.63731e-67 5.63731e-67 5.63731e-67 
2.43116e-152 2.43116e-152 2.43116e-152 2.43116e-152 
3.62463e+228 3.62463e+228 3.62463e+228 3.62463e+228 
4.79244e-322 4.79244e-322 4.79244e-322 4.79244e-322 
-6.36791 -6.36791 -6.36791 -6.36791 
0.944676 0.944676 0.944676 0.944676 
-0.00142076 -0.00142076 -0.00142076 -0.00142076 
0.281236 0.281236 0.281236 0.281236 0.281236 
-0.123125 -0.123125 -0.123125 -0.123125 -0.123125 
3.69103e-09 3.69103e-09 3.69103e-09 3.69103e-09 3.69103e-09 
2.80228e-07 2.80228e-07 2.80228e-07 2.80228e-07 2.80228e-07 
9.35095e-08 9.35095e-08 9.35095e-08 9.35095e-08 9.35095e-08 
1.14543e-08 1.14543e-08 1.14543e-08 1.14543e-08 1.14543e-08 
3.86638e-07 3.86638e-07 3.86638e-07 3.86638e-07 3.86638e-07 
4.74303e-322 4.74303e-322 4.74303e-322 4.74303e-322 4.74303e-322 
1.63042e-322 1.63042e-322 1.63042e-322 1.63042e-322 1.63042e-322 
R=10parameters: 
-0.206681 -0.206681 
0.3498 0.3498 
0.0442257 0.0442257 
-18.3685 -18.3685 
109.298 109.298 
2.00305e-316 2.00305e-316 
1.21087e+08 1.21087e+08 
-708857 -708857 
-610462 -610462 
3.21143e-322 3.21143e-322 3.21143e-322 
1.95768e-316 1.95768e-316 1.95768e-316 
2 2 2 
0 0 0 
0 0 0 
0 0 0 
0 0 0 
1.98618e-316 1.98618e-316 1.98618e-316 
3.21143e-322 3.21143e-322 3.21143e-322 
1.43279e-322 1.43279e-322 1.43279e-322 1.43279e-322 
1.92313e-316 1.92313e-316 1.92313e-316 1.92313e-316 
8.78937e+252 8.78937e+252 8.78937e+252 8.78937e+252 
1.71877e+161 1.71877e+161 1.71877e+161 1.71877e+161 
1.23972e+224 1.23972e+224 1.23972e+224 1.23972e+224 
5.967e-154 5.967e-154 5.967e-154 5.967e-154 
6.01347e-154 6.01347e-154 6.01347e-154 6.01347e-154 
3.21143e-322 3.21143e-322 3.21143e-322 3.21143e-322 
1.5316e-322 1.5316e-322 1.5316e-322 1.5316e-322 
1.92313e-316 1.92313e-316 1.92313e-316 
8.78937e+252 8.78937e+252 8.78937e+252 
4.74595e+170 4.74595e+170 4.74595e+170 
7.23101e+165 7.23101e+165 7.23101e+165 
9.01806e-308 9.01806e-308 9.01806e-308 
1.064e+248 1.064e+248 1.064e+248 
3.21143e-322 3.21143e-322 3.21143e-322 
1.28457e-322 1.28457e-322 1.28457e-322 
1.92313e-316 1.92313e-316 1.92313e-316 
8.78937e+252 8.78937e+252 8.78937e+252 8.78937e+252 
5.30573e+180 5.30573e+180 5.30573e+180 5.30573e+180 
5.63731e-67 5.63731e-67 5.63731e-67 5.63731e-67 
2.43116e-152 2.43116e-152 2.43116e-152 2.43116e-152 
3.62463e+228 3.62463e+228 3.62463e+228 3.62463e+228 
4.79244e-322 4.79244e-322 4.79244e-322 4.79244e-322 
-9.1572 -9.1572 -9.1572 -9.1572 
0.789618 0.789618 0.789618 0.789618 
-0.00135873 -0.00135873 -0.00135873 -0.00135873 
0.279503 0.279503 0.279503 0.279503 0.279503 
-0.118276 -0.118276 -0.118276 -0.118276 -0.118276 
3.69103e-09 3.69103e-09 3.69103e-09 3.69103e-09 3.69103e-09 
2.80228e-07 2.80228e-07 2.80228e-07 2.80228e-07 2.80228e-07 
9.35095e-08 9.35095e-08 9.35095e-08 9.35095e-08 9.35095e-08 
1.14543e-08 1.14543e-08 1.14543e-08 1.14543e-08 1.14543e-08 
3.86638e-07 3.86638e-07 3.86638e-07 3.86638e-07 3.86638e-07 
4.74303e-322 4.74303e-322 4.74303e-322 4.74303e-322 4.74303e-322 
1.63042e-322 1.63042e-322 1.63042e-322 1.63042e-322 1.63042e-322 
R=11parameters: 
-0.203667 -0.203667 
0.286234 0.286234 
-0.000995346 -0.000995346 
0.688644 0.688644 
-0.483197 -0.483197 
2.00305e-316 2.00305e-316 
1.21087e+08 1.21087e+08 
-708857 -708857 
-610462 -610462 
3.21143e-322 3.21143e-322 3.21143e-322 
1.95768e-316 1.95768e-316 1.95768e-316 
2 2 2 
0 0 0 
0 0 0 
0 0 0 
0 0 0 
1.98618e-316 1.98618e-316 1.98618e-316 
3.21143e-322 3.21143e-322 3.21143e-322 
1.43279e-322 1.43279e-322 1.43279e-322 1.43279e-322 
1.92313e-316 1.92313e-316 1.92313e-316 1.92313e-316 
8.78937e+252 8.78937e+252 8.78937e+252 8.78937e+252 
1.71877e+161 1.71877e+161 1.71877e+161 1.71877e+161 
1.23972e+224 1.23972e+224 1.23972e+224 1.23972e+224 
5.967e-154 5.967e-154 5.967e-154 5.967e-154 
6.01347e-154 6.01347e-154 6.01347e-154 6.01347e-154 
3.21143e-322 3.21143e-322 3.21143e-322 3.21143e-322 
1.5316e-322 1.5316e-322 1.5316e-322 1.5316e-322 
1.92313e-316 1.92313e-316 1.92313e-316 
8.78937e+252 8.78937e+252 8.78937e+252 
4.74595e+170 4.74595e+170 4.74595e+170 
7.23101e+165 7.23101e+165 7.23101e+165 
9.01806e-308 9.01806e-308 9.01806e-308 
1.064e+248 1.064e+248 1.064e+248 
3.21143e-322 3.21143e-322 3.21143e-322 
1.28457e-322 1.28457e-322 1.28457e-322 
1.92313e-316 1.92313e-316 1.92313e-316 
8.78937e+252 8.78937e+252 8.78937e+252 8.78937e+252 
5.30573e+180 5.30573e+180 5.30573e+180 5.30573e+180 
5.63731e-67 5.63731e-67 5.63731e-67 5.63731e-67 
2.43116e-152 2.43116e-152 2.43116e-152 2.43116e-152 
3.62463e+228 3.62463e+228 3.62463e+228 3.62463e+228 
4.79244e-322 4.79244e-322 4.79244e-322 4.79244e-322 
-0.0507619 -0.0507619 -0.0507619 -0.0507619 
0.273407 0.273407 0.273407 0.273407 
0.435839 0.435839 0.435839 0.435839 
0.270232 0.270232 0.270232 0.270232 0.270232 
0.119434 0.119434 0.119434 0.119434 0.119434 
3.69103e-09 3.69103e-09 3.69103e-09 3.69103e-09 3.69103e-09 
2.80228e-07 2.80228e-07 2.80228e-07 2.80228e-07 2.80228e-07 
9.35095e-08 9.35095e-08 9.35095e-08 9.35095e-08 9.35095e-08 
1.14543e-08 1.14543e-08 1.14543e-08 1.14543e-08 1.14543e-08 
3.86638e-07 3.86638e-07 3.86638e-07 3.86638e-07 3.86638e-07 
4.74303e-322 4.74303e-322 4.74303e-322 4.74303e-322 4.74303e-322 
1.63042e-322 1.63042e-322 1.63042e-322 1.63042e-322 1.63042e-322 
T Models:
(* Fitting with shape 1 1 1 1 1 1 1 1 1 1 0 0 *)
G[T_,xx_]:=Exp[0+xx[[1]]*T^1+xx[[2]]*T^2]*(1)
(* Fitting with shape 1 1 1 1 1 1 1 1 1 1 1 0 *)
G[T_,xx_]:=Exp[0+xx[[1]]*T^1+xx[[2]]*T^2]*(1)
(* Fitting with shape 1 1 1 1 1 1 1 1 1 1 1 1 *)
G[T_,xx_]:=Exp[0+xx[[1]]*T^1+xx[[2]]*T^2]*(1)
(* Fitting with shape 0 1 1 1 1 1 1 1 1 1 0 0 *)
G[T_,xx_]:=Exp[0+xx[[1]]*T^1+xx[[2]]*T^2]*(1)
(* Fitting with shape 0 1 1 1 1 1 1 1 1 1 1 0 *)
G[T_,xx_]:=Exp[0+xx[[1]]*T^1+xx[[2]]*T^2]*(1)
(* Fitting with shape 0 1 1 1 1 1 1 1 1 1 1 1 *)
G[T_,xx_]:=Exp[0+xx[[1]]*T^1+xx[[2]]*T^2]*(1)
(* Fitting with shape 0 0 1 1 1 1 1 1 1 1 0 0 *)
G[T_,xx_]:=Exp[0+xx[[1]]*T^1+xx[[2]]*T^2]*(1)
(* Fitting with shape 0 0 1 1 1 1 1 1 1 1 1 0 *)
G[T_,xx_]:=Exp[0+xx[[1]]*T^1+xx[[2]]*T^2]*(1)
(* Fitting with shape 0 0 1 1 1 1 1 1 1 1 1 1 *)
G[T_,xx_]:=Exp[0+xx[[1]]*T^1+xx[[2]]*T^2]*(1)
(* Fitting with shape 1 1 1 1 1 1 1 1 1 1 0 0 *)
G[T_,xx_]:=Exp[0+xx[[1]]*T^1+xx[[2]]*T^2]*(1+xx[[3]]/(T^1))
(* Fitting with shape 1 1 1 1 1 1 1 1 1 1 1 0 *)
G[T_,xx_]:=Exp[0+xx[[1]]*T^1+xx[[2]]*T^2]*(1+xx[[3]]/(T^1))
(* Fitting with shape 1 1 1 1 1 1 1 1 1 1 1 1 *)
G[T_,xx_]:=Exp[0+xx[[1]]*T^1+xx[[2]]*T^2]*(1+xx[[3]]/(T^1))
(* Fitting with shape 0 1 1 1 1 1 1 1 1 1 0 0 *)
G[T_,xx_]:=Exp[0+xx[[1]]*T^1+xx[[2]]*T^2]*(1+xx[[3]]/(T^1))
(* Fitting with shape 0 1 1 1 1 1 1 1 1 1 1 0 *)
G[T_,xx_]:=Exp[0+xx[[1]]*T^1+xx[[2]]*T^2]*(1+xx[[3]]/(T^1))
(* Fitting with shape 0 1 1 1 1 1 1 1 1 1 1 1 *)
G[T_,xx_]:=Exp[0+xx[[1]]*T^1+xx[[2]]*T^2]*(1+xx[[3]]/(T^1))
(* Fitting with shape 0 0 1 1 1 1 1 1 1 1 0 0 *)
G[T_,xx_]:=Exp[0+xx[[1]]*T^1+xx[[2]]*T^2]*(1+xx[[3]]/(T^1))
(* Fitting with shape 0 0 1 1 1 1 1 1 1 1 1 0 *)
G[T_,xx_]:=Exp[0+xx[[1]]*T^1+xx[[2]]*T^2]*(1+xx[[3]]/(T^1))
(* Fitting with shape 0 0 1 1 1 1 1 1 1 1 1 1 *)
G[T_,xx_]:=Exp[0+xx[[1]]*T^1+xx[[2]]*T^2]*(1+xx[[3]]/(T^1))
(* Fitting with shape 1 1 1 1 1 1 1 1 1 1 0 0 *)
G[T_,xx_]:=Exp[0+xx[[1]]*T^1+xx[[2]]*T^2]*(1+xx[[3]]/(T^1)+xx[[4]]/(T^2))
(* Fitting with shape 1 1 1 1 1 1 1 1 1 1 1 0 *)
G[T_,xx_]:=Exp[0+xx[[1]]*T^1+xx[[2]]*T^2]*(1+xx[[3]]/(T^1)+xx[[4]]/(T^2))
(* Fitting with shape 1 1 1 1 1 1 1 1 1 1 1 1 *)
G[T_,xx_]:=Exp[0+xx[[1]]*T^1+xx[[2]]*T^2]*(1+xx[[3]]/(T^1)+xx[[4]]/(T^2))
(* Fitting with shape 0 1 1 1 1 1 1 1 1 1 0 0 *)
G[T_,xx_]:=Exp[0+xx[[1]]*T^1+xx[[2]]*T^2]*(1+xx[[3]]/(T^1)+xx[[4]]/(T^2))
(* Fitting with shape 0 1 1 1 1 1 1 1 1 1 1 0 *)
G[T_,xx_]:=Exp[0+xx[[1]]*T^1+xx[[2]]*T^2]*(1+xx[[3]]/(T^1)+xx[[4]]/(T^2))
(* Fitting with shape 0 1 1 1 1 1 1 1 1 1 1 1 *)
G[T_,xx_]:=Exp[0+xx[[1]]*T^1+xx[[2]]*T^2]*(1+xx[[3]]/(T^1)+xx[[4]]/(T^2))
(* Fitting with shape 0 0 1 1 1 1 1 1 1 1 0 0 *)
G[T_,xx_]:=Exp[0+xx[[1]]*T^1+xx[[2]]*T^2]*(1+xx[[3]]/(T^1)+xx[[4]]/(T^2))
(* Fitting with shape 0 0 1 1 1 1 1 1 1 1 1 0 *)
G[T_,xx_]:=Exp[0+xx[[1]]*T^1+xx[[2]]*T^2]*(1+xx[[3]]/(T^1)+xx[[4]]/(T^2))
(* Fitting with shape 0 0 1 1 1 1 1 1 1 1 1 1 *)
G[T_,xx_]:=Exp[0+xx[[1]]*T^1+xx[[2]]*T^2]*(1+xx[[3]]/(T^1)+xx[[4]]/(T^2))
(* Fitting with shape 1 1 1 1 1 1 1 1 1 1 0 0 *)
G[T_,xx_]:=Exp[0+xx[[1]]*T^1+xx[[2]]*T^2+xx[[3]]*T^3]*(1)
(* Fitting with shape 1 1 1 1 1 1 1 1 1 1 1 0 *)
G[T_,xx_]:=Exp[0+xx[[1]]*T^1+xx[[2]]*T^2+xx[[3]]*T^3]*(1)
(* Fitting with shape 1 1 1 1 1 1 1 1 1 1 1 1 *)
G[T_,xx_]:=Exp[0+xx[[1]]*T^1+xx[[2]]*T^2+xx[[3]]*T^3]*(1)
(* Fitting with shape 0 1 1 1 1 1 1 1 1 1 0 0 *)
G[T_,xx_]:=Exp[0+xx[[1]]*T^1+xx[[2]]*T^2+xx[[3]]*T^3]*(1)
(* Fitting with shape 0 1 1 1 1 1 1 1 1 1 1 0 *)
G[T_,xx_]:=Exp[0+xx[[1]]*T^1+xx[[2]]*T^2+xx[[3]]*T^3]*(1)
(* Fitting with shape 0 1 1 1 1 1 1 1 1 1 1 1 *)
G[T_,xx_]:=Exp[0+xx[[1]]*T^1+xx[[2]]*T^2+xx[[3]]*T^3]*(1)
(* Fitting with shape 0 0 1 1 1 1 1 1 1 1 0 0 *)
G[T_,xx_]:=Exp[0+xx[[1]]*T^1+xx[[2]]*T^2+xx[[3]]*T^3]*(1)
(* Fitting with shape 0 0 1 1 1 1 1 1 1 1 1 0 *)
G[T_,xx_]:=Exp[0+xx[[1]]*T^1+xx[[2]]*T^2+xx[[3]]*T^3]*(1)
(* Fitting with shape 0 0 1 1 1 1 1 1 1 1 1 1 *)
G[T_,xx_]:=Exp[0+xx[[1]]*T^1+xx[[2]]*T^2+xx[[3]]*T^3]*(1)
(* Fitting with shape 1 1 1 1 1 1 1 1 1 1 0 0 *)
G[T_,xx_]:=Exp[0+xx[[1]]*T^1+xx[[2]]*T^2+xx[[3]]*T^3]*(1+xx[[4]]/(T^1))
(* Fitting with shape 1 1 1 1 1 1 1 1 1 1 1 0 *)
G[T_,xx_]:=Exp[0+xx[[1]]*T^1+xx[[2]]*T^2+xx[[3]]*T^3]*(1+xx[[4]]/(T^1))
(* Fitting with shape 1 1 1 1 1 1 1 1 1 1 1 1 *)
G[T_,xx_]:=Exp[0+xx[[1]]*T^1+xx[[2]]*T^2+xx[[3]]*T^3]*(1+xx[[4]]/(T^1))
(* Fitting with shape 0 1 1 1 1 1 1 1 1 1 0 0 *)
G[T_,xx_]:=Exp[0+xx[[1]]*T^1+xx[[2]]*T^2+xx[[3]]*T^3]*(1+xx[[4]]/(T^1))
(* Fitting with shape 0 1 1 1 1 1 1 1 1 1 1 0 *)
G[T_,xx_]:=Exp[0+xx[[1]]*T^1+xx[[2]]*T^2+xx[[3]]*T^3]*(1+xx[[4]]/(T^1))
(* Fitting with shape 0 1 1 1 1 1 1 1 1 1 1 1 *)
G[T_,xx_]:=Exp[0+xx[[1]]*T^1+xx[[2]]*T^2+xx[[3]]*T^3]*(1+xx[[4]]/(T^1))
(* Fitting with shape 0 0 1 1 1 1 1 1 1 1 0 0 *)
G[T_,xx_]:=Exp[0+xx[[1]]*T^1+xx[[2]]*T^2+xx[[3]]*T^3]*(1+xx[[4]]/(T^1))
(* Fitting with shape 0 0 1 1 1 1 1 1 1 1 1 0 *)
G[T_,xx_]:=Exp[0+xx[[1]]*T^1+xx[[2]]*T^2+xx[[3]]*T^3]*(1+xx[[4]]/(T^1))
(* Fitting with shape 0 0 1 1 1 1 1 1 1 1 1 1 *)
G[T_,xx_]:=Exp[0+xx[[1]]*T^1+xx[[2]]*T^2+xx[[3]]*T^3]*(1+xx[[4]]/(T^1))
(* Fitting with shape 1 1 1 1 1 1 1 1 1 1 0 0 *)
G[T_,xx_]:=Exp[0+xx[[1]]*T^1+xx[[2]]*T^2+xx[[3]]*T^3]*(1+xx[[4]]/(T^1)+xx[[5]]/(T^2))
(* Fitting with shape 1 1 1 1 1 1 1 1 1 1 1 0 *)
G[T_,xx_]:=Exp[0+xx[[1]]*T^1+xx[[2]]*T^2+xx[[3]]*T^3]*(1+xx[[4]]/(T^1)+xx[[5]]/(T^2))
(* Fitting with shape 1 1 1 1 1 1 1 1 1 1 1 1 *)
G[T_,xx_]:=Exp[0+xx[[1]]*T^1+xx[[2]]*T^2+xx[[3]]*T^3]*(1+xx[[4]]/(T^1)+xx[[5]]/(T^2))
(* Fitting with shape 0 1 1 1 1 1 1 1 1 1 0 0 *)
G[T_,xx_]:=Exp[0+xx[[1]]*T^1+xx[[2]]*T^2+xx[[3]]*T^3]*(1+xx[[4]]/(T^1)+xx[[5]]/(T^2))
(* Fitting with shape 0 1 1 1 1 1 1 1 1 1 1 0 *)
G[T_,xx_]:=Exp[0+xx[[1]]*T^1+xx[[2]]*T^2+xx[[3]]*T^3]*(1+xx[[4]]/(T^1)+xx[[5]]/(T^2))
(* Fitting with shape 0 1 1 1 1 1 1 1 1 1 1 1 *)
G[T_,xx_]:=Exp[0+xx[[1]]*T^1+xx[[2]]*T^2+xx[[3]]*T^3]*(1+xx[[4]]/(T^1)+xx[[5]]/(T^2))
(* Fitting with shape 0 0 1 1 1 1 1 1 1 1 0 0 *)
G[T_,xx_]:=Exp[0+xx[[1]]*T^1+xx[[2]]*T^2+xx[[3]]*T^3]*(1+xx[[4]]/(T^1)+xx[[5]]/(T^2))
(* Fitting with shape 0 0 1 1 1 1 1 1 1 1 1 0 *)
G[T_,xx_]:=Exp[0+xx[[1]]*T^1+xx[[2]]*T^2+xx[[3]]*T^3]*(1+xx[[4]]/(T^1)+xx[[5]]/(T^2))
(* Fitting with shape 0 0 1 1 1 1 1 1 1 1 1 1 *)
G[T_,xx_]:=Exp[0+xx[[1]]*T^1+xx[[2]]*T^2+xx[[3]]*T^3]*(1+xx[[4]]/(T^1)+xx[[5]]/(T^2))
Probabilities: 
        0         0         0         0         0         0         0         0         0         0         0         0         0         0         0         0         0         0         0         0         0         0         0         0         0  0.718662         0         0         0         0         0         0         0         0         0         0         0         0         0         0         0         0         0         0         0         0         0         0 0.0163478         0         0         0   0.26499         0
        0         0         0         0         0         0         0         0         0         0         0         0         0         0         0         0         0         0         0         0         0         0         0         0         1         0         0         0         0         0         0         0         0         0         0         0         0         0         0         0         0         0         0         0         0         0         0         0         0         0         0         0         0         0
        0         0         0         0         0         0         0         0         0         0         0         0         0         0         0         0         0         0         0         0         0         0         0         0         1         0         0         0         0         0         0         0         0         0         0         0         0         0         0         0         0         0         0         0         0         0         0         0         0         0         0         0         0         0
        0         0         0         0         0         0         0         0         0         0         0         0         0         0         0         0         0         0         0         0         0         0         0         0         1         0         0         0         0         0         0         0         0         0         0         0         0         0         0         0         0         0         0         0         0         0         0         0         0         0         0         0         0         0
        0         0         0         0         0         0         0         0         0         0         0         0         0         0         0         0         0         0         0         0         0         0         0         0         0  0.592752         0         0         0         0         0         0         0         0         0         0         0         0         0         0         0         0         0  0.130436         0         0         0         0         0         0         0         0  0.276812         0
        0         0         0         0         0         0         0         0         0         0         0         0         0         0         0         0         0         0         0         0         0         0         0         0         0         0         0         0         0         0         0         0         0         0         0         0         0         0         0         0         0         0         0         0         0         0         0         0         0         0         0         1         0         0
        0         0         0         0         0         0         0         0         0         0         0         0         0         0         0         1         0         0         0         0         0         0         0         0         0         0         0         0         0         0         0         0         0         0         0         0         0         0         0         0         0         0         0         0         0         0         0         0         0         0         0         0         0         0
        0         0         0         0         0         0         0         0         0         0         0         0         0         0         0         0         0         0         0         0         0         0         0         0         0         0         0         0         0         0         0         0         0         0         0         0         0         0         0         0         0         0         0         0         0         0         0         0         0         0         0         1         0         0
        0         0         0         0         0         0         0         0         0         0         0         0         0         0         0         0         0         0         0         0         0         0         0         0         1         0         0         0         0         0         0         0         0         0         0         0         0         0         0         0         0         0         0         0         0         0         0         0         0         0         0         0         0         0
        0         0         0         0         0         0         0         0         0         0         0         0         0         0         0         0         0         0         0         0         0         0         0         0  0.589256         0         0         0         0         0         0         0         0         0         0         0         0         0         0         0         0         0         0         0         0         0         0         0         0         0         0  0.410744         0         0
        0         0         0         0         0         0         0         0         0         0         0         0         0         0         0 0.0661416         0         0         0         0         0         0         0         0         0         0         0         0         0         0         0         0         0         0         0         0         0         0         0         0         0         0         0         0         0         0         0         0         0         0         0  0.933858         0         0
        0         0         0         0         0         0         0         0         0         0         0         0         0         0         0 0.0171009         0         0         0         0         0         0         0         0  0.288199         0         0         0         0         0         0         0         0         0         0         0         0         0         0         0         0         0  0.502218         0         0         0         0         0         0         0         0  0.192482         0         0

Values: 
 0.0681493   0.068141  0.0680932  0.0677213  0.0677056  0.0676549   0.848662  0.0676046  0.0675537  0.0671518  0.0671348   0.067095  0.0669031  0.0668865  0.0668562  0.0667061  0.0666831  0.0666566    0.92081   0.933502   0.934836   0.066428  0.0664137  0.0664034   0.874383  0.0663408  0.0663406    1.12509   0.171111    1.11366    1.10338    1.07257    1.07218    1.06785    1.15066    1.18377  0.0688669  0.0685474  0.0683947  0.0679977  0.0677905  0.0676873   0.995088    1.05315   0.422012  0.0674563  0.0672988   0.067218  0.0668194    1.01783  0.0666861    0.86729   0.066352  0.0663488
  0.102561   0.102482   0.102175   0.800554   0.101435   0.101208   0.151273   0.868115   0.100993   0.100214   0.100106  0.0999377   0.203411  0.0994662  0.0993155   0.828999  0.0989714   0.137671  0.0989949   0.098905    0.09879  0.0983904  0.0983121  0.0982412  0.0981384   0.098095  0.0980756    1.01103    1.06654  0.0444063    1.07729    1.07753     1.0776    1.35423    1.05068    1.33314   0.104401   0.103803   0.974843   0.102542   0.102158   0.059435    1.14321   -3.43377   -4.92195          1          1          1    1.11282   0.447011    1.15248   0.715175   -1.74206    -2.6914
  0.125919   0.125992   0.125128   0.668295    0.15693   0.177485   0.605206   0.123449   0.122926   0.121713   0.121574   0.121183   0.120516    0.12037   0.120073   0.725194   0.119528   0.119276   0.114571   0.119373   0.119155   0.166017   0.121808    0.11816   0.117873   0.563679  0.0296371     1.1274    1.01211    1.00489    1.06528    1.06868    1.06931    1.13438    1.10115     1.1154   0.911509    1.05024    0.12775    0.12629   0.125495    1.33749   0.751029  -0.531766  -0.810021          1          1          1    1.20685    1.13118   0.120415    0.51541  -0.690931  -0.823765
  0.146274   0.146386   0.145267   0.143463   0.143332   0.142419   0.713937   0.142404   0.141672   0.139864   0.139569   0.138944   0.137919   0.164291    0.13717   0.136579   0.638025   0.135857    0.13636   0.262458   0.135721   0.134521   0.134271   0.134041   0.133507   0.133421   0.133343    1.09262    1.35619    1.35044      1.184    1.19649    1.19266     1.2854    1.03818    1.04099   0.974373   0.971737   0.971829   0.943016    1.02931    0.77555    1.94671   0.726505   -30.8209   0.144503  0.0207965    0.14238   0.140491   0.961775   0.138629   0.858385   -1.09239  -0.794776
  0.166263   0.166369   0.165093   0.162431   0.273856   0.224496   0.626681   0.165828   0.159776   0.157304    0.15679   0.156011   0.154362   0.155651   0.185325   0.194436   0.151855   0.293591   0.948409   0.151657   0.151193   0.149332   0.148961   0.148615   0.288834    0.14762   0.445266   0.190986    1.07689    1.07747    1.23748    1.18327    1.18158    1.10793   0.979377    1.24969   0.975066   0.908622   0.974993   0.941379   0.166959    1.17215   0.636157   0.163334   0.161918   0.164876   0.163012   0.161502    1.25771   0.157642    0.72055     1.1876   0.152083   0.150941
  0.186685   0.186976   0.185651   0.181717   0.247575   0.267605   0.381921   0.226419   0.184523   0.174983   0.174377   0.173428   0.170889   0.170236   0.169489   0.168171   0.167486    0.16677   0.942226   0.128757    0.16663    0.16399   0.230616   0.233155   0.532487   0.173015   0.107081    1.11073    1.12249    1.12305    1.07014    1.08829      1.131   0.986414    1.27885     1.2785   0.995436   0.959156   0.989946    1.25116   0.188113   0.186424   0.758601   0.408619    1.03569   0.186234   0.183276   0.181641   0.180523   0.176394    1.15408    0.17695    0.90931   0.168459
  0.207899   0.208554   0.207503   0.221314   0.201928   0.198002   0.327254   0.218388   0.214232   0.193278   0.192703   0.191722   0.187805     0.2507   0.256227   0.184309   0.183473   0.182607   0.657611   0.699499   0.746589   0.234059   0.323377   0.317058   0.899477   0.175209    0.17442   0.495338    1.15312   0.238465     1.2071    1.22177    1.15528   0.996651    1.23725    1.04943   0.973926    0.97368   0.973481   0.708907   0.876855    1.07826    1.18007    4.44044    0.39128   0.208487   0.204706   0.207614    1.07614    0.19675   0.987343   0.987893   0.187739   0.189254
  0.229184   0.229799   0.228922   0.264419   0.221764   0.220796   0.217537   0.217076   0.216194   0.211662   0.210938    0.20997   0.205089   0.204105   0.251137   0.200898    0.28842   0.199021   0.661268   0.740647    0.76717   0.194611   0.193794   0.192928    0.37734   0.498653   0.508385    1.07252   0.265253    1.17336    1.07951    1.07439     1.0733    1.31115    1.07535    1.31532   0.244345   0.952396   0.330172    1.03103   0.472005   0.895487    1.03259   0.225726   0.223783   0.230064  0.0511281   0.252515    1.29117    1.21869   0.215324    0.22713   0.652596    1.64004
  0.249986   0.250715   0.250092   0.342106   0.728583   0.280497   0.235817   0.235229   0.258165   0.229529   0.228708   0.227923   0.254781   0.221138   0.220407   0.217496   0.216465   0.215684   0.452432   0.713782   0.761329    0.21063   0.209845   0.305228   0.205029   0.584878   0.401748     0.9038    1.11917     1.1054    1.08231    1.23315    1.07416    1.05098    1.04403    1.05917   0.932253   0.924877     0.9216    1.28832   0.251255   0.982257    1.52025   0.841668    1.63995   0.249788   0.219537   0.244091   0.244958    1.17753   0.606582  -0.919131    1.15219   0.895456
  0.268161   0.269226    0.26862   0.294361   0.257944   0.257256   0.251886   0.660207   0.250846   0.245401   0.244838    0.24413   0.237569   0.236648    0.23599   0.432943   0.595849   0.230983   0.232773   0.708444   0.767599   0.225635   0.225039   0.224195    0.21981   0.220554   0.219376    1.15289     1.1464    1.06535    1.10752    1.13556    1.15632    1.18257    1.07522    1.07594   0.279649   0.956792   0.955685   0.270831   0.266526   0.265585   0.954588   0.944676   0.258877   0.265755   0.260569   0.195926   0.261355 -0.0697863   0.250824   0.271599   0.797092  -0.797075
   0.28034     0.3498   0.280871   0.367436    0.26926   0.360774   0.262925   0.305494   0.285413   0.256454   0.255977   0.255488   0.248607   0.247812   0.247329   0.243667   0.328243   0.242363   0.276587   0.698616   0.768669   0.237039    0.23652    0.23586   0.485618   0.870132   0.879763    1.00355    1.01782    1.03587    1.15309    1.15337    1.21752    1.31982    1.32522    1.33049   0.289227   0.968253   0.967509   0.280379   0.949209    0.27548    0.99997   0.789618   0.268596   0.275339   0.270472   0.258871   0.271198   0.260174   0.909237   0.285541    1.13372   0.258519
  0.285227   0.286234   0.771486   0.273186   0.273828   0.273483   0.393135   0.266846   0.348573   0.260645    0.26029   0.259913   0.302064     0.2519   0.251543   0.247658   0.246917   0.246534   0.253668   0.696326   0.777387   0.370471     0.2405   0.240041   0.235281   0.474166   0.235316    0.95084   0.965168   0.975092     1.1773    1.18521    1.21552    1.00751    1.15356    1.29847   0.887812   0.893614   0.893778    1.07883   0.280385      1.227   0.280045   0.273407   0.578403   0.279614   0.245855   0.240137   0.276691   0.265128    2.74515   0.293307   0.260304    9.97477

Errors: 
1.36079e-05 1.36319e-05 1.34129e-05  1.3947e-05 1.39518e-05 1.37424e-05  0.00532698 1.39623e-05 1.37538e-05 1.45749e-05 1.45501e-05 1.43182e-05 1.49972e-05  1.4962e-05 1.46902e-05 1.66681e-05 1.64972e-05  1.6097e-05  0.00725341  0.00625259  0.00615409 2.14662e-05 2.03695e-05 1.94482e-05  0.00295402 2.47251e-05 2.25492e-05           0           0           0           0           0           0     1.00037     1.00008     1.00005 2.93049e-05 2.60926e-05 2.47309e-05 4.16287e-05 3.34099e-05 3.00133e-05           1           1 2.59303e-05 5.33143e-05 4.12451e-05 3.69007e-05 9.73002e-05    0.551956 6.54044e-05 3.84355e-05 0.000159477 0.000128991
 4.2989e-05 4.33247e-05 4.24011e-05           0 4.34959e-05 4.24482e-05           0           0 4.24733e-05 4.50411e-05 4.55523e-05 4.36449e-05           0 4.69459e-05 4.57279e-05           0 5.12918e-05           0 5.24286e-05 5.27371e-05 4.84631e-05 7.03889e-05 6.45828e-05 5.87026e-05 9.61163e-05  8.0893e-05 6.66401e-05           0           0           0           0           0           0     1.00006     1.01168     1.00006  0.00010139  8.8869e-05           0 0.000146261 0.000119128           1           1    0.342659    0.432435  0.00746077  0.00492697  0.00483573 6.15885e-05    0.622332    0.995655    0.829168  0.00325802  0.00307677
8.90762e-05 9.23639e-05 8.76904e-05           0           0           0           0 9.03293e-05 8.66561e-05 9.36891e-05  9.3876e-05 8.85374e-05 9.94841e-05 9.86323e-05 9.27019e-05           0  0.00010942 0.000102605           0 0.000108841 9.99842e-05           0           0 0.000127287 0.000228401           0           0           0           0           0           0           0           0     1.00523     1.00933     1.00718           0           0 0.000191045 0.000359888 0.000286718           1     1.00016     0.10477      0.1054   0.0116864   0.0131397   0.0123713 0.000116725 7.78218e-05 0.000602195   0.0333336  0.00812001   0.0080193
0.000151638 0.000150951 0.000147169 0.000148691 0.000150769 0.000146165           0   0.0001506 0.000145333 0.000156626 0.000156985  0.00014812 0.000169307           0 0.000157434 0.000198368           0  0.00017733 0.000193157           0 0.000170519 0.000285126 0.000257515 0.000228815  0.00042711 0.000343478 0.000282765           0           0           0           0           0           0     1.00239     3.58599     1.12366           0           0           0           0           1     1.00002    0.325766      1.0006     6.09248 0.000912905 8.62352e-05  0.00061406  0.00188917     1.00433  0.00115956     0.36805   0.0114712   0.0113351
0.000220096 0.000224743 0.000218735 0.000222132           0           0           0           0   0.0002178   0.0002393 0.000237783 0.000226612 0.000265317           0           0           0 0.000301014           0           0 0.000288174 0.000270697 0.000471032 0.000417473 0.000375913           0 0.000574343           0 0.000397473           0           0     1.00047           0           0     1.01663     1.17036     1.00233           0           0           0      1.0007 0.000900771     1.00044     1.00002  0.00132799  0.00110228  0.00152997  0.00123798  0.00104415     3.20185  0.00245793  0.00989862 0.000354327  0.00574222  0.00419002
          0           0           0           0           0           0           0           0           0 0.000346377 0.000348304 0.000332636 0.000394597 0.000385884 0.000364143 0.000484491 0.000456594 0.000429833           0           0 0.000412412 0.000739861           0           0           0           0           0           0           0           0           0           0           0           0     1.00129     1.00168           0           0           0     1.00015  0.00138652  0.00122797       1.001     1.00051     1.00001  0.00235748  0.00189857  0.00164022  0.00486088  0.00378259     1.18154   0.0104939   0.0157956  0.00635942
0.000437498           0 0.000446356           0  0.00045243           0           0           0           0 0.000488529 0.000492126 0.000480424 0.000570704           0           0 0.000695546 0.000664961 0.000630435           0           0           0           0           0           0           0  0.00140119  0.00122195           1           0 0.000711518           0           0     1.00555           0     1.00956     1.13512           0           0           0     1.00004     1.00006     1.01593     1.00106     1.00053     1.00201  0.00335152  0.00275587  0.00303556   0.0739998  0.00545161 0.000472144   0.0205762   0.0118374  0.00895112
          0           0           0           0 0.000607768 0.000603405  0.00060331 0.000614923 0.000607086 0.000656608 0.000660207 0.000656016 0.000771821 0.000745832           0 0.000947594           0 0.000874453           0           0           0  0.00144926   0.0012967  0.00120739           0           0           0           0 0.000973122           0           0           0           0     1.00315     1.15044     1.00318  0.00187006           0           0      1.0002     1.00008     1.00107     1.00001  0.00421097  0.00350839  0.00445891   0.0103165 0.000629445           1  0.00117635  0.00610082   0.0172399     1.00008     1.00461
0.000777343 0.000798526 0.000797949           0           0           0 0.000790661 0.000795185           0 0.000848362 0.000852404 0.000841358           0 0.000962255 0.000935934  0.00123419  0.00115965  0.00109665           0           0           0  0.00187467  0.00167261           0  0.00343495           0           0           0           0           0           0     1.00209           0     1.26052     1.30415     1.84914           0           0           0           1  0.00356513     1.00002     1.00039     1.21138     1.00003  0.00566862   0.0007511  0.00438348   0.0117594      3.7305    0.012135  0.00874894    0.108616 0.000425422
          0           0           0           0 0.000973187 0.000967631 0.000976846           0 0.000974577  0.00104582  0.00105361  0.00104201   0.0012392  0.00121237   0.0011714           0           0  0.00142065   0.0014783           0           0   0.0023071  0.00213081  0.00204947  0.00423377  0.00334964  0.00312072           0           0           0           0           0           0     1.09953      1.4808     1.48844  0.00287442           0           0  0.00491997  0.00432068  0.00404303     1.06043     1.33072  0.00623641  0.00679267  0.00585693 0.000801234   0.0140752  0.00204682  0.00987303   0.0235233     1.00029  0.00610742
          0           0  0.00111993           0  0.00111166           0  0.00112026           0           0  0.00121243   0.0012472  0.00120088  0.00143481  0.00138505  0.00136826  0.00177704           0  0.00165015           0           0           0  0.00263871  0.00247869  0.00239148           0           0           0           0           0           0           0           0           0     1.00752     1.00655     1.00645  0.00318217           0           0  0.00567734           0  0.00461866     1.84469     1.00001  0.00728989  0.00769189  0.00672231     2.49993   0.0159348   0.0129973     1.00034   0.0256266     3.75676   0.0191368
          0           0           0  0.00115245  0.00117003  0.00118643           0   0.0012097           0  0.00126239  0.00125198   0.0013051           0  0.00148418   0.0014549  0.00189429  0.00180903  0.00179859           0           0           0           0  0.00265992  0.00258303  0.00513497           0  0.00405736           0           0           0           0           0           0           0     1.04654     1.00724           0           0           0     1.00014  0.00518425     1.00008   0.0106798  0.00848625   0.0248832  0.00802185  0.00124212  0.00132533   0.0165262   0.0135444   0.0366914   0.0262841    0.023717   0.0256684

Statuses: 
0 0 0 0 0 0 3 0 0 0 0 0 0 0 0 0 0 0 3 3 3 0 0 0 3 0 0 3 3 3 3 3 3 3 3 3 0 0 0 0 0 0 3 3 3 0 0 0 0 3 0 3 0 0
0 0 0 3 0 0 3 3 0 0 0 0 3 0 0 3 0 3 0 0 0 0 0 0 0 0 0 3 3 3 3 3 3 3 3 3 0 0 3 0 0 3 3 3 3 3 3 3 3 3 3 3 1 3
0 0 0 3 3 3 3 0 0 0 0 0 0 0 0 3 0 0 3 0 0 3 3 0 0 3 2 3 3 3 3 3 3 3 3 3 3 3 0 0 0 3 3 3 3 3 3 3 3 3 0 3 3 1
0 0 0 0 0 0 3 0 0 0 0 0 0 3 0 0 3 0 0 3 0 0 0 0 0 0 0 3 3 3 3 3 3 3 3 3 3 3 3 3 3 3 0 3 3 0 3 0 0 3 0 3 1 1
0 0 0 0 3 3 3 3 0 0 0 0 0 3 3 3 0 3 3 0 0 0 0 0 3 0 3 0 3 3 3 3 3 3 3 3 3 3 3 3 0 3 3 0 0 0 0 0 3 0 3 3 0 0
2 2 2 2 3 3 3 3 3 0 0 0 0 0 0 0 0 0 3 3 0 0 3 3 3 3 3 3 3 3 3 3 3 3 3 3 3 3 3 3 0 0 3 3 3 0 0 0 0 0 3 0 3 0
0 2 0 3 0 3 3 3 3 0 0 0 0 3 3 0 0 0 3 3 3 3 3 3 3 0 0 3 3 0 3 3 3 3 3 3 3 3 3 3 3 3 3 3 3 0 0 3 3 0 3 3 0 0
2 2 2 3 0 0 0 0 0 0 0 0 0 0 3 0 3 0 3 3 3 0 0 0 3 3 3 3 0 3 3 3 3 3 3 3 0 3 3 3 3 3 3 0 0 0 3 3 3 3 0 0 3 3
0 0 0 3 3 3 0 0 3 0 0 0 3 0 0 0 0 0 3 3 3 0 0 3 0 3 3 3 3 3 3 3 3 3 3 3 3 3 3 3 0 3 3 3 3 0 3 0 0 3 3 0 3 3
2 2 2 3 0 0 0 3 0 0 0 0 0 0 0 3 3 0 0 3 3 0 0 0 0 0 0 3 3 3 3 3 3 3 3 3 0 3 3 0 0 0 3 3 0 0 0 3 0 3 0 0 3 0
2 3 0 3 0 3 0 3 3 0 0 0 0 0 0 0 3 0 3 3 3 0 0 0 3 3 3 3 3 3 3 3 3 3 3 3 0 3 3 0 3 0 3 3 0 0 0 3 0 0 3 0 3 0
2 2 3 0 0 0 3 0 3 0 0 0 3 0 0 0 0 0 3 3 3 3 0 0 0 3 0 3 3 3 3 3 3 3 3 3 3 3 3 3 0 3 0 0 3 0 3 3 0 0 3 0 0 3
chisq per dof: 
34.4938 32.0632 29.2225 22.3828 20.3576 18.5446  135466 12.0801 11.0782 7.02691 6.51762 6.08643 2.64147 2.61405 2.51093 1.95315 1.90344 1.82826  151290  131026  114661 1.83388 1.70022  1.6028  205270 1.80247 1.66873  123445 73166.2 96641.8  146557  126647  110826  171999  143837  123219 2.89474 3.19603 3.22044 2.06155 1.96337 1.88327  212081  169115   90646 2.09637 1.93788 1.82299 2.26282  163938 1.84601  285238 2.25308 2.00247
19.1238 18.9699 17.9285 10121.2 10.6511 9.96638 7181.17 10686.2 6.75869 3.90096 3.81719 3.67218 7377.49 2.10981 2.10456 14371.5 1.74553 687.338 1.86915 1.80865 1.76159  1.8239 1.69532 1.60275 2.00439  1.8044 1.67056 10694.5 9951.65 4213.55 12618.2 11184.8 9827.41 14768.2 12794.3 10935.4  2.1033 2.09851 10052.4 1.88796 1.76307 4204.74 18311.3 15146.5 12642.8 17205.8 14752.3   12711 17941.7 12918.6 12448.5 24456.3 18933.1 15171.4
13.1833 13.0987 12.8552 2192.46 97.6178 180.208 2507.65 4.78385 4.65887 2.95095 2.92003  2.8378 1.85979 1.83357 1.79793 3063.85 1.64818 1.59338 1876.93 1.71573 1.65266 1215.12 840.004 1.59069 2.00325 2942.75 163.064  2384.9 2105.11  1868.3 2774.76 2443.52 2141.65 3250.61 2777.85 2383.71 2734.24 2645.03 1.84433 1.84911 1.72292 2283.45 4058.48 3293.82 2747.23 3877.37 3289.32 2820.76  3924.6  3244.7   1.839 5333.94 4117.27 3296.68
9.62668 9.77975 9.68589 5.48478 5.64013 5.57164 854.125 3.76175 3.71841  2.5247  2.5489 2.51393 1.77319 166.036 1.70006 1.69614 896.179 1.56201 1.76976 663.836  1.6247   1.817 1.68546 1.59125 2.00353 1.80297 1.66933 813.129 801.265 712.287  932.42 829.887 727.087 1115.11  958.58 821.971 990.333 875.852 767.331 1159.14 885.976 821.077 1355.38 1147.86 941.762  2.0117 766.971 1.73318 2.25438 1190.51 1.83819 1694.23 1412.18 1130.11
7.17113 7.34323 7.14925 4.32051 165.455 132.554 347.734 7.61381 2.99301 2.26315 2.30186 2.25194 1.71247 22.6804 40.6168 26.6054 1.59475 123.489 441.838 1.66532 1.59944 1.81637 1.68351 1.58945 187.174 1.80302 285.416 2.32794 309.544 274.283 414.072 348.156 304.789 481.406 407.845 346.496 424.139 342.664 325.638 503.661 1.68952 360.535 581.927 1.80725 1.67673 2.00697 1.84383 1.72837 587.603 2.00367 412.097 759.655 2.25294 2.00244
5.53196 5.60597 5.47063  3.4609 24.1681 30.8155 115.023  17.069 4.34968 2.05148 2.06665 2.02625 1.66539 1.61053 1.56824 1.66355 1.57424 1.51285 228.462 84.3766 1.58265 1.81518 67.9736 60.5431  217.24 146.869 103.546 181.868  156.33  139.14 216.544 187.573 163.675 244.283 200.475 173.118  228.63  184.56 172.733 233.777 1.68247 1.59108 304.543 38.0102  169.32 2.00356 1.84116 1.72357 2.25149 2.00329 190.698 2.66845 302.897 2.00224
4.35063 4.34255 4.21892 37.4195 2.95696 5.00543 41.2927   3.915 5.14349 1.89915 1.90634 1.86772 1.63201 15.3038 15.2121 1.65195  1.5596 1.49883 123.613 107.643 95.8846 17.9278  54.477 43.9402 154.086  1.8031 1.67072  85.084 91.6379 1.86507 125.656 108.186  95.389 139.569 115.825 100.704 126.477  108.16 94.2862 139.626 115.928 108.302 149.928 131.254 116.142 2.00169 1.83889  77.702 139.643 2.00284 99.1506 184.022 2.25278 2.00225
3.52705 3.49332 3.38092 7.70422 2.49188 2.43577 1.97426 1.95765 1.90089 1.77428  1.7727 1.73076 1.60134 1.53611 7.21989 1.63902 11.7395 1.47838 79.5515 70.2253 62.4522 1.81144 1.67798 1.58452 41.1666 45.8346 40.5525 61.9089 1.73953 52.5277 82.0192 70.4913 62.0177 85.1887 74.4528 61.2082 1.68229 65.7241 28.3492 91.1748 37.0874  68.192 87.9535 1.80295 1.66998 2.00098 61.5828 61.3744 108.598 83.4332 1.83537 2.66749 110.038 81.3599
2.94239 2.90169 2.78519 12.7824 29.7689 5.36547 1.78417  1.7516 2.76802 1.67331 1.65461 1.60918 16.9891 1.50366 1.45123 1.62766 1.53022 1.46273 49.0599 49.7402 44.8382 1.80878   1.675 10.4193 2.00333 35.6411 19.0299 35.4652 39.8247 35.3835 59.0242 49.7396 44.6282  63.043 52.7421 45.5773 59.3012 44.8054 41.4395 60.9724 1.67152 38.2018 66.2868 63.2419 43.6539 2.00075 47.0706 1.71717 2.25063 58.3333 57.0024 2.80581 61.3393 41.0783
2.51084 2.44302 2.34556 10.0322 1.85809 1.79808   1.648 23.3862 1.54968 1.59924 1.56577 1.51768 1.55202 1.48069  1.4269 14.7071 22.6772 1.45055 1.69158 39.0109 35.3936 1.80642 1.67243 1.57852 2.00267 1.80226 1.66967 38.6828 32.0423 27.1097 46.4989 39.3118  34.513 48.8947 40.9585 35.4377   1.673 37.9174 32.9504 1.80101 1.67069 1.57524 61.0862 49.1172 1.66859 2.00058 1.83604 28.5945 2.25056 41.7264 1.83495 2.66724 61.3542 2.23586
2.24276 14.8865 2.07465 7.72999 1.69691  5.9967 1.56342 8.59637 3.46699 1.55247 1.51066 1.46249 1.53738 1.46497  1.4104  1.6136 6.56181 1.44324 23.6708 33.5238 30.8072 1.80493 1.67105 1.57652 16.5062 31.2079 26.5088 28.7208 24.7699 23.1008 39.4754 28.6009 26.7303  39.805 33.0723 28.6771 1.67188  33.898 29.5077 1.80116 40.8419 1.57454 52.4137 16.7709 1.66838 2.00085 1.83568 25.3056 2.25095 2.00183 40.8996 2.66767  30.775 2.00182
2.14963 2.07209 19.6295  1.6615 1.64401 1.58602 18.8392 1.48794 11.0972 1.53964 1.49533 1.44557 2.92937 1.46177 1.40605 1.61296 1.51299 1.44144 21.3012 31.9007 29.3396 8.29262 1.67107 1.57597 2.00283 11.9696 1.66895 24.7016 20.2194 22.2757 36.8353 30.3229 25.4109 39.8193 33.2468  27.359 28.4198 25.8407 22.7388 33.9276 1.66971 32.8993 2.00088 1.80205 28.9268 2.00083 33.0212 27.8081 2.25099  2.0019 32.1234 2.66765 2.25234 34.4315
Mode averaged potential and errors: 
  0.0663516 0.000104857
  0.0981384 9.61163e-05
   0.117873 0.000228401
   0.133507  0.00042711
   0.150905  0.00604022
    0.17695   0.0104939
   0.184309 0.000695546
    0.22713   0.0172399
   0.205029  0.00343495
   0.241082   0.0297825
   0.282771   0.0268663
   0.269143   0.0266149
R Models:
(* Fitting with shape 1 1 1 1 1 1 1 1 0 0 0 0 *)
G[R_,xx_]:=xx[[0]] + xx[[1]]/R | xx[[2]]*R
(* Fitting with shape 1 1 1 1 1 1 1 1 1 0 0 0 *)
G[R_,xx_]:=xx[[0]] + xx[[1]]/R | xx[[2]]*R
(* Fitting with shape 1 1 1 1 1 1 1 1 1 1 0 0 *)
G[R_,xx_]:=xx[[0]] + xx[[1]]/R | xx[[2]]*R
(* Fitting with shape 1 1 1 1 1 1 1 1 1 1 1 0 *)
G[R_,xx_]:=xx[[0]] + xx[[1]]/R | xx[[2]]*R
(* Fitting with shape 1 1 1 1 1 1 1 1 1 1 1 1 *)
G[R_,xx_]:=xx[[0]] + xx[[1]]/R | xx[[2]]*R
(* Fitting with shape 0 1 1 1 1 1 1 1 0 0 0 0 *)
G[R_,xx_]:=xx[[0]] + xx[[1]]/R | xx[[2]]*R
(* Fitting with shape 0 1 1 1 1 1 1 1 1 0 0 0 *)
G[R_,xx_]:=xx[[0]] + xx[[1]]/R | xx[[2]]*R
(* Fitting with shape 0 1 1 1 1 1 1 1 1 1 0 0 *)
G[R_,xx_]:=xx[[0]] + xx[[1]]/R | xx[[2]]*R
(* Fitting with shape 0 1 1 1 1 1 1 1 1 1 1 0 *)
G[R_,xx_]:=xx[[0]] + xx[[1]]/R | xx[[2]]*R
(* Fitting with shape 0 1 1 1 1 1 1 1 1 1 1 1 *)
G[R_,xx_]:=xx[[0]] + xx[[1]]/R | xx[[2]]*R
(* Fitting with shape 0 0 1 1 1 1 1 1 0 0 0 0 *)
G[R_,xx_]:=xx[[0]] + xx[[1]]/R | xx[[2]]*R
(* Fitting with shape 0 0 1 1 1 1 1 1 1 0 0 0 *)
G[R_,xx_]:=xx[[0]] + xx[[1]]/R | xx[[2]]*R
(* Fitting with shape 0 0 1 1 1 1 1 1 1 1 0 0 *)
G[R_,xx_]:=xx[[0]] + xx[[1]]/R | xx[[2]]*R
(* Fitting with shape 0 0 1 1 1 1 1 1 1 1 1 0 *)
G[R_,xx_]:=xx[[0]] + xx[[1]]/R | xx[[2]]*R
(* Fitting with shape 0 0 1 1 1 1 1 1 1 1 1 1 *)
G[R_,xx_]:=xx[[0]] + xx[[1]]/R | xx[[2]]*R
(* Fitting with shape 0 0 0 1 1 1 1 1 0 0 0 0 *)
G[R_,xx_]:=xx[[0]] + xx[[1]]/R | xx[[2]]*R
(* Fitting with shape 0 0 0 1 1 1 1 1 1 0 0 0 *)
G[R_,xx_]:=xx[[0]] + xx[[1]]/R | xx[[2]]*R
(* Fitting with shape 0 0 0 1 1 1 1 1 1 1 0 0 *)
G[R_,xx_]:=xx[[0]] + xx[[1]]/R | xx[[2]]*R
(* Fitting with shape 0 0 0 1 1 1 1 1 1 1 1 0 *)
G[R_,xx_]:=xx[[0]] + xx[[1]]/R | xx[[2]]*R
(* Fitting with shape 0 0 0 1 1 1 1 1 1 1 1 1 *)
G[R_,xx_]:=xx[[0]] + xx[[1]]/R | xx[[2]]*R
2.74302 2.74302 2.74302 
-0.174324 -0.174324 -0.174324 
1 1 1 
301.928 301.928 301.928 
-913.571 -913.571 -913.571 
2.00305e-316 2.00305e-316 2.00305e-316 
1.21087e+08 1.21087e+08 1.21087e+08 
-708857 -708857 -708857 
-610462 -610462 -610462 
3.21143e-322 3.21143e-322 3.21143e-322 
1.95768e-316 1.95768e-316 1.95768e-316 
2 2 2 
0 0 0 
0 0 0 
0 0 0 
0 0 0 
1.98618e-316 1.98618e-316 1.98618e-316 
3.21143e-322 3.21143e-322 3.21143e-322 
1.43279e-322 1.43279e-322 1.43279e-322 
1.92313e-316 1.92313e-316 1.92313e-316 
8.78937e+252 8.78937e+252 8.78937e+252 
1.71877e+161 1.71877e+161 1.71877e+161 
1.23972e+224 1.23972e+224 1.23972e+224 
5.967e-154 5.967e-154 5.967e-154 
6.01347e-154 6.01347e-154 6.01347e-154 
3.21143e-322 3.21143e-322 3.21143e-322 
1.5316e-322 1.5316e-322 1.5316e-322 
1.92313e-316 1.92313e-316 1.92313e-316 
8.78937e+252 8.78937e+252 8.78937e+252 
4.74595e+170 4.74595e+170 4.74595e+170 
7.23101e+165 7.23101e+165 7.23101e+165 
9.01806e-308 9.01806e-308 9.01806e-308 
1.064e+248 1.064e+248 1.064e+248 
3.21143e-322 3.21143e-322 3.21143e-322 
1.28457e-322 1.28457e-322 1.28457e-322 
1.92313e-316 1.92313e-316 1.92313e-316 
8.78937e+252 8.78937e+252 8.78937e+252 
5.30573e+180 5.30573e+180 5.30573e+180 
5.63731e-67 5.63731e-67 5.63731e-67 
2.43116e-152 2.43116e-152 2.43116e-152 
3.62463e+228 3.62463e+228 3.62463e+228 
4.79244e-322 4.79244e-322 4.79244e-322 
3.22036 3.22036 3.22036 
2.34846 2.34846 2.34846 
-0.0580949 -0.0580949 -0.0580949 
457.089 457.089 457.089 
-451.324 -451.324 -451.324 
3.69103e-09 3.69103e-09 3.69103e-09 
2.80228e-07 2.80228e-07 2.80228e-07 
9.35095e-08 9.35095e-08 9.35095e-08 
1.14543e-08 1.14543e-08 1.14543e-08 
3.86638e-07 3.86638e-07 3.86638e-07 
4.74303e-322 4.74303e-322 4.74303e-322 
1.63042e-322 1.63042e-322 1.63042e-322 
Probabilities: 
       0        0        0        0        0        0        0        0        0        0        0        0        0        0        0        0        0        0        0        0        0        0        0        0 0.395596 0.102117 0.141153        0        0        0        0        0        0        0        0        0        0        0        0        0        0        0 0.361134        0        0        0        0        0        0        0        0        0        0        0

String tensions: 
         1          1          1          1          1          1          1          1          1  -0.414637  -0.414602  -0.414704  -0.470039  -0.469485  -0.470176  -0.467463  -0.462479  -0.469758  -0.559822  -0.558221  -0.560058  -0.679982  -0.540341  -0.664834    -3.4791   -3.26616   -3.10819  0.0304388  0.0303503  0.0302565   0.590411   0.686673   0.762771   0.997789   0.997899   0.997993 -0.0231702  0.0023602 -0.0904654 0.00358958 0.00298561 -0.0604368  0.0138658  -0.160697 -0.0580949    1.26306  -0.151957  -0.229254  0.0155468    0.01465   0.615948   0.507903   0.733944   0.936497

Errors: 
    5792.62     5792.62     5792.62     5792.62     5792.62     5792.62           0     5792.62     5792.62   0.0020606  0.00205938  0.00205548   0.0121936   0.0121686   0.0124251   0.0635988   0.0644658   0.0617684   0.0308873   0.0304512    0.030247  0.00682535  0.00773446    0.218825     0.32261    0.312667    0.349712 0.000257068 0.000257533 0.000257737     1.00017     1.00023     1.00028           0           0           0           1  0.00047824           0  0.00137929  0.00132888     1.00001  0.00319371           1     1.00011     1.43217    0.589585     1.00001 0.000303506 0.000303161           1  0.00150192  0.00151741  0.00156199

Statuses: 
0 0 0 0 0 0 3 0 0 0 0 0 0 0 0 0 0 0 0 0 0 0 0 0 0 0 0 0 0 0 3 3 3 3 3 3 3 0 3 0 0 3 0 3 3 3 3 3 1 1 3 3 1 1
chisq per dof: 
 2832.96  2483.04  2217.07  154.607  132.795  117.785  9348.02  11.2273  10.0789  7.03221  6.17805  5.61775  4.91073  4.28091  3.80961  5.89254  4.99223  4.35382  4.14746  3.70218   3.3354  4.80649  4.23822  3.72705 0.932277  1.56166  1.53178  526.588  466.465  420.493  72057.1  62130.9  54536.5  34515.2  28781.2  24684.2   103539  3.12344  54829.4  3.76218  3.53277  11128.2 0.968735  8652.71  8983.19   165299  45481.6  44040.1  1.34699   1.8952    50669  14983.7  12506.2  10734.3
Model string tension and errors: 
sigma = -2.14357 +/- 1.64771
