R=0parameters: 
-0.678119 -0.678119 
0.0725657 0.0725657 
7.47716e-11 7.47716e-11 
3.21143e-322 3.21143e-322 
1.91794e-316 1.91794e-316 
1.93851e-316 1.93851e-316 
9.88131e-324 9.88131e-324 
1.99086e-316 1.99086e-316 
3.61418e+07 3.61418e+07 
3.21143e-322 3.21143e-322 3.21143e-322 
4.09975e-317 4.09975e-317 4.09975e-317 
1.94138e-316 1.94138e-316 1.94138e-316 
1.94138e-316 1.94138e-316 1.94138e-316 
1.94138e-316 1.94138e-316 1.94138e-316 
0 0 0 
0 0 0 
0 0 0 
4.19462e-321 4.19462e-321 4.19462e-321 
1.97346e-316 1.97346e-316 1.97346e-316 1.97346e-316 
6.68759e-140 6.68759e-140 6.68759e-140 6.68759e-140 
0 0 0 0 
0 0 0 0 
0 0 0 0 
0 0 0 0 
0 0 0 0 
0 0 0 0 
0 0 0 0 
0 0 0 
0 0 0 
0 0 0 
0 0 0 
0 0 0 
0 0 0 
0 0 0 
0 0 0 
0 0 0 
0 0 0 0 
0 0 0 0 
0 0 0 0 
0 0 0 0 
0 0 0 0 
0 0 0 0 
0 0 0 0 
0 0 0 0 
0 0 0 0 
9.57211e-08 9.57211e-08 9.57211e-08 9.57211e-08 9.57211e-08 
0.000178501 0.000178501 0.000178501 0.000178501 0.000178501 
1.63042e-322 1.63042e-322 1.63042e-322 1.63042e-322 1.63042e-322 
2.96439e-323 2.96439e-323 2.96439e-323 2.96439e-323 2.96439e-323 
9.88131e-324 9.88131e-324 9.88131e-324 9.88131e-324 9.88131e-324 
6.42719e-310 6.42719e-310 6.42719e-310 6.42719e-310 6.42719e-310 
1.63042e-322 1.63042e-322 1.63042e-322 1.63042e-322 1.63042e-322 
4.24399e-314 4.24399e-314 4.24399e-314 4.24399e-314 4.24399e-314 
0 0 0 0 0 
R=1parameters: 
-0.650106 -0.650106 
0.224194 0.224194 
-0.273889 -0.273889 
0.305696 0.305696 
-9.22478 -9.22478 
2.01309e-316 2.01309e-316 
599083 599083 
7.80994e+08 7.80994e+08 
-0.742106 -0.742106 
1.0326e-321 1.0326e-321 1.0326e-321 
1.94269e-316 1.94269e-316 1.94269e-316 
1.99852e-316 1.99852e-316 1.99852e-316 
1.99559e-316 1.99559e-316 1.99559e-316 
1.93851e-316 1.93851e-316 1.93851e-316 
2.00445e-316 2.00445e-316 2.00445e-316 
4.6171e-317 4.6171e-317 4.6171e-317 
1.95945e-316 1.95945e-316 1.95945e-316 
1.98913e-316 1.98913e-316 1.98913e-316 
2.01282e-316 2.01282e-316 2.01282e-316 2.01282e-316 
1.99339e-316 1.99339e-316 1.99339e-316 1.99339e-316 
1.99071e-316 1.99071e-316 1.99071e-316 1.99071e-316 
1.95163e-316 1.95163e-316 1.95163e-316 1.95163e-316 
1.99849e-316 1.99849e-316 1.99849e-316 1.99849e-316 
2.01241e-316 2.01241e-316 2.01241e-316 2.01241e-316 
0 0 0 0 
0 0 0 0 
0 0 0 0 
0 0 0 
0 0 0 
0 0 0 
0 0 0 
0 0 0 
0 0 0 
0 0 0 
1.02766e-321 1.02766e-321 1.02766e-321 
4.79244e-322 4.79244e-322 4.79244e-322 
1.98797e-316 1.98797e-316 1.98797e-316 1.98797e-316 
1.99327e-316 1.99327e-316 1.99327e-316 1.99327e-316 
5.1187e+160 5.1187e+160 5.1187e+160 5.1187e+160 
0 0 0 0 
6.62905e+06 6.62905e+06 6.62905e+06 6.62905e+06 
4.94066e-324 4.94066e-324 4.94066e-324 4.94066e-324 
3.23796e-319 3.23796e-319 3.23796e-319 3.23796e-319 
1.63042e-322 1.63042e-322 1.63042e-322 1.63042e-322 
6.90282e-310 6.90282e-310 6.90282e-310 6.90282e-310 
0 0 0 0 0 
4.74303e-322 4.74303e-322 4.74303e-322 4.74303e-322 4.74303e-322 
1.58101e-322 1.58101e-322 1.58101e-322 1.58101e-322 1.58101e-322 
2.96439e-323 2.96439e-323 2.96439e-323 2.96439e-323 2.96439e-323 
9.88131e-324 9.88131e-324 9.88131e-324 9.88131e-324 9.88131e-324 
6.42719e-310 6.42719e-310 6.42719e-310 6.42719e-310 6.42719e-310 
1.63042e-322 1.63042e-322 1.63042e-322 1.63042e-322 1.63042e-322 
4.24399e-314 4.24399e-314 4.24399e-314 4.24399e-314 4.24399e-314 
0 0 0 0 0 
R=2parameters: 
-0.613233 -0.613233 
0.123098 0.123098 
-0.0404153 -0.0404153 
-6.15029 -6.15029 
10.0768 10.0768 
2.01309e-316 2.01309e-316 
599083 599083 
7.80994e+08 7.80994e+08 
-0.742106 -0.742106 
1.0326e-321 1.0326e-321 1.0326e-321 
1.94269e-316 1.94269e-316 1.94269e-316 
6.68759e-140 6.68759e-140 6.68759e-140 
2.00445e-316 2.00445e-316 2.00445e-316 
1.78273e-316 1.78273e-316 1.78273e-316 
1.99621e-316 1.99621e-316 1.99621e-316 
2.00172e-316 2.00172e-316 2.00172e-316 
2.12688e-316 2.12688e-316 2.12688e-316 
1.9441e-316 1.9441e-316 1.9441e-316 
1.99384e-316 1.99384e-316 1.99384e-316 1.99384e-316 
1.93715e-316 1.93715e-316 1.93715e-316 1.93715e-316 
2.12703e-316 2.12703e-316 2.12703e-316 2.12703e-316 
2.00342e-316 2.00342e-316 2.00342e-316 2.00342e-316 
1.93541e-316 1.93541e-316 1.93541e-316 1.93541e-316 
1.94412e-316 1.94412e-316 1.94412e-316 1.94412e-316 
9.72008e-317 9.72008e-317 9.72008e-317 9.72008e-317 
2.01138e-316 2.01138e-316 2.01138e-316 2.01138e-316 
9.12775e-317 9.12775e-317 9.12775e-317 9.12775e-317 
2.11679e-316 2.11679e-316 2.11679e-316 
1.95945e-316 1.95945e-316 1.95945e-316 
2.12841e-316 2.12841e-316 2.12841e-316 
1.94162e-316 1.94162e-316 1.94162e-316 
1.95121e-316 1.95121e-316 1.95121e-316 
1.94162e-316 1.94162e-316 1.94162e-316 
1.95121e-316 1.95121e-316 1.95121e-316 
1.02766e-321 1.02766e-321 1.02766e-321 
4.79244e-322 4.79244e-322 4.79244e-322 
1.93023e-316 1.93023e-316 1.93023e-316 1.93023e-316 
6.90284e-310 6.90284e-310 6.90284e-310 6.90284e-310 
3.90845e+07 3.90845e+07 3.90845e+07 3.90845e+07 
192528 192528 192528 192528 
3523.98 3523.98 3523.98 3523.98 
2.42092e-322 2.42092e-322 2.42092e-322 2.42092e-322 
1.95732e-316 1.95732e-316 1.95732e-316 1.95732e-316 
32700.9 32700.9 32700.9 32700.9 
6.90282e-310 6.90282e-310 6.90282e-310 6.90282e-310 
3.80575e+06 3.80575e+06 3.80575e+06 3.80575e+06 3.80575e+06 
2.36707e+06 2.36707e+06 2.36707e+06 2.36707e+06 2.36707e+06 
1.63042e-322 1.63042e-322 1.63042e-322 1.63042e-322 1.63042e-322 
2.96439e-323 2.96439e-323 2.96439e-323 2.96439e-323 2.96439e-323 
9.88131e-324 9.88131e-324 9.88131e-324 9.88131e-324 9.88131e-324 
6.42719e-310 6.42719e-310 6.42719e-310 6.42719e-310 6.42719e-310 
1.63042e-322 1.63042e-322 1.63042e-322 1.63042e-322 1.63042e-322 
4.24399e-314 4.24399e-314 4.24399e-314 4.24399e-314 4.24399e-314 
0 0 0 0 0 
R=3parameters: 
-0.573857 -0.573857 
0.145264 0.145264 
-5.25254e-05 -5.25254e-05 
0.18539 0.18539 
-0.153856 -0.153856 
2.01309e-316 2.01309e-316 
599083 599083 
7.80994e+08 7.80994e+08 
-0.742106 -0.742106 
1.0326e-321 1.0326e-321 1.0326e-321 
1.94269e-316 1.94269e-316 1.94269e-316 
6.68759e-140 6.68759e-140 6.68759e-140 
0 0 0 
0 0 0 
0 0 0 
0 0 0 
0 0 0 
0 0 0 
0 0 0 0 
0 0 0 0 
0 0 0 0 
0 0 0 0 
0 0 0 0 
0 0 0 0 
0 0 0 0 
0 0 0 0 
0 0 0 0 
0 0 0 
0 0 0 
0 0 0 
0 0 0 
0 0 0 
0 0 0 
0 0 0 
1.02766e-321 1.02766e-321 1.02766e-321 
4.79244e-322 4.79244e-322 4.79244e-322 
1.94368e-316 1.94368e-316 1.94368e-316 1.94368e-316 
6.68759e-140 6.68759e-140 6.68759e-140 6.68759e-140 
-nan -nan -nan -nan 
-nan -nan -nan -nan 
-nan -nan -nan -nan 
-nan -nan -nan -nan 
-nan -nan -nan -nan 
-nan -nan -nan -nan 
-nan -nan -nan -nan 
-nan -nan -nan -nan -nan 
-nan -nan -nan -nan -nan 
1.63042e-322 1.63042e-322 1.63042e-322 1.63042e-322 1.63042e-322 
2.96439e-323 2.96439e-323 2.96439e-323 2.96439e-323 2.96439e-323 
9.88131e-324 9.88131e-324 9.88131e-324 9.88131e-324 9.88131e-324 
6.42719e-310 6.42719e-310 6.42719e-310 6.42719e-310 6.42719e-310 
1.63042e-322 1.63042e-322 1.63042e-322 1.63042e-322 1.63042e-322 
4.24399e-314 4.24399e-314 4.24399e-314 4.24399e-314 4.24399e-314 
0 0 0 0 0 
R=4parameters: 
-0.237297 -0.237297 
0.151324 0.151324 
-0.000112643 -0.000112643 
0.262835 0.262835 
-0.211219 -0.211219 
2.01309e-316 2.01309e-316 
599083 599083 
7.80994e+08 7.80994e+08 
-0.742106 -0.742106 
1.0326e-321 1.0326e-321 1.0326e-321 
1.94269e-316 1.94269e-316 1.94269e-316 
6.68759e-140 6.68759e-140 6.68759e-140 
0 0 0 
0 0 0 
0 0 0 
0 0 0 
0 0 0 
0 0 0 
0 0 0 0 
0 0 0 0 
0 0 0 0 
0 0 0 0 
0 0 0 0 
0 0 0 0 
0 0 0 0 
0 0 0 0 
0 0 0 0 
0 0 0 
0 0 0 
0 0 0 
0 0 0 
0 0 0 
0 0 0 
0 0 0 
1.02766e-321 1.02766e-321 1.02766e-321 
4.79244e-322 4.79244e-322 4.79244e-322 
0 0 0 0 
4.72589e+06 4.72589e+06 4.72589e+06 4.72589e+06 
9.53675e-07 9.53675e-07 9.53675e-07 9.53675e-07 
0 0 0 0 
0 0 0 0 
2.42092e-322 2.42092e-322 2.42092e-322 2.42092e-322 
494.997 494.997 494.997 494.997 
316.618 316.618 316.618 316.618 
117278 117278 117278 117278 
-256067 -256067 -256067 -256067 -256067 
4.74303e-322 4.74303e-322 4.74303e-322 4.74303e-322 4.74303e-322 
1.58101e-322 1.58101e-322 1.58101e-322 1.58101e-322 1.58101e-322 
2.96439e-323 2.96439e-323 2.96439e-323 2.96439e-323 2.96439e-323 
9.88131e-324 9.88131e-324 9.88131e-324 9.88131e-324 9.88131e-324 
6.42719e-310 6.42719e-310 6.42719e-310 6.42719e-310 6.42719e-310 
1.63042e-322 1.63042e-322 1.63042e-322 1.63042e-322 1.63042e-322 
4.24399e-314 4.24399e-314 4.24399e-314 4.24399e-314 4.24399e-314 
0 0 0 0 0 
R=5parameters: 
-0.499293 -0.499293 
0.164985 0.164985 
-0.000185557 -0.000185557 
0.359834 0.359834 
-0.292852 -0.292852 
2.01309e-316 2.01309e-316 
599083 599083 
7.80994e+08 7.80994e+08 
-0.742106 -0.742106 
1.0326e-321 1.0326e-321 1.0326e-321 
1.94269e-316 1.94269e-316 1.94269e-316 
6.68759e-140 6.68759e-140 6.68759e-140 
0 0 0 
0 0 0 
0 0 0 
0 0 0 
0 0 0 
0 0 0 
0 0 0 0 
2.12821e-316 2.12821e-316 2.12821e-316 2.12821e-316 
2.01213e-316 2.01213e-316 2.01213e-316 2.01213e-316 
1.97453e-316 1.97453e-316 1.97453e-316 1.97453e-316 
4.61708e-317 4.61708e-317 4.61708e-317 4.61708e-317 
2.1275e-316 2.1275e-316 2.1275e-316 2.1275e-316 
0 0 0 0 
0 0 0 0 
0 0 0 0 
0 0 0 
0 0 0 
0 0 0 
0 0 0 
0 0 0 
0 0 0 
0 0 0 
1.02766e-321 1.02766e-321 1.02766e-321 
4.79244e-322 4.79244e-322 4.79244e-322 
1.95732e-316 1.95732e-316 1.95732e-316 1.95732e-316 
-306.496 -306.496 -306.496 -306.496 
750.897 750.897 750.897 750.897 
-646.305 -646.305 -646.305 -646.305 
-nan -nan -nan -nan 
-nan -nan -nan -nan 
646.594 646.594 646.594 646.594 
376.443 376.443 376.443 376.443 
7.4759e-09 7.4759e-09 7.4759e-09 7.4759e-09 
-2.53452 -2.53452 -2.53452 -2.53452 -2.53452 
-0.292852 -0.292852 -0.292852 -0.292852 -0.292852 
1.63042e-322 1.63042e-322 1.63042e-322 1.63042e-322 1.63042e-322 
2.96439e-323 2.96439e-323 2.96439e-323 2.96439e-323 2.96439e-323 
9.88131e-324 9.88131e-324 9.88131e-324 9.88131e-324 9.88131e-324 
6.42719e-310 6.42719e-310 6.42719e-310 6.42719e-310 6.42719e-310 
1.63042e-322 1.63042e-322 1.63042e-322 1.63042e-322 1.63042e-322 
4.24399e-314 4.24399e-314 4.24399e-314 4.24399e-314 4.24399e-314 
0 0 0 0 0 
R=6parameters: 
-0.382176 -0.382176 
0.179025 0.179025 
-0.000243165 -0.000243165 
0.466966 0.466966 
-0.38711 -0.38711 
2.01309e-316 2.01309e-316 
599083 599083 
7.80994e+08 7.80994e+08 
-0.742106 -0.742106 
1.0326e-321 1.0326e-321 1.0326e-321 
1.94269e-316 1.94269e-316 1.94269e-316 
6.68759e-140 6.68759e-140 6.68759e-140 
1.95282e-316 1.95282e-316 1.95282e-316 
1.78267e-316 1.78267e-316 1.78267e-316 
2.00933e-316 2.00933e-316 2.00933e-316 
1.99086e-316 1.99086e-316 1.99086e-316 
2.15989e-316 2.15989e-316 2.15989e-316 
1.99666e-316 1.99666e-316 1.99666e-316 
2.00375e-316 2.00375e-316 2.00375e-316 2.00375e-316 
1.92541e-316 1.92541e-316 1.92541e-316 1.92541e-316 
2.12987e-316 2.12987e-316 2.12987e-316 2.12987e-316 
1.99606e-316 1.99606e-316 1.99606e-316 1.99606e-316 
2.12987e-316 2.12987e-316 2.12987e-316 2.12987e-316 
1.99606e-316 1.99606e-316 1.99606e-316 1.99606e-316 
0 0 0 0 
0 0 0 0 
0 0 0 0 
0 0 0 
0 0 0 
0 0 0 
0 0 0 
0 0 0 
0 0 0 
0 0 0 
1.02766e-321 1.02766e-321 1.02766e-321 
4.79244e-322 4.79244e-322 4.79244e-322 
4.90212e-320 4.90212e-320 4.90212e-320 4.90212e-320 
2.00182e-316 2.00182e-316 2.00182e-316 2.00182e-316 
1.061e-313 1.061e-313 1.061e-313 1.061e-313 
2.00451e-316 2.00451e-316 2.00451e-316 2.00451e-316 
89142.4 89142.4 89142.4 89142.4 
1.93303e-316 1.93303e-316 1.93303e-316 1.93303e-316 
599.41 599.41 599.41 599.41 
1.63042e-322 1.63042e-322 1.63042e-322 1.63042e-322 
6.90282e-310 6.90282e-310 6.90282e-310 6.90282e-310 
1.94409e-316 1.94409e-316 1.94409e-316 1.94409e-316 1.94409e-316 
-9821.47 -9821.47 -9821.47 -9821.47 -9821.47 
1.63042e-322 1.63042e-322 1.63042e-322 1.63042e-322 1.63042e-322 
2.96439e-323 2.96439e-323 2.96439e-323 2.96439e-323 2.96439e-323 
9.88131e-324 9.88131e-324 9.88131e-324 9.88131e-324 9.88131e-324 
6.42719e-310 6.42719e-310 6.42719e-310 6.42719e-310 6.42719e-310 
1.63042e-322 1.63042e-322 1.63042e-322 1.63042e-322 1.63042e-322 
4.24399e-314 4.24399e-314 4.24399e-314 4.24399e-314 4.24399e-314 
0 0 0 0 0 
R=7parameters: 
-0.437562 -0.437562 
0.192222 0.192222 
-0.0295167 -0.0295167 
-2.44088 -2.44088 
2.80945 2.80945 
2.01309e-316 2.01309e-316 
599083 599083 
7.80994e+08 7.80994e+08 
-0.742106 -0.742106 
1.5069e-321 1.5069e-321 1.5069e-321 
4.90212e-320 4.90212e-320 4.90212e-320 
6.90284e-310 6.90284e-310 6.90284e-310 
-207.136 -207.136 -207.136 
357.735 357.735 357.735 
-0.012554 -0.012554 -0.012554 
-541.889 -541.889 -541.889 
498.74 498.74 498.74 
0.00881793 0.00881793 0.00881793 
0.00526501 0.00526501 0.00526501 0.00526501 
0.00313656 0.00313656 0.00313656 0.00313656 
4.74303e-322 4.74303e-322 4.74303e-322 4.74303e-322 
4.74303e-322 4.74303e-322 4.74303e-322 4.74303e-322 
1.98739e-316 1.98739e-316 1.98739e-316 1.98739e-316 
0.883946 0.883946 0.883946 0.883946 
0 0 0 0 
4.00193e-322 4.00193e-322 4.00193e-322 4.00193e-322 
1.78289e-316 1.78289e-316 1.78289e-316 1.78289e-316 
2.00182e-316 2.00182e-316 2.00182e-316 
1.9891e-316 1.9891e-316 1.9891e-316 
1.99133e-316 1.99133e-316 1.99133e-316 
1.99133e-316 1.99133e-316 1.99133e-316 
4.00193e-322 4.00193e-322 4.00193e-322 
4.90212e-320 4.90212e-320 4.90212e-320 
6.68759e-140 6.68759e-140 6.68759e-140 
2.00963e-316 2.00963e-316 2.00963e-316 
1.94116e-316 1.94116e-316 1.94116e-316 
1.98913e-316 1.98913e-316 1.98913e-316 1.98913e-316 
1.99771e-316 1.99771e-316 1.99771e-316 1.99771e-316 
4.6156e+281 4.6156e+281 4.6156e+281 4.6156e+281 
-281.052 -281.052 -281.052 -281.052 
1.26481e-321 1.26481e-321 1.26481e-321 1.26481e-321 
2.42092e-322 2.42092e-322 2.42092e-322 2.42092e-322 
27676.3 27676.3 27676.3 27676.3 
248912 248912 248912 248912 
0.000107874 0.000107874 0.000107874 0.000107874 
0.000575447 0.000575447 0.000575447 0.000575447 0.000575447 
1.50196e-321 1.50196e-321 1.50196e-321 1.50196e-321 1.50196e-321 
1.58101e-322 1.58101e-322 1.58101e-322 1.58101e-322 1.58101e-322 
2.96439e-323 2.96439e-323 2.96439e-323 2.96439e-323 2.96439e-323 
9.88131e-324 9.88131e-324 9.88131e-324 9.88131e-324 9.88131e-324 
6.42719e-310 6.42719e-310 6.42719e-310 6.42719e-310 6.42719e-310 
1.63042e-322 1.63042e-322 1.63042e-322 1.63042e-322 1.63042e-322 
4.24399e-314 4.24399e-314 4.24399e-314 4.24399e-314 4.24399e-314 
0 0 0 0 0 
R=8parameters: 
-0.414281 -0.414281 
0.204511 0.204511 
-0.000480149 -0.000480149 
0.475837 0.475837 
-0.346805 -0.346805 
2.01309e-316 2.01309e-316 
599083 599083 
7.80994e+08 7.80994e+08 
-0.742106 -0.742106 
3.21143e-322 3.21143e-322 3.21143e-322 
2.47033e-323 2.47033e-323 2.47033e-323 
1.98814e-316 1.98814e-316 1.98814e-316 
0.00228953 0.00228953 0.00228953 
1.94853e-316 1.94853e-316 1.94853e-316 
1547.26 1547.26 1547.26 
2.42092e-322 2.42092e-322 2.42092e-322 
0.000350186 0.000350186 0.000350186 
1.94639e-316 1.94639e-316 1.94639e-316 
0.00195313 0.00195313 0.00195313 0.00195313 
4.94066e-324 4.94066e-324 4.94066e-324 4.94066e-324 
4.74303e-322 4.74303e-322 4.74303e-322 4.74303e-322 
0 0 0 0 
0 0 0 0 
0 0 0 0 
1.67772e+07 1.67772e+07 1.67772e+07 1.67772e+07 
1.63042e-322 1.63042e-322 1.63042e-322 1.63042e-322 
6.90284e-310 6.90284e-310 6.90284e-310 6.90284e-310 
2.00933e-316 2.00933e-316 2.00933e-316 
7.90505e-322 7.90505e-322 7.90505e-322 
1.58101e-322 1.58101e-322 1.58101e-322 
1.99801e-316 1.99801e-316 1.99801e-316 
0 0 0 
2.00919e-316 2.00919e-316 2.00919e-316 
0 0 0 
0 0 0 
3.16202e-322 3.16202e-322 3.16202e-322 
1.95886e-316 1.95886e-316 1.95886e-316 1.95886e-316 
2.00793e-316 2.00793e-316 2.00793e-316 2.00793e-316 
-0.0224952 -0.0224952 -0.0224952 -0.0224952 
0 0 0 0 
0 0 0 0 
0 0 0 0 
22343.7 22343.7 22343.7 22343.7 
2.122e-314 2.122e-314 2.122e-314 2.122e-314 
2.00793e-316 2.00793e-316 2.00793e-316 2.00793e-316 
105503 105503 105503 105503 105503 
-0.706088 -0.706088 -0.706088 -0.706088 -0.706088 
1.63042e-322 1.63042e-322 1.63042e-322 1.63042e-322 1.63042e-322 
2.96439e-323 2.96439e-323 2.96439e-323 2.96439e-323 2.96439e-323 
9.88131e-324 9.88131e-324 9.88131e-324 9.88131e-324 9.88131e-324 
6.42719e-310 6.42719e-310 6.42719e-310 6.42719e-310 6.42719e-310 
1.63042e-322 1.63042e-322 1.63042e-322 1.63042e-322 1.63042e-322 
4.24399e-314 4.24399e-314 4.24399e-314 4.24399e-314 4.24399e-314 
0 0 0 0 0 
R=9parameters: 
-0.397523 -0.397523 
0.214855 0.214855 
-0.000598826 -0.000598826 
0.399693 0.399693 
-0.239046 -0.239046 
2.01309e-316 2.01309e-316 
599083 599083 
7.80994e+08 7.80994e+08 
-0.742106 -0.742106 
1.5069e-321 1.5069e-321 1.5069e-321 
6.90284e-310 6.90284e-310 6.90284e-310 
2.00178e-316 2.00178e-316 2.00178e-316 
0 0 0 
0 0 0 
2.37152e-322 2.37152e-322 2.37152e-322 
0 0 0 
9.85645e-05 9.85645e-05 9.85645e-05 
49647.4 49647.4 49647.4 
-7932.01 -7932.01 -7932.01 -7932.01 
0 0 0 0 
4.74303e-322 4.74303e-322 4.74303e-322 4.74303e-322 
6.32404e-322 6.32404e-322 6.32404e-322 6.32404e-322 
0.992676 0.992676 0.992676 0.992676 
0.00103049 0.00103049 0.00103049 0.00103049 
0.000769967 0.000769967 0.000769967 0.000769967 
2.00793e-316 2.00793e-316 2.00793e-316 2.00793e-316 
2.47033e-323 2.47033e-323 2.47033e-323 2.47033e-323 
2.00444e-316 2.00444e-316 2.00444e-316 
1.66105e-316 1.66105e-316 1.66105e-316 
3.21143e-322 3.21143e-322 3.21143e-322 
2.47033e-323 2.47033e-323 2.47033e-323 
1.99084e-316 1.99084e-316 1.99084e-316 
14308.2 14308.2 14308.2 
1.93851e-316 1.93851e-316 1.93851e-316 
29677.4 29677.4 29677.4 
2.01074e-316 2.01074e-316 2.01074e-316 
3.23796e-319 3.23796e-319 3.23796e-319 3.23796e-319 
4.00193e-322 4.00193e-322 4.00193e-322 4.00193e-322 
2.01243e-316 2.01243e-316 2.01243e-316 2.01243e-316 
-689.223 -689.223 -689.223 -689.223 
-442.838 -442.838 -442.838 -442.838 
2.42092e-322 2.42092e-322 2.42092e-322 2.42092e-322 
1.9375e-316 1.9375e-316 1.9375e-316 1.9375e-316 
0 0 0 0 
0 0 0 0 
0 0 0 0 0 
1.50196e-321 1.50196e-321 1.50196e-321 1.50196e-321 1.50196e-321 
1.58101e-322 1.58101e-322 1.58101e-322 1.58101e-322 1.58101e-322 
2.96439e-323 2.96439e-323 2.96439e-323 2.96439e-323 2.96439e-323 
9.88131e-324 9.88131e-324 9.88131e-324 9.88131e-324 9.88131e-324 
6.42719e-310 6.42719e-310 6.42719e-310 6.42719e-310 6.42719e-310 
1.63042e-322 1.63042e-322 1.63042e-322 1.63042e-322 1.63042e-322 
4.24399e-314 4.24399e-314 4.24399e-314 4.24399e-314 4.24399e-314 
0 0 0 0 0 
R=10parameters: 
-0.3875 -0.3875 
0.221941 0.221941 
-0.00058776 -0.00058776 
0.398533 0.398533 
-0.226038 -0.226038 
2.01309e-316 2.01309e-316 
599083 599083 
7.80994e+08 7.80994e+08 
-0.742106 -0.742106 
1.5069e-321 1.5069e-321 1.5069e-321 
6.90284e-310 6.90284e-310 6.90284e-310 
2.12913e-316 2.12913e-316 2.12913e-316 
0 0 0 
0 0 0 
2.37152e-322 2.37152e-322 2.37152e-322 
2.37152e-322 2.37152e-322 2.37152e-322 
2.0076e-316 2.0076e-316 2.0076e-316 
-785.693 -785.693 -785.693 
-42392.4 -42392.4 -42392.4 -42392.4 
-75492 -75492 -75492 -75492 
4.74303e-322 4.74303e-322 4.74303e-322 4.74303e-322 
2.00372e-316 2.00372e-316 2.00372e-316 2.00372e-316 
2.47033e-323 2.47033e-323 2.47033e-323 2.47033e-323 
2.01254e-316 2.01254e-316 2.01254e-316 2.01254e-316 
1193.4 1193.4 1193.4 1193.4 
2.00427e-316 2.00427e-316 2.00427e-316 2.00427e-316 
3.23796e-319 3.23796e-319 3.23796e-319 3.23796e-319 
4.79244e-322 4.79244e-322 4.79244e-322 
2.0083e-316 2.0083e-316 2.0083e-316 
1.94166e-316 1.94166e-316 1.94166e-316 
80.5014 80.5014 80.5014 
94.8579 94.8579 94.8579 
2.37152e-322 2.37152e-322 2.37152e-322 
2.37152e-322 2.37152e-322 2.37152e-322 
1.94129e-316 1.94129e-316 1.94129e-316 
0.000336707 0.000336707 0.000336707 
5.43642e+08 5.43642e+08 5.43642e+08 5.43642e+08 
-13887.1 -13887.1 -13887.1 -13887.1 
-0.226038 -0.226038 -0.226038 -0.226038 
3.21143e-322 3.21143e-322 3.21143e-322 3.21143e-322 
2.47033e-323 2.47033e-323 2.47033e-323 2.47033e-323 
1.95672e-316 1.95672e-316 1.95672e-316 1.95672e-316 
1.42738e+228 1.42738e+228 1.42738e+228 1.42738e+228 
23.2205 23.2205 23.2205 23.2205 
6.90282e-310 6.90282e-310 6.90282e-310 6.90282e-310 
2.122e-314 2.122e-314 2.122e-314 2.122e-314 2.122e-314 
2.01254e-316 2.01254e-316 2.01254e-316 2.01254e-316 2.01254e-316 
1.63042e-322 1.63042e-322 1.63042e-322 1.63042e-322 1.63042e-322 
2.96439e-323 2.96439e-323 2.96439e-323 2.96439e-323 2.96439e-323 
9.88131e-324 9.88131e-324 9.88131e-324 9.88131e-324 9.88131e-324 
6.42719e-310 6.42719e-310 6.42719e-310 6.42719e-310 6.42719e-310 
1.63042e-322 1.63042e-322 1.63042e-322 1.63042e-322 1.63042e-322 
4.24399e-314 4.24399e-314 4.24399e-314 4.24399e-314 4.24399e-314 
0 0 0 0 0 
R=11parameters: 
-0.38435 -0.38435 
0.224358 0.224358 
-0.00155615 -0.00155615 
-5.47468 -5.47468 
8.33211 8.33211 
2.01309e-316 2.01309e-316 
599083 599083 
7.80994e+08 7.80994e+08 
-0.742106 -0.742106 
1.5069e-321 1.5069e-321 1.5069e-321 
2.00178e-316 2.00178e-316 2.00178e-316 
1.93481e-316 1.93481e-316 1.93481e-316 
6.48866e-05 6.48866e-05 6.48866e-05 
-0.000245867 -0.000245867 -0.000245867 
6.60799e-05 6.60799e-05 6.60799e-05 
8.98218e-05 8.98218e-05 8.98218e-05 
0 0 0 
0 0 0 
1 1 1 1 
0 0 0 0 
0 0 0 0 
0 0 0 0 
1.061e-313 1.061e-313 1.061e-313 1.061e-313 
0.249603 0.249603 0.249603 0.249603 
23331.5 23331.5 23331.5 23331.5 
0 0 0 0 
0 0 0 0 
2.42092e-322 2.42092e-322 2.42092e-322 
1.98954e-316 1.98954e-316 1.98954e-316 
1.99208e-316 1.99208e-316 1.99208e-316 
0.000283557 0.000283557 0.000283557 
0 0 0 
0 0 0 
3.21143e-322 3.21143e-322 3.21143e-322 
2.01282e-316 2.01282e-316 2.01282e-316 
2.01372e-316 2.01372e-316 2.01372e-316 
1.98797e-316 1.98797e-316 1.98797e-316 1.98797e-316 
2.00916e-316 2.00916e-316 2.00916e-316 2.00916e-316 
1.92373e-316 1.92373e-316 1.92373e-316 1.92373e-316 
2.00838e-316 2.00838e-316 2.00838e-316 2.00838e-316 
1131.59 1131.59 1131.59 1131.59 
2.42092e-322 2.42092e-322 2.42092e-322 2.42092e-322 
1.98783e-316 1.98783e-316 1.98783e-316 1.98783e-316 
1.99851e-316 1.99851e-316 1.99851e-316 1.99851e-316 
44.7519 44.7519 44.7519 44.7519 
-65.9924 -65.9924 -65.9924 -65.9924 -65.9924 
1.50196e-321 1.50196e-321 1.50196e-321 1.50196e-321 1.50196e-321 
1.58101e-322 1.58101e-322 1.58101e-322 1.58101e-322 1.58101e-322 
2.96439e-323 2.96439e-323 2.96439e-323 2.96439e-323 2.96439e-323 
9.88131e-324 9.88131e-324 9.88131e-324 9.88131e-324 9.88131e-324 
6.42719e-310 6.42719e-310 6.42719e-310 6.42719e-310 6.42719e-310 
1.63042e-322 1.63042e-322 1.63042e-322 1.63042e-322 1.63042e-322 
4.24399e-314 4.24399e-314 4.24399e-314 4.24399e-314 4.24399e-314 
0 0 0 0 0 
T Models:
(* Fitting with shape 1 1 1 1 1 1 1 1 1 1 0 0 *)
G[T_,xx_]:=Exp[0+xx[[1]]*T^1+xx[[2]]*T^2]*(1)
(* Fitting with shape 1 1 1 1 1 1 1 1 1 1 1 0 *)
G[T_,xx_]:=Exp[0+xx[[1]]*T^1+xx[[2]]*T^2]*(1)
(* Fitting with shape 1 1 1 1 1 1 1 1 1 1 1 1 *)
G[T_,xx_]:=Exp[0+xx[[1]]*T^1+xx[[2]]*T^2]*(1)
(* Fitting with shape 0 1 1 1 1 1 1 1 1 1 0 0 *)
G[T_,xx_]:=Exp[0+xx[[1]]*T^1+xx[[2]]*T^2]*(1)
(* Fitting with shape 0 1 1 1 1 1 1 1 1 1 1 0 *)
G[T_,xx_]:=Exp[0+xx[[1]]*T^1+xx[[2]]*T^2]*(1)
(* Fitting with shape 0 1 1 1 1 1 1 1 1 1 1 1 *)
G[T_,xx_]:=Exp[0+xx[[1]]*T^1+xx[[2]]*T^2]*(1)
(* Fitting with shape 0 0 1 1 1 1 1 1 1 1 0 0 *)
G[T_,xx_]:=Exp[0+xx[[1]]*T^1+xx[[2]]*T^2]*(1)
(* Fitting with shape 0 0 1 1 1 1 1 1 1 1 1 0 *)
G[T_,xx_]:=Exp[0+xx[[1]]*T^1+xx[[2]]*T^2]*(1)
(* Fitting with shape 0 0 1 1 1 1 1 1 1 1 1 1 *)
G[T_,xx_]:=Exp[0+xx[[1]]*T^1+xx[[2]]*T^2]*(1)
(* Fitting with shape 1 1 1 1 1 1 1 1 1 1 0 0 *)
G[T_,xx_]:=Exp[0+xx[[1]]*T^1+xx[[2]]*T^2]*(1+xx[[3]]/(T^1))
(* Fitting with shape 1 1 1 1 1 1 1 1 1 1 1 0 *)
G[T_,xx_]:=Exp[0+xx[[1]]*T^1+xx[[2]]*T^2]*(1+xx[[3]]/(T^1))
(* Fitting with shape 1 1 1 1 1 1 1 1 1 1 1 1 *)
G[T_,xx_]:=Exp[0+xx[[1]]*T^1+xx[[2]]*T^2]*(1+xx[[3]]/(T^1))
(* Fitting with shape 0 1 1 1 1 1 1 1 1 1 0 0 *)
G[T_,xx_]:=Exp[0+xx[[1]]*T^1+xx[[2]]*T^2]*(1+xx[[3]]/(T^1))
(* Fitting with shape 0 1 1 1 1 1 1 1 1 1 1 0 *)
G[T_,xx_]:=Exp[0+xx[[1]]*T^1+xx[[2]]*T^2]*(1+xx[[3]]/(T^1))
(* Fitting with shape 0 1 1 1 1 1 1 1 1 1 1 1 *)
G[T_,xx_]:=Exp[0+xx[[1]]*T^1+xx[[2]]*T^2]*(1+xx[[3]]/(T^1))
(* Fitting with shape 0 0 1 1 1 1 1 1 1 1 0 0 *)
G[T_,xx_]:=Exp[0+xx[[1]]*T^1+xx[[2]]*T^2]*(1+xx[[3]]/(T^1))
(* Fitting with shape 0 0 1 1 1 1 1 1 1 1 1 0 *)
G[T_,xx_]:=Exp[0+xx[[1]]*T^1+xx[[2]]*T^2]*(1+xx[[3]]/(T^1))
(* Fitting with shape 0 0 1 1 1 1 1 1 1 1 1 1 *)
G[T_,xx_]:=Exp[0+xx[[1]]*T^1+xx[[2]]*T^2]*(1+xx[[3]]/(T^1))
(* Fitting with shape 1 1 1 1 1 1 1 1 1 1 0 0 *)
G[T_,xx_]:=Exp[0+xx[[1]]*T^1+xx[[2]]*T^2]*(1+xx[[3]]/(T^1)+xx[[4]]/(T^2))
(* Fitting with shape 1 1 1 1 1 1 1 1 1 1 1 0 *)
G[T_,xx_]:=Exp[0+xx[[1]]*T^1+xx[[2]]*T^2]*(1+xx[[3]]/(T^1)+xx[[4]]/(T^2))
(* Fitting with shape 1 1 1 1 1 1 1 1 1 1 1 1 *)
G[T_,xx_]:=Exp[0+xx[[1]]*T^1+xx[[2]]*T^2]*(1+xx[[3]]/(T^1)+xx[[4]]/(T^2))
(* Fitting with shape 0 1 1 1 1 1 1 1 1 1 0 0 *)
G[T_,xx_]:=Exp[0+xx[[1]]*T^1+xx[[2]]*T^2]*(1+xx[[3]]/(T^1)+xx[[4]]/(T^2))
(* Fitting with shape 0 1 1 1 1 1 1 1 1 1 1 0 *)
G[T_,xx_]:=Exp[0+xx[[1]]*T^1+xx[[2]]*T^2]*(1+xx[[3]]/(T^1)+xx[[4]]/(T^2))
(* Fitting with shape 0 1 1 1 1 1 1 1 1 1 1 1 *)
G[T_,xx_]:=Exp[0+xx[[1]]*T^1+xx[[2]]*T^2]*(1+xx[[3]]/(T^1)+xx[[4]]/(T^2))
(* Fitting with shape 0 0 1 1 1 1 1 1 1 1 0 0 *)
G[T_,xx_]:=Exp[0+xx[[1]]*T^1+xx[[2]]*T^2]*(1+xx[[3]]/(T^1)+xx[[4]]/(T^2))
(* Fitting with shape 0 0 1 1 1 1 1 1 1 1 1 0 *)
G[T_,xx_]:=Exp[0+xx[[1]]*T^1+xx[[2]]*T^2]*(1+xx[[3]]/(T^1)+xx[[4]]/(T^2))
(* Fitting with shape 0 0 1 1 1 1 1 1 1 1 1 1 *)
G[T_,xx_]:=Exp[0+xx[[1]]*T^1+xx[[2]]*T^2]*(1+xx[[3]]/(T^1)+xx[[4]]/(T^2))
(* Fitting with shape 1 1 1 1 1 1 1 1 1 1 0 0 *)
G[T_,xx_]:=Exp[0+xx[[1]]*T^1+xx[[2]]*T^2+xx[[3]]*T^3]*(1)
(* Fitting with shape 1 1 1 1 1 1 1 1 1 1 1 0 *)
G[T_,xx_]:=Exp[0+xx[[1]]*T^1+xx[[2]]*T^2+xx[[3]]*T^3]*(1)
(* Fitting with shape 1 1 1 1 1 1 1 1 1 1 1 1 *)
G[T_,xx_]:=Exp[0+xx[[1]]*T^1+xx[[2]]*T^2+xx[[3]]*T^3]*(1)
(* Fitting with shape 0 1 1 1 1 1 1 1 1 1 0 0 *)
G[T_,xx_]:=Exp[0+xx[[1]]*T^1+xx[[2]]*T^2+xx[[3]]*T^3]*(1)
(* Fitting with shape 0 1 1 1 1 1 1 1 1 1 1 0 *)
G[T_,xx_]:=Exp[0+xx[[1]]*T^1+xx[[2]]*T^2+xx[[3]]*T^3]*(1)
(* Fitting with shape 0 1 1 1 1 1 1 1 1 1 1 1 *)
G[T_,xx_]:=Exp[0+xx[[1]]*T^1+xx[[2]]*T^2+xx[[3]]*T^3]*(1)
(* Fitting with shape 0 0 1 1 1 1 1 1 1 1 0 0 *)
G[T_,xx_]:=Exp[0+xx[[1]]*T^1+xx[[2]]*T^2+xx[[3]]*T^3]*(1)
(* Fitting with shape 0 0 1 1 1 1 1 1 1 1 1 0 *)
G[T_,xx_]:=Exp[0+xx[[1]]*T^1+xx[[2]]*T^2+xx[[3]]*T^3]*(1)
(* Fitting with shape 0 0 1 1 1 1 1 1 1 1 1 1 *)
G[T_,xx_]:=Exp[0+xx[[1]]*T^1+xx[[2]]*T^2+xx[[3]]*T^3]*(1)
(* Fitting with shape 1 1 1 1 1 1 1 1 1 1 0 0 *)
G[T_,xx_]:=Exp[0+xx[[1]]*T^1+xx[[2]]*T^2+xx[[3]]*T^3]*(1+xx[[4]]/(T^1))
(* Fitting with shape 1 1 1 1 1 1 1 1 1 1 1 0 *)
G[T_,xx_]:=Exp[0+xx[[1]]*T^1+xx[[2]]*T^2+xx[[3]]*T^3]*(1+xx[[4]]/(T^1))
(* Fitting with shape 1 1 1 1 1 1 1 1 1 1 1 1 *)
G[T_,xx_]:=Exp[0+xx[[1]]*T^1+xx[[2]]*T^2+xx[[3]]*T^3]*(1+xx[[4]]/(T^1))
(* Fitting with shape 0 1 1 1 1 1 1 1 1 1 0 0 *)
G[T_,xx_]:=Exp[0+xx[[1]]*T^1+xx[[2]]*T^2+xx[[3]]*T^3]*(1+xx[[4]]/(T^1))
(* Fitting with shape 0 1 1 1 1 1 1 1 1 1 1 0 *)
G[T_,xx_]:=Exp[0+xx[[1]]*T^1+xx[[2]]*T^2+xx[[3]]*T^3]*(1+xx[[4]]/(T^1))
(* Fitting with shape 0 1 1 1 1 1 1 1 1 1 1 1 *)
G[T_,xx_]:=Exp[0+xx[[1]]*T^1+xx[[2]]*T^2+xx[[3]]*T^3]*(1+xx[[4]]/(T^1))
(* Fitting with shape 0 0 1 1 1 1 1 1 1 1 0 0 *)
G[T_,xx_]:=Exp[0+xx[[1]]*T^1+xx[[2]]*T^2+xx[[3]]*T^3]*(1+xx[[4]]/(T^1))
(* Fitting with shape 0 0 1 1 1 1 1 1 1 1 1 0 *)
G[T_,xx_]:=Exp[0+xx[[1]]*T^1+xx[[2]]*T^2+xx[[3]]*T^3]*(1+xx[[4]]/(T^1))
(* Fitting with shape 0 0 1 1 1 1 1 1 1 1 1 1 *)
G[T_,xx_]:=Exp[0+xx[[1]]*T^1+xx[[2]]*T^2+xx[[3]]*T^3]*(1+xx[[4]]/(T^1))
(* Fitting with shape 1 1 1 1 1 1 1 1 1 1 0 0 *)
G[T_,xx_]:=Exp[0+xx[[1]]*T^1+xx[[2]]*T^2+xx[[3]]*T^3]*(1+xx[[4]]/(T^1)+xx[[5]]/(T^2))
(* Fitting with shape 1 1 1 1 1 1 1 1 1 1 1 0 *)
G[T_,xx_]:=Exp[0+xx[[1]]*T^1+xx[[2]]*T^2+xx[[3]]*T^3]*(1+xx[[4]]/(T^1)+xx[[5]]/(T^2))
(* Fitting with shape 1 1 1 1 1 1 1 1 1 1 1 1 *)
G[T_,xx_]:=Exp[0+xx[[1]]*T^1+xx[[2]]*T^2+xx[[3]]*T^3]*(1+xx[[4]]/(T^1)+xx[[5]]/(T^2))
(* Fitting with shape 0 1 1 1 1 1 1 1 1 1 0 0 *)
G[T_,xx_]:=Exp[0+xx[[1]]*T^1+xx[[2]]*T^2+xx[[3]]*T^3]*(1+xx[[4]]/(T^1)+xx[[5]]/(T^2))
(* Fitting with shape 0 1 1 1 1 1 1 1 1 1 1 0 *)
G[T_,xx_]:=Exp[0+xx[[1]]*T^1+xx[[2]]*T^2+xx[[3]]*T^3]*(1+xx[[4]]/(T^1)+xx[[5]]/(T^2))
(* Fitting with shape 0 1 1 1 1 1 1 1 1 1 1 1 *)
G[T_,xx_]:=Exp[0+xx[[1]]*T^1+xx[[2]]*T^2+xx[[3]]*T^3]*(1+xx[[4]]/(T^1)+xx[[5]]/(T^2))
(* Fitting with shape 0 0 1 1 1 1 1 1 1 1 0 0 *)
G[T_,xx_]:=Exp[0+xx[[1]]*T^1+xx[[2]]*T^2+xx[[3]]*T^3]*(1+xx[[4]]/(T^1)+xx[[5]]/(T^2))
(* Fitting with shape 0 0 1 1 1 1 1 1 1 1 1 0 *)
G[T_,xx_]:=Exp[0+xx[[1]]*T^1+xx[[2]]*T^2+xx[[3]]*T^3]*(1+xx[[4]]/(T^1)+xx[[5]]/(T^2))
(* Fitting with shape 0 0 1 1 1 1 1 1 1 1 1 1 *)
G[T_,xx_]:=Exp[0+xx[[1]]*T^1+xx[[2]]*T^2+xx[[3]]*T^3]*(1+xx[[4]]/(T^1)+xx[[5]]/(T^2))
Probabilities: 
        0         0         0         0         0         0         0         0         0         0         0         0         0         0         0         0         0         0         0         0         0         0         0         0  0.176957         0         0         0         0         0         0         0         0         0         0         0         0         0         0         0         0         0         0         0         0         0         0         0         0         0         0  0.823043         0         0
        0         0         0         0         0         0         0         0         0         0         0         0         0         0         0         0         0         0         0         0         0         0         0         0  0.313423         0         0         0         0         0         0         0         0         0         0         0         0         0         0         0         0         0  0.236058         0         0         0         0         0         0         0         0  0.450519         0         0
        0         0         0         0         0         0         0         0         0         0         0         0         0         0         0         0         0         0         0         0         0         0         0         0         1         0         0         0         0         0         0         0         0         0         0         0         0         0         0         0         0         0         0         0         0         0         0         0         0         0         0         0         0         0
        0         0         0         0         0         0         0         0         0         0         0         0         0         0         0         0         0         0         0         0         0         0         0         0  0.508558         0         0         0         0         0         0         0         0         0         0         0         0         0         0         0         0         0  0.251493         0         0         0         0         0         0         0         0  0.239949         0         0
        0         0         0         0         0         0         0         0         0         0         0         0         0         0         0         0         0         0         0         0         0         0         0         0  0.531547         0         0         0         0         0         0         0         0         0         0         0         0         0         0         0         0         0  0.246596         0         0         0         0         0         0         0         0  0.221858         0         0
        0         0         0         0         0         0         0         0         0         0         0         0         0         0         0         0         0         0         0         0         0         0         0         0  0.523937         0         0         0         0         0         0         0         0         0         0         0         0         0         0         0         0         0  0.270007         0         0         0         0         0         0         0         0  0.206055         0         0
        0         0         0         0         0         0         0         0         0         0         0         0         0         0         0         0         0         0         0         0         0         0         0         0  0.724749         0         0         0         0         0         0         0         0         0         0         0         0         0         0         0         0         0         0         0         0         0         0         0         0         0         0  0.275251         0         0
        0         0         0         0         0         0         0         0         0         0         0         0         0         0         0         0         0         0         0         0         0         0         0         0   0.51127         0         0         0         0         0         0         0         0         0         0         0         0         0         0         0         0         0  0.300456         0         0         0         0         0         0         0         0  0.188274         0         0
        0         0         0         0         0         0         0         0         0         0         0         0         0         0         0   0.02135         0         0         0         0         0         0         0         0  0.493974         0         0         0         0         0         0         0         0         0         0         0         0         0         0         0         0         0   0.30036         0         0         0         0         0         0         0         0  0.184317         0         0
        0         0         0         0         0         0         0         0         0         0         0         0         0         0         0         0 0.0159759         0         0         0         0         0         0         0         0         0         0         0         0         0         0         0         0         0         0         0         0         0         0  0.164686         0         0         0         0         0         0         0         0         0         0         0         0  0.819338         0
        0         0         0         0         0         0         0         0         0         0         0         0         0         0         0   0.18317         0         0         0         0         0         0         0         0  0.485802         0         0         0         0         0         0         0         0         0         0         0         0         0         0         0         0         0  0.331027         0         0         0         0         0         0         0         0         0         0         0
        0         0         0         0         0         0         0         0         0         0         0         0         0         0         0         0         0         0         0         0         0         0         0         0         1         0         0         0         0         0         0         0         0         0         0         0         0         0         0         0         0         0         0         0         0         0         0         0         0         0         0         0         0         0

Values: 
 0.0725591  0.0725657  0.0725717  0.0723154   0.774117   0.842599  0.0721136  0.0721161  0.0721318  0.0718043  0.0718064  0.0718178   0.279584   0.071462   0.516384  0.0712602  0.0712524   0.194129  0.0624436  0.0712493  0.0712506  0.0710443  0.0710372  0.0710351  0.0709866  0.0709781  0.0242927    1.34911    1.38197    1.36258    1.15543    1.15283    1.15324    1.06155    1.27827    1.03249   0.976103   0.977479   0.976049   0.921406     1.0021   0.998529    1.56258  0.0718696  0.0717619    0.82849  -0.176737   0.836165    1.07222    1.10952   0.913253  0.0714183  0.0713419    4.86827
  0.104502   0.224194   0.104385    0.82122   0.763585   0.814198   0.103865    0.10378   0.103749   0.103157    0.42805   0.227134   0.102494   0.102422   0.102387   0.574492   0.600951   0.101923   0.102018   0.101959   0.101926   0.101506   0.101467   0.101455   0.101343   0.101305   0.125452    1.07138   0.122037    1.12841    1.15205    1.14011    1.14173     1.2537   0.970684    1.24044     0.9604   0.960002   0.704418   0.220506   0.104672   0.963836   0.104007   0.103687   0.103417          1          1          1    1.06085      1.188    1.23245   0.102638    1.23349    1.27111
  0.123437   0.123098   0.150242   0.122861   0.583418   0.122383   0.230326   0.122247   0.160213    0.12139          1          1   0.102706   0.125163   0.127482    0.11936   0.119177   0.743143   0.119384   0.110082   0.119073   0.118455    0.11833   0.101714   0.118174   0.459312   0.562893    1.18492    1.18072    1.18143    1.22214    1.31079    1.31906    1.02936      1.093    1.28996   0.979259   0.984174   0.126077   0.913461   0.265142   0.124178   0.616645    0.12272   0.122248   0.123567   0.123136   0.761558    1.24086   0.120601   0.120106    1.21993   0.120329   0.119467
   0.13856   0.145264    0.13729    0.26046   0.627882   0.594457   0.137384   0.149876    0.24325   0.135703   0.135077   0.134635   0.133982   0.133456   0.133141   0.132575     0.6197   0.643156   0.132685   0.133304   0.132036   0.131171   0.130908   0.130822   0.130772   0.130471   0.130408   0.149757    1.11008     1.1068    1.19177    1.24909    1.22362    1.07286    1.06219    1.21094   0.918689   0.926102  0.0302742   0.141574   0.288542   0.830745   0.138359    0.13802   0.137452   0.139374  0.0114795   0.435683   0.852778   0.134687    0.88463   0.133426   0.134578   0.133504
  0.820876   0.151324   0.150589   0.151538   0.150531   0.149821   0.185165   0.178539    0.14916   0.148638   0.147691   0.147146   0.146275   0.145451   0.145069   0.144302   0.352053   0.371096   0.144495   0.143807   0.143529   0.142278   0.350225   0.351737    0.14168   0.141172   0.141059   0.167713    1.25818   0.165544    1.13123    1.12288    1.12269    1.03715   0.978389   0.969061   0.125899   0.159971   0.159433   0.884015   0.156448   0.890511   0.152675   0.813004   0.151646   0.883739   0.873289   0.878252    1.13389   -1.15876   0.147011   0.144818    1.49991   0.146152
  0.165942   0.164985   0.167762   0.758229   0.197705   0.198392   0.191125   0.163018   0.162188   0.161469   0.160437   0.159727   0.158326   0.157308   0.156793   0.155624   0.154832   0.154539   0.156004   0.423846   0.154727   0.871922   0.192012    0.19759   0.152177    0.15149   0.151358   0.185153    1.06901    1.07019    1.21642    1.17336    1.26055    1.06661     1.0547    1.06348   0.324735   0.974348   0.974368   0.172611   0.831165    1.28138   0.166561   0.955494   0.165394   0.169195    0.94417     1.0159   0.388585 -0.0528975   0.159253   0.155694   0.160039   0.158026
  0.829477   0.179025   0.178024   0.751573   0.178018   0.177022   0.177281   0.176407   0.175459   0.174399   0.173426   0.172574   0.601283    0.84939   0.855008   0.576236   0.165983   0.165553   0.167679   0.166494   0.165952   0.203672   0.162898   0.162632   0.162794   0.161774   0.161532    1.17751    1.17642    1.17663    1.15476     1.2127    1.21039     0.9752   0.983101   0.984982   0.192365   0.968734   0.968634    0.18739    1.00577   0.185501    1.39723   0.180055   0.179114   0.183572   0.182715   0.181742   0.966199   0.888557   -16.8236   0.166238    1.32846    1.20482
   0.19262   0.192222          1   0.191549   0.206816   0.209346   0.290154   0.267098   0.307644   0.186643   0.185804    0.18483   0.182212   0.180911   0.180037   0.178253   0.177118   0.528484     0.8797   0.870145      0.882   0.174533   0.173556   0.173148   0.173623   0.172287   0.171866     1.0072    1.00045   0.169335    1.12634   0.211123    1.18498          1    1.01102    1.30936   0.331578   0.982862   0.982857    1.16075   0.885687    1.03406   0.191817    1.01463    1.40737   0.945034   0.941405    1.05841   0.180255    1.37295   0.615694   0.174428    0.67802   0.185064
  0.204475   0.204511   0.203415   0.203252   0.818858   0.815452   0.201079   0.200635   0.246023   0.197872   0.197334   0.196341   0.192997   0.191817   0.828788   0.188746   0.187631   0.186956   0.864045   0.874205   0.875464   0.184812   0.183779   0.183226   0.184105   0.182517   0.181875    1.33229    1.28968   0.226108    1.12115     1.1177    1.11728    0.22157    1.34308     1.3114    0.97525   0.976105   0.976229   0.211822   0.871334    1.30651   0.201676   0.203241   0.203016    0.95033   0.206889   0.206344   0.188197   0.194534   0.195319    0.18027   0.197212   0.198211
  0.214322   0.214855   0.214199   0.212706   0.568297   0.543898    0.21249   0.232208   0.209463   0.206977   0.206782   0.206045   0.201883    0.20085    0.20005   0.424635   0.196408    0.19583   0.855813   0.865906   0.868734   0.845228   0.192435   0.191964   0.592472   0.153301   0.190727    1.08064    1.07723    1.07287    1.18942    1.13813    1.13249    1.31753     1.3076    1.05952   0.226704   0.975838   0.975943   0.220314   0.639071   0.219259    1.24412    1.37682   0.211273   0.215521   0.433388   0.214958   0.177468   0.202449   0.751305   0.824218   0.206331   0.206654
  0.221091   0.221941   0.221486   0.823579   0.709697   0.642497   0.298547   0.326575   0.216124   0.213161   0.213225   0.212619   0.207985   0.207128   0.206398   0.203472   0.202536   0.201994   0.848451   0.859483    0.86242   0.199557   0.198603   0.198148   0.199286   0.622241   0.642836    1.03586    1.02019    1.00287    1.16239    1.37915    1.35882    1.00503    1.31985     1.0371   0.232307   0.217382   0.230743   0.849016    0.63972    0.79243    0.21427   0.216538   0.216369   0.220883   0.897804   0.220356   0.198776   0.816041    0.20786    1.12372   0.210217    1.19027
  0.223437   0.224358   0.224031   0.221286   0.357463   0.456996   0.218568   0.345421    0.21836   0.189334   0.190719   0.214889    0.21016   0.209335   0.208563   0.366736   0.458015   0.350702   0.846664    0.85738   0.861948   0.288804   0.200927   0.200299   0.201977   0.200027   0.199213   0.344957   0.333318    1.23929    1.16361   0.240252    1.35861    1.00544    1.30303    1.03669   0.233953    0.23324   0.976217   0.227113   0.747742    1.01676     1.1449    2.02081   0.218884   0.438294   0.514878    1.02993   0.814887   0.752145    1.41934   0.975611  0.0482401   0.781143

Errors: 
1.22288e-05 1.22263e-05 1.21654e-05 1.24997e-05    0.555872    0.540939 1.28938e-05 1.28959e-05  1.2821e-05 1.37016e-05 1.37045e-05 1.36399e-05     0.60955 1.56503e-05    0.654589 1.80917e-05 1.79738e-05     0.40952 5.62903e-06 1.75977e-05 1.75981e-05 2.25784e-05  2.2258e-05 2.21647e-05 2.82151e-05 2.76088e-05     1.00007           0           0           0           0           0           0     1.00031     1.00002     1.00323    0.699942 4.84405e-05 2.23785e-05           1  0.00101903 0.000848618           1 4.99951e-05 4.39635e-05     1.27825           1    0.650996 4.65737e-05 3.56966e-05  7.4011e-06 0.000193564 0.000140277     1.00001
  3.228e-05           0 3.20678e-05           0           0           0 3.36467e-05 3.33754e-05 3.32659e-05 3.68261e-05           0           0 4.09105e-05 4.00014e-05 4.01509e-05           0           0 4.47162e-05  4.6358e-05 4.52085e-05 4.41982e-05 6.05553e-05 5.60582e-05 5.20173e-05 8.30845e-05 7.54869e-05           0           0           0           0           0           0           0     1.00038     1.01462     1.00138           0           0           1     1.00001 0.000105447     1.00003 0.000204232 0.000171058 0.000147665   0.0104873   0.0104725   0.0104626  0.00158471 0.000244145   0.0032607 0.000779396     1.00106 3.95104e-05
6.82648e-05 6.73041e-05           0           0           0 6.73099e-05           0 6.95902e-05           0 7.57671e-05           0           0           0           0           0 9.77108e-05 9.03277e-05           0 0.000108716           0 8.55176e-05 0.000125121 0.000111697           0  0.00018529           0           0           0           0           0           0           0           0     1.01909     1.00726     1.00085           0           0 0.000154346     1.00059      1.0002 0.000207669           1 0.000400674 0.000362261 0.000372365 0.000327327     2.06918  0.00141785 0.000702391 0.000603315  0.00011516  0.00124121 0.000972512
0.000117745           0 0.000111321           0           0           0  0.00012232           0           0 0.000129674 0.000125484 0.000118353 0.000147412 0.000135988 0.000127899  0.00017238           0           0 0.000169664           0 0.000139912 0.000224324 0.000186908 0.000169203 0.000333178 0.000267941 0.000238736  0.00023205           0           0           0           0           0     1.03447     1.08931     1.00965           0           0           1 0.000479946           1     1.00002 0.000908932 0.000741123  0.00066911 0.000666832     1.00002     2.43596      2.1535  0.00132182  0.00766239  0.00355374  0.00243878  0.00193639
          0 0.000180546 0.000173134  0.00018792  0.00018463 0.000177188           0           0 0.000177965 0.000200409 0.000195313 0.000185086 0.000228369 0.000212128 0.000200126 0.000266572           0           0 0.000263234 0.000232805  0.00021376  0.00034572           0           0 0.000537776 0.000417959 0.000373393 0.000364558           0 0.000324094           0           0           0     1.10143     1.26291     1.08847      1.0001 0.000452027 0.000435173     1.00002 0.000666277     1.00086  0.00144249     1.03471  0.00106408   0.0044748  0.00402456  0.00373505 0.000278437     1.00001  0.00181057  0.00565454           1  0.00309397
0.000273925 0.000272505           0           0           0           0           0 0.000280477 0.000271947 0.000296351 0.000292611  0.00027713 0.000342127 0.000316865 0.000301404 0.000399544 0.000358375  0.00033246 0.000395282           0 0.000255077           0           0           0 0.000787552 0.000617823 0.000569587 0.000543456           0           0           0           0           0     1.13036     1.24566     1.25081           1           0           0  0.00110301     1.00496     1.00908  0.00214238     1.02407  0.00156503  0.00152337  0.00205996  0.00199888     1.81266 0.000761095  0.00270967  0.00829151  0.00583342  0.00466936
          0 0.000395293           0           0           0  0.00039356 0.000403766 0.000404715 0.000393304 0.000421013 0.000436629 0.000416953           0           0           0           0 0.000517863 0.000485254 0.000569726 0.000512956  0.00048381           0 0.000650493 0.000605846  0.00112481  0.00089803 0.000824765           0           0           0           0           0           0     1.23362           0           0  0.00106335           0           0  0.00151062    0.904173  0.00124928     1.00001  0.00236904  0.00216159  0.00212577  0.00182386  0.00168348     1.00017     1.00019     18.7434   0.0111513  0.00254773  0.00117257
          0 0.000540914           0 0.000536525           0           0           0           0           0 0.000566271 0.000563881 0.000549783 0.000639622 0.000619433 0.000597224 0.000750948 0.000698815           0           0           0           0  0.00101206 0.000864246 0.000786971  0.00150852   0.0012111  0.00110033           0           0           1           0 0.000913596           0           0           0     1.00847           1           0           0     1.00161     1.04713      1.0018  0.00383358     3.75683     1.00249   0.0159169  0.00349113  0.00600889  0.00733968  0.00523332    0.980025   0.0141579     1.00015  0.00833028
          0           0 0.000688943 0.000682977           0           0 0.000693867 0.000702944           0 0.000726296 0.000719806 0.000746321 0.000814539 0.000808991           0 0.000962969  0.00089779 0.000836771           0           0           0   0.0012662  0.00111864  0.00103229  0.00192033  0.00150507  0.00140436           0           0  0.00104507           0           0           0  0.00142717     1.00917     1.01022           0           0           0   0.0023546     1.00397     1.00012   0.0047704   0.0037857  0.00347568   0.0151322  0.00285631  0.00266689  0.00905241  0.00680779  0.00599371   0.0169636   0.0123111   0.0101242
0.000806421           0           0 0.000821435           0           0           0           0 0.000848924 0.000842229 0.000860068 0.000860091 0.000979962 0.000972055 0.000932533           0  0.00107491  0.00104464           0           0           0           0  0.00135203  0.00125209           0           0  0.00176001           0           0           0           0           0           0     1.01247      1.0057     1.24221  0.00202566           0           0  0.00275084     1.00001  0.00225033      1.1627     1.00093  0.00404443   0.0037179 0.000386763  0.00306872   0.0817177  0.00794242   0.0131392   0.0306588    0.014118   0.0117156
          0 0.000960862           0           0           0           0           0           0 0.000961403 0.000955029 0.000958159 0.000983227  0.00109532  0.00109217  0.00111428   0.0012948  0.00123531  0.00117538           0           0           0  0.00168955  0.00152951  0.00143969  0.00248226           0           0           0           0           0           0     1.00777     1.02876           0     1.01507     1.29255  0.00212614           1  0.00172609     1.00106     1.00001     1.00026  0.00596016   0.0047987   0.0045891   0.0041609  0.00346684  0.00336901   0.0114616  0.00719788  0.00780284   0.0577062   0.0156025   0.0012628
          0  0.00099711           0 0.000976286           0           0 0.000955788           0  0.00100697           0           0  0.00102242  0.00114482  0.00113435  0.00113129           0           0           0           0           0           0           0  0.00162406  0.00150692  0.00253399   0.0022632  0.00207401           1           1           0           0  0.00145871     1.00293           0     1.01185     1.30228   0.0022117  0.00190055           0  0.00315677     1.00023     1.00017     1.00013     1.00166  0.00462038   0.0160672  0.00042547  0.00692748  0.00605518  0.00147344     1.00018       3.298     1393.17     1.00134

Statuses: 
0 0 0 0 3 3 0 0 0 0 0 0 3 0 3 0 0 3 3 0 0 0 0 0 0 0 3 3 3 3 3 3 3 3 3 3 3 3 3 3 3 3 3 0 0 3 3 3 3 3 3 0 0 3
0 3 0 3 3 3 0 0 0 0 3 3 0 0 0 3 3 0 0 0 0 0 0 0 0 0 3 3 3 3 3 3 3 3 3 3 3 3 3 3 0 3 0 0 0 3 3 3 3 3 3 0 3 3
0 0 3 3 3 0 3 0 3 0 3 3 3 3 3 0 0 3 0 3 0 0 0 3 0 3 3 3 3 3 3 3 3 3 3 3 3 3 0 3 3 0 3 0 0 0 0 3 3 0 0 3 0 0
0 3 0 3 3 3 0 3 3 0 0 0 0 0 0 0 3 3 0 3 0 0 0 0 0 0 0 0 3 3 3 3 3 3 3 3 3 3 3 0 3 3 0 0 0 0 3 3 3 0 3 0 0 0
3 0 0 0 0 0 3 3 0 0 0 0 0 0 0 0 3 3 0 0 0 0 3 3 0 0 0 0 3 0 3 3 3 3 3 3 3 0 0 3 0 3 0 3 0 3 3 3 3 3 0 0 3 0
0 0 3 3 3 3 3 0 0 0 0 0 0 0 0 0 0 0 0 3 0 3 3 3 0 0 0 0 3 3 3 3 3 3 3 3 3 3 3 0 3 3 0 3 0 0 3 3 3 0 0 0 0 0
3 0 2 3 2 0 0 0 0 0 0 0 3 3 3 3 0 0 0 0 0 3 0 0 0 0 0 3 3 3 3 3 3 3 3 3 0 3 3 0 3 0 3 0 0 0 0 0 3 3 3 0 3 3
2 0 3 0 3 3 3 3 3 0 0 0 0 0 0 0 0 3 3 3 3 0 0 0 0 0 0 3 3 3 3 0 3 3 3 3 3 3 3 3 3 3 0 3 3 3 3 3 0 3 3 0 3 0
2 2 0 0 3 3 0 0 3 0 0 0 0 0 3 0 0 0 3 3 3 0 0 0 0 0 0 3 3 0 3 3 3 0 3 3 3 3 3 0 3 3 0 0 0 3 0 0 0 0 0 0 0 0
0 2 2 0 3 3 3 3 0 0 0 0 0 0 0 3 0 0 3 3 3 3 0 0 3 3 0 3 3 3 3 3 3 3 3 3 0 3 3 0 3 0 3 3 0 0 3 0 3 0 3 3 0 0
2 0 2 3 3 3 3 3 0 0 0 0 0 0 0 0 0 0 3 3 3 0 0 0 0 3 3 3 3 3 3 3 3 3 3 3 0 3 0 3 3 3 0 0 0 0 3 0 0 3 0 3 0 3
2 0 2 0 3 3 0 3 0 3 3 0 0 0 0 3 3 3 3 3 3 3 0 0 0 0 0 3 3 3 3 0 3 3 3 3 0 0 3 0 3 3 3 3 0 3 3 3 3 3 3 3 3 3
chisq per dof: 
16.2739 14.8164  13.451 9.78591   74970 67010.1 6.73874 6.15981 5.61961 4.01953 3.80887 3.55042 77500.1 2.16644 73826.5 1.83201 1.70996 33749.6 67356.8  1.8341 1.74289 1.82573 1.69229 1.59434 2.01196 1.81237 5577.65 93239.7   82459 73159.8  107976 93029.4   81472  121364  100571 86941.2  106486 92189.8 80408.7  129552  108386 92943.9  144133 1.82499 1.70575  123788 48269.1 88866.7  160382  124758  100872 2.67079 2.25369  119503
8.39029 2745.89 7.37208  6093.5 5336.67 4776.83 4.99934  4.7749 4.53899 3.16144 5023.95 4049.74 2.09899 2.00122 1.92978 8083.38 6839.73 1.56155 1.88947 1.78362 1.70346   1.818 1.68602 1.58863 2.00826 1.80825 2478.11 6152.14 2369.72 5048.59 7684.94 6616.17 5794.74 8566.83 7230.29 6173.11 7551.58 6508.95 5324.29 6593.58 1.74533 6613.68 2.00926  1.8174  1.6929   10023 8391.82 7216.19 11473.7 9076.96 7721.45 2.67133   10530  8355.1
6.03247 6.09591 516.348 145.117 1231.63 4.55878 1201.02 3.99265 673.991 2.63473 1373.57  1224.1 283.422 344.087 305.559 1.68758 1.60004 1379.25 1.83705 848.841 1.66738 1.81132 1.68187 486.825 2.00648 1742.09 1536.14 1426.38 1285.49 1141.29 1708.78 1536.44 1345.57 1953.36 1675.22 1430.99 1762.17 1558.96 1.68943 2129.71 1507.13 1.62922 2427.62 1.80919 1.68196 2.01886 1.85584 1437.34 2635.87 2.00354 1.83838 3158.66  2.2543 2.00509
4.62792 37.9663 4.73629 361.068 432.905 385.448 3.12047 155.718 343.034 2.27992 2.39894 2.34605 1.83817 1.80168 1.74043 1.66114 539.485 468.874 1.80227 314.993 1.64079  1.8077 1.67902 1.58307 2.00504 1.80727 1.67304 2.01774 455.059 406.908 635.972  541.58  479.95 686.463 590.032 507.438 585.505 518.712 198.922  1.8294 569.922 556.125  2.0075 1.80652 1.67555 2.01694  393.12 412.901 893.279 2.00358 651.833 2.67222 2.25447 2.00423
185.079 4.01717 3.87108 3.02932 3.34675 3.23749  40.332  65.857 2.82294 2.10816 2.22506 2.15699 1.78249 1.75072 1.68276  1.6523 165.257 150.127 1.78632 1.70407 1.62571 1.80782 205.019 176.395 2.00576 1.80805 1.67387  1.8219 213.166 1.78076 297.537 258.075 226.267 308.061 262.352 225.567 37.6372 1.64874 1.58474  299.35  1.6935 257.736 2.00845 314.555 1.67494 363.296 301.715  259.34 360.416 241.062 1.83777 2.67376 362.898 2.00518
3.13528 3.26979 7.81838 107.791 11.0312 10.8704 50.2365 2.47355 2.40441 1.94498  2.0247 1.96806 1.72734 1.68692 1.62255 1.64272 1.55825 1.48329 1.76818 92.0147 1.60568  165.24 47.1506 41.2968 2.00631 1.80787 1.67353 1.70423  106.94 97.5335 159.224 140.498 114.691 163.765 138.283 119.092 59.8687 137.989 121.249 1.82225 163.811 140.391 2.00863 165.037 1.67448 2.01541 172.176  150.21 172.679 3.37388 1.83824 2.67477 2.25676 2.00576
59.4476 2.72755 2.65116 63.8481 2.36325 2.31143 2.02909 2.14498 2.09517 1.79765 1.86726  1.8222 72.9511 71.0418 62.5255 72.5076 1.54705 1.47422 1.74858 1.66421 1.58961 15.3427 1.67764  1.5819 2.00695 1.80858 1.67429 78.6642 69.6535 62.2843 103.594 81.8612 71.9975 99.5417 84.1116 72.3727 1.70831 85.0862 74.7618 1.81925 104.175 1.59081 109.655 1.80713 1.67366 2.01429 1.84606 1.72736 100.605 122.872 79.8027 2.67579 113.033 88.9341
2.28821 2.34537  36.187 1.92588 4.50544 4.38749 29.8676 23.7012 21.5639 1.69473 1.72402  1.6874 1.62639 1.57761 1.52628 1.62405 1.53527 33.0479 66.8619 57.5316 50.7127 1.80627 1.67631 1.58096 2.00668 1.80845  1.6744 50.2424 43.8788 9.96663 62.2037 1.50632 48.6993 74.0196 58.7674 48.4817 34.4351  61.037 53.6725 87.3239 74.1791  57.838 2.00854 70.5198 50.4349 97.6505 81.5079 66.1039  2.2569 87.9698  58.121 2.67557 86.6863 2.00659
2.05087 2.06456 2.01766 1.75551 30.2014 26.9991  1.6915 1.70576 4.36297 1.62234 1.62175 1.58564 1.59154 1.53557 32.4043 1.61694 1.52564 1.45509 51.7132 44.7808 39.4008  1.8057 1.67503 1.58008  2.0067 1.80822 1.67462 51.4161 42.5464 1.45912 57.6526 49.8073  43.767   1.635 42.6322 37.0348  55.125 47.8446 42.0981 1.81555 57.1979 48.7093 2.00844 1.80716 1.67266 77.0472 1.84369 1.72343 2.25691 2.00695 1.83919 2.67553 2.25862 2.00691
1.88634 1.87665 1.82653 1.64944 20.6459 17.9765 2.28793 3.57576 1.56869 1.57806 1.56356 1.52546 1.57056 1.51155 1.45841  16.398 1.52041 1.44887 43.2923  37.491 33.0563 42.9659 1.67493 1.57939 29.9624 2.37521 1.67475 32.3115 28.9507 26.4946 48.4427 41.7956 36.7868 41.5068  34.509 32.3802 1.69181 40.0195 35.4115 1.81516 45.0718 1.58297 54.9359 38.0095 1.67339 2.01241 41.8105 1.72341 64.5603 2.00797 25.6122 70.2152 2.25985 2.00788
1.78527 1.76046  1.7135 24.3617 20.4152 17.4295  6.6978 11.2603 1.49914 1.54964 1.52458 1.48511 1.55651 1.49361 1.44023 1.61134  1.5158 1.44419 39.0297 33.8388 29.8668 1.80584 1.67367  1.5781 2.00726 24.2016 21.3535 26.6693  26.919  22.608 43.7954 36.5257 31.4657 39.3822 31.4688 29.1642 1.68907 7.88959 1.51862 51.7409 39.1896 37.4241  2.0086 1.80745 1.67289 2.01145 45.1248 1.72263 2.25729 50.8779 1.83952 51.8944  2.2591  35.187
1.74466 1.71727 1.67303 1.56044 9.48136 12.7937  1.5298 11.1384 1.48125  5.3654 4.81316 1.47623 1.54953 1.48756 1.43665 10.0104 12.7039 6.28565 37.6245 32.6278  28.844 7.40503  1.6742 1.57905 2.00736 1.80856 1.67488 5.32276 9.29831 26.5692  42.359 1.47205 30.8962 38.0283 30.6832 28.2079 1.68909 1.59099 31.1065  1.8139 40.9458  23.986 39.9468 33.6331 1.67333 38.2727 32.0045 39.2284 58.2304 49.4784 30.8416 56.9775 2.29414 39.1948
Mode averaged potential and errors: 
  0.0713419 0.000241077
   0.102555  0.00111647
   0.118174  0.00018529
   0.133317  0.00360316
   0.145087  0.00530526
   0.156786  0.00727359
   0.163742  0.00612467
   0.179241   0.0105514
   0.188775   0.0116538
   0.208475   0.0139194
   0.205013  0.00773261
   0.201977  0.00253399
R Models:
(* Fitting with shape 1 1 1 1 1 1 1 1 0 0 0 0 *)
G[R_,xx_]:=xx[[0]] + xx[[1]]/R | xx[[2]]*R
(* Fitting with shape 1 1 1 1 1 1 1 1 1 0 0 0 *)
G[R_,xx_]:=xx[[0]] + xx[[1]]/R | xx[[2]]*R
(* Fitting with shape 1 1 1 1 1 1 1 1 1 1 0 0 *)
G[R_,xx_]:=xx[[0]] + xx[[1]]/R | xx[[2]]*R
(* Fitting with shape 1 1 1 1 1 1 1 1 1 1 1 0 *)
G[R_,xx_]:=xx[[0]] + xx[[1]]/R | xx[[2]]*R
(* Fitting with shape 1 1 1 1 1 1 1 1 1 1 1 1 *)
G[R_,xx_]:=xx[[0]] + xx[[1]]/R | xx[[2]]*R
(* Fitting with shape 0 1 1 1 1 1 1 1 0 0 0 0 *)
G[R_,xx_]:=xx[[0]] + xx[[1]]/R | xx[[2]]*R
(* Fitting with shape 0 1 1 1 1 1 1 1 1 0 0 0 *)
G[R_,xx_]:=xx[[0]] + xx[[1]]/R | xx[[2]]*R
(* Fitting with shape 0 1 1 1 1 1 1 1 1 1 0 0 *)
G[R_,xx_]:=xx[[0]] + xx[[1]]/R | xx[[2]]*R
(* Fitting with shape 0 1 1 1 1 1 1 1 1 1 1 0 *)
G[R_,xx_]:=xx[[0]] + xx[[1]]/R | xx[[2]]*R
(* Fitting with shape 0 1 1 1 1 1 1 1 1 1 1 1 *)
G[R_,xx_]:=xx[[0]] + xx[[1]]/R | xx[[2]]*R
(* Fitting with shape 0 0 1 1 1 1 1 1 0 0 0 0 *)
G[R_,xx_]:=xx[[0]] + xx[[1]]/R | xx[[2]]*R
(* Fitting with shape 0 0 1 1 1 1 1 1 1 0 0 0 *)
G[R_,xx_]:=xx[[0]] + xx[[1]]/R | xx[[2]]*R
(* Fitting with shape 0 0 1 1 1 1 1 1 1 1 0 0 *)
G[R_,xx_]:=xx[[0]] + xx[[1]]/R | xx[[2]]*R
(* Fitting with shape 0 0 1 1 1 1 1 1 1 1 1 0 *)
G[R_,xx_]:=xx[[0]] + xx[[1]]/R | xx[[2]]*R
(* Fitting with shape 0 0 1 1 1 1 1 1 1 1 1 1 *)
G[R_,xx_]:=xx[[0]] + xx[[1]]/R | xx[[2]]*R
(* Fitting with shape 0 0 0 1 1 1 1 1 0 0 0 0 *)
G[R_,xx_]:=xx[[0]] + xx[[1]]/R | xx[[2]]*R
(* Fitting with shape 0 0 0 1 1 1 1 1 1 0 0 0 *)
G[R_,xx_]:=xx[[0]] + xx[[1]]/R | xx[[2]]*R
(* Fitting with shape 0 0 0 1 1 1 1 1 1 1 0 0 *)
G[R_,xx_]:=xx[[0]] + xx[[1]]/R | xx[[2]]*R
(* Fitting with shape 0 0 0 1 1 1 1 1 1 1 1 0 *)
G[R_,xx_]:=xx[[0]] + xx[[1]]/R | xx[[2]]*R
(* Fitting with shape 0 0 0 1 1 1 1 1 1 1 1 1 *)
G[R_,xx_]:=xx[[0]] + xx[[1]]/R | xx[[2]]*R
2.76919 2.76919 2.76919 
-0.174992 -0.174992 -0.174992 
1 1 1 
0.993404 0.993404 0.993404 
-10.777 -10.777 -10.777 
2.01309e-316 2.01309e-316 2.01309e-316 
599083 599083 599083 
7.80994e+08 7.80994e+08 7.80994e+08 
-0.742106 -0.742106 -0.742106 
5.58294e-322 5.58294e-322 5.58294e-322 
0 0 0 
0 0 0 
0 0 0 
1 1 1 
1 1 1 
1 1 1 
1 1 1 
1 1 1 
1 1 1 
0 0 0 
0 0 0 
0 0 0 
0.00626174 0.00626174 0.00626174 
5.58294e-322 5.58294e-322 5.58294e-322 
1 1 1 
2 2 2 
3 3 3 
4 4 4 
5 5 5 
6 6 6 
7 7 7 
8 8 8 
9 9 9 
10 10 10 
11 11 11 
12 12 12 
1.98797e-316 1.98797e-316 1.98797e-316 
4.00193e-322 4.00193e-322 4.00193e-322 
4.90212e-320 4.90212e-320 4.90212e-320 
0.118174 0.118174 0.118174 
1.99992e-316 1.99992e-316 1.99992e-316 
2.12686e-316 2.12686e-316 2.12686e-316 
-10.777 -10.777 -10.777 
0.179241 0.179241 0.179241 
5.8723e-07 5.8723e-07 5.8723e-07 
0.208475 0.208475 0.208475 
3.95253e-322 3.95253e-322 3.95253e-322 
1.63042e-322 1.63042e-322 1.63042e-322 
2.96439e-323 2.96439e-323 2.96439e-323 
9.88131e-324 9.88131e-324 9.88131e-324 
6.42719e-310 6.42719e-310 6.42719e-310 
1.63042e-322 1.63042e-322 1.63042e-322 
4.24399e-314 4.24399e-314 4.24399e-314 
0 0 0 
Probabilities: 
         0          0          0          0          0          0          0          0          0  0.0839861  0.0946141          0  0.0318184          0          0  0.0147274  0.0320678  0.0141005  0.0852855   0.102774          0          0          0          0  0.0122997  0.0320691   0.024023          0          0          0 0.00732448  0.0146945    0.03978          0          0          0          0          0   0.108628          0          0          0          0          0          0  0.0893613   0.212446          0          0          0          0          0          0          0

String tensions: 
           1            1            1            1            1            1            1            1            1    -0.407048    -0.414118    -0.431094    -0.392022      -1.4067     -1.57609    -0.586883    -0.699525    -0.905201    -0.375006    -0.477494     0.459443    0.0929439     0.438371     0.497776     -1.50462    -0.735251     -2.92053    -0.122989   -0.0526066      -0.0526   0.00786185   0.00692677   0.00700347     0.999876     0.999914            1   -0.0878468   0.00822299   0.00324237     0.557863     0.949063     0.866955      1.00946      1.00707      1.00758   0.00145669   0.00348036   -0.0011667     0.810748 -1.28514e-05    0.0080834      1.00122      1.00359      1.01312

Errors: 
    5792.62     5792.62     5792.62     5792.62     5792.62     5792.62     5792.62     5792.62           0  0.00811275  0.00610859  0.00357913   0.0653961     1.00226     1.00176    0.268643    0.193856    0.125395    0.187632    0.152422           0     1.16193     1.02643      1.0146   0.0688463     2.52788   0.0619748           1           0           0  0.00163202  0.00112158 0.000757722           0           0           0           1           0  0.00102186           0      1.3963 0.000186343           0           0           0  0.00448441  0.00283827     1.29858     1.82189 0.000530388 0.000364436  0.00216748  0.00216428  0.00214483

Statuses: 
0 0 0 0 0 0 3 0 3 0 0 0 0 3 3 0 0 0 0 0 3 3 3 3 0 0 0 3 3 3 0 0 0 2 2 3 3 3 0 3 3 0 2 2 2 0 0 3 3 1 1 1 1 1
chisq per dof: 
 284.993  446.655  921.589   4.6782  6.26561  10.9062  440.022  1.55702  1435.74 0.165616 0.365125  1.63409 0.183421  332.985  1152.14 0.128239 0.180817 0.675456 0.161229 0.344444  4342.49  414.467  483.853  1216.19 0.200294 0.180804 0.523227    36517  41605.6  37683.4 0.673028 0.663666 0.581735  814.153  795.616  16032.7  49858.8  8021.61 0.516083  19561.3  680.026  1390.57  814.082  795.544  1589.49 0.147891 0.162904  20429.8  66357.7 0.160546 0.278074  814.161  795.622  1589.57
Model string tension and errors: 
sigma = -0.321322 +/- 0.68024
