Loaded Data/L24_b225_xi1_g.dat
1 exponentials with a pole of degree 0
shape: 1 1 1 1 1 1 1 1 1 1 1 0
2 exponentials with a pole of degree 0
shape: 1 1 1 1 1 1 1 1 1 1 1 0
1 exponentials with a pole of degree 0
shape: 1 1 1 1 1 1 1 1 1 1 1 1
2 exponentials with a pole of degree 0
shape: 1 1 1 1 1 1 1 1 1 1 1 1
1 exponentials with a pole of degree 1
shape: 1 1 1 1 1 1 1 1 1 1 1 0
2 exponentials with a pole of degree 1
shape: 1 1 1 1 1 1 1 1 1 1 1 0
1 exponentials with a pole of degree 1
shape: 1 1 1 1 1 1 1 1 1 1 1 1
2 exponentials with a pole of degree 1
shape: 1 1 1 1 1 1 1 1 1 1 1 1
Exponential of polynomial with degree 2 and pole of degree 0
Fitting with shape 1 1 1 1 1 1 1 1 1 1 1 0
Exponential of polynomial with degree 3 and pole of degree 0
Fitting with shape 1 1 1 1 1 1 1 1 1 1 1 0
Exponential of polynomial with degree 2 and pole of degree 0
Fitting with shape 1 1 1 1 1 1 1 1 1 1 1 1
Exponential of polynomial with degree 3 and pole of degree 0
Fitting with shape 1 1 1 1 1 1 1 1 1 1 1 1
Exponential of polynomial with degree 2 and pole of degree 1
Fitting with shape 1 1 1 1 1 1 1 1 1 1 1 0
Exponential of polynomial with degree 3 and pole of degree 1
Fitting with shape 1 1 1 1 1 1 1 1 1 1 1 0
Exponential of polynomial with degree 2 and pole of degree 1
Fitting with shape 1 1 1 1 1 1 1 1 1 1 1 1
Exponential of polynomial with degree 3 and pole of degree 1
Fitting with shape 1 1 1 1 1 1 1 1 1 1 1 1
Fitting R = 0

fitting 16 models
model 0
2 params
Minuit2Minimizer: Minimize with max-calls 100000 convergence for edm < 0.001 strategy 2
Minuit2Minimizer : Valid minimum - status = 0
FVAL  = 40572.1219010712739
Edm   = 1.64998305673128901e-13
Nfcn  = 85
0	  = 1.35831	 +/-  2.61427e-05
1	  = 0.68339	 +/-  2.671e-05
minimized
model 1
4 params
Minuit2Minimizer: Minimize with max-calls 100000 convergence for edm < 0.001 strategy 2
Minuit2Minimizer : Valid minimum - status = 0
FVAL  = 22002.0930922048319
Edm   = 6.26391220626072509e-07
Nfcn  = 763
0	  = 1.3492	 +/-  0.000180559
1	  = 0.679173	 +/-  6.39804e-05
2	  = 0.275959	 +/-  0.00426981
3	  = 1.45696	 +/-  0.0180528
minimized
model 2
2 params
Minuit2Minimizer: Minimize with max-calls 100000 convergence for edm < 0.001 strategy 2
Minuit2Minimizer : Valid minimum - status = 5
FVAL  = 42571.5726782017809
Edm   = 0.000652568596706259996
Nfcn  = 222
0	  = 1.35831	 +/-  3.65412e-05
1	  = 0.683391	 +/-  4.12843e-05
2	  = 0.230412	 +/-  7.13615e-05
3	  = 1.3703	 +/-  0.000244066
minimized
model 3
4 params
Minuit2Minimizer: Minimize with max-calls 100000 convergence for edm < 0.001 strategy 2
Minuit2Minimizer : Valid minimum - status = 0
FVAL  = 24001.3123497194647
Edm   = 8.85886255161528701e-08
Nfcn  = 1633
0	  = 1.3492	 +/-  0.000180432
1	  = 0.679174	 +/-  6.39443e-05
2	  = 0.275973	 +/-  0.00426871
3	  = 1.45702	 +/-  0.0180431
minimized
model 4
3 params
Minuit2Minimizer: Minimize with max-calls 100000 convergence for edm < 0.001 strategy 2
Minuit2Minimizer : Valid minimum - status = 5
FVAL  = 22061.8160974893362
Edm   = 0.000334965803631348535
Nfcn  = 315
0	  = 1.34331	 +/-  0.000171443
1	  = 0.678238	 +/-  4.60548e-05
2	  = 0.0155078	 +/-  0.00014487
3	  = -68.051	 +/-  0.0407277
minimized
model 5
5 params
Minuit2Minimizer: Minimize with max-calls 100000 convergence for edm < 0.001 strategy 2
Minuit2Minimizer : Valid minimum - status = 1
FVAL  = 22061.8160759179518
Edm   = 1.397734541816944e-08
Nfcn  = 406
0	  = 0.949794	 +/-  0.000425542
1	  = 0.678238	 +/-  0.000553365
2	  = 0.949931	 +/-  0.000425481
3	  = 0.678238	 +/-  0.000553206
4	  = 0.0155081	 +/-  0.000109831
minimized
model 6
3 params
Minuit2Minimizer: Minimize with max-calls 100000 convergence for edm < 0.001 strategy 2
Minuit2Minimizer : Valid minimum - status = 5
FVAL  = 24061.1348927968829
Edm   = 0.000368723285646410659
Nfcn  = 442
0	  = 1.34331	 +/-  0.000134417
1	  = 0.678239	 +/-  6.81015e-05
2	  = 0.0155082	 +/-  0.000141366
3	  = 1.57601	 +/-  0.000263842
4	  = 0.223563	 +/-  8.28752e-05
minimized
model 7
5 params
Minuit2Minimizer: Minimize with max-calls 100000 convergence for edm < 0.001 strategy 2
Minuit2Minimizer : Valid minimum - status = 1
FVAL  = 24061.1347836533059
Edm   = 2.17983325776396952e-07
Nfcn  = 476
0	  = 0.949708	 +/-  0.000425573
1	  = 0.678238	 +/-  0.000553505
2	  = 0.950018	 +/-  0.000425434
3	  = 0.678239	 +/-  0.000553146
4	  = 0.0155082	 +/-  0.00010983
minimized
model 8
3 params
Minuit2Minimizer: Minimize with max-calls 100000 convergence for edm < 0.001 strategy 2
Minuit2Minimizer : Invalid Minimum - status = 3
FVAL  = 1.34338e+06
Edm   = 1.42586e+06
Nfcn  = 295
minimized
model 9
4 params
Minuit2Minimizer: Minimize with max-calls 100000 convergence for edm < 0.001 strategy 2
Minuit2Minimizer : Valid minimum - status = 5
FVAL  = 45323395.6347072944
Edm   = 0.00066280364990234375
Nfcn  = 731
0	  = 1.21756	 +/-  9.58035e-06
1	  = 0.0129686	 +/-  3.07115e-07
2	  = 0.177348	 +/-  6.06274e-06
3	  = -1.72559e-13	 +/-  5.46342e-11
4	  = 3379.2	 +/-  0.0217026
minimized
model 10
3 params
Minuit2Minimizer: Minimize with max-calls 100000 convergence for edm < 0.001 strategy 2
Minuit2Minimizer : Invalid Minimum - status = 3
FVAL  = 42571.6
Edm   = 0.00116826
Nfcn  = 551
minimized
model 11
4 params
Minuit2Minimizer: Minimize with max-calls 100000 convergence for edm < 0.001 strategy 2
Minuit2Minimizer : Invalid Minimum - status = 3
FVAL  = 3.05642e+07
Edm   = 9.89241e+06
Nfcn  = 848
minimized
model 12
4 params
Minuit2Minimizer: Minimize with max-calls 100000 convergence for edm < 0.001 strategy 2
Minuit2Minimizer : Valid minimum - status = 5
FVAL  = 6887535.02034389134
Edm   = 0.000843749381601810455
Nfcn  = 623
0	  = 2.81442	 +/-  1.91043e-07
1	  = -0.643587	 +/-  1.15733e-07
2	  = 9.90783e-13	 +/-  2.4004e-10
3	  = -0.235113	 +/-  1.95219e-07
4	  = 87654.3	 +/-  0.000273225
minimized
model 13
5 params
Minuit2Minimizer: Minimize with max-calls 100000 convergence for edm < 0.001 strategy 2
Minuit2Minimizer : Valid minimum - status = 0
FVAL  = 22001.9487842615308
Edm   = 2.08346451088795072e-07
Nfcn  = 905
0	  = 1.8003	 +/-  0.000622243
1	  = -0.458824	 +/-  0.000166473
2	  = -0.000178466	 +/-  2.35432e-05
3	  = -7.24711e-13	 +/-  3.48945e-07
4	  = 0.0168487	 +/-  0.000209233
minimized
model 14
4 params
Minuit2Minimizer: Minimize with max-calls 100000 convergence for edm < 0.001 strategy 2
Minuit2Minimizer : Invalid Minimum - status = 3
FVAL  = 1.00657e+08
Edm   = 0.00139403
Nfcn  = 1276
minimized
model 15
5 params
Minuit2Minimizer: Minimize with max-calls 100000 convergence for edm < 0.001 strategy 2
Minuit2Minimizer : Valid minimum - status = 0
FVAL  = 24001.469115151227
Edm   = 1.89791840022866238e-06
Nfcn  = 1008
0	  = 1.8003	 +/-  0.000621429
1	  = -0.458827	 +/-  0.000166133
2	  = 0.000178157	 +/-  2.34268e-05
3	  = 4.47746e-12	 +/-  3.01883e-07
4	  = 0.0168465	 +/-  0.000209022
minimized
fit all models
Results:  0.467022  0.527993  0.467023  0.528006  0.460007  0.460007  0.460008  0.460008  0.411863 0.0129686  0.467026  0.254316 -0.643587 -0.458824   2.23885 -0.458827

Errors: 4.44869e-05   0.0034481  6.6684e-05  0.00344727 0.000177419 0.000671936 0.000159637 0.000671962 3.76184e-05 3.07115e-07 3.07362e-06 3.45599e-05 1.15733e-07 0.000166473  1.5567e-06 0.000166133

Probabilities:        0 0.716638        0        0        0        0        0        0        0        0        0        0        0 0.283362        0        0

Chisq/dof:     2322.89     2.18218     1858.36     1.66404     10.4023     14.5632      8.1261     10.4478      188770 7.55023e+06     2064.84 3.81753e+06 1.14426e+06     2.58976 1.25792e+07     1.92416

Fit statuses: 0 0 5 0 5 1 5 1 3 5 3 3 5 0 3 0

Fitting R = 1

fitting 16 models
model 0
2 params
Minuit2Minimizer: Minimize with max-calls 100000 convergence for edm < 0.001 strategy 2
Minuit2Minimizer : Valid minimum - status = 5
FVAL  = 29073.7703747621854
Edm   = 0.000373071434296434745
Nfcn  = 262
0	  = 1.26717	 +/-  0.000121222
1	  = 0.882202	 +/-  0.000115667
2	  = 0.00136518	 +/-  1.11306e-05
3	  = -2.63219e-05	 +/-  1.63716e-07
4	  = 0.00243386	 +/-  0.000159657
minimized
model 1
4 params
Minuit2Minimizer: Minimize with max-calls 100000 convergence for edm < 0.001 strategy 2
Minuit2Minimizer : Valid minimum - status = 5
FVAL  = 21995.8533367384516
Edm   = 0.000414471076510380954
Nfcn  = 1751
0	  = 1.24458	 +/-  0.00161889
1	  = 0.874004	 +/-  0.000391437
2	  = 0.382798	 +/-  0.00817872
3	  = 1.4785	 +/-  0.0416145
4	  = -0.28117	 +/-  0.0403983
minimized
model 2
2 params
Minuit2Minimizer: Minimize with max-calls 100000 convergence for edm < 0.001 strategy 2
Minuit2Minimizer : Valid minimum - status = 5
FVAL  = 31092.2826196485112
Edm   = 0.000451924635854084045
Nfcn  = 263
0	  = 1.26717	 +/-  0.00013784
1	  = 0.882212	 +/-  9.49216e-05
2	  = 0.796584	 +/-  0.00274749
3	  = -2.13823	 +/-  0.0119605
4	  = -3.07818	 +/-  0.0260768
minimized
model 3
4 params
Minuit2Minimizer: Minimize with max-calls 100000 convergence for edm < 0.001 strategy 2
Minuit2Minimizer : Valid minimum - status = 5
FVAL  = 23995.1259125609649
Edm   = 0.000571359032619511709
Nfcn  = 1471
0	  = 1.24458	 +/-  0.00176159
1	  = 0.874003	 +/-  0.000428946
2	  = 0.382854	 +/-  0.0111418
3	  = 1.47853	 +/-  0.048953
4	  = 14.7217	 +/-  4.26777
minimized
model 4
3 params
Minuit2Minimizer: Minimize with max-calls 100000 convergence for edm < 0.001 strategy 2
Minuit2Minimizer : Valid minimum - status = 5
FVAL  = 21996.3587201201881
Edm   = 0.000404796606744639575
Nfcn  = 337
0	  = 1.23278	 +/-  0.00052072
1	  = 0.872646	 +/-  0.000199407
2	  = 0.040038	 +/-  0.000561328
3	  = 18.655	 +/-  0.0521964
4	  = -528.219	 +/-  2.09747
minimized
model 5
5 params
Minuit2Minimizer: Minimize with max-calls 100000 convergence for edm < 0.001 strategy 2
Minuit2Minimizer : Valid minimum - status = 1
FVAL  = 21995.5837186729332
Edm   = 7.77337272129363267e-07
Nfcn  = 509
0	  = 0.373456	 +/-  0.148722
1	  = 2.29183	 +/-  0.157766
2	  = 1.23423	 +/-  0.000619635
3	  = 0.872897	 +/-  0.000138313
4	  = 0.0369775	 +/-  0.00125243
minimized
model 6
3 params
Minuit2Minimizer: Minimize with max-calls 100000 convergence for edm < 0.001 strategy 2
Minuit2Minimizer : Valid minimum - status = 5
FVAL  = 23995.6142754143766
Edm   = 0.000802268263214500621
Nfcn  = 336
0	  = 1.23276	 +/-  0.000549867
1	  = 0.872644	 +/-  0.000167901
2	  = 0.0400534	 +/-  0.000628008
3	  = 0.933316	 +/-  0.000157982
4	  = 0.242803	 +/-  0.000374938
minimized
model 7
5 params
Minuit2Minimizer: Minimize with max-calls 100000 convergence for edm < 0.001 strategy 2
Minuit2Minimizer : Valid minimum - status = 1
FVAL  = 23994.8362303703252
Edm   = 1.02946023174687628e-06
Nfcn  = 562
0	  = 0.3556	 +/-  0.139605
1	  = 2.26824	 +/-  0.156832
2	  = 1.23423	 +/-  0.000618959
3	  = 0.872897	 +/-  0.00013814
4	  = 0.0369667	 +/-  0.00125333
minimized
model 8
3 params
Minuit2Minimizer: Minimize with max-calls 100000 convergence for edm < 0.001 strategy 2
Minuit2Minimizer : Valid minimum - status = 5
FVAL  = 29073.7780549640265
Edm   = 0.000879325158166466281
Nfcn  = 633
0	  = 1.60571	 +/-  4.94391e-05
1	  = 0.778271	 +/-  5.24672e-06
2	  = -6.90159e-11	 +/-  2.69014e-08
3	  = 652.205	 +/-  0.0198261
4	  = -8422.09	 +/-  0.199066
minimized
model 9
4 params
Minuit2Minimizer: Minimize with max-calls 100000 convergence for edm < 0.001 strategy 2
Minuit2Minimizer : Valid minimum - status = 5
FVAL  = 16435620.6809238084
Edm   = 0.000659922137856483459
Nfcn  = 1236
0	  = 2.44622	 +/-  5.44342e-06
1	  = 1.35049	 +/-  7.70228e-05
2	  = -0.116715	 +/-  1.10824e-06
3	  = -3.11215e-13	 +/-  3.33923e-10
4	  = 1.147e+07	 +/-  434.357
minimized
model 10
3 params
Minuit2Minimizer: Minimize with max-calls 100000 convergence for edm < 0.001 strategy 2
Minuit2Minimizer : Invalid Minimum - status = 3
FVAL  = 1.22236e+06
Edm   = 2.08773e+06
Nfcn  = 295
minimized
model 11
4 params
Minuit2Minimizer: Minimize with max-calls 100000 convergence for edm < 0.001 strategy 2
Minuit2Minimizer : Invalid Minimum - status = 3
FVAL  = 4.27102e+06
Edm   = 0.00113113
Nfcn  = 962
minimized
model 12
4 params
Minuit2Minimizer: Minimize with max-calls 100000 convergence for edm < 0.001 strategy 2
Minuit2Minimizer : Invalid Minimum - status = 3
FVAL  = 9.12294e+06
Edm   = 0.00118935
Nfcn  = 642
minimized
model 13
5 params
Minuit2Minimizer: Minimize with max-calls 100000 convergence for edm < 0.001 strategy 2
Minuit2Minimizer : Invalid Minimum - status = 3
FVAL  = 2.74938e+07
Edm   = 0.00136828
Nfcn  = 921
minimized
model 14
4 params
Minuit2Minimizer: Minimize with max-calls 100000 convergence for edm < 0.001 strategy 2
Minuit2Minimizer : Valid minimum - status = 5
FVAL  = 4409095.15919561218
Edm   = 0.00080097932368516922
Nfcn  = 654
0	  = 7.24558	 +/-  7.12646e-05
1	  = 1.5395	 +/-  8.64704e-07
2	  = 7.65415e-12	 +/-  1.95094e-09
3	  = -0.600661	 +/-  3.47638e-06
4	  = 2.04045	 +/-  3.20256e-07
minimized
model 15
5 params
Minuit2Minimizer: Minimize with max-calls 100000 convergence for edm < 0.001 strategy 2
Minuit2Minimizer : Invalid Minimum - status = 3
FVAL  = 2.70868e+07
Edm   = 0.00125834
Nfcn  = 815
minimized
fit all models
Results:  0.778281  0.886786  0.778297  0.886825  0.761511    1.1386  0.761507   1.09789  0.778271   1.35049  0.685616 -0.214649   1.74605   0.14209    1.5395  0.133442

Errors:  0.00029325   0.0140401 0.000292216   0.0175251 0.000974084    0.364131  0.00100442     0.32127 5.24672e-06 7.70228e-05 0.000192237 1.26197e-07 1.85062e-08 3.82337e-06 8.64704e-07 1.29464e-07

Probabilities:        0 0.283103        0        0 0.597718 0.119178        0        0        0        0        0        0        0        0        0        0

Chisq/dof:     885.596     1.14222     710.428    0.890739     1.05125     1.31674    0.846031    0.976604     1012.11 2.73561e+06      133152      530879 1.51683e+06 5.49437e+06      548138 3.86612e+06

Fit statuses: 5 5 5 5 5 1 5 1 5 5 3 3 3 3 5 3

Fitting R = 2

fitting 16 models
model 0
2 params
Minuit2Minimizer: Minimize with max-calls 100000 convergence for edm < 0.001 strategy 2
Minuit2Minimizer : Valid minimum - status = 5
FVAL  = 24522.0670992729101
Edm   = 0.000742365351470652968
Nfcn  = 231
0	  = 1.16751	 +/-  0.000296891
1	  = 1.01094	 +/-  0.000188368
2	  = 1.00682	 +/-  2.74913e-06
3	  = 4.68564e-07	 +/-  1.02302e-08
4	  = 2.0805	 +/-  3.59153e-06
minimized
model 1
4 params
Minuit2Minimizer: Minimize with max-calls 100000 convergence for edm < 0.001 strategy 2
Minuit2Minimizer : Valid minimum - status = 5
FVAL  = 24505.1406857415604
Edm   = 0.000789288413216127083
Nfcn  = 532
0	  = 0.280287	 +/-  0.0752202
1	  = 1.02741	 +/-  0.0048323
2	  = 1.13336	 +/-  0.0184963
3	  = 1.00993	 +/-  0.000313586
4	  = 2.08158	 +/-  0.000163826
minimized
model 2
2 params
Minuit2Minimizer: Minimize with max-calls 100000 convergence for edm < 0.001 strategy 2
Minuit2Minimizer : Valid minimum - status = 5
FVAL  = 26521.5690641154142
Edm   = 0.000859609579492826015
Nfcn  = 229
0	  = 1.16751	 +/-  0.000323374
1	  = 1.01094	 +/-  9.55245e-05
2	  = -4.03682	 +/-  0.0427132
3	  = 1.03805	 +/-  0.000487363
4	  = 2.1045	 +/-  0.000303559
minimized
model 3
4 params
Minuit2Minimizer: Minimize with max-calls 100000 convergence for edm < 0.001 strategy 2
Minuit2Minimizer : Valid minimum - status = 5
FVAL  = 23998.3724556339948
Edm   = 0.000411929824622347951
Nfcn  = 965
0	  = 0.461628	 +/-  0.0297289
1	  = 1.5779	 +/-  0.0741369
2	  = 1.13365	 +/-  0.00358117
3	  = 0.99955	 +/-  0.000784147
4	  = 1.14093	 +/-  0.153803
minimized
model 4
3 params
Minuit2Minimizer: Minimize with max-calls 100000 convergence for edm < 0.001 strategy 2
Minuit2Minimizer : Valid minimum - status = 5
FVAL  = 21997.8143500649276
Edm   = 0.000885911777004366741
Nfcn  = 350
0	  = 1.11406	 +/-  0.00129602
1	  = 0.997236	 +/-  0.000321774
2	  = 0.0691868	 +/-  0.00184075
3	  = 1.00025	 +/-  0.00148786
4	  = 29.9212	 +/-  2.25253
minimized
model 5
5 params
Minuit2Minimizer: Minimize with max-calls 100000 convergence for edm < 0.001 strategy 2
Minuit2Minimizer : Valid minimum - status = 1
FVAL  = 21997.8143181900268
Edm   = 5.48936388537046474e-08
Nfcn  = 450
0	  = 0.787769	 +/-  0.00253566
1	  = 0.997228	 +/-  0.00230905
2	  = 0.787764	 +/-  0.00253568
3	  = 0.997245	 +/-  0.0023095
4	  = 0.069179	 +/-  0.00130559
minimized
model 6
3 params
Minuit2Minimizer: Minimize with max-calls 100000 convergence for edm < 0.001 strategy 2
Minuit2Minimizer : Valid minimum - status = 5
FVAL  = 23998.5219718474873
Edm   = 0.000894855063961585984
Nfcn  = 327
0	  = 1.11409	 +/-  0.00106139
1	  = 0.997241	 +/-  0.000298734
2	  = 0.0691642	 +/-  0.0014993
3	  = 1.02313	 +/-  0.00558563
4	  = 0.342604	 +/-  0.0196228
minimized
model 7
5 params
Minuit2Minimizer: Minimize with max-calls 100000 convergence for edm < 0.001 strategy 2
Minuit2Minimizer : Valid minimum - status = 1
FVAL  = 23998.5219060922354
Edm   = 1.16950597183310973e-08
Nfcn  = 418
0	  = 0.787781	 +/-  0.00253544
1	  = 0.997243	 +/-  0.00230818
2	  = 0.78778	 +/-  0.00253544
3	  = 0.997242	 +/-  0.00230815
4	  = 0.0691563	 +/-  0.00130548
minimized
model 8
3 params
Minuit2Minimizer: Minimize with max-calls 100000 convergence for edm < 0.001 strategy 2
Minuit2Minimizer : Valid minimum - status = 5
FVAL  = 24522.0671468137953
Edm   = 0.000922412658837856725
Nfcn  = 592
0	  = 1.36307	 +/-  0.000205108
1	  = 1.022	 +/-  0.000108699
2	  = 2.2916e-10	 +/-  1.13129e-07
3	  = -283.291	 +/-  0.133434
4	  = 72.5434	 +/-  0.0205613
minimized
model 9
4 params
Minuit2Minimizer: Minimize with max-calls 100000 convergence for edm < 0.001 strategy 2
Minuit2Minimizer : Valid minimum - status = 5
FVAL  = 417553.089886767208
Edm   = 0.000786197604611515999
Nfcn  = 772
0	  = 0.973143	 +/-  1.33134e-05
1	  = 0.762598	 +/-  2.70128e-05
2	  = 0.0683131	 +/-  0.000111679
3	  = 1.33982e-10	 +/-  1.55293e-08
4	  = 645.612	 +/-  0.0185936
minimized
model 10
3 params
Minuit2Minimizer: Minimize with max-calls 100000 convergence for edm < 0.001 strategy 2
Minuit2Minimizer : Valid minimum - status = 5
FVAL  = 26521.5694601061186
Edm   = 0.00097004090275731869
Nfcn  = 451
0	  = 1.36307	 +/-  4.24336e-05
1	  = 1.022	 +/-  8.71519e-05
2	  = -7.74607e-10	 +/-  1.40246e-07
3	  = -5.25373e-05	 +/-  1.06472e-06
4	  = -777.147	 +/-  1.64887
minimized
model 11
4 params
Minuit2Minimizer: Minimize with max-calls 100000 convergence for edm < 0.001 strategy 2
Minuit2Minimizer : Valid minimum - status = 5
FVAL  = 1315166.81673722691
Edm   = 0.000970692606642842293
Nfcn  = 1899
0	  = 1.08165	 +/-  5.64367e-06
1	  = 0.770342	 +/-  0.000353156
2	  = -0.198428	 +/-  0.000108337
3	  = 1.07644e-11	 +/-  2.76937e-09
4	  = 52453.6	 +/-  15.4461
minimized
model 12
4 params
Minuit2Minimizer: Minimize with max-calls 100000 convergence for edm < 0.001 strategy 2
Minuit2Minimizer : Valid minimum - status = 5
FVAL  = 1142404.85630772007
Edm   = 0.000672551803290843964
Nfcn  = 954
0	  = 11.5407	 +/-  0.000566483
1	  = 1.98833	 +/-  0.000189007
2	  = -4.26848e-11	 +/-  1.28075e-08
3	  = -0.7239	 +/-  6.4868e-05
4	  = -695855	 +/-  68.5949
minimized
model 13
5 params
Minuit2Minimizer: Minimize with max-calls 100000 convergence for edm < 0.001 strategy 2
Minuit2Minimizer : Valid minimum - status = 0
FVAL  = 21997.5884999212576
Edm   = 9.74499422818949959e-07
Nfcn  = 2092
0	  = 1.23705	 +/-  0.00897199
1	  = 0.992807	 +/-  0.00358756
2	  = 0.000256659	 +/-  0.000547456
3	  = -1.83552e-10	 +/-  8.66033e-06
4	  = 0.071209	 +/-  0.00453128
minimized
model 14
4 params
Minuit2Minimizer: Minimize with max-calls 100000 convergence for edm < 0.001 strategy 2
Minuit2Minimizer : Valid minimum - status = 5
FVAL  = 149367.823518156685
Edm   = 0.000792745035141706467
Nfcn  = 833
0	  = 0.135697	 +/-  0.000474432
1	  = 0.01196	 +/-  0.000685707
2	  = 0.167804	 +/-  0.000139304
3	  = 3.27984	 +/-  0.0113779
4	  = -35.3454	 +/-  0.0146978
minimized
model 15
5 params
Minuit2Minimizer: Minimize with max-calls 100000 convergence for edm < 0.001 strategy 2
Minuit2Minimizer : Valid minimum - status = 0
FVAL  = 23998.2947800985967
Edm   = 1.48238063775667269e-06
Nfcn  = 2003
0	  = 1.23707	 +/-  0.00897264
1	  = 0.99281	 +/-  0.00358744
2	  = 0.000257957	 +/-  0.000547264
3	  = 1.27046e-10	 +/-  8.53903e-06
4	  = 0.0711968	 +/-  0.00453162
minimized
fit all models
Results:    1.022  1.02202    1.022  1.21112 0.994479 0.994482 0.994489 0.994492    1.022 0.762598    1.022 0.770342  1.98833 0.992807  0.01196  0.99281

Errors:  0.00082788   0.0635528 0.000823611   0.0612713  0.00333457  0.00718286  0.00274523  0.00718159 0.000108699 2.70128e-05 8.71519e-05 0.000353156 0.000189007  0.00358756 0.000685707  0.00358744

Probabilities:        0        0        0        0  0.77709 0.105169        0        0        0        0        0        0        0  0.11774        0        0

Chisq/dof: 316.633 419.357 253.357 1.29656 1.25919 1.76286 1.16911 1.50313 361.867 65927.3 281.508  161397  186736  1.7177 15672.5 1.47068

Fit statuses: 5 5 5 5 5 1 5 1 5 5 5 5 5 0 5 0

Fitting R = 3

fitting 16 models
model 0
2 params
Minuit2Minimizer: Minimize with max-calls 100000 convergence for edm < 0.001 strategy 2
Minuit2Minimizer : Valid minimum - status = 5
FVAL  = 22969.1075531180068
Edm   = 0.000474600528832525015
Nfcn  = 233
0	  = 1.06952	 +/-  0.000331636
1	  = 1.11487	 +/-  0.000308267
2	  = -0.000512697	 +/-  0.00157141
3	  = -0.0015756	 +/-  7.17126e-06
4	  = -0.271606	 +/-  0.00661576
minimized
model 1
4 params
Minuit2Minimizer: Minimize with max-calls 100000 convergence for edm < 0.001 strategy 2
Minuit2Minimizer : Valid minimum - status = 5
FVAL  = 22014.2638052048096
Edm   = 0.000514724986715009436
Nfcn  = 632
0	  = 0.562205	 +/-  0.0197059
1	  = 1.3161	 +/-  0.011826
2	  = -0.942201	 +/-  0.0117015
3	  = 1.08357	 +/-  0.00194115
4	  = -16.8265	 +/-  1.16237
minimized
model 2
2 params
Minuit2Minimizer: Minimize with max-calls 100000 convergence for edm < 0.001 strategy 2
Minuit2Minimizer : Valid minimum - status = 5
FVAL  = 24972.1422602038656
Edm   = 0.000563270084967371076
Nfcn  = 240
0	  = 1.06951	 +/-  0.000568539
1	  = 1.11486	 +/-  0.00024685
2	  = -1.04075	 +/-  0.00601275
3	  = 0.728199	 +/-  0.00121298
4	  = -104.722	 +/-  1.07298
minimized
model 3
4 params
Minuit2Minimizer: Minimize with max-calls 100000 convergence for edm < 0.001 strategy 2
Minuit2Minimizer : Invalid Minimum - status = 3
FVAL  = 24019.5
Edm   = 0.00111436
Nfcn  = 610
minimized
model 4
3 params
Minuit2Minimizer: Minimize with max-calls 100000 convergence for edm < 0.001 strategy 2
Minuit2Minimizer : Invalid Minimum - status = 3
FVAL  = 21993.7
Edm   = 0.0010688
Nfcn  = 398
minimized
model 5
5 params
Minuit2Minimizer: Minimize with max-calls 100000 convergence for edm < 0.001 strategy 2
Minuit2Minimizer : Valid minimum - status = 1
FVAL  = 21993.681294760645
Edm   = 9.01240195930468083e-07
Nfcn  = 404
0	  = 0.656147	 +/-  0.00415338
1	  = 1.08946	 +/-  0.00385065
2	  = 0.744315	 +/-  0.00368214
3	  = 1.09876	 +/-  0.00330026
4	  = 0.112077	 +/-  0.00318318
minimized
model 6
3 params
Minuit2Minimizer: Minimize with max-calls 100000 convergence for edm < 0.001 strategy 2
Minuit2Minimizer : Valid minimum - status = 5
FVAL  = 23995.6344257547862
Edm   = 0.000527629988937405869
Nfcn  = 403
0	  = 0.991861	 +/-  0.00349258
1	  = 1.09453	 +/-  0.000781762
2	  = 0.112565	 +/-  0.00597146
3	  = -4.68865	 +/-  0.0633154
4	  = -0.12721	 +/-  0.00431889
minimized
model 7
5 params
Minuit2Minimizer: Minimize with max-calls 100000 convergence for edm < 0.001 strategy 2
Minuit2Minimizer : Valid minimum - status = 1
FVAL  = 23995.6319796087228
Edm   = 5.38238493480400421e-08
Nfcn  = 504
0	  = 0.520656	 +/-  0.00521392
1	  = 1.0857	 +/-  0.00590765
2	  = 0.844794	 +/-  0.00323509
3	  = 1.09818	 +/-  0.00256173
4	  = 0.111934	 +/-  0.00317224
minimized
model 8
3 params
Minuit2Minimizer: Minimize with max-calls 100000 convergence for edm < 0.001 strategy 2
Minuit2Minimizer : Invalid Minimum - status = 3
FVAL  = 155838
Edm   = 125813
Nfcn  = 443
minimized
model 9
4 params
Minuit2Minimizer: Minimize with max-calls 100000 convergence for edm < 0.001 strategy 2
Minuit2Minimizer : Valid minimum - status = 5
FVAL  = 1851528.47418931336
Edm   = 0.000979146221652626991
Nfcn  = 558
0	  = 0.725315	 +/-  0.000405844
1	  = 0.643026	 +/-  0.000319772
2	  = -9.8079e-12	 +/-  4.81059e-07
3	  = 0.692589	 +/-  0.000145896
4	  = 37.3285	 +/-  0.0161901
minimized
model 10
3 params
Minuit2Minimizer: Minimize with max-calls 100000 convergence for edm < 0.001 strategy 2
Minuit2Minimizer : Invalid Minimum - status = 3
FVAL  = 157618
Edm   = 128092
Nfcn  = 415
minimized
model 11
4 params
Minuit2Minimizer: Minimize with max-calls 100000 convergence for edm < 0.001 strategy 2
Minuit2Minimizer : Valid minimum - status = 5
FVAL  = 341477.451614647987
Edm   = 0.000779802794568240643
Nfcn  = 950
0	  = 1.50563	 +/-  2.81825e-06
1	  = 1.5098	 +/-  7.01632e-07
2	  = -0.0268084	 +/-  1.81257e-07
3	  = -1.04167e-11	 +/-  5.52013e-09
4	  = 204.447	 +/-  0.000477703
minimized
model 12
4 params
Minuit2Minimizer: Minimize with max-calls 100000 convergence for edm < 0.001 strategy 2
Minuit2Minimizer : Invalid Minimum - status = 3
FVAL  = 23103.3
Edm   = 0.00113299
Nfcn  = 729
minimized
model 13
5 params
Minuit2Minimizer: Minimize with max-calls 100000 convergence for edm < 0.001 strategy 2
Minuit2Minimizer : Valid minimum - status = 5
FVAL  = 1863106.66477319272
Edm   = 0.000536071835085749626
Nfcn  = 559
0	  = 1.07549	 +/-  0.000169032
1	  = 1.06151	 +/-  7.9487e-05
2	  = 1.51129	 +/-  0.000295615
3	  = 5.83776e-09	 +/-  9.90373e-07
4	  = 1.34184	 +/-  0.000174536
minimized
model 14
4 params
Minuit2Minimizer: Minimize with max-calls 100000 convergence for edm < 0.001 strategy 2
Minuit2Minimizer : Valid minimum - status = 5
FVAL  = 26255.8766034853325
Edm   = 0.000877193182532209903
Nfcn  = 926
0	  = 0.0329697	 +/-  0.000148907
1	  = 0.295404	 +/-  0.00236363
2	  = 0.110332	 +/-  0.000703576
3	  = 14.0214	 +/-  0.0883044
4	  = -1.73688	 +/-  0.0163843
minimized
model 15
5 params
Minuit2Minimizer: Minimize with max-calls 100000 convergence for edm < 0.001 strategy 2
Minuit2Minimizer : Valid minimum - status = 0
FVAL  = 23995.6288771501168
Edm   = 8.39494112156119603e-07
Nfcn  = 4498
0	  = 0.982927	 +/-  0.0131022
1	  = 1.19767	 +/-  0.00502271
2	  = 3.47514e-09	 +/-  0.000238471
3	  = -1.13054e-05	 +/-  0.000157538
4	  = 0.113179	 +/-  0.00949484
minimized
fit all models
Results:  1.24293  1.32063  1.24292  1.31696  1.19803  1.19837  1.19801   1.1985  1.00344 0.643026  1.00344   1.5098 -0.74452  1.06151 0.295404  1.19767

Errors:  0.00128871   0.0522628  0.00194818   0.0572993   0.0123713   0.0143874   0.0120537   0.0142849 5.19423e-05 0.000319772 5.15037e-05 7.01632e-07 0.000920952  7.9487e-05  0.00236363  0.00502271

Probabilities:        0        0        0        0 0.880679 0.119321        0        0        0        0        0        0        0        0        0        0

Chisq/dof:  122.513  4.21063  98.4142  3.93769 0.669079 0.936259  0.84827  1.09028  19121.3   304923  14847.7  39686.2  185.718   368224  283.485  1.08984

Fit statuses: 5 5 5 3 3 1 5 1 3 5 3 5 3 5 5 0

Fitting R = 4

fitting 16 models
model 0
2 params
Minuit2Minimizer: Minimize with max-calls 100000 convergence for edm < 0.001 strategy 2
Minuit2Minimizer : Valid minimum - status = 5
FVAL  = 22339.3164312191802
Edm   = 0.00081594827861408703
Nfcn  = 272
0	  = 0.97712	 +/-  0.00064588
1	  = 1.20633	 +/-  0.000675198
2	  = -0.13825	 +/-  0.000747375
3	  = -0.0587302	 +/-  0.000147207
4	  = 7.37793	 +/-  0.0216631
minimized
model 1
4 params
Minuit2Minimizer: Minimize with max-calls 100000 convergence for edm < 0.001 strategy 2
Minuit2Minimizer : Valid minimum - status = 5
FVAL  = 22011.9901151673148
Edm   = 0.000440633732068818063
Nfcn  = 564
0	  = -0.2264	 +/-  0.0042135
1	  = 0.986032	 +/-  0.000762646
2	  = -0.966933	 +/-  0.00131785
3	  = 1.23472	 +/-  0.00174043
4	  = -23.5472	 +/-  0.760745
minimized
model 2
2 params
Minuit2Minimizer: Minimize with max-calls 100000 convergence for edm < 0.001 strategy 2
Minuit2Minimizer : Valid minimum - status = 5
FVAL  = 24344.9460660599143
Edm   = 0.000517508444318082184
Nfcn  = 275
0	  = 0.977074	 +/-  0.000754911
1	  = 1.20632	 +/-  0.000532393
2	  = -1.46084	 +/-  0.00208516
3	  = 2.56305	 +/-  0.00320307
4	  = -2928.49	 +/-  8.05131
minimized
model 3
4 params
Minuit2Minimizer: Minimize with max-calls 100000 convergence for edm < 0.001 strategy 2
Minuit2Minimizer : Valid minimum - status = 5
FVAL  = 24016.6992375761984
Edm   = 0.000712860430212458596
Nfcn  = 406
0	  = 0.21942	 +/-  0.00525985
1	  = 0.980746	 +/-  0.000889902
2	  = -0.968294	 +/-  0.000716264
3	  = 1.23393	 +/-  0.00175586
4	  = -15669.8	 +/-  336.321
minimized
model 4
3 params
Minuit2Minimizer: Minimize with max-calls 100000 convergence for edm < 0.001 strategy 2
Minuit2Minimizer : Valid minimum - status = 5
FVAL  = 21996.0118837078699
Edm   = 0.000723671626474242657
Nfcn  = 456
0	  = 0.879306	 +/-  0.00732181
1	  = 1.17981	 +/-  0.00181032
2	  = 0.160067	 +/-  0.0141574
3	  = -0.664101	 +/-  0.0369019
4	  = 502293	 +/-  6214.88
minimized
model 5
5 params
Minuit2Minimizer: Minimize with max-calls 100000 convergence for edm < 0.001 strategy 2
Minuit2Minimizer : Valid minimum - status = 1
FVAL  = 21996.0118694713892
Edm   = 4.04972776868222711e-07
Nfcn  = 430
0	  = 0.62175	 +/-  0.00543796
1	  = 1.1798	 +/-  0.00531745
2	  = 0.62175	 +/-  0.00543795
3	  = 1.1798	 +/-  0.00531745
4	  = 0.1601	 +/-  0.00649748
minimized
model 6
3 params
Minuit2Minimizer: Minimize with max-calls 100000 convergence for edm < 0.001 strategy 2
Minuit2Minimizer : Valid minimum - status = 5
FVAL  = 23998.7971944734527
Edm   = 0.00048554661771049723
Nfcn  = 415
0	  = 0.878955	 +/-  0.00590455
1	  = 1.17971	 +/-  0.00153729
2	  = 0.160669	 +/-  0.0123621
3	  = -3.52894	 +/-  0.0795921
4	  = 7.56172	 +/-  0.0576835
minimized
model 7
5 params
Minuit2Minimizer: Minimize with max-calls 100000 convergence for edm < 0.001 strategy 2
Minuit2Minimizer : Valid minimum - status = 1
FVAL  = 23998.7971207127412
Edm   = 5.75762891391291164e-11
Nfcn  = 457
0	  = 0.62149	 +/-  0.00544048
1	  = 1.1797	 +/-  0.00531601
2	  = 0.62149	 +/-  0.00544048
3	  = 1.1797	 +/-  0.005316
4	  = 0.160739	 +/-  0.00650664
minimized
model 8
3 params
Minuit2Minimizer: Minimize with max-calls 100000 convergence for edm < 0.001 strategy 2
Minuit2Minimizer : Invalid Minimum - status = 3
FVAL  = 43272.2
Edm   = 98796.2
Nfcn  = 145
minimized
model 9
4 params
Minuit2Minimizer: Minimize with max-calls 100000 convergence for edm < 0.001 strategy 2
Minuit2Minimizer : Valid minimum - status = 5
FVAL  = 652028.787248082692
Edm   = 0.000620926846750080585
Nfcn  = 657
0	  = 0.976527	 +/-  4.77549e-05
1	  = -0.0594793	 +/-  5.12285e-05
2	  = 1.79279	 +/-  0.000622292
3	  = -4.11115e-09	 +/-  9.81385e-07
4	  = 30.5054	 +/-  0.0250868
minimized
model 10
3 params
Minuit2Minimizer: Minimize with max-calls 100000 convergence for edm < 0.001 strategy 2
Minuit2Minimizer : Invalid Minimum - status = 3
FVAL  = 45068.8
Edm   = 102150
Nfcn  = 412
minimized
model 11
4 params
Minuit2Minimizer: Minimize with max-calls 100000 convergence for edm < 0.001 strategy 2
Minuit2Minimizer : Invalid Minimum - status = 3
FVAL  = 67382.9
Edm   = 0.00125024
Nfcn  = 1133
minimized
model 12
4 params
Minuit2Minimizer: Minimize with max-calls 100000 convergence for edm < 0.001 strategy 2
Minuit2Minimizer : Invalid Minimum - status = 3
FVAL  = 26770.1
Edm   = 0.00106364
Nfcn  = 1813
minimized
model 13
5 params
Minuit2Minimizer: Minimize with max-calls 100000 convergence for edm < 0.001 strategy 2
Minuit2Minimizer : Invalid Minimum - status = 3
FVAL  = 661695
Edm   = 0.00117826
Nfcn  = 1247
minimized
model 14
4 params
Minuit2Minimizer: Minimize with max-calls 100000 convergence for edm < 0.001 strategy 2
Minuit2Minimizer : Valid minimum - status = 5
FVAL  = 30984.4408017998867
Edm   = 0.000673252223350573331
Nfcn  = 972
0	  = 0.136955	 +/-  0.00234591
1	  = 0.454622	 +/-  0.00476952
2	  = 0.18646	 +/-  0.000660804
3	  = 2.06998	 +/-  0.0384675
4	  = 0.275202	 +/-  0.00372213
minimized
model 15
5 params
Minuit2Minimizer: Minimize with max-calls 100000 convergence for edm < 0.001 strategy 2
Minuit2Minimizer : Invalid Minimum - status = 3
FVAL  = 663186
Edm   = 0.00112063
Nfcn  = 615
minimized
fit all models
Results:    1.45524    1.49584    1.45521    1.49519    1.39194    1.39193    1.39171    1.39169    1.01245 -0.0594793    1.01247  -0.499567   0.735587    1.02926   0.454622     1.1247

Errors:  0.00317113  0.00767999  0.00342971  0.00658356   0.0330599   0.0259143   0.0266908   0.0259295 0.000107495 5.12285e-05 0.000105918 0.000319615  0.00432484 5.57805e-05  0.00476952 1.48722e-06

Probabilities:        0        0        0        0 0.880796 0.119204        0        0        0        0        0        0        0        0        0        0

Chisq/dof: 43.7896 3.83169 35.6946  3.5874  1.0017 1.40237 1.19969 1.54245 3040.46  105007 2342.31 5424.37 796.858  127941 874.555   91314

Fit statuses: 5 5 5 5 5 1 5 1 3 5 3 3 3 3 5 3

Fitting R = 5

fitting 16 models
model 0
2 params
Minuit2Minimizer: Minimize with max-calls 100000 convergence for edm < 0.001 strategy 2
Minuit2Minimizer : Valid minimum - status = 5
FVAL  = 22099.1732092950006
Edm   = 0.000945673757087206468
Nfcn  = 275
0	  = 0.892856	 +/-  0.00119119
1	  = 1.29085	 +/-  0.00112024
2	  = 1.55256	 +/-  0.000547141
3	  = -0.0021648	 +/-  9.93766e-06
4	  = 1.28328	 +/-  0.000198012
minimized
model 1
4 params
Minuit2Minimizer: Minimize with max-calls 100000 convergence for edm < 0.001 strategy 2
Minuit2Minimizer : Invalid Minimum - status = 3
FVAL  = 234796
Edm   = 120200
Nfcn  = 133
minimized
model 2
2 params
Minuit2Minimizer: Minimize with max-calls 100000 convergence for edm < 0.001 strategy 2
Minuit2Minimizer : Valid minimum - status = 5
FVAL  = 24098.1731708078987
Edm   = 0.000839111671666614711
Nfcn  = 272
0	  = 0.892868	 +/-  0.0015652
1	  = 1.29086	 +/-  0.001187
2	  = -1.03531	 +/-  0.00966197
3	  = 0.959835	 +/-  0.00038964
4	  = 1.61825	 +/-  0.000327233
minimized
model 3
4 params
Minuit2Minimizer: Minimize with max-calls 100000 convergence for edm < 0.001 strategy 2
Minuit2Minimizer : Invalid Minimum - status = 3
FVAL  = 236805
Edm   = 120225
Nfcn  = 130
minimized
model 4
3 params
Minuit2Minimizer: Minimize with max-calls 100000 convergence for edm < 0.001 strategy 2
Minuit2Minimizer : Valid minimum - status = 5
FVAL  = 21994.8442855407011
Edm   = 0.000574142424738965929
Nfcn  = 803
0	  = 0.779642	 +/-  0.012028
1	  = 1.25851	 +/-  0.00391981
2	  = 0.2085	 +/-  0.0247013
3	  = 1.47835	 +/-  0.00745569
4	  = -5.68102	 +/-  0.138269
minimized
model 5
5 params
Minuit2Minimizer: Minimize with max-calls 100000 convergence for edm < 0.001 strategy 2
Minuit2Minimizer : Valid minimum - status = 1
FVAL  = 21994.8442687619317
Edm   = 1.09457026710179806e-07
Nfcn  = 656
0	  = 0.551332	 +/-  0.00747981
1	  = 1.25855	 +/-  0.00765115
2	  = 0.551247	 +/-  0.00747981
3	  = 1.25846	 +/-  0.00764747
4	  = 0.20851	 +/-  0.0119683
minimized
model 6
3 params
Minuit2Minimizer: Minimize with max-calls 100000 convergence for edm < 0.001 strategy 2
Minuit2Minimizer : Valid minimum - status = 5
FVAL  = 23993.8764193745192
Edm   = 0.000772269024309935048
Nfcn  = 751
0	  = 0.779707	 +/-  0.0120524
1	  = 1.25853	 +/-  0.00377764
2	  = 0.208357	 +/-  0.0262382
3	  = -133.996	 +/-  2.67536
4	  = 182.701	 +/-  3.89842
minimized
model 7
5 params
Minuit2Minimizer: Minimize with max-calls 100000 convergence for edm < 0.001 strategy 2
Minuit2Minimizer : Valid minimum - status = 1
FVAL  = 23993.87632646782
Edm   = 3.48860907473867061e-09
Nfcn  = 633
0	  = 0.551323	 +/-  0.0074802
1	  = 1.25853	 +/-  0.00763928
2	  = 0.551306	 +/-  0.00748022
3	  = 1.25851	 +/-  0.00763859
4	  = 0.208431	 +/-  0.0119725
minimized
model 8
3 params
Minuit2Minimizer: Minimize with max-calls 100000 convergence for edm < 0.001 strategy 2
Minuit2Minimizer : Valid minimum - status = 5
FVAL  = 22099.173769286168
Edm   = 0.000883004191564396024
Nfcn  = 542
0	  = 0.797174	 +/-  0.000690714
1	  = 1.66627	 +/-  0.00037062
2	  = -3.459e-08	 +/-  8.99996e-06
3	  = 27.5972	 +/-  0.00337866
4	  = -10.0584	 +/-  0.00569203
minimized
model 9
4 params
Minuit2Minimizer: Minimize with max-calls 100000 convergence for edm < 0.001 strategy 2
Minuit2Minimizer : Valid minimum - status = 5
FVAL  = 100213.196112444828
Edm   = 0.000711296306690201163
Nfcn  = 710
0	  = 1.63963	 +/-  7.01324e-08
1	  = 2.33445	 +/-  2.94372e-07
2	  = -2.79498e-10	 +/-  3.60677e-07
3	  = -6.80008e-10	 +/-  7.22262e-08
4	  = 138.802	 +/-  0.000127485
minimized
model 10
3 params
Minuit2Minimizer: Minimize with max-calls 100000 convergence for edm < 0.001 strategy 2
Minuit2Minimizer : Invalid Minimum - status = 3
FVAL  = 24098.2
Edm   = 0.00123946
Nfcn  = 538
minimized
model 11
4 params
Minuit2Minimizer: Minimize with max-calls 100000 convergence for edm < 0.001 strategy 2
Minuit2Minimizer : Invalid Minimum - status = 3
FVAL  = 30288.1
Edm   = 1733.56
Nfcn  = 469
minimized
model 12
4 params
Minuit2Minimizer: Minimize with max-calls 100000 convergence for edm < 0.001 strategy 2
Minuit2Minimizer : Valid minimum - status = 5
FVAL  = 22033.7434019111643
Edm   = 0.000338185596774565056
Nfcn  = 1317
0	  = 0.0870071	 +/-  0.0021121
1	  = 0.901155	 +/-  0.0156784
2	  = 0.0916774	 +/-  0.00411967
3	  = 3.67579	 +/-  0.0586594
4	  = 127.471	 +/-  0.00347248
minimized
model 13
5 params
Minuit2Minimizer: Minimize with max-calls 100000 convergence for edm < 0.001 strategy 2
Minuit2Minimizer : Valid minimum - status = 5
FVAL  = 183383.700924141536
Edm   = 0.000840633438201621175
Nfcn  = 744
0	  = 0.225068	 +/-  0.000186014
1	  = 1.83129	 +/-  7.73474e-05
2	  = -3.08541e-09	 +/-  3.83722e-07
3	  = 0.145111	 +/-  0.000123609
4	  = 2.85466	 +/-  0.000238003
minimized
model 14
4 params
Minuit2Minimizer: Minimize with max-calls 100000 convergence for edm < 0.001 strategy 2
Minuit2Minimizer : Invalid Minimum - status = 3
FVAL  = 24482.3
Edm   = 7320.73
Nfcn  = 303
minimized
model 15
5 params
Minuit2Minimizer: Minimize with max-calls 100000 convergence for edm < 0.001 strategy 2
Minuit2Minimizer : Valid minimum - status = 5
FVAL  = 214825.978774786985
Edm   = 0.000873696815688163042
Nfcn  = 1700
0	  = 0.328816	 +/-  0.000280605
1	  = 1.93163	 +/-  0.000128074
2	  = -1.31723e-08	 +/-  2.85878e-06
3	  = 0.235485	 +/-  8.75959e-05
4	  = 2.16797	 +/-  0.000240165
minimized
fit all models
Results:  1.66629  1.06618  1.66632  1.06618  1.58384  1.58384   1.5839  1.58387  1.66627  2.33445  1.66628  1.66311 0.901155  1.83129  1.05053  1.93163

Errors:  0.00692102  0.00764957  0.00881208  0.00764892   0.0698127   0.0450833   0.0698988   0.0450789  0.00037062 2.94372e-07 0.000361005 0.000807163   0.0156784 7.73474e-05 0.000102058 0.000128074

Probabilities:        0        0        0        0 0.880796 0.119204        0        0        0        0        0        0        0        0        0        0

Chisq/dof:  13.7717  35467.8  11.0173  26602.1 0.834898  1.16885 0.652935 0.839475  15.7391  13037.4  12.2417  787.514  7.45723  32278.9  61.7831  27262.6

Fit statuses: 5 3 5 3 5 1 5 1 5 5 3 3 5 5 3 5

Fitting R = 6

fitting 16 models
model 0
2 params
Minuit2Minimizer: Minimize with max-calls 100000 convergence for edm < 0.001 strategy 2
Minuit2Minimizer : Valid minimum - status = 5
FVAL  = 22031.9829018005657
Edm   = 0.000526248120877426118
Nfcn  = 294
0	  = 0.817262	 +/-  0.00274662
1	  = 1.37028	 +/-  0.00159717
2	  = 0.00913415	 +/-  5.16797e-05
3	  = -0.389452	 +/-  0.0033798
4	  = 2.80771	 +/-  0.00249348
minimized
model 1
4 params
Minuit2Minimizer: Minimize with max-calls 100000 convergence for edm < 0.001 strategy 2
Minuit2Minimizer : Invalid Minimum - status = 3
FVAL  = 108263
Edm   = 48494.2
Nfcn  = 133
minimized
model 2
2 params
Minuit2Minimizer: Minimize with max-calls 100000 convergence for edm < 0.001 strategy 2
Minuit2Minimizer : Valid minimum - status = 5
FVAL  = 24030.9843679582591
Edm   = 0.000924699270399287343
Nfcn  = 287
0	  = 0.81727	 +/-  0.00232575
1	  = 1.37028	 +/-  0.00128723
2	  = 11.2497	 +/-  0.0512372
3	  = 0.0816434	 +/-  0.00424622
4	  = 26.5323	 +/-  0.0665699
minimized
model 3
4 params
Minuit2Minimizer: Minimize with max-calls 100000 convergence for edm < 0.001 strategy 2
Minuit2Minimizer : Invalid Minimum - status = 3
FVAL  = 110297
Edm   = 48525.9
Nfcn  = 135
minimized
model 4
3 params
Minuit2Minimizer: Minimize with max-calls 100000 convergence for edm < 0.001 strategy 2
Minuit2Minimizer : Valid minimum - status = 5
FVAL  = 22361.4969071596643
Edm   = 0.000567114650039002299
Nfcn  = 435
0	  = 0.0968693	 +/-  0.0013814
1	  = 1.1184	 +/-  0.00206765
2	  = 37.0868	 +/-  1.31597
3	  = 1.01518	 +/-  0.00573641
4	  = -2003.56	 +/-  75.6337
minimized
model 5
5 params
Minuit2Minimizer: Minimize with max-calls 100000 convergence for edm < 0.001 strategy 2
Minuit2Minimizer : Valid minimum - status = 1
FVAL  = 21997.9452845357628
Edm   = 1.38082636172608117e-05
Nfcn  = 312
0	  = 0.48365	 +/-  0.00988271
1	  = 1.32996	 +/-  0.010761
2	  = 0.48365	 +/-  0.0098827
3	  = 1.32996	 +/-  0.010761
4	  = 0.281066	 +/-  0.0205977
minimized
model 6
3 params
Minuit2Minimizer: Minimize with max-calls 100000 convergence for edm < 0.001 strategy 2
Minuit2Minimizer : Invalid Minimum - status = 3
FVAL  = 24366.7
Edm   = 45.0849
Nfcn  = 323
minimized
model 7
5 params
Minuit2Minimizer: Minimize with max-calls 100000 convergence for edm < 0.001 strategy 2
Minuit2Minimizer : Valid minimum - status = 1
FVAL  = 23996.9666064251433
Edm   = 1.08701195207110826e-07
Nfcn  = 354
0	  = 0.483889	 +/-  0.00988709
1	  = 1.33007	 +/-  0.0107502
2	  = 0.483889	 +/-  0.00988708
3	  = 1.33007	 +/-  0.0107502
4	  = 0.280156	 +/-  0.0205925
minimized
model 8
3 params
Minuit2Minimizer: Minimize with max-calls 100000 convergence for edm < 0.001 strategy 2
Minuit2Minimizer : Invalid Minimum - status = 3
FVAL  = 22032
Edm   = 0.00105515
Nfcn  = 781
minimized
model 9
4 params
Minuit2Minimizer: Minimize with max-calls 100000 convergence for edm < 0.001 strategy 2
Minuit2Minimizer : Invalid Minimum - status = 3
FVAL  = 70695
Edm   = 0.00122767
Nfcn  = 676
minimized
model 10
3 params
Minuit2Minimizer: Minimize with max-calls 100000 convergence for edm < 0.001 strategy 2
Minuit2Minimizer : Invalid Minimum - status = 3
FVAL  = 24031
Edm   = 0.00101749
Nfcn  = 894
minimized
model 11
4 params
Minuit2Minimizer: Minimize with max-calls 100000 convergence for edm < 0.001 strategy 2
Minuit2Minimizer : Invalid Minimum - status = 3
FVAL  = 72570.8
Edm   = 0.00127809
Nfcn  = 1005
minimized
model 12
4 params
Minuit2Minimizer: Minimize with max-calls 100000 convergence for edm < 0.001 strategy 2
Minuit2Minimizer : Invalid Minimum - status = 3
FVAL  = 27635.8
Edm   = 23209.9
Nfcn  = 716
minimized
model 13
5 params
Minuit2Minimizer: Minimize with max-calls 100000 convergence for edm < 0.001 strategy 2
Minuit2Minimizer : Valid minimum - status = 5
FVAL  = 97771.4778992798674
Edm   = 0.000805035553639754653
Nfcn  = 955
0	  = 1.01235	 +/-  0.000508685
1	  = 1.02594	 +/-  0.000655274
2	  = 1.00771	 +/-  0.000189587
3	  = 1.01901	 +/-  0.000604554
4	  = 0.823478	 +/-  0.00477634
minimized
model 14
4 params
Minuit2Minimizer: Minimize with max-calls 100000 convergence for edm < 0.001 strategy 2
Minuit2Minimizer : Valid minimum - status = 5
FVAL  = 24981.354627356166
Edm   = 0.000636197808489669114
Nfcn  = 1191
0	  = 2.65556	 +/-  0.000725306
1	  = 2.39179	 +/-  0.000375765
2	  = 5.87729e-08	 +/-  9.58592e-06
3	  = -0.579861	 +/-  0.000300482
4	  = 0.935934	 +/-  0.000273811
minimized
model 15
5 params
Minuit2Minimizer: Minimize with max-calls 100000 convergence for edm < 0.001 strategy 2
Minuit2Minimizer : Valid minimum - status = 5
FVAL  = 99774.8920309330715
Edm   = 0.000450635168817825615
Nfcn  = 360
0	  = 1.01228	 +/-  0.000630521
1	  = 1.02584	 +/-  0.000731352
2	  = 1.00781	 +/-  0.000290429
3	  = 1.01914	 +/-  0.000593442
4	  = 0.823607	 +/-  0.00514771
minimized
fit all models
Results: 1.87767 1.18109 1.87768 1.18108 1.25083  1.7688 1.28036 1.76909 1.87767 2.90396 1.87772 3.22736 1.44497 1.02594 2.39179 1.02584

Errors:   0.0183774   0.0236935   0.0155197   0.0236858   0.0506632    0.075066   0.0188081   0.0750686  0.00351186 1.84976e-05  0.00229038 1.92068e-05 0.000969152 0.000655274 0.000375765 0.000731352

Probabilities: 0 0 0 0 0 1 0 0 0 0 0 0 0 0 0 0

Chisq/dof: 5.37286   14379 4.29844 10788.6 53.2138 1.78906 42.0817 1.28094 6.14042 8117.67 4.77615 6072.85 941.125 15156.5 124.169 10826.7

Fit statuses: 5 3 5 3 5 1 3 1 3 3 3 3 3 5 5 5

Fitting R = 7

fitting 16 models
model 0
2 params
Minuit2Minimizer: Minimize with max-calls 100000 convergence for edm < 0.001 strategy 2
Minuit2Minimizer : Invalid Minimum - status = 3
FVAL  = 91592.5
Edm   = 89973.5
Nfcn  = 95
minimized
model 1
4 params
Minuit2Minimizer: Minimize with max-calls 100000 convergence for edm < 0.001 strategy 2
Minuit2Minimizer : Valid minimum - status = 5
FVAL  = 21994.8687424740237
Edm   = 0.000534785976924467832
Nfcn  = 528
0	  = 0.733439	 +/-  0.0307471
1	  = 1.53731	 +/-  0.00382791
2	  = 0.314137	 +/-  0.0440553
3	  = 1.27878	 +/-  0.0372995
4	  = 4.14222	 +/-  0.293933
minimized
model 2
2 params
Minuit2Minimizer: Minimize with max-calls 100000 convergence for edm < 0.001 strategy 2
Minuit2Minimizer : Invalid Minimum - status = 3
FVAL  = 93851.9
Edm   = 89892.1
Nfcn  = 92
minimized
model 3
4 params
Minuit2Minimizer: Minimize with max-calls 100000 convergence for edm < 0.001 strategy 2
Minuit2Minimizer : Valid minimum - status = 5
FVAL  = 23993.8585477748929
Edm   = 0.000667787688144017011
Nfcn  = 488
0	  = 0.75458	 +/-  0.0372106
1	  = 1.51184	 +/-  0.0232221
2	  = 0.233179	 +/-  0.124571
3	  = 1.23114	 +/-  0.106534
4	  = 359.746	 +/-  131.449
minimized
model 4
3 params
Minuit2Minimizer: Minimize with max-calls 100000 convergence for edm < 0.001 strategy 2
Minuit2Minimizer : Valid minimum - status = 5
FVAL  = 21995.4117774868209
Edm   = 0.000484065421915147454
Nfcn  = 1035
0	  = 0.52937	 +/-  0.0476268
1	  = 1.37363	 +/-  0.017502
2	  = 0.644932	 +/-  0.218634
3	  = -1091.87	 +/-  68.3394
4	  = 2.01328e+06	 +/-  139945
minimized
model 5
5 params
Minuit2Minimizer: Minimize with max-calls 100000 convergence for edm < 0.001 strategy 2
Minuit2Minimizer : Valid minimum - status = 5
FVAL  = 28969.7625974907569
Edm   = 0.000828593900223495439
Nfcn  = 512
0	  = -0.629586	 +/-  0.00320471
1	  = 2.10359	 +/-  0.00609695
2	  = -0.243562	 +/-  0.00336799
3	  = 1.38908	 +/-  0.00389555
4	  = 4.22192	 +/-  0.036847
minimized
model 6
3 params
Minuit2Minimizer: Minimize with max-calls 100000 convergence for edm < 0.001 strategy 2
Minuit2Minimizer : Valid minimum - status = 5
FVAL  = 24033.8196140951077
Edm   = 0.000662357229884946719
Nfcn  = 473
0	  = 0.0845419	 +/-  0.000207521
1	  = 1.20491	 +/-  0.00325237
2	  = 40.7622	 +/-  0.496095
3	  = -55.4447	 +/-  0.911968
4	  = 579.11	 +/-  8.9213
minimized
model 7
5 params
Minuit2Minimizer: Minimize with max-calls 100000 convergence for edm < 0.001 strategy 2
Minuit2Minimizer : Valid minimum - status = 5
FVAL  = 24023.1811299352848
Edm   = 0.000828906744573032483
Nfcn  = 974
0	  = 0.00871148	 +/-  0.0708693
1	  = 1.35073	 +/-  0.0608403
2	  = -0.240211	 +/-  0.00156006
3	  = 1.25795	 +/-  0.00266267
4	  = 4.88863	 +/-  0.151139
minimized
model 8
3 params
Minuit2Minimizer: Minimize with max-calls 100000 convergence for edm < 0.001 strategy 2
Minuit2Minimizer : Valid minimum - status = 5
FVAL  = 22017.7863216967271
Edm   = 0.000831344637845177203
Nfcn  = 679
0	  = 0.568208	 +/-  0.00337686
1	  = 2.09643	 +/-  0.00566076
2	  = 3.68875e-07	 +/-  9.76165e-05
3	  = 1.60928	 +/-  0.000766496
4	  = 42.6493	 +/-  0.0578074
minimized
model 9
4 params
Minuit2Minimizer: Minimize with max-calls 100000 convergence for edm < 0.001 strategy 2
Minuit2Minimizer : Valid minimum - status = 5
FVAL  = 39453.993646451032
Edm   = 0.000985650491202250123
Nfcn  = 672
0	  = 2.1854	 +/-  2.28796e-06
1	  = 3.24678	 +/-  2.78935e-06
2	  = -0.213213	 +/-  4.0192e-07
3	  = -2.68215e-09	 +/-  1.92674e-06
4	  = 116.105	 +/-  0.000124628
minimized
model 10
3 params
Minuit2Minimizer: Minimize with max-calls 100000 convergence for edm < 0.001 strategy 2
Minuit2Minimizer : Valid minimum - status = 5
FVAL  = 24016.7927674982384
Edm   = 0.000955124884058022872
Nfcn  = 544
0	  = 0.568126	 +/-  0.00164657
1	  = 2.09631	 +/-  0.00203139
2	  = -5.87882e-07	 +/-  0.000112181
3	  = 0.00010609	 +/-  6.21945e-07
4	  = 116.163	 +/-  6.01123e-05
minimized
model 11
4 params
Minuit2Minimizer: Minimize with max-calls 100000 convergence for edm < 0.001 strategy 2
Minuit2Minimizer : Valid minimum - status = 5
FVAL  = 39433.2767301717831
Edm   = 0.000992784356640186161
Nfcn  = 1138
0	  = 2.52184	 +/-  1.54493e-05
1	  = 3.60866	 +/-  0.00395822
2	  = -5.41824e-09	 +/-  1.39388e-06
3	  = 0.00182303	 +/-  8.80194e-05
4	  = 116.379	 +/-  0.000143861
minimized
model 12
4 params
Minuit2Minimizer: Minimize with max-calls 100000 convergence for edm < 0.001 strategy 2
Minuit2Minimizer : Valid minimum - status = 5
FVAL  = 22061.9574654345488
Edm   = 0.000604416956775821745
Nfcn  = 3103
0	  = 0.029242	 +/-  0.0064563
1	  = 0.967861	 +/-  0.0295593
2	  = 0.183399	 +/-  0.00316004
3	  = 6.54603	 +/-  1.45961
4	  = 116.384	 +/-  0.0213944
minimized
model 13
5 params
Minuit2Minimizer: Minimize with max-calls 100000 convergence for edm < 0.001 strategy 2
Minuit2Minimizer : Valid minimum - status = 5
FVAL  = 46028.0180925718741
Edm   = 0.000972961111983750015
Nfcn  = 3326
0	  = 1.04199	 +/-  0.000410585
1	  = 1.01704	 +/-  0.000174276
2	  = 1.06281	 +/-  0.000649993
3	  = 1.07874	 +/-  0.000767526
4	  = 0.440236	 +/-  0.00567896
minimized
model 14
4 params
Minuit2Minimizer: Minimize with max-calls 100000 convergence for edm < 0.001 strategy 2
Minuit2Minimizer : Invalid Minimum - status = 3
FVAL  = 24051.5
Edm   = 31.0684
Nfcn  = 380
minimized
model 15
5 params
Minuit2Minimizer: Minimize with max-calls 100000 convergence for edm < 0.001 strategy 2
Minuit2Minimizer : Valid minimum - status = 5
FVAL  = 48075.7359309973908
Edm   = 0.000584068075113464147
Nfcn  = 1631
0	  = 1.04207	 +/-  0.000434041
1	  = 1.01709	 +/-  0.000111626
2	  = 1.06291	 +/-  0.000669151
3	  = 1.0789	 +/-  0.000929335
4	  = 0.439107	 +/-  0.00556542
minimized
fit all models
Results:  1.07594  2.25047  1.07594  2.21854  1.88685  4.10021  1.45182  1.58276  2.09643  3.24678  2.09631  3.60866 0.967861  1.01704  1.97682  1.01709

Errors:   0.0238555    0.261537   0.0238625    0.386639    0.482547   0.0601636   0.0127683   0.0595999  0.00566076 2.78935e-06  0.00203139  0.00395822   0.0295593 0.000174276   0.0127776 0.000111626

Probabilities:        0 0.325528        0        0 0.674472        0        0        0        0        0        0        0        0        0        0        0

Chisq/dof:  8700.43 0.978124  6986.39 0.732318 0.915968  1396.15  5.09107  5.02588  4.11233  2910.83   3.1992  1930.66  12.1596   4807.8  7.93908  3441.11

Fit statuses: 3 5 3 5 5 5 5 5 5 5 5 5 5 5 3 5

Fitting R = 8

fitting 16 models
model 0
2 params
Minuit2Minimizer: Minimize with max-calls 100000 convergence for edm < 0.001 strategy 2
Minuit2Minimizer : Invalid Minimum - status = 3
FVAL  = 56826.1
Edm   = 31846
Nfcn  = 94
minimized
model 1
4 params
Minuit2Minimizer: Minimize with max-calls 100000 convergence for edm < 0.001 strategy 2
Minuit2Minimizer : Invalid Minimum - status = 3
FVAL  = 25576.5
Edm   = 5106.9
Nfcn  = 135
minimized
model 2
2 params
Minuit2Minimizer: Minimize with max-calls 100000 convergence for edm < 0.001 strategy 2
Minuit2Minimizer : Invalid Minimum - status = 3
FVAL  = 58829.5
Edm   = 31890.8
Nfcn  = 98
minimized
model 3
4 params
Minuit2Minimizer: Minimize with max-calls 100000 convergence for edm < 0.001 strategy 2
Minuit2Minimizer : Invalid Minimum - status = 3
FVAL  = 27586.6
Edm   = 5117.6
Nfcn  = 136
minimized
model 4
3 params
Minuit2Minimizer: Minimize with max-calls 100000 convergence for edm < 0.001 strategy 2
Minuit2Minimizer : Invalid Minimum - status = 3
FVAL  = 30910.5
Edm   = 45928.1
Nfcn  = 145
minimized
model 5
5 params
Minuit2Minimizer: Minimize with max-calls 100000 convergence for edm < 0.001 strategy 2
Minuit2Minimizer : Valid minimum - status = 1
FVAL  = 21993.1821769582675
Edm   = 1.14538960803099418e-07
Nfcn  = 776
0	  = 0.322689	 +/-  0.0140417
1	  = 1.44034	 +/-  0.0218021
2	  = 0.322811	 +/-  0.0140286
3	  = 1.44011	 +/-  0.0217496
4	  = 0.860579	 +/-  0.0707105
minimized
model 6
3 params
Minuit2Minimizer: Minimize with max-calls 100000 convergence for edm < 0.001 strategy 2
Minuit2Minimizer : Invalid Minimum - status = 3
FVAL  = 32970.3
Edm   = 45810.5
Nfcn  = 146
minimized
model 7
5 params
Minuit2Minimizer: Minimize with max-calls 100000 convergence for edm < 0.001 strategy 2
Minuit2Minimizer : Valid minimum - status = 1
FVAL  = 23992.5722699405633
Edm   = 1.29962188224913482e-07
Nfcn  = 764
0	  = 0.322748	 +/-  0.0140139
1	  = 1.44023	 +/-  0.0216759
2	  = 0.322813	 +/-  0.0140072
3	  = 1.44011	 +/-  0.0216492
4	  = 0.86001	 +/-  0.070662
minimized
model 8
3 params
Minuit2Minimizer: Minimize with max-calls 100000 convergence for edm < 0.001 strategy 2
Minuit2Minimizer : Valid minimum - status = 5
FVAL  = 21999.2525547368896
Edm   = 0.000672438465699087828
Nfcn  = 519
0	  = 0.500435	 +/-  0.00709617
1	  = 2.32994	 +/-  0.012441
2	  = 4.68317e-07	 +/-  0.000338819
3	  = 2.61792	 +/-  0.011184
4	  = 5.58951	 +/-  0.246026
minimized
model 9
4 params
Minuit2Minimizer: Minimize with max-calls 100000 convergence for edm < 0.001 strategy 2
Minuit2Minimizer : Valid minimum - status = 5
FVAL  = 28840.1555337405225
Edm   = 0.00093522437964566052
Nfcn  = 1355
0	  = 1.11127	 +/-  1.86935e-05
1	  = 1.6923	 +/-  4.42641e-05
2	  = 1.48067	 +/-  6.51653e-05
3	  = -2.6989e-07	 +/-  6.49606e-05
4	  = -21.6105	 +/-  0.00177171
minimized
model 10
3 params
Minuit2Minimizer: Minimize with max-calls 100000 convergence for edm < 0.001 strategy 2
Minuit2Minimizer : Valid minimum - status = 5
FVAL  = 23998.6341324308996
Edm   = 0.000724231231288285926
Nfcn  = 900
0	  = 0.500288	 +/-  0.00163896
1	  = 2.32959	 +/-  0.00286346
2	  = -2.63222e-06	 +/-  0.000417552
3	  = 0.00402202	 +/-  6.78373e-06
4	  = -21.5716	 +/-  0.0012408
minimized
model 11
4 params
Minuit2Minimizer: Minimize with max-calls 100000 convergence for edm < 0.001 strategy 2
Minuit2Minimizer : Valid minimum - status = 5
FVAL  = 24372.3650352609729
Edm   = 0.000933230541704688221
Nfcn  = 948
0	  = 0.631965	 +/-  0.00139582
1	  = 2.5629	 +/-  0.000518527
2	  = 2.69283e-10	 +/-  5.44993e-06
3	  = -0.00208546	 +/-  1.90585e-05
4	  = -21.6904	 +/-  0.000569427
minimized
model 12
4 params
Minuit2Minimizer: Minimize with max-calls 100000 convergence for edm < 0.001 strategy 2
Minuit2Minimizer : Valid minimum - status = 5
FVAL  = 22219.4194810230547
Edm   = 0.000649369016173295677
Nfcn  = 1130
0	  = 1.28628	 +/-  0.0140044
1	  = 1.30628	 +/-  0.000714174
2	  = 0.637488	 +/-  0.00194381
3	  = -0.735912	 +/-  0.00429341
4	  = -21.5059	 +/-  0.000686082
minimized
model 13
5 params
Minuit2Minimizer: Minimize with max-calls 100000 convergence for edm < 0.001 strategy 2
Minuit2Minimizer : Valid minimum - status = 5
FVAL  = 29131.6461457341684
Edm   = 0.000412470621085958555
Nfcn  = 586
0	  = 1.06657	 +/-  0.000597648
1	  = 1.09539	 +/-  0.000724739
2	  = 1.02513	 +/-  0.000230382
3	  = 1.11837	 +/-  0.00090062
4	  = 0.103102	 +/-  0.00693474
minimized
model 14
4 params
Minuit2Minimizer: Minimize with max-calls 100000 convergence for edm < 0.001 strategy 2
Minuit2Minimizer : Valid minimum - status = 5
FVAL  = 24256.4911105483261
Edm   = 0.000393594611523440108
Nfcn  = 1090
0	  = 2.39112	 +/-  0.0749831
1	  = 1.0792	 +/-  0.0098996
2	  = 0.88325	 +/-  0.0063582
3	  = -0.855297	 +/-  0.00528589
4	  = -1.21971	 +/-  0.0773398
minimized
model 15
5 params
Minuit2Minimizer: Minimize with max-calls 100000 convergence for edm < 0.001 strategy 2
Minuit2Minimizer : Valid minimum - status = 5
FVAL  = 31149.7573843146674
Edm   = 0.000468895752419484779
Nfcn  = 2489
0	  = 1.06654	 +/-  0.0006113
1	  = 1.09536	 +/-  0.000805524
2	  = 1.02519	 +/-  0.000197458
3	  = 1.11834	 +/-  0.000985767
4	  = 0.103369	 +/-  0.00715093
minimized
fit all models
Results:  1.0423 3.05538  1.0423 3.05533  1.3422 2.07425 1.34205 2.07409 2.32994  1.6923 2.32959  2.5629 1.30628 1.09539  1.0792 1.09536

Errors:   0.0360757    0.081231   0.0360502   0.0811303   0.0343299    0.185774   0.0344275    0.185382    0.012441 4.42641e-05  0.00286346 0.000518527 0.000714174 0.000724739   0.0098996 0.000805524

Probabilities:        0        0        0        0        0 0.737921        0        0 0.262079        0        0        0        0        0        0        0

Chisq/dof:  4354.64  597.915  3484.15  449.829   1274.5 0.836435   998.03 0.653181  1.46465  1141.86  1.18157  48.0456  38.4032  1428.53  33.5614  1023.11

Fit statuses: 3 3 3 3 3 1 3 1 5 5 5 5 5 5 5 5

Fitting R = 9

fitting 16 models
model 0
2 params
Minuit2Minimizer: Minimize with max-calls 100000 convergence for edm < 0.001 strategy 2
Minuit2Minimizer : Invalid Minimum - status = 3
FVAL  = 39781
Edm   = 11468.4
Nfcn  = 98
minimized
model 1
4 params
Minuit2Minimizer: Minimize with max-calls 100000 convergence for edm < 0.001 strategy 2
Minuit2Minimizer : Valid minimum - status = 5
FVAL  = 22003.818156991656
Edm   = 0.000476404729852220044
Nfcn  = 369
0	  = -0.189118	 +/-  0.0397475
1	  = 1.84109	 +/-  0.0129309
2	  = 0.666332	 +/-  0.00522693
3	  = 1.6001	 +/-  0.00916494
4	  = 33.2559	 +/-  0.135981
minimized
model 2
2 params
Minuit2Minimizer: Minimize with max-calls 100000 convergence for edm < 0.001 strategy 2
Minuit2Minimizer : Invalid Minimum - status = 3
FVAL  = 41782.9
Edm   = 11481.7
Nfcn  = 97
minimized
model 3
4 params
Minuit2Minimizer: Minimize with max-calls 100000 convergence for edm < 0.001 strategy 2
Minuit2Minimizer : Valid minimum - status = 5
FVAL  = 24002.6697344507411
Edm   = 0.000611870560533134267
Nfcn  = 337
0	  = -0.323474	 +/-  0.0253314
1	  = 2.05091	 +/-  0.00630296
2	  = 0.657467	 +/-  0.00475875
3	  = 1.59495	 +/-  0.00665374
4	  = 564.223	 +/-  2.06927
minimized
model 4
3 params
Minuit2Minimizer: Minimize with max-calls 100000 convergence for edm < 0.001 strategy 2
Minuit2Minimizer : Invalid Minimum - status = 3
FVAL  = 49802.8
Edm   = 6120.51
Nfcn  = 167
minimized
model 5
5 params
Minuit2Minimizer: Minimize with max-calls 100000 convergence for edm < 0.001 strategy 2
Minuit2Minimizer : Valid minimum - status = 5
FVAL  = 22003.3972129098111
Edm   = 0.000442559638031525537
Nfcn  = 2046
0	  = -6.9257	 +/-  0.0090167
1	  = 4.52466	 +/-  0.00476046
2	  = 0.389234	 +/-  0.00542614
3	  = 1.50353	 +/-  0.0107539
4	  = 1.2481	 +/-  0.0403176
minimized
model 6
3 params
Minuit2Minimizer: Minimize with max-calls 100000 convergence for edm < 0.001 strategy 2
Minuit2Minimizer : Invalid Minimum - status = 3
FVAL  = 51803
Edm   = 6132.32
Nfcn  = 164
minimized
model 7
5 params
Minuit2Minimizer: Minimize with max-calls 100000 convergence for edm < 0.001 strategy 2
Minuit2Minimizer : Valid minimum - status = 1
FVAL  = 24002.2396410684451
Edm   = 3.05989326422516703e-06
Nfcn  = 1539
0	  = -0.475625	 +/-  0.0122465
1	  = 1.53723	 +/-  0.00874515
2	  = -0.129279	 +/-  0.0620522
3	  = 1.65742	 +/-  0.276606
4	  = 0.588082	 +/-  0.0736206
minimized
model 8
3 params
Minuit2Minimizer: Minimize with max-calls 100000 convergence for edm < 0.001 strategy 2
Minuit2Minimizer : Invalid Minimum - status = 3
FVAL  = 22003.9
Edm   = 0.00109338
Nfcn  = 1310
minimized
model 9
4 params
Minuit2Minimizer: Minimize with max-calls 100000 convergence for edm < 0.001 strategy 2
Minuit2Minimizer : Valid minimum - status = 5
FVAL  = 24042.2749249081899
Edm   = 0.000659990535496035591
Nfcn  = 355
0	  = 0.818281	 +/-  0.00562471
1	  = 1.07606	 +/-  0.0149773
2	  = 1.04816	 +/-  0.0120606
3	  = 1.04527	 +/-  0.00452402
4	  = 14.6526	 +/-  0.10896
minimized
model 10
3 params
Minuit2Minimizer: Minimize with max-calls 100000 convergence for edm < 0.001 strategy 2
Minuit2Minimizer : Valid minimum - status = 5
FVAL  = 24002.9307620032341
Edm   = 0.000905829241673927754
Nfcn  = 1250
0	  = 0.46782	 +/-  0.00452403
1	  = 2.57801	 +/-  0.00891817
2	  = -2.171e-05	 +/-  0.00410414
3	  = 2.27297	 +/-  0.00339135
4	  = 47.1786	 +/-  0.119448
minimized
model 11
4 params
Minuit2Minimizer: Minimize with max-calls 100000 convergence for edm < 0.001 strategy 2
Minuit2Minimizer : Valid minimum - status = 5
FVAL  = 26041.8591235125787
Edm   = 0.000579158913751598448
Nfcn  = 492
0	  = 0.816557	 +/-  0.00591391
1	  = 1.07529	 +/-  0.00947006
2	  = 1.04815	 +/-  0.00627582
3	  = 1.04383	 +/-  0.00427376
4	  = 48.1559	 +/-  0.154838
minimized
model 12
4 params
Minuit2Minimizer: Minimize with max-calls 100000 convergence for edm < 0.001 strategy 2
Minuit2Minimizer : Valid minimum - status = 5
FVAL  = 22041.2957627798824
Edm   = 0.000522859067132230848
Nfcn  = 1446
0	  = 0.968314	 +/-  0.0448769
1	  = 1.2903	 +/-  0.000491485
2	  = 0.715085	 +/-  0.00205096
3	  = -0.727574	 +/-  0.0121453
4	  = 43.4666	 +/-  0.152571
minimized
model 13
5 params
Minuit2Minimizer: Minimize with max-calls 100000 convergence for edm < 0.001 strategy 2
Minuit2Minimizer : Valid minimum - status = 5
FVAL  = 24042.5042824116645
Edm   = 0.00049624493476585485
Nfcn  = 1338
0	  = 1.08582	 +/-  0.000605158
1	  = 1.11765	 +/-  0.000839054
2	  = 1.02994	 +/-  0.000157033
3	  = 1.14615	 +/-  0.00108001
4	  = -0.14668	 +/-  0.0079693
minimized
model 14
4 params
Minuit2Minimizer: Minimize with max-calls 100000 convergence for edm < 0.001 strategy 2
Minuit2Minimizer : Valid minimum - status = 5
FVAL  = 24043.3552323602999
Edm   = 0.000947596447076648474
Nfcn  = 1538
0	  = 0.689216	 +/-  0.0357476
1	  = 0.733224	 +/-  0.0241529
2	  = 0.906536	 +/-  0.0088092
3	  = -0.734497	 +/-  0.00681235
4	  = 7.69755	 +/-  0.362034
minimized
model 15
5 params
Minuit2Minimizer: Minimize with max-calls 100000 convergence for edm < 0.001 strategy 2
Minuit2Minimizer : Valid minimum - status = 1
FVAL  = 24002.2427465617657
Edm   = 1.8726409208407366e-06
Nfcn  = 2128
0	  = 0.234397	 +/-  0.0156654
1	  = 2.37041	 +/-  0.0336077
2	  = -1.09346e-07	 +/-  0.00951683
3	  = -2.38975e-07	 +/-  0.00197629
4	  = 0.621685	 +/-  0.0849969
minimized
fit all models
Results:  1.05939  2.62213  1.05939  2.86784  1.26449  20.4152  1.26445  2.38948  2.57887  1.07606  2.57801  1.07529   1.2903  1.11765 0.733224  2.37041

Errors:   0.0618519    0.147018   0.0618165    0.162665   0.0979428    0.086482   0.0977798    0.297312   0.0262214   0.0149773  0.00891817  0.00947006 0.000491485 0.000839054   0.0241529   0.0336077

Probabilities:        0 0.248009        0        0        0 0.112611        0        0  0.63938        0        0        0        0        0        0        0

Chisq/dof:    2224 2.46969 1779.49 1.83372 3973.39 2.87944 3090.55 2.03423 2.13201 342.212 1.65897 256.732 8.71596 410.701  6.9194 2.03468

Fit statuses: 3 5 3 5 3 5 3 1 3 5 5 5 5 5 5 1

Fitting R = 10

fitting 16 models
model 0
2 params
Minuit2Minimizer: Minimize with max-calls 100000 convergence for edm < 0.001 strategy 2
Minuit2Minimizer : Invalid Minimum - status = 3
FVAL  = 32967
Edm   = 5253.78
Nfcn  = 100
minimized
model 1
4 params
Minuit2Minimizer: Minimize with max-calls 100000 convergence for edm < 0.001 strategy 2
Minuit2Minimizer : Valid minimum - status = 5
FVAL  = 22001.5402226282022
Edm   = 0.0005812596355099231
Nfcn  = 387
0	  = -0.678448	 +/-  0.062851
1	  = 2.49909	 +/-  0.00397691
2	  = 0.659831	 +/-  0.0150619
3	  = 1.66203	 +/-  0.0160785
4	  = 123.11	 +/-  5.84642
minimized
model 2
2 params
Minuit2Minimizer: Minimize with max-calls 100000 convergence for edm < 0.001 strategy 2
Minuit2Minimizer : Invalid Minimum - status = 3
FVAL  = 34974.3
Edm   = 5246.73
Nfcn  = 101
minimized
model 3
4 params
Minuit2Minimizer: Minimize with max-calls 100000 convergence for edm < 0.001 strategy 2
Minuit2Minimizer : Invalid Minimum - status = 3
FVAL  = 24001.1
Edm   = 0.00130205
Nfcn  = 386
minimized
model 4
3 params
Minuit2Minimizer: Minimize with max-calls 100000 convergence for edm < 0.001 strategy 2
Minuit2Minimizer : Invalid Minimum - status = 3
FVAL  = 30095.4
Edm   = 8089.1
Nfcn  = 154
minimized
model 5
5 params
Minuit2Minimizer: Minimize with max-calls 100000 convergence for edm < 0.001 strategy 2
Minuit2Minimizer : Invalid Minimum - status = 3
FVAL  = 43252.8
Edm   = 1109.48
Nfcn  = 2866
minimized
model 6
3 params
Minuit2Minimizer: Minimize with max-calls 100000 convergence for edm < 0.001 strategy 2
Minuit2Minimizer : Invalid Minimum - status = 3
FVAL  = 32103.6
Edm   = 8083.03
Nfcn  = 154
minimized
model 7
5 params
Minuit2Minimizer: Minimize with max-calls 100000 convergence for edm < 0.001 strategy 2
Minuit2Minimizer : Valid minimum - status = 1
FVAL  = 24000.714846324161
Edm   = 2.44557880491319354e-06
Nfcn  = 3868
0	  = -0.848782	 +/-  0.0821488
1	  = 1.92472	 +/-  0.0526591
2	  = -0.768778	 +/-  0.0441952
3	  = 1.70275	 +/-  0.0157402
4	  = -0.435373	 +/-  0.0402601
minimized
model 8
3 params
Minuit2Minimizer: Minimize with max-calls 100000 convergence for edm < 0.001 strategy 2
Minuit2Minimizer : Valid minimum - status = 5
FVAL  = 22003.7152078961408
Edm   = 0.000627611225354485214
Nfcn  = 482
0	  = 0.164777	 +/-  0.00459936
1	  = 1.2459	 +/-  0.00135201
2	  = 0.513064	 +/-  0.0206185
3	  = 3.35141	 +/-  0.0387749
4	  = 6.63721	 +/-  0.180208
minimized
model 9
4 params
Minuit2Minimizer: Minimize with max-calls 100000 convergence for edm < 0.001 strategy 2
Minuit2Minimizer : Valid minimum - status = 5
FVAL  = 22700.413749251733
Edm   = 0.000702758115949109197
Nfcn  = 222
0	  = 0.706368	 +/-  0.00575866
1	  = 1.09406	 +/-  0.00229555
2	  = 1.07186	 +/-  0.0032913
3	  = 1.07078	 +/-  0.00274376
4	  = 7.98952	 +/-  0.119166
minimized
model 10
3 params
Minuit2Minimizer: Minimize with max-calls 100000 convergence for edm < 0.001 strategy 2
Minuit2Minimizer : Valid minimum - status = 5
FVAL  = 24002.2172512042416
Edm   = 0.000860111013025743887
Nfcn  = 487
0	  = 0.211818	 +/-  0.00306113
1	  = 1.62273	 +/-  0.0121912
2	  = 0.38732	 +/-  0.0283633
3	  = 1.26575	 +/-  0.00402314
4	  = 16.2949	 +/-  0.14664
minimized
model 11
4 params
Minuit2Minimizer: Minimize with max-calls 100000 convergence for edm < 0.001 strategy 2
Minuit2Minimizer : Valid minimum - status = 5
FVAL  = 24699.4931657668931
Edm   = 0.000542151999979978427
Nfcn  = 224
0	  = 0.707665	 +/-  0.007281
1	  = 1.09733	 +/-  0.00388028
2	  = 1.07686	 +/-  0.00547518
3	  = 1.06438	 +/-  0.00217795
4	  = 17.5672	 +/-  0.105352
minimized
model 12
4 params
Minuit2Minimizer: Minimize with max-calls 100000 convergence for edm < 0.001 strategy 2
Minuit2Minimizer : Valid minimum - status = 5
FVAL  = 22007.135533133518
Edm   = 0.000922321443795226514
Nfcn  = 881
0	  = 1.03174	 +/-  0.0793324
1	  = 1.08084	 +/-  0.00550448
2	  = 0.929034	 +/-  0.0041248
3	  = -0.794754	 +/-  0.0151144
4	  = 92.0366	 +/-  0.411732
minimized
model 13
5 params
Minuit2Minimizer: Minimize with max-calls 100000 convergence for edm < 0.001 strategy 2
Minuit2Minimizer : Valid minimum - status = 5
FVAL  = 22700.4646232047817
Edm   = 0.000626303313765674829
Nfcn  = 1405
0	  = 1.09637	 +/-  0.000780773
1	  = 1.13076	 +/-  0.000894755
2	  = 1.03317	 +/-  0.000388862
3	  = 1.16202	 +/-  0.00108572
4	  = -0.29561	 +/-  0.00873684
minimized
model 14
4 params
Minuit2Minimizer: Minimize with max-calls 100000 convergence for edm < 0.001 strategy 2
Minuit2Minimizer : Invalid Minimum - status = 3
FVAL  = 24002
Edm   = 0.00132306
Nfcn  = 711
minimized
model 15
5 params
Minuit2Minimizer: Minimize with max-calls 100000 convergence for edm < 0.001 strategy 2
Minuit2Minimizer : Valid minimum - status = 5
FVAL  = 24699.548442208983
Edm   = 0.000693819209118373692
Nfcn  = 1308
0	  = 1.0964	 +/-  0.000634855
1	  = 1.13073	 +/-  0.000859547
2	  = 1.03324	 +/-  0.000223905
3	  = 1.16195	 +/-  0.00118805
4	  = -0.29564	 +/-  0.00845098
minimized
fit all models
Results:  1.05772  4.55233  1.05772  3.99208  1.25573  15.8263  1.25573  3.34168   1.2459  1.09406  1.62273  1.09733  1.08084  1.13076 0.962235  1.13073

Errors:   0.0774413    0.745826   0.0774948    0.541663   0.0691045     1.25273   0.0691316    0.589044  0.00135201  0.00229555   0.0121912  0.00388028  0.00550448 0.000894755   0.0027799 0.000859547

Probabilities:         0  0.505771         0         0         0         0         0         0  0.463401         0         0         0 0.0308282         0         0         0

Chisq/dof: 1372.25 2.09004 1098.63 1.63667 1158.06 4252.77 901.737 1.81641 2.10217 118.569 1.57969 88.9366 3.02259 142.293 1.74916  101.65

Fit statuses: 3 5 3 3 3 3 3 1 5 5 5 5 5 5 3 5

Fitting R = 11

fitting 16 models
model 0
2 params
Minuit2Minimizer: Minimize with max-calls 100000 convergence for edm < 0.001 strategy 2
Minuit2Minimizer : Invalid Minimum - status = 3
FVAL  = 30947.3
Edm   = 4308.12
Nfcn  = 95
minimized
model 1
4 params
Minuit2Minimizer: Minimize with max-calls 100000 convergence for edm < 0.001 strategy 2
Minuit2Minimizer : Valid minimum - status = 5
FVAL  = 22001.8564412902124
Edm   = 0.000447388509201118723
Nfcn  = 532
0	  = -8.42596	 +/-  0.179046
1	  = 9.50244	 +/-  0.264571
2	  = 0.682841	 +/-  0.0291428
3	  = 1.69757	 +/-  0.0241024
4	  = -50.9144	 +/-  3.77553
minimized
model 2
2 params
Minuit2Minimizer: Minimize with max-calls 100000 convergence for edm < 0.001 strategy 2
Minuit2Minimizer : Invalid Minimum - status = 3
FVAL  = 32957.1
Edm   = 4301.61
Nfcn  = 96
minimized
model 3
4 params
Minuit2Minimizer: Minimize with max-calls 100000 convergence for edm < 0.001 strategy 2
Minuit2Minimizer : Valid minimum - status = 5
FVAL  = 24007.4000511175218
Edm   = 0.000855423659231746569
Nfcn  = 514
0	  = 4.29219	 +/-  0.260222
1	  = 2.99149	 +/-  0.0156001
2	  = 0.619955	 +/-  0.0271552
3	  = 1.66859	 +/-  0.021256
4	  = -80023.2	 +/-  3305.95
minimized
model 4
3 params
Minuit2Minimizer: Minimize with max-calls 100000 convergence for edm < 0.001 strategy 2
Minuit2Minimizer : Invalid Minimum - status = 3
FVAL  = 28830.3
Edm   = 9287.43
Nfcn  = 154
minimized
model 5
5 params
Minuit2Minimizer: Minimize with max-calls 100000 convergence for edm < 0.001 strategy 2
Minuit2Minimizer : Valid minimum - status = 1
FVAL  = 22001.0208958010226
Edm   = 1.3244887397798785e-05
Nfcn  = 325
0	  = -0.157457	 +/-  0.0124738
1	  = 1.5353	 +/-  0.0446753
2	  = -0.157457	 +/-  0.0124738
3	  = 1.5353	 +/-  0.0446753
4	  = 4.56516	 +/-  0.41229
minimized
model 6
3 params
Minuit2Minimizer: Minimize with max-calls 100000 convergence for edm < 0.001 strategy 2
Minuit2Minimizer : Invalid Minimum - status = 3
FVAL  = 30831.5
Edm   = 9299.56
Nfcn  = 156
minimized
model 7
5 params
Minuit2Minimizer: Minimize with max-calls 100000 convergence for edm < 0.001 strategy 2
Minuit2Minimizer : Valid minimum - status = 1
FVAL  = 24006.9142605138913
Edm   = 1.19440381612368721e-05
Nfcn  = 329
0	  = -0.157201	 +/-  0.0124061
1	  = 1.5346	 +/-  0.0444813
2	  = -0.157201	 +/-  0.0124061
3	  = 1.5346	 +/-  0.0444813
4	  = 4.5725	 +/-  0.410888
minimized
model 8
3 params
Minuit2Minimizer: Minimize with max-calls 100000 convergence for edm < 0.001 strategy 2
Minuit2Minimizer : Valid minimum - status = 5
FVAL  = 22005.2964844498238
Edm   = 0.00067949898584629409
Nfcn  = 563
0	  = 0.191248	 +/-  0.00371719
1	  = 1.54522	 +/-  0.00817207
2	  = 0.445388	 +/-  0.0229758
3	  = 3.79935	 +/-  0.0282531
4	  = 40.1998	 +/-  0.615112
minimized
model 9
4 params
Minuit2Minimizer: Minimize with max-calls 100000 convergence for edm < 0.001 strategy 2
Minuit2Minimizer : Valid minimum - status = 5
FVAL  = 22420.1852602443687
Edm   = 0.000666739913867786527
Nfcn  = 235
0	  = 0.675289	 +/-  0.00675553
1	  = 1.11174	 +/-  0.00367455
2	  = 1.07791	 +/-  0.00189641
3	  = 1.07823	 +/-  0.00119431
4	  = 47.2266	 +/-  0.25862
minimized
model 10
3 params
Minuit2Minimizer: Minimize with max-calls 100000 convergence for edm < 0.001 strategy 2
Minuit2Minimizer : Valid minimum - status = 5
FVAL  = 24010.1631567117292
Edm   = 0.00065498373078298755
Nfcn  = 508
0	  = 0.255525	 +/-  0.0043297
1	  = 1.98206	 +/-  0.0349854
2	  = 0.298076	 +/-  0.0433834
3	  = 1.0698	 +/-  0.00224909
4	  = 61.086	 +/-  0.287278
minimized
model 11
4 params
Minuit2Minimizer: Minimize with max-calls 100000 convergence for edm < 0.001 strategy 2
Minuit2Minimizer : Valid minimum - status = 5
FVAL  = 24428.1007723450348
Edm   = 0.000399557193304644898
Nfcn  = 239
0	  = 0.676235	 +/-  0.00749609
1	  = 1.11284	 +/-  0.00286186
2	  = 1.07812	 +/-  0.00183389
3	  = 1.07811	 +/-  0.0024546
4	  = 64.346	 +/-  0.154514
minimized
model 12
4 params
Minuit2Minimizer: Minimize with max-calls 100000 convergence for edm < 0.001 strategy 2
Minuit2Minimizer : Valid minimum - status = 5
FVAL  = 22004.5682355047029
Edm   = 0.000579848165216390043
Nfcn  = 1260
0	  = 0.0299844	 +/-  0.00113004
1	  = 1.03297	 +/-  0.000252172
2	  = 0.461219	 +/-  0.0158839
3	  = 2.88248	 +/-  0.0502757
4	  = 121.889	 +/-  1.4112
minimized
model 13
5 params
Minuit2Minimizer: Minimize with max-calls 100000 convergence for edm < 0.001 strategy 2
Minuit2Minimizer : Valid minimum - status = 5
FVAL  = 22420.2098450094491
Edm   = 0.00067902304363087751
Nfcn  = 6993
0	  = 1.10003	 +/-  0.000961507
1	  = 1.13483	 +/-  0.001311
2	  = 1.03366	 +/-  0.000603093
3	  = 1.16735	 +/-  0.00194694
4	  = -0.342921	 +/-  0.00795499
minimized
model 14
4 params
Minuit2Minimizer: Minimize with max-calls 100000 convergence for edm < 0.001 strategy 2
Minuit2Minimizer : Valid minimum - status = 5
FVAL  = 24010.1556401938869
Edm   = 0.000951322119362885132
Nfcn  = 7414
0	  = 0.0431451	 +/-  0.00157236
1	  = 1.22952	 +/-  0.00816328
2	  = 0.410668	 +/-  0.0273486
3	  = 2.12293	 +/-  0.0466646
4	  = 3.73736	 +/-  0.164503
minimized
model 15
5 params
Minuit2Minimizer: Minimize with max-calls 100000 convergence for edm < 0.001 strategy 2
Minuit2Minimizer : Valid minimum - status = 5
FVAL  = 24428.1253972789345
Edm   = 0.000790656653407495469
Nfcn  = 6086
0	  = 1.09956	 +/-  0.000631915
1	  = 1.13506	 +/-  0.00129753
2	  = 1.03388	 +/-  0.000763998
3	  = 1.16726	 +/-  0.00236916
4	  = -0.342263	 +/-  0.00766878
minimized
fit all models
Results: 1.06428  89.726 1.06428 8.82305 1.38907 2.35714 1.38905   2.355 1.54522 1.11174 1.98206 1.11284 1.03297 1.13483 1.22952 1.13506

Errors:    0.136464     7.33773    0.136572     1.49555   0.0963395    0.385859   0.0962887    0.384038  0.00817207  0.00367455   0.0349854  0.00286186 0.000252172    0.001311  0.00816328  0.00129753

Probabilities:        0 0.434195        0        0        0 0.242564        0        0 0.211341        0        0        0 0.111899        0        0        0

Chisq/dof: 1119.79 2.14274 896.912 2.42501 977.334 2.40418 760.389 2.70204 2.32807 71.8642 2.46257 55.0126 2.59471  86.242 2.76946 62.8751

Fit statuses: 3 5 3 5 3 1 3 1 5 5 5 5 5 5 5 5

Fits/L24_b225_xi1_g.vr
