R=0parameters: 
-0.693126 -0.693126 
0.0503425 0.0503425 
5.05107e-11 5.05107e-11 
4.79244e-322 4.79244e-322 
7.09034e-320 7.09034e-320 
3.0304e-316 3.0304e-316 
2.122e-313 2.122e-313 
2.86342e-316 2.86342e-316 
350155 350155 
4.19462e-321 4.19462e-321 4.19462e-321 
2.86745e-316 2.86745e-316 2.86745e-316 
-1.36335e-207 -1.36335e-207 -1.36335e-207 
2.90159e-316 2.90159e-316 2.90159e-316 
4.36342e-109 4.36342e-109 4.36342e-109 
-nan -nan -nan 
3.9527e+180 3.9527e+180 3.9527e+180 
-nan -nan -nan 
1.05151e-153 1.05151e-153 1.05151e-153 
-nan -nan -nan -nan 
1.17147e+214 1.17147e+214 1.17147e+214 1.17147e+214 
-nan -nan -nan -nan 
3.52843e-258 3.52843e-258 3.52843e-258 3.52843e-258 
-nan -nan -nan -nan 
3.38457e+63 3.38457e+63 3.38457e+63 3.38457e+63 
2.84259e-316 2.84259e-316 2.84259e-316 2.84259e-316 
2.86804e-316 2.86804e-316 2.86804e-316 2.86804e-316 
2.83179e-316 2.83179e-316 2.83179e-316 2.83179e-316 
2.86133e-316 2.86133e-316 2.86133e-316 
2.92254e-316 2.92254e-316 2.92254e-316 
2.91095e-316 2.91095e-316 2.91095e-316 
1.82994e-316 1.82994e-316 1.82994e-316 
1.88709e-316 1.88709e-316 1.88709e-316 
2.86557e-316 2.86557e-316 2.86557e-316 
2.90265e-316 2.90265e-316 2.90265e-316 
2.90329e-316 2.90329e-316 2.90329e-316 
2.91543e-316 2.91543e-316 2.91543e-316 
2.91277e-316 2.91277e-316 2.91277e-316 2.91277e-316 
2.91051e-316 2.91051e-316 2.91051e-316 2.91051e-316 
1.82993e-316 1.82993e-316 1.82993e-316 1.82993e-316 
2.91292e-316 2.91292e-316 2.91292e-316 2.91292e-316 
2.87162e-316 2.87162e-316 2.87162e-316 2.87162e-316 
2.85545e-316 2.85545e-316 2.85545e-316 2.85545e-316 
2.91147e-316 2.91147e-316 2.91147e-316 2.91147e-316 
2.92592e-316 2.92592e-316 2.92592e-316 2.92592e-316 
2.91498e-316 2.91498e-316 2.91498e-316 2.91498e-316 
2.90238e-316 2.90238e-316 2.90238e-316 2.90238e-316 2.90238e-316 
2.90696e-316 2.90696e-316 2.90696e-316 2.90696e-316 2.90696e-316 
2.84568e-316 2.84568e-316 2.84568e-316 2.84568e-316 2.84568e-316 
2.122e-314 2.122e-314 2.122e-314 2.122e-314 2.122e-314 
2.84334e-316 2.84334e-316 2.84334e-316 2.84334e-316 2.84334e-316 
2.84569e-316 2.84569e-316 2.84569e-316 2.84569e-316 2.84569e-316 
2.84333e-316 2.84333e-316 2.84333e-316 2.84333e-316 2.84333e-316 
0 0 0 0 0 
0 0 0 0 0 
R=1parameters: 
-0.693087 -0.693087 
0.0686903 0.0686903 
-6.07487e-06 -6.07487e-06 
0.0157753 0.0157753 
-0.0134796 -0.0134796 
5.03038e+175 5.03038e+175 
3.5936e+246 3.5936e+246 
2.14726e+243 2.14726e+243 
5557.51 5557.51 
1.26975e-321 1.26975e-321 1.26975e-321 
2.16215e+08 2.16215e+08 2.16215e+08 
0.0005 0.0005 0.0005 
1 1 1 
0 0 0 
0 0 0 
238653 238653 238653 
-387100 -387100 -387100 
172308 172308 172308 
4.1032e-05 4.1032e-05 4.1032e-05 4.1032e-05 
3.21198e-05 3.21198e-05 3.21198e-05 3.21198e-05 
-2.85465e-09 -2.85465e-09 -2.85465e-09 -2.85465e-09 
7.09215e-07 7.09215e-07 7.09215e-07 7.09215e-07 
3.95604e-09 3.95604e-09 3.95604e-09 3.95604e-09 
4.94514e-09 4.94514e-09 4.94514e-09 4.94514e-09 
8.21268e-05 8.21268e-05 8.21268e-05 8.21268e-05 
0 0 0 0 
4.73167e+07 4.73167e+07 4.73167e+07 4.73167e+07 
1.07775e+07 1.07775e+07 1.07775e+07 
4.74303e-322 4.74303e-322 4.74303e-322 
3.16202e-322 3.16202e-322 3.16202e-322 
2.47033e-323 2.47033e-323 2.47033e-323 
2.84263e-316 2.84263e-316 2.84263e-316 
1.42738e+228 1.42738e+228 1.42738e+228 
0 0 0 
4.81359e+07 4.81359e+07 4.81359e+07 
2.91736e-316 2.91736e-316 2.91736e-316 
3.23796e-319 3.23796e-319 3.23796e-319 3.23796e-319 
1.63042e-322 1.63042e-322 1.63042e-322 1.63042e-322 
2.90789e-316 2.90789e-316 2.90789e-316 2.90789e-316 
-1.53037 -1.53037 -1.53037 -1.53037 
-0.0134796 -0.0134796 -0.0134796 -0.0134796 
5.58294e-322 5.58294e-322 5.58294e-322 5.58294e-322 
2.82506e-316 2.82506e-316 2.82506e-316 2.82506e-316 
2.84674e-316 2.84674e-316 2.84674e-316 2.84674e-316 
2.91828e-316 2.91828e-316 2.91828e-316 2.91828e-316 
2.90238e-316 2.90238e-316 2.90238e-316 2.90238e-316 2.90238e-316 
2.90696e-316 2.90696e-316 2.90696e-316 2.90696e-316 2.90696e-316 
2.84568e-316 2.84568e-316 2.84568e-316 2.84568e-316 2.84568e-316 
2.122e-314 2.122e-314 2.122e-314 2.122e-314 2.122e-314 
2.84334e-316 2.84334e-316 2.84334e-316 2.84334e-316 2.84334e-316 
2.84569e-316 2.84569e-316 2.84569e-316 2.84569e-316 2.84569e-316 
2.84333e-316 2.84333e-316 2.84333e-316 2.84333e-316 2.84333e-316 
0 0 0 0 0 
0 0 0 0 0 
R=2parameters: 
-0.692051 -0.692051 
0.0770902 0.0770902 
-8.54951e-06 -8.54951e-06 
0.0260043 0.0260043 
-0.0226339 -0.0226339 
5.03038e+175 5.03038e+175 
3.5936e+246 3.5936e+246 
2.14726e+243 2.14726e+243 
5557.51 5557.51 
1.26975e-321 1.26975e-321 1.26975e-321 
6.90915e-310 6.90915e-310 6.90915e-310 
9.56071e-07 9.56071e-07 9.56071e-07 
0 0 0 
0 0 0 
-0.0226339 -0.0226339 -0.0226339 
6.37345e-322 6.37345e-322 6.37345e-322 
2.90299e-316 2.90299e-316 2.90299e-316 
-1.23005e-08 -1.23005e-08 -1.23005e-08 
0 0 0 0 
0 0 0 0 
6.90901e-310 6.90901e-310 6.90901e-310 6.90901e-310 
2.90791e-316 2.90791e-316 2.90791e-316 2.90791e-316 
2.47033e-323 2.47033e-323 2.47033e-323 2.47033e-323 
-0.0282075 -0.0282075 -0.0282075 -0.0282075 
-0.0226339 -0.0226339 -0.0226339 -0.0226339 
2.86342e-316 2.86342e-316 2.86342e-316 2.86342e-316 
3.16202e-322 3.16202e-322 3.16202e-322 3.16202e-322 
2.37152e-322 2.37152e-322 2.37152e-322 
7.0854e-320 7.0854e-320 7.0854e-320 
-1.36335e-207 -1.36335e-207 -1.36335e-207 
8.6342e+07 8.6342e+07 8.6342e+07 
0 0 0 
4.74303e-322 4.74303e-322 4.74303e-322 
3.21143e-322 3.21143e-322 3.21143e-322 
2.47033e-323 2.47033e-323 2.47033e-323 
2.89122e-316 2.89122e-316 2.89122e-316 
2.47033e-323 2.47033e-323 2.47033e-323 2.47033e-323 
2.92356e-316 2.92356e-316 2.92356e-316 2.92356e-316 
2.1048e+07 2.1048e+07 2.1048e+07 2.1048e+07 
2.92383e-316 2.92383e-316 2.92383e-316 2.92383e-316 
3.23796e-319 3.23796e-319 3.23796e-319 3.23796e-319 
5.53354e-322 5.53354e-322 5.53354e-322 5.53354e-322 
2.82506e-316 2.82506e-316 2.82506e-316 2.82506e-316 
2.84674e-316 2.84674e-316 2.84674e-316 2.84674e-316 
2.91828e-316 2.91828e-316 2.91828e-316 2.91828e-316 
2.90238e-316 2.90238e-316 2.90238e-316 2.90238e-316 2.90238e-316 
2.90696e-316 2.90696e-316 2.90696e-316 2.90696e-316 2.90696e-316 
2.84568e-316 2.84568e-316 2.84568e-316 2.84568e-316 2.84568e-316 
2.122e-314 2.122e-314 2.122e-314 2.122e-314 2.122e-314 
2.84334e-316 2.84334e-316 2.84334e-316 2.84334e-316 2.84334e-316 
2.84569e-316 2.84569e-316 2.84569e-316 2.84569e-316 2.84569e-316 
2.84333e-316 2.84333e-316 2.84333e-316 2.84333e-316 2.84333e-316 
0 0 0 0 0 
0 0 0 0 0 
R=3parameters: 
-0.690813 -0.690813 
0.0819756 0.0819756 
-1.14736e-05 -1.14736e-05 
0.0345653 0.0345653 
-0.0297377 -0.0297377 
5.03038e+175 5.03038e+175 
3.5936e+246 3.5936e+246 
2.14726e+243 2.14726e+243 
5557.51 5557.51 
1.26975e-321 1.26975e-321 1.26975e-321 
1.061e-313 1.061e-313 1.061e-313 
0.213242 0.213242 0.213242 
1.01651 1.01651 1.01651 
0.0345653 0.0345653 0.0345653 
2.37152e-322 2.37152e-322 2.37152e-322 
1.63042e-322 1.63042e-322 1.63042e-322 
551866 551866 551866 
137924 137924 137924 
-124393 -124393 -124393 -124393 
-210616 -210616 -210616 -210616 
0 0 0 0 
3.16202e-322 3.16202e-322 3.16202e-322 3.16202e-322 
3.0301e-316 3.0301e-316 3.0301e-316 3.0301e-316 
2.90237e-316 2.90237e-316 2.90237e-316 2.90237e-316 
1.67772e+07 1.67772e+07 1.67772e+07 1.67772e+07 
4.00193e-322 4.00193e-322 4.00193e-322 4.00193e-322 
2.91499e-316 2.91499e-316 2.91499e-316 2.91499e-316 
2.91018e-316 2.91018e-316 2.91018e-316 
517.532 517.532 517.532 
-49.0403 -49.0403 -49.0403 
1.061e-313 1.061e-313 1.061e-313 
26245.4 26245.4 26245.4 
0.125 0.125 0.125 
0 0 0 
0 0 0 
2.42092e-322 2.42092e-322 2.42092e-322 
1 1 1 1 
0 0 0 0 
0.000965935 0.000965935 0.000965935 0.000965935 
243468 243468 243468 243468 
0 0 0 0 
5.58294e-322 5.58294e-322 5.58294e-322 5.58294e-322 
2.82506e-316 2.82506e-316 2.82506e-316 2.82506e-316 
2.84674e-316 2.84674e-316 2.84674e-316 2.84674e-316 
2.91828e-316 2.91828e-316 2.91828e-316 2.91828e-316 
2.90238e-316 2.90238e-316 2.90238e-316 2.90238e-316 2.90238e-316 
2.90696e-316 2.90696e-316 2.90696e-316 2.90696e-316 2.90696e-316 
2.84568e-316 2.84568e-316 2.84568e-316 2.84568e-316 2.84568e-316 
2.122e-314 2.122e-314 2.122e-314 2.122e-314 2.122e-314 
2.84334e-316 2.84334e-316 2.84334e-316 2.84334e-316 2.84334e-316 
2.84569e-316 2.84569e-316 2.84569e-316 2.84569e-316 2.84569e-316 
2.84333e-316 2.84333e-316 2.84333e-316 2.84333e-316 2.84333e-316 
0 0 0 0 0 
0 0 0 0 0 
R=4parameters: 
-0.689084 -0.689084 
0.0855167 0.0855167 
0.472351 0.472351 
103.245 103.245 
-314.097 -314.097 
5.03038e+175 5.03038e+175 
3.5936e+246 3.5936e+246 
2.14726e+243 2.14726e+243 
5557.51 5557.51 
4.00193e-322 4.00193e-322 4.00193e-322 
2.92211e-316 2.92211e-316 2.92211e-316 
3.04219e-316 3.04219e-316 3.04219e-316 
2.86891e-316 2.86891e-316 2.86891e-316 
2.92332e-316 2.92332e-316 2.92332e-316 
2.91177e-316 2.91177e-316 2.91177e-316 
0.924596 0.924596 0.924596 
0.867948 0.867948 0.867948 
0.809194 0.809194 0.809194 
0 0 0 0 
2.42092e-322 2.42092e-322 2.42092e-322 2.42092e-322 
1.061e-313 1.061e-313 1.061e-313 1.061e-313 
2.87031e-316 2.87031e-316 2.87031e-316 2.87031e-316 
0.03125 0.03125 0.03125 0.03125 
1.96407 1.96407 1.96407 1.96407 
6.32404e-322 6.32404e-322 6.32404e-322 6.32404e-322 
2.42092e-322 2.42092e-322 2.42092e-322 2.42092e-322 
0 0 0 0 
0.000754412 0.000754412 0.000754412 
3.00354e+06 3.00354e+06 3.00354e+06 
0 0 0 
0 0 0 
4.00193e-322 4.00193e-322 4.00193e-322 
2.86371e-316 2.86371e-316 2.86371e-316 
2.84263e-316 2.84263e-316 2.84263e-316 
0.0078125 0.0078125 0.0078125 
4.94066e-324 4.94066e-324 4.94066e-324 
0 0 0 0 
1.63042e-322 1.63042e-322 1.63042e-322 1.63042e-322 
2.6978e-316 2.6978e-316 2.6978e-316 2.6978e-316 
-1.36335e-207 -1.36335e-207 -1.36335e-207 -1.36335e-207 
2.90778e-316 2.90778e-316 2.90778e-316 2.90778e-316 
5.58294e-322 5.58294e-322 5.58294e-322 5.58294e-322 
2.82506e-316 2.82506e-316 2.82506e-316 2.82506e-316 
2.84674e-316 2.84674e-316 2.84674e-316 2.84674e-316 
2.91828e-316 2.91828e-316 2.91828e-316 2.91828e-316 
2.90238e-316 2.90238e-316 2.90238e-316 2.90238e-316 2.90238e-316 
2.90696e-316 2.90696e-316 2.90696e-316 2.90696e-316 2.90696e-316 
2.84568e-316 2.84568e-316 2.84568e-316 2.84568e-316 2.84568e-316 
2.122e-314 2.122e-314 2.122e-314 2.122e-314 2.122e-314 
2.84334e-316 2.84334e-316 2.84334e-316 2.84334e-316 2.84334e-316 
2.84569e-316 2.84569e-316 2.84569e-316 2.84569e-316 2.84569e-316 
2.84333e-316 2.84333e-316 2.84333e-316 2.84333e-316 2.84333e-316 
0 0 0 0 0 
0 0 0 0 0 
R=5parameters: 
-0.687397 -0.687397 
0.0881617 0.0881617 
-1.36737e-05 -1.36737e-05 
0.0555932 0.0555932 
-0.0502471 -0.0502471 
5.03038e+175 5.03038e+175 
3.5936e+246 3.5936e+246 
2.14726e+243 2.14726e+243 
5557.51 5557.51 
1.26975e-321 1.26975e-321 1.26975e-321 
2.90786e-316 2.90786e-316 2.90786e-316 
2.92354e-316 2.92354e-316 2.92354e-316 
3.042e-316 3.042e-316 3.042e-316 
2.90399e-316 2.90399e-316 2.90399e-316 
3.042e-316 3.042e-316 3.042e-316 
2.91018e-316 2.91018e-316 2.91018e-316 
0 0 0 
0 0 0 
0 0 0 0 
1.36992e-06 1.36992e-06 1.36992e-06 1.36992e-06 
0 0 0 0 
0 0 0 0 
0 0 0 0 
0 0 0 0 
1.67772e+07 1.67772e+07 1.67772e+07 1.67772e+07 
4.00193e-322 4.00193e-322 4.00193e-322 4.00193e-322 
2.92204e-316 2.92204e-316 2.92204e-316 2.92204e-316 
-1.36335e-207 -1.36335e-207 -1.36335e-207 
3.04361e-316 3.04361e-316 3.04361e-316 
2.91505e-316 2.91505e-316 2.91505e-316 
2.86403e-316 2.86403e-316 2.86403e-316 
2.91507e-316 2.91507e-316 2.91507e-316 
854619 854619 854619 
0.812553 0.812553 0.812553 
-15451.9 -15451.9 -15451.9 
2.42092e-322 2.42092e-322 2.42092e-322 
0.0107314 0.0107314 0.0107314 0.0107314 
0.963376 0.963376 0.963376 0.963376 
-0.0477154 -0.0477154 -0.0477154 -0.0477154 
0.0272352 0.0272352 0.0272352 0.0272352 
-0.0502471 -0.0502471 -0.0502471 -0.0502471 
5.58294e-322 5.58294e-322 5.58294e-322 5.58294e-322 
2.82506e-316 2.82506e-316 2.82506e-316 2.82506e-316 
2.84674e-316 2.84674e-316 2.84674e-316 2.84674e-316 
2.91828e-316 2.91828e-316 2.91828e-316 2.91828e-316 
2.90238e-316 2.90238e-316 2.90238e-316 2.90238e-316 2.90238e-316 
2.90696e-316 2.90696e-316 2.90696e-316 2.90696e-316 2.90696e-316 
2.84568e-316 2.84568e-316 2.84568e-316 2.84568e-316 2.84568e-316 
2.122e-314 2.122e-314 2.122e-314 2.122e-314 2.122e-314 
2.84334e-316 2.84334e-316 2.84334e-316 2.84334e-316 2.84334e-316 
2.84569e-316 2.84569e-316 2.84569e-316 2.84569e-316 2.84569e-316 
2.84333e-316 2.84333e-316 2.84333e-316 2.84333e-316 2.84333e-316 
0 0 0 0 0 
0 0 0 0 0 
R=6parameters: 
-0.684927 -0.684927 
0.0905503 0.0905503 
-1.47418e-05 -1.47418e-05 
0.0625142 0.0625142 
-0.0564564 -0.0564564 
5.03038e+175 5.03038e+175 
3.5936e+246 3.5936e+246 
2.14726e+243 2.14726e+243 
5557.51 5557.51 
1.26975e-321 1.26975e-321 1.26975e-321 
6.90915e-310 6.90915e-310 6.90915e-310 
-1.36335e-207 -1.36335e-207 -1.36335e-207 
1 1 1 
1 1 1 
1 1 1 
1 1 1 
1 1 1 
1 1 1 
9.2799e+242 9.2799e+242 9.2799e+242 9.2799e+242 
1.27874e-152 1.27874e-152 1.27874e-152 1.27874e-152 
1 1 1 1 
4.94066e-324 4.94066e-324 4.94066e-324 4.94066e-324 
3.23796e-319 3.23796e-319 3.23796e-319 3.23796e-319 
7.16395e-322 7.16395e-322 7.16395e-322 7.16395e-322 
2.87031e-316 2.87031e-316 2.87031e-316 2.87031e-316 
2.89133e-316 2.89133e-316 2.89133e-316 2.89133e-316 
101.586 101.586 101.586 101.586 
-101.743 -101.743 -101.743 
2.37152e-322 2.37152e-322 2.37152e-322 
2.37152e-322 2.37152e-322 2.37152e-322 
2.84085e-316 2.84085e-316 2.84085e-316 
0 0 0 
0 0 0 
0 0 0 
4.74303e-322 4.74303e-322 4.74303e-322 
2.37152e-322 2.37152e-322 2.37152e-322 
7.36212e-06 7.36212e-06 7.36212e-06 7.36212e-06 
2.91182e-316 2.91182e-316 2.91182e-316 2.91182e-316 
159709 159709 159709 159709 
2.122e-314 2.122e-314 2.122e-314 2.122e-314 
2.91499e-316 2.91499e-316 2.91499e-316 2.91499e-316 
5.58294e-322 5.58294e-322 5.58294e-322 5.58294e-322 
2.82506e-316 2.82506e-316 2.82506e-316 2.82506e-316 
2.84674e-316 2.84674e-316 2.84674e-316 2.84674e-316 
2.91828e-316 2.91828e-316 2.91828e-316 2.91828e-316 
2.90238e-316 2.90238e-316 2.90238e-316 2.90238e-316 2.90238e-316 
2.90696e-316 2.90696e-316 2.90696e-316 2.90696e-316 2.90696e-316 
2.84568e-316 2.84568e-316 2.84568e-316 2.84568e-316 2.84568e-316 
2.122e-314 2.122e-314 2.122e-314 2.122e-314 2.122e-314 
2.84334e-316 2.84334e-316 2.84334e-316 2.84334e-316 2.84334e-316 
2.84569e-316 2.84569e-316 2.84569e-316 2.84569e-316 2.84569e-316 
2.84333e-316 2.84333e-316 2.84333e-316 2.84333e-316 2.84333e-316 
0 0 0 0 0 
0 0 0 0 0 
R=7parameters: 
-0.682787 -0.682787 
0.0924658 0.0924658 
0.612973 0.612973 
1.46056 1.46056 
-13.2048 -13.2048 
5.03038e+175 5.03038e+175 
3.5936e+246 3.5936e+246 
2.14726e+243 2.14726e+243 
5557.51 5557.51 
2.42092e-322 2.42092e-322 2.42092e-322 
1.061e-313 1.061e-313 1.061e-313 
494847 494847 494847 
0.0165817 0.0165817 0.0165817 
502.247 502.247 502.247 
502.247 502.247 502.247 
2.42092e-322 2.42092e-322 2.42092e-322 
297.995 297.995 297.995 
0 0 0 
0 0 0 0 
0 0 0 0 
0 0 0 0 
0 0 0 0 
0 0 0 0 
0 0 0 0 
1.67772e+07 1.67772e+07 1.67772e+07 1.67772e+07 
4.00193e-322 4.00193e-322 4.00193e-322 4.00193e-322 
3.04166e-316 3.04166e-316 3.04166e-316 3.04166e-316 
2.84259e-316 2.84259e-316 2.84259e-316 
2.92203e-316 2.92203e-316 2.92203e-316 
2.8318e-316 2.8318e-316 2.8318e-316 
3.04333e-316 3.04333e-316 3.04333e-316 
2.86341e-316 2.86341e-316 2.86341e-316 
254314 254314 254314 
-2638.41 -2638.41 -2638.41 
1.02766e-321 1.02766e-321 1.02766e-321 
2.37152e-322 2.37152e-322 2.37152e-322 
2.90787e-316 2.90787e-316 2.90787e-316 2.90787e-316 
2.92356e-316 2.92356e-316 2.92356e-316 2.92356e-316 
6.90913e-310 6.90913e-310 6.90913e-310 6.90913e-310 
2.122e-314 2.122e-314 2.122e-314 2.122e-314 
1.26481e-321 1.26481e-321 1.26481e-321 1.26481e-321 
5.53354e-322 5.53354e-322 5.53354e-322 5.53354e-322 
2.82506e-316 2.82506e-316 2.82506e-316 2.82506e-316 
2.84674e-316 2.84674e-316 2.84674e-316 2.84674e-316 
2.91828e-316 2.91828e-316 2.91828e-316 2.91828e-316 
2.90238e-316 2.90238e-316 2.90238e-316 2.90238e-316 2.90238e-316 
2.90696e-316 2.90696e-316 2.90696e-316 2.90696e-316 2.90696e-316 
2.84568e-316 2.84568e-316 2.84568e-316 2.84568e-316 2.84568e-316 
2.122e-314 2.122e-314 2.122e-314 2.122e-314 2.122e-314 
2.84334e-316 2.84334e-316 2.84334e-316 2.84334e-316 2.84334e-316 
2.84569e-316 2.84569e-316 2.84569e-316 2.84569e-316 2.84569e-316 
2.84333e-316 2.84333e-316 2.84333e-316 2.84333e-316 2.84333e-316 
0 0 0 0 0 
0 0 0 0 0 
R=8parameters: 
-0.681182 -0.681182 
0.093934 0.093934 
-5.84041e-06 -5.84041e-06 
0.0791222 0.0791222 
-0.073459 -0.073459 
5.03038e+175 5.03038e+175 
3.5936e+246 3.5936e+246 
2.14726e+243 2.14726e+243 
5557.51 5557.51 
1.26975e-321 1.26975e-321 1.26975e-321 
2.90786e-316 2.90786e-316 2.90786e-316 
2.92354e-316 2.92354e-316 2.92354e-316 
5.59779e-08 5.59779e-08 5.59779e-08 
-3.44225e-08 -3.44225e-08 -3.44225e-08 
-5.93837e-09 -5.93837e-09 -5.93837e-09 
2.42092e-322 2.42092e-322 2.42092e-322 
0 0 0 
1.1057e+07 1.1057e+07 1.1057e+07 
1.91859e+06 1.91859e+06 1.91859e+06 1.91859e+06 
0 0 0 0 
0 0 0 0 
4.79244e-322 4.79244e-322 4.79244e-322 4.79244e-322 
2.92354e-316 2.92354e-316 2.92354e-316 2.92354e-316 
3.03039e-316 3.03039e-316 3.03039e-316 3.03039e-316 
0.00012207 0.00012207 0.00012207 0.00012207 
-7.85516 -7.85516 -7.85516 -7.85516 
2.37152e-322 2.37152e-322 2.37152e-322 2.37152e-322 
2.37152e-322 2.37152e-322 2.37152e-322 
2.90805e-316 2.90805e-316 2.90805e-316 
5229.72 5229.72 5229.72 
4456.21 4456.21 4456.21 
1288.65 1288.65 1288.65 
4.74303e-322 4.74303e-322 4.74303e-322 
3.16202e-322 3.16202e-322 3.16202e-322 
2.91117e-316 2.91117e-316 2.91117e-316 
2.90237e-316 2.90237e-316 2.90237e-316 
1.061e-313 1.061e-313 1.061e-313 1.061e-313 
5.59482e-05 5.59482e-05 5.59482e-05 5.59482e-05 
0.000488281 0.000488281 0.000488281 0.000488281 
0.000147298 0.000147298 0.000147298 0.000147298 
1.02766e-321 1.02766e-321 1.02766e-321 1.02766e-321 
5.58294e-322 5.58294e-322 5.58294e-322 5.58294e-322 
2.82506e-316 2.82506e-316 2.82506e-316 2.82506e-316 
2.84674e-316 2.84674e-316 2.84674e-316 2.84674e-316 
2.91828e-316 2.91828e-316 2.91828e-316 2.91828e-316 
2.90238e-316 2.90238e-316 2.90238e-316 2.90238e-316 2.90238e-316 
2.90696e-316 2.90696e-316 2.90696e-316 2.90696e-316 2.90696e-316 
2.84568e-316 2.84568e-316 2.84568e-316 2.84568e-316 2.84568e-316 
2.122e-314 2.122e-314 2.122e-314 2.122e-314 2.122e-314 
2.84334e-316 2.84334e-316 2.84334e-316 2.84334e-316 2.84334e-316 
2.84569e-316 2.84569e-316 2.84569e-316 2.84569e-316 2.84569e-316 
2.84333e-316 2.84333e-316 2.84333e-316 2.84333e-316 2.84333e-316 
0 0 0 0 0 
0 0 0 0 0 
R=9parameters: 
-0.679879 -0.679879 
0.0950352 0.0950352 
-1.68352e-05 -1.68352e-05 
0.0751118 0.0751118 
-0.067913 -0.067913 
5.03038e+175 5.03038e+175 
3.5936e+246 3.5936e+246 
2.14726e+243 2.14726e+243 
5557.51 5557.51 
1.26975e-321 1.26975e-321 1.26975e-321 
2.92354e-316 2.92354e-316 2.92354e-316 
2.90786e-316 2.90786e-316 2.90786e-316 
3.04511e-316 3.04511e-316 3.04511e-316 
2.8318e-316 2.8318e-316 2.8318e-316 
3.04511e-316 3.04511e-316 3.04511e-316 
2.42092e-322 2.42092e-322 2.42092e-322 
-0.697597 -0.697597 -0.697597 
3.98869e-05 3.98869e-05 3.98869e-05 
9.96102e-05 9.96102e-05 9.96102e-05 9.96102e-05 
596.021 596.021 596.021 596.021 
4.74303e-322 4.74303e-322 4.74303e-322 4.74303e-322 
2.37152e-322 2.37152e-322 2.37152e-322 2.37152e-322 
3.04601e-316 3.04601e-316 3.04601e-316 3.04601e-316 
2.02252e+06 2.02252e+06 2.02252e+06 2.02252e+06 
5229.44 5229.44 5229.44 5229.44 
0 0 0 0 
0 0 0 0 
3.21143e-322 3.21143e-322 3.21143e-322 
0 0 0 
1 1 1 
0 0 0 
0 0 0 
0 0 0 
0 0 0 
0 0 0 
1 1 1 
0.735686 0.735686 0.735686 0.735686 
-0.190574 -0.190574 -0.190574 -0.190574 
0.64996 0.64996 0.64996 0.64996 
0 0 0 0 
1.26481e-321 1.26481e-321 1.26481e-321 1.26481e-321 
5.58294e-322 5.58294e-322 5.58294e-322 5.58294e-322 
2.82506e-316 2.82506e-316 2.82506e-316 2.82506e-316 
2.84674e-316 2.84674e-316 2.84674e-316 2.84674e-316 
2.91828e-316 2.91828e-316 2.91828e-316 2.91828e-316 
2.90238e-316 2.90238e-316 2.90238e-316 2.90238e-316 2.90238e-316 
2.90696e-316 2.90696e-316 2.90696e-316 2.90696e-316 2.90696e-316 
2.84568e-316 2.84568e-316 2.84568e-316 2.84568e-316 2.84568e-316 
2.122e-314 2.122e-314 2.122e-314 2.122e-314 2.122e-314 
2.84334e-316 2.84334e-316 2.84334e-316 2.84334e-316 2.84334e-316 
2.84569e-316 2.84569e-316 2.84569e-316 2.84569e-316 2.84569e-316 
2.84333e-316 2.84333e-316 2.84333e-316 2.84333e-316 2.84333e-316 
0 0 0 0 0 
0 0 0 0 0 
R=10parameters: 
-0.679007 -0.679007 
0.0957714 0.0957714 
-1.46659e-05 -1.46659e-05 
0.0780603 0.0780603 
-0.0709449 -0.0709449 
5.03038e+175 5.03038e+175 
3.5936e+246 3.5936e+246 
2.14726e+243 2.14726e+243 
5557.51 5557.51 
1.26975e-321 1.26975e-321 1.26975e-321 
2.92354e-316 2.92354e-316 2.92354e-316 
3.04151e-316 3.04151e-316 3.04151e-316 
2.32988e+07 2.32988e+07 2.32988e+07 
2.48237e+08 2.48237e+08 2.48237e+08 
2.37152e-322 2.37152e-322 2.37152e-322 
3.16202e-322 3.16202e-322 3.16202e-322 
0 0 0 
0 0 0 
0 0 0 0 
1.67772e+07 1.67772e+07 1.67772e+07 1.67772e+07 
0 0 0 0 
1.63042e-322 1.63042e-322 1.63042e-322 1.63042e-322 
0 0 0 0 
2.42092e-322 2.42092e-322 2.42092e-322 2.42092e-322 
2.9256e-316 2.9256e-316 2.9256e-316 2.9256e-316 
4.00193e-322 4.00193e-322 4.00193e-322 4.00193e-322 
2.92355e-316 2.92355e-316 2.92355e-316 2.92355e-316 
-1.36335e-207 -1.36335e-207 -1.36335e-207 
2.9033e-316 2.9033e-316 2.9033e-316 
2.86192e-316 2.86192e-316 2.86192e-316 
2.90433e-316 2.90433e-316 2.90433e-316 
2.918e-316 2.918e-316 2.918e-316 
497250 497250 497250 
-0.0975688 -0.0975688 -0.0975688 
3.95253e-322 3.95253e-322 3.95253e-322 
2.42092e-322 2.42092e-322 2.42092e-322 
3.91198e+06 3.91198e+06 3.91198e+06 3.91198e+06 
2.04479e+07 2.04479e+07 2.04479e+07 2.04479e+07 
6.1816e+09 6.1816e+09 6.1816e+09 6.1816e+09 
-22193.7 -22193.7 -22193.7 -22193.7 
10103.7 10103.7 10103.7 10103.7 
5.58294e-322 5.58294e-322 5.58294e-322 5.58294e-322 
2.82506e-316 2.82506e-316 2.82506e-316 2.82506e-316 
2.84674e-316 2.84674e-316 2.84674e-316 2.84674e-316 
2.91828e-316 2.91828e-316 2.91828e-316 2.91828e-316 
2.90238e-316 2.90238e-316 2.90238e-316 2.90238e-316 2.90238e-316 
2.90696e-316 2.90696e-316 2.90696e-316 2.90696e-316 2.90696e-316 
2.84568e-316 2.84568e-316 2.84568e-316 2.84568e-316 2.84568e-316 
2.122e-314 2.122e-314 2.122e-314 2.122e-314 2.122e-314 
2.84334e-316 2.84334e-316 2.84334e-316 2.84334e-316 2.84334e-316 
2.84569e-316 2.84569e-316 2.84569e-316 2.84569e-316 2.84569e-316 
2.84333e-316 2.84333e-316 2.84333e-316 2.84333e-316 2.84333e-316 
0 0 0 0 0 
0 0 0 0 0 
R=11parameters: 
-0.678567 -0.678567 
0.0960721 0.0960721 
-2.18704e-05 -2.18704e-05 
0.0733064 0.0733064 
-0.0649004 -0.0649004 
5.03038e+175 5.03038e+175 
3.5936e+246 3.5936e+246 
2.14726e+243 2.14726e+243 
5557.51 5557.51 
1.26975e-321 1.26975e-321 1.26975e-321 
2.91017e-316 2.91017e-316 2.91017e-316 
2.90786e-316 2.90786e-316 2.90786e-316 
0 0 0 
0 0 0 
2.37152e-322 2.37152e-322 2.37152e-322 
2.37152e-322 2.37152e-322 2.37152e-322 
2.16344e-05 2.16344e-05 2.16344e-05 
0 0 0 
248213 248213 248213 248213 
59386.8 59386.8 59386.8 59386.8 
0 0 0 0 
7.95446e-322 7.95446e-322 7.95446e-322 7.95446e-322 
6.90915e-310 6.90915e-310 6.90915e-310 6.90915e-310 
3.0462e-316 3.0462e-316 3.0462e-316 3.0462e-316 
1.86431e-07 1.86431e-07 1.86431e-07 1.86431e-07 
8.88323e-05 8.88323e-05 8.88323e-05 8.88323e-05 
-1.32076e-06 -1.32076e-06 -1.32076e-06 -1.32076e-06 
4.87058e-10 4.87058e-10 4.87058e-10 
0 0 0 
0 0 0 
0 0 0 
1.67772e+07 1.67772e+07 1.67772e+07 
1916.82 1916.82 1916.82 
4.94066e-324 4.94066e-324 4.94066e-324 
0 0 0 
2.42092e-322 2.42092e-322 2.42092e-322 
0.153532 0.153532 0.153532 0.153532 
0.00172102 0.00172102 0.00172102 0.00172102 
0.0256981 0.0256981 0.0256981 0.0256981 
0 0 0 0 
0 0 0 0 
5.58294e-322 5.58294e-322 5.58294e-322 5.58294e-322 
2.82506e-316 2.82506e-316 2.82506e-316 2.82506e-316 
2.84674e-316 2.84674e-316 2.84674e-316 2.84674e-316 
2.91828e-316 2.91828e-316 2.91828e-316 2.91828e-316 
2.90238e-316 2.90238e-316 2.90238e-316 2.90238e-316 2.90238e-316 
2.90696e-316 2.90696e-316 2.90696e-316 2.90696e-316 2.90696e-316 
2.84568e-316 2.84568e-316 2.84568e-316 2.84568e-316 2.84568e-316 
2.122e-314 2.122e-314 2.122e-314 2.122e-314 2.122e-314 
2.84334e-316 2.84334e-316 2.84334e-316 2.84334e-316 2.84334e-316 
2.84569e-316 2.84569e-316 2.84569e-316 2.84569e-316 2.84569e-316 
2.84333e-316 2.84333e-316 2.84333e-316 2.84333e-316 2.84333e-316 
0 0 0 0 0 
0 0 0 0 0 
T Models:
(* Fitting with shape 1 1 1 1 1 1 1 1 1 1 0 0 *)
G[T_,xx_]:=Exp[0+xx[[1]]*T^1+xx[[2]]*T^2]*(1)
(* Fitting with shape 1 1 1 1 1 1 1 1 1 1 1 0 *)
G[T_,xx_]:=Exp[0+xx[[1]]*T^1+xx[[2]]*T^2]*(1)
(* Fitting with shape 1 1 1 1 1 1 1 1 1 1 1 1 *)
G[T_,xx_]:=Exp[0+xx[[1]]*T^1+xx[[2]]*T^2]*(1)
(* Fitting with shape 0 1 1 1 1 1 1 1 1 1 0 0 *)
G[T_,xx_]:=Exp[0+xx[[1]]*T^1+xx[[2]]*T^2]*(1)
(* Fitting with shape 0 1 1 1 1 1 1 1 1 1 1 0 *)
G[T_,xx_]:=Exp[0+xx[[1]]*T^1+xx[[2]]*T^2]*(1)
(* Fitting with shape 0 1 1 1 1 1 1 1 1 1 1 1 *)
G[T_,xx_]:=Exp[0+xx[[1]]*T^1+xx[[2]]*T^2]*(1)
(* Fitting with shape 0 0 1 1 1 1 1 1 1 1 0 0 *)
G[T_,xx_]:=Exp[0+xx[[1]]*T^1+xx[[2]]*T^2]*(1)
(* Fitting with shape 0 0 1 1 1 1 1 1 1 1 1 0 *)
G[T_,xx_]:=Exp[0+xx[[1]]*T^1+xx[[2]]*T^2]*(1)
(* Fitting with shape 0 0 1 1 1 1 1 1 1 1 1 1 *)
G[T_,xx_]:=Exp[0+xx[[1]]*T^1+xx[[2]]*T^2]*(1)
(* Fitting with shape 1 1 1 1 1 1 1 1 1 1 0 0 *)
G[T_,xx_]:=Exp[0+xx[[1]]*T^1+xx[[2]]*T^2]*(1+xx[[3]]/(T^1))
(* Fitting with shape 1 1 1 1 1 1 1 1 1 1 1 0 *)
G[T_,xx_]:=Exp[0+xx[[1]]*T^1+xx[[2]]*T^2]*(1+xx[[3]]/(T^1))
(* Fitting with shape 1 1 1 1 1 1 1 1 1 1 1 1 *)
G[T_,xx_]:=Exp[0+xx[[1]]*T^1+xx[[2]]*T^2]*(1+xx[[3]]/(T^1))
(* Fitting with shape 0 1 1 1 1 1 1 1 1 1 0 0 *)
G[T_,xx_]:=Exp[0+xx[[1]]*T^1+xx[[2]]*T^2]*(1+xx[[3]]/(T^1))
(* Fitting with shape 0 1 1 1 1 1 1 1 1 1 1 0 *)
G[T_,xx_]:=Exp[0+xx[[1]]*T^1+xx[[2]]*T^2]*(1+xx[[3]]/(T^1))
(* Fitting with shape 0 1 1 1 1 1 1 1 1 1 1 1 *)
G[T_,xx_]:=Exp[0+xx[[1]]*T^1+xx[[2]]*T^2]*(1+xx[[3]]/(T^1))
(* Fitting with shape 0 0 1 1 1 1 1 1 1 1 0 0 *)
G[T_,xx_]:=Exp[0+xx[[1]]*T^1+xx[[2]]*T^2]*(1+xx[[3]]/(T^1))
(* Fitting with shape 0 0 1 1 1 1 1 1 1 1 1 0 *)
G[T_,xx_]:=Exp[0+xx[[1]]*T^1+xx[[2]]*T^2]*(1+xx[[3]]/(T^1))
(* Fitting with shape 0 0 1 1 1 1 1 1 1 1 1 1 *)
G[T_,xx_]:=Exp[0+xx[[1]]*T^1+xx[[2]]*T^2]*(1+xx[[3]]/(T^1))
(* Fitting with shape 1 1 1 1 1 1 1 1 1 1 0 0 *)
G[T_,xx_]:=Exp[0+xx[[1]]*T^1+xx[[2]]*T^2]*(1+xx[[3]]/(T^1)+xx[[4]]/(T^2))
(* Fitting with shape 1 1 1 1 1 1 1 1 1 1 1 0 *)
G[T_,xx_]:=Exp[0+xx[[1]]*T^1+xx[[2]]*T^2]*(1+xx[[3]]/(T^1)+xx[[4]]/(T^2))
(* Fitting with shape 1 1 1 1 1 1 1 1 1 1 1 1 *)
G[T_,xx_]:=Exp[0+xx[[1]]*T^1+xx[[2]]*T^2]*(1+xx[[3]]/(T^1)+xx[[4]]/(T^2))
(* Fitting with shape 0 1 1 1 1 1 1 1 1 1 0 0 *)
G[T_,xx_]:=Exp[0+xx[[1]]*T^1+xx[[2]]*T^2]*(1+xx[[3]]/(T^1)+xx[[4]]/(T^2))
(* Fitting with shape 0 1 1 1 1 1 1 1 1 1 1 0 *)
G[T_,xx_]:=Exp[0+xx[[1]]*T^1+xx[[2]]*T^2]*(1+xx[[3]]/(T^1)+xx[[4]]/(T^2))
(* Fitting with shape 0 1 1 1 1 1 1 1 1 1 1 1 *)
G[T_,xx_]:=Exp[0+xx[[1]]*T^1+xx[[2]]*T^2]*(1+xx[[3]]/(T^1)+xx[[4]]/(T^2))
(* Fitting with shape 0 0 1 1 1 1 1 1 1 1 0 0 *)
G[T_,xx_]:=Exp[0+xx[[1]]*T^1+xx[[2]]*T^2]*(1+xx[[3]]/(T^1)+xx[[4]]/(T^2))
(* Fitting with shape 0 0 1 1 1 1 1 1 1 1 1 0 *)
G[T_,xx_]:=Exp[0+xx[[1]]*T^1+xx[[2]]*T^2]*(1+xx[[3]]/(T^1)+xx[[4]]/(T^2))
(* Fitting with shape 0 0 1 1 1 1 1 1 1 1 1 1 *)
G[T_,xx_]:=Exp[0+xx[[1]]*T^1+xx[[2]]*T^2]*(1+xx[[3]]/(T^1)+xx[[4]]/(T^2))
(* Fitting with shape 1 1 1 1 1 1 1 1 1 1 0 0 *)
G[T_,xx_]:=Exp[0+xx[[1]]*T^1+xx[[2]]*T^2+xx[[3]]*T^3]*(1)
(* Fitting with shape 1 1 1 1 1 1 1 1 1 1 1 0 *)
G[T_,xx_]:=Exp[0+xx[[1]]*T^1+xx[[2]]*T^2+xx[[3]]*T^3]*(1)
(* Fitting with shape 1 1 1 1 1 1 1 1 1 1 1 1 *)
G[T_,xx_]:=Exp[0+xx[[1]]*T^1+xx[[2]]*T^2+xx[[3]]*T^3]*(1)
(* Fitting with shape 0 1 1 1 1 1 1 1 1 1 0 0 *)
G[T_,xx_]:=Exp[0+xx[[1]]*T^1+xx[[2]]*T^2+xx[[3]]*T^3]*(1)
(* Fitting with shape 0 1 1 1 1 1 1 1 1 1 1 0 *)
G[T_,xx_]:=Exp[0+xx[[1]]*T^1+xx[[2]]*T^2+xx[[3]]*T^3]*(1)
(* Fitting with shape 0 1 1 1 1 1 1 1 1 1 1 1 *)
G[T_,xx_]:=Exp[0+xx[[1]]*T^1+xx[[2]]*T^2+xx[[3]]*T^3]*(1)
(* Fitting with shape 0 0 1 1 1 1 1 1 1 1 0 0 *)
G[T_,xx_]:=Exp[0+xx[[1]]*T^1+xx[[2]]*T^2+xx[[3]]*T^3]*(1)
(* Fitting with shape 0 0 1 1 1 1 1 1 1 1 1 0 *)
G[T_,xx_]:=Exp[0+xx[[1]]*T^1+xx[[2]]*T^2+xx[[3]]*T^3]*(1)
(* Fitting with shape 0 0 1 1 1 1 1 1 1 1 1 1 *)
G[T_,xx_]:=Exp[0+xx[[1]]*T^1+xx[[2]]*T^2+xx[[3]]*T^3]*(1)
(* Fitting with shape 1 1 1 1 1 1 1 1 1 1 0 0 *)
G[T_,xx_]:=Exp[0+xx[[1]]*T^1+xx[[2]]*T^2+xx[[3]]*T^3]*(1+xx[[4]]/(T^1))
(* Fitting with shape 1 1 1 1 1 1 1 1 1 1 1 0 *)
G[T_,xx_]:=Exp[0+xx[[1]]*T^1+xx[[2]]*T^2+xx[[3]]*T^3]*(1+xx[[4]]/(T^1))
(* Fitting with shape 1 1 1 1 1 1 1 1 1 1 1 1 *)
G[T_,xx_]:=Exp[0+xx[[1]]*T^1+xx[[2]]*T^2+xx[[3]]*T^3]*(1+xx[[4]]/(T^1))
(* Fitting with shape 0 1 1 1 1 1 1 1 1 1 0 0 *)
G[T_,xx_]:=Exp[0+xx[[1]]*T^1+xx[[2]]*T^2+xx[[3]]*T^3]*(1+xx[[4]]/(T^1))
(* Fitting with shape 0 1 1 1 1 1 1 1 1 1 1 0 *)
G[T_,xx_]:=Exp[0+xx[[1]]*T^1+xx[[2]]*T^2+xx[[3]]*T^3]*(1+xx[[4]]/(T^1))
(* Fitting with shape 0 1 1 1 1 1 1 1 1 1 1 1 *)
G[T_,xx_]:=Exp[0+xx[[1]]*T^1+xx[[2]]*T^2+xx[[3]]*T^3]*(1+xx[[4]]/(T^1))
(* Fitting with shape 0 0 1 1 1 1 1 1 1 1 0 0 *)
G[T_,xx_]:=Exp[0+xx[[1]]*T^1+xx[[2]]*T^2+xx[[3]]*T^3]*(1+xx[[4]]/(T^1))
(* Fitting with shape 0 0 1 1 1 1 1 1 1 1 1 0 *)
G[T_,xx_]:=Exp[0+xx[[1]]*T^1+xx[[2]]*T^2+xx[[3]]*T^3]*(1+xx[[4]]/(T^1))
(* Fitting with shape 0 0 1 1 1 1 1 1 1 1 1 1 *)
G[T_,xx_]:=Exp[0+xx[[1]]*T^1+xx[[2]]*T^2+xx[[3]]*T^3]*(1+xx[[4]]/(T^1))
(* Fitting with shape 1 1 1 1 1 1 1 1 1 1 0 0 *)
G[T_,xx_]:=Exp[0+xx[[1]]*T^1+xx[[2]]*T^2+xx[[3]]*T^3]*(1+xx[[4]]/(T^1)+xx[[5]]/(T^2))
(* Fitting with shape 1 1 1 1 1 1 1 1 1 1 1 0 *)
G[T_,xx_]:=Exp[0+xx[[1]]*T^1+xx[[2]]*T^2+xx[[3]]*T^3]*(1+xx[[4]]/(T^1)+xx[[5]]/(T^2))
(* Fitting with shape 1 1 1 1 1 1 1 1 1 1 1 1 *)
G[T_,xx_]:=Exp[0+xx[[1]]*T^1+xx[[2]]*T^2+xx[[3]]*T^3]*(1+xx[[4]]/(T^1)+xx[[5]]/(T^2))
(* Fitting with shape 0 1 1 1 1 1 1 1 1 1 0 0 *)
G[T_,xx_]:=Exp[0+xx[[1]]*T^1+xx[[2]]*T^2+xx[[3]]*T^3]*(1+xx[[4]]/(T^1)+xx[[5]]/(T^2))
(* Fitting with shape 0 1 1 1 1 1 1 1 1 1 1 0 *)
G[T_,xx_]:=Exp[0+xx[[1]]*T^1+xx[[2]]*T^2+xx[[3]]*T^3]*(1+xx[[4]]/(T^1)+xx[[5]]/(T^2))
(* Fitting with shape 0 1 1 1 1 1 1 1 1 1 1 1 *)
G[T_,xx_]:=Exp[0+xx[[1]]*T^1+xx[[2]]*T^2+xx[[3]]*T^3]*(1+xx[[4]]/(T^1)+xx[[5]]/(T^2))
(* Fitting with shape 0 0 1 1 1 1 1 1 1 1 0 0 *)
G[T_,xx_]:=Exp[0+xx[[1]]*T^1+xx[[2]]*T^2+xx[[3]]*T^3]*(1+xx[[4]]/(T^1)+xx[[5]]/(T^2))
(* Fitting with shape 0 0 1 1 1 1 1 1 1 1 1 0 *)
G[T_,xx_]:=Exp[0+xx[[1]]*T^1+xx[[2]]*T^2+xx[[3]]*T^3]*(1+xx[[4]]/(T^1)+xx[[5]]/(T^2))
(* Fitting with shape 0 0 1 1 1 1 1 1 1 1 1 1 *)
G[T_,xx_]:=Exp[0+xx[[1]]*T^1+xx[[2]]*T^2+xx[[3]]*T^3]*(1+xx[[4]]/(T^1)+xx[[5]]/(T^2))
Probabilities: 
        0         0         0         0         0         0         0         0         0         0         0         0         0         0         0         0         0         0         0         0         0         0         0         0 0.0210579         0         0         0         0         0         0         0         0         0         0         0         0         0         0         0         0         0         0         0         0         0         0         0         0         0         0  0.978942         0         0
        0         0         0         0         0         0         0         0         0         0         0         0         0         0         0         0         0         0         0         0         0         0         0         0  0.144555         0         0         0         0         0         0         0         0         0         0         0         0         0         0         0         0         0  0.330287         0         0         0         0         0         0         0         0  0.525157         0         0
        0         0         0         0         0         0         0         0         0         0         0         0         0         0         0         0         0         0         0         0         0         0         0         0  0.288828         0         0         0         0         0         0         0         0         0         0         0         0         0         0         0         0         0  0.711172         0         0         0         0         0         0         0         0         0         0         0
        0         0         0         0         0         0         0         0         0         0         0         0         0         0         0         0         0         0         0         0         0         0         0         0  0.475976         0         0         0         0         0         0         0         0         0         0         0         0         0         0         0         0         0         0         0         0         0         0         0         0         0         0  0.524024         0         0
        0         0         0         0         0         0         0         0         0         0         0         0         0         0         0         0         0         0         0         0         0         0         0         0         0         0         0         0         0         0         0         0         0         0         0         0         0         0         0         0         0         0    0.6733         0         0         0         0         0         0         0         0    0.3267         0         0
        0         0         0         0         0         0         0         0         0         0         0         0         0         0         0         0         0         0         0         0         0         0         0         0   0.32661         0         0         0         0         0         0         0         0         0         0         0         0         0         0         0         0         0  0.461373         0         0         0         0         0         0         0         0  0.212017         0         0
        0         0         0         0         0         0         0         0         0         0         0         0         0         0         0         0         0         0         0         0         0         0         0         0  0.354138         0         0         0         0         0         0         0         0         0         0         0         0         0         0         0         0         0   0.44719         0         0         0         0         0         0         0         0  0.198672         0         0
        0         0         0         0         0         0         0         0         0         0         0         0         0         0         0         0         0         0         0         0         0         0         0         0  0.377819         0         0         0         0         0         0         0         0         0         0         0         0         0         0         0         0         0  0.432041         0         0         0         0         0         0         0         0  0.190141         0         0
        0         0         0         0         0         0         0         0         0         0         0         0         0         0         0         0         0         0         0         0         0         0         0         0  0.344891         0         0         0         0         0         0         0         0         0         0         0         0         0         0         0         0         0  0.466304         0         0         0         0         0         0         0         0  0.188805         0         0
        0         0         0         0         0         0         0         0         0         0         0         0         0         0         0         0         0         0         0         0         0         0         0         0         1         0         0         0         0         0         0         0         0         0         0         0         0         0         0         0         0         0         0         0         0         0         0         0         0         0         0         0         0         0
        0         0         0         0         0         0         0         0         0         0         0         0         0         0         0         0         0         0         0         0         0         0         0         0         0         0         0         0         0         0         0         0         0         0         0         0         0         0         0         0         0         0  0.717798         0         0         0         0         0         0         0         0  0.282202         0         0
        0         0         0         0         0         0         0         0         0         0         0         0         0         0         0         0         0         0         0         0         0         0         0         0  0.664365         0         0         0         0         0         0         0         0         0         0         0         0         0         0         0         0         0         0         0         0         0         0         0         0         0         0  0.335635         0         0

Values: 
  0.0503614   0.0503425   0.0503466   0.0502248   0.0502122    0.050219   0.0501029   0.0500917   0.0500937   0.0500495   0.0500418   0.0500445   0.0499066   0.0499003   0.0499004   0.0498338   0.0498303   0.0498316   0.0498285   0.0498248   0.0498258    0.420353   0.0497248    0.418437   0.0496602   0.0496686   0.0496658      1.1698   0.0509926     1.17328     1.13452      1.1318    0.496287     1.34158    0.050636     1.07652     0.96326   0.0505545    0.951023   0.0503346     0.91187   0.0502729      4.5049   0.0501249   0.0501144           1           1           1     1.05977     1.20722     1.37822   0.0498828   0.0497618   0.0498155
  0.0686914   0.0686903   0.0687231   0.0686222   0.0686195   0.0686598   0.0686644    0.167665   0.0686784    0.170529   0.0685563    0.068575   0.0685281   0.0685259    0.819714   0.0684264    0.512483    0.549745   0.0684408    0.152891   0.0684292   0.0682752   0.0682781     0.12347   0.0681963   0.0682169    0.068205      1.1589    0.242863     1.15257     1.12626      1.1136     1.21249     1.06059     1.04894   0.0695624    0.968497     1.00991     1.00551   0.0692843     1.27759    0.069107   0.0690532    0.727893   0.0688821           1           1           1    0.742247    0.886253   0.0685776   0.0686798   0.0682577   0.0684228
  0.0770979   0.0770902   0.0771171    0.761164   0.0770889    0.129645   0.0772343    0.077229   0.0772215   0.0904201   0.0865659   0.0771006   0.0771161   0.0771135   0.0770826    0.360933    0.371634    0.375109   0.0770139   0.0770119   0.0769805   0.0768062   0.0768187   0.0767883   0.0767052    0.076756     0.58836     1.05002   0.0790576     1.21266     1.37318     1.16823     1.15456     1.04184     1.33084     1.04029    0.889479   0.0783072   0.0782963   0.0782753    0.923807    0.851125   0.0779564   0.0775942   0.0776029           1           1           1    0.742274    0.077081   0.0771871     2.91675   0.0765251   0.0770215
  0.0820051   0.0819756   0.0819764   0.0820965   0.0820759   0.0820786   0.0823271   0.0823044   0.0822528   0.0821932   0.0821794   0.0821495   0.0822601   0.0822496     0.08218    0.434068   0.0821301    0.513104    0.231624   0.0821514    0.256063    0.915842    0.930737    0.911488   0.0817853   0.0818819   0.0818169     1.03549     1.03816     1.20653   0.0849493     1.22093     1.15712     1.33966     1.03888     1.32992     0.97131    0.971802    0.975591     1.39176   0.0833175   0.0833136    0.820656   0.0828714   0.0829195           1           1           1    0.082997    -1.35634     4.46372   0.0829084   0.0813039     1.05076
  0.0855536   0.0855167   0.0854598     0.08567   0.0856455   0.0855992   0.0859616   0.0859316   0.0858207   0.0858032    0.085787   0.0857112    0.085902    0.244859    0.290539    0.463168   0.0857561   0.0856503    0.085785    0.286839   0.0856756    0.874669     0.90666    0.882198    0.628234   0.0854667    0.558778     1.02629     1.01309     1.08893   0.0891686   0.0883635     1.16266    -69.1746     1.03938     1.33842     1.02782   0.0877324     1.00284    0.957317     0.78991   0.0871836   0.0874775   0.0865776   0.0866836           1           1           1   0.0868922     1.19579   0.0860179   0.0866987   0.0844625   0.0857293
  0.0882134   0.0881617   0.0880584   0.0883509   0.0883171   0.0882302   0.0887426   0.0887096    0.216795   0.0885417   0.0885224   0.0884109    0.742405    0.854917    0.851025           1    0.088536   0.0884023    0.183697   0.0885678   0.0884338    0.694688    0.837075    0.370299   0.0880299   0.0882209    0.088082     1.14644    0.201926   0.0920005     1.24829     1.22478     1.23978      1.0069     1.00373     1.01803    0.963527    0.090739    0.963199    0.939201   0.0900914    0.929756   0.0905006    0.478883   0.0895614           1           1           1    0.270977   -0.114869     1.07731   0.0895748   0.0868297   0.0884797
  0.0905801   0.0905503   0.0903925    0.090618   0.0906006   0.0904615   0.0910051   0.0909883    0.116821   0.0907689   0.0907608   0.0906063    0.090925   0.0909212   0.0907381   0.0907398   0.0907458   0.0905857   0.0907817   0.0907835   0.0906211    0.397766   0.0904678   0.0903211   0.0901752   0.0904098   0.0902384    0.200678      1.5243      1.5263   0.0948396     1.27778     1.16314     1.30456     1.00663      1.0531   0.0940778   0.0930844    0.936212   0.0935224   0.0923642   0.0924322   0.0928983    0.091575   0.0917717           1           1           1    -1.17353   0.0903244      1.1043   0.0918342   0.0884536    0.560235
  0.0924871   0.0924658   0.0922813   0.0924204   0.0924077   0.0922358     0.23454   0.0927784   0.0925387   0.0925216   0.0925169   0.0923301   0.0926723   0.0926705   0.0924589   0.0924679   0.0924745   0.0922886    0.717926    0.668383    0.606828     0.09209   0.0921701   0.0919989   0.0918526   0.0921216   0.0919174   0.0975214     1.12156     1.11568     1.24904     1.32094     1.42999     1.07767     1.00601     1.00248    0.095982    0.993122   0.0949193   0.0954387   0.0941491    -39.4238   0.0947562   0.0932746    0.624764           1           1   0.0937657   0.0939233    -1.36214    0.810103   0.0935364   0.0897586   0.0920753
   0.093959    0.093934   0.0936834   0.0938131   0.0937968   0.0935715    0.162352   0.0941199   0.0938403   0.0938597   0.0938532   0.0936263    0.649139    0.114627    0.809991   0.0937733   0.0937815   0.0935631    0.688161    0.599012    0.528121    0.825581    0.893268    0.869681   0.0931037   0.0933966   0.0931494   0.0990404     1.06925     1.07698     1.29521     1.22651     1.11535     1.01185     1.00616     1.00289   0.0974301   0.0963645   0.0963636     1.18771    0.901713    0.095662   0.0962229    0.541441     1.85018   0.0965597   0.0949799   0.0951946   0.0954118    0.430827    0.743493    0.095228    0.091057   0.0936051
  0.0950459   0.0950352   0.0947743    0.622018   0.0948401   0.0946047    0.216501    0.203553   0.0948367   0.0948477   0.0948437   0.0946097   0.0949367   0.0949359   0.0946906   0.0947125   0.0947212   0.0944969    0.724728    0.644669    0.403394    0.824363    0.887021    0.865562   0.0940154   0.0943292   0.0940673     1.17375     1.15384     1.14732     1.33504     1.33714   0.0621395     1.09566     1.00611     1.01377    0.984593    0.056609    0.961914    0.935703     1.00207   0.0965962           1    0.721084    0.095847   0.0975488   0.0958894   -0.029131      1.1275        -6.6    0.869738    0.002196   0.0917891   0.0944635
  0.0957674   0.0957714   0.0954908    0.095507   0.0955042   0.0952467   0.0957486   0.0957492     0.24229   0.0954644   0.0954631   0.0952111    0.127775   0.0955347   0.0952766     0.44338    0.095306   0.0950691    0.788628    0.726793 -0.00496368     0.33264    0.094947    0.094718    0.642071    0.094896   0.0946067     1.02935     1.05571   0.0996492     1.33691     1.20501     1.16873     1.06014    0.975276    0.979954   0.0990074    0.972505   0.0979217     1.09252   0.0970777   0.0972168   0.0977936   0.0961262   0.0964644   0.0981635     0.45209   0.0967468    0.856882    0.788846   0.0954498   0.0968559    0.563448   0.0951978
  0.0960635   0.0960721   0.0958102   0.0957695   0.0957692   0.0955425   0.0959829   0.0959846   0.0957219   0.0956946    0.095694   0.0954747    0.900797    0.928524    0.918702     0.33083   0.0955089   0.0952978    0.796879     0.74978    0.686638    0.863787    0.897034    0.879804   0.0947776    0.095119   0.0948536    0.100924     1.03349     1.03241     1.28946      1.2362   0.0989516     1.04759     1.09915     1.00572   0.0992012    0.943802    0.933776    0.493048     1.01866   0.0973243    0.765075   0.0962168   0.0965433   0.0983315   0.0965799   0.0968322     0.21408   0.0946581    0.927636   0.0969725    0.979002   0.0950733

Errors: 
1.00509e-05 9.96072e-06 9.94185e-06 1.03319e-05 1.01996e-05 1.01745e-05 1.06102e-05 1.04689e-05 1.04587e-05 1.07777e-05 1.06116e-05 1.05982e-05 1.12408e-05 1.10708e-05 1.10713e-05 1.16127e-05 1.14155e-05 1.14128e-05  1.1665e-05 1.14489e-05 1.15178e-05  0.00175353 1.26213e-05     0.62889 1.59675e-05 1.53201e-05 1.52894e-05           0 1.31791e-05           0           0           0           1     1.00008 1.49744e-05     1.00001     0.30514 1.56273e-05 0.000747242 1.93702e-05           1 1.82477e-05           1 2.30287e-05 2.16555e-05  0.00100182 0.000992105 0.000988085 0.000140934 4.20242e-06           1 7.31147e-05 6.34385e-05 5.38352e-05
2.89001e-05 2.89618e-05 2.86038e-05 2.89365e-05 2.89729e-05 2.85954e-05 2.89664e-05           0 2.89034e-05           0 2.89968e-05 2.87342e-05  2.8967e-05 2.90328e-05           0 2.98756e-05           0           0 2.99906e-05           0 2.91087e-05 3.25897e-05 3.23983e-05           0 3.74037e-05 3.59348e-05 3.55013e-05           0           0           0           0           0           0     1.00074     1.00011 4.16391e-05           0           0           0 5.34056e-05     1.00001  4.7017e-05 6.74947e-05           1 5.55846e-05  0.00294998  0.00277517  0.00279413           1           1 7.94108e-05   0.0002286 0.000177233 0.000140674
5.64952e-05 5.64035e-05 5.51558e-05           0 5.64057e-05           0 5.67713e-05 5.81296e-05 5.56449e-05           0           0 5.49263e-05 5.66097e-05 5.64801e-05 5.51029e-05           0           0           0 5.65676e-05 5.70331e-05 5.56596e-05   6.178e-05 5.88502e-05 5.98429e-05 6.90102e-05 6.58741e-05           0           0 7.83583e-05           0           1           0           0     1.00037     1.00011     1.00219           0 8.42055e-05  8.5055e-05  0.00011015           1           1 0.000147774 0.000109155 0.000104246  0.00475102  0.00453107   0.0046549 0.000910318 0.000167113 0.000150064           1 0.000331619 0.000250688
8.72886e-05 8.71589e-05 8.54677e-05           0 8.72096e-05 8.57399e-05 8.80314e-05 8.87044e-05 8.62133e-05 8.76271e-05 8.72591e-05  8.4991e-05 8.78358e-05 8.90122e-05 8.83624e-05           0 8.86471e-05           0           0 8.95963e-05           0           0           0           0 0.000104716 9.74245e-05 9.47421e-05           0           0           0 0.000140646           0           0     1.00004       1.004     1.00003           0           0           0           1 0.000145033 0.000142518     1.00046 0.000172149 0.000170924  0.00668206  0.00666826  0.00688253 0.000351047  0.00035501     1.00001 0.000759357 0.000536109     1.52282
0.000120889 0.000120712 0.000117354 0.000120962 0.000120532 0.000117205 0.000122889 0.000122807 0.000118746 0.000121304 0.000120924 0.000117744 0.000122198           0           0           0  0.00012242 0.000119041 0.000121983           0  0.00011813           0           0           0           0 0.000132217           0           0           0           0 0.000196058  0.00018358           0   0.0640992       1.007     1.00012           0 0.000190399           0           1           1  0.00020156 0.000335158 0.000247286 0.000237174   0.0101375   0.0101777   0.0104639 0.000497076    0.711666 0.000329969  0.00109094 0.000746567 0.000594872
 0.00015849 0.000159067 0.000153972 0.000158324 0.000158434 0.000153703 0.000160962  0.00016092           0 0.000158654 0.000158509 0.000161114           0           0           0           0 0.000160871 0.000161985           0 0.000158964 0.000155161           0           0           0 0.000193486 0.000179781 0.000169435           0           0 0.000230426           0           0           0           0           0           0           0 0.000249196           0     1.00001 0.000269062     1.00001  0.00043766     1.00002 0.000308149    0.013851   0.0137871   0.0142036 6.42258e-05 0.000267225     1.00016  0.00143852 0.000985163 0.000786655
0.000202798 0.000206164 0.000198549 0.000202824 0.000202617 0.000196606 0.000203927 0.000205511           0 0.000196273 0.000216804 0.000196047 0.000202653 0.000202167 0.000196701 0.000207037 0.000213541 0.000197598 0.000201091 0.000206977   0.0001965           1 0.000209967 0.000202663 0.000243662 0.000226216 0.000211556           1           0           0 0.000302867           0           0           0           0           0 0.000333192 0.000294129           0  0.00040503 0.000325878 0.000314937  0.00053467 0.000406636 0.000372336   0.0393892    0.039894   0.0435805  2.6217e-05 0.000583101    0.802586  0.00178621  0.00121211  0.00162174
 0.00024508 0.000246551 0.000238756 0.000241451 0.000242934 0.000237387           0 0.000243203 0.000236649 0.000240515 0.000239146 0.000234449 0.000240728 0.000240209 0.000234642 0.000241261 0.000241592 0.000235943           0           0           0 0.000254659 0.000250379 0.000240328 0.000283429 0.000268765  0.00025424  0.00033156           0           0           0      1.0001     1.00011      1.0015           0           0 0.000378596           0 0.000343754 0.000467834 0.000369475   0.0313011  0.00062244 0.000448749           1   0.0509227   0.0346304 0.000403871 0.000985951 0.000898476 0.000230421  0.00209621  0.00140486  0.00114681
0.000276121 0.000281912 0.000268299 0.000272258 0.000272912 0.000262929           0 0.000273244 0.000265603 0.000267103 0.000269801 0.000258743           0           0           0 0.000270811 0.000270572  0.00026217           0           0           0           0           0           0 0.000324452 0.000303725  0.00028029 0.000370474           0           0           0           0           0           0           0           0 0.000435374 0.000382986 0.000378924     1.00008     1.01344 0.000406581 0.000699813           1           1 0.000615869 0.000471608 0.000450089  0.00110157    0.947093 0.000158041  0.00233765  0.00157262  0.00128296
0.000303534 0.000308645 0.000290143           0 0.000298158 0.000289011           0           0 0.000288092 0.000295268 0.000294108 0.000285693 0.000294208 0.000291791 0.000284736 0.000297529 0.000294355 0.000286099           0           0           0           0           0           0 0.000352559  0.00033489 0.000315447           0           0           0           0           0           1     1.00101           0           0           0           1           0           0     1.00069 0.000442755           0     1.00001 0.000521306 0.000681425 0.000508109     1.57969 0.000332028   0.0054453  0.00465408     1.07734   0.0017023  0.00140049
0.000321194 0.000326765 0.000316187 0.000313658 0.000317093 0.000306893 0.000313399 0.000314434           0 0.000309718 0.000310183 0.000306514           0 0.000310504   0.0003043           0 0.000311668 0.000303892           0           0           0           0 0.000333092 0.000312873           0 0.000352511 0.000333124           0           0 0.000384003     1.00005           0           0     1.00069           0     1.00627 0.000471685           0  0.00042695     1.00051 0.000469418 0.000472468 0.000781514 0.000567243 0.000542522 0.000710495           1 0.000511246 0.000368183 0.000245552 0.000783804  0.00263981  0.00228952  0.00146375
0.000327994 0.000330661 0.000322121 0.000322337 0.000323295 0.000314906 0.000320031 0.000320368 0.000312457 0.000312997 0.000318129  0.00031908           0           0           0           0 0.000321704 0.000309832           0           0           0           0           0           0 0.000388638 0.000362529  0.00034051 0.000417591           0           0           0           0 0.000385428     1.03348           0           0 0.000481818           0           0     1.00001     1.00126  0.00045674     1.00002 0.000576081 0.000565377 0.000725422 0.000551357 0.000520767     1.00137 0.000867513  0.00287763  0.00269043           1  0.00149698

Statuses: 
0 0 0 0 0 0 0 0 0 0 0 0 0 0 0 0 0 0 0 0 0 3 0 3 0 0 0 3 0 3 3 3 3 3 0 3 3 0 3 0 3 0 3 0 0 3 3 3 3 3 3 0 0 0
0 0 0 0 0 0 0 3 0 3 0 0 0 0 3 0 3 3 0 3 0 0 0 3 0 0 0 3 3 3 3 3 3 3 3 0 3 3 3 0 3 0 0 3 0 3 3 3 3 3 0 0 0 0
0 0 0 3 0 3 0 0 0 3 3 0 0 0 0 3 3 3 0 0 0 0 0 0 0 0 3 3 0 3 3 3 3 3 3 3 3 0 0 0 3 3 0 0 0 3 3 3 3 0 0 3 0 0
0 0 0 2 0 0 0 0 0 0 0 0 0 0 0 3 0 3 3 0 3 3 3 3 0 0 0 3 3 3 0 3 3 3 3 3 3 3 3 3 0 0 3 0 0 3 3 3 0 0 3 0 0 3
0 0 0 0 0 0 0 0 0 0 0 0 0 3 3 3 0 0 0 3 0 3 3 3 3 0 3 3 3 3 0 0 3 0 3 3 3 0 3 3 3 0 0 0 0 3 3 3 0 3 0 0 0 0
0 0 0 0 0 0 0 0 3 0 0 0 3 3 3 3 0 0 3 0 0 3 3 3 0 0 0 3 3 0 3 3 3 3 3 3 3 0 3 3 0 3 0 3 0 3 3 3 3 3 3 0 0 0
0 0 0 0 0 0 0 0 3 0 0 0 0 0 0 0 0 0 0 0 0 3 0 0 0 0 0 3 3 3 0 3 3 3 3 3 0 0 3 0 0 0 0 0 0 3 3 3 3 0 3 0 0 3
0 0 0 0 0 0 3 0 0 0 0 0 0 0 0 0 0 0 3 3 3 0 0 0 0 0 0 0 3 3 3 3 3 3 3 3 0 3 0 0 0 0 0 0 3 3 3 0 0 0 3 0 0 0
0 0 0 0 0 0 3 0 0 0 0 0 3 3 3 0 0 0 3 3 3 3 3 3 0 0 0 0 3 3 3 3 3 3 3 3 0 0 0 3 3 0 0 3 3 0 0 0 0 3 3 0 0 0
0 0 0 3 0 0 3 3 0 0 0 0 0 0 0 0 0 0 3 3 3 3 3 3 0 0 0 3 3 3 3 3 3 3 3 3 3 3 3 3 3 0 3 3 0 0 0 3 3 3 3 3 0 0
0 0 0 0 0 0 0 0 3 0 0 0 3 0 0 3 0 0 3 3 2 3 0 0 3 0 0 3 3 0 3 3 3 3 3 3 0 3 0 3 0 0 0 0 0 0 3 0 3 3 0 0 3 0
0 0 0 0 0 0 0 0 0 0 0 0 3 3 3 3 0 0 3 3 3 3 3 3 0 0 0 0 3 3 3 3 0 3 3 3 0 3 3 3 3 0 3 0 0 0 0 0 3 0 3 0 3 0
chisq per dof: 
9.17598 8.40178 7.69353  7.1532 6.43345 5.89839 5.35557 4.77508 4.31862 4.24019 3.84951 3.55236   2.526 2.31838 2.15996 1.96518 1.80745  1.7158 2.14852 1.98758 1.87689  232166 1.73149  172820 2.01805 1.81939 1.69295  442519 4.43706  358387  594422  511981  167120  492527 2.53352  382383  589458 2.39082  373800 1.99798  593877  1.8068  445002 1.86902 1.72611  997033  839410  723539  368623  645977  370851 2.66817 2.27026 2.01976
 4.4052 4.15162 3.86819  3.5624 3.30978 3.10511 2.68651  3240.9 2.32369  3753.9 2.26622 2.13791 1.86446 1.75793 39743.1 1.75329 16143.7 16495.6  1.8495 35292.5 1.64764 1.83336 1.69492 7167.99 2.00948 1.81313 1.68328 54015.4 6921.31 42038.5 72484.9 64373.8 50366.5   67323 56506.6 1.79112 68219.5 66860.6 58411.5 1.84935 72213.9 1.65341 2.00659 59921.6 1.69489  113078 95200.2 81706.3  107846 90032.2 1.84904 2.66863 2.26632  2.0164
2.99887 2.82832  2.6496 12341.8 2.32887  1488.6 2.07407 1.95213 1.83347 5859.74 5241.23 1.75825 1.70177 1.61036 1.54108  2638.1 3106.76 2695.05 1.76887 1.66111 1.58681 1.81974 1.68535 1.59517 2.00638 1.81386 5401.74 15614.3 1.99967 14608.9 22046.1   20752 18398.6 21009.4 16141.6 15312.7   18241 1.73527  1.6598 1.82262 23589.9 20686.5 2.00322 1.82953  1.6914 35148.9   29547 25513.1 35524.4  2.0184 1.85141   20553 2.26645 2.02077
2.47266 2.33387 2.20049 2.09478 1.97376 1.86559 1.84208  1.7435 1.65709 1.78505 1.69523 1.62021 1.64446 1.55822 1.50163 1765.66 1.55148 1991.34 9408.56  1.6375 7585.38 10306.8 8721.97 7568.44 2.00548 1.81498  1.6868 7666.47 6520.87 6712.35 1.62254 8699.48  7130.5 8733.42  8069.6 6427.86 10309.7 8990.41 8122.53 12963.2 1.71413 1.61213 12050.3 1.82669 1.68999 15776.4   13318 11496.8 2.25168 772.939 7974.45 2.66887 2.26663 9344.74
2.14011 2.02478 1.92517 1.87116 1.76865  1.6854 1.69932 1.60999 1.54621  1.6886 1.60575 1.54427 1.60756 2215.74 2355.61 1066.29 1.53746 1.47382 1.72541 4859.26  1.5573 5830.85 4971.77 4266.73 2312.43 1.81467  1272.2 4542.49 3769.87 3473.15 1.56758 1.59725 4131.86 3940.48 4537.54 3543.24 6651.02 1.65298 4856.83 5401.27 1583.31 1.60703 2.00294 1.82473 1.68949 8986.51    7600 6546.68 2.25204 6807.93 1.85295 2.66929 2.26508 2.02306
1.97078 1.87689  1.7947 1.76236 1.67495 1.60447 1.62599 1.54626 132.204 1.64046 1.56368 1.50859 2976.15 2729.36 2408.11 2816.04 1.52947 1.46627 3235.91 1.61174 1.54776 3637.22 3271.78 2236.24 2.00408 1.81349 1.68508 3144.13 1040.98 1.53171  4168.2 3349.87 2958.44 3617.15 3028.56 2617.07 3892.53  1.6354 2992.48 5163.48 1.70165 3768.46 2.00287  3340.5 1.68735 5954.94 5044.31 4346.34 5438.38 59.4965 1327.74 2.66945 2.26328 2.02173
1.84167 1.75763 1.68935  1.6805 1.59953 1.53973 1.57485 1.49813 10.5081 1.60391 1.52966 1.47959 1.57078 1.48976 1.44239 1.62895 1.52439 1.46039 1.70613  1.6053  1.5409 1338.46  1.6788 1.58849 2.00349 1.81388   1.685 469.336  2471.4 2187.35 1.53245 2494.38 1861.35 2328.17 2165.72 1868.33 1.67859 1.62686 2038.03 1.80656  1.6989     1.6 2.00268 1.82048 1.68715  4233.2 3612.37 3116.08 2176.97 2.01446 2969.21 2.66936 2.26267 2128.31
1.75688 1.68183 1.62041 1.62742 1.55256 1.49801  109.96 1.46831 1.42454  1.5813 1.50946 1.46145  1.5614  1.4814 1.43395 1.62459 1.52094 1.45671 2088.51 1830.23 1591.19 1.80688 1.67794 1.58737 2.00316  1.8132 1.68419   1.502 1501.66 1383.24 2334.63 2059.26  1778.5 1964.83 1657.44 1437.13 1.67611 2069.85 1.54265 1.80601 1.69656 1437.73 2.00269 1.81887 1497.61 3247.39  2791.8 1.73648 2.25214 119.961 2360.17 2.66942 2.26142   2.021
1.68644 1.61946 1.56703 1.57872  1.5097 1.46205 26.1547 1.44401 1.40428 1.56068 1.49125  1.4465 1265.42 371.727 1073.38 1.62226 1.51895 1.45575 1695.16 1482.66 1282.02 1715.71  1521.5 1305.55 2.00353 1.81219 1.68389 1.49057 1257.41 1124.98 1911.45 1526.72 1146.27 1612.19  1364.8 1183.59 1.67404 1.61264 1.53607 2189.76 1995.93 1.59564 2.00247 1360.81 771.845 2.00395 1.85409 1.73473 2.25215 1601.03 1906.86 2.66952 2.26126 2.02048
 1.6448 1.58095  1.5321 844.892 1.48047 1.43596 137.253   48.42 1.38709 1.54545 1.47787  1.4342 1.54847 1.47018 1.42351  1.6199 1.51705 1.45361 1496.91 1310.07  1112.8 1492.43 1321.81  1138.6 2.00335 1.81159 1.68309 1285.68 1132.22 1034.58 1630.91  1433.2 19.3314 1407.49 1195.07 1042.26 1585.83 215.049 1199.49 2019.97 1723.07 1.59422 1956.33 1412.72  1.6843  2.0039  1.8528 975.371 2416.27 1434.72 1757.95 4.46718  2.2605  2.0196
1.62004 1.55835 1.51237  1.5284 1.46528 1.42329 1.48302 1.41625 60.8895 1.53727  1.4707 1.42849 392.727 1.46701 1.42116 189.758 1.51565 1.45279 1391.26 1223.29 328.546 365.068  1.6757 1.58616 504.494 1.81065  1.6828 1101.85 989.339 1.42516 1481.27 1373.87 1222.39 1292.32 1101.85  961.65 1.67253 1267.58 1.52983 1786.99 1.68946 1.59292 2.00234 1.81458 1.68361 2.00356 1239.53 1.73276  2151.7 1784.49 1.84932 2.66948  1350.1 2.01913
1.60559 1.54379 1.49864 1.51814 1.45542 1.41289 1.47595 1.40928 1.37093 1.53249 1.46618 1.42259 1092.98 980.707 865.751 119.778 1.51519 1.45059 1346.08 1183.52 1029.43 1334.45 1166.26 1005.64 2.00322  1.8115 1.68229 1.48061 932.303 831.245  1318.7 1314.59 1.42975 1257.92 1040.84 925.364  1.6726 1178.26 1022.15 1695.21 1526.63 1.59329 1521.06 1.81518 1.68354 2.00359 1.85198 1.73293 600.681 2.01104 1532.13 2.66948 797.973 2.01871
Mode averaged potential and errors: 
  0.0498781   7.912e-05
  0.0687332 0.000325768
   0.077595 0.000581746
  0.0823738 0.000788676
  0.0872231  0.00077322
  0.0894974    0.001307
  0.0917226  0.00150042
  0.0934272  0.00165389
  0.0949593   0.0018006
  0.0940154 0.000352559
   0.097529  0.00160719
  0.0955143  0.00189843
R Models:
(* Fitting with shape 1 1 1 1 1 1 1 1 0 0 0 0 *)
G[R_,xx_]:=xx[[0]] + xx[[1]]/R | xx[[2]]*R
(* Fitting with shape 1 1 1 1 1 1 1 1 1 0 0 0 *)
G[R_,xx_]:=xx[[0]] + xx[[1]]/R | xx[[2]]*R
(* Fitting with shape 1 1 1 1 1 1 1 1 1 1 0 0 *)
G[R_,xx_]:=xx[[0]] + xx[[1]]/R | xx[[2]]*R
(* Fitting with shape 1 1 1 1 1 1 1 1 1 1 1 0 *)
G[R_,xx_]:=xx[[0]] + xx[[1]]/R | xx[[2]]*R
(* Fitting with shape 1 1 1 1 1 1 1 1 1 1 1 1 *)
G[R_,xx_]:=xx[[0]] + xx[[1]]/R | xx[[2]]*R
(* Fitting with shape 0 1 1 1 1 1 1 1 0 0 0 0 *)
G[R_,xx_]:=xx[[0]] + xx[[1]]/R | xx[[2]]*R
(* Fitting with shape 0 1 1 1 1 1 1 1 1 0 0 0 *)
G[R_,xx_]:=xx[[0]] + xx[[1]]/R | xx[[2]]*R
(* Fitting with shape 0 1 1 1 1 1 1 1 1 1 0 0 *)
G[R_,xx_]:=xx[[0]] + xx[[1]]/R | xx[[2]]*R
(* Fitting with shape 0 1 1 1 1 1 1 1 1 1 1 0 *)
G[R_,xx_]:=xx[[0]] + xx[[1]]/R | xx[[2]]*R
(* Fitting with shape 0 1 1 1 1 1 1 1 1 1 1 1 *)
G[R_,xx_]:=xx[[0]] + xx[[1]]/R | xx[[2]]*R
(* Fitting with shape 0 0 1 1 1 1 1 1 0 0 0 0 *)
G[R_,xx_]:=xx[[0]] + xx[[1]]/R | xx[[2]]*R
(* Fitting with shape 0 0 1 1 1 1 1 1 1 0 0 0 *)
G[R_,xx_]:=xx[[0]] + xx[[1]]/R | xx[[2]]*R
(* Fitting with shape 0 0 1 1 1 1 1 1 1 1 0 0 *)
G[R_,xx_]:=xx[[0]] + xx[[1]]/R | xx[[2]]*R
(* Fitting with shape 0 0 1 1 1 1 1 1 1 1 1 0 *)
G[R_,xx_]:=xx[[0]] + xx[[1]]/R | xx[[2]]*R
(* Fitting with shape 0 0 1 1 1 1 1 1 1 1 1 1 *)
G[R_,xx_]:=xx[[0]] + xx[[1]]/R | xx[[2]]*R
(* Fitting with shape 0 0 0 1 1 1 1 1 0 0 0 0 *)
G[R_,xx_]:=xx[[0]] + xx[[1]]/R | xx[[2]]*R
(* Fitting with shape 0 0 0 1 1 1 1 1 1 0 0 0 *)
G[R_,xx_]:=xx[[0]] + xx[[1]]/R | xx[[2]]*R
(* Fitting with shape 0 0 0 1 1 1 1 1 1 1 0 0 *)
G[R_,xx_]:=xx[[0]] + xx[[1]]/R | xx[[2]]*R
(* Fitting with shape 0 0 0 1 1 1 1 1 1 1 1 0 *)
G[R_,xx_]:=xx[[0]] + xx[[1]]/R | xx[[2]]*R
(* Fitting with shape 0 0 0 1 1 1 1 1 1 1 1 1 *)
G[R_,xx_]:=xx[[0]] + xx[[1]]/R | xx[[2]]*R
3.0555 3.0555 3.0555 
-0.0188498 -0.0188498 -0.0188498 
1 1 1 
0.0820735 0.0820735 0.0820735 
-0.0752333 -0.0752333 -0.0752333 
5.03038e+175 5.03038e+175 5.03038e+175 
3.5936e+246 3.5936e+246 3.5936e+246 
2.14726e+243 2.14726e+243 2.14726e+243 
5557.51 5557.51 5557.51 
1.26975e-321 1.26975e-321 1.26975e-321 
6.90915e-310 6.90915e-310 6.90915e-310 
2.92354e-316 2.92354e-316 2.92354e-316 
0.259431 0.259431 0.259431 
-3.28402 -3.28402 -3.28402 
2.37152e-322 2.37152e-322 2.37152e-322 
2.90237e-316 2.90237e-316 2.90237e-316 
2.48995e-316 2.48995e-316 2.48995e-316 
2.42092e-322 2.42092e-322 2.42092e-322 
2.84792e-316 2.84792e-316 2.84792e-316 
2.91182e-316 2.91182e-316 2.91182e-316 
6.21331e-06 6.21331e-06 6.21331e-06 
6.257e-06 6.257e-06 6.257e-06 
18.5177 18.5177 18.5177 
4.00193e-322 4.00193e-322 4.00193e-322 
3.0415e-316 3.0415e-316 3.0415e-316 
3.04292e-316 3.04292e-316 3.04292e-316 
2.92211e-316 2.92211e-316 2.92211e-316 
2.92612e-316 2.92612e-316 2.92612e-316 
2.86416e-316 2.86416e-316 2.86416e-316 
2.84259e-316 2.84259e-316 2.84259e-316 
11980.8 11980.8 11980.8 
nan nan nan 
9.48606e-322 9.48606e-322 9.48606e-322 
3.16202e-322 3.16202e-322 3.16202e-322 
2.92559e-316 2.92559e-316 2.92559e-316 
3.04191e-316 3.04191e-316 3.04191e-316 
1.42738e+228 1.42738e+228 1.42738e+228 
0 0 0 
1.9098e-313 1.9098e-313 1.9098e-313 
3.0404e-316 3.0404e-316 3.0404e-316 
3.23796e-319 3.23796e-319 3.23796e-319 
5.58294e-322 5.58294e-322 5.58294e-322 
2.82506e-316 2.82506e-316 2.82506e-316 
2.84674e-316 2.84674e-316 2.84674e-316 
2.91828e-316 2.91828e-316 2.91828e-316 
2.90238e-316 2.90238e-316 2.90238e-316 
2.90696e-316 2.90696e-316 2.90696e-316 
2.84568e-316 2.84568e-316 2.84568e-316 
2.122e-314 2.122e-314 2.122e-314 
2.84334e-316 2.84334e-316 2.84334e-316 
2.84569e-316 2.84569e-316 2.84569e-316 
2.84333e-316 2.84333e-316 2.84333e-316 
0 0 0 
0 0 0 
Probabilities: 
        0         0         0         0         0         0         0         0         0         0         0         0         0         0         0 0.0177814 0.0124434 0.0337785         0         0  0.164681         0  0.044554  0.119249 0.0659018         0         0         0         0         0         0         0         0         0         0         0         0         0         0         0         0         0         0         0         0   0.39935 0.0970784         0         0 0.0451824         0         0         0         0

String tensions: 
           1            1            1            1            1            1            1            1            1    -0.612691    -0.612787    -0.612807     -1.12055     -1.12113      -1.1213    -0.711371    -0.691241    -0.692033    -0.131356    -0.281003    -0.763984     0.422968     -1.07909     -1.06529      -2.1456      1.91001      2064.94    -0.044691   -0.0446913   -0.0446915     0.600673     0.665908     0.704606      1.00183     0.972616     0.895802      1.49993   -0.0920501   -0.0544841   -0.0678282   -0.0993053    0.0463681     0.589741      0.54798    -0.180877   0.00283016   0.00131416            1   -0.0624099 -0.000479375    -0.034722    -0.184736    -0.411304     -0.15335

Errors: 
         0          0          0          0          0          0          0    5792.62          0    1.00001    1.00001    1.00001          0          0          0  0.0754648  0.0759187  0.0737017          1    1.00001  0.0530458    1.00004   0.256978    0.23642   0.665474          0          0          0          0          0          0          0          0    1.32377          0    1.15948          0          1          0          1          1          1     1.3259    1.00997          1 0.00154039 0.00132211  0.0341286    1.75276 0.00226607    1.39711          1          1    1.39673

Statuses: 
3 3 3 3 3 3 3 0 3 3 3 3 3 3 3 0 0 0 3 3 0 3 0 0 0 3 3 3 3 3 3 3 3 3 3 3 2 3 3 3 3 3 3 3 3 0 0 3 3 0 3 3 3 3
chisq per dof: 
 3403.42  3052.05  2753.45  11143.7  10929.4  8120.18  7101.49  9.62995  3558.49  1574.77  1442.43  1320.44  15076.6  13420.9    12049 0.679657   1.0187 0.873563  12779.8  9336.85  0.77184  11422.8 0.794455 0.699021 0.155651  5640.02  16244.9  21089.1  18912.6  17092.1  21065.3  18603.6  16603.1  21827.3  18802.9  16477.7  24478.9  12868.1    13274  6303.53  8412.95    11630  19628.2  17533.9  13955.7 0.167844 0.750444  28934.4  7863.93 0.790453  12059.4  3047.02  14846.8  9234.57
Model string tension and errors: 
sigma = -0.485715 +/- 0.649256
