R=0parameters: 
-0.685771 -0.685771 
0.0518397 0.0518397 
4.54996e-11 4.54996e-11 
3.21143e-322 3.21143e-322 
2.84173e-316 2.84173e-316 
2.84173e-316 2.84173e-316 
-1.46081e-257 -1.46081e-257 
2.88984e-316 2.88984e-316 
2.90566e-316 2.90566e-316 
0 0 0 
6.91082e-310 6.91082e-310 6.91082e-310 
3.21143e-322 3.21143e-322 3.21143e-322 
0.159898 0.159898 0.159898 
5.87864e-06 5.87864e-06 5.87864e-06 
6.52601e-11 6.52601e-11 6.52601e-11 
-1.94363e-09 -1.94363e-09 -1.94363e-09 
-1.17038e-05 -1.17038e-05 -1.17038e-05 
3.40072e-10 3.40072e-10 3.40072e-10 
0 0 0 0 
2.42092e-322 2.42092e-322 2.42092e-322 2.42092e-322 
0.000193589 0.000193589 0.000193589 0.000193589 
1.58125e-05 1.58125e-05 1.58125e-05 1.58125e-05 
0.000698962 0.000698962 0.000698962 0.000698962 
0.000801874 0.000801874 0.000801874 0.000801874 
-nan -nan -nan -nan 
1.63042e-322 1.63042e-322 1.63042e-322 1.63042e-322 
6.9108e-310 6.9108e-310 6.9108e-310 6.9108e-310 
7.96236e-195 7.96236e-195 7.96236e-195 
2.91163e-316 2.91163e-316 2.91163e-316 
2.42092e-322 2.42092e-322 2.42092e-322 
6.88975e-320 6.88975e-320 6.88975e-320 
7.96236e-195 7.96236e-195 7.96236e-195 
0 0 0 
0.00126984 0.00126984 0.00126984 
0 0 0 
2.42092e-322 2.42092e-322 2.42092e-322 
-4.63213e+06 -4.63213e+06 -4.63213e+06 -4.63213e+06 
23345.7 23345.7 23345.7 23345.7 
7.20887 7.20887 7.20887 7.20887 
5.68318e-06 5.68318e-06 5.68318e-06 5.68318e-06 
0 0 0 0 
1.63042e-322 1.63042e-322 1.63042e-322 1.63042e-322 
6.9108e-310 6.9108e-310 6.9108e-310 6.9108e-310 
2.122e-314 2.122e-314 2.122e-314 2.122e-314 
2.88684e-316 2.88684e-316 2.88684e-316 2.88684e-316 
0.00066783 0.00066783 0.00066783 0.00066783 0.00066783 
0.000240384 0.000240384 0.000240384 0.000240384 0.000240384 
7.49575e-05 7.49575e-05 7.49575e-05 7.49575e-05 7.49575e-05 
3.02493e-316 3.02493e-316 3.02493e-316 3.02493e-316 3.02493e-316 
0 0 0 0 0 
2.00986e-06 2.00986e-06 2.00986e-06 2.00986e-06 2.00986e-06 
0.000107006 0.000107006 0.000107006 0.000107006 0.000107006 
-1.43724e+06 -1.43724e+06 -1.43724e+06 -1.43724e+06 -1.43724e+06 
1.63042e-322 1.63042e-322 1.63042e-322 1.63042e-322 1.63042e-322 
R=1parameters: 
0.104511 0.104511 
0.201099 0.201099 
0.0828098 0.0828098 
-2.47781 -2.47781 
-0.634237 -0.634237 
1.81311e-316 1.81311e-316 
5.39187e+07 5.39187e+07 
304858 304858 
208770 208770 
3.21143e-322 3.21143e-322 3.21143e-322 
2.47033e-323 2.47033e-323 2.47033e-323 
2.90659e-316 2.90659e-316 2.90659e-316 
-18597.7 -18597.7 -18597.7 
2.88785e-316 2.88785e-316 2.88785e-316 
2099.96 2099.96 2099.96 
2.89145e-316 2.89145e-316 2.89145e-316 
19672 19672 19672 
1.87681e-316 1.87681e-316 1.87681e-316 
2.47033e-323 2.47033e-323 2.47033e-323 2.47033e-323 
2.89329e-316 2.89329e-316 2.89329e-316 2.89329e-316 
0.000355347 0.000355347 0.000355347 0.000355347 
4.16384e+06 4.16384e+06 4.16384e+06 4.16384e+06 
0 0 0 0 
2.42092e-322 2.42092e-322 2.42092e-322 2.42092e-322 
-0.56017 -0.56017 -0.56017 -0.56017 
0.000259434 0.000259434 0.000259434 0.000259434 
0.000887907 0.000887907 0.000887907 0.000887907 
0.00227401 0.00227401 0.00227401 
4268.33 4268.33 4268.33 
6.37345e-322 6.37345e-322 6.37345e-322 
2.88864e-316 2.88864e-316 2.88864e-316 
2.84809e-316 2.84809e-316 2.84809e-316 
1.19356e-07 1.19356e-07 1.19356e-07 
-12.8698 -12.8698 -12.8698 
2.37152e-322 2.37152e-322 2.37152e-322 
2.37152e-322 2.37152e-322 2.37152e-322 
-0.634237 -0.634237 -0.634237 -0.634237 
2.42092e-322 2.42092e-322 2.42092e-322 2.42092e-322 
266524 266524 266524 266524 
0.964794 0.964794 0.964794 0.964794 
-71145.6 -71145.6 -71145.6 -71145.6 
0.00324645 0.00324645 0.00324645 0.00324645 
5767.61 5767.61 5767.61 5767.61 
3.21143e-322 3.21143e-322 3.21143e-322 3.21143e-322 
2.47033e-323 2.47033e-323 2.47033e-323 2.47033e-323 
3.02518e-316 3.02518e-316 3.02518e-316 3.02518e-316 3.02518e-316 
1.62209e+07 1.62209e+07 1.62209e+07 1.62209e+07 1.62209e+07 
4.00193e-322 4.00193e-322 4.00193e-322 4.00193e-322 4.00193e-322 
2.88781e-316 2.88781e-316 2.88781e-316 2.88781e-316 2.88781e-316 
3.02445e-316 3.02445e-316 3.02445e-316 3.02445e-316 3.02445e-316 
2.47033e-323 2.47033e-323 2.47033e-323 2.47033e-323 2.47033e-323 
1.8131e-316 1.8131e-316 1.8131e-316 1.8131e-316 1.8131e-316 
2.48995e-316 2.48995e-316 2.48995e-316 2.48995e-316 2.48995e-316 
1.63042e-322 1.63042e-322 1.63042e-322 1.63042e-322 1.63042e-322 
R=2parameters: 
-0.651841 -0.651841 
0.0867644 0.0867644 
-3.41697e-05 -3.41697e-05 
0.097066 0.097066 
-0.0905608 -0.0905608 
1.81311e-316 1.81311e-316 
5.39187e+07 5.39187e+07 
304858 304858 
208770 208770 
1.90215e-321 1.90215e-321 1.90215e-321 
6.91082e-310 6.91082e-310 6.91082e-310 
6.91082e-310 6.91082e-310 6.91082e-310 
1.58101e-322 1.58101e-322 1.58101e-322 
3.16202e-322 3.16202e-322 3.16202e-322 
2.90193e-316 2.90193e-316 2.90193e-316 
2.90148e-316 2.90148e-316 2.90148e-316 
3.22923e-07 3.22923e-07 3.22923e-07 
1.87681e-316 1.87681e-316 1.87681e-316 
304756 304756 304756 304756 
2.85554e-316 2.85554e-316 2.85554e-316 2.85554e-316 
5.95535e-06 5.95535e-06 5.95535e-06 5.95535e-06 
2.82789e-316 2.82789e-316 2.82789e-316 2.82789e-316 
2.48995e-316 2.48995e-316 2.48995e-316 2.48995e-316 
6.37345e-322 6.37345e-322 6.37345e-322 6.37345e-322 
-0.497555 -0.497555 -0.497555 -0.497555 
0.00020476 0.00020476 0.00020476 0.00020476 
3.05176e-05 3.05176e-05 3.05176e-05 3.05176e-05 
0.00182245 0.00182245 0.00182245 
7.90505e-322 7.90505e-322 7.90505e-322 
2.42092e-322 2.42092e-322 2.42092e-322 
1.061e-313 1.061e-313 1.061e-313 
7.96236e-195 7.96236e-195 7.96236e-195 
0.940833 0.940833 0.940833 
0 0 0 
0 0 0 
2.37152e-322 2.37152e-322 2.37152e-322 
0 0 0 0 
5.93959e-05 5.93959e-05 5.93959e-05 5.93959e-05 
4.75715e-07 4.75715e-07 4.75715e-07 4.75715e-07 
6.4429e-05 6.4429e-05 6.4429e-05 6.4429e-05 
872.437 872.437 872.437 872.437 
2.122e-314 2.122e-314 2.122e-314 2.122e-314 
2.89854e-316 2.89854e-316 2.89854e-316 2.89854e-316 
3.21143e-322 3.21143e-322 3.21143e-322 3.21143e-322 
2.47033e-323 2.47033e-323 2.47033e-323 2.47033e-323 
2.88632e-316 2.88632e-316 2.88632e-316 2.88632e-316 2.88632e-316 
6.93508e-06 6.93508e-06 6.93508e-06 6.93508e-06 6.93508e-06 
2.91013e-316 2.91013e-316 2.91013e-316 2.91013e-316 2.91013e-316 
759997 759997 759997 759997 759997 
3.02684e-316 3.02684e-316 3.02684e-316 3.02684e-316 3.02684e-316 
0.000136934 0.000136934 0.000136934 0.000136934 0.000136934 
5.41323e-05 5.41323e-05 5.41323e-05 5.41323e-05 5.41323e-05 
5.81373e-05 5.81373e-05 5.81373e-05 5.81373e-05 5.81373e-05 
2.122e-314 2.122e-314 2.122e-314 2.122e-314 2.122e-314 
R=3parameters: 
-0.627567 -0.627567 
0.0967162 0.0967162 
-7.52104e-05 -7.52104e-05 
0.161565 0.161565 
-0.153006 -0.153006 
1.81311e-316 1.81311e-316 
5.39187e+07 5.39187e+07 
304858 304858 
208770 208770 
1.90215e-321 1.90215e-321 1.90215e-321 
6.91082e-310 6.91082e-310 6.91082e-310 
6.91082e-310 6.91082e-310 6.91082e-310 
573123 573123 573123 
-718555 -718555 -718555 
0 0 0 
4.00193e-322 4.00193e-322 4.00193e-322 
6.91082e-310 6.91082e-310 6.91082e-310 
2.90097e-316 2.90097e-316 2.90097e-316 
-1.01676e-05 -1.01676e-05 -1.01676e-05 -1.01676e-05 
1.24227e-05 1.24227e-05 1.24227e-05 1.24227e-05 
0 0 0 0 
0 0 0 0 
1.061e-313 1.061e-313 1.061e-313 1.061e-313 
2.90642e-316 2.90642e-316 2.90642e-316 2.90642e-316 
6.10352e-05 6.10352e-05 6.10352e-05 6.10352e-05 
2.42092e-322 2.42092e-322 2.42092e-322 2.42092e-322 
298980 298980 298980 298980 
1.50456e+06 1.50456e+06 1.50456e+06 
17666 17666 17666 
2223.11 2223.11 2223.11 
6.32404e-322 6.32404e-322 6.32404e-322 
2.37152e-322 2.37152e-322 2.37152e-322 
173431 173431 173431 
688743 688743 688743 
2.71394e+06 2.71394e+06 2.71394e+06 
0 0 0 
0 0 0 0 
6.48432e-09 6.48432e-09 6.48432e-09 6.48432e-09 
-1.4516e-09 -1.4516e-09 -1.4516e-09 -1.4516e-09 
0.500058 0.500058 0.500058 0.500058 
1.81178e-316 1.81178e-316 1.81178e-316 1.81178e-316 
2.68029e-07 2.68029e-07 2.68029e-07 2.68029e-07 
1.15879e-07 1.15879e-07 1.15879e-07 1.15879e-07 
2.91098e-316 2.91098e-316 2.91098e-316 2.91098e-316 
93.2587 93.2587 93.2587 93.2587 
-6292.86 -6292.86 -6292.86 -6292.86 -6292.86 
7.11455e-322 7.11455e-322 7.11455e-322 7.11455e-322 7.11455e-322 
3.95253e-322 3.95253e-322 3.95253e-322 3.95253e-322 3.95253e-322 
0 0 0 0 0 
3.16202e-322 3.16202e-322 3.16202e-322 3.16202e-322 3.16202e-322 
0 0 0 0 0 
2.42092e-322 2.42092e-322 2.42092e-322 2.42092e-322 2.42092e-322 
1.061e-313 1.061e-313 1.061e-313 1.061e-313 1.061e-313 
1.63042e-322 1.63042e-322 1.63042e-322 1.63042e-322 1.63042e-322 
R=4parameters: 
-0.600431 -0.600431 
0.105654 0.105654 
-0.000127538 -0.000127538 
0.234244 0.234244 
-0.225869 -0.225869 
1.81311e-316 1.81311e-316 
5.39187e+07 5.39187e+07 
304858 304858 
208770 208770 
1.90215e-321 1.90215e-321 1.90215e-321 
6.91082e-310 6.91082e-310 6.91082e-310 
2.89027e-316 2.89027e-316 2.89027e-316 
-0.00445622 -0.00445622 -0.00445622 
-0.778526 -0.778526 -0.778526 
2.37152e-322 2.37152e-322 2.37152e-322 
2.37152e-322 2.37152e-322 2.37152e-322 
0 0 0 
0 0 0 
-0.000107569 -0.000107569 -0.000107569 -0.000107569 
4.20596e-05 4.20596e-05 4.20596e-05 4.20596e-05 
0 0 0 0 
0 0 0 0 
0 0 0 0 
0 0 0 0 
1.67772e+07 1.67772e+07 1.67772e+07 1.67772e+07 
1.26975e-321 1.26975e-321 1.26975e-321 1.26975e-321 
2.82768e-316 2.82768e-316 2.82768e-316 2.82768e-316 
2.90103e-316 2.90103e-316 2.90103e-316 
1.58101e-322 1.58101e-322 1.58101e-322 
3.95253e-322 3.95253e-322 3.95253e-322 
2.90058e-316 2.90058e-316 2.90058e-316 
2.90659e-316 2.90659e-316 2.90659e-316 
2.89913e-316 2.89913e-316 2.89913e-316 
2.82216e-316 2.82216e-316 2.82216e-316 
2.90074e-316 2.90074e-316 2.90074e-316 
2.90548e-316 2.90548e-316 2.90548e-316 
297.214 297.214 297.214 297.214 
683.342 683.342 683.342 683.342 
-2142.16 -2142.16 -2142.16 -2142.16 
1.63042e-322 1.63042e-322 1.63042e-322 1.63042e-322 
2.88831e-316 2.88831e-316 2.88831e-316 2.88831e-316 
2.90661e-316 2.90661e-316 2.90661e-316 2.90661e-316 
6.43182 6.43182 6.43182 6.43182 
3.21143e-322 3.21143e-322 3.21143e-322 3.21143e-322 
2.89948e-316 2.89948e-316 2.89948e-316 2.89948e-316 
2.42092e-322 2.42092e-322 2.42092e-322 2.42092e-322 2.42092e-322 
0 0 0 0 0 
215036 215036 215036 215036 215036 
-0.00423904 -0.00423904 -0.00423904 -0.00423904 -0.00423904 
-1.40797e-05 -1.40797e-05 -1.40797e-05 -1.40797e-05 -1.40797e-05 
3.33753e-06 3.33753e-06 3.33753e-06 3.33753e-06 3.33753e-06 
0.000206514 0.000206514 0.000206514 0.000206514 0.000206514 
-0.000911952 -0.000911952 -0.000911952 -0.000911952 -0.000911952 
2.84922e-316 2.84922e-316 2.84922e-316 2.84922e-316 2.84922e-316 
R=5parameters: 
-0.572791 -0.572791 
0.114555 0.114555 
-0.000189703 -0.000189703 
0.305443 0.305443 
-0.299874 -0.299874 
1.81311e-316 1.81311e-316 
5.39187e+07 5.39187e+07 
304858 304858 
208770 208770 
2.42092e-322 2.42092e-322 2.42092e-322 
8.08692e-05 8.08692e-05 8.08692e-05 
3.02509e-316 3.02509e-316 3.02509e-316 
0.015625 0.015625 0.015625 
0.305443 0.305443 0.305443 
0 0 0 
2.42092e-322 2.42092e-322 2.42092e-322 
22970.3 22970.3 22970.3 
25695 25695 25695 
9288.77 9288.77 9288.77 9288.77 
4.94066e-324 4.94066e-324 4.94066e-324 4.94066e-324 
0 0 0 0 
0 0 0 0 
0 0 0 0 
0 0 0 0 
1.67772e+07 1.67772e+07 1.67772e+07 1.67772e+07 
2.83228e-316 2.83228e-316 2.83228e-316 2.83228e-316 
36507.3 36507.3 36507.3 36507.3 
2.82669e-316 2.82669e-316 2.82669e-316 
7.90505e-322 7.90505e-322 7.90505e-322 
3.95253e-322 3.95253e-322 3.95253e-322 
2.89607e-316 2.89607e-316 2.89607e-316 
2.91098e-316 2.91098e-316 2.91098e-316 
2.89485e-316 2.89485e-316 2.89485e-316 
2.89486e-316 2.89486e-316 2.89486e-316 
2.81516e-316 2.81516e-316 2.81516e-316 
1.86956e-316 1.86956e-316 1.86956e-316 
0.00630269 0.00630269 0.00630269 0.00630269 
-544.054 -544.054 -544.054 -544.054 
657.214 657.214 657.214 657.214 
2.42092e-322 2.42092e-322 2.42092e-322 2.42092e-322 
2.90613e-316 2.90613e-316 2.90613e-316 2.90613e-316 
2.42092e-322 2.42092e-322 2.42092e-322 2.42092e-322 
-8.63245 -8.63245 -8.63245 -8.63245 
0.808854 0.808854 0.808854 0.808854 
0 0 0 0 
0 0 0 0 0 
0 0 0 0 0 
0 0 0 0 0 
0.427281 0.427281 0.427281 0.427281 0.427281 
18.651 18.651 18.651 18.651 18.651 
2.47033e-323 2.47033e-323 2.47033e-323 2.47033e-323 2.47033e-323 
3.02442e-316 3.02442e-316 3.02442e-316 3.02442e-316 3.02442e-316 
2.47033e-323 2.47033e-323 2.47033e-323 2.47033e-323 2.47033e-323 
0 0 0 0 0 
R=6parameters: 
-0.544363 -0.544363 
0.123241 0.123241 
-0.000276149 -0.000276149 
0.349298 0.349298 
-0.343119 -0.343119 
1.81311e-316 1.81311e-316 
5.39187e+07 5.39187e+07 
304858 304858 
208770 208770 
2.42092e-322 2.42092e-322 2.42092e-322 
303380 303380 303380 
3.02686e-316 3.02686e-316 3.02686e-316 
-7740.14 -7740.14 -7740.14 
0 0 0 
2.37152e-322 2.37152e-322 2.37152e-322 
3.16202e-322 3.16202e-322 3.16202e-322 
2.47033e-323 2.47033e-323 2.47033e-323 
2.88779e-316 2.88779e-316 2.88779e-316 
0.0956595 0.0956595 0.0956595 0.0956595 
3.44621e+06 3.44621e+06 3.44621e+06 3.44621e+06 
0 0 0 0 
0 0 0 0 
2.37152e-322 2.37152e-322 2.37152e-322 2.37152e-322 
0.0261454 0.0261454 0.0261454 0.0261454 
2.47033e-323 2.47033e-323 2.47033e-323 2.47033e-323 
2.89485e-316 2.89485e-316 2.89485e-316 2.89485e-316 
1654.61 1654.61 1654.61 1654.61 
2.90073e-316 2.90073e-316 2.90073e-316 
0.0121803 0.0121803 0.0121803 
4.00193e-322 4.00193e-322 4.00193e-322 
2.89485e-316 2.89485e-316 2.89485e-316 
1.67772e+07 1.67772e+07 1.67772e+07 
0 0 0 
0 0 0 
6.9108e-310 6.9108e-310 6.9108e-310 
0 0 0 
1.58101e-322 1.58101e-322 1.58101e-322 1.58101e-322 
2.37152e-322 2.37152e-322 2.37152e-322 2.37152e-322 
1.87646e-316 1.87646e-316 1.87646e-316 1.87646e-316 
1.87682e-316 1.87682e-316 1.87682e-316 1.87682e-316 
-0.0172754 -0.0172754 -0.0172754 -0.0172754 
2.122e-314 2.122e-314 2.122e-314 2.122e-314 
2.89552e-316 2.89552e-316 2.89552e-316 2.89552e-316 
3.21143e-322 3.21143e-322 3.21143e-322 3.21143e-322 
-0.343119 -0.343119 -0.343119 -0.343119 
2.42092e-322 2.42092e-322 2.42092e-322 2.42092e-322 2.42092e-322 
2.90134e-316 2.90134e-316 2.90134e-316 2.90134e-316 2.90134e-316 
1 1 1 1 1 
1 1 1 1 1 
1 1 1 1 1 
-905.539 -905.539 -905.539 -905.539 -905.539 
2.42092e-322 2.42092e-322 2.42092e-322 2.42092e-322 2.42092e-322 
1.061e-313 1.061e-313 1.061e-313 1.061e-313 1.061e-313 
6.06541e-05 6.06541e-05 6.06541e-05 6.06541e-05 6.06541e-05 
R=7parameters: 
-0.517467 -0.517467 
0.131907 0.131907 
-0.000339007 -0.000339007 
0.39838 0.39838 
-0.397323 -0.397323 
1.81311e-316 1.81311e-316 
5.39187e+07 5.39187e+07 
304858 304858 
208770 208770 
1.90215e-321 1.90215e-321 1.90215e-321 
6.91082e-310 6.91082e-310 6.91082e-310 
3.0247e-316 3.0247e-316 3.0247e-316 
0.394325 0.394325 0.394325 
-1.92878 -1.92878 -1.92878 
2.37152e-322 2.37152e-322 2.37152e-322 
2.37152e-322 2.37152e-322 2.37152e-322 
1.87646e-316 1.87646e-316 1.87646e-316 
0 0 0 
7.54001e-06 7.54001e-06 7.54001e-06 7.54001e-06 
6.60033e-05 6.60033e-05 6.60033e-05 6.60033e-05 
0 0 0 0 
0 0 0 0 
0 0 0 0 
0 0 0 0 
1.87646e-316 1.87646e-316 1.87646e-316 1.87646e-316 
0.498529 0.498529 0.498529 0.498529 
0.000106653 0.000106653 0.000106653 0.000106653 
0.000230863 0.000230863 0.000230863 
107.431 107.431 107.431 
2.42092e-322 2.42092e-322 2.42092e-322 
2.91097e-316 2.91097e-316 2.91097e-316 
2.90658e-316 2.90658e-316 2.90658e-316 
0 0 0 
0 0 0 
4.74303e-322 4.74303e-322 4.74303e-322 
2.37152e-322 2.37152e-322 2.37152e-322 
2.84539e-316 2.84539e-316 2.84539e-316 2.84539e-316 
8.12362e-06 8.12362e-06 8.12362e-06 8.12362e-06 
9.76242e-05 9.76242e-05 9.76242e-05 9.76242e-05 
0.000212865 0.000212865 0.000212865 0.000212865 
108.096 108.096 108.096 108.096 
2.42092e-322 2.42092e-322 2.42092e-322 2.42092e-322 
39304.5 39304.5 39304.5 39304.5 
6.91082e-310 6.91082e-310 6.91082e-310 6.91082e-310 
3.17978e+06 3.17978e+06 3.17978e+06 3.17978e+06 
3171.99 3171.99 3171.99 3171.99 3171.99 
2.26128e-05 2.26128e-05 2.26128e-05 2.26128e-05 2.26128e-05 
4.00193e-322 4.00193e-322 4.00193e-322 4.00193e-322 4.00193e-322 
2.8907e-316 2.8907e-316 2.8907e-316 2.8907e-316 2.8907e-316 
2.83197e-316 2.83197e-316 2.83197e-316 2.83197e-316 2.83197e-316 
90589.1 90589.1 90589.1 90589.1 90589.1 
-99578.8 -99578.8 -99578.8 -99578.8 -99578.8 
-35431.9 -35431.9 -35431.9 -35431.9 -35431.9 
1.63042e-322 1.63042e-322 1.63042e-322 1.63042e-322 1.63042e-322 
R=8parameters: 
-0.493416 -0.493416 
0.140092 0.140092 
0.293692 0.293692 
0.797678 0.797678 
-9.43422 -9.43422 
1.81311e-316 1.81311e-316 
5.39187e+07 5.39187e+07 
304858 304858 
208770 208770 
1.90215e-321 1.90215e-321 1.90215e-321 
6.91082e-310 6.91082e-310 6.91082e-310 
3.02538e-316 3.02538e-316 3.02538e-316 
0 0 0 
0 0 0 
2.37152e-322 2.37152e-322 2.37152e-322 
2.37152e-322 2.37152e-322 2.37152e-322 
2.89597e-316 2.89597e-316 2.89597e-316 
0.935487 0.935487 0.935487 
0.943246 0.943246 0.943246 0.943246 
3.21143e-322 3.21143e-322 3.21143e-322 3.21143e-322 
2.47033e-323 2.47033e-323 2.47033e-323 2.47033e-323 
2.82216e-316 2.82216e-316 2.82216e-316 2.82216e-316 
2.47033e-323 2.47033e-323 2.47033e-323 2.47033e-323 
3.02519e-316 3.02519e-316 3.02519e-316 3.02519e-316 
6.9108e-310 6.9108e-310 6.9108e-310 6.9108e-310 
0 0 0 0 
44576.4 44576.4 44576.4 44576.4 
9384.91 9384.91 9384.91 
2.37152e-322 2.37152e-322 2.37152e-322 
2.37152e-322 2.37152e-322 2.37152e-322 
2.89521e-316 2.89521e-316 2.89521e-316 
1.07416e-05 1.07416e-05 1.07416e-05 
0.000107449 0.000107449 0.000107449 
0.000236163 0.000236163 0.000236163 
1.02766e-321 1.02766e-321 1.02766e-321 
6.32404e-322 6.32404e-322 6.32404e-322 
2.81481e-316 2.81481e-316 2.81481e-316 2.81481e-316 
-4.3841e-06 -4.3841e-06 -4.3841e-06 -4.3841e-06 
5.89e-07 5.89e-07 5.89e-07 5.89e-07 
2.91034e-316 2.91034e-316 2.91034e-316 2.91034e-316 
-2.95751e-05 -2.95751e-05 -2.95751e-05 -2.95751e-05 
2.42092e-322 2.42092e-322 2.42092e-322 2.42092e-322 
0.000802059 0.000802059 0.000802059 0.000802059 
0.000267404 0.000267404 0.000267404 0.000267404 
2.86169e-316 2.86169e-316 2.86169e-316 2.86169e-316 
3.21143e-322 3.21143e-322 3.21143e-322 3.21143e-322 3.21143e-322 
2.47033e-323 2.47033e-323 2.47033e-323 2.47033e-323 2.47033e-323 
2.89034e-316 2.89034e-316 2.89034e-316 2.89034e-316 2.89034e-316 
6.68137e+06 6.68137e+06 6.68137e+06 6.68137e+06 6.68137e+06 
1.63042e-322 1.63042e-322 1.63042e-322 1.63042e-322 1.63042e-322 
6.9108e-310 6.9108e-310 6.9108e-310 6.9108e-310 6.9108e-310 
2.122e-314 2.122e-314 2.122e-314 2.122e-314 2.122e-314 
2.47033e-323 2.47033e-323 2.47033e-323 2.47033e-323 2.47033e-323 
2.88862e-316 2.88862e-316 2.88862e-316 2.88862e-316 2.88862e-316 
R=9parameters: 
-0.474657 -0.474657 
0.146858 0.146858 
0.0912691 0.0912691 
-5.83191 -5.83191 
8.78927 8.78927 
1.81311e-316 1.81311e-316 
5.39187e+07 5.39187e+07 
304858 304858 
208770 208770 
1.90215e-321 1.90215e-321 1.90215e-321 
6.91082e-310 6.91082e-310 6.91082e-310 
6.91082e-310 6.91082e-310 6.91082e-310 
2.89034e-316 2.89034e-316 2.89034e-316 
2.82882e-316 2.82882e-316 2.82882e-316 
2.84925e-316 2.84925e-316 2.84925e-316 
0.000226613 0.000226613 0.000226613 
0 0 0 
0 0 0 
-7.29177e-05 -7.29177e-05 -7.29177e-05 -7.29177e-05 
4.21665e-05 4.21665e-05 4.21665e-05 4.21665e-05 
0 0 0 0 
0 0 0 0 
0 0 0 0 
0 0 0 0 
1.67772e+07 1.67772e+07 1.67772e+07 1.67772e+07 
1.63042e-322 1.63042e-322 1.63042e-322 1.63042e-322 
6.9108e-310 6.9108e-310 6.9108e-310 6.9108e-310 
0 0 0 
1.58101e-322 1.58101e-322 1.58101e-322 
1.58101e-322 1.58101e-322 1.58101e-322 
2.8877e-316 2.8877e-316 2.8877e-316 
0 0 0 
3.16202e-322 3.16202e-322 3.16202e-322 
2.37152e-322 2.37152e-322 2.37152e-322 
2.89249e-316 2.89249e-316 2.89249e-316 
5.05296e+06 5.05296e+06 5.05296e+06 
35324.4 35324.4 35324.4 35324.4 
7420.77 7420.77 7420.77 7420.77 
0 0 0 0 
3.72112e-06 3.72112e-06 3.72112e-06 3.72112e-06 
5.45904e-05 5.45904e-05 5.45904e-05 5.45904e-05 
1.5625e-05 1.5625e-05 1.5625e-05 1.5625e-05 
6.39996e-06 6.39996e-06 6.39996e-06 6.39996e-06 
0.00114633 0.00114633 0.00114633 0.00114633 
0 0 0 0 
0.000327861 0.000327861 0.000327861 0.000327861 0.000327861 
-1.03263e-05 -1.03263e-05 -1.03263e-05 -1.03263e-05 -1.03263e-05 
-0.0615654 -0.0615654 -0.0615654 -0.0615654 -0.0615654 
2.90684e-316 2.90684e-316 2.90684e-316 2.90684e-316 2.90684e-316 
2.84922e-316 2.84922e-316 2.84922e-316 2.84922e-316 2.84922e-316 
9.3883 9.3883 9.3883 9.3883 9.3883 
0.000267232 0.000267232 0.000267232 0.000267232 0.000267232 
8.91532e-05 8.91532e-05 8.91532e-05 8.91532e-05 8.91532e-05 
1.63042e-322 1.63042e-322 1.63042e-322 1.63042e-322 1.63042e-322 
R=10parameters: 
-0.462402 -0.462402 
0.151474 0.151474 
-0.000496964 -0.000496964 
0.419046 0.419046 
-0.418008 -0.418008 
1.81311e-316 1.81311e-316 
5.39187e+07 5.39187e+07 
304858 304858 
208770 208770 
1.90215e-321 1.90215e-321 1.90215e-321 
6.91082e-310 6.91082e-310 6.91082e-310 
6.91082e-310 6.91082e-310 6.91082e-310 
80404.7 80404.7 80404.7 
-25398 -25398 -25398 
2.37152e-322 2.37152e-322 2.37152e-322 
3.16202e-322 3.16202e-322 3.16202e-322 
1.81267e-316 1.81267e-316 1.81267e-316 
1.87681e-316 1.87681e-316 1.87681e-316 
139145 139145 139145 139145 
1.87682e-316 1.87682e-316 1.87682e-316 1.87682e-316 
-4036.85 -4036.85 -4036.85 -4036.85 
-4777.88 -4777.88 -4777.88 -4777.88 
0 0 0 0 
2.42092e-322 2.42092e-322 2.42092e-322 2.42092e-322 
0 0 0 0 
2.72093e+06 2.72093e+06 2.72093e+06 2.72093e+06 
0 0 0 0 
0 0 0 
0 0 0 
4.94066e-324 4.94066e-324 4.94066e-324 
2.88994e-316 2.88994e-316 2.88994e-316 
1.58101e-322 1.58101e-322 1.58101e-322 
6.9108e-310 6.9108e-310 6.9108e-310 
2.122e-314 2.122e-314 2.122e-314 
2.84173e-316 2.84173e-316 2.84173e-316 
3.95253e-322 3.95253e-322 3.95253e-322 
2.88695e-316 2.88695e-316 2.88695e-316 2.88695e-316 
2.88865e-316 2.88865e-316 2.88865e-316 2.88865e-316 
2.90512e-316 2.90512e-316 2.90512e-316 2.90512e-316 
3.02411e-316 3.02411e-316 3.02411e-316 3.02411e-316 
2.89329e-316 2.89329e-316 2.89329e-316 2.89329e-316 
2.81512e-316 2.81512e-316 2.81512e-316 2.81512e-316 
17303.8 17303.8 17303.8 17303.8 
410.862 410.862 410.862 410.862 
-821.439 -821.439 -821.439 -821.439 
2.42092e-322 2.42092e-322 2.42092e-322 2.42092e-322 2.42092e-322 
0 0 0 0 0 
0 0 0 0 0 
0 0 0 0 0 
0 0 0 0 0 
2.47033e-323 2.47033e-323 2.47033e-323 2.47033e-323 2.47033e-323 
-892.821 -892.821 -892.821 -892.821 -892.821 
-205.622 -205.622 -205.622 -205.622 -205.622 
1.63042e-322 1.63042e-322 1.63042e-322 1.63042e-322 1.63042e-322 
R=11parameters: 
-0.458263 -0.458263 
0.153174 0.153174 
-0.000490911 -0.000490911 
0.430002 0.430002 
-0.429631 -0.429631 
1.81311e-316 1.81311e-316 
5.39187e+07 5.39187e+07 
304858 304858 
208770 208770 
1.90215e-321 1.90215e-321 1.90215e-321 
6.91082e-310 6.91082e-310 6.91082e-310 
6.91082e-310 6.91082e-310 6.91082e-310 
2.47033e-323 2.47033e-323 2.47033e-323 
2.89294e-316 2.89294e-316 2.89294e-316 
30157.1 30157.1 30157.1 
4.94066e-324 4.94066e-324 4.94066e-324 
2.89294e-316 2.89294e-316 2.89294e-316 
8.74496e-322 8.74496e-322 8.74496e-322 
-0.000150934 -0.000150934 -0.000150934 -0.000150934 
6.67509e-05 6.67509e-05 6.67509e-05 6.67509e-05 
0 0 0 0 
0 0 0 0 
0.00271841 0.00271841 0.00271841 0.00271841 
9.38725e-322 9.38725e-322 9.38725e-322 9.38725e-322 
0 0 0 0 
1.63042e-322 1.63042e-322 1.63042e-322 1.63042e-322 
6.9108e-310 6.9108e-310 6.9108e-310 6.9108e-310 
0 0 0 
1.58101e-322 1.58101e-322 1.58101e-322 
2.37152e-322 2.37152e-322 2.37152e-322 
2.83194e-316 2.83194e-316 2.83194e-316 
0 0 0 
0 0 0 
0 0 0 
3.95253e-322 3.95253e-322 3.95253e-322 
1.63042e-322 1.63042e-322 1.63042e-322 
2.89607e-316 2.89607e-316 2.89607e-316 2.89607e-316 
2.83229e-316 2.83229e-316 2.83229e-316 2.83229e-316 
1.58101e-322 1.58101e-322 1.58101e-322 1.58101e-322 
0 0 0 0 
0 0 0 0 
0 0 0 0 
1.67772e+07 1.67772e+07 1.67772e+07 1.67772e+07 
1.63042e-322 1.63042e-322 1.63042e-322 1.63042e-322 
6.9108e-310 6.9108e-310 6.9108e-310 6.9108e-310 
0 0 0 0 0 
0.000204893 0.000204893 0.000204893 0.000204893 0.000204893 
1.63042e-322 1.63042e-322 1.63042e-322 1.63042e-322 1.63042e-322 
1.95255e-316 1.95255e-316 1.95255e-316 1.95255e-316 1.95255e-316 
2.82788e-316 2.82788e-316 2.82788e-316 2.82788e-316 2.82788e-316 
557.226 557.226 557.226 557.226 557.226 
-1274.59 -1274.59 -1274.59 -1274.59 -1274.59 
-211.968 -211.968 -211.968 -211.968 -211.968 
406654 406654 406654 406654 406654 
T Models:
(* Fitting with shape 1 1 1 1 1 1 1 1 1 1 0 0 *)
G[T_,xx_]:=Exp[0+xx[[1]]*T^1+xx[[2]]*T^2]*(1)
(* Fitting with shape 1 1 1 1 1 1 1 1 1 1 1 0 *)
G[T_,xx_]:=Exp[0+xx[[1]]*T^1+xx[[2]]*T^2]*(1)
(* Fitting with shape 1 1 1 1 1 1 1 1 1 1 1 1 *)
G[T_,xx_]:=Exp[0+xx[[1]]*T^1+xx[[2]]*T^2]*(1)
(* Fitting with shape 0 1 1 1 1 1 1 1 1 1 0 0 *)
G[T_,xx_]:=Exp[0+xx[[1]]*T^1+xx[[2]]*T^2]*(1)
(* Fitting with shape 0 1 1 1 1 1 1 1 1 1 1 0 *)
G[T_,xx_]:=Exp[0+xx[[1]]*T^1+xx[[2]]*T^2]*(1)
(* Fitting with shape 0 1 1 1 1 1 1 1 1 1 1 1 *)
G[T_,xx_]:=Exp[0+xx[[1]]*T^1+xx[[2]]*T^2]*(1)
(* Fitting with shape 0 0 1 1 1 1 1 1 1 1 0 0 *)
G[T_,xx_]:=Exp[0+xx[[1]]*T^1+xx[[2]]*T^2]*(1)
(* Fitting with shape 0 0 1 1 1 1 1 1 1 1 1 0 *)
G[T_,xx_]:=Exp[0+xx[[1]]*T^1+xx[[2]]*T^2]*(1)
(* Fitting with shape 0 0 1 1 1 1 1 1 1 1 1 1 *)
G[T_,xx_]:=Exp[0+xx[[1]]*T^1+xx[[2]]*T^2]*(1)
(* Fitting with shape 1 1 1 1 1 1 1 1 1 1 0 0 *)
G[T_,xx_]:=Exp[0+xx[[1]]*T^1+xx[[2]]*T^2]*(1+xx[[3]]/(T^1))
(* Fitting with shape 1 1 1 1 1 1 1 1 1 1 1 0 *)
G[T_,xx_]:=Exp[0+xx[[1]]*T^1+xx[[2]]*T^2]*(1+xx[[3]]/(T^1))
(* Fitting with shape 1 1 1 1 1 1 1 1 1 1 1 1 *)
G[T_,xx_]:=Exp[0+xx[[1]]*T^1+xx[[2]]*T^2]*(1+xx[[3]]/(T^1))
(* Fitting with shape 0 1 1 1 1 1 1 1 1 1 0 0 *)
G[T_,xx_]:=Exp[0+xx[[1]]*T^1+xx[[2]]*T^2]*(1+xx[[3]]/(T^1))
(* Fitting with shape 0 1 1 1 1 1 1 1 1 1 1 0 *)
G[T_,xx_]:=Exp[0+xx[[1]]*T^1+xx[[2]]*T^2]*(1+xx[[3]]/(T^1))
(* Fitting with shape 0 1 1 1 1 1 1 1 1 1 1 1 *)
G[T_,xx_]:=Exp[0+xx[[1]]*T^1+xx[[2]]*T^2]*(1+xx[[3]]/(T^1))
(* Fitting with shape 0 0 1 1 1 1 1 1 1 1 0 0 *)
G[T_,xx_]:=Exp[0+xx[[1]]*T^1+xx[[2]]*T^2]*(1+xx[[3]]/(T^1))
(* Fitting with shape 0 0 1 1 1 1 1 1 1 1 1 0 *)
G[T_,xx_]:=Exp[0+xx[[1]]*T^1+xx[[2]]*T^2]*(1+xx[[3]]/(T^1))
(* Fitting with shape 0 0 1 1 1 1 1 1 1 1 1 1 *)
G[T_,xx_]:=Exp[0+xx[[1]]*T^1+xx[[2]]*T^2]*(1+xx[[3]]/(T^1))
(* Fitting with shape 1 1 1 1 1 1 1 1 1 1 0 0 *)
G[T_,xx_]:=Exp[0+xx[[1]]*T^1+xx[[2]]*T^2]*(1+xx[[3]]/(T^1)+xx[[4]]/(T^2))
(* Fitting with shape 1 1 1 1 1 1 1 1 1 1 1 0 *)
G[T_,xx_]:=Exp[0+xx[[1]]*T^1+xx[[2]]*T^2]*(1+xx[[3]]/(T^1)+xx[[4]]/(T^2))
(* Fitting with shape 1 1 1 1 1 1 1 1 1 1 1 1 *)
G[T_,xx_]:=Exp[0+xx[[1]]*T^1+xx[[2]]*T^2]*(1+xx[[3]]/(T^1)+xx[[4]]/(T^2))
(* Fitting with shape 0 1 1 1 1 1 1 1 1 1 0 0 *)
G[T_,xx_]:=Exp[0+xx[[1]]*T^1+xx[[2]]*T^2]*(1+xx[[3]]/(T^1)+xx[[4]]/(T^2))
(* Fitting with shape 0 1 1 1 1 1 1 1 1 1 1 0 *)
G[T_,xx_]:=Exp[0+xx[[1]]*T^1+xx[[2]]*T^2]*(1+xx[[3]]/(T^1)+xx[[4]]/(T^2))
(* Fitting with shape 0 1 1 1 1 1 1 1 1 1 1 1 *)
G[T_,xx_]:=Exp[0+xx[[1]]*T^1+xx[[2]]*T^2]*(1+xx[[3]]/(T^1)+xx[[4]]/(T^2))
(* Fitting with shape 0 0 1 1 1 1 1 1 1 1 0 0 *)
G[T_,xx_]:=Exp[0+xx[[1]]*T^1+xx[[2]]*T^2]*(1+xx[[3]]/(T^1)+xx[[4]]/(T^2))
(* Fitting with shape 0 0 1 1 1 1 1 1 1 1 1 0 *)
G[T_,xx_]:=Exp[0+xx[[1]]*T^1+xx[[2]]*T^2]*(1+xx[[3]]/(T^1)+xx[[4]]/(T^2))
(* Fitting with shape 0 0 1 1 1 1 1 1 1 1 1 1 *)
G[T_,xx_]:=Exp[0+xx[[1]]*T^1+xx[[2]]*T^2]*(1+xx[[3]]/(T^1)+xx[[4]]/(T^2))
(* Fitting with shape 1 1 1 1 1 1 1 1 1 1 0 0 *)
G[T_,xx_]:=Exp[0+xx[[1]]*T^1+xx[[2]]*T^2+xx[[3]]*T^3]*(1)
(* Fitting with shape 1 1 1 1 1 1 1 1 1 1 1 0 *)
G[T_,xx_]:=Exp[0+xx[[1]]*T^1+xx[[2]]*T^2+xx[[3]]*T^3]*(1)
(* Fitting with shape 1 1 1 1 1 1 1 1 1 1 1 1 *)
G[T_,xx_]:=Exp[0+xx[[1]]*T^1+xx[[2]]*T^2+xx[[3]]*T^3]*(1)
(* Fitting with shape 0 1 1 1 1 1 1 1 1 1 0 0 *)
G[T_,xx_]:=Exp[0+xx[[1]]*T^1+xx[[2]]*T^2+xx[[3]]*T^3]*(1)
(* Fitting with shape 0 1 1 1 1 1 1 1 1 1 1 0 *)
G[T_,xx_]:=Exp[0+xx[[1]]*T^1+xx[[2]]*T^2+xx[[3]]*T^3]*(1)
(* Fitting with shape 0 1 1 1 1 1 1 1 1 1 1 1 *)
G[T_,xx_]:=Exp[0+xx[[1]]*T^1+xx[[2]]*T^2+xx[[3]]*T^3]*(1)
(* Fitting with shape 0 0 1 1 1 1 1 1 1 1 0 0 *)
G[T_,xx_]:=Exp[0+xx[[1]]*T^1+xx[[2]]*T^2+xx[[3]]*T^3]*(1)
(* Fitting with shape 0 0 1 1 1 1 1 1 1 1 1 0 *)
G[T_,xx_]:=Exp[0+xx[[1]]*T^1+xx[[2]]*T^2+xx[[3]]*T^3]*(1)
(* Fitting with shape 0 0 1 1 1 1 1 1 1 1 1 1 *)
G[T_,xx_]:=Exp[0+xx[[1]]*T^1+xx[[2]]*T^2+xx[[3]]*T^3]*(1)
(* Fitting with shape 1 1 1 1 1 1 1 1 1 1 0 0 *)
G[T_,xx_]:=Exp[0+xx[[1]]*T^1+xx[[2]]*T^2+xx[[3]]*T^3]*(1+xx[[4]]/(T^1))
(* Fitting with shape 1 1 1 1 1 1 1 1 1 1 1 0 *)
G[T_,xx_]:=Exp[0+xx[[1]]*T^1+xx[[2]]*T^2+xx[[3]]*T^3]*(1+xx[[4]]/(T^1))
(* Fitting with shape 1 1 1 1 1 1 1 1 1 1 1 1 *)
G[T_,xx_]:=Exp[0+xx[[1]]*T^1+xx[[2]]*T^2+xx[[3]]*T^3]*(1+xx[[4]]/(T^1))
(* Fitting with shape 0 1 1 1 1 1 1 1 1 1 0 0 *)
G[T_,xx_]:=Exp[0+xx[[1]]*T^1+xx[[2]]*T^2+xx[[3]]*T^3]*(1+xx[[4]]/(T^1))
(* Fitting with shape 0 1 1 1 1 1 1 1 1 1 1 0 *)
G[T_,xx_]:=Exp[0+xx[[1]]*T^1+xx[[2]]*T^2+xx[[3]]*T^3]*(1+xx[[4]]/(T^1))
(* Fitting with shape 0 1 1 1 1 1 1 1 1 1 1 1 *)
G[T_,xx_]:=Exp[0+xx[[1]]*T^1+xx[[2]]*T^2+xx[[3]]*T^3]*(1+xx[[4]]/(T^1))
(* Fitting with shape 0 0 1 1 1 1 1 1 1 1 0 0 *)
G[T_,xx_]:=Exp[0+xx[[1]]*T^1+xx[[2]]*T^2+xx[[3]]*T^3]*(1+xx[[4]]/(T^1))
(* Fitting with shape 0 0 1 1 1 1 1 1 1 1 1 0 *)
G[T_,xx_]:=Exp[0+xx[[1]]*T^1+xx[[2]]*T^2+xx[[3]]*T^3]*(1+xx[[4]]/(T^1))
(* Fitting with shape 0 0 1 1 1 1 1 1 1 1 1 1 *)
G[T_,xx_]:=Exp[0+xx[[1]]*T^1+xx[[2]]*T^2+xx[[3]]*T^3]*(1+xx[[4]]/(T^1))
(* Fitting with shape 1 1 1 1 1 1 1 1 1 1 0 0 *)
G[T_,xx_]:=Exp[0+xx[[1]]*T^1+xx[[2]]*T^2+xx[[3]]*T^3]*(1+xx[[4]]/(T^1)+xx[[5]]/(T^2))
(* Fitting with shape 1 1 1 1 1 1 1 1 1 1 1 0 *)
G[T_,xx_]:=Exp[0+xx[[1]]*T^1+xx[[2]]*T^2+xx[[3]]*T^3]*(1+xx[[4]]/(T^1)+xx[[5]]/(T^2))
(* Fitting with shape 1 1 1 1 1 1 1 1 1 1 1 1 *)
G[T_,xx_]:=Exp[0+xx[[1]]*T^1+xx[[2]]*T^2+xx[[3]]*T^3]*(1+xx[[4]]/(T^1)+xx[[5]]/(T^2))
(* Fitting with shape 0 1 1 1 1 1 1 1 1 1 0 0 *)
G[T_,xx_]:=Exp[0+xx[[1]]*T^1+xx[[2]]*T^2+xx[[3]]*T^3]*(1+xx[[4]]/(T^1)+xx[[5]]/(T^2))
(* Fitting with shape 0 1 1 1 1 1 1 1 1 1 1 0 *)
G[T_,xx_]:=Exp[0+xx[[1]]*T^1+xx[[2]]*T^2+xx[[3]]*T^3]*(1+xx[[4]]/(T^1)+xx[[5]]/(T^2))
(* Fitting with shape 0 1 1 1 1 1 1 1 1 1 1 1 *)
G[T_,xx_]:=Exp[0+xx[[1]]*T^1+xx[[2]]*T^2+xx[[3]]*T^3]*(1+xx[[4]]/(T^1)+xx[[5]]/(T^2))
(* Fitting with shape 0 0 1 1 1 1 1 1 1 1 0 0 *)
G[T_,xx_]:=Exp[0+xx[[1]]*T^1+xx[[2]]*T^2+xx[[3]]*T^3]*(1+xx[[4]]/(T^1)+xx[[5]]/(T^2))
(* Fitting with shape 0 0 1 1 1 1 1 1 1 1 1 0 *)
G[T_,xx_]:=Exp[0+xx[[1]]*T^1+xx[[2]]*T^2+xx[[3]]*T^3]*(1+xx[[4]]/(T^1)+xx[[5]]/(T^2))
(* Fitting with shape 0 0 1 1 1 1 1 1 1 1 1 1 *)
G[T_,xx_]:=Exp[0+xx[[1]]*T^1+xx[[2]]*T^2+xx[[3]]*T^3]*(1+xx[[4]]/(T^1)+xx[[5]]/(T^2))
Probabilities: 
       0        0        0        0        0        0        0        0        0        0        0        0        0        0        0        0        0        0        0        0        0        0        0        0 0.100042        0        0        0        0        0        0        0        0        0        0        0        0        0        0        0        0        0        0        0        0        0        0        0        0        0        0 0.899958        0        0
       0        0        0        0        0        0        0        0        0        0        0        0        0        0        0        0        0        0        0        0        0        0        0        0  0.13713        0        0        0        0        0        0        0        0        0        0        0        0        0        0        0        0        0        0        0        0        0        0        0        0        0        0  0.86287        0        0
       0        0        0        0        0        0        0        0        0        0        0        0        0        0        0        0        0        0        0        0        0        0        0        0 0.105775        0        0        0        0        0        0        0        0        0        0        0        0        0        0        0        0        0 0.894225        0        0        0        0        0        0        0        0        0        0        0
       0        0        0        0        0        0        0        0        0        0        0        0        0        0        0        0        0        0        0        0        0        0        0        0        0        0        0        0        0        0        0        0        0        0        0        0        0        0        0        0        0        0        0        0        0        0        0        0        0        0        0        1        0        0
       0        0        0        0        0        0        0        0        0        0        0        0        0        0        0        0        0        0        0        0        0        0        0        0        0        0        0        0        0        0        0        0        0        0        0        0        0        0        0        0        0        0        1        0        0        0        0        0        0        0        0        0        0        0
       0        0        0        0        0        0        0        0        0        0        0        0        0        0        0        0        0        0        0        0        0        0        0        0 0.106975        0        0        0        0        0        0        0        0        0        0        0        0        0        0        0        0        0 0.635578        0        0        0        0        0        0        0        0 0.257447        0        0
       0        0        0        0        0        0        0        0        0        0        0        0        0        0        0        0        0        0        0        0        0        0        0        0 0.175261        0        0        0        0        0        0        0        0        0        0        0        0        0        0        0        0        0 0.824739        0        0        0        0        0        0        0        0        0        0        0
       0        0        0        0        0        0        0        0        0        0        0        0        0        0        0        0        0        0        0        0        0        0        0        0 0.151484        0        0        0        0        0        0        0        0        0        0        0        0        0        0        0        0        0 0.616433        0        0        0        0        0        0        0        0 0.232083        0        0
       0        0        0        0        0        0        0        0        0        0        0        0        0        0        0        0        0        0        0        0        0        0        0        0 0.174398        0        0        0        0        0        0        0        0        0        0        0        0        0        0        0        0        0 0.601916        0        0        0        0        0        0        0        0 0.223686        0        0
       0        0        0        0        0        0        0        0        0        0        0        0        0        0        0        0        0        0        0        0        0        0        0        0 0.202842        0        0        0        0        0        0        0        0        0        0        0        0        0        0        0        0        0 0.581495        0        0        0        0        0        0        0        0 0.215663        0        0
       0        0        0        0        0        0        0        0        0        0        0        0        0        0        0        0        0        0        0        0        0        0        0        0 0.503857        0        0        0        0        0        0        0        0        0        0        0        0        0        0        0        0        0        0        0        0        0        0        0        0        0        0 0.496143        0        0
       0        0        0        0        0        0        0        0        0        0        0        0        0        0        0        0        0        0        0        0        0        0        0        0        1        0        0        0        0        0        0        0        0        0        0        0        0        0        0        0        0        0        0        0        0        0        0        0        0        0        0        0        0        0

Values: 
0.0518102 0.0518397 0.0518294    0.1535  0.188079  0.118908  0.161996 0.0928279  0.101792 0.0512925 0.0513015 0.0512941 0.0831583  0.262756 0.0510128  0.512686  0.344138  0.305313 0.0696505  0.050855 0.0508353 0.0506536 0.0506469 0.0506267 0.0505576 0.0505556  0.132972   1.13928   1.12872  0.153355   1.23361   1.23922   1.32028  0.972508   1.26315  0.967553  0.807672  0.809848  0.798555  0.052018 0.0518766   1.17074  0.764392 0.0608801 0.0514853 0.0517007  0.904281  0.909493 0.0512702  -1.13458 0.0510754 0.0509828 0.0507704   1.13002
 0.155168  0.201099 0.0738295 0.0740046  0.073945   0.13366 0.0740775 0.0740193 0.0738304 0.0736185 0.0735682 0.0734043 0.0732345 0.0731896  0.121634  0.192447  0.226652 0.0726709  0.138125   0.16126  0.147515 0.0723281  0.072301 0.0722115 0.0720696 0.0720681  0.841714   1.13263   1.28106   1.15381   1.22795   1.21231   1.14806   1.06137   1.01214    1.2909 0.0768408 0.0764482 0.0761538 0.0758398 0.0754482  0.806588   1.00467  0.770939   0.07456  0.873933  0.876449  0.074605 0.0742837  0.073658 0.0721062 0.0737895   0.79691 0.0729415
0.0869688 0.0867644 0.0864388 0.0871451  0.206341 0.0865827  0.272124   0.08719 0.0867917 0.0866673 0.0865499 0.0862192 0.0860306 0.0859267 0.0856642  0.402491  0.367631 0.0850102 0.0854117 0.0853196  0.259549 0.0844548  0.135264   0.16421 0.0839466 0.0839664  0.083812   1.16033   1.15702 0.0933515    1.2953   1.32305   1.29718   1.30438   1.28662   1.01105  0.092347 0.0916913 0.0912496  0.921094  0.950629 0.0898212 0.0898191  0.712725 0.0886753  0.884158 0.0890669  0.878648  0.670213 0.0871555   0.72382  0.585821 0.0854356 0.0859018
 0.097108 0.0967162 0.0961647  0.725074  0.097191 0.0964676  0.146025 0.0975295  0.185794 0.0968506 0.0966331 0.0960588 0.0959178 0.0957312 0.0952874  0.094838 0.0946722  0.672167 0.0950102  0.094849 0.0944479  0.359783  0.093439  0.296828  0.535861 0.0927424 0.0924675  0.263635  0.997208  0.972441   1.16979   1.16153   0.10589   1.28346   1.34202   1.08986  0.105283  0.104371  0.103779  0.974949   1.00809  0.101792    0.9774  0.100435  0.949998  0.887523  0.889463  0.889958  0.100127 0.0979038 0.0978948  0.099366 0.0950442  0.096027
 0.106315  0.105654   0.10491  0.106856  0.106388  0.191195   0.10725  0.221465  0.106668   0.10602  0.105673   0.10492  0.853037    0.8507  0.850173  0.103339  0.103094  0.102557  0.103584  0.103335  0.102762  0.101562  0.101452  0.506054  0.369683    0.2544  0.100027   0.91743  0.120657   1.15766   1.18087   1.17249   1.18312   1.04035   1.32362   1.10685  0.970425  0.972628  0.934598  0.114877  0.918607   0.11288  0.113294  0.111174   1.00452  0.113419  0.111618  0.111199  0.111314  0.107948  0.795513  0.770434   1.57439  0.105337
 0.115369  0.114555  0.113587   0.19672  0.234853  0.191597  0.116389  0.115827   0.11472  0.114847  0.114419   0.11347   0.27033  0.280772  0.112048  0.111414  0.111106  0.364079  0.111781   0.45803  0.110664  0.109166  0.109033  0.108357   0.10749  0.107686  0.107042   1.27914   1.11649   1.11857   0.13172   1.28675   1.26446   1.01114   1.03217   1.01175  0.974777  0.971891  0.126236   -50.974  0.931525  0.123475  0.124078  0.957416  0.121112  0.761514  0.725725  0.619222  0.121981  0.743901  0.117913  0.121196  0.771219  0.114804
  0.12421  0.123241  0.122199  0.124842  0.175253  0.217611  0.125095  0.255602  0.123368  0.123297  0.122808  0.121828  0.202609  0.226211  0.441922   0.54787  0.118792  0.426349   0.11961   0.11924   0.11831   0.18807   0.21692   0.26465  0.114393   0.11469  0.113887  0.930896  0.143594  0.890294    1.1669  0.141062   1.22272   1.13708  0.139293   1.00596  0.974638   0.97454   1.03913   0.13596  0.766683  0.133334  0.134279  0.795109  0.130763  0.134392  0.131671  0.585346   1.15942  -24.8748   1.14008  0.855824  0.119633  0.123415
  0.13297  0.131907  0.131008  0.133407  0.647941  0.302583  0.133409  0.132754  0.131874  0.131318  0.130787  0.129947  0.128895  0.128421  0.161787   0.12637  0.236676  0.124983  0.126972  0.126563  0.125524   0.12338  0.232089  0.122281  0.120926  0.121358  0.120366   1.07594   1.07194   1.05235   1.29426   1.35665   1.12331   0.99047  0.995892  0.993598    0.1476  0.975344  0.968749   1.09742  0.898859  0.713772  0.143419   0.73686   0.75947  0.143507  0.140299  0.140107  0.141539  0.911671 -0.698633   0.14108  0.980894  0.919531
 0.141016  0.140092  0.139656  0.204506  0.263391  0.140106  0.140748  0.140201  0.139774  0.138404  0.137923  0.137381  0.135555  0.135105  0.154558  0.676012  0.593486   0.31786  0.133462   0.13306  0.131968  0.129497  0.129398  0.182821  0.126765  0.556519  0.126134   1.12187  0.161229   1.11135   1.28564   1.28202   1.30173  0.981011  0.985672   0.98415  0.971032  0.988106  0.152801  0.152584  0.149946 -0.172795  0.151166   0.64199  0.147026  0.151162  0.147682  0.147682  0.959416   0.14208  0.143403  0.149309  0.132736   1.05825
 0.147635  0.146858  0.147059  0.281069  0.730956  0.147004  0.146558  0.146093  0.266448  0.144034  0.143599  0.143382  0.167178  0.140433  0.366239  0.137814  0.137439  0.136279  0.138655  0.138263  0.137153  0.134418  0.134348  0.133118   0.13151  0.132143  0.130857    1.1225  0.167271  0.995163    1.1079   1.10705   1.10637  0.977971   1.05642    1.0011  0.975324   0.97528  0.974448  0.158249  0.155505   0.86676  0.156954  0.832407  0.152737  0.156911  0.714455   0.66492  -20.8234  0.147541  0.834808  0.155041  0.992013  0.144816
 0.152128  0.151474  0.152261  0.151299  0.237806  0.254637  0.224327  0.149911  0.150294  0.147648  0.147236  0.147277  0.144276  0.143865  0.202769  0.141069  0.536082   0.13955     0.142  0.141624  0.140559  0.409059  0.263981  0.136319  0.134634  0.135371  0.134075  0.172281   1.15961  0.169029   1.10788    1.1073   1.10649    1.3226   1.04056    1.0418   0.92795  0.162452  0.161836  0.161709  0.823818    1.0331  0.847129    1.1093  0.743542  0.160402 -0.118599  0.858641   1.01171   1.07742  0.152366  0.159018  0.139998  0.147861
 0.153673  0.153174  0.154203  0.152681  0.152338   0.15322  0.151585  0.207482  0.151718  0.148878  0.148507   0.14861  0.145421  0.145038  0.144261  0.142202  0.141852  0.565013  0.143135  0.142773  0.141708  0.301624  0.138679   0.13744  0.135694  0.136434   0.13514   1.31523   1.34618   1.16049   1.10729   1.10644   1.10572   1.02573   1.26306   0.16549  0.974662   1.00482   1.05751  0.162917  -69.9311  0.908425   1.02313   1.00941  0.157231  0.161644  0.157764   0.85951  0.160482  0.151986  0.847393  0.478754   0.14142  0.149093

Errors: 
9.53935e-06 9.50457e-06 9.50181e-06  0.00261703    0.359849 2.37616e-05    0.384846 2.23679e-05 2.23281e-05 1.07689e-05 1.07221e-05 1.07765e-05 1.29884e-05  0.00488295 1.14245e-05     1.01871    0.888174    0.490507  0.00038582 1.24669e-05 1.23293e-05 1.58125e-05 1.54164e-05 1.49163e-05 2.02816e-05 1.93531e-05 0.000868507           0           0           1           0           0           0     1.00116     1.00009           0    0.432021 6.05769e-05 1.42194e-05 3.07485e-05 2.60676e-05 4.20244e-05           1           1 3.22322e-05 3.99267e-05 7.57017e-05  7.9728e-05 8.06912e-05 4.44732e-05 5.23066e-05 0.000168863 0.000115262   0.0028818
          0           0 2.88524e-05 3.00307e-05  2.9969e-05           0 3.03985e-05  3.0132e-05 2.92033e-05 3.08289e-05 3.05676e-05 2.97928e-05 3.24455e-05 3.20904e-05           0           0           0 3.46373e-05           0           0           0 5.06509e-05 4.79514e-05 4.28204e-05 6.94456e-05 6.36201e-05           0           0           0           0           0           0           0     1.00336           0     1.00008 8.09245e-05 7.30095e-05 6.41326e-05 0.000115621 9.25268e-05           1           0           1 0.000123789    0.786106     1.03322 0.000107002 0.000336756 0.000259227     1.00007 0.000715948     1.00001 0.000358995
6.35016e-05 6.24601e-05  6.0276e-05  6.4697e-05           0 6.13096e-05           0  6.4935e-05 6.22405e-05 6.55906e-05 6.44285e-05  6.1841e-05 6.88793e-05 6.79201e-05  6.4328e-05           0           0 6.90268e-05 7.38392e-05 7.39211e-05           0 0.000108648           0           0 0.000154173 0.000136717 0.000116884           0           0 0.000125913     1.00008      1.0002     1.00008     1.00031     1.00035           0 0.000197283 0.000165482 0.000142076     1.00035     1.00227 0.000188215 0.000424431     1.00002 0.000288887 0.000560231 0.000284683     2.00265 0.000179122 0.000596885 0.000150309   0.0039038  0.00113114 0.000871747
0.000112227 0.000109115 0.000104191           0 0.000112689 0.000106877           0  0.00011561           0 0.000116025 0.000112412 0.000116695 0.000122703 0.000119129  0.00011198 0.000145343 0.000138243           0 0.000157807 0.000129345 0.000119095           0 0.000179391           0           0 0.000241768 0.000204895     1.00003           0           0           0           0 0.000231048     1.00124     1.00047     1.02999 0.000324208 0.000296474 0.000255184     1.00006           1 0.000342046     1.01063 0.000620933     1.00072     2.34749  0.00121423     2.31592  0.00140888  0.00107886 0.000894758  0.00295153  0.00208503  0.00158827
0.000183762 0.000177933 0.000169543 0.000190155 0.000183812           0 0.000194387           0     1.00004  0.00019099 0.000184725 0.000167297           0           0           0  0.00023466 0.000219834 0.000197868  0.00021806 0.000207322 0.000191648 0.000308497 0.000279618           0           0     1.00143 0.000317808           0 0.000387028           0           0           0           0     1.04689     1.00111     1.03046           0           0           0 0.000764294     1.00016 0.000534569  0.00121593 0.000981386     1.08586 0.000979593 0.000815777 0.000688491  0.00216143  0.00169739   0.0178202 0.000239529     1.00064  0.00255927
0.000277705 0.000268989 0.000261962           0           0           0  0.00029374 0.000286123 0.000280896 0.000287512 0.000293068 0.000272924           0           0 0.000276447 0.000343097 0.000329123           0 0.000323001           0 0.000284936 0.000453977  0.00041226 0.000367989 0.000662546 0.000559716 0.000467951           0           0           0 0.000601278           0           0           0     1.28255           0           0           0 0.000562467    0.245715     1.00002 0.000765505  0.00174758     1.02287  0.00115947    0.152314     3.17186   0.0011023   0.0030512 0.000858067  0.00200018  0.00625342  0.00739734  0.00355907
0.000403767 0.000503928 0.000382449  0.00041472           0           0  0.00041769           1 0.000404363  0.00040615 0.000407223 0.000401654           0           0           0           0 0.000473216           0 0.000491843 0.000443609 0.000421717           0           0           0 0.000897086 0.000766858 0.000642756           0 0.000761458           0           0 0.000759623           0     1.02055 0.000811332           0           0           0           0  0.00139913     1.00002  0.00102179  0.00230281     1.00033    0.001578  0.00183081  0.00153938  0.00120083  0.00212969   0.0251837  0.00246485     1.00003    0.006314  0.00472969
0.000558915 0.000549337 0.000548315 0.000564875           0           0 0.000565202 0.000556132 0.000560134 0.000555858 0.000541962 0.000550312 0.000567934 0.000553184           0 0.000640018           0 0.000558915 0.000612055 0.000592937 0.000568964 0.000820226           0 0.000658167  0.00116052 0.000992722 0.000839382           0           0           0     1.00112     1.00054           0           0           0           0  0.00116672           0           0     1.00021     1.00161     1.00001   0.0028993     1.00207     1.00043   0.0022856  0.00192267  0.00161901  0.00496322     1.00043     1.00417   0.0099034   0.0626195     1.00012
 0.00073221 0.000731858 0.000778676           0           0 0.000758538 0.000720457 0.000714922 0.000748287 0.000701612 0.000696486 0.000708688 0.000715929 0.000697063           0           0           0           0 0.000761226 0.000762205 0.000717438  0.00100356 0.000925097           0  0.00141778           0  0.00103389           0  0.00107397           0           0           0           0           0           0           0           0           0  0.00112622   0.0021145  0.00179318     1.00002  0.00340479     1.00001   0.0023807  0.00269278  0.00227503  0.00192226  0.00262392  0.00477725  0.00395567   0.0115498  0.00932867 0.000497232
0.000914614 0.000931702 0.000974418           0           0 0.000935428 0.000853588 0.000892151           0  0.00084525 0.000825253 0.000857069           0 0.000836119           0 0.000945265 0.000912551 0.000865257 0.000894869 0.000877113  0.00088426  0.00118027  0.00107276 0.000978317  0.00164444  0.00138343  0.00121612           0  0.00124099           0           0           0           0     1.23114     1.07552     1.12745           0           0           0  0.00231719  0.00202054     1.00025  0.00381316     1.10948  0.00270032    0.003026  0.00276653  0.00393521   0.0262545  0.00539647     1.00018   0.0129014     1.00583  0.00790371
   0.001042   0.0010461  0.00115243 0.000982714           0           0           0 0.000954914  0.00102509 0.000937027 0.000930805 0.000956369 0.000937142 0.000934862     1.00023  0.00105499           0 0.000971301  0.00100375  0.00097546 0.000953941           0           0  0.00109419  0.00175207  0.00152948  0.00132937  0.00134158           0  0.00122849           0           0           0     1.00599     1.16669     1.16895           0  0.00166729  0.00132542   0.0024856      1.0018     1.00023     1.00532     1.00059     1.00004  0.00324536  0.00157777 0.000476495  0.00381801  0.00270085  0.00478629   0.0137009   0.0113538  0.00852353
 0.00107279  0.00109434  0.00116557  0.00101068           0  0.00112339 0.000979135           0  0.00105704 0.000960904 0.000957331  0.00101073 0.000979714 0.000965843  0.00096971  0.00107478  0.00104819           0  0.00120917  0.00101704 0.000997009           0  0.00125802  0.00112842  0.00182096  0.00158797  0.00138416           0           0           0           0           0           0    0.145703     1.00628  0.00132169           0           0           0  0.00254454    0.775385           0       1.002     1.00363  0.00298593  0.00333132  0.00282353 0.000809337  0.00717511  0.00593719     1.00023     1.03047   0.0115801  0.00872059

Statuses: 
0 0 0 3 3 3 3 3 3 0 0 0 3 3 0 3 3 3 3 0 0 0 0 0 0 0 3 3 3 3 3 3 3 3 3 3 3 3 3 0 0 3 3 3 0 0 3 3 0 0 0 0 0 3
3 3 0 0 0 3 0 0 0 0 0 0 0 0 3 3 3 0 3 3 3 0 0 0 0 0 3 3 3 3 3 3 3 3 3 3 0 0 0 0 0 3 3 3 0 3 3 0 0 0 3 0 3 0
0 0 0 0 3 0 3 0 0 0 0 0 0 0 0 3 3 0 0 0 3 0 3 3 0 0 0 3 3 0 3 3 3 3 3 3 0 0 0 3 3 0 0 3 0 3 0 3 3 0 3 3 0 0
0 0 0 3 0 0 3 0 3 0 0 0 0 0 0 0 0 3 0 0 0 3 0 3 3 0 0 3 3 3 3 3 0 3 3 3 0 0 0 3 3 0 3 0 3 3 3 3 0 0 0 0 0 0
0 0 0 0 0 3 0 3 3 0 0 0 3 3 3 0 0 0 0 0 0 0 0 3 3 3 0 3 0 3 3 3 3 3 3 3 3 3 3 0 3 0 0 0 3 0 0 0 0 0 3 3 3 0
0 0 0 3 3 3 0 0 0 0 0 0 3 3 0 0 0 3 0 3 0 0 0 0 0 0 0 3 3 3 0 3 3 3 3 3 3 3 0 0 3 0 0 3 0 3 3 3 0 3 0 0 3 0
0 0 0 0 3 3 0 3 0 0 0 0 3 3 3 3 0 3 0 0 0 3 3 3 0 0 0 3 0 3 3 0 3 3 0 3 3 3 3 0 3 0 0 3 0 0 0 3 3 0 3 3 0 0
0 0 0 0 3 3 0 0 0 0 0 0 0 0 3 0 3 0 0 0 0 0 3 0 0 0 0 3 3 3 3 3 3 3 3 3 0 3 3 3 3 3 0 3 3 0 0 0 0 3 3 0 3 3
0 0 0 3 3 0 0 0 0 0 0 0 0 0 3 3 3 3 0 0 0 0 0 3 0 3 0 3 0 3 3 3 3 3 3 3 3 3 0 0 0 3 0 3 0 0 0 0 3 0 0 0 0 3
0 0 0 3 3 0 0 0 3 0 0 0 3 0 3 0 0 0 0 0 0 0 0 0 0 0 0 3 0 3 3 3 3 3 3 3 3 3 3 0 0 3 0 3 0 0 3 3 1 0 3 0 3 0
0 0 0 0 3 3 3 0 0 0 0 0 0 0 3 0 3 0 0 0 0 3 3 0 0 0 0 0 3 0 3 3 3 3 3 3 3 0 0 0 3 3 3 3 3 0 0 3 3 3 0 0 0 0
0 0 0 0 2 0 0 3 0 0 0 0 0 0 0 0 0 3 0 0 0 3 0 0 0 0 0 3 3 3 3 3 3 3 3 0 3 3 3 0 0 3 3 3 0 0 0 3 0 0 3 3 0 0
chisq per dof: 
15.1499 14.3742 13.5063 26965.5 25179.3 21444.1 33830.1 25133.9 21992.6   6.583 6.30806 6.39872 22333.4 32585.4 2.88675 49828.1 36890.8 30472.9 36957.6 2.16615 2.11632 1.89164 1.74722  1.6687 2.01335 1.81084 23807.1 45066.8 41570.3 15670.8 55770.5 47824.8   41448 62135.2 50877.3   44404 53302.6 46184.1 39368.7 1.94799 1.87938 46574.2 77599.5 11046.9 1.75012  2.0599 60470.4 52130.7 2.25873 23320.4 1.85377 2.66956 2.25726 60286.5
1331.28 1314.14 7.20324 6.28457 5.94091 1101.65 4.90834 4.69766 4.91129 3.48672 3.32035  3.4939 2.17246 2.09016 1090.76 2044.42  1886.2 1.70682  2815.4 2440.71 2125.47 1.84976 1.71118 1.62662 2.01149  1.8092 3588.38 3792.08 3655.09 3043.61 4363.05 3635.46  3156.9 5021.06 4184.99 3429.55 1.86789 1.87142 1.82482 1.83605 1.74415 3704.63 6277.13 5012.93 1.69921 5779.04 4823.48 1.75516 2.25262 2.01355 2948.79 2.66875 6222.21  2.0066
5.40485 5.23977 5.13918 4.28117  274.02 4.27575 463.564 3.37636 3.64091  2.6667 2.55916 2.73995 1.93978 1.86858 1.90379 631.988 500.784 1.61595 1.87419 1.77728 608.721 1.83924 293.675 274.186 2.01152 1.80932 1.67971 1013.38 900.092 2.22513 1248.55  1055.8 899.418 1208.63  1027.9 913.778 1.75664 1.72092 1.65655 1048.06 1290.64 1.61558 2.00405 1162.55 1.68651 1572.53 1.85836 1084.27 1850.53  2.0114  1212.9 2026.01 2.25874 2.00754
4.15401 4.03567 3.99301 295.229 3.19433 3.39444 74.1252 2.69173 89.3735 2.28704 2.19899 2.36317 1.81372 1.74229 1.76229 1.72182 1.61799 229.139 1.82121 1.72439 1.68644 233.133  1.6947 144.882 328.643 1.80791 1.67813 100.836 339.733 299.208 526.867 458.212 1.62802 502.445  397.84 367.282 1.71423 1.66036 1.59171 442.249 320.383 1.60072   639.2 1.81638 378.286 628.088 535.256 453.395 2.25177 2.00976 1.84147 2.66884 2.25785 2.00699
3.47334  3.3832 3.37157 2.82134 2.70892 29.1785 2.40904 45.3506 7.41313 2.07667 1.99557 2.13097 200.856 172.734 152.135 1.69784 1.59357 1.54429 1.79024 1.69362 1.65489 1.82855 1.69129 110.858 129.991 69.0081 1.67766 214.664 1.67242 172.206 276.848 238.197 206.825 264.323 206.672 190.652 266.574 235.121 188.267 1.80565 273.865 1.59257 2.00237 1.81406 222.484 2.00306 1.84827 1.72799  2.2518 2.00948  129.51  298.59 235.674 2.00727
2.93999  2.8626 2.88228 17.2771   20.59 13.6819 2.11967 2.05516 2.24584 1.91235 1.83844 1.95902 32.1999 34.5399 1.62796 1.67802 1.57393 32.1963  1.7652 113.666 1.63017 1.82452 1.68767 1.59967 2.00846 1.80722 1.67758 145.581 116.324 102.301 1.55732 139.766 119.481 157.615 131.972 113.889 162.312 142.105 1.53941 157.842 116.952 1.58654 2.00223 158.353 1.67654 181.977  153.98 123.215 2.25192 197.629 1.84048 2.66919 182.674 2.00711
2.58517 2.51971 2.54027 2.15643  6.9824 8.89257 1.92824    14.5 2.00917 1.79713 1.72782 1.81664 11.7533 12.5294 39.1562 45.6791 1.55942 22.6136  1.7469 1.64983 1.60484 13.8199 14.6516 16.8521 2.00741  1.8065 1.67641 95.9266  1.5291 59.3252 115.892 1.49762 89.3094 106.953 1.53609 77.7016 115.347 99.4455  102.95 1.80277 101.394 1.58322   2.002 107.442 1.67528 2.00194 1.84339 90.0026 163.385  72.884 103.449 169.661 2.25722 2.00676
2.30934 2.25385 2.27257 1.95787   33.66 12.1523 1.78551 1.72822 1.83796 1.71339 1.64736 1.71032  1.6158 1.54322 4.97842   1.652  19.443 1.49178 1.73159 1.63431 1.58641 1.81833 11.8027 1.59261 2.00687 1.80621 1.67601 61.7979 60.2572 58.1189  87.671 72.3597 67.6964 79.1596 66.7327 57.7617 1.67313 75.1562 65.1127  86.998 89.2579 31.0351 2.00196 78.8167 56.8623 2.00177  1.8423 1.72201 2.25188 107.808 25.0243 2.66917 84.9539 76.0798
 2.1194 2.06642 2.08204 4.28631 6.77161 1.84031 1.68954  1.6322 1.71353  1.6546 1.59009 1.63343 1.59439 1.52128  2.5809  28.939 20.3793 8.47018 1.72084 1.62345 1.57283 1.81611 1.68016 4.23065 2.00628 22.2818 1.67553 55.0392 1.47295 42.9647 68.3481 59.2491 50.5027 63.4911 53.5629 46.4123 68.4901 64.6276 1.51516 1.80194 1.67605 30.8211 2.00195 58.9446 1.67371 2.00166 1.84115 1.72099 90.6514 2.00698 1.83942 2.66922 2.25677 51.0291
1.98554 1.93375 1.93864 7.35223 24.8274 1.72533 1.62218 1.56454 5.75897 1.61314 1.54937 1.57878 4.23679 1.50547   10.42 1.63766 1.53397 1.47545 1.71288 1.61545 1.56275 1.81431 1.67862 1.58857 2.00572  1.8054 1.67494 47.6597 1.45907  35.252 62.9773  54.466 47.8133 54.6045 46.0686  39.951 61.3382 53.3992 46.4963 1.80188 1.67499 53.8436 2.00203 54.9158 1.67318 2.00169 57.6737 57.1948  68.526 2.00656 62.3428 2.66934 67.8869 2.00641
1.91002 1.85775 1.85428 1.67313  3.6433 3.91471 4.31572 1.52652 1.57075 1.59093 1.52769   1.547 1.56964 1.49567 2.76784 1.63383 14.2534 1.47026 1.70784 1.61017 1.55513 20.1485 6.78526 1.58685 2.00539 1.80526 1.67433 1.49121 39.2984 1.42422 58.0004 50.2237 44.0926 44.7766 42.1503 36.5467 50.2294 1.58384 1.51143 1.80178 56.5989 34.7869 62.1331 25.2135  39.261 2.00162 4.97872 59.7162  81.602 47.5855 1.83897 2.66926 2.25636 2.00627
1.88889 1.83604  1.8323 1.65871 1.59802 1.64486 1.57439   2.851 1.55773 1.58455 1.52154 1.53823 1.56675 1.49297 1.46655 1.63268 1.52914 14.5523 1.70626 1.60872 1.55262 9.30465 1.67737 1.58632 2.00543 1.80526 1.67418 47.2651 42.8307 33.8981 56.4773 48.8872 42.9105 48.7126 37.4897 1.44326 53.2903 50.2158 49.9339 1.80171 41.3315 48.8072 55.6639 32.9764  1.6728 2.00158 1.83994  58.001 2.25193  2.0063 56.3176  77.185 2.25634 2.00615
Mode averaged potential and errors: 
  0.0509402 0.000204876
  0.0735536 0.000890482
  0.0891979  0.00185079
   0.099366  0.00295153
   0.113294  0.00121593
   0.121562   0.0061072
   0.130794  0.00785325
   0.139469  0.00951083
   0.146495   0.0109525
    0.15138   0.0120807
   0.146732   0.0155985
   0.135694  0.00182096
R Models:
(* Fitting with shape 1 1 1 1 1 1 1 1 0 0 0 0 *)
G[R_,xx_]:=xx[[0]] + xx[[1]]/R | xx[[2]]*R
(* Fitting with shape 1 1 1 1 1 1 1 1 1 0 0 0 *)
G[R_,xx_]:=xx[[0]] + xx[[1]]/R | xx[[2]]*R
(* Fitting with shape 1 1 1 1 1 1 1 1 1 1 0 0 *)
G[R_,xx_]:=xx[[0]] + xx[[1]]/R | xx[[2]]*R
(* Fitting with shape 1 1 1 1 1 1 1 1 1 1 1 0 *)
G[R_,xx_]:=xx[[0]] + xx[[1]]/R | xx[[2]]*R
(* Fitting with shape 1 1 1 1 1 1 1 1 1 1 1 1 *)
G[R_,xx_]:=xx[[0]] + xx[[1]]/R | xx[[2]]*R
(* Fitting with shape 0 1 1 1 1 1 1 1 0 0 0 0 *)
G[R_,xx_]:=xx[[0]] + xx[[1]]/R | xx[[2]]*R
(* Fitting with shape 0 1 1 1 1 1 1 1 1 0 0 0 *)
G[R_,xx_]:=xx[[0]] + xx[[1]]/R | xx[[2]]*R
(* Fitting with shape 0 1 1 1 1 1 1 1 1 1 0 0 *)
G[R_,xx_]:=xx[[0]] + xx[[1]]/R | xx[[2]]*R
(* Fitting with shape 0 1 1 1 1 1 1 1 1 1 1 0 *)
G[R_,xx_]:=xx[[0]] + xx[[1]]/R | xx[[2]]*R
(* Fitting with shape 0 1 1 1 1 1 1 1 1 1 1 1 *)
G[R_,xx_]:=xx[[0]] + xx[[1]]/R | xx[[2]]*R
(* Fitting with shape 0 0 1 1 1 1 1 1 0 0 0 0 *)
G[R_,xx_]:=xx[[0]] + xx[[1]]/R | xx[[2]]*R
(* Fitting with shape 0 0 1 1 1 1 1 1 1 0 0 0 *)
G[R_,xx_]:=xx[[0]] + xx[[1]]/R | xx[[2]]*R
(* Fitting with shape 0 0 1 1 1 1 1 1 1 1 0 0 *)
G[R_,xx_]:=xx[[0]] + xx[[1]]/R | xx[[2]]*R
(* Fitting with shape 0 0 1 1 1 1 1 1 1 1 1 0 *)
G[R_,xx_]:=xx[[0]] + xx[[1]]/R | xx[[2]]*R
(* Fitting with shape 0 0 1 1 1 1 1 1 1 1 1 1 *)
G[R_,xx_]:=xx[[0]] + xx[[1]]/R | xx[[2]]*R
(* Fitting with shape 0 0 0 1 1 1 1 1 0 0 0 0 *)
G[R_,xx_]:=xx[[0]] + xx[[1]]/R | xx[[2]]*R
(* Fitting with shape 0 0 0 1 1 1 1 1 1 0 0 0 *)
G[R_,xx_]:=xx[[0]] + xx[[1]]/R | xx[[2]]*R
(* Fitting with shape 0 0 0 1 1 1 1 1 1 1 0 0 *)
G[R_,xx_]:=xx[[0]] + xx[[1]]/R | xx[[2]]*R
(* Fitting with shape 0 0 0 1 1 1 1 1 1 1 1 0 *)
G[R_,xx_]:=xx[[0]] + xx[[1]]/R | xx[[2]]*R
(* Fitting with shape 0 0 0 1 1 1 1 1 1 1 1 1 *)
G[R_,xx_]:=xx[[0]] + xx[[1]]/R | xx[[2]]*R
3.13544 3.13544 3.13544 
-0.171754 -0.171754 -0.171754 
1 1 1 
0.42769 0.42769 0.42769 
-0.427262 -0.427262 -0.427262 
1.81311e-316 1.81311e-316 1.81311e-316 
5.39187e+07 5.39187e+07 5.39187e+07 
304858 304858 304858 
208770 208770 208770 
2.42092e-322 2.42092e-322 2.42092e-322 
1.061e-313 1.061e-313 1.061e-313 
1.87681e-316 1.87681e-316 1.87681e-316 
0.00195313 0.00195313 0.00195313 
4.94066e-324 4.94066e-324 4.94066e-324 
2.37152e-322 2.37152e-322 2.37152e-322 
2.37152e-322 2.37152e-322 2.37152e-322 
3.02713e-316 3.02713e-316 3.02713e-316 
0.000290418 0.000290418 0.000290418 
5.03927e-06 5.03927e-06 5.03927e-06 
-1.08745e-05 -1.08745e-05 -1.08745e-05 
1.26958e-05 1.26958e-05 1.26958e-05 
2.41247e-05 2.41247e-05 2.41247e-05 
1.1603e-05 1.1603e-05 1.1603e-05 
0 0 0 
0 0 0 
2.42092e-322 2.42092e-322 2.42092e-322 
2.83194e-316 2.83194e-316 2.83194e-316 
-8647.14 -8647.14 -8647.14 
1793.91 1793.91 1793.91 
529.183 529.183 529.183 
0 0 0 
2.42092e-322 2.42092e-322 2.42092e-322 
2.90683e-316 2.90683e-316 2.90683e-316 
2.90658e-316 2.90658e-316 2.90658e-316 
-4.69737 -4.69737 -4.69737 
7.41072 7.41072 7.41072 
1.10671e-321 1.10671e-321 1.10671e-321 
3.16202e-322 3.16202e-322 3.16202e-322 
3.02457e-316 3.02457e-316 3.02457e-316 
2.90108e-316 2.90108e-316 2.90108e-316 
1.87681e-316 1.87681e-316 1.87681e-316 
2.42092e-322 2.42092e-322 2.42092e-322 
1.061e-313 1.061e-313 1.061e-313 
0.841034 0.841034 0.841034 
973779 973779 973779 
1.0612e+09 1.0612e+09 1.0612e+09 
197829 197829 197829 
2.42092e-322 2.42092e-322 2.42092e-322 
1.061e-313 1.061e-313 1.061e-313 
1.78628e-316 1.78628e-316 1.78628e-316 
0.541339 0.541339 0.541339 
6.91082e-310 6.91082e-310 6.91082e-310 
231306 231306 231306 
3.02598e-316 3.02598e-316 3.02598e-316 
Probabilities: 
        0         0         0         0         0         0         0         0         0         0         0         0         0         0         0 0.0167684 0.0314704         0 0.0983576  0.155137         0 0.0527182         0  0.017263 0.0264453 0.0669462         0         0         0         0         0         0         0         0         0         0         0         0         0         0         0         0         0         0         0         0  0.408668         0  0.058345         0         0         0 0.0678802         0

String tensions: 
          1           1           1           1           1           1           1           1           1   -0.417377   -0.426961  -0.0944601    -1.06544    -1.07576    -0.88542   -0.888353   -0.951961    -1.24018   -0.994036    -1.05464   -0.173521    -1.60645    0.183345    -2.32659    -3.28344    -3.30254     4.48409   -0.127405  -0.0356896  -0.0357713    0.752644    0.761939    0.795574 -0.00850426    0.746605   -0.056148     1.50713     1.22974    0.891449  -0.0307464   -0.122342  -0.0844969    0.099721   -0.104755   -0.608058    0.140029  0.00667575  -0.0550064  0.00669955  -0.0853654  -0.0703019    0.254063 -0.00118467   0.0178941

Errors: 
    5792.62     5792.62           0     5792.62     5792.62           0     5792.62     5792.62     5792.62   0.0132485   0.0123272     1.00005           0           0    0.032284     0.19176    0.165767   0.0974253    0.139445     0.12503     1.00007   0.0626731           0    0.280413     1.44149    0.110721           0           0           0           0           0           0     1.04132     1.00315     1.61787     1.00107     1.20833      1.0188    0.219093           1           1     1.00001     1.00215     1.00185     1.00106     1.00442  0.00495138     1.71311  0.00989588     2.95632     2.46995     1.01827   0.0105739 0.000640942

Statuses: 
0 0 3 0 0 3 0 0 0 0 0 3 3 3 0 0 0 0 0 0 3 0 3 0 0 0 3 3 3 3 3 3 3 3 3 3 0 3 3 3 3 3 3 3 3 3 0 3 0 3 3 3 0 1
chisq per dof: 
  64.3124   68.4412   476.208   8.54149   10.2533   435.005   2.59086   3.15473   11.4239   1.77564   2.39306   544.676   247.359    210.57   2.59916  0.255657  0.336531   1.43115   0.24858  0.353582   814.523   0.16456   1279.69  0.902519 0.0734248 0.0849166   258.634    2024.6   2113.11   2495.03   2221.76   1917.21   2373.52   1913.92   1854.05   1966.68   2881.58   2528.11   2849.84   928.386   821.391   1772.44   1103.71    503.24   2040.35   766.807  0.111434   1483.47  0.130756   761.095   1980.11   2143.49 0.0802983  0.153045
Model string tension and errors: 
sigma = -0.735978 +/- 1.03817
