R=0parameters: 
-0.658374 -0.658374 
0.0552726 0.0552726 
7.02057e-11 7.02057e-11 
1.63042e-322 1.63042e-322 
8.44254e-09 8.44254e-09 
2.122e-314 2.122e-314 
2.15543e-316 2.15543e-316 
2.42092e-322 2.42092e-322 
1.05921e-316 1.05921e-316 
2.45551e-321 2.45551e-321 2.45551e-321 
2.09343e-316 2.09343e-316 2.09343e-316 
-7.15357e+235 -7.15357e+235 -7.15357e+235 
6.93289e-310 6.93289e-310 6.93289e-310 
9.88131e-324 9.88131e-324 9.88131e-324 
2.07611e-316 2.07611e-316 2.07611e-316 
1.2732e-313 1.2732e-313 1.2732e-313 
3.95253e-323 3.95253e-323 3.95253e-323 
4.94066e-324 4.94066e-324 4.94066e-324 
1.19774e-316 1.19774e-316 1.19774e-316 1.19774e-316 
1.19774e-316 1.19774e-316 1.19774e-316 1.19774e-316 
-nan -nan -nan -nan 
2.09731e-316 2.09731e-316 2.09731e-316 2.09731e-316 
4.44659e-323 4.44659e-323 4.44659e-323 4.44659e-323 
2.07611e-316 2.07611e-316 2.07611e-316 2.07611e-316 
1.2732e-313 1.2732e-313 1.2732e-313 1.2732e-313 
0 0 0 0 
2.06037e-316 2.06037e-316 2.06037e-316 2.06037e-316 
2.06037e-316 2.06037e-316 2.06037e-316 
2.06038e-316 2.06038e-316 2.06038e-316 
2.06038e-316 2.06038e-316 2.06038e-316 
1.19774e-316 1.19774e-316 1.19774e-316 
4.44659e-323 4.44659e-323 4.44659e-323 
2.07612e-316 2.07612e-316 2.07612e-316 
1.2732e-313 1.2732e-313 1.2732e-313 
0 0 0 
2.07318e-316 2.07318e-316 2.07318e-316 
2.13899e-316 2.13899e-316 2.13899e-316 2.13899e-316 
2.1383e-316 2.1383e-316 2.1383e-316 2.1383e-316 
2.09374e-316 2.09374e-316 2.09374e-316 2.09374e-316 
2.09374e-316 2.09374e-316 2.09374e-316 2.09374e-316 
-nan -nan -nan -nan 
0 0 0 0 
2.07612e-316 2.07612e-316 2.07612e-316 2.07612e-316 
1.6976e-313 1.6976e-313 1.6976e-313 1.6976e-313 
2.12024e-316 2.12024e-316 2.12024e-316 2.12024e-316 
6.08167e+247 6.08167e+247 6.08167e+247 6.08167e+247 6.08167e+247 
9.08698e+223 9.08698e+223 9.08698e+223 9.08698e+223 9.08698e+223 
7.09799e+194 7.09799e+194 7.09799e+194 7.09799e+194 7.09799e+194 
2.98361e+174 2.98361e+174 2.98361e+174 2.98361e+174 2.98361e+174 
2.45944e+198 2.45944e+198 2.45944e+198 2.45944e+198 2.45944e+198 
6.91609e+212 6.91609e+212 6.91609e+212 6.91609e+212 6.91609e+212 
1.34062e-317 1.34062e-317 1.34062e-317 1.34062e-317 1.34062e-317 
-nan -nan -nan -nan -nan 
5.58294e-322 5.58294e-322 5.58294e-322 5.58294e-322 5.58294e-322 
R=1parameters: 
-0.591368 -0.591368 
0.0851838 0.0851838 
-0.0741984 -0.0741984 
1.05401 1.05401 
-10.1767 -10.1767 
2.15524e-316 2.15524e-316 
1.11351e+08 1.11351e+08 
-669734 -669734 
79638.7 79638.7 
1.0326e-321 1.0326e-321 1.0326e-321 
2.15191e-316 2.15191e-316 2.15191e-316 
2.13605e-316 2.13605e-316 2.13605e-316 
0.245886 0.245886 0.245886 
-0.217822 -0.217822 -0.217822 
0 0 0 
0 0 0 
0 0 0 
1.16105e-321 1.16105e-321 1.16105e-321 
0 0 0 0 
3.21143e-322 3.21143e-322 3.21143e-322 3.21143e-322 
2.25851e-316 2.25851e-316 2.25851e-316 2.25851e-316 
-2.02023e+06 -2.02023e+06 -2.02023e+06 -2.02023e+06 
0.165112 0.165112 0.165112 0.165112 
0.000962196 0.000962196 0.000962196 0.000962196 
3349.77 3349.77 3349.77 3349.77 
2.42092e-322 2.42092e-322 2.42092e-322 2.42092e-322 
2.06936e-316 2.06936e-316 2.06936e-316 2.06936e-316 
2.10063e-316 2.10063e-316 2.10063e-316 
0 0 0 
0 0 0 
-10.1767 -10.1767 -10.1767 
2.14101e-316 2.14101e-316 2.14101e-316 
1.74831e+06 1.74831e+06 1.74831e+06 
-119279 -119279 -119279 
0 0 0 
7.11455e-322 7.11455e-322 7.11455e-322 
2.14607e-316 2.14607e-316 2.14607e-316 2.14607e-316 
2.13561e-316 2.13561e-316 2.13561e-316 2.13561e-316 
2.15218e-316 2.15218e-316 2.15218e-316 2.15218e-316 
0 0 0 0 
7.72485e+228 7.72485e+228 7.72485e+228 7.72485e+228 
7.67955e+218 7.67955e+218 7.67955e+218 7.67955e+218 
8.6188e+183 8.6188e+183 8.6188e+183 8.6188e+183 
1.14109e+243 1.14109e+243 1.14109e+243 1.14109e+243 
7.50322e+247 7.50322e+247 7.50322e+247 7.50322e+247 
6.08167e+247 6.08167e+247 6.08167e+247 6.08167e+247 6.08167e+247 
9.08698e+223 9.08698e+223 9.08698e+223 9.08698e+223 9.08698e+223 
7.09799e+194 7.09799e+194 7.09799e+194 7.09799e+194 7.09799e+194 
2.98361e+174 2.98361e+174 2.98361e+174 2.98361e+174 2.98361e+174 
2.45944e+198 2.45944e+198 2.45944e+198 2.45944e+198 2.45944e+198 
6.91609e+212 6.91609e+212 6.91609e+212 6.91609e+212 6.91609e+212 
1.34062e-317 1.34062e-317 1.34062e-317 1.34062e-317 1.34062e-317 
-nan -nan -nan -nan -nan 
5.58294e-322 5.58294e-322 5.58294e-322 5.58294e-322 5.58294e-322 
R=2parameters: 
-0.51365 -0.51365 
0.106936 0.106936 
-6.69734e-05 -6.69734e-05 
0.130692 0.130692 
-0.0820915 -0.0820915 
2.15524e-316 2.15524e-316 
1.11351e+08 1.11351e+08 
-669734 -669734 
79638.7 79638.7 
1.0326e-321 1.0326e-321 1.0326e-321 
2.15191e-316 2.15191e-316 2.15191e-316 
-7.15357e+235 -7.15357e+235 -7.15357e+235 
0.00103663 0.00103663 0.00103663 
-0.00267566 -0.00267566 -0.00267566 
-0.00382426 -0.00382426 -0.00382426 
2.10565e+223 2.10565e+223 2.10565e+223 
1.5554e+161 1.5554e+161 1.5554e+161 
1.21906e-152 1.21906e-152 1.21906e-152 
4.91348e+252 4.91348e+252 4.91348e+252 4.91348e+252 
9.69724e+189 9.69724e+189 9.69724e+189 9.69724e+189 
7.22762e+159 7.22762e+159 7.22762e+159 7.22762e+159 
0 0 0 0 
1.06499e-312 1.06499e-312 1.06499e-312 1.06499e-312 
1.63042e-322 1.63042e-322 1.63042e-322 1.63042e-322 
2.07616e-316 2.07616e-316 2.07616e-316 2.07616e-316 
2.09443e-316 2.09443e-316 2.09443e-316 2.09443e-316 
2.14373e-316 2.14373e-316 2.14373e-316 2.14373e-316 
1.63042e-322 1.63042e-322 1.63042e-322 
6.93287e-310 6.93287e-310 6.93287e-310 
2.122e-314 2.122e-314 2.122e-314 
2.15191e-316 2.15191e-316 2.15191e-316 
1.63042e-322 1.63042e-322 1.63042e-322 
6.93287e-310 6.93287e-310 6.93287e-310 
0 0 0 
1.02766e-321 1.02766e-321 1.02766e-321 
7.11455e-322 7.11455e-322 7.11455e-322 
2.14607e-316 2.14607e-316 2.14607e-316 2.14607e-316 
2.09691e-316 2.09691e-316 2.09691e-316 2.09691e-316 
2.13575e-316 2.13575e-316 2.13575e-316 2.13575e-316 
1.94932e+243 1.94932e+243 1.94932e+243 1.94932e+243 
7.72485e+228 7.72485e+228 7.72485e+228 7.72485e+228 
7.67955e+218 7.67955e+218 7.67955e+218 7.67955e+218 
8.6188e+183 8.6188e+183 8.6188e+183 8.6188e+183 
1.14109e+243 1.14109e+243 1.14109e+243 1.14109e+243 
7.50322e+247 7.50322e+247 7.50322e+247 7.50322e+247 
6.08167e+247 6.08167e+247 6.08167e+247 6.08167e+247 6.08167e+247 
9.08698e+223 9.08698e+223 9.08698e+223 9.08698e+223 9.08698e+223 
7.09799e+194 7.09799e+194 7.09799e+194 7.09799e+194 7.09799e+194 
2.98361e+174 2.98361e+174 2.98361e+174 2.98361e+174 2.98361e+174 
2.45944e+198 2.45944e+198 2.45944e+198 2.45944e+198 2.45944e+198 
6.91609e+212 6.91609e+212 6.91609e+212 6.91609e+212 6.91609e+212 
1.34062e-317 1.34062e-317 1.34062e-317 1.34062e-317 1.34062e-317 
-nan -nan -nan -nan -nan 
5.58294e-322 5.58294e-322 5.58294e-322 5.58294e-322 5.58294e-322 
R=3parameters: 
-0.432084 -0.432084 
0.126301 0.126301 
-0.000129446 -0.000129446 
0.220258 0.220258 
-0.127922 -0.127922 
2.15524e-316 2.15524e-316 
1.11351e+08 1.11351e+08 
-669734 -669734 
79638.7 79638.7 
2.42092e-322 2.42092e-322 2.42092e-322 
-0.445739 -0.445739 -0.445739 
2.38996e-05 2.38996e-05 2.38996e-05 
7.94156e-05 7.94156e-05 7.94156e-05 
598.977 598.977 598.977 
0 0 0 
0 0 0 
0 0 0 
0 0 0 
1 1 1 1 
1.96929e-05 1.96929e-05 1.96929e-05 1.96929e-05 
0 0 0 0 
0 0 0 0 
0 0 0 0 
0 0 0 0 
1.67772e+07 1.67772e+07 1.67772e+07 1.67772e+07 
4.00193e-322 4.00193e-322 4.00193e-322 4.00193e-322 
2.09735e-316 2.09735e-316 2.09735e-316 2.09735e-316 
2.07992e-316 2.07992e-316 2.07992e-316 
1.81653e+223 1.81653e+223 1.81653e+223 
7.82136e+179 7.82136e+179 7.82136e+179 
1.08618e-153 1.08618e-153 1.08618e-153 
-0.14354 -0.14354 -0.14354 
0.68701 0.68701 0.68701 
-0 -0 -0 
1.02766e-321 1.02766e-321 1.02766e-321 
7.11455e-322 7.11455e-322 7.11455e-322 
2.14607e-316 2.14607e-316 2.14607e-316 2.14607e-316 
-7.15357e+235 -7.15357e+235 -7.15357e+235 -7.15357e+235 
0 0 0 0 
0 0 0 0 
7.72485e+228 7.72485e+228 7.72485e+228 7.72485e+228 
7.67955e+218 7.67955e+218 7.67955e+218 7.67955e+218 
8.6188e+183 8.6188e+183 8.6188e+183 8.6188e+183 
1.14109e+243 1.14109e+243 1.14109e+243 1.14109e+243 
7.50322e+247 7.50322e+247 7.50322e+247 7.50322e+247 
6.08167e+247 6.08167e+247 6.08167e+247 6.08167e+247 6.08167e+247 
9.08698e+223 9.08698e+223 9.08698e+223 9.08698e+223 9.08698e+223 
7.09799e+194 7.09799e+194 7.09799e+194 7.09799e+194 7.09799e+194 
2.98361e+174 2.98361e+174 2.98361e+174 2.98361e+174 2.98361e+174 
2.45944e+198 2.45944e+198 2.45944e+198 2.45944e+198 2.45944e+198 
6.91609e+212 6.91609e+212 6.91609e+212 6.91609e+212 6.91609e+212 
1.34062e-317 1.34062e-317 1.34062e-317 1.34062e-317 1.34062e-317 
-nan -nan -nan -nan -nan 
5.58294e-322 5.58294e-322 5.58294e-322 5.58294e-322 5.58294e-322 
R=4parameters: 
-0.355025 -0.355025 
0.145918 0.145918 
-0.00020192 -0.00020192 
0.332309 0.332309 
-0.188757 -0.188757 
2.15524e-316 2.15524e-316 
1.11351e+08 1.11351e+08 
-669734 -669734 
79638.7 79638.7 
2.42092e-322 2.42092e-322 2.42092e-322 
0.61491 0.61491 0.61491 
4.51656e-06 4.51656e-06 4.51656e-06 
3.75868e-05 3.75868e-05 3.75868e-05 
173.852 173.852 173.852 
609.624 609.624 609.624 
841.595 841.595 841.595 
-1.60522e-17 -1.60522e-17 -1.60522e-17 
0 0 0 
-3.00565e-06 -3.00565e-06 -3.00565e-06 -3.00565e-06 
3.21143e-322 3.21143e-322 3.21143e-322 3.21143e-322 
2.14373e-316 2.14373e-316 2.14373e-316 2.14373e-316 
2.09372e-316 2.09372e-316 2.09372e-316 2.09372e-316 
0 0 0 0 
0 0 0 0 
1 1 1 1 
5.52265e+07 5.52265e+07 5.52265e+07 5.52265e+07 
300648 300648 300648 300648 
59210.9 59210.9 59210.9 
0 0 0 
2.42092e-322 2.42092e-322 2.42092e-322 
0.712417 0.712417 0.712417 
-0.144945 -0.144945 -0.144945 
0.686624 0.686624 0.686624 
-0 -0 -0 
3.16202e-322 3.16202e-322 3.16202e-322 
7.16395e-322 7.16395e-322 7.16395e-322 
2.14607e-316 2.14607e-316 2.14607e-316 2.14607e-316 
-7.15357e+235 -7.15357e+235 -7.15357e+235 -7.15357e+235 
3.5369e+160 3.5369e+160 3.5369e+160 3.5369e+160 
1.94932e+243 1.94932e+243 1.94932e+243 1.94932e+243 
7.72485e+228 7.72485e+228 7.72485e+228 7.72485e+228 
7.67955e+218 7.67955e+218 7.67955e+218 7.67955e+218 
8.6188e+183 8.6188e+183 8.6188e+183 8.6188e+183 
0 0 0 0 
7.50322e+247 7.50322e+247 7.50322e+247 7.50322e+247 
6.08167e+247 6.08167e+247 6.08167e+247 6.08167e+247 6.08167e+247 
9.08698e+223 9.08698e+223 9.08698e+223 9.08698e+223 9.08698e+223 
7.09799e+194 7.09799e+194 7.09799e+194 7.09799e+194 7.09799e+194 
2.98361e+174 2.98361e+174 2.98361e+174 2.98361e+174 2.98361e+174 
2.45944e+198 2.45944e+198 2.45944e+198 2.45944e+198 2.45944e+198 
6.91609e+212 6.91609e+212 6.91609e+212 6.91609e+212 6.91609e+212 
1.34062e-317 1.34062e-317 1.34062e-317 1.34062e-317 1.34062e-317 
-nan -nan -nan -nan -nan 
5.58294e-322 5.58294e-322 5.58294e-322 5.58294e-322 5.58294e-322 
R=5parameters: 
-0.282927 -0.282927 
0.165952 0.165952 
-0.000286922 -0.000286922 
0.446439 0.446439 
-0.240424 -0.240424 
2.15524e-316 2.15524e-316 
1.11351e+08 1.11351e+08 
-669734 -669734 
79638.7 79638.7 
2.42092e-322 2.42092e-322 2.42092e-322 
0.000518616 0.000518616 0.000518616 
2.15697e-316 2.15697e-316 2.15697e-316 
0 0 0 
0 0 0 
0 0 0 
2.13906e-316 2.13906e-316 2.13906e-316 
6204.18 6204.18 6204.18 
-1953.9 -1953.9 -1953.9 
-900.688 -900.688 -900.688 -900.688 
1.63042e-322 1.63042e-322 1.63042e-322 1.63042e-322 
6.93287e-310 6.93287e-310 6.93287e-310 6.93287e-310 
2.122e-314 2.122e-314 2.122e-314 2.122e-314 
2.13639e-316 2.13639e-316 2.13639e-316 2.13639e-316 
0.000144023 0.000144023 0.000144023 0.000144023 
1.01414e-06 1.01414e-06 1.01414e-06 1.01414e-06 
0.000513832 0.000513832 0.000513832 0.000513832 
-2.87257e-06 -2.87257e-06 -2.87257e-06 -2.87257e-06 
0 0 0 
0 0 0 
0 0 0 
0.698621 0.698621 0.698621 
-0.170072 -0.170072 -0.170072 
0.679295 0.679295 0.679295 
0 0 0 
1.02766e-321 1.02766e-321 1.02766e-321 
7.11455e-322 7.11455e-322 7.11455e-322 
2.14607e-316 2.14607e-316 2.14607e-316 2.14607e-316 
-7.15357e+235 -7.15357e+235 -7.15357e+235 -7.15357e+235 
3.5369e+160 3.5369e+160 3.5369e+160 3.5369e+160 
1.94932e+243 1.94932e+243 1.94932e+243 1.94932e+243 
7.72485e+228 7.72485e+228 7.72485e+228 7.72485e+228 
7.67955e+218 7.67955e+218 7.67955e+218 7.67955e+218 
8.6188e+183 8.6188e+183 8.6188e+183 8.6188e+183 
1.14109e+243 1.14109e+243 1.14109e+243 1.14109e+243 
7.50322e+247 7.50322e+247 7.50322e+247 7.50322e+247 
6.08167e+247 6.08167e+247 6.08167e+247 6.08167e+247 6.08167e+247 
2.06055e-316 2.06055e-316 2.06055e-316 2.06055e-316 2.06055e-316 
7.09799e+194 7.09799e+194 7.09799e+194 7.09799e+194 7.09799e+194 
2.98361e+174 2.98361e+174 2.98361e+174 2.98361e+174 2.98361e+174 
2.45944e+198 2.45944e+198 2.45944e+198 2.45944e+198 2.45944e+198 
6.91609e+212 6.91609e+212 6.91609e+212 6.91609e+212 6.91609e+212 
1.34062e-317 1.34062e-317 1.34062e-317 1.34062e-317 1.34062e-317 
-nan -nan -nan -nan -nan 
5.58294e-322 5.58294e-322 5.58294e-322 5.58294e-322 5.58294e-322 
R=6parameters: 
-0.220846 -0.220846 
0.186631 0.186631 
-0.000334663 -0.000334663 
0.620604 0.620604 
-0.355434 -0.355434 
2.15524e-316 2.15524e-316 
1.11351e+08 1.11351e+08 
-669734 -669734 
79638.7 79638.7 
1.0326e-321 1.0326e-321 1.0326e-321 
2.25899e-316 2.25899e-316 2.25899e-316 
2.15191e-316 2.15191e-316 2.15191e-316 
2.47033e-323 2.47033e-323 2.47033e-323 
2.13906e-316 2.13906e-316 2.13906e-316 
2.47033e-323 2.47033e-323 2.47033e-323 
2.0884e-316 2.0884e-316 2.0884e-316 
3.16202e-322 3.16202e-322 3.16202e-322 
2.37152e-322 2.37152e-322 2.37152e-322 
2.13314e-316 2.13314e-316 2.13314e-316 2.13314e-316 
1.63042e-322 1.63042e-322 1.63042e-322 1.63042e-322 
6.93287e-310 6.93287e-310 6.93287e-310 6.93287e-310 
6.36599e-314 6.36599e-314 6.36599e-314 6.36599e-314 
2.14667e-316 2.14667e-316 2.14667e-316 2.14667e-316 
4.79244e-322 4.79244e-322 4.79244e-322 4.79244e-322 
2.26983e-316 2.26983e-316 2.26983e-316 2.26983e-316 
2.26982e-316 2.26982e-316 2.26982e-316 2.26982e-316 
2.07254e-316 2.07254e-316 2.07254e-316 2.07254e-316 
2.07256e-316 2.07256e-316 2.07256e-316 
0 0 0 
1 1 1 
0.707037 0.707037 0.707037 
-0.355733 -0.355733 -0.355733 
0.0540748 0.0540748 0.0540748 
0 0 0 
1.02766e-321 1.02766e-321 1.02766e-321 
7.11455e-322 7.11455e-322 7.11455e-322 
2.14607e-316 2.14607e-316 2.14607e-316 2.14607e-316 
-7.15357e+235 -7.15357e+235 -7.15357e+235 -7.15357e+235 
3.5369e+160 3.5369e+160 3.5369e+160 3.5369e+160 
1.94932e+243 1.94932e+243 1.94932e+243 1.94932e+243 
7.72485e+228 7.72485e+228 7.72485e+228 7.72485e+228 
7.67955e+218 7.67955e+218 7.67955e+218 7.67955e+218 
8.6188e+183 8.6188e+183 8.6188e+183 8.6188e+183 
1.14109e+243 1.14109e+243 1.14109e+243 1.14109e+243 
7.50322e+247 7.50322e+247 7.50322e+247 7.50322e+247 
6.08167e+247 6.08167e+247 6.08167e+247 6.08167e+247 6.08167e+247 
9.08698e+223 9.08698e+223 9.08698e+223 9.08698e+223 9.08698e+223 
7.09799e+194 7.09799e+194 7.09799e+194 7.09799e+194 7.09799e+194 
2.98361e+174 2.98361e+174 2.98361e+174 2.98361e+174 2.98361e+174 
2.141e-316 2.141e-316 2.141e-316 2.141e-316 2.141e-316 
2.15049e-316 2.15049e-316 2.15049e-316 2.15049e-316 2.15049e-316 
1.34062e-317 1.34062e-317 1.34062e-317 1.34062e-317 1.34062e-317 
-nan -nan -nan -nan -nan 
5.58294e-322 5.58294e-322 5.58294e-322 5.58294e-322 5.58294e-322 
R=7parameters: 
-0.171933 -0.171933 
0.207957 0.207957 
-0.0301489 -0.0301489 
1.67843 1.67843 
-9.03572 -9.03572 
2.15524e-316 2.15524e-316 
1.11351e+08 1.11351e+08 
-669734 -669734 
79638.7 79638.7 
1.0326e-321 1.0326e-321 1.0326e-321 
2.09372e-316 2.09372e-316 2.09372e-316 
2.15191e-316 2.15191e-316 2.15191e-316 
0 0 0 
0 0 0 
0 0 0 
0.00027696 0.00027696 0.00027696 
0 0 0 
2.2727e-322 2.2727e-322 2.2727e-322 
-nan -nan -nan -nan 
2.42092e-322 2.42092e-322 2.42092e-322 2.42092e-322 
0.383594 0.383594 0.383594 0.383594 
8.86234e-06 8.86234e-06 8.86234e-06 8.86234e-06 
0.00390625 0.00390625 0.00390625 0.00390625 
-9485.52 -9485.52 -9485.52 -9485.52 
0 0 0 0 
2.42092e-322 2.42092e-322 2.42092e-322 2.42092e-322 
0.536422 0.536422 0.536422 0.536422 
0.344855 0.344855 0.344855 
0 0 0 
1 1 1 
0.601156 0.601156 0.601156 
-0.647465 -0.647465 -0.647465 
0.683453 0.683453 0.683453 
-0 -0 -0 
1.02766e-321 1.02766e-321 1.02766e-321 
7.11455e-322 7.11455e-322 7.11455e-322 
2.14607e-316 2.14607e-316 2.14607e-316 2.14607e-316 
-7.15357e+235 -7.15357e+235 -7.15357e+235 -7.15357e+235 
3.5369e+160 3.5369e+160 3.5369e+160 3.5369e+160 
1.94932e+243 1.94932e+243 1.94932e+243 1.94932e+243 
7.72485e+228 7.72485e+228 7.72485e+228 7.72485e+228 
7.67955e+218 7.67955e+218 7.67955e+218 7.67955e+218 
8.6188e+183 8.6188e+183 8.6188e+183 8.6188e+183 
1.14109e+243 1.14109e+243 1.14109e+243 1.14109e+243 
7.50322e+247 7.50322e+247 7.50322e+247 7.50322e+247 
6.08167e+247 6.08167e+247 6.08167e+247 6.08167e+247 6.08167e+247 
9.08698e+223 9.08698e+223 9.08698e+223 9.08698e+223 9.08698e+223 
2.10227e-316 2.10227e-316 2.10227e-316 2.10227e-316 2.10227e-316 
2.26981e-316 2.26981e-316 2.26981e-316 2.26981e-316 2.26981e-316 
2.45944e+198 2.45944e+198 2.45944e+198 2.45944e+198 2.45944e+198 
6.91609e+212 6.91609e+212 6.91609e+212 6.91609e+212 6.91609e+212 
1.34062e-317 1.34062e-317 1.34062e-317 1.34062e-317 1.34062e-317 
-nan -nan -nan -nan -nan 
5.58294e-322 5.58294e-322 5.58294e-322 5.58294e-322 5.58294e-322 
R=8parameters: 
-0.13614 -0.13614 
0.229077 0.229077 
0.750738 0.750738 
0.535571 0.535571 
-10.0582 -10.0582 
2.15524e-316 2.15524e-316 
1.11351e+08 1.11351e+08 
-669734 -669734 
79638.7 79638.7 
1.0326e-321 1.0326e-321 1.0326e-321 
2.25899e-316 2.25899e-316 2.25899e-316 
6.13731e+06 6.13731e+06 6.13731e+06 
0.000287114 0.000287114 0.000287114 
0 0 0 
0 0 0 
2.42092e-322 2.42092e-322 2.42092e-322 
238336 238336 238336 
1.03362e+07 1.03362e+07 1.03362e+07 
1.79407 1.79407 1.79407 1.79407 
8.96279e-05 8.96279e-05 8.96279e-05 8.96279e-05 
0 0 0 0 
1.63042e-322 1.63042e-322 1.63042e-322 1.63042e-322 
2.1398e-316 2.1398e-316 2.1398e-316 2.1398e-316 
0 0 0 0 
1.67772e+07 1.67772e+07 1.67772e+07 1.67772e+07 
2.42092e-322 2.42092e-322 2.42092e-322 2.42092e-322 
2.13538e-316 2.13538e-316 2.13538e-316 2.13538e-316 
2.13605e-316 2.13605e-316 2.13605e-316 
0.25 0.25 0.25 
3107.4 3107.4 3107.4 
3.16202e-322 3.16202e-322 3.16202e-322 
1.63042e-322 1.63042e-322 1.63042e-322 
2.122e-314 2.122e-314 2.122e-314 
2.122e-314 2.122e-314 2.122e-314 
1.11723e-316 1.11723e-316 1.11723e-316 
7.11455e-322 7.11455e-322 7.11455e-322 
2.14607e-316 2.14607e-316 2.14607e-316 2.14607e-316 
2.06904e-316 2.06904e-316 2.06904e-316 2.06904e-316 
1.92566e-316 1.92566e-316 1.92566e-316 1.92566e-316 
2.15697e-316 2.15697e-316 2.15697e-316 2.15697e-316 
2.06054e-316 2.06054e-316 2.06054e-316 2.06054e-316 
2.13562e-316 2.13562e-316 2.13562e-316 2.13562e-316 
8.6188e+183 8.6188e+183 8.6188e+183 8.6188e+183 
1.14109e+243 1.14109e+243 1.14109e+243 1.14109e+243 
7.50322e+247 7.50322e+247 7.50322e+247 7.50322e+247 
6.08167e+247 6.08167e+247 6.08167e+247 6.08167e+247 6.08167e+247 
9.08698e+223 9.08698e+223 9.08698e+223 9.08698e+223 9.08698e+223 
7.09799e+194 7.09799e+194 7.09799e+194 7.09799e+194 7.09799e+194 
2.98361e+174 2.98361e+174 2.98361e+174 2.98361e+174 2.98361e+174 
2.45944e+198 2.45944e+198 2.45944e+198 2.45944e+198 2.45944e+198 
6.91609e+212 6.91609e+212 6.91609e+212 6.91609e+212 6.91609e+212 
1.34062e-317 1.34062e-317 1.34062e-317 1.34062e-317 1.34062e-317 
-nan -nan -nan -nan -nan 
5.58294e-322 5.58294e-322 5.58294e-322 5.58294e-322 5.58294e-322 
R=9parameters: 
-0.113805 -0.113805 
0.247826 0.247826 
-0.0403334 -0.0403334 
-3.09958 -3.09958 
1.87125 1.87125 
2.15524e-316 2.15524e-316 
1.11351e+08 1.11351e+08 
-669734 -669734 
79638.7 79638.7 
1.0326e-321 1.0326e-321 1.0326e-321 
2.10227e-316 2.10227e-316 2.10227e-316 
2.15191e-316 2.15191e-316 2.15191e-316 
1.82164e+06 1.82164e+06 1.82164e+06 
16506.6 16506.6 16506.6 
2.37152e-322 2.37152e-322 2.37152e-322 
0.000737876 0.000737876 0.000737876 
0 0 0 
0 0 0 
-4.57248e-05 -4.57248e-05 -4.57248e-05 -4.57248e-05 
0.000409705 0.000409705 0.000409705 0.000409705 
0 0 0 0 
0 0 0 0 
0 0 0 0 
4.79244e-322 4.79244e-322 4.79244e-322 4.79244e-322 
2.14617e-316 2.14617e-316 2.14617e-316 2.14617e-316 
229.152 229.152 229.152 229.152 
0.625386 0.625386 0.625386 0.625386 
-1.90639 -1.90639 -1.90639 
1.87125 1.87125 1.87125 
2.42092e-322 2.42092e-322 2.42092e-322 
2.15696e-316 2.15696e-316 2.15696e-316 
2.15041e-316 2.15041e-316 2.15041e-316 
1.87125 1.87125 1.87125 
2.15191e-316 2.15191e-316 2.15191e-316 
3.16202e-322 3.16202e-322 3.16202e-322 
7.11455e-322 7.11455e-322 7.11455e-322 
2.14607e-316 2.14607e-316 2.14607e-316 2.14607e-316 
-7.15357e+235 -7.15357e+235 -7.15357e+235 -7.15357e+235 
3.5369e+160 3.5369e+160 3.5369e+160 3.5369e+160 
1.94932e+243 1.94932e+243 1.94932e+243 1.94932e+243 
7.72485e+228 7.72485e+228 7.72485e+228 7.72485e+228 
7.67955e+218 7.67955e+218 7.67955e+218 7.67955e+218 
8.6188e+183 8.6188e+183 8.6188e+183 8.6188e+183 
1.14109e+243 1.14109e+243 1.14109e+243 1.14109e+243 
7.50322e+247 7.50322e+247 7.50322e+247 7.50322e+247 
2.13824e-316 2.13824e-316 2.13824e-316 2.13824e-316 2.13824e-316 
9.08698e+223 9.08698e+223 9.08698e+223 9.08698e+223 9.08698e+223 
7.09799e+194 7.09799e+194 7.09799e+194 7.09799e+194 7.09799e+194 
2.98361e+174 2.98361e+174 2.98361e+174 2.98361e+174 2.98361e+174 
2.45944e+198 2.45944e+198 2.45944e+198 2.45944e+198 2.45944e+198 
6.91609e+212 6.91609e+212 6.91609e+212 6.91609e+212 6.91609e+212 
1.34062e-317 1.34062e-317 1.34062e-317 1.34062e-317 1.34062e-317 
-nan -nan -nan -nan -nan 
5.58294e-322 5.58294e-322 5.58294e-322 5.58294e-322 5.58294e-322 
R=10parameters: 
-0.102282 -0.102282 
0.261142 0.261142 
-5.33961e-05 -5.33961e-05 
1.25107 1.25107 
-0.742749 -0.742749 
2.15524e-316 2.15524e-316 
1.11351e+08 1.11351e+08 
-669734 -669734 
79638.7 79638.7 
1.0326e-321 1.0326e-321 1.0326e-321 
2.15191e-316 2.15191e-316 2.15191e-316 
2.15226e-316 2.15226e-316 2.15226e-316 
0 0 0 
0 0 0 
0 0 0 
2.122e-314 2.122e-314 2.122e-314 
1.92566e-316 1.92566e-316 1.92566e-316 
1.63042e-322 1.63042e-322 1.63042e-322 
6.93287e-310 6.93287e-310 6.93287e-310 6.93287e-310 
2.122e-314 2.122e-314 2.122e-314 2.122e-314 
2.07263e-316 2.07263e-316 2.07263e-316 2.07263e-316 
1.63042e-322 1.63042e-322 1.63042e-322 1.63042e-322 
6.93287e-310 6.93287e-310 6.93287e-310 6.93287e-310 
2.122e-314 2.122e-314 2.122e-314 2.122e-314 
2.13562e-316 2.13562e-316 2.13562e-316 2.13562e-316 
2.42092e-322 2.42092e-322 2.42092e-322 2.42092e-322 
2.14101e-316 2.14101e-316 2.14101e-316 2.14101e-316 
2.08715e-316 2.08715e-316 2.08715e-316 
364956 364956 364956 
-1315.29 -1315.29 -1315.29 
0.0954115 0.0954115 0.0954115 
1.63042e-322 1.63042e-322 1.63042e-322 
2.14753e-316 2.14753e-316 2.14753e-316 
2.122e-314 2.122e-314 2.122e-314 
2.06907e-316 2.06907e-316 2.06907e-316 
7.11455e-322 7.11455e-322 7.11455e-322 
2.14607e-316 2.14607e-316 2.14607e-316 2.14607e-316 
-7.15357e+235 -7.15357e+235 -7.15357e+235 -7.15357e+235 
3.5369e+160 3.5369e+160 3.5369e+160 3.5369e+160 
1.94932e+243 1.94932e+243 1.94932e+243 1.94932e+243 
0 0 0 0 
7.67955e+218 7.67955e+218 7.67955e+218 7.67955e+218 
8.6188e+183 8.6188e+183 8.6188e+183 8.6188e+183 
1.14109e+243 1.14109e+243 1.14109e+243 1.14109e+243 
7.50322e+247 7.50322e+247 7.50322e+247 7.50322e+247 
6.08167e+247 6.08167e+247 6.08167e+247 6.08167e+247 6.08167e+247 
9.08698e+223 9.08698e+223 9.08698e+223 9.08698e+223 9.08698e+223 
7.09799e+194 7.09799e+194 7.09799e+194 7.09799e+194 7.09799e+194 
2.98361e+174 2.98361e+174 2.98361e+174 2.98361e+174 2.98361e+174 
2.45944e+198 2.45944e+198 2.45944e+198 2.45944e+198 2.45944e+198 
6.91609e+212 6.91609e+212 6.91609e+212 6.91609e+212 6.91609e+212 
1.34062e-317 1.34062e-317 1.34062e-317 1.34062e-317 1.34062e-317 
-nan -nan -nan -nan -nan 
5.58294e-322 5.58294e-322 5.58294e-322 5.58294e-322 5.58294e-322 
R=11parameters: 
-0.0987022 -0.0987022 
0.26614 0.26614 
0.000181941 0.000181941 
1.3767 1.3767 
-0.829694 -0.829694 
2.15524e-316 2.15524e-316 
1.11351e+08 1.11351e+08 
-669734 -669734 
79638.7 79638.7 
1.0326e-321 1.0326e-321 1.0326e-321 
6.93289e-310 6.93289e-310 6.93289e-310 
2.15226e-316 2.15226e-316 2.15226e-316 
0 0 0 
0 0 0 
2.37152e-322 2.37152e-322 2.37152e-322 
2.37152e-322 2.37152e-322 2.37152e-322 
0 0 0 
0 0 0 
8.77568e-05 8.77568e-05 8.77568e-05 8.77568e-05 
0.000436163 0.000436163 0.000436163 0.000436163 
0 0 0 0 
4.00193e-322 4.00193e-322 4.00193e-322 4.00193e-322 
0.381113 0.381113 0.381113 0.381113 
2.259e-316 2.259e-316 2.259e-316 2.259e-316 
2.06903e-316 2.06903e-316 2.06903e-316 2.06903e-316 
2.15543e-316 2.15543e-316 2.15543e-316 2.15543e-316 
2.27432e-316 2.27432e-316 2.27432e-316 2.27432e-316 
2.27415e-316 2.27415e-316 2.27415e-316 
0 0 0 
1 1 1 
0.622598 0.622598 0.622598 
-0.635658 -0.635658 -0.635658 
0.693022 0.693022 0.693022 
-0 -0 -0 
1.67772e+07 1.67772e+07 1.67772e+07 
7.16395e-322 7.16395e-322 7.16395e-322 
2.14607e-316 2.14607e-316 2.14607e-316 2.14607e-316 
-7.15357e+235 -7.15357e+235 -7.15357e+235 -7.15357e+235 
3.5369e+160 3.5369e+160 3.5369e+160 3.5369e+160 
1.94932e+243 1.94932e+243 1.94932e+243 1.94932e+243 
7.72485e+228 7.72485e+228 7.72485e+228 7.72485e+228 
7.67955e+218 7.67955e+218 7.67955e+218 7.67955e+218 
8.6188e+183 8.6188e+183 8.6188e+183 8.6188e+183 
1.14109e+243 1.14109e+243 1.14109e+243 1.14109e+243 
7.50322e+247 7.50322e+247 7.50322e+247 7.50322e+247 
6.08167e+247 6.08167e+247 6.08167e+247 6.08167e+247 6.08167e+247 
2.15698e-316 2.15698e-316 2.15698e-316 2.15698e-316 2.15698e-316 
7.09799e+194 7.09799e+194 7.09799e+194 7.09799e+194 7.09799e+194 
2.98361e+174 2.98361e+174 2.98361e+174 2.98361e+174 2.98361e+174 
2.45944e+198 2.45944e+198 2.45944e+198 2.45944e+198 2.45944e+198 
6.91609e+212 6.91609e+212 6.91609e+212 6.91609e+212 6.91609e+212 
1.34062e-317 1.34062e-317 1.34062e-317 1.34062e-317 1.34062e-317 
-nan -nan -nan -nan -nan 
5.58294e-322 5.58294e-322 5.58294e-322 5.58294e-322 5.58294e-322 
T Models:
(* Fitting with shape 1 1 1 1 1 1 1 1 1 1 0 0 *)
G[T_,xx_]:=Exp[0+xx[[1]]*T^1+xx[[2]]*T^2]*(1)
(* Fitting with shape 1 1 1 1 1 1 1 1 1 1 1 0 *)
G[T_,xx_]:=Exp[0+xx[[1]]*T^1+xx[[2]]*T^2]*(1)
(* Fitting with shape 1 1 1 1 1 1 1 1 1 1 1 1 *)
G[T_,xx_]:=Exp[0+xx[[1]]*T^1+xx[[2]]*T^2]*(1)
(* Fitting with shape 0 1 1 1 1 1 1 1 1 1 0 0 *)
G[T_,xx_]:=Exp[0+xx[[1]]*T^1+xx[[2]]*T^2]*(1)
(* Fitting with shape 0 1 1 1 1 1 1 1 1 1 1 0 *)
G[T_,xx_]:=Exp[0+xx[[1]]*T^1+xx[[2]]*T^2]*(1)
(* Fitting with shape 0 1 1 1 1 1 1 1 1 1 1 1 *)
G[T_,xx_]:=Exp[0+xx[[1]]*T^1+xx[[2]]*T^2]*(1)
(* Fitting with shape 0 0 1 1 1 1 1 1 1 1 0 0 *)
G[T_,xx_]:=Exp[0+xx[[1]]*T^1+xx[[2]]*T^2]*(1)
(* Fitting with shape 0 0 1 1 1 1 1 1 1 1 1 0 *)
G[T_,xx_]:=Exp[0+xx[[1]]*T^1+xx[[2]]*T^2]*(1)
(* Fitting with shape 0 0 1 1 1 1 1 1 1 1 1 1 *)
G[T_,xx_]:=Exp[0+xx[[1]]*T^1+xx[[2]]*T^2]*(1)
(* Fitting with shape 1 1 1 1 1 1 1 1 1 1 0 0 *)
G[T_,xx_]:=Exp[0+xx[[1]]*T^1+xx[[2]]*T^2]*(1+xx[[3]]/(T^1))
(* Fitting with shape 1 1 1 1 1 1 1 1 1 1 1 0 *)
G[T_,xx_]:=Exp[0+xx[[1]]*T^1+xx[[2]]*T^2]*(1+xx[[3]]/(T^1))
(* Fitting with shape 1 1 1 1 1 1 1 1 1 1 1 1 *)
G[T_,xx_]:=Exp[0+xx[[1]]*T^1+xx[[2]]*T^2]*(1+xx[[3]]/(T^1))
(* Fitting with shape 0 1 1 1 1 1 1 1 1 1 0 0 *)
G[T_,xx_]:=Exp[0+xx[[1]]*T^1+xx[[2]]*T^2]*(1+xx[[3]]/(T^1))
(* Fitting with shape 0 1 1 1 1 1 1 1 1 1 1 0 *)
G[T_,xx_]:=Exp[0+xx[[1]]*T^1+xx[[2]]*T^2]*(1+xx[[3]]/(T^1))
(* Fitting with shape 0 1 1 1 1 1 1 1 1 1 1 1 *)
G[T_,xx_]:=Exp[0+xx[[1]]*T^1+xx[[2]]*T^2]*(1+xx[[3]]/(T^1))
(* Fitting with shape 0 0 1 1 1 1 1 1 1 1 0 0 *)
G[T_,xx_]:=Exp[0+xx[[1]]*T^1+xx[[2]]*T^2]*(1+xx[[3]]/(T^1))
(* Fitting with shape 0 0 1 1 1 1 1 1 1 1 1 0 *)
G[T_,xx_]:=Exp[0+xx[[1]]*T^1+xx[[2]]*T^2]*(1+xx[[3]]/(T^1))
(* Fitting with shape 0 0 1 1 1 1 1 1 1 1 1 1 *)
G[T_,xx_]:=Exp[0+xx[[1]]*T^1+xx[[2]]*T^2]*(1+xx[[3]]/(T^1))
(* Fitting with shape 1 1 1 1 1 1 1 1 1 1 0 0 *)
G[T_,xx_]:=Exp[0+xx[[1]]*T^1+xx[[2]]*T^2]*(1+xx[[3]]/(T^1)+xx[[4]]/(T^2))
(* Fitting with shape 1 1 1 1 1 1 1 1 1 1 1 0 *)
G[T_,xx_]:=Exp[0+xx[[1]]*T^1+xx[[2]]*T^2]*(1+xx[[3]]/(T^1)+xx[[4]]/(T^2))
(* Fitting with shape 1 1 1 1 1 1 1 1 1 1 1 1 *)
G[T_,xx_]:=Exp[0+xx[[1]]*T^1+xx[[2]]*T^2]*(1+xx[[3]]/(T^1)+xx[[4]]/(T^2))
(* Fitting with shape 0 1 1 1 1 1 1 1 1 1 0 0 *)
G[T_,xx_]:=Exp[0+xx[[1]]*T^1+xx[[2]]*T^2]*(1+xx[[3]]/(T^1)+xx[[4]]/(T^2))
(* Fitting with shape 0 1 1 1 1 1 1 1 1 1 1 0 *)
G[T_,xx_]:=Exp[0+xx[[1]]*T^1+xx[[2]]*T^2]*(1+xx[[3]]/(T^1)+xx[[4]]/(T^2))
(* Fitting with shape 0 1 1 1 1 1 1 1 1 1 1 1 *)
G[T_,xx_]:=Exp[0+xx[[1]]*T^1+xx[[2]]*T^2]*(1+xx[[3]]/(T^1)+xx[[4]]/(T^2))
(* Fitting with shape 0 0 1 1 1 1 1 1 1 1 0 0 *)
G[T_,xx_]:=Exp[0+xx[[1]]*T^1+xx[[2]]*T^2]*(1+xx[[3]]/(T^1)+xx[[4]]/(T^2))
(* Fitting with shape 0 0 1 1 1 1 1 1 1 1 1 0 *)
G[T_,xx_]:=Exp[0+xx[[1]]*T^1+xx[[2]]*T^2]*(1+xx[[3]]/(T^1)+xx[[4]]/(T^2))
(* Fitting with shape 0 0 1 1 1 1 1 1 1 1 1 1 *)
G[T_,xx_]:=Exp[0+xx[[1]]*T^1+xx[[2]]*T^2]*(1+xx[[3]]/(T^1)+xx[[4]]/(T^2))
(* Fitting with shape 1 1 1 1 1 1 1 1 1 1 0 0 *)
G[T_,xx_]:=Exp[0+xx[[1]]*T^1+xx[[2]]*T^2+xx[[3]]*T^3]*(1)
(* Fitting with shape 1 1 1 1 1 1 1 1 1 1 1 0 *)
G[T_,xx_]:=Exp[0+xx[[1]]*T^1+xx[[2]]*T^2+xx[[3]]*T^3]*(1)
(* Fitting with shape 1 1 1 1 1 1 1 1 1 1 1 1 *)
G[T_,xx_]:=Exp[0+xx[[1]]*T^1+xx[[2]]*T^2+xx[[3]]*T^3]*(1)
(* Fitting with shape 0 1 1 1 1 1 1 1 1 1 0 0 *)
G[T_,xx_]:=Exp[0+xx[[1]]*T^1+xx[[2]]*T^2+xx[[3]]*T^3]*(1)
(* Fitting with shape 0 1 1 1 1 1 1 1 1 1 1 0 *)
G[T_,xx_]:=Exp[0+xx[[1]]*T^1+xx[[2]]*T^2+xx[[3]]*T^3]*(1)
(* Fitting with shape 0 1 1 1 1 1 1 1 1 1 1 1 *)
G[T_,xx_]:=Exp[0+xx[[1]]*T^1+xx[[2]]*T^2+xx[[3]]*T^3]*(1)
(* Fitting with shape 0 0 1 1 1 1 1 1 1 1 0 0 *)
G[T_,xx_]:=Exp[0+xx[[1]]*T^1+xx[[2]]*T^2+xx[[3]]*T^3]*(1)
(* Fitting with shape 0 0 1 1 1 1 1 1 1 1 1 0 *)
G[T_,xx_]:=Exp[0+xx[[1]]*T^1+xx[[2]]*T^2+xx[[3]]*T^3]*(1)
(* Fitting with shape 0 0 1 1 1 1 1 1 1 1 1 1 *)
G[T_,xx_]:=Exp[0+xx[[1]]*T^1+xx[[2]]*T^2+xx[[3]]*T^3]*(1)
(* Fitting with shape 1 1 1 1 1 1 1 1 1 1 0 0 *)
G[T_,xx_]:=Exp[0+xx[[1]]*T^1+xx[[2]]*T^2+xx[[3]]*T^3]*(1+xx[[4]]/(T^1))
(* Fitting with shape 1 1 1 1 1 1 1 1 1 1 1 0 *)
G[T_,xx_]:=Exp[0+xx[[1]]*T^1+xx[[2]]*T^2+xx[[3]]*T^3]*(1+xx[[4]]/(T^1))
(* Fitting with shape 1 1 1 1 1 1 1 1 1 1 1 1 *)
G[T_,xx_]:=Exp[0+xx[[1]]*T^1+xx[[2]]*T^2+xx[[3]]*T^3]*(1+xx[[4]]/(T^1))
(* Fitting with shape 0 1 1 1 1 1 1 1 1 1 0 0 *)
G[T_,xx_]:=Exp[0+xx[[1]]*T^1+xx[[2]]*T^2+xx[[3]]*T^3]*(1+xx[[4]]/(T^1))
(* Fitting with shape 0 1 1 1 1 1 1 1 1 1 1 0 *)
G[T_,xx_]:=Exp[0+xx[[1]]*T^1+xx[[2]]*T^2+xx[[3]]*T^3]*(1+xx[[4]]/(T^1))
(* Fitting with shape 0 1 1 1 1 1 1 1 1 1 1 1 *)
G[T_,xx_]:=Exp[0+xx[[1]]*T^1+xx[[2]]*T^2+xx[[3]]*T^3]*(1+xx[[4]]/(T^1))
(* Fitting with shape 0 0 1 1 1 1 1 1 1 1 0 0 *)
G[T_,xx_]:=Exp[0+xx[[1]]*T^1+xx[[2]]*T^2+xx[[3]]*T^3]*(1+xx[[4]]/(T^1))
(* Fitting with shape 0 0 1 1 1 1 1 1 1 1 1 0 *)
G[T_,xx_]:=Exp[0+xx[[1]]*T^1+xx[[2]]*T^2+xx[[3]]*T^3]*(1+xx[[4]]/(T^1))
(* Fitting with shape 0 0 1 1 1 1 1 1 1 1 1 1 *)
G[T_,xx_]:=Exp[0+xx[[1]]*T^1+xx[[2]]*T^2+xx[[3]]*T^3]*(1+xx[[4]]/(T^1))
(* Fitting with shape 1 1 1 1 1 1 1 1 1 1 0 0 *)
G[T_,xx_]:=Exp[0+xx[[1]]*T^1+xx[[2]]*T^2+xx[[3]]*T^3]*(1+xx[[4]]/(T^1)+xx[[5]]/(T^2))
(* Fitting with shape 1 1 1 1 1 1 1 1 1 1 1 0 *)
G[T_,xx_]:=Exp[0+xx[[1]]*T^1+xx[[2]]*T^2+xx[[3]]*T^3]*(1+xx[[4]]/(T^1)+xx[[5]]/(T^2))
(* Fitting with shape 1 1 1 1 1 1 1 1 1 1 1 1 *)
G[T_,xx_]:=Exp[0+xx[[1]]*T^1+xx[[2]]*T^2+xx[[3]]*T^3]*(1+xx[[4]]/(T^1)+xx[[5]]/(T^2))
(* Fitting with shape 0 1 1 1 1 1 1 1 1 1 0 0 *)
G[T_,xx_]:=Exp[0+xx[[1]]*T^1+xx[[2]]*T^2+xx[[3]]*T^3]*(1+xx[[4]]/(T^1)+xx[[5]]/(T^2))
(* Fitting with shape 0 1 1 1 1 1 1 1 1 1 1 0 *)
G[T_,xx_]:=Exp[0+xx[[1]]*T^1+xx[[2]]*T^2+xx[[3]]*T^3]*(1+xx[[4]]/(T^1)+xx[[5]]/(T^2))
(* Fitting with shape 0 1 1 1 1 1 1 1 1 1 1 1 *)
G[T_,xx_]:=Exp[0+xx[[1]]*T^1+xx[[2]]*T^2+xx[[3]]*T^3]*(1+xx[[4]]/(T^1)+xx[[5]]/(T^2))
(* Fitting with shape 0 0 1 1 1 1 1 1 1 1 0 0 *)
G[T_,xx_]:=Exp[0+xx[[1]]*T^1+xx[[2]]*T^2+xx[[3]]*T^3]*(1+xx[[4]]/(T^1)+xx[[5]]/(T^2))
(* Fitting with shape 0 0 1 1 1 1 1 1 1 1 1 0 *)
G[T_,xx_]:=Exp[0+xx[[1]]*T^1+xx[[2]]*T^2+xx[[3]]*T^3]*(1+xx[[4]]/(T^1)+xx[[5]]/(T^2))
(* Fitting with shape 0 0 1 1 1 1 1 1 1 1 1 1 *)
G[T_,xx_]:=Exp[0+xx[[1]]*T^1+xx[[2]]*T^2+xx[[3]]*T^3]*(1+xx[[4]]/(T^1)+xx[[5]]/(T^2))
Probabilities: 
        0         0         0         0         0         0         0         0         0         0         0         0         0         0         0         0         0         0         0         0         0         0         0         0         0         0         0         0         0         0         0         0         0         0         0         0         0         0         0         0         0         0         0         0         0         0         0         0         0         0         0         0         1         0
        0         0         0         0         0         0         0         0         0         0         0         0         0         0         0         0         0         0         0         0         0         0         0         0  0.689479         0         0         0         0         0         0         0         0         0         0         0         0         0         0         0         0         0         0         0         0         0         0         0         0         0         0  0.310521         0         0
        0         0         0         0         0         0         0         0         0         0         0         0         0         0         0         0         0         0         0         0         0         0         0         0         0         0         0         0         0         0         0         0         0         0         0         0         0         0         0         0         0         0         1         0         0         0         0         0         0         0         0         0         0         0
        0         0         0         0         0         0         0         0         0         0         0         0         0         0         0         0         0         0         0         0         0         0         0         0  0.728051         0         0         0         0         0         0         0         0         0         0         0         0         0         0         0         0         0         0         0         0         0         0         0         0         0         0  0.271949         0         0
        0         0         0         0         0         0         0         0         0         0         0         0         0         0         0         0         0         0         0         0         0         0         0         0         0         0         0         0         0         0         0         0         0         0         0         0         0         0         0         0         0         0  0.462775         0         0         0         0         0         0         0         0  0.537225         0         0
        0         0         0         0         0         0         0         0         0         0         0         0         0         0         0         0         0         0         0         0         0         0         0         0  0.727303         0         0         0         0         0         0         0         0         0         0         0         0         0         0         0         0         0         0         0         0         0         0         0         0         0         0  0.272697         0         0
        0         0         0         0         0         0         0         0         0         0         0         0         0         0         0         0         0         0         0         0         0         0         0         0  0.585725         0         0         0         0         0         0         0         0         0         0         0         0         0         0         0         0         0  0.414275         0         0         0         0         0         0         0         0         0         0         0
        0         0         0         0         0         0         0         0         0         0         0         0         0         0         0 0.0548963         0         0         0         0         0         0         0         0         0         0         0         0         0         0         0         0         0         0         0         0         0         0         0         0         0         0         0         0         0         0         0         0         0         0         0  0.945104         0         0
        0         0         0         0         0         0         0         0         0         0         0         0         0         0         0  0.323255         0         0         0         0         0         0         0         0         0         0         0         0         0         0         0         0         0         0         0         0         0         0         0         0         0         0         0         0         0         0         0         0         0         0         0  0.676745         0         0
        0         0         0         0         0         0         0         0         0         0         0         0         0         0         0  0.363352         0         0         0         0         0         0         0         0  0.636648         0         0         0         0         0         0         0         0         0         0         0         0         0         0         0         0         0         0         0         0         0         0         0         0         0         0         0         0         0
        0         0         0         0         0         0         0         0         0         0         0         0         0         0         0   0.37169         0         0         0         0         0         0         0         0  0.330133         0         0         0         0         0         0         0         0         0         0         0         0         0         0         0         0         0  0.298177         0         0         0         0         0         0         0         0         0         0         0
        0         0         0         0         0         0         0         0         0         0         0         0         0         0         0  0.366217         0         0         0         0         0         0         0         0  0.276809         0         0         0         0         0         0         0         0         0         0         0         0         0         0         0         0         0  0.255064         0         0         0         0         0         0         0         0   0.10191         0         0

Values: 
  0.0553477   0.0552726   0.0552338   0.0551584   0.0550676   0.0550272   0.0548178   0.0547285    0.054687   0.0543849   0.0542997   0.0542594   0.0538813   0.0538184   0.0537812    0.268509    0.273406    0.686893   0.0535945   0.0535464    0.053514   0.0533177 -0.00308045   0.0532566     0.17102    0.268736    0.318316   0.0578223    0.977916     1.36944     1.44767  0.00267761      1.2108     1.16433      1.1469     1.23346    0.983285    0.986443    0.989843     1.12153    0.770272   -0.270407    0.785439     0.77697   0.0545504   0.0546679   0.0545337   -0.303556     0.96809    0.142953  -0.0807099     1.01456   0.0536074     1.75195
  0.0854525   0.0851838   0.0847415   0.0850483    0.084715   0.0842629   0.0841321   0.0838265   0.0833952   0.0832785   0.0829986   0.0826068   0.0821112   0.0819312    0.081665    0.232082    0.182009   0.0813256    0.261431   0.0813756    0.198742   0.0809397   0.0808708   0.0807319   0.0807805    0.126885    0.384415     1.16401     1.17403    0.944169     1.41476     1.22808      1.4453   0.0900324     1.07728     1.25652   0.0884973    0.858244    0.864323    0.855367     1.07101     1.12887     1.18629     1.09084   0.0839636    0.870464    0.871016    0.852297   0.0819668     0.95843   0.0822897   0.0813371     1.02272   0.0824342
   0.107558    0.106936    0.106121    0.130487    0.106135    0.181905    0.105122    0.104479    0.103694    0.103752    0.103183    0.102485    0.101604    0.101236    0.100766    0.198823     0.23926    0.289919    0.100517    0.100267    0.240294   0.0994905   0.0993739   0.0991319    0.868218    0.507742   0.0988746    0.120292     1.12255     1.11929      1.2227     1.20976    0.116476     1.05114     1.26656     1.12526    0.764353    0.930891           1    0.108207      1.1231     1.02602    0.105183    0.104824    0.104907    0.105289    0.888451    0.886115    -1.20884     1.44123    0.101759     1.34629    0.590383    0.102479
   0.127462    0.126301    0.125099    0.126412    0.125143    0.123943    0.134422    0.122608     0.14173    0.121828    0.120804    0.119838    0.940271    0.117783     0.12277    0.312837    0.360872    0.385473      0.2652     0.11631    0.115799    0.115065    0.114918    0.114564    0.114797    0.114659    0.114206    0.326858      1.0194     1.03334     1.15255      1.1457     1.15485     1.29709     1.17745     1.19136           1           1           1    0.302141     1.80043     1.46774      1.0295    0.135376    0.982741     0.89235    0.123516    0.841853    -2.92159    0.116968    0.118384    0.115594    0.116498    0.119829
   0.147542    0.145918     0.14464    0.145974    0.597035    0.799238    0.142275    0.169409    0.139359    0.139675    0.138218    0.137128    0.137476    0.223354    0.133027      0.1328    0.496148    0.408783    0.132393    0.180117     1.02927    0.192988    0.146709    0.168168    0.178776    0.129514    0.128824     1.11028     1.12222     1.13292     1.14088     1.15267     1.19924     1.01245    0.161688     1.08119     0.15986    0.157292    0.156095    0.962225    0.147686    0.693428    0.141959    0.986099     0.73294    0.862383    0.827908    0.824127    -1.17894   -0.378293    0.691037    0.130647    0.130556    0.136808
   0.167871    0.165952    0.164352    0.650079    0.712989    0.740381    0.209622    0.159028    0.264117     0.15787    0.156158     0.15485    0.151367    0.150071    0.168899     0.14849    0.147795    0.147027    0.148076    0.147196     0.14641     0.14437    0.228732    0.143778    0.144087     0.14409    0.203482     1.11446     1.04047     1.05584     1.18399     1.23615     1.16885     1.20278     1.09038     1.06915    0.184341    0.180754    0.179056    0.171235    0.979364     1.05931     0.79257    0.159027     1.12249    0.847565    0.726349    0.160555    0.146421    0.935904    0.149112    0.146563    0.145319    0.152633
   0.188681    0.186631    0.184882    0.186285    0.184222    0.182563    0.242866     0.20856    0.239364    0.176673     0.17487    0.173467    0.168497    0.167039     0.16591    0.164734    0.222362    0.163072    0.164353    0.163336     0.16243    0.234824    0.159469    0.166393    0.159316    0.159416    0.158337     1.10393     1.10442     1.09557     1.18981     1.19746    0.979174     1.03915     1.03915     1.33033    0.209157    0.204693    0.202657    0.958437    0.855086    0.188463    0.179348    0.734137     1.35279    0.826076    0.821287    0.180003     1.25381     2.10944    0.164641     1.33163    0.161071     1.37333
   0.209921    0.207957    0.206223    0.572156    0.547798    0.209571     0.56841    0.744993    0.196173    0.195756    0.194083    0.192714    0.499778    0.499531    0.183511    0.181359    0.376409    0.179778    0.181095    0.180151    0.179249    0.174953    0.175286    0.174679    0.839114    0.175659    0.174446     1.06847     1.06803    0.190431     1.14811     1.14615     1.24847    0.989959     1.23762     1.03191    0.233341    0.228197    0.225775    0.614977    0.662112    0.208838    0.293231    0.194683     1.45514    0.807724    0.808172    0.722307    0.174972    0.172897    0.178688    0.181975     1.58358    0.703004
    0.23093    0.229077    0.227619    0.226926    0.225214    0.230066    0.267253    0.216711    0.215422    0.214529    0.212997    0.211828    0.218741    0.202124    0.201125    0.197954    0.197472    0.236195     0.19787    0.197074    0.196269    0.249122    0.250661    0.190949    0.285529    0.280123    0.315983      1.0755     1.07482     1.06057     1.39317     1.21481    -30.1407     1.05095     1.10249      1.0012     0.25536  0.00310017     0.24686     0.23579     0.22981    0.227457    0.863489    0.986333    0.211643    0.804918    0.805664    0.216077    0.186592    0.933766     0.19052    0.195555    0.185907     1.32789
   0.249429    0.247826    0.246771    0.244313     0.24286     0.57207    0.234864    0.233325    0.232374    0.230945    0.229587    0.228722      0.2187     0.21763    0.268505    0.212684    0.212479     0.21187    0.212826    0.212248    0.211656    0.563538    0.206175    0.205999    0.206628    0.208278    0.207329     1.07705     1.07861     1.07679     1.10424     1.10346     0.28108     1.00096     1.31364     1.27523    0.273023    0.266941    0.263792    0.801872    0.245356   -0.315124    0.894217     1.07221    0.937762    0.697819    0.804235    0.230015     1.22637    0.191019    0.948496     1.23409     1.23811    0.208816
   0.262534    0.261142    0.260355    0.670486    0.593578     0.31463    0.264703    0.286394     0.24437     0.24258    0.241378    0.240751    0.229709    0.255178    0.228263    0.223373    0.223453    0.543587    0.223684    0.223356    0.222947    0.215449    0.217214    0.217282    0.218095    0.329483    0.219606    0.330715     1.08606     0.30397     1.16644     1.28071     1.15146     1.33515     1.11101     1.05609    0.284413    0.278163    0.274881     1.22157    0.912449    0.973018    0.236114    0.230146    0.873938    0.250208    0.808263    0.238991    0.742511     0.96469    0.748818     1.08964     1.06038    0.214572
   0.267358     0.26614    0.265619     0.28093    0.259851    0.259406    0.250694    0.249477    0.248965    0.246885    0.245819    0.245346     0.23381    0.233048    0.232565     0.22734    0.356433    0.408115    0.227746    0.227518    0.227168    0.219353     0.22128    0.221463     0.22228    0.224843    0.694167     1.11178     1.07884    0.308194     1.13265     1.13008     1.10957     1.33308    0.287418     1.04608    0.288465    0.282002    0.278623    0.267475     0.72199    0.255716    0.239375    0.232876    0.234325   -0.027224    0.693837  -0.0228508    0.928043     1.23878    0.205128    0.220356    0.199162    0.217087

Errors: 
1.18495e-05 1.15474e-05 1.14622e-05 1.20654e-05 1.18411e-05 1.17766e-05 1.24221e-05 1.21953e-05 1.21458e-05 1.33326e-05  1.3121e-05 1.30527e-05 1.43648e-05 1.39712e-05   1.385e-05  0.00196022    0.261747  0.00147912 1.54731e-05  1.4854e-05 1.46842e-05 1.89838e-05           1 1.70184e-05           1 0.000781035    0.404296 2.01911e-05           0           0           0           1           0     1.00002     1.00002     1.00001    0.762875    0.780101    0.510706 6.27926e-05 0.000123258 0.000159499           1  0.00053471 3.84309e-05 4.65527e-05 4.02714e-05  4.2953e-06 4.18569e-06 4.49294e-05 2.22295e-05 0.000243192 0.000136537           1
          0           0 3.57179e-05 3.86804e-05           0 3.62572e-05 3.99859e-05 3.85128e-05 3.72887e-05 4.20328e-05 4.06263e-05 3.90298e-05 4.58188e-05 4.31146e-05 4.03708e-05           0           0 4.20088e-05     1.00005  4.6328e-05           0 6.09443e-05 5.48795e-05 4.87612e-05 8.46867e-05     1.00001           0           0           0           0     1.00003           0     1.00004 8.38127e-05     1.01151     1.00007 9.53607e-05           0           0     1.00011     1.00112     1.00012           0     1.00017 0.000151372  0.00010979 0.000114861 0.000104739 0.000375832  0.00481475 0.000255533 0.000867925 0.000915981 0.000487087
7.72927e-05 7.41141e-05 7.07891e-05           0 7.47512e-05           0 8.10099e-05 7.74023e-05  7.3563e-05 8.58559e-05 8.17414e-05 7.70006e-05 9.53299e-05 8.82049e-05 8.13424e-05           0           0           0 0.000105134 9.57657e-05           0 0.000134612 0.000116887 9.49272e-05           0           0 0.000129939 0.000155916           0           0           0           0 0.000139733     1.01064      1.0003     1.00622           0           0           0 0.000329672     1.00026     1.00004  0.00048691 0.000403119 0.000351152 0.000436298 0.000404415 0.000382867 0.000385595 0.000863151 0.000615484    0.631071   0.0033071  0.00124404
0.000129241  0.00012255 0.000116151           0           0 0.000116836           0 0.000127926           0 0.000140387 0.000131538 0.000124599           0 0.000147564           0           0           0           0           0 0.000159607 0.000145731 0.000247252 0.000203944 0.000175084 0.000362906 0.000283974  0.00023282           1           0           0           0           0           0     1.00073     1.00474     1.00377           0           0           0   0.0147898           1           1     1.00345     1.00001     1.00008  0.00102152 0.000706648     2.06655 0.000139189  0.00142841  0.00118534  0.00419123  0.00305189  0.00245727
0.000197003 0.000186509 0.000179444 0.000196079           0           0 0.000206509           0 0.000185382 0.000218367 0.000204634 0.000186265           0           0    0.000214 0.000290448           0           0 0.000296903           0           0           0           0           0     1.00014 0.000481562  0.00040065           0           0           0           0           0           0           0 0.000480954     1.02911 0.000619776  0.00053357 0.000494549           1  0.00086078     1.00009   0.0015942     1.64674     1.00073     1.83457  0.00072063  0.00100749  0.00113208 0.000427323   0.0105405  0.00684221  0.00515482  0.00398881
0.000281147  0.00026883 0.000256885           0           0           0           0 0.000279202           0 0.000309415 0.000291549 0.000276509 0.000377105 0.000339086           0 0.000441424  0.00037254 0.000341362 0.000455536 0.000386581 0.000352485 0.000661938           0 0.000446246  0.00102351 0.000768053           0           0           0           0           0           0           0     1.00757     1.26938      1.0667 0.000933307 0.000790838 0.000732345  0.00161351     1.00175     1.00001      1.0004   0.0020436     1.00001  0.00132301   0.0012916  0.00153366  0.00476803  0.00203253  0.00315142  0.00995945   0.0078635  0.00614185
          0           0           0 0.000383504 0.000371277 0.000353178           0           0           0 0.000421909 0.000399825 0.000377079 0.000520284 0.000477653 0.000449931   0.0006311           0 0.000487052 0.000628581  0.00055908 0.000510267           0 0.000759061           0  0.00160424  0.00112792 0.000912523           0           0           0           0           0           1     1.13533     1.13609     1.00362  0.00131062  0.00112164  0.00103773      1.0278     1.02667  0.00168443  0.00380723     1.00005     1.00099  0.00150956  0.00144559  0.00221339  0.00016183     1.00012  0.00463639     3.08824   0.0109433 0.000350736
          0           0           0           0           0           0           0           0 0.000488176 0.000547683 0.000530122 0.000503091           0           0 0.000608199 0.000858571           0 0.000696024 0.000844215 0.000762769  0.00070816  0.00133744  0.00108007 0.000983144           0  0.00168693  0.00140839           0           0           1           0           0           0           0     1.00375     1.03783  0.00170376  0.00151894  0.00141082     1.00533     1.00003  0.00227034     1.02105  0.00421946     1.00002  0.00243726  0.00175416     2.40016  0.00977745  0.00805361   0.0064209   0.0166316 0.000576657     1.00013
          0           0           0  0.00066613  0.00064688           0           0   0.0006712  0.00064955  0.00073063  0.00068579 0.000661626           0 0.000851191 0.000808446  0.00112312  0.00100325           0  0.00110914 0.000974316 0.000949671           0           0  0.00133153     1.00388     1.03107           0           0           0           0           0     1.00514    0.249619     1.37926     1.06847           0  0.00219479           0  0.00180651  0.00415014  0.00327104   0.0029683     1.03859           0  0.00455243      1.0856  0.00224213  0.00393946   0.0127365  0.00403981  0.00845125   0.0199115    0.017573     2.08272
          0           0           0 0.000829583 0.000814942           0 0.000862456  0.00084456 0.000824258 0.000892254 0.000850744 0.000837684  0.00112716  0.00106156           0  0.00140386  0.00126127  0.00120802  0.00137213  0.00124779  0.00121207           0   0.0018402   0.0017049  0.00396228  0.00289202  0.00242845           0           0           0           0           0  0.00161741           0     1.00603     1.00711  0.00261243  0.00234543  0.00218964      1.0001  0.00400823           1     1.00701     1.00163     1.13326     3.87756  0.00236783  0.00481401     4.38907   0.0131201     1.00022    0.049461     1.00363   0.0173788
          0           0           0           0           0           0           0           0 0.000948811  0.00103539  0.00100031 0.000975922    0.001305           0  0.00121074  0.00159785  0.00147751           0  0.00158621  0.00147367  0.00141797  0.00259243  0.00216827  0.00200484  0.00441161     1.00355  0.00276555     1.00001           0  0.00164694           0     1.00106           0     1.00622     1.49818      1.2644  0.00291848  0.00258615    0.002481     1.00015     1.00011     1.00098   0.0101939  0.00797984     1.01066  0.00774304  0.00271068  0.00549652  0.00139326   0.0116535   0.0139773  0.00128673     1.00052   0.0194688
          0           0           0           0 0.000998394 0.000993253  0.00106271  0.00104482  0.00104072  0.00108711  0.00108474  0.00104526  0.00138072  0.00131971  0.00130224  0.00173663           0           0  0.00167968  0.00156951  0.00152509  0.00275895  0.00106237  0.00214855  0.00467528  0.00350918           0           0           0  0.00170991           0           0           0     1.00776  0.00257611     1.23467   0.0030651  0.00276049  0.00259974  0.00599491     1.00138   0.0042642   0.0106023  0.00846118  0.00682096     623.205   0.0933616  0.00215319     1.00017  0.00478477   0.0127757   0.0257349   0.0233606   0.0202204

Statuses: 
0 0 0 0 0 0 0 0 0 0 0 0 0 0 0 3 3 3 0 0 0 0 3 0 3 3 3 0 3 3 3 3 3 3 3 3 3 3 3 3 3 3 3 3 0 0 0 3 3 3 3 3 0 3
2 2 0 0 2 0 0 0 0 0 0 0 0 0 0 3 3 0 3 0 3 0 0 0 0 3 3 3 3 3 3 3 3 0 3 3 0 3 3 3 3 3 3 3 0 3 3 3 0 3 0 0 3 0
0 0 0 3 0 3 0 0 0 0 0 0 0 0 0 3 3 3 0 0 3 0 0 0 3 3 0 0 3 3 3 3 0 3 3 3 3 3 3 0 3 3 0 0 0 0 3 3 0 3 0 3 3 0
0 0 0 2 2 0 3 0 3 0 0 0 3 0 3 3 3 3 3 0 0 0 0 0 0 0 0 3 3 3 3 3 3 3 3 3 3 3 3 3 3 3 3 3 3 3 0 3 3 0 0 0 0 0
0 0 0 0 3 3 0 3 0 0 0 0 3 3 0 0 3 3 0 3 3 3 3 3 3 0 0 3 3 3 3 3 3 3 0 3 0 0 0 3 0 3 0 3 3 3 3 3 0 0 3 0 0 0
0 0 0 3 3 3 3 0 3 0 0 0 0 0 3 0 0 0 0 0 0 0 3 0 0 0 3 3 3 3 3 3 3 3 3 3 0 0 0 0 3 3 3 0 3 3 3 0 0 3 0 0 0 0
2 2 2 0 0 0 3 3 3 0 0 0 0 0 0 0 3 0 0 0 0 3 0 3 0 0 0 3 3 3 3 3 3 3 3 3 0 0 0 3 3 0 0 3 3 3 3 0 3 3 0 3 0 3
2 2 2 3 3 3 3 3 0 0 0 0 3 3 0 0 3 0 0 0 0 0 0 0 3 0 0 3 3 3 3 3 3 3 3 3 0 0 0 3 3 0 3 0 3 3 3 3 0 0 0 0 3 3
2 2 2 0 0 3 3 0 0 0 0 0 3 0 0 0 0 3 0 0 0 3 3 0 3 3 3 3 3 3 3 3 0 3 3 3 0 3 0 0 0 0 3 3 0 3 3 0 0 3 0 0 0 3
2 2 2 0 0 3 0 0 0 0 0 0 0 0 3 0 0 0 0 0 0 3 0 0 0 0 0 3 3 3 3 3 0 3 3 3 0 0 0 3 0 3 3 3 3 3 3 0 3 0 3 3 3 0
2 2 2 3 3 3 3 3 0 0 0 0 0 3 0 0 0 3 0 0 0 0 0 0 0 3 0 3 3 0 3 3 3 3 3 3 0 0 0 3 3 3 0 0 3 0 3 0 3 3 3 3 3 0
2 2 2 3 0 0 0 0 0 0 0 0 0 0 0 0 3 3 0 0 0 0 0 0 0 0 3 3 3 0 3 3 3 3 0 3 0 0 0 0 3 0 0 0 0 3 3 0 3 3 0 0 0 0
chisq per dof: 
 31.058 28.3365 26.1211 28.7691 26.6223 24.5529 20.1296 18.8043 17.6905 11.9267 11.6628  11.124  4.0073 3.93086 3.91132 70242.8 58843.5 90912.1 2.47943 2.39853 2.37329 1.86477 34619.1 1.67747 53562.8 66119.2 62108.4 12.6268 91377.6 85595.8  128707 57321.1 95385.6  146374  122173  103204  126011  108135 94927.9  154049  128838 77325.2  183528  145621 1.74437  2.1391 1.98802 94278.2  189722  153673 41439.7  216326  2.2512  126766
17.2017 15.8779 16.0322 14.6719 13.9123 14.4352 10.0275 9.53908 10.1252 5.93843  5.9022 6.25559 2.50989 2.44273 2.53437 4264.12 2070.36 1.77767 7660.91 1.88265 7263.38 1.81265 1.68506 1.61545 2.00212 863.116  6125.3 8844.26 7724.97 6664.25 10550.2 9211.18 8008.64  2.9826 10104.5 8503.03 2.61453 9121.14 7928.76 12724.6 10687.2 9174.44 13911.8 11962.3 1.68611 12569.5   10523 8946.64 2.25252 12866.2 1.84024 2.66855 12258.6 2.00812
11.6907 11.1159 11.1378 257.312 9.35378 540.802 6.48413 6.43103 6.76087 4.12816 4.19764 4.40812 2.09704  2.0462 2.08067 793.257 759.385 1118.99 1.85031 1.76048 1668.32 1.80456 1.67397 1.59437 3098.75 1907.48 1.68142 4.20776 1787.93 1586.39 2388.96 2076.94 3.09435 2760.44 2282.77 1988.71 2405.58 2191.46 1932.12 1.91043 2475.45 2128.07 2.01157 1.81163 1.67657 2.04532 2470.39 2114.58 245.355 3000.74 1.83875 4034.74 3388.88 2.00587
8.87345 8.63856 8.60306 6.91872 7.08996 7.20756 212.878 4.96447 180.344 3.28414 3.40496 3.48286  815.81 1.87105 64.2879 423.281 428.923 394.657 780.303 1.70812 1.66463 1.80296 1.67039 1.58597  2.0019 1.80204 1.67725 302.868 635.217 559.752 899.608  776.86 680.225 955.386 822.348 704.996  939.35 814.132  713.54 1023.73 761.264 687.701 1220.13 197.143 814.143 1066.55 1.86807 727.574 1160.24 2.00163  1.8384 2.66913 2.25199 2.00545
6.84037 6.73268 6.61262 5.31541 247.851 230.153  3.7439 152.827 4.02278 2.78831 2.89134 2.91043 20.5761 103.615 1.74035 1.65008  230.34  177.65 1.76309 267.932 302.231 124.668 49.6824 62.6877 94.8421 1.80139 1.67542 339.034 281.068 249.237 410.772 352.788 309.043 436.111 1.86569 313.672 1.90046 1.83296 1.75821  373.63 1.72966 350.268  2.0057 438.994 363.343 461.994 381.938 336.225 28.7575 160.348 334.143 2.66891 2.25168 2.00582
5.60084 5.53902 5.40788 142.141 128.034 115.121 81.4116 3.26204 69.7773 2.44626 2.50565 2.48844 1.72144 1.67973 14.7479 1.63492 1.53914 1.48608 1.74238 1.65212 1.59223 1.80145 57.6643 1.57692 2.00158 1.80126  58.364 170.339 144.461   128.5 219.785 188.332 165.396 226.414 190.251 163.234 1.82621 1.75932 1.69193 1.84635 220.142 128.406 280.306 1.80473 142.807 247.742 203.448 1.73485 2.25151  244.74 1.83662 2.66869 2.25155  2.0035
 4.6383 4.54144 4.40463 3.49689  3.5359 3.46528 30.6889 10.4337 18.8671 2.19122 2.20055 2.16442 1.66584 1.61526 1.57543  1.6228 32.1983 1.46747 1.72538 1.63327  1.5691 32.3841 1.66794 2.57747 2.00189 1.80152 1.67087 102.086 88.7043 81.6756  121.02 102.743 77.8707  132.62  110.76 90.5917 1.77666 1.70734 1.63961  158.71 132.127  1.6062  2.0031 132.237 91.7938 145.848  121.19 1.73151 148.846 127.464  1.8365 157.592 2.25188  109.96
3.87099  3.7461 3.59949   53.33 46.6525 16.7639 44.6772 44.0074 2.20973 2.01172 1.97437 1.92361 63.7885 54.8873 1.51446 1.61536 27.3836 1.45265 1.71251 1.61722 1.54889 1.80192 1.66847  1.5745 82.4464 1.80205 1.67018 67.4217 59.4235 13.4134 87.5902  75.069 61.2403 85.0792 67.3279 61.0136 1.74466 1.67417 1.60706 83.6051 81.8143  1.6008 97.5735 1.80361  52.974 94.1479 80.6001 62.6513  2.2524 2.00206 1.83652 2.66968 89.2201 84.9449
3.24556 3.12571 2.98535 2.49126 2.42324  13.508 6.58668 1.96379 1.89803 1.86042 1.80395 1.74663 16.2185 1.52238 1.47001 1.60983 1.50916 15.1184 1.70186 1.60465 1.53393 7.45583 6.60361 1.57412  11.166 14.0359  14.815 47.4879  40.356 38.8629 55.8939  55.066 38.2021 60.4326 50.5237 43.5103 1.72497 14.4603 1.58425  1.8246 1.69398 1.59703 75.3029 60.6902 1.66994 68.6726 58.2375 1.72868 2.25285 72.7781 1.83647 2.67029 2.25302 50.5008
2.77889 2.67436 2.54519 2.17884 2.10571 17.3805 1.81727 1.77254 1.70465 1.75607 1.69177 1.63034 1.57106 1.49732 3.19926   1.607 1.50596 1.43616 1.69504 1.59689 1.52451 28.8671 1.67042  1.5747  2.0033 1.80328 1.66982 35.8409 31.9295 29.4435 51.4056 44.2196 1.52355 47.1516 36.7854 32.3207 1.71176 1.63544  1.5696 57.2128 1.69147 25.3564 58.7774    41.6  39.745 48.5253 47.5724 1.72824 67.5255   2.003 51.1149 30.9653  35.906 2.00378
2.49671 2.40597 2.28971  20.581 16.5425 5.54521 3.57755 9.97831 1.59642 1.69178 1.62445 1.56261 1.55839  1.8703 1.42599 1.60553 1.50462  11.934 1.69091  1.5925 1.51944  1.8038 1.67164  1.5757 2.00383 13.2211 1.67018 2.40878 28.3263 1.56914 44.9746 36.4271 33.8126 37.8221 34.1283 29.4403 1.70569  1.6274 1.56165  52.445 42.4376 38.8127 2.00418 1.80457 33.9851 2.01431 43.1554 1.72821 62.9297 28.8439 44.3629 52.4098 45.3048 2.00418
 2.3897 2.29321 2.18055 4.60734 1.85026 1.76564 1.68114 1.62269 1.55805 1.66831 1.59996 1.53862 1.55373  1.4777 1.42118 1.60541 7.02033 7.32439 1.68954 1.59117 1.51812 1.80421 1.67227 1.57626 2.00425 1.80447  21.445 29.7974 27.9783 1.55554 43.0038 36.8874 32.4231 35.6137 1.56666 27.9554 1.70342 1.62508 1.55912 1.81997 42.9162 1.59333 2.00453 1.80494 1.67089 2.47535 33.5196 2.28976 64.4873 48.5492 1.83734 2.67233 2.25493  2.0046
Mode averaged potential and errors: 
  0.0536074 0.000136537
  0.0809534 0.000552444
   0.105183  0.00048691
   0.115014  0.00223581
   0.135882  0.00762488
   0.144762  0.00538764
   0.167614   0.0102415
   0.181941   0.0161705
    0.19633   0.0164309
   0.208829  0.00438125
    0.22543  0.00957761
   0.228297   0.0123048
R Models:
(* Fitting with shape 1 1 1 1 1 1 1 1 0 0 0 0 *)
G[R_,xx_]:=xx[[0]] + xx[[1]]/R | xx[[2]]*R
(* Fitting with shape 1 1 1 1 1 1 1 1 1 0 0 0 *)
G[R_,xx_]:=xx[[0]] + xx[[1]]/R | xx[[2]]*R
(* Fitting with shape 1 1 1 1 1 1 1 1 1 1 0 0 *)
G[R_,xx_]:=xx[[0]] + xx[[1]]/R | xx[[2]]*R
(* Fitting with shape 1 1 1 1 1 1 1 1 1 1 1 0 *)
G[R_,xx_]:=xx[[0]] + xx[[1]]/R | xx[[2]]*R
(* Fitting with shape 1 1 1 1 1 1 1 1 1 1 1 1 *)
G[R_,xx_]:=xx[[0]] + xx[[1]]/R | xx[[2]]*R
(* Fitting with shape 0 1 1 1 1 1 1 1 0 0 0 0 *)
G[R_,xx_]:=xx[[0]] + xx[[1]]/R | xx[[2]]*R
(* Fitting with shape 0 1 1 1 1 1 1 1 1 0 0 0 *)
G[R_,xx_]:=xx[[0]] + xx[[1]]/R | xx[[2]]*R
(* Fitting with shape 0 1 1 1 1 1 1 1 1 1 0 0 *)
G[R_,xx_]:=xx[[0]] + xx[[1]]/R | xx[[2]]*R
(* Fitting with shape 0 1 1 1 1 1 1 1 1 1 1 0 *)
G[R_,xx_]:=xx[[0]] + xx[[1]]/R | xx[[2]]*R
(* Fitting with shape 0 1 1 1 1 1 1 1 1 1 1 1 *)
G[R_,xx_]:=xx[[0]] + xx[[1]]/R | xx[[2]]*R
(* Fitting with shape 0 0 1 1 1 1 1 1 0 0 0 0 *)
G[R_,xx_]:=xx[[0]] + xx[[1]]/R | xx[[2]]*R
(* Fitting with shape 0 0 1 1 1 1 1 1 1 0 0 0 *)
G[R_,xx_]:=xx[[0]] + xx[[1]]/R | xx[[2]]*R
(* Fitting with shape 0 0 1 1 1 1 1 1 1 1 0 0 *)
G[R_,xx_]:=xx[[0]] + xx[[1]]/R | xx[[2]]*R
(* Fitting with shape 0 0 1 1 1 1 1 1 1 1 1 0 *)
G[R_,xx_]:=xx[[0]] + xx[[1]]/R | xx[[2]]*R
(* Fitting with shape 0 0 1 1 1 1 1 1 1 1 1 1 *)
G[R_,xx_]:=xx[[0]] + xx[[1]]/R | xx[[2]]*R
(* Fitting with shape 0 0 0 1 1 1 1 1 0 0 0 0 *)
G[R_,xx_]:=xx[[0]] + xx[[1]]/R | xx[[2]]*R
(* Fitting with shape 0 0 0 1 1 1 1 1 1 0 0 0 *)
G[R_,xx_]:=xx[[0]] + xx[[1]]/R | xx[[2]]*R
(* Fitting with shape 0 0 0 1 1 1 1 1 1 1 0 0 *)
G[R_,xx_]:=xx[[0]] + xx[[1]]/R | xx[[2]]*R
(* Fitting with shape 0 0 0 1 1 1 1 1 1 1 1 0 *)
G[R_,xx_]:=xx[[0]] + xx[[1]]/R | xx[[2]]*R
(* Fitting with shape 0 0 0 1 1 1 1 1 1 1 1 1 *)
G[R_,xx_]:=xx[[0]] + xx[[1]]/R | xx[[2]]*R
3.0694 3.0694 3.0694 
-0.186894 -0.186894 -0.186894 
1 1 1 
1.4008 1.4008 1.4008 
-0.841842 -0.841842 -0.841842 
2.15524e-316 2.15524e-316 2.15524e-316 
1.11351e+08 1.11351e+08 1.11351e+08 
-669734 -669734 -669734 
79638.7 79638.7 79638.7 
1.0326e-321 1.0326e-321 1.0326e-321 
2.09609e-316 2.09609e-316 2.09609e-316 
-7.15357e+235 -7.15357e+235 -7.15357e+235 
0 0 0 
0 0 0 
0 0 0 
0 0 0 
0 0 0 
0 0 0 
0 0 0 
0 0 0 
0 0 0 
0 0 0 
0 0 0 
0 0 0 
0 0 0 
0 0 0 
0 0 0 
0 0 0 
0 0 0 
0 0 0 
0 0 0 
0 0 0 
0 0 0 
0 0 0 
1.02766e-321 1.02766e-321 1.02766e-321 
7.16395e-322 7.16395e-322 7.16395e-322 
2.14607e-316 2.14607e-316 2.14607e-316 
-7.15357e+235 -7.15357e+235 -7.15357e+235 
2.13624e-316 2.13624e-316 2.13624e-316 
1.94932e+243 1.94932e+243 1.94932e+243 
7.72485e+228 7.72485e+228 7.72485e+228 
7.67955e+218 7.67955e+218 7.67955e+218 
8.6188e+183 8.6188e+183 8.6188e+183 
2.10164e-316 2.10164e-316 2.10164e-316 
2.15041e-316 2.15041e-316 2.15041e-316 
6.08167e+247 6.08167e+247 6.08167e+247 
9.08698e+223 9.08698e+223 9.08698e+223 
7.09799e+194 7.09799e+194 7.09799e+194 
2.98361e+174 2.98361e+174 2.98361e+174 
2.45944e+198 2.45944e+198 2.45944e+198 
6.91609e+212 6.91609e+212 6.91609e+212 
1.34062e-317 1.34062e-317 1.34062e-317 
-nan -nan -nan 
5.58294e-322 5.58294e-322 5.58294e-322 
Probabilities: 
         0          0          0          0          0          0          0   0.109261          0          0          0          0 0.00324209 0.00861203  0.0154551  0.0620008   0.148818          0          0 0.00262784 0.00570976   0.078001          0          0   0.180858          0          0          0          0          0          0          0          0          0          0          0          0          0          0          0          0          0   0.181327          0          0          0          0  0.0204542          0          0          0   0.183633          0          0

String tensions: 
          1           1           1           1           1           1           1           1           1   -0.473859   -0.475819   -0.478646   -0.766552   -0.765265   -0.769884   -0.175867   -0.213483   -0.774789     -1.1804     -1.1752    -1.18296     2.14558    0.354431    -0.10193    -3.28246    0.580555    -2.26261  -0.0256536  -0.0256468  -0.0256426    0.752331     0.77007     0.78028    0.947253    0.964161     1.00336  0.00875187    -0.04421  -0.0463954    0.565625   -0.134521     0.68263   0.0155548      1.0023     1.00252    0.114285    0.393828 -0.00353818    0.565565    0.908253  0.00767418  0.00700788    0.316255    0.745616

Errors: 
    5792.62     5792.62           0     5792.62     5792.62     5792.62           0     5792.62           0  0.00507653  0.00484085   0.0046387   0.0286383   0.0276662   0.0270986    0.271259    0.252199           0   0.0600737    0.061207   0.0595699     2.16053     1.00107     1.01195   0.0807917           0     1.03243           0           0           0           0           0           0     1.52549     1.55238           0  0.00130051           0           0     1.00055     1.00012           0  0.00514794           0           0   0.0315354   0.0287777   0.0020978     1.81465   0.0256132 0.000784335   0.0088283     7.30303     1.00017

Statuses: 
0 0 3 0 0 0 3 0 3 0 0 0 0 0 0 0 0 3 0 0 0 0 3 3 0 3 3 3 3 3 3 3 3 3 3 2 0 3 3 3 3 3 0 2 2 3 3 0 3 3 1 0 3 3
chisq per dof: 
 532.622  498.912  1969.14  56.3151  50.2036  46.5321  549.379 0.647522  73.0885  12.5113  11.1686  10.5382  1.82003  1.56661  1.47459 0.603665 0.544529  764.158  2.16832  1.91754  1.75425 0.759863  369.082  410.512 0.175438  806.272  57.3595  8598.29   7592.8  6787.44  8774.12  7604.86  6699.85  1298.48  1174.44  1055.93  5.63471  5505.36  2344.92  8269.11   5711.9  6181.07 0.174404   1174.6  1055.97   5319.2  6518.86  1.47069  7885.32  7280.09 0.597057 0.169348  1116.24   1026.5
Model string tension and errors: 
sigma = -0.386498 +/- 1914.73
