R=0parameters: 
-0.692281 -0.692281 
0.0603203 0.0603203 
8.55486e-11 8.55486e-11 
4.00193e-322 4.00193e-322 
4.94066e-324 4.94066e-324 
3.45308e-316 3.45308e-316 
3.44513e-316 3.44513e-316 
3.43272e-316 3.43272e-316 
3.4239e-316 3.4239e-316 
-8.80673e-62 -8.80673e-62 -8.80673e-62 
6.94109e-310 6.94109e-310 6.94109e-310 
6.94109e-310 6.94109e-310 6.94109e-310 
1.97626e-323 1.97626e-323 1.97626e-323 
9.81312e+61 9.81312e+61 9.81312e+61 
6.94109e-310 6.94109e-310 6.94109e-310 
6.94109e-310 6.94109e-310 6.94109e-310 
1.97626e-323 1.97626e-323 1.97626e-323 
-8.80673e-62 -8.80673e-62 -8.80673e-62 
6.94109e-310 6.94109e-310 6.94109e-310 6.94109e-310 
6.94109e-310 6.94109e-310 6.94109e-310 6.94109e-310 
1.97626e-323 1.97626e-323 1.97626e-323 1.97626e-323 
-8.80673e-62 -8.80673e-62 -8.80673e-62 -8.80673e-62 
6.94109e-310 6.94109e-310 6.94109e-310 6.94109e-310 
6.94109e-310 6.94109e-310 6.94109e-310 6.94109e-310 
1.97626e-323 1.97626e-323 1.97626e-323 1.97626e-323 
-8.80673e-62 -8.80673e-62 -8.80673e-62 -8.80673e-62 
6.94109e-310 6.94109e-310 6.94109e-310 6.94109e-310 
6.94109e-310 6.94109e-310 6.94109e-310 
1.97626e-323 1.97626e-323 1.97626e-323 
-8.80673e-62 -8.80673e-62 -8.80673e-62 
6.94109e-310 6.94109e-310 6.94109e-310 
6.94109e-310 6.94109e-310 6.94109e-310 
1.97626e-323 1.97626e-323 1.97626e-323 
-8.80673e-62 -8.80673e-62 -8.80673e-62 
6.94109e-310 6.94109e-310 6.94109e-310 
6.94109e-310 6.94109e-310 6.94109e-310 
1.97626e-323 1.97626e-323 1.97626e-323 1.97626e-323 
-8.80673e-62 -8.80673e-62 -8.80673e-62 -8.80673e-62 
6.94109e-310 6.94109e-310 6.94109e-310 6.94109e-310 
6.94109e-310 6.94109e-310 6.94109e-310 6.94109e-310 
1.97626e-323 1.97626e-323 1.97626e-323 1.97626e-323 
-8.80673e-62 -8.80673e-62 -8.80673e-62 -8.80673e-62 
6.94109e-310 6.94109e-310 6.94109e-310 6.94109e-310 
6.94109e-310 6.94109e-310 6.94109e-310 6.94109e-310 
1.97626e-323 1.97626e-323 1.97626e-323 1.97626e-323 
3.16202e-322 3.16202e-322 3.16202e-322 3.16202e-322 3.16202e-322 
2.47033e-323 2.47033e-323 2.47033e-323 2.47033e-323 2.47033e-323 
3.47066e-316 3.47066e-316 3.47066e-316 3.47066e-316 3.47066e-316 
1.87644 1.87644 1.87644 1.87644 1.87644 
2.53908e+08 2.53908e+08 2.53908e+08 2.53908e+08 2.53908e+08 
0.000103418 0.000103418 0.000103418 0.000103418 0.000103418 
0.00297608 0.00297608 0.00297608 0.00297608 0.00297608 
2.31756e+06 2.31756e+06 2.31756e+06 2.31756e+06 2.31756e+06 
4.00193e-322 4.00193e-322 4.00193e-322 4.00193e-322 4.00193e-322 
R=1parameters: 
-0.69132 -0.69132 
0.0825127 0.0825127 
-2.01188e-06 -2.01188e-06 
0.0259893 0.0259893 
-0.0251186 -0.0251186 
3.62482e-316 3.62482e-316 
1.5381e+08 1.5381e+08 
-1.87474e+06 -1.87474e+06 
1.87615e+06 1.87615e+06 
2.22972e-320 2.22972e-320 2.22972e-320 
6.94111e-310 6.94111e-310 6.94111e-310 
6.94111e-310 6.94111e-310 6.94111e-310 
3.62479e-316 3.62479e-316 3.62479e-316 
3.62479e-316 3.62479e-316 3.62479e-316 
0.99207 0.99207 0.99207 
0.957972 0.957972 0.957972 
0.926328 0.926328 0.926328 
0.885797 0.885797 0.885797 
0.645999 0.645999 0.645999 0.645999 
0.785177 0.785177 0.785177 0.785177 
0.73983 0.73983 0.73983 0.73983 
0.690553 0.690553 0.690553 0.690553 
6.59499e-05 6.59499e-05 6.59499e-05 6.59499e-05 
-1.98594e-06 -1.98594e-06 -1.98594e-06 -1.98594e-06 
0.109795 0.109795 0.109795 0.109795 
-0.353406 -0.353406 -0.353406 -0.353406 
-0.079527 -0.079527 -0.079527 -0.079527 
-0.16105 -0.16105 -0.16105 
-0.252692 -0.252692 -0.252692 
-0.280909 -0.280909 -0.280909 
-0.427485 -0.427485 -0.427485 
-0.404681 -0.404681 -0.404681 
-0.400454 -0.400454 -0.400454 
-0.436941 -0.436941 -0.436941 
6.76017e-05 6.76017e-05 6.76017e-05 
-3.05864e-06 -3.05864e-06 -3.05864e-06 
-7.46967e-07 -7.46967e-07 -7.46967e-07 -7.46967e-07 
-0.157053 -0.157053 -0.157053 -0.157053 
0.139729 0.139729 0.139729 0.139729 
-0.0273962 -0.0273962 -0.0273962 -0.0273962 
-0.092173 -0.092173 -0.092173 -0.092173 
-0.172336 -0.172336 -0.172336 -0.172336 
-0.167446 -0.167446 -0.167446 -0.167446 
-0.0956062 -0.0956062 -0.0956062 -0.0956062 
-0.154069 -0.154069 -0.154069 -0.154069 
-0.151902 -0.151902 -0.151902 -0.151902 -0.151902 
6.72045e-05 6.72045e-05 6.72045e-05 6.72045e-05 6.72045e-05 
-3.16866e-06 -3.16866e-06 -3.16866e-06 -3.16866e-06 -3.16866e-06 
8.13939e-05 8.13939e-05 8.13939e-05 8.13939e-05 8.13939e-05 
1.63042e-322 1.63042e-322 1.63042e-322 1.63042e-322 1.63042e-322 
3.62393e-316 3.62393e-316 3.62393e-316 3.62393e-316 3.62393e-316 
3.44032e-316 3.44032e-316 3.44032e-316 3.44032e-316 3.44032e-316 
-165049 -165049 -165049 -165049 -165049 
3.62739e-316 3.62739e-316 3.62739e-316 3.62739e-316 3.62739e-316 
R=2parameters: 
-0.688555 -0.688555 
0.0928812 0.0928812 
-0.293483 -0.293483 
1.20232 1.20232 
-12.1364 -12.1364 
3.62482e-316 3.62482e-316 
1.5381e+08 1.5381e+08 
-1.87474e+06 -1.87474e+06 
1.87615e+06 1.87615e+06 
1.4234e-320 1.4234e-320 1.4234e-320 
6.94111e-310 6.94111e-310 6.94111e-310 
6.94111e-310 6.94111e-310 6.94111e-310 
3.62479e-316 3.62479e-316 3.62479e-316 
3.62479e-316 3.62479e-316 3.62479e-316 
0.99035 0.99035 0.99035 
0.951715 0.951715 0.951715 
0.915466 0.915466 0.915466 
0.61987 0.61987 0.61987 
0.81588 0.81588 0.81588 0.81588 
0.763655 0.763655 0.763655 0.763655 
0.716096 0.716096 0.716096 0.716096 
0.66539 0.66539 0.66539 0.66539 
0.000260322 0.000260322 0.000260322 0.000260322 
1.36108 1.36108 1.36108 1.36108 
1.23905 1.23905 1.23905 1.23905 
0.853549 0.853549 0.853549 0.853549 
0.777507 0.777507 0.777507 0.777507 
0.937008 0.937008 0.937008 
0.853549 0.853549 0.853549 
0.937008 0.937008 0.937008 
0.853549 0.853549 0.853549 
1.48917 1.48917 1.48917 
1.35378 1.35378 1.35378 
0.768321 0.768321 0.768321 
1.48286 1.48286 1.48286 
0.927102 0.927102 0.927102 
0.843991 0.843991 0.843991 0.843991 
1.11927 1.11927 1.11927 1.11927 
1.01818 1.01818 1.01818 1.01818 
1.3478 1.3478 1.3478 1.3478 
1.22686 1.22686 1.22686 1.22686 
0.699599 0.699599 0.699599 0.699599 
3.49723e-316 3.49723e-316 3.49723e-316 3.49723e-316 
3.62434e-316 3.62434e-316 3.62434e-316 3.62434e-316 
3.62461e-316 3.62461e-316 3.62461e-316 3.62461e-316 
3.62438e-316 3.62438e-316 3.62438e-316 3.62438e-316 3.62438e-316 
0.000244982 0.000244982 0.000244982 0.000244982 0.000244982 
-214962 -214962 -214962 -214962 -214962 
3.62348e-316 3.62348e-316 3.62348e-316 3.62348e-316 3.62348e-316 
3.48808e-316 3.48808e-316 3.48808e-316 3.48808e-316 3.48808e-316 
3.48625e-316 3.48625e-316 3.48625e-316 3.48625e-316 3.48625e-316 
2.122e-314 2.122e-314 2.122e-314 2.122e-314 2.122e-314 
3.62444e-316 3.62444e-316 3.62444e-316 3.62444e-316 3.62444e-316 
1.63042e-322 1.63042e-322 1.63042e-322 1.63042e-322 1.63042e-322 
R=3parameters: 
-0.684279 -0.684279 
0.0991477 0.0991477 
9.42745e-06 9.42745e-06 
0.0958299 0.0958299 
-0.101665 -0.101665 
3.62482e-316 3.62482e-316 
1.5381e+08 1.5381e+08 
-1.87474e+06 -1.87474e+06 
1.87615e+06 1.87615e+06 
2.37646e-321 2.37646e-321 2.37646e-321 
3.49008e-316 3.49008e-316 3.49008e-316 
6.94111e-310 6.94111e-310 6.94111e-310 
0.935928 0.935928 0.935928 
0.0260702 0.0260702 0.0260702 
-5.26747 -5.26747 -5.26747 
1.63042e-322 1.63042e-322 1.63042e-322 
3.5062e-316 3.5062e-316 3.5062e-316 
3.45023e-316 3.45023e-316 3.45023e-316 
3.95253e-322 3.95253e-322 3.95253e-322 3.95253e-322 
6.32404e-322 6.32404e-322 6.32404e-322 6.32404e-322 
3.61219e-316 3.61219e-316 3.61219e-316 3.61219e-316 
1.13927e-05 1.13927e-05 1.13927e-05 1.13927e-05 
1.71259e-06 1.71259e-06 1.71259e-06 1.71259e-06 
-8.27137e-06 -8.27137e-06 -8.27137e-06 -8.27137e-06 
-1.22675e-06 -1.22675e-06 -1.22675e-06 -1.22675e-06 
8.91408e-07 8.91408e-07 8.91408e-07 8.91408e-07 
-0.000120245 -0.000120245 -0.000120245 -0.000120245 
-1.81867e-05 -1.81867e-05 -1.81867e-05 
1.28652e-05 1.28652e-05 1.28652e-05 
0.00020256 0.00020256 0.00020256 
0.000368956 0.000368956 0.000368956 
5.57842e-05 5.57842e-05 5.57842e-05 
-3.94786e-05 -3.94786e-05 -3.94786e-05 
-0.000620634 -0.000620634 -0.000620634 
0.00190165 0.00190165 0.00190165 
7.16395e-322 7.16395e-322 7.16395e-322 
3.43883e-316 3.43883e-316 3.43883e-316 3.43883e-316 
3.49319e-316 3.49319e-316 3.49319e-316 3.49319e-316 
1.58101e-322 1.58101e-322 1.58101e-322 1.58101e-322 
2.37152e-322 2.37152e-322 2.37152e-322 2.37152e-322 
3.49232e-316 3.49232e-316 3.49232e-316 3.49232e-316 
3.44611e-316 3.44611e-316 3.44611e-316 3.44611e-316 
6.22717e-08 6.22717e-08 6.22717e-08 6.22717e-08 
3.73696e-07 3.73696e-07 3.73696e-07 3.73696e-07 
0 0 0 0 
2.42092e-322 2.42092e-322 2.42092e-322 2.42092e-322 2.42092e-322 
1.061e-313 1.061e-313 1.061e-313 1.061e-313 1.061e-313 
-2.55718e+06 -2.55718e+06 -2.55718e+06 -2.55718e+06 -2.55718e+06 
2.09186e+06 2.09186e+06 2.09186e+06 2.09186e+06 2.09186e+06 
78099 78099 78099 78099 78099 
3.50909e-316 3.50909e-316 3.50909e-316 3.50909e-316 3.50909e-316 
3.62481e-316 3.62481e-316 3.62481e-316 3.62481e-316 3.62481e-316 
0 0 0 0 0 
3.50544e-316 3.50544e-316 3.50544e-316 3.50544e-316 3.50544e-316 
R=4parameters: 
-0.679325 -0.679325 
0.103872 0.103872 
1.97571e-05 1.97571e-05 
0.139857 0.139857 
-0.151478 -0.151478 
3.62482e-316 3.62482e-316 
1.5381e+08 1.5381e+08 
-1.87474e+06 -1.87474e+06 
1.87615e+06 1.87615e+06 
8.7005e-321 8.7005e-321 8.7005e-321 
6.94111e-310 6.94111e-310 6.94111e-310 
-35279.3 -35279.3 -35279.3 
3.62479e-316 3.62479e-316 3.62479e-316 
3.62479e-316 3.62479e-316 3.62479e-316 
0.00118629 0.00118629 0.00118629 
0.0011409 0.0011409 0.0011409 
0.00108338 0.00108338 0.00108338 
0.00101266 0.00101266 0.00101266 
0.000946517 0.000946517 0.000946517 0.000946517 
0.000836629 0.000836629 0.000836629 0.000836629 
0.000775641 0.000775641 0.000775641 0.000775641 
0.000721822 0.000721822 0.000721822 0.000721822 
0.00118885 0.00118885 0.00118885 0.00118885 
0.00124489 0.00124489 0.00124489 0.00124489 
0.769089 0.769089 0.769089 0.769089 
0.693046 0.693046 0.693046 0.693046 
0.769089 0.769089 0.769089 0.769089 
0.693046 0.693046 0.693046 
0.624135 0.624135 0.624135 
0.562019 0.562019 0.562019 
1.2814 1.2814 1.2814 
1.14991 1.14991 1.14991 
1.03319 1.03319 1.03319 
0.676878 0.676878 0.676878 
1.41089 1.41089 1.41089 
0.836082 0.836082 0.836082 
0.752326 0.752326 0.752326 0.752326 
0.676878 0.676878 0.676878 0.676878 
0.609007 0.609007 0.609007 0.609007 
1.2646 1.2646 1.2646 1.2646 
1.1376 1.1376 1.1376 1.1376 
1.02431 1.02431 1.02431 1.02431 
1.42204 1.42204 1.42204 1.42204 
3.62333e-316 3.62333e-316 3.62333e-316 3.62333e-316 
3.6235e-316 3.6235e-316 3.6235e-316 3.6235e-316 
1.02431 1.02431 1.02431 1.02431 1.02431 
0.921346 0.921346 0.921346 0.921346 0.921346 
0.829472 0.829472 0.829472 0.829472 0.829472 
3.4979e-316 3.4979e-316 3.4979e-316 3.4979e-316 3.4979e-316 
3.62471e-316 3.62471e-316 3.62471e-316 3.62471e-316 3.62471e-316 
0.746611 0.746611 0.746611 0.746611 0.746611 
3.62481e-316 3.62481e-316 3.62481e-316 3.62481e-316 3.62481e-316 
0.60581 0.60581 0.60581 0.60581 0.60581 
1.03326 1.03326 1.03326 1.03326 1.03326 
R=5parameters: 
-0.673556 -0.673556 
0.10757 0.10757 
0.69284 0.69284 
1.51763 1.51763 
-13.3819 -13.3819 
3.62482e-316 3.62482e-316 
1.5381e+08 1.5381e+08 
-1.87474e+06 -1.87474e+06 
1.87615e+06 1.87615e+06 
1.27672e-319 1.27672e-319 1.27672e-319 
6.94111e-310 6.94111e-310 6.94111e-310 
6.94111e-310 6.94111e-310 6.94111e-310 
3.62479e-316 3.62479e-316 3.62479e-316 
3.62479e-316 3.62479e-316 3.62479e-316 
0.964846 0.964846 0.964846 
0.871804 0.871804 0.871804 
0.788287 0.788287 0.788287 
0.690615 0.690615 0.690615 
0.622261 0.622261 0.622261 0.622261 
0.690615 0.690615 0.690615 0.690615 
0.622261 0.622261 0.622261 0.622261 
1.77964 1.77964 1.77964 1.77964 
1.59068 1.59068 1.59068 1.59068 
1.27469 1.27469 1.27469 1.27469 
1.14361 1.14361 1.14361 1.14361 
1.02741 1.02741 1.02741 1.02741 
0.922851 0.922851 0.922851 0.922851 
0.829603 0.829603 0.829603 
0.745002 0.745002 0.745002 
0.669211 0.669211 0.669211 
0.60057 0.60057 0.60057 
0.538644 0.538644 0.538644 
1.57365 1.57365 1.57365 
1.40712 1.40712 1.40712 
1.25815 1.25815 1.25815 
1.12441 1.12441 1.12441 
1.00613 1.00613 1.00613 1.00613 
0.900469 0.900469 0.900469 0.900469 
0.80804 0.80804 0.80804 0.80804 
0.72424 0.72424 0.72424 0.72424 
0.649163 0.649163 0.649163 0.649163 
0.58221 0.58221 0.58221 0.58221 
0.522493 0.522493 0.522493 0.522493 
1.55886 1.55886 1.55886 1.55886 
1.38499 1.38499 1.38499 1.38499 
1.23543 1.23543 1.23543 1.23543 1.23543 
1.10737 1.10737 1.10737 1.10737 1.10737 
0.99353 0.99353 0.99353 0.99353 0.99353 
0.890014 0.890014 0.890014 0.890014 0.890014 
0.798225 0.798225 0.798225 0.798225 0.798225 
0.715609 0.715609 0.715609 0.715609 0.715609 
0.642007 0.642007 0.642007 0.642007 0.642007 
0.576195 0.576195 0.576195 0.576195 0.576195 
1.00417 1.00417 1.00417 1.00417 1.00417 
R=6parameters: 
-0.667357 -0.667357 
0.110731 0.110731 
5.65015e-05 5.65015e-05 
0.234809 0.234809 
-0.260771 -0.260771 
3.62482e-316 3.62482e-316 
1.5381e+08 1.5381e+08 
-1.87474e+06 -1.87474e+06 
1.87615e+06 1.87615e+06 
2.10833e-319 2.10833e-319 2.10833e-319 
1.77595 1.77595 1.77595 
6.94111e-310 6.94111e-310 6.94111e-310 
1.27856 1.27856 1.27856 
0 0 0 
1.03018 1.03018 1.03018 
0.925428 0.925428 0.925428 
0.747985 0.747985 0.747985 
0.672635 0.672635 0.672635 
0.747985 0.747985 0.747985 0.747985 
0.672635 0.672635 0.672635 0.672635 
0.604437 0.604437 0.604437 0.604437 
0.543323 0.543323 0.543323 0.543323 
1.77339 1.77339 1.77339 1.77339 
1.58014 1.58014 1.58014 1.58014 
1.40802 1.40802 1.40802 1.40802 
1.259 1.259 1.259 1.259 
1.12661 1.12661 1.12661 1.12661 
1.00975 1.00975 1.00975 
0.904912 0.904912 0.904912 
0.81188 0.81188 0.81188 
0.727434 0.727434 0.727434 
0.651971 0.651971 0.651971 
0.58352 0.58352 0.58352 
0.52181 0.52181 0.52181 
1.7549 1.7549 1.7549 
1.56067 1.56067 1.56067 
0.878521 0.878521 0.878521 0.878521 
0.786204 0.786204 0.786204 0.786204 
0.702615 0.702615 0.702615 0.702615 
0.627889 0.627889 0.627889 0.627889 
1.74047 1.74047 1.74047 1.74047 
0.561538 0.561538 0.561538 0.561538 
0.502665 0.502665 0.502665 0.502665 
1.54214 1.54214 1.54214 1.54214 
0.865033 0.865033 0.865033 0.865033 
0.773396 0.773396 0.773396 0.773396 0.773396 
1.21151 1.21151 1.21151 1.21151 1.21151 
3.62439e-316 3.62439e-316 3.62439e-316 3.62439e-316 3.62439e-316 
5.92568 5.92568 5.92568 5.92568 5.92568 
0.865033 0.865033 0.865033 0.865033 0.865033 
0.69121 0.69121 0.69121 0.69121 0.69121 
0.618334 0.618334 0.618334 0.618334 0.618334 
0.553402 0.553402 0.553402 0.553402 0.553402 
0.110933 0.110933 0.110933 0.110933 0.110933 
R=7parameters: 
-0.265341 -0.265341 
0.113454 0.113454 
-0.0200769 -0.0200769 
2.89132e+31 2.89132e+31 
-6.38125e+31 -6.38125e+31 
3.62482e-316 3.62482e-316 
1.5381e+08 1.5381e+08 
-1.87474e+06 -1.87474e+06 
1.87615e+06 1.87615e+06 
1.08304e-319 1.08304e-319 1.08304e-319 
1.77117 1.77117 1.77117 
3.6261e-316 3.6261e-316 3.6261e-316 
1.26801 1.26801 1.26801 
3.62479e-316 3.62479e-316 3.62479e-316 
1.01825 1.01825 1.01825 
0.819278 0.819278 0.819278 
0.73602 0.73602 0.73602 
0.660888 0.660888 0.660888 
0.73602 0.73602 0.73602 0.73602 
0.660888 0.660888 0.660888 0.660888 
1.76854 1.76854 1.76854 1.76854 
1.24678 1.24678 1.24678 1.24678 
1.11332 1.11332 1.11332 1.11332 
0.995766 0.995766 0.995766 0.995766 
0.713122 0.713122 0.713122 0.713122 
0.637664 0.637664 0.637664 0.637664 
1.37879 1.37879 1.37879 1.37879 
0.797559 0.797559 0.797559 
0.713122 0.713122 0.713122 
0.637664 0.637664 0.637664 
1.22544 1.22544 1.22544 
1.08849 1.08849 1.08849 
0.968388 0.968388 0.968388 
0.611891 0.611891 0.611891 
1.34626 1.34626 1.34626 
1.19207 1.19207 1.19207 
0.861867 0.861867 0.861867 0.861867 
0.769618 0.769618 0.769618 0.769618 
0.686304 0.686304 0.686304 0.686304 
1.19207 1.19207 1.19207 1.19207 
1.06326 1.06326 1.06326 1.06326 
0.949358 0.949358 0.949358 0.949358 
1.36724 1.36724 1.36724 1.36724 
3.6238e-316 3.6238e-316 3.6238e-316 3.6238e-316 
3.62378e-316 3.62378e-316 3.62378e-316 3.62378e-316 
4.00193e-322 4.00193e-322 4.00193e-322 4.00193e-322 4.00193e-322 
3.62343e-316 3.62343e-316 3.62343e-316 3.62343e-316 3.62343e-316 
3.62429e-316 3.62429e-316 3.62429e-316 3.62429e-316 3.62429e-316 
3.6243e-316 3.6243e-316 3.6243e-316 3.6243e-316 3.6243e-316 
3.62481e-316 3.62481e-316 3.62481e-316 3.62481e-316 3.62481e-316 
0.672664 0.672664 0.672664 0.672664 0.672664 
3.38669e-05 3.38669e-05 3.38669e-05 3.38669e-05 3.38669e-05 
0 0 0 0 0 
2.42092e-322 2.42092e-322 2.42092e-322 2.42092e-322 2.42092e-322 
R=8parameters: 
-0.656863 -0.656863 
0.115581 0.115581 
0.000125874 0.000125874 
0.335415 0.335415 
-0.378515 -0.378515 
3.62482e-316 3.62482e-316 
1.5381e+08 1.5381e+08 
-1.87474e+06 -1.87474e+06 
1.87615e+06 1.87615e+06 
4.58987e-321 4.58987e-321 4.58987e-321 
3.50562e-316 3.50562e-316 3.50562e-316 
6.94111e-310 6.94111e-310 6.94111e-310 
2.47033e-323 2.47033e-323 2.47033e-323 
3.68361e-316 3.68361e-316 3.68361e-316 
1435.04 1435.04 1435.04 
4.94066e-324 4.94066e-324 4.94066e-324 
3.62577e-316 3.62577e-316 3.62577e-316 
8.74496e-322 8.74496e-322 8.74496e-322 
3.62501e-316 3.62501e-316 3.62501e-316 3.62501e-316 
3.62481e-316 3.62481e-316 3.62481e-316 3.62481e-316 
1.58101e-322 1.58101e-322 1.58101e-322 1.58101e-322 
2.37152e-322 2.37152e-322 2.37152e-322 2.37152e-322 
3.62577e-316 3.62577e-316 3.62577e-316 3.62577e-316 
0 0 0 0 
0 0 0 0 
0 0 0 0 
3.95253e-322 3.95253e-322 3.95253e-322 3.95253e-322 
2.37152e-322 2.37152e-322 2.37152e-322 
3.62394e-316 3.62394e-316 3.62394e-316 
3.68362e-316 3.68362e-316 3.68362e-316 
0.318892 0.318892 0.318892 
-0.0405425 -0.0405425 -0.0405425 
6.32404e-322 6.32404e-322 6.32404e-322 
2.37152e-322 2.37152e-322 2.37152e-322 
3.62393e-316 3.62393e-316 3.62393e-316 
-75.8677 -75.8677 -75.8677 
-1462.19 -1462.19 -1462.19 -1462.19 
-3.62676 -3.62676 -3.62676 -3.62676 
1.18576e-321 1.18576e-321 1.18576e-321 1.18576e-321 
3.62483e-316 3.62483e-316 3.62483e-316 3.62483e-316 
139.13 139.13 139.13 139.13 
476.73 476.73 476.73 476.73 
-1881.48 -1881.48 -1881.48 -1881.48 
3.16202e-322 3.16202e-322 3.16202e-322 3.16202e-322 
2.47033e-323 2.47033e-323 2.47033e-323 2.47033e-323 
3.6232e-316 3.6232e-316 3.6232e-316 3.6232e-316 3.6232e-316 
1.42738e+228 1.42738e+228 1.42738e+228 1.42738e+228 1.42738e+228 
0.0001663 0.0001663 0.0001663 0.0001663 0.0001663 
0.0752529 0.0752529 0.0752529 0.0752529 0.0752529 
9.78219e-05 9.78219e-05 9.78219e-05 9.78219e-05 9.78219e-05 
-0.000118993 -0.000118993 -0.000118993 -0.000118993 -0.000118993 
6.37345e-322 6.37345e-322 6.37345e-322 6.37345e-322 6.37345e-322 
61519.3 61519.3 61519.3 61519.3 61519.3 
36174.2 36174.2 36174.2 36174.2 36174.2 
R=9parameters: 
-0.652693 -0.652693 
0.117147 0.117147 
0.000157729 0.000157729 
0.37306 0.37306 
-0.421195 -0.421195 
3.62482e-316 3.62482e-316 
1.5381e+08 1.5381e+08 
-1.87474e+06 -1.87474e+06 
1.87615e+06 1.87615e+06 
1.11511e-320 1.11511e-320 1.11511e-320 
6.94111e-310 6.94111e-310 6.94111e-310 
6.94111e-310 6.94111e-310 6.94111e-310 
3.62479e-316 3.62479e-316 3.62479e-316 
3.62479e-316 3.62479e-316 3.62479e-316 
0.944463 0.944463 0.944463 
0.905295 0.905295 0.905295 
0.593018 0.593018 0.593018 
0.858286 0.858286 0.858286 
0.798401 0.798401 0.798401 0.798401 
0.741824 0.741824 0.741824 0.741824 
0.691877 0.691877 0.691877 0.691877 
0.638591 0.638591 0.638591 0.638591 
0.00541868 0.00541868 0.00541868 0.00541868 
-0.000155487 -0.000155487 -0.000155487 -0.000155487 
-0.00265639 -0.00265639 -0.00265639 -0.00265639 
-0.0351323 -0.0351323 -0.0351323 -0.0351323 
-0.0594146 -0.0594146 -0.0594146 -0.0594146 
-0.113568 -0.113568 -0.113568 
-0.168122 -0.168122 -0.168122 
-0.0944398 -0.0944398 -0.0944398 
-0.15511 -0.15511 -0.15511 
-0.202049 -0.202049 -0.202049 
-0.162363 -0.162363 -0.162363 
-0.187344 -0.187344 -0.187344 
0.00550513 0.00550513 0.00550513 
-0.000236346 -0.000236346 -0.000236346 
-8.24225e-05 -8.24225e-05 -8.24225e-05 -8.24225e-05 
0.232529 0.232529 0.232529 0.232529 
0.141842 0.141842 0.141842 0.141842 
0.0676757 0.0676757 0.0676757 0.0676757 
0.0538228 0.0538228 0.0538228 0.0538228 
0.0348376 0.0348376 0.0348376 0.0348376 
0.0982857 0.0982857 0.0982857 0.0982857 
0.159884 0.159884 0.159884 0.159884 
0.0834834 0.0834834 0.0834834 0.0834834 
0.0490583 0.0490583 0.0490583 0.0490583 0.0490583 
0.00543926 0.00543926 0.00543926 0.00543926 0.00543926 
-0.000223273 -0.000223273 -0.000223273 -0.000223273 -0.000223273 
-6.52547e-05 -6.52547e-05 -6.52547e-05 -6.52547e-05 -6.52547e-05 
0.512485 0.512485 0.512485 0.512485 0.512485 
1.52377 1.52377 1.52377 1.52377 1.52377 
3.49018e-316 3.49018e-316 3.49018e-316 3.49018e-316 3.49018e-316 
6.94105e-310 6.94105e-310 6.94105e-310 6.94105e-310 6.94105e-310 
3.62624e-316 3.62624e-316 3.62624e-316 3.62624e-316 3.62624e-316 
R=10parameters: 
-0.650327 -0.650327 
0.118127 0.118127 
0.000177911 0.000177911 
0.400769 0.400769 
-0.453296 -0.453296 
3.62482e-316 3.62482e-316 
1.5381e+08 1.5381e+08 
-1.87474e+06 -1.87474e+06 
1.87615e+06 1.87615e+06 
5.70004e-320 5.70004e-320 5.70004e-320 
6.94111e-310 6.94111e-310 6.94111e-310 
6.94111e-310 6.94111e-310 6.94111e-310 
1.25261 1.25261 1.25261 
3.62479e-316 3.62479e-316 3.62479e-316 
1.00133 1.00133 1.00133 
0.896236 0.896236 0.896236 
0.719309 0.719309 0.719309 
0.644321 0.644321 0.644321 
0.576344 0.576344 0.576344 0.576344 
0.644321 0.644321 0.644321 0.644321 
0.576344 0.576344 0.576344 0.576344 
1.22833 1.22833 1.22833 1.22833 
1.09343 1.09343 1.09343 1.09343 
0.975339 0.975339 0.975339 0.975339 
0.869843 0.869843 0.869843 0.869843 
0.692391 0.692391 0.692391 0.692391 
0.617171 0.617171 0.617171 0.617171 
0.54916 0.54916 0.54916 
0.777097 0.777097 0.777097 
0.692391 0.692391 0.692391 
1.204 1.204 1.204 
1.06557 1.06557 1.06557 
0.944656 0.944656 0.944656 
0.837792 0.837792 0.837792 
0.663683 0.663683 0.663683 
0.590251 0.590251 0.590251 
0.525634 0.525634 0.525634 0.525634 
0.944656 0.944656 0.944656 0.944656 
0.837792 0.837792 0.837792 0.837792 
1.15972 1.15972 1.15972 1.15972 
1.03035 1.03035 1.03035 1.03035 
0.916362 0.916362 0.916362 0.916362 
0.81248 0.81248 0.81248 0.81248 
0.640782 0.640782 0.640782 0.640782 
0.569921 0.569921 0.569921 0.569921 
0.506976 0.506976 0.506976 0.506976 0.506976 
1.15972 1.15972 1.15972 1.15972 1.15972 
1.03035 1.03035 1.03035 1.03035 1.03035 
1.19018 1.19018 1.19018 1.19018 1.19018 
1.05706 1.05706 1.05706 1.05706 1.05706 
0.934892 0.934892 0.934892 0.934892 0.934892 
1.1077 1.1077 1.1077 1.1077 1.1077 
0.976604 0.976604 0.976604 0.976604 0.976604 
2.42092e-322 2.42092e-322 2.42092e-322 2.42092e-322 2.42092e-322 
R=11parameters: 
-0.649294 -0.649294 
0.118441 0.118441 
0.00019737 0.00019737 
0.41791 0.41791 
-0.472453 -0.472453 
3.62482e-316 3.62482e-316 
1.5381e+08 1.5381e+08 
-1.87474e+06 -1.87474e+06 
1.87615e+06 1.87615e+06 
1.47083e-320 1.47083e-320 1.47083e-320 
6.94111e-310 6.94111e-310 6.94111e-310 
6.94111e-310 6.94111e-310 6.94111e-310 
3.62479e-316 3.62479e-316 3.62479e-316 
3.62479e-316 3.62479e-316 3.62479e-316 
1778.71 1778.71 1778.71 
4.94066e-324 4.94066e-324 4.94066e-324 
0 0 0 
1.11165e-321 1.11165e-321 1.11165e-321 
3.62929e-316 3.62929e-316 3.62929e-316 3.62929e-316 
3.62481e-316 3.62481e-316 3.62481e-316 3.62481e-316 
1.58101e-322 1.58101e-322 1.58101e-322 1.58101e-322 
2.37152e-322 2.37152e-322 2.37152e-322 2.37152e-322 
3.62394e-316 3.62394e-316 3.62394e-316 3.62394e-316 
-0.0150109 -0.0150109 -0.0150109 -0.0150109 
0.00409626 0.00409626 0.00409626 0.00409626 
19.0128 19.0128 19.0128 19.0128 
3.95253e-322 3.95253e-322 3.95253e-322 3.95253e-322 
2.37152e-322 2.37152e-322 2.37152e-322 
3.62572e-316 3.62572e-316 3.62572e-316 
0 0 0 
0 0 0 
0 0 0 
6.32404e-322 6.32404e-322 6.32404e-322 
2.37152e-322 2.37152e-322 2.37152e-322 
3.62394e-316 3.62394e-316 3.62394e-316 
3.62791e-316 3.62791e-316 3.62791e-316 
0.930457 0.930457 0.930457 0.930457 
20.2664 20.2664 20.2664 20.2664 
8.69556e-322 8.69556e-322 8.69556e-322 8.69556e-322 
2.37152e-322 2.37152e-322 2.37152e-322 2.37152e-322 
3.42145e-316 3.42145e-316 3.42145e-316 3.42145e-316 
3.27966e-316 3.27966e-316 3.27966e-316 3.27966e-316 
6.94109e-310 6.94109e-310 6.94109e-310 6.94109e-310 
2.122e-314 2.122e-314 2.122e-314 2.122e-314 
3.62356e-316 3.62356e-316 3.62356e-316 3.62356e-316 
1.63042e-322 1.63042e-322 1.63042e-322 1.63042e-322 1.63042e-322 
6.94109e-310 6.94109e-310 6.94109e-310 6.94109e-310 6.94109e-310 
2.122e-314 2.122e-314 2.122e-314 2.122e-314 2.122e-314 
3.4513e-316 3.4513e-316 3.4513e-316 3.4513e-316 3.4513e-316 
4.00193e-322 4.00193e-322 4.00193e-322 4.00193e-322 4.00193e-322 
3.49313e-316 3.49313e-316 3.49313e-316 3.49313e-316 3.49313e-316 
3.21143e-322 3.21143e-322 3.21143e-322 3.21143e-322 3.21143e-322 
2.47033e-323 2.47033e-323 2.47033e-323 2.47033e-323 2.47033e-323 
3.48977e-316 3.48977e-316 3.48977e-316 3.48977e-316 3.48977e-316 
T Models:
(* Fitting with shape 1 1 1 1 1 1 1 1 1 1 0 0 *)
G[T_,xx_]:=Exp[0+xx[[1]]*T^1+xx[[2]]*T^2]*(1)
(* Fitting with shape 1 1 1 1 1 1 1 1 1 1 1 0 *)
G[T_,xx_]:=Exp[0+xx[[1]]*T^1+xx[[2]]*T^2]*(1)
(* Fitting with shape 1 1 1 1 1 1 1 1 1 1 1 1 *)
G[T_,xx_]:=Exp[0+xx[[1]]*T^1+xx[[2]]*T^2]*(1)
(* Fitting with shape 0 1 1 1 1 1 1 1 1 1 0 0 *)
G[T_,xx_]:=Exp[0+xx[[1]]*T^1+xx[[2]]*T^2]*(1)
(* Fitting with shape 0 1 1 1 1 1 1 1 1 1 1 0 *)
G[T_,xx_]:=Exp[0+xx[[1]]*T^1+xx[[2]]*T^2]*(1)
(* Fitting with shape 0 1 1 1 1 1 1 1 1 1 1 1 *)
G[T_,xx_]:=Exp[0+xx[[1]]*T^1+xx[[2]]*T^2]*(1)
(* Fitting with shape 0 0 1 1 1 1 1 1 1 1 0 0 *)
G[T_,xx_]:=Exp[0+xx[[1]]*T^1+xx[[2]]*T^2]*(1)
(* Fitting with shape 0 0 1 1 1 1 1 1 1 1 1 0 *)
G[T_,xx_]:=Exp[0+xx[[1]]*T^1+xx[[2]]*T^2]*(1)
(* Fitting with shape 0 0 1 1 1 1 1 1 1 1 1 1 *)
G[T_,xx_]:=Exp[0+xx[[1]]*T^1+xx[[2]]*T^2]*(1)
(* Fitting with shape 1 1 1 1 1 1 1 1 1 1 0 0 *)
G[T_,xx_]:=Exp[0+xx[[1]]*T^1+xx[[2]]*T^2]*(1+xx[[3]]/(T^1))
(* Fitting with shape 1 1 1 1 1 1 1 1 1 1 1 0 *)
G[T_,xx_]:=Exp[0+xx[[1]]*T^1+xx[[2]]*T^2]*(1+xx[[3]]/(T^1))
(* Fitting with shape 1 1 1 1 1 1 1 1 1 1 1 1 *)
G[T_,xx_]:=Exp[0+xx[[1]]*T^1+xx[[2]]*T^2]*(1+xx[[3]]/(T^1))
(* Fitting with shape 0 1 1 1 1 1 1 1 1 1 0 0 *)
G[T_,xx_]:=Exp[0+xx[[1]]*T^1+xx[[2]]*T^2]*(1+xx[[3]]/(T^1))
(* Fitting with shape 0 1 1 1 1 1 1 1 1 1 1 0 *)
G[T_,xx_]:=Exp[0+xx[[1]]*T^1+xx[[2]]*T^2]*(1+xx[[3]]/(T^1))
(* Fitting with shape 0 1 1 1 1 1 1 1 1 1 1 1 *)
G[T_,xx_]:=Exp[0+xx[[1]]*T^1+xx[[2]]*T^2]*(1+xx[[3]]/(T^1))
(* Fitting with shape 0 0 1 1 1 1 1 1 1 1 0 0 *)
G[T_,xx_]:=Exp[0+xx[[1]]*T^1+xx[[2]]*T^2]*(1+xx[[3]]/(T^1))
(* Fitting with shape 0 0 1 1 1 1 1 1 1 1 1 0 *)
G[T_,xx_]:=Exp[0+xx[[1]]*T^1+xx[[2]]*T^2]*(1+xx[[3]]/(T^1))
(* Fitting with shape 0 0 1 1 1 1 1 1 1 1 1 1 *)
G[T_,xx_]:=Exp[0+xx[[1]]*T^1+xx[[2]]*T^2]*(1+xx[[3]]/(T^1))
(* Fitting with shape 1 1 1 1 1 1 1 1 1 1 0 0 *)
G[T_,xx_]:=Exp[0+xx[[1]]*T^1+xx[[2]]*T^2]*(1+xx[[3]]/(T^1)+xx[[4]]/(T^2))
(* Fitting with shape 1 1 1 1 1 1 1 1 1 1 1 0 *)
G[T_,xx_]:=Exp[0+xx[[1]]*T^1+xx[[2]]*T^2]*(1+xx[[3]]/(T^1)+xx[[4]]/(T^2))
(* Fitting with shape 1 1 1 1 1 1 1 1 1 1 1 1 *)
G[T_,xx_]:=Exp[0+xx[[1]]*T^1+xx[[2]]*T^2]*(1+xx[[3]]/(T^1)+xx[[4]]/(T^2))
(* Fitting with shape 0 1 1 1 1 1 1 1 1 1 0 0 *)
G[T_,xx_]:=Exp[0+xx[[1]]*T^1+xx[[2]]*T^2]*(1+xx[[3]]/(T^1)+xx[[4]]/(T^2))
(* Fitting with shape 0 1 1 1 1 1 1 1 1 1 1 0 *)
G[T_,xx_]:=Exp[0+xx[[1]]*T^1+xx[[2]]*T^2]*(1+xx[[3]]/(T^1)+xx[[4]]/(T^2))
(* Fitting with shape 0 1 1 1 1 1 1 1 1 1 1 1 *)
G[T_,xx_]:=Exp[0+xx[[1]]*T^1+xx[[2]]*T^2]*(1+xx[[3]]/(T^1)+xx[[4]]/(T^2))
(* Fitting with shape 0 0 1 1 1 1 1 1 1 1 0 0 *)
G[T_,xx_]:=Exp[0+xx[[1]]*T^1+xx[[2]]*T^2]*(1+xx[[3]]/(T^1)+xx[[4]]/(T^2))
(* Fitting with shape 0 0 1 1 1 1 1 1 1 1 1 0 *)
G[T_,xx_]:=Exp[0+xx[[1]]*T^1+xx[[2]]*T^2]*(1+xx[[3]]/(T^1)+xx[[4]]/(T^2))
(* Fitting with shape 0 0 1 1 1 1 1 1 1 1 1 1 *)
G[T_,xx_]:=Exp[0+xx[[1]]*T^1+xx[[2]]*T^2]*(1+xx[[3]]/(T^1)+xx[[4]]/(T^2))
(* Fitting with shape 1 1 1 1 1 1 1 1 1 1 0 0 *)
G[T_,xx_]:=Exp[0+xx[[1]]*T^1+xx[[2]]*T^2+xx[[3]]*T^3]*(1)
(* Fitting with shape 1 1 1 1 1 1 1 1 1 1 1 0 *)
G[T_,xx_]:=Exp[0+xx[[1]]*T^1+xx[[2]]*T^2+xx[[3]]*T^3]*(1)
(* Fitting with shape 1 1 1 1 1 1 1 1 1 1 1 1 *)
G[T_,xx_]:=Exp[0+xx[[1]]*T^1+xx[[2]]*T^2+xx[[3]]*T^3]*(1)
(* Fitting with shape 0 1 1 1 1 1 1 1 1 1 0 0 *)
G[T_,xx_]:=Exp[0+xx[[1]]*T^1+xx[[2]]*T^2+xx[[3]]*T^3]*(1)
(* Fitting with shape 0 1 1 1 1 1 1 1 1 1 1 0 *)
G[T_,xx_]:=Exp[0+xx[[1]]*T^1+xx[[2]]*T^2+xx[[3]]*T^3]*(1)
(* Fitting with shape 0 1 1 1 1 1 1 1 1 1 1 1 *)
G[T_,xx_]:=Exp[0+xx[[1]]*T^1+xx[[2]]*T^2+xx[[3]]*T^3]*(1)
(* Fitting with shape 0 0 1 1 1 1 1 1 1 1 0 0 *)
G[T_,xx_]:=Exp[0+xx[[1]]*T^1+xx[[2]]*T^2+xx[[3]]*T^3]*(1)
(* Fitting with shape 0 0 1 1 1 1 1 1 1 1 1 0 *)
G[T_,xx_]:=Exp[0+xx[[1]]*T^1+xx[[2]]*T^2+xx[[3]]*T^3]*(1)
(* Fitting with shape 0 0 1 1 1 1 1 1 1 1 1 1 *)
G[T_,xx_]:=Exp[0+xx[[1]]*T^1+xx[[2]]*T^2+xx[[3]]*T^3]*(1)
(* Fitting with shape 1 1 1 1 1 1 1 1 1 1 0 0 *)
G[T_,xx_]:=Exp[0+xx[[1]]*T^1+xx[[2]]*T^2+xx[[3]]*T^3]*(1+xx[[4]]/(T^1))
(* Fitting with shape 1 1 1 1 1 1 1 1 1 1 1 0 *)
G[T_,xx_]:=Exp[0+xx[[1]]*T^1+xx[[2]]*T^2+xx[[3]]*T^3]*(1+xx[[4]]/(T^1))
(* Fitting with shape 1 1 1 1 1 1 1 1 1 1 1 1 *)
G[T_,xx_]:=Exp[0+xx[[1]]*T^1+xx[[2]]*T^2+xx[[3]]*T^3]*(1+xx[[4]]/(T^1))
(* Fitting with shape 0 1 1 1 1 1 1 1 1 1 0 0 *)
G[T_,xx_]:=Exp[0+xx[[1]]*T^1+xx[[2]]*T^2+xx[[3]]*T^3]*(1+xx[[4]]/(T^1))
(* Fitting with shape 0 1 1 1 1 1 1 1 1 1 1 0 *)
G[T_,xx_]:=Exp[0+xx[[1]]*T^1+xx[[2]]*T^2+xx[[3]]*T^3]*(1+xx[[4]]/(T^1))
(* Fitting with shape 0 1 1 1 1 1 1 1 1 1 1 1 *)
G[T_,xx_]:=Exp[0+xx[[1]]*T^1+xx[[2]]*T^2+xx[[3]]*T^3]*(1+xx[[4]]/(T^1))
(* Fitting with shape 0 0 1 1 1 1 1 1 1 1 0 0 *)
G[T_,xx_]:=Exp[0+xx[[1]]*T^1+xx[[2]]*T^2+xx[[3]]*T^3]*(1+xx[[4]]/(T^1))
(* Fitting with shape 0 0 1 1 1 1 1 1 1 1 1 0 *)
G[T_,xx_]:=Exp[0+xx[[1]]*T^1+xx[[2]]*T^2+xx[[3]]*T^3]*(1+xx[[4]]/(T^1))
(* Fitting with shape 0 0 1 1 1 1 1 1 1 1 1 1 *)
G[T_,xx_]:=Exp[0+xx[[1]]*T^1+xx[[2]]*T^2+xx[[3]]*T^3]*(1+xx[[4]]/(T^1))
(* Fitting with shape 1 1 1 1 1 1 1 1 1 1 0 0 *)
G[T_,xx_]:=Exp[0+xx[[1]]*T^1+xx[[2]]*T^2+xx[[3]]*T^3]*(1+xx[[4]]/(T^1)+xx[[5]]/(T^2))
(* Fitting with shape 1 1 1 1 1 1 1 1 1 1 1 0 *)
G[T_,xx_]:=Exp[0+xx[[1]]*T^1+xx[[2]]*T^2+xx[[3]]*T^3]*(1+xx[[4]]/(T^1)+xx[[5]]/(T^2))
(* Fitting with shape 1 1 1 1 1 1 1 1 1 1 1 1 *)
G[T_,xx_]:=Exp[0+xx[[1]]*T^1+xx[[2]]*T^2+xx[[3]]*T^3]*(1+xx[[4]]/(T^1)+xx[[5]]/(T^2))
(* Fitting with shape 0 1 1 1 1 1 1 1 1 1 0 0 *)
G[T_,xx_]:=Exp[0+xx[[1]]*T^1+xx[[2]]*T^2+xx[[3]]*T^3]*(1+xx[[4]]/(T^1)+xx[[5]]/(T^2))
(* Fitting with shape 0 1 1 1 1 1 1 1 1 1 1 0 *)
G[T_,xx_]:=Exp[0+xx[[1]]*T^1+xx[[2]]*T^2+xx[[3]]*T^3]*(1+xx[[4]]/(T^1)+xx[[5]]/(T^2))
(* Fitting with shape 0 1 1 1 1 1 1 1 1 1 1 1 *)
G[T_,xx_]:=Exp[0+xx[[1]]*T^1+xx[[2]]*T^2+xx[[3]]*T^3]*(1+xx[[4]]/(T^1)+xx[[5]]/(T^2))
(* Fitting with shape 0 0 1 1 1 1 1 1 1 1 0 0 *)
G[T_,xx_]:=Exp[0+xx[[1]]*T^1+xx[[2]]*T^2+xx[[3]]*T^3]*(1+xx[[4]]/(T^1)+xx[[5]]/(T^2))
(* Fitting with shape 0 0 1 1 1 1 1 1 1 1 1 0 *)
G[T_,xx_]:=Exp[0+xx[[1]]*T^1+xx[[2]]*T^2+xx[[3]]*T^3]*(1+xx[[4]]/(T^1)+xx[[5]]/(T^2))
(* Fitting with shape 0 0 1 1 1 1 1 1 1 1 1 1 *)
G[T_,xx_]:=Exp[0+xx[[1]]*T^1+xx[[2]]*T^2+xx[[3]]*T^3]*(1+xx[[4]]/(T^1)+xx[[5]]/(T^2))
Probabilities: 
         0          0          0          0          0          0          0          0          0          0          0          0          0          0          0          0          0          0          0          0          0          0          0          0          1          0          0          0          0          0          0          0          0          0          0          0          0          0          0          0          0          0          0          0          0          0          0          0          0          0          0          0          0          0
         0          0          0          0          0          0          0          0          0          0          0          0          0          0          0          0          0          0          0          0          0          0          0          0          1          0          0          0          0          0          0          0          0          0          0          0          0          0          0          0          0          0          0          0          0          0          0          0          0          0          0          0          0          0
         0          0          0          0          0          0          0          0          0          0          0          0          0          0          0          0          0          0          0          0          0          0          0          0          0          0          0          0          0          0          0          0          0          0          0          0          0          0          0          0          0          0          1          0          0          0          0          0          0          0          0          0          0          0
         0          0          0          0          0          0          0          0          0          0          0          0          0          0          0          0          0          0          0          0          0          0          0          0   0.542113          0          0          0          0          0          0          0          0          0          0          0          0          0          0          0          0          0   0.242814          0          0          0          0          0          0          0          0   0.215072          0          0
         0          0          0          0          0          0          0          0          0          0          0          0          0          0          0          0          0          0          0          0          0          0          0          0   0.523596          0          0          0          0          0          0          0          0          0          0          0          0          0          0          0          0          0   0.276131          0          0          0          0          0          0          0          0   0.200273          0          0
         0          0          0          0          0          0          0          0          0          0          0          0          0          0          0          0          0          0          0          0          0          0          0          0   0.723843          0          0          0          0          0          0          0          0          0          0          0          0          0          0          0          0          0          0          0          0          0          0          0          0          0          0   0.276157          0          0
         0          0          0          0          0          0          0          0          0          0          0          0          0          0          0          0          0          0          0          0          0          0          0          0          0          0          0          0          0          0          0          0          0          0          0          0          0          0          0          0          0          0   0.663203          0          0          0          0          0          0          0          0   0.336797          0          0
         0          0          0          0          0          0          0          0          0          0          0          0          0          0          0 0.00504501          0          0          0          0          0          0          0          0   0.455478          0          0          0          0          0          0          0          0          0          0          0          0          0          0          0          0          0   0.364657          0          0          0          0          0          0          0          0    0.17482          0          0
         0          0          0          0          0          0          0          0          0          0          0          0          0          0          0  0.0215066          0          0          0          0          0          0          0          0   0.710404          0          0          0          0          0          0          0          0          0          0          0          0          0          0          0          0          0          0          0          0          0          0          0          0          0          0    0.26809          0          0
         0          0          0          0          0          0          0          0          0          0          0          0          0          0          0  0.0206933          0          0          0          0          0          0          0          0    0.43739          0          0          0          0          0          0          0          0          0          0          0          0          0          0          0          0          0   0.375219          0          0          0          0          0          0          0          0   0.166698          0          0
         0          0          0          0          0          0          0          0          0          0          0          0          0          0          0          0          0          0          0          0          0          0          0          0    0.72532          0          0          0          0          0          0          0          0          0          0          0          0          0          0          0          0          0          0          0          0          0          0          0          0          0          0    0.27468          0          0
         0          0          0          0          0          0          0          0          0          0          0          0          0          0          0  0.0292454          0          0          0          0          0          0          0          0   0.510752          0          0          0          0          0          0          0          0          0          0          0          0          0          0          0          0          0   0.460002          0          0          0          0          0          0          0          0          0          0          0

Values: 
 0.0603438  0.0603203  0.0603101  0.0603411   0.060326  0.0603221  0.0602826  0.0602635  0.0602603  0.0601728   0.060157  0.0601555  0.0599658  0.0599482  0.0599469  0.0597865  0.0597676  0.0597677  0.0598396    0.38854  0.0598219  0.0596622  0.0596444  0.0596431  0.0595927   0.656679  0.0595835    1.05665  0.0610432    1.07496    1.10243     1.1061    1.10586   0.982106   0.999974    1.00152    0.96203          1          1  0.0604646   0.833125   0.896616  0.0602561  0.0601658  0.0601135  0.0602878  0.0602042  0.0601618   0.493723   0.059945    3.16453    3.96417    4.62256  0.0596352
  0.082618  0.0825127  0.0825235   0.143099   0.127818  0.0826516   0.234941  0.0826548  0.0826481  0.0826632  0.0825802  0.0825716   0.245571   0.216212   0.217235   0.613072  0.0821891   0.136743  0.0822965  0.0822248  0.0822211  0.0820659   0.082008   0.614797  0.0819419  0.0819134  0.0819311  0.0846464    1.08726    1.10003  0.0845205    1.34778    1.34467  0.0843106    1.02537    1.02476  0.0840811  0.0838726   0.306765    1.05499   0.455338  0.0833131   0.851484  0.0831435   0.990382  0.0832987   0.853204  0.0098489   -1.24845   0.728171   0.943192    1.52231 -0.0651778    5.12001
 0.0931148  0.0928812  0.0928826   0.239338  0.0931608   0.208191  0.0934681   0.386715   0.268997  0.0933518  0.0931814  0.0931537   0.093144   0.196604  0.0929666  0.0928822    0.18328  0.0927284  0.0929186  0.0927923  0.0927715  0.0925746   0.445629  0.0924846   0.549149  0.0923247  0.0923646   0.308053    1.10672    1.11459  0.0963144  0.0959259     1.1959    1.10177    1.02558   0.756205  0.0957011  0.0953895  0.0950454   0.605452   0.868329    1.32898  0.0945454  0.0943329    0.66873   0.738613    0.76293  0.0940215  0.0939109    1.02831  0.0932269   0.710219    5.33717  0.0921075
 0.0995732  0.0991477    0.09912  0.0999782  0.0995832  0.0995195   0.100187   0.350596  0.0997369   0.100061  0.0997493  0.0996827  0.0998518   0.210496   0.225554  0.0995356  0.0993239  0.0992902  0.0995662   0.168011    1.20591  0.0991167   0.407891   0.421308  0.0988164  0.0987436  0.0988213   0.104476     1.2345   0.103051    1.19071    0.10365     1.1906     1.0506    1.05512    1.05486   0.252231    0.10299   0.102469   0.727792    1.10251   0.875261   0.101886   0.101622   0.101045    0.10189   0.101624   0.101106   0.720879   0.100829    0.10002  0.0995314  0.0996828  0.0982794
  0.104455   0.103872    0.10383   0.105024   0.104507    0.10441   0.105301   0.104834   0.104681   0.105159   0.104765   0.104662   0.104915   0.104611   0.104527   0.104534   0.104285   0.104251   0.104565   0.104317   0.170126   0.104006   0.137644   0.122322   0.103619   0.103538   0.707718   0.521486   0.110017   0.978473    1.21692     1.1973    1.32201    1.07664   0.109335    1.00991     0.1094   0.108925   0.108205   0.108275   0.107928   0.107248    0.10753   0.251537    0.62649   0.107537   0.576009    0.59138   -1.25388   0.751296    0.10502     0.1044   0.104635      0.606
  0.108446    0.10757   0.107513   0.109147   0.205795   0.108274    0.10947   0.392271   0.145834   0.109302   0.108741   0.108632   0.109005   0.131101    0.15426   0.108555   0.108216   0.108188   0.108589   0.108248   0.108201   0.226384   0.107681    0.22894   0.107456    0.10732   0.107489     0.1159    1.10126    1.11044    1.13441   0.114764    1.11783    1.03452    1.05684   0.977829   0.114329    0.18265   0.112944   0.112998   0.112654   0.111792   0.693441   0.435141   0.110784   0.564907   0.599172    0.11088   0.110955   0.110767   0.950073   0.108486   0.109009   0.105947
  0.111872   0.110731   0.110686   0.173238   0.111709   0.111606   0.113013   0.112203   0.112043   0.112813   0.162997   0.162887   0.196061   0.230936   0.244337   0.111941   0.111529   0.111514   0.111974   0.111561   0.111526   0.357877   0.110932   0.111025   0.455241   0.110521    0.11076   0.120268     1.1008    1.11075    1.21317    1.27633          1    1.05275    1.05358    1.05377   0.118452   0.117915   0.116791   0.116921   0.926835   0.942775   0.116028   0.115739   0.114288    0.11595   0.593461  -0.114462   0.863082    0.11457   -25.1442   0.112285   0.899621   0.635139
  0.391149   0.113454   0.113422   0.115564   0.274764   0.220323   0.115966   0.330142   0.114962   0.115708    0.11495   0.114879   0.162758    0.11478    0.11473   0.114764   0.114312   0.114319   0.114805   0.114358   0.114339   0.113986   0.113653   0.113786   0.113395   0.113193   0.575533    1.10164     1.1105   0.121299    1.23055    1.13533    0.36165    1.04331     1.0246    1.02478   0.121841   0.965469   0.970649    0.12013   0.969049   0.118377   0.119162    1.20785   0.751247  -0.149212   0.118804   0.706616    1.46557   -19.6132   0.912848   0.115091   0.115786   0.110078
  0.117029   0.115581   0.115553   0.584901   0.116717    0.11665   0.118307   0.117351   0.117228   0.118023   0.143674   0.117126   0.117576   0.284909    0.28667   0.116974   0.469953   0.116516   0.117009   0.116534   0.116525   0.116157   0.115802   0.115968   0.115551   0.115322   0.115697    1.09113    1.10762   0.975073     1.1033    1.10298    1.10212    1.03646    1.04177    1.04094   0.970838   0.123919   0.962303   0.122597   0.122257   0.120633    1.13769    1.02281    0.11921   0.121428   0.121191  -0.103847   0.818682   0.120006   0.156385   0.117051   0.118038   0.111404
  0.118762   0.117147    0.11711   0.119643   0.118326    0.11825   0.120026   0.119011   0.118887   0.119712   0.118795   0.118737   0.318266   0.274082   0.118543   0.118558    0.11804   0.118072   0.118601   0.118092   0.118091    0.35192   0.117317   0.117513   0.117078   0.116812   0.117244   0.128653   0.922597   0.125812    1.10278    1.10264    1.10194    1.02453    1.04587    1.03386   0.969907   0.977406    0.12414   0.124418   0.986651    0.12231   0.123342   0.123168   0.120807   0.123194   0.711684   0.893448   -1.25197   0.121881   0.118231   0.119026   0.120079   0.112402
  0.119817   0.118127   0.118082   0.232354   0.181164   0.176907     0.4268   0.120088   0.119973   0.120776   0.119867   0.119817   0.120226   0.119611   0.297474   0.687302   0.119055   0.119095   0.119604   0.119104   0.119108   0.308842   0.404828   0.118538   0.118071   0.117814   0.118285    1.26321    1.25505    1.27151    1.10185    1.10203    1.10165    1.02492    1.07653    1.32489    1.03992    0.12697   0.870554   0.798794   0.125142    0.74961   0.905409    0.87997   0.121693   0.518986   0.692041   0.894344   -1.25162   0.122812    0.11902   0.119933   0.120916   0.112913
  0.120183   0.118441   0.118396   0.121078   0.272313   0.119657   0.121434   0.120396   0.351947   0.121108   0.160007   0.152339   0.120538   0.119903   0.119879   0.119859   0.119336   0.119367   0.119904   0.119386   0.119384   0.279594   0.118577   0.118785   0.118299   0.118036   0.118516    1.08901    1.10638    1.10678    1.10164    1.10223    1.10131    1.03414    1.03597    1.03452   0.978072   0.864695   0.890685   0.926923   0.125622   0.123643   0.124908   0.124696   0.783066   0.124698   0.700055   0.894101   0.710572   0.123415   0.587263    1.12421    4.38579   0.113111

Errors: 
1.30804e-05 1.28941e-05 1.28617e-05 1.30864e-05 1.29011e-05 1.28696e-05 1.31675e-05  1.2996e-05  1.2966e-05 1.33263e-05 1.31172e-05 1.30605e-05  1.4603e-05 1.44662e-05 1.44143e-05 1.69993e-05 1.68262e-05 1.67384e-05 1.58487e-05 0.000928755 1.56427e-05 1.94842e-05 1.89768e-05 1.88099e-05 2.26912e-05  0.00308209 2.08318e-05           0 1.77052e-05           0           0           0           0           0           0           0 1.62684e-05  0.00136413  0.00127557 2.61029e-05           1           1 4.14478e-05 3.27534e-05 3.08261e-05 3.21477e-05 2.78284e-05 2.64984e-05           1 4.83134e-05           1           1 2.38038e-06  8.0198e-05
3.30338e-05 3.15263e-05 3.12857e-05           0           0 3.18784e-05           0 3.22045e-05 3.19189e-05 3.31459e-05  3.1737e-05 3.16209e-05           0           0           0           0 3.58159e-05           1 3.69183e-05  3.4915e-05 3.45896e-05 4.30433e-05 3.95068e-05           0 5.30701e-05 4.41798e-05 4.23581e-05 6.30515e-05           0           0 6.32918e-05     1.00003           0 6.47361e-05     1.00268   0.0105712 6.72807e-05 5.80657e-05           1     1.00001     1.00001 6.76069e-05     1.00003 9.76521e-05           0 0.000102051     1.19521     1.00001 0.000137527           1           1  0.00277018     1.00278           1
6.44127e-05 6.07012e-05 6.04903e-05           0 6.28674e-05           0 6.68405e-05           0           0  6.6664e-05 6.22561e-05  6.2619e-05 6.73383e-05           0 6.34002e-05 7.22242e-05           1 6.67041e-05 6.95044e-05 6.70995e-05 6.52663e-05 8.37942e-05           0 7.24637e-05           0 9.38484e-05  7.9738e-05           1           0           0 0.000133471 0.000123114           0     1.00066      1.0147     1.00021 0.000143703 0.000128388 0.000127931     1.00002     1.00015  0.00860423  0.00027941 0.000208566           1     1.04077   0.0242906 0.000154808 0.000480267 0.000950322 0.000276758 3.18113e-05     1.00013 0.000542373
 0.00010449 0.000101376 9.65994e-05 0.000109136 0.000102137 0.000101208 0.000110663           0 0.000103663 0.000109033 0.000103078 0.000102096 0.000110224           0           0 0.000116808  0.00010804  0.00010612 0.000115556           0           0 0.000134663           0           0 0.000176629 0.000134001 0.000124173 0.000219249           0 0.000185736           0 0.000201438           0     1.00707       1.007     1.00693           0 0.000208466 0.000189521           1     1.00001     1.00008 0.000452718 0.000344396 0.000282592 0.000367023 0.000294617  0.00025074   0.0130228 0.000562771 0.000458889  0.00180966  0.00127623 0.000929489
0.000156565 0.000142987 0.000141566 0.000162079 0.000153284 0.000149905 0.000165191 0.000155958 0.000153722 0.000162999 0.000154811 0.000154829 0.000166462 0.000143522 0.000153951  0.00016902 0.000160295 0.000156691 0.000169197 0.000158042           0 0.000197471           0           0 0.000265267 0.000202962           0           0 0.000312534           0           0           0           0     1.01999 0.000299828           0 0.000350507 0.000309857 0.000279974 0.000434097 0.000366426 0.000316874 0.000679067     1.00001           1 0.000541299 0.000347754 0.000333879 0.000618206  0.00345966 0.000709366   0.0027062  0.00194926  0.00303987
  0.0002144 0.000195667 0.000193998 0.000225145           0 0.000206894 0.000231442           0     1.00001 0.000227366 0.000212549 0.000210758 0.000227032           0           0 0.000238882 0.000221031 0.000218973 0.000234269 0.000225652 0.000223356           0 0.000236433           0 0.000357837 0.000277037 0.000253334 0.000427021           0           0           0 0.000397958           0     1.01759     1.01356     1.00886 0.000473701           0 0.000377237  0.00058423 0.000490357 0.000426896     1.00001     1.00024 0.000608768 0.000435337  0.00045315 0.000496606  0.00158752  0.00118278     1.00003  0.00365033  0.00266702  0.00190515
0.000285368 0.000250607 0.000249448           1 0.000270031 0.000266168 0.000296218 0.000278697 0.000274114 0.000294693           0           0           0           0           0 0.000317866 0.000282647 0.000277893 0.000303098 0.000280841 0.000277377           0 0.000304571 0.000292377           0 0.000345911 0.000337739 0.000520807           0           0           0           0           0     1.02688     1.02708     1.02718 0.000589549  0.00053091 0.000512389 0.000744594     1.00001     1.00004  0.00114763 0.000904149 0.000742449 0.000926206 0.000573768  0.00100562     1.00002  0.00150683  0.00970391  0.00457445     1.65956         nan
          0 0.000304473 0.000303279 0.000351612           0           0 0.000359479           0 0.000335427 0.000354455 0.000332084 0.000331539           0  0.00033622 0.000333637 0.000371246 0.000344708 0.000342554 0.000367275 0.000337785 0.000337932 0.000426921 0.000367785  0.00034637 0.000548851 0.000423077           0           0           0 0.000551536           0           0     1.00093     1.02607     1.09395     1.06743 0.000705901           0           0 0.000894367     1.00046 0.000632467  0.00137868     1.00021     1.00011 0.000825435 0.000918397  0.00080255   0.0625552    0.522287     0.95988  0.00542941   0.0040885  0.00294394
 0.00039856 0.000359005 0.000358818           0 0.000383777 0.000384431 0.000420057 0.000385266 0.000400683 0.000418181           0 0.000393537 0.000420932           0           0 0.000436653           0 0.000394223 0.000427396 0.000395825 0.000395082 0.000494158 0.000417981 0.000422185 0.000646042 0.000501851 0.000458174           0           0           0           0           0           0     1.03533     1.03251     1.03295           0 0.000729187           0  0.00101045 0.000884921 0.000715323     1.00093     1.00003   0.0010133  0.00127628  0.00106237     106.598     1.00005   0.0021331  0.00455073  0.00612991  0.00464759  0.00338081
0.000446244 0.000387461  0.00040127 0.000464913  0.00047128 0.000428085 0.000480477 0.000454954 0.000441033 0.000463606 0.000435826 0.000435773           0           0 0.000444455 0.000496006 0.000447946 0.000440063 0.000484072 0.000443154 0.000446031           0 0.000476305 0.000461084 0.000711563 0.000540133 0.000490594 0.000772315           0 0.000682856           0           0           0     1.10713     1.03286     1.52922           0           0 0.000697254  0.00110303  0.00212327 0.000801975  0.00178318  0.00138679  0.00112116  0.00139363    0.001065   0.0011128   0.0015553  0.00229814  0.00185369  0.00670419  0.00509152  0.00371949
0.000475283 0.000429319 0.000427862           0           0           0           0 0.000471221 0.000476466 0.000492652 0.000463751 0.000466273 0.000512217 0.000466939           0           0 0.000475257 0.000482698 0.000507432 0.000469677 0.000467398           0           0 0.000490666 0.000741757 0.000606737 0.000535385           0           0           0           0           0           0     1.02458     1.02389     1.01522           0 0.000856038           0           1  0.00102693     1.00072     1.00023     1.00015  0.00115565 0.000854316  0.00106434  0.00110963  0.00152467  0.00247631  0.00196522  0.00704986  0.00537526  0.00396573
0.000487934 0.000437286 0.000442224 0.000504705           0 0.000479564 0.000515445 0.000483978           0 0.000510444           0           0 0.000506973 0.000487356 0.000483064 0.000582973 0.000488253 0.000482338 0.000514852 0.000479371 0.000484079           0 0.000520333 0.000506359 0.000773459 0.000580868  0.00054165           0           0           0           0           0           0     1.18089     1.04557     1.04724           0           0           0     1.00016  0.00102685 0.000844673  0.00186535  0.00147923     1.00005  0.00149075  0.00109168  0.00138076  0.00122869  0.00249086   0.0065112           1     1.00327  0.00404798

Statuses: 
0 0 0 0 0 0 0 0 0 0 0 0 0 0 0 0 0 0 0 3 0 0 0 0 0 3 0 3 0 3 3 3 3 3 3 3 3 3 3 0 3 3 0 0 0 0 0 0 3 0 3 3 3 0
0 0 0 3 3 0 3 0 0 0 0 0 3 3 3 3 0 3 0 0 0 0 0 3 0 0 0 0 3 3 0 3 3 0 3 3 0 0 3 3 3 0 3 0 3 0 3 3 0 3 3 3 3 3
0 0 0 3 0 3 0 3 3 0 0 0 0 3 0 0 3 0 0 0 0 0 3 0 3 0 0 3 3 3 0 0 3 3 3 3 0 0 0 3 3 3 0 0 3 3 3 0 0 3 0 3 3 0
0 0 0 0 0 0 0 3 0 0 0 0 0 3 3 0 0 0 0 3 3 0 3 3 0 0 0 0 3 0 3 0 3 3 3 3 3 0 0 3 3 3 0 0 0 0 0 0 3 0 0 0 0 0
0 0 0 0 0 0 0 0 0 0 0 0 0 0 0 0 0 0 0 0 3 0 3 3 0 0 3 3 0 3 3 3 3 3 0 3 0 0 0 0 0 0 0 3 3 0 3 3 0 3 0 0 0 3
0 0 0 0 3 0 0 3 3 0 0 0 0 3 3 0 0 0 0 0 0 3 0 3 0 0 0 0 3 3 3 0 3 3 3 3 0 3 0 0 0 0 3 3 0 3 3 0 0 0 3 0 0 0
0 0 0 3 0 0 0 0 0 0 3 3 3 3 3 0 0 0 0 0 0 3 0 0 3 0 0 0 3 3 3 3 3 3 3 3 0 0 0 0 3 3 0 0 0 0 3 0 3 0 1 0 3 3
3 0 0 0 3 3 0 3 0 0 0 0 3 0 0 0 0 0 0 0 0 0 0 0 0 0 3 3 3 0 3 3 3 3 3 3 0 3 3 0 3 0 0 3 3 1 0 3 3 0 3 0 0 0
0 0 0 3 0 0 0 0 0 0 3 0 0 3 3 0 3 0 0 0 0 0 0 0 0 0 0 3 3 3 3 3 3 3 3 3 3 0 3 0 0 0 3 3 0 0 0 3 3 0 3 0 0 0
0 0 0 0 0 0 0 0 0 0 0 0 3 3 0 0 0 0 0 0 0 3 0 0 0 0 0 0 3 0 3 3 3 3 3 3 3 3 0 0 3 0 0 0 0 0 3 3 0 0 0 0 0 0
0 0 0 3 3 3 3 0 0 0 0 0 0 0 3 3 0 0 0 0 0 3 3 0 0 0 0 3 3 3 3 3 3 3 3 3 3 0 3 3 0 3 3 3 0 3 3 3 0 0 0 0 0 0
0 0 0 0 3 0 0 0 3 0 3 3 0 0 0 0 0 0 0 0 0 3 0 0 0 0 0 3 3 3 3 3 3 3 3 3 3 3 3 3 0 0 0 0 3 0 3 3 3 0 3 3 3 0
chisq per dof: 
6.71324 6.16739 5.75132 5.17742 4.69706 4.30368 3.98031 3.63587 3.31806 3.20595  2.9698 2.75207  2.1887 2.09547 1.95966  1.8381 1.76753 1.65789 1.99736 95301.8  1.7955 1.85539  1.7304  1.6271 2.00676 78872.1 1.67756  103697 3.78637 87275.3  140486  122926  107616  121596  105189 90432.9  175573  157745  138027 1.88067  136109  122172 2.02761  1.8398 1.72593 2.03658 1.89333 1.79842  203337 2.01314  100266  176213  140546 2.01245
 3.1034  2.9614 2.77175 953.168 620.387 2.41085 2355.59 2.29787 2.13786 2.13721 2.05984 1.94613 2713.48 2104.55    1862 5826.85 1.64663 1588.83 1.80592 1.73414 1.64293 1.82589 1.70152 5742.38 2.00354  1.8041  1.6733 2.05545 8880.52 7988.43 1.85184 11009.7 9821.34 1.73149 9795.52  8404.4 1.79799 1.74372 5651.14 15909.9   10583 1.63622 13982.4 1.81372 9804.96 2.01214 13203.1 1631.49 2794.14 8622.62 13570.4 11944.3 2684.79 9761.02
2.30641 2.26195 2.13579 426.212 2.05485   280.4 1.93253   721.1 465.443 1.83235 1.79335 1.71537 1.66508 394.281 1.55495 1.65948  384.75 1.50203 1.74532 1.66729 1.58834 1.81509 1128.12 1.58828 1461.62 1.80269 1.67101 1094.77  2475.2 2214.81 1.65602 1.61805 2417.58 3025.12 2594.08  1475.4 1.72855 1.64908 1.61072  4296.8 3796.49 3149.66 2.00733 1.80772  2510.1 4001.42 3438.08 1.73532 2.25471 4437.08 1.84417 2204.19 3071.64 2.00489
2.00815 2.00652 1.91013 1.87973 1.88165 1.79957 1.76643 289.514 1.70166 1.72867 1.71297 1.65296 1.61806 136.808 140.835 1.64285 1.56382 1.48606 1.72281 754.743 1114.65 1.81156 416.517 383.608 2.00274 1.80274 1.67156 1.59271 1199.39 1.60021 1379.31 1.54208 1060.49 1342.63 1130.39 969.104 710.163 1.61927 1.57362 957.315 1593.82  1454.8 2.00555 1.80542 1.68259 2.00514 1.83934 1.73072 1677.21 2.00337 1.84323 2.66997  2.2525 2.00539
1.83121 1.83018 1.75032 1.73178 1.72775 1.65888 1.65723 1.64874 1.59529  1.6535 1.62771  1.5726   1.589 1.53865 1.48169 1.63309 1.54572 1.46874 1.70956 1.62558 444.203 1.80953 31.0409 16.6625 2.00294 1.80269 311.455 294.177  1.5005 686.411 886.546  763.31 656.504 732.227 1.53337  525.25 1.69389 1.60415 1.55575 1.80698 1.67509 1.59204 2.00517 80.7356 574.375 2.00463 875.328 742.627 96.6793 1083.32 1.84273  2.6704 2.25283 675.945
1.72233 1.73742 1.66759 1.64332 25.5378 1.59119 1.58949 109.604 11.0362 1.60875 1.58726 1.53451 1.57081 9.98012 21.3236 1.62674 1.53867 1.46218 1.70106 1.61673 1.54142 56.0526 1.67744 46.2754 2.00309 1.80296 1.67219 1.50853 421.471 350.741 591.838 1.48268  444.53 460.343 383.987 329.326 1.68796 253.954 1.54379 1.80574  1.6729 1.58865 522.774 405.856  1.6797 647.066  552.04 1.72656 2.25386 2.00313 593.913 2.67061 2.25303 2.00572
1.64383 1.66071  1.5968   14.89 1.58573 1.52869 1.53897 1.53211 1.48322 1.57524 79.4748 71.3826 23.0999 26.1637 28.1384 1.62177 1.53183 1.45594 1.69409   1.608 1.53278 70.9785 1.67602 1.58077 135.487 1.80294 1.67309 1.49179 273.772 242.861 338.056 315.953  338.77 323.523 269.774 231.384 1.68402 1.59076 1.53891 1.80463 407.673 349.706 2.00407 1.80346 1.67948  2.0034 387.155 28.5506 597.717 2.00284 270.183 2.67059 222.361 154.428
49.4771 1.59733 1.53904 1.53365 29.7382 15.3562 1.50174 36.1893 1.44101 1.55188 1.52209 1.46993 8.75325 1.48854 1.43049 1.61802 1.52645 1.45126 1.68884 1.60133 1.52641 1.80636 1.67493 1.58055 2.00329 1.80306 88.4379 247.451  217.37 1.44103 262.227 198.014 60.9081 248.108 206.952 177.531 1.68159 274.353 233.327 1.80437 302.722 1.58685 2.00407 183.053 201.212 23.3805 1.83634 270.909 283.838 248.604 160.662 2.67085  2.2532 2.00705
1.55225 1.56428  1.5091 85.5532 1.50879 1.45715 1.48192 1.46656 1.42068 1.53878 15.8541  1.4563 1.53882 21.5492 21.7624 1.61524 45.2118 1.44781 1.68535 1.59662 1.52209 1.80562 1.67388 1.58014 2.00332 1.80308 1.67457 219.168 180.566 231.134 268.862 231.211 202.444 202.819 169.225 145.194 263.926 1.58609 190.781 1.80429 1.67073 1.58627 190.952 132.529 1.67944 2.00337 1.83627 16.2534 397.107 2.00293 255.198 2.67098 2.25332 2.00729
1.52673  1.5424 1.48961 1.48855 1.49216 1.44218 1.46814 1.45177 1.40635 1.52933 1.49904 1.44776  38.884 16.7157 1.41753 1.61402 1.52077 1.44664 1.68369 1.59444 1.52014 33.2067 1.67366 1.58025 2.00337 1.80316 1.67501 1.46926 146.185  1.4234 235.436 202.806 177.548 175.597 146.574 125.802 226.337 195.551 1.53254 1.80396 198.425 1.58599  2.0039 1.80315 1.67949 2.00318 230.512 253.399  17.922 2.00285 1.84344 2.67099 2.25332 2.00771
1.51132 1.52733 1.47662 10.1853 5.15585 4.58777 34.7442  1.4402 1.39607 1.52273    1.49 1.43939  1.5326  1.4712 18.4096 62.9852 1.51867 1.44498 1.68229 1.59214 1.51813 23.9761  41.364 1.57994 2.00336 1.80306 1.67508 181.503 164.922 145.628 215.854 186.319 163.107 161.032 134.455 103.588 237.461  1.5842  142.44 103.793  1.6703 163.757  113.77 155.849 1.67911 241.346 211.351 234.687 16.3654 2.00285 1.84319 2.67101 2.25332 2.00761
1.50933 1.52856 1.47864  1.4754 13.3165 1.43147 1.46017 1.44288 30.4629  1.5234 13.8746 12.0346  1.5334 1.47256 1.41505 1.61355 1.51954 1.44562 1.68291 1.59305 1.51892 22.9408 1.67342 1.58017 2.00344 1.80315 1.67523 169.044 141.374 126.409 210.176 181.682 159.048 157.549 131.764 113.105 209.707 170.169 139.533 247.729  1.6701 1.58561  2.0038 1.80309 127.825 2.00307 210.936 227.938  262.49 2.00283 197.977 196.986 154.626 2.00786
Mode averaged potential and errors: 
  0.0595927 2.26912e-05
  0.0819419 5.30701e-05
  0.0945454  0.00027941
  0.0997155  0.00153641
   0.104855  0.00210914
    0.10774  0.00199609
   0.114767         nan
   0.115801  0.00358221
   0.115984   0.0032915
   0.119784  0.00412203
   0.118582   0.0038395
   0.121385  0.00354358
R Models:
(* Fitting with shape 1 1 1 1 1 1 1 1 0 0 0 0 *)
G[R_,xx_]:=xx[[0]] + xx[[1]]/R | xx[[2]]*R
(* Fitting with shape 1 1 1 1 1 1 1 1 1 0 0 0 *)
G[R_,xx_]:=xx[[0]] + xx[[1]]/R | xx[[2]]*R
(* Fitting with shape 1 1 1 1 1 1 1 1 1 1 0 0 *)
G[R_,xx_]:=xx[[0]] + xx[[1]]/R | xx[[2]]*R
(* Fitting with shape 1 1 1 1 1 1 1 1 1 1 1 0 *)
G[R_,xx_]:=xx[[0]] + xx[[1]]/R | xx[[2]]*R
(* Fitting with shape 1 1 1 1 1 1 1 1 1 1 1 1 *)
G[R_,xx_]:=xx[[0]] + xx[[1]]/R | xx[[2]]*R
(* Fitting with shape 0 1 1 1 1 1 1 1 0 0 0 0 *)
G[R_,xx_]:=xx[[0]] + xx[[1]]/R | xx[[2]]*R
(* Fitting with shape 0 1 1 1 1 1 1 1 1 0 0 0 *)
G[R_,xx_]:=xx[[0]] + xx[[1]]/R | xx[[2]]*R
(* Fitting with shape 0 1 1 1 1 1 1 1 1 1 0 0 *)
G[R_,xx_]:=xx[[0]] + xx[[1]]/R | xx[[2]]*R
(* Fitting with shape 0 1 1 1 1 1 1 1 1 1 1 0 *)
G[R_,xx_]:=xx[[0]] + xx[[1]]/R | xx[[2]]*R
(* Fitting with shape 0 1 1 1 1 1 1 1 1 1 1 1 *)
G[R_,xx_]:=xx[[0]] + xx[[1]]/R | xx[[2]]*R
(* Fitting with shape 0 0 1 1 1 1 1 1 0 0 0 0 *)
G[R_,xx_]:=xx[[0]] + xx[[1]]/R | xx[[2]]*R
(* Fitting with shape 0 0 1 1 1 1 1 1 1 0 0 0 *)
G[R_,xx_]:=xx[[0]] + xx[[1]]/R | xx[[2]]*R
(* Fitting with shape 0 0 1 1 1 1 1 1 1 1 0 0 *)
G[R_,xx_]:=xx[[0]] + xx[[1]]/R | xx[[2]]*R
(* Fitting with shape 0 0 1 1 1 1 1 1 1 1 1 0 *)
G[R_,xx_]:=xx[[0]] + xx[[1]]/R | xx[[2]]*R
(* Fitting with shape 0 0 1 1 1 1 1 1 1 1 1 1 *)
G[R_,xx_]:=xx[[0]] + xx[[1]]/R | xx[[2]]*R
(* Fitting with shape 0 0 0 1 1 1 1 1 0 0 0 0 *)
G[R_,xx_]:=xx[[0]] + xx[[1]]/R | xx[[2]]*R
(* Fitting with shape 0 0 0 1 1 1 1 1 1 0 0 0 *)
G[R_,xx_]:=xx[[0]] + xx[[1]]/R | xx[[2]]*R
(* Fitting with shape 0 0 0 1 1 1 1 1 1 1 0 0 *)
G[R_,xx_]:=xx[[0]] + xx[[1]]/R | xx[[2]]*R
(* Fitting with shape 0 0 0 1 1 1 1 1 1 1 1 0 *)
G[R_,xx_]:=xx[[0]] + xx[[1]]/R | xx[[2]]*R
(* Fitting with shape 0 0 0 1 1 1 1 1 1 1 1 1 *)
G[R_,xx_]:=xx[[0]] + xx[[1]]/R | xx[[2]]*R
1 1 1 
1 1 1 
1 1 1 
0.425943 0.425943 0.425943 
-0.482539 -0.482539 -0.482539 
3.62482e-316 3.62482e-316 3.62482e-316 
1.5381e+08 1.5381e+08 1.5381e+08 
-1.87474e+06 -1.87474e+06 -1.87474e+06 
1.87615e+06 1.87615e+06 1.87615e+06 
6.2692e-320 6.2692e-320 6.2692e-320 
6.94111e-310 6.94111e-310 6.94111e-310 
6.94111e-310 6.94111e-310 6.94111e-310 
3.62479e-316 3.62479e-316 3.62479e-316 
3.62479e-316 3.62479e-316 3.62479e-316 
30556.2 30556.2 30556.2 
2.42092e-322 2.42092e-322 2.42092e-322 
3.6127e-316 3.6127e-316 3.6127e-316 
3.50548e-316 3.50548e-316 3.50548e-316 
0 0 0 
0 0 0 
4.74303e-322 4.74303e-322 4.74303e-322 
3.16202e-322 3.16202e-322 3.16202e-322 
3.62645e-316 3.62645e-316 3.62645e-316 
3.50547e-316 3.50547e-316 3.50547e-316 
2.47033e-323 2.47033e-323 2.47033e-323 
3.43883e-316 3.43883e-316 3.43883e-316 
-863772 -863772 -863772 
3.62415e-316 3.62415e-316 3.62415e-316 
7.90505e-322 7.90505e-322 7.90505e-322 
6.32404e-322 6.32404e-322 6.32404e-322 
3.62337e-316 3.62337e-316 3.62337e-316 
-1.3568e-07 -1.3568e-07 -1.3568e-07 
5.23967e-06 5.23967e-06 5.23967e-06 
-3.94623e-08 -3.94623e-08 -3.94623e-08 
3.73048e-06 3.73048e-06 3.73048e-06 
2.96102e-06 2.96102e-06 2.96102e-06 
2.40486e-06 2.40486e-06 2.40486e-06 
1.67461e-05 1.67461e-05 1.67461e-05 
1.2674e-05 1.2674e-05 1.2674e-05 
0.000110652 0.000110652 0.000110652 
7.73412e-06 7.73412e-06 7.73412e-06 
0.000196236 0.000196236 0.000196236 
0.000151549 0.000151549 0.000151549 
0.000535334 0.000535334 0.000535334 
0.00831524 0.00831524 0.00831524 
6.12691e-320 6.12691e-320 6.12691e-320 
3.42455e-316 3.42455e-316 3.42455e-316 
3.50573e-316 3.50573e-316 3.50573e-316 
0 0 0 
0 0 0 
2.37152e-322 2.37152e-322 2.37152e-322 
3.16202e-322 3.16202e-322 3.16202e-322 
3.50839e-316 3.50839e-316 3.50839e-316 
3.48977e-316 3.48977e-316 3.48977e-316 
Probabilities: 
nan nan nan nan nan nan nan nan nan nan nan nan nan nan nan nan nan nan nan nan nan nan nan nan nan nan nan nan nan nan nan nan nan nan nan nan nan nan nan nan nan nan nan nan nan nan nan nan nan nan nan nan nan nan

String tensions: 
1 1 1 1 1 1 1 1 1 1 1 1 1 1 1 1 1 1 1 1 1 1 1 1 1 1 1 1 1 1 1 1 1 1 1 1 1 1 1 1 1 1 1 1 1 1 1 1 1 1 1 1 1 1

Errors: 
 nan  nan  nan  nan  nan  nan  nan  nan  nan  nan  nan  nan  nan  nan  nan  nan  nan  nan  nan  nan  nan  nan  nan  nan  nan  nan  nan -nan -nan -nan -nan -nan -nan -nan -nan -nan -nan -nan -nan -nan -nan -nan -nan -nan -nan -nan -nan -nan -nan -nan -nan -nan -nan -nan

Statuses: 
3 3 3 3 3 3 3 3 3 3 3 3 3 3 3 3 3 3 3 3 3 3 3 3 3 3 3 3 3 3 3 3 3 3 3 3 3 3 3 3 3 3 3 3 3 3 3 3 3 3 3 3 3 3
chisq per dof: 
nan nan nan nan nan nan nan nan nan nan nan nan nan nan nan nan nan nan nan nan nan nan nan nan nan nan nan nan nan nan nan nan nan nan nan nan nan nan nan nan nan nan nan nan nan nan nan nan nan nan nan nan nan nan
Model string tension and errors: 
sigma = nan +/- nan
