R=0parameters: 
-0.69274 -0.69274 
0.0787455 0.0787455 
1.1762e-10 1.1762e-10 
3.21143e-322 3.21143e-322 
9.88131e-324 9.88131e-324 
3.1667e-316 3.1667e-316 
7 7 
3.07987e-316 3.07987e-316 
2.71408e+07 2.71408e+07 
2.54094e+266 2.54094e+266 2.54094e+266 
2.52017e+266 2.52017e+266 2.52017e+266 
3.21143e-322 3.21143e-322 3.21143e-322 
2.54116e-08 2.54116e-08 2.54116e-08 
-1.14819e-09 -1.14819e-09 -1.14819e-09 
2.07314e-10 2.07314e-10 2.07314e-10 
3.09078e-08 3.09078e-08 3.09078e-08 
-2.32092e-09 -2.32092e-09 -2.32092e-09 
4.11609e-08 4.11609e-08 4.11609e-08 
2.52913e+266 2.52913e+266 2.52913e+266 2.52913e+266 
2.42092e-322 2.42092e-322 2.42092e-322 2.42092e-322 
1 1 1 1 
2.71585e-05 2.71585e-05 2.71585e-05 2.71585e-05 
0.000842806 0.000842806 0.000842806 0.000842806 
0.000890795 0.000890795 0.000890795 0.000890795 
3.18259e-316 3.18259e-316 3.18259e-316 3.18259e-316 
4.79244e-322 4.79244e-322 4.79244e-322 4.79244e-322 
-341.235 -341.235 -341.235 -341.235 
1.1829 1.1829 1.1829 
263554 263554 263554 
0 0 0 
-6.81203e-09 -6.81203e-09 -6.81203e-09 
1.14921 1.14921 1.14921 
3.04041e+180 3.04041e+180 3.04041e+180 
8.78418e+247 8.78418e+247 8.78418e+247 
0 0 0 
1.67772e+07 1.67772e+07 1.67772e+07 
0 0 0 0 
5.58294e-322 5.58294e-322 5.58294e-322 5.58294e-322 
3.10648e-316 3.10648e-316 3.10648e-316 3.10648e-316 
-1.62427e-304 -1.62427e-304 -1.62427e-304 -1.62427e-304 
1.74175e+199 1.74175e+199 1.74175e+199 1.74175e+199 
7.31668e+223 7.31668e+223 7.31668e+223 7.31668e+223 
1 1 1 1 
2.44141e-152 2.44141e-152 2.44141e-152 2.44141e-152 
1 1 1 1 
0.932358 0.932358 0.932358 0.932358 0.932358 
0 0 0 0 0 
4.77362e+07 4.77362e+07 4.77362e+07 4.77362e+07 4.77362e+07 
6.11923e+06 6.11923e+06 6.11923e+06 6.11923e+06 6.11923e+06 
2.42092e-322 2.42092e-322 2.42092e-322 2.42092e-322 2.42092e-322 
0.000593242 0.000593242 0.000593242 0.000593242 0.000593242 
6.14384e-10 6.14384e-10 6.14384e-10 6.14384e-10 6.14384e-10 
-2.39873e-08 -2.39873e-08 -2.39873e-08 -2.39873e-08 -2.39873e-08 
0 0 0 0 0 
R=1parameters: 
-0.37182 -0.37182 
0.108539 0.108539 
-0.0321193 -0.0321193 
-3.37182 -3.37182 
3.71111 3.71111 
5.03038e+175 5.03038e+175 
3.5936e+246 3.5936e+246 
2.14726e+243 2.14726e+243 
1.15105 1.15105 
4.00193e-322 4.00193e-322 4.00193e-322 
3.15744e-316 3.15744e-316 3.15744e-316 
3.17329e-316 3.17329e-316 3.17329e-316 
3.18187e-316 3.18187e-316 3.18187e-316 
-3.37182 -3.37182 -3.37182 
3.18144e-316 3.18144e-316 3.18144e-316 
0.458229 0.458229 0.458229 
6.93107e-310 6.93107e-310 6.93107e-310 
3.12055e-316 3.12055e-316 3.12055e-316 
2.47033e-323 2.47033e-323 2.47033e-323 2.47033e-323 
3.18073e-316 3.18073e-316 3.18073e-316 3.18073e-316 
1649.86 1649.86 1649.86 1649.86 
3.17828e-316 3.17828e-316 3.17828e-316 3.17828e-316 
0.151264 0.151264 0.151264 0.151264 
-4.53343e-08 -4.53343e-08 -4.53343e-08 -4.53343e-08 
2.81631e-08 2.81631e-08 2.81631e-08 2.81631e-08 
3.87344e-06 3.87344e-06 3.87344e-06 3.87344e-06 
-1.93098e-07 -1.93098e-07 -1.93098e-07 -1.93098e-07 
1.86193e-05 1.86193e-05 1.86193e-05 
-5.59822e-06 -5.59822e-06 -5.59822e-06 
3.29592e-316 3.29592e-316 3.29592e-316 
1.2751 1.2751 1.2751 
3.17268e-316 3.17268e-316 3.17268e-316 
3.16777e-316 3.16777e-316 3.16777e-316 
-nan -nan -nan 
0.115519 0.115519 0.115519 
-nan -nan -nan 
-nan -nan -nan -nan 
2.42092e-322 2.42092e-322 2.42092e-322 2.42092e-322 
2.122e-314 2.122e-314 2.122e-314 2.122e-314 
6.36599e-314 6.36599e-314 6.36599e-314 6.36599e-314 
1.4854e-313 1.4854e-313 1.4854e-313 1.4854e-313 
1.6976e-313 1.6976e-313 1.6976e-313 1.6976e-313 
1.2732e-313 1.2732e-313 1.2732e-313 1.2732e-313 
2.42092e-322 2.42092e-322 2.42092e-322 2.42092e-322 
6.93107e-310 6.93107e-310 6.93107e-310 6.93107e-310 
3.29721e-316 3.29721e-316 3.29721e-316 3.29721e-316 3.29721e-316 
2.47033e-323 2.47033e-323 2.47033e-323 2.47033e-323 2.47033e-323 
3.29729e-316 3.29729e-316 3.29729e-316 3.29729e-316 3.29729e-316 
0.00530399 0.00530399 0.00530399 0.00530399 0.00530399 
3.17639e-316 3.17639e-316 3.17639e-316 3.17639e-316 3.17639e-316 
3.23796e-319 3.23796e-319 3.23796e-319 3.23796e-319 3.23796e-319 
71543.2 71543.2 71543.2 71543.2 71543.2 
0 0 0 0 0 
-8814.57 -8814.57 -8814.57 -8814.57 -8814.57 
R=2parameters: 
-0.703696 -0.703696 
0.122763 0.122763 
0.00432364 0.00432364 
41.5457 41.5457 
-47.4308 -47.4308 
5.03038e+175 5.03038e+175 
3.5936e+246 3.5936e+246 
2.14726e+243 2.14726e+243 
1.15105 1.15105 
2.42092e-322 2.42092e-322 2.42092e-322 
0.000217929 0.000217929 0.000217929 
3.10621e-316 3.10621e-316 3.10621e-316 
-324031 -324031 -324031 
0 0 0 
0 0 0 
2.42092e-322 2.42092e-322 2.42092e-322 
3.16332e-316 3.16332e-316 3.16332e-316 
0.000279985 0.000279985 0.000279985 
0 0 0 0 
3.16274e-316 3.16274e-316 3.16274e-316 3.16274e-316 
-247906 -247906 -247906 -247906 
-399750 -399750 -399750 -399750 
0 0 0 0 
2.42092e-322 2.42092e-322 2.42092e-322 2.42092e-322 
1.21902e-08 1.21902e-08 1.21902e-08 1.21902e-08 
6.73635e-07 6.73635e-07 6.73635e-07 6.73635e-07 
-4.07275e-07 -4.07275e-07 -4.07275e-07 -4.07275e-07 
9.88078e-06 9.88078e-06 9.88078e-06 
5.26329e-07 5.26329e-07 5.26329e-07 
4.28442e-07 4.28442e-07 4.28442e-07 
-2.11171e-05 -2.11171e-05 -2.11171e-05 
6.5199e-05 6.5199e-05 6.5199e-05 
0 0 0 
0 0 0 
0 0 0 
0 0 0 
-47.4308 -47.4308 -47.4308 -47.4308 
2.42092e-322 2.42092e-322 2.42092e-322 2.42092e-322 
2.122e-314 2.122e-314 2.122e-314 2.122e-314 
6.36599e-314 6.36599e-314 6.36599e-314 6.36599e-314 
1.4854e-313 1.4854e-313 1.4854e-313 1.4854e-313 
1.6976e-313 1.6976e-313 1.6976e-313 1.6976e-313 
1.2732e-313 1.2732e-313 1.2732e-313 1.2732e-313 
6.40803e-321 6.40803e-321 6.40803e-321 6.40803e-321 
6.93118e-310 6.93118e-310 6.93118e-310 6.93118e-310 
6.93118e-310 6.93118e-310 6.93118e-310 6.93118e-310 6.93118e-310 
3.29593e-316 3.29593e-316 3.29593e-316 3.29593e-316 3.29593e-316 
-18274 -18274 -18274 -18274 -18274 
-6.54098e-07 -6.54098e-07 -6.54098e-07 -6.54098e-07 -6.54098e-07 
1.12483e-07 1.12483e-07 1.12483e-07 1.12483e-07 1.12483e-07 
-1.46372e-05 -1.46372e-05 -1.46372e-05 -1.46372e-05 -1.46372e-05 
2.42092e-322 2.42092e-322 2.42092e-322 2.42092e-322 2.42092e-322 
3.29563e-316 3.29563e-316 3.29563e-316 3.29563e-316 3.29563e-316 
-2.1376e+06 -2.1376e+06 -2.1376e+06 -2.1376e+06 -2.1376e+06 
R=3parameters: 
-0.680461 -0.680461 
0.13177 0.13177 
-5.90087e-05 -5.90087e-05 
0.0610319 0.0610319 
-0.0385258 -0.0385258 
5.03038e+175 5.03038e+175 
3.5936e+246 3.5936e+246 
2.14726e+243 2.14726e+243 
1.15105 1.15105 
1.11165e-321 1.11165e-321 1.11165e-321 
6.93118e-310 6.93118e-310 6.93118e-310 
6.93118e-310 6.93118e-310 6.93118e-310 
3.17318e-316 3.17318e-316 3.17318e-316 
0.0610319 0.0610319 0.0610319 
3.16301e-316 3.16301e-316 3.16301e-316 
3.2957e-316 3.2957e-316 3.2957e-316 
0.00315325 0.00315325 0.00315325 
2.122e-314 2.122e-314 2.122e-314 
3.18185e-316 3.18185e-316 3.18185e-316 3.18185e-316 
4.00193e-322 4.00193e-322 4.00193e-322 4.00193e-322 
3.18185e-316 3.18185e-316 3.18185e-316 3.18185e-316 
3.18144e-316 3.18144e-316 3.18144e-316 3.18144e-316 
3.14028e-316 3.14028e-316 3.14028e-316 3.14028e-316 
3.15748e-316 3.15748e-316 3.15748e-316 3.15748e-316 
3.0877e-316 3.0877e-316 3.0877e-316 3.0877e-316 
3.1079e-316 3.1079e-316 3.1079e-316 3.1079e-316 
6266.22 6266.22 6266.22 6266.22 
75.1412 75.1412 75.1412 
-4094.17 -4094.17 -4094.17 
1 1 1 
0.732741 0.732741 0.732741 
-0.269848 -0.269848 -0.269848 
0.624718 0.624718 0.624718 
0 0 0 
0 0 0 
0 0 0 
1.10671e-321 1.10671e-321 1.10671e-321 1.10671e-321 
2.42092e-322 2.42092e-322 2.42092e-322 2.42092e-322 
2.122e-314 2.122e-314 2.122e-314 2.122e-314 
6.36599e-314 6.36599e-314 6.36599e-314 6.36599e-314 
1.4854e-313 1.4854e-313 1.4854e-313 1.4854e-313 
1.6976e-313 1.6976e-313 1.6976e-313 1.6976e-313 
1.2732e-313 1.2732e-313 1.2732e-313 1.2732e-313 
6.40803e-321 6.40803e-321 6.40803e-321 6.40803e-321 
6.93107e-310 6.93107e-310 6.93107e-310 6.93107e-310 
3.29722e-316 3.29722e-316 3.29722e-316 3.29722e-316 3.29722e-316 
2.47033e-323 2.47033e-323 2.47033e-323 2.47033e-323 2.47033e-323 
0 0 0 0 0 
470605 470605 470605 470605 470605 
3.29619e-316 3.29619e-316 3.29619e-316 3.29619e-316 3.29619e-316 
3.23796e-319 3.23796e-319 3.23796e-319 3.23796e-319 3.23796e-319 
1.63042e-322 1.63042e-322 1.63042e-322 1.63042e-322 1.63042e-322 
6.68448e-05 6.68448e-05 6.68448e-05 6.68448e-05 6.68448e-05 
1.63042e-322 1.63042e-322 1.63042e-322 1.63042e-322 1.63042e-322 
R=4parameters: 
-0.671189 -0.671189 
0.138604 0.138604 
-8.04764e-05 -8.04764e-05 
0.0995425 0.0995425 
-0.0734677 -0.0734677 
5.03038e+175 5.03038e+175 
3.5936e+246 3.5936e+246 
2.14726e+243 2.14726e+243 
1.15105 1.15105 
1.11165e-321 1.11165e-321 1.11165e-321 
3.29831e-316 3.29831e-316 3.29831e-316 
6.93118e-310 6.93118e-310 6.93118e-310 
3.29803e-316 3.29803e-316 3.29803e-316 
3.29792e-316 3.29792e-316 3.29792e-316 
3.17855e-316 3.17855e-316 3.17855e-316 
3.1821e-316 3.1821e-316 3.1821e-316 
0.0384018 0.0384018 0.0384018 
0.0356896 0.0356896 0.0356896 
3.29914e-316 3.29914e-316 3.29914e-316 3.29914e-316 
3.21143e-322 3.21143e-322 3.21143e-322 3.21143e-322 
2.47033e-323 2.47033e-323 2.47033e-323 2.47033e-323 
3.13019e-316 3.13019e-316 3.13019e-316 3.13019e-316 
1.061e-313 1.061e-313 1.061e-313 1.061e-313 
3.18271e-316 3.18271e-316 3.18271e-316 3.18271e-316 
193305 193305 193305 193305 
3.15712e-316 3.15712e-316 3.15712e-316 3.15712e-316 
6.93107e-310 6.93107e-310 6.93107e-310 6.93107e-310 
3.12026e-316 3.12026e-316 3.12026e-316 
2.47033e-323 2.47033e-323 2.47033e-323 
3.29592e-316 3.29592e-316 3.29592e-316 
3.07833e-316 3.07833e-316 3.07833e-316 
3.17353e-316 3.17353e-316 3.17353e-316 
3.17737e-316 3.17737e-316 3.17737e-316 
3.16278e-316 3.16278e-316 3.16278e-316 
1.70998 1.70998 1.70998 
-3678.39 -3678.39 -3678.39 
1.10671e-321 1.10671e-321 1.10671e-321 1.10671e-321 
2.37152e-322 2.37152e-322 2.37152e-322 2.37152e-322 
2.122e-314 2.122e-314 2.122e-314 2.122e-314 
6.36599e-314 6.36599e-314 6.36599e-314 6.36599e-314 
1.4854e-313 1.4854e-313 1.4854e-313 1.4854e-313 
1.6976e-313 1.6976e-313 1.6976e-313 1.6976e-313 
1.2732e-313 1.2732e-313 1.2732e-313 1.2732e-313 
6.40803e-321 6.40803e-321 6.40803e-321 6.40803e-321 
6.93118e-310 6.93118e-310 6.93118e-310 6.93118e-310 
6.93118e-310 6.93118e-310 6.93118e-310 6.93118e-310 6.93118e-310 
3.29593e-316 3.29593e-316 3.29593e-316 3.29593e-316 3.29593e-316 
3.29593e-316 3.29593e-316 3.29593e-316 3.29593e-316 3.29593e-316 
0.00243088 0.00243088 0.00243088 0.00243088 0.00243088 
0.141106 0.141106 0.141106 0.141106 0.141106 
0 0 0 0 0 
0 0 0 0 0 
-5.68831e+06 -5.68831e+06 -5.68831e+06 -5.68831e+06 -5.68831e+06 
-768119 -768119 -768119 -768119 -768119 
R=5parameters: 
-0.661747 -0.661747 
0.14439 0.14439 
-0.000118838 -0.000118838 
0.120331 0.120331 
-0.0852429 -0.0852429 
5.03038e+175 5.03038e+175 
3.5936e+246 3.5936e+246 
2.14726e+243 2.14726e+243 
1.15105 1.15105 
1.11165e-321 1.11165e-321 1.11165e-321 
6.93118e-310 6.93118e-310 6.93118e-310 
6.93118e-310 6.93118e-310 6.93118e-310 
-0.0351354 -0.0351354 -0.0351354 
-3.39922 -3.39922 -3.39922 
2.37152e-322 2.37152e-322 2.37152e-322 
0.0540186 0.0540186 0.0540186 
0.0492622 0.0492622 0.0492622 
0.0454118 0.0454118 0.0454118 
3.29656e-316 3.29656e-316 3.29656e-316 3.29656e-316 
2.42092e-322 2.42092e-322 2.42092e-322 2.42092e-322 
1 1 1 1 
1 1 1 1 
1 1 1 1 
1 1 1 1 
-0.0852429 -0.0852429 -0.0852429 -0.0852429 
4.79244e-322 4.79244e-322 4.79244e-322 4.79244e-322 
8.04635e-320 8.04635e-320 8.04635e-320 8.04635e-320 
6.93118e-310 6.93118e-310 6.93118e-310 
103.777 103.777 103.777 
-375.271 -375.271 -375.271 
-nan -nan -nan 
-nan -nan -nan 
-nan -nan -nan 
-nan -nan -nan 
-nan -nan -nan 
0 0 0 
0 0 0 0 
2.37152e-322 2.37152e-322 2.37152e-322 2.37152e-322 
2.122e-314 2.122e-314 2.122e-314 2.122e-314 
6.36599e-314 6.36599e-314 6.36599e-314 6.36599e-314 
1.4854e-313 1.4854e-313 1.4854e-313 1.4854e-313 
1.6976e-313 1.6976e-313 1.6976e-313 1.6976e-313 
1.2732e-313 1.2732e-313 1.2732e-313 1.2732e-313 
4.00193e-322 4.00193e-322 4.00193e-322 4.00193e-322 
9862.09 9862.09 9862.09 9862.09 
3.32191 3.32191 3.32191 3.32191 3.32191 
3.29593e-316 3.29593e-316 3.29593e-316 3.29593e-316 3.29593e-316 
3.29593e-316 3.29593e-316 3.29593e-316 3.29593e-316 3.29593e-316 
2.22402e-316 2.22402e-316 2.22402e-316 2.22402e-316 2.22402e-316 
-0.153262 -0.153262 -0.153262 -0.153262 -0.153262 
-0.718036 -0.718036 -0.718036 -0.718036 -0.718036 
-996.901 -996.901 -996.901 -996.901 -996.901 
0 0 0 0 0 
22.0333 22.0333 22.0333 22.0333 22.0333 
R=6parameters: 
-0.651045 -0.651045 
0.149339 0.149339 
-0.000134019 -0.000134019 
0.155213 0.155213 
-0.115503 -0.115503 
5.03038e+175 5.03038e+175 
3.5936e+246 3.5936e+246 
2.14726e+243 2.14726e+243 
1.15105 1.15105 
2.42092e-322 2.42092e-322 2.42092e-322 
103722 103722 103722 
0 0 0 
0.5 0.5 0.5 
0.0740112 0.0740112 0.0740112 
-0.115503 -0.115503 -0.115503 
1.63042e-322 1.63042e-322 1.63042e-322 
6.93116e-310 6.93116e-310 6.93116e-310 
2.122e-314 2.122e-314 2.122e-314 
3.11792e-316 3.11792e-316 3.11792e-316 3.11792e-316 
3.16202e-322 3.16202e-322 3.16202e-322 3.16202e-322 
3.17366e-316 3.17366e-316 3.17366e-316 3.17366e-316 
3.12026e-316 3.12026e-316 3.12026e-316 3.12026e-316 
0 0 0 0 
0 0 0 0 
1.67772e+07 1.67772e+07 1.67772e+07 1.67772e+07 
2.42092e-322 2.42092e-322 2.42092e-322 2.42092e-322 
-0.839778 -0.839778 -0.839778 -0.839778 
0.983703 0.983703 0.983703 
1.04149 1.04149 1.04149 
1.08737 1.08737 1.08737 
-619.27 -619.27 -619.27 
0 0 0 
1.061e-313 1.061e-313 1.061e-313 
3.15712e-316 3.15712e-316 3.15712e-316 
0 0 0 
0 0 0 
1.10671e-321 1.10671e-321 1.10671e-321 1.10671e-321 
2.37152e-322 2.37152e-322 2.37152e-322 2.37152e-322 
2.122e-314 2.122e-314 2.122e-314 2.122e-314 
6.36599e-314 6.36599e-314 6.36599e-314 6.36599e-314 
1.4854e-313 1.4854e-313 1.4854e-313 1.4854e-313 
1.6976e-313 1.6976e-313 1.6976e-313 1.6976e-313 
1.2732e-313 1.2732e-313 1.2732e-313 1.2732e-313 
4.00193e-322 4.00193e-322 4.00193e-322 4.00193e-322 
3.29586e-316 3.29586e-316 3.29586e-316 3.29586e-316 
3.29585e-316 3.29585e-316 3.29585e-316 3.29585e-316 3.29585e-316 
3.29593e-316 3.29593e-316 3.29593e-316 3.29593e-316 3.29593e-316 
3.29593e-316 3.29593e-316 3.29593e-316 3.29593e-316 3.29593e-316 
-3.45109e-08 -3.45109e-08 -3.45109e-08 -3.45109e-08 -3.45109e-08 
0.000225135 0.000225135 0.000225135 0.000225135 0.000225135 
0 0 0 0 0 
3.2973e-316 3.2973e-316 3.2973e-316 3.2973e-316 3.2973e-316 
3.29731e-316 3.29731e-316 3.29731e-316 3.29731e-316 3.29731e-316 
1.63042e-322 1.63042e-322 1.63042e-322 1.63042e-322 1.63042e-322 
R=7parameters: 
-0.640764 -0.640764 
0.153852 0.153852 
0.0747426 0.0747426 
-3.29048 -3.29048 
1.60265 1.60265 
5.03038e+175 5.03038e+175 
3.5936e+246 3.5936e+246 
2.14726e+243 2.14726e+243 
1.15105 1.15105 
1.11165e-321 1.11165e-321 1.11165e-321 
3.29565e-316 3.29565e-316 3.29565e-316 
-1.62427e-304 -1.62427e-304 -1.62427e-304 
0.0608111 0.0608111 0.0608111 
1.02161e-28 1.02161e-28 1.02161e-28 
2.0349e+174 2.0349e+174 2.0349e+174 
2.5048e+262 2.5048e+262 2.5048e+262 
4.76894e+180 4.76894e+180 4.76894e+180 
8.94419e+218 8.94419e+218 8.94419e+218 
9.2799e+242 9.2799e+242 9.2799e+242 9.2799e+242 
9.69724e+189 9.69724e+189 9.69724e+189 9.69724e+189 
0.361868 0.361868 0.361868 0.361868 
0.314342 0.314342 0.314342 0.314342 
5.53354e-322 5.53354e-322 5.53354e-322 5.53354e-322 
5.58294e-322 5.58294e-322 5.58294e-322 5.58294e-322 
2.0583e-316 2.0583e-316 2.0583e-316 2.0583e-316 
-1.62427e-304 -1.62427e-304 -1.62427e-304 -1.62427e-304 
1.86017e+280 1.86017e+280 1.86017e+280 1.86017e+280 
2.19993e-152 2.19993e-152 2.19993e-152 
5.28965e+180 5.28965e+180 5.28965e+180 
0.00105841 0.00105841 0.00105841 
0.000263857 0.000263857 0.000263857 
6.21186e-05 6.21186e-05 6.21186e-05 
1.38107e-05 1.38107e-05 1.38107e-05 
3.12027e-316 3.12027e-316 3.12027e-316 
5.74941e-07 5.74941e-07 5.74941e-07 
1.07656e-07 1.07656e-07 1.07656e-07 
1.10671e-321 1.10671e-321 1.10671e-321 1.10671e-321 
2.42092e-322 2.42092e-322 2.42092e-322 2.42092e-322 
2.122e-314 2.122e-314 2.122e-314 2.122e-314 
6.36599e-314 6.36599e-314 6.36599e-314 6.36599e-314 
1.4854e-313 1.4854e-313 1.4854e-313 1.4854e-313 
1.6976e-313 1.6976e-313 1.6976e-313 1.6976e-313 
1.2732e-313 1.2732e-313 1.2732e-313 1.2732e-313 
2.42092e-322 2.42092e-322 2.42092e-322 2.42092e-322 
6.93116e-310 6.93116e-310 6.93116e-310 6.93116e-310 
0 0 0 0 0 
3.17668e-316 3.17668e-316 3.17668e-316 3.17668e-316 3.17668e-316 
1.63042e-322 1.63042e-322 1.63042e-322 1.63042e-322 1.63042e-322 
3.12419e-316 3.12419e-316 3.12419e-316 3.12419e-316 3.12419e-316 
3.12418e-316 3.12418e-316 3.12418e-316 3.12418e-316 3.12418e-316 
3.16202e-322 3.16202e-322 3.16202e-322 3.16202e-322 3.16202e-322 
-1.57751e-05 -1.57751e-05 -1.57751e-05 -1.57751e-05 -1.57751e-05 
-1985.44 -1985.44 -1985.44 -1985.44 -1985.44 
3.21143e-322 3.21143e-322 3.21143e-322 3.21143e-322 3.21143e-322 
R=8parameters: 
-0.631691 -0.631691 
0.1577 0.1577 
0.0539084 0.0539084 
11.4965 11.4965 
-24.0902 -24.0902 
5.03038e+175 5.03038e+175 
3.5936e+246 3.5936e+246 
2.14726e+243 2.14726e+243 
1.15105 1.15105 
2.42092e-322 2.42092e-322 2.42092e-322 
6.64893e-05 6.64893e-05 6.64893e-05 
3.10555e-316 3.10555e-316 3.10555e-316 
-3234.44 -3234.44 -3234.44 
11.4965 11.4965 11.4965 
0 0 0 
6.37345e-322 6.37345e-322 6.37345e-322 
3.14051e-316 3.14051e-316 3.14051e-316 
0 0 0 
6.28216e-07 6.28216e-07 6.28216e-07 6.28216e-07 
5.96046e-08 5.96046e-08 5.96046e-08 5.96046e-08 
3.11253e-316 3.11253e-316 3.11253e-316 3.11253e-316 
3.18183e-316 3.18183e-316 3.18183e-316 3.18183e-316 
2.47033e-323 2.47033e-323 2.47033e-323 2.47033e-323 
3.16171e-316 3.16171e-316 3.16171e-316 3.16171e-316 
4577.87 4577.87 4577.87 4577.87 
3.1602e-316 3.1602e-316 3.1602e-316 3.1602e-316 
3.23796e-319 3.23796e-319 3.23796e-319 3.23796e-319 
2.42092e-322 2.42092e-322 2.42092e-322 
3.16581e-316 3.16581e-316 3.16581e-316 
3.14247e-316 3.14247e-316 3.14247e-316 
0.000181855 0.000181855 0.000181855 
0.000435418 0.000435418 0.000435418 
198.517 198.517 198.517 
3.1617e-316 3.1617e-316 3.1617e-316 
0.0283615 0.0283615 0.0283615 
752.646 752.646 752.646 
-1509.06 -1509.06 -1509.06 -1509.06 
2.37152e-322 2.37152e-322 2.37152e-322 2.37152e-322 
2.122e-314 2.122e-314 2.122e-314 2.122e-314 
6.36599e-314 6.36599e-314 6.36599e-314 6.36599e-314 
1.4854e-313 1.4854e-313 1.4854e-313 1.4854e-313 
1.6976e-313 1.6976e-313 1.6976e-313 1.6976e-313 
1.2732e-313 1.2732e-313 1.2732e-313 1.2732e-313 
1.63042e-322 1.63042e-322 1.63042e-322 1.63042e-322 
1.061e-313 1.061e-313 1.061e-313 1.061e-313 
3.17819e-316 3.17819e-316 3.17819e-316 3.17819e-316 3.17819e-316 
4.01107e-13 4.01107e-13 4.01107e-13 4.01107e-13 4.01107e-13 
7.31668e+223 7.31668e+223 7.31668e+223 7.31668e+223 7.31668e+223 
3.33806e-28 3.33806e-28 3.33806e-28 3.33806e-28 3.33806e-28 
6.84977e+180 6.84977e+180 6.84977e+180 6.84977e+180 6.84977e+180 
4.6156e+281 4.6156e+281 4.6156e+281 4.6156e+281 4.6156e+281 
1 1 1 1 1 
3.62474e+228 3.62474e+228 3.62474e+228 3.62474e+228 3.62474e+228 
1 1 1 1 1 
R=9parameters: 
-0.624461 -0.624461 
0.160532 0.160532 
-0.000203103 -0.000203103 
0.206974 0.206974 
-0.153742 -0.153742 
5.03038e+175 5.03038e+175 
3.5936e+246 3.5936e+246 
2.14726e+243 2.14726e+243 
1.15105 1.15105 
1.11165e-321 1.11165e-321 1.11165e-321 
6.93118e-310 6.93118e-310 6.93118e-310 
3.1065e-316 3.1065e-316 3.1065e-316 
185521 185521 185521 
-220025 -220025 -220025 
2.37152e-322 2.37152e-322 2.37152e-322 
3.21143e-322 3.21143e-322 3.21143e-322 
3.29565e-316 3.29565e-316 3.29565e-316 
3.29592e-316 3.29592e-316 3.29592e-316 
0 0 0 0 
908.731 908.731 908.731 908.731 
-0.153742 -0.153742 -0.153742 -0.153742 
2.42092e-322 2.42092e-322 2.42092e-322 2.42092e-322 
34397.3 34397.3 34397.3 34397.3 
-3481.58 -3481.58 -3481.58 -3481.58 
0 0 0 0 
3.21143e-322 3.21143e-322 3.21143e-322 3.21143e-322 
515.485 515.485 515.485 515.485 
-1118.2 -1118.2 -1118.2 
0 0 0 
1 1 1 
0 0 0 
2.42092e-322 2.42092e-322 2.42092e-322 
-139.815 -139.815 -139.815 
-118.048 -118.048 -118.048 
248.591 248.591 248.591 
4.94066e-324 4.94066e-324 4.94066e-324 
-0.153742 -0.153742 -0.153742 -0.153742 
2.42092e-322 2.42092e-322 2.42092e-322 2.42092e-322 
2.122e-314 2.122e-314 2.122e-314 2.122e-314 
6.36599e-314 6.36599e-314 6.36599e-314 6.36599e-314 
1.4854e-313 1.4854e-313 1.4854e-313 1.4854e-313 
1.6976e-313 1.6976e-313 1.6976e-313 1.6976e-313 
1.2732e-313 1.2732e-313 1.2732e-313 1.2732e-313 
2.42092e-322 2.42092e-322 2.42092e-322 2.42092e-322 
9.01603e-05 9.01603e-05 9.01603e-05 9.01603e-05 
-6.19662e-06 -6.19662e-06 -6.19662e-06 -6.19662e-06 -6.19662e-06 
3.29691e-316 3.29691e-316 3.29691e-316 3.29691e-316 3.29691e-316 
3.29691e-316 3.29691e-316 3.29691e-316 3.29691e-316 3.29691e-316 
-0.119494 -0.119494 -0.119494 -0.119494 -0.119494 
2.42092e-322 2.42092e-322 2.42092e-322 2.42092e-322 2.42092e-322 
1.061e-313 1.061e-313 1.061e-313 1.061e-313 1.061e-313 
11649.2 11649.2 11649.2 11649.2 11649.2 
142208 142208 142208 142208 142208 
0.867607 0.867607 0.867607 0.867607 0.867607 
R=10parameters: 
-0.620222 -0.620222 
0.162628 0.162628 
0.288586 0.288586 
2.00295 2.00295 
-14.8553 -14.8553 
5.03038e+175 5.03038e+175 
3.5936e+246 3.5936e+246 
2.14726e+243 2.14726e+243 
1.15105 1.15105 
1.63042e-322 1.63042e-322 1.63042e-322 
6.93116e-310 6.93116e-310 6.93116e-310 
3.12418e-316 3.12418e-316 3.12418e-316 
1.58101e-322 1.58101e-322 1.58101e-322 
4.00193e-322 4.00193e-322 4.00193e-322 
3.18092e-316 3.18092e-316 3.18092e-316 
-1.62427e-304 -1.62427e-304 -1.62427e-304 
3.11973e-316 3.11973e-316 3.11973e-316 
3.16778e-316 3.16778e-316 3.16778e-316 
3.18072e-316 3.18072e-316 3.18072e-316 3.18072e-316 
3.16778e-316 3.16778e-316 3.16778e-316 3.16778e-316 
649.042 649.042 649.042 649.042 
1.04742e-321 1.04742e-321 1.04742e-321 1.04742e-321 
3.16202e-322 3.16202e-322 3.16202e-322 3.16202e-322 
2.42092e-322 2.42092e-322 2.42092e-322 2.42092e-322 
1.67772e+07 1.67772e+07 1.67772e+07 1.67772e+07 
3.21143e-322 3.21143e-322 3.21143e-322 3.21143e-322 
3.11603e-316 3.11603e-316 3.11603e-316 3.11603e-316 
3.12026e-316 3.12026e-316 3.12026e-316 
3.23796e-319 3.23796e-319 3.23796e-319 
3.21143e-322 3.21143e-322 3.21143e-322 
2.47033e-323 2.47033e-323 2.47033e-323 
3.16098e-316 3.16098e-316 3.16098e-316 
-0.00367999 -0.00367999 -0.00367999 
3.16098e-316 3.16098e-316 3.16098e-316 
-14.8553 -14.8553 -14.8553 
3.16098e-316 3.16098e-316 3.16098e-316 
4.74303e-322 4.74303e-322 4.74303e-322 4.74303e-322 
2.42092e-322 2.42092e-322 2.42092e-322 2.42092e-322 
2.122e-314 2.122e-314 2.122e-314 2.122e-314 
6.36599e-314 6.36599e-314 6.36599e-314 6.36599e-314 
1.4854e-313 1.4854e-313 1.4854e-313 1.4854e-313 
1.6976e-313 1.6976e-313 1.6976e-313 1.6976e-313 
1.2732e-313 1.2732e-313 1.2732e-313 1.2732e-313 
6.40803e-321 6.40803e-321 6.40803e-321 6.40803e-321 
6.93107e-310 6.93107e-310 6.93107e-310 6.93107e-310 
3.29735e-316 3.29735e-316 3.29735e-316 3.29735e-316 3.29735e-316 
3.29593e-316 3.29593e-316 3.29593e-316 3.29593e-316 3.29593e-316 
3.29593e-316 3.29593e-316 3.29593e-316 3.29593e-316 3.29593e-316 
0.830279 0.830279 0.830279 0.830279 0.830279 
2.9519e-316 2.9519e-316 2.9519e-316 2.9519e-316 2.9519e-316 
3.1735e-316 3.1735e-316 3.1735e-316 3.1735e-316 3.1735e-316 
-733.209 -733.209 -733.209 -733.209 -733.209 
3.29595e-316 3.29595e-316 3.29595e-316 3.29595e-316 3.29595e-316 
3.16258e-316 3.16258e-316 3.16258e-316 3.16258e-316 3.16258e-316 
R=11parameters: 
-0.619039 -0.619039 
0.163024 0.163024 
-0.000205593 -0.000205593 
0.212922 0.212922 
-0.149664 -0.149664 
5.03038e+175 5.03038e+175 
3.5936e+246 3.5936e+246 
2.14726e+243 2.14726e+243 
1.15105 1.15105 
1.11165e-321 1.11165e-321 1.11165e-321 
6.93118e-310 6.93118e-310 6.93118e-310 
6.93118e-310 6.93118e-310 6.93118e-310 
4.84419e-07 4.84419e-07 4.84419e-07 
1.1474e-05 1.1474e-05 1.1474e-05 
-1.387e-06 -1.387e-06 -1.387e-06 
0.000155206 0.000155206 0.000155206 
0 0 0 
0 0 0 
-2.86442e-05 -2.86442e-05 -2.86442e-05 -2.86442e-05 
0.000161724 0.000161724 0.000161724 0.000161724 
0 0 0 0 
0 0 0 0 
0 0 0 0 
0 0 0 0 
1.67772e+07 1.67772e+07 1.67772e+07 1.67772e+07 
2.42092e-322 2.42092e-322 2.42092e-322 2.42092e-322 
0.000101114 0.000101114 0.000101114 0.000101114 
2.29757e-05 2.29757e-05 2.29757e-05 
4.98209e+08 4.98209e+08 4.98209e+08 
0 0 0 
-nan -nan -nan 
-nan -nan -nan 
-nan -nan -nan 
-664.979 -664.979 -664.979 
0 0 0 
0 0 0 
4.74303e-322 4.74303e-322 4.74303e-322 4.74303e-322 
2.42092e-322 2.42092e-322 2.42092e-322 2.42092e-322 
2.122e-314 2.122e-314 2.122e-314 2.122e-314 
6.36599e-314 6.36599e-314 6.36599e-314 6.36599e-314 
1.4854e-313 1.4854e-313 1.4854e-313 1.4854e-313 
1.6976e-313 1.6976e-313 1.6976e-313 1.6976e-313 
1.2732e-313 1.2732e-313 1.2732e-313 1.2732e-313 
2.42092e-322 2.42092e-322 2.42092e-322 2.42092e-322 
-3.39056 -3.39056 -3.39056 -3.39056 
3.29693e-316 3.29693e-316 3.29693e-316 3.29693e-316 3.29693e-316 
0 0 0 0 0 
0 0 0 0 0 
-1038.71 -1038.71 -1038.71 -1038.71 -1038.71 
2.42092e-322 2.42092e-322 2.42092e-322 2.42092e-322 2.42092e-322 
6.93116e-310 6.93116e-310 6.93116e-310 6.93116e-310 6.93116e-310 
2.122e-314 2.122e-314 2.122e-314 2.122e-314 2.122e-314 
3.95253e-322 3.95253e-322 3.95253e-322 3.95253e-322 3.95253e-322 
3.95253e-322 3.95253e-322 3.95253e-322 3.95253e-322 3.95253e-322 
T Models:
(* Fitting with shape 1 1 1 1 1 1 1 1 1 1 0 0 *)
G[T_,xx_]:=Exp[0+xx[[1]]*T^1+xx[[2]]*T^2]*(1)
(* Fitting with shape 1 1 1 1 1 1 1 1 1 1 1 0 *)
G[T_,xx_]:=Exp[0+xx[[1]]*T^1+xx[[2]]*T^2]*(1)
(* Fitting with shape 1 1 1 1 1 1 1 1 1 1 1 1 *)
G[T_,xx_]:=Exp[0+xx[[1]]*T^1+xx[[2]]*T^2]*(1)
(* Fitting with shape 0 1 1 1 1 1 1 1 1 1 0 0 *)
G[T_,xx_]:=Exp[0+xx[[1]]*T^1+xx[[2]]*T^2]*(1)
(* Fitting with shape 0 1 1 1 1 1 1 1 1 1 1 0 *)
G[T_,xx_]:=Exp[0+xx[[1]]*T^1+xx[[2]]*T^2]*(1)
(* Fitting with shape 0 1 1 1 1 1 1 1 1 1 1 1 *)
G[T_,xx_]:=Exp[0+xx[[1]]*T^1+xx[[2]]*T^2]*(1)
(* Fitting with shape 0 0 1 1 1 1 1 1 1 1 0 0 *)
G[T_,xx_]:=Exp[0+xx[[1]]*T^1+xx[[2]]*T^2]*(1)
(* Fitting with shape 0 0 1 1 1 1 1 1 1 1 1 0 *)
G[T_,xx_]:=Exp[0+xx[[1]]*T^1+xx[[2]]*T^2]*(1)
(* Fitting with shape 0 0 1 1 1 1 1 1 1 1 1 1 *)
G[T_,xx_]:=Exp[0+xx[[1]]*T^1+xx[[2]]*T^2]*(1)
(* Fitting with shape 1 1 1 1 1 1 1 1 1 1 0 0 *)
G[T_,xx_]:=Exp[0+xx[[1]]*T^1+xx[[2]]*T^2]*(1+xx[[3]]/(T^1))
(* Fitting with shape 1 1 1 1 1 1 1 1 1 1 1 0 *)
G[T_,xx_]:=Exp[0+xx[[1]]*T^1+xx[[2]]*T^2]*(1+xx[[3]]/(T^1))
(* Fitting with shape 1 1 1 1 1 1 1 1 1 1 1 1 *)
G[T_,xx_]:=Exp[0+xx[[1]]*T^1+xx[[2]]*T^2]*(1+xx[[3]]/(T^1))
(* Fitting with shape 0 1 1 1 1 1 1 1 1 1 0 0 *)
G[T_,xx_]:=Exp[0+xx[[1]]*T^1+xx[[2]]*T^2]*(1+xx[[3]]/(T^1))
(* Fitting with shape 0 1 1 1 1 1 1 1 1 1 1 0 *)
G[T_,xx_]:=Exp[0+xx[[1]]*T^1+xx[[2]]*T^2]*(1+xx[[3]]/(T^1))
(* Fitting with shape 0 1 1 1 1 1 1 1 1 1 1 1 *)
G[T_,xx_]:=Exp[0+xx[[1]]*T^1+xx[[2]]*T^2]*(1+xx[[3]]/(T^1))
(* Fitting with shape 0 0 1 1 1 1 1 1 1 1 0 0 *)
G[T_,xx_]:=Exp[0+xx[[1]]*T^1+xx[[2]]*T^2]*(1+xx[[3]]/(T^1))
(* Fitting with shape 0 0 1 1 1 1 1 1 1 1 1 0 *)
G[T_,xx_]:=Exp[0+xx[[1]]*T^1+xx[[2]]*T^2]*(1+xx[[3]]/(T^1))
(* Fitting with shape 0 0 1 1 1 1 1 1 1 1 1 1 *)
G[T_,xx_]:=Exp[0+xx[[1]]*T^1+xx[[2]]*T^2]*(1+xx[[3]]/(T^1))
(* Fitting with shape 1 1 1 1 1 1 1 1 1 1 0 0 *)
G[T_,xx_]:=Exp[0+xx[[1]]*T^1+xx[[2]]*T^2]*(1+xx[[3]]/(T^1)+xx[[4]]/(T^2))
(* Fitting with shape 1 1 1 1 1 1 1 1 1 1 1 0 *)
G[T_,xx_]:=Exp[0+xx[[1]]*T^1+xx[[2]]*T^2]*(1+xx[[3]]/(T^1)+xx[[4]]/(T^2))
(* Fitting with shape 1 1 1 1 1 1 1 1 1 1 1 1 *)
G[T_,xx_]:=Exp[0+xx[[1]]*T^1+xx[[2]]*T^2]*(1+xx[[3]]/(T^1)+xx[[4]]/(T^2))
(* Fitting with shape 0 1 1 1 1 1 1 1 1 1 0 0 *)
G[T_,xx_]:=Exp[0+xx[[1]]*T^1+xx[[2]]*T^2]*(1+xx[[3]]/(T^1)+xx[[4]]/(T^2))
(* Fitting with shape 0 1 1 1 1 1 1 1 1 1 1 0 *)
G[T_,xx_]:=Exp[0+xx[[1]]*T^1+xx[[2]]*T^2]*(1+xx[[3]]/(T^1)+xx[[4]]/(T^2))
(* Fitting with shape 0 1 1 1 1 1 1 1 1 1 1 1 *)
G[T_,xx_]:=Exp[0+xx[[1]]*T^1+xx[[2]]*T^2]*(1+xx[[3]]/(T^1)+xx[[4]]/(T^2))
(* Fitting with shape 0 0 1 1 1 1 1 1 1 1 0 0 *)
G[T_,xx_]:=Exp[0+xx[[1]]*T^1+xx[[2]]*T^2]*(1+xx[[3]]/(T^1)+xx[[4]]/(T^2))
(* Fitting with shape 0 0 1 1 1 1 1 1 1 1 1 0 *)
G[T_,xx_]:=Exp[0+xx[[1]]*T^1+xx[[2]]*T^2]*(1+xx[[3]]/(T^1)+xx[[4]]/(T^2))
(* Fitting with shape 0 0 1 1 1 1 1 1 1 1 1 1 *)
G[T_,xx_]:=Exp[0+xx[[1]]*T^1+xx[[2]]*T^2]*(1+xx[[3]]/(T^1)+xx[[4]]/(T^2))
(* Fitting with shape 1 1 1 1 1 1 1 1 1 1 0 0 *)
G[T_,xx_]:=Exp[0+xx[[1]]*T^1+xx[[2]]*T^2+xx[[3]]*T^3]*(1)
(* Fitting with shape 1 1 1 1 1 1 1 1 1 1 1 0 *)
G[T_,xx_]:=Exp[0+xx[[1]]*T^1+xx[[2]]*T^2+xx[[3]]*T^3]*(1)
(* Fitting with shape 1 1 1 1 1 1 1 1 1 1 1 1 *)
G[T_,xx_]:=Exp[0+xx[[1]]*T^1+xx[[2]]*T^2+xx[[3]]*T^3]*(1)
(* Fitting with shape 0 1 1 1 1 1 1 1 1 1 0 0 *)
G[T_,xx_]:=Exp[0+xx[[1]]*T^1+xx[[2]]*T^2+xx[[3]]*T^3]*(1)
(* Fitting with shape 0 1 1 1 1 1 1 1 1 1 1 0 *)
G[T_,xx_]:=Exp[0+xx[[1]]*T^1+xx[[2]]*T^2+xx[[3]]*T^3]*(1)
(* Fitting with shape 0 1 1 1 1 1 1 1 1 1 1 1 *)
G[T_,xx_]:=Exp[0+xx[[1]]*T^1+xx[[2]]*T^2+xx[[3]]*T^3]*(1)
(* Fitting with shape 0 0 1 1 1 1 1 1 1 1 0 0 *)
G[T_,xx_]:=Exp[0+xx[[1]]*T^1+xx[[2]]*T^2+xx[[3]]*T^3]*(1)
(* Fitting with shape 0 0 1 1 1 1 1 1 1 1 1 0 *)
G[T_,xx_]:=Exp[0+xx[[1]]*T^1+xx[[2]]*T^2+xx[[3]]*T^3]*(1)
(* Fitting with shape 0 0 1 1 1 1 1 1 1 1 1 1 *)
G[T_,xx_]:=Exp[0+xx[[1]]*T^1+xx[[2]]*T^2+xx[[3]]*T^3]*(1)
(* Fitting with shape 1 1 1 1 1 1 1 1 1 1 0 0 *)
G[T_,xx_]:=Exp[0+xx[[1]]*T^1+xx[[2]]*T^2+xx[[3]]*T^3]*(1+xx[[4]]/(T^1))
(* Fitting with shape 1 1 1 1 1 1 1 1 1 1 1 0 *)
G[T_,xx_]:=Exp[0+xx[[1]]*T^1+xx[[2]]*T^2+xx[[3]]*T^3]*(1+xx[[4]]/(T^1))
(* Fitting with shape 1 1 1 1 1 1 1 1 1 1 1 1 *)
G[T_,xx_]:=Exp[0+xx[[1]]*T^1+xx[[2]]*T^2+xx[[3]]*T^3]*(1+xx[[4]]/(T^1))
(* Fitting with shape 0 1 1 1 1 1 1 1 1 1 0 0 *)
G[T_,xx_]:=Exp[0+xx[[1]]*T^1+xx[[2]]*T^2+xx[[3]]*T^3]*(1+xx[[4]]/(T^1))
(* Fitting with shape 0 1 1 1 1 1 1 1 1 1 1 0 *)
G[T_,xx_]:=Exp[0+xx[[1]]*T^1+xx[[2]]*T^2+xx[[3]]*T^3]*(1+xx[[4]]/(T^1))
(* Fitting with shape 0 1 1 1 1 1 1 1 1 1 1 1 *)
G[T_,xx_]:=Exp[0+xx[[1]]*T^1+xx[[2]]*T^2+xx[[3]]*T^3]*(1+xx[[4]]/(T^1))
(* Fitting with shape 0 0 1 1 1 1 1 1 1 1 0 0 *)
G[T_,xx_]:=Exp[0+xx[[1]]*T^1+xx[[2]]*T^2+xx[[3]]*T^3]*(1+xx[[4]]/(T^1))
(* Fitting with shape 0 0 1 1 1 1 1 1 1 1 1 0 *)
G[T_,xx_]:=Exp[0+xx[[1]]*T^1+xx[[2]]*T^2+xx[[3]]*T^3]*(1+xx[[4]]/(T^1))
(* Fitting with shape 0 0 1 1 1 1 1 1 1 1 1 1 *)
G[T_,xx_]:=Exp[0+xx[[1]]*T^1+xx[[2]]*T^2+xx[[3]]*T^3]*(1+xx[[4]]/(T^1))
(* Fitting with shape 1 1 1 1 1 1 1 1 1 1 0 0 *)
G[T_,xx_]:=Exp[0+xx[[1]]*T^1+xx[[2]]*T^2+xx[[3]]*T^3]*(1+xx[[4]]/(T^1)+xx[[5]]/(T^2))
(* Fitting with shape 1 1 1 1 1 1 1 1 1 1 1 0 *)
G[T_,xx_]:=Exp[0+xx[[1]]*T^1+xx[[2]]*T^2+xx[[3]]*T^3]*(1+xx[[4]]/(T^1)+xx[[5]]/(T^2))
(* Fitting with shape 1 1 1 1 1 1 1 1 1 1 1 1 *)
G[T_,xx_]:=Exp[0+xx[[1]]*T^1+xx[[2]]*T^2+xx[[3]]*T^3]*(1+xx[[4]]/(T^1)+xx[[5]]/(T^2))
(* Fitting with shape 0 1 1 1 1 1 1 1 1 1 0 0 *)
G[T_,xx_]:=Exp[0+xx[[1]]*T^1+xx[[2]]*T^2+xx[[3]]*T^3]*(1+xx[[4]]/(T^1)+xx[[5]]/(T^2))
(* Fitting with shape 0 1 1 1 1 1 1 1 1 1 1 0 *)
G[T_,xx_]:=Exp[0+xx[[1]]*T^1+xx[[2]]*T^2+xx[[3]]*T^3]*(1+xx[[4]]/(T^1)+xx[[5]]/(T^2))
(* Fitting with shape 0 1 1 1 1 1 1 1 1 1 1 1 *)
G[T_,xx_]:=Exp[0+xx[[1]]*T^1+xx[[2]]*T^2+xx[[3]]*T^3]*(1+xx[[4]]/(T^1)+xx[[5]]/(T^2))
(* Fitting with shape 0 0 1 1 1 1 1 1 1 1 0 0 *)
G[T_,xx_]:=Exp[0+xx[[1]]*T^1+xx[[2]]*T^2+xx[[3]]*T^3]*(1+xx[[4]]/(T^1)+xx[[5]]/(T^2))
(* Fitting with shape 0 0 1 1 1 1 1 1 1 1 1 0 *)
G[T_,xx_]:=Exp[0+xx[[1]]*T^1+xx[[2]]*T^2+xx[[3]]*T^3]*(1+xx[[4]]/(T^1)+xx[[5]]/(T^2))
(* Fitting with shape 0 0 1 1 1 1 1 1 1 1 1 1 *)
G[T_,xx_]:=Exp[0+xx[[1]]*T^1+xx[[2]]*T^2+xx[[3]]*T^3]*(1+xx[[4]]/(T^1)+xx[[5]]/(T^2))
Probabilities: 
         0          0          0          0          0          0          0          0          0          0          0          0          0          0          0          0          0          0          0          0          0          0          0          0   0.714656          0          0          0          0          0          0          0          0          0          0          0          0          0          0          0          0          0  0.0145921          0          0          0          0          0          0          0          0   0.270752          0          0
         0          0          0          0          0          0          0          0          0          0          0          0          0          0          0          0          0          0          0          0          0          0          0          0   0.373627          0          0          0          0          0          0          0          0          0          0          0          0          0          0          0          0          0   0.378173          0          0          0          0          0          0          0          0     0.2482          0          0
         0          0          0          0          0          0          0          0          0          0          0          0          0          0          0          0          0          0          0          0          0          0          0          0   0.525315          0          0          0          0          0          0          0          0          0          0          0          0          0          0          0          0          0          0          0          0          0          0          0          0          0          0   0.474685          0          0
         0          0          0          0          0          0          0          0          0          0          0          0          0          0          0          0          0          0          0          0          0          0          0          0   0.149594          0          0          0          0          0          0          0          0          0          0          0          0          0          0          0          0          0   0.619439          0          0          0          0          0          0          0          0   0.230967          0          0
         0          0          0          0          0          0          0          0          0          0          0          0          0          0          0          0          0          0          0          0          0          0          0          0          0          0          0          0          0          0          0          0          0          0          0          0          0          0          0          0          0          0          1          0          0          0          0          0          0          0          0          0          0          0
         0          0          0          0          0          0          0          0          0          0          0          0          0          0          0          0          0          0          0          0          0          0          0          0   0.209079          0          0          0          0          0          0          0          0          0          0          0          0          0          0          0          0          0   0.571878          0          0          0          0          0          0          0          0   0.219042          0          0
         0          0          0          0          0          0          0          0          0          0          0          0          0          0          0          0          0          0          0          0          0          0          0          0   0.465486          0          0          0          0          0          0          0          0          0          0          0          0          0          0          0          0          0          0          0          0          0          0          0          0          0          0   0.534514          0          0
         0          0          0          0          0          0          0          0          0          0          0          0          0          0          0          0          0          0          0          0          0          0          0          0   0.216609          0          0          0          0          0          0          0          0          0          0          0          0          0          0          0          0          0    0.55499          0          0          0          0          0          0          0          0   0.228401          0          0
         0          0          0          0          0          0          0          0          0          0          0          0          0          0          0          0          0          0          0          0          0          0          0          0   0.203777          0          0          0          0          0          0          0          0          0          0          0          0          0          0          0          0          0    0.55068          0          0          0          0          0          0          0          0   0.245543          0          0
         0          0          0          0          0          0          0          0          0          0          0          0          0          0          0 0.00998478          0          0          0          0          0          0          0          0   0.218213          0          0          0          0          0          0          0          0          0          0          0          0          0          0          0          0          0   0.534854          0          0          0          0          0          0          0          0   0.236948          0          0
         0          0          0          0          0          0          0          0          0          0          0          0          0          0          0  0.0445577          0          0          0          0          0          0          0          0   0.484193          0          0          0          0          0          0          0          0          0          0          0          0          0          0          0          0          0          0          0          0          0          0          0          0          0          0    0.47125          0          0
         0          0          0          0          0          0          0          0          0          0          0          0          0          0          0  0.0392783          0          0          0          0          0          0          0          0   0.309143          0          0          0          0          0          0          0          0          0          0          0          0          0          0          0          0          0   0.651578          0          0          0          0          0          0          0          0          0          0          0

Values: 
 0.0787426  0.0787455  0.0787474  0.0785049  0.0785098  0.0785101  0.0783756  0.0783781  0.0860468  0.0781831  0.0781865 0.00867344  0.0779096  0.0779092  0.0779059  0.0777481  0.0777475   0.077743  0.0356096  0.0327319  0.0366964  0.0776045   0.077602  0.0775967  0.0775678   0.110875  0.0775498     1.1829   0.079439  0.0793625    1.15695    1.15414    1.25018   0.970617   0.970583  0.0795106  0.0787659   0.896569   0.897232  0.0783971   0.922855  0.0896812  0.0780542  0.0780318  0.0780103   0.894499  0.0780885  0.0780544  0.0777187    -0.1574  0.0777499  0.0776081   0.077681   0.706603
  0.124571   0.108539   0.108542   0.180567   0.108404   0.108406   0.255753   0.309127    0.12292   0.108212   0.108162    0.10816   0.107976   0.279009   0.804522   0.146319   0.107707   0.107697   0.107726   0.107704    0.10771   0.409325     0.2262    0.10738   0.107325   0.107309   0.107268    1.17496    1.17172   0.110451    1.25012     1.2969    1.20422    1.10455    1.05321    1.11626   0.109967   0.109815   0.921022   0.965395   0.109162   0.109044    0.10868     1.0901   0.108527   0.108793   0.108665   0.878007   0.828447   0.107886   0.701844   0.108017   0.107824 -0.0495386
  0.128094   0.122763   0.122761    0.19354   0.122735   0.149612   0.271843   0.122953   0.362027    0.12285   0.122638    0.12263   0.122634   0.122523   0.167943   0.122301   0.535374   0.575244   0.122288     0.1222   0.122195    0.43478   0.499447   0.381688   0.121675   0.121597   0.572333    1.00037   0.972907   0.975981    1.30171    1.21201    1.15025    1.06215    1.28757    1.28529   0.126076    0.12576   0.935267   0.125047   0.920423   -58.1428   0.683345   0.123963   0.836619   0.848577   -1.80946   0.123908   -1.14692    1.16317   0.122988   0.123678   0.729066   0.123131
  0.132134    0.13177   0.131762   0.132473   0.242889   0.600132   0.132841   0.132558   0.191929   0.132506   0.132191   0.132149   0.132289   0.132135   0.132068   0.131824    0.73685   0.131615   0.131829   0.131705   0.131657    0.37189   0.131053    0.13098   0.130885   0.130788   0.130714    1.16773   0.138465    1.10507    1.15033    1.12021    1.11781   0.983139   0.984621    1.02323   0.951273   0.137038   0.136471    0.97403   0.862969   0.647347   0.134974   0.134608   0.134268  -0.434791          1          1   0.133618    1.09447   0.788306   0.135399   0.133563     0.1329
   0.13926   0.138604   0.138571   0.139974   0.139174   0.139123   0.140526   0.140005   0.139802   0.140158    0.13958   0.139484   0.788787   0.729223   0.139492   0.139304   0.139079   0.221282   0.139323   0.139112   0.139004   0.138413   0.138258   0.138131   0.489147    0.30846   0.137789   0.149234    1.05727   0.146964   0.148562    1.19691    1.17058    1.06527    1.02411    1.32979   0.970821   0.971807   0.145512   0.934189   0.997679   0.143967   0.143498   0.142926   0.142648          1          1          1   0.666826   0.141107   0.140993   0.786859   0.141389   0.141049
  0.145205    0.14439   0.144329   0.424029   0.324911   0.605425   0.215494   0.266364   0.146038   0.146503   0.145807   0.145667   0.146309   0.146017   0.145825   0.145588   0.145358   0.145186   0.145629   0.145418   0.145274    0.14451   0.144382   0.404874   0.144079   0.143999   0.143848    1.11716    1.11535    1.11091    1.39019    1.12406    1.13935   0.968747   0.971777   0.967266   0.154897   0.939304   0.935709   0.935347   0.957979   0.984227   0.150915   0.732394   0.611244          1          1          1   0.148757   0.893234   0.450651   0.152501   0.147697   0.147509
  0.150524   0.149339   0.149249    0.15175   0.150382   0.150282   0.152726   0.287506   0.151467   0.152193   0.151233   0.151078   0.225703   0.151495   0.151273   0.151073    0.15071   0.150514    0.71622   0.821889   0.811768   0.287618   0.149527   0.149365   0.149276   0.149034   0.148877   0.165435   0.163588     1.0144   0.164386    1.13627   0.162088   0.973317   -32.6297   0.971375   0.973737   0.976926   0.160144   0.815664   0.158613   0.887414   0.787314   0.156548   0.156052          1          1          1   0.155017   0.154084     0.1537   0.160775    0.93496    1.33447
  0.155166   0.153852   0.153786   0.437203   0.155215   0.212338   0.157848   0.156944   0.156661   0.157206   0.156186   0.156091    0.15681   0.156347   0.156222   0.155771   0.155395    0.20302   0.155882   0.580143   0.521778   0.739272   0.874068   0.153946   0.153704   0.153517   0.153424    1.03909   0.169849    1.01705    1.32557    1.38981   0.168065   0.972902    1.00395   0.971641    1.01519   0.166813   0.165864   0.650265   0.164187   0.950037   0.163012   0.647353   0.161184          1          1          1   0.778887   0.881854     0.9223   0.167243   0.159912    1.33891
   0.15916     0.1577   0.157657   0.161006   0.184516   0.217589   0.162102   0.420093   0.160936   0.161436   0.160421   0.160353   0.160867    0.16039   0.811083   0.159726    0.15934   0.159198   0.159842   0.159464          1   0.158078   0.157826   0.157709   0.157382   0.157195   0.157096    1.16987    1.16143    1.15754    1.22608    1.36195    1.28906    1.24947   0.984602   -12.2659   0.974889   0.974272   0.974682   0.170181    1.30761   0.911728   0.167699    0.16636   0.165627          1          1          1   0.770127   0.786157    1.19323   0.174144    5.08376   0.162637
   0.16205   0.160532   0.160469   0.364152   0.162463   0.162401   0.165218   0.164253   0.163971   0.164507    0.16345   0.163358   0.163802   0.822772   0.453779   0.162593   0.516813    0.21512   0.162714   0.162329   0.162228   0.160853   0.160632   0.181835   0.160127    0.80732   0.159842    1.07256    1.18767    1.17974   0.179489    1.27113   0.176599   0.978942   0.985094    1.00807   0.176464   0.977304   0.975754   0.173571   0.946483   0.288378   0.170931   0.169345    0.16878          1   0.169993          1   0.168248   0.894628   0.165655   0.177976   0.167152    2.55491
  0.164009   0.162628   0.162549   0.656865   0.235262   0.343064   0.167287   0.166551    0.29579   0.166556   0.165712    0.16561   0.372353   0.165401   0.165274   0.164533   0.164239   0.679119   0.164657   0.164379   0.164266   0.231958   0.162653    0.33815   0.162106     0.1621   0.408105   0.183547   0.181027    1.09178   0.181757    1.38563    1.27714   0.982499    1.02675   0.981564   0.178612      1.009   0.283828   0.869101   0.966332   0.173145   0.564523   0.737959   0.170446          1   0.171655          1    0.87095   0.167294    1.00751   0.180152    0.16828   0.167518
  0.164586   0.163024   0.162914   0.397162   0.531967   0.447359   0.167944   0.167119   0.166843   0.167237   0.166293   0.166184   0.166456   0.166025   0.197642   0.165245   0.164889     0.1647    0.16535   0.165016   0.164901    0.24555   0.232028   0.163123   0.162898   0.162783   0.162557    1.12808    0.18189    1.12319    1.21755    1.38462    1.29661   0.984181   0.990947   0.983526    1.02496   0.177808    1.02683   0.955997   0.174603    1.09354   0.173276   0.171766   0.171418          1          1          1   0.170346  0.0769975   -62.8112    1.32678    1.55766   0.627244

Errors: 
1.53375e-05 1.53263e-05 1.53293e-05 1.60932e-05  1.6077e-05 1.60812e-05 1.66666e-05 1.66603e-05 3.82032e-05 1.77579e-05 1.77488e-05    0.442428 2.03724e-05 2.03748e-05 2.03624e-05 2.27872e-05 2.31137e-05 2.27281e-05           1           1           1 2.71585e-05 2.68808e-05 2.69249e-05 3.68528e-05           1 3.49448e-05           0 2.12457e-05 2.02255e-05           0           0     1.00001           0           0           1 2.73621e-05     1.05276    0.993269 3.78142e-05           1           1 5.89339e-05 5.09081e-05 4.54914e-05 1.76239e-05 4.61145e-05 4.19447e-05 9.18301e-05 3.26884e-05 6.57112e-05 0.000169792 0.000134982     0.99876
          0  4.2122e-05 4.20805e-05           0 4.27121e-05 4.25812e-05           0           0           0 4.41721e-05 4.38802e-05 4.35565e-05 4.50572e-05           0           0           0 5.04499e-05  4.9122e-05 4.91575e-05 4.60819e-05 4.78466e-05           0           0 6.01284e-05 8.71209e-05 8.15291e-05 7.95001e-05           0           0 7.50016e-05           0           0           0     1.00313     1.00515      1.0022 9.13295e-05 8.49917e-05           0     1.00002 0.000110616 9.51882e-05  0.00017146     1.00116 0.000127536 0.000155806 0.000141578 2.61001e-05 1.49094e-05 0.000240699 7.07112e-06  0.00063832 0.000446451     2.31302
          0 8.21617e-05 8.19274e-05           0 8.28269e-05           0           0 8.45724e-05           0 8.63718e-05 8.40644e-05 8.43502e-05 8.84805e-05  8.5079e-05           0 9.50049e-05           0           0 9.42463e-05   8.797e-05 8.78727e-05           0           0           0  0.00015131 0.000136979           0           0           0           0           0           0           0     1.00583           0       1.001  0.00019881  0.00017614           0 0.000279595     1.00002     1.02178           1 0.000300556     1.00058  0.00038987  0.00129675 0.000219157 0.000587159 0.000397992 0.000392544  0.00147068     1.00105 0.000679199
0.000143218 0.000137287 0.000136306 0.000148004           0           0  0.00015288 0.000147938           0 0.000149787 0.000142639 0.000143653 0.000152334 0.000147039  0.00014599 0.000162948           0 0.000153895 0.000163016 0.000152169 0.000152477           0 0.000183929 0.000176443 0.000254988 0.000226645  0.00021666           0 0.000305227           0           0           0           0           0           0     1.17094           0 0.000318364 0.000301559     1.00011           1     1.00133 0.000637361 0.000533261 0.000448604  0.00507399   0.0166207   0.0166958  0.00108397  0.00223254  0.00188289  0.00257173   0.0016214  0.00119246
0.000226659 0.000211153 0.000210194  0.00023818 0.000220968  0.00021903 0.000247972 0.000236606 0.000231346 0.000245683 0.000224108 0.000223191           0           0 0.000232065 0.000261362  0.00024671     1.00002  0.00025838 0.000237845 0.000235827   0.0003086 0.000290651 0.000270565           0           0 0.000318825 0.000530449           0 0.000447237 0.000522764           0           0     1.06771     1.66794     1.00401           0           0 0.000469405     1.00025     1.00003 0.000536503 0.000971238 0.000797245 0.000712497   0.0256875   0.0265252   0.0264545 0.000572706  0.00128028  0.00107587     1.00039   0.0024178   0.0018452
0.000318066 0.000294684 0.000291677           0           0           0           0           0 0.000330549 0.000352241 0.000329105  0.00033546 0.000342755 0.000337197 0.000324228 0.000374042 0.000353096 0.000345375 0.000359347 0.000347479 0.000337428 0.000433556 0.000396087           0 0.000538285 0.000481679 0.000422449           0           0           0           0           0           0           0     1.07174     0.99018 0.000775142           0           0           0     1.00001           1  0.00135334     1.00013           1   0.0384136   0.0403241   0.0401068  0.00229541     1.00008 5.65073e-05  0.00535496   0.0033835  0.00263414
0.000431757 0.000405441 0.000395295 0.000469438  0.00042469 0.000434971 0.000491942           0 0.000460422 0.000492925 0.000455934 0.000441609           0 0.000466876 0.000461017 0.000514761 0.000492061 0.000479039           0           0           0           0 0.000535258 0.000511209 0.000728008   0.0006653 0.000587449 0.000951039 0.000892145           0 0.000958968           0 0.000856443     1.07689     0.23767     1.06945           0           0 0.000865623      1.0002  0.00114806     1.00006      1.0001  0.00145449  0.00126881   0.0542116    0.061076   0.0609123  0.00308247  0.00230561  0.00199189  0.00682805     1.00003           1
0.000567814  0.00052542  0.00052434           1 0.000570356           0 0.000642672 0.000617818 0.000620995 0.000647279 0.000619753 0.000591869 0.000625467 0.000638481 0.000612569 0.000660121 0.000627419           1 0.000639555           0           0           0           0  0.00067138 0.000908803 0.000770819 0.000759907           0  0.00109676           0           0           0  0.00105112     1.09074     1.12573     1.08475           0   0.0011332  0.00105658     1.00001  0.00144074     1.00036  0.00214723     1.00003  0.00155694   0.0715501   0.0745958   0.0756183   0.0172171  0.00183411   0.0132822  0.00816624  0.00527787     2.35451
0.000715647  0.00064764  0.00064896 0.000757754           0           0 0.000788089           0 0.000761302 0.000766295 0.000743421 0.000753751 0.000778229 0.000747472           0 0.000792576 0.000762417 0.000758315   0.0007926 0.000745248           0 0.000936407 0.000838683 0.000813106  0.00109616 0.000968289 0.000921289           0           0           0           0           0           0     1.00349           0     1.10848           0           0           0  0.00185183      1.0003           0  0.00250238  0.00208074  0.00183268   0.0838828   0.0703671   0.0812527   0.0671744  0.00215715     2.33872  0.00934082      1.0011  0.00495097
0.000797772 0.000750023 0.000747772           1 0.000828089 0.000824267 0.000892514 0.000878931  0.00087784 0.000893284  0.00085146 0.000851121 0.000887318           0           0 0.000906603           0           0 0.000925553 0.000860006 0.000859778   0.0010299 0.000943524           0  0.00126844           0  0.00103812           0           0           0  0.00151115           0  0.00141778           0           0     1.09848  0.00160743           0           0  0.00208304           0           1  0.00280285  0.00227449  0.00202437   0.0899855  0.00219113     0.23979   0.0046762 0.000446618  0.00319254   0.0102726  0.00687574     1.11638
0.000869826 0.000828718 0.000830563           0           0           0 0.000977329 0.000964124           0 0.000991472 0.000949031 0.000945782           0 0.000942222 0.000943657  0.00100806 0.000954971           0  0.00101999 0.000934487 0.000953007           0  0.00104717           0  0.00133288  0.00120253           0  0.00165772  0.00152506           0  0.00158557           0           0           0     1.17641           0    0.001713           0           1     1.00069           0  0.00170415           1     1.00013  0.00219111   0.0933724  0.00235533   0.0817768      1.0002  0.00389436   0.0133916   0.0108649  0.00737015  0.00588667
0.000894788 0.000843878 0.000848034           0           0           0  0.00100617  0.00099001  0.00099265 0.000985207 0.000967044 0.000972121 0.000982942 0.000959076           0  0.00112015  0.00103105 0.000944969   0.0010322 0.000969022 0.000951694           0           1  0.00103668  0.00131447  0.00120716  0.00104503           0  0.00157195           0           0           0     1.00096           0           0           0           0  0.00159186           0     1.00004  0.00221307     1.00124  0.00309199  0.00249714  0.00221359   0.0929247   0.0889902   0.0922216   0.0051397  0.00225169   0.0227646     1.00002   0.0186989     1.00001

Statuses: 
0 0 0 0 0 0 0 0 3 0 0 3 0 0 0 0 0 0 3 3 3 0 0 0 0 3 0 3 0 0 3 3 3 3 3 3 0 3 3 0 3 3 0 0 0 3 0 0 0 0 0 0 0 3
3 0 0 3 0 0 3 3 3 0 0 0 0 3 3 3 0 0 0 0 0 3 3 0 0 0 0 3 3 0 3 3 3 3 3 3 0 0 3 3 0 0 0 3 0 0 0 3 3 0 3 0 0 3
3 0 0 3 0 3 3 0 3 0 0 0 0 0 3 0 3 3 0 0 0 3 3 3 0 0 3 3 3 3 3 3 3 3 3 3 0 0 3 0 3 0 3 0 3 3 0 0 0 3 0 0 3 0
0 0 0 0 3 3 0 0 3 0 0 0 0 0 0 0 3 0 0 0 0 3 0 0 0 0 0 3 0 3 3 3 3 3 3 3 3 0 0 3 3 3 0 0 0 3 3 3 0 3 3 0 0 0
0 0 0 0 0 0 0 0 0 0 0 0 3 3 0 0 0 3 0 0 0 0 0 0 3 3 0 0 3 0 0 3 3 3 3 3 3 3 0 3 3 0 0 0 0 3 3 3 3 0 0 3 0 0
0 0 0 3 3 3 3 3 0 0 0 0 0 0 0 0 0 0 0 0 0 0 0 3 0 0 0 3 3 3 3 3 3 3 3 3 0 3 3 3 3 3 0 3 3 3 3 3 0 3 3 0 0 0
0 0 0 0 0 0 0 3 0 0 0 0 3 0 0 0 0 0 3 3 3 3 0 0 0 0 0 0 0 3 0 3 0 3 0 3 3 3 0 3 0 3 3 0 0 3 3 3 0 0 0 0 3 3
0 0 0 3 0 3 0 0 0 0 0 0 0 0 0 0 0 3 0 3 3 3 3 0 0 0 0 3 0 3 3 3 0 3 3 3 3 0 0 3 0 3 0 3 0 3 3 3 3 3 3 0 0 3
0 0 0 0 3 3 0 3 0 0 0 0 0 0 3 0 0 0 0 0 3 0 0 0 0 0 0 3 3 3 3 3 3 3 3 3 3 3 3 0 3 3 0 0 0 3 3 3 3 3 3 0 3 0
0 0 0 3 0 0 0 0 0 0 0 0 0 3 3 0 3 3 0 0 0 0 0 3 0 3 0 3 3 3 0 3 0 3 3 3 0 3 3 0 3 3 0 0 0 3 0 3 0 3 0 0 0 3
0 0 0 3 3 3 0 0 3 0 0 0 3 0 0 0 0 3 0 0 0 3 0 3 0 0 3 0 0 3 0 3 3 3 3 3 0 3 3 3 3 0 3 3 0 3 0 3 3 0 3 0 0 0
0 0 0 3 3 3 0 0 0 0 0 0 0 0 3 0 0 0 0 0 0 3 3 0 0 0 0 3 0 3 3 3 3 3 3 3 3 0 3 3 0 3 0 0 0 3 3 3 0 3 1 3 3 3
chisq per dof: 
5.62654 5.12905 4.77041 3.86104 3.53757 3.29494 3.29483 2.98833 14276.5 2.47788 2.31516 17532.1 1.84827 1.73531 1.65723 1.66612 1.56401 1.49149 19080.8 16346.3 14282.3 1.81396 1.68105 1.58648 2.01355 16835.2 1.67914 37873.5 3.77424 3.58048 47169.2 40433.6 35374.9 44761.2 37304.6 12591.1 1.97186 37143.7 32670.7  1.9043 47211.1 17353.7 2.02716 1.82254 1.68645 55112.6 1.88193 1.75915  2.2645 3176.95 1.84328  2.6846 2.26432 36197.2
345.369  2.8262 2.64649 820.953 2.47973 2.31624 1298.57 1187.18 236.804 2.02847 1.95201 1.85033 1.70748 1156.26 2002.71 840.086 1.55526 1.49066 1.75173 1.64821 1.58787 1939.97 1250.76 1.59021 2.01695 1.81406 1.68304 2809.34 2636.84 2.15994 3651.98 3258.06 2894.63 3513.99 2930.86 2566.61 1.79222 1.69899 2541.19 4507.82 1.71859 1.62001 2.01691 3477.74  1.6807 2.02928 1.86223 3417.18 5782.78 2.01219 3729.19 2.68651 2.26519 94.9189
9.05907 2.25412 2.12935 146.495 2.11582 46.9656 238.357 1.95299 226.739 1.83343 1.81995 1.74231 1.64577 1.57485 93.0478 1.65154 384.146  349.54 1.73021 1.63439 1.57873 433.044 422.725 284.135  2.0181 1.81612 400.573 725.664 565.745 522.047 1112.48 945.967 888.627 1022.04 803.697  711.14 1.74015 1.64627 779.818 1.83006 978.344 748.253 1196.75 1.81323 868.949 1333.74 416.934 1.73109 350.113  1291.3  1.8436 2.68662 1203.94 2.01223
2.03641 1.99308 1.89414 1.88815 49.9148 158.307 1.80177 1.75343 31.2407 1.72763  1.6968 1.62712 1.61441 1.54052  1.4969 1.65062 209.074 1.48048 1.72222  1.6249 1.56052 130.142 1.68627 1.59016 2.02092 1.81781 1.68251 404.611 1.63375  313.78  544.79 468.351 423.446 461.344 385.606  336.18 506.687 1.62026 1.56642 596.474  188.22 420.738 2.01595 1.81443 1.68034  312.91 749.171 645.222 2.26684 632.768 262.826 2.68787 2.26724 2.01428
1.86647 1.83639 1.75387 1.74161 1.74602 1.66583 1.68117 1.64565 1.58782  1.6533 1.62926 1.56743 181.154 149.216 1.47284 1.64116 1.54198 29.4571 1.71259  1.6162 1.55078 1.81871 1.68403 1.58865 137.468 78.7688 1.68171 1.60907 197.267 1.55298 1.58168 259.427 234.777 267.347 223.988 180.651 299.158 258.669  1.5475 388.054 259.547 1.59138 2.01595 1.81429 1.67911 511.157 435.819 374.056 305.804  2.0137 1.84478 443.901 2.26709 2.01373
1.75769 1.72098 1.65078 49.9996 31.4496 59.4854 10.4859 16.1637  1.5224 1.61884 1.58079 1.52446 1.57564 1.50125 1.45484 1.63699  1.5351 1.46465 1.70707 1.60898 1.54223 1.81843 1.68268 33.9549 2.01986 1.81602  1.6809  140.67 134.905 104.852 182.897 184.105 163.951   172.8 145.481  125.56 1.69625 160.159 132.078  256.66 116.405 97.7266 2.01634 172.473 134.278 336.487 283.581 243.776 2.26707 256.769 192.731 2.68827 2.26806 2.01446
1.68284 1.66165 1.59808 1.60708 1.60463 1.54093 1.57051 9.15862 1.49231 1.58993 1.55903 1.50396 62.6023 1.49526 1.44855 1.63322 1.53351 1.46208 138.233 122.192  106.97 15.2847 1.68341 1.58683 2.02055 1.81707 1.68145 1.53952 1.49686 73.9581 1.54986 133.143 1.44613 123.339 85.7319 89.4359 145.365 139.879 1.53258 184.526 1.68463 130.734 153.617 1.81456 1.67936  243.36  205.81 176.604 2.26778 2.01453 1.84556 2.68876 119.128 92.8338
1.62959  1.6059 1.54769 28.7478 1.55507 3.60501 1.53271   1.494 1.45067  1.5675 1.53197  1.4781 1.55777 1.48606 1.43575 1.63181 1.53074 3.43901  1.7005 87.3653 75.3195 79.5677 76.7633 1.58595 2.02113 1.81715 1.68112 72.5044 1.47828 65.6441 114.118  87.458 1.43523 94.0898 79.4971 68.4439 126.569 1.59624 1.52933 104.311 1.68451 104.026 2.01784 91.8793 1.68035 189.275 159.233 136.794 144.277 140.328 119.983 2.68993 2.26913 94.6809
1.58504 1.56599 1.51083 1.52502  2.9486 5.28331 1.50511 13.9558 1.42564 1.54885 1.51207 1.45944  1.5522 1.48049 43.8602 1.63037 1.52886 1.45563 1.69857 1.60172 73.0187 1.81911 1.68324 1.58597 2.02179 1.81761 1.68148 71.2827 64.6486 59.6018 83.4241  75.986 73.9469 68.4722 66.0582 45.5334 93.7536 78.4931  70.185 1.81763 96.7426 86.7679 2.01832  1.8159 1.68058 157.503 132.064 113.492 109.855 107.749 89.7194 2.69019 73.5823 2.01614
1.56105 1.53564  1.4838 16.7583 1.48909  1.4372 1.48809 1.44653 1.40679 1.53789 1.49668 1.44622 1.54751 42.3069 34.7612 1.62843 16.9315 3.87579  1.6962 1.59905 1.52962 1.81847 1.68244 3.56036 2.02126 29.8822 1.68117 55.2536  57.904 53.8944 1.53329 73.1422 1.42229 67.8246 57.4747 49.6656 1.68642 73.6367 61.2751 1.81725 87.2574 13.0171 2.01812 1.81588 1.68021 138.515 1.84858  99.929 2.26884  53.649 1.84654 2.68996 2.26967 55.8675
1.54281 1.51477 1.46493 25.7284 4.85822 11.1911 1.47533 1.42794 3.84855 1.52951  1.4829 1.43318 37.9822 1.46919 1.41825 1.62577 1.52319 15.9924 1.69362  1.5958 1.52569 4.14085 1.68125 6.97926 2.02037 1.81629 14.6497 1.49699 1.45413 42.0011 1.53182 58.4582 60.2341 62.6966 53.1244 45.8896 1.68582 75.0192 19.9462 91.7672  80.645 1.58661 67.9445  63.182 1.67987 128.023 1.84849 92.3707  118.75 2.01547 80.3234 2.68929  2.2693 2.01547
1.53822 1.51441 1.46576 9.17704 19.1533 14.7583  1.4715 1.42687 1.38783 1.52625 1.48233 1.43343 1.54161 1.46863 3.08211 1.62489 1.52304 1.45102 1.69278  1.5955 1.52562 4.40102 3.47469 1.58465  2.0204 1.81636 1.68077 55.5393 1.45141 42.8791 77.6435  57.144  55.409  61.191 51.8851 44.7811 84.9793 1.59223  64.731 60.5603 1.68323 67.6272 2.01779 1.81523 1.67946 124.742 104.433 90.0328 2.26851 48.7264  52.426 48.0887 49.0021 57.8837
Mode averaged potential and errors: 
  0.0775858 0.000111333
   0.108009 0.000678387
   0.122626  0.00142775
    0.13446  0.00201693
   0.143498 0.000971238
   0.149833  0.00406689
   0.155422  0.00762017
   0.161962  0.00630254
   0.167179  0.00753236
   0.170159  0.00817895
   0.170718    0.011666
   0.169752  0.00549796
R Models:
(* Fitting with shape 1 1 1 1 1 1 1 1 0 0 0 0 *)
G[R_,xx_]:=xx[[0]] + xx[[1]]/R | xx[[2]]*R
(* Fitting with shape 1 1 1 1 1 1 1 1 1 0 0 0 *)
G[R_,xx_]:=xx[[0]] + xx[[1]]/R | xx[[2]]*R
(* Fitting with shape 1 1 1 1 1 1 1 1 1 1 0 0 *)
G[R_,xx_]:=xx[[0]] + xx[[1]]/R | xx[[2]]*R
(* Fitting with shape 1 1 1 1 1 1 1 1 1 1 1 0 *)
G[R_,xx_]:=xx[[0]] + xx[[1]]/R | xx[[2]]*R
(* Fitting with shape 1 1 1 1 1 1 1 1 1 1 1 1 *)
G[R_,xx_]:=xx[[0]] + xx[[1]]/R | xx[[2]]*R
(* Fitting with shape 0 1 1 1 1 1 1 1 0 0 0 0 *)
G[R_,xx_]:=xx[[0]] + xx[[1]]/R | xx[[2]]*R
(* Fitting with shape 0 1 1 1 1 1 1 1 1 0 0 0 *)
G[R_,xx_]:=xx[[0]] + xx[[1]]/R | xx[[2]]*R
(* Fitting with shape 0 1 1 1 1 1 1 1 1 1 0 0 *)
G[R_,xx_]:=xx[[0]] + xx[[1]]/R | xx[[2]]*R
(* Fitting with shape 0 1 1 1 1 1 1 1 1 1 1 0 *)
G[R_,xx_]:=xx[[0]] + xx[[1]]/R | xx[[2]]*R
(* Fitting with shape 0 1 1 1 1 1 1 1 1 1 1 1 *)
G[R_,xx_]:=xx[[0]] + xx[[1]]/R | xx[[2]]*R
(* Fitting with shape 0 0 1 1 1 1 1 1 0 0 0 0 *)
G[R_,xx_]:=xx[[0]] + xx[[1]]/R | xx[[2]]*R
(* Fitting with shape 0 0 1 1 1 1 1 1 1 0 0 0 *)
G[R_,xx_]:=xx[[0]] + xx[[1]]/R | xx[[2]]*R
(* Fitting with shape 0 0 1 1 1 1 1 1 1 1 0 0 *)
G[R_,xx_]:=xx[[0]] + xx[[1]]/R | xx[[2]]*R
(* Fitting with shape 0 0 1 1 1 1 1 1 1 1 1 0 *)
G[R_,xx_]:=xx[[0]] + xx[[1]]/R | xx[[2]]*R
(* Fitting with shape 0 0 1 1 1 1 1 1 1 1 1 1 *)
G[R_,xx_]:=xx[[0]] + xx[[1]]/R | xx[[2]]*R
(* Fitting with shape 0 0 0 1 1 1 1 1 0 0 0 0 *)
G[R_,xx_]:=xx[[0]] + xx[[1]]/R | xx[[2]]*R
(* Fitting with shape 0 0 0 1 1 1 1 1 1 0 0 0 *)
G[R_,xx_]:=xx[[0]] + xx[[1]]/R | xx[[2]]*R
(* Fitting with shape 0 0 0 1 1 1 1 1 1 1 0 0 *)
G[R_,xx_]:=xx[[0]] + xx[[1]]/R | xx[[2]]*R
(* Fitting with shape 0 0 0 1 1 1 1 1 1 1 1 0 *)
G[R_,xx_]:=xx[[0]] + xx[[1]]/R | xx[[2]]*R
(* Fitting with shape 0 0 0 1 1 1 1 1 1 1 1 1 *)
G[R_,xx_]:=xx[[0]] + xx[[1]]/R | xx[[2]]*R
2.6897 2.6897 2.6897 
-0.137548 -0.137548 -0.137548 
1 1 1 
1.85011 1.85011 1.85011 
-14.2844 -14.2844 -14.2844 
5.03038e+175 5.03038e+175 5.03038e+175 
3.5936e+246 3.5936e+246 3.5936e+246 
2.14726e+243 2.14726e+243 2.14726e+243 
1.15105 1.15105 1.15105 
5.58294e-322 5.58294e-322 5.58294e-322 
0 0 0 
0 0 0 
1 1 1 
1 1 1 
1 1 1 
1 1 1 
1 1 1 
1 1 1 
1 1 1 
1 1 1 
0 0 0 
0 0 0 
3.17275e-316 3.17275e-316 3.17275e-316 
5.58294e-322 5.58294e-322 5.58294e-322 
1 1 1 
2 2 2 
3 3 3 
4 4 4 
5 5 5 
6 6 6 
7 7 7 
8 8 8 
9 9 9 
10 10 10 
11 11 11 
12 12 12 
5.53354e-322 5.53354e-322 5.53354e-322 
2.42092e-322 2.42092e-322 2.42092e-322 
2.122e-314 2.122e-314 2.122e-314 
6.36599e-314 6.36599e-314 6.36599e-314 
1.4854e-313 1.4854e-313 1.4854e-313 
1.6976e-313 1.6976e-313 1.6976e-313 
1.2732e-313 1.2732e-313 1.2732e-313 
6.37345e-322 6.37345e-322 6.37345e-322 
3.1807e-05 3.1807e-05 3.1807e-05 
1.88307e-06 1.88307e-06 1.88307e-06 
1.28512e-06 1.28512e-06 1.28512e-06 
3.29593e-316 3.29593e-316 3.29593e-316 
2.47033e-323 2.47033e-323 2.47033e-323 
3.29295e-316 3.29295e-316 3.29295e-316 
3.23796e-319 3.23796e-319 3.23796e-319 
2.42092e-322 2.42092e-322 2.42092e-322 
3.30011e-316 3.30011e-316 3.30011e-316 
-2.27896 -2.27896 -2.27896 
Probabilities: 
         0          0          0          0          0          0          0          0          0          0          0          0 0.00510517  0.0101403 0.00549109 0.00536918  0.0136594  0.0232594  0.0200241   0.044537  0.0416354          0          0  0.0805829 0.00541322   0.014165          0          0          0          0          0          0          0          0          0          0          0  0.0939699   0.250765          0  0.0354004          0          0          0          0          0          0   0.258693  0.0147209  0.0386639          0          0          0   0.038405

String tensions: 
           1            1            1            1            1            1            1            1            1    -0.407638    -0.410672    -0.423825    -0.525028     -0.53911    -0.586514    -0.718439    -0.736204    -0.800757    -0.696428    -0.722207    -0.806753      4.85131      916.226     -1.43088     -1.03573      -1.3067    0.0621094     0.023254   -0.0521281   -0.0521275     0.808564     0.813928     0.815941      1.01305     0.786316     0.970065      1.51788   0.00315386   0.00330342   -0.0897087   0.00361321    0.0365843     0.581317   0.00760591     0.894092   -0.0724249   0.00365439   0.00379237 -0.000938835  0.000629901   -0.0168348     0.260584     0.922247   0.00564007

Errors: 
    5792.62     5792.62     5792.62           0           0     5792.62     5792.62     5792.62     5792.62  0.00737504  0.00710167  0.00607913   0.0468206   0.0444229   0.0334172    0.130887    0.121076   0.0945974    0.103799   0.0943075   0.0713116           0           0    0.303784     2.24532     1.16648           0  0.00094329           0           0           0           0           0   0.0350714     1.24555           0     1.07734  0.00107807 0.000665058     1.00004  0.00236326      1.0001           1     1.00074           1           1 0.000654616  0.00203412  0.00728212  0.00612816     2.17303     1.02148           1   0.0042857

Statuses: 
0 0 0 3 3 0 0 0 0 0 0 0 0 0 0 0 0 0 0 0 0 3 3 0 0 0 3 0 3 3 3 3 3 0 3 3 3 0 0 3 0 3 3 3 3 3 1 0 0 0 3 3 3 0
chisq per dof: 
  192.453   188.055   246.828   1822.45   1551.03   23.6702   3.73087   3.88428   6.28689    1.0743    1.2955   2.93854  0.364542  0.402104  0.755188 0.0172818 0.0364836  0.164906  0.207698   0.23189  0.443317    4.6007   6005.82  0.083648 0.0140142  0.024369   630.856   46.0704    5768.1   5231.29   6154.72   5306.46   4764.15   5926.09   4972.75   4399.54   8901.62 0.0452262 0.0443027   1476.63 0.0449014   3117.66   5294.38   3390.48   4237.59   7206.02 0.0415725 0.0373862 0.0115376 0.0197061   2959.48   4745.17    4718.4 0.0216261
Model string tension and errors: 
sigma = -0.260566 +/- 0.523291
