R=0parameters: 
-0.693128 -0.693128 
0.0376432 0.0376432 
1.84981e-11 1.84981e-11 
3.21143e-322 3.21143e-322 
2.70219e-316 2.70219e-316 
0 0 
1.31628e-10 1.31628e-10 
1.63042e-322 1.63042e-322 
0.000141964 0.000141964 
2.42092e-322 2.42092e-322 2.42092e-322 
0 0 0 
0 0 0 
0 0 0 
0 0 0 
0 0 0 
8.74496e-322 8.74496e-322 8.74496e-322 
6.92157e-310 6.92157e-310 6.92157e-310 
6.92154e-310 6.92154e-310 6.92154e-310 
0 0 0 0 
0 0 0 0 
0 0 0 0 
0 0 0 0 
0 0 0 0 
0 0 0 0 
0 0 0 0 
0 0 0 0 
0 0 0 0 
0 0 0 
0 0 0 
0 0 0 
2.70493e-316 2.70493e-316 2.70493e-316 
2.70493e-316 2.70493e-316 2.70493e-316 
0 0 0 
0 0 0 
0 0 0 
2.75e-316 2.75e-316 2.75e-316 
0 0 0 0 
3.21143e-322 3.21143e-322 3.21143e-322 3.21143e-322 
2.73326e-316 2.73326e-316 2.73326e-316 2.73326e-316 
8.86115e-314 8.86115e-314 8.86115e-314 8.86115e-314 
6.92154e-310 6.92154e-310 6.92154e-310 6.92154e-310 
6.92154e-310 6.92154e-310 6.92154e-310 6.92154e-310 
0 0 0 0 
1.14872e-316 1.14872e-316 1.14872e-316 1.14872e-316 
2.75143e-316 2.75143e-316 2.75143e-316 2.75143e-316 
2.37152e-322 2.37152e-322 2.37152e-322 2.37152e-322 2.37152e-322 
0 0 0 0 0 
0 0 0 0 0 
4.27793e+10 4.27793e+10 4.27793e+10 4.27793e+10 4.27793e+10 
0.716166 0.716166 0.716166 0.716166 0.716166 
0.0119242 0.0119242 0.0119242 0.0119242 0.0119242 
4.00193e-322 4.00193e-322 4.00193e-322 4.00193e-322 4.00193e-322 
2.87711e-316 2.87711e-316 2.87711e-316 2.87711e-316 2.87711e-316 
2.33805e-316 2.33805e-316 2.33805e-316 2.33805e-316 2.33805e-316 
R=1parameters: 
-0.693516 -0.693516 
0.0512027 0.0512027 
0.091928 0.091928 
2.3747 2.3747 
-14.1394 -14.1394 
2.79079e-316 2.79079e-316 
3.22921e+09 3.22921e+09 
222441 222441 
-211786 -211786 
2.06025e-321 2.06025e-321 2.06025e-321 
2.72012e-316 2.72012e-316 2.72012e-316 
6.92156e-310 6.92156e-310 6.92156e-310 
1.50676e-10 1.50676e-10 1.50676e-10 
0 0 0 
0 0 0 
1.67772e+07 1.67772e+07 1.67772e+07 
0 0 0 
0 0 0 
0 0 0 0 
0.630545 0.630545 0.630545 0.630545 
-14.1394 -14.1394 -14.1394 -14.1394 
4.10639e+08 4.10639e+08 4.10639e+08 4.10639e+08 
0 0 0 0 
2.42092e-322 2.42092e-322 2.42092e-322 2.42092e-322 
0.000233232 0.000233232 0.000233232 0.000233232 
7.31163e-06 7.31163e-06 7.31163e-06 7.31163e-06 
-1.16556e+07 -1.16556e+07 -1.16556e+07 -1.16556e+07 
-3.29321e+06 -3.29321e+06 -3.29321e+06 
2.37152e-322 2.37152e-322 2.37152e-322 
6.32404e-322 6.32404e-322 6.32404e-322 
2.87619e-316 2.87619e-316 2.87619e-316 
-3.32729e-10 -3.32729e-10 -3.32729e-10 
0.500003 0.500003 0.500003 
-3.54459e-10 -3.54459e-10 -3.54459e-10 
0 0 0 
2.70527e-316 2.70527e-316 2.70527e-316 
-2.01776e-08 -2.01776e-08 -2.01776e-08 -2.01776e-08 
2.91528e-09 2.91528e-09 2.91528e-09 2.91528e-09 
7.04246e-08 7.04246e-08 7.04246e-08 7.04246e-08 
6.6875e-08 6.6875e-08 6.6875e-08 6.6875e-08 
0 0 0 0 
1.63042e-322 1.63042e-322 1.63042e-322 1.63042e-322 
6.92154e-310 6.92154e-310 6.92154e-310 6.92154e-310 
0 0 0 0 
1.67772e+07 1.67772e+07 1.67772e+07 1.67772e+07 
6.37345e-322 6.37345e-322 6.37345e-322 6.37345e-322 6.37345e-322 
-8.78195e-11 -8.78195e-11 -8.78195e-11 -8.78195e-11 -8.78195e-11 
-4.32405e-08 -4.32405e-08 -4.32405e-08 -4.32405e-08 -4.32405e-08 
2.54209e-08 2.54209e-08 2.54209e-08 2.54209e-08 2.54209e-08 
4.79244e-322 4.79244e-322 4.79244e-322 4.79244e-322 4.79244e-322 
2.71618e-316 2.71618e-316 2.71618e-316 2.71618e-316 2.71618e-316 
2.122e-314 2.122e-314 2.122e-314 2.122e-314 2.122e-314 
2.72013e-316 2.72013e-316 2.72013e-316 2.72013e-316 2.72013e-316 
3.21143e-322 3.21143e-322 3.21143e-322 3.21143e-322 3.21143e-322 
R=2parameters: 
-0.693562 -0.693562 
0.0574199 0.0574199 
0.129752 0.129752 
1.0888 1.0888 
-9.74911 -9.74911 
2.79079e-316 2.79079e-316 
3.22921e+09 3.22921e+09 
222441 222441 
-211786 -211786 
1.42785e-321 1.42785e-321 1.42785e-321 
2.77913e-316 2.77913e-316 2.77913e-316 
6.92156e-310 6.92156e-310 6.92156e-310 
2.47033e-323 2.47033e-323 2.47033e-323 
2.72074e-316 2.72074e-316 2.72074e-316 
2.47033e-323 2.47033e-323 2.47033e-323 
2.72073e-316 2.72073e-316 2.72073e-316 
2.48995e-316 2.48995e-316 2.48995e-316 
4.79244e-322 4.79244e-322 4.79244e-322 
2.79077e-316 2.79077e-316 2.79077e-316 2.79077e-316 
0.00128938 0.00128938 0.00128938 0.00128938 
0 0 0 0 
2.42092e-322 2.42092e-322 2.42092e-322 2.42092e-322 
1.31676e+07 1.31676e+07 1.31676e+07 1.31676e+07 
-3.57589e+287 -3.57589e+287 -3.57589e+287 -3.57589e+287 
0 0 0 0 
5.79316e-06 5.79316e-06 5.79316e-06 5.79316e-06 
102.093 102.093 102.093 102.093 
2.42092e-322 2.42092e-322 2.42092e-322 
2.806e-316 2.806e-316 2.806e-316 
2.72077e-316 2.72077e-316 2.72077e-316 
0 0 0 
1.67772e+07 1.67772e+07 1.67772e+07 
0 0 0 
0 0 0 
0 0 0 
0 0 0 
6.32404e-322 6.32404e-322 6.32404e-322 6.32404e-322 
2.37152e-322 2.37152e-322 2.37152e-322 2.37152e-322 
2.77469e-316 2.77469e-316 2.77469e-316 2.77469e-316 
2.122e-314 2.122e-314 2.122e-314 2.122e-314 
2.77143e-316 2.77143e-316 2.77143e-316 2.77143e-316 
1.63042e-322 1.63042e-322 1.63042e-322 1.63042e-322 
6.92154e-310 6.92154e-310 6.92154e-310 6.92154e-310 
2.80441e-316 2.80441e-316 2.80441e-316 2.80441e-316 
-5.59069e-09 -5.59069e-09 -5.59069e-09 -5.59069e-09 
6.73833e-09 6.73833e-09 6.73833e-09 6.73833e-09 6.73833e-09 
2.24162e-08 2.24162e-08 2.24162e-08 2.24162e-08 2.24162e-08 
2.23239e-09 2.23239e-09 2.23239e-09 2.23239e-09 2.23239e-09 
1.061e-313 1.061e-313 1.061e-313 1.061e-313 1.061e-313 
4.67802e+08 4.67802e+08 4.67802e+08 4.67802e+08 4.67802e+08 
3.15324e+09 3.15324e+09 3.15324e+09 3.15324e+09 3.15324e+09 
3.56555e-05 3.56555e-05 3.56555e-05 3.56555e-05 3.56555e-05 
2.17544e-08 2.17544e-08 2.17544e-08 2.17544e-08 2.17544e-08 
-1.63088e-09 -1.63088e-09 -1.63088e-09 -1.63088e-09 -1.63088e-09 
R=3parameters: 
-0.693252 -0.693252 
0.0611166 0.0611166 
-1.67225e-05 -1.67225e-05 
0.0215368 0.0215368 
-0.0190236 -0.0190236 
2.79079e-316 2.79079e-316 
3.22921e+09 3.22921e+09 
222441 222441 
-211786 -211786 
2.06025e-321 2.06025e-321 2.06025e-321 
2.76874e-316 2.76874e-316 2.76874e-316 
2.78209e-316 2.78209e-316 2.78209e-316 
0.00032114 0.00032114 0.00032114 
0.000449964 0.000449964 0.000449964 
0.00131719 0.00131719 0.00131719 
2.42092e-322 2.42092e-322 2.42092e-322 
2.77414e-316 2.77414e-316 2.77414e-316 
6.92156e-310 6.92156e-310 6.92156e-310 
2.76876e-316 2.76876e-316 2.76876e-316 2.76876e-316 
6.37345e-322 6.37345e-322 6.37345e-322 6.37345e-322 
2.7213e-316 2.7213e-316 2.7213e-316 2.7213e-316 
3.39634e-09 3.39634e-09 3.39634e-09 3.39634e-09 
1.50457e-09 1.50457e-09 1.50457e-09 1.50457e-09 
0.000110032 0.000110032 0.000110032 0.000110032 
6.97948e-07 6.97948e-07 6.97948e-07 6.97948e-07 
0.0281569 0.0281569 0.0281569 0.0281569 
-6.29983e-05 -6.29983e-05 -6.29983e-05 -6.29983e-05 
-4.00182e-07 -4.00182e-07 -4.00182e-07 
-0.0161223 -0.0161223 -0.0161223 
0.00923143 0.00923143 0.00923143 
0 0 0 
0 0 0 
0 0 0 
0 0 0 
2.23856e+07 2.23856e+07 2.23856e+07 
1.0326e-321 1.0326e-321 1.0326e-321 
1.73805e-09 1.73805e-09 1.73805e-09 1.73805e-09 
1.22567e-07 1.22567e-07 1.22567e-07 1.22567e-07 
0 0 0 0 
9.79928e+07 9.79928e+07 9.79928e+07 9.79928e+07 
0 0 0 0 
2.37152e-322 2.37152e-322 2.37152e-322 2.37152e-322 
1.81906e+07 1.81906e+07 1.81906e+07 1.81906e+07 
0 0 0 0 
1.04678e+06 1.04678e+06 1.04678e+06 1.04678e+06 
-42597.5 -42597.5 -42597.5 -42597.5 -42597.5 
0 0 0 0 0 
2.42092e-322 2.42092e-322 2.42092e-322 2.42092e-322 2.42092e-322 
2.78982e-316 2.78982e-316 2.78982e-316 2.78982e-316 2.78982e-316 
2.79078e-316 2.79078e-316 2.79078e-316 2.79078e-316 2.79078e-316 
2.77414e-316 2.77414e-316 2.77414e-316 2.77414e-316 2.77414e-316 
4.00193e-322 4.00193e-322 4.00193e-322 4.00193e-322 4.00193e-322 
2.71062e-316 2.71062e-316 2.71062e-316 2.71062e-316 2.71062e-316 
1.66105e-316 1.66105e-316 1.66105e-316 1.66105e-316 1.66105e-316 
R=4parameters: 
-0.692723 -0.692723 
0.0636595 0.0636595 
-2.55072e-05 -2.55072e-05 
0.0207847 0.0207847 
-0.0171663 -0.0171663 
2.79079e-316 2.79079e-316 
3.22921e+09 3.22921e+09 
222441 222441 
-211786 -211786 
2.06025e-321 2.06025e-321 2.06025e-321 
2.71031e-316 2.71031e-316 2.71031e-316 
2.78209e-316 2.78209e-316 2.78209e-316 
1.58101e-322 1.58101e-322 1.58101e-322 
6.32404e-322 6.32404e-322 6.32404e-322 
2.79587e-316 2.79587e-316 2.79587e-316 
2.36122e-09 2.36122e-09 2.36122e-09 
4.28818e-09 4.28818e-09 4.28818e-09 
2.08173e-10 2.08173e-10 2.08173e-10 
-1.56722e-07 -1.56722e-07 -1.56722e-07 -1.56722e-07 
0.00527401 0.00527401 0.00527401 0.00527401 
-5.34022e-05 -5.34022e-05 -5.34022e-05 -5.34022e-05 
2.7821e-316 2.7821e-316 2.7821e-316 2.7821e-316 
-0.00285649 -0.00285649 -0.00285649 -0.00285649 
2.77906e-316 2.77906e-316 2.77906e-316 2.77906e-316 
1605.74 1605.74 1605.74 1605.74 
2.76812e-316 2.76812e-316 2.76812e-316 2.76812e-316 
3.16202e-322 3.16202e-322 3.16202e-322 3.16202e-322 
1.63042e-322 1.63042e-322 1.63042e-322 
2.78193e-316 2.78193e-316 2.78193e-316 
2.73643e-316 2.73643e-316 2.73643e-316 
1.58101e-322 1.58101e-322 1.58101e-322 
2.37152e-322 2.37152e-322 2.37152e-322 
2.73657e-316 2.73657e-316 2.73657e-316 
0 0 0 
0 0 0 
0 0 0 
0 0 0 0 
0 0 0 0 
0 0 0 0 
1.63042e-322 1.63042e-322 1.63042e-322 1.63042e-322 
2.76901e-316 2.76901e-316 2.76901e-316 2.76901e-316 
2.76875e-316 2.76875e-316 2.76875e-316 2.76875e-316 
0.000846721 0.000846721 0.000846721 0.000846721 
0.00025403 0.00025403 0.00025403 0.00025403 
8.47011e-05 8.47011e-05 8.47011e-05 8.47011e-05 
1.63042e-322 1.63042e-322 1.63042e-322 1.63042e-322 1.63042e-322 
2.76993e-316 2.76993e-316 2.76993e-316 2.76993e-316 2.76993e-316 
4.00193e-322 4.00193e-322 4.00193e-322 4.00193e-322 4.00193e-322 
2.76902e-316 2.76902e-316 2.76902e-316 2.76902e-316 2.76902e-316 
2.76841e-316 2.76841e-316 2.76841e-316 2.76841e-316 2.76841e-316 
2.48995e-316 2.48995e-316 2.48995e-316 2.48995e-316 2.48995e-316 
2.73432e-316 2.73432e-316 2.73432e-316 2.73432e-316 2.73432e-316 
729.779 729.779 729.779 729.779 729.779 
-3.98912 -3.98912 -3.98912 -3.98912 -3.98912 
R=5parameters: 
-0.692275 -0.692275 
0.0655353 0.0655353 
-3.04511e-05 -3.04511e-05 
0.0215912 0.0215912 
-0.0172451 -0.0172451 
2.79079e-316 2.79079e-316 
3.22921e+09 3.22921e+09 
222441 222441 
-211786 -211786 
2.06025e-321 2.06025e-321 2.06025e-321 
6.92156e-310 6.92156e-310 6.92156e-310 
2.78209e-316 2.78209e-316 2.78209e-316 
1.80631e-08 1.80631e-08 1.80631e-08 
1.00212e-09 1.00212e-09 1.00212e-09 
-3.67265e-10 -3.67265e-10 -3.67265e-10 
1.88222e-11 1.88222e-11 1.88222e-11 
2.20735e-07 2.20735e-07 2.20735e-07 
-4.37002e-08 -4.37002e-08 -4.37002e-08 
6.92154e-310 6.92154e-310 6.92154e-310 6.92154e-310 
-3.57589e+287 -3.57589e+287 -3.57589e+287 -3.57589e+287 
2.33803e-316 2.33803e-316 2.33803e-316 2.33803e-316 
2.42092e-322 2.42092e-322 2.42092e-322 2.42092e-322 
-0.568771 -0.568771 -0.568771 -0.568771 
18551.7 18551.7 18551.7 18551.7 
-2735.77 -2735.77 -2735.77 -2735.77 
3.21143e-322 3.21143e-322 3.21143e-322 3.21143e-322 
2.47033e-323 2.47033e-323 2.47033e-323 2.47033e-323 
2.76876e-316 2.76876e-316 2.76876e-316 
2.05745e+06 2.05745e+06 2.05745e+06 
2.79164e-316 2.79164e-316 2.79164e-316 
1724.83 1724.83 1724.83 
2.7846e-316 2.7846e-316 2.7846e-316 
3.23796e-319 3.23796e-319 3.23796e-319 
4.79244e-322 4.79244e-322 4.79244e-322 
2.7242e-316 2.7242e-316 2.7242e-316 
7.48255e-05 7.48255e-05 7.48255e-05 
-2.802e-09 -2.802e-09 -2.802e-09 -2.802e-09 
4.36959e-09 4.36959e-09 4.36959e-09 4.36959e-09 
-7.57694e-09 -7.57694e-09 -7.57694e-09 -7.57694e-09 
-2.64068e-08 -2.64068e-08 -2.64068e-08 -2.64068e-08 
-2.66522e-09 -2.66522e-09 -2.66522e-09 -2.66522e-09 
7.95446e-322 7.95446e-322 7.95446e-322 7.95446e-322 
2.78233e-316 2.78233e-316 2.78233e-316 2.78233e-316 
2.71667e-316 2.71667e-316 2.71667e-316 2.71667e-316 
-0.927402 -0.927402 -0.927402 -0.927402 
0 0 0 0 0 
0 0 0 0 0 
0 0 0 0 0 
1.47948e+07 1.47948e+07 1.47948e+07 1.47948e+07 1.47948e+07 
703689 703689 703689 703689 703689 
-4.8599 -4.8599 -4.8599 -4.8599 -4.8599 
4.00193e-322 4.00193e-322 4.00193e-322 4.00193e-322 4.00193e-322 
2.71724e-316 2.71724e-316 2.71724e-316 2.71724e-316 2.71724e-316 
2.87598e-316 2.87598e-316 2.87598e-316 2.87598e-316 2.87598e-316 
R=6parameters: 
-0.691571 -0.691571 
0.0670354 0.0670354 
0.0471561 0.0471561 
-18.3155 -18.3155 
108.263 108.263 
2.79079e-316 2.79079e-316 
3.22921e+09 3.22921e+09 
222441 222441 
-211786 -211786 
2.06025e-321 2.06025e-321 2.06025e-321 
2.76874e-316 2.76874e-316 2.76874e-316 
6.92156e-310 6.92156e-310 6.92156e-310 
0 0 0 
0 0 0 
2.37152e-322 2.37152e-322 2.37152e-322 
2.37152e-322 2.37152e-322 2.37152e-322 
2.7747e-316 2.7747e-316 2.7747e-316 
2.69602e-316 2.69602e-316 2.69602e-316 
1.90735e-06 1.90735e-06 1.90735e-06 1.90735e-06 
355940 355940 355940 355940 
0 0 0 0 
2.42092e-322 2.42092e-322 2.42092e-322 2.42092e-322 
2.77914e-316 2.77914e-316 2.77914e-316 2.77914e-316 
2.71666e-316 2.71666e-316 2.71666e-316 2.71666e-316 
0.99787 0.99787 0.99787 0.99787 
0.994884 0.994884 0.994884 0.994884 
0 0 0 0 
3.21143e-322 3.21143e-322 3.21143e-322 
2.76901e-316 2.76901e-316 2.76901e-316 
1.6669e-316 1.6669e-316 1.6669e-316 
2.47033e-323 2.47033e-323 2.47033e-323 
2.73434e-316 2.73434e-316 2.73434e-316 
2.00568e+06 2.00568e+06 2.00568e+06 
1.66682e-316 1.66682e-316 1.66682e-316 
3.23796e-319 3.23796e-319 3.23796e-319 
2.42092e-322 2.42092e-322 2.42092e-322 
2.73432e-316 2.73432e-316 2.73432e-316 2.73432e-316 
2.76724e-316 2.76724e-316 2.76724e-316 2.76724e-316 
0 0 0 0 
3.21143e-322 3.21143e-322 3.21143e-322 3.21143e-322 
1.66743e-316 1.66743e-316 1.66743e-316 1.66743e-316 
0 0 0 0 
0 0 0 0 
0 0 0 0 
847312 847312 847312 847312 
-161338 -161338 -161338 -161338 -161338 
0 0 0 0 0 
1.63042e-322 1.63042e-322 1.63042e-322 1.63042e-322 1.63042e-322 
2.77413e-316 2.77413e-316 2.77413e-316 2.77413e-316 2.77413e-316 
0 0 0 0 0 
6.92154e-310 6.92154e-310 6.92154e-310 6.92154e-310 6.92154e-310 
2.122e-314 2.122e-314 2.122e-314 2.122e-314 2.122e-314 
6.92154e-310 6.92154e-310 6.92154e-310 6.92154e-310 6.92154e-310 
0 0 0 0 0 
R=7parameters: 
-0.690789 -0.690789 
0.0682269 0.0682269 
0.655893 0.655893 
1.55731 1.55731 
-13.3735 -13.3735 
2.79079e-316 2.79079e-316 
3.22921e+09 3.22921e+09 
222441 222441 
-211786 -211786 
2.06025e-321 2.06025e-321 2.06025e-321 
6.92156e-310 6.92156e-310 6.92156e-310 
2.77643e-316 2.77643e-316 2.77643e-316 
2.93114e-08 2.93114e-08 2.93114e-08 
-4.76994e-07 -4.76994e-07 -4.76994e-07 
-2.77534e-08 -2.77534e-08 -2.77534e-08 
5.00742e-08 5.00742e-08 5.00742e-08 
-0.000118193 -0.000118193 -0.000118193 
-5.48149e-06 -5.48149e-06 -5.48149e-06 
-13.3735 -13.3735 -13.3735 -13.3735 
2.42092e-322 2.42092e-322 2.42092e-322 2.42092e-322 
2.77413e-316 2.77413e-316 2.77413e-316 2.77413e-316 
2.42092e-322 2.42092e-322 2.42092e-322 2.42092e-322 
2.78152e-316 2.78152e-316 2.78152e-316 2.78152e-316 
-53.0859 -53.0859 -53.0859 -53.0859 
407734 407734 407734 407734 
-0.0583156 -0.0583156 -0.0583156 -0.0583156 
0 0 0 0 
3.21143e-322 3.21143e-322 3.21143e-322 
2.77972e-316 2.77972e-316 2.77972e-316 
2.79319e-316 2.79319e-316 2.79319e-316 
1.4854e-313 1.4854e-313 1.4854e-313 
2.77644e-316 2.77644e-316 2.77644e-316 
7.13375e+06 7.13375e+06 7.13375e+06 
2.7676e-316 2.7676e-316 2.7676e-316 
3.23796e-319 3.23796e-319 3.23796e-319 
6.37345e-322 6.37345e-322 6.37345e-322 
2.76812e-316 2.76812e-316 2.76812e-316 2.76812e-316 
2.78949e-316 2.78949e-316 2.78949e-316 2.78949e-316 
5.08104e-08 5.08104e-08 5.08104e-08 5.08104e-08 
0.00154816 0.00154816 0.00154816 0.00154816 
0 0 0 0 
4.00193e-322 4.00193e-322 4.00193e-322 4.00193e-322 
2.77648e-316 2.77648e-316 2.77648e-316 2.77648e-316 
1.63042e-322 1.63042e-322 1.63042e-322 1.63042e-322 
6.92154e-310 6.92154e-310 6.92154e-310 6.92154e-310 
2.7676e-316 2.7676e-316 2.7676e-316 2.7676e-316 2.7676e-316 
2.73223e-316 2.73223e-316 2.73223e-316 2.73223e-316 2.73223e-316 
2.77372e-316 2.77372e-316 2.77372e-316 2.77372e-316 2.77372e-316 
0.258271 0.258271 0.258271 0.258271 0.258271 
2.77644e-316 2.77644e-316 2.77644e-316 2.77644e-316 2.77644e-316 
2.77414e-316 2.77414e-316 2.77414e-316 2.77414e-316 2.77414e-316 
4.00193e-322 4.00193e-322 4.00193e-322 4.00193e-322 4.00193e-322 
2.77025e-316 2.77025e-316 2.77025e-316 2.77025e-316 2.77025e-316 
2.77913e-316 2.77913e-316 2.77913e-316 2.77913e-316 2.77913e-316 
R=8parameters: 
-0.690026 -0.690026 
0.0691468 0.0691468 
-3.52876e-05 -3.52876e-05 
0.0250516 0.0250516 
-0.0195775 -0.0195775 
2.79079e-316 2.79079e-316 
3.22921e+09 3.22921e+09 
222441 222441 
-211786 -211786 
2.06025e-321 2.06025e-321 2.06025e-321 
2.78209e-316 2.78209e-316 2.78209e-316 
2.76874e-316 2.76874e-316 2.76874e-316 
0.848051 0.848051 0.848051 
0.20469 0.20469 0.20469 
2.37152e-322 2.37152e-322 2.37152e-322 
2.37152e-322 2.37152e-322 2.37152e-322 
2.69528e-316 2.69528e-316 2.69528e-316 
0 0 0 
0 0 0 0 
0 0 0 0 
84553.9 84553.9 84553.9 84553.9 
-0.00820246 -0.00820246 -0.00820246 -0.00820246 
-0.00804435 -0.00804435 -0.00804435 -0.00804435 
1.63042e-322 1.63042e-322 1.63042e-322 1.63042e-322 
6.92154e-310 6.92154e-310 6.92154e-310 6.92154e-310 
2.122e-314 2.122e-314 2.122e-314 2.122e-314 
2.77912e-316 2.77912e-316 2.77912e-316 2.77912e-316 
3.21143e-322 3.21143e-322 3.21143e-322 
2.47033e-323 2.47033e-323 2.47033e-323 
-3.57589e+287 -3.57589e+287 -3.57589e+287 
2.47033e-323 2.47033e-323 2.47033e-323 
2.70219e-316 2.70219e-316 2.70219e-316 
6.11204e+06 6.11204e+06 6.11204e+06 
2.78726e-316 2.78726e-316 2.78726e-316 
3.23796e-319 3.23796e-319 3.23796e-319 
1.0326e-321 1.0326e-321 1.0326e-321 
2.7741e-316 2.7741e-316 2.7741e-316 2.7741e-316 
2.71666e-316 2.71666e-316 2.71666e-316 2.71666e-316 
-0.61285 -0.61285 -0.61285 -0.61285 
-7.89502e-08 -7.89502e-08 -7.89502e-08 -7.89502e-08 
-1.76265e-08 -1.76265e-08 -1.76265e-08 -1.76265e-08 
2.52854e-08 2.52854e-08 2.52854e-08 2.52854e-08 
0 0 0 0 
-30454.9 -30454.9 -30454.9 -30454.9 
-88032.6 -88032.6 -88032.6 -88032.6 
84305.2 84305.2 84305.2 84305.2 84305.2 
-409990 -409990 -409990 -409990 -409990 
210.374 210.374 210.374 210.374 210.374 
1.58101e-321 1.58101e-321 1.58101e-321 1.58101e-321 1.58101e-321 
3.16202e-322 3.16202e-322 3.16202e-322 3.16202e-322 3.16202e-322 
6.92154e-310 6.92154e-310 6.92154e-310 6.92154e-310 6.92154e-310 
2.122e-314 2.122e-314 2.122e-314 2.122e-314 2.122e-314 
0.000212076 0.000212076 0.000212076 0.000212076 0.000212076 
3.21143e-322 3.21143e-322 3.21143e-322 3.21143e-322 3.21143e-322 
R=9parameters: 
-0.689427 -0.689427 
0.0697889 0.0697889 
0.0473455 0.0473455 
-18.3075 -18.3075 
108.164 108.164 
2.79079e-316 2.79079e-316 
3.22921e+09 3.22921e+09 
222441 222441 
-211786 -211786 
2.06025e-321 2.06025e-321 2.06025e-321 
2.77643e-316 2.77643e-316 2.77643e-316 
2.78209e-316 2.78209e-316 2.78209e-316 
0.142856 0.142856 0.142856 
2.70492e-316 2.70492e-316 2.70492e-316 
203216 203216 203216 
4.94066e-324 4.94066e-324 4.94066e-324 
2.80351e-316 2.80351e-316 2.80351e-316 
1.11165e-321 1.11165e-321 1.11165e-321 
6.92154e-310 6.92154e-310 6.92154e-310 6.92154e-310 
2.122e-314 2.122e-314 2.122e-314 2.122e-314 
1.66349e-316 1.66349e-316 1.66349e-316 1.66349e-316 
2.42092e-322 2.42092e-322 2.42092e-322 2.42092e-322 
2.77119e-316 2.77119e-316 2.77119e-316 2.77119e-316 
4.51848e+06 4.51848e+06 4.51848e+06 4.51848e+06 
-421822 -421822 -421822 -421822 
-315834 -315834 -315834 -315834 
3.95253e-322 3.95253e-322 3.95253e-322 3.95253e-322 
2.37152e-322 2.37152e-322 2.37152e-322 
2.73646e-316 2.73646e-316 2.73646e-316 
0.221208 0.221208 0.221208 
10.7943 10.7943 10.7943 
-7.26246 -7.26246 -7.26246 
3.24347e+06 3.24347e+06 3.24347e+06 
4.94066e-324 4.94066e-324 4.94066e-324 
2.70491e-316 2.70491e-316 2.70491e-316 
1.0326e-321 1.0326e-321 1.0326e-321 
2.77144e-316 2.77144e-316 2.77144e-316 2.77144e-316 
2.78209e-316 2.78209e-316 2.78209e-316 2.78209e-316 
1.58101e-322 1.58101e-322 1.58101e-322 1.58101e-322 
2.78982e-316 2.78982e-316 2.78982e-316 2.78982e-316 
2.7162e-316 2.7162e-316 2.7162e-316 2.7162e-316 
2.71621e-316 2.71621e-316 2.71621e-316 2.71621e-316 
6.92154e-310 6.92154e-310 6.92154e-310 6.92154e-310 
2.122e-314 2.122e-314 2.122e-314 2.122e-314 
2.70492e-316 2.70492e-316 2.70492e-316 2.70492e-316 
2.37152e-322 2.37152e-322 2.37152e-322 2.37152e-322 2.37152e-322 
-2.09809e-06 -2.09809e-06 -2.09809e-06 -2.09809e-06 -2.09809e-06 
2.42092e-322 2.42092e-322 2.42092e-322 2.42092e-322 2.42092e-322 
0 0 0 0 0 
2.70491e-316 2.70491e-316 2.70491e-316 2.70491e-316 2.70491e-316 
2.97886e+07 2.97886e+07 2.97886e+07 2.97886e+07 2.97886e+07 
4.00193e-322 4.00193e-322 4.00193e-322 4.00193e-322 4.00193e-322 
1.061e-313 1.061e-313 1.061e-313 1.061e-313 1.061e-313 
2.122e-314 2.122e-314 2.122e-314 2.122e-314 2.122e-314 
R=10parameters: 
-0.689086 -0.689086 
0.0701694 0.0701694 
-3.63888e-05 -3.63888e-05 
0.0255827 0.0255827 
-0.0193189 -0.0193189 
2.79079e-316 2.79079e-316 
3.22921e+09 3.22921e+09 
222441 222441 
-211786 -211786 
2.06025e-321 2.06025e-321 2.06025e-321 
2.77643e-316 2.77643e-316 2.77643e-316 
2.78209e-316 2.78209e-316 2.78209e-316 
4.8006e+08 4.8006e+08 4.8006e+08 
1.13165e+07 1.13165e+07 1.13165e+07 
2.37152e-322 2.37152e-322 2.37152e-322 
2.37152e-322 2.37152e-322 2.37152e-322 
2.78156e-316 2.78156e-316 2.78156e-316 
0 0 0 
1 1 1 1 
2.122e-314 2.122e-314 2.122e-314 2.122e-314 
2.77413e-316 2.77413e-316 2.77413e-316 2.77413e-316 
2.37152e-322 2.37152e-322 2.37152e-322 2.37152e-322 
2.7747e-316 2.7747e-316 2.7747e-316 2.7747e-316 
-0.00519274 -0.00519274 -0.00519274 -0.00519274 
1148.41 1148.41 1148.41 1148.41 
2.79076e-316 2.79076e-316 2.79076e-316 2.79076e-316 
3.23796e-319 3.23796e-319 3.23796e-319 3.23796e-319 
1.63042e-322 1.63042e-322 1.63042e-322 
6.92154e-310 6.92154e-310 6.92154e-310 
0 0 0 
1.58101e-322 1.58101e-322 1.58101e-322 
2.37152e-322 2.37152e-322 2.37152e-322 
2.69612e-316 2.69612e-316 2.69612e-316 
2.7046e-316 2.7046e-316 2.7046e-316 
0.0625 0.0625 0.0625 
4.94066e-324 4.94066e-324 4.94066e-324 
3.95253e-322 3.95253e-322 3.95253e-322 3.95253e-322 
2.37152e-322 2.37152e-322 2.37152e-322 2.37152e-322 
2.75363e-316 2.75363e-316 2.75363e-316 2.75363e-316 
2.78962e-316 2.78962e-316 2.78962e-316 2.78962e-316 
6781.04 6781.04 6781.04 6781.04 
-1.22068e-07 -1.22068e-07 -1.22068e-07 -1.22068e-07 
-5.34381e-09 -5.34381e-09 -5.34381e-09 -5.34381e-09 
2.15136e-08 2.15136e-08 2.15136e-08 2.15136e-08 
0 0 0 0 
0 0 0 0 0 
0 0 0 0 0 
2.77414e-316 2.77414e-316 2.77414e-316 2.77414e-316 2.77414e-316 
-0.0337796 -0.0337796 -0.0337796 -0.0337796 -0.0337796 
-2.84725 -2.84725 -2.84725 -2.84725 -2.84725 
2.47033e-323 2.47033e-323 2.47033e-323 2.47033e-323 2.47033e-323 
2.77643e-316 2.77643e-316 2.77643e-316 2.77643e-316 2.77643e-316 
4.98762e+06 4.98762e+06 4.98762e+06 4.98762e+06 4.98762e+06 
-1.38777e+06 -1.38777e+06 -1.38777e+06 -1.38777e+06 -1.38777e+06 
R=11parameters: 
-0.688933 -0.688933 
0.0703568 0.0703568 
-3.82891e-05 -3.82891e-05 
0.0240184 0.0240184 
-0.0170962 -0.0170962 
2.79079e-316 2.79079e-316 
3.22921e+09 3.22921e+09 
222441 222441 
-211786 -211786 
2.06025e-321 2.06025e-321 2.06025e-321 
2.78209e-316 2.78209e-316 2.78209e-316 
2.77643e-316 2.77643e-316 2.77643e-316 
2.6959e-316 2.6959e-316 2.6959e-316 
2.73229e-316 2.73229e-316 2.73229e-316 
2.86359e-316 2.86359e-316 2.86359e-316 
2.73631e-316 2.73631e-316 2.73631e-316 
1669.19 1669.19 1669.19 
19544.2 19544.2 19544.2 
-0.000557601 -0.000557601 -0.000557601 -0.000557601 
8.1222e-07 8.1222e-07 8.1222e-07 8.1222e-07 
0 0 0 0 
0 0 0 0 
0 0 0 0 
0 0 0 0 
2.84778e+07 2.84778e+07 2.84778e+07 2.84778e+07 
2.77414e-316 2.77414e-316 2.77414e-316 2.77414e-316 
2.47033e-323 2.47033e-323 2.47033e-323 2.47033e-323 
2.77414e-316 2.77414e-316 2.77414e-316 
2.48995e-316 2.48995e-316 2.48995e-316 
4.79244e-322 4.79244e-322 4.79244e-322 
2.76876e-316 2.76876e-316 2.76876e-316 
2.78209e-316 2.78209e-316 2.78209e-316 
4.4983e+06 4.4983e+06 4.4983e+06 
968955 968955 968955 
2.37152e-322 2.37152e-322 2.37152e-322 
2.37152e-322 2.37152e-322 2.37152e-322 
2.77119e-316 2.77119e-316 2.77119e-316 2.77119e-316 
1.88589e-06 1.88589e-06 1.88589e-06 1.88589e-06 
1.0921e-05 1.0921e-05 1.0921e-05 1.0921e-05 
2.122e-314 2.122e-314 2.122e-314 2.122e-314 
2.782e-316 2.782e-316 2.782e-316 2.782e-316 
1.63042e-322 1.63042e-322 1.63042e-322 1.63042e-322 
6.92154e-310 6.92154e-310 6.92154e-310 6.92154e-310 
2.122e-314 2.122e-314 2.122e-314 2.122e-314 
3.16202e-322 3.16202e-322 3.16202e-322 3.16202e-322 
3.95253e-322 3.95253e-322 3.95253e-322 3.95253e-322 3.95253e-322 
2.7829e-316 2.7829e-316 2.7829e-316 2.7829e-316 2.7829e-316 
2.73672e-316 2.73672e-316 2.73672e-316 2.73672e-316 2.73672e-316 
1.03119e+08 1.03119e+08 1.03119e+08 1.03119e+08 1.03119e+08 
0 0 0 0 0 
0 0 0 0 0 
1.63042e-322 1.63042e-322 1.63042e-322 1.63042e-322 1.63042e-322 
3.92264e+06 3.92264e+06 3.92264e+06 3.92264e+06 3.92264e+06 
1.63042e-322 1.63042e-322 1.63042e-322 1.63042e-322 1.63042e-322 
T Models:
(* Fitting with shape 1 1 1 1 1 1 1 1 1 1 0 0 *)
G[T_,xx_]:=Exp[0+xx[[1]]*T^1+xx[[2]]*T^2]*(1)
(* Fitting with shape 1 1 1 1 1 1 1 1 1 1 1 0 *)
G[T_,xx_]:=Exp[0+xx[[1]]*T^1+xx[[2]]*T^2]*(1)
(* Fitting with shape 1 1 1 1 1 1 1 1 1 1 1 1 *)
G[T_,xx_]:=Exp[0+xx[[1]]*T^1+xx[[2]]*T^2]*(1)
(* Fitting with shape 0 1 1 1 1 1 1 1 1 1 0 0 *)
G[T_,xx_]:=Exp[0+xx[[1]]*T^1+xx[[2]]*T^2]*(1)
(* Fitting with shape 0 1 1 1 1 1 1 1 1 1 1 0 *)
G[T_,xx_]:=Exp[0+xx[[1]]*T^1+xx[[2]]*T^2]*(1)
(* Fitting with shape 0 1 1 1 1 1 1 1 1 1 1 1 *)
G[T_,xx_]:=Exp[0+xx[[1]]*T^1+xx[[2]]*T^2]*(1)
(* Fitting with shape 0 0 1 1 1 1 1 1 1 1 0 0 *)
G[T_,xx_]:=Exp[0+xx[[1]]*T^1+xx[[2]]*T^2]*(1)
(* Fitting with shape 0 0 1 1 1 1 1 1 1 1 1 0 *)
G[T_,xx_]:=Exp[0+xx[[1]]*T^1+xx[[2]]*T^2]*(1)
(* Fitting with shape 0 0 1 1 1 1 1 1 1 1 1 1 *)
G[T_,xx_]:=Exp[0+xx[[1]]*T^1+xx[[2]]*T^2]*(1)
(* Fitting with shape 1 1 1 1 1 1 1 1 1 1 0 0 *)
G[T_,xx_]:=Exp[0+xx[[1]]*T^1+xx[[2]]*T^2]*(1+xx[[3]]/(T^1))
(* Fitting with shape 1 1 1 1 1 1 1 1 1 1 1 0 *)
G[T_,xx_]:=Exp[0+xx[[1]]*T^1+xx[[2]]*T^2]*(1+xx[[3]]/(T^1))
(* Fitting with shape 1 1 1 1 1 1 1 1 1 1 1 1 *)
G[T_,xx_]:=Exp[0+xx[[1]]*T^1+xx[[2]]*T^2]*(1+xx[[3]]/(T^1))
(* Fitting with shape 0 1 1 1 1 1 1 1 1 1 0 0 *)
G[T_,xx_]:=Exp[0+xx[[1]]*T^1+xx[[2]]*T^2]*(1+xx[[3]]/(T^1))
(* Fitting with shape 0 1 1 1 1 1 1 1 1 1 1 0 *)
G[T_,xx_]:=Exp[0+xx[[1]]*T^1+xx[[2]]*T^2]*(1+xx[[3]]/(T^1))
(* Fitting with shape 0 1 1 1 1 1 1 1 1 1 1 1 *)
G[T_,xx_]:=Exp[0+xx[[1]]*T^1+xx[[2]]*T^2]*(1+xx[[3]]/(T^1))
(* Fitting with shape 0 0 1 1 1 1 1 1 1 1 0 0 *)
G[T_,xx_]:=Exp[0+xx[[1]]*T^1+xx[[2]]*T^2]*(1+xx[[3]]/(T^1))
(* Fitting with shape 0 0 1 1 1 1 1 1 1 1 1 0 *)
G[T_,xx_]:=Exp[0+xx[[1]]*T^1+xx[[2]]*T^2]*(1+xx[[3]]/(T^1))
(* Fitting with shape 0 0 1 1 1 1 1 1 1 1 1 1 *)
G[T_,xx_]:=Exp[0+xx[[1]]*T^1+xx[[2]]*T^2]*(1+xx[[3]]/(T^1))
(* Fitting with shape 1 1 1 1 1 1 1 1 1 1 0 0 *)
G[T_,xx_]:=Exp[0+xx[[1]]*T^1+xx[[2]]*T^2]*(1+xx[[3]]/(T^1)+xx[[4]]/(T^2))
(* Fitting with shape 1 1 1 1 1 1 1 1 1 1 1 0 *)
G[T_,xx_]:=Exp[0+xx[[1]]*T^1+xx[[2]]*T^2]*(1+xx[[3]]/(T^1)+xx[[4]]/(T^2))
(* Fitting with shape 1 1 1 1 1 1 1 1 1 1 1 1 *)
G[T_,xx_]:=Exp[0+xx[[1]]*T^1+xx[[2]]*T^2]*(1+xx[[3]]/(T^1)+xx[[4]]/(T^2))
(* Fitting with shape 0 1 1 1 1 1 1 1 1 1 0 0 *)
G[T_,xx_]:=Exp[0+xx[[1]]*T^1+xx[[2]]*T^2]*(1+xx[[3]]/(T^1)+xx[[4]]/(T^2))
(* Fitting with shape 0 1 1 1 1 1 1 1 1 1 1 0 *)
G[T_,xx_]:=Exp[0+xx[[1]]*T^1+xx[[2]]*T^2]*(1+xx[[3]]/(T^1)+xx[[4]]/(T^2))
(* Fitting with shape 0 1 1 1 1 1 1 1 1 1 1 1 *)
G[T_,xx_]:=Exp[0+xx[[1]]*T^1+xx[[2]]*T^2]*(1+xx[[3]]/(T^1)+xx[[4]]/(T^2))
(* Fitting with shape 0 0 1 1 1 1 1 1 1 1 0 0 *)
G[T_,xx_]:=Exp[0+xx[[1]]*T^1+xx[[2]]*T^2]*(1+xx[[3]]/(T^1)+xx[[4]]/(T^2))
(* Fitting with shape 0 0 1 1 1 1 1 1 1 1 1 0 *)
G[T_,xx_]:=Exp[0+xx[[1]]*T^1+xx[[2]]*T^2]*(1+xx[[3]]/(T^1)+xx[[4]]/(T^2))
(* Fitting with shape 0 0 1 1 1 1 1 1 1 1 1 1 *)
G[T_,xx_]:=Exp[0+xx[[1]]*T^1+xx[[2]]*T^2]*(1+xx[[3]]/(T^1)+xx[[4]]/(T^2))
(* Fitting with shape 1 1 1 1 1 1 1 1 1 1 0 0 *)
G[T_,xx_]:=Exp[0+xx[[1]]*T^1+xx[[2]]*T^2+xx[[3]]*T^3]*(1)
(* Fitting with shape 1 1 1 1 1 1 1 1 1 1 1 0 *)
G[T_,xx_]:=Exp[0+xx[[1]]*T^1+xx[[2]]*T^2+xx[[3]]*T^3]*(1)
(* Fitting with shape 1 1 1 1 1 1 1 1 1 1 1 1 *)
G[T_,xx_]:=Exp[0+xx[[1]]*T^1+xx[[2]]*T^2+xx[[3]]*T^3]*(1)
(* Fitting with shape 0 1 1 1 1 1 1 1 1 1 0 0 *)
G[T_,xx_]:=Exp[0+xx[[1]]*T^1+xx[[2]]*T^2+xx[[3]]*T^3]*(1)
(* Fitting with shape 0 1 1 1 1 1 1 1 1 1 1 0 *)
G[T_,xx_]:=Exp[0+xx[[1]]*T^1+xx[[2]]*T^2+xx[[3]]*T^3]*(1)
(* Fitting with shape 0 1 1 1 1 1 1 1 1 1 1 1 *)
G[T_,xx_]:=Exp[0+xx[[1]]*T^1+xx[[2]]*T^2+xx[[3]]*T^3]*(1)
(* Fitting with shape 0 0 1 1 1 1 1 1 1 1 0 0 *)
G[T_,xx_]:=Exp[0+xx[[1]]*T^1+xx[[2]]*T^2+xx[[3]]*T^3]*(1)
(* Fitting with shape 0 0 1 1 1 1 1 1 1 1 1 0 *)
G[T_,xx_]:=Exp[0+xx[[1]]*T^1+xx[[2]]*T^2+xx[[3]]*T^3]*(1)
(* Fitting with shape 0 0 1 1 1 1 1 1 1 1 1 1 *)
G[T_,xx_]:=Exp[0+xx[[1]]*T^1+xx[[2]]*T^2+xx[[3]]*T^3]*(1)
(* Fitting with shape 1 1 1 1 1 1 1 1 1 1 0 0 *)
G[T_,xx_]:=Exp[0+xx[[1]]*T^1+xx[[2]]*T^2+xx[[3]]*T^3]*(1+xx[[4]]/(T^1))
(* Fitting with shape 1 1 1 1 1 1 1 1 1 1 1 0 *)
G[T_,xx_]:=Exp[0+xx[[1]]*T^1+xx[[2]]*T^2+xx[[3]]*T^3]*(1+xx[[4]]/(T^1))
(* Fitting with shape 1 1 1 1 1 1 1 1 1 1 1 1 *)
G[T_,xx_]:=Exp[0+xx[[1]]*T^1+xx[[2]]*T^2+xx[[3]]*T^3]*(1+xx[[4]]/(T^1))
(* Fitting with shape 0 1 1 1 1 1 1 1 1 1 0 0 *)
G[T_,xx_]:=Exp[0+xx[[1]]*T^1+xx[[2]]*T^2+xx[[3]]*T^3]*(1+xx[[4]]/(T^1))
(* Fitting with shape 0 1 1 1 1 1 1 1 1 1 1 0 *)
G[T_,xx_]:=Exp[0+xx[[1]]*T^1+xx[[2]]*T^2+xx[[3]]*T^3]*(1+xx[[4]]/(T^1))
(* Fitting with shape 0 1 1 1 1 1 1 1 1 1 1 1 *)
G[T_,xx_]:=Exp[0+xx[[1]]*T^1+xx[[2]]*T^2+xx[[3]]*T^3]*(1+xx[[4]]/(T^1))
(* Fitting with shape 0 0 1 1 1 1 1 1 1 1 0 0 *)
G[T_,xx_]:=Exp[0+xx[[1]]*T^1+xx[[2]]*T^2+xx[[3]]*T^3]*(1+xx[[4]]/(T^1))
(* Fitting with shape 0 0 1 1 1 1 1 1 1 1 1 0 *)
G[T_,xx_]:=Exp[0+xx[[1]]*T^1+xx[[2]]*T^2+xx[[3]]*T^3]*(1+xx[[4]]/(T^1))
(* Fitting with shape 0 0 1 1 1 1 1 1 1 1 1 1 *)
G[T_,xx_]:=Exp[0+xx[[1]]*T^1+xx[[2]]*T^2+xx[[3]]*T^3]*(1+xx[[4]]/(T^1))
(* Fitting with shape 1 1 1 1 1 1 1 1 1 1 0 0 *)
G[T_,xx_]:=Exp[0+xx[[1]]*T^1+xx[[2]]*T^2+xx[[3]]*T^3]*(1+xx[[4]]/(T^1)+xx[[5]]/(T^2))
(* Fitting with shape 1 1 1 1 1 1 1 1 1 1 1 0 *)
G[T_,xx_]:=Exp[0+xx[[1]]*T^1+xx[[2]]*T^2+xx[[3]]*T^3]*(1+xx[[4]]/(T^1)+xx[[5]]/(T^2))
(* Fitting with shape 1 1 1 1 1 1 1 1 1 1 1 1 *)
G[T_,xx_]:=Exp[0+xx[[1]]*T^1+xx[[2]]*T^2+xx[[3]]*T^3]*(1+xx[[4]]/(T^1)+xx[[5]]/(T^2))
(* Fitting with shape 0 1 1 1 1 1 1 1 1 1 0 0 *)
G[T_,xx_]:=Exp[0+xx[[1]]*T^1+xx[[2]]*T^2+xx[[3]]*T^3]*(1+xx[[4]]/(T^1)+xx[[5]]/(T^2))
(* Fitting with shape 0 1 1 1 1 1 1 1 1 1 1 0 *)
G[T_,xx_]:=Exp[0+xx[[1]]*T^1+xx[[2]]*T^2+xx[[3]]*T^3]*(1+xx[[4]]/(T^1)+xx[[5]]/(T^2))
(* Fitting with shape 0 1 1 1 1 1 1 1 1 1 1 1 *)
G[T_,xx_]:=Exp[0+xx[[1]]*T^1+xx[[2]]*T^2+xx[[3]]*T^3]*(1+xx[[4]]/(T^1)+xx[[5]]/(T^2))
(* Fitting with shape 0 0 1 1 1 1 1 1 1 1 0 0 *)
G[T_,xx_]:=Exp[0+xx[[1]]*T^1+xx[[2]]*T^2+xx[[3]]*T^3]*(1+xx[[4]]/(T^1)+xx[[5]]/(T^2))
(* Fitting with shape 0 0 1 1 1 1 1 1 1 1 1 0 *)
G[T_,xx_]:=Exp[0+xx[[1]]*T^1+xx[[2]]*T^2+xx[[3]]*T^3]*(1+xx[[4]]/(T^1)+xx[[5]]/(T^2))
(* Fitting with shape 0 0 1 1 1 1 1 1 1 1 1 1 *)
G[T_,xx_]:=Exp[0+xx[[1]]*T^1+xx[[2]]*T^2+xx[[3]]*T^3]*(1+xx[[4]]/(T^1)+xx[[5]]/(T^2))
Probabilities: 
         0          0          0          0          0          0          0          0          0          0          0          0          0          0          0          0          0          0          0          0          0          0          0          0          0          0          0          0          0          0          0          0          0          0          0          0          0          0          0          0          0          0          0          0          0          0          0          0          0          0          0          1          0          0
         0          0          0          0          0          0          0          0          0          0          0          0          0          0          0          0          0          0          0          0          0          0          0          0  0.0146775          0          0          0          0          0          0          0          0          0          0          0          0          0          0          0          0          0   0.985322          0          0          0          0          0          0          0          0          0          0          0
         0          0          0          0          0          0          0          0          0          0          0          0          0          0          0          0          0          0          0          0          0          0          0          0  0.0169095          0          0          0          0          0          0          0          0          0          0          0          0          0          0          0          0          0   0.589997          0          0          0          0          0          0          0          0   0.393094          0          0
         0          0          0          0          0          0          0          0          0          0          0          0          0          0          0          0          0          0          0          0          0          0          0          0   0.122483          0          0          0          0          0          0          0          0          0          0          0          0          0          0          0          0          0          0          0          0          0          0          0          0          0          0   0.877517          0          0
         0          0          0          0          0          0          0          0          0          0          0          0          0          0          0          0          0          0          0          0          0          0          0          0   0.233054          0          0          0          0          0          0          0          0          0          0          0          0          0          0          0          0          0          0          0          0          0          0          0          0          0          0   0.766946          0          0
         0          0          0          0          0          0          0          0          0          0          0          0          0          0          0          0          0          0          0          0          0          0          0          0          0          0          0          0          0          0          0          0          0          0          0          0          0          0          0          0          0          0          0          0          0          0          0          0          0          0          0          1          0          0
         0          0          0          0          0          0          0          0          0          0          0          0          0          0          0          0          0          0          0          0          0          0          0          0   0.147516          0          0          0          0          0          0          0          0          0          0          0          0          0          0          0          0          0   0.623191          0          0          0          0          0          0          0          0   0.229292          0          0
         0          0          0          0          0          0          0          0          0          0          0          0          0          0          0          0          0          0          0          0          0          0          0          0          0          0          0          0          0          0          0          0          0          0          0          0          0          0          0          0          0          0          1          0          0          0          0          0          0          0          0          0          0          0
         0          0          0          0          0          0          0          0          0          0          0          0          0          0          0          0          0          0          0          0          0  0.0811778          0          0          0          0          0          0          0          0          0          0          0          0          0          0          0          0          0          0          0          0          0   0.670366          0          0          0          0          0          0          0          0   0.248457          0
         0          0          0          0          0          0          0          0          0          0          0          0          0          0          0          0          0          0          0          0          0          0          0          0   0.554834          0          0          0          0          0          0          0          0          0          0          0          0          0          0          0          0          0          0          0          0          0          0          0          0          0          0   0.445166          0          0
         0          0          0          0          0          0          0          0          0          0          0          0          0          0          0 0.00844962          0          0          0          0          0          0          0          0   0.264457          0          0          0          0          0          0          0          0          0          0          0          0          0          0          0          0          0   0.531544          0          0          0          0          0          0          0          0   0.195549          0          0
         0          0          0          0          0          0          0          0          0          0          0          0          0          0          0  0.0108658          0          0          0          0          0          0          0          0   0.274297          0          0          0          0          0          0          0          0          0          0          0          0          0          0          0          0          0   0.522568          0          0          0          0          0          0          0          0   0.192269          0          0

Values: 
  0.0376394   0.0376432   0.0376408   0.0376247    0.140906   0.0376278   0.0375829   0.0375879   0.0375882           1           1   0.0375503   0.0374069   0.0374083   0.0374097   0.0373162   0.0373113    0.037313   0.0373332   0.0373307   0.0373321   0.0372367   0.0372284   0.0372293   0.0371811    0.384204    0.366762     1.11679      1.1265     1.12106     1.07604     1.07603     1.08191    0.989777    0.985284     1.00311    0.966877    0.972279    0.971158   0.0377932     1.07487           1   0.0376721   0.0376238   0.0375992   0.0376861   0.0376357    0.864469     1.07041   0.0374984     1.25195   0.0374742   0.0373962     1.31285
  0.0512359   0.0512027   0.0512052   0.0512942   0.0512621   0.0512665    0.164766    0.160382   0.0513264   0.0512836    0.051255   0.0512606    0.284267    0.299547    0.275159   0.0511126    0.384292    0.352441   0.0511435   0.0511211    0.937103    0.051026   0.0510055   0.0510031   0.0509821   0.0509721   0.0509698    0.937668    0.933972    0.941107     1.11546     1.09151     1.09643     1.01738     1.01195    0.994353   0.0520984   0.0520045   0.0699811     1.05292     1.03212   0.0517319   0.0516929   0.0516337     1.67051    0.590766   0.0516356    0.951147     1.04068    0.928418    0.851208    0.606173     1.16334    0.918602
  0.0574711   0.0574199   0.0574241   0.0575713    0.057515   0.0575208   0.0576859   0.0576288   0.0576311    0.057583   0.0575306    0.112399    0.229304   0.0574926   0.0574973   0.0574087   0.0573642   0.0573577    0.697868   0.0574115    0.346366   0.0573105   0.0572759   0.0572702   0.0572667   0.0572459   0.0572405      1.2743    0.058873     1.06241   0.0588931     1.31251   0.0586346     1.33486     1.05774     1.23434    0.978047   0.0585539    0.975915   -0.180493     1.24432     1.00299   0.0581602    0.761936   0.0580323           1           1           1   0.0579635   0.0579154     1.01423    0.057923    0.057841   0.0576745
  0.0611685   0.0611166   0.0611228   0.0613428   0.0612729   0.0612802   0.0615252    0.061465    0.061469   0.0613729   0.0613072   0.0613173    0.237323    0.234517    0.191853   0.0611524   0.0610971    0.311851   0.0612009    0.061152  -0.0125281   0.0610227   0.0609689   0.0609564   0.0609634   0.0609245   0.0609129    0.988871    0.964243     1.01799     1.11925      1.1283     1.34853     1.00349     1.03691     1.15684    0.062544    0.952646    0.920481   0.0621814     0.99662    0.907654     0.74471    0.594424    0.881295           1           1           1   0.0618081   0.0618162   0.0617092   0.0618481     1.31764   0.0615815
  0.0637156   0.0636595   0.0636653    0.191134   0.0638587   0.0638602   0.0641712   0.0641028    0.064104   0.0849275    0.084079   0.0639075     0.21258    0.209447    0.210619   0.0637248   0.0636629   0.0636454   0.0637786   0.0637242    0.205018   0.0635727   0.0635107   0.0634927    0.063499     0.06345   0.0634326     1.02977   0.0656932   0.0653811     1.10422     1.10752     1.12187     1.07952     1.00327     1.03817     1.00529   0.0652064     0.97527   0.0648568     1.13795     0.94038    0.896666   0.0646575   0.0645621   0.0646155           1   0.0645197      0.9626   0.0644778    -1.29029   0.0645524     3.53398   0.0642376
  0.0655994   0.0655353   0.0655431   0.0658321   0.0657441      0.1686   0.0661068   0.0660331   0.0660387   0.0658822    0.065801   0.0658103    0.230747    0.223879    0.226603   0.0656371   0.0655707   0.0655534  -0.0152717    0.169153    0.245234    0.363273   0.0653986   0.0653792    0.606605   0.0653172   0.0652981   0.0679259     1.04463     1.10027     1.09743     1.10028     1.10756     1.02673     1.02798    -9.05998   0.0672946    0.962704     0.97099   -0.657018   0.0668065   0.0667068     1.03261    0.066639   0.0665325   0.0665774    0.877113    0.851336   0.0664246   0.0664632   0.0663233   0.0665621   0.0666008   -0.980397
  0.0671067   0.0670354    0.067049   0.0673187   0.0672174    0.158061   0.0676046   0.0675226   0.0675452   0.0673536   0.0672606   0.0672837    0.215729    0.207544    0.223803    0.487605    0.500591   0.0670082   0.0671415   0.0670751   0.0670764   0.0669114   0.0668318    0.066813   0.0668083   0.0667308   0.0667117     1.10325     1.07213     1.12096     1.09975     1.10236     1.10284     1.15045     1.06884     1.17935    0.968765    0.977061    0.976693   0.0683286    -2.18047    0.068199   0.0681163   0.0681401   0.0680235   0.0680538      0.6848    0.584405     1.27596   0.0679751   0.0678194    0.068104   0.0681885    0.642672
   0.068295   0.0682269   0.0682344    0.192112    0.068365    0.174555   0.0687436   0.0686647   0.0686802   0.0684708    0.068381   0.0683969   0.0684021   0.0683318   0.0683378    0.507171    0.517167   0.0680961   0.0682344    0.142761    0.068166   0.0679968    0.813149   0.0678973    0.585656   0.0678151   0.0677948     1.12375     1.09256      1.1448     1.10174     1.10483     1.10452   0.0702129     1.02533     1.06143    0.973931   0.0699264    0.925774    -33.1828     1.13416    0.931338   0.0692048   0.0692457   0.0691027   0.0691478    0.437605   0.0690435      1.2303   0.0690629     0.06887     0.47683     1.02249   0.0687382
  0.0692221   0.0691468   0.0691545   0.0693484   0.0692425   0.0692615   0.0696079   0.0695162    0.069537   0.0468179   0.0692258   0.0692476   0.0692314   0.0691513   0.0691588    0.440338   0.0689208   0.0689036    0.118147    0.144717   0.0689786   0.0688078    0.068719   0.0687001    0.652948    0.579746    0.607917     1.14741     1.12436     1.15987     1.10144     1.10405     1.10357    0.981862    0.976935     1.31211    0.905167    0.974263    0.888064    -44.5089     1.12786    0.973151    0.779873   0.0700788    0.329089   -0.234201   0.0700041   0.0698716    0.969441    0.920248   0.0696923     1.23996   0.0701698   -0.980527
  0.0698824   0.0697889   0.0697938     0.06998   0.0698624   0.0698738   0.0702171   0.0701153   0.0701284   0.0699252   0.0698174   0.0464603   0.0698012   0.0697145   0.0697163    0.433245   0.0694698     0.50605   0.0696155   0.0695354   0.0695278    0.813263    0.812186   0.0692401   0.0692572    0.560709   0.0691348     1.14818     1.12788     1.15723     1.10054     1.10356   0.0716081    0.983675    0.975759     1.01943    0.891434    0.975816    0.849302   0.0708482    -11.5351    0.851231    0.910843   0.0706356    0.727959    0.656931   0.0705671    0.841688   0.0702945      1.0808   0.0702278   0.0705629   0.0707982   0.0701154
  0.0702627   0.0701694   0.0701745    0.158063   0.0702216    0.283946   0.0705691   0.0704769   0.0704965   0.0485889   0.0701649   0.0701855   0.0701363   0.0700558   0.0700611   0.0698931   0.0698096    0.503161    0.150242 -0.00448266     1.32709    0.813464   0.0696011    0.815017   0.0695959    0.069493   0.0694717     1.14319   0.0726218     1.15706     1.09881     1.10192     1.10424     1.17383    0.977423     1.04533    0.823264     0.92388    0.899657   0.0711849     1.26693    0.071048   0.0708898    0.070969   0.0708171   0.0708546    0.676247   0.0707674   0.0706057    0.940248   0.0705745   0.0708822   0.0711563   0.0704982
  0.0704417   0.0703568   0.0703618   0.0705011   0.0703937   0.0704145   0.0707091    0.070621   0.0706433   0.0704108    0.070314   0.0703378    0.070258   0.0701812   0.0701867   0.0700119   0.0699305    0.504974  0.00230108   0.0699967    0.935973     0.81354    0.812255    0.816162   0.0697156    0.655015   0.0695959     1.15959     1.13991     1.16217     1.09912     1.10214     1.10449    0.985624    0.980488     1.13574    0.823093    0.923531    0.892826   0.0712993    -7.93453    -10.4455   0.0709951   0.0710718    0.813445   0.0709686    0.651483    0.418174   0.0706987   0.0708694    -57.3141   0.0709758   0.0712424   0.0705663

Errors: 
6.08246e-06 6.08346e-06 6.07081e-06  6.0873e-06 0.000456556 6.07478e-06 6.14665e-06 6.14667e-06 6.13167e-06  0.00337019   0.0020805 6.16745e-06 6.69781e-06 6.70117e-06 6.68064e-06  7.2808e-06 7.26772e-06 7.23715e-06 7.08984e-06 7.08667e-06 7.06639e-06 8.07237e-06 7.97817e-06 7.95959e-06 9.26389e-06           1           1           0           0           0           0           0           0     1.00001     1.00001           0    0.283378     0.51924    0.267009 1.20708e-05 0.000339877 0.000199989 1.64523e-05 1.35985e-05 1.29483e-05 1.46106e-05  1.2253e-05    0.343003 6.58802e-07 1.99615e-05 0.000374579 4.68369e-05 3.90507e-05           1
1.67105e-05 1.66237e-05 1.66059e-05 1.68246e-05 1.66994e-05 1.67002e-05           0           0 1.68297e-05 1.67057e-05 1.66969e-05 1.66536e-05           0           0           0 1.76606e-05           0           0 1.70843e-05 1.69935e-05           0 1.86948e-05 1.81018e-05 1.79888e-05 1.97729e-05  1.8428e-05 1.85257e-05           0           0           0           0           0           0           0           0           0 2.63391e-05  2.4112e-05           1           0           0 2.51964e-05 4.21246e-05 3.49195e-05           1  0.00147767 3.15111e-05  0.00360088    0.387782 8.86732e-05           1 0.000174341     1.00002  0.00271967
3.12351e-05 3.08582e-05 3.08099e-05 3.12241e-05 3.09949e-05 3.10521e-05 3.18015e-05 3.13725e-05 3.14422e-05   3.143e-05 3.08668e-05           0           0 3.10372e-05 3.09558e-05 3.07175e-05 3.16526e-05 3.20873e-05           0 3.12862e-05           0 3.46909e-05 3.42459e-05  3.3116e-05 3.53334e-05 3.34731e-05 3.34725e-05           0 4.49892e-05           0  4.6679e-05           1 4.22427e-05     1.00001     1.00062     1.00001           0  4.5919e-05           0     1.00002     1.00001           1 7.48353e-05 0.000228593 5.98831e-05  0.00170425  0.00184662  0.00140665 0.000117682 9.08518e-05 7.70765e-06 0.000229941 0.000179651 0.000126213
4.91357e-05 4.86507e-05  4.8662e-05 4.97987e-05 4.91317e-05 4.98227e-05 5.04789e-05 4.98049e-05 5.01178e-05 4.99259e-05 4.89338e-05 4.90392e-05           0           0           0  5.1541e-05 5.16427e-05           0 5.08257e-05 4.84926e-05     1.04217 5.52086e-05 5.35383e-05 5.33731e-05 5.71348e-05 5.42451e-05 5.41104e-05           0           0           0           0           0           1           0     1.00028     1.00003 7.09385e-05           0           0 8.46277e-05           1     1.00001     1.00015           1           1  0.00140812  0.00138613  0.00235286 0.000180546 0.000144932 0.000129217 0.000365983           1 0.000196561
6.78548e-05 6.71601e-05 6.74749e-05           0 6.77101e-05  6.7786e-05 6.97108e-05 6.90031e-05 6.95964e-05           0           0 6.89446e-05           0           0           0 7.25746e-05 7.12616e-05  7.2349e-05  6.9819e-05 7.20319e-05           0 7.66796e-05 7.51826e-05 7.40686e-05 8.10553e-05 7.59653e-05 7.53409e-05           0 9.10416e-05  8.6546e-05           0           0           0     1.00003           0     1.00047           0 9.63187e-05           0 0.000116839     1.00002           0     1.00029 0.000137031 0.000122399 0.000138393  0.00330588 0.000113663           1 0.000204411 0.000223142 0.000506784     1.00014 0.000267948
8.48952e-05 8.36872e-05 8.39215e-05 8.56408e-05 8.43872e-05           0   8.747e-05 8.62835e-05 8.72843e-05 9.02347e-05 8.43689e-05 8.50744e-05           0           0           0 9.01976e-05 8.87378e-05 8.89255e-05           0           0           0           0 9.37723e-05 9.30597e-05           0 9.66292e-05 9.57334e-05  0.00011478           0           0           0           0           0     1.00178     1.00061     1.00077 0.000123876           0           0     1.00003 0.000136828 0.000120633     1.00066 0.000169546 0.000156081 0.000175494 8.32966e-05 3.85826e-05 0.000318073 0.000261114 0.000227258 0.000639781 0.000509289 0.000167874
0.000102265 0.000100963 0.000101052  0.00010285 0.000101429           0 0.000104198 0.000103476 0.000105302 0.000103084 0.000101426 0.000101744           0           0           0           0           0 0.000107065 0.000103632 0.000100985  0.00010188 0.000117835 0.000113357 0.000112773 0.000125961 0.000117805  0.00011655           0           0           0           0           0           0     1.00009     1.00184     1.00002           0           0           0 0.000176895           0 0.000145251 0.000241894  0.00020892 0.000187624 0.000209818   6.772e-05 5.56888e-05  0.00882704 0.000312427 0.000270523 0.000770638 0.000610444           1
0.000118092 0.000116867 0.000116936           0 0.000117139           0 0.000119184 0.000119161 0.000119419 0.000118022  0.00011612 0.000116901 0.000117869 0.000116008 0.000116297           0           0 0.000123296 0.000117567           0 0.000115103 0.000134333           0 0.000129756           0 0.000136654 0.000129934           0           0           0           0           0           0 0.000158561    0.952912     1.00016           0 0.000159337           0   0.0164613     1.00004           0 0.000276732  0.00023896 0.000214367 0.000242424 4.82588e-05 0.000192219  0.00852414 0.000362423 0.000310298           1     1.00002 0.000471639
0.000132167 0.000130199 0.000130348 0.000131914  0.00013019 0.000130669 0.000133158  0.00013058 0.000132084           0 0.000128004 0.000129728 0.000132367 0.000129401 0.000129473           0 0.000137315 0.000136825           0           0 0.000128933 0.000149989 0.000145098 0.000144228           0           0           0           0           0           0           0           0           0           0     1.00198     1.00013           0           0           0   0.0489533     1.00001           1     1.00002 0.000267718           1 0.000239306 0.000241678 0.000212309     1.00015 9.59683e-05 0.000346626 4.75508e-05 0.000785802 0.000247471
0.000142582 0.000140428 0.000140642 0.000142194 0.000140217 0.000140736 0.000142772 0.000141835 0.000141876 0.000141189 0.000138485           0 0.000143317 0.000138575  0.00014101           0  0.00014706           0 0.000142188 0.000139713 0.000137002           0           0 0.000155027 0.000175793           0 0.000165522           0           0           0           0           0 0.000168948           0     1.00163           0           0           0           0 0.000237591     1.00047           1           1  0.00028808           1     0.84398 0.000259426  8.1062e-05 0.000523178 7.39401e-05 0.000371061  0.00104926 0.000846415 0.000561548
0.000148837 0.000147385 0.000147406           0  0.00014724           0 0.000148762 0.000147349 0.000146652           0 0.000145301 0.000146234 0.000147086 0.000145969 0.000145551 0.000157015 0.000154716           0           0           0           0           0 0.000159932           0 0.000188331 0.000173638 0.000169501           0 0.000184841           0           0           0           0     1.00014     1.00197     1.00165           0           0           0 0.000249679     1.00133 0.000210286 0.000342524  0.00030554 0.000276895 0.000301876   0.0338584 0.000241854 0.000543922 7.41164e-05 0.000395199  0.00109319 0.000880021 0.000581486
0.000153214 0.000151036 0.000150822 0.000151013 0.000149761 0.000151139 0.000151903 0.000150483 0.000150928 0.000151078 0.000143441 0.000149885 0.000147475 0.000149324 0.000148662 0.000161231 0.000158511           0       1.003 0.000149721           0           0           0           0 0.000189888           0 0.000175561           0           0           0           0           0           0           0     1.00286     1.00084           0           0           0 0.000261565      1.0004     1.00038 0.000350997 0.000310062     1.00019 0.000307931    0.948671  0.00122337  0.00055969 0.000467821  0.00285434  0.00111065 0.000906444 0.000602328

Statuses: 
0 0 0 0 3 0 0 0 0 3 3 0 0 0 0 0 0 0 0 0 0 0 0 0 0 3 3 3 3 3 3 3 3 3 3 3 3 3 3 0 3 3 0 0 0 0 0 3 3 0 3 0 0 3
0 0 0 0 0 0 3 3 0 0 0 0 3 3 3 0 3 3 0 0 3 0 0 0 0 0 0 3 3 3 3 3 3 3 3 3 0 0 3 3 3 0 0 0 3 3 0 3 3 3 3 3 3 3
0 0 0 0 0 0 0 0 0 0 0 3 3 0 0 0 0 0 3 0 3 0 0 0 0 0 0 3 0 3 0 3 0 3 3 3 3 0 3 3 3 3 0 3 0 3 3 3 0 0 3 0 0 0
0 0 0 0 0 0 0 0 0 0 0 0 3 3 3 0 0 3 0 0 3 0 0 0 0 0 0 3 3 3 3 3 3 3 3 3 0 3 3 0 3 3 3 3 3 3 3 3 0 0 0 0 3 0
0 0 0 3 0 0 0 0 0 3 3 0 3 3 3 0 0 0 0 0 3 0 0 0 0 0 0 3 0 0 3 3 3 3 3 3 3 0 3 0 3 3 3 0 0 0 3 0 3 0 0 0 3 0
0 0 0 0 0 3 0 0 0 0 0 0 3 3 3 0 0 0 3 3 3 3 0 0 3 0 0 0 3 3 3 3 3 3 3 3 0 3 3 3 0 0 3 0 0 0 3 3 0 0 0 0 0 0
0 0 0 0 0 3 0 0 0 0 0 0 3 3 3 3 3 0 0 0 0 0 0 0 0 0 0 3 3 3 3 3 3 3 3 3 3 3 3 0 3 0 0 0 0 0 3 3 3 0 0 0 0 3
0 0 0 3 0 3 0 0 0 0 0 0 0 0 0 3 3 0 0 3 0 0 3 0 3 0 0 3 3 3 3 3 3 0 3 3 3 0 3 0 3 3 0 0 0 0 3 0 3 0 0 3 3 0
0 0 0 0 0 0 0 0 0 3 0 0 0 0 0 3 0 0 3 3 0 0 0 0 3 3 3 3 3 3 3 3 3 3 3 3 3 3 3 0 3 3 3 0 3 0 0 0 3 3 0 3 0 0
0 0 0 0 0 0 0 0 0 0 0 3 0 0 0 3 0 3 0 0 0 3 3 0 0 3 0 3 3 3 3 3 0 3 3 3 3 3 3 0 3 3 3 0 3 3 0 3 0 3 0 0 0 0
0 0 0 3 0 3 0 0 0 3 0 0 0 0 0 0 0 3 3 3 3 3 0 3 0 0 0 3 0 3 3 3 3 3 3 3 3 3 3 0 3 0 0 0 0 0 3 0 0 3 0 0 0 0
0 0 0 0 0 0 0 0 0 0 0 0 0 0 0 0 0 3 3 0 3 3 3 3 0 3 0 3 3 3 3 3 3 3 3 3 3 3 3 0 3 3 0 0 3 0 3 3 0 0 1 0 0 0
chisq per dof: 
    11.1767     10.4176     9.50151     8.87172     99024.3     7.45525     7.44173      7.0729     6.31414 2.02829e+06 1.78161e+06     5.14771     3.38235     3.38594     3.09399     2.44431     2.41554     2.22287     2.62823     2.59939     2.40529     2.07196     1.94224     1.81192     2.07274      473583      331119 1.88853e+06 1.51008e+06 1.40839e+06 2.01998e+06 1.73176e+06 1.53137e+06 1.71468e+06 1.42884e+06 1.23599e+06 2.34345e+06 2.07496e+06 1.81326e+06      1.9948  1.6777e+06 2.13471e+06     2.03728      1.8681     1.76285     2.07564     1.94421 2.21693e+06 2.76677e+06     2.02702 1.78888e+06     2.66895     2.26761      996857
    5.99466      5.6998     5.23879     4.79941     4.60511     4.25352     14288.7     13106.5     3.71613     3.38633     3.31666     3.12711       34510     35163.2     27324.3     1.93341     46146.9     35512.3     2.01982     1.97082      249285     1.89065     1.76541     1.66167     2.02811     1.82568     1.69155      230916      262039      162949      269380      231973      207391      234035      195093      167716     1.96859     1.92535     42382.3      303154      255362     1.65552      2.0134     1.82034      101124      326061     1.86162      278672      301011      301277      265603      348447      124731      163828
    3.91197     3.66531     3.41043     3.13798     2.97369     2.81731     2.69091     2.57047     2.49749     2.41553     2.33055     4813.32     8919.86      1.8125     1.76173     1.77903     1.71044     1.62243     91650.4     1.76797     64492.8     1.85152     1.72811     1.62787      2.0201     1.82081     1.68752     80425.7     2.35741     55479.7     1.89176     64112.4     1.82909     69168.5     61375.5     50426.7     92596.8     1.73638     72284.9     7127.06       81352     72820.3     2.00768     55118.2     1.68487      156246      131905      115137     2.25568     2.00527     46669.7     2.67414     2.25616     2.00731
     3.0452     2.85617     2.67887     2.48589     2.37146     2.27871     2.14809     2.05159     2.01043     2.03943     1.97648     1.93391     4069.58      3561.8     2121.13     1.70574     1.64048     5276.93     1.76376     1.68856     5288.33     1.83444     1.71553     1.61825     2.01686     1.81988      1.6875     29834.4       26489     24735.2     38396.4     33263.4     27808.4     33089.1     27604.7     23458.5     1.75125     33772.6     28773.6     1.81289     35642.2     33781.6     31233.3     28328.1     17577.3     67365.9       56771     49271.5     2.25651     2.00522     1.84038     2.67531     27127.4     2.00741
    2.60207     2.44716     2.31466      1035.4     2.05418     1.99212     1.87508     1.79553     1.76336     6066.41     5341.09     1.74859     1845.53      1602.8        1455     1.66738     1.58878     1.51429      1.7284     1.64617     17128.2     1.82422     1.70013     1.60413     2.01402     1.81595     1.68365     16293.6     1.78966     1.79799     22130.9     19135.4     16982.3       18861     15914.3       13668     25115.5     1.62854     18107.4     1.80955     21769.3     19348.2     23233.3     1.80518     1.67443     2.00591     31300.6     1.72075     19261.1     2.00517     1317.38     2.67515     20378.6     2.00667
    2.30661     2.18024     2.07123     1.95272     1.87091     438.341     1.73467     1.66387     1.63384     1.74209     1.68314     1.64658     1397.48     1184.06      1089.3     1.64822     1.56447     1.49056     2687.27       11865     10357.8     3669.75     1.69305     1.59688     6160.75       1.814     1.68104     1.72074     9494.62     9009.87     14297.8     12387.8     10986.3     12492.4     10409.2     6977.32      1.7079     12660.1     11457.3     11629.6     1.67362      1.5802     15607.1      1.8049     1.67336     2.00543     16509.7     15537.9     2.25621     2.00503      1.8389      2.6748     2.25611     513.149
    2.11713     2.00725     1.91273     1.81928     1.74751     264.592     1.64123     1.57632     1.54453     1.67331     1.61674     1.58044      901.04      758.64     770.591     2818.57     2498.85     1.47657     1.69929      1.6127     1.54279     1.81542      1.6888     1.59273     2.01101     1.81298     1.67953     8309.13     7281.23     7058.13     10330.9     8947.49     7899.35     9023.58     7584.86     6030.46       10651     9436.69     8884.66     1.80712     6430.62      1.5788     2.00597     1.80483      1.6727     2.00521     10513.4     8962.76     10603.2     2.00505     1.83869     2.67463     2.25603     8647.31
    1.99309     1.89301     1.80697     361.414     1.66995     246.163      1.5929     1.52784      1.4958      1.6354     1.57668     1.54068     1.55355     1.48856     1.43736     2345.56     2055.97     1.46585     1.69274     6523.38     1.53351     1.81211     5358.29     1.58791     3216.96     1.81093     1.67692     6717.17     5718.99     5498.75     8219.38     7126.63     6278.45     1.63207     6007.68     5155.48     8586.67     1.59979     6167.82     7210.66     7916.68     7168.52     2.00585     1.80481     1.67277     2.00511     7825.39     1.71941     8223.88     2.00499     1.83872     10324.5     8911.55     2.00627
    1.90175      1.8106     1.73158     1.68267     1.61725     1.57417     1.55724     1.49649     1.46468     1090.17     1.55119     1.51441      1.5461     1.48129     1.42927      1480.8      1.5336     1.46011     6124.02     5297.54     1.52913     1.81059     1.68209     1.58562     3322.14     2138.25     2009.43     5720.28     4982.57     4591.85      6904.6     5967.04     5250.31     6055.46      5046.6     4034.44     6464.44     6236.88     4819.07      6057.4     6640.01     4465.21     7478.83     1.80469     4262.86     321.181     1.83754     1.71921     4266.77     7870.53     1.83859     5654.53     2.25583     216.407
    1.84664     1.76359     1.68887     1.64711     1.58604     1.54518      1.5344     1.47668     1.44578     1.59107     1.53455     751.885     1.54099     1.47595       1.424     1256.63      1.5295     1298.57     1.68664     1.59734     1.52622     4740.31     3979.83     1.58408     2.00808     1791.24     1.67558     5148.18     4461.94     4073.71     6086.16     5277.19     1.44594     5339.49     4450.09     3864.21     5607.77     5516.68     5317.35     1.80637     4445.47     4355.37      2178.8     1.80454     4287.52     6655.78     1.83747      6775.4     2.25551     4596.07     1.83848     2.67381     2.25561     2.00608
    1.81795     1.73821     1.66544     147.148     1.56991     628.342     1.51874     1.46066     1.42676     887.909     1.52491      1.4859     1.53689     1.47068     1.41828      1.6186      1.5263     1205.48      4857.2      939.91     3643.89     4428.29     1.67941     3202.82     2.00772     1.80957     1.67546     5023.92     1.53363     3824.55     5658.59     4925.91     4321.85     4932.52     4159.39     3620.26     5096.72     4740.35     4134.46     1.80627     5559.78     1.57761     2.00528     1.80454     1.67197     2.00475     5263.78     1.71886     2.25542     6600.11     1.83822      2.6737     2.25558     2.00582
    1.80138     1.72226     1.65109     1.61319      1.5545     1.51208     1.50871     1.45154      1.4179     1.57333     1.51693     1.47795     1.53516      1.4689     1.41637     1.61787     1.52523     1163.51     970.063     1.59356      4623.2     4271.01     3589.12     3085.95     2.00755     2170.82     1.67481     4565.85     4039.87     3636.02      5476.3     4756.79     4173.96     4815.11     4013.65     3486.08     4852.55     4657.53      3876.5     1.80638     3985.96     3478.99      2.0053     1.80452     3438.96     2.00482      5027.4      1738.1     2.25544     2.00478     4070.09     2.67373     2.25558     2.00585
Mode averaged potential and errors: 
  0.0374742 4.68369e-05
  0.0516824 9.51843e-05
  0.0580518 0.000219056
  0.0617398 0.000449511
  0.0643069 0.000629942
  0.0665621 0.000639781
  0.0679206 0.000623751
  0.0692048 0.000276732
  0.0699983 0.000574451
  0.0698384 0.000963482
  0.0705377 0.000795496
  0.0706297 0.000798663
R Models:
(* Fitting with shape 1 1 1 1 1 1 1 1 0 0 0 0 *)
G[R_,xx_]:=xx[[0]] + xx[[1]]/R | xx[[2]]*R
(* Fitting with shape 1 1 1 1 1 1 1 1 1 0 0 0 *)
G[R_,xx_]:=xx[[0]] + xx[[1]]/R | xx[[2]]*R
(* Fitting with shape 1 1 1 1 1 1 1 1 1 1 0 0 *)
G[R_,xx_]:=xx[[0]] + xx[[1]]/R | xx[[2]]*R
(* Fitting with shape 1 1 1 1 1 1 1 1 1 1 1 0 *)
G[R_,xx_]:=xx[[0]] + xx[[1]]/R | xx[[2]]*R
(* Fitting with shape 1 1 1 1 1 1 1 1 1 1 1 1 *)
G[R_,xx_]:=xx[[0]] + xx[[1]]/R | xx[[2]]*R
(* Fitting with shape 0 1 1 1 1 1 1 1 0 0 0 0 *)
G[R_,xx_]:=xx[[0]] + xx[[1]]/R | xx[[2]]*R
(* Fitting with shape 0 1 1 1 1 1 1 1 1 0 0 0 *)
G[R_,xx_]:=xx[[0]] + xx[[1]]/R | xx[[2]]*R
(* Fitting with shape 0 1 1 1 1 1 1 1 1 1 0 0 *)
G[R_,xx_]:=xx[[0]] + xx[[1]]/R | xx[[2]]*R
(* Fitting with shape 0 1 1 1 1 1 1 1 1 1 1 0 *)
G[R_,xx_]:=xx[[0]] + xx[[1]]/R | xx[[2]]*R
(* Fitting with shape 0 1 1 1 1 1 1 1 1 1 1 1 *)
G[R_,xx_]:=xx[[0]] + xx[[1]]/R | xx[[2]]*R
(* Fitting with shape 0 0 1 1 1 1 1 1 0 0 0 0 *)
G[R_,xx_]:=xx[[0]] + xx[[1]]/R | xx[[2]]*R
(* Fitting with shape 0 0 1 1 1 1 1 1 1 0 0 0 *)
G[R_,xx_]:=xx[[0]] + xx[[1]]/R | xx[[2]]*R
(* Fitting with shape 0 0 1 1 1 1 1 1 1 1 0 0 *)
G[R_,xx_]:=xx[[0]] + xx[[1]]/R | xx[[2]]*R
(* Fitting with shape 0 0 1 1 1 1 1 1 1 1 1 0 *)
G[R_,xx_]:=xx[[0]] + xx[[1]]/R | xx[[2]]*R
(* Fitting with shape 0 0 1 1 1 1 1 1 1 1 1 1 *)
G[R_,xx_]:=xx[[0]] + xx[[1]]/R | xx[[2]]*R
(* Fitting with shape 0 0 0 1 1 1 1 1 0 0 0 0 *)
G[R_,xx_]:=xx[[0]] + xx[[1]]/R | xx[[2]]*R
(* Fitting with shape 0 0 0 1 1 1 1 1 1 0 0 0 *)
G[R_,xx_]:=xx[[0]] + xx[[1]]/R | xx[[2]]*R
(* Fitting with shape 0 0 0 1 1 1 1 1 1 1 0 0 *)
G[R_,xx_]:=xx[[0]] + xx[[1]]/R | xx[[2]]*R
(* Fitting with shape 0 0 0 1 1 1 1 1 1 1 1 0 *)
G[R_,xx_]:=xx[[0]] + xx[[1]]/R | xx[[2]]*R
(* Fitting with shape 0 0 0 1 1 1 1 1 1 1 1 1 *)
G[R_,xx_]:=xx[[0]] + xx[[1]]/R | xx[[2]]*R
3.29262 3.29262 3.29262 
-0.0768052 -0.0768052 -0.0768052 
1 1 1 
0.0252256 0.0252256 0.0252256 
-0.018464 -0.018464 -0.018464 
2.79079e-316 2.79079e-316 2.79079e-316 
3.22921e+09 3.22921e+09 3.22921e+09 
222441 222441 222441 
-211786 -211786 -211786 
2.06025e-321 2.06025e-321 2.06025e-321 
2.76874e-316 2.76874e-316 2.76874e-316 
2.78209e-316 2.78209e-316 2.78209e-316 
-0.00440675 -0.00440675 -0.00440675 
-2.49324 -2.49324 -2.49324 
2.37152e-322 2.37152e-322 2.37152e-322 
2.37152e-322 2.37152e-322 2.37152e-322 
2.76901e-316 2.76901e-316 2.76901e-316 
0 0 0 
0 0 0 
0 0 0 
4.74303e-322 4.74303e-322 4.74303e-322 
0 0 0 
0 0 0 
0 0 0 
1.67772e+07 1.67772e+07 1.67772e+07 
1.63042e-322 1.63042e-322 1.63042e-322 
1.6628e-316 1.6628e-316 1.6628e-316 
0 0 0 
2.78714e-316 2.78714e-316 2.78714e-316 
1.63042e-322 1.63042e-322 1.63042e-322 
2.77143e-316 2.77143e-316 2.77143e-316 
2.77913e-316 2.77913e-316 2.77913e-316 
9.48606e-322 9.48606e-322 9.48606e-322 
3.95253e-322 3.95253e-322 3.95253e-322 
2.73601e-316 2.73601e-316 2.73601e-316 
2.73229e-316 2.73229e-316 2.73229e-316 
2.865e-316 2.865e-316 2.865e-316 
2.77447e-316 2.77447e-316 2.77447e-316 
2.81635e-316 2.81635e-316 2.81635e-316 
3.21143e-322 3.21143e-322 3.21143e-322 
2.47033e-323 2.47033e-323 2.47033e-323 
2.70219e-316 2.70219e-316 2.70219e-316 
1.42738e+228 1.42738e+228 1.42738e+228 
2.7676e-316 2.7676e-316 2.7676e-316 
211477 211477 211477 
2.78982e-316 2.78982e-316 2.78982e-316 
8.69556e-322 8.69556e-322 8.69556e-322 
3.16202e-322 3.16202e-322 3.16202e-322 
1.66684e-316 1.66684e-316 1.66684e-316 
0.000369571 0.000369571 0.000369571 
0.000875672 0.000875672 0.000875672 
9.62836e-05 9.62836e-05 9.62836e-05 
-9.11239 -9.11239 -9.11239 
3.21143e-322 3.21143e-322 3.21143e-322 
Probabilities: 
        0         0         0         0         0         0         0         0         0         0         0         0 0.0124618 0.0041752         0         0         0 0.0225208         0         0         0 0.0440921 0.0909431  0.198666 0.0271878 0.0738182         0         0         0         0         0         0         0         0         0         0         0         0         0         0         0         0         0         0         0         0         0         0 0.0907186  0.221789         0         0         0  0.213627

String tensions: 
          1           1           1           1           1           1           1           1           1   -0.748758    -0.74859   -0.748407   -0.513787   -0.526224   -0.540271    -2.08328    0.418393   -0.680008   -0.656158   0.0764473    0.324686   -0.890302    -0.98359    -1.04376    -1.59853    -1.61904     3.49602 -0.00161749 -0.00176538 -0.00191255  -0.0207744     0.70286    0.917448  -0.0691872    0.879836     0.95752     1.50546    0.208633  -0.0474464  -0.0882773    -0.15764     0.87183   -0.328286    0.849297    0.703066   -0.138471  -0.0563166   0.0324633  0.00345399  0.00238064    0.635422  0.00489866   -0.237065  0.00105488

Errors: 
          0           0     5792.62     5792.62     5792.62           0     5792.62           0           0     1.00002     1.00001     1.00001   0.0177247   0.0163315     0.01483           0     1.00066   0.0471876           1     1.00002     1.00002    0.216886    0.166681    0.133169    0.640442    0.486713     1.00273           0           0           0     1.00006           0           0     1.00009     1.23455     1.10508     1.00957     1.00001           1           1           1           1     1.00002           0     1.00416  0.00083213     1.13619           1  0.00255521  0.00170332           1 0.000347437           1  0.00241945

Statuses: 
3 3 0 0 0 3 0 3 3 3 3 3 0 0 0 3 3 0 3 3 3 0 0 0 0 0 3 3 3 3 3 3 3 3 3 3 3 3 3 3 3 3 3 3 3 3 3 3 0 0 3 1 3 0
chisq per dof: 
   2111.3   1897.09   1773.89   81.7231   87.2682   1329.35   10.9175   3576.13   1449.54     15013   14033.3   13294.1  0.695689   1.19445   1.74784   12961.5   5327.01  0.712941   14971.4   18318.2   16215.7  0.274484  0.314143  0.329527  0.122785  0.102709   2094.18   66723.3   59363.3   53634.3   28609.7   30205.3   27508.7   21427.7   23741.5   21468.1   71284.3   19393.7   36118.9    5907.9   14010.2   26049.6   18537.8   23488.3     20292   64355.4   21501.5   18816.8 0.0339899 0.0594302   25533.8 0.0337485   18201.8 0.0701431
Model string tension and errors: 
sigma = -0.521889 +/- 0.61778
