R=0parameters: 
-0.695576 -0.695576 
0.0521649 0.0521649 
7.03161e-11 7.03161e-11 
3.21143e-322 3.21143e-322 
3.50231e-316 3.50231e-316 
5.32227e-229 5.32227e-229 
1.42738e+228 1.42738e+228 
3.51885e-316 3.51885e-316 
5.89902e+07 5.89902e+07 
3.50531e-316 3.50531e-316 3.50531e-316 
3.52573e-316 3.52573e-316 3.52573e-316 
3.44937e-316 3.44937e-316 3.44937e-316 
2.28991e-316 2.28991e-316 2.28991e-316 
3.46744e-316 3.46744e-316 3.46744e-316 
3.50752e-316 3.50752e-316 3.50752e-316 
3.52571e-316 3.52571e-316 3.52571e-316 
3.50719e-316 3.50719e-316 3.50719e-316 
3.46152e-316 3.46152e-316 3.46152e-316 
3.50719e-316 3.50719e-316 3.50719e-316 3.50719e-316 
3.51803e-316 3.51803e-316 3.51803e-316 3.51803e-316 
3.50718e-316 3.50718e-316 3.50718e-316 3.50718e-316 
3.4323e-316 3.4323e-316 3.4323e-316 3.4323e-316 
3.52688e-316 3.52688e-316 3.52688e-316 3.52688e-316 
3.5052e-316 3.5052e-316 3.5052e-316 3.5052e-316 
3.52688e-316 3.52688e-316 3.52688e-316 3.52688e-316 
3.50354e-316 3.50354e-316 3.50354e-316 3.50354e-316 
3.52705e-316 3.52705e-316 3.52705e-316 3.52705e-316 
3.50787e-316 3.50787e-316 3.50787e-316 
0 0 0 
0 0 0 
0 0 0 
0 0 0 
0 0 0 
0 0 0 
0 0 0 
0 0 0 
0 0 0 0 
0 0 0 0 
0 0 0 0 
0 0 0 0 
0 0 0 0 
0 0 0 0 
0 0 0 0 
0 0 0 0 
0 0 0 0 
1.78949 1.78949 1.78949 1.78949 1.78949 
1.76884 1.76884 1.76884 1.76884 1.76884 
1.75098 1.75098 1.75098 1.75098 1.75098 
1.73573 1.73573 1.73573 1.73573 1.73573 
1.72317 1.72317 1.72317 1.72317 1.72317 
1.71324 1.71324 1.71324 1.71324 1.71324 
1.70613 1.70613 1.70613 1.70613 1.70613 
1.70193 1.70193 1.70193 1.70193 1.70193 
1.7005 1.7005 1.7005 1.7005 1.7005 
R=1parameters: 
-0.696366 -0.696366 
0.0717392 0.0717392 
0.205644 0.205644 
7.76547 7.76547 
-29.5151 -29.5151 
5.03038e+175 5.03038e+175 
3.5936e+246 3.5936e+246 
2.14726e+243 2.14726e+243 
7.74232e+07 7.74232e+07 
3.21143e-322 3.21143e-322 3.21143e-322 
2.47033e-323 2.47033e-323 2.47033e-323 
3.44228e-316 3.44228e-316 3.44228e-316 
1.42738e+228 1.42738e+228 1.42738e+228 
3.44228e-316 3.44228e-316 3.44228e-316 
0 0 0 
2.42092e-322 2.42092e-322 2.42092e-322 
-30008.9 -30008.9 -30008.9 
0.0869956 0.0869956 0.0869956 
0.000121851 0.000121851 0.000121851 0.000121851 
3.13466e-05 3.13466e-05 3.13466e-05 3.13466e-05 
3410.33 3410.33 3410.33 3410.33 
3.95253e-322 3.95253e-322 3.95253e-322 3.95253e-322 
3.51282e-316 3.51282e-316 3.51282e-316 3.51282e-316 
3.50588e-316 3.50588e-316 3.50588e-316 3.50588e-316 
3.46926e-316 3.46926e-316 3.46926e-316 3.46926e-316 
3.50415e-316 3.50415e-316 3.50415e-316 3.50415e-316 
3.51503e-316 3.51503e-316 3.51503e-316 3.51503e-316 
3.50719e-316 3.50719e-316 3.50719e-316 
0 0 0 
2.2233e-322 2.2233e-322 2.2233e-322 
169235 169235 169235 
1.63042e-322 1.63042e-322 1.63042e-322 
3.50799e-316 3.50799e-316 3.50799e-316 
5.32227e-229 5.32227e-229 5.32227e-229 
2.10863e-317 2.10863e-317 2.10863e-317 
2.42092e-322 2.42092e-322 2.42092e-322 
1.92261e-316 1.92261e-316 1.92261e-316 1.92261e-316 
0 0 0 0 
7.41098e-323 7.41098e-323 7.41098e-323 7.41098e-323 
1.97626e-323 1.97626e-323 1.97626e-323 1.97626e-323 
3.95253e-323 3.95253e-323 3.95253e-323 3.95253e-323 
5.77563e-321 5.77563e-321 5.77563e-321 5.77563e-321 
1.89113 1.89113 1.89113 1.89113 
1.84339 1.84339 1.84339 1.84339 
1.81347 1.81347 1.81347 1.81347 
1.78949 1.78949 1.78949 1.78949 1.78949 
1.76884 1.76884 1.76884 1.76884 1.76884 
1.75098 1.75098 1.75098 1.75098 1.75098 
1.73573 1.73573 1.73573 1.73573 1.73573 
1.72317 1.72317 1.72317 1.72317 1.72317 
1.71324 1.71324 1.71324 1.71324 1.71324 
1.70613 1.70613 1.70613 1.70613 1.70613 
1.70193 1.70193 1.70193 1.70193 1.70193 
1.7005 1.7005 1.7005 1.7005 1.7005 
R=2parameters: 
-0.695531 -0.695531 
0.0809339 0.0809339 
0.178325 0.178325 
-6.14389 -6.14389 
10.4612 10.4612 
5.03038e+175 5.03038e+175 
3.5936e+246 3.5936e+246 
2.14726e+243 2.14726e+243 
7.74232e+07 7.74232e+07 
2.42092e-322 2.42092e-322 2.42092e-322 
0 0 0 
0 0 0 
0 0 0 
0 0 0 
2.47033e-323 2.47033e-323 2.47033e-323 
3.44372e-316 3.44372e-316 3.44372e-316 
3.31886e-316 3.31886e-316 3.31886e-316 
-17570.7 -17570.7 -17570.7 
2.54353 2.54353 2.54353 2.54353 
3.01573e-06 3.01573e-06 3.01573e-06 3.01573e-06 
163.233 163.233 163.233 163.233 
4.00193e-322 4.00193e-322 4.00193e-322 4.00193e-322 
3.52352e-316 3.52352e-316 3.52352e-316 3.52352e-316 
3.63246e-316 3.63246e-316 3.63246e-316 3.63246e-316 
3.48617e-316 3.48617e-316 3.48617e-316 3.48617e-316 
3.63234e-316 3.63234e-316 3.63234e-316 3.63234e-316 
3.50229e-316 3.50229e-316 3.50229e-316 3.50229e-316 
3.46745e-316 3.46745e-316 3.46745e-316 
11775 11775 11775 
4630.08 4630.08 4630.08 
8.69556e-322 8.69556e-322 8.69556e-322 
1.63042e-322 1.63042e-322 1.63042e-322 
3.44587e-316 3.44587e-316 3.44587e-316 
5.32227e-229 5.32227e-229 5.32227e-229 
2.10863e-317 2.10863e-317 2.10863e-317 
2.42092e-322 2.42092e-322 2.42092e-322 
1.92261e-316 1.92261e-316 1.92261e-316 1.92261e-316 
0 0 0 0 
7.41098e-323 7.41098e-323 7.41098e-323 7.41098e-323 
1.97626e-323 1.97626e-323 1.97626e-323 1.97626e-323 
3.95253e-323 3.95253e-323 3.95253e-323 3.95253e-323 
5.77563e-321 5.77563e-321 5.77563e-321 5.77563e-321 
1.89113 1.89113 1.89113 1.89113 
1.84339 1.84339 1.84339 1.84339 
1.81347 1.81347 1.81347 1.81347 
1.78949 1.78949 1.78949 1.78949 1.78949 
1.76884 1.76884 1.76884 1.76884 1.76884 
1.75098 1.75098 1.75098 1.75098 1.75098 
1.73573 1.73573 1.73573 1.73573 1.73573 
1.72317 1.72317 1.72317 1.72317 1.72317 
1.71324 1.71324 1.71324 1.71324 1.71324 
1.70613 1.70613 1.70613 1.70613 1.70613 
1.70193 1.70193 1.70193 1.70193 1.70193 
1.7005 1.7005 1.7005 1.7005 1.7005 
R=3parameters: 
-0.549121 -0.549121 
0.0865567 0.0865567 
-2.91529e-05 -2.91529e-05 
0.0545133 0.0545133 
-0.0511685 -0.0511685 
5.03038e+175 5.03038e+175 
3.5936e+246 3.5936e+246 
2.14726e+243 2.14726e+243 
7.74232e+07 7.74232e+07 
2.42092e-322 2.42092e-322 2.42092e-322 
287964 287964 287964 
5.32227e-229 5.32227e-229 5.32227e-229 
1131.09 1131.09 1131.09 
0 0 0 
0.00323364 0.00323364 0.00323364 
-1.8941e-07 -1.8941e-07 -1.8941e-07 
0 0 0 
2.42092e-322 2.42092e-322 2.42092e-322 
1.06473 1.06473 1.06473 1.06473 
1.04758 1.04758 1.04758 1.04758 
0.735708 0.735708 0.735708 0.735708 
0.674139 0.674139 0.674139 0.674139 
5.53354e-322 5.53354e-322 5.53354e-322 5.53354e-322 
3.16202e-322 3.16202e-322 3.16202e-322 3.16202e-322 
-1.19068e-05 -1.19068e-05 -1.19068e-05 -1.19068e-05 
3.16569e-05 3.16569e-05 3.16569e-05 3.16569e-05 
0 0 0 0 
0 0 0 
0 0 0 
0 0 0 
8.69556e-322 8.69556e-322 8.69556e-322 
1.58101e-322 1.58101e-322 1.58101e-322 
3.50799e-316 3.50799e-316 3.50799e-316 
5.32227e-229 5.32227e-229 5.32227e-229 
2.10863e-317 2.10863e-317 2.10863e-317 
2.42092e-322 2.42092e-322 2.42092e-322 
1.92261e-316 1.92261e-316 1.92261e-316 1.92261e-316 
0 0 0 0 
7.41098e-323 7.41098e-323 7.41098e-323 7.41098e-323 
1.97626e-323 1.97626e-323 1.97626e-323 1.97626e-323 
3.95253e-323 3.95253e-323 3.95253e-323 3.95253e-323 
5.77563e-321 5.77563e-321 5.77563e-321 5.77563e-321 
1.89113 1.89113 1.89113 1.89113 
1.84339 1.84339 1.84339 1.84339 
1.81347 1.81347 1.81347 1.81347 
1.78949 1.78949 1.78949 1.78949 1.78949 
1.76884 1.76884 1.76884 1.76884 1.76884 
1.75098 1.75098 1.75098 1.75098 1.75098 
1.73573 1.73573 1.73573 1.73573 1.73573 
1.72317 1.72317 1.72317 1.72317 1.72317 
1.71324 1.71324 1.71324 1.71324 1.71324 
1.70613 1.70613 1.70613 1.70613 1.70613 
1.70193 1.70193 1.70193 1.70193 1.70193 
1.7005 1.7005 1.7005 1.7005 1.7005 
R=4parameters: 
-0.691756 -0.691756 
0.0906367 0.0906367 
-3.2365e-05 -3.2365e-05 
0.0807218 0.0807218 
-0.0796126 -0.0796126 
5.03038e+175 5.03038e+175 
3.5936e+246 3.5936e+246 
2.14726e+243 2.14726e+243 
7.74232e+07 7.74232e+07 
2.42092e-322 2.42092e-322 2.42092e-322 
0 0 0 
2.11158e+07 2.11158e+07 2.11158e+07 
0.0304193 0.0304193 0.0304193 
0 0 0 
-0.0796126 -0.0796126 -0.0796126 
2.42092e-322 2.42092e-322 2.42092e-322 
3.63425e-316 3.63425e-316 3.63425e-316 
0 0 0 
0 0 0 0 
2.79546e+07 2.79546e+07 2.79546e+07 2.79546e+07 
1.46669 1.46669 1.46669 1.46669 
-0.78922 -0.78922 -0.78922 -0.78922 
1.061e-313 1.061e-313 1.061e-313 1.061e-313 
3.52226e-316 3.52226e-316 3.52226e-316 3.52226e-316 
-2.55207e-05 -2.55207e-05 -2.55207e-05 -2.55207e-05 
0.000130524 0.000130524 0.000130524 0.000130524 
0 0 0 0 
0 0 0 
3.52806e-316 3.52806e-316 3.52806e-316 
3.52806e-316 3.52806e-316 3.52806e-316 
8.69556e-322 8.69556e-322 8.69556e-322 
1.58101e-322 1.58101e-322 1.58101e-322 
3.50783e-316 3.50783e-316 3.50783e-316 
5.32227e-229 5.32227e-229 5.32227e-229 
2.10863e-317 2.10863e-317 2.10863e-317 
2.42092e-322 2.42092e-322 2.42092e-322 
1.92261e-316 1.92261e-316 1.92261e-316 1.92261e-316 
0 0 0 0 
7.41098e-323 7.41098e-323 7.41098e-323 7.41098e-323 
1.97626e-323 1.97626e-323 1.97626e-323 1.97626e-323 
3.95253e-323 3.95253e-323 3.95253e-323 3.95253e-323 
5.77563e-321 5.77563e-321 5.77563e-321 5.77563e-321 
1.89113 1.89113 1.89113 1.89113 
1.84339 1.84339 1.84339 1.84339 
1.81347 1.81347 1.81347 1.81347 
1.78949 1.78949 1.78949 1.78949 1.78949 
1.76884 1.76884 1.76884 1.76884 1.76884 
1.75098 1.75098 1.75098 1.75098 1.75098 
1.73573 1.73573 1.73573 1.73573 1.73573 
1.72317 1.72317 1.72317 1.72317 1.72317 
1.71324 1.71324 1.71324 1.71324 1.71324 
1.70613 1.70613 1.70613 1.70613 1.70613 
1.70193 1.70193 1.70193 1.70193 1.70193 
1.7005 1.7005 1.7005 1.7005 1.7005 
R=5parameters: 
-0.689074 -0.689074 
0.0938061 0.0938061 
-3.00856e-05 -3.00856e-05 
0.107334 0.107334 
-0.108553 -0.108553 
5.03038e+175 5.03038e+175 
3.5936e+246 3.5936e+246 
2.14726e+243 2.14726e+243 
7.74232e+07 7.74232e+07 
6.37345e-322 6.37345e-322 6.37345e-322 
1.77242e-06 1.77242e-06 1.77242e-06 
1.58696e-07 1.58696e-07 1.58696e-07 
2.32904e-08 2.32904e-08 2.32904e-08 
6.41684e-07 6.41684e-07 6.41684e-07 
1681.25 1681.25 1681.25 
2.42715e-07 2.42715e-07 2.42715e-07 
3.23796e-319 3.23796e-319 3.23796e-319 
3.21143e-322 3.21143e-322 3.21143e-322 
2.47033e-323 2.47033e-323 2.47033e-323 2.47033e-323 
5.32227e-229 5.32227e-229 5.32227e-229 5.32227e-229 
1.42738e+228 1.42738e+228 1.42738e+228 1.42738e+228 
3.4323e-316 3.4323e-316 3.4323e-316 3.4323e-316 
246175 246175 246175 246175 
3.50342e-316 3.50342e-316 3.50342e-316 3.50342e-316 
3.23796e-319 3.23796e-319 3.23796e-319 3.23796e-319 
2378.82 2378.82 2378.82 2378.82 
-619.176 -619.176 -619.176 -619.176 
1.63042e-322 1.63042e-322 1.63042e-322 
3.40902e-316 3.40902e-316 3.40902e-316 
0.611989 0.611989 0.611989 
8.78592e-313 8.78592e-313 8.78592e-313 
1.63042e-322 1.63042e-322 1.63042e-322 
3.45239e-316 3.45239e-316 3.45239e-316 
5.32227e-229 5.32227e-229 5.32227e-229 
2.10863e-317 2.10863e-317 2.10863e-317 
2.42092e-322 2.42092e-322 2.42092e-322 
1.92261e-316 1.92261e-316 1.92261e-316 1.92261e-316 
0 0 0 0 
7.41098e-323 7.41098e-323 7.41098e-323 7.41098e-323 
1.97626e-323 1.97626e-323 1.97626e-323 1.97626e-323 
3.95253e-323 3.95253e-323 3.95253e-323 3.95253e-323 
5.77563e-321 5.77563e-321 5.77563e-321 5.77563e-321 
1.89113 1.89113 1.89113 1.89113 
1.84339 1.84339 1.84339 1.84339 
1.81347 1.81347 1.81347 1.81347 
1.78949 1.78949 1.78949 1.78949 1.78949 
1.76884 1.76884 1.76884 1.76884 1.76884 
1.75098 1.75098 1.75098 1.75098 1.75098 
1.73573 1.73573 1.73573 1.73573 1.73573 
1.72317 1.72317 1.72317 1.72317 1.72317 
1.71324 1.71324 1.71324 1.71324 1.71324 
1.70613 1.70613 1.70613 1.70613 1.70613 
1.70193 1.70193 1.70193 1.70193 1.70193 
1.7005 1.7005 1.7005 1.7005 1.7005 
R=6parameters: 
-0.685684 -0.685684 
0.0965176 0.0965176 
-0.0105632 -0.0105632 
-4.68429 -4.68429 
7.17223 7.17223 
5.03038e+175 5.03038e+175 
3.5936e+246 3.5936e+246 
2.14726e+243 2.14726e+243 
7.74232e+07 7.74232e+07 
2.42092e-322 2.42092e-322 2.42092e-322 
0 0 0 
3.7593e+07 3.7593e+07 3.7593e+07 
8.456e+06 8.456e+06 8.456e+06 
-4.68429 -4.68429 -4.68429 
7.17223 7.17223 7.17223 
2.37152e-322 2.37152e-322 2.37152e-322 
3.50681e-316 3.50681e-316 3.50681e-316 
3.14519e-316 3.14519e-316 3.14519e-316 
-5.06347e-05 -5.06347e-05 -5.06347e-05 -5.06347e-05 
1.48111e-05 1.48111e-05 1.48111e-05 1.48111e-05 
0 0 0 0 
0 0 0 0 
0 0 0 0 
0 0 0 0 
1.67772e+07 1.67772e+07 1.67772e+07 1.67772e+07 
2.42092e-322 2.42092e-322 2.42092e-322 2.42092e-322 
0 0 0 0 
0 0 0 
4.52183e+217 4.52183e+217 4.52183e+217 
5.3038e+180 5.3038e+180 5.3038e+180 
1.17863e-307 1.17863e-307 1.17863e-307 
1.63042e-322 1.63042e-322 1.63042e-322 
3.51931e-316 3.51931e-316 3.51931e-316 
5.32227e-229 5.32227e-229 5.32227e-229 
2.10863e-317 2.10863e-317 2.10863e-317 
2.42092e-322 2.42092e-322 2.42092e-322 
1.92261e-316 1.92261e-316 1.92261e-316 1.92261e-316 
0 0 0 0 
7.41098e-323 7.41098e-323 7.41098e-323 7.41098e-323 
1.97626e-323 1.97626e-323 1.97626e-323 1.97626e-323 
3.95253e-323 3.95253e-323 3.95253e-323 3.95253e-323 
5.77563e-321 5.77563e-321 5.77563e-321 5.77563e-321 
1.89113 1.89113 1.89113 1.89113 
1.84339 1.84339 1.84339 1.84339 
1.81347 1.81347 1.81347 1.81347 
1.78949 1.78949 1.78949 1.78949 1.78949 
1.76884 1.76884 1.76884 1.76884 1.76884 
1.75098 1.75098 1.75098 1.75098 1.75098 
1.73573 1.73573 1.73573 1.73573 1.73573 
1.72317 1.72317 1.72317 1.72317 1.72317 
1.71324 1.71324 1.71324 1.71324 1.71324 
1.70613 1.70613 1.70613 1.70613 1.70613 
1.70193 1.70193 1.70193 1.70193 1.70193 
1.7005 1.7005 1.7005 1.7005 1.7005 
R=7parameters: 
-0.682561 -0.682561 
0.0987192 0.0987192 
-2.77432e-05 -2.77432e-05 
0.154211 0.154211 
-0.161188 -0.161188 
5.03038e+175 5.03038e+175 
3.5936e+246 3.5936e+246 
2.14726e+243 2.14726e+243 
7.74232e+07 7.74232e+07 
6.37345e-322 6.37345e-322 6.37345e-322 
5.09623e-06 5.09623e-06 5.09623e-06 
2.70857e-07 2.70857e-07 2.70857e-07 
2.33776e-07 2.33776e-07 2.33776e-07 
0 0 0 
1196.09 1196.09 1196.09 
2.42092e-322 2.42092e-322 2.42092e-322 
1.061e-313 1.061e-313 1.061e-313 
5.32227e-229 5.32227e-229 5.32227e-229 
86866.1 86866.1 86866.1 86866.1 
0.155917 0.155917 0.155917 0.155917 
146.673 146.673 146.673 146.673 
4.00193e-322 4.00193e-322 4.00193e-322 4.00193e-322 
3.63179e-316 3.63179e-316 3.63179e-316 3.63179e-316 
3.50229e-316 3.50229e-316 3.50229e-316 3.50229e-316 
3.50691e-316 3.50691e-316 3.50691e-316 3.50691e-316 
2.42092e-322 2.42092e-322 2.42092e-322 2.42092e-322 
633606 633606 633606 633606 
4.4925e+06 4.4925e+06 4.4925e+06 
253061 253061 253061 
44820.1 44820.1 44820.1 
4.74303e-322 4.74303e-322 4.74303e-322 
1.58101e-322 1.58101e-322 1.58101e-322 
3.52436e-316 3.52436e-316 3.52436e-316 
5.32227e-229 5.32227e-229 5.32227e-229 
2.10863e-317 2.10863e-317 2.10863e-317 
2.42092e-322 2.42092e-322 2.42092e-322 
1.92261e-316 1.92261e-316 1.92261e-316 1.92261e-316 
0 0 0 0 
7.41098e-323 7.41098e-323 7.41098e-323 7.41098e-323 
1.97626e-323 1.97626e-323 1.97626e-323 1.97626e-323 
3.95253e-323 3.95253e-323 3.95253e-323 3.95253e-323 
5.77563e-321 5.77563e-321 5.77563e-321 5.77563e-321 
1.89113 1.89113 1.89113 1.89113 
1.84339 1.84339 1.84339 1.84339 
1.81347 1.81347 1.81347 1.81347 
1.78949 1.78949 1.78949 1.78949 1.78949 
1.76884 1.76884 1.76884 1.76884 1.76884 
1.75098 1.75098 1.75098 1.75098 1.75098 
1.73573 1.73573 1.73573 1.73573 1.73573 
1.72317 1.72317 1.72317 1.72317 1.72317 
1.71324 1.71324 1.71324 1.71324 1.71324 
1.70613 1.70613 1.70613 1.70613 1.70613 
1.70193 1.70193 1.70193 1.70193 1.70193 
1.7005 1.7005 1.7005 1.7005 1.7005 
R=8parameters: 
-0.530339 -0.530339 
0.100346 0.100346 
-2.42069e-05 -2.42069e-05 
0.173145 0.173145 
-0.18218 -0.18218 
5.03038e+175 5.03038e+175 
3.5936e+246 3.5936e+246 
2.14726e+243 2.14726e+243 
7.74232e+07 7.74232e+07 
4.00193e-322 4.00193e-322 4.00193e-322 
3.46744e-316 3.46744e-316 3.46744e-316 
3.52805e-316 3.52805e-316 3.52805e-316 
3.52806e-316 3.52806e-316 3.52806e-316 
3.50417e-316 3.50417e-316 3.50417e-316 
3.46427e-316 3.46427e-316 3.46427e-316 
3.4437e-316 3.4437e-316 3.4437e-316 
1.061e-313 1.061e-313 1.061e-313 
-86113.7 -86113.7 -86113.7 
2.7318 2.7318 2.7318 2.7318 
9.67273e-05 9.67273e-05 9.67273e-05 9.67273e-05 
399.685 399.685 399.685 399.685 
2.42092e-322 2.42092e-322 2.42092e-322 2.42092e-322 
3.52219e-316 3.52219e-316 3.52219e-316 3.52219e-316 
3.51082e-316 3.51082e-316 3.51082e-316 3.51082e-316 
0.000976563 0.000976563 0.000976563 0.000976563 
-0.000176415 -0.000176415 -0.000176415 -0.000176415 
1 1 1 1 
1.58101e-322 1.58101e-322 1.58101e-322 
3.52488e-316 3.52488e-316 3.52488e-316 
0 0 0 
6.32404e-322 6.32404e-322 6.32404e-322 
1.58101e-322 1.58101e-322 1.58101e-322 
3.5194e-316 3.5194e-316 3.5194e-316 
5.32227e-229 5.32227e-229 5.32227e-229 
2.10863e-317 2.10863e-317 2.10863e-317 
2.42092e-322 2.42092e-322 2.42092e-322 
1.92261e-316 1.92261e-316 1.92261e-316 1.92261e-316 
0 0 0 0 
7.41098e-323 7.41098e-323 7.41098e-323 7.41098e-323 
1.97626e-323 1.97626e-323 1.97626e-323 1.97626e-323 
3.95253e-323 3.95253e-323 3.95253e-323 3.95253e-323 
5.77563e-321 5.77563e-321 5.77563e-321 5.77563e-321 
1.89113 1.89113 1.89113 1.89113 
1.84339 1.84339 1.84339 1.84339 
1.81347 1.81347 1.81347 1.81347 
1.78949 1.78949 1.78949 1.78949 1.78949 
1.76884 1.76884 1.76884 1.76884 1.76884 
1.75098 1.75098 1.75098 1.75098 1.75098 
1.73573 1.73573 1.73573 1.73573 1.73573 
1.72317 1.72317 1.72317 1.72317 1.72317 
1.71324 1.71324 1.71324 1.71324 1.71324 
1.70613 1.70613 1.70613 1.70613 1.70613 
1.70193 1.70193 1.70193 1.70193 1.70193 
1.7005 1.7005 1.7005 1.7005 1.7005 
R=9parameters: 
-0.678208 -0.678208 
0.113222 0.113222 
-8.4085e-06 -8.4085e-06 
0.202421 0.202421 
-0.217221 -0.217221 
5.03038e+175 5.03038e+175 
3.5936e+246 3.5936e+246 
2.14726e+243 2.14726e+243 
7.74232e+07 7.74232e+07 
6.37345e-322 6.37345e-322 6.37345e-322 
3.46659e-316 3.46659e-316 3.46659e-316 
0 0 0 
2.04238e-07 2.04238e-07 2.04238e-07 
5.96046e-08 5.96046e-08 5.96046e-08 
-0.000397325 -0.000397325 -0.000397325 
1.71819e-05 1.71819e-05 1.71819e-05 
0 0 0 
0 0 0 
-3.8341e-05 -3.8341e-05 -3.8341e-05 -3.8341e-05 
3.46153e-316 3.46153e-316 3.46153e-316 3.46153e-316 
0 0 0 0 
0 0 0 0 
0 0 0 0 
0 0 0 0 
1.67772e+07 1.67772e+07 1.67772e+07 1.67772e+07 
453.913 453.913 453.913 453.913 
401.254 401.254 401.254 401.254 
1.63042e-322 1.63042e-322 1.63042e-322 
6.94627e-310 6.94627e-310 6.94627e-310 
0 0 0 
692.36 692.36 692.36 
1.63042e-322 1.63042e-322 1.63042e-322 
3.52436e-316 3.52436e-316 3.52436e-316 
5.32227e-229 5.32227e-229 5.32227e-229 
2.10863e-317 2.10863e-317 2.10863e-317 
2.42092e-322 2.42092e-322 2.42092e-322 
1.92261e-316 1.92261e-316 1.92261e-316 1.92261e-316 
0 0 0 0 
7.41098e-323 7.41098e-323 7.41098e-323 7.41098e-323 
1.97626e-323 1.97626e-323 1.97626e-323 1.97626e-323 
3.95253e-323 3.95253e-323 3.95253e-323 3.95253e-323 
5.77563e-321 5.77563e-321 5.77563e-321 5.77563e-321 
1.89113 1.89113 1.89113 1.89113 
1.84339 1.84339 1.84339 1.84339 
1.81347 1.81347 1.81347 1.81347 
1.78949 1.78949 1.78949 1.78949 1.78949 
1.76884 1.76884 1.76884 1.76884 1.76884 
1.75098 1.75098 1.75098 1.75098 1.75098 
1.73573 1.73573 1.73573 1.73573 1.73573 
1.72317 1.72317 1.72317 1.72317 1.72317 
1.71324 1.71324 1.71324 1.71324 1.71324 
1.70613 1.70613 1.70613 1.70613 1.70613 
1.70193 1.70193 1.70193 1.70193 1.70193 
1.7005 1.7005 1.7005 1.7005 1.7005 
R=10parameters: 
-0.67697 -0.67697 
0.102354 0.102354 
0.656477 0.656477 
2.02105 2.02105 
-14.7448 -14.7448 
5.03038e+175 5.03038e+175 
3.5936e+246 3.5936e+246 
2.14726e+243 2.14726e+243 
7.74232e+07 7.74232e+07 
4.00193e-322 4.00193e-322 4.00193e-322 
8.58983e-320 8.58983e-320 8.58983e-320 
3.51053e-316 3.51053e-316 3.51053e-316 
3.5162e-316 3.5162e-316 3.5162e-316 
3.50783e-316 3.50783e-316 3.50783e-316 
3.5287e-316 3.5287e-316 3.5287e-316 
0.0216136 0.0216136 0.0216136 
7.30763e-08 7.30763e-08 7.30763e-08 
382.911 382.911 382.911 
4.5917 4.5917 4.5917 4.5917 
2.42092e-322 2.42092e-322 2.42092e-322 2.42092e-322 
736800 736800 736800 736800 
2.01285e+07 2.01285e+07 2.01285e+07 2.01285e+07 
4.5054e+06 4.5054e+06 4.5054e+06 4.5054e+06 
3.52608e-316 3.52608e-316 3.52608e-316 3.52608e-316 
-0.000264334 -0.000264334 -0.000264334 -0.000264334 
0.00211133 0.00211133 0.00211133 0.00211133 
0 0 0 0 
0 0 0 
0 0 0 
0 0 0 
8.69556e-322 8.69556e-322 8.69556e-322 
1.58101e-322 1.58101e-322 1.58101e-322 
3.50435e-316 3.50435e-316 3.50435e-316 
5.32227e-229 5.32227e-229 5.32227e-229 
2.10863e-317 2.10863e-317 2.10863e-317 
2.42092e-322 2.42092e-322 2.42092e-322 
1.92261e-316 1.92261e-316 1.92261e-316 1.92261e-316 
0 0 0 0 
7.41098e-323 7.41098e-323 7.41098e-323 7.41098e-323 
1.97626e-323 1.97626e-323 1.97626e-323 1.97626e-323 
3.95253e-323 3.95253e-323 3.95253e-323 3.95253e-323 
5.77563e-321 5.77563e-321 5.77563e-321 5.77563e-321 
1.89113 1.89113 1.89113 1.89113 
1.84339 1.84339 1.84339 1.84339 
1.81347 1.81347 1.81347 1.81347 
1.78949 1.78949 1.78949 1.78949 1.78949 
1.76884 1.76884 1.76884 1.76884 1.76884 
1.75098 1.75098 1.75098 1.75098 1.75098 
1.73573 1.73573 1.73573 1.73573 1.73573 
1.72317 1.72317 1.72317 1.72317 1.72317 
1.71324 1.71324 1.71324 1.71324 1.71324 
1.70613 1.70613 1.70613 1.70613 1.70613 
1.70193 1.70193 1.70193 1.70193 1.70193 
1.7005 1.7005 1.7005 1.7005 1.7005 
R=11parameters: 
-0.676584 -0.676584 
0.102597 0.102597 
0.515231 0.515231 
5.1036 5.1036 
-24.0868 -24.0868 
5.03038e+175 5.03038e+175 
3.5936e+246 3.5936e+246 
2.14726e+243 2.14726e+243 
7.74232e+07 7.74232e+07 
4.00193e-322 4.00193e-322 4.00193e-322 
8.58983e-320 8.58983e-320 8.58983e-320 
3.47004e-316 3.47004e-316 3.47004e-316 
3.44886e-316 3.44886e-316 3.44886e-316 
3.50657e-316 3.50657e-316 3.50657e-316 
3.51814e-316 3.51814e-316 3.51814e-316 
3.51846e-316 3.51846e-316 3.51846e-316 
9000.8 9000.8 9000.8 
2.42092e-322 2.42092e-322 2.42092e-322 
0 0 0 0 
-77183.5 -77183.5 -77183.5 -77183.5 
1.09907 1.09907 1.09907 1.09907 
0.00016138 0.00016138 0.00016138 0.00016138 
188.642 188.642 188.642 188.642 
3.21143e-322 3.21143e-322 3.21143e-322 3.21143e-322 
2.47033e-323 2.47033e-323 2.47033e-323 2.47033e-323 
3.50718e-316 3.50718e-316 3.50718e-316 3.50718e-316 
9.26783e-05 9.26783e-05 9.26783e-05 9.26783e-05 
3.50752e-316 3.50752e-316 3.50752e-316 
81732 81732 81732 
3.4678e-316 3.4678e-316 3.4678e-316 
3.16202e-322 3.16202e-322 3.16202e-322 
1.58101e-322 1.58101e-322 1.58101e-322 
3.52497e-316 3.52497e-316 3.52497e-316 
5.32227e-229 5.32227e-229 5.32227e-229 
2.10863e-317 2.10863e-317 2.10863e-317 
2.42092e-322 2.42092e-322 2.42092e-322 
1.92261e-316 1.92261e-316 1.92261e-316 1.92261e-316 
0 0 0 0 
7.41098e-323 7.41098e-323 7.41098e-323 7.41098e-323 
1.97626e-323 1.97626e-323 1.97626e-323 1.97626e-323 
3.95253e-323 3.95253e-323 3.95253e-323 3.95253e-323 
5.77563e-321 5.77563e-321 5.77563e-321 5.77563e-321 
1.89113 1.89113 1.89113 1.89113 
1.84339 1.84339 1.84339 1.84339 
1.81347 1.81347 1.81347 1.81347 
1.78949 1.78949 1.78949 1.78949 1.78949 
1.76884 1.76884 1.76884 1.76884 1.76884 
1.75098 1.75098 1.75098 1.75098 1.75098 
1.73573 1.73573 1.73573 1.73573 1.73573 
1.72317 1.72317 1.72317 1.72317 1.72317 
1.71324 1.71324 1.71324 1.71324 1.71324 
1.70613 1.70613 1.70613 1.70613 1.70613 
1.70193 1.70193 1.70193 1.70193 1.70193 
1.7005 1.7005 1.7005 1.7005 1.7005 
T Models:
(* Fitting with shape 1 1 1 1 1 1 1 1 1 1 0 0 *)
G[T_,xx_]:=Exp[0+xx[[1]]*T^1+xx[[2]]*T^2]*(1)
(* Fitting with shape 1 1 1 1 1 1 1 1 1 1 1 0 *)
G[T_,xx_]:=Exp[0+xx[[1]]*T^1+xx[[2]]*T^2]*(1)
(* Fitting with shape 1 1 1 1 1 1 1 1 1 1 1 1 *)
G[T_,xx_]:=Exp[0+xx[[1]]*T^1+xx[[2]]*T^2]*(1)
(* Fitting with shape 0 1 1 1 1 1 1 1 1 1 0 0 *)
G[T_,xx_]:=Exp[0+xx[[1]]*T^1+xx[[2]]*T^2]*(1)
(* Fitting with shape 0 1 1 1 1 1 1 1 1 1 1 0 *)
G[T_,xx_]:=Exp[0+xx[[1]]*T^1+xx[[2]]*T^2]*(1)
(* Fitting with shape 0 1 1 1 1 1 1 1 1 1 1 1 *)
G[T_,xx_]:=Exp[0+xx[[1]]*T^1+xx[[2]]*T^2]*(1)
(* Fitting with shape 0 0 1 1 1 1 1 1 1 1 0 0 *)
G[T_,xx_]:=Exp[0+xx[[1]]*T^1+xx[[2]]*T^2]*(1)
(* Fitting with shape 0 0 1 1 1 1 1 1 1 1 1 0 *)
G[T_,xx_]:=Exp[0+xx[[1]]*T^1+xx[[2]]*T^2]*(1)
(* Fitting with shape 0 0 1 1 1 1 1 1 1 1 1 1 *)
G[T_,xx_]:=Exp[0+xx[[1]]*T^1+xx[[2]]*T^2]*(1)
(* Fitting with shape 1 1 1 1 1 1 1 1 1 1 0 0 *)
G[T_,xx_]:=Exp[0+xx[[1]]*T^1+xx[[2]]*T^2]*(1+xx[[3]]/(T^1))
(* Fitting with shape 1 1 1 1 1 1 1 1 1 1 1 0 *)
G[T_,xx_]:=Exp[0+xx[[1]]*T^1+xx[[2]]*T^2]*(1+xx[[3]]/(T^1))
(* Fitting with shape 1 1 1 1 1 1 1 1 1 1 1 1 *)
G[T_,xx_]:=Exp[0+xx[[1]]*T^1+xx[[2]]*T^2]*(1+xx[[3]]/(T^1))
(* Fitting with shape 0 1 1 1 1 1 1 1 1 1 0 0 *)
G[T_,xx_]:=Exp[0+xx[[1]]*T^1+xx[[2]]*T^2]*(1+xx[[3]]/(T^1))
(* Fitting with shape 0 1 1 1 1 1 1 1 1 1 1 0 *)
G[T_,xx_]:=Exp[0+xx[[1]]*T^1+xx[[2]]*T^2]*(1+xx[[3]]/(T^1))
(* Fitting with shape 0 1 1 1 1 1 1 1 1 1 1 1 *)
G[T_,xx_]:=Exp[0+xx[[1]]*T^1+xx[[2]]*T^2]*(1+xx[[3]]/(T^1))
(* Fitting with shape 0 0 1 1 1 1 1 1 1 1 0 0 *)
G[T_,xx_]:=Exp[0+xx[[1]]*T^1+xx[[2]]*T^2]*(1+xx[[3]]/(T^1))
(* Fitting with shape 0 0 1 1 1 1 1 1 1 1 1 0 *)
G[T_,xx_]:=Exp[0+xx[[1]]*T^1+xx[[2]]*T^2]*(1+xx[[3]]/(T^1))
(* Fitting with shape 0 0 1 1 1 1 1 1 1 1 1 1 *)
G[T_,xx_]:=Exp[0+xx[[1]]*T^1+xx[[2]]*T^2]*(1+xx[[3]]/(T^1))
(* Fitting with shape 1 1 1 1 1 1 1 1 1 1 0 0 *)
G[T_,xx_]:=Exp[0+xx[[1]]*T^1+xx[[2]]*T^2]*(1+xx[[3]]/(T^1)+xx[[4]]/(T^2))
(* Fitting with shape 1 1 1 1 1 1 1 1 1 1 1 0 *)
G[T_,xx_]:=Exp[0+xx[[1]]*T^1+xx[[2]]*T^2]*(1+xx[[3]]/(T^1)+xx[[4]]/(T^2))
(* Fitting with shape 1 1 1 1 1 1 1 1 1 1 1 1 *)
G[T_,xx_]:=Exp[0+xx[[1]]*T^1+xx[[2]]*T^2]*(1+xx[[3]]/(T^1)+xx[[4]]/(T^2))
(* Fitting with shape 0 1 1 1 1 1 1 1 1 1 0 0 *)
G[T_,xx_]:=Exp[0+xx[[1]]*T^1+xx[[2]]*T^2]*(1+xx[[3]]/(T^1)+xx[[4]]/(T^2))
(* Fitting with shape 0 1 1 1 1 1 1 1 1 1 1 0 *)
G[T_,xx_]:=Exp[0+xx[[1]]*T^1+xx[[2]]*T^2]*(1+xx[[3]]/(T^1)+xx[[4]]/(T^2))
(* Fitting with shape 0 1 1 1 1 1 1 1 1 1 1 1 *)
G[T_,xx_]:=Exp[0+xx[[1]]*T^1+xx[[2]]*T^2]*(1+xx[[3]]/(T^1)+xx[[4]]/(T^2))
(* Fitting with shape 0 0 1 1 1 1 1 1 1 1 0 0 *)
G[T_,xx_]:=Exp[0+xx[[1]]*T^1+xx[[2]]*T^2]*(1+xx[[3]]/(T^1)+xx[[4]]/(T^2))
(* Fitting with shape 0 0 1 1 1 1 1 1 1 1 1 0 *)
G[T_,xx_]:=Exp[0+xx[[1]]*T^1+xx[[2]]*T^2]*(1+xx[[3]]/(T^1)+xx[[4]]/(T^2))
(* Fitting with shape 0 0 1 1 1 1 1 1 1 1 1 1 *)
G[T_,xx_]:=Exp[0+xx[[1]]*T^1+xx[[2]]*T^2]*(1+xx[[3]]/(T^1)+xx[[4]]/(T^2))
(* Fitting with shape 1 1 1 1 1 1 1 1 1 1 0 0 *)
G[T_,xx_]:=Exp[0+xx[[1]]*T^1+xx[[2]]*T^2+xx[[3]]*T^3]*(1)
(* Fitting with shape 1 1 1 1 1 1 1 1 1 1 1 0 *)
G[T_,xx_]:=Exp[0+xx[[1]]*T^1+xx[[2]]*T^2+xx[[3]]*T^3]*(1)
(* Fitting with shape 1 1 1 1 1 1 1 1 1 1 1 1 *)
G[T_,xx_]:=Exp[0+xx[[1]]*T^1+xx[[2]]*T^2+xx[[3]]*T^3]*(1)
(* Fitting with shape 0 1 1 1 1 1 1 1 1 1 0 0 *)
G[T_,xx_]:=Exp[0+xx[[1]]*T^1+xx[[2]]*T^2+xx[[3]]*T^3]*(1)
(* Fitting with shape 0 1 1 1 1 1 1 1 1 1 1 0 *)
G[T_,xx_]:=Exp[0+xx[[1]]*T^1+xx[[2]]*T^2+xx[[3]]*T^3]*(1)
(* Fitting with shape 0 1 1 1 1 1 1 1 1 1 1 1 *)
G[T_,xx_]:=Exp[0+xx[[1]]*T^1+xx[[2]]*T^2+xx[[3]]*T^3]*(1)
(* Fitting with shape 0 0 1 1 1 1 1 1 1 1 0 0 *)
G[T_,xx_]:=Exp[0+xx[[1]]*T^1+xx[[2]]*T^2+xx[[3]]*T^3]*(1)
(* Fitting with shape 0 0 1 1 1 1 1 1 1 1 1 0 *)
G[T_,xx_]:=Exp[0+xx[[1]]*T^1+xx[[2]]*T^2+xx[[3]]*T^3]*(1)
(* Fitting with shape 0 0 1 1 1 1 1 1 1 1 1 1 *)
G[T_,xx_]:=Exp[0+xx[[1]]*T^1+xx[[2]]*T^2+xx[[3]]*T^3]*(1)
(* Fitting with shape 1 1 1 1 1 1 1 1 1 1 0 0 *)
G[T_,xx_]:=Exp[0+xx[[1]]*T^1+xx[[2]]*T^2+xx[[3]]*T^3]*(1+xx[[4]]/(T^1))
(* Fitting with shape 1 1 1 1 1 1 1 1 1 1 1 0 *)
G[T_,xx_]:=Exp[0+xx[[1]]*T^1+xx[[2]]*T^2+xx[[3]]*T^3]*(1+xx[[4]]/(T^1))
(* Fitting with shape 1 1 1 1 1 1 1 1 1 1 1 1 *)
G[T_,xx_]:=Exp[0+xx[[1]]*T^1+xx[[2]]*T^2+xx[[3]]*T^3]*(1+xx[[4]]/(T^1))
(* Fitting with shape 0 1 1 1 1 1 1 1 1 1 0 0 *)
G[T_,xx_]:=Exp[0+xx[[1]]*T^1+xx[[2]]*T^2+xx[[3]]*T^3]*(1+xx[[4]]/(T^1))
(* Fitting with shape 0 1 1 1 1 1 1 1 1 1 1 0 *)
G[T_,xx_]:=Exp[0+xx[[1]]*T^1+xx[[2]]*T^2+xx[[3]]*T^3]*(1+xx[[4]]/(T^1))
(* Fitting with shape 0 1 1 1 1 1 1 1 1 1 1 1 *)
G[T_,xx_]:=Exp[0+xx[[1]]*T^1+xx[[2]]*T^2+xx[[3]]*T^3]*(1+xx[[4]]/(T^1))
(* Fitting with shape 0 0 1 1 1 1 1 1 1 1 0 0 *)
G[T_,xx_]:=Exp[0+xx[[1]]*T^1+xx[[2]]*T^2+xx[[3]]*T^3]*(1+xx[[4]]/(T^1))
(* Fitting with shape 0 0 1 1 1 1 1 1 1 1 1 0 *)
G[T_,xx_]:=Exp[0+xx[[1]]*T^1+xx[[2]]*T^2+xx[[3]]*T^3]*(1+xx[[4]]/(T^1))
(* Fitting with shape 0 0 1 1 1 1 1 1 1 1 1 1 *)
G[T_,xx_]:=Exp[0+xx[[1]]*T^1+xx[[2]]*T^2+xx[[3]]*T^3]*(1+xx[[4]]/(T^1))
(* Fitting with shape 1 1 1 1 1 1 1 1 1 1 0 0 *)
G[T_,xx_]:=Exp[0+xx[[1]]*T^1+xx[[2]]*T^2+xx[[3]]*T^3]*(1+xx[[4]]/(T^1)+xx[[5]]/(T^2))
(* Fitting with shape 1 1 1 1 1 1 1 1 1 1 1 0 *)
G[T_,xx_]:=Exp[0+xx[[1]]*T^1+xx[[2]]*T^2+xx[[3]]*T^3]*(1+xx[[4]]/(T^1)+xx[[5]]/(T^2))
(* Fitting with shape 1 1 1 1 1 1 1 1 1 1 1 1 *)
G[T_,xx_]:=Exp[0+xx[[1]]*T^1+xx[[2]]*T^2+xx[[3]]*T^3]*(1+xx[[4]]/(T^1)+xx[[5]]/(T^2))
(* Fitting with shape 0 1 1 1 1 1 1 1 1 1 0 0 *)
G[T_,xx_]:=Exp[0+xx[[1]]*T^1+xx[[2]]*T^2+xx[[3]]*T^3]*(1+xx[[4]]/(T^1)+xx[[5]]/(T^2))
(* Fitting with shape 0 1 1 1 1 1 1 1 1 1 1 0 *)
G[T_,xx_]:=Exp[0+xx[[1]]*T^1+xx[[2]]*T^2+xx[[3]]*T^3]*(1+xx[[4]]/(T^1)+xx[[5]]/(T^2))
(* Fitting with shape 0 1 1 1 1 1 1 1 1 1 1 1 *)
G[T_,xx_]:=Exp[0+xx[[1]]*T^1+xx[[2]]*T^2+xx[[3]]*T^3]*(1+xx[[4]]/(T^1)+xx[[5]]/(T^2))
(* Fitting with shape 0 0 1 1 1 1 1 1 1 1 0 0 *)
G[T_,xx_]:=Exp[0+xx[[1]]*T^1+xx[[2]]*T^2+xx[[3]]*T^3]*(1+xx[[4]]/(T^1)+xx[[5]]/(T^2))
(* Fitting with shape 0 0 1 1 1 1 1 1 1 1 1 0 *)
G[T_,xx_]:=Exp[0+xx[[1]]*T^1+xx[[2]]*T^2+xx[[3]]*T^3]*(1+xx[[4]]/(T^1)+xx[[5]]/(T^2))
(* Fitting with shape 0 0 1 1 1 1 1 1 1 1 1 1 *)
G[T_,xx_]:=Exp[0+xx[[1]]*T^1+xx[[2]]*T^2+xx[[3]]*T^3]*(1+xx[[4]]/(T^1)+xx[[5]]/(T^2))
Probabilities: 
        0         0         0         0         0         0         0         0         0         0         0         0         0         0         0         0         0         0         0         0         0         0         0         0  0.011621         0         0         0         0         0         0         0         0         0         0         0         0         0         0         0         0         0         0         0         0         0         0         0         0         0         0  0.988379         0         0
        0         0         0         0         0         0         0         0         0         0         0         0         0         0         0         0         0         0         0         0         0         0         0         0 0.0249105         0         0         0         0         0         0         0         0         0         0         0         0         0         0         0         0         0  0.627652         0         0         0         0         0         0         0         0  0.347438         0         0
        0         0         0         0         0         0         0         0         0         0         0         0         0         0         0         0         0         0         0         0         0         0         0         0 0.0972171         0         0         0         0         0         0         0         0         0         0         0         0         0         0         0         0         0  0.634738         0         0         0         0         0         0         0         0  0.268045         0         0
        0         0         0         0         0         0         0         0         0         0         0         0         0         0         0         0         0         0         0         0         0         0         0         0  0.135161         0         0         0         0         0         0         0         0         0         0         0         0         0         0         0         0         0  0.623246         0         0         0         0         0         0         0         0  0.241593         0         0
        0         0         0         0         0         0         0         0         0         0         0         0         0         0         0         0         0         0         0         0         0         0         0         0  0.186299         0         0         0         0         0         0         0         0         0         0         0         0         0         0         0         0         0  0.589928         0         0         0         0         0         0         0         0  0.223773         0         0
        0         0         0         0         0         0         0         0         0         0         0         0         0         0         0         0         0         0         0         0         0         0         0         0         0         0         0         0         0         0         0         0         0         0         0         0         0         0         0         0         0         0   0.72789         0         0         0         0         0         0         0         0   0.27211         0         0
        0         0         0         0         0         0         0         0         0         0         0         0         0         0         0         0         0         0         0         0         0         0         0         0         0         0         0         0         0         0         0         0         0         0         0         0         0         0         0         0         0         0         0  0.404315         0         0         0         0  0.595685         0         0         0         0         0
        0         0         0         0         0         0         0         0         0         0         0         0         0         0         0         0         0         0         0         0         0         0         0         0         0         0         0         0         0         0         0         0         0         0         0         0         0         0         0         0         0         0         1         0         0         0         0         0         0         0         0         0         0         0
        0         0         0         0         0         0         0         0         0         0         0         0         0         0         0         0         0         0         0         0         0         0         0         0  0.301282         0         0         0         0         0         0         0         0         0         0         0         0         0         0         0         0         0  0.698718         0         0         0         0         0         0         0         0         0         0         0
        0         0         0         0         0         0         0         0         0         0         0         0         0         0         0         0         0         0         0         0         0         0         0         0         0         0         0         0         0         0         0         0         0         0         0         0         0         0         0         0         0         0         1         0         0         0         0         0         0         0         0         0         0         0
        0         0         0         0         0         0         0         0         0         0         0         0         0         0         0         0         0         0         0         0         0         0         0         0   0.52404         0         0         0         0         0         0         0         0         0         0         0         0         0         0         0         0         0         0         0         0         0         0         0         0         0         0   0.47596         0         0
        0         0         0         0         0         0         0         0         0         0         0         0         0         0         0         0         0         0         0         0         0         0         0         0  0.228037         0         0         0         0         0         0         0         0         0         0         0         0         0         0         0         0         0  0.563767         0         0         0         0         0         0         0         0  0.208196         0         0

Values: 
0.0521484 0.0521649 0.0521628 0.0522093  0.206894  0.202892  0.273981  0.332507 0.0522322 0.0521203 0.0521446 0.0521424  0.247766 0.0519359  0.242016 0.0518104  0.337174  0.333932 0.0518034 0.0518004 0.0517957  0.236226  0.264632   0.28024 0.0515947 0.0515858 0.0515759   1.18413 0.0527587   1.17535   1.10789   1.10711   1.10695   1.00223   1.00401  -21.2809 0.0527011 0.0526257 0.0525851 0.0524276  0.879028  0.748733  0.716218 0.0522331 0.0521973  0.202357 0.0522028 0.0521691  0.543938  0.825529 0.0520197  0.051967   6.26953   1.12224
0.0717178 0.0717392 0.0717394 0.0718833  0.137357 0.0719027  0.281118 0.0719522  0.254348 0.0718886 0.0719109 0.0719103  0.071771  0.118071  0.071786 0.0716708 0.0716601 0.0716654 0.0716392 0.0716341  0.248696 0.0949428 0.0714611 0.0714535 0.0713439 0.0713253 0.0713023   1.18905   1.19094   1.19355   1.20284   1.20957   1.20082  0.998035  0.996804    1.0033  0.926957 0.0730314 0.0729015 0.0728733   1.36473   1.08851 0.0726733 0.0725051  0.865858  0.801619 0.0724178  0.839673   1.17728   0.89863  0.876457 0.0723481 0.0719684  -0.73129
0.0809532 0.0809339 0.0809295  0.688201  0.276747 0.0812126 0.0813209 0.0812912 0.0812851 0.0813213 0.0813154 0.0813136 0.0812803  0.293737 0.0812711 0.0812007  0.606262 0.0811712 0.0811416 0.0811211  0.859458  0.080972 0.0809324 0.0809073 0.0807578 0.0807417 0.0807105   1.18445   1.16838    1.1718     1.255 0.0835003   1.15732  -63.8088   1.33981   1.11468  0.979383  0.987997 0.0829338   1.33831 0.0827558   0.70793 0.0828579   8.81412  0.385687  0.837658  0.837441 0.0822278  0.957855 0.0821477 0.0819819 0.0824345 0.0816095 0.0815045
  0.10109 0.0865567 0.0864972 0.0870095 0.0869269 0.0868805  0.254578  0.217055  0.265475 0.0871886 0.0871418 0.0871001  0.087243 0.0872191 0.0871786  0.487495  0.529235 0.0871272 0.0870989 0.0870693 0.0870372  0.274936  0.311754  0.311614 0.0866049 0.0865936 0.0865652 0.0661795 0.0901505    1.1454   1.11448   1.11458   1.11398   1.01292    1.0167   1.01362  0.970515  0.970332  0.233033    1.0237 0.0893354 0.0890843 0.0896035 0.0890502  0.735667 0.0892929 0.0888246 0.0886055 0.0893084 0.0885768 0.0882735 0.0891572  0.661186 0.0874497
0.0907471 0.0906367 0.0905452 0.0913152  0.239575 0.0911641 0.0915135 0.0914198  0.185531  0.091607  0.091577 0.0915177 0.0917297 0.0917266 0.0916665  0.413708  0.462089 0.0916133  0.416753 0.0915424 0.0914983  0.861216 0.0912861  0.842953 0.0909309  0.090941 0.0909199   1.20273   1.20117   1.19819   1.20908   1.20846   1.05333   1.10483   1.35255   1.08474 0.0960668 0.0950925 0.0946227 0.0949633 0.0942679  0.950948 0.0947193 0.0939274 0.0936057  0.866607   0.86653  0.093349 0.0944195   1.03894  0.538148 0.0942124 0.0921232 0.0917413
0.0939517 0.0938061 0.0937115  0.741034  0.712647  0.397435  0.233047 0.0948463 0.0947392 0.0950753 0.0950389 0.0949713  0.224586  0.156594 0.0952259  0.095225 0.0952163  0.541042 0.0950912   0.48288  0.471416  0.877598 0.0947804 0.0947306  0.496122 0.0943603 0.0943501   1.14509   1.14391   1.14157     1.167   1.16705   1.15691   1.00679   1.00703 0.0993001  0.958802  0.939806 0.0987852 0.0991532 0.0983048 0.0979185 0.0989527  0.676552  0.097517  0.858459 0.0975624 0.0971975   1.05974  0.097286 0.0967423 0.0984558  0.926383  0.509595
0.0966759 0.0965176 0.0964155  0.097556 0.0974588 0.0973829 0.0979108 0.0978168 0.0977022 0.0980172 0.0980033 0.0979373  0.805962 0.0982362  0.262601  0.330094  0.386616  0.385912 0.0979875 0.0979796  0.097933  0.172461 0.0976352 0.0975844   0.49642  0.523683   0.09715    1.1053   1.09552   1.08497   1.14483   1.14067   1.13158  -169.092  -100.255   1.00968  0.104072  0.102748  0.102127   0.93535  0.935109    1.2095   0.60171  0.101187  0.658471  0.101703  0.100735  0.672484  0.102223   1.10951  0.934834 -0.822677  0.875279 0.0979054
0.0988811 0.0987192 0.0986174    0.1111 0.0997943  0.099727  0.100275  0.100188  0.100085  0.100385  0.100376  0.100321  0.388529  0.100575  0.275641  0.100454  0.413147   0.83009  0.100297  0.100286  0.100244 0.0999738 0.0999147  0.295871  0.338814 0.0993845 0.0994038   1.12748   1.12483   1.13656   1.12583   1.13048   1.39188   1.32027   1.34422   1.02439  0.106937  0.105568  0.945923  0.819742  0.888915  0.103706  0.105157  0.103845  0.762531  0.104346         1         1   1.00806  0.103125  0.102283  0.811104  0.670108  0.100061
 0.129123  0.100346  0.100243  0.101645         1  0.101494  0.102075  0.101992  0.101906  0.102186  0.102189   0.10215   0.10236   0.31245  0.295598  0.366471  0.102233  0.102197  0.102071  0.102062  0.102035  0.101718  0.101654  0.827418  0.101015  0.101068  0.101123    1.1437   1.14074   1.13154   1.12867   1.12802    1.2591   1.00332   1.01465   1.07803  0.109215  0.107715  0.966089  0.107454  0.083306  0.105656  0.107415  0.105905  0.525205  0.106501         1         1   1.17666  0.105163  0.104079   4.84056  0.102891  0.101351
 0.101769  0.113222  0.101501  0.236797  0.238551  0.102785  0.272547  0.275112  0.103254  0.103464  0.103473  0.103451  0.103637   0.30118  0.293937  0.103498  0.103486  0.103463  0.103323  0.103314  0.103298  0.323946  0.337405  0.846272  0.494808  0.102273  0.102355   0.11272  0.110167   1.14728     1.189   1.40019   1.22202    1.2199         1    1.0218  0.967043  0.967536  0.977368  0.109003  0.107736   1.03616  0.109011  0.107324 -0.525251         1         1         1  0.109027  0.106549  0.858657  0.512846   0.57638  0.663203
 0.102495  0.102354    0.1023  0.103691  0.431616  0.103647  0.183306  0.104131  0.210529  0.104245  0.104303  0.104312  0.315446  0.248827  0.104465  0.104265   0.10427  0.104267  0.104082  0.104086  0.104088   0.17966  0.103637  0.260918  0.102906  0.102981  0.103066     1.207   1.21083   1.21833   1.12759   1.44524   1.23613   1.10698   1.19483   1.01429  0.901316  0.900296  0.109248  0.109974    0.8581  0.107881  0.526797  0.621067  0.107317         1         1         1  0.110186  0.107529  0.879377  0.110492  0.104986  0.666487
 0.102714  0.102597   0.10256  0.103945  0.103931  0.250296  0.104407  0.104411  0.121098  0.104498  0.104575  0.104597  0.242917  0.104692   0.29116  0.104486  0.104495  0.104499  0.104302  0.104313  0.104321  0.103913  0.103852  0.103839  0.103117  0.103197  0.103286   1.25971    1.2658   1.27067   1.17874   1.40031   1.16081   1.07977   1.17467  -141.667   0.89728   1.79137   1.25597  0.110278  -1.76132  0.108112  0.110372   0.10855   1.26929         1         1         1  0.110508  0.107792   2.54221  0.110861   0.10522   0.10301

Errors: 
1.18588e-05 1.17997e-05 1.17999e-05 1.19598e-05  0.00127427  0.00123547  0.00332361     1.61735 1.19343e-05 1.19219e-05 1.18634e-05 1.18637e-05  0.00304369 1.29135e-05    0.303767  1.4217e-05  0.00194967  0.00125187 1.39725e-05 1.39724e-05 1.39556e-05  0.00184727    0.355776    0.394592  1.9317e-05 1.84094e-05 1.81104e-05           0 1.57632e-05           0           0           0           0           0           0     1.01776 1.82481e-05  1.5893e-05 1.54286e-05  2.3829e-05  5.9673e-06 4.39497e-05 0.000153693 2.73154e-05 2.45763e-05 2.17547e-06 2.58904e-05 2.36284e-05 0.000348643 2.63308e-06 3.63862e-05 0.000114146           1     1.00017
3.14916e-05 3.14283e-05 3.14539e-05  3.2322e-05           0 3.23853e-05           0 3.26257e-05           0 3.33094e-05 3.22823e-05 3.23382e-05 3.35921e-05           0 3.27914e-05 3.39044e-05 3.40396e-05 3.39394e-05 3.40594e-05  3.3739e-05           0           0 3.78844e-05 3.75245e-05 5.15676e-05 4.34854e-05 4.24552e-05           0           0           0           0           0           0           0           0           0           0 5.23259e-05 4.96682e-05 8.40365e-05           0     1.00001 0.000103234 7.57166e-05     1.00011           1 7.12586e-05      1.3256    0.745322     1.00002 0.000907108 0.000373661 0.000257943     1.00001
5.99289e-05 6.02265e-05 6.01764e-05           0           0 6.34064e-05 6.31088e-05 6.34845e-05  6.3839e-05 6.30648e-05 6.35769e-05 6.76097e-05 6.35476e-05           0 6.39449e-05 6.41831e-05           0  6.4522e-05 6.44449e-05 6.46772e-05           0 7.23451e-05 6.87948e-05 6.80025e-05 8.65302e-05 8.36904e-05 7.63042e-05           0           0           0           0 0.000109814           0   0.0783614     1.00013     1.00397           0           0 9.90325e-05     1.00002 0.000123231     1.00001 0.000221442     1.00165  0.00421714     1.30353     1.18366 0.000118529 0.000101669 0.000251904 0.000189292 0.000830452 0.000547517 0.000378439
          0 9.73881e-05 9.84496e-05  0.00010211 0.000102688 0.000102523           0           0           0 0.000104262 0.000104659 0.000104802 0.000105381 0.000106238  0.00010616           0           0 0.000106092 0.000107541 0.000106192 0.000106445           0           0           0 0.000143218 0.000126973 0.000121574           1 0.000181188           0           0           0           0           0           0           0           0           0           1     1.00018 0.000204738 0.000187395 0.000387372 0.000260573           1 0.000360561 0.000245559 0.000202734 0.000612536 0.000418331 0.000321173  0.00141416  0.00235881 0.000655955
0.000143377  0.00014386 0.000142735 0.000153012           0  0.00015366 0.000155671 0.000157038           0 0.000156864 0.000158325 0.000158418  0.00015978 0.000161095 0.000161489           0           0 0.000161554           0 0.000163891 0.000161624           0 0.000167328           0 0.000219436 0.000191775 0.000182956           0           0           0           0           0           1     1.02398     1.00144     1.05065  0.00035477 0.000268316 0.000247429 0.000444104 0.000309035     1.00007 0.000574474  0.00038132  0.00033024     1.38093     1.28937 0.000301243 0.000901907 0.000281578  0.00434174  0.00208202  0.00137673 0.000998515
0.000195004 0.000195242 0.000189258           0           0           0           0 0.000216341 0.000215593 0.000216094 0.000219083 0.000216233           0           0 0.000233823 0.000221678 0.000236127           0 0.000223754           0           0           0 0.000230455 0.000238657           0 0.000261985 0.000291845           0           0           0           0           0           0           0           0 0.000342352           0           0 0.000340993 0.000608287 0.000428173 0.000368354 0.000768897     1.00019 0.000429431     1.81922 0.000498691 0.000415993 0.000315522 0.000818606 0.000648358  0.00280111 0.000656373     1.00002
0.000252927 0.000252461  0.00025059 0.000271156 0.000281139 0.000274186 0.000279199 0.000282432 0.000282156 0.000287596 0.000289496 0.000281947           0 0.000286925           0           0           0           0 0.000288245 0.000289102 0.000288345           0 0.000301309 0.000299453           0           0 0.000329449           0           0           0           0           0           0    0.634413    0.383715           0 0.000622328 0.000467527 0.000433292           0           0     1.00031           1 0.000660239           1 0.000907748 0.000624791           1  0.00152288 0.000230074   0.0250449     1.00022     1.00887  0.00172359
0.000311104 0.000316442 0.000310667           0 0.000341013 0.000341098  0.00034583 0.000351826 0.000352831 0.000347538 0.000395983 0.000354839           0 0.000356931           0 0.000357705           0           0 0.000356486 0.000356224 0.000388745 0.000369681 0.000370549           0           0 0.000415372 0.000406029           0           0           0           0           0      1.0001     1.00251     1.00106           0 0.000704983 0.000562011           0           1     1.00076 0.000551397   0.0011693 0.000855472      1.0002   0.0010761   0.0180469   0.0178198   0.0006028  0.00122334 0.000982101 0.000442483           1  0.00202632
          0 0.000364343 0.000364431           0           0           0 0.000397345 0.000409823 0.000411237 0.000405156 0.000408119 0.000412834 0.000415677           0           0           0 0.000434878 0.000418247 0.000409932  0.00041111 0.000416062 0.000427529 0.000442857           0  0.00051897 0.000479427 0.000457561           0           0           0           0           0           0           0           0     1.00453 0.000797231 0.000629926           0 0.000991096     1.00008 0.000633112  0.00132597 0.000894948     1.00001  0.00122499   0.0211571   0.0206985  0.00128758   0.0013951  0.00111124     1.07468  0.00311026  0.00231766
0.000408839           0 0.000404985           0           0 0.000442379           0           0 0.000457858  0.00044339 0.000455074 0.000456318 0.000451927           0           0 0.000452994 0.000457502 0.000538753 0.000446869 0.000454225 0.000456905           0           0           0           0 0.000534945 0.000511298 0.000843764 0.000684868           0     1.00159     1.00016           0     1.00091           0           0           0           0           0  0.00108302 0.000812119     1.00007  0.00145305  0.00099637  0.00120333    0.023775   0.0235908    0.022948  0.00225222  0.00151387     1.00002    0.969749  0.00684238  0.00848107
 0.00042723 0.000432382  0.00043376 0.000475227           0 0.000477032           0 0.000483896           0 0.000479106 0.000491042 0.000503138           0           0 0.000489999 0.000480769 0.000487454 0.000487376  0.00048552 0.000490658 0.000487776           0 0.000500444           0 0.000608277 0.000563849 0.000547312           0           0           0           0           0           0      1.0036     1.00075           0           0           0 0.000672649  0.00113799     1.00094 0.000724643     1.00001           1 0.000857476    0.025488     0.02524   0.0243652  0.00237266  0.00159811     1.00008  0.00527749  0.00356833   0.0229645
0.000431715 0.000441608 0.000449192 0.000468375 0.000483794           0 0.000481506   0.0004942           0 0.000483663  0.00049763 0.000497696           0  0.00050717           0 0.000490259 0.000494522 0.000496751 0.000509783 0.000504908 0.000500617 0.000510449  0.00051425 0.000507211 0.000611863 0.000562314 0.000549865           0           0           0     1.00191     1.00018           0     1.00796           0     0.73967           0   0.0231845           1  0.00116559  0.00735872 0.000732339  0.00154343  0.00105134     1.00154   0.0260377   0.0257383   0.0248366  0.00241736  0.00163283           1   0.0053656  0.00363936  0.00270479

Statuses: 
0 0 0 0 3 3 3 3 0 0 0 0 3 0 3 0 3 3 0 0 0 3 3 3 0 0 0 3 0 3 3 3 3 3 3 3 0 0 0 0 3 3 3 0 0 3 0 0 3 3 0 0 3 3
0 0 0 0 3 0 3 0 3 0 0 0 0 3 0 0 0 0 0 0 3 3 0 0 0 0 0 3 3 3 3 3 3 3 3 3 3 0 0 0 3 3 0 0 3 3 0 3 3 3 3 0 0 3
0 0 0 3 3 0 0 0 0 0 0 0 0 3 0 0 3 0 0 0 3 0 0 0 0 0 0 3 3 3 3 0 3 0 3 3 3 3 0 3 0 3 0 3 3 3 3 0 3 0 0 0 0 0
3 0 0 0 0 0 3 3 3 0 0 0 0 0 0 3 3 0 0 0 0 3 3 3 0 0 0 3 0 3 3 3 3 3 3 3 3 3 3 3 0 0 0 0 3 0 0 0 0 0 0 0 3 0
0 0 0 0 3 0 0 0 3 0 0 0 0 0 0 3 3 0 3 0 0 3 0 3 0 0 0 3 3 3 3 3 3 3 3 3 0 0 0 0 0 3 0 0 0 3 3 0 0 3 3 0 0 0
0 0 0 3 3 3 3 0 0 0 0 0 3 3 0 0 0 3 0 3 3 3 0 0 3 0 0 3 3 3 3 3 3 3 3 0 3 3 0 0 0 0 0 3 0 3 0 0 3 0 0 0 3 3
0 0 0 0 0 0 0 0 0 0 0 0 3 0 3 3 3 3 0 0 0 3 0 0 3 3 0 3 3 3 3 3 3 0 0 3 0 0 0 3 3 3 3 0 3 0 0 3 0 3 3 3 3 0
0 0 0 3 0 0 0 0 0 0 0 0 3 0 3 0 3 3 0 0 0 0 0 3 3 0 0 3 3 3 3 3 3 3 3 3 0 0 3 3 3 0 0 0 3 0 3 3 3 0 0 3 3 0
3 0 0 2 3 2 0 0 0 0 0 0 0 3 3 3 0 0 0 0 0 0 0 3 0 0 0 3 3 3 3 3 3 3 3 3 0 0 3 0 3 0 0 0 3 0 3 3 3 0 0 3 0 0
0 3 0 3 3 0 3 3 0 0 0 0 0 3 3 0 0 0 0 0 0 3 3 3 3 0 0 0 0 3 3 3 3 3 3 3 3 3 3 0 0 3 0 0 0 3 3 3 0 0 3 3 3 3
0 0 0 0 3 0 3 0 3 0 0 0 3 3 0 0 0 0 0 0 0 3 0 3 0 0 0 3 3 3 3 3 3 3 3 3 3 3 0 0 3 0 3 3 0 3 3 3 0 0 3 0 0 3
0 0 0 0 0 3 0 0 3 0 0 0 3 0 3 0 0 0 0 0 0 0 0 0 0 0 0 3 3 3 3 3 3 3 3 0 3 3 3 0 0 0 0 0 3 3 3 3 0 0 3 0 0 0
chisq per dof: 
7.16801 6.61048 6.10314 5.31778 21238.9 18718.3 32888.7   33755 4.33579 3.60677 3.57716 3.35888 31102.3 2.28833 24790.4 2.02742 34965.1 30117.4 2.01625 1.94211 1.85952 35314.1 35335.3 31362.2  2.0272 1.82645 1.69905 93167.4 4.54648 74261.9  111703 95752.1   83849  108318 90614.3 64640.2 2.11783 2.03143  1.9887 1.89719  106831 85129.9  127468 1.83215 1.70401 56013.3 1.86862 1.75609  162087  104048 1.84738 2.67756  109599  107486
3.03364  2.9167 2.72882 2.59459 943.791 2.39646    2218  2.5742 1797.99 2.18622 2.19855 2.07777 1.79026 725.191 1.74097 1.76229 1.69924 1.65296 1.80012 1.74317 5171.99 1773.24 1.73118 1.65175 2.02699 1.82298 1.69465 10118.1 8985.44 7980.67   10358 8843.94 7796.84 11872.5 9902.48 8601.62 11939.9 1.74708 1.70716 1.82591 8960.02 10839.6 2.01571 1.82076 9983.14 13719.7 1.85091 10694.7   16446 7337.58 12650.6 2.68571 2.26772  6253.8
2.19676 2.20521 2.11335  1609.2 471.253 1.94417 2.00702 2.07719 1.98379 1.85835 1.88142 1.81134 1.66849  574.62 1.62285 1.69956 1334.54 1.57539 1.74705 1.67509 2760.28 1.84309 1.71035 1.62171 2.02376 1.81927 1.68517 3088.98 2817.14 2479.89 2939.81 1.63022  1979.1 2593.72 2696.45 2556.27  4112.3 3602.53 1.61638 4166.65 1.69013 3053.01  2.0172 2623.77 2564.09 4461.84 3680.09 1.73051 4923.97 2.01745 1.84903 2.68896  2.2697 2.01586
 27.434 1.94456 1.88949  1.8009 1.85357 1.79555 173.691 152.961 193.717 1.74731 1.77154 1.71903 1.62125  1.5952 1.55703  446.32 520.648 1.53106 1.72607 1.64771 1.58637 241.318 360.563 332.644  2.0226 1.81813 1.68239 99.1819 1.64604 1076.16 1655.16 1419.56 1242.56 1525.96 1272.45 1094.77 1759.79 1508.44 309.613 1938.67 1.68621 1.59431 2.01726 1.81899 1266.57 2.01368 1.84846 1.72976  2.2671  2.0174 1.84932 2.68944 1817.61 2.01627
1.76387 1.78315 1.73105  1.6814 80.0516 1.64982 1.70554 1.73699   65.05 1.67082 1.66614 1.61238  1.5898 1.54358 1.49945 168.726 241.278 1.50077 666.816 1.62535 1.55949 669.723 1.69521 479.294 2.02107 1.81687 1.68086 746.388 654.039 583.033 741.115 637.328 456.114 863.375 661.205 621.694 1.70104  1.6195 1.56096 1.81422 1.68461 780.791 2.01704 1.81843 1.68456  1106.2 923.807 1.72884 2.26695 990.013 893.321 2.68924 2.26981 2.01607
1.67752  1.6867 1.63385 252.054 220.408 146.703 37.2694 1.65433 1.59619 1.63215 1.61732 1.56229 35.4011 19.5538 1.46918 1.64889 1.55486 169.277 1.70507 383.819 333.326 434.191 1.69219 1.59532 179.319 1.81603 1.68004 472.698 414.229 370.287 548.339 470.874 417.565 549.668 458.479 1.48927 665.942 487.671 1.54994 1.81341 1.68293 1.58926  2.0165 476.899 1.68376 675.876 1.84737 1.72813 554.275 2.01659 1.84852 2.68859 655.702 100.028
1.61439 1.61445 1.56533 1.56396  1.5616  1.5103 1.58394 1.58028 1.52672 1.59652 1.56896 1.51584 239.857 1.50141 35.0793 40.3455 71.0938 64.9667 1.69973 1.60807 1.53771 26.4084 1.68998 1.59272 111.829 126.832 1.67982 285.143  273.48 255.658 394.974 338.801  298.83 288.062 245.252 277.415 1.69139 1.60591 1.54334 472.851 394.507 324.006 440.568   1.817  315.43 2.01336   1.847 293.448  2.2664 344.253 322.132 310.603 479.357  2.0155
1.57523 1.56634 1.51959 81.3221 1.52043  1.4709  1.5537 1.53917 1.48621 1.57628 1.54228 1.48944 64.0852 1.49161 28.7137 1.63861 61.3572  144.75 1.69667 1.60384 1.53254 1.82408 1.68835 41.7324 42.0773 1.81546 1.67958 248.303 220.505 190.737 300.083  257.53 197.649 265.693 225.545 209.331  1.6894 1.60197 228.189  257.13 296.885 1.58705 2.01628 1.81636  243.11 2.01332  429.32 369.624 314.968  2.0158 1.84794 466.904 337.589 2.01535
4.36943 1.54364 1.49883 1.51258   129.7 1.45339 1.53526 1.52033 1.46805 1.56426 1.53002 1.47721 1.54994 35.2409  29.464 33.6704 1.53915 1.46592 1.69532 1.60217  1.5298 1.82355 1.68776 133.264  2.0189 1.81522 1.67956 196.064 171.673 155.233 244.914 210.262  182.04 237.342 197.971 171.232 1.68751 1.59963 197.758 1.81277 199.818 1.58722 2.01596 1.81614 178.293 2.01314 351.807 304.094 261.051 2.01565 1.84829 296.134 2.26844 2.01545
1.53455 1.99538 1.47952  11.585 13.6225 1.43757 19.9564 22.0335 1.44997 1.55609 1.51953 1.46683 1.54682 28.5258 24.9548 1.63544 1.53705 1.46334   1.694 1.60026 1.52733 32.4004 40.2632 116.001 65.6929 1.81515  1.6797 1.49725  1.4616 133.999 212.022 159.945 159.565 180.581 181.994 149.477 229.717 198.219 182.668 1.81264 1.68069 110.331 2.01581 1.81611 131.467  366.71 306.793  265.71  2.2658 2.01565 163.006 257.107 240.605 200.676
1.52546 1.51583 1.47253 1.49127 49.8085 1.43082  25.006 1.49712 10.2174 1.55157 1.51562  1.4623 29.5477 16.6886 1.42656 1.63528 1.53664 1.46267 1.69392  1.6001 1.52695 14.4737 1.68716 26.5868 2.01873 1.81515 1.67973 160.668  141.57 130.099 195.251 153.126 146.448 187.376 144.908 138.256 169.925 145.707  1.5349 1.81247 194.039 1.58723 182.492 180.947  1.6832 338.526 283.265 245.849 2.26557 2.01558  195.84 2.68742  2.2684 164.776
1.52375 1.51165  1.4685 1.48914 1.47355 15.8941 1.51271  1.4927 3.28087 1.55007 1.51223 1.45908 14.9372 1.48193 24.7642 1.63537 1.53658 1.46239 1.69406  1.6002 1.52693 1.82328 1.68722 1.58916 2.01901 1.81539    1.68 162.173 141.985 130.257 189.652 140.541 144.159 183.777  144.45 101.677 163.216  175.13  169.95 1.81269 154.193 1.58761 2.01584 1.81621 141.873 328.825 275.122  238.97 2.26584 2.01581 144.069 2.68778 2.26872 2.01599
Mode averaged potential and errors: 
  0.0519627 0.000120309
  0.0725272 0.000338652
  0.0825402  0.00076982
  0.0890904  0.00125679
  0.0939001   0.0017983
  0.0988175  0.00161687
   0.101804  0.00134757
   0.105157   0.0011693
   0.105486  0.00315147
   0.109011  0.00145305
   0.106517  0.00527311
   0.108819  0.00413087
R Models:
(* Fitting with shape 1 1 1 1 1 1 1 1 0 0 0 0 *)
G[R_,xx_]:=xx[[0]] + xx[[1]]/R | xx[[2]]*R
(* Fitting with shape 1 1 1 1 1 1 1 1 1 0 0 0 *)
G[R_,xx_]:=xx[[0]] + xx[[1]]/R | xx[[2]]*R
(* Fitting with shape 1 1 1 1 1 1 1 1 1 1 0 0 *)
G[R_,xx_]:=xx[[0]] + xx[[1]]/R | xx[[2]]*R
(* Fitting with shape 1 1 1 1 1 1 1 1 1 1 1 0 *)
G[R_,xx_]:=xx[[0]] + xx[[1]]/R | xx[[2]]*R
(* Fitting with shape 1 1 1 1 1 1 1 1 1 1 1 1 *)
G[R_,xx_]:=xx[[0]] + xx[[1]]/R | xx[[2]]*R
(* Fitting with shape 0 1 1 1 1 1 1 1 0 0 0 0 *)
G[R_,xx_]:=xx[[0]] + xx[[1]]/R | xx[[2]]*R
(* Fitting with shape 0 1 1 1 1 1 1 1 1 0 0 0 *)
G[R_,xx_]:=xx[[0]] + xx[[1]]/R | xx[[2]]*R
(* Fitting with shape 0 1 1 1 1 1 1 1 1 1 0 0 *)
G[R_,xx_]:=xx[[0]] + xx[[1]]/R | xx[[2]]*R
(* Fitting with shape 0 1 1 1 1 1 1 1 1 1 1 0 *)
G[R_,xx_]:=xx[[0]] + xx[[1]]/R | xx[[2]]*R
(* Fitting with shape 0 1 1 1 1 1 1 1 1 1 1 1 *)
G[R_,xx_]:=xx[[0]] + xx[[1]]/R | xx[[2]]*R
(* Fitting with shape 0 0 1 1 1 1 1 1 0 0 0 0 *)
G[R_,xx_]:=xx[[0]] + xx[[1]]/R | xx[[2]]*R
(* Fitting with shape 0 0 1 1 1 1 1 1 1 0 0 0 *)
G[R_,xx_]:=xx[[0]] + xx[[1]]/R | xx[[2]]*R
(* Fitting with shape 0 0 1 1 1 1 1 1 1 1 0 0 *)
G[R_,xx_]:=xx[[0]] + xx[[1]]/R | xx[[2]]*R
(* Fitting with shape 0 0 1 1 1 1 1 1 1 1 1 0 *)
G[R_,xx_]:=xx[[0]] + xx[[1]]/R | xx[[2]]*R
(* Fitting with shape 0 0 1 1 1 1 1 1 1 1 1 1 *)
G[R_,xx_]:=xx[[0]] + xx[[1]]/R | xx[[2]]*R
(* Fitting with shape 0 0 0 1 1 1 1 1 0 0 0 0 *)
G[R_,xx_]:=xx[[0]] + xx[[1]]/R | xx[[2]]*R
(* Fitting with shape 0 0 0 1 1 1 1 1 1 0 0 0 *)
G[R_,xx_]:=xx[[0]] + xx[[1]]/R | xx[[2]]*R
(* Fitting with shape 0 0 0 1 1 1 1 1 1 1 0 0 *)
G[R_,xx_]:=xx[[0]] + xx[[1]]/R | xx[[2]]*R
(* Fitting with shape 0 0 0 1 1 1 1 1 1 1 1 0 *)
G[R_,xx_]:=xx[[0]] + xx[[1]]/R | xx[[2]]*R
(* Fitting with shape 0 0 0 1 1 1 1 1 1 1 1 1 *)
G[R_,xx_]:=xx[[0]] + xx[[1]]/R | xx[[2]]*R
3.01572 3.01572 3.01572 
-0.098243 -0.098243 -0.098243 
1 1 1 
0.238488 0.238488 0.238488 
-0.259876 -0.259876 -0.259876 
5.03038e+175 5.03038e+175 5.03038e+175 
3.5936e+246 3.5936e+246 3.5936e+246 
2.14726e+243 2.14726e+243 2.14726e+243 
7.74232e+07 7.74232e+07 7.74232e+07 
2.42092e-322 2.42092e-322 2.42092e-322 
1.061e-313 1.061e-313 1.061e-313 
0.392955 0.392955 0.392955 
6.1871e-05 6.1871e-05 6.1871e-05 
98.8096 98.8096 98.8096 
0 0 0 
3.21143e-322 3.21143e-322 3.21143e-322 
3.44728e-316 3.44728e-316 3.44728e-316 
5.32227e-229 5.32227e-229 5.32227e-229 
2.87102e-05 2.87102e-05 2.87102e-05 
3.50765e-316 3.50765e-316 3.50765e-316 
4.30879e+06 4.30879e+06 4.30879e+06 
3.63293e-316 3.63293e-316 3.63293e-316 
3.23796e-319 3.23796e-319 3.23796e-319 
3.21143e-322 3.21143e-322 3.21143e-322 
2.47033e-323 2.47033e-323 2.47033e-323 
3.63384e-316 3.63384e-316 3.63384e-316 
-1.10929 -1.10929 -1.10929 
3.52573e-316 3.52573e-316 3.52573e-316 
0.612867 0.612867 0.612867 
3.62059e-316 3.62059e-316 3.62059e-316 
8.69556e-322 8.69556e-322 8.69556e-322 
1.58101e-322 1.58101e-322 1.58101e-322 
2.122e-314 2.122e-314 2.122e-314 
6.36599e-314 6.36599e-314 6.36599e-314 
2.10863e-317 2.10863e-317 2.10863e-317 
2.42092e-322 2.42092e-322 2.42092e-322 
1.92261e-316 1.92261e-316 1.92261e-316 
0 0 0 
7.41098e-323 7.41098e-323 7.41098e-323 
1.97626e-323 1.97626e-323 1.97626e-323 
3.95253e-323 3.95253e-323 3.95253e-323 
5.77563e-321 5.77563e-321 5.77563e-321 
1.89113 1.89113 1.89113 
1.84339 1.84339 1.84339 
1.81347 1.81347 1.81347 
1.78949 1.78949 1.78949 
1.76884 1.76884 1.76884 
1.75098 1.75098 1.75098 
1.73573 1.73573 1.73573 
1.72317 1.72317 1.72317 
1.71324 1.71324 1.71324 
1.70613 1.70613 1.70613 
1.70193 1.70193 1.70193 
1.7005 1.7005 1.7005 
Probabilities: 
        0         0         0         0         0         0         0         0         0         0         0         0 0.0214527 0.0294852 0.0294173 0.0157482         0 0.0467477 0.0898281         0         0 0.0511138 0.0973123         0 0.0217826         0  0.112351         0         0         0         0         0         0         0         0         0         0         0         0         0         0         0         0         0         0         0   0.28214         0         0  0.138801         0  0.012617 0.0512027         0

String tensions: 
          1           1           1           1           1           1           1           1           1   -0.422587   -0.714031   -0.425294    -0.54076   -0.547535   -0.560184   -0.675095    -2.28046   -0.733236   -0.711514   -0.729993  -0.0537167    -1.06023    -1.12639     3.60405    -1.65261    0.234256     -2.0041   -0.028842   -0.028842   -0.028842    0.965392    0.967976    0.972199    0.968745    0.975559  -0.0867197  -0.0751741  -0.0447777  -0.0664684    0.457253     0.35566   -0.200529    0.813448   -0.223059   -0.116402   -0.130192  0.00122061  -0.0749503   -0.158175  0.00379614   0.0851502 -0.00774265  0.00932284  -0.0621358

Errors: 
    5792.62     5792.62     5792.62     5792.62     5792.62     5792.62           0     5792.62     5792.62  0.00505936     1.00007   0.0049525   0.0355913   0.0349512    0.033117    0.113958           0   0.0988903   0.0760381     1.00017     1.00001     0.35745    0.318869     1.00153     0.98592           0    0.771233           0           0           0           0           0           0     1.42668           0     1.00013     1.00001           0           0           1     1.03225     1.00006           0           1           1           1 0.000580628     1.00003           1  0.00403528           1  0.00168617  0.00236492           1

Statuses: 
0 0 0 0 0 0 3 0 0 0 3 0 0 0 0 0 3 0 0 3 3 0 0 3 0 3 0 3 3 3 3 3 3 3 3 3 3 3 3 3 3 3 3 3 3 3 0 3 3 0 3 0 0 3
chisq per dof: 
  393.207   350.902     327.1   22.5072   20.7323   21.1186   1033.96   4.62811   5.22763   1.74779    1272.2   2.25754  0.416536  0.551878  0.733469  0.223494   3048.56  0.420198  0.233589   3154.96   3087.21  0.127135  0.210724    1783.7 0.0937388   4179.26  0.169665   9683.07   8523.68    7653.7   7244.94   6268.35   5571.71    6405.3   5405.79   2945.22   10824.7   5796.37    6383.6   6312.88   4576.92   3863.85   6404.36   3355.67   1785.64   11358.9  0.168264   3319.43   2953.28  0.109263   3844.16  0.312167  0.126556   2549.56
Model string tension and errors: 
sigma = -0.576762 +/- 0.752897
