R=0parameters: 
-0.619357 -0.619357 
0.0723866 0.0723866 
8.4925e-11 8.4925e-11 
1.63042e-322 1.63042e-322 
2.52104e-06 2.52104e-06 
4.58308e+07 4.58308e+07 
1 1 
1.63042e-322 1.63042e-322 
6.9358e-310 6.9358e-310 
2.42092e-322 2.42092e-322 2.42092e-322 
6.36599e-314 6.36599e-314 6.36599e-314 
2.10584e-316 2.10584e-316 2.10584e-316 
0.183626 0.183626 0.183626 
4.94066e-324 4.94066e-324 4.94066e-324 
2.37152e-322 2.37152e-322 2.37152e-322 
5.58294e-322 5.58294e-322 5.58294e-322 
1 1 1 
2 2 2 
3 3 3 3 
4 4 4 4 
5 5 5 5 
6 6 6 6 
7 7 7 7 
8 8 8 8 
9 9 9 9 
10 10 10 10 
11 11 11 11 
12 12 12 
0 0 0 
5.58294e-322 5.58294e-322 5.58294e-322 
1 1 1 
1 1 1 
1 1 1 
1 1 1 
1 1 1 
1 1 1 
1 1 1 1 
1 1 1 1 
1 1 1 1 
1 1 1 1 
1 1 1 1 
0 0 0 0 
0 0 0 0 
2.42092e-322 2.42092e-322 2.42092e-322 2.42092e-322 
2.08997e-316 2.08997e-316 2.08997e-316 2.08997e-316 
3.21143e-322 3.21143e-322 3.21143e-322 3.21143e-322 3.21143e-322 
1.34799e-316 1.34799e-316 1.34799e-316 1.34799e-316 1.34799e-316 
1.061e-313 1.061e-313 1.061e-313 1.061e-313 1.061e-313 
6.93581e-310 6.93581e-310 6.93581e-310 6.93581e-310 6.93581e-310 
6.93581e-310 6.93581e-310 6.93581e-310 6.93581e-310 6.93581e-310 
8.54363e-317 8.54363e-317 8.54363e-317 8.54363e-317 8.54363e-317 
1.34799e-316 1.34799e-316 1.34799e-316 1.34799e-316 1.34799e-316 
6.93581e-310 6.93581e-310 6.93581e-310 6.93581e-310 6.93581e-310 
1.63042e-322 1.63042e-322 1.63042e-322 1.63042e-322 1.63042e-322 
R=1parameters: 
-0.486875 -0.486875 
0.124887 0.124887 
-6.25513e-06 -6.25513e-06 
0.130104 0.130104 
-0.103756 -0.103756 
5.03038e+175 5.03038e+175 
3.5936e+246 3.5936e+246 
2.14726e+243 2.14726e+243 
5.97819e-322 5.97819e-322 
4.00193e-322 4.00193e-322 4.00193e-322 
2.47033e-322 2.47033e-322 2.47033e-322 
2.0521e-316 2.0521e-316 2.0521e-316 
1.28495e+74 1.28495e+74 1.28495e+74 
4.56627e+257 4.56627e+257 4.56627e+257 
1.25868e+36 1.25868e+36 1.25868e+36 
1.66772e+243 1.66772e+243 1.66772e+243 
9.08367e+223 9.08367e+223 9.08367e+223 
1.27806e+161 1.27806e+161 1.27806e+161 
1.65909e-316 1.65909e-316 1.65909e-316 1.65909e-316 
4.00193e-322 4.00193e-322 4.00193e-322 4.00193e-322 
2.2233e-322 2.2233e-322 2.2233e-322 2.2233e-322 
2.05211e-316 2.05211e-316 2.05211e-316 2.05211e-316 
1.28495e+74 1.28495e+74 1.28495e+74 1.28495e+74 
4.56627e+257 4.56627e+257 4.56627e+257 4.56627e+257 
6.19348e+175 6.19348e+175 6.19348e+175 6.19348e+175 
9.19582e+170 9.19582e+170 9.19582e+170 9.19582e+170 
7.27449e+199 7.27449e+199 7.27449e+199 7.27449e+199 
2.42749e-312 2.42749e-312 2.42749e-312 
1.34386e-321 1.34386e-321 1.34386e-321 
6.37345e-322 6.37345e-322 6.37345e-322 
2.09777e-316 2.09777e-316 2.09777e-316 
6.93582e-310 6.93582e-310 6.93582e-310 
1.20739e-08 1.20739e-08 1.20739e-08 
2.12395e-08 2.12395e-08 2.12395e-08 
-2.02894e-09 -2.02894e-09 -2.02894e-09 
1.16366e-06 1.16366e-06 1.16366e-06 
8.97775e-05 8.97775e-05 8.97775e-05 8.97775e-05 
1.79075e-05 1.79075e-05 1.79075e-05 1.79075e-05 
1.19012e-06 1.19012e-06 1.19012e-06 1.19012e-06 
2.99233e-05 2.99233e-05 2.99233e-05 2.99233e-05 
0 0 0 0 
0 0 0 0 
0 0 0 0 
0 0 0 0 
6.32404e-322 6.32404e-322 6.32404e-322 6.32404e-322 
3.16202e-322 3.16202e-322 3.16202e-322 3.16202e-322 3.16202e-322 
1.34799e-316 1.34799e-316 1.34799e-316 1.34799e-316 1.34799e-316 
1.061e-313 1.061e-313 1.061e-313 1.061e-313 1.061e-313 
6.93581e-310 6.93581e-310 6.93581e-310 6.93581e-310 6.93581e-310 
6.93581e-310 6.93581e-310 6.93581e-310 6.93581e-310 6.93581e-310 
8.54363e-317 8.54363e-317 8.54363e-317 8.54363e-317 8.54363e-317 
1.34799e-316 1.34799e-316 1.34799e-316 1.34799e-316 1.34799e-316 
6.93581e-310 6.93581e-310 6.93581e-310 6.93581e-310 6.93581e-310 
1.63042e-322 1.63042e-322 1.63042e-322 1.63042e-322 1.63042e-322 
R=2parameters: 
-0.339997 -0.339997 
0.170262 0.170262 
-0.235987 -0.235987 
1.01568 1.01568 
-11.1691 -11.1691 
5.03038e+175 5.03038e+175 
3.5936e+246 3.5936e+246 
2.14726e+243 2.14726e+243 
5.97819e-322 5.97819e-322 
4.00193e-322 4.00193e-322 4.00193e-322 
2.47033e-322 2.47033e-322 2.47033e-322 
2.0521e-316 2.0521e-316 2.0521e-316 
1.28495e+74 1.28495e+74 1.28495e+74 
4.56627e+257 4.56627e+257 4.56627e+257 
1.25868e+36 1.25868e+36 1.25868e+36 
1.66772e+243 1.66772e+243 1.66772e+243 
9.08367e+223 9.08367e+223 9.08367e+223 
1.27806e+161 1.27806e+161 1.27806e+161 
1.65909e-316 1.65909e-316 1.65909e-316 1.65909e-316 
4.00193e-322 4.00193e-322 4.00193e-322 4.00193e-322 
2.2233e-322 2.2233e-322 2.2233e-322 2.2233e-322 
2.05211e-316 2.05211e-316 2.05211e-316 2.05211e-316 
1.28495e+74 1.28495e+74 1.28495e+74 1.28495e+74 
4.56627e+257 4.56627e+257 4.56627e+257 4.56627e+257 
6.19348e+175 6.19348e+175 6.19348e+175 6.19348e+175 
9.19582e+170 9.19582e+170 9.19582e+170 9.19582e+170 
7.27449e+199 7.27449e+199 7.27449e+199 7.27449e+199 
2.42749e-312 2.42749e-312 2.42749e-312 
1.34386e-321 1.34386e-321 1.34386e-321 
6.37345e-322 6.37345e-322 6.37345e-322 
1 1 1 
-5.4997e-07 -5.4997e-07 -5.4997e-07 
-5.95699e-05 -5.95699e-05 -5.95699e-05 
0 0 0 
-5.0024e-07 -5.0024e-07 -5.0024e-07 
4.27163e-08 4.27163e-08 4.27163e-08 
0 0 0 0 
-6.99343e-08 -6.99343e-08 -6.99343e-08 -6.99343e-08 
3.68548e-09 3.68548e-09 3.68548e-09 3.68548e-09 
116222 116222 116222 116222 
0 0 0 0 
0 0 0 0 
0 0 0 0 
2.122e-314 2.122e-314 2.122e-314 2.122e-314 
2.03549e-316 2.03549e-316 2.03549e-316 2.03549e-316 
3.21143e-322 3.21143e-322 3.21143e-322 3.21143e-322 3.21143e-322 
1.34799e-316 1.34799e-316 1.34799e-316 1.34799e-316 1.34799e-316 
1.061e-313 1.061e-313 1.061e-313 1.061e-313 1.061e-313 
6.93581e-310 6.93581e-310 6.93581e-310 6.93581e-310 6.93581e-310 
6.93581e-310 6.93581e-310 6.93581e-310 6.93581e-310 6.93581e-310 
8.54363e-317 8.54363e-317 8.54363e-317 8.54363e-317 8.54363e-317 
1.34799e-316 1.34799e-316 1.34799e-316 1.34799e-316 1.34799e-316 
6.93581e-310 6.93581e-310 6.93581e-310 6.93581e-310 6.93581e-310 
1.63042e-322 1.63042e-322 1.63042e-322 1.63042e-322 1.63042e-322 
R=3parameters: 
-0.192607 -0.192607 
0.217196 0.217196 
-0.0185041 -0.0185041 
-4.38292 -4.38292 
5.89487 5.89487 
5.03038e+175 5.03038e+175 
3.5936e+246 3.5936e+246 
2.14726e+243 2.14726e+243 
5.97819e-322 5.97819e-322 
4.00193e-322 4.00193e-322 4.00193e-322 
2.47033e-322 2.47033e-322 2.47033e-322 
2.0521e-316 2.0521e-316 2.0521e-316 
1.28495e+74 1.28495e+74 1.28495e+74 
4.56627e+257 4.56627e+257 4.56627e+257 
1.25868e+36 1.25868e+36 1.25868e+36 
1.66772e+243 1.66772e+243 1.66772e+243 
9.08367e+223 9.08367e+223 9.08367e+223 
1.27806e+161 1.27806e+161 1.27806e+161 
1.65909e-316 1.65909e-316 1.65909e-316 1.65909e-316 
4.00193e-322 4.00193e-322 4.00193e-322 4.00193e-322 
2.2233e-322 2.2233e-322 2.2233e-322 2.2233e-322 
2.05211e-316 2.05211e-316 2.05211e-316 2.05211e-316 
1.28495e+74 1.28495e+74 1.28495e+74 1.28495e+74 
4.56627e+257 4.56627e+257 4.56627e+257 4.56627e+257 
6.19348e+175 6.19348e+175 6.19348e+175 6.19348e+175 
9.19582e+170 9.19582e+170 9.19582e+170 9.19582e+170 
7.27449e+199 7.27449e+199 7.27449e+199 7.27449e+199 
2.42749e-312 2.42749e-312 2.42749e-312 
1.34386e-321 1.34386e-321 1.34386e-321 
2.42092e-322 2.42092e-322 2.42092e-322 
37158.8 37158.8 37158.8 
2.05499e-316 2.05499e-316 2.05499e-316 
0.00037339 0.00037339 0.00037339 
3251.08 3251.08 3251.08 
3266.49 3266.49 3266.49 
2.42092e-322 2.42092e-322 2.42092e-322 
1.97876e+06 1.97876e+06 1.97876e+06 1.97876e+06 
1.84145e+07 1.84145e+07 1.84145e+07 1.84145e+07 
1.33912e+08 1.33912e+08 1.33912e+08 1.33912e+08 
0.000154115 0.000154115 0.000154115 0.000154115 
0 0 0 0 
1.63042e-322 1.63042e-322 1.63042e-322 1.63042e-322 
6.9358e-310 6.9358e-310 6.9358e-310 6.9358e-310 
2.122e-314 2.122e-314 2.122e-314 2.122e-314 
2.12268e-316 2.12268e-316 2.12268e-316 2.12268e-316 
3.21143e-322 3.21143e-322 3.21143e-322 3.21143e-322 3.21143e-322 
1.34799e-316 1.34799e-316 1.34799e-316 1.34799e-316 1.34799e-316 
1.061e-313 1.061e-313 1.061e-313 1.061e-313 1.061e-313 
6.93581e-310 6.93581e-310 6.93581e-310 6.93581e-310 6.93581e-310 
6.93581e-310 6.93581e-310 6.93581e-310 6.93581e-310 6.93581e-310 
8.54363e-317 8.54363e-317 8.54363e-317 8.54363e-317 8.54363e-317 
1.34799e-316 1.34799e-316 1.34799e-316 1.34799e-316 1.34799e-316 
6.93581e-310 6.93581e-310 6.93581e-310 6.93581e-310 6.93581e-310 
1.63042e-322 1.63042e-322 1.63042e-322 1.63042e-322 1.63042e-322 
R=4parameters: 
-0.0586182 -0.0586182 
0.265772 0.265772 
0.165635 0.165635 
2.62926 2.62926 
-15.4518 -15.4518 
5.03038e+175 5.03038e+175 
3.5936e+246 3.5936e+246 
2.14726e+243 2.14726e+243 
5.97819e-322 5.97819e-322 
4.00193e-322 4.00193e-322 4.00193e-322 
2.47033e-322 2.47033e-322 2.47033e-322 
2.0521e-316 2.0521e-316 2.0521e-316 
1.28495e+74 1.28495e+74 1.28495e+74 
4.56627e+257 4.56627e+257 4.56627e+257 
1.25868e+36 1.25868e+36 1.25868e+36 
1.66772e+243 1.66772e+243 1.66772e+243 
9.08367e+223 9.08367e+223 9.08367e+223 
1.27806e+161 1.27806e+161 1.27806e+161 
1.65909e-316 1.65909e-316 1.65909e-316 1.65909e-316 
4.00193e-322 4.00193e-322 4.00193e-322 4.00193e-322 
2.2233e-322 2.2233e-322 2.2233e-322 2.2233e-322 
2.05211e-316 2.05211e-316 2.05211e-316 2.05211e-316 
1.28495e+74 1.28495e+74 1.28495e+74 1.28495e+74 
4.56627e+257 4.56627e+257 4.56627e+257 4.56627e+257 
6.19348e+175 6.19348e+175 6.19348e+175 6.19348e+175 
9.19582e+170 9.19582e+170 9.19582e+170 9.19582e+170 
7.27449e+199 7.27449e+199 7.27449e+199 7.27449e+199 
2.42749e-312 2.42749e-312 2.42749e-312 
1.34386e-321 1.34386e-321 1.34386e-321 
6.37345e-322 6.37345e-322 6.37345e-322 
2.10096e-316 2.10096e-316 2.10096e-316 
2.10844e-316 2.10844e-316 2.10844e-316 
0.500005 0.500005 0.500005 
0.000150899 0.000150899 0.000150899 
-9.69827e-08 -9.69827e-08 -9.69827e-08 
1 1 1 
2.03581e-316 2.03581e-316 2.03581e-316 2.03581e-316 
1.36727e-06 1.36727e-06 1.36727e-06 1.36727e-06 
5.15666e-08 5.15666e-08 5.15666e-08 5.15666e-08 
1.87512e-05 1.87512e-05 1.87512e-05 1.87512e-05 
0 0 0 0 
0 0 0 0 
6.9358e-310 6.9358e-310 6.9358e-310 6.9358e-310 
0 0 0 0 
1.67772e+07 1.67772e+07 1.67772e+07 1.67772e+07 
3.21143e-322 3.21143e-322 3.21143e-322 3.21143e-322 3.21143e-322 
1.34799e-316 1.34799e-316 1.34799e-316 1.34799e-316 1.34799e-316 
1.061e-313 1.061e-313 1.061e-313 1.061e-313 1.061e-313 
6.93581e-310 6.93581e-310 6.93581e-310 6.93581e-310 6.93581e-310 
6.93581e-310 6.93581e-310 6.93581e-310 6.93581e-310 6.93581e-310 
8.54363e-317 8.54363e-317 8.54363e-317 8.54363e-317 8.54363e-317 
1.34799e-316 1.34799e-316 1.34799e-316 1.34799e-316 1.34799e-316 
6.93581e-310 6.93581e-310 6.93581e-310 6.93581e-310 6.93581e-310 
1.63042e-322 1.63042e-322 1.63042e-322 1.63042e-322 1.63042e-322 
R=5parameters: 
0.0646242 0.0646242 
0.316337 0.316337 
0.0887688 0.0887688 
-5.23376 -5.23376 
7.03321 7.03321 
5.03038e+175 5.03038e+175 
3.5936e+246 3.5936e+246 
2.14726e+243 2.14726e+243 
5.97819e-322 5.97819e-322 
4.00193e-322 4.00193e-322 4.00193e-322 
2.47033e-322 2.47033e-322 2.47033e-322 
2.0521e-316 2.0521e-316 2.0521e-316 
1.28495e+74 1.28495e+74 1.28495e+74 
4.56627e+257 4.56627e+257 4.56627e+257 
1.25868e+36 1.25868e+36 1.25868e+36 
1.66772e+243 1.66772e+243 1.66772e+243 
9.08367e+223 9.08367e+223 9.08367e+223 
1.27806e+161 1.27806e+161 1.27806e+161 
1.65909e-316 1.65909e-316 1.65909e-316 1.65909e-316 
4.00193e-322 4.00193e-322 4.00193e-322 4.00193e-322 
2.2233e-322 2.2233e-322 2.2233e-322 2.2233e-322 
2.05211e-316 2.05211e-316 2.05211e-316 2.05211e-316 
1.28495e+74 1.28495e+74 1.28495e+74 1.28495e+74 
4.56627e+257 4.56627e+257 4.56627e+257 4.56627e+257 
6.19348e+175 6.19348e+175 6.19348e+175 6.19348e+175 
9.19582e+170 9.19582e+170 9.19582e+170 9.19582e+170 
7.27449e+199 7.27449e+199 7.27449e+199 7.27449e+199 
2.42749e-312 2.42749e-312 2.42749e-312 
1.34386e-321 1.34386e-321 1.34386e-321 
6.37345e-322 6.37345e-322 6.37345e-322 
1.81296e-05 1.81296e-05 1.81296e-05 
3.61708e-298 3.61708e-298 3.61708e-298 
2.04981e-05 2.04981e-05 2.04981e-05 
0 0 0 
-3.81221e-06 -3.81221e-06 -3.81221e-06 
-0.00147574 -0.00147574 -0.00147574 
1.19086e-06 1.19086e-06 1.19086e-06 1.19086e-06 
4.35531e-08 4.35531e-08 4.35531e-08 4.35531e-08 
-1.22774e-08 -1.22774e-08 -1.22774e-08 -1.22774e-08 
1.00027 1.00027 1.00027 1.00027 
0 0 0 0 
2.10787e-316 2.10787e-316 2.10787e-316 2.10787e-316 
0 0 0 0 
0 0 0 0 
1.67772e+07 1.67772e+07 1.67772e+07 1.67772e+07 
3.21143e-322 3.21143e-322 3.21143e-322 3.21143e-322 3.21143e-322 
1.34799e-316 1.34799e-316 1.34799e-316 1.34799e-316 1.34799e-316 
1.061e-313 1.061e-313 1.061e-313 1.061e-313 1.061e-313 
6.93581e-310 6.93581e-310 6.93581e-310 6.93581e-310 6.93581e-310 
6.93581e-310 6.93581e-310 6.93581e-310 6.93581e-310 6.93581e-310 
8.54363e-317 8.54363e-317 8.54363e-317 8.54363e-317 8.54363e-317 
1.34799e-316 1.34799e-316 1.34799e-316 1.34799e-316 1.34799e-316 
6.93581e-310 6.93581e-310 6.93581e-310 6.93581e-310 6.93581e-310 
1.63042e-322 1.63042e-322 1.63042e-322 1.63042e-322 1.63042e-322 
R=6parameters: 
0.171879 0.171879 
0.368769 0.368769 
8.81634e-05 8.81634e-05 
2.49876 2.49876 
-2.26711 -2.26711 
5.03038e+175 5.03038e+175 
3.5936e+246 3.5936e+246 
2.14726e+243 2.14726e+243 
5.97819e-322 5.97819e-322 
4.00193e-322 4.00193e-322 4.00193e-322 
2.47033e-322 2.47033e-322 2.47033e-322 
2.0521e-316 2.0521e-316 2.0521e-316 
1.28495e+74 1.28495e+74 1.28495e+74 
4.56627e+257 4.56627e+257 4.56627e+257 
1.25868e+36 1.25868e+36 1.25868e+36 
1.66772e+243 1.66772e+243 1.66772e+243 
9.08367e+223 9.08367e+223 9.08367e+223 
1.27806e+161 1.27806e+161 1.27806e+161 
1.65909e-316 1.65909e-316 1.65909e-316 1.65909e-316 
4.00193e-322 4.00193e-322 4.00193e-322 4.00193e-322 
2.2233e-322 2.2233e-322 2.2233e-322 2.2233e-322 
2.05211e-316 2.05211e-316 2.05211e-316 2.05211e-316 
1.28495e+74 1.28495e+74 1.28495e+74 1.28495e+74 
4.56627e+257 4.56627e+257 4.56627e+257 4.56627e+257 
6.19348e+175 6.19348e+175 6.19348e+175 6.19348e+175 
9.19582e+170 9.19582e+170 9.19582e+170 9.19582e+170 
7.27449e+199 7.27449e+199 7.27449e+199 7.27449e+199 
2.42749e-312 2.42749e-312 2.42749e-312 
1.34386e-321 1.34386e-321 1.34386e-321 
6.37345e-322 6.37345e-322 6.37345e-322 
2.10415e-316 2.10415e-316 2.10415e-316 
2.08511e-316 2.08511e-316 2.08511e-316 
2.01304e-316 2.01304e-316 2.01304e-316 
0 0 0 
0 0 0 
2.42092e-322 2.42092e-322 2.42092e-322 
0.393182 0.393182 0.393182 0.393182 
1.0275 1.0275 1.0275 1.0275 
-0.0576481 -0.0576481 -0.0576481 -0.0576481 
2.34916e-08 2.34916e-08 2.34916e-08 2.34916e-08 
0 0 0 0 
0 0 0 0 
0 0 0 0 
0 0 0 0 
0 0 0 0 
3.21143e-322 3.21143e-322 3.21143e-322 3.21143e-322 3.21143e-322 
1.34799e-316 1.34799e-316 1.34799e-316 1.34799e-316 1.34799e-316 
1.061e-313 1.061e-313 1.061e-313 1.061e-313 1.061e-313 
6.93581e-310 6.93581e-310 6.93581e-310 6.93581e-310 6.93581e-310 
6.93581e-310 6.93581e-310 6.93581e-310 6.93581e-310 6.93581e-310 
8.54363e-317 8.54363e-317 8.54363e-317 8.54363e-317 8.54363e-317 
1.34799e-316 1.34799e-316 1.34799e-316 1.34799e-316 1.34799e-316 
6.93581e-310 6.93581e-310 6.93581e-310 6.93581e-310 6.93581e-310 
1.63042e-322 1.63042e-322 1.63042e-322 1.63042e-322 1.63042e-322 
R=7parameters: 
0.245018 0.245018 
0.426182 0.426182 
0.168621 0.168621 
-5.9505 -5.9505 
9.16586 9.16586 
5.03038e+175 5.03038e+175 
3.5936e+246 3.5936e+246 
2.14726e+243 2.14726e+243 
5.97819e-322 5.97819e-322 
4.00193e-322 4.00193e-322 4.00193e-322 
2.47033e-322 2.47033e-322 2.47033e-322 
2.0521e-316 2.0521e-316 2.0521e-316 
1.28495e+74 1.28495e+74 1.28495e+74 
4.56627e+257 4.56627e+257 4.56627e+257 
1.25868e+36 1.25868e+36 1.25868e+36 
1.66772e+243 1.66772e+243 1.66772e+243 
9.08367e+223 9.08367e+223 9.08367e+223 
1.27806e+161 1.27806e+161 1.27806e+161 
1.65909e-316 1.65909e-316 1.65909e-316 1.65909e-316 
4.00193e-322 4.00193e-322 4.00193e-322 4.00193e-322 
2.2233e-322 2.2233e-322 2.2233e-322 2.2233e-322 
2.05211e-316 2.05211e-316 2.05211e-316 2.05211e-316 
1.28495e+74 1.28495e+74 1.28495e+74 1.28495e+74 
4.56627e+257 4.56627e+257 4.56627e+257 4.56627e+257 
6.19348e+175 6.19348e+175 6.19348e+175 6.19348e+175 
9.19582e+170 9.19582e+170 9.19582e+170 9.19582e+170 
7.27449e+199 7.27449e+199 7.27449e+199 7.27449e+199 
2.42749e-312 2.42749e-312 2.42749e-312 
1.34386e-321 1.34386e-321 1.34386e-321 
2.42092e-322 2.42092e-322 2.42092e-322 
2.10754e-316 2.10754e-316 2.10754e-316 
2.10442e-316 2.10442e-316 2.10442e-316 
-5.30775 -5.30775 -5.30775 
-3.50601 -3.50601 -3.50601 
0 0 0 
4.00193e-322 4.00193e-322 4.00193e-322 
2.09512e-316 2.09512e-316 2.09512e-316 2.09512e-316 
2.03629e-316 2.03629e-316 2.03629e-316 2.03629e-316 
2.1093e-316 2.1093e-316 2.1093e-316 2.1093e-316 
2.09046e-316 2.09046e-316 2.09046e-316 2.09046e-316 
2.10962e-316 2.10962e-316 2.10962e-316 2.10962e-316 
2.09033e-316 2.09033e-316 2.09033e-316 2.09033e-316 
6.9358e-310 6.9358e-310 6.9358e-310 6.9358e-310 
0 0 0 0 
1.67772e+07 1.67772e+07 1.67772e+07 1.67772e+07 
3.21143e-322 3.21143e-322 3.21143e-322 3.21143e-322 3.21143e-322 
1.34799e-316 1.34799e-316 1.34799e-316 1.34799e-316 1.34799e-316 
1.061e-313 1.061e-313 1.061e-313 1.061e-313 1.061e-313 
6.93581e-310 6.93581e-310 6.93581e-310 6.93581e-310 6.93581e-310 
6.93581e-310 6.93581e-310 6.93581e-310 6.93581e-310 6.93581e-310 
8.54363e-317 8.54363e-317 8.54363e-317 8.54363e-317 8.54363e-317 
1.34799e-316 1.34799e-316 1.34799e-316 1.34799e-316 1.34799e-316 
6.93581e-310 6.93581e-310 6.93581e-310 6.93581e-310 6.93581e-310 
1.63042e-322 1.63042e-322 1.63042e-322 1.63042e-322 1.63042e-322 
R=8parameters: 
0.288822 0.288822 
0.488063 0.488063 
-0.00162372 -0.00162372 
1.9024 1.9024 
-1.37715 -1.37715 
5.03038e+175 5.03038e+175 
3.5936e+246 3.5936e+246 
2.14726e+243 2.14726e+243 
5.97819e-322 5.97819e-322 
4.00193e-322 4.00193e-322 4.00193e-322 
2.47033e-322 2.47033e-322 2.47033e-322 
2.0521e-316 2.0521e-316 2.0521e-316 
1.28495e+74 1.28495e+74 1.28495e+74 
4.56627e+257 4.56627e+257 4.56627e+257 
1.25868e+36 1.25868e+36 1.25868e+36 
1.66772e+243 1.66772e+243 1.66772e+243 
9.08367e+223 9.08367e+223 9.08367e+223 
1.27806e+161 1.27806e+161 1.27806e+161 
1.65909e-316 1.65909e-316 1.65909e-316 1.65909e-316 
4.00193e-322 4.00193e-322 4.00193e-322 4.00193e-322 
2.2233e-322 2.2233e-322 2.2233e-322 2.2233e-322 
2.05211e-316 2.05211e-316 2.05211e-316 2.05211e-316 
1.28495e+74 1.28495e+74 1.28495e+74 1.28495e+74 
4.56627e+257 4.56627e+257 4.56627e+257 4.56627e+257 
6.19348e+175 6.19348e+175 6.19348e+175 6.19348e+175 
9.19582e+170 9.19582e+170 9.19582e+170 9.19582e+170 
7.27449e+199 7.27449e+199 7.27449e+199 7.27449e+199 
2.42749e-312 2.42749e-312 2.42749e-312 
1.34386e-321 1.34386e-321 1.34386e-321 
6.37345e-322 6.37345e-322 6.37345e-322 
2.08523e-316 2.08523e-316 2.08523e-316 
0 0 0 
6.23827e-06 6.23827e-06 6.23827e-06 
-4.78839e-07 -4.78839e-07 -4.78839e-07 
0.000768849 0.000768849 0.000768849 
1.34529e-07 1.34529e-07 1.34529e-07 
1.06689e-05 1.06689e-05 1.06689e-05 1.06689e-05 
-8.42295e-06 -8.42295e-06 -8.42295e-06 -8.42295e-06 
-1.61199e-07 -1.61199e-07 -1.61199e-07 -1.61199e-07 
0.000272947 0.000272947 0.000272947 0.000272947 
0 0 0 0 
0 0 0 0 
8.89209e-05 8.89209e-05 8.89209e-05 8.89209e-05 
2.122e-314 2.122e-314 2.122e-314 2.122e-314 
2.10936e-316 2.10936e-316 2.10936e-316 2.10936e-316 
3.21143e-322 3.21143e-322 3.21143e-322 3.21143e-322 3.21143e-322 
1.34799e-316 1.34799e-316 1.34799e-316 1.34799e-316 1.34799e-316 
1.061e-313 1.061e-313 1.061e-313 1.061e-313 1.061e-313 
6.93581e-310 6.93581e-310 6.93581e-310 6.93581e-310 6.93581e-310 
6.93581e-310 6.93581e-310 6.93581e-310 6.93581e-310 6.93581e-310 
8.54363e-317 8.54363e-317 8.54363e-317 8.54363e-317 8.54363e-317 
1.34799e-316 1.34799e-316 1.34799e-316 1.34799e-316 1.34799e-316 
6.93581e-310 6.93581e-310 6.93581e-310 6.93581e-310 6.93581e-310 
1.63042e-322 1.63042e-322 1.63042e-322 1.63042e-322 1.63042e-322 
R=9parameters: 
0.314346 0.314346 
0.546455 0.546455 
-0.00352469 -0.00352469 
0.465695 0.465695 
0.195529 0.195529 
5.03038e+175 5.03038e+175 
3.5936e+246 3.5936e+246 
2.14726e+243 2.14726e+243 
5.97819e-322 5.97819e-322 
4.00193e-322 4.00193e-322 4.00193e-322 
2.47033e-322 2.47033e-322 2.47033e-322 
2.0521e-316 2.0521e-316 2.0521e-316 
1.28495e+74 1.28495e+74 1.28495e+74 
4.56627e+257 4.56627e+257 4.56627e+257 
1.25868e+36 1.25868e+36 1.25868e+36 
1.66772e+243 1.66772e+243 1.66772e+243 
9.08367e+223 9.08367e+223 9.08367e+223 
1.27806e+161 1.27806e+161 1.27806e+161 
1.65909e-316 1.65909e-316 1.65909e-316 1.65909e-316 
4.00193e-322 4.00193e-322 4.00193e-322 4.00193e-322 
2.2233e-322 2.2233e-322 2.2233e-322 2.2233e-322 
2.05211e-316 2.05211e-316 2.05211e-316 2.05211e-316 
1.28495e+74 1.28495e+74 1.28495e+74 1.28495e+74 
4.56627e+257 4.56627e+257 4.56627e+257 4.56627e+257 
6.19348e+175 6.19348e+175 6.19348e+175 6.19348e+175 
9.19582e+170 9.19582e+170 9.19582e+170 9.19582e+170 
7.27449e+199 7.27449e+199 7.27449e+199 7.27449e+199 
2.42749e-312 2.42749e-312 2.42749e-312 
1.34386e-321 1.34386e-321 1.34386e-321 
6.37345e-322 6.37345e-322 6.37345e-322 
2.03379e-316 2.03379e-316 2.03379e-316 
2.04898e-316 2.04898e-316 2.04898e-316 
0 0 0 
0 0 0 
0 0 0 
3.95253e-322 3.95253e-322 3.95253e-322 
2.10436e-316 2.10436e-316 2.10436e-316 2.10436e-316 
3.21143e-322 3.21143e-322 3.21143e-322 3.21143e-322 
2.47033e-323 2.47033e-323 2.47033e-323 2.47033e-323 
2.02168e-316 2.02168e-316 2.02168e-316 2.02168e-316 
6.45267e+07 6.45267e+07 6.45267e+07 6.45267e+07 
2.10824e-316 2.10824e-316 2.10824e-316 2.10824e-316 
42976.8 42976.8 42976.8 42976.8 
2.09816e-316 2.09816e-316 2.09816e-316 2.09816e-316 
3.23796e-319 3.23796e-319 3.23796e-319 3.23796e-319 
3.21143e-322 3.21143e-322 3.21143e-322 3.21143e-322 3.21143e-322 
1.34799e-316 1.34799e-316 1.34799e-316 1.34799e-316 1.34799e-316 
1.061e-313 1.061e-313 1.061e-313 1.061e-313 1.061e-313 
6.93581e-310 6.93581e-310 6.93581e-310 6.93581e-310 6.93581e-310 
6.93581e-310 6.93581e-310 6.93581e-310 6.93581e-310 6.93581e-310 
8.54363e-317 8.54363e-317 8.54363e-317 8.54363e-317 8.54363e-317 
1.34799e-316 1.34799e-316 1.34799e-316 1.34799e-316 1.34799e-316 
6.93581e-310 6.93581e-310 6.93581e-310 6.93581e-310 6.93581e-310 
1.63042e-322 1.63042e-322 1.63042e-322 1.63042e-322 1.63042e-322 
R=10parameters: 
0.325611 0.325611 
0.586992 0.586992 
-0.0262901 -0.0262901 
-0.312454 -0.312454 
-6.51174 -6.51174 
5.03038e+175 5.03038e+175 
3.5936e+246 3.5936e+246 
2.14726e+243 2.14726e+243 
5.97819e-322 5.97819e-322 
4.00193e-322 4.00193e-322 4.00193e-322 
2.47033e-322 2.47033e-322 2.47033e-322 
2.0521e-316 2.0521e-316 2.0521e-316 
1.28495e+74 1.28495e+74 1.28495e+74 
4.56627e+257 4.56627e+257 4.56627e+257 
1.25868e+36 1.25868e+36 1.25868e+36 
1.66772e+243 1.66772e+243 1.66772e+243 
9.08367e+223 9.08367e+223 9.08367e+223 
1.27806e+161 1.27806e+161 1.27806e+161 
1.65909e-316 1.65909e-316 1.65909e-316 1.65909e-316 
4.00193e-322 4.00193e-322 4.00193e-322 4.00193e-322 
2.2233e-322 2.2233e-322 2.2233e-322 2.2233e-322 
2.05211e-316 2.05211e-316 2.05211e-316 2.05211e-316 
1.28495e+74 1.28495e+74 1.28495e+74 1.28495e+74 
4.56627e+257 4.56627e+257 4.56627e+257 4.56627e+257 
6.19348e+175 6.19348e+175 6.19348e+175 6.19348e+175 
9.19582e+170 9.19582e+170 9.19582e+170 9.19582e+170 
7.27449e+199 7.27449e+199 7.27449e+199 7.27449e+199 
2.42749e-312 2.42749e-312 2.42749e-312 
1.34386e-321 1.34386e-321 1.34386e-321 
6.37345e-322 6.37345e-322 6.37345e-322 
0.500001 0.500001 0.500001 
2.11744e-05 2.11744e-05 2.11744e-05 
8.36232e-06 8.36232e-06 8.36232e-06 
5.96046e-08 5.96046e-08 5.96046e-08 
-2.34237e-07 -2.34237e-07 -2.34237e-07 
0.501914 0.501914 0.501914 
4.13966e-06 4.13966e-06 4.13966e-06 4.13966e-06 
-9.66409e-05 -9.66409e-05 -9.66409e-05 -9.66409e-05 
7.27777e-06 7.27777e-06 7.27777e-06 7.27777e-06 
0.000484256 0.000484256 0.000484256 0.000484256 
0 0 0 0 
0 0 0 0 
0 0 0 0 
2.122e-314 2.122e-314 2.122e-314 2.122e-314 
2.10414e-316 2.10414e-316 2.10414e-316 2.10414e-316 
3.21143e-322 3.21143e-322 3.21143e-322 3.21143e-322 3.21143e-322 
1.34799e-316 1.34799e-316 1.34799e-316 1.34799e-316 1.34799e-316 
1.061e-313 1.061e-313 1.061e-313 1.061e-313 1.061e-313 
6.93581e-310 6.93581e-310 6.93581e-310 6.93581e-310 6.93581e-310 
6.93581e-310 6.93581e-310 6.93581e-310 6.93581e-310 6.93581e-310 
8.54363e-317 8.54363e-317 8.54363e-317 8.54363e-317 8.54363e-317 
1.34799e-316 1.34799e-316 1.34799e-316 1.34799e-316 1.34799e-316 
6.93581e-310 6.93581e-310 6.93581e-310 6.93581e-310 6.93581e-310 
1.63042e-322 1.63042e-322 1.63042e-322 1.63042e-322 1.63042e-322 
R=11parameters: 
0.328999 0.328999 
0.601639 0.601639 
-0.0154991 -0.0154991 
-3.5787 -3.5787 
5.08531 5.08531 
5.03038e+175 5.03038e+175 
3.5936e+246 3.5936e+246 
2.14726e+243 2.14726e+243 
5.97819e-322 5.97819e-322 
4.00193e-322 4.00193e-322 4.00193e-322 
2.47033e-322 2.47033e-322 2.47033e-322 
2.0521e-316 2.0521e-316 2.0521e-316 
1.28495e+74 1.28495e+74 1.28495e+74 
4.56627e+257 4.56627e+257 4.56627e+257 
1.25868e+36 1.25868e+36 1.25868e+36 
1.66772e+243 1.66772e+243 1.66772e+243 
9.08367e+223 9.08367e+223 9.08367e+223 
1.27806e+161 1.27806e+161 1.27806e+161 
1.65909e-316 1.65909e-316 1.65909e-316 1.65909e-316 
4.00193e-322 4.00193e-322 4.00193e-322 4.00193e-322 
2.2233e-322 2.2233e-322 2.2233e-322 2.2233e-322 
2.05211e-316 2.05211e-316 2.05211e-316 2.05211e-316 
1.28495e+74 1.28495e+74 1.28495e+74 1.28495e+74 
4.56627e+257 4.56627e+257 4.56627e+257 4.56627e+257 
6.19348e+175 6.19348e+175 6.19348e+175 6.19348e+175 
9.19582e+170 9.19582e+170 9.19582e+170 9.19582e+170 
7.27449e+199 7.27449e+199 7.27449e+199 7.27449e+199 
2.42749e-312 2.42749e-312 2.42749e-312 
1.34386e-321 1.34386e-321 1.34386e-321 
2.42092e-322 2.42092e-322 2.42092e-322 
36523.6 36523.6 36523.6 
0 0 0 
0.5 0.5 0.5 
-2.68203 -2.68203 -2.68203 
5.08531 5.08531 5.08531 
2.42092e-322 2.42092e-322 2.42092e-322 
0.000178411 0.000178411 0.000178411 0.000178411 
0 0 0 0 
3.83146e+07 3.83146e+07 3.83146e+07 3.83146e+07 
-11750.3 -11750.3 -11750.3 -11750.3 
0 0 0 0 
1.63042e-322 1.63042e-322 1.63042e-322 1.63042e-322 
0 0 0 0 
-2.29429 -2.29429 -2.29429 -2.29429 
0 0 0 0 
3.21143e-322 3.21143e-322 3.21143e-322 3.21143e-322 3.21143e-322 
1.34799e-316 1.34799e-316 1.34799e-316 1.34799e-316 1.34799e-316 
1.061e-313 1.061e-313 1.061e-313 1.061e-313 1.061e-313 
6.93581e-310 6.93581e-310 6.93581e-310 6.93581e-310 6.93581e-310 
6.93581e-310 6.93581e-310 6.93581e-310 6.93581e-310 6.93581e-310 
8.54363e-317 8.54363e-317 8.54363e-317 8.54363e-317 8.54363e-317 
1.34799e-316 1.34799e-316 1.34799e-316 1.34799e-316 1.34799e-316 
6.93581e-310 6.93581e-310 6.93581e-310 6.93581e-310 6.93581e-310 
1.63042e-322 1.63042e-322 1.63042e-322 1.63042e-322 1.63042e-322 
T Models:
(* Fitting with shape 1 1 1 1 1 1 1 1 1 1 0 0 *)
G[T_,xx_]:=Exp[0+xx[[1]]*T^1+xx[[2]]*T^2]*(1)
(* Fitting with shape 1 1 1 1 1 1 1 1 1 1 1 0 *)
G[T_,xx_]:=Exp[0+xx[[1]]*T^1+xx[[2]]*T^2]*(1)
(* Fitting with shape 1 1 1 1 1 1 1 1 1 1 1 1 *)
G[T_,xx_]:=Exp[0+xx[[1]]*T^1+xx[[2]]*T^2]*(1)
(* Fitting with shape 0 1 1 1 1 1 1 1 1 1 0 0 *)
G[T_,xx_]:=Exp[0+xx[[1]]*T^1+xx[[2]]*T^2]*(1)
(* Fitting with shape 0 1 1 1 1 1 1 1 1 1 1 0 *)
G[T_,xx_]:=Exp[0+xx[[1]]*T^1+xx[[2]]*T^2]*(1)
(* Fitting with shape 0 1 1 1 1 1 1 1 1 1 1 1 *)
G[T_,xx_]:=Exp[0+xx[[1]]*T^1+xx[[2]]*T^2]*(1)
(* Fitting with shape 0 0 1 1 1 1 1 1 1 1 0 0 *)
G[T_,xx_]:=Exp[0+xx[[1]]*T^1+xx[[2]]*T^2]*(1)
(* Fitting with shape 0 0 1 1 1 1 1 1 1 1 1 0 *)
G[T_,xx_]:=Exp[0+xx[[1]]*T^1+xx[[2]]*T^2]*(1)
(* Fitting with shape 0 0 1 1 1 1 1 1 1 1 1 1 *)
G[T_,xx_]:=Exp[0+xx[[1]]*T^1+xx[[2]]*T^2]*(1)
(* Fitting with shape 1 1 1 1 1 1 1 1 1 1 0 0 *)
G[T_,xx_]:=Exp[0+xx[[1]]*T^1+xx[[2]]*T^2]*(1+xx[[3]]/(T^1))
(* Fitting with shape 1 1 1 1 1 1 1 1 1 1 1 0 *)
G[T_,xx_]:=Exp[0+xx[[1]]*T^1+xx[[2]]*T^2]*(1+xx[[3]]/(T^1))
(* Fitting with shape 1 1 1 1 1 1 1 1 1 1 1 1 *)
G[T_,xx_]:=Exp[0+xx[[1]]*T^1+xx[[2]]*T^2]*(1+xx[[3]]/(T^1))
(* Fitting with shape 0 1 1 1 1 1 1 1 1 1 0 0 *)
G[T_,xx_]:=Exp[0+xx[[1]]*T^1+xx[[2]]*T^2]*(1+xx[[3]]/(T^1))
(* Fitting with shape 0 1 1 1 1 1 1 1 1 1 1 0 *)
G[T_,xx_]:=Exp[0+xx[[1]]*T^1+xx[[2]]*T^2]*(1+xx[[3]]/(T^1))
(* Fitting with shape 0 1 1 1 1 1 1 1 1 1 1 1 *)
G[T_,xx_]:=Exp[0+xx[[1]]*T^1+xx[[2]]*T^2]*(1+xx[[3]]/(T^1))
(* Fitting with shape 0 0 1 1 1 1 1 1 1 1 0 0 *)
G[T_,xx_]:=Exp[0+xx[[1]]*T^1+xx[[2]]*T^2]*(1+xx[[3]]/(T^1))
(* Fitting with shape 0 0 1 1 1 1 1 1 1 1 1 0 *)
G[T_,xx_]:=Exp[0+xx[[1]]*T^1+xx[[2]]*T^2]*(1+xx[[3]]/(T^1))
(* Fitting with shape 0 0 1 1 1 1 1 1 1 1 1 1 *)
G[T_,xx_]:=Exp[0+xx[[1]]*T^1+xx[[2]]*T^2]*(1+xx[[3]]/(T^1))
(* Fitting with shape 1 1 1 1 1 1 1 1 1 1 0 0 *)
G[T_,xx_]:=Exp[0+xx[[1]]*T^1+xx[[2]]*T^2]*(1+xx[[3]]/(T^1)+xx[[4]]/(T^2))
(* Fitting with shape 1 1 1 1 1 1 1 1 1 1 1 0 *)
G[T_,xx_]:=Exp[0+xx[[1]]*T^1+xx[[2]]*T^2]*(1+xx[[3]]/(T^1)+xx[[4]]/(T^2))
(* Fitting with shape 1 1 1 1 1 1 1 1 1 1 1 1 *)
G[T_,xx_]:=Exp[0+xx[[1]]*T^1+xx[[2]]*T^2]*(1+xx[[3]]/(T^1)+xx[[4]]/(T^2))
(* Fitting with shape 0 1 1 1 1 1 1 1 1 1 0 0 *)
G[T_,xx_]:=Exp[0+xx[[1]]*T^1+xx[[2]]*T^2]*(1+xx[[3]]/(T^1)+xx[[4]]/(T^2))
(* Fitting with shape 0 1 1 1 1 1 1 1 1 1 1 0 *)
G[T_,xx_]:=Exp[0+xx[[1]]*T^1+xx[[2]]*T^2]*(1+xx[[3]]/(T^1)+xx[[4]]/(T^2))
(* Fitting with shape 0 1 1 1 1 1 1 1 1 1 1 1 *)
G[T_,xx_]:=Exp[0+xx[[1]]*T^1+xx[[2]]*T^2]*(1+xx[[3]]/(T^1)+xx[[4]]/(T^2))
(* Fitting with shape 0 0 1 1 1 1 1 1 1 1 0 0 *)
G[T_,xx_]:=Exp[0+xx[[1]]*T^1+xx[[2]]*T^2]*(1+xx[[3]]/(T^1)+xx[[4]]/(T^2))
(* Fitting with shape 0 0 1 1 1 1 1 1 1 1 1 0 *)
G[T_,xx_]:=Exp[0+xx[[1]]*T^1+xx[[2]]*T^2]*(1+xx[[3]]/(T^1)+xx[[4]]/(T^2))
(* Fitting with shape 0 0 1 1 1 1 1 1 1 1 1 1 *)
G[T_,xx_]:=Exp[0+xx[[1]]*T^1+xx[[2]]*T^2]*(1+xx[[3]]/(T^1)+xx[[4]]/(T^2))
(* Fitting with shape 1 1 1 1 1 1 1 1 1 1 0 0 *)
G[T_,xx_]:=Exp[0+xx[[1]]*T^1+xx[[2]]*T^2+xx[[3]]*T^3]*(1)
(* Fitting with shape 1 1 1 1 1 1 1 1 1 1 1 0 *)
G[T_,xx_]:=Exp[0+xx[[1]]*T^1+xx[[2]]*T^2+xx[[3]]*T^3]*(1)
(* Fitting with shape 1 1 1 1 1 1 1 1 1 1 1 1 *)
G[T_,xx_]:=Exp[0+xx[[1]]*T^1+xx[[2]]*T^2+xx[[3]]*T^3]*(1)
(* Fitting with shape 0 1 1 1 1 1 1 1 1 1 0 0 *)
G[T_,xx_]:=Exp[0+xx[[1]]*T^1+xx[[2]]*T^2+xx[[3]]*T^3]*(1)
(* Fitting with shape 0 1 1 1 1 1 1 1 1 1 1 0 *)
G[T_,xx_]:=Exp[0+xx[[1]]*T^1+xx[[2]]*T^2+xx[[3]]*T^3]*(1)
(* Fitting with shape 0 1 1 1 1 1 1 1 1 1 1 1 *)
G[T_,xx_]:=Exp[0+xx[[1]]*T^1+xx[[2]]*T^2+xx[[3]]*T^3]*(1)
(* Fitting with shape 0 0 1 1 1 1 1 1 1 1 0 0 *)
G[T_,xx_]:=Exp[0+xx[[1]]*T^1+xx[[2]]*T^2+xx[[3]]*T^3]*(1)
(* Fitting with shape 0 0 1 1 1 1 1 1 1 1 1 0 *)
G[T_,xx_]:=Exp[0+xx[[1]]*T^1+xx[[2]]*T^2+xx[[3]]*T^3]*(1)
(* Fitting with shape 0 0 1 1 1 1 1 1 1 1 1 1 *)
G[T_,xx_]:=Exp[0+xx[[1]]*T^1+xx[[2]]*T^2+xx[[3]]*T^3]*(1)
(* Fitting with shape 1 1 1 1 1 1 1 1 1 1 0 0 *)
G[T_,xx_]:=Exp[0+xx[[1]]*T^1+xx[[2]]*T^2+xx[[3]]*T^3]*(1+xx[[4]]/(T^1))
(* Fitting with shape 1 1 1 1 1 1 1 1 1 1 1 0 *)
G[T_,xx_]:=Exp[0+xx[[1]]*T^1+xx[[2]]*T^2+xx[[3]]*T^3]*(1+xx[[4]]/(T^1))
(* Fitting with shape 1 1 1 1 1 1 1 1 1 1 1 1 *)
G[T_,xx_]:=Exp[0+xx[[1]]*T^1+xx[[2]]*T^2+xx[[3]]*T^3]*(1+xx[[4]]/(T^1))
(* Fitting with shape 0 1 1 1 1 1 1 1 1 1 0 0 *)
G[T_,xx_]:=Exp[0+xx[[1]]*T^1+xx[[2]]*T^2+xx[[3]]*T^3]*(1+xx[[4]]/(T^1))
(* Fitting with shape 0 1 1 1 1 1 1 1 1 1 1 0 *)
G[T_,xx_]:=Exp[0+xx[[1]]*T^1+xx[[2]]*T^2+xx[[3]]*T^3]*(1+xx[[4]]/(T^1))
(* Fitting with shape 0 1 1 1 1 1 1 1 1 1 1 1 *)
G[T_,xx_]:=Exp[0+xx[[1]]*T^1+xx[[2]]*T^2+xx[[3]]*T^3]*(1+xx[[4]]/(T^1))
(* Fitting with shape 0 0 1 1 1 1 1 1 1 1 0 0 *)
G[T_,xx_]:=Exp[0+xx[[1]]*T^1+xx[[2]]*T^2+xx[[3]]*T^3]*(1+xx[[4]]/(T^1))
(* Fitting with shape 0 0 1 1 1 1 1 1 1 1 1 0 *)
G[T_,xx_]:=Exp[0+xx[[1]]*T^1+xx[[2]]*T^2+xx[[3]]*T^3]*(1+xx[[4]]/(T^1))
(* Fitting with shape 0 0 1 1 1 1 1 1 1 1 1 1 *)
G[T_,xx_]:=Exp[0+xx[[1]]*T^1+xx[[2]]*T^2+xx[[3]]*T^3]*(1+xx[[4]]/(T^1))
(* Fitting with shape 1 1 1 1 1 1 1 1 1 1 0 0 *)
G[T_,xx_]:=Exp[0+xx[[1]]*T^1+xx[[2]]*T^2+xx[[3]]*T^3]*(1+xx[[4]]/(T^1)+xx[[5]]/(T^2))
(* Fitting with shape 1 1 1 1 1 1 1 1 1 1 1 0 *)
G[T_,xx_]:=Exp[0+xx[[1]]*T^1+xx[[2]]*T^2+xx[[3]]*T^3]*(1+xx[[4]]/(T^1)+xx[[5]]/(T^2))
(* Fitting with shape 1 1 1 1 1 1 1 1 1 1 1 1 *)
G[T_,xx_]:=Exp[0+xx[[1]]*T^1+xx[[2]]*T^2+xx[[3]]*T^3]*(1+xx[[4]]/(T^1)+xx[[5]]/(T^2))
(* Fitting with shape 0 1 1 1 1 1 1 1 1 1 0 0 *)
G[T_,xx_]:=Exp[0+xx[[1]]*T^1+xx[[2]]*T^2+xx[[3]]*T^3]*(1+xx[[4]]/(T^1)+xx[[5]]/(T^2))
(* Fitting with shape 0 1 1 1 1 1 1 1 1 1 1 0 *)
G[T_,xx_]:=Exp[0+xx[[1]]*T^1+xx[[2]]*T^2+xx[[3]]*T^3]*(1+xx[[4]]/(T^1)+xx[[5]]/(T^2))
(* Fitting with shape 0 1 1 1 1 1 1 1 1 1 1 1 *)
G[T_,xx_]:=Exp[0+xx[[1]]*T^1+xx[[2]]*T^2+xx[[3]]*T^3]*(1+xx[[4]]/(T^1)+xx[[5]]/(T^2))
(* Fitting with shape 0 0 1 1 1 1 1 1 1 1 0 0 *)
G[T_,xx_]:=Exp[0+xx[[1]]*T^1+xx[[2]]*T^2+xx[[3]]*T^3]*(1+xx[[4]]/(T^1)+xx[[5]]/(T^2))
(* Fitting with shape 0 0 1 1 1 1 1 1 1 1 1 0 *)
G[T_,xx_]:=Exp[0+xx[[1]]*T^1+xx[[2]]*T^2+xx[[3]]*T^3]*(1+xx[[4]]/(T^1)+xx[[5]]/(T^2))
(* Fitting with shape 0 0 1 1 1 1 1 1 1 1 1 1 *)
G[T_,xx_]:=Exp[0+xx[[1]]*T^1+xx[[2]]*T^2+xx[[3]]*T^3]*(1+xx[[4]]/(T^1)+xx[[5]]/(T^2))
Probabilities: 
         0          0          0          0          0          0          0          0          0          0          0          0          0          0          0          0          0          0          0          0          0          0          0          0   0.397182          0          0          0          0          0          0          0          0          0          0          0          0          0          0          0          0          0          0          0          0          0          0          0          0          0          0   0.602818          0          0
         0          0          0          0          0          0          0          0          0          0          0          0          0          0          0          0          0          0          0          0          0          0          0          0          1          0          0          0          0          0          0          0          0          0          0          0          0          0          0          0          0          0          0          0          0          0          0          0          0          0          0          0          0          0
         0          0          0          0          0          0          0          0          0          0          0          0          0          0          0          0          0          0          0          0          0          0          0          0          0          0          0          0          0          0          0          0          0          0          0          0          0          0          0          0          0          0          0          0          0          0          0          0          0          0          0          1          0          0
         0          0          0          0          0          0          0          0          0          0          0          0          0          0          0          0          0          0          0          0          0          0          0          0   0.568229          0          0          0          0          0          0          0          0          0          0          0          0          0          0          0          0          0          0          0          0          0          0          0          0          0          0   0.431771          0          0
         0          0          0          0          0          0          0          0          0          0          0          0          0          0          0          0          0          0          0          0          0          0          0          0          0          0          0          0          0          0          0          0          0          0          0          0          0          0          0          0          0          0          1          0          0          0          0          0          0          0          0          0          0          0
         0          0          0          0          0          0          0          0          0          0          0          0          0          0          0          0          0          0          0          0          0          0          0          0          0          0          0          0          0          0          0          0          0          0          0          0          0          0          0          0          0          0          0          0          0          0          0          0          0          0          0          1          0          0
         0          0          0          0          0          0          0          0          0          0          0          0          0          0          0          0          0          0          0          0          0          0          0          0          0          0          0          0          0          0          0          0          0          0          0          0          0          0          0          0          0          0          1          0          0          0          0          0          0          0          0          0          0          0
         0          0          0          0          0          0          0          0          0          0          0          0          0          0          0          0          0          0          0          0          0          0          0          0   0.247771          0          0          0          0          0          0          0          0          0          0          0          0          0          0          0          0          0          0          0          0          0          0          0          0          0          0   0.752229          0          0
         0          0          0          0          0          0          0          0          0          0          0          0          0          0          0 0.00882609          0          0          0          0          0          0          0          0   0.137813          0          0          0          0          0          0          0          0          0          0          0          0          0          0          0          0          0   0.492674          0          0          0          0          0          0          0          0   0.360687          0          0
         0          0          0          0          0          0          0          0          0          0          0          0          0          0          0  0.0821952          0          0          0          0          0          0          0          0   0.134621          0          0          0          0          0          0          0          0   0.256418          0          0          0          0          0          0          0          0   0.293993          0          0          0          0          0          0          0          0   0.232772          0          0
         0          0          0          0          0          0          0          0          0          0          0          0          0          0          0   0.461394          0          0          0          0          0          0          0          0   0.237768          0          0          0          0          0          0          0          0          0          0          0          0          0          0          0          0          0   0.300838          0          0          0          0          0          0          0          0          0          0          0
         0          0          0          0          0          0          0          0          0          0          0          0          0          0          0   0.450325          0          0          0          0          0          0          0          0    0.20359          0          0          0          0          0          0          0          0          0          0          0          0          0          0          0          0          0   0.236995          0          0          0          0          0          0          0          0    0.10909          0          0

Values: 
0.0723261 0.0723866 0.0723849 0.0723902 0.0724594 0.0724426 0.0718737 0.0719718 0.0719521 0.0710999 0.0711348 0.0711378  0.070241 0.0702203  0.853899  0.266921 0.0697798  0.366084  0.069743 0.0696977  0.069675 0.0693406 0.0692951 0.0692856 0.0691322   0.48982 0.0691161   1.11387  0.960372   1.31661   1.19562 0.0767305   1.10689 0.0762479   1.05023 0.0752928 0.0748092  0.968176 0.0738432 0.0727354 0.0724186  0.707683   1.16558 0.0715563 0.0713055  0.580348 0.0712974 0.0710973   1.16291  0.792356  0.936325 0.0695234 0.0695186  0.069286
 0.124763  0.124887  0.124951  0.123649   0.12371  0.123753  0.202551  0.122323  0.122326   0.11997  0.119923  0.119861  0.118045  0.117958  0.117849   0.23653  0.116888  0.116759  0.116784  0.116671  0.116563  0.115756  0.115606  0.115512  0.115037  0.573036  0.598399   1.12946   1.13787   1.13282   1.31539   1.35281   1.32184   1.03371    1.0353   1.33092  0.129201   0.91494  0.933587  0.124416  0.887907  0.454343  0.650058  0.987776  0.987669  0.168199  0.878328  0.120354  0.509012  0.923341  0.737931   1.41199  0.115995   4.52267
 0.170887  0.170262  0.170184  0.166832  0.166145  0.165963   0.16362   0.22104  0.162778  0.159757  0.159221  0.159001   0.15673  0.156306  0.156088  0.295516  0.154874  0.154636  0.154718  0.154393  0.154208  0.153102  0.152786         1  0.553972 0.0600645  0.151452   1.29023  0.193443   1.11985   1.22659   1.14513   1.22303   1.00824  0.180628  0.970035  0.973275  0.174742  0.957669  0.168387  0.924334  0.165564  0.165376   1.31892  0.162664 -0.255582  0.901872  0.680487   2.75424  0.918126  0.158481  0.155366   2.47273  0.643775
 0.217871  0.217196  0.216235  0.209407  0.208556  0.207659  0.249373  0.264247  0.201617   0.19727  0.196649  0.196027  0.192456  0.191976  0.191501  0.456653  0.189844  0.189449  0.189447  0.189083  0.188757  0.187118  0.186714  0.186491   0.18416  0.714183  0.713149   1.12606   1.10869  0.507552   1.22006   1.37116   1.34889   1.04354   1.32125   1.31614  0.222278  0.949517  0.950511   1.20318  0.914742  0.342405  0.979563  0.204176  0.985488  0.203009   0.20117   0.19954  0.771061  0.711303   0.89815  0.192459  0.188036   1.18371
  0.26611  0.265772  0.264745  0.252092  0.251024   0.25001  0.242135  0.241211  0.240367  0.234167  0.233285  0.232636  0.226706  0.226134  0.225716  0.223887   0.22334  0.223002  0.222541  0.222097  0.221836  0.219528  0.219031   0.21889  0.505992   0.49623  0.490882  0.308859     1.161   1.16069   1.19323   1.22156   1.21271   1.15593   1.27897   0.98072  0.268387  0.377479  0.264442    1.1288  0.820183   1.14077  0.250099   1.31932  0.241666  0.243368  0.734798  0.237237   1.94514  0.892907  0.782042   1.43053  0.226005   1.05129
 0.316632  0.316337  0.315009  0.296187  0.294813  0.293417  0.282348  0.281072  0.279861  0.272229  0.271053  0.270123  0.261265  0.566141  0.259847  0.257413  0.256414  0.256186  0.255428  0.254635  0.254459  0.188658  0.189679  0.250673  0.635743  0.242896  0.244788   0.59913   1.13201   1.13063   1.17764   1.22337   1.21203         1   1.22236   1.00256  0.316673   0.31433  0.311135   1.20671  0.976506  0.882234  0.865568  0.825798  -2.81898  0.736826  0.863748  0.865169   1.01513  0.287298  0.274521  0.287965   1.25134  0.242266
 0.368647  0.368769  0.368208   0.52004  0.339846  0.339034  0.323428  0.322252  0.321418  0.311429  0.310181  0.309557  0.296091  0.294963   0.29454  0.290809  0.289457  0.289306  0.288024   0.28699  0.286852  0.283071   0.28134  0.281788  0.281282  0.269642  0.272247   1.05658   1.06536  0.431059  0.406547    1.4134    1.2108   1.13119   1.08287   1.34613  0.368406  0.364984  0.361508   0.33705  0.895297   1.00173  0.344074  0.336466    1.4162  0.321047  0.319898  0.776037  0.616854   1.27381    1.1289 -0.809914  0.326792  0.708825
 0.425873  0.426182  0.425215  0.389203   0.38824  0.387641  0.366801  0.365722  0.428902  0.353339  0.352197  0.351764  0.332711  0.331512  0.331109  0.325755  0.324033   0.53337  0.321876  0.428118  0.320573  0.315716  0.313376  0.313876  0.297549  0.606121  0.597294   1.11245    1.1121   1.11707    1.1679   1.16885   1.27207   1.04202   1.04154     1.042  0.424136  0.419713  0.415875  0.619057  0.380358   1.12331   1.41671  0.743789   2.49892  0.849083  0.289976  0.855373  0.410583   1.33876  0.373398  0.444077  0.390316  0.346882
 0.488209  0.488063  0.487276  0.442353  0.441211  0.440973  0.413013  0.530663  0.411373  0.398757  0.397416  0.397262  0.372629  0.371261  0.371012  0.364268  0.574172  0.361838  0.358932  0.390764   1.12473  0.352403  0.349289  0.349747  0.328891  0.327548  0.332459   1.02132   1.02086   1.04594   1.12552   1.18433   1.10522   1.30792   1.01244   1.01868  0.482179  0.477263  0.474087  0.429916   1.16952  0.864629  0.447147   1.77866  0.654556  0.867134  0.865443  0.873132  0.469391 -0.869542  0.428591  0.540447  0.470393  0.430136
 0.545971  0.546455  0.546151  0.496157  0.495057  0.494987  0.459941  0.458619  0.458454  0.447677  0.446179  0.446108  0.414539  0.413087  0.412913   0.40488  0.402704  0.402429  0.398619  0.397416  0.397327  0.392199    0.3896  0.389853  0.369436   0.37056  0.735904   1.09919   1.10667    1.1024   1.21826   1.16231   1.10633  0.542386   1.00134   1.00755  0.536074  0.530048  0.526946  0.996047   1.03381  0.464408    0.4912    1.2657  0.874021  0.873194  0.440954  0.875103  0.517761   1.09165   1.12613  0.634382  0.717137   1.50763
  0.58669  0.586992  0.586895  0.537607  0.536694  0.536767  0.497858  0.496907  0.496903  0.488885  0.487923  0.487928  0.450852  0.450167  0.450141  0.442144  0.441388  0.441203   0.47427  0.479199  0.434369  0.432297  0.431924  0.431683  0.421509  0.423682  0.424228  0.664693  0.965891  0.659631   1.11808   1.11294   1.10025   1.02886   1.00817   1.31452  0.572719  0.567686  0.565621   2.03966   0.60961  0.937146   0.50308  0.488209    1.9305   0.89026  0.885259  0.890846  0.926018  0.488966  0.279936   1.21007    0.5493  0.768622
 0.601342  0.601639  0.601296  0.552974  0.552547  0.552564  0.512191  0.511725  0.511653  0.504873  0.504428  0.504379   0.46551  0.465186  0.465147  0.457722  0.457375  0.457112  0.509409   0.55593  0.503533  0.449246  0.449116  0.448159  0.440399  0.441918  0.438243   1.05722   1.03655   1.03418   1.16519   1.13793   1.36615  0.983054   1.01688  0.994421  0.585245  0.581729  0.581304  0.508172   0.50366  0.705279  0.511969  0.499667   1.30624  0.890312  0.884614  0.892325  0.527042  0.501377   1.08307  0.652617  0.556856  0.312931

Errors: 
1.30327e-05 1.30738e-05 1.30633e-05 1.30072e-05 1.30569e-05 1.30812e-05 1.29985e-05 1.30634e-05 1.30836e-05 1.31279e-05 1.31972e-05 1.32184e-05 1.42265e-05 1.42517e-05    0.002997           1  1.5545e-05    0.679979 1.55313e-05 1.54255e-05  1.5269e-05 2.01722e-05 1.85506e-05 1.79959e-05    2.71e-05    0.276634 2.22887e-05           0           0           0           0 1.90494e-05           0 2.52549e-05     1.00007 1.91922e-05 2.77708e-05    0.467945 2.09593e-05 4.39035e-05 3.27517e-05  0.00184487 7.32352e-07 5.11867e-05 4.51571e-05 5.88599e-06 4.38097e-05 3.96431e-05 1.49252e-05 0.000637257 0.000367736 0.000233068 0.000181408  0.00013759
4.43886e-05 4.43537e-05 4.47547e-05 4.36994e-05 4.39142e-05  4.4275e-05           0  4.3572e-05 4.40752e-05 4.51525e-05 4.52543e-05 4.53615e-05  4.8624e-05 4.85045e-05 4.89695e-05           0     5.5e-05 5.39926e-05 5.41683e-05 5.40294e-05 5.27063e-05  7.7076e-05 7.01575e-05 6.64243e-05 0.000117888           0           0           0           0           0           0           0           0      1.0012     1.00106     1.00001 0.000102546           0           0 0.000174032     1.00007     1.00001           1           0     1.01707           1 0.000146415 0.000151991    0.983431  0.00108393 0.000108251 1.07188e-05 0.000849529           1
9.77032e-05 9.81471e-05  9.9505e-05           0 9.57503e-05 9.56923e-05 9.38325e-05           0 9.31803e-05 9.88199e-05 9.74841e-05 9.61486e-05 0.000106582  0.00010305 0.000102377           0 0.000116288 0.000113843 0.000119475 0.000113846 0.000112426 0.000175516 0.000155612           0           0 0.000111937 0.000201919           0 0.000144138           0           0           0           0     1.00301 0.000196285           0           0 0.000228318           0 0.000442842           0 0.000299219 0.000734818     1.00003 0.000449366    0.950932           1 7.69702e-05           1     1.00001 0.000782666  0.00285925     1.00003     1.00001
0.000180977 0.000182372 0.000181993 0.000179303 0.000179729 0.000176013           0           0 0.000168868 0.000190228 0.000182101 0.000179467 0.000203388 0.000196653 0.000190107           0 0.000230646 0.000216599 0.000228784  0.00022011 0.000210584 0.000357696 0.000327351 0.000296362 0.000671655           0           0           0           0           0           0     1.00003     1.00003     1.00511     1.00007     1.00007 0.000469747           0           0     1.00001           0           1     1.00002  0.00121257     1.00472  0.00132647  0.00106073 0.000893775     1.00003 0.000145078           1  0.00582002  0.00469812           1
0.000305689 0.000300623 0.000299465 0.000295257 0.000293465 0.000289878  0.00029112 0.000285276 0.000279749  0.00032233 0.000312264 0.000304114 0.000354507 0.000339671 0.000329075 0.000419974 0.000405646 0.000384297 0.000406314 0.000390436 0.000372091 0.000626717 0.000582559 0.000550591           0           0           0  0.00043722           0           0           0           0           0     1.00124     1.00026           0 0.000813302           0 0.000754195     1.00005     1.00103     1.00012  0.00308294     1.00012  0.00207047 8.33138e-05   0.0102652  0.00179818     1.00002 3.70191e-06     1.00836           1  0.00831207     1.00001
0.000448755 0.000456352 0.000454965  0.00045651 0.000450991 0.000442236 0.000459766 0.000450248 0.000439047 0.000511613 0.000496607 0.000480494 0.000594931           0 0.000547529 0.000738752 0.000701339 0.000660212 0.000707169 0.000675402 0.000642209           0           0 0.000994744           0  0.00193424  0.00191224           0           0           0           0           0           0           0      1.0001           0   0.0013655  0.00131392  0.00126522     1.00001     1.00013     1.00476     1.00067     1.00016     1.00354           1 0.000423913 0.000425301  0.00479018  0.00675213  0.00606681   0.0138751 0.000212166    0.011453
0.000646048 0.000655092 0.000660126           0 0.000656093 0.000650101 0.000677816 0.000670542 0.000663304 0.000775183 0.000758008 0.000741622  0.00097849 0.000930012 0.000907639  0.00127148  0.00121624  0.00115517  0.00120826   0.0011507  0.00111563  0.00212141  0.00199934  0.00181072 0.000859392  0.00407519  0.00357946           0           0 0.000977535  0.00138859           0           0     1.05326     1.04089     1.00061  0.00226799  0.00211756  0.00203615    0.004813      1.0006     1.00291  0.00945021  0.00742451   0.0565374  0.00693451  0.00578587     1.00001   0.0200667 0.000475808  0.00296778   0.0108326   0.0166085  8.0987e-05
0.000915636 0.000921732 0.000919197 0.000950029 0.000938944 0.000921615  0.00100898 0.000996807           0  0.00115493  0.00112666  0.00109832  0.00152538   0.0014999  0.00148804  0.00217606  0.00207977           0  0.00201172           0  0.00192422  0.00378131  0.00343419  0.00325663  0.00964789           0           0           0           0           0           0           0           0     1.06837     1.06944       1.066  0.00355069  0.00330342  0.00324938           1  0.00663218     1.00006     1.00006     1.00018           1 0.000635348    0.992704 0.000492132   0.0184281  0.00173689   0.0150553   0.0239937    0.021503   0.0203741
          0           0           0  0.00142121  0.00141064  0.00139182  0.00152376           0  0.00150177  0.00181004  0.00176958  0.00176102  0.00237477   0.0023195  0.00232036  0.00366248           0  0.00347965  0.00315772           0           0  0.00660501  0.00582374  0.00578548    0.017169   0.0128692   0.0126948           0           0           0           0     1.00292           0     1.00068           0           0  0.00520828   0.0049947  0.00499176   0.0126855           1           1   0.0241578           1     1.00003  0.00112954  0.00111078  0.00133214   0.0248442  0.00839111   0.0207784   0.0302144   0.0272415   0.0256766
          0           0           0  0.00199578     0.00199  0.00196638  0.00226969   0.0022554  0.00225569  0.00261764  0.00256026  0.00254637  0.00365887   0.0035781  0.00355081  0.00614192  0.00551567  0.00544095  0.00471442  0.00479219  0.00480225   0.0102141  0.00896436  0.00879414   0.0243143   0.0184519           0           0           0           0           0           0           0  0.00774203           0           0  0.00758432  0.00685092  0.00678075     1.00001           1   0.0146219    0.038186   0.0236305     1.00114  0.00145787   0.0203453  0.00163704   0.0320617           1     1.33348   0.0375567     1.00012     1.00223
          0  0.00195564           0  0.00246813  0.00244831  0.00244115  0.00306046  0.00302415  0.00302174  0.00341929  0.00332437  0.00333044  0.00498168  0.00490547  0.00496852  0.00796695  0.00757427  0.00763438           0           0  0.00644187   0.0127876   0.0125699   0.0119788   0.0242084   0.0231768   0.0163995  0.00322896           0  0.00304814           0           0           0           0           0     1.00194  0.00890991  0.00866252  0.00855289     1.00003           1     1.00337   0.0551091   0.0234603     1.00019  0.00186249  0.00190641   0.0551645  0.00575062   0.0351057   0.0153107    0.032562   0.0393308   0.0155813
          0           0           0  0.00266036   0.0026543  0.00263896   0.0034088  0.00339343  0.00339872  0.00373656   0.0036692  0.00368702  0.00555759  0.00547495  0.00547259  0.00884808  0.00859344  0.00851281           0           0           0   0.0142171    0.013545    0.013425   0.0227151   0.0272351   0.0243321           0           0           0           0           0           0           0           0           0  0.00947091  0.00926912  0.00913622   0.0282464   0.0256299   0.0142705   0.0599667   0.0499349     1.00385   0.0030735     3.34353  0.00195656   0.0408579   0.0372213           1   0.0463272   0.0414153   0.0315595

Statuses: 
0 0 0 0 0 0 0 0 0 0 0 0 0 0 3 3 0 3 0 0 0 0 0 0 0 3 0 3 3 3 3 0 3 0 3 0 0 3 0 0 0 3 3 0 0 3 0 0 3 3 3 0 0 0
0 0 0 0 0 0 3 0 0 0 0 0 0 0 0 3 0 0 0 0 0 0 0 0 0 3 3 3 3 3 3 3 3 3 3 3 0 3 3 0 3 3 3 3 3 3 3 0 3 3 3 3 0 3
0 0 0 2 0 0 0 3 0 0 0 0 0 0 0 3 0 0 0 0 0 0 0 3 3 0 0 3 0 3 3 3 3 3 0 3 3 0 3 0 3 0 0 3 0 3 3 3 3 3 0 0 3 3
0 0 0 0 0 0 3 3 0 0 0 0 0 0 0 3 0 0 0 0 0 0 0 0 0 3 3 3 3 3 3 3 3 3 3 3 0 3 3 3 3 3 3 0 3 0 0 0 3 3 3 0 0 3
0 0 0 0 0 0 0 0 0 0 0 0 0 0 0 0 0 0 0 0 0 0 0 0 3 3 3 0 3 3 3 3 3 3 3 3 0 3 0 3 3 3 0 3 0 3 3 0 3 3 3 3 0 3
0 0 0 0 0 0 0 0 0 0 0 0 0 3 0 0 0 0 0 0 0 3 3 0 3 0 0 3 3 3 3 3 3 3 3 3 0 0 0 3 3 3 3 3 3 3 3 3 3 0 0 0 3 0
0 0 0 3 0 0 0 0 0 0 0 0 0 0 0 0 0 0 0 0 0 0 0 0 0 0 0 3 3 0 0 3 3 3 3 3 0 0 0 0 3 3 0 0 3 0 0 3 3 3 3 0 0 3
0 0 0 0 0 0 0 0 3 0 0 0 0 0 0 0 0 3 0 3 0 0 0 0 0 3 3 3 3 3 3 3 3 3 3 3 0 0 0 3 0 3 3 3 3 3 3 3 0 3 0 0 0 0
2 2 2 0 0 0 0 3 0 0 0 0 0 0 0 0 3 0 0 3 3 0 0 0 0 0 0 3 3 3 3 3 3 3 3 3 0 0 0 0 3 3 0 3 3 3 3 3 0 0 0 0 0 0
2 2 2 0 0 0 0 0 0 0 0 0 0 0 0 0 0 0 0 0 0 0 0 0 0 0 3 3 3 3 3 3 3 0 3 3 0 0 0 3 3 0 0 3 3 3 0 3 0 3 3 0 3 3
2 0 2 0 0 0 0 0 0 0 0 0 0 0 0 0 0 0 3 3 0 0 0 0 0 0 0 0 3 0 3 3 3 3 3 3 0 0 0 3 3 3 0 0 3 3 3 3 3 0 0 3 0 0
2 2 2 0 0 0 0 0 0 0 0 0 0 0 0 0 0 0 3 3 3 0 0 0 0 0 0 3 3 3 3 3 3 3 3 3 0 0 0 0 0 3 0 0 3 3 3 3 0 0 3 0 0 0
chisq per dof: 
183.834 168.842 152.105   116.7 110.262 101.767 56.4821  62.496  58.361 28.1922 28.9632 28.4336 6.28281 7.57437  133590 46910.9 3.20124 69449.4 2.96625 3.25518 3.06507 1.99244  1.8652 1.74661  2.0083  120967 1.67522  162540  134235  137993  204130 28.0086  135768 9.68767  169980 11.3272 6.64674  168006 7.61501 2.50712 2.39288  147296  230602 1.99598 1.95472  230903 2.03092 1.99814  312701  253378  210771 2.67113 2.25335  2.0081
83.0419 77.6965 72.8154 51.6935 48.0121  45.872 1880.21 24.9251 24.7707 12.7087 12.2955 12.1659 3.30414 3.66408 3.72709 6744.39 2.19314 2.15533 2.15581 2.21053 2.17989 1.89687 1.77296 1.67953 2.00651 11573.1   10222 15264.4 13487.9   12120 19222.3 16647.1 14579.3 19505.3   16349 13146.2 3.15601 14847.1   13526 2.00218 19802.2 15263.5 23478.6 19618.8 16355.7   12866 19928.2 1.79285 23916.8 18146.4 19467.9 29148.8 2.25453 18357.1
48.1968 48.1975 45.2888 29.2935 28.2036 26.0738 13.3203 761.458 13.1091  7.3988 7.09715  6.7084 2.36873 2.41521 2.45052 1292.01 1.84893 1.80274 1.90847 1.86281 1.82627 1.86894 1.74165 3668.73 2813.83 66.9906 1.67202 4052.97 11.9052 3002.32 4487.82 3654.14 3349.72 4851.86 2.79915 3475.95 4580.31 2.43407 3294.74  1.8593 4932.32 1.68778 2.02674 4453.43 1.71249 2622.31 3542.33 3857.05  5764.1 5920.94 1.85344 2.67349 5083.26 788.338
29.1675 28.1807 26.5632 17.9028  16.719   15.59 541.632 464.207 7.33625 4.99071 4.66883 4.41862 1.94248 1.89862 1.86421 1132.38  1.6793 1.60828  1.7925 1.71229 1.64662 1.84834 1.71545 1.61573 2.00731 1071.85 895.591 1382.85 1267.29 618.647 1663.73 1531.29 1333.55 1847.39 1429.61 1225.43 1.97158 1384.26 1233.96 2063.76 1876.41 471.727 1795.63  1.8209 1555.57  2.0081 1.84606 1.73302 2783.06    2196 1005.39 2.67304 2.25648 1698.65
18.6464 18.2173 17.0811 11.1014 10.5372 9.78871 5.38128 5.04318 4.74092 3.59552 3.38637 3.18406 1.76578 1.69135 1.62564 1.70125 1.60693 1.52836 1.74438 1.65159  1.5754 1.83776 1.70348 1.60341 281.526 221.726  184.21  5.2356 529.024 474.278 761.377 613.882 552.188 805.531 605.623 585.887 1.84376  635.59 1.77314 951.596 819.949 707.106 2.00577 661.375 1.68781 742.014 662.255  1.7284 922.074 398.516  315.07 430.535 2.25593 639.967
12.0926 11.8522 11.1872  6.8824 6.48759 6.11479  3.5123 3.35369 3.21079 2.68765 2.54167 2.41474 1.64278 211.804 1.51787  1.6615 1.57203 1.49117 1.71045 1.62308  1.5458 154.117 128.962 1.59707 164.879 1.80616 1.67625   151.5 254.925 234.293 349.668  316.99 268.207 429.894 272.615 292.781 1.77516 1.70074 1.66847 473.592   414.9 364.363 505.045  344.74 330.638 180.877 377.435 325.803 553.192 2.00455 1.84904 2.66927 361.652 2.01147
 8.4025 8.01733 7.51688 37.6008 4.25902  3.9655 2.51167  2.4235 2.31909 2.16949  2.0706 1.96484 1.58251  1.5209 1.45959 1.64015 1.54619 1.46833 1.69405 1.60406 1.52875 1.82056 1.68838 1.59042 2.01811 1.80682 1.67516 148.687 123.796 2.63046 1.80274 171.168 134.823 209.236 174.731 135.843 1.73707 1.65224 1.60131 1.80218  222.53 195.325 2.00148 1.80325 125.026 2.00636 1.83872 109.953 261.695 181.597 128.228 2.76661 2.25384 158.997
5.95122 5.64345 5.25293 3.21004  2.9927  2.7844 1.96054 1.89682 9.37004  1.8809 1.78899 1.70481  1.5483 1.48334 1.42533 1.62749 1.52967 13.9778 1.68484 60.1864 1.51839 1.81605 1.68241 1.58509 2.00885 22.3643 20.3679 78.7352 76.0341 62.2805 124.991 107.057   79.71 114.422  95.542 83.2343 1.71384 1.62699 1.56701 120.748 1.67011 96.5591 96.6696  113.24 67.5751 120.354 2.47037 88.4364  2.2523 148.502 1.84074 2.66863 2.25465 2.00833
3.94598 3.72364 3.47655 2.43853 2.29175 2.14926 1.64416 8.02518  1.5241 1.71899 1.64009 1.56924 1.52656 1.45819 1.40191 1.61825 7.07511 1.44487 1.67881 11.2066 60.5076 1.81258 1.67846 1.58159 2.00971 1.80779 1.67399 43.8125 35.3594 32.4826  79.109 67.8939 61.4989 46.9518 55.4731 49.1153 1.69828 1.60773  1.5423 1.80514 17.0872 31.4045 2.00525 36.7998 54.0748 80.2433 66.6396 62.0757 2.25457  2.2078 1.83951 2.67046 2.25576 2.00741
2.72859 2.60684 2.45506 1.89628 1.80402 1.71477 1.48618 1.43517 1.38391 1.59999 1.53103 1.47207 1.51474 1.44399 1.38895  1.6109 1.51031 1.43748 1.67436 1.57878 1.50646 1.80849 1.67406 1.57777  2.0084 1.80673 6.50317 31.0674 21.3637 23.7777 36.1196 30.5978 39.9847 1.60771 35.0795 30.7757 1.68732 1.59586 1.52702 45.8782 17.3888 1.57577 2.00567 20.0442 34.5226 52.6357  1.8386 40.0317 2.25517 40.5182 51.5844 2.67065  51.333 33.2401
2.13954 2.05255 1.94761 1.62991 1.55813 1.49625 1.41258 1.35783 1.31359  1.5322 1.46711 1.41521 1.50511 1.43332 1.37931 1.60318 1.50278 1.43102 6.35412 5.69947 1.50165 1.80252 1.66877 1.57324  2.0028 1.80227 1.66856 1.57389 19.2042 1.46737 40.1547 34.5793 30.9662 30.0772  25.391 16.3962 1.68081 1.58803 1.51672 22.3639  10.338 33.6623 2.00198 1.80187 8.52376 41.8317 34.8858 28.3376  57.028 2.00189 1.83766 24.9834 2.25208 2.01112
1.97848 1.88837 1.80127 1.56361  1.4956 1.44054 1.39578 1.34105 1.29894 1.51506 1.45114 1.40103 1.50332 1.43155 1.37807 1.60198 1.50169 1.43047 6.36691 7.54015 4.84437 1.80157 1.66798 1.57287 2.00176 1.80142 1.66809 13.4904 24.7773 10.0977 34.8283 30.6991 24.4108 26.5182 22.3321 19.8787 1.67902 1.58495 1.51218 1.80099 1.66764 23.2067 2.00123 1.80116 8.79653 43.7638  28.923  28.123 2.25117 2.00117 9.88916 2.66726 2.25128 2.00211
Mode averaged potential and errors: 
   0.069368  0.00026394
   0.115037 0.000117888
   0.155366  0.00285925
   0.187743  0.00563702
   0.250099  0.00308294
   0.287965   0.0138751
   0.344074  0.00945021
   0.407772   0.0667667
    0.46377   0.0742212
   0.514167    0.091542
   0.455569   0.0460471
   0.488313    0.072063
R Models:
(* Fitting with shape 1 1 1 1 1 1 1 1 0 0 0 0 *)
G[R_,xx_]:=xx[[0]] + xx[[1]]/R | xx[[2]]*R
(* Fitting with shape 1 1 1 1 1 1 1 1 1 0 0 0 *)
G[R_,xx_]:=xx[[0]] + xx[[1]]/R | xx[[2]]*R
(* Fitting with shape 1 1 1 1 1 1 1 1 1 1 0 0 *)
G[R_,xx_]:=xx[[0]] + xx[[1]]/R | xx[[2]]*R
(* Fitting with shape 1 1 1 1 1 1 1 1 1 1 1 0 *)
G[R_,xx_]:=xx[[0]] + xx[[1]]/R | xx[[2]]*R
(* Fitting with shape 1 1 1 1 1 1 1 1 1 1 1 1 *)
G[R_,xx_]:=xx[[0]] + xx[[1]]/R | xx[[2]]*R
(* Fitting with shape 0 1 1 1 1 1 1 1 0 0 0 0 *)
G[R_,xx_]:=xx[[0]] + xx[[1]]/R | xx[[2]]*R
(* Fitting with shape 0 1 1 1 1 1 1 1 1 0 0 0 *)
G[R_,xx_]:=xx[[0]] + xx[[1]]/R | xx[[2]]*R
(* Fitting with shape 0 1 1 1 1 1 1 1 1 1 0 0 *)
G[R_,xx_]:=xx[[0]] + xx[[1]]/R | xx[[2]]*R
(* Fitting with shape 0 1 1 1 1 1 1 1 1 1 1 0 *)
G[R_,xx_]:=xx[[0]] + xx[[1]]/R | xx[[2]]*R
(* Fitting with shape 0 1 1 1 1 1 1 1 1 1 1 1 *)
G[R_,xx_]:=xx[[0]] + xx[[1]]/R | xx[[2]]*R
(* Fitting with shape 0 0 1 1 1 1 1 1 0 0 0 0 *)
G[R_,xx_]:=xx[[0]] + xx[[1]]/R | xx[[2]]*R
(* Fitting with shape 0 0 1 1 1 1 1 1 1 0 0 0 *)
G[R_,xx_]:=xx[[0]] + xx[[1]]/R | xx[[2]]*R
(* Fitting with shape 0 0 1 1 1 1 1 1 1 1 0 0 *)
G[R_,xx_]:=xx[[0]] + xx[[1]]/R | xx[[2]]*R
(* Fitting with shape 0 0 1 1 1 1 1 1 1 1 1 0 *)
G[R_,xx_]:=xx[[0]] + xx[[1]]/R | xx[[2]]*R
(* Fitting with shape 0 0 1 1 1 1 1 1 1 1 1 1 *)
G[R_,xx_]:=xx[[0]] + xx[[1]]/R | xx[[2]]*R
(* Fitting with shape 0 0 0 1 1 1 1 1 0 0 0 0 *)
G[R_,xx_]:=xx[[0]] + xx[[1]]/R | xx[[2]]*R
(* Fitting with shape 0 0 0 1 1 1 1 1 1 0 0 0 *)
G[R_,xx_]:=xx[[0]] + xx[[1]]/R | xx[[2]]*R
(* Fitting with shape 0 0 0 1 1 1 1 1 1 1 0 0 *)
G[R_,xx_]:=xx[[0]] + xx[[1]]/R | xx[[2]]*R
(* Fitting with shape 0 0 0 1 1 1 1 1 1 1 1 0 *)
G[R_,xx_]:=xx[[0]] + xx[[1]]/R | xx[[2]]*R
(* Fitting with shape 0 0 0 1 1 1 1 1 1 1 1 1 *)
G[R_,xx_]:=xx[[0]] + xx[[1]]/R | xx[[2]]*R
2.82248 2.82248 2.82248 
-0.297681 -0.297681 -0.297681 
1 1 1 
13052.7 13052.7 13052.7 
-10099.1 -10099.1 -10099.1 
5.03038e+175 5.03038e+175 5.03038e+175 
3.5936e+246 3.5936e+246 3.5936e+246 
2.14726e+243 2.14726e+243 2.14726e+243 
5.97819e-322 5.97819e-322 5.97819e-322 
4.00193e-322 4.00193e-322 4.00193e-322 
2.47033e-322 2.47033e-322 2.47033e-322 
2.0521e-316 2.0521e-316 2.0521e-316 
1.28495e+74 1.28495e+74 1.28495e+74 
4.56627e+257 4.56627e+257 4.56627e+257 
1.25868e+36 1.25868e+36 1.25868e+36 
1.66772e+243 1.66772e+243 1.66772e+243 
9.08367e+223 9.08367e+223 9.08367e+223 
1.27806e+161 1.27806e+161 1.27806e+161 
1.65909e-316 1.65909e-316 1.65909e-316 
4.00193e-322 4.00193e-322 4.00193e-322 
2.2233e-322 2.2233e-322 2.2233e-322 
2.05211e-316 2.05211e-316 2.05211e-316 
1.28495e+74 1.28495e+74 1.28495e+74 
4.56627e+257 4.56627e+257 4.56627e+257 
6.19348e+175 6.19348e+175 6.19348e+175 
9.19582e+170 9.19582e+170 9.19582e+170 
7.27449e+199 7.27449e+199 7.27449e+199 
2.42749e-312 2.42749e-312 2.42749e-312 
1.34386e-321 1.34386e-321 1.34386e-321 
6.37345e-322 6.37345e-322 6.37345e-322 
2.08752e-316 2.08752e-316 2.08752e-316 
2.02186e-316 2.02186e-316 2.02186e-316 
7.2084e-06 7.2084e-06 7.2084e-06 
130.077 130.077 130.077 
130.077 130.077 130.077 
4.00193e-322 4.00193e-322 4.00193e-322 
2.08634e-316 2.08634e-316 2.08634e-316 
2.09046e-316 2.09046e-316 2.09046e-316 
2.02164e-316 2.02164e-316 2.02164e-316 
2.03923e-316 2.03923e-316 2.03923e-316 
2.09777e-316 2.09777e-316 2.09777e-316 
2.10443e-316 2.10443e-316 2.10443e-316 
2.40959 2.40959 2.40959 
-2.47539 -2.47539 -2.47539 
-10099.1 -10099.1 -10099.1 
3.21143e-322 3.21143e-322 3.21143e-322 
1.34799e-316 1.34799e-316 1.34799e-316 
1.061e-313 1.061e-313 1.061e-313 
6.93581e-310 6.93581e-310 6.93581e-310 
6.93581e-310 6.93581e-310 6.93581e-310 
8.54363e-317 8.54363e-317 8.54363e-317 
1.34799e-316 1.34799e-316 1.34799e-316 
6.93581e-310 6.93581e-310 6.93581e-310 
1.63042e-322 1.63042e-322 1.63042e-322 
Probabilities: 
         0          0          0          0          0          0          0          0          0          0          0          0          0          0          0          0          0          0          0          0          0  0.0199588 0.00687388  0.0114533  0.0446443          0   0.319576          0          0          0          0          0          0 0.00927068          0          0          0          0          0  0.0249589          0    0.16231          0  0.0246313          0          0          0          0  0.0098271          0          0          0          0   0.366496

String tensions: 
          1           1           1           1           1           1           1           1           1   -0.421146   -0.431513   -0.437036   -0.677342   -0.812664   -0.856003    -1.37021    -1.41272    -1.43026     44.4598   0.0927574    -1.33528    -2.18481    -2.62705    -2.71369    -4.74437   0.0312744    -4.82009   0.0524084    0.051086   0.0505669    0.997344    0.997365    0.997376   0.0151709  -0.0970127  -0.0613084   0.0972452  -0.0810994    0.713199   0.0138689  -0.0784507   0.0155182   -0.102857   0.0184785     1.00536     1.33877     1.18257     1.18344      0.1059     1.01362     1.00939   -0.116385  -0.0716385 -0.00470034

Errors: 
   5792.62    5792.62    5792.62          0          0          0    5792.62    5792.62    5792.62 0.00509957 0.00477634 0.00459901  0.0656471   0.046642  0.0409117          0          0          0  0.0508397          1  0.0731436   0.431065    0.26522   0.237803   0.635859          0   0.391755 0.00110889 0.00113794 0.00115431          0          0          0 0.00413229    1.00115     1.0023          0    1.00002   0.482559 0.00684758    1.00034 0.00340955    1.00817 0.00762801          0 0.00361861  0.0036139 0.00361375 0.00862685 0.00318069 0.00318084          1    1.00042 0.00710966

Statuses: 
0 0 0 3 3 3 0 0 0 0 0 0 0 0 0 3 3 3 0 3 0 0 0 0 0 3 0 0 0 0 2 2 2 0 3 3 3 3 3 0 3 0 3 0 2 1 3 3 0 3 3 3 3 0
chisq per dof: 
 519.403  561.297  553.053   1055.7  917.903  808.614  4.47365  10.3649  11.6092  3.12523  9.05701  11.3878  1.85157  3.95148  4.29101  1305.23  1099.04  946.884  1671.96  689.378  3.05668  1.06716  1.50497  1.43922 0.558563   824.27 0.408041  27.9131  32.3478  32.7524  2082.69  1799.15     1580  1.18731  1000.18  1072.62   115020  1083.97  1385.72 0.992635  1453.84 0.776407  347.431  0.99704  1385.39  1786.55   1575.3  1405.37  1.30333  1800.31  1581.03  1458.09  546.944   0.3689
Model string tension and errors: 
sigma = -1.84216 +/- 2.30983
