R=0parameters: 
-0.695077 -0.695077 
0.0389335 0.0389335 
3.03444e-11 3.03444e-11 
3.21143e-322 3.21143e-322 
4.95696e-320 4.95696e-320 
2.03542e-316 2.03542e-316 
160163 160163 
-94471.5 -94471.5 
0 0 
4 4 4 
5 5 5 
6 6 6 
7 7 7 
8 8 8 
9 9 9 
10 10 10 
11 11 11 
12 12 12 
5.53354e-322 5.53354e-322 5.53354e-322 5.53354e-322 
3.48316e-321 3.48316e-321 3.48316e-321 3.48316e-321 
4.96931e-320 4.96931e-320 4.96931e-320 4.96931e-320 
-1.11704e+143 -1.11704e+143 -1.11704e+143 -1.11704e+143 
-nan -nan -nan -nan 
-nan -nan -nan -nan 
-nan -nan -nan -nan 
-nan -nan -nan -nan 
-nan -nan -nan -nan 
-nan -nan -nan 
-nan -nan -nan 
-nan -nan -nan 
-nan -nan -nan 
-nan -nan -nan 
-nan -nan -nan 
-nan -nan -nan 
-nan -nan -nan 
-nan -nan -nan 
-nan -nan -nan -nan 
-nan -nan -nan -nan 
-nan -nan -nan -nan 
-nan -nan -nan -nan 
-nan -nan -nan -nan 
-nan -nan -nan -nan 
-nan -nan -nan -nan 
-nan -nan -nan -nan 
-nan -nan -nan -nan 
3.21143e-322 3.21143e-322 3.21143e-322 3.21143e-322 3.21143e-322 
1.95234e-316 1.95234e-316 1.95234e-316 1.95234e-316 1.95234e-316 
1.94794e-316 1.94794e-316 1.94794e-316 1.94794e-316 1.94794e-316 
6.92174e-310 6.92174e-310 6.92174e-310 6.92174e-310 6.92174e-310 
1.97733e-316 1.97733e-316 1.97733e-316 1.97733e-316 1.97733e-316 
2.47033e-323 2.47033e-323 2.47033e-323 2.47033e-323 2.47033e-323 
1.97728e-316 1.97728e-316 1.97728e-316 1.97728e-316 1.97728e-316 
460269 460269 460269 460269 460269 
2.03173e-316 2.03173e-316 2.03173e-316 2.03173e-316 2.03173e-316 
R=1parameters: 
-0.696226 -0.696226 
0.0534449 0.0534449 
0.558153 0.558153 
3.94233 3.94233 
-20.1019 -20.1019 
2.03453e-316 2.03453e-316 
5.10749e+08 5.10749e+08 
-6.77295e+06 -6.77295e+06 
6.00445e+06 6.00445e+06 
2.69266e-321 2.69266e-321 2.69266e-321 
2.03632e-316 2.03632e-316 2.03632e-316 
6.92185e-310 6.92185e-310 6.92185e-310 
1.58101e-322 1.58101e-322 1.58101e-322 
6.32404e-322 6.32404e-322 6.32404e-322 
2.0119e-316 2.0119e-316 2.0119e-316 
5.95207e-09 5.95207e-09 5.95207e-09 
9.28523e-10 9.28523e-10 9.28523e-10 
-1.15362e-08 -1.15362e-08 -1.15362e-08 
-7.19056e-10 -7.19056e-10 -7.19056e-10 -7.19056e-10 
1.23069e-09 1.23069e-09 1.23069e-09 1.23069e-09 
2.19329e-07 2.19329e-07 2.19329e-07 2.19329e-07 
1.30887e-08 1.30887e-08 1.30887e-08 1.30887e-08 
-2.23316e-08 -2.23316e-08 -2.23316e-08 -2.23316e-08 
4.93613e-07 4.93613e-07 4.93613e-07 4.93613e-07 
-6.48994e-07 -6.48994e-07 -6.48994e-07 -6.48994e-07 
-3.85017e-08 -3.85017e-08 -3.85017e-08 -3.85017e-08 
6.62566e-08 6.62566e-08 6.62566e-08 6.62566e-08 
-1.4635e-06 -1.4635e-06 -1.4635e-06 
4.34024e-06 4.34024e-06 4.34024e-06 
1.90215e-321 1.90215e-321 1.90215e-321 
1.97731e-316 1.97731e-316 1.97731e-316 
2.01907e-316 2.01907e-316 2.01907e-316 
1.58101e-322 1.58101e-322 1.58101e-322 
1.58101e-322 1.58101e-322 1.58101e-322 
2.03556e-316 2.03556e-316 2.03556e-316 
0 0 0 
3.42052e-07 3.42052e-07 3.42052e-07 3.42052e-07 
1.9812e-321 1.9812e-321 1.9812e-321 1.9812e-321 
2.01952e-316 2.01952e-316 2.01952e-316 2.01952e-316 
1.63042e-322 1.63042e-322 1.63042e-322 1.63042e-322 
1.96235e-316 1.96235e-316 1.96235e-316 1.96235e-316 
0.0179161 0.0179161 0.0179161 0.0179161 
-20.1019 -20.1019 -20.1019 -20.1019 
-7.04355e-05 -7.04355e-05 -7.04355e-05 -7.04355e-05 
16452.4 16452.4 16452.4 16452.4 
2.42092e-322 2.42092e-322 2.42092e-322 2.42092e-322 2.42092e-322 
1.97729e-316 1.97729e-316 1.97729e-316 1.97729e-316 1.97729e-316 
0.466112 0.466112 0.466112 0.466112 0.466112 
0.480932 0.480932 0.480932 0.480932 0.480932 
2.122e-314 2.122e-314 2.122e-314 2.122e-314 2.122e-314 
2.02634e-316 2.02634e-316 2.02634e-316 2.02634e-316 2.02634e-316 
1.95955e-316 1.95955e-316 1.95955e-316 1.95955e-316 1.95955e-316 
3.45587 3.45587 3.45587 3.45587 3.45587 
0.362676 0.362676 0.362676 0.362676 0.362676 
R=2parameters: 
-0.696432 -0.696432 
0.0602068 0.0602068 
-0.356634 -0.356634 
110.211 110.211 
-337.113 -337.113 
2.03453e-316 2.03453e-316 
5.10749e+08 5.10749e+08 
-6.77295e+06 -6.77295e+06 
6.00445e+06 6.00445e+06 
6.37345e-322 6.37345e-322 6.37345e-322 
2.15051e-316 2.15051e-316 2.15051e-316 
-1.11704e+143 -1.11704e+143 -1.11704e+143 
0.582635 0.582635 0.582635 
-1.62815e-05 -1.62815e-05 -1.62815e-05 
1.00044e-05 1.00044e-05 1.00044e-05 
2.34591e-07 2.34591e-07 2.34591e-07 
0 0 0 
0 0 0 
0 0 0 0 
1.67772e+07 1.67772e+07 1.67772e+07 1.67772e+07 
0 0 0 0 
0 0 0 0 
0 0 0 0 
0 0 0 0 
1.67772e+07 1.67772e+07 1.67772e+07 1.67772e+07 
2.42092e-322 2.42092e-322 2.42092e-322 2.42092e-322 
2.90346e+06 2.90346e+06 2.90346e+06 2.90346e+06 
1.20524e+07 1.20524e+07 1.20524e+07 
-919153 -919153 -919153 
-259727 -259727 -259727 
0 0 0 
1.63042e-322 1.63042e-322 1.63042e-322 
1.97254e-316 1.97254e-316 1.97254e-316 
1.07241 1.07241 1.07241 
184823 184823 184823 
3.21143e-322 3.21143e-322 3.21143e-322 
2.47033e-323 2.47033e-323 2.47033e-323 2.47033e-323 
-1.11704e+143 -1.11704e+143 -1.11704e+143 -1.11704e+143 
1.42738e+228 1.42738e+228 1.42738e+228 1.42738e+228 
2.03547e-316 2.03547e-316 2.03547e-316 2.03547e-316 
1.35218e+07 1.35218e+07 1.35218e+07 1.35218e+07 
2.03518e-316 2.03518e-316 2.03518e-316 2.03518e-316 
5.54879e-07 5.54879e-07 5.54879e-07 5.54879e-07 
1.97729e-316 1.97729e-316 1.97729e-316 1.97729e-316 
9.82938e+06 9.82938e+06 9.82938e+06 9.82938e+06 
1.94922e-316 1.94922e-316 1.94922e-316 1.94922e-316 1.94922e-316 
3.23796e-319 3.23796e-319 3.23796e-319 3.23796e-319 3.23796e-319 
2.42092e-322 2.42092e-322 2.42092e-322 2.42092e-322 2.42092e-322 
-141320 -141320 -141320 -141320 -141320 
2.39221e+08 2.39221e+08 2.39221e+08 2.39221e+08 2.39221e+08 
2.37152e-322 2.37152e-322 2.37152e-322 2.37152e-322 2.37152e-322 
-2.70293e-07 -2.70293e-07 -2.70293e-07 -2.70293e-07 -2.70293e-07 
-9.60207 -9.60207 -9.60207 -9.60207 -9.60207 
6.47364e-09 6.47364e-09 6.47364e-09 6.47364e-09 6.47364e-09 
R=3parameters: 
-0.695887 -0.695887 
0.0643253 0.0643253 
-1.78596e-05 -1.78596e-05 
0.043999 0.043999 
-0.0431011 -0.0431011 
2.03453e-316 2.03453e-316 
5.10749e+08 5.10749e+08 
-6.77295e+06 -6.77295e+06 
6.00445e+06 6.00445e+06 
2.69266e-321 2.69266e-321 2.69266e-321 
6.92185e-310 6.92185e-310 6.92185e-310 
6.92185e-310 6.92185e-310 6.92185e-310 
0.5 0.5 0.5 
4.94066e-324 4.94066e-324 4.94066e-324 
0 0 0 
1.63042e-322 1.63042e-322 1.63042e-322 
1.95206e-316 1.95206e-316 1.95206e-316 
1.9814e-316 1.9814e-316 1.9814e-316 
3.95253e-322 3.95253e-322 3.95253e-322 3.95253e-322 
9.5006e-07 9.5006e-07 9.5006e-07 9.5006e-07 
3.40942e-08 3.40942e-08 3.40942e-08 3.40942e-08 
1.06115e-07 1.06115e-07 1.06115e-07 1.06115e-07 
-9.3327e-06 -9.3327e-06 -9.3327e-06 -9.3327e-06 
1.06766e-05 1.06766e-05 1.06766e-05 1.06766e-05 
0 0 0 0 
-12.3861 -12.3861 -12.3861 -12.3861 
-0.0431011 -0.0431011 -0.0431011 -0.0431011 
2.42092e-322 2.42092e-322 2.42092e-322 
0 0 0 
0.00100706 0.00100706 0.00100706 
3.54931e+07 3.54931e+07 3.54931e+07 
0.000536539 0.000536539 0.000536539 
0 0 0 
3.21143e-322 3.21143e-322 3.21143e-322 
2.03548e-316 2.03548e-316 2.03548e-316 
6.92185e-310 6.92185e-310 6.92185e-310 
1.2732e-313 1.2732e-313 1.2732e-313 1.2732e-313 
2.03548e-316 2.03548e-316 2.03548e-316 2.03548e-316 
2.122e-313 2.122e-313 2.122e-313 2.122e-313 
-1.41177 -1.41177 -1.41177 -1.41177 
-0.0431011 -0.0431011 -0.0431011 -0.0431011 
2.37152e-322 2.37152e-322 2.37152e-322 2.37152e-322 
2.0322e-316 2.0322e-316 2.0322e-316 2.0322e-316 
2.42092e-322 2.42092e-322 2.42092e-322 2.42092e-322 
0 0 0 0 
1124.78 1124.78 1124.78 1124.78 1124.78 
2.5455e+06 2.5455e+06 2.5455e+06 2.5455e+06 2.5455e+06 
197.282 197.282 197.282 197.282 197.282 
2.52158 2.52158 2.52158 2.52158 2.52158 
2.42092e-322 2.42092e-322 2.42092e-322 2.42092e-322 2.42092e-322 
1.93558e-316 1.93558e-316 1.93558e-316 1.93558e-316 1.93558e-316 
3.89684e+08 3.89684e+08 3.89684e+08 3.89684e+08 3.89684e+08 
-6.14387e+07 -6.14387e+07 -6.14387e+07 -6.14387e+07 -6.14387e+07 
3.21143e-322 3.21143e-322 3.21143e-322 3.21143e-322 3.21143e-322 
R=4parameters: 
-0.695021 -0.695021 
0.0672395 0.0672395 
0.00458354 0.00458354 
201.288 201.288 
-224.195 -224.195 
2.03453e-316 2.03453e-316 
5.10749e+08 5.10749e+08 
-6.77295e+06 -6.77295e+06 
6.00445e+06 6.00445e+06 
4.00193e-322 4.00193e-322 4.00193e-322 
-0.680788 -0.680788 -0.680788 
2.01328e-316 2.01328e-316 2.01328e-316 
1.97801e-316 1.97801e-316 1.97801e-316 
1.97231e-316 1.97231e-316 1.97231e-316 
2.03052e-316 2.03052e-316 2.03052e-316 
2.03696e-316 2.03696e-316 2.03696e-316 
57733.9 57733.9 57733.9 
0 0 0 
-6.07732e-07 -6.07732e-07 -6.07732e-07 -6.07732e-07 
1.32386e-06 1.32386e-06 1.32386e-06 1.32386e-06 
0 0 0 0 
0 0 0 0 
0 0 0 0 
0 0 0 0 
1.67772e+07 1.67772e+07 1.67772e+07 1.67772e+07 
1.63042e-322 1.63042e-322 1.63042e-322 1.63042e-322 
1.061e-313 1.061e-313 1.061e-313 1.061e-313 
9.01589e-317 9.01589e-317 9.01589e-317 
0.857152 0.857152 0.857152 
0 0 0 
-224.195 -224.195 -224.195 
5.58294e-322 5.58294e-322 5.58294e-322 
2.15151e-316 2.15151e-316 2.15151e-316 
2.02671e-316 2.02671e-316 2.02671e-316 
1.5674 1.5674 1.5674 
1.48199 1.48199 1.48199 
1606.5 1606.5 1606.5 1606.5 
3.21143e-322 3.21143e-322 3.21143e-322 3.21143e-322 
2.47033e-323 2.47033e-323 2.47033e-323 2.47033e-323 
2.02713e-316 2.02713e-316 2.02713e-316 2.02713e-316 
1.05666 1.05666 1.05666 1.05666 
2.122e-314 2.122e-314 2.122e-314 2.122e-314 
2.0134e-316 2.0134e-316 2.0134e-316 2.0134e-316 
4.00193e-322 4.00193e-322 4.00193e-322 4.00193e-322 
2.02032e-316 2.02032e-316 2.02032e-316 2.02032e-316 
2.01332e-316 2.01332e-316 2.01332e-316 2.01332e-316 2.01332e-316 
2.03365e-316 2.03365e-316 2.03365e-316 2.03365e-316 2.03365e-316 
2.0123e-316 2.0123e-316 2.0123e-316 2.0123e-316 2.0123e-316 
2.01331e-316 2.01331e-316 2.01331e-316 2.01331e-316 2.01331e-316 
2.03519e-316 2.03519e-316 2.03519e-316 2.03519e-316 2.03519e-316 
27.5962 27.5962 27.5962 27.5962 27.5962 
2.03519e-316 2.03519e-316 2.03519e-316 2.03519e-316 2.03519e-316 
35415.8 35415.8 35415.8 35415.8 35415.8 
1.97255e-316 1.97255e-316 1.97255e-316 1.97255e-316 1.97255e-316 
R=5parameters: 
-0.693925 -0.693925 
0.0694456 0.0694456 
-2.80364e-05 -2.80364e-05 
0.0675519 0.0675519 
-0.0672985 -0.0672985 
2.03453e-316 2.03453e-316 
5.10749e+08 5.10749e+08 
-6.77295e+06 -6.77295e+06 
6.00445e+06 6.00445e+06 
2.69266e-321 2.69266e-321 2.69266e-321 
1.99994e-316 1.99994e-316 1.99994e-316 
2.03188e-316 2.03188e-316 2.03188e-316 
5.48644e+09 5.48644e+09 5.48644e+09 
5.91156e+07 5.91156e+07 5.91156e+07 
2.37152e-322 2.37152e-322 2.37152e-322 
2.37152e-322 2.37152e-322 2.37152e-322 
2.01372e-316 2.01372e-316 2.01372e-316 
7.47245e-05 7.47245e-05 7.47245e-05 
5.86738e-06 5.86738e-06 5.86738e-06 5.86738e-06 
2.42092e-322 2.42092e-322 2.42092e-322 2.42092e-322 
0 0 0 0 
2.01325e-316 2.01325e-316 2.01325e-316 2.01325e-316 
0.000359425 0.000359425 0.000359425 0.000359425 
47327.3 47327.3 47327.3 47327.3 
0 0 0 0 
2.42092e-322 2.42092e-322 2.42092e-322 2.42092e-322 
4.12383e+06 4.12383e+06 4.12383e+06 4.12383e+06 
9.01595e-317 9.01595e-317 9.01595e-317 
0.00061986 0.00061986 0.00061986 
4.94066e-324 4.94066e-324 4.94066e-324 
0 0 0 
8.74496e-322 8.74496e-322 8.74496e-322 
2.01325e-316 2.01325e-316 2.01325e-316 
6.92185e-310 6.92185e-310 6.92185e-310 
0.0549409 0.0549409 0.0549409 
0.0243717 0.0243717 0.0243717 
0 0 0 0 
3.21143e-322 3.21143e-322 3.21143e-322 3.21143e-322 
2.03558e-316 2.03558e-316 2.03558e-316 2.03558e-316 
1.10911e-05 1.10911e-05 1.10911e-05 1.10911e-05 
2.40469e-07 2.40469e-07 2.40469e-07 2.40469e-07 
-4.83572e-07 -4.83572e-07 -4.83572e-07 -4.83572e-07 
4.44473e+07 4.44473e+07 4.44473e+07 4.44473e+07 
0 0 0 0 
-0.0672985 -0.0672985 -0.0672985 -0.0672985 
2.42092e-322 2.42092e-322 2.42092e-322 2.42092e-322 2.42092e-322 
2.03558e-316 2.03558e-316 2.03558e-316 2.03558e-316 2.03558e-316 
6.92185e-310 6.92185e-310 6.92185e-310 6.92185e-310 6.92185e-310 
2.85181e+09 2.85181e+09 2.85181e+09 2.85181e+09 2.85181e+09 
1.245e+06 1.245e+06 1.245e+06 1.245e+06 1.245e+06 
1.26481e-321 1.26481e-321 1.26481e-321 1.26481e-321 1.26481e-321 
0.000607298 0.000607298 0.000607298 0.000607298 0.000607298 
0.000335357 0.000335357 0.000335357 0.000335357 0.000335357 
2.122e-314 2.122e-314 2.122e-314 2.122e-314 2.122e-314 
R=6parameters: 
-0.692689 -0.692689 
0.0712343 0.0712343 
-3.01571e-05 -3.01571e-05 
0.0780437 0.0780437 
-0.0781532 -0.0781532 
2.03453e-316 2.03453e-316 
5.10749e+08 5.10749e+08 
-6.77295e+06 -6.77295e+06 
6.00445e+06 6.00445e+06 
2.69266e-321 2.69266e-321 2.69266e-321 
2.03188e-316 2.03188e-316 2.03188e-316 
2.03632e-316 2.03632e-316 2.03632e-316 
7.87092e-08 7.87092e-08 7.87092e-08 
3.2041e-09 3.2041e-09 3.2041e-09 
-1.76786e-09 -1.76786e-09 -1.76786e-09 
5.99471e-11 5.99471e-11 5.99471e-11 
1.574e-06 1.574e-06 1.574e-06 
-6.45058e-07 -6.45058e-07 -6.45058e-07 
1.35565e-08 1.35565e-08 1.35565e-08 1.35565e-08 
7.75674e-06 7.75674e-06 7.75674e-06 7.75674e-06 
-2.45965e-06 -2.45965e-06 -2.45965e-06 -2.45965e-06 
9.82737e-07 9.82737e-07 9.82737e-07 9.82737e-07 
-2.02671e-08 -2.02671e-08 -2.02671e-08 -2.02671e-08 
-1.32318e-05 -1.32318e-05 -1.32318e-05 -1.32318e-05 
2.35312e-05 2.35312e-05 2.35312e-05 2.35312e-05 
2.06025e-321 2.06025e-321 2.06025e-321 2.06025e-321 
2.15075e-316 2.15075e-316 2.15075e-316 2.15075e-316 
1.99994e-316 1.99994e-316 1.99994e-316 
1.58101e-322 1.58101e-322 1.58101e-322 
3.95253e-322 3.95253e-322 3.95253e-322 
1.99957e-316 1.99957e-316 1.99957e-316 
1.99995e-316 1.99995e-316 1.99995e-316 
1.99996e-316 1.99996e-316 1.99996e-316 
2.03518e-316 2.03518e-316 2.03518e-316 
1.99996e-316 1.99996e-316 1.99996e-316 
1.99997e-316 1.99997e-316 1.99997e-316 
12058.8 12058.8 12058.8 12058.8 
5.7114e-321 5.7114e-321 5.7114e-321 5.7114e-321 
2.47033e-323 2.47033e-323 2.47033e-323 2.47033e-323 
1.5069e-321 1.5069e-321 1.5069e-321 1.5069e-321 
0 0 0 0 
0 0 0 0 
1.67772e+07 1.67772e+07 1.67772e+07 1.67772e+07 
1.63042e-322 1.63042e-322 1.63042e-322 1.63042e-322 
1.97947e-316 1.97947e-316 1.97947e-316 1.97947e-316 
2.01636e-316 2.01636e-316 2.01636e-316 2.01636e-316 2.01636e-316 
1.95202e-316 1.95202e-316 1.95202e-316 1.95202e-316 1.95202e-316 
2.14984e-316 2.14984e-316 2.14984e-316 2.14984e-316 2.14984e-316 
36646.5 36646.5 36646.5 36646.5 36646.5 
2.64325e-321 2.64325e-321 2.64325e-321 2.64325e-321 2.64325e-321 
2.01609e-316 2.01609e-316 2.01609e-316 2.01609e-316 2.01609e-316 
4.00193e-322 4.00193e-322 4.00193e-322 4.00193e-322 4.00193e-322 
2.15128e-316 2.15128e-316 2.15128e-316 2.15128e-316 2.15128e-316 
2.15125e-316 2.15125e-316 2.15125e-316 2.15125e-316 2.15125e-316 
R=7parameters: 
-0.69145 -0.69145 
0.0726475 0.0726475 
-2.90744e-05 -2.90744e-05 
0.0893699 0.0893699 
-0.0904815 -0.0904815 
2.03453e-316 2.03453e-316 
5.10749e+08 5.10749e+08 
-6.77295e+06 -6.77295e+06 
6.00445e+06 6.00445e+06 
2.37646e-321 2.37646e-321 2.37646e-321 
6.92185e-310 6.92185e-310 6.92185e-310 
6.92185e-310 6.92185e-310 6.92185e-310 
3.94206e+07 3.94206e+07 3.94206e+07 
7.89171e+07 7.89171e+07 7.89171e+07 
2.37152e-322 2.37152e-322 2.37152e-322 
2.37152e-322 2.37152e-322 2.37152e-322 
1.95318e-316 1.95318e-316 1.95318e-316 
0.000489357 0.000489357 0.000489357 
0.000175643 0.000175643 0.000175643 0.000175643 
6.85369e-05 6.85369e-05 6.85369e-05 6.85369e-05 
0.0002053 0.0002053 0.0002053 0.0002053 
2.42092e-322 2.42092e-322 2.42092e-322 2.42092e-322 
1.95283e-316 1.95283e-316 1.95283e-316 1.95283e-316 
1.95286e-316 1.95286e-316 1.95286e-316 1.95286e-316 
0.630903 0.630903 0.630903 0.630903 
0.000125699 0.000125699 0.000125699 0.000125699 
7.11455e-322 7.11455e-322 7.11455e-322 7.11455e-322 
3.16202e-322 3.16202e-322 3.16202e-322 
1.95904e-316 1.95904e-316 1.95904e-316 
1.95286e-316 1.95286e-316 1.95286e-316 
-2.57106e-07 -2.57106e-07 -2.57106e-07 
2.14953e-316 2.14953e-316 2.14953e-316 
2.48129e-07 2.48129e-07 2.48129e-07 
2.03518e-316 2.03518e-316 2.03518e-316 
2.0199e-316 2.0199e-316 2.0199e-316 
2.03632e-316 2.03632e-316 2.03632e-316 
1.96084e-316 1.96084e-316 1.96084e-316 1.96084e-316 
1.95301e-316 1.95301e-316 1.95301e-316 1.95301e-316 
-0.0904815 -0.0904815 -0.0904815 -0.0904815 
2.02384e-316 2.02384e-316 2.02384e-316 2.02384e-316 
59898.4 59898.4 59898.4 59898.4 
-12328 -12328 -12328 -12328 
0 0 0 0 
2.42092e-322 2.42092e-322 2.42092e-322 2.42092e-322 
1.95107e-316 1.95107e-316 1.95107e-316 1.95107e-316 
1.97948e-316 1.97948e-316 1.97948e-316 1.97948e-316 1.97948e-316 
0.714582 0.714582 0.714582 0.714582 0.714582 
1.63042e-322 1.63042e-322 1.63042e-322 1.63042e-322 1.63042e-322 
6.92183e-310 6.92183e-310 6.92183e-310 6.92183e-310 6.92183e-310 
2.0319e-316 2.0319e-316 2.0319e-316 2.0319e-316 2.0319e-316 
1.66006e-321 1.66006e-321 1.66006e-321 1.66006e-321 1.66006e-321 
6.32404e-322 6.32404e-322 6.32404e-322 6.32404e-322 6.32404e-322 
2.03219e-316 2.03219e-316 2.03219e-316 2.03219e-316 2.03219e-316 
-3.87005e-06 -3.87005e-06 -3.87005e-06 -3.87005e-06 -3.87005e-06 
R=8parameters: 
-0.690504 -0.690504 
0.0737162 0.0737162 
0.542847 0.542847 
2.4007 2.4007 
-15.8424 -15.8424 
2.03453e-316 2.03453e-316 
5.10749e+08 5.10749e+08 
-6.77295e+06 -6.77295e+06 
6.00445e+06 6.00445e+06 
2.69266e-321 2.69266e-321 2.69266e-321 
2.02099e-316 2.02099e-316 2.02099e-316 
1.99692e-316 1.99692e-316 1.99692e-316 
0.000309776 0.000309776 0.000309776 
0.00423528 0.00423528 0.00423528 
0.00846798 0.00846798 0.00846798 
4.79244e-322 4.79244e-322 4.79244e-322 
2.15259e-316 2.15259e-316 2.15259e-316 
2.15254e-316 2.15254e-316 2.15254e-316 
5.99351e+06 5.99351e+06 5.99351e+06 5.99351e+06 
2.03518e-316 2.03518e-316 2.03518e-316 2.03518e-316 
9004.6 9004.6 9004.6 9004.6 
2.03518e-316 2.03518e-316 2.03518e-316 2.03518e-316 
1.66105e-316 1.66105e-316 1.66105e-316 1.66105e-316 
6.37345e-322 6.37345e-322 6.37345e-322 6.37345e-322 
2.01576e-316 2.01576e-316 2.01576e-316 2.01576e-316 
2.03548e-316 2.03548e-316 2.03548e-316 2.03548e-316 
96288.4 96288.4 96288.4 96288.4 
165484 165484 165484 
2.37152e-322 2.37152e-322 2.37152e-322 
2.37152e-322 2.37152e-322 2.37152e-322 
2.03508e-316 2.03508e-316 2.03508e-316 
6.74006e-05 6.74006e-05 6.74006e-05 
0.00105141 0.00105141 0.00105141 
0.000799326 0.000799326 0.000799326 
1103 1103 1103 
1.63042e-322 1.63042e-322 1.63042e-322 
2.03519e-316 2.03519e-316 2.03519e-316 2.03519e-316 
2.03633e-316 2.03633e-316 2.03633e-316 2.03633e-316 
1.18576e-321 1.18576e-321 1.18576e-321 1.18576e-321 
2.02101e-316 2.02101e-316 2.02101e-316 2.02101e-316 
2.03476e-316 2.03476e-316 2.03476e-316 2.03476e-316 
2.03476e-316 2.03476e-316 2.03476e-316 2.03476e-316 
2.03475e-316 2.03475e-316 2.03475e-316 2.03475e-316 
2.03475e-316 2.03475e-316 2.03475e-316 2.03475e-316 
1.86328e-09 1.86328e-09 1.86328e-09 1.86328e-09 
-2.14544 -2.14544 -2.14544 -2.14544 -2.14544 
8.69556e-322 8.69556e-322 8.69556e-322 8.69556e-322 8.69556e-322 
4.17821e-08 4.17821e-08 4.17821e-08 4.17821e-08 4.17821e-08 
-7.78483e-06 -7.78483e-06 -7.78483e-06 -7.78483e-06 -7.78483e-06 
1.21329e-06 1.21329e-06 1.21329e-06 1.21329e-06 1.21329e-06 
-0.000143291 -0.000143291 -0.000143291 -0.000143291 -0.000143291 
0 0 0 0 0 
20.8838 20.8838 20.8838 20.8838 20.8838 
576.732 576.732 576.732 576.732 576.732 
R=9parameters: 
-0.689851 -0.689851 
0.0744493 0.0744493 
-0.119075 -0.119075 
-2.52887 -2.52887 
-0.868927 -0.868927 
2.03453e-316 2.03453e-316 
5.10749e+08 5.10749e+08 
-6.77295e+06 -6.77295e+06 
6.00445e+06 6.00445e+06 
1.63042e-322 1.63042e-322 1.63042e-322 
6.92183e-310 6.92183e-310 6.92183e-310 
6.36599e-314 6.36599e-314 6.36599e-314 
2.03175e-316 2.03175e-316 2.03175e-316 
2.53456e-321 2.53456e-321 2.53456e-321 
1.94756e-316 1.94756e-316 1.94756e-316 
6.92185e-310 6.92185e-310 6.92185e-310 
1.2732e-313 1.2732e-313 1.2732e-313 
2.0135e-316 2.0135e-316 2.0135e-316 
44986.4 44986.4 44986.4 44986.4 
2.03341e-316 2.03341e-316 2.03341e-316 2.03341e-316 
3.23796e-319 3.23796e-319 3.23796e-319 3.23796e-319 
2.21835e-321 2.21835e-321 2.21835e-321 2.21835e-321 
2.0267e-316 2.0267e-316 2.0267e-316 2.0267e-316 
6.92185e-310 6.92185e-310 6.92185e-310 6.92185e-310 
4.89172e-05 4.89172e-05 4.89172e-05 4.89172e-05 
-4.339e-06 -4.339e-06 -4.339e-06 -4.339e-06 
-8.11156e-06 -8.11156e-06 -8.11156e-06 -8.11156e-06 
1.37674e-06 1.37674e-06 1.37674e-06 
0.002214 0.002214 0.002214 
0.00433165 0.00433165 0.00433165 
-0.000719659 -0.000719659 -0.000719659 
0.386737 0.386737 0.386737 
-0.00658113 -0.00658113 -0.00658113 
-0.0128758 -0.0128758 -0.0128758 
0.00213921 0.00213921 0.00213921 
-1.14958 -1.14958 -1.14958 
3.41716 3.41716 3.41716 3.41716 
0.0796812 0.0796812 0.0796812 0.0796812 
-139315 -139315 -139315 -139315 
1.04402 1.04402 1.04402 1.04402 
0 0 0 0 
1.63042e-322 1.63042e-322 1.63042e-322 1.63042e-322 
1.95065e-316 1.95065e-316 1.95065e-316 1.95065e-316 
2.03186e-316 2.03186e-316 2.03186e-316 2.03186e-316 
787.292 787.292 787.292 787.292 
104.568 104.568 104.568 104.568 104.568 
-435.425 -435.425 -435.425 -435.425 -435.425 
9.53547e-322 9.53547e-322 9.53547e-322 9.53547e-322 9.53547e-322 
1.94792e-316 1.94792e-316 1.94792e-316 1.94792e-316 1.94792e-316 
-1089.83 -1089.83 -1089.83 -1089.83 -1089.83 
-3219.33 -3219.33 -3219.33 -3219.33 -3219.33 
3.21143e-322 3.21143e-322 3.21143e-322 3.21143e-322 3.21143e-322 
169199 169199 169199 169199 169199 
2.03215e-316 2.03215e-316 2.03215e-316 2.03215e-316 2.03215e-316 
R=10parameters: 
-0.689245 -0.689245 
0.0749158 0.0749158 
-3.48285e-05 -3.48285e-05 
0.10436 0.10436 
-0.105509 -0.105509 
2.03453e-316 2.03453e-316 
5.10749e+08 5.10749e+08 
-6.77295e+06 -6.77295e+06 
6.00445e+06 6.00445e+06 
2.69266e-321 2.69266e-321 2.69266e-321 
6.92185e-310 6.92185e-310 6.92185e-310 
2.03632e-316 2.03632e-316 2.03632e-316 
1.58101e-322 1.58101e-322 1.58101e-322 
3.95253e-322 3.95253e-322 3.95253e-322 
2.03239e-316 2.03239e-316 2.03239e-316 
2.03213e-316 2.03213e-316 2.03213e-316 
2.03214e-316 2.03214e-316 2.03214e-316 
2.03517e-316 2.03517e-316 2.03517e-316 
2.03214e-316 2.03214e-316 2.03214e-316 2.03214e-316 
2.03215e-316 2.03215e-316 2.03215e-316 2.03215e-316 
4057.05 4057.05 4057.05 4057.05 
3.30057e-07 3.30057e-07 3.30057e-07 3.30057e-07 
-6.3235e-08 -6.3235e-08 -6.3235e-08 -6.3235e-08 
2.1393e-321 2.1393e-321 2.1393e-321 2.1393e-321 
-0.62529 -0.62529 -0.62529 -0.62529 
1.96959e-316 1.96959e-316 1.96959e-316 1.96959e-316 
1.97947e-316 1.97947e-316 1.97947e-316 1.97947e-316 
1.94827e-316 1.94827e-316 1.94827e-316 
2.03364e-316 2.03364e-316 2.03364e-316 
2.01997e-316 2.01997e-316 2.01997e-316 
10792.9 10792.9 10792.9 
-1100.68 -1100.68 -1100.68 
3.95253e-322 3.95253e-322 3.95253e-322 
1.63042e-322 1.63042e-322 1.63042e-322 
2.03584e-316 2.03584e-316 2.03584e-316 
2.122e-314 2.122e-314 2.122e-314 
2.02714e-316 2.02714e-316 2.02714e-316 2.02714e-316 
2.42092e-322 2.42092e-322 2.42092e-322 2.42092e-322 
-15132.3 -15132.3 -15132.3 -15132.3 
46428.7 46428.7 46428.7 46428.7 
1.061e-313 1.061e-313 1.061e-313 1.061e-313 
2.03095e-316 2.03095e-316 2.03095e-316 2.03095e-316 
1.99411e-316 1.99411e-316 1.99411e-316 1.99411e-316 
1.63042e-322 1.63042e-322 1.63042e-322 1.63042e-322 
1.97437e-316 1.97437e-316 1.97437e-316 1.97437e-316 
5.95756e-06 5.95756e-06 5.95756e-06 5.95756e-06 5.95756e-06 
0.00094756 0.00094756 0.00094756 0.00094756 0.00094756 
0.338865 0.338865 0.338865 0.338865 0.338865 
0.240926 0.240926 0.240926 0.240926 0.240926 
0.663107 0.663107 0.663107 0.663107 0.663107 
2.0199e-316 2.0199e-316 2.0199e-316 2.0199e-316 2.0199e-316 
2.15005e-316 2.15005e-316 2.15005e-316 2.15005e-316 2.15005e-316 
2.15006e-316 2.15006e-316 2.15006e-316 2.15006e-316 2.15006e-316 
2.42092e-322 2.42092e-322 2.42092e-322 2.42092e-322 2.42092e-322 
R=11parameters: 
-0.689036 -0.689036 
0.0750617 0.0750617 
-3.13537e-05 -3.13537e-05 
0.110807 0.110807 
-0.113382 -0.113382 
2.03453e-316 2.03453e-316 
5.10749e+08 5.10749e+08 
-6.77295e+06 -6.77295e+06 
6.00445e+06 6.00445e+06 
2.69266e-321 2.69266e-321 2.69266e-321 
6.92185e-310 6.92185e-310 6.92185e-310 
2.03632e-316 2.03632e-316 2.03632e-316 
2.47033e-323 2.47033e-323 2.47033e-323 
9.01603e-317 9.01603e-317 9.01603e-317 
204724 204724 204724 
0.000337407 0.000337407 0.000337407 
0.000114825 0.000114825 0.000114825 
1.11165e-321 1.11165e-321 1.11165e-321 
9.01598e-317 9.01598e-317 9.01598e-317 9.01598e-317 
2.0319e-316 2.0319e-316 2.0319e-316 2.0319e-316 
1.58101e-322 1.58101e-322 1.58101e-322 1.58101e-322 
2.37152e-322 2.37152e-322 2.37152e-322 2.37152e-322 
2.03558e-316 2.03558e-316 2.03558e-316 2.03558e-316 
1.11318 1.11318 1.11318 1.11318 
-0.0411795 -0.0411795 -0.0411795 -0.0411795 
-4.94611 -4.94611 -4.94611 -4.94611 
3.95253e-322 3.95253e-322 3.95253e-322 3.95253e-322 
2.37152e-322 2.37152e-322 2.37152e-322 
2.03584e-316 2.03584e-316 2.03584e-316 
0 0 0 
0 0 0 
0 0 0 
6.32404e-322 6.32404e-322 6.32404e-322 
2.37152e-322 2.37152e-322 2.37152e-322 
2.03558e-316 2.03558e-316 2.03558e-316 
2.03189e-316 2.03189e-316 2.03189e-316 
0.253511 0.253511 0.253511 0.253511 
-4.42114 -4.42114 -4.42114 -4.42114 
8.69556e-322 8.69556e-322 8.69556e-322 8.69556e-322 
2.37152e-322 2.37152e-322 2.37152e-322 2.37152e-322 
-13396 -13396 -13396 -13396 
-16406.7 -16406.7 -16406.7 -16406.7 
0 0 0 0 
-4.69174e-07 -4.69174e-07 -4.69174e-07 -4.69174e-07 
2.11902e-07 2.11902e-07 2.11902e-07 2.11902e-07 
3.21143e-322 3.21143e-322 3.21143e-322 3.21143e-322 3.21143e-322 
2.0199e-316 2.0199e-316 2.0199e-316 2.0199e-316 2.0199e-316 
2.03519e-316 2.03519e-316 2.03519e-316 2.03519e-316 2.03519e-316 
-0.00130348 -0.00130348 -0.00130348 -0.00130348 -0.00130348 
2.03519e-316 2.03519e-316 2.03519e-316 2.03519e-316 2.03519e-316 
0.000186374 0.000186374 0.000186374 0.000186374 0.000186374 
1.97732e-316 1.97732e-316 1.97732e-316 1.97732e-316 1.97732e-316 
0.000512151 0.000512151 0.000512151 0.000512151 0.000512151 
4.4597e-10 4.4597e-10 4.4597e-10 4.4597e-10 4.4597e-10 
T Models:
(* Fitting with shape 1 1 1 1 1 1 1 1 1 1 0 0 *)
G[T_,xx_]:=Exp[0+xx[[1]]*T^1+xx[[2]]*T^2]*(1)
(* Fitting with shape 1 1 1 1 1 1 1 1 1 1 1 0 *)
G[T_,xx_]:=Exp[0+xx[[1]]*T^1+xx[[2]]*T^2]*(1)
(* Fitting with shape 1 1 1 1 1 1 1 1 1 1 1 1 *)
G[T_,xx_]:=Exp[0+xx[[1]]*T^1+xx[[2]]*T^2]*(1)
(* Fitting with shape 0 1 1 1 1 1 1 1 1 1 0 0 *)
G[T_,xx_]:=Exp[0+xx[[1]]*T^1+xx[[2]]*T^2]*(1)
(* Fitting with shape 0 1 1 1 1 1 1 1 1 1 1 0 *)
G[T_,xx_]:=Exp[0+xx[[1]]*T^1+xx[[2]]*T^2]*(1)
(* Fitting with shape 0 1 1 1 1 1 1 1 1 1 1 1 *)
G[T_,xx_]:=Exp[0+xx[[1]]*T^1+xx[[2]]*T^2]*(1)
(* Fitting with shape 0 0 1 1 1 1 1 1 1 1 0 0 *)
G[T_,xx_]:=Exp[0+xx[[1]]*T^1+xx[[2]]*T^2]*(1)
(* Fitting with shape 0 0 1 1 1 1 1 1 1 1 1 0 *)
G[T_,xx_]:=Exp[0+xx[[1]]*T^1+xx[[2]]*T^2]*(1)
(* Fitting with shape 0 0 1 1 1 1 1 1 1 1 1 1 *)
G[T_,xx_]:=Exp[0+xx[[1]]*T^1+xx[[2]]*T^2]*(1)
(* Fitting with shape 1 1 1 1 1 1 1 1 1 1 0 0 *)
G[T_,xx_]:=Exp[0+xx[[1]]*T^1+xx[[2]]*T^2]*(1+xx[[3]]/(T^1))
(* Fitting with shape 1 1 1 1 1 1 1 1 1 1 1 0 *)
G[T_,xx_]:=Exp[0+xx[[1]]*T^1+xx[[2]]*T^2]*(1+xx[[3]]/(T^1))
(* Fitting with shape 1 1 1 1 1 1 1 1 1 1 1 1 *)
G[T_,xx_]:=Exp[0+xx[[1]]*T^1+xx[[2]]*T^2]*(1+xx[[3]]/(T^1))
(* Fitting with shape 0 1 1 1 1 1 1 1 1 1 0 0 *)
G[T_,xx_]:=Exp[0+xx[[1]]*T^1+xx[[2]]*T^2]*(1+xx[[3]]/(T^1))
(* Fitting with shape 0 1 1 1 1 1 1 1 1 1 1 0 *)
G[T_,xx_]:=Exp[0+xx[[1]]*T^1+xx[[2]]*T^2]*(1+xx[[3]]/(T^1))
(* Fitting with shape 0 1 1 1 1 1 1 1 1 1 1 1 *)
G[T_,xx_]:=Exp[0+xx[[1]]*T^1+xx[[2]]*T^2]*(1+xx[[3]]/(T^1))
(* Fitting with shape 0 0 1 1 1 1 1 1 1 1 0 0 *)
G[T_,xx_]:=Exp[0+xx[[1]]*T^1+xx[[2]]*T^2]*(1+xx[[3]]/(T^1))
(* Fitting with shape 0 0 1 1 1 1 1 1 1 1 1 0 *)
G[T_,xx_]:=Exp[0+xx[[1]]*T^1+xx[[2]]*T^2]*(1+xx[[3]]/(T^1))
(* Fitting with shape 0 0 1 1 1 1 1 1 1 1 1 1 *)
G[T_,xx_]:=Exp[0+xx[[1]]*T^1+xx[[2]]*T^2]*(1+xx[[3]]/(T^1))
(* Fitting with shape 1 1 1 1 1 1 1 1 1 1 0 0 *)
G[T_,xx_]:=Exp[0+xx[[1]]*T^1+xx[[2]]*T^2]*(1+xx[[3]]/(T^1)+xx[[4]]/(T^2))
(* Fitting with shape 1 1 1 1 1 1 1 1 1 1 1 0 *)
G[T_,xx_]:=Exp[0+xx[[1]]*T^1+xx[[2]]*T^2]*(1+xx[[3]]/(T^1)+xx[[4]]/(T^2))
(* Fitting with shape 1 1 1 1 1 1 1 1 1 1 1 1 *)
G[T_,xx_]:=Exp[0+xx[[1]]*T^1+xx[[2]]*T^2]*(1+xx[[3]]/(T^1)+xx[[4]]/(T^2))
(* Fitting with shape 0 1 1 1 1 1 1 1 1 1 0 0 *)
G[T_,xx_]:=Exp[0+xx[[1]]*T^1+xx[[2]]*T^2]*(1+xx[[3]]/(T^1)+xx[[4]]/(T^2))
(* Fitting with shape 0 1 1 1 1 1 1 1 1 1 1 0 *)
G[T_,xx_]:=Exp[0+xx[[1]]*T^1+xx[[2]]*T^2]*(1+xx[[3]]/(T^1)+xx[[4]]/(T^2))
(* Fitting with shape 0 1 1 1 1 1 1 1 1 1 1 1 *)
G[T_,xx_]:=Exp[0+xx[[1]]*T^1+xx[[2]]*T^2]*(1+xx[[3]]/(T^1)+xx[[4]]/(T^2))
(* Fitting with shape 0 0 1 1 1 1 1 1 1 1 0 0 *)
G[T_,xx_]:=Exp[0+xx[[1]]*T^1+xx[[2]]*T^2]*(1+xx[[3]]/(T^1)+xx[[4]]/(T^2))
(* Fitting with shape 0 0 1 1 1 1 1 1 1 1 1 0 *)
G[T_,xx_]:=Exp[0+xx[[1]]*T^1+xx[[2]]*T^2]*(1+xx[[3]]/(T^1)+xx[[4]]/(T^2))
(* Fitting with shape 0 0 1 1 1 1 1 1 1 1 1 1 *)
G[T_,xx_]:=Exp[0+xx[[1]]*T^1+xx[[2]]*T^2]*(1+xx[[3]]/(T^1)+xx[[4]]/(T^2))
(* Fitting with shape 1 1 1 1 1 1 1 1 1 1 0 0 *)
G[T_,xx_]:=Exp[0+xx[[1]]*T^1+xx[[2]]*T^2+xx[[3]]*T^3]*(1)
(* Fitting with shape 1 1 1 1 1 1 1 1 1 1 1 0 *)
G[T_,xx_]:=Exp[0+xx[[1]]*T^1+xx[[2]]*T^2+xx[[3]]*T^3]*(1)
(* Fitting with shape 1 1 1 1 1 1 1 1 1 1 1 1 *)
G[T_,xx_]:=Exp[0+xx[[1]]*T^1+xx[[2]]*T^2+xx[[3]]*T^3]*(1)
(* Fitting with shape 0 1 1 1 1 1 1 1 1 1 0 0 *)
G[T_,xx_]:=Exp[0+xx[[1]]*T^1+xx[[2]]*T^2+xx[[3]]*T^3]*(1)
(* Fitting with shape 0 1 1 1 1 1 1 1 1 1 1 0 *)
G[T_,xx_]:=Exp[0+xx[[1]]*T^1+xx[[2]]*T^2+xx[[3]]*T^3]*(1)
(* Fitting with shape 0 1 1 1 1 1 1 1 1 1 1 1 *)
G[T_,xx_]:=Exp[0+xx[[1]]*T^1+xx[[2]]*T^2+xx[[3]]*T^3]*(1)
(* Fitting with shape 0 0 1 1 1 1 1 1 1 1 0 0 *)
G[T_,xx_]:=Exp[0+xx[[1]]*T^1+xx[[2]]*T^2+xx[[3]]*T^3]*(1)
(* Fitting with shape 0 0 1 1 1 1 1 1 1 1 1 0 *)
G[T_,xx_]:=Exp[0+xx[[1]]*T^1+xx[[2]]*T^2+xx[[3]]*T^3]*(1)
(* Fitting with shape 0 0 1 1 1 1 1 1 1 1 1 1 *)
G[T_,xx_]:=Exp[0+xx[[1]]*T^1+xx[[2]]*T^2+xx[[3]]*T^3]*(1)
(* Fitting with shape 1 1 1 1 1 1 1 1 1 1 0 0 *)
G[T_,xx_]:=Exp[0+xx[[1]]*T^1+xx[[2]]*T^2+xx[[3]]*T^3]*(1+xx[[4]]/(T^1))
(* Fitting with shape 1 1 1 1 1 1 1 1 1 1 1 0 *)
G[T_,xx_]:=Exp[0+xx[[1]]*T^1+xx[[2]]*T^2+xx[[3]]*T^3]*(1+xx[[4]]/(T^1))
(* Fitting with shape 1 1 1 1 1 1 1 1 1 1 1 1 *)
G[T_,xx_]:=Exp[0+xx[[1]]*T^1+xx[[2]]*T^2+xx[[3]]*T^3]*(1+xx[[4]]/(T^1))
(* Fitting with shape 0 1 1 1 1 1 1 1 1 1 0 0 *)
G[T_,xx_]:=Exp[0+xx[[1]]*T^1+xx[[2]]*T^2+xx[[3]]*T^3]*(1+xx[[4]]/(T^1))
(* Fitting with shape 0 1 1 1 1 1 1 1 1 1 1 0 *)
G[T_,xx_]:=Exp[0+xx[[1]]*T^1+xx[[2]]*T^2+xx[[3]]*T^3]*(1+xx[[4]]/(T^1))
(* Fitting with shape 0 1 1 1 1 1 1 1 1 1 1 1 *)
G[T_,xx_]:=Exp[0+xx[[1]]*T^1+xx[[2]]*T^2+xx[[3]]*T^3]*(1+xx[[4]]/(T^1))
(* Fitting with shape 0 0 1 1 1 1 1 1 1 1 0 0 *)
G[T_,xx_]:=Exp[0+xx[[1]]*T^1+xx[[2]]*T^2+xx[[3]]*T^3]*(1+xx[[4]]/(T^1))
(* Fitting with shape 0 0 1 1 1 1 1 1 1 1 1 0 *)
G[T_,xx_]:=Exp[0+xx[[1]]*T^1+xx[[2]]*T^2+xx[[3]]*T^3]*(1+xx[[4]]/(T^1))
(* Fitting with shape 0 0 1 1 1 1 1 1 1 1 1 1 *)
G[T_,xx_]:=Exp[0+xx[[1]]*T^1+xx[[2]]*T^2+xx[[3]]*T^3]*(1+xx[[4]]/(T^1))
(* Fitting with shape 1 1 1 1 1 1 1 1 1 1 0 0 *)
G[T_,xx_]:=Exp[0+xx[[1]]*T^1+xx[[2]]*T^2+xx[[3]]*T^3]*(1+xx[[4]]/(T^1)+xx[[5]]/(T^2))
(* Fitting with shape 1 1 1 1 1 1 1 1 1 1 1 0 *)
G[T_,xx_]:=Exp[0+xx[[1]]*T^1+xx[[2]]*T^2+xx[[3]]*T^3]*(1+xx[[4]]/(T^1)+xx[[5]]/(T^2))
(* Fitting with shape 1 1 1 1 1 1 1 1 1 1 1 1 *)
G[T_,xx_]:=Exp[0+xx[[1]]*T^1+xx[[2]]*T^2+xx[[3]]*T^3]*(1+xx[[4]]/(T^1)+xx[[5]]/(T^2))
(* Fitting with shape 0 1 1 1 1 1 1 1 1 1 0 0 *)
G[T_,xx_]:=Exp[0+xx[[1]]*T^1+xx[[2]]*T^2+xx[[3]]*T^3]*(1+xx[[4]]/(T^1)+xx[[5]]/(T^2))
(* Fitting with shape 0 1 1 1 1 1 1 1 1 1 1 0 *)
G[T_,xx_]:=Exp[0+xx[[1]]*T^1+xx[[2]]*T^2+xx[[3]]*T^3]*(1+xx[[4]]/(T^1)+xx[[5]]/(T^2))
(* Fitting with shape 0 1 1 1 1 1 1 1 1 1 1 1 *)
G[T_,xx_]:=Exp[0+xx[[1]]*T^1+xx[[2]]*T^2+xx[[3]]*T^3]*(1+xx[[4]]/(T^1)+xx[[5]]/(T^2))
(* Fitting with shape 0 0 1 1 1 1 1 1 1 1 0 0 *)
G[T_,xx_]:=Exp[0+xx[[1]]*T^1+xx[[2]]*T^2+xx[[3]]*T^3]*(1+xx[[4]]/(T^1)+xx[[5]]/(T^2))
(* Fitting with shape 0 0 1 1 1 1 1 1 1 1 1 0 *)
G[T_,xx_]:=Exp[0+xx[[1]]*T^1+xx[[2]]*T^2+xx[[3]]*T^3]*(1+xx[[4]]/(T^1)+xx[[5]]/(T^2))
(* Fitting with shape 0 0 1 1 1 1 1 1 1 1 1 1 *)
G[T_,xx_]:=Exp[0+xx[[1]]*T^1+xx[[2]]*T^2+xx[[3]]*T^3]*(1+xx[[4]]/(T^1)+xx[[5]]/(T^2))
Probabilities: 
       0        0        0        0        0        0        0        0        0        0        0        0        0        0        0        0        0        0        0        0        0        0        0        0        1        0        0        0        0        0        0        0        0        0        0        0        0        0        0        0        0        0        0        0        0        0        0        0        0        0        0        0        0        0
       0        0        0        0        0        0        0        0        0        0        0        0        0        0        0        0        0        0        0        0        0        0        0        0 0.555262        0        0        0        0        0        0        0        0        0        0        0        0        0        0        0        0        0        0        0        0        0        0        0        0        0        0 0.444738        0        0
       0        0        0        0        0        0        0        0        0        0        0        0        0        0        0        0        0        0        0        0        0        0        0        0        1        0        0        0        0        0        0        0        0        0        0        0        0        0        0        0        0        0        0        0        0        0        0        0        0        0        0        0        0        0
       0        0        0        0        0        0        0        0        0        0        0        0        0        0        0        0        0        0        0        0        0        0        0        0        0        0        0        0        0        0        0        0        0        0        0        0        0        0        0        0        0        0        0        0        0        0        0        0        0        0        0        1        0        0
       0        0        0        0        0        0        0        0        0        0        0        0        0        0        0        0        0        0        0        0        0        0        0        0        1        0        0        0        0        0        0        0        0        0        0        0        0        0        0        0        0        0        0        0        0        0        0        0        0        0        0        0        0        0
       0        0        0        0        0        0        0        0        0        0        0        0        0        0        0        0        0        0        0        0        0        0        0        0 0.539468        0        0        0        0        0        0        0        0        0        0        0        0        0        0        0        0        0 0.259136        0        0        0        0        0        0        0        0 0.201396        0        0
       0        0        0        0        0        0        0        0        0        0        0        0        0        0        0        0        0        0        0        0        0        0        0        0 0.659519        0        0        0        0        0        0        0        0        0        0        0        0        0        0        0        0        0 0.340481        0        0        0        0        0        0        0        0        0        0        0
       0        0        0        0        0        0        0        0        0        0        0        0        0        0        0        0        0        0        0        0        0        0        0        0        1        0        0        0        0        0        0        0        0        0        0        0        0        0        0        0        0        0        0        0        0        0        0        0        0        0        0        0        0        0
       0        0        0        0        0        0        0        0        0        0        0        0        0        0        0        0        0        0        0        0        0        0        0        0        0        0        0        0        0        0        0        0        0        0        0        0        0        0        0        0        0        0        0        0        0        0        0        0        0        0        0        1        0        0
       0        0        0        0        0        0        0        0        0        0        0        0        0        0        0        0        0        0        0        0        0        0        0        0 0.730284        0        0        0        0        0        0        0        0        0        0        0        0        0        0        0        0        0        0        0        0        0        0        0        0        0        0 0.269716        0        0
       0        0        0        0        0        0        0        0        0        0        0        0        0        0        0        0        0        0        0        0        0        0        0        0 0.729773        0        0        0        0        0        0        0        0        0        0        0        0        0        0        0        0        0        0        0        0        0        0        0        0        0        0 0.270227        0        0
       0        0        0        0        0        0        0        0        0        0        0        0        0        0        0        0        0        0        0        0        0        0        0        0 0.630295        0        0        0        0        0        0        0        0        0        0        0        0        0        0        0        0        0 0.369705        0        0        0        0        0        0        0        0        0        0        0

Values: 
 0.0389036  0.0389335  0.0389287  0.0390261  0.0390277  0.0390245  0.0390427   0.108328  0.0390237  0.0390159  0.0389999  0.0389961  0.0389115  0.0388912   0.124059   0.597009   0.096569  0.0388075  0.0388396  0.0388215   0.471733  0.0387342  0.0387189  0.0387112  0.0386817  0.0386696  0.0386632     1.1129    1.14204    1.13131  0.0397391    1.11996    1.20411    1.03618    1.34752   0.039585  0.0395945   0.894143  0.0394846  0.0393759  0.0393574     1.2072  0.0392587   0.634545  0.0391913  0.0392452   0.855297   0.831529  0.0390794   0.039071   0.039021   0.405015  0.0389273   0.793859
 0.0534087  0.0534449  0.0534375  0.0536781   0.148781   0.154249   0.182662  0.0536855  0.0536763  0.0537764  0.0536819  0.0536777  0.0537289   0.489622  0.0536346  0.0536406   0.578134   0.530819  0.0536416  0.0535658  0.0535603  0.0534952  0.0534386  0.0534314  0.0534133   0.636318   0.640929    1.15239    1.11032    1.09541          1          1    1.30993     1.3123    1.07733    1.01094  0.0548761   0.939958  0.0546772   0.735809    1.25411  0.0544409   0.998039     0.5807  0.0542681          1          1          1   0.882126  0.0541333    1.10959  0.0537171   0.620128    6.45178
 0.0601959  0.0602068  0.0601753   0.688177  0.0604879   0.152615  0.0608224  0.0606137  0.0605723   0.060842  0.0606264  0.0606006   0.318562  0.0606396   0.132956  0.0606945   0.540859  0.0605258  0.0606965  0.0605481  0.0605299  0.0604782   0.060366   0.127611  0.0603543  0.0602569  0.0602518   0.999584    1.11234    1.11016    1.27086    1.13079    1.13022   -51.1941    1.02564    1.02658   0.970499   0.952174   0.952029  0.0619815  0.0619763  0.0617801   0.965166   0.976674  0.0615467          1          1          1   -0.15808  0.0614236  0.0611469   0.898771  0.0612206  0.0607331
 0.0643447  0.0643253  0.0642736   0.138251  0.0646854  0.0646234   0.129233    0.28914  0.0648118  0.0652576  0.0648901  0.0648392   0.136221  0.0649561  0.0649207  0.0650573   0.064828  0.0647956   0.065069  0.0648407  0.0648121   0.064777   0.460701   0.459462   0.624115  0.0644583  0.0644544     1.1657    1.00536    1.00622      1.133    1.13565     1.1354    1.01696   0.991112   0.991963   0.972952    0.97051   0.971906  0.0666985    1.02292   0.942708   0.828747   0.066458  0.0661504  0.0663388          1          1   0.065859  0.0660824    0.86517  0.0650183   0.065973  -0.106582
 0.0672992  0.0672395  0.0671811   0.184888  0.0676717   0.180807   0.204478  0.0679104  0.0678144  0.0684448  0.0679349  0.0678751   0.188346   0.622014    0.60647   0.191303  0.0678883  0.0678544   0.291096  0.0678955  0.0678652  0.0581079  0.0676083  0.0675876  0.0676582   0.668469  0.0674328    1.12153  0.0706791    1.13813    1.16313    1.19347    1.19487    1.01075    1.00545    1.00283  0.0707578  0.0707336  0.0703017  0.0701404    1.05005 -0.0516701   0.778791   0.625891  0.0694728  0.0697115  0.0698032   0.977993  -0.713342  -0.140982   0.708135   0.955057    1.75235  0.0681964
 0.0695587  0.0694456  0.0693941  0.0704784  0.0699547  0.0698914  0.0708849   0.175434  0.0701603   0.070907  0.0702919  0.0702483   0.260287  0.0704319   0.070407  0.0706282  0.0702706  0.0702418   0.190144  0.0702764  0.0702543  0.0954379   0.397757   0.442959  0.0700179  0.0697282   0.069741    1.16437    1.15971    1.15938    1.13028      1.355    1.33127    1.05314    1.04034    1.32703  0.0735164  0.0735039  0.0729798    1.34161   0.072884   0.072452  0.0723719  0.0725618  0.0720503  0.0723236   0.868579    1.12585   0.819456    1.49266   0.889682  0.0703142  0.0722361  0.0705605
 0.0713823  0.0712343  0.0711913   0.072424    0.21023   0.241812  0.0728795    0.26292   0.276125  0.0728882  0.0721785  0.0721602   0.731451     0.8085   0.813459   0.564616   0.542484   0.532389   0.170915  0.0721548  0.0721451  0.0721263    0.27407  0.0717621  0.0718798  0.0715251  0.0715492    1.14636    1.13955    1.14013    1.19472    1.25864    1.23932   0.987362   -41.0364    1.34134  0.0554319    0.96004   0.960035   0.845496  0.0750365    1.04554  0.0744404  0.0746916  0.0740613  -0.188325  0.0745779  0.0740194   0.878219   0.946439   0.998178   0.684101    1.13086  0.0723379
 0.0728369  0.0726475  0.0726123  0.0739735  0.0732528   0.174773  0.0744683  0.0736326  0.0735769  0.0744591   0.073652  0.0736432   0.312774  0.0738184  0.0738198   0.480802  0.0736112  0.0735938  0.0740922  0.0736171  0.0736113  0.0736125  0.0732042  0.0731916    0.07335  0.0729279  0.0729547  0.0778409    1.18289  0.0766606    1.16057    1.13212    1.13157    1.04829  0.0779007   -58.2348  0.0774433   0.913879   0.913351    1.06919    1.05734   0.842855   0.752475  0.0763491    0.57802    0.83851   0.377952   0.075621  0.0750971  0.0758902  0.0748419    1.10482    1.21376   0.691513
 0.0739331  0.0737162  0.0736927   0.156754  0.0743633  0.0743465  0.0756567   0.220611  0.0747315   0.075636  0.0747874  0.0747926   0.266917  0.0749558  0.0749675  0.0752265  0.0747317  0.0747182   0.075236  0.0747368  0.0747362   0.114553   0.231657   0.363867   0.387334   0.454694   0.173248   0.079182    1.16713   0.077939    1.20614    1.21487    1.13935    1.00326    1.02122    1.03614   0.964998  0.0787513  0.0780659  0.0778244    1.35803  0.0773796    1.00262    0.73407  0.0768597   0.866135   0.077449  0.0768142  0.0761833  0.0770991   0.608946  0.0742175  -0.111935     2.7535
 0.0746855  0.0744493  0.0744499   0.194825   0.208215  0.0751457  0.0764936  0.0755647  0.0755556  0.0764653  0.0755836  0.0756132  0.0763716   0.231853   0.252758   0.482828   0.075507   0.075502  0.0760364  0.0755134   0.075524   0.113661  0.0750451  0.0750346  0.0752321  0.0747301  0.0747615  0.0801393    1.17021  0.0788489     1.1886    1.17893    1.16478    1.25707     1.2854   0.995379   0.945461  0.0796835   0.078968   0.865684  0.0788877    1.12202   0.832376   0.078489  0.0777127  0.0780603  0.0783563  0.0776747     1.0446   0.078006   0.908192  0.0749667  0.0784361  0.0757027
 0.0751823  0.0749158  0.0749195  0.0835673  0.0756117  0.0756254  0.0770231  0.0760541  0.0760528  0.0769902   0.076071  0.0761065    0.20333  0.0762449  0.0762786   0.472823   0.423331  0.0759881   0.165953  0.0759988  0.0760113  0.0759952  0.0755125   0.302817  0.0757067  0.0751813  0.0752192    1.17163    1.21416    1.21422    1.25983    1.21676    1.18276    1.06343    1.28191    1.04068   0.972413  0.0802535  0.0795165   0.937431  0.0794542    1.33357    2.00868  0.0790554   0.810932  0.0786116  0.0789178  0.0781926    1.37443   0.896873  0.0772699  0.0753515   0.662549  0.0760675
 0.0753444  0.0750617  0.0750649    0.72918    0.20176  0.0757982  0.0772112  0.0762216  0.0762234  0.0771765  0.0762433  0.0762806  0.0770547   0.121786  0.0764316   0.333453  0.0761377   0.469981  0.0767006  0.0761471  0.0761591    0.12845   0.205388   0.183205  0.0758564  0.0753205  0.0753676  0.0809007    1.15049    1.15002    1.39766    1.21688    1.14649    1.03863    1.35708     1.3575   0.941214   0.980859   0.980758   0.768534  0.0796355    0.83431  0.0787867  0.0792363  0.0783613  0.0787889   0.948885    1.10523   0.774834    1.38267    1.40016  -0.120248  0.0792046  0.0761091

Errors: 
 7.7903e-06 7.60639e-06 7.60183e-06 8.11325e-06 7.79592e-06 7.79406e-06 8.13196e-06 0.000454731 7.80082e-06 7.97032e-06 7.68875e-06  7.6768e-06 8.29682e-06 8.06333e-06 0.000470231  0.00120417           1 8.56871e-06  8.6844e-06 8.47971e-06 0.000446485 9.98002e-06 9.59405e-06 9.45104e-06 1.10655e-05 1.04576e-05 1.02077e-05           0           0           0 1.37901e-05           0           0     1.00002           1 1.26116e-05 1.42897e-05 5.04548e-07 1.27448e-05 1.67425e-05 1.61199e-05 4.89138e-06 2.08271e-05 9.27609e-05 1.74628e-05 1.94195e-05  1.6834e-06 4.89686e-05 3.26761e-05 2.95801e-05 2.61871e-05 0.000138981  5.6773e-05 0.000140669
2.14907e-05 2.07523e-05 2.06817e-05 2.35303e-05           0           0           0 2.20767e-05 2.20765e-05 2.35823e-05  2.1974e-05 2.19779e-05 2.37416e-05           0 2.18359e-05 2.42422e-05           0           0 2.42311e-05 2.22459e-05 2.22541e-05 2.66536e-05 2.38469e-05  2.3715e-05  3.0063e-05           0           0           0           0           0           0           0     1.00001     1.00001     1.00025     1.00011 4.36695e-05           0  3.8301e-05           1           1 4.13825e-05           0           1 5.15649e-05  0.00260904  0.00229384  0.00227423 0.000473937 9.75426e-05 0.000108714 0.000244705 0.000338029     1.07948
4.16674e-05 3.97194e-05   3.972e-05           0 4.22627e-05           0 4.88893e-05 4.35102e-05 4.33469e-05 4.83992e-05 4.32204e-05 4.28756e-05           0 4.32795e-05           0 4.85529e-05           0 4.39482e-05  4.9195e-05 4.33782e-05 4.33029e-05 5.38377e-05 4.70138e-05           1 6.25045e-05 5.20857e-05  4.9906e-05           0           0           0           0           0           0   0.0356577     1.00592     1.00136           0           0           0 9.76778e-05  9.2305e-05 7.93359e-05     1.00019     1.00003 9.88769e-05  0.00564788  0.00511116  0.00509258 9.67466e-05 0.000194841 0.000155447         nan 0.000411313 0.000270051
6.89412e-05 6.51609e-05 6.41509e-05           0 6.95199e-05 6.93208e-05           0           0 7.22889e-05 8.16722e-05 7.16729e-05 7.15308e-05           0 7.19101e-05  7.1657e-05 8.32659e-05 7.28091e-05 7.27095e-05 8.11514e-05 7.27735e-05 7.20546e-05 9.04909e-05           0           0           0 8.38958e-05 8.04678e-05           0           0           0           0           0           0     1.00191           0           0           0           0           0 0.000154972     1.00001     1.00905     1.00001 0.000193299 0.000160191 0.000183611  0.00843014  0.00837228 0.000363127 0.000323141  0.00108836 0.000897649 0.000689879 0.000146173
 0.00010041 9.59167e-05 9.82665e-05           0 0.000101901           0           0 0.000105347 0.000105143 0.000117487 0.000106085 0.000104713           0           0           0           0 0.000106641 0.000106032           0 0.000105801 0.000105241           0 0.000112392 0.000109544  0.00014957           0 0.000117123           0 0.000184509           0           0           0           0           0           0           0 0.000189793 0.000185014 0.000162993 0.000217283     1.00001           1           1     1.00001 0.000225197 0.000259212 0.000243923 0.000201182  0.00380482 0.000230248  0.00367344     1.00544           1 0.000652682
0.000133756  0.00012621 0.000126439 0.000151928 0.000135625 0.000134669  0.00015886           0 0.000140538 0.000155652 0.000139499 0.000139411           0 0.000141668 0.000141645 0.000157099 0.000142774 0.000142522           0 0.000140852 0.000141033           0           0           0 0.000199198 0.000157003 0.000156457           0           0           0           0           0           0     1.00618      1.0046     1.00479 0.000243014 0.000237193 0.000211373           1 0.000269536 0.000226602 0.000391477 0.000363239 0.000290431 0.000335379 0.000433407 0.000130017  0.00290335 0.000210698  0.00261813  0.00170786  0.00131143 0.000868706
0.000166357  0.00015672 0.000157719  0.00018772           0           0 0.000196936           0           0  0.00019266 0.000175903 0.000174731           0           0           0           0           0           0           0 0.000174395 0.000190886 0.000214284           0 0.000183563 0.000240996 0.000202758 0.000195271           0           0           0           0           0           0     1.00826   0.0889253     1.00168     1.00004           0           0           1 0.000332022     1.00019 0.000505075  0.00046905 0.000360486 0.000466734  0.00038769 0.000312232     1.00002     1.38271   0.0002545  0.00222442 6.59307e-05  0.00106409
0.000191668 0.000184596 0.000185286 0.000222502  0.00020227           0 0.000230932 0.000209976 0.000207801 0.000228406 0.000207338 0.000205698  0.00890458 0.000204831 0.000209211           0 0.000206366 0.000206692  0.00023857 0.000204595 0.000206879 0.000255727 0.000217238 0.000213817 0.000293172 0.000239433 0.000231057 0.000337788           0   0.0002968           0           0           0     1.01291 0.000338746    0.144875 0.000340364           0           0     1.00002     1.00013           1           1 0.000515085     1.00011 0.000407756 0.000600398 0.000365474 0.000994071 0.000872216 0.000670183  0.00395656 0.000124569  0.00225154
 0.00022112 0.000209041 0.000213576           0 0.000223239 0.000227299   0.0002604           0 0.000238531 0.000255566 0.000234092 0.000231323           0  0.00023347  0.00023076 0.000261179 0.000232927 0.000234226 0.000256007 0.000231132 0.000233326           0           0           0           0           0     1.00004 0.000375392           0 0.000327522           0           0           0           0           0      1.0102           0 0.000376011  0.00032859 0.000449734           1 0.000357845      1.0057     1.00001 0.000458857 0.000631465 0.000502741 0.000413542  0.00111377 0.000973597  0.00306899  0.00271969 0.000471071     1.00039
0.000242349 0.000226667 0.000227773           0           0 0.000245628 0.000284766 0.000252333 0.000257534 0.000279395 0.000246818 0.000247764 0.000276186           0           0           0 0.000254932 0.000253707 0.000278724 0.000253415 0.000253824           0 0.000265401 0.000264409 0.000366473 0.000294452 0.000282817 0.000400673           0 0.000352095           0           0           0     1.00048     1.00037           0           0 0.000398346 0.000355504           1  0.00045736     1.00002      1.0007 0.000614045 0.000495171 0.000578319  0.00055071 0.000437509     1.09593  0.00105316  0.00278243  0.00293414  0.00227291  0.00150016
 0.00027002 0.000234898 0.000239908           0 0.000260511 0.000258561 0.000297057  0.00026601 0.000264932 0.000295628  0.00026396 0.000266761           0 0.000265207 0.000271731           0           0 0.000268601           0 0.000264368 0.000265759 0.000321472 0.000280644           0 0.000377317 0.000311556 0.000301591           0           0           0           0           0           0     1.28995     1.00025      1.0136           0 0.000413668 0.000366736           0 0.000477971      1.0003     1.00026 0.000651985     1.00017 0.000609064   0.0005663 0.000457651 0.000576587  0.00967349 0.000835527  0.00307416  0.00969045  0.00156459
0.000260094 0.000242567 0.000246921           0           0 0.000265304 0.000303496 0.000269904 0.000272301  0.00029728 0.000268781 0.000273162 0.000296543           0 0.000270478           0 0.000270126           0 0.000296525 0.000270414 0.000269987           0           0           0 0.000389486 0.000315198 0.000299099 0.000428889           0           0     1.00005           0           0     1.01675     1.00135     1.00123           0           0           0           1 0.000483499           1 0.000723579 0.000659151 0.000523253  0.00061364 0.000887584 0.000305471 9.78825e-05 0.000772467 0.000690619 0.000576748   0.0024236  0.00159102

Statuses: 
0 0 0 0 0 0 0 3 0 0 0 0 0 0 3 3 3 0 0 0 3 0 0 0 0 0 0 3 3 3 0 3 3 3 3 0 0 3 0 0 0 3 0 3 0 0 3 3 0 0 0 3 0 3
0 0 0 0 3 3 3 0 0 0 0 0 0 3 0 0 3 3 0 0 0 0 0 0 0 3 3 3 3 3 3 3 3 3 3 3 0 3 0 3 3 0 3 3 0 3 3 3 3 0 3 0 3 3
0 0 0 3 0 3 0 0 0 0 0 0 3 0 3 0 3 0 0 0 0 0 0 3 0 0 0 3 3 3 3 3 3 0 3 3 3 3 3 0 0 0 3 3 0 3 3 3 0 0 0 3 0 0
0 0 0 3 0 0 3 3 0 0 0 0 3 0 0 0 0 0 0 0 0 0 3 3 3 0 0 3 3 3 3 3 3 3 3 3 3 3 3 0 3 3 3 0 0 0 3 3 0 0 3 0 0 3
0 0 0 3 0 3 3 0 0 0 0 0 3 3 3 3 0 0 3 0 0 3 0 0 0 3 0 3 0 3 3 3 3 3 3 3 0 0 0 0 3 3 3 3 0 0 0 3 3 3 3 3 3 0
0 0 0 0 0 0 0 3 0 0 0 0 3 0 0 0 0 0 3 0 0 3 3 3 0 0 0 3 3 3 3 3 3 3 3 3 0 0 0 3 0 0 0 0 0 0 3 3 3 3 3 0 0 0
0 0 0 0 3 3 0 3 3 0 0 0 3 3 3 3 3 3 3 0 0 0 3 0 0 0 0 3 3 3 3 3 3 3 0 3 3 3 3 3 0 3 0 0 0 0 0 0 3 3 3 3 3 0
0 0 0 0 0 3 0 0 0 0 0 0 3 0 0 3 0 0 0 0 0 0 0 0 0 0 0 0 3 0 3 3 3 3 0 0 0 3 3 3 3 3 3 0 3 3 3 0 0 0 0 3 3 3
0 0 0 3 0 0 0 3 0 0 0 0 3 0 0 0 0 0 0 0 0 3 3 3 3 3 3 0 3 0 3 3 3 3 3 3 3 0 0 0 3 0 3 3 0 3 0 0 0 0 3 0 1 3
0 0 0 3 3 0 0 0 0 0 0 0 0 3 3 3 0 0 0 0 0 3 0 0 0 0 0 0 3 0 3 3 3 3 3 3 3 0 0 3 0 3 3 0 0 0 0 0 3 0 3 0 0 0
0 0 0 3 0 0 0 0 0 0 0 0 3 0 0 3 3 0 3 0 0 0 0 3 0 0 0 3 3 3 3 3 3 3 3 3 3 0 0 3 0 3 3 0 3 0 0 0 3 3 0 0 3 0
0 0 0 3 3 0 0 0 0 0 0 0 0 3 0 3 0 3 0 0 0 3 3 3 0 0 0 0 3 3 3 3 3 3 3 3 3 3 3 3 0 3 0 0 0 0 3 3 3 3 3 1 0 0
chisq per dof: 
9.08491 8.42712 7.83583 7.02387 6.27133 5.80462 6.02074 26270.2 5.09073 4.62047 4.21893 3.98648 2.84836 2.69368 26922.4  169019 28081.9 2.14136 2.36187 2.25017  245261 1.99312 1.86398 1.76129 2.03016 1.84006 1.70911  339345  300649  273125 3.36208  297955  241400  356441  309096 2.55717 2.52202  305165 2.43263 1.97696 1.83471  347499 2.06534  345204 1.75438 2.07756  408638  457602 2.27756 2.02264 1.86526  503802 2.26267  385175
3.69251 3.42341 3.27122 3.19026 2420.66  2214.1 3861.17 2.83374 2.73845  2.5437 2.44789 2.36429 1.99342 14896.2 1.90161 1.84928 14764.1 11724.7 1.91457 1.85016 1.78096 1.86198 1.74556 1.64389 2.01733   18581 15899.5 38484.8 32633.5 29836.4 52963.9 48409.5 35747.8 40997.1 39277.6   33796 1.90091 39057.1 1.75502 19927.5 49566.3 1.63615 54345.8 40768.6 1.70538 85428.6 73085.5 62942.3 72829.5  2.0167 46685.3 2.68614 51590.4 33926.8
2.57419 2.39982 2.32036 6358.21 2.21458 508.781 2.26993 2.18141 2.12813 2.03519 2.00307  1.9502 2252.03 1.72527 468.323 1.72792 3965.88 1.58652 1.79568 1.73088 1.66399 1.83574 1.71668  736.48 2.01573 1.82371 1.68659 10100.8  9853.4 8608.13 13424.2 13563.5 11869.2   10578 11475.9 9854.23 16020.6 13502.3 11819.8 1.83086 1.69243 1.61111 16336.4 12918.3 1.69468 25542.9 21802.6 18710.3 379.199 2.01643 1.85346 8472.81 2.26999 2.01948
2.14633 2.01953 1.96618 181.651 1.91791 1.87818 193.319 682.537 1.87007 1.82645  1.8177 1.78177 552.572 1.63111 1.58814 1.68414 1.61215    1.54 1.75081 1.68212 1.61408 1.82709 1770.48 1578.83 2902.02 1.82319 1.68602  4940.8 4116.69 3744.67 6698.71 5989.04  5240.7 5851.26 5055.61 4343.62 7158.74 6362.65 5632.11  1.8231 6686.89 5986.56 7284.78  1.8172 1.69049 2.01725 9746.53 8362.81 2.26749  2.0165 6891.58 2.68756 2.27057 47.4322
1.93893  1.8372 1.79711 162.249 1.77684 131.031 214.994 1.77902 1.75836 1.73258 1.72929 1.70011 235.707  1599.2 1382.14 235.786 1.58751 1.51502 2108.49 1.66065 1.59193 115.357 1.70075 1.60167 2.01652 1380.04 1.68577 2541.33 1.62126 2434.87 3276.09 3222.47 2826.28 3179.88 2745.16 2354.46 1.72047 1.61796 1.56337 1.82067 3613.19 2169.51 3956.41  2620.5  1.6892 2.01665 1.84849  3130.5 3497.17 76.2631 2557.08 3943.18    2700 2.02098
1.81617 1.73097  1.6942 1.72429 1.69113 1.66027 1.71671 155.109 1.67542 1.67468 1.67037 1.63637 206.398 1.56215 1.51791 1.64958 1.57217 1.49896 1217.88 1.64564 1.57623 115.086 473.961 535.929 2.01666 1.82261 1.68561 1783.13 1570.61 1400.17  1455.9 1864.32    1618 2043.51 1754.13  1343.9  1.7109 1.60941 1.55356  1663.8 1.68353 1.59489 2.01922 1.81767 1.68839 2.01608 2654.66 2283.92 3356.89 2777.62 2357.08 2.68881 2.27198 2.02146
1.73156 1.65612 1.62364 1.65275  73.771 107.816 1.65164 154.361 191.008 1.63201 1.62328   1.586 932.456 856.836 753.369 546.697 430.351 392.959 1062.68 1.63397 1.56308 1.81844 192.105 1.59568 2.01637 1.82202 1.68526 1241.01 1052.14 936.762 1543.78 1232.12 1132.37 1434.17 957.968 950.554 42.3639 1467.99 1284.53 1821.71 1.68293 1354.33 2.01869 1.81759 1.68803 92.9276  1.8483 1.73307    2378  1167.5 1486.74 2254.45 1217.16 2.02153
1.67599  1.6074 1.57253 1.60645 1.58103 38.3645 1.60856  1.5918 1.55925 1.60443  1.5942 1.55258 207.926 1.52583 1.47582 309.221 1.55473 1.48031 1.70325 1.62683 1.55502 1.81702 1.69304 1.59422 2.01605 1.82165 1.68493 1.54918 830.011 1.47865  1200.5 1077.67  943.87  1095.4 1.53298 628.785 1.70056 947.449 826.199 1217.89 1238.68 451.591 1362.32 1.81765 899.919 1463.45 849.555 1.73228 2.26716 2.01767  1.8521 1270.18 870.816 1046.79
1.63925 1.57521 1.54111 25.9955 1.55264 1.51793 1.58187 57.9101 1.53129 1.58712 1.57451 1.53261 114.931 1.51668 1.46585 1.63186  1.5499 1.47566 1.69963 1.62187 1.54978 39.6008 142.559 326.257 236.016 223.165 126.014  1.5385 680.914 1.46494 811.329 673.506 471.798   891.6 761.356 653.551 1035.69  1.5988 1.53875 1.81745 910.685 1.59183 1114.52 851.582 1.68672 1283.37 1.84846 1.73191 2.26731  2.0179 881.994 2.68835 5.60949 658.184
1.61936 1.55799 1.52322 43.3229 38.6993 1.50212 1.56846 1.55209 1.51641 1.57789 1.56471 1.52171 1.55794 70.0596 82.3473 220.796 1.54806 1.47356 1.69819 1.62022  1.5477 28.2073 1.69158 1.59291 2.01662 1.82176 1.68503  1.5307 605.264 1.45563 837.888 758.363 664.328 689.761 608.498 568.909 837.554 1.59737 1.53677 719.782 1.68287 677.552 968.691 1.81819 1.68688 2.01546 1.84871 1.73205 959.177 2.01825 485.722 2.68881 2.27273 2.02148
1.60672 1.54773 1.51317 139.238 1.53025 1.49413 1.56154 1.54584 1.50875 1.57288 1.55996 1.51612 55.0337 1.51076 1.45792 203.553 143.611 1.47195 413.604 1.61902 1.54602 1.81601  1.6912 109.334 2.01651 1.82151  1.6849 589.672 538.345 482.644 688.303 643.795 413.729 715.904 538.545 523.575 848.928  1.5962 1.53572 941.002 1.68269 669.301 698.507  1.8181 606.498 2.01535 1.84861 1.73216 1136.25 634.835 1.85217 2.68865 896.278 2.02146
1.60259 1.54454 1.50892 353.836 32.5238 1.48875  1.5581 1.54283 1.50356 1.57042 1.55709 1.51169 1.55572 11.5414 1.45653 106.257 1.54668 161.414 1.69726 1.61889 1.54543  27.614 73.0344 58.2297 2.01662 1.82157 1.68509 1.52342 498.029 442.233 649.623 513.442 379.812 693.786 539.262 462.386 735.394  755.38 660.886 728.951 1.68269 586.263 2.01848 1.81813 1.68743 2.01535 907.934 737.773 704.845 895.376 757.285 4.51361 2.27266 2.02179
Mode averaged potential and errors: 
  0.0386817 1.10655e-05
  0.0535484 0.000223418
  0.0603543         nan
  0.0650183 0.000897649
  0.0676582  0.00014957
  0.0706876  0.00128597
  0.0727516  0.00126392
    0.07335 0.000293172
  0.0742175  0.00271969
  0.0751605  0.00156012
  0.0756107  0.00163785
  0.0769398  0.00151328
R Models:
(* Fitting with shape 1 1 1 1 1 1 1 1 0 0 0 0 *)
G[R_,xx_]:=xx[[0]] + xx[[1]]/R | xx[[2]]*R
(* Fitting with shape 1 1 1 1 1 1 1 1 1 0 0 0 *)
G[R_,xx_]:=xx[[0]] + xx[[1]]/R | xx[[2]]*R
(* Fitting with shape 1 1 1 1 1 1 1 1 1 1 0 0 *)
G[R_,xx_]:=xx[[0]] + xx[[1]]/R | xx[[2]]*R
(* Fitting with shape 1 1 1 1 1 1 1 1 1 1 1 0 *)
G[R_,xx_]:=xx[[0]] + xx[[1]]/R | xx[[2]]*R
(* Fitting with shape 1 1 1 1 1 1 1 1 1 1 1 1 *)
G[R_,xx_]:=xx[[0]] + xx[[1]]/R | xx[[2]]*R
(* Fitting with shape 0 1 1 1 1 1 1 1 0 0 0 0 *)
G[R_,xx_]:=xx[[0]] + xx[[1]]/R | xx[[2]]*R
(* Fitting with shape 0 1 1 1 1 1 1 1 1 0 0 0 *)
G[R_,xx_]:=xx[[0]] + xx[[1]]/R | xx[[2]]*R
(* Fitting with shape 0 1 1 1 1 1 1 1 1 1 0 0 *)
G[R_,xx_]:=xx[[0]] + xx[[1]]/R | xx[[2]]*R
(* Fitting with shape 0 1 1 1 1 1 1 1 1 1 1 0 *)
G[R_,xx_]:=xx[[0]] + xx[[1]]/R | xx[[2]]*R
(* Fitting with shape 0 1 1 1 1 1 1 1 1 1 1 1 *)
G[R_,xx_]:=xx[[0]] + xx[[1]]/R | xx[[2]]*R
(* Fitting with shape 0 0 1 1 1 1 1 1 0 0 0 0 *)
G[R_,xx_]:=xx[[0]] + xx[[1]]/R | xx[[2]]*R
(* Fitting with shape 0 0 1 1 1 1 1 1 1 0 0 0 *)
G[R_,xx_]:=xx[[0]] + xx[[1]]/R | xx[[2]]*R
(* Fitting with shape 0 0 1 1 1 1 1 1 1 1 0 0 *)
G[R_,xx_]:=xx[[0]] + xx[[1]]/R | xx[[2]]*R
(* Fitting with shape 0 0 1 1 1 1 1 1 1 1 1 0 *)
G[R_,xx_]:=xx[[0]] + xx[[1]]/R | xx[[2]]*R
(* Fitting with shape 0 0 1 1 1 1 1 1 1 1 1 1 *)
G[R_,xx_]:=xx[[0]] + xx[[1]]/R | xx[[2]]*R
(* Fitting with shape 0 0 0 1 1 1 1 1 0 0 0 0 *)
G[R_,xx_]:=xx[[0]] + xx[[1]]/R | xx[[2]]*R
(* Fitting with shape 0 0 0 1 1 1 1 1 1 0 0 0 *)
G[R_,xx_]:=xx[[0]] + xx[[1]]/R | xx[[2]]*R
(* Fitting with shape 0 0 0 1 1 1 1 1 1 1 0 0 *)
G[R_,xx_]:=xx[[0]] + xx[[1]]/R | xx[[2]]*R
(* Fitting with shape 0 0 0 1 1 1 1 1 1 1 1 0 *)
G[R_,xx_]:=xx[[0]] + xx[[1]]/R | xx[[2]]*R
(* Fitting with shape 0 0 0 1 1 1 1 1 1 1 1 1 *)
G[R_,xx_]:=xx[[0]] + xx[[1]]/R | xx[[2]]*R
1 1 1 
1 1 1 
1 1 1 
0.114812 0.114812 0.114812 
-0.118161 -0.118161 -0.118161 
2.03453e-316 2.03453e-316 2.03453e-316 
5.10749e+08 5.10749e+08 5.10749e+08 
-6.77295e+06 -6.77295e+06 -6.77295e+06 
6.00445e+06 6.00445e+06 6.00445e+06 
2.69266e-321 2.69266e-321 2.69266e-321 
6.92185e-310 6.92185e-310 6.92185e-310 
1.99994e-316 1.99994e-316 1.99994e-316 
0 0 0 
0 0 0 
2.37152e-322 2.37152e-322 2.37152e-322 
2.37152e-322 2.37152e-322 2.37152e-322 
2.03557e-316 2.03557e-316 2.03557e-316 
1.99995e-316 1.99995e-316 1.99995e-316 
0.122016 0.122016 0.122016 
5.38978e-05 5.38978e-05 5.38978e-05 
4.74303e-322 4.74303e-322 4.74303e-322 
2.37152e-322 2.37152e-322 2.37152e-322 
2.03557e-316 2.03557e-316 2.03557e-316 
-195381 -195381 -195381 
-3.13634e+06 -3.13634e+06 -3.13634e+06 
-24518.5 -24518.5 -24518.5 
7.11455e-322 7.11455e-322 7.11455e-322 
3.16202e-322 3.16202e-322 3.16202e-322 
2.03238e-316 2.03238e-316 2.03238e-316 
2.03518e-316 2.03518e-316 2.03518e-316 
394282 394282 394282 
2.03518e-316 2.03518e-316 2.03518e-316 
2.47033e-323 2.47033e-323 2.47033e-323 
2.03519e-316 2.03519e-316 2.03519e-316 
1.66105e-316 1.66105e-316 1.66105e-316 
4.79244e-322 4.79244e-322 4.79244e-322 
1.99691e-316 1.99691e-316 1.99691e-316 
2.0319e-316 2.0319e-316 2.0319e-316 
3.54897e+10 3.54897e+10 3.54897e+10 
2.98467e+06 2.98467e+06 2.98467e+06 
2.37152e-322 2.37152e-322 2.37152e-322 
2.37152e-322 2.37152e-322 2.37152e-322 
1.97216e-316 1.97216e-316 1.97216e-316 
7.19975e-06 7.19975e-06 7.19975e-06 
3.19241e-07 3.19241e-07 3.19241e-07 
2.98447e-05 2.98447e-05 2.98447e-05 
1.50196e-321 1.50196e-321 1.50196e-321 
6.32404e-322 6.32404e-322 6.32404e-322 
1.99958e-316 1.99958e-316 1.99958e-316 
-1.12818e-06 -1.12818e-06 -1.12818e-06 
2.79583e-07 2.79583e-07 2.79583e-07 
5.14579e-08 5.14579e-08 5.14579e-08 
-1.05819e-08 -1.05819e-08 -1.05819e-08 
4.4597e-10 4.4597e-10 4.4597e-10 
Probabilities: 
nan nan nan nan nan nan nan nan nan nan nan nan nan nan nan nan nan nan nan nan nan nan nan nan nan nan nan nan nan nan nan nan nan nan nan nan nan nan nan nan nan nan nan nan nan nan nan nan nan nan nan nan nan nan

String tensions: 
1 1 1 1 1 1 1 1 1 1 1 1 1 1 1 1 1 1 1 1 1 1 1 1 1 1 1 1 1 1 1 1 1 1 1 1 1 1 1 1 1 1 1 1 1 1 1 1 1 1 1 1 1 1

Errors: 
 nan  nan  nan  nan  nan  nan  nan  nan  nan  nan  nan  nan  nan  nan  nan  nan  nan  nan  nan  nan  nan  nan  nan  nan  nan  nan  nan -nan -nan -nan -nan -nan -nan -nan -nan -nan -nan -nan -nan -nan -nan -nan -nan -nan -nan -nan -nan -nan -nan -nan -nan -nan -nan -nan

Statuses: 
3 3 3 3 3 3 3 3 3 3 3 3 3 3 3 3 3 3 3 3 3 3 3 3 3 3 3 3 3 3 3 3 3 3 3 3 3 3 3 3 3 3 3 3 3 3 3 3 3 3 3 3 3 3
chisq per dof: 
nan nan nan nan nan nan nan nan nan nan nan nan nan nan nan nan nan nan nan nan nan nan nan nan nan nan nan nan nan nan nan nan nan nan nan nan nan nan nan nan nan nan nan nan nan nan nan nan nan nan nan nan nan nan
Model string tension and errors: 
sigma = nan +/- nan
