R=0parameters: 
-0.651982 -0.651982 
0.0876504 0.0876504 
1.91619e-10 1.91619e-10 
3.21143e-322 3.21143e-322 
9.88131e-324 9.88131e-324 
2.06826e-316 2.06826e-316 
7.12304e+259 7.12304e+259 
2.08023e-316 2.08023e-316 
1.19158e+06 1.19158e+06 
2.61855e-322 2.61855e-322 2.61855e-322 
2.06744e-316 2.06744e-316 2.06744e-316 
0 0 0 
2.06527e-316 2.06527e-316 2.06527e-316 
9.88131e-324 9.88131e-324 9.88131e-324 
3.16202e-322 3.16202e-322 3.16202e-322 
2.06744e-316 2.06744e-316 2.06744e-316 
8.48798e-314 8.48798e-314 8.48798e-314 
9.88131e-324 9.88131e-324 9.88131e-324 
0 0 0 0 
1.63042e-322 1.63042e-322 1.63042e-322 1.63042e-322 
6.94879e-310 6.94879e-310 6.94879e-310 6.94879e-310 
6.94879e-310 6.94879e-310 6.94879e-310 6.94879e-310 
2.068e-316 2.068e-316 2.068e-316 2.068e-316 
1.63042e-322 1.63042e-322 1.63042e-322 1.63042e-322 
2.06406e-316 2.06406e-316 2.06406e-316 2.06406e-316 
0 0 0 0 
4.94066e-323 4.94066e-323 4.94066e-323 4.94066e-323 
4.00193e-322 4.00193e-322 4.00193e-322 
6.94879e-310 6.94879e-310 6.94879e-310 
2.06745e-316 2.06745e-316 2.06745e-316 
2.06745e-316 2.06745e-316 2.06745e-316 
1.61675e+184 1.61675e+184 1.61675e+184 
3.44682e-85 3.44682e-85 3.44682e-85 
8.40704e-315 8.40704e-315 8.40704e-315 
1.67792e+243 1.67792e+243 1.67792e+243 
2.22096e-313 2.22096e-313 2.22096e-313 
3.95253e-322 3.95253e-322 3.95253e-322 3.95253e-322 
6.37345e-322 6.37345e-322 6.37345e-322 6.37345e-322 
1.99773e-316 1.99773e-316 1.99773e-316 1.99773e-316 
4.73267e-245 4.73267e-245 4.73267e-245 4.73267e-245 
2.00519e-316 2.00519e-316 2.00519e-316 2.00519e-316 
1.99734e-316 1.99734e-316 1.99734e-316 1.99734e-316 
2.06745e-316 2.06745e-316 2.06745e-316 2.06745e-316 
2.96439e-323 2.96439e-323 2.96439e-323 2.96439e-323 
5.29404e-310 5.29404e-310 5.29404e-310 5.29404e-310 
0 0 0 0 0 
3.80463e-06 3.80463e-06 3.80463e-06 3.80463e-06 3.80463e-06 
-8.53069e+06 -8.53069e+06 -8.53069e+06 -8.53069e+06 -8.53069e+06 
1.11099e-06 1.11099e-06 1.11099e-06 1.11099e-06 1.11099e-06 
0.0107571 0.0107571 0.0107571 0.0107571 0.0107571 
0.0214891 0.0214891 0.0214891 0.0214891 0.0214891 
7.16395e-322 7.16395e-322 7.16395e-322 7.16395e-322 7.16395e-322 
2.19964e-316 2.19964e-316 2.19964e-316 2.19964e-316 2.19964e-316 
3.21143e-322 3.21143e-322 3.21143e-322 3.21143e-322 3.21143e-322 
R=1parameters: 
-0.572506 -0.572506 
0.13404 0.13404 
-1.50441e-06 -1.50441e-06 
0.0545586 0.0545586 
-0.0306804 -0.0306804 
0 0 
0 0 
0 0 
0 0 
4.00193e-322 4.00193e-322 4.00193e-322 
0.00036135 0.00036135 0.00036135 
5.79341e-05 5.79341e-05 5.79341e-05 
0.000718641 0.000718641 0.000718641 
0.00541161 0.00541161 0.00541161 
0.00705987 0.00705987 0.00705987 
0 0 0 
0 0 0 
0 0 0 
0 0 0 0 
9.09575e-321 9.09575e-321 9.09575e-321 9.09575e-321 
6.94879e-310 6.94879e-310 6.94879e-310 6.94879e-310 
6.94879e-310 6.94879e-310 6.94879e-310 6.94879e-310 
2.19959e-316 2.19959e-316 2.19959e-316 2.19959e-316 
2.19959e-316 2.19959e-316 2.19959e-316 2.19959e-316 
-1.58678e-10 -1.58678e-10 -1.58678e-10 -1.58678e-10 
6.3982e-12 6.3982e-12 6.3982e-12 6.3982e-12 
1.05695e-06 1.05695e-06 1.05695e-06 1.05695e-06 
-1.18119e-07 -1.18119e-07 -1.18119e-07 
4.01905e-09 4.01905e-09 4.01905e-09 
3.69627e-06 3.69627e-06 3.69627e-06 
-1.45167e-06 -1.45167e-06 -1.45167e-06 
1.60396e-07 1.60396e-07 1.60396e-07 
-5.44204e-09 -5.44204e-09 -5.44204e-09 
-5.15438e-06 -5.15438e-06 -5.15438e-06 
7.25379e-06 7.25379e-06 7.25379e-06 
7.67284e-321 7.67284e-321 7.67284e-321 
2.1989e-316 2.1989e-316 2.1989e-316 2.1989e-316 
6.94879e-310 6.94879e-310 6.94879e-310 6.94879e-310 
0 0 0 0 
2.02053e-316 2.02053e-316 2.02053e-316 2.02053e-316 
2.07577e-316 2.07577e-316 2.07577e-316 2.07577e-316 
2.07957e-316 2.07957e-316 2.07957e-316 2.07957e-316 
2.01717e-316 2.01717e-316 2.01717e-316 2.01717e-316 
2.04357e-316 2.04357e-316 2.04357e-316 2.04357e-316 
2.02966e-316 2.02966e-316 2.02966e-316 2.02966e-316 
2.00024e-316 2.00024e-316 2.00024e-316 2.00024e-316 2.00024e-316 
2.03203e-316 2.03203e-316 2.03203e-316 2.03203e-316 2.03203e-316 
2.50976e-05 2.50976e-05 2.50976e-05 2.50976e-05 2.50976e-05 
2.31483e-05 2.31483e-05 2.31483e-05 2.31483e-05 2.31483e-05 
0.0141568 0.0141568 0.0141568 0.0141568 0.0141568 
0 0 0 0 0 
2.07617e-316 2.07617e-316 2.07617e-316 2.07617e-316 2.07617e-316 
2.47033e-323 2.47033e-323 2.47033e-323 2.47033e-323 2.47033e-323 
2.02513e-316 2.02513e-316 2.02513e-316 2.02513e-316 2.02513e-316 
R=2parameters: 
-0.478504 -0.478504 
0.167469 0.167469 
0.220299 0.220299 
0.310303 0.310303 
-6.84371 -6.84371 
0 0 
0 0 
0 0 
0 0 
4.00193e-322 4.00193e-322 4.00193e-322 
0.000793099 0.000793099 0.000793099 
0.000116724 0.000116724 0.000116724 
0.00169201 0.00169201 0.00169201 
0.00258302 0.00258302 0.00258302 
0.00981211 0.00981211 0.00981211 
0 0 0 
0 0 0 
0 0 0 
0 0 0 0 
9.09575e-321 9.09575e-321 9.09575e-321 9.09575e-321 
6.94879e-310 6.94879e-310 6.94879e-310 6.94879e-310 
6.94879e-310 6.94879e-310 6.94879e-310 6.94879e-310 
2.19959e-316 2.19959e-316 2.19959e-316 2.19959e-316 
2.19959e-316 2.19959e-316 2.19959e-316 2.19959e-316 
0.420736 0.420736 0.420736 0.420736 
0.350192 0.350192 0.350192 0.350192 
0.23289 0.23289 0.23289 0.23289 
0.305684 0.305684 0.305684 
0.269929 0.269929 0.269929 
0.203275 0.203275 0.203275 
0.158288 0.158288 0.158288 
0.177844 0.177844 0.177844 
0.000101318 0.000101318 0.000101318 
2.63375e-05 2.63375e-05 2.63375e-05 
0.780983 0.780983 0.780983 
0.752442 0.752442 0.752442 
0.649059 0.649059 0.649059 0.649059 
0.594799 0.594799 0.594799 0.594799 
0.432582 0.432582 0.432582 0.432582 
6.37345e-322 6.37345e-322 6.37345e-322 6.37345e-322 
2.19983e-316 2.19983e-316 2.19983e-316 2.19983e-316 
-0.00942622 -0.00942622 -0.00942622 -0.00942622 
0.00662458 0.00662458 0.00662458 0.00662458 
0.0016855 0.0016855 0.0016855 0.0016855 
-0.00118491 -0.00118491 -0.00118491 -0.00118491 
0.000211989 0.000211989 0.000211989 0.000211989 0.000211989 
7.9231 7.9231 7.9231 7.9231 7.9231 
-0.168029 -0.168029 -0.168029 -0.168029 -0.168029 
0.0144519 0.0144519 0.0144519 0.0144519 0.0144519 
2.07576e-316 2.07576e-316 2.07576e-316 2.07576e-316 2.07576e-316 
2.19956e-316 2.19956e-316 2.19956e-316 2.19956e-316 2.19956e-316 
2.19954e-316 2.19954e-316 2.19954e-316 2.19954e-316 2.19954e-316 
0.0019275 0.0019275 0.0019275 0.0019275 0.0019275 
0.000259978 0.000259978 0.000259978 0.000259978 0.000259978 
R=3parameters: 
-0.379136 -0.379136 
0.196458 0.196458 
-0.0001121 -0.0001121 
0.160666 0.160666 
-0.0177379 -0.0177379 
0 0 
0 0 
0 0 
0 0 
4.00193e-322 4.00193e-322 4.00193e-322 
0.00139242 0.00139242 0.00139242 
0.000189501 0.000189501 0.000189501 
0.00323697 0.00323697 0.00323697 
0.0543858 0.0543858 0.0543858 
0.0705881 0.0705881 0.0705881 
0 0 0 
0 0 0 
0 0 0 
0 0 0 0 
6.24993e-321 6.24993e-321 6.24993e-321 6.24993e-321 
6.94879e-310 6.94879e-310 6.94879e-310 6.94879e-310 
6.94879e-310 6.94879e-310 6.94879e-310 6.94879e-310 
2.08061e-316 2.08061e-316 2.08061e-316 2.08061e-316 
2.08061e-316 2.08061e-316 2.08061e-316 2.08061e-316 
0.353522 0.353522 0.353522 0.353522 
0.278141 0.278141 0.278141 0.278141 
0.231307 0.231307 0.231307 0.231307 
0.197065 0.197065 0.197065 
0.164656 0.164656 0.164656 
0.137565 0.137565 0.137565 
0.0974012 0.0974012 0.0974012 
0.114136 0.114136 0.114136 
0.000207058 0.000207058 0.000207058 
5.77103e-05 5.77103e-05 5.77103e-05 
0.714859 0.714859 0.714859 
0.653953 0.653953 0.653953 
0.536633 0.536633 0.536633 0.536633 
0.476656 0.476656 0.476656 0.476656 
0.419886 0.419886 0.419886 0.419886 
0.358642 0.358642 0.358642 0.358642 
0.320711 0.320711 0.320711 0.320711 
0.280985 0.280985 0.280985 0.280985 
0.198411 0.198411 0.198411 0.198411 
0.241271 0.241271 0.241271 0.241271 
0.000154622 0.000154622 0.000154622 0.000154622 
4.12548e-05 4.12548e-05 4.12548e-05 4.12548e-05 4.12548e-05 
1.86147e-05 1.86147e-05 1.86147e-05 1.86147e-05 1.86147e-05 
0.909974 0.909974 0.909974 0.909974 0.909974 
0.864519 0.864519 0.864519 0.864519 0.864519 
0.754915 0.754915 0.754915 0.754915 0.754915 
0.676548 0.676548 0.676548 0.676548 0.676548 
0.620707 0.620707 0.620707 0.620707 0.620707 
2.18765e-316 2.18765e-316 2.18765e-316 2.18765e-316 2.18765e-316 
4.00193e-322 4.00193e-322 4.00193e-322 4.00193e-322 4.00193e-322 
R=4parameters: 
-0.285747 -0.285747 
0.226025 0.226025 
-0.000222477 -0.000222477 
0.204583 0.204583 
0.0367345 0.0367345 
0 0 
0 0 
0 0 
0 0 
4.00193e-322 4.00193e-322 4.00193e-322 
0.00222461 0.00222461 0.00222461 
0.000302447 0.000302447 0.000302447 
0.00573967 0.00573967 0.00573967 
0.110814 0.110814 0.110814 
0.140402 0.140402 0.140402 
0 0 0 
0 0 0 
0 0 0 
0 0 0 0 
9.09575e-321 9.09575e-321 9.09575e-321 9.09575e-321 
6.94879e-310 6.94879e-310 6.94879e-310 6.94879e-310 
6.94879e-310 6.94879e-310 6.94879e-310 6.94879e-310 
2.19959e-316 2.19959e-316 2.19959e-316 2.19959e-316 
2.19959e-316 2.19959e-316 2.19959e-316 2.19959e-316 
0.308792 0.308792 0.308792 0.308792 
0.232353 0.232353 0.232353 0.232353 
0.184569 0.184569 0.184569 0.184569 
0.153351 0.153351 0.153351 
0.12416 0.12416 0.12416 
0.0994359 0.0994359 0.0994359 
0.0790398 0.0790398 0.0790398 
0.0646582 0.0646582 0.0646582 
0.000336497 0.000336497 0.000336497 
9.99599e-05 9.99599e-05 9.99599e-05 
0.666284 0.666284 0.666284 
0.580373 0.580373 0.580373 
0.456044 0.456044 0.456044 0.456044 
0.392758 0.392758 0.392758 0.392758 
0.334566 0.334566 0.334566 0.334566 
0.278523 0.278523 0.278523 0.278523 
0.244001 0.244001 0.244001 0.244001 
0.211627 0.211627 0.211627 0.211627 
0 0 0 0 
0 0 0 0 
1.67772e+07 1.67772e+07 1.67772e+07 1.67772e+07 
1.63042e-322 1.63042e-322 1.63042e-322 1.63042e-322 1.63042e-322 
6.94877e-310 6.94877e-310 6.94877e-310 6.94877e-310 6.94877e-310 
2.122e-314 2.122e-314 2.122e-314 2.122e-314 2.122e-314 
2.03058e-316 2.03058e-316 2.03058e-316 2.03058e-316 2.03058e-316 
1.63042e-322 1.63042e-322 1.63042e-322 1.63042e-322 1.63042e-322 
6.94877e-310 6.94877e-310 6.94877e-310 6.94877e-310 6.94877e-310 
2.122e-314 2.122e-314 2.122e-314 2.122e-314 2.122e-314 
2.01716e-316 2.01716e-316 2.01716e-316 2.01716e-316 2.01716e-316 
2.37152e-322 2.37152e-322 2.37152e-322 2.37152e-322 2.37152e-322 
R=5parameters: 
-0.203251 -0.203251 
0.255771 0.255771 
0.682814 0.682814 
1.42611 1.42611 
-13.0698 -13.0698 
0 0 
0 0 
0 0 
0 0 
4.00193e-322 4.00193e-322 4.00193e-322 
0.00325952 0.00325952 0.00325952 
0.000433654 0.000433654 0.000433654 
0.00930599 0.00930599 0.00930599 
1 1 1 
1 1 1 
0 0 0 
0 0 0 
0 0 0 
0 0 0 0 
9.09575e-321 9.09575e-321 9.09575e-321 9.09575e-321 
2.20174e-316 2.20174e-316 2.20174e-316 2.20174e-316 
6.94879e-310 6.94879e-310 6.94879e-310 6.94879e-310 
2.19959e-316 2.19959e-316 2.19959e-316 2.19959e-316 
2.19959e-316 2.19959e-316 2.19959e-316 2.19959e-316 
4.83094e-06 4.83094e-06 4.83094e-06 4.83094e-06 
3.76261e-06 3.76261e-06 3.76261e-06 3.76261e-06 
1.44309e-06 1.44309e-06 1.44309e-06 1.44309e-06 
6.42373e-06 6.42373e-06 6.42373e-06 
4.7848e-06 4.7848e-06 4.7848e-06 
0.0745641 0.0745641 0.0745641 
0.0565742 0.0565742 0.0565742 
0.0459854 0.0459854 0.0459854 
0.000475397 0.000475397 0.000475397 
0.000149193 0.000149193 0.000149193 
0.62868 0.62868 0.62868 
0.525565 0.525565 0.525565 
0.397689 0.397689 0.397689 0.397689 
0.332445 0.332445 0.332445 0.332445 
0.271905 0.271905 0.271905 0.271905 
0.219144 0.219144 0.219144 0.219144 
0.187168 0.187168 0.187168 0.187168 
0.163208 0.163208 0.163208 0.163208 
0.131735 0.131735 0.131735 0.131735 
0.099196 0.099196 0.099196 0.099196 
0.000331659 0.000331659 0.000331659 0.000331659 
9.37946e-05 9.37946e-05 9.37946e-05 9.37946e-05 9.37946e-05 
2.01724e-316 2.01724e-316 2.01724e-316 2.01724e-316 2.01724e-316 
-27160.5 -27160.5 -27160.5 -27160.5 -27160.5 
0.000192958 0.000192958 0.000192958 0.000192958 0.000192958 
3.40009e-05 3.40009e-05 3.40009e-05 3.40009e-05 3.40009e-05 
-1.63174e-05 -1.63174e-05 -1.63174e-05 -1.63174e-05 -1.63174e-05 
1.57612e-06 1.57612e-06 1.57612e-06 1.57612e-06 1.57612e-06 
5.77316e-06 5.77316e-06 5.77316e-06 5.77316e-06 5.77316e-06 
-80157.4 -80157.4 -80157.4 -80157.4 -80157.4 
R=6parameters: 
-0.13581 -0.13581 
0.287725 0.287725 
0.0434971 0.0434971 
-18.4771 -18.4771 
112.139 112.139 
0 0 
0 0 
0 0 
0 0 
4.00193e-322 4.00193e-322 4.00193e-322 
0.00463492 0.00463492 0.00463492 
0.000607563 0.000607563 0.000607563 
0.0144351 0.0144351 0.0144351 
0.0542842 0.0542842 0.0542842 
0.677781 0.677781 0.677781 
0 0 0 
0 0 0 
0 0 0 
0 0 0 0 
9.09575e-321 9.09575e-321 9.09575e-321 9.09575e-321 
6.94879e-310 6.94879e-310 6.94879e-310 6.94879e-310 
6.94879e-310 6.94879e-310 6.94879e-310 6.94879e-310 
2.19959e-316 2.19959e-316 2.19959e-316 2.19959e-316 
2.19959e-316 2.19959e-316 2.19959e-316 2.19959e-316 
0.251411 0.251411 0.251411 0.251411 
0.17674 0.17674 0.17674 0.17674 
0.13129 0.13129 0.13129 0.13129 
0.102155 0.102155 0.102155 
0.0770046 0.0770046 0.0770046 
0.0597592 0.0597592 0.0597592 
0.0447478 0.0447478 0.0447478 
0.0354063 0.0354063 0.0354063 
0.000609819 0.000609819 0.000609819 
0.000201012 0.000201012 0.000201012 
0.601584 0.601584 0.601584 
0.487447 0.487447 0.487447 
0.355503 0.355503 0.355503 0.355503 
0.292641 0.292641 0.292641 0.292641 
0.229089 0.229089 0.229089 0.229089 
0.180188 0.180188 0.180188 0.180188 
0.149255 0.149255 0.149255 0.149255 
0.126052 0.126052 0.126052 0.126052 
3.77981e-11 3.77981e-11 3.77981e-11 3.77981e-11 
2.47014e+06 2.47014e+06 2.47014e+06 2.47014e+06 
0 0 0 0 
2.42092e-322 2.42092e-322 2.42092e-322 2.42092e-322 2.42092e-322 
0.995612 0.995612 0.995612 0.995612 0.995612 
2.19965e-316 2.19965e-316 2.19965e-316 2.19965e-316 2.19965e-316 
0.0108684 0.0108684 0.0108684 0.0108684 0.0108684 
10.2493 10.2493 10.2493 10.2493 10.2493 
1.061e-313 1.061e-313 1.061e-313 1.061e-313 1.061e-313 
2.19971e-316 2.19971e-316 2.19971e-316 2.19971e-316 2.19971e-316 
-0.597442 -0.597442 -0.597442 -0.597442 -0.597442 
0.000505583 0.000505583 0.000505583 0.000505583 0.000505583 
R=7parameters: 
-0.0884813 -0.0884813 
0.325336 0.325336 
-0.000840759 -0.000840759 
0.274562 0.274562 
0.390751 0.390751 
0 0 
0 0 
0 0 
0 0 
4.00193e-322 4.00193e-322 4.00193e-322 
0.00622248 0.00622248 0.00622248 
0.000883212 0.000883212 0.000883212 
0 0 0 
0.430721 0.430721 0.430721 
0.498423 0.498423 0.498423 
0 0 0 
0 0 0 
0 0 0 
0 0 0 0 
9.09575e-321 9.09575e-321 9.09575e-321 9.09575e-321 
6.94879e-310 6.94879e-310 6.94879e-310 6.94879e-310 
6.94879e-310 6.94879e-310 6.94879e-310 6.94879e-310 
2.19915e-316 2.19915e-316 2.19915e-316 2.19915e-316 
2.19915e-316 2.19915e-316 2.19915e-316 2.19915e-316 
0.232797 0.232797 0.232797 0.232797 
0.159605 0.159605 0.159605 0.159605 
0.115193 0.115193 0.115193 0.115193 
0.0872924 0.0872924 0.0872924 
0.0629372 0.0629372 0.0629372 
0.0486622 0.0486622 0.0486622 
0.0372906 0.0372906 0.0372906 
0.029537 0.029537 0.029537 
0.000731624 0.000731624 0.000731624 
0.000250461 0.000250461 0.000250461 
0.579714 0.579714 0.579714 
0.456825 0.456825 0.456825 
0.324129 0.324129 0.324129 0.324129 
0.262526 0.262526 0.262526 0.262526 
0.198092 0.198092 0.198092 0.198092 
0.152279 0.152279 0.152279 0.152279 
0.124561 0.124561 0.124561 0.124561 
2.06742e-316 2.06742e-316 2.06742e-316 2.06742e-316 
1.99768e-316 1.99768e-316 1.99768e-316 1.99768e-316 
2.07352e-316 2.07352e-316 2.07352e-316 2.07352e-316 
2.08296e-316 2.08296e-316 2.08296e-316 2.08296e-316 
1.85533e-316 1.85533e-316 1.85533e-316 1.85533e-316 1.85533e-316 
2.02513e-316 2.02513e-316 2.02513e-316 2.02513e-316 2.02513e-316 
2.02515e-316 2.02515e-316 2.02515e-316 2.02515e-316 2.02515e-316 
2.00022e-316 2.00022e-316 2.00022e-316 2.00022e-316 2.00022e-316 
5304.3 5304.3 5304.3 5304.3 5304.3 
37.1191 37.1191 37.1191 37.1191 37.1191 
-774.104 -774.104 -774.104 -774.104 -774.104 
249.565 249.565 249.565 249.565 249.565 
3.21143e-322 3.21143e-322 3.21143e-322 3.21143e-322 3.21143e-322 
R=8parameters: 
-0.0578859 -0.0578859 
0.365854 0.365854 
-0.00130851 -0.00130851 
0.114875 0.114875 
0.710101 0.710101 
0 0 
0 0 
0 0 
0 0 
4.00193e-322 4.00193e-322 4.00193e-322 
0.00789455 0.00789455 0.00789455 
0.00126528 0.00126528 0.00126528 
0 0 0 
0.557984 0.557984 0.557984 
0.627945 0.627945 0.627945 
0 0 0 
0 0 0 
0 0 0 
0 0 0 0 
9.09575e-321 9.09575e-321 9.09575e-321 9.09575e-321 
6.94879e-310 6.94879e-310 6.94879e-310 6.94879e-310 
6.94879e-310 6.94879e-310 6.94879e-310 6.94879e-310 
2.19959e-316 2.19959e-316 2.19959e-316 2.19959e-316 
2.19959e-316 2.19959e-316 2.19959e-316 2.19959e-316 
0.218617 0.218617 0.218617 0.218617 
0.147108 0.147108 0.147108 0.147108 
0.103816 0.103816 0.103816 0.103816 
0.0763472 0.0763472 0.0763472 
0.0544423 0.0544423 0.0544423 
0.0420935 0.0420935 0.0420935 
0.0326572 0.0326572 0.0326572 
0.0242815 0.0242815 0.0242815 
0.000832495 0.000832495 0.000832495 
0.000295211 0.000295211 0.000295211 
0.562738 0.562738 0.562738 
0.432032 0.432032 0.432032 
0.302119 0.302119 0.302119 0.302119 
0.242787 0.242787 0.242787 0.242787 
0.179593 0.179593 0.179593 0.179593 
0.132452 0.132452 0.132452 0.132452 
1.09087e-11 1.09087e-11 1.09087e-11 1.09087e-11 
-4095.83 -4095.83 -4095.83 -4095.83 
0 0 0 0 
2.42092e-322 2.42092e-322 2.42092e-322 2.42092e-322 
2.18731e-316 2.18731e-316 2.18731e-316 2.18731e-316 
2.02512e-316 2.02512e-316 2.02512e-316 2.02512e-316 2.02512e-316 
0.706055 0.706055 0.706055 0.706055 0.706055 
2.0795e-316 2.0795e-316 2.0795e-316 2.0795e-316 2.0795e-316 
2.06454e-316 2.06454e-316 2.06454e-316 2.06454e-316 2.06454e-316 
2.42092e-322 2.42092e-322 2.42092e-322 2.42092e-322 2.42092e-322 
317.287 317.287 317.287 317.287 317.287 
2.19753e-316 2.19753e-316 2.19753e-316 2.19753e-316 2.19753e-316 
-2174.42 -2174.42 -2174.42 -2174.42 -2174.42 
3.21143e-322 3.21143e-322 3.21143e-322 3.21143e-322 3.21143e-322 
R=9parameters: 
-0.0469277 -0.0469277 
0.403545 0.403545 
-0.00189348 -0.00189348 
-0.281719 -0.281719 
1.24713 1.24713 
0 0 
0 0 
0 0 
0 0 
4.00193e-322 4.00193e-322 4.00193e-322 
0.00963997 0.00963997 0.00963997 
0.00169903 0.00169903 0.00169903 
0.0346846 0.0346846 0.0346846 
0.631333 0.631333 0.631333 
0.706079 0.706079 0.706079 
0 0 0 
0 0 0 
0 0 0 
0 0 0 0 
9.09575e-321 9.09575e-321 9.09575e-321 9.09575e-321 
6.94879e-310 6.94879e-310 6.94879e-310 6.94879e-310 
6.94879e-310 6.94879e-310 6.94879e-310 6.94879e-310 
2.19959e-316 2.19959e-316 2.19959e-316 2.19959e-316 
2.19959e-316 2.19959e-316 2.19959e-316 2.19959e-316 
0.207699 0.207699 0.207699 0.207699 
0.136964 0.136964 0.136964 0.136964 
0.0951927 0.0951927 0.0951927 0.0951927 
0.0669136 0.0669136 0.0669136 
0.046893 0.046893 0.046893 
0.0370888 0.0370888 0.0370888 
0.0292719 0.0292719 0.0292719 
0.0216676 0.0216676 0.0216676 
0.000907653 0.000907653 0.000907653 
0.000329922 0.000329922 0.000329922 
0.549044 0.549044 0.549044 
0.415694 0.415694 0.415694 
0.288719 0.288719 0.288719 0.288719 
0.229502 0.229502 0.229502 0.229502 
0.164742 0.164742 0.164742 0.164742 
0.118789 0.118789 0.118789 0.118789 
-8.17821e-06 -8.17821e-06 -8.17821e-06 -8.17821e-06 
0.000551176 0.000551176 0.000551176 0.000551176 
2.08006 2.08006 2.08006 2.08006 
-367.597 -367.597 -367.597 -367.597 
0 0 0 0 
4.00193e-322 4.00193e-322 4.00193e-322 4.00193e-322 4.00193e-322 
2.19963e-316 2.19963e-316 2.19963e-316 2.19963e-316 2.19963e-316 
0.000315895 0.000315895 0.000315895 0.000315895 0.000315895 
-5372.71 -5372.71 -5372.71 -5372.71 -5372.71 
3.62193e-08 3.62193e-08 3.62193e-08 3.62193e-08 3.62193e-08 
2.37152e-322 2.37152e-322 2.37152e-322 2.37152e-322 2.37152e-322 
3.14302e-05 3.14302e-05 3.14302e-05 3.14302e-05 3.14302e-05 
0.000130031 0.000130031 0.000130031 0.000130031 0.000130031 
0 0 0 0 0 
R=10parameters: 
-0.0434929 -0.0434929 
0.429583 0.429583 
-0.0035582 -0.0035582 
-1.28684 -1.28684 
2.37631 2.37631 
0 0 
0 0 
0 0 
0 0 
4.00193e-322 4.00193e-322 4.00193e-322 
0.0109407 0.0109407 0.0109407 
0.00215688 0.00215688 0.00215688 
0.0398916 0.0398916 0.0398916 
0.535389 0.535389 0.535389 
0.634163 0.634163 0.634163 
0 0 0 
0 0 0 
0 0 0 
0 0 0 0 
9.09575e-321 9.09575e-321 9.09575e-321 9.09575e-321 
2.19741e-316 2.19741e-316 2.19741e-316 2.19741e-316 
6.94879e-310 6.94879e-310 6.94879e-310 6.94879e-310 
2.19741e-316 2.19741e-316 2.19741e-316 2.19741e-316 
2.19741e-316 2.19741e-316 2.19741e-316 2.19741e-316 
8143.31 8143.31 8143.31 8143.31 
1.99779e-316 1.99779e-316 1.99779e-316 1.99779e-316 
3.23796e-319 3.23796e-319 3.23796e-319 3.23796e-319 
7.90999e-321 7.90999e-321 7.90999e-321 
6.94879e-310 6.94879e-310 6.94879e-310 
0.0331805 0.0331805 0.0331805 
0.0271346 0.0271346 0.0271346 
0.0193717 0.0193717 0.0193717 
0.000955062 0.000955062 0.000955062 
0.000351775 0.000351775 0.000351775 
0.540329 0.540329 0.540329 
0.404157 0.404157 0.404157 
0.279446 0.279446 0.279446 0.279446 
0.221489 0.221489 0.221489 0.221489 
0.155887 0.155887 0.155887 0.155887 
0.11331 0.11331 0.11331 0.11331 
0.0855534 0.0855534 0.0855534 0.0855534 
0.0615129 0.0615129 0.0615129 0.0615129 
0 0 0 0 
3.21143e-322 3.21143e-322 3.21143e-322 3.21143e-322 
2.1979e-316 2.1979e-316 2.1979e-316 2.1979e-316 
5.38037e-321 5.38037e-321 5.38037e-321 5.38037e-321 5.38037e-321 
6.94879e-310 6.94879e-310 6.94879e-310 6.94879e-310 6.94879e-310 
0.655757 0.655757 0.655757 0.655757 0.655757 
2.19961e-316 2.19961e-316 2.19961e-316 2.19961e-316 2.19961e-316 
2.19951e-316 2.19951e-316 2.19951e-316 2.19951e-316 2.19951e-316 
640.056 640.056 640.056 640.056 640.056 
2.42092e-322 2.42092e-322 2.42092e-322 2.42092e-322 2.42092e-322 
2.20012e-316 2.20012e-316 2.20012e-316 2.20012e-316 2.20012e-316 
3.21143e-322 3.21143e-322 3.21143e-322 3.21143e-322 3.21143e-322 
R=11parameters: 
-0.0435337 -0.0435337 
0.439143 0.439143 
-0.00536734 -0.00536734 
-2.00761 -2.00761 
3.18281 3.18281 
0 0 
0 0 
0 0 
0 0 
4.00193e-322 4.00193e-322 4.00193e-322 
0.0116199 0.0116199 0.0116199 
0.0023527 0.0023527 0.0023527 
0.0408284 0.0408284 0.0408284 
0.455983 0.455983 0.455983 
0.573965 0.573965 0.573965 
0 0 0 
0 0 0 
0 0 0 
0 0 0 0 
9.09575e-321 9.09575e-321 9.09575e-321 9.09575e-321 
6.94879e-310 6.94879e-310 6.94879e-310 6.94879e-310 
6.94879e-310 6.94879e-310 6.94879e-310 6.94879e-310 
2.19959e-316 2.19959e-316 2.19959e-316 2.19959e-316 
2.19959e-316 2.19959e-316 2.19959e-316 2.19959e-316 
0.201243 0.201243 0.201243 0.201243 
0.130847 0.130847 0.130847 0.130847 
0.0893236 0.0893236 0.0893236 0.0893236 
0.0600677 0.0600677 0.0600677 
0.04044 0.04044 0.04044 
0.0310055 0.0310055 0.0310055 
0.026155 0.026155 0.026155 
0.0180751 0.0180751 0.0180751 
0.000971309 0.000971309 0.000971309 
0.000359184 0.000359184 0.000359184 
0.536671 0.536671 0.536671 
0.40052 0.40052 0.40052 
0.27846 0.27846 0.27846 0.27846 
0.217045 0.217045 0.217045 0.217045 
0.153327 0.153327 0.153327 0.153327 
2.08314e-316 2.08314e-316 2.08314e-316 2.08314e-316 
2.01716e-316 2.01716e-316 2.01716e-316 2.01716e-316 
9.58719e-317 9.58719e-317 9.58719e-317 9.58719e-317 
0 0 0 0 
0 0 0 0 
1.67772e+07 1.67772e+07 1.67772e+07 1.67772e+07 
3.21143e-322 3.21143e-322 3.21143e-322 3.21143e-322 3.21143e-322 
2.06267e-316 2.06267e-316 2.06267e-316 2.06267e-316 2.06267e-316 
2.07613e-316 2.07613e-316 2.07613e-316 2.07613e-316 2.07613e-316 
0.521855 0.521855 0.521855 0.521855 0.521855 
2.122e-314 2.122e-314 2.122e-314 2.122e-314 2.122e-314 
1.58101e-322 1.58101e-322 1.58101e-322 1.58101e-322 1.58101e-322 
1.17669e-06 1.17669e-06 1.17669e-06 1.17669e-06 1.17669e-06 
8.96561e-06 8.96561e-06 8.96561e-06 8.96561e-06 8.96561e-06 
2.42092e-322 2.42092e-322 2.42092e-322 2.42092e-322 2.42092e-322 
T Models:
(* Fitting with shape 1 1 1 1 1 1 1 1 1 1 0 0 *)
G[T_,xx_]:=Exp[0+xx[[1]]*T^1+xx[[2]]*T^2]*(1)
(* Fitting with shape 1 1 1 1 1 1 1 1 1 1 1 0 *)
G[T_,xx_]:=Exp[0+xx[[1]]*T^1+xx[[2]]*T^2]*(1)
(* Fitting with shape 1 1 1 1 1 1 1 1 1 1 1 1 *)
G[T_,xx_]:=Exp[0+xx[[1]]*T^1+xx[[2]]*T^2]*(1)
(* Fitting with shape 0 1 1 1 1 1 1 1 1 1 0 0 *)
G[T_,xx_]:=Exp[0+xx[[1]]*T^1+xx[[2]]*T^2]*(1)
(* Fitting with shape 0 1 1 1 1 1 1 1 1 1 1 0 *)
G[T_,xx_]:=Exp[0+xx[[1]]*T^1+xx[[2]]*T^2]*(1)
(* Fitting with shape 0 1 1 1 1 1 1 1 1 1 1 1 *)
G[T_,xx_]:=Exp[0+xx[[1]]*T^1+xx[[2]]*T^2]*(1)
(* Fitting with shape 0 0 1 1 1 1 1 1 1 1 0 0 *)
G[T_,xx_]:=Exp[0+xx[[1]]*T^1+xx[[2]]*T^2]*(1)
(* Fitting with shape 0 0 1 1 1 1 1 1 1 1 1 0 *)
G[T_,xx_]:=Exp[0+xx[[1]]*T^1+xx[[2]]*T^2]*(1)
(* Fitting with shape 0 0 1 1 1 1 1 1 1 1 1 1 *)
G[T_,xx_]:=Exp[0+xx[[1]]*T^1+xx[[2]]*T^2]*(1)
(* Fitting with shape 1 1 1 1 1 1 1 1 1 1 0 0 *)
G[T_,xx_]:=Exp[0+xx[[1]]*T^1+xx[[2]]*T^2]*(1+xx[[3]]/(T^1))
(* Fitting with shape 1 1 1 1 1 1 1 1 1 1 1 0 *)
G[T_,xx_]:=Exp[0+xx[[1]]*T^1+xx[[2]]*T^2]*(1+xx[[3]]/(T^1))
(* Fitting with shape 1 1 1 1 1 1 1 1 1 1 1 1 *)
G[T_,xx_]:=Exp[0+xx[[1]]*T^1+xx[[2]]*T^2]*(1+xx[[3]]/(T^1))
(* Fitting with shape 0 1 1 1 1 1 1 1 1 1 0 0 *)
G[T_,xx_]:=Exp[0+xx[[1]]*T^1+xx[[2]]*T^2]*(1+xx[[3]]/(T^1))
(* Fitting with shape 0 1 1 1 1 1 1 1 1 1 1 0 *)
G[T_,xx_]:=Exp[0+xx[[1]]*T^1+xx[[2]]*T^2]*(1+xx[[3]]/(T^1))
(* Fitting with shape 0 1 1 1 1 1 1 1 1 1 1 1 *)
G[T_,xx_]:=Exp[0+xx[[1]]*T^1+xx[[2]]*T^2]*(1+xx[[3]]/(T^1))
(* Fitting with shape 0 0 1 1 1 1 1 1 1 1 0 0 *)
G[T_,xx_]:=Exp[0+xx[[1]]*T^1+xx[[2]]*T^2]*(1+xx[[3]]/(T^1))
(* Fitting with shape 0 0 1 1 1 1 1 1 1 1 1 0 *)
G[T_,xx_]:=Exp[0+xx[[1]]*T^1+xx[[2]]*T^2]*(1+xx[[3]]/(T^1))
(* Fitting with shape 0 0 1 1 1 1 1 1 1 1 1 1 *)
G[T_,xx_]:=Exp[0+xx[[1]]*T^1+xx[[2]]*T^2]*(1+xx[[3]]/(T^1))
(* Fitting with shape 1 1 1 1 1 1 1 1 1 1 0 0 *)
G[T_,xx_]:=Exp[0+xx[[1]]*T^1+xx[[2]]*T^2]*(1+xx[[3]]/(T^1)+xx[[4]]/(T^2))
(* Fitting with shape 1 1 1 1 1 1 1 1 1 1 1 0 *)
G[T_,xx_]:=Exp[0+xx[[1]]*T^1+xx[[2]]*T^2]*(1+xx[[3]]/(T^1)+xx[[4]]/(T^2))
(* Fitting with shape 1 1 1 1 1 1 1 1 1 1 1 1 *)
G[T_,xx_]:=Exp[0+xx[[1]]*T^1+xx[[2]]*T^2]*(1+xx[[3]]/(T^1)+xx[[4]]/(T^2))
(* Fitting with shape 0 1 1 1 1 1 1 1 1 1 0 0 *)
G[T_,xx_]:=Exp[0+xx[[1]]*T^1+xx[[2]]*T^2]*(1+xx[[3]]/(T^1)+xx[[4]]/(T^2))
(* Fitting with shape 0 1 1 1 1 1 1 1 1 1 1 0 *)
G[T_,xx_]:=Exp[0+xx[[1]]*T^1+xx[[2]]*T^2]*(1+xx[[3]]/(T^1)+xx[[4]]/(T^2))
(* Fitting with shape 0 1 1 1 1 1 1 1 1 1 1 1 *)
G[T_,xx_]:=Exp[0+xx[[1]]*T^1+xx[[2]]*T^2]*(1+xx[[3]]/(T^1)+xx[[4]]/(T^2))
(* Fitting with shape 0 0 1 1 1 1 1 1 1 1 0 0 *)
G[T_,xx_]:=Exp[0+xx[[1]]*T^1+xx[[2]]*T^2]*(1+xx[[3]]/(T^1)+xx[[4]]/(T^2))
(* Fitting with shape 0 0 1 1 1 1 1 1 1 1 1 0 *)
G[T_,xx_]:=Exp[0+xx[[1]]*T^1+xx[[2]]*T^2]*(1+xx[[3]]/(T^1)+xx[[4]]/(T^2))
(* Fitting with shape 0 0 1 1 1 1 1 1 1 1 1 1 *)
G[T_,xx_]:=Exp[0+xx[[1]]*T^1+xx[[2]]*T^2]*(1+xx[[3]]/(T^1)+xx[[4]]/(T^2))
(* Fitting with shape 1 1 1 1 1 1 1 1 1 1 0 0 *)
G[T_,xx_]:=Exp[0+xx[[1]]*T^1+xx[[2]]*T^2+xx[[3]]*T^3]*(1)
(* Fitting with shape 1 1 1 1 1 1 1 1 1 1 1 0 *)
G[T_,xx_]:=Exp[0+xx[[1]]*T^1+xx[[2]]*T^2+xx[[3]]*T^3]*(1)
(* Fitting with shape 1 1 1 1 1 1 1 1 1 1 1 1 *)
G[T_,xx_]:=Exp[0+xx[[1]]*T^1+xx[[2]]*T^2+xx[[3]]*T^3]*(1)
(* Fitting with shape 0 1 1 1 1 1 1 1 1 1 0 0 *)
G[T_,xx_]:=Exp[0+xx[[1]]*T^1+xx[[2]]*T^2+xx[[3]]*T^3]*(1)
(* Fitting with shape 0 1 1 1 1 1 1 1 1 1 1 0 *)
G[T_,xx_]:=Exp[0+xx[[1]]*T^1+xx[[2]]*T^2+xx[[3]]*T^3]*(1)
(* Fitting with shape 0 1 1 1 1 1 1 1 1 1 1 1 *)
G[T_,xx_]:=Exp[0+xx[[1]]*T^1+xx[[2]]*T^2+xx[[3]]*T^3]*(1)
(* Fitting with shape 0 0 1 1 1 1 1 1 1 1 0 0 *)
G[T_,xx_]:=Exp[0+xx[[1]]*T^1+xx[[2]]*T^2+xx[[3]]*T^3]*(1)
(* Fitting with shape 0 0 1 1 1 1 1 1 1 1 1 0 *)
G[T_,xx_]:=Exp[0+xx[[1]]*T^1+xx[[2]]*T^2+xx[[3]]*T^3]*(1)
(* Fitting with shape 0 0 1 1 1 1 1 1 1 1 1 1 *)
G[T_,xx_]:=Exp[0+xx[[1]]*T^1+xx[[2]]*T^2+xx[[3]]*T^3]*(1)
(* Fitting with shape 1 1 1 1 1 1 1 1 1 1 0 0 *)
G[T_,xx_]:=Exp[0+xx[[1]]*T^1+xx[[2]]*T^2+xx[[3]]*T^3]*(1+xx[[4]]/(T^1))
(* Fitting with shape 1 1 1 1 1 1 1 1 1 1 1 0 *)
G[T_,xx_]:=Exp[0+xx[[1]]*T^1+xx[[2]]*T^2+xx[[3]]*T^3]*(1+xx[[4]]/(T^1))
(* Fitting with shape 1 1 1 1 1 1 1 1 1 1 1 1 *)
G[T_,xx_]:=Exp[0+xx[[1]]*T^1+xx[[2]]*T^2+xx[[3]]*T^3]*(1+xx[[4]]/(T^1))
(* Fitting with shape 0 1 1 1 1 1 1 1 1 1 0 0 *)
G[T_,xx_]:=Exp[0+xx[[1]]*T^1+xx[[2]]*T^2+xx[[3]]*T^3]*(1+xx[[4]]/(T^1))
(* Fitting with shape 0 1 1 1 1 1 1 1 1 1 1 0 *)
G[T_,xx_]:=Exp[0+xx[[1]]*T^1+xx[[2]]*T^2+xx[[3]]*T^3]*(1+xx[[4]]/(T^1))
(* Fitting with shape 0 1 1 1 1 1 1 1 1 1 1 1 *)
G[T_,xx_]:=Exp[0+xx[[1]]*T^1+xx[[2]]*T^2+xx[[3]]*T^3]*(1+xx[[4]]/(T^1))
(* Fitting with shape 0 0 1 1 1 1 1 1 1 1 0 0 *)
G[T_,xx_]:=Exp[0+xx[[1]]*T^1+xx[[2]]*T^2+xx[[3]]*T^3]*(1+xx[[4]]/(T^1))
(* Fitting with shape 0 0 1 1 1 1 1 1 1 1 1 0 *)
G[T_,xx_]:=Exp[0+xx[[1]]*T^1+xx[[2]]*T^2+xx[[3]]*T^3]*(1+xx[[4]]/(T^1))
(* Fitting with shape 0 0 1 1 1 1 1 1 1 1 1 1 *)
G[T_,xx_]:=Exp[0+xx[[1]]*T^1+xx[[2]]*T^2+xx[[3]]*T^3]*(1+xx[[4]]/(T^1))
(* Fitting with shape 1 1 1 1 1 1 1 1 1 1 0 0 *)
G[T_,xx_]:=Exp[0+xx[[1]]*T^1+xx[[2]]*T^2+xx[[3]]*T^3]*(1+xx[[4]]/(T^1)+xx[[5]]/(T^2))
(* Fitting with shape 1 1 1 1 1 1 1 1 1 1 1 0 *)
G[T_,xx_]:=Exp[0+xx[[1]]*T^1+xx[[2]]*T^2+xx[[3]]*T^3]*(1+xx[[4]]/(T^1)+xx[[5]]/(T^2))
(* Fitting with shape 1 1 1 1 1 1 1 1 1 1 1 1 *)
G[T_,xx_]:=Exp[0+xx[[1]]*T^1+xx[[2]]*T^2+xx[[3]]*T^3]*(1+xx[[4]]/(T^1)+xx[[5]]/(T^2))
(* Fitting with shape 0 1 1 1 1 1 1 1 1 1 0 0 *)
G[T_,xx_]:=Exp[0+xx[[1]]*T^1+xx[[2]]*T^2+xx[[3]]*T^3]*(1+xx[[4]]/(T^1)+xx[[5]]/(T^2))
(* Fitting with shape 0 1 1 1 1 1 1 1 1 1 1 0 *)
G[T_,xx_]:=Exp[0+xx[[1]]*T^1+xx[[2]]*T^2+xx[[3]]*T^3]*(1+xx[[4]]/(T^1)+xx[[5]]/(T^2))
(* Fitting with shape 0 1 1 1 1 1 1 1 1 1 1 1 *)
G[T_,xx_]:=Exp[0+xx[[1]]*T^1+xx[[2]]*T^2+xx[[3]]*T^3]*(1+xx[[4]]/(T^1)+xx[[5]]/(T^2))
(* Fitting with shape 0 0 1 1 1 1 1 1 1 1 0 0 *)
G[T_,xx_]:=Exp[0+xx[[1]]*T^1+xx[[2]]*T^2+xx[[3]]*T^3]*(1+xx[[4]]/(T^1)+xx[[5]]/(T^2))
(* Fitting with shape 0 0 1 1 1 1 1 1 1 1 1 0 *)
G[T_,xx_]:=Exp[0+xx[[1]]*T^1+xx[[2]]*T^2+xx[[3]]*T^3]*(1+xx[[4]]/(T^1)+xx[[5]]/(T^2))
(* Fitting with shape 0 0 1 1 1 1 1 1 1 1 1 1 *)
G[T_,xx_]:=Exp[0+xx[[1]]*T^1+xx[[2]]*T^2+xx[[3]]*T^3]*(1+xx[[4]]/(T^1)+xx[[5]]/(T^2))
Probabilities: 
       0        0        0        0        0        0        0        0        0        0        0        0        0        0        0        0        0        0        0        0        0        0        0        0        1        0        0        0        0        0        0        0        0        0        0        0        0        0        0        0        0        0        0        0        0        0        0        0        0        0        0        0        0        0
       0        0        0        0        0        0        0        0        0        0        0        0        0        0        0        0        0        0        0        0        0        0        0        0        0        0        0        0        0        0        0        0        0        0        0        0        0        0        0        0        0        0        0        0        0        0        0        0        0        0        0        1        0        0
       0        0        0        0        0        0        0        0        0        0        0        0        0        0        0        0        0        0        0        0        0        0        0        0        0        0        0        0        0        0        0        0        0        0        0        0        0        0        0        0        0        0        0        0        0        0        0        0        0        0        0        1        0        0
       0        0        0        0        0        0        0        0        0        0        0        0        0        0        0        1        0        0        0        0        0        0        0        0        0        0        0        0        0        0        0        0        0        0        0        0        0        0        0        0        0        0        0        0        0        0        0        0        0        0        0        0        0        0
       0        0        0        0        0        0        0        0        0        0        0        0        0        0        0        0        0        0        0        0        0        0        0        0 0.206827        0        0        0        0        0        0        0        0        0        0        0        0        0        0        0        0        0 0.528769        0        0        0        0        0        0        0        0 0.264404        0        0
       0        0        0        0        0        0        0        0        0        0        0        0        0        0        0 0.527386        0        0        0        0        0        0        0        0 0.472614        0        0        0        0        0        0        0        0        0        0        0        0        0        0        0        0        0        0        0        0        0        0        0        0        0        0        0        0        0
       0        0        0        0        0        0        0        0        0        0        0        0        0        0        0 0.357598        0        0        0        0        0        0        0        0 0.226772        0        0        0        0        0        0        0        0        0        0        0        0        0        0        0        0        0  0.41563        0        0        0        0        0        0        0        0        0        0        0
       0        0        0        0        0        0        0        0        0        0        0        0        0        0        0        0        0        0        0        0        0        0        0        0 0.422023        0        0        0        0        0        0        0        0        0        0        0        0        0        0        0        0        0        0        0        0        0        0        0        0        0        0 0.577977        0        0
       0        0        0        0        0        0        0        0        0        0        0        0        0        0        0 0.503724        0        0        0        0        0        0        0        0 0.191824        0        0        0        0        0        0        0        0        0        0        0        0        0        0        0        0        0        0        0        0        0        0        0        0        0        0 0.304452        0        0
       0        0        0        0        0        0        0        0        0        0        0        0        0        0        0 0.563834        0        0        0        0        0        0        0        0 0.223468        0        0        0        0        0        0        0        0        0        0        0        0        0        0        0        0        0 0.212698        0        0        0        0        0        0        0        0        0        0        0
       0        0        0        0        0        0        0        0        0        0        0        0        0        0        0 0.352976        0        0        0        0        0        0        0        0 0.186374        0        0        0        0        0        0        0        0        0        0        0        0        0        0        0        0        0 0.133615        0        0        0        0        0        0        0        0 0.327035        0        0
       0        0        0        0        0        0        0        0        0        0        0        0        0        0        0        0        0        0        0        0        0        0        0        0 0.359785        0        0        0        0        0        0        0        0        0        0        0        0        0        0        0        0        0 0.203628        0        0        0        0        0        0        0        0 0.436587        0        0

Values: 
 0.0876552  0.0876504  0.0876203  0.0873478   0.087341  0.0873216  0.0871662   0.269408  0.0871442  0.0865515  0.0865411  0.0865305   0.086193  0.0861819   0.086173  0.0859276  0.0859125  0.0859046  0.0858846  0.0858741  0.0858716  0.0856649  0.0856531  0.0856587  0.0856748  0.0856544  0.0856643  0.0910389  0.0906545  0.0454989    1.43638    1.49921    1.34034    1.03078    1.27613   0.991378          1          1          1   0.894803  0.0869939   0.808972   0.699654  0.0864249   0.678354  0.0863484   0.202071  0.0862376  0.0856193   0.162611    0.42365          1          1  0.0857049
  0.134171    0.13404    0.13392   0.133895   0.133773   0.133606   0.133615   0.133493   0.133397   0.132307    0.13222   0.132125   0.131502   0.131429   0.131388   0.130971    0.13091   0.216467   0.130826   0.130773   0.130752   0.130381   0.130342   0.130336    0.56859   0.130391   0.130371  0.0744156      1.181    1.18579  0.0661283   0.140226   0.139651   0.994921    1.00545    1.00585   0.481426   0.939559   0.820712   -77.3654   0.444957   0.763185     1.6185   0.983157   0.132016    0.84445   0.841906   0.852849    1.31107   0.183953 -0.0767522   0.131297    0.13154   0.986006
  0.167874   0.167469    0.16729   0.166762   0.166351   0.166084   0.166143   0.165807   0.165659   0.163661   0.163353   0.163189     0.1622   0.161981    0.16191    0.16115   0.160964   0.160902   0.160943   0.160772   0.160737   0.160021   0.159868   0.159863   0.210848   0.159971   0.834678   0.114258   0.182204    1.05283     1.1076    1.52446   0.177772    1.07538   0.986649   0.980497          1          1          1     2.0042  -0.189676   0.166093     1.2064   0.745187     1.2428   0.915632  -0.167463   0.899632   0.841387   0.160894   -63.0218   0.164541   0.164552   0.163037
  0.196762   0.196458   0.196184   0.195407   0.195086   0.194592   0.194186   0.193909   0.193668   0.190547    0.19022   0.189919   0.188017   0.187789   0.187654   0.186285   0.186111   0.185979   0.186005   0.185844   0.185753   0.184443   0.184347    0.18428   0.601586   0.318725   0.319196    1.11608     1.1302   0.187886    1.42459     1.4781    1.14475     1.0791    1.04716    1.05134    0.20449   0.203017   0.201869    0.99938    0.81384   0.997793          1      1.148   0.985168   0.191169   0.898363   0.890451   0.821706   0.845222   0.718542   0.760979   0.191501   0.190622
  0.226024   0.226025   0.225858   0.223715   0.223602   0.223324   0.221483   0.221255   0.221095   0.216364    0.21604    0.21584   0.212335   0.212012   0.211884   0.439674   0.209236   0.351073   0.209274   0.209009    0.20891   0.206592   0.206416   0.206338   0.207689   0.836873    0.83725    1.07082    1.07568    1.08056    1.29573   0.250437    1.32724    1.08568    1.01675    1.01226   0.905538   0.908861   0.915099    1.14784   0.916512    1.07608   0.215613   0.639334   0.955015    0.79009   0.876688   0.792226   0.953328   0.207393   0.875151   0.222676   0.596482   0.617668
  0.256139   0.255771   0.255662   0.252448   0.252031   0.251825    0.24894   0.248463   0.259096   0.242306   0.241803   0.241588    0.23649   0.433339   0.235831   0.232441     0.2321   0.231998   0.232207   0.231849    0.23178   0.228161   0.228062   0.228176   0.230427    0.22967   0.229655    1.12415    1.06561    1.24825    1.29604     1.3054    1.32597   0.979551   0.979549   0.980361   0.973394   0.974926   0.971597   0.304005    1.25778    1.00087    1.02292   0.946602    1.15133   0.165325   0.244621   0.242172   0.222948   0.884108   0.864649    3.69006    4.06288  -0.783214
   0.28948   0.287725   0.287417    0.28307   0.281504   0.281116   0.307383   0.288732   0.287648   0.269625   0.268246    0.26791   0.261597   0.260399   0.783844   0.255627   0.254845   0.254693   0.255721   0.254752    0.25464          1   0.622269   0.948551   0.253085    0.25132   0.251196   0.985793   0.965097    1.00285     1.1876    1.19177    1.18673     1.0012    1.00165    1.02139   0.900348   0.789018   0.301675    0.29124    1.13354    1.27429   0.265881    0.26764    1.84979   0.278387    0.56208   0.272905   0.241837   0.248889    0.24746   0.829412     3.7201   0.274002
   0.32708   0.325336   0.325167   0.495053   0.498618   0.313672   0.308792   0.306734   0.306322   0.298723   0.296678    0.29626    0.61096    0.64688   0.285864   0.415163   0.391011   0.278053   0.280627   0.278701   0.278597   0.432844   0.541494   0.554317   0.276866   0.273643   0.273903    1.05529    1.04652    1.04157    1.23776    1.23233    1.25213    1.05217    1.03639    1.52596   0.975793   0.975763   0.976075    1.29034   0.939388   0.321072   0.694037   0.576545   0.751819   0.312574   0.311774   0.858282    0.70938   0.270692   0.265627   0.337241    1.51441   0.308975
  0.366774   0.365854   0.365477   0.349601   0.348109   0.347606   0.340437   0.374002   0.374429   0.329165   0.327249   0.326744   0.283688   0.327375   0.314337   0.305123   0.303878   0.303917   0.307839   0.305716   0.305657   0.294481   0.293711   0.294159   0.303714   0.698553   0.476688    0.43239    0.42749   0.425514    1.21812    1.20898    1.21794     1.0537    1.05719    1.34505   0.876388   0.878401   0.884439   0.824729   0.359771   0.596441   0.680712    1.55858   0.928561   0.347558    0.34545   0.341627   0.781731   0.284361   0.280327   0.390119   0.379164   0.350211
  0.403467   0.403545   0.403138   0.381777   0.381081   0.380524   0.423549    0.36944   0.368783   0.359004   0.357552   0.356901   0.345227   0.465569   0.484482   0.331162   0.329891   0.503534   0.335689   0.333393   0.333025   0.953355   0.951556   0.949199   0.333997   0.329829   0.329055   0.884466   0.959062   0.966467    1.27902    1.28363    1.28705   0.983101   0.987316   0.989876   0.972624   0.972136   0.969632   0.759229   0.390957   0.388885   0.335536   0.729025   0.601852   0.908445          1          1   0.277945   0.298429   0.851956  -0.687204   0.438199   0.417358
  0.428866   0.429583   0.429412   0.405298   0.405305    0.40513   0.392903   0.392761   0.392358   0.381851   0.380964   0.380564   0.367715   0.365927   0.365155   0.351854   0.350202   0.349387   0.358298    0.35591   0.354982   0.340303   0.338432   0.331509   0.359457   0.353023   0.350232   0.884698    0.81163   0.888493    1.35859    1.14973    1.14542    1.03482   0.969943    1.04798   0.432281   0.429633    1.02747    1.15214   0.877996   0.889733   0.346298   0.357101   0.363209          1          1          1   0.275194   0.308542    1.21711   0.484336   0.484879   0.478735
  0.438396   0.439143   0.438992   0.413968   0.414769   0.414656   0.401045   0.401888   0.401508    0.39026   0.390378   0.389995   0.376197   0.375333    0.37437   0.605365   0.521197   0.500893   0.367192    0.36558   0.364268    0.34975   0.347898   0.345811   0.372865   0.364881    0.36059   0.491347    1.07368    1.00877   0.466789   0.462804    1.35821   0.452992    1.03342    1.03343    1.01756    1.01632   0.436202   0.417841    1.08254    1.07482    0.34264    1.49824   0.369572          1          1          1   0.849163  -0.930356  -0.836096   0.488565   0.499053   0.507754

Errors: 
1.95765e-05 1.96044e-05 1.93833e-05 1.95702e-05 1.95856e-05 1.93652e-05 1.95052e-05     0.49444   1.929e-05 2.00961e-05 2.00287e-05 1.98423e-05 2.09114e-05 2.08341e-05 2.06486e-05 2.39425e-05 2.37252e-05 2.34594e-05 2.26624e-05 2.25371e-05 2.22119e-05 3.00759e-05 2.92187e-05  2.8567e-05 3.72389e-05 3.52898e-05  3.3422e-05 2.88042e-05 2.73862e-05           1           1           1           0      1.0001     1.00001           0  0.00467602  0.00481636  0.00487035 1.12375e-05 4.25338e-05 1.75637e-05           1 5.94653e-05           1 6.10917e-05 3.76475e-06 4.91099e-05 0.000115021 0.000675086 0.000199279  0.00303938  0.00549978 0.000154134
5.91636e-05 5.91846e-05 5.87537e-05 5.84758e-05 5.82082e-05 5.82265e-05 5.78372e-05 5.78403e-05 5.73549e-05 5.96617e-05 5.83883e-05 5.79341e-05 6.16052e-05 6.14178e-05 6.02388e-05 6.78718e-05 6.76165e-05           0 6.77288e-05 6.62421e-05 6.48288e-05 9.11271e-05 8.46668e-05 8.13142e-05           0  0.00011212 0.000102849           1           0           0           1 9.31363e-05 8.95582e-05           0           0           0     1.00003           0           0           0           1     1.00005           1     1.00015 0.000188906 8.97431e-05 8.92842e-05 0.000100605 0.000207449   0.0021418 0.000129136 0.000960345 0.000726754  0.00110566
0.000119201  0.00011932  0.00011805 0.000118238 0.000116085 0.000116434 0.000116606 0.000114956 0.000113529 0.000119529 0.000118306 0.000116724 0.000126045 0.000122259 0.000119991  0.00014923 0.000140852 0.000137942 0.000140781 0.000135362 0.000130043 0.000205843 0.000184392 0.000177459           0 0.000259733           0           1 0.000187938           0           0           0 0.000190531     1.00743           0           0           0           0           0           0           0 0.000339395     1.00018     1.00003           1  0.00029795 0.000172931 0.000296605  0.00147171 0.000944697  0.00630168  0.00245952  0.00174258  0.00142092
 0.00019455 0.000197633 0.000194687 0.000190537 0.000192566 0.000189414 0.000186694 0.000187011 0.000183647 0.000193852 0.000191562 0.000189501 0.000211307 0.000205458 0.000199114 0.000256131 0.000244434 0.000236063 0.000248447  0.00023243 0.000222907 0.000367265 0.000340959 0.000327396           0     1.00005           1           0           0           1     1.00014     1.00031           0     1.08924     1.01941     1.01759 0.000536865 0.000468081 0.000431338     1.00018     1.00023     1.00007           0     1.00788     1.00177  0.00117072 0.000605076 0.000570472  0.00808366   0.0207723   0.0021941     1.00005  0.00365973  0.00290139
          0           0           0 0.000295413 0.000299674 0.000300198 0.000289958 0.000291001 0.000289986 0.000304199  0.00030309 0.000302447 0.000344489  0.00033659 0.000330577           0 0.000410888           0 0.000410828  0.00039456 0.000384404 0.000624784  0.00058191 0.000565647 0.000924675           0           0           0           0           0           0 0.000569983           0           0           0           0           0           0           0     1.00001           0           0  0.00249719     1.00003     1.03124     1.85084 0.000833092  0.00108751   0.0160314  0.00340156   0.0177464   0.0079571   0.0106159     1.00001
          0           0 0.000450509 0.000421418 0.000425139 0.000428301 0.000415215 0.000413534           0 0.000437414 0.000435054 0.000433654 0.000512119           0 0.000495613  0.00065281 0.000616061 0.000602783 0.000639884 0.000604867 0.000585521 0.000977364 0.000901387 0.000861651  0.00171763  0.00139551  0.00127702           0           0           0           0           0           0           0           0           0           0           0           0           1     1.01093     1.00413      1.0043      1.0684           1  0.00295233   0.0027395  0.00245445  0.00758104   0.0210299      1.0001     1.00002     1.00003  0.00300416
          0           0           0 0.000593202 0.000583009 0.000590143           0           0           0 0.000615475 0.000569762 0.000607563 0.000765944 0.000720584           0 0.000986759 0.000899309 0.000878352 0.000968137 0.000885215 0.000862053           0           0           0  0.00262957  0.00225079  0.00206199           0           0           0           0           0           0           0           0     1.16161           0           0  0.00171826  0.00337183     1.00049     1.00013  0.00647647   0.0054065           1  0.00477748 0.000925847  0.00375895   0.0117874   0.0094597  0.00779014     1.00158           1   0.0115885
 0.00092024 0.000937537 0.000939284           0           0 0.000851932 0.000837749  0.00082676 0.000827316 0.000913576  0.00089307 0.000883212           0           0  0.00103574           0           0  0.00129411   0.0014406  0.00131328  0.00126625           0           0           0   0.0039818  0.00343979  0.00317356           0           0           0           0           0           0     1.31916     1.15714     1.11112           0           0           0     1.00041   0.0474193  0.00391591     1.00113     1.00871     1.00241  0.00697728  0.00578713  0.00251802  0.00280141   0.0141064   0.0123963   0.0207948     1.00001   0.0161335
          0  0.00133595  0.00134038  0.00120624  0.00119604  0.00119289   0.0010916           0           0  0.00128461  0.00126454  0.00126528           0           0  0.00148156  0.00222789  0.00195566  0.00190972  0.00203283  0.00190506  0.00182042   0.0036497  0.00291614   0.0027596   0.0057072           0           0  0.00203514  0.00195222     0.00193           0           0           0      1.2005     1.20442      1.0061           0           0           0     1.00003  0.00562463     1.00002     1.00079           1      1.0277  0.00922388  0.00782172  0.00753709     1.00003   0.0195122   0.0181025   0.0255867    0.022542   0.0211258
          0           0           0  0.00156879  0.00159006  0.00159426           0  0.00159833  0.00156026  0.00174625  0.00170832  0.00169903  0.00217628           0           0   0.0031207  0.00277522           0  0.00278653  0.00267806  0.00255956           0           0           0  0.00796739  0.00686188  0.00634892           0           0           0           0           0           0           0     1.26298     1.26983           0           0           0     1.00002  0.00725526  0.00705533   0.0192402     1.00029           1    0.013208   0.0742405   0.0736518   0.0272787    0.024639   0.0613612   0.0275891    0.027142   0.0252461
          0           0           0  0.00188251  0.00190055  0.00191567  0.00193666  0.00197268  0.00197144  0.00211825  0.00210573  0.00215688  0.00274821  0.00270722  0.00268672  0.00403128  0.00367016  0.00361048  0.00351851  0.00342218  0.00333285  0.00630043   0.0056497  0.00181519  0.00964685  0.00834014  0.00774302           0           0           0     1.00198           0           0     2.21011      1.1871     1.08242  0.00602839  0.00533639           0     1.04021     1.00065   0.0558337   0.0237312    0.020086   0.0183475   0.0795629   0.0803919    0.078772   0.0293836   0.0278656  0.00499613   0.0339715   0.0308962   0.0284536
          0           0           0  0.00202068  0.00204894  0.00204641  0.00210933  0.00213905  0.00213751   0.0023052  0.00234842   0.0023527  0.00296386  0.00298332  0.00296379           0           0           0  0.00374053  0.00376046  0.00373935  0.00701621  0.00614518  0.00607734  0.00987345  0.00870716  0.00799321  0.00296696           0           0  0.00408057  0.00375176           0  0.00588689     1.80891     2.19768           0           0   0.0054934   0.0115902     1.00051     1.05655   0.0250947     1.00078   0.0182776   0.0813438   0.0829268    0.081328 0.000816085   0.0087833   0.0240547   0.0358855   0.0326508   0.0297041

Statuses: 
0 0 0 0 0 0 0 3 0 0 0 0 0 0 0 0 0 0 0 0 0 0 0 0 0 0 0 0 0 3 3 3 3 3 3 3 3 3 3 3 0 3 3 0 3 0 3 0 0 3 3 3 3 0
0 0 0 0 0 0 0 0 0 0 0 0 0 0 0 0 0 3 0 0 0 0 0 0 3 0 0 3 3 3 3 0 0 3 3 3 3 3 3 3 3 3 3 3 0 3 3 3 3 3 3 0 0 3
0 0 0 0 0 0 0 0 0 0 0 0 0 0 0 0 0 0 0 0 0 0 0 0 3 0 3 3 0 3 3 3 0 3 3 3 3 3 3 3 3 0 3 3 3 3 0 3 3 0 3 0 0 0
0 0 0 0 0 0 0 0 0 0 0 0 0 0 0 0 0 0 0 0 0 0 0 0 3 3 3 3 3 3 3 3 3 3 3 3 0 0 0 3 3 3 3 3 3 0 3 3 3 3 3 3 0 0
2 2 2 0 0 0 0 0 0 0 0 0 0 0 0 3 0 3 0 0 0 0 0 0 0 3 3 3 3 3 3 0 3 3 3 3 3 3 3 3 3 3 0 3 3 3 3 3 3 0 3 0 3 3
2 2 0 0 0 0 0 0 3 0 0 0 0 3 0 0 0 0 0 0 0 0 0 0 0 0 0 3 3 3 3 3 3 3 3 3 3 3 3 3 3 3 3 3 3 3 0 0 0 3 3 3 3 0
2 2 2 0 0 0 3 3 3 0 0 0 0 0 3 0 0 0 0 0 0 3 3 3 0 0 0 3 3 3 3 3 3 3 3 3 3 3 0 0 3 3 0 0 3 0 3 0 0 0 0 3 3 0
0 0 0 3 3 0 0 0 0 0 0 0 3 3 0 3 3 0 0 0 0 3 3 3 0 0 0 3 3 3 3 3 3 3 3 3 3 3 3 3 3 0 3 3 3 0 0 3 3 0 0 0 3 0
2 0 0 0 0 0 0 3 3 0 0 0 3 3 0 0 0 0 0 0 0 0 0 0 0 3 3 0 0 0 3 3 3 3 3 3 3 3 3 3 0 3 3 3 3 0 0 0 3 0 0 0 0 0
2 2 2 0 0 0 3 0 0 0 0 0 0 3 3 0 0 3 0 0 0 3 3 3 0 0 0 3 3 3 3 3 3 3 3 3 3 3 3 3 0 0 0 3 3 3 3 3 0 0 3 3 0 0
2 2 2 0 0 0 0 0 0 0 0 0 0 0 0 0 0 0 0 0 0 0 0 0 0 0 0 3 3 3 3 3 3 3 3 3 0 0 3 3 3 3 0 0 0 3 3 3 0 0 3 0 0 0
2 2 2 0 0 0 0 0 0 0 0 0 0 0 0 3 3 3 0 0 0 0 0 0 0 0 0 0 3 3 0 0 3 0 3 3 3 3 0 0 3 3 0 3 0 3 3 3 3 0 1 0 0 0
chisq per dof: 
37.2976 34.0203 30.7912  22.252 20.1575 18.0613 10.4013 36191.4 8.52268 5.48962 5.08875 4.64322 2.19674 2.09895 1.96815 1.71189 1.61842 1.53527 1.81214 1.71658 1.62742 1.80238 1.67185 1.57672 2.00262 1.80621 1.67271 16.8727 16.4825   55970  141914  122449  107985  135524  108464 96876.3  147206  126261  111194  169690 1.90834  121881  149570  1.8187  110450  2.0812  109046 1.79035 2.25268 34951.4 86636.4  241365  181249 2.00716
20.6881 19.0171 17.3856 11.7269 10.8914 10.1871 6.32304 6.15128 5.64239  3.3667 3.22922 3.08871  1.8314 1.77541 1.68978  1.6378 1.54539 1454.71 1.73292 1.64277 1.56397 1.80489 1.67232 1.57634 7240.37 1.80614 1.67204 3386.66 8537.59 7543.09 4104.71 4.41827 4.40559 11357.8 9589.71 8220.33 10410.3 9032.54 8318.77 12977.1 11889.7 9835.95 11279.1 11479.6 1.67214 13543.4   11287 9816.37 17518.1 13789.1 127.318 2.67071 2.25329 11248.3
13.4851  12.847 11.7261  8.0655  8.0054 7.40036 4.45315 4.52344 4.14195 2.74456 2.74917  2.6097 1.71971 1.67193 1.59476 1.62158 1.53385 1.46235 1.71786 1.63071 1.55292 1.80793 1.67656 1.57992 392.176 1.81142 1691.61 1325.78 5.22384 1631.73 2447.81 2315.35 3.01457 2583.29 2195.08 1890.16 2749.36 2365.22  2094.2 2284.84 2038.36   1.645 3120.92 2615.18 1813.82 3137.82 304.918 2266.34  4052.2 2.01019 2481.62 2.67023 2.25267 2.00502
10.6842 10.3612 9.46744 6.01827 6.12688 5.73734 3.62638 3.54815 3.27435 2.36698 2.35112 2.26042 1.67663 1.59961  1.5312 1.61183 1.51578  1.4484 1.71135 1.61391 1.53891 1.80703 1.67308 1.57744 609.103 252.506 191.676 771.574 644.418 280.704 925.573 798.857 651.772 896.892 755.746 648.058 1.88967 1.79067 1.73107 1127.66 938.305 807.715 1193.79 893.999 755.266 2.02584 903.536 772.432 1311.55  1135.4 941.274 665.958 2.25205 2.00183
8.54296 8.25709 7.56043 4.62767 4.60048 4.30972 3.03344 2.93603 2.71844 2.12675 2.08292 1.99826 1.65655 1.58074 1.51231  137.53 1.51588 60.8162 1.71303 1.61583 1.54005 1.80846 1.67437 1.57843 2.00719 294.882 246.096 304.725 260.987 237.758 393.306 2.05542 300.984 385.084  325.53 279.306 343.983  305.64 273.547 307.466 419.036 311.593 2.00391 376.516 326.157 388.498 379.729 317.913 625.342 2.00913 418.112 2.67045 453.752 374.993
7.06487 6.71079 6.16132 3.76251 3.67309 3.50357  2.6492 2.56132 8.97981 1.96978 1.91467 1.85464 1.63368 64.2883 1.49064 1.60846 1.51015 1.43782 1.71059 1.61218 1.53583 1.80984 1.67493  1.5787 2.00747 1.80701 1.67251 156.748 128.408 129.675  197.51 172.956 151.552 192.841 161.093 138.392 190.257 163.193 138.818 113.301 210.714 181.893 239.455 193.302  125.04 131.359 1.85597 1.73753 2.26157 256.375 107.284 268.507 204.316 3.09303
5.39719 5.26726 4.87437 3.07257  3.0654 2.89702  4.7755 3.10581 2.82061 1.85868 1.82421 1.75156 1.62019 1.55235 61.1875 1.60887  1.5113 1.43889 1.71151 1.61595  1.5392 113.066 78.7717 79.3776 2.00918  1.8093 1.67444 77.0192 62.4383  55.358 121.581 104.311 91.5195 105.943 88.7008 76.2246 95.3454 69.4103 1.58967  1.8354 118.836 89.7305 2.00706 1.80593 67.2499  2.0247 90.1335 1.73653 2.26335 2.01167 1.84311 175.911 110.877 2.00612
4.15215 4.06262 3.78345 26.4654  23.926  2.4267  2.0193 2.05177 1.94808 1.75121 1.73311 1.67051 40.4971  35.984 1.47679 10.9236 8.06685 1.43827 1.71031 1.61819 1.54099 46.7987 42.3728 36.8817 2.00971 1.81051 1.67547 43.5739 41.0144 35.5385 64.7858 56.4778 49.8127 63.5207  53.482 46.1263 61.3176 52.8325 47.0647 82.3057 76.7285 1.60249  77.115 56.8196 52.9368 2.02468 1.85395 67.8438 97.2418   2.013 1.84446 2.67348 51.9735 2.00759
3.15941 3.03623 2.85758 2.10765 2.08091 1.98976  1.7794 3.38388 3.26401 1.65879 1.62376 1.56266 7.87565  15.013 1.45173 1.60828 1.50847 1.43584 1.70533 1.61125 1.53485 1.81294 1.67762 1.58113 2.01023 17.5032 9.86245 1.67023 1.65627 1.61794 52.8014 45.4049 39.8561 41.9072 35.3601 27.8917  38.376 33.8928 30.8078 16.3613 1.69191 20.3488 49.1685 30.2133 35.5324 2.02429 1.85376 1.73423 48.1976 2.01298 1.84425 2.67348 2.25541 2.00689
2.42554 2.31938 2.20363 1.79135 1.74554 1.68385 2.81759 1.58434 1.52145 1.57961 1.53427 1.48224  1.5577 11.1058 9.75497 1.60829 1.50782 4.05377 1.69911  1.6049 1.52956 30.4286 25.5262 21.9845  2.0101 1.80939 1.67465 14.1515 16.4579 18.8401 36.8294 31.8497 28.0723 30.4364 25.8224 22.2776 32.6012  27.803 23.2622 29.5962 1.68965 1.59231 2.01028 30.6231 23.7822 55.5954  49.455 42.5453 2.26657 2.01413 28.7027 40.7693 2.25427 2.00449
2.03099 1.94269 1.85419 1.61026 1.56312 1.51366 1.50823  1.4756 1.42582 1.52977 1.48138 1.43531 1.54392 1.47762 1.42096 1.60911 1.50866 1.43712 1.69467   1.601 1.52753 1.81561 1.68001 1.58462 2.01013  1.8102 1.67663 10.9821 8.15143 12.5527  33.101 29.6582 26.1086  24.801 21.1316 18.2349 1.69499 1.59656 24.4428 39.3383 34.1112 26.9589 2.01129 1.81023 1.67599 51.1782 43.0041 37.0597 2.26739 2.01545 32.3649 2.67289 2.25467 2.00382
1.91827 1.82266 1.74704 1.56013  1.5059  1.4634  1.4794 1.43604 1.39262 1.51435 1.46225 1.41968 1.53825 1.46971 1.41576 5.37442 3.00455 2.90297  1.6925 1.59789 1.52639 1.81685 1.68105 1.58555 2.00939 1.81033 1.67866 1.54117 13.9225 14.2919 1.54817 1.47593  20.186 1.64326 19.7551 17.0832 28.9636 25.0448 1.52218 1.82789 24.2077 28.0798 2.01138 14.7577 1.67837 48.7855 41.0588 35.4373 10.4245  2.5577 20.1027 2.67362 2.25541 2.00449
Mode averaged potential and errors: 
  0.0856748 3.72389e-05
   0.131297 0.000960345
   0.164541  0.00245952
   0.186285 0.000256131
   0.215842  0.00680742
   0.231489  0.00162149
   0.259313  0.00713687
   0.311762   0.0338489
    0.33073   0.0418591
   0.332726   0.0100913
   0.395855   0.0655323
   0.417224   0.0691972
R Models:
(* Fitting with shape 1 1 1 1 1 1 1 1 0 0 0 0 *)
G[R_,xx_]:=xx[[0]] + xx[[1]]/R | xx[[2]]*R
(* Fitting with shape 1 1 1 1 1 1 1 1 1 0 0 0 *)
G[R_,xx_]:=xx[[0]] + xx[[1]]/R | xx[[2]]*R
(* Fitting with shape 1 1 1 1 1 1 1 1 1 1 0 0 *)
G[R_,xx_]:=xx[[0]] + xx[[1]]/R | xx[[2]]*R
(* Fitting with shape 1 1 1 1 1 1 1 1 1 1 1 0 *)
G[R_,xx_]:=xx[[0]] + xx[[1]]/R | xx[[2]]*R
(* Fitting with shape 1 1 1 1 1 1 1 1 1 1 1 1 *)
G[R_,xx_]:=xx[[0]] + xx[[1]]/R | xx[[2]]*R
(* Fitting with shape 0 1 1 1 1 1 1 1 0 0 0 0 *)
G[R_,xx_]:=xx[[0]] + xx[[1]]/R | xx[[2]]*R
(* Fitting with shape 0 1 1 1 1 1 1 1 1 0 0 0 *)
G[R_,xx_]:=xx[[0]] + xx[[1]]/R | xx[[2]]*R
(* Fitting with shape 0 1 1 1 1 1 1 1 1 1 0 0 *)
G[R_,xx_]:=xx[[0]] + xx[[1]]/R | xx[[2]]*R
(* Fitting with shape 0 1 1 1 1 1 1 1 1 1 1 0 *)
G[R_,xx_]:=xx[[0]] + xx[[1]]/R | xx[[2]]*R
(* Fitting with shape 0 1 1 1 1 1 1 1 1 1 1 1 *)
G[R_,xx_]:=xx[[0]] + xx[[1]]/R | xx[[2]]*R
(* Fitting with shape 0 0 1 1 1 1 1 1 0 0 0 0 *)
G[R_,xx_]:=xx[[0]] + xx[[1]]/R | xx[[2]]*R
(* Fitting with shape 0 0 1 1 1 1 1 1 1 0 0 0 *)
G[R_,xx_]:=xx[[0]] + xx[[1]]/R | xx[[2]]*R
(* Fitting with shape 0 0 1 1 1 1 1 1 1 1 0 0 *)
G[R_,xx_]:=xx[[0]] + xx[[1]]/R | xx[[2]]*R
(* Fitting with shape 0 0 1 1 1 1 1 1 1 1 1 0 *)
G[R_,xx_]:=xx[[0]] + xx[[1]]/R | xx[[2]]*R
(* Fitting with shape 0 0 1 1 1 1 1 1 1 1 1 1 *)
G[R_,xx_]:=xx[[0]] + xx[[1]]/R | xx[[2]]*R
(* Fitting with shape 0 0 0 1 1 1 1 1 0 0 0 0 *)
G[R_,xx_]:=xx[[0]] + xx[[1]]/R | xx[[2]]*R
(* Fitting with shape 0 0 0 1 1 1 1 1 1 0 0 0 *)
G[R_,xx_]:=xx[[0]] + xx[[1]]/R | xx[[2]]*R
(* Fitting with shape 0 0 0 1 1 1 1 1 1 1 0 0 *)
G[R_,xx_]:=xx[[0]] + xx[[1]]/R | xx[[2]]*R
(* Fitting with shape 0 0 0 1 1 1 1 1 1 1 1 0 *)
G[R_,xx_]:=xx[[0]] + xx[[1]]/R | xx[[2]]*R
(* Fitting with shape 0 0 0 1 1 1 1 1 1 1 1 1 *)
G[R_,xx_]:=xx[[0]] + xx[[1]]/R | xx[[2]]*R
1.91072 1.91072 1.91072 
0.600175 0.600175 0.600175 
1 1 1 
-2.33626 -2.33626 -2.33626 
3.57484 3.57484 3.57484 
0 0 0 
0 0 0 
0 0 0 
0 0 0 
4.00193e-322 4.00193e-322 4.00193e-322 
0.0116752 0.0116752 0.0116752 
0.00251556 0.00251556 0.00251556 
0.0290449 0.0290449 0.0290449 
0.414823 0.414823 0.414823 
0.537987 0.537987 0.537987 
0 0 0 
0 0 0 
0 0 0 
0 0 0 
9.09575e-321 9.09575e-321 9.09575e-321 
2.19952e-316 2.19952e-316 2.19952e-316 
2.19966e-316 2.19966e-316 2.19966e-316 
2.19954e-316 2.19954e-316 2.19954e-316 
2.19967e-316 2.19967e-316 2.19967e-316 
2.20008e-316 2.20008e-316 2.20008e-316 
2.0059e-316 2.0059e-316 2.0059e-316 
0.115403 0.115403 0.115403 
84.6331 84.6331 84.6331 
0 0 0 
2.29741e-321 2.29741e-321 2.29741e-321 
2.18761e-316 2.18761e-316 2.18761e-316 
2.07593e-316 2.07593e-316 2.07593e-316 
1.58101e-322 1.58101e-322 1.58101e-322 
3.16202e-322 3.16202e-322 3.16202e-322 
2.1996e-316 2.1996e-316 2.1996e-316 
2.2005e-316 2.2005e-316 2.2005e-316 
2.47033e-323 2.47033e-323 2.47033e-323 
2.19999e-316 2.19999e-316 2.19999e-316 
2.01087e-316 2.01087e-316 2.01087e-316 
2.02371e-316 2.02371e-316 2.02371e-316 
2.47033e-323 2.47033e-323 2.47033e-323 
2.00212e-316 2.00212e-316 2.00212e-316 
557434 557434 557434 
2.19854e-316 2.19854e-316 2.19854e-316 
1.66105e-316 1.66105e-316 1.66105e-316 
2.37152e-322 2.37152e-322 2.37152e-322 
0 0 0 
2.01657e-316 2.01657e-316 2.01657e-316 
6.94869e-310 6.94869e-310 6.94869e-310 
2.1996e-316 2.1996e-316 2.1996e-316 
44740.6 44740.6 44740.6 
2.42092e-322 2.42092e-322 2.42092e-322 
0 0 0 
0 0 0 
Probabilities: 
         0          0          0          0          0          0          0          0 0.00370315          0          0          0  0.0139083  0.0340741  0.0896242 0.00677747    0.01723  0.0464247  0.0313552  0.0751095   0.194013  0.0151838  0.0383582   0.103155  0.0089323  0.0203201  0.0514261          0          0          0          0          0          0 0.00883282  0.0207237  0.0517482 0.00501697          0  0.0230328   0.013961  0.0346317  0.0924583          0          0          0          0          0          0          0          0          0          0          0          0

String tensions: 
           1            1            1            1            1            1            1            1            1    -0.463601    -0.463509    -0.463554    -0.579757    -0.578611    -0.577842    -0.456035    -0.447879    -0.443805    -0.757552     -0.75442    -0.751963    -0.323067    -0.282471    -0.259194     -1.25023    -0.805718    -0.654263   -0.0716381    -0.071638   -0.0716379     0.010603    0.0104336    0.0101888   0.00325674   0.00310326    0.0029426   0.00307939      0.96171   0.00281978 -0.000161372 -0.000323738 -0.000421746       0.7691     0.902369     0.966472    0.0205627  -0.00087727 -0.000984308   0.00887494     0.672614    -0.219055     0.662881   0.00839484   -0.0880429

Errors: 
          0           0           0     5792.62     5792.62     5792.62     5792.62     5792.62     5792.62   0.0049225  0.00493975  0.00492833   0.0290449   0.0291702   0.0290767    0.180232    0.169552    0.171636   0.0708858   0.0704076   0.0707055    0.555451    0.655755    0.640704    0.797654   0.0500622   0.0269396           1           1           1 0.000822091 0.000796207 0.000784375  0.00137771  0.00136045   0.0013028 0.000990376           1  0.00094192  0.00183916  0.00177186  0.00152709           1           0 0.000134136 0.000882632 0.000349697 0.000344446 0.000405641     2.09962     1.00001     1.00767  0.00044783  0.00039426

Statuses: 
3 3 3 0 0 0 0 0 0 0 0 0 0 0 0 0 0 0 0 0 0 0 0 0 0 0 0 3 3 3 0 0 0 0 0 0 0 3 0 0 0 0 3 3 0 0 1 1 1 3 3 3 1 3
chisq per dof: 
 72078.1  63072.9  56068.8  40.9083  35.2005  31.0901  1.65279  1.37798  1.19109  2.59826  2.27753  2.02516 0.615177 0.556994 0.495597 0.625764 0.543788 0.468623 0.580753 0.539767 0.491131 0.585929 0.523156 0.460446 0.515336 0.488801 0.439391  71031.2  62156.4  55253.5  6.40919  5.76941  5.37884 0.519816 0.482245 0.437607  1.10434  71927.2 0.964688 0.613915 0.552356 0.487814  33524.8  44830.4  3430.56  10.3692 0.517212 0.463081 0.403666  78994.8  61625.3  82799.8 0.456468  27895.7
Model string tension and errors: 
sigma = -0.436974 +/- 352.501
