R=0parameters: 
-0.628257 -0.628257 
0.105791 0.105791 
2.64965e-10 2.64965e-10 
1.63042e-322 1.63042e-322 
2.75478e+08 2.75478e+08 
2.122e-314 2.122e-314 
3.50507e-316 3.50507e-316 
7.16395e-322 7.16395e-322 
3.4341e-316 3.4341e-316 
1.6976e-313 1.6976e-313 1.6976e-313 
1.4822e-323 1.4822e-323 1.4822e-323 
1.63042e-322 1.63042e-322 1.63042e-322 
3.60741e-316 3.60741e-316 3.60741e-316 
0.102028 0.102028 0.102028 
3.49572e-316 3.49572e-316 3.49572e-316 
1.63042e-322 1.63042e-322 1.63042e-322 
0.000777769 0.000777769 0.000777769 
2.122e-314 2.122e-314 2.122e-314 
3.43632e-316 3.43632e-316 3.43632e-316 3.43632e-316 
1.63042e-322 1.63042e-322 1.63042e-322 1.63042e-322 
6.92623e-310 6.92623e-310 6.92623e-310 6.92623e-310 
2.122e-314 2.122e-314 2.122e-314 2.122e-314 
3.49304e-316 3.49304e-316 3.49304e-316 3.49304e-316 
1.63042e-322 1.63042e-322 1.63042e-322 1.63042e-322 
6.92623e-310 6.92623e-310 6.92623e-310 6.92623e-310 
6.36599e-314 6.36599e-314 6.36599e-314 6.36599e-314 
2.38503e-316 2.38503e-316 2.38503e-316 2.38503e-316 
1.665e-321 1.665e-321 1.665e-321 
3.42151e-316 3.42151e-316 3.42151e-316 
1.38733e+296 1.38733e+296 1.38733e+296 
6.92624e-310 6.92624e-310 6.92624e-310 
6.92619e-310 6.92619e-310 6.92619e-310 
3.44394e-316 3.44394e-316 3.44394e-316 
1.2732e-313 1.2732e-313 1.2732e-313 
0 0 0 
6.92624e-310 6.92624e-310 6.92624e-310 
6.92624e-310 6.92624e-310 6.92624e-310 6.92624e-310 
6.92624e-310 6.92624e-310 6.92624e-310 6.92624e-310 
6.92624e-310 6.92624e-310 6.92624e-310 6.92624e-310 
6.92624e-310 6.92624e-310 6.92624e-310 6.92624e-310 
6.92619e-310 6.92619e-310 6.92619e-310 6.92619e-310 
3.44394e-316 3.44394e-316 3.44394e-316 3.44394e-316 
1.2732e-313 1.2732e-313 1.2732e-313 1.2732e-313 
0 0 0 0 
6.92624e-310 6.92624e-310 6.92624e-310 6.92624e-310 
1.38733e+296 1.38733e+296 1.38733e+296 1.38733e+296 1.38733e+296 
-nan -nan -nan -nan -nan 
3.50334e-316 3.50334e-316 3.50334e-316 3.50334e-316 3.50334e-316 
-nan -nan -nan -nan -nan 
2.122e-314 2.122e-314 2.122e-314 2.122e-314 2.122e-314 
-nan -nan -nan -nan -nan 
3.49711e-316 3.49711e-316 3.49711e-316 3.49711e-316 3.49711e-316 
-nan -nan -nan -nan -nan 
0 0 0 0 0 
R=1parameters: 
-0.513678 -0.513678 
0.173846 0.173846 
1.2039e-05 1.2039e-05 
0.0928452 0.0928452 
-0.0623231 -0.0623231 
3.40885e-316 3.40885e-316 
9.71413e+07 9.71413e+07 
5.01765e-05 5.01765e-05 
1.16019e-05 1.16019e-05 
1.3488e-321 1.3488e-321 1.3488e-321 
3.50454e-316 3.50454e-316 3.50454e-316 
3.62234e-316 3.62234e-316 3.62234e-316 
1.58101e-322 1.58101e-322 1.58101e-322 
6.32404e-322 6.32404e-322 6.32404e-322 
3.48417e-316 3.48417e-316 3.48417e-316 
-2.44038e-07 -2.44038e-07 -2.44038e-07 
1.37649e-07 1.37649e-07 1.37649e-07 
2.42092e-322 2.42092e-322 2.42092e-322 
1.061e-313 1.061e-313 1.061e-313 1.061e-313 
-0.580788 -0.580788 -0.580788 -0.580788 
0 0 0 0 
0 0 0 0 
-0.0623231 -0.0623231 -0.0623231 -0.0623231 
2.42092e-322 2.42092e-322 2.42092e-322 2.42092e-322 
0.000396914 0.000396914 0.000396914 0.000396914 
0.000197993 0.000197993 0.000197993 0.000197993 
3.50333e-316 3.50333e-316 3.50333e-316 3.50333e-316 
3.21143e-322 3.21143e-322 3.21143e-322 
3.48964e-316 3.48964e-316 3.48964e-316 
2.40795e-316 2.40795e-316 2.40795e-316 
2.47033e-323 2.47033e-323 2.47033e-323 
2.40795e-316 2.40795e-316 2.40795e-316 
1.40183e+06 1.40183e+06 1.40183e+06 
-711685 -711685 -711685 
1.02766e-321 1.02766e-321 1.02766e-321 
3.21143e-322 3.21143e-322 3.21143e-322 
3.49638e-316 3.49638e-316 3.49638e-316 3.49638e-316 
3.40889e-316 3.40889e-316 3.40889e-316 3.40889e-316 
2.69525e+07 2.69525e+07 2.69525e+07 2.69525e+07 
8.22424e+06 8.22424e+06 8.22424e+06 8.22424e+06 
0.03125 0.03125 0.03125 0.03125 
-162812 -162812 -162812 -162812 
-0.0623231 -0.0623231 -0.0623231 -0.0623231 
5.14322e-321 5.14322e-321 5.14322e-321 5.14322e-321 
3.50498e-316 3.50498e-316 3.50498e-316 3.50498e-316 
1.38733e+296 1.38733e+296 1.38733e+296 1.38733e+296 1.38733e+296 
-nan -nan -nan -nan -nan 
3.50334e-316 3.50334e-316 3.50334e-316 3.50334e-316 3.50334e-316 
-nan -nan -nan -nan -nan 
2.122e-314 2.122e-314 2.122e-314 2.122e-314 2.122e-314 
-nan -nan -nan -nan -nan 
3.49711e-316 3.49711e-316 3.49711e-316 3.49711e-316 3.49711e-316 
-nan -nan -nan -nan -nan 
0 0 0 0 0 
R=2parameters: 
-0.380118 -0.380118 
0.230497 0.230497 
8.6043e-06 8.6043e-06 
0.246584 0.246584 
-0.173934 -0.173934 
3.40885e-316 3.40885e-316 
9.71413e+07 9.71413e+07 
5.01765e-05 5.01765e-05 
1.16019e-05 1.16019e-05 
1.3488e-321 1.3488e-321 1.3488e-321 
6.92625e-310 6.92625e-310 6.92625e-310 
3.50454e-316 3.50454e-316 3.50454e-316 
0.749154 0.749154 0.749154 
0 0 0 
0 0 0 
3.16202e-322 3.16202e-322 3.16202e-322 
3.48849e-316 3.48849e-316 3.48849e-316 
3.50333e-316 3.50333e-316 3.50333e-316 
-6.97726e+06 -6.97726e+06 -6.97726e+06 -6.97726e+06 
4.41551e-05 4.41551e-05 4.41551e-05 4.41551e-05 
0.000244141 0.000244141 0.000244141 0.000244141 
2.37152e-322 2.37152e-322 2.37152e-322 2.37152e-322 
3.50254e-316 3.50254e-316 3.50254e-316 3.50254e-316 
0.156264 0.156264 0.156264 0.156264 
1.99565 1.99565 1.99565 1.99565 
-1.38265 -1.38265 -1.38265 -1.38265 
4.74303e-322 4.74303e-322 4.74303e-322 4.74303e-322 
2.37152e-322 2.37152e-322 2.37152e-322 
3.50365e-316 3.50365e-316 3.50365e-316 
0 0 0 
0 0 0 
0 0 0 
9.48606e-322 9.48606e-322 9.48606e-322 
3.95253e-322 3.95253e-322 3.95253e-322 
8.55277e-320 8.55277e-320 8.55277e-320 
-8282.76 -8282.76 -8282.76 
3.71653e+07 3.71653e+07 3.71653e+07 3.71653e+07 
2.42092e-322 2.42092e-322 2.42092e-322 2.42092e-322 
3.50254e-316 3.50254e-316 3.50254e-316 3.50254e-316 
0.000951705 0.000951705 0.000951705 0.000951705 
4571.89 4571.89 4571.89 4571.89 
14132.7 14132.7 14132.7 14132.7 
0 0 0 0 
5.14322e-321 5.14322e-321 5.14322e-321 5.14322e-321 
3.50498e-316 3.50498e-316 3.50498e-316 3.50498e-316 
1.38733e+296 1.38733e+296 1.38733e+296 1.38733e+296 1.38733e+296 
-nan -nan -nan -nan -nan 
3.50334e-316 3.50334e-316 3.50334e-316 3.50334e-316 3.50334e-316 
-nan -nan -nan -nan -nan 
2.122e-314 2.122e-314 2.122e-314 2.122e-314 2.122e-314 
-nan -nan -nan -nan -nan 
3.49711e-316 3.49711e-316 3.49711e-316 3.49711e-316 3.49711e-316 
-nan -nan -nan -nan -nan 
0 0 0 0 0 
R=3parameters: 
-0.243057 -0.243057 
0.286405 0.286405 
3.56145e-05 3.56145e-05 
0.472158 0.472158 
-0.345238 -0.345238 
3.40885e-316 3.40885e-316 
9.71413e+07 9.71413e+07 
5.01765e-05 5.01765e-05 
1.16019e-05 1.16019e-05 
1.3488e-321 1.3488e-321 1.3488e-321 
6.92625e-310 6.92625e-310 6.92625e-310 
3.50454e-316 3.50454e-316 3.50454e-316 
0.186602 0.186602 0.186602 
0.0608595 0.0608595 0.0608595 
2.37152e-322 2.37152e-322 2.37152e-322 
3.16202e-322 3.16202e-322 3.16202e-322 
0 0 0 
0 0 0 
-3.79266e-05 -3.79266e-05 -3.79266e-05 -3.79266e-05 
6.53005e-06 6.53005e-06 6.53005e-06 6.53005e-06 
0 0 0 0 
0 0 0 0 
0 0 0 0 
0 0 0 0 
1.67772e+07 1.67772e+07 1.67772e+07 1.67772e+07 
3.48535e-316 3.48535e-316 3.48535e-316 3.48535e-316 
2377.83 2377.83 2377.83 2377.83 
3.50342e-316 3.50342e-316 3.50342e-316 
3.31886e-316 3.31886e-316 3.31886e-316 
2.42092e-322 2.42092e-322 2.42092e-322 
3.48419e-316 3.48419e-316 3.48419e-316 
3.48276e-316 3.48276e-316 3.48276e-316 
-0.00836161 -0.00836161 -0.00836161 
-0.518321 -0.518321 -0.518321 
5.53354e-322 5.53354e-322 5.53354e-322 
3.16202e-322 3.16202e-322 3.16202e-322 
3.49911e-316 3.49911e-316 3.49911e-316 3.49911e-316 
3.42521e-316 3.42521e-316 3.42521e-316 3.42521e-316 
3.81379e-05 3.81379e-05 3.81379e-05 3.81379e-05 
3.42577e-316 3.42577e-316 3.42577e-316 3.42577e-316 
11.9147 11.9147 11.9147 11.9147 
1855.24 1855.24 1855.24 1855.24 
3.5046e-316 3.5046e-316 3.5046e-316 3.5046e-316 
5.14322e-321 5.14322e-321 5.14322e-321 5.14322e-321 
3.50498e-316 3.50498e-316 3.50498e-316 3.50498e-316 
1.38733e+296 1.38733e+296 1.38733e+296 1.38733e+296 1.38733e+296 
-nan -nan -nan -nan -nan 
3.50334e-316 3.50334e-316 3.50334e-316 3.50334e-316 3.50334e-316 
-nan -nan -nan -nan -nan 
2.122e-314 2.122e-314 2.122e-314 2.122e-314 2.122e-314 
-nan -nan -nan -nan -nan 
3.49711e-316 3.49711e-316 3.49711e-316 3.49711e-316 3.49711e-316 
-nan -nan -nan -nan -nan 
0 0 0 0 0 
R=4parameters: 
-0.101542 -0.101542 
0.338687 0.338687 
4.60834e-05 4.60834e-05 
0.776718 0.776718 
-0.573118 -0.573118 
3.40885e-316 3.40885e-316 
9.71413e+07 9.71413e+07 
5.01765e-05 5.01765e-05 
1.16019e-05 1.16019e-05 
1.3488e-321 1.3488e-321 1.3488e-321 
3.50454e-316 3.50454e-316 3.50454e-316 
6.92625e-310 6.92625e-310 6.92625e-310 
-162999 -162999 -162999 
-4062.02 -4062.02 -4062.02 
-0.573118 -0.573118 -0.573118 
2.42092e-322 2.42092e-322 2.42092e-322 
2.58114e-05 2.58114e-05 2.58114e-05 
3.50412e-316 3.50412e-316 3.50412e-316 
-674.114 -674.114 -674.114 -674.114 
-0.82577 -0.82577 -0.82577 -0.82577 
132.658 132.658 132.658 132.658 
2.42092e-322 2.42092e-322 2.42092e-322 2.42092e-322 
3.49649e-316 3.49649e-316 3.49649e-316 3.49649e-316 
9.04345e-06 9.04345e-06 9.04345e-06 9.04345e-06 
2.44915e-05 2.44915e-05 2.44915e-05 2.44915e-05 
1.72321e+07 1.72321e+07 1.72321e+07 1.72321e+07 
6.10355e-05 6.10355e-05 6.10355e-05 6.10355e-05 
-0.00199122 -0.00199122 -0.00199122 
7.90505e-322 7.90505e-322 7.90505e-322 
3.95253e-322 3.95253e-322 3.95253e-322 
3.42189e-316 3.42189e-316 3.42189e-316 
3.45642e-316 3.45642e-316 3.45642e-316 
3.50334e-316 3.50334e-316 3.50334e-316 
3.41697e-316 3.41697e-316 3.41697e-316 
3.50333e-316 3.50333e-316 3.50333e-316 
3.41698e-316 3.41698e-316 3.41698e-316 
4.00711 4.00711 4.00711 4.00711 
0.00281996 0.00281996 0.00281996 0.00281996 
1.18576e-321 1.18576e-321 1.18576e-321 1.18576e-321 
1.58101e-322 1.58101e-322 1.58101e-322 1.58101e-322 
3.42589e-316 3.42589e-316 3.42589e-316 3.42589e-316 
0 0 0 0 
3.95253e-322 3.95253e-322 3.95253e-322 3.95253e-322 
5.14322e-321 5.14322e-321 5.14322e-321 5.14322e-321 
3.50498e-316 3.50498e-316 3.50498e-316 3.50498e-316 
1.38733e+296 1.38733e+296 1.38733e+296 1.38733e+296 1.38733e+296 
-nan -nan -nan -nan -nan 
3.50334e-316 3.50334e-316 3.50334e-316 3.50334e-316 3.50334e-316 
-nan -nan -nan -nan -nan 
2.122e-314 2.122e-314 2.122e-314 2.122e-314 2.122e-314 
-nan -nan -nan -nan -nan 
3.49711e-316 3.49711e-316 3.49711e-316 3.49711e-316 3.49711e-316 
-nan -nan -nan -nan -nan 
0 0 0 0 0 
R=5parameters: 
0.0216084 0.0216084 
0.399901 0.399901 
0.585236 0.585236 
4.04887 4.04887 
-20.4518 -20.4518 
3.40885e-316 3.40885e-316 
9.71413e+07 9.71413e+07 
5.01765e-05 5.01765e-05 
1.16019e-05 1.16019e-05 
1.3488e-321 1.3488e-321 1.3488e-321 
3.62055e-316 3.62055e-316 3.62055e-316 
6.92625e-310 6.92625e-310 6.92625e-310 
22280.8 22280.8 22280.8 
-1166.48 -1166.48 -1166.48 
2.37152e-322 2.37152e-322 2.37152e-322 
2.37152e-322 2.37152e-322 2.37152e-322 
3.49614e-316 3.49614e-316 3.49614e-316 
1.63042e-322 1.63042e-322 1.63042e-322 
6.92623e-310 6.92623e-310 6.92623e-310 6.92623e-310 
2.122e-314 2.122e-314 2.122e-314 2.122e-314 
3.50634e-316 3.50634e-316 3.50634e-316 3.50634e-316 
1.63042e-322 1.63042e-322 1.63042e-322 1.63042e-322 
2.122e-314 2.122e-314 2.122e-314 2.122e-314 
2.122e-314 2.122e-314 2.122e-314 2.122e-314 
3.44395e-316 3.44395e-316 3.44395e-316 3.44395e-316 
2.42092e-322 2.42092e-322 2.42092e-322 2.42092e-322 
4.09942e-05 4.09942e-05 4.09942e-05 4.09942e-05 
9.6897e-06 9.6897e-06 9.6897e-06 
9.70465e-05 9.70465e-05 9.70465e-05 
0.000247498 0.000247498 0.000247498 
0.00544177 0.00544177 0.00544177 
3.49282e-316 3.49282e-316 3.49282e-316 
15663.8 15663.8 15663.8 
996.486 996.486 996.486 
-2263.07 -2263.07 -2263.07 
3.21143e-322 3.21143e-322 3.21143e-322 
2.47033e-323 2.47033e-323 2.47033e-323 2.47033e-323 
1.38733e+296 1.38733e+296 1.38733e+296 1.38733e+296 
0 0 0 0 
3.41696e-316 3.41696e-316 3.41696e-316 3.41696e-316 
221655 221655 221655 221655 
3.48399e-316 3.48399e-316 3.48399e-316 3.48399e-316 
3.16202e-322 3.16202e-322 3.16202e-322 3.16202e-322 
5.13828e-321 5.13828e-321 5.13828e-321 5.13828e-321 
3.50498e-316 3.50498e-316 3.50498e-316 3.50498e-316 
1.38733e+296 1.38733e+296 1.38733e+296 1.38733e+296 1.38733e+296 
-nan -nan -nan -nan -nan 
3.50334e-316 3.50334e-316 3.50334e-316 3.50334e-316 3.50334e-316 
-nan -nan -nan -nan -nan 
2.122e-314 2.122e-314 2.122e-314 2.122e-314 2.122e-314 
-nan -nan -nan -nan -nan 
3.49711e-316 3.49711e-316 3.49711e-316 3.49711e-316 3.49711e-316 
-nan -nan -nan -nan -nan 
0 0 0 0 0 
R=6parameters: 
0.123967 0.123967 
0.462401 0.462401 
0.664635 0.664635 
1.74382 1.74382 
-14.0438 -14.0438 
3.40885e-316 3.40885e-316 
9.71413e+07 9.71413e+07 
5.01765e-05 5.01765e-05 
1.16019e-05 1.16019e-05 
1.3488e-321 1.3488e-321 1.3488e-321 
6.92625e-310 6.92625e-310 6.92625e-310 
3.50454e-316 3.50454e-316 3.50454e-316 
1.58101e-322 1.58101e-322 1.58101e-322 
6.32404e-322 6.32404e-322 6.32404e-322 
3.50113e-316 3.50113e-316 3.50113e-316 
-1.7333e-06 -1.7333e-06 -1.7333e-06 
4.5043e-06 4.5043e-06 4.5043e-06 
-1.35332e-06 -1.35332e-06 -1.35332e-06 
3.4587e-06 3.4587e-06 3.4587e-06 3.4587e-06 
2.93537e-06 2.93537e-06 2.93537e-06 2.93537e-06 
4.83406e-06 4.83406e-06 4.83406e-06 4.83406e-06 
-1.07927e-05 -1.07927e-05 -1.07927e-05 -1.07927e-05 
0 0 0 0 
0 0 0 0 
1.67772e+07 1.67772e+07 1.67772e+07 1.67772e+07 
2.42092e-322 2.42092e-322 2.42092e-322 2.42092e-322 
1.061e-313 1.061e-313 1.061e-313 1.061e-313 
3.50333e-316 3.50333e-316 3.50333e-316 
4.92047e-07 4.92047e-07 4.92047e-07 
-0.424517 -0.424517 -0.424517 
8.69556e-322 8.69556e-322 8.69556e-322 
1.58101e-322 1.58101e-322 1.58101e-322 
6.92623e-310 6.92623e-310 6.92623e-310 
2.122e-314 2.122e-314 2.122e-314 
2.40795e-316 2.40795e-316 2.40795e-316 
3.21143e-322 3.21143e-322 3.21143e-322 
3.41626e-316 3.41626e-316 3.41626e-316 3.41626e-316 
3.40884e-316 3.40884e-316 3.40884e-316 3.40884e-316 
1.061e-313 1.061e-313 1.061e-313 1.061e-313 
3.48101e-316 3.48101e-316 3.48101e-316 3.48101e-316 
81443.3 81443.3 81443.3 81443.3 
3.48332e-316 3.48332e-316 3.48332e-316 3.48332e-316 
0 0 0 0 
5.14322e-321 5.14322e-321 5.14322e-321 5.14322e-321 
3.50498e-316 3.50498e-316 3.50498e-316 3.50498e-316 
1.38733e+296 1.38733e+296 1.38733e+296 1.38733e+296 1.38733e+296 
-nan -nan -nan -nan -nan 
3.50334e-316 3.50334e-316 3.50334e-316 3.50334e-316 3.50334e-316 
-nan -nan -nan -nan -nan 
2.122e-314 2.122e-314 2.122e-314 2.122e-314 2.122e-314 
-nan -nan -nan -nan -nan 
3.49711e-316 3.49711e-316 3.49711e-316 3.49711e-316 3.49711e-316 
-nan -nan -nan -nan -nan 
0 0 0 0 0 
R=7parameters: 
0.201775 0.201775 
0.530871 0.530871 
0.00385342 0.00385342 
27.7958 27.7958 
-22.4151 -22.4151 
3.40885e-316 3.40885e-316 
9.71413e+07 9.71413e+07 
5.01765e-05 5.01765e-05 
1.16019e-05 1.16019e-05 
1.3488e-321 1.3488e-321 1.3488e-321 
6.92625e-310 6.92625e-310 6.92625e-310 
3.50454e-316 3.50454e-316 3.50454e-316 
3.31446e-06 3.31446e-06 3.31446e-06 
1.34541e-05 1.34541e-05 1.34541e-05 
-4.73795e-05 -4.73795e-05 -4.73795e-05 
0.000115942 0.000115942 0.000115942 
0 0 0 
0 0 0 
-0.00882322 -0.00882322 -0.00882322 -0.00882322 
3.63317e-316 3.63317e-316 3.63317e-316 3.63317e-316 
0 0 0 0 
0 0 0 0 
0 0 0 0 
0 0 0 0 
1.67772e+07 1.67772e+07 1.67772e+07 1.67772e+07 
1.63042e-322 1.63042e-322 1.63042e-322 1.63042e-322 
6.92623e-310 6.92623e-310 6.92623e-310 6.92623e-310 
0 0 0 
1.58101e-322 1.58101e-322 1.58101e-322 
2.37152e-322 2.37152e-322 2.37152e-322 
3.48415e-316 3.48415e-316 3.48415e-316 
321.021 321.021 321.021 
-24.8659 -24.8659 -24.8659 
0.139846 0.139846 0.139846 
3.95253e-322 3.95253e-322 3.95253e-322 
4.94066e-324 4.94066e-324 4.94066e-324 
3.48849e-316 3.48849e-316 3.48849e-316 3.48849e-316 
2.42092e-322 2.42092e-322 2.42092e-322 2.42092e-322 
3.50483e-316 3.50483e-316 3.50483e-316 3.50483e-316 
3.50412e-316 3.50412e-316 3.50412e-316 3.50412e-316 
3.50334e-316 3.50334e-316 3.50334e-316 3.50334e-316 
3.40889e-316 3.40889e-316 3.40889e-316 3.40889e-316 
3.23796e-319 3.23796e-319 3.23796e-319 3.23796e-319 
5.13828e-321 5.13828e-321 5.13828e-321 5.13828e-321 
3.50498e-316 3.50498e-316 3.50498e-316 3.50498e-316 
1.38733e+296 1.38733e+296 1.38733e+296 1.38733e+296 1.38733e+296 
-nan -nan -nan -nan -nan 
3.50334e-316 3.50334e-316 3.50334e-316 3.50334e-316 3.50334e-316 
-nan -nan -nan -nan -nan 
2.122e-314 2.122e-314 2.122e-314 2.122e-314 2.122e-314 
-nan -nan -nan -nan -nan 
3.49711e-316 3.49711e-316 3.49711e-316 3.49711e-316 3.49711e-316 
-nan -nan -nan -nan -nan 
0 0 0 0 0 
R=8parameters: 
0.25774 0.25774 
0.598694 0.598694 
0.104655 0.104655 
-3.82708 -3.82708 
3.04528 3.04528 
3.40885e-316 3.40885e-316 
9.71413e+07 9.71413e+07 
5.01765e-05 5.01765e-05 
1.16019e-05 1.16019e-05 
1.3488e-321 1.3488e-321 1.3488e-321 
3.50454e-316 3.50454e-316 3.50454e-316 
6.92625e-310 6.92625e-310 6.92625e-310 
2.47033e-323 2.47033e-323 2.47033e-323 
3.50333e-316 3.50333e-316 3.50333e-316 
2.47033e-323 2.47033e-323 2.47033e-323 
2.42092e-322 2.42092e-322 2.42092e-322 
1.061e-313 1.061e-313 1.061e-313 
1.05261e+06 1.05261e+06 1.05261e+06 
3480.45 3480.45 3480.45 3480.45 
0 0 0 0 
4.74303e-322 4.74303e-322 4.74303e-322 4.74303e-322 
3.21143e-322 3.21143e-322 3.21143e-322 3.21143e-322 
2.47033e-323 2.47033e-323 2.47033e-323 2.47033e-323 
3.48332e-316 3.48332e-316 3.48332e-316 3.48332e-316 
2.47033e-323 2.47033e-323 2.47033e-323 2.47033e-323 
3.49183e-316 3.49183e-316 3.49183e-316 3.49183e-316 
2685.59 2685.59 2685.59 2685.59 
3.50332e-316 3.50332e-316 3.50332e-316 
3.23796e-319 3.23796e-319 3.23796e-319 
5.58294e-322 5.58294e-322 5.58294e-322 
3.43403e-316 3.43403e-316 3.43403e-316 
0.096121 0.096121 0.096121 
0.0223364 0.0223364 0.0223364 
0.00431082 0.00431082 0.00431082 
0.000690966 0.000690966 0.000690966 
9.19824e-05 9.19824e-05 9.19824e-05 
1.01696e-05 1.01696e-05 1.01696e-05 1.01696e-05 
3.48559e-316 3.48559e-316 3.48559e-316 3.48559e-316 
7.12122e-08 7.12122e-08 7.12122e-08 7.12122e-08 
1.63042e-322 1.63042e-322 1.63042e-322 1.63042e-322 
6.92623e-310 6.92623e-310 6.92623e-310 6.92623e-310 
2.122e-314 2.122e-314 2.122e-314 2.122e-314 
3.50389e-316 3.50389e-316 3.50389e-316 3.50389e-316 
5.14322e-321 5.14322e-321 5.14322e-321 5.14322e-321 
3.50498e-316 3.50498e-316 3.50498e-316 3.50498e-316 
1.38733e+296 1.38733e+296 1.38733e+296 1.38733e+296 1.38733e+296 
-nan -nan -nan -nan -nan 
3.50334e-316 3.50334e-316 3.50334e-316 3.50334e-316 3.50334e-316 
-nan -nan -nan -nan -nan 
2.122e-314 2.122e-314 2.122e-314 2.122e-314 2.122e-314 
-nan -nan -nan -nan -nan 
3.49711e-316 3.49711e-316 3.49711e-316 3.49711e-316 3.49711e-316 
-nan -nan -nan -nan -nan 
0 0 0 0 0 
R=9parameters: 
0.289353 0.289353 
0.66333 0.66333 
1 1 
1 1 
1 1 
3.40885e-316 3.40885e-316 
9.71413e+07 9.71413e+07 
5.01765e-05 5.01765e-05 
1.16019e-05 1.16019e-05 
6.37345e-322 6.37345e-322 6.37345e-322 
3.61912e-316 3.61912e-316 3.61912e-316 
0 0 0 
4.69615e-05 4.69615e-05 4.69615e-05 
5.96046e-08 5.96046e-08 5.96046e-08 
5.3058e-06 5.3058e-06 5.3058e-06 
0.00144871 0.00144871 0.00144871 
0 0 0 
0 0 0 
-0.01907 -0.01907 -0.01907 -0.01907 
0.00023357 0.00023357 0.00023357 0.00023357 
0 0 0 0 
0 0 0 0 
0 0 0 0 
0 0 0 0 
1.67772e+07 1.67772e+07 1.67772e+07 1.67772e+07 
7.16395e-322 7.16395e-322 7.16395e-322 7.16395e-322 
3.49658e-316 3.49658e-316 3.49658e-316 3.49658e-316 
3.42572e-316 3.42572e-316 3.42572e-316 
3.48961e-316 3.48961e-316 3.48961e-316 
3.44483e-316 3.44483e-316 3.44483e-316 
7.72485e+228 7.72485e+228 7.72485e+228 
7.67955e+218 7.67955e+218 7.67955e+218 
8.6188e+183 8.6188e+183 8.6188e+183 
1.14109e+243 1.14109e+243 1.14109e+243 
0 0 0 
6.08167e+247 6.08167e+247 6.08167e+247 
9.08698e+223 9.08698e+223 9.08698e+223 9.08698e+223 
7.09799e+194 7.09799e+194 7.09799e+194 7.09799e+194 
2.98361e+174 2.98361e+174 2.98361e+174 2.98361e+174 
2.45944e+198 2.45944e+198 2.45944e+198 2.45944e+198 
6.91609e+212 6.91609e+212 6.91609e+212 6.91609e+212 
1.34062e-317 1.34062e-317 1.34062e-317 1.34062e-317 
0 0 0 0 
5.14322e-321 5.14322e-321 5.14322e-321 5.14322e-321 
3.50498e-316 3.50498e-316 3.50498e-316 3.50498e-316 
1.38733e+296 1.38733e+296 1.38733e+296 1.38733e+296 1.38733e+296 
-nan -nan -nan -nan -nan 
3.50334e-316 3.50334e-316 3.50334e-316 3.50334e-316 3.50334e-316 
-nan -nan -nan -nan -nan 
2.122e-314 2.122e-314 2.122e-314 2.122e-314 2.122e-314 
-nan -nan -nan -nan -nan 
3.49711e-316 3.49711e-316 3.49711e-316 3.49711e-316 3.49711e-316 
-nan -nan -nan -nan -nan 
0 0 0 0 0 
R=10parameters: 
0.298493 0.298493 
0.709399 0.709399 
0.00237095 0.00237095 
65.1357 65.1357 
-39.8441 -39.8441 
3.40885e-316 3.40885e-316 
9.71413e+07 9.71413e+07 
5.01765e-05 5.01765e-05 
1.16019e-05 1.16019e-05 
6.37345e-322 6.37345e-322 6.37345e-322 
6.92625e-310 6.92625e-310 6.92625e-310 
3.50471e-316 3.50471e-316 3.50471e-316 
337.764 337.764 337.764 
-207.185 -207.185 -207.185 
-631.829 -631.829 -631.829 
0.0145825 0.0145825 0.0145825 
0 0 0 
0 0 0 
-0.000210149 -0.000210149 -0.000210149 -0.000210149 
0.00105185 0.00105185 0.00105185 0.00105185 
0 0 0 0 
0 0 0 0 
1435.93 1435.93 1435.93 1435.93 
0 0 0 0 
0 0 0 0 
7.16395e-322 7.16395e-322 7.16395e-322 7.16395e-322 
3.49658e-316 3.49658e-316 3.49658e-316 3.49658e-316 
3.49573e-316 3.49573e-316 3.49573e-316 
3.62521e-316 3.62521e-316 3.62521e-316 
3.48278e-316 3.48278e-316 3.48278e-316 
7.72485e+228 7.72485e+228 7.72485e+228 
7.67955e+218 7.67955e+218 7.67955e+218 
8.6188e+183 8.6188e+183 8.6188e+183 
1.14109e+243 1.14109e+243 1.14109e+243 
7.50322e+247 7.50322e+247 7.50322e+247 
6.08167e+247 6.08167e+247 6.08167e+247 
9.08698e+223 9.08698e+223 9.08698e+223 9.08698e+223 
7.09799e+194 7.09799e+194 7.09799e+194 7.09799e+194 
2.98361e+174 2.98361e+174 2.98361e+174 2.98361e+174 
2.45944e+198 2.45944e+198 2.45944e+198 2.45944e+198 
6.91609e+212 6.91609e+212 6.91609e+212 6.91609e+212 
1.34062e-317 1.34062e-317 1.34062e-317 1.34062e-317 
0 0 0 0 
5.14322e-321 5.14322e-321 5.14322e-321 5.14322e-321 
3.50498e-316 3.50498e-316 3.50498e-316 3.50498e-316 
1.38733e+296 1.38733e+296 1.38733e+296 1.38733e+296 1.38733e+296 
-nan -nan -nan -nan -nan 
3.50334e-316 3.50334e-316 3.50334e-316 3.50334e-316 3.50334e-316 
-nan -nan -nan -nan -nan 
2.122e-314 2.122e-314 2.122e-314 2.122e-314 2.122e-314 
-nan -nan -nan -nan -nan 
3.49711e-316 3.49711e-316 3.49711e-316 3.49711e-316 3.49711e-316 
-nan -nan -nan -nan -nan 
0 0 0 0 0 
R=11parameters: 
0.302245 0.302245 
0.726603 0.726603 
-0.0832137 -0.0832137 
-3.54579 -3.54579 
2.71441 2.71441 
3.40885e-316 3.40885e-316 
9.71413e+07 9.71413e+07 
5.01765e-05 5.01765e-05 
1.16019e-05 1.16019e-05 
6.37345e-322 6.37345e-322 6.37345e-322 
3.50443e-316 3.50443e-316 3.50443e-316 
3.48766e-316 3.48766e-316 3.48766e-316 
0.000240651 0.000240651 0.000240651 
-0.000490334 -0.000490334 -0.000490334 
-6.3315e-05 -6.3315e-05 -6.3315e-05 
4.00193e-322 4.00193e-322 4.00193e-322 
3.44156e-316 3.44156e-316 3.44156e-316 
1.38733e+296 1.38733e+296 1.38733e+296 
3.4833e-316 3.4833e-316 3.4833e-316 3.4833e-316 
3.42528e-316 3.42528e-316 3.42528e-316 3.42528e-316 
3.48499e-316 3.48499e-316 3.48499e-316 3.48499e-316 
3.50411e-316 3.50411e-316 3.50411e-316 3.50411e-316 
0 0 0 0 
0 0 0 0 
1.67772e+07 1.67772e+07 1.67772e+07 1.67772e+07 
7.16395e-322 7.16395e-322 7.16395e-322 7.16395e-322 
3.49658e-316 3.49658e-316 3.49658e-316 3.49658e-316 
3.49615e-316 3.49615e-316 3.49615e-316 
3.49573e-316 3.49573e-316 3.49573e-316 
2.40795e-316 2.40795e-316 2.40795e-316 
3.43632e-316 3.43632e-316 3.43632e-316 
7.67955e+218 7.67955e+218 7.67955e+218 
8.6188e+183 8.6188e+183 8.6188e+183 
1.14109e+243 1.14109e+243 1.14109e+243 
7.50322e+247 7.50322e+247 7.50322e+247 
0 0 0 
0 0 0 0 
0 0 0 0 
0 0 0 0 
0 0 0 0 
6.91609e+212 6.91609e+212 6.91609e+212 6.91609e+212 
1.34062e-317 1.34062e-317 1.34062e-317 1.34062e-317 
0 0 0 0 
5.14322e-321 5.14322e-321 5.14322e-321 5.14322e-321 
3.50498e-316 3.50498e-316 3.50498e-316 3.50498e-316 
1.38733e+296 1.38733e+296 1.38733e+296 1.38733e+296 1.38733e+296 
-nan -nan -nan -nan -nan 
3.50334e-316 3.50334e-316 3.50334e-316 3.50334e-316 3.50334e-316 
-nan -nan -nan -nan -nan 
2.122e-314 2.122e-314 2.122e-314 2.122e-314 2.122e-314 
-nan -nan -nan -nan -nan 
3.49711e-316 3.49711e-316 3.49711e-316 3.49711e-316 3.49711e-316 
-nan -nan -nan -nan -nan 
0 0 0 0 0 
T Models:
(* Fitting with shape 1 1 1 1 1 1 1 1 1 1 0 0 *)
G[T_,xx_]:=Exp[0+xx[[1]]*T^1+xx[[2]]*T^2]*(1)
(* Fitting with shape 1 1 1 1 1 1 1 1 1 1 1 0 *)
G[T_,xx_]:=Exp[0+xx[[1]]*T^1+xx[[2]]*T^2]*(1)
(* Fitting with shape 1 1 1 1 1 1 1 1 1 1 1 1 *)
G[T_,xx_]:=Exp[0+xx[[1]]*T^1+xx[[2]]*T^2]*(1)
(* Fitting with shape 0 1 1 1 1 1 1 1 1 1 0 0 *)
G[T_,xx_]:=Exp[0+xx[[1]]*T^1+xx[[2]]*T^2]*(1)
(* Fitting with shape 0 1 1 1 1 1 1 1 1 1 1 0 *)
G[T_,xx_]:=Exp[0+xx[[1]]*T^1+xx[[2]]*T^2]*(1)
(* Fitting with shape 0 1 1 1 1 1 1 1 1 1 1 1 *)
G[T_,xx_]:=Exp[0+xx[[1]]*T^1+xx[[2]]*T^2]*(1)
(* Fitting with shape 0 0 1 1 1 1 1 1 1 1 0 0 *)
G[T_,xx_]:=Exp[0+xx[[1]]*T^1+xx[[2]]*T^2]*(1)
(* Fitting with shape 0 0 1 1 1 1 1 1 1 1 1 0 *)
G[T_,xx_]:=Exp[0+xx[[1]]*T^1+xx[[2]]*T^2]*(1)
(* Fitting with shape 0 0 1 1 1 1 1 1 1 1 1 1 *)
G[T_,xx_]:=Exp[0+xx[[1]]*T^1+xx[[2]]*T^2]*(1)
(* Fitting with shape 1 1 1 1 1 1 1 1 1 1 0 0 *)
G[T_,xx_]:=Exp[0+xx[[1]]*T^1+xx[[2]]*T^2]*(1+xx[[3]]/(T^1))
(* Fitting with shape 1 1 1 1 1 1 1 1 1 1 1 0 *)
G[T_,xx_]:=Exp[0+xx[[1]]*T^1+xx[[2]]*T^2]*(1+xx[[3]]/(T^1))
(* Fitting with shape 1 1 1 1 1 1 1 1 1 1 1 1 *)
G[T_,xx_]:=Exp[0+xx[[1]]*T^1+xx[[2]]*T^2]*(1+xx[[3]]/(T^1))
(* Fitting with shape 0 1 1 1 1 1 1 1 1 1 0 0 *)
G[T_,xx_]:=Exp[0+xx[[1]]*T^1+xx[[2]]*T^2]*(1+xx[[3]]/(T^1))
(* Fitting with shape 0 1 1 1 1 1 1 1 1 1 1 0 *)
G[T_,xx_]:=Exp[0+xx[[1]]*T^1+xx[[2]]*T^2]*(1+xx[[3]]/(T^1))
(* Fitting with shape 0 1 1 1 1 1 1 1 1 1 1 1 *)
G[T_,xx_]:=Exp[0+xx[[1]]*T^1+xx[[2]]*T^2]*(1+xx[[3]]/(T^1))
(* Fitting with shape 0 0 1 1 1 1 1 1 1 1 0 0 *)
G[T_,xx_]:=Exp[0+xx[[1]]*T^1+xx[[2]]*T^2]*(1+xx[[3]]/(T^1))
(* Fitting with shape 0 0 1 1 1 1 1 1 1 1 1 0 *)
G[T_,xx_]:=Exp[0+xx[[1]]*T^1+xx[[2]]*T^2]*(1+xx[[3]]/(T^1))
(* Fitting with shape 0 0 1 1 1 1 1 1 1 1 1 1 *)
G[T_,xx_]:=Exp[0+xx[[1]]*T^1+xx[[2]]*T^2]*(1+xx[[3]]/(T^1))
(* Fitting with shape 1 1 1 1 1 1 1 1 1 1 0 0 *)
G[T_,xx_]:=Exp[0+xx[[1]]*T^1+xx[[2]]*T^2]*(1+xx[[3]]/(T^1)+xx[[4]]/(T^2))
(* Fitting with shape 1 1 1 1 1 1 1 1 1 1 1 0 *)
G[T_,xx_]:=Exp[0+xx[[1]]*T^1+xx[[2]]*T^2]*(1+xx[[3]]/(T^1)+xx[[4]]/(T^2))
(* Fitting with shape 1 1 1 1 1 1 1 1 1 1 1 1 *)
G[T_,xx_]:=Exp[0+xx[[1]]*T^1+xx[[2]]*T^2]*(1+xx[[3]]/(T^1)+xx[[4]]/(T^2))
(* Fitting with shape 0 1 1 1 1 1 1 1 1 1 0 0 *)
G[T_,xx_]:=Exp[0+xx[[1]]*T^1+xx[[2]]*T^2]*(1+xx[[3]]/(T^1)+xx[[4]]/(T^2))
(* Fitting with shape 0 1 1 1 1 1 1 1 1 1 1 0 *)
G[T_,xx_]:=Exp[0+xx[[1]]*T^1+xx[[2]]*T^2]*(1+xx[[3]]/(T^1)+xx[[4]]/(T^2))
(* Fitting with shape 0 1 1 1 1 1 1 1 1 1 1 1 *)
G[T_,xx_]:=Exp[0+xx[[1]]*T^1+xx[[2]]*T^2]*(1+xx[[3]]/(T^1)+xx[[4]]/(T^2))
(* Fitting with shape 0 0 1 1 1 1 1 1 1 1 0 0 *)
G[T_,xx_]:=Exp[0+xx[[1]]*T^1+xx[[2]]*T^2]*(1+xx[[3]]/(T^1)+xx[[4]]/(T^2))
(* Fitting with shape 0 0 1 1 1 1 1 1 1 1 1 0 *)
G[T_,xx_]:=Exp[0+xx[[1]]*T^1+xx[[2]]*T^2]*(1+xx[[3]]/(T^1)+xx[[4]]/(T^2))
(* Fitting with shape 0 0 1 1 1 1 1 1 1 1 1 1 *)
G[T_,xx_]:=Exp[0+xx[[1]]*T^1+xx[[2]]*T^2]*(1+xx[[3]]/(T^1)+xx[[4]]/(T^2))
(* Fitting with shape 1 1 1 1 1 1 1 1 1 1 0 0 *)
G[T_,xx_]:=Exp[0+xx[[1]]*T^1+xx[[2]]*T^2+xx[[3]]*T^3]*(1)
(* Fitting with shape 1 1 1 1 1 1 1 1 1 1 1 0 *)
G[T_,xx_]:=Exp[0+xx[[1]]*T^1+xx[[2]]*T^2+xx[[3]]*T^3]*(1)
(* Fitting with shape 1 1 1 1 1 1 1 1 1 1 1 1 *)
G[T_,xx_]:=Exp[0+xx[[1]]*T^1+xx[[2]]*T^2+xx[[3]]*T^3]*(1)
(* Fitting with shape 0 1 1 1 1 1 1 1 1 1 0 0 *)
G[T_,xx_]:=Exp[0+xx[[1]]*T^1+xx[[2]]*T^2+xx[[3]]*T^3]*(1)
(* Fitting with shape 0 1 1 1 1 1 1 1 1 1 1 0 *)
G[T_,xx_]:=Exp[0+xx[[1]]*T^1+xx[[2]]*T^2+xx[[3]]*T^3]*(1)
(* Fitting with shape 0 1 1 1 1 1 1 1 1 1 1 1 *)
G[T_,xx_]:=Exp[0+xx[[1]]*T^1+xx[[2]]*T^2+xx[[3]]*T^3]*(1)
(* Fitting with shape 0 0 1 1 1 1 1 1 1 1 0 0 *)
G[T_,xx_]:=Exp[0+xx[[1]]*T^1+xx[[2]]*T^2+xx[[3]]*T^3]*(1)
(* Fitting with shape 0 0 1 1 1 1 1 1 1 1 1 0 *)
G[T_,xx_]:=Exp[0+xx[[1]]*T^1+xx[[2]]*T^2+xx[[3]]*T^3]*(1)
(* Fitting with shape 0 0 1 1 1 1 1 1 1 1 1 1 *)
G[T_,xx_]:=Exp[0+xx[[1]]*T^1+xx[[2]]*T^2+xx[[3]]*T^3]*(1)
(* Fitting with shape 1 1 1 1 1 1 1 1 1 1 0 0 *)
G[T_,xx_]:=Exp[0+xx[[1]]*T^1+xx[[2]]*T^2+xx[[3]]*T^3]*(1+xx[[4]]/(T^1))
(* Fitting with shape 1 1 1 1 1 1 1 1 1 1 1 0 *)
G[T_,xx_]:=Exp[0+xx[[1]]*T^1+xx[[2]]*T^2+xx[[3]]*T^3]*(1+xx[[4]]/(T^1))
(* Fitting with shape 1 1 1 1 1 1 1 1 1 1 1 1 *)
G[T_,xx_]:=Exp[0+xx[[1]]*T^1+xx[[2]]*T^2+xx[[3]]*T^3]*(1+xx[[4]]/(T^1))
(* Fitting with shape 0 1 1 1 1 1 1 1 1 1 0 0 *)
G[T_,xx_]:=Exp[0+xx[[1]]*T^1+xx[[2]]*T^2+xx[[3]]*T^3]*(1+xx[[4]]/(T^1))
(* Fitting with shape 0 1 1 1 1 1 1 1 1 1 1 0 *)
G[T_,xx_]:=Exp[0+xx[[1]]*T^1+xx[[2]]*T^2+xx[[3]]*T^3]*(1+xx[[4]]/(T^1))
(* Fitting with shape 0 1 1 1 1 1 1 1 1 1 1 1 *)
G[T_,xx_]:=Exp[0+xx[[1]]*T^1+xx[[2]]*T^2+xx[[3]]*T^3]*(1+xx[[4]]/(T^1))
(* Fitting with shape 0 0 1 1 1 1 1 1 1 1 0 0 *)
G[T_,xx_]:=Exp[0+xx[[1]]*T^1+xx[[2]]*T^2+xx[[3]]*T^3]*(1+xx[[4]]/(T^1))
(* Fitting with shape 0 0 1 1 1 1 1 1 1 1 1 0 *)
G[T_,xx_]:=Exp[0+xx[[1]]*T^1+xx[[2]]*T^2+xx[[3]]*T^3]*(1+xx[[4]]/(T^1))
(* Fitting with shape 0 0 1 1 1 1 1 1 1 1 1 1 *)
G[T_,xx_]:=Exp[0+xx[[1]]*T^1+xx[[2]]*T^2+xx[[3]]*T^3]*(1+xx[[4]]/(T^1))
(* Fitting with shape 1 1 1 1 1 1 1 1 1 1 0 0 *)
G[T_,xx_]:=Exp[0+xx[[1]]*T^1+xx[[2]]*T^2+xx[[3]]*T^3]*(1+xx[[4]]/(T^1)+xx[[5]]/(T^2))
(* Fitting with shape 1 1 1 1 1 1 1 1 1 1 1 0 *)
G[T_,xx_]:=Exp[0+xx[[1]]*T^1+xx[[2]]*T^2+xx[[3]]*T^3]*(1+xx[[4]]/(T^1)+xx[[5]]/(T^2))
(* Fitting with shape 1 1 1 1 1 1 1 1 1 1 1 1 *)
G[T_,xx_]:=Exp[0+xx[[1]]*T^1+xx[[2]]*T^2+xx[[3]]*T^3]*(1+xx[[4]]/(T^1)+xx[[5]]/(T^2))
(* Fitting with shape 0 1 1 1 1 1 1 1 1 1 0 0 *)
G[T_,xx_]:=Exp[0+xx[[1]]*T^1+xx[[2]]*T^2+xx[[3]]*T^3]*(1+xx[[4]]/(T^1)+xx[[5]]/(T^2))
(* Fitting with shape 0 1 1 1 1 1 1 1 1 1 1 0 *)
G[T_,xx_]:=Exp[0+xx[[1]]*T^1+xx[[2]]*T^2+xx[[3]]*T^3]*(1+xx[[4]]/(T^1)+xx[[5]]/(T^2))
(* Fitting with shape 0 1 1 1 1 1 1 1 1 1 1 1 *)
G[T_,xx_]:=Exp[0+xx[[1]]*T^1+xx[[2]]*T^2+xx[[3]]*T^3]*(1+xx[[4]]/(T^1)+xx[[5]]/(T^2))
(* Fitting with shape 0 0 1 1 1 1 1 1 1 1 0 0 *)
G[T_,xx_]:=Exp[0+xx[[1]]*T^1+xx[[2]]*T^2+xx[[3]]*T^3]*(1+xx[[4]]/(T^1)+xx[[5]]/(T^2))
(* Fitting with shape 0 0 1 1 1 1 1 1 1 1 1 0 *)
G[T_,xx_]:=Exp[0+xx[[1]]*T^1+xx[[2]]*T^2+xx[[3]]*T^3]*(1+xx[[4]]/(T^1)+xx[[5]]/(T^2))
(* Fitting with shape 0 0 1 1 1 1 1 1 1 1 1 1 *)
G[T_,xx_]:=Exp[0+xx[[1]]*T^1+xx[[2]]*T^2+xx[[3]]*T^3]*(1+xx[[4]]/(T^1)+xx[[5]]/(T^2))
Probabilities: 
        0         0         0         0         0         0         0         0         0         0         0         0         0         0         0         0         0         0         0         0         0         0         0         0   0.22515         0         0         0         0         0         0         0         0         0         0         0         0         0         0         0         0         0         0         0         0         0         0         0         0         0         0   0.77485         0         0
        0         0         0         0         0         0         0         0         0         0         0         0         0         0         0         0         0         0         0         0         0         0         0         0  0.471041         0         0         0         0         0         0         0         0         0         0         0         0         0         0         0         0         0         0         0         0         0         0         0         0         0         0  0.528959         0         0
        0         0         0         0         0         0         0         0         0         0         0         0         0         0         0         0         0         0         0         0         0         0         0         0         0         0         0         0         0         0         0         0         0         0         0         0         0         0         0         0         0         0         0         0         0         0         0         0         0         0         0         1         0         0
        0         0         0         0         0         0         0         0         0         0         0         0         0         0         0         0         0         0         0         0         0         0         0         0  0.298097         0         0         0         0         0         0         0         0         0         0         0         0         0         0         0         0         0 0.0112562         0         0         0         0         0         0         0         0  0.690647         0         0
        0         0         0         0         0         0         0         0         0         0         0         0         0         0         0 0.0152215         0         0         0         0         0         0         0         0  0.525688         0         0         0         0         0         0         0         0         0         0         0         0         0         0         0         0         0         0         0         0         0         0         0         0         0         0  0.459091         0         0
        0         0         0         0         0         0         0         0         0         0         0         0         0         0         0         0         0         0         0         0         0         0         0         0  0.760113         0         0         0         0         0         0         0         0         0         0         0         0         0         0         0         0         0  0.239887         0         0         0         0         0         0         0         0         0         0         0
        0         0         0         0         0         0         0         0         0         0         0         0         0         0         0  0.104388         0         0         0         0         0         0         0         0  0.414192         0         0         0         0         0         0         0         0         0         0         0         0         0         0         0         0         0  0.189529         0         0         0         0         0         0         0         0  0.291891         0         0
        0         0         0         0         0         0         0         0         0         0         0         0         0         0         0         0         0         0         0         0         0         0         0         0  0.685789         0         0         0         0         0         0         0         0         0         0         0         0         0         0         0         0         0         0         0         0         0         0         0         0         0         0  0.314211         0         0
        0         0         0         0         0         0         0         0         0         0         0         0         0         0         0   0.37062         0         0         0         0         0         0         0         0  0.454582         0         0         0         0         0         0         0         0         0         0         0         0         0         0         0         0         0         0         0         0         0         0         0         0         0         0  0.174798         0         0
        0         0         0         0         0         0         0         0         0         0         0         0         0         0         0  0.466459         0         0         0         0         0         0         0         0  0.308363         0         0         0         0         0         0         0         0         0         0         0         0         0         0         0         0         0  0.225179         0         0         0         0         0         0         0         0         0         0         0
        0         0         0         0         0         0         0         0         0         0         0         0         0         0         0  0.574771         0         0         0         0         0         0         0         0  0.309822         0         0         0         0         0         0         0         0         0         0         0         0         0         0         0         0         0         0         0         0         0         0         0         0         0         0  0.115406         0         0
        0         0         0         0         0         0         0         0         0         0         0         0         0         0         0  0.628677         0         0         0         0         0         0         0         0  0.264318         0         0         0         0         0         0         0         0         0         0         0         0         0         0         0         0         0         0         0         0         0         0         0         0         0         0  0.107005         0         0

Values: 
  0.10581  0.105791  0.105864  0.104795  0.104777  0.104833  0.103815   0.10384  0.103847  0.102786  0.102783  0.102778  0.102007  0.102028  0.102022  0.101697    0.1017  0.101698  0.101605  0.101614  0.101613  0.101355  0.101354  0.101357  0.101305  0.101305   0.10131  0.110276  0.109836  0.983376  0.108799   1.16195  0.108163   1.05614    1.0553   1.25961  0.105392  0.954982  0.928798  0.878768  0.599387   1.31306  0.102575  0.102452   0.75067  0.102423  0.102304   0.10223 -0.144841  0.101412  0.101367  0.100765  0.100984  0.101018
 0.173834  0.173846  0.173839  0.828177  0.172008  0.843421   0.25944  0.211434  0.194464   0.15625   0.15625  0.167775  0.166053  0.166014  0.165984  0.434389  0.480213  0.165102  0.165026  0.164986  0.164969  0.302375  0.164217  0.164215  0.164044  0.789474  0.163985   1.06369   1.30705  0.986887   1.21358   1.11969   1.13538   1.05436   1.04015   1.34806  0.873183   0.97662  0.173259  0.906502  0.898761  0.169492  0.167911  0.684891  0.167374  0.167717   0.16741  0.167202   0.16482  0.165097  0.164922  0.162054  0.163752  0.163765
 0.230259  0.230497  0.230326  0.800257  0.826145  0.463277  0.222901  0.223105  0.222931  0.218423  0.218435  0.218347  0.646951  0.215478  0.721934  0.213929  0.213795  0.213701  0.213734  0.213668   0.21359  0.236679  0.254043  0.288981  0.869087  0.360047  0.293005   1.09521    1.0962   1.06674    1.3233   1.31137 0.0500303   1.31941  0.991827   1.35855  0.230443  0.228894   1.04853  0.223039  0.860145  0.972253  0.633471   2.27349   0.21775  0.218405  0.218187   0.21783   1.53196  0.872434  0.213304  0.203316  0.209793  0.210776
 0.285844  0.286405  0.285737  0.277516  0.277852  0.696775   0.27154  0.271815  0.271109  0.264763  0.264675  0.264269  0.259643  0.259384  0.302739  0.458339   0.25653  0.256226  0.256809  0.256548  0.256218  0.254047  0.253963  0.283188  0.253527  0.253486  0.253111  0.316998   1.08635         1   1.35768   1.35604   1.12925   1.04579   1.33199   1.32653  0.949642  0.953269  0.935737   1.26661  0.879932  0.928023  0.264008  0.725637  0.263589  0.266832  0.265433         1  0.862518  -1.03941  0.255743  0.235031  0.245287   0.25189
 0.339052  0.338687  0.338582  0.326154  0.454075  0.391849   0.35815  0.375359  0.370033  0.309198  0.308567  0.307866  0.379325  0.506176  0.301251  0.297971  0.297798  0.297193  0.298395  0.298024  0.297435  0.352056  0.372193   0.38086  0.293081  0.293595  0.292344     1.076   1.07095   1.10473   1.28259   1.26497   1.19542   1.07165   1.37638   1.38332   0.86591  0.924989  0.971667  0.904902  0.321223  0.717887   3.36867  0.306658  0.309082         1         1         1  0.949141  0.290161  0.893856  0.264509  0.116901  0.790399
 0.399686  0.399901  0.401155  0.379542  0.379536  0.379237  0.366883  0.366464  0.366059  0.355226  0.354738  0.354281  0.774371  0.734927  0.720815   0.60382  0.337077  0.336664  0.338393  0.338169  0.337747  0.329645  0.330764  0.330308  0.327954  0.330108  0.329371   1.08788  0.989868  0.998376   0.42865   1.36127   1.35088  0.993006  0.995536   1.03942  0.974205  0.974385  0.921623  0.378192  0.372299  0.924802  0.357628  0.645606   1.01141  0.691883  0.616193  0.908982  0.330475   0.32015  0.529752   0.92781  0.518206  0.602166
 0.462465  0.462401  0.463703  0.433181  0.432969  0.433046  0.416536  0.416214  0.416153  0.402239  0.401864  0.401528  0.387186  0.386799  0.386311  0.374997  0.376356  0.375952  0.378432  0.378479  0.377961  0.363988  0.367373   0.52066  0.363177  0.368061  0.367549   1.09695   1.09565   1.10702   1.21827  0.488369   1.20577   1.04604  0.982229  0.985666  0.959239  0.956006  0.443401   1.02496  0.423454  0.831142  0.401419  0.386676  0.388376  0.688269  0.408203  0.142608   1.33137   1.36635   1.08202  0.225642  -30.2072  0.242461
 0.530951  0.530871  0.530937  0.491459  0.491248  0.490991  0.470011    0.4695  0.469185  0.453346  0.452891  0.452573  0.432747  0.432163  0.431853  0.648674  0.647345  0.612996  0.420571   0.42034  0.420219  0.395879  0.399157  0.401106  0.394055  0.400238  0.403872   1.11348  0.606024   1.08748   1.24077   1.21811   1.12481   1.31553   1.35608  0.531644  0.516858  0.298382   0.50757  0.979819  0.973659  0.482903   6.16913  0.558359  0.431587  0.486708  0.773556   0.46521  0.780155  0.595753  0.970625  0.284832  0.273551   1.24434
 0.598693  0.598694   0.59895   0.55198  0.551737   0.55133  0.526837  0.526222  0.525747  0.508832  0.508315  0.507958  0.482349  0.481975  0.482615  0.455251  0.457109  0.459951  0.968302  0.962516  0.989849  0.422986  0.431167  0.439282  0.417456  0.435377  0.450296   1.00956  0.682035  0.995136   1.11129   1.11085   1.11091   1.31386   1.01343   1.01344  0.586807  0.270807  0.208224  0.645362  0.561541  0.955994   1.63729   0.48672  0.456879  0.877592  0.546542  0.527681  0.794912     1.304  0.321346   0.35371  0.330481         1
 0.663409   0.66333  0.663535  0.611765   0.61168  0.611506  0.586532  0.586271  0.585668  0.567626  0.567404  0.566917  0.539298  0.538616  0.537882  0.501523  0.502074  0.502111  0.520948  0.520312  0.519784  0.452431  0.460275  0.463178  0.453559  0.468949  0.473305     1.133   1.13419  0.746992   1.20867   1.22068   1.18881   1.05215   1.23946  0.980853   0.64932  0.643606  0.640423  0.546551  0.640538   1.40475  0.566219  0.542016  0.534952     0.651  0.632107  0.624053  0.408137  0.400666  -0.81858   4.61461   1.71878   0.38745
 0.710008  0.709399  0.709525  0.656958  0.656182  0.656286   0.63343  0.632075  0.631969  0.615253  0.614125  0.614136    0.5893  0.586532  0.586912  0.542952  0.538137  0.539453  0.572012  0.567992  0.569099  0.469063  0.462135  0.465248    0.4801  0.459584  0.474802   1.13761   1.13424   1.11261   1.11836    1.1124   1.12222   1.03681   1.34217   1.05197   0.69447   0.69596  0.690108  0.721715  0.762473  0.675514   7.03422  0.621783   0.60515  0.895711  0.895925  0.887934  0.964276  0.702593  0.464236  0.451686  0.475802   2.25987
 0.726869  0.726603  0.726752  0.675957  0.675607  0.675602  0.655429  0.654764  0.655193  0.636941  0.636455  0.636488  0.616292  0.615075  0.616443  0.573085  0.571988   0.57287  0.602256  0.600675  0.602869  0.520144  0.520336  0.524919  0.536303  0.534977  0.549262   1.10349   1.10438  0.809143  0.750083   1.30053  0.745504   1.01242   1.01732   1.31901  0.701645  0.700756  0.695923  0.733326   0.80025  0.722302  0.989977  0.743445  0.542289  0.893719  0.893499  0.888855  0.470423  0.472192 -0.887977  0.436321  0.444152  0.425484

Errors: 
2.30202e-05 2.29721e-05 2.30071e-05 2.33253e-05 2.32811e-05 2.33248e-05 2.37009e-05  2.3642e-05 2.36732e-05 2.46778e-05 2.46352e-05 2.46589e-05 2.58777e-05  2.5796e-05 2.57368e-05 2.75558e-05  2.7555e-05 2.72774e-05 2.72707e-05 2.71661e-05 2.70721e-05 3.19065e-05 3.17856e-05 3.15708e-05 4.03879e-05 3.99245e-05 3.92091e-05  3.0438e-05  2.9827e-05           0 3.17399e-05           0  2.9789e-05     1.00013     1.00013     1.00001  3.9906e-05 1.02579e-05    0.766484           1           1           1 8.28632e-05 6.98054e-05 4.39737e-06 7.16981e-05 6.04988e-05 5.79849e-05 1.05027e-05 0.000114588 0.000104642 0.000258281   0.0002009 0.000164488
6.84902e-05 6.89041e-05 6.93529e-05           0           0           0           0           0           0           0           0 6.97494e-05 7.70562e-05 7.69543e-05 7.64532e-05           0           0 8.40677e-05 8.38593e-05 8.36467e-05 8.32613e-05           0 0.000104839 0.000103884 0.000156644           0 0.000139913           0           0           0           0           0           0     1.00088     1.00117     1.00013           0           0 0.000124344           1     1.00006 0.000174653  0.00036293           1 0.000282485 0.000295284 0.000239302 0.000225149 0.000650866  0.00050127 0.000450284  0.00134643 0.000930589 0.000761327
0.000144193 0.000143188 0.000143899           0           0           0 0.000138837 0.000139666 0.000139159 0.000148327 0.000148807 0.000146927           0  0.00016037           0 0.000188128 0.000190293 0.000186818 0.000179881  0.00017926 0.000178087           0           0           0           0           0           0           0           0           0           0           0           1     1.00018           0     1.00022 0.000325883 0.000297109           0 0.000564625           1           0     1.00001           1 0.000696002 0.000789144 0.000609911 0.000550158 0.000346397  0.00107987  0.00118187  0.00365785  0.00266553  0.00226652
0.000267098 0.000269508 0.000277796 0.000255851 0.000258172           0 0.000255064 0.000258104 0.000254309 0.000272577 0.000275465 0.000262761  0.00031168 0.000312782           0           0 0.000368699  0.00035061  0.00035894 0.000352441 0.000337866 0.000527529 0.000486242           0 0.000903214 0.000753963  0.00069715 0.000384372           0           0           0           0           0     1.00785     1.00028     1.00024           0           0           0           1     1.00012           0  0.00229872     1.00001  0.00163566  0.00170936  0.00133772   0.0146447 0.000370335 0.000936429   0.0027478  0.00832534  0.00614065  0.00500767
0.000416879 0.000418623 0.000429036 0.000389894           0           0           0           0           0 0.000428795 0.000421478  0.00041803           0     1.00668 0.000458413  0.00066443 0.000605527  0.00057661 0.000592133 0.000561997  0.00054254           0           0           0  0.00184395  0.00150108   0.0013959           0           0           0           0           0           0      1.0209     1.00474     1.00161           0           0           0     1.00046  0.00187397           1           1  0.00383024   0.0032775   0.0208381    0.020259   0.0184036  6.9344e-06   0.0065761 0.000509636   0.0138944  0.00281408  0.00431031
0.000639978 0.000649072 0.000658703 0.000612783 0.000618893 0.000620954 0.000632541 0.000633687 0.000635077 0.000698926 0.000698801 0.000691446           0           0           0           0  0.00117115  0.00113186  0.00109177   0.0010406  0.00102487  0.00197071  0.00172563   0.0016527  0.00352087  0.00303199   0.0029198           0           0           0  0.00124649           0           0           0           0     1.02806           0           0           0  0.00400415  0.00348604     1.00124   0.0084092     1.00001     1.31221 0.000504404  0.00044276 0.000860743   0.0136032   0.0120881  0.00703082           1     1.00001  0.00583373
          0           0           0 0.000901035   0.0009051 0.000912992 0.000975334 0.000979157 0.000985132  0.00106399  0.00106342  0.00107985  0.00150084  0.00146902  0.00145889  0.00229403  0.00211252  0.00201453  0.00205163  0.00187856  0.00184714  0.00370439  0.00319252           0  0.00595383  0.00557466  0.00506996           0           0           0           0  0.00180703           0     1.02324           0           0           0           0  0.00286651     1.00033   0.0056712     1.00004    0.014447    0.013157   0.0122047     1.25071  0.00799967     475.638  0.00150725      1.8966  0.00140395   0.0104306   0.0137074   0.0115762
 0.00134253           0   0.0013504  0.00133167  0.00133519  0.00132802  0.00153811  0.00149443  0.00153879  0.00169993  0.00169792  0.00168378  0.00257467  0.00253319  0.00249093           0           0           0  0.00343734  0.00331978  0.00328738  0.00700623  0.00627962  0.00587972   0.0132488  0.00904522  0.00944417           0   0.0020311           0           0           0           0     1.00277     1.00165  0.00429811  0.00550191           0  0.00503093     1.00054     1.12481  0.00922954     1.00784           1   0.0210563   0.0146039     4.00239   0.0126266  0.00222187   0.0165591     1.00017   0.0161384   0.0143793           1
 0.00184858           0           0  0.00195599  0.00196233  0.00196006  0.00232399   0.0023964  0.00236755  0.00259487  0.00258609  0.00255589  0.00426518  0.00413502  0.00402765  0.00742885  0.00680633  0.00626796           0           0           0   0.0161169   0.0120512  0.00993222   0.0207103   0.0239991    0.017658           0  0.00290532           0           0           0           0     1.00225           0           0  0.00829836           0           0     1.00003   0.0162867     1.00002           1   0.0424838   0.0427005  0.00204985   0.0206457   0.0201787   0.0834927     3.11391   0.0116041   0.0260201   0.0236706   0.0848816
 0.00242308  0.00238815   0.0024219  0.00274941  0.00274358  0.00275214  0.00371996  0.00368442  0.00366311  0.00377526   0.0037808  0.00377213  0.00685284  0.00672271  0.00688255   0.0123251   0.0119359   0.0114069  0.00964128  0.00945888  0.00915032   0.0324457   0.0276762   0.0258944   0.0410598   0.0333258   0.0367542           0           0  0.00379289           0           0           0     1.08802     1.00538           0   0.0125482   0.0116102    0.011063           1   0.0245527   0.0940085   0.0794655   0.0794712   0.0659723   0.0300548   0.0283546    0.027516   0.0198397    0.018235   0.0183588     1.00093     1.33479   0.0348604
 0.00289679  0.00289283  0.00289048  0.00335677  0.00343542  0.00346083  0.00483879  0.00479815  0.00477131  0.00480633  0.00478734  0.00475975   0.0092978  0.00918142  0.00905075   0.0182132   0.0182354   0.0176826   0.0128514   0.0130654    0.012405   0.0257266   0.0113587   0.0229494   0.0508366   0.0156181   0.0361684           0           0           0           0           0           0     1.35674     1.00452     2.78662   0.0170094   0.0156077   0.0151475    0.038059     1.00275   0.0195215     1.06137     1.00001   0.0947801     1.72886  0.00451223  0.00355072     1.00003   0.0173595   0.0249351   0.0601079   0.0517457   0.0188953
 0.00309024  0.00307028  0.00306511  0.00373392   0.0037237  0.00372876   0.0056345  0.00547353  0.00541207  0.00525458  0.00519732  0.00520192   0.0106124   0.0105021     0.01039   0.0204171    0.019215   0.0198208   0.0145927   0.0139251   0.0141085   0.0341845   0.0451889   0.0339504   0.0545536    0.046121   0.0583628           0           0  0.00528572   0.0109936           0   0.0103913           0           0     1.00586    0.019249   0.0186912    0.017492   0.0436013     1.00005   0.0412079           0     1.00815    0.115478     4.26324     4.04626  0.00384412   0.0309533   0.0293169   0.0314002   0.0726821   0.0660255   0.0645615

Statuses: 
0 0 0 0 0 0 0 0 0 0 0 0 0 0 0 0 0 0 0 0 0 0 0 0 0 0 0 0 0 3 0 3 0 3 3 3 0 3 3 3 3 3 0 0 3 0 0 0 3 0 0 0 0 0
0 0 0 3 2 3 3 3 3 3 3 0 0 0 0 3 3 0 0 0 0 3 0 0 0 3 0 3 3 3 3 3 3 3 3 3 3 3 0 3 3 0 0 3 0 0 0 0 0 0 0 0 0 0
0 0 0 3 3 3 0 0 0 0 0 0 3 0 3 0 0 0 0 0 0 3 3 3 3 3 3 3 3 3 3 3 3 3 3 3 0 0 3 0 3 3 3 3 0 0 0 0 3 3 0 0 0 0
0 0 0 0 0 3 0 0 0 0 0 0 0 0 3 3 0 0 0 0 0 0 0 3 0 0 0 0 3 3 3 3 3 3 3 3 3 3 3 3 3 3 0 3 0 0 0 3 3 0 0 0 0 0
0 0 0 0 3 3 3 3 3 0 0 0 3 3 0 0 0 0 0 0 0 3 3 3 0 0 0 3 3 3 3 3 3 3 3 3 3 3 3 3 0 3 3 0 0 3 3 3 3 0 3 0 0 3
0 0 0 0 0 0 0 0 0 0 0 0 3 3 3 3 0 0 0 0 0 0 0 0 0 0 0 3 3 3 0 3 3 3 3 3 3 3 3 0 0 3 0 3 3 3 3 3 0 0 3 3 3 3
2 2 2 0 0 0 0 0 0 0 0 0 0 0 0 0 0 0 0 0 0 0 0 3 0 0 0 3 3 3 3 0 3 3 3 3 3 3 0 3 0 3 0 0 0 3 0 3 3 3 3 0 3 0
0 2 0 0 0 0 0 0 0 0 0 0 0 0 0 3 3 3 0 0 0 0 0 0 0 0 0 3 0 3 3 3 3 3 3 0 0 3 0 3 3 0 3 3 0 0 3 0 3 3 3 0 0 3
0 2 2 0 0 0 0 0 0 0 0 0 0 0 0 0 0 0 3 3 3 0 0 0 0 0 0 3 0 3 3 3 3 3 3 3 0 3 3 3 0 3 3 0 0 3 0 0 3 3 0 0 0 3
0 0 0 0 0 0 0 0 0 0 0 0 0 0 0 0 0 0 0 0 0 0 0 0 0 0 0 3 3 0 3 3 3 3 3 3 0 0 0 3 0 3 0 0 0 0 0 0 0 0 0 3 3 0
0 0 0 0 0 0 0 0 0 0 0 0 0 0 0 0 0 0 0 0 0 0 0 0 0 0 0 3 3 3 3 3 3 3 3 3 0 0 0 0 3 3 3 3 0 3 3 3 3 3 0 0 0 3
0 0 0 0 0 0 0 0 0 0 0 0 0 0 0 0 0 0 0 0 0 0 0 0 0 0 0 3 3 0 0 3 0 3 3 3 0 0 0 0 3 0 3 3 0 3 3 3 0 0 0 0 0 0
chisq per dof: 
78.0694 69.7466 64.8878 49.5488 43.8104 40.9679 24.8205  21.586 19.6252 10.9488  9.7075  9.0233 2.91967 2.72782 2.52134 1.85735 1.73294 1.62847 1.94468 1.82986 1.72627 1.81633 1.68047 1.58382  2.0131 1.81049 1.67631 38.6785 38.8484 76192.8 17.0573  101303 17.5349  142677  118932  100478  4.6799  108219 88828.6  166472 89254.4 66180.8 2.10166 1.89254  112794 2.12073 1.94516 1.82858  123550 2.01619 1.84778 2.67371 2.25846 2.00689
40.3047 36.6865 34.9736 6905.71 19.5777 5465.36  956.23 258.304 98.9282 5048.05 4452.52 4.34557 2.10825 2.04727 1.92676 2832.41 3390.87 1.53395 1.80779 1.72386 1.63567 2345.17  1.6782 1.58132 2.00497 8224.26 1.67116 8655.28 8800.21 9382.33 10770.8  7729.4 6765.82 11913.9 9976.54 8039.23 9369.22 9482.58 2.47527 14360.6 12200.4 1.70184 2.03791 11563.1 1.70145 2.04389 1.87346 1.75604 2.26091 2.00935 1.84185 2.66809 2.25659 2.00527
24.5944 22.2366 20.9413  1557.5 1395.57 796.076 6.16237  5.8941 5.43256 3.48282 3.25928 3.01908 1749.24 1.74653 1413.94 1.64732 1.55773 1.48418 1.74196 1.65904 1.58365 63.9059 96.2499 181.763 2437.89 407.599 199.872 2051.47 1749.15 1582.44 2916.67 2513.29 1244.46  2610.9 2386.25 1901.28 2.03621  2.0143  2187.2 1.87981 1521.38 2677.46 3366.41 1891.71 1.68995 2.03948 1.86646 1.74449  4457.3  1222.5 1.84646  2.6734 2.26603 2.01346
16.9276 15.4727 15.7595   8.079 7.54476  372.63 4.13246 4.17797 4.00906 2.57564 2.49906 2.35465 1.70692 1.65413 68.5483  147.42 1.53027 1.46131 1.73099  1.6395  1.5715 1.80762 1.67317 281.646 2.00862 1.80691 1.67418 5.59901 643.136 944.946 964.294 833.663  893.78 1005.64 745.097 693.595 861.972 813.119 724.114 584.467  1145.6 1018.88 2.02008 983.857 1.68054 2.02886 1.85933 1228.54    1528 41.4032 1.84162 2.66958   2.256 2.00895
11.5305 10.5632 10.1764 5.57332 102.082 74.4352 28.2611 120.419  85.333 2.14834 2.09158 2.02226 204.861 69.1661 1.52203 1.61672 1.51441 1.45024 1.71369 1.61546 1.55187 21.3809 25.8319 27.2341 2.00501 1.80447 1.67402 320.649 293.767 294.745 428.438 391.015 396.233 438.386 314.953 274.836 343.947 308.628  303.79 637.703 1.69775 154.107 363.574 1.80989 1.67662 784.261 654.704 569.786 338.149 2.00416 524.091 2.66932 2.28892 438.846
7.61596 6.97261 6.74209 3.69966 3.51865 3.30261 2.22889 2.16125 2.07288 1.87573 1.80591  1.7274 121.483 99.2406 85.6254 44.8785 1.51295 1.44155 1.70659 1.60609 1.53442 1.80417 1.67199 1.57678  2.0046 1.80629 1.67274 143.941 109.408 138.637 1.73237 173.579 160.037 212.117 179.033 155.909 199.273 171.373 135.495 1.81868 1.69165 221.832 2.00863 205.306 181.939 252.089 207.318  257.11 2.25521 2.00561 126.063  241.78 244.839 192.319
5.71926 5.20849  4.8793 2.61105 2.44472 2.31174 1.84193 1.77083 1.70791 1.68435  1.6094 1.55086 1.57054 1.49061 1.43436 1.61122 1.51181 1.43924 1.69943 1.59952 1.52652 1.80461 1.67502 37.2909 2.00571 1.80999 1.67508 68.2662 59.6713 57.8923 100.937 1.61207 80.2469 107.965 91.7003 79.5644  99.723 81.5955 1.53972 113.907 1.69037 78.5326 2.00845 1.81334  1.6779 88.3916   1.852 2.06284 193.115 155.514 128.711 2.67125 77.4812 2.00594
3.86827 3.56158 3.33218 1.98608 1.88689 1.79363 1.61721 1.54604 1.48514 1.57997 1.51493 1.45919 1.54811 1.47092 1.41264 7.98782  6.7986 4.16669 1.69129 1.59259 1.51854 1.80304 1.67054 1.57557 2.00375 1.80462 1.67136 34.6972 1.82132 31.5293 64.1637 58.3813 54.6683 53.6774 40.1915 1.46394 1.67931 9.29633 1.52117 89.6361 74.9205 1.58546 49.5978 47.0268 1.67287 2.00895 41.1051 1.72563 101.559 66.9962 55.2557 2.67064 2.25375  38.134
2.62956 2.45759 2.33414 1.64689 1.57761 1.52112 1.50004 1.43447 1.38166 1.52282 1.46044 1.40984 1.53733  1.4607 1.40342  1.6079 1.50727 1.43678 34.7617 29.7738 27.1009 1.80459 1.67246 1.57976 2.00566 1.80688  1.6758 10.2183 1.60067 24.9831 44.2598 38.1927 33.6545 25.0297 27.4709 23.6936 1.67417 7.27088 9.31545 45.8388 1.67906 24.7968 13.2828 1.80811 1.67623 43.9073  1.8448 1.72897 40.9827 47.5919 1.84112 2.67401 2.25766 38.1728
1.95384 1.84863 1.77101 1.43988 1.38788 1.34955 1.41741 1.36027 1.31713 1.47564 1.41762 1.37266 1.52623 1.45149 1.39529 1.60675 1.50566 1.43342 1.68469 1.58697 1.51364 1.80512 1.67135 1.57556 2.00639 1.80557 1.67139 13.2025 9.75893 1.43759 25.2112 23.1404 19.6033 19.4373 14.5445 14.1924 1.67387 1.57907 1.50733 28.6625 1.67556 9.33586 2.00749 1.80642 1.67208 2.00864  1.8421 1.72238  2.2563 2.00542 1.90546 18.8327 12.8219 2.00535
1.67486 1.60855 1.54814 1.36676  1.3273 1.29201  1.3816 1.33158 1.29017 1.45715 1.40352 1.35885 1.52051 1.44842 1.39242 1.60851 1.50816 1.43575 1.68303 1.58712 1.51387 1.80745 1.67328 1.57759  2.0093 1.80791 1.67384 10.2111 10.1126 6.67366 21.3393 18.4478 16.2707 13.7004 8.47109 10.1311  1.6759  1.5794 1.50804 1.81023 19.0377 13.4317  9.9831 12.2621 1.67463 20.0384 17.1305 15.8788 9.62463 25.0732 1.84052   2.679 2.25983 5.02603
1.57475 1.51394 1.46294 1.33903 1.29858 1.26551 1.36913 1.31767 1.27821 1.44979  1.3944 1.35065 1.51876  1.4451 1.38994  1.6114 1.50956 1.43712 1.68307 1.58576 1.51313 1.81107 1.67589 1.57995 2.01378 1.81102 1.67645 5.71872  6.6327 1.38584 1.51152 12.5593 1.38499  12.131 10.2937 6.78604 1.67873 1.58179 1.51011 1.81359 8.81607 1.58248 15.1634 9.88493  1.6766 17.4849 14.7317 14.1889 2.26371 2.01097 1.85118 2.68459 2.26351 2.01131
Mode averaged potential and errors: 
   0.100887 0.000320698
   0.162991   0.0013989
   0.203316  0.00365785
   0.240871   0.0112024
   0.280038   0.0171892
   0.335073   0.0136729
   0.331514   0.0699793
   0.359736   0.0526576
   0.420321   0.0395635
   0.501301   0.0605352
   0.512947   0.0518959
   0.548728   0.0581362
R Models:
(* Fitting with shape 1 1 1 1 1 1 1 1 0 0 0 0 *)
G[R_,xx_]:=xx[[0]] + xx[[1]]/R | xx[[2]]*R
(* Fitting with shape 1 1 1 1 1 1 1 1 1 0 0 0 *)
G[R_,xx_]:=xx[[0]] + xx[[1]]/R | xx[[2]]*R
(* Fitting with shape 1 1 1 1 1 1 1 1 1 1 0 0 *)
G[R_,xx_]:=xx[[0]] + xx[[1]]/R | xx[[2]]*R
(* Fitting with shape 1 1 1 1 1 1 1 1 1 1 1 0 *)
G[R_,xx_]:=xx[[0]] + xx[[1]]/R | xx[[2]]*R
(* Fitting with shape 1 1 1 1 1 1 1 1 1 1 1 1 *)
G[R_,xx_]:=xx[[0]] + xx[[1]]/R | xx[[2]]*R
(* Fitting with shape 0 1 1 1 1 1 1 1 0 0 0 0 *)
G[R_,xx_]:=xx[[0]] + xx[[1]]/R | xx[[2]]*R
(* Fitting with shape 0 1 1 1 1 1 1 1 1 0 0 0 *)
G[R_,xx_]:=xx[[0]] + xx[[1]]/R | xx[[2]]*R
(* Fitting with shape 0 1 1 1 1 1 1 1 1 1 0 0 *)
G[R_,xx_]:=xx[[0]] + xx[[1]]/R | xx[[2]]*R
(* Fitting with shape 0 1 1 1 1 1 1 1 1 1 1 0 *)
G[R_,xx_]:=xx[[0]] + xx[[1]]/R | xx[[2]]*R
(* Fitting with shape 0 1 1 1 1 1 1 1 1 1 1 1 *)
G[R_,xx_]:=xx[[0]] + xx[[1]]/R | xx[[2]]*R
(* Fitting with shape 0 0 1 1 1 1 1 1 0 0 0 0 *)
G[R_,xx_]:=xx[[0]] + xx[[1]]/R | xx[[2]]*R
(* Fitting with shape 0 0 1 1 1 1 1 1 1 0 0 0 *)
G[R_,xx_]:=xx[[0]] + xx[[1]]/R | xx[[2]]*R
(* Fitting with shape 0 0 1 1 1 1 1 1 1 1 0 0 *)
G[R_,xx_]:=xx[[0]] + xx[[1]]/R | xx[[2]]*R
(* Fitting with shape 0 0 1 1 1 1 1 1 1 1 1 0 *)
G[R_,xx_]:=xx[[0]] + xx[[1]]/R | xx[[2]]*R
(* Fitting with shape 0 0 1 1 1 1 1 1 1 1 1 1 *)
G[R_,xx_]:=xx[[0]] + xx[[1]]/R | xx[[2]]*R
(* Fitting with shape 0 0 0 1 1 1 1 1 0 0 0 0 *)
G[R_,xx_]:=xx[[0]] + xx[[1]]/R | xx[[2]]*R
(* Fitting with shape 0 0 0 1 1 1 1 1 1 0 0 0 *)
G[R_,xx_]:=xx[[0]] + xx[[1]]/R | xx[[2]]*R
(* Fitting with shape 0 0 0 1 1 1 1 1 1 1 0 0 *)
G[R_,xx_]:=xx[[0]] + xx[[1]]/R | xx[[2]]*R
(* Fitting with shape 0 0 0 1 1 1 1 1 1 1 1 0 *)
G[R_,xx_]:=xx[[0]] + xx[[1]]/R | xx[[2]]*R
(* Fitting with shape 0 0 0 1 1 1 1 1 1 1 1 1 *)
G[R_,xx_]:=xx[[0]] + xx[[1]]/R | xx[[2]]*R
2.58999 2.58999 2.58999 
-0.137929 -0.137929 -0.137929 
1 1 1 
57.7696 57.7696 57.7696 
-28.7279 -28.7279 -28.7279 
3.40885e-316 3.40885e-316 3.40885e-316 
9.71413e+07 9.71413e+07 9.71413e+07 
5.01765e-05 5.01765e-05 5.01765e-05 
1.16019e-05 1.16019e-05 1.16019e-05 
6.37345e-322 6.37345e-322 6.37345e-322 
0.000311186 0.000311186 0.000311186 
2.91029e-06 2.91029e-06 2.91029e-06 
9.53381e-05 9.53381e-05 9.53381e-05 
-0.000126332 -0.000126332 -0.000126332 
-0.000328043 -0.000328043 -0.000328043 
0.00442403 0.00442403 0.00442403 
0 0 0 
0 0 0 
-0.00530612 -0.00530612 -0.00530612 
0.00424525 0.00424525 0.00424525 
0 0 0 
0 0 0 
0 0 0 
0 0 0 
1.67772e+07 1.67772e+07 1.67772e+07 
7.16395e-322 7.16395e-322 7.16395e-322 
3.49658e-316 3.49658e-316 3.49658e-316 
1.38733e+296 1.38733e+296 1.38733e+296 
3.5369e+160 3.5369e+160 3.5369e+160 
1.94932e+243 1.94932e+243 1.94932e+243 
7.72485e+228 7.72485e+228 7.72485e+228 
7.67955e+218 7.67955e+218 7.67955e+218 
8.6188e+183 8.6188e+183 8.6188e+183 
3.48563e-316 3.48563e-316 3.48563e-316 
3.63451e-316 3.63451e-316 3.63451e-316 
3.41698e-316 3.41698e-316 3.41698e-316 
9.08698e+223 9.08698e+223 9.08698e+223 
0 0 0 
2.98361e+174 2.98361e+174 2.98361e+174 
2.45944e+198 2.45944e+198 2.45944e+198 
6.91609e+212 6.91609e+212 6.91609e+212 
1.34062e-317 1.34062e-317 1.34062e-317 
0 0 0 
5.14322e-321 5.14322e-321 5.14322e-321 
3.50498e-316 3.50498e-316 3.50498e-316 
1.38733e+296 1.38733e+296 1.38733e+296 
-nan -nan -nan 
3.50334e-316 3.50334e-316 3.50334e-316 
-nan -nan -nan 
2.122e-314 2.122e-314 2.122e-314 
-nan -nan -nan 
3.49711e-316 3.49711e-316 3.49711e-316 
-nan -nan -nan 
0 0 0 
Probabilities: 
         0          0          0          0          0          0          0          0          0  0.0163688  0.0204201  0.0231175 0.00960399  0.0193292  0.0382715 0.00687443  0.0184274   0.048833          0  0.0648794   0.141405  0.0209323  0.0568963          0 0.00900922  0.0237168  0.0639322          0          0          0          0          0          0          0          0          0          0          0          0          0          0   0.142959          0          0          0          0          0          0  0.0213469  0.0574819   0.156151   0.011416  0.0286278          0

String tensions: 
         1          1          1          1          1          1          1          1          1  -0.468175  -0.473151  -0.477479  -0.566085  -0.596768   -0.62069  -0.991437   -1.01886   -1.04457   0.116121  -0.803511  -0.850986   -1.92367   -1.93085   0.708031   -3.46967   -3.19389    -3.0773  -0.108732 -0.0689879 -0.0969415    0.96402   0.967556     0.9706   0.994577   0.998919    1.00284  -0.161331   0.834824 -0.0954598 -0.0939716   0.694374 0.00612745   0.991844    0.99703     1.0007  0.0671234          1          1 0.00405487 0.00192009 0.00162542 -0.0243174 -0.0138041    0.32052

Errors: 
         0          0    5792.62    5792.62          0    5792.62          0    5792.62    5792.62  0.0105684   0.009712  0.0090774   0.095866  0.0847868  0.0753187   0.317967   0.264707   0.235751  0.0448668   0.193585   0.170575   0.693509   0.643245          0    1.89436    1.87874    1.78437          0          0          0          0          0          0          0          0          0          1    1.16566          1    1.00003     1.0004 0.00390912          0          0          0          1   0.210525   0.210977  0.0115833 0.00985041 0.00791512  0.0179754  0.0131291    1.04939

Statuses: 
3 3 0 0 3 0 3 0 0 0 0 0 0 0 0 0 0 0 0 0 0 0 0 3 0 0 0 3 3 3 3 3 3 2 2 2 3 3 3 3 3 0 2 2 2 3 3 3 0 0 0 0 0 3
chisq per dof: 
 225.867  311.725  114.073  3.80664  69.5005  4.93198  86.8819  1.55375  1.67438 0.649408 0.762946 0.872826 0.602042 0.601911   0.6059 0.456198 0.384821 0.337114  1.60799 0.473944 0.470373 0.342337  0.29345  323.518 0.348022 0.300707 0.260138  1621.35  1554.82  1354.68    775.7   678.88  605.185  315.716  279.381  252.198  2365.36   2257.7  1829.99  518.141  554.007 0.276436  315.713   279.38  252.197  511.575  4216.04  3757.49 0.335799 0.290524  0.25437 0.253315 0.237976  240.709
Model string tension and errors: 
sigma = -0.771372 +/- 1.13001
