R=0parameters: 
-0.69653 -0.69653 
0.0427156 0.0427156 
4.1949e-11 4.1949e-11 
3.21143e-322 3.21143e-322 
9.88131e-324 9.88131e-324 
2.32221e-316 2.32221e-316 
2.78138e-309 2.78138e-309 
2.38018e-316 2.38018e-316 
1.46236e+06 1.46236e+06 
2.42092e-322 2.42092e-322 2.42092e-322 
6.36599e-314 6.36599e-314 6.36599e-314 
2.3254e-316 2.3254e-316 2.3254e-316 
1 1 1 
4.94066e-324 4.94066e-324 4.94066e-324 
2.37152e-322 2.37152e-322 2.37152e-322 
6.32404e-322 6.32404e-322 6.32404e-322 
2.38591e-316 2.38591e-316 2.38591e-316 
-2.90014e-56 -2.90014e-56 -2.90014e-56 
2.39631e-316 2.39631e-316 2.39631e-316 2.39631e-316 
0 0 0 0 
2.38621e-316 2.38621e-316 2.38621e-316 2.38621e-316 
2.47033e-323 2.47033e-323 2.47033e-323 2.47033e-323 
2.44986e-312 2.44986e-312 2.44986e-312 2.44986e-312 
6.94186e-310 6.94186e-310 6.94186e-310 6.94186e-310 
6.94186e-310 6.94186e-310 6.94186e-310 6.94186e-310 
0 0 0 0 
6.94186e-310 6.94186e-310 6.94186e-310 6.94186e-310 
0 0 0 
2.122e-314 2.122e-314 2.122e-314 
2.38804e-316 2.38804e-316 2.38804e-316 
0 0 0 
5.77563e-321 5.77563e-321 5.77563e-321 
1.90673 1.90673 1.90673 
1.85854 1.85854 1.85854 
1.82369 1.82369 1.82369 
1.79361 1.79361 1.79361 
1.76672 1.76672 1.76672 1.76672 
1.74286 1.74286 1.74286 1.74286 
1.72226 1.72226 1.72226 1.72226 
1.70514 1.70514 1.70514 1.70514 
1.69166 1.69166 1.69166 1.69166 
1.68196 1.68196 1.68196 1.68196 
1.67611 1.67611 1.67611 1.67611 
1.67419 1.67419 1.67419 1.67419 
1.82393 1.82393 1.82393 1.82393 
0 0 0 0 0 
0 0 0 0 0 
0 0 0 0 0 
0 0 0 0 0 
0 0 0 0 0 
9.88888e-193 9.88888e-193 9.88888e-193 9.88888e-193 9.88888e-193 
0 0 0 0 0 
0 0 0 0 0 
0 0 0 0 0 
R=1parameters: 
-0.697546 -0.697546 
0.0597622 0.0597622 
-1.66969e-05 -1.66969e-05 
0.0253786 0.0253786 
-0.0228797 -0.0228797 
2.51452e-316 2.51452e-316 
7.71649e+07 7.71649e+07 
-164249 -164249 
836684 836684 
2.42092e-322 2.42092e-322 2.42092e-322 
2.3746e-316 2.3746e-316 2.3746e-316 
2.37483e-316 2.37483e-316 2.37483e-316 
0 0 0 
133.374 133.374 133.374 
0 0 0 
7.16395e-322 7.16395e-322 7.16395e-322 
2.39195e-316 2.39195e-316 2.39195e-316 
-2.90014e-56 -2.90014e-56 -2.90014e-56 
2.38992e-316 2.38992e-316 2.38992e-316 2.38992e-316 
2.38811e-316 2.38811e-316 2.38811e-316 2.38811e-316 
2.38987e-316 2.38987e-316 2.38987e-316 2.38987e-316 
2.3899e-316 2.3899e-316 2.3899e-316 2.3899e-316 
2.3898e-316 2.3898e-316 2.3898e-316 2.3898e-316 
2.38994e-316 2.38994e-316 2.38994e-316 2.38994e-316 
2.38995e-316 2.38995e-316 2.38995e-316 2.38995e-316 
-nan -nan -nan -nan 
0 0 0 0 
0 0 0 
0 0 0 
0 0 0 
0 0 0 
0 0 0 
0 0 0 
1.5069e-321 1.5069e-321 1.5069e-321 
2.39929e-316 2.39929e-316 2.39929e-316 
-2.90014e-56 -2.90014e-56 -2.90014e-56 
1.19496e-158 1.19496e-158 1.19496e-158 1.19496e-158 
4.94066e-324 4.94066e-324 4.94066e-324 4.94066e-324 
2.62417e-139 2.62417e-139 2.62417e-139 2.62417e-139 
2.47033e-323 2.47033e-323 2.47033e-323 2.47033e-323 
9.75926e-318 9.75926e-318 9.75926e-318 9.75926e-318 
0 0 0 0 
0 0 0 0 
0 0 0 0 
0 0 0 0 
0 0 0 0 0 
0 0 0 0 0 
0 0 0 0 0 
0 0 0 0 0 
0 0 0 0 0 
9.88888e-193 9.88888e-193 9.88888e-193 9.88888e-193 9.88888e-193 
0 0 0 0 0 
0 0 0 0 0 
0 0 0 0 0 
R=2parameters: 
-0.69467 -0.69467 
0.0685667 0.0685667 
-3.73935e-05 -3.73935e-05 
0.0506521 0.0506521 
-0.0469241 -0.0469241 
2.51452e-316 2.51452e-316 
7.71649e+07 7.71649e+07 
-164249 -164249 
836684 836684 
2.42092e-322 2.42092e-322 2.42092e-322 
7.63943e+06 7.63943e+06 7.63943e+06 
0 0 0 
1.8434e+06 1.8434e+06 1.8434e+06 
0 0 0 
0 0 0 
7.16395e-322 7.16395e-322 7.16395e-322 
2.39195e-316 2.39195e-316 2.39195e-316 
-2.90014e-56 -2.90014e-56 -2.90014e-56 
2.38992e-316 2.38992e-316 2.38992e-316 2.38992e-316 
2.38811e-316 2.38811e-316 2.38811e-316 2.38811e-316 
2.38987e-316 2.38987e-316 2.38987e-316 2.38987e-316 
2.3899e-316 2.3899e-316 2.3899e-316 2.3899e-316 
2.3898e-316 2.3898e-316 2.3898e-316 2.3898e-316 
2.38994e-316 2.38994e-316 2.38994e-316 2.38994e-316 
2.38995e-316 2.38995e-316 2.38995e-316 2.38995e-316 
-nan -nan -nan -nan 
0 0 0 0 
0 0 0 
0 0 0 
0 0 0 
0 0 0 
0 0 0 
0 0 0 
1.5069e-321 1.5069e-321 1.5069e-321 
2.39929e-316 2.39929e-316 2.39929e-316 
-2.90014e-56 -2.90014e-56 -2.90014e-56 
1.19496e-158 1.19496e-158 1.19496e-158 1.19496e-158 
4.94066e-324 4.94066e-324 4.94066e-324 4.94066e-324 
2.62417e-139 2.62417e-139 2.62417e-139 2.62417e-139 
2.47033e-323 2.47033e-323 2.47033e-323 2.47033e-323 
9.75926e-318 9.75926e-318 9.75926e-318 9.75926e-318 
0 0 0 0 
0 0 0 0 
0 0 0 0 
0 0 0 0 
0 0 0 0 0 
0 0 0 0 0 
0 0 0 0 0 
0 0 0 0 0 
0 0 0 0 0 
9.88888e-193 9.88888e-193 9.88888e-193 9.88888e-193 9.88888e-193 
0 0 0 0 0 
0 0 0 0 0 
0 0 0 0 0 
R=3parameters: 
-0.689663 -0.689663 
0.0745369 0.0745369 
-6.58037e-05 -6.58037e-05 
0.0750076 0.0750076 
-0.0702645 -0.0702645 
2.51452e-316 2.51452e-316 
7.71649e+07 7.71649e+07 
-164249 -164249 
836684 836684 
2.42092e-322 2.42092e-322 2.42092e-322 
11818.7 11818.7 11818.7 
0.0963314 0.0963314 0.0963314 
5.84156e-05 5.84156e-05 5.84156e-05 
376.867 376.867 376.867 
0 0 0 
7.16395e-322 7.16395e-322 7.16395e-322 
2.39195e-316 2.39195e-316 2.39195e-316 
-2.90014e-56 -2.90014e-56 -2.90014e-56 
2.38992e-316 2.38992e-316 2.38992e-316 2.38992e-316 
2.38811e-316 2.38811e-316 2.38811e-316 2.38811e-316 
2.38987e-316 2.38987e-316 2.38987e-316 2.38987e-316 
2.3899e-316 2.3899e-316 2.3899e-316 2.3899e-316 
2.3898e-316 2.3898e-316 2.3898e-316 2.3898e-316 
2.38994e-316 2.38994e-316 2.38994e-316 2.38994e-316 
2.38995e-316 2.38995e-316 2.38995e-316 2.38995e-316 
-nan -nan -nan -nan 
0 0 0 0 
0 0 0 
0 0 0 
0 0 0 
0 0 0 
0 0 0 
0 0 0 
1.5069e-321 1.5069e-321 1.5069e-321 
2.39929e-316 2.39929e-316 2.39929e-316 
-2.90014e-56 -2.90014e-56 -2.90014e-56 
1.19496e-158 1.19496e-158 1.19496e-158 1.19496e-158 
4.94066e-324 4.94066e-324 4.94066e-324 4.94066e-324 
2.62417e-139 2.62417e-139 2.62417e-139 2.62417e-139 
2.47033e-323 2.47033e-323 2.47033e-323 2.47033e-323 
9.75926e-318 9.75926e-318 9.75926e-318 9.75926e-318 
0 0 0 0 
0 0 0 0 
0 0 0 0 
0 0 0 0 
0 0 0 0 0 
0 0 0 0 0 
0 0 0 0 0 
0 0 0 0 0 
0 0 0 0 0 
9.88888e-193 9.88888e-193 9.88888e-193 9.88888e-193 9.88888e-193 
0 0 0 0 0 
0 0 0 0 0 
0 0 0 0 0 
R=4parameters: 
-0.683159 -0.683159 
0.0792738 0.0792738 
0.832416 0.832416 
0.319972 0.319972 
-8.85214 -8.85214 
2.51452e-316 2.51452e-316 
7.71649e+07 7.71649e+07 
-164249 -164249 
836684 836684 
2.42092e-322 2.42092e-322 2.42092e-322 
1.061e-313 1.061e-313 1.061e-313 
-1.81376e+06 -1.81376e+06 -1.81376e+06 
0.0182897 0.0182897 0.0182897 
524.764 524.764 524.764 
524.764 524.764 524.764 
7.16395e-322 7.16395e-322 7.16395e-322 
2.39195e-316 2.39195e-316 2.39195e-316 
-2.90014e-56 -2.90014e-56 -2.90014e-56 
2.38992e-316 2.38992e-316 2.38992e-316 2.38992e-316 
2.38811e-316 2.38811e-316 2.38811e-316 2.38811e-316 
2.38987e-316 2.38987e-316 2.38987e-316 2.38987e-316 
2.3899e-316 2.3899e-316 2.3899e-316 2.3899e-316 
2.3898e-316 2.3898e-316 2.3898e-316 2.3898e-316 
2.38994e-316 2.38994e-316 2.38994e-316 2.38994e-316 
2.38995e-316 2.38995e-316 2.38995e-316 2.38995e-316 
-nan -nan -nan -nan 
0 0 0 0 
0 0 0 
0 0 0 
0 0 0 
0 0 0 
0 0 0 
0 0 0 
1.5069e-321 1.5069e-321 1.5069e-321 
2.39929e-316 2.39929e-316 2.39929e-316 
-2.90014e-56 -2.90014e-56 -2.90014e-56 
1.19496e-158 1.19496e-158 1.19496e-158 1.19496e-158 
4.94066e-324 4.94066e-324 4.94066e-324 4.94066e-324 
2.62417e-139 2.62417e-139 2.62417e-139 2.62417e-139 
2.47033e-323 2.47033e-323 2.47033e-323 2.47033e-323 
9.75926e-318 9.75926e-318 9.75926e-318 9.75926e-318 
0 0 0 0 
0 0 0 0 
0 0 0 0 
0 0 0 0 
0 0 0 0 0 
0 0 0 0 0 
0 0 0 0 0 
0 0 0 0 0 
0 0 0 0 0 
9.88888e-193 9.88888e-193 9.88888e-193 9.88888e-193 9.88888e-193 
0 0 0 0 0 
0 0 0 0 0 
0 0 0 0 0 
R=5parameters: 
-0.67583 -0.67583 
0.0832314 0.0832314 
-0.000132886 -0.000132886 
0.113965 0.113965 
-0.106647 -0.106647 
2.51452e-316 2.51452e-316 
7.71649e+07 7.71649e+07 
-164249 -164249 
836684 836684 
2.42092e-322 2.42092e-322 2.42092e-322 
1.27569e+06 1.27569e+06 1.27569e+06 
0 0 0 
0 0 0 
0 0 0 
0 0 0 
7.16395e-322 7.16395e-322 7.16395e-322 
2.39195e-316 2.39195e-316 2.39195e-316 
-2.90014e-56 -2.90014e-56 -2.90014e-56 
2.38992e-316 2.38992e-316 2.38992e-316 2.38992e-316 
2.38811e-316 2.38811e-316 2.38811e-316 2.38811e-316 
2.38987e-316 2.38987e-316 2.38987e-316 2.38987e-316 
2.3899e-316 2.3899e-316 2.3899e-316 2.3899e-316 
2.3898e-316 2.3898e-316 2.3898e-316 2.3898e-316 
2.38994e-316 2.38994e-316 2.38994e-316 2.38994e-316 
2.38995e-316 2.38995e-316 2.38995e-316 2.38995e-316 
-nan -nan -nan -nan 
0 0 0 0 
0 0 0 
0 0 0 
0 0 0 
0 0 0 
0 0 0 
0 0 0 
1.5069e-321 1.5069e-321 1.5069e-321 
2.39929e-316 2.39929e-316 2.39929e-316 
-2.90014e-56 -2.90014e-56 -2.90014e-56 
1.19496e-158 1.19496e-158 1.19496e-158 1.19496e-158 
4.94066e-324 4.94066e-324 4.94066e-324 4.94066e-324 
2.62417e-139 2.62417e-139 2.62417e-139 2.62417e-139 
2.47033e-323 2.47033e-323 2.47033e-323 2.47033e-323 
9.75926e-318 9.75926e-318 9.75926e-318 9.75926e-318 
0 0 0 0 
0 0 0 0 
0 0 0 0 
0 0 0 0 
0 0 0 0 0 
0 0 0 0 0 
0 0 0 0 0 
0 0 0 0 0 
0 0 0 0 0 
9.88888e-193 9.88888e-193 9.88888e-193 9.88888e-193 9.88888e-193 
0 0 0 0 0 
0 0 0 0 0 
0 0 0 0 0 
R=6parameters: 
-0.668419 -0.668419 
0.0865677 0.0865677 
0.605739 0.605739 
2.24836 2.24836 
-15.6203 -15.6203 
2.51452e-316 2.51452e-316 
7.71649e+07 7.71649e+07 
-164249 -164249 
836684 836684 
2.42092e-322 2.42092e-322 2.42092e-322 
1.061e-313 1.061e-313 1.061e-313 
64153.9 64153.9 64153.9 
102056 102056 102056 
0 0 0 
2.37152e-322 2.37152e-322 2.37152e-322 
7.16395e-322 7.16395e-322 7.16395e-322 
2.39195e-316 2.39195e-316 2.39195e-316 
-2.90014e-56 -2.90014e-56 -2.90014e-56 
2.38992e-316 2.38992e-316 2.38992e-316 2.38992e-316 
2.38811e-316 2.38811e-316 2.38811e-316 2.38811e-316 
2.38987e-316 2.38987e-316 2.38987e-316 2.38987e-316 
2.3899e-316 2.3899e-316 2.3899e-316 2.3899e-316 
2.3898e-316 2.3898e-316 2.3898e-316 2.3898e-316 
2.38994e-316 2.38994e-316 2.38994e-316 2.38994e-316 
2.38995e-316 2.38995e-316 2.38995e-316 2.38995e-316 
-nan -nan -nan -nan 
0 0 0 0 
0 0 0 
0 0 0 
0 0 0 
0 0 0 
0 0 0 
0 0 0 
1.5069e-321 1.5069e-321 1.5069e-321 
2.39929e-316 2.39929e-316 2.39929e-316 
-2.90014e-56 -2.90014e-56 -2.90014e-56 
1.19496e-158 1.19496e-158 1.19496e-158 1.19496e-158 
4.94066e-324 4.94066e-324 4.94066e-324 4.94066e-324 
2.62417e-139 2.62417e-139 2.62417e-139 2.62417e-139 
2.47033e-323 2.47033e-323 2.47033e-323 2.47033e-323 
9.75926e-318 9.75926e-318 9.75926e-318 9.75926e-318 
0 0 0 0 
0 0 0 0 
0 0 0 0 
0 0 0 0 
0 0 0 0 0 
0 0 0 0 0 
0 0 0 0 0 
0 0 0 0 0 
0 0 0 0 0 
9.88888e-193 9.88888e-193 9.88888e-193 9.88888e-193 9.88888e-193 
0 0 0 0 0 
0 0 0 0 0 
0 0 0 0 0 
R=7parameters: 
-0.661652 -0.661652 
0.0893809 0.0893809 
-0.0001918 -0.0001918 
0.137713 0.137713 
-0.12685 -0.12685 
2.51452e-316 2.51452e-316 
7.71649e+07 7.71649e+07 
-164249 -164249 
836684 836684 
2.42092e-322 2.42092e-322 2.42092e-322 
1.061e-313 1.061e-313 1.061e-313 
2468.35 2468.35 2468.35 
76895.4 76895.4 76895.4 
6.56665 6.56665 6.56665 
0 0 0 
7.16395e-322 7.16395e-322 7.16395e-322 
2.39195e-316 2.39195e-316 2.39195e-316 
-2.90014e-56 -2.90014e-56 -2.90014e-56 
2.38992e-316 2.38992e-316 2.38992e-316 2.38992e-316 
2.38811e-316 2.38811e-316 2.38811e-316 2.38811e-316 
2.38987e-316 2.38987e-316 2.38987e-316 2.38987e-316 
2.3899e-316 2.3899e-316 2.3899e-316 2.3899e-316 
2.3898e-316 2.3898e-316 2.3898e-316 2.3898e-316 
2.38994e-316 2.38994e-316 2.38994e-316 2.38994e-316 
2.38995e-316 2.38995e-316 2.38995e-316 2.38995e-316 
-nan -nan -nan -nan 
0 0 0 0 
0 0 0 
0 0 0 
0 0 0 
0 0 0 
0 0 0 
0 0 0 
1.5069e-321 1.5069e-321 1.5069e-321 
2.39929e-316 2.39929e-316 2.39929e-316 
-2.90014e-56 -2.90014e-56 -2.90014e-56 
1.19496e-158 1.19496e-158 1.19496e-158 1.19496e-158 
4.94066e-324 4.94066e-324 4.94066e-324 4.94066e-324 
2.62417e-139 2.62417e-139 2.62417e-139 2.62417e-139 
2.47033e-323 2.47033e-323 2.47033e-323 2.47033e-323 
9.75926e-318 9.75926e-318 9.75926e-318 9.75926e-318 
0 0 0 0 
0 0 0 0 
0 0 0 0 
0 0 0 0 
0 0 0 0 0 
0 0 0 0 0 
0 0 0 0 0 
0 0 0 0 0 
0 0 0 0 0 
9.88888e-193 9.88888e-193 9.88888e-193 9.88888e-193 9.88888e-193 
0 0 0 0 0 
0 0 0 0 0 
0 0 0 0 0 
R=8parameters: 
-0.408454 -0.408454 
0.0916243 0.0916243 
-0.000215697 -0.000215697 
0.143289 0.143289 
-0.130409 -0.130409 
2.51452e-316 2.51452e-316 
7.71649e+07 7.71649e+07 
-164249 -164249 
836684 836684 
2.42092e-322 2.42092e-322 2.42092e-322 
3.80357e-05 3.80357e-05 3.80357e-05 
2.51441e-316 2.51441e-316 2.51441e-316 
4.27987 4.27987 4.27987 
921.646 921.646 921.646 
116.498 116.498 116.498 
7.16395e-322 7.16395e-322 7.16395e-322 
2.39195e-316 2.39195e-316 2.39195e-316 
-2.90014e-56 -2.90014e-56 -2.90014e-56 
2.38992e-316 2.38992e-316 2.38992e-316 2.38992e-316 
2.38811e-316 2.38811e-316 2.38811e-316 2.38811e-316 
2.38987e-316 2.38987e-316 2.38987e-316 2.38987e-316 
2.3899e-316 2.3899e-316 2.3899e-316 2.3899e-316 
2.3898e-316 2.3898e-316 2.3898e-316 2.3898e-316 
2.38994e-316 2.38994e-316 2.38994e-316 2.38994e-316 
2.38995e-316 2.38995e-316 2.38995e-316 2.38995e-316 
-nan -nan -nan -nan 
0 0 0 0 
0 0 0 
0 0 0 
0 0 0 
0 0 0 
0 0 0 
0 0 0 
1.5069e-321 1.5069e-321 1.5069e-321 
2.39929e-316 2.39929e-316 2.39929e-316 
-2.90014e-56 -2.90014e-56 -2.90014e-56 
1.19496e-158 1.19496e-158 1.19496e-158 1.19496e-158 
4.94066e-324 4.94066e-324 4.94066e-324 4.94066e-324 
2.62417e-139 2.62417e-139 2.62417e-139 2.62417e-139 
2.47033e-323 2.47033e-323 2.47033e-323 2.47033e-323 
9.75926e-318 9.75926e-318 9.75926e-318 9.75926e-318 
0 0 0 0 
0 0 0 0 
0 0 0 0 
0 0 0 0 
0 0 0 0 0 
0 0 0 0 0 
0 0 0 0 0 
0 0 0 0 0 
0 0 0 0 0 
9.88888e-193 9.88888e-193 9.88888e-193 9.88888e-193 9.88888e-193 
0 0 0 0 0 
0 0 0 0 0 
0 0 0 0 0 
R=9parameters: 
-0.65124 -0.65124 
0.0933171 0.0933171 
-0.000239208 -0.000239208 
0.14335 0.14335 
-0.127825 -0.127825 
2.51452e-316 2.51452e-316 
7.71649e+07 7.71649e+07 
-164249 -164249 
836684 836684 
2.42092e-322 2.42092e-322 2.42092e-322 
2.8289 2.8289 2.8289 
8.97599e-05 8.97599e-05 8.97599e-05 
0.000489646 0.000489646 0.000489646 
0 0 0 
0 0 0 
7.16395e-322 7.16395e-322 7.16395e-322 
2.39195e-316 2.39195e-316 2.39195e-316 
-2.90014e-56 -2.90014e-56 -2.90014e-56 
2.38992e-316 2.38992e-316 2.38992e-316 2.38992e-316 
2.38811e-316 2.38811e-316 2.38811e-316 2.38811e-316 
2.38987e-316 2.38987e-316 2.38987e-316 2.38987e-316 
2.3899e-316 2.3899e-316 2.3899e-316 2.3899e-316 
2.3898e-316 2.3898e-316 2.3898e-316 2.3898e-316 
2.38994e-316 2.38994e-316 2.38994e-316 2.38994e-316 
2.38995e-316 2.38995e-316 2.38995e-316 2.38995e-316 
-nan -nan -nan -nan 
0 0 0 0 
0 0 0 
0 0 0 
0 0 0 
0 0 0 
0 0 0 
0 0 0 
1.5069e-321 1.5069e-321 1.5069e-321 
2.39929e-316 2.39929e-316 2.39929e-316 
-2.90014e-56 -2.90014e-56 -2.90014e-56 
1.19496e-158 1.19496e-158 1.19496e-158 1.19496e-158 
4.94066e-324 4.94066e-324 4.94066e-324 4.94066e-324 
2.62417e-139 2.62417e-139 2.62417e-139 2.62417e-139 
2.47033e-323 2.47033e-323 2.47033e-323 2.47033e-323 
9.75926e-318 9.75926e-318 9.75926e-318 9.75926e-318 
0 0 0 0 
0 0 0 0 
0 0 0 0 
0 0 0 0 
0 0 0 0 0 
0 0 0 0 0 
0 0 0 0 0 
0 0 0 0 0 
0 0 0 0 0 
9.88888e-193 9.88888e-193 9.88888e-193 9.88888e-193 9.88888e-193 
0 0 0 0 0 
0 0 0 0 0 
0 0 0 0 0 
R=10parameters: 
-0.648424 -0.648424 
0.0943168 0.0943168 
0.633335 0.633335 
3.67105 3.67105 
-19.7347 -19.7347 
2.51452e-316 2.51452e-316 
7.71649e+07 7.71649e+07 
-164249 -164249 
836684 836684 
2.42092e-322 2.42092e-322 2.42092e-322 
1.061e-313 1.061e-313 1.061e-313 
-40311.4 -40311.4 -40311.4 
0.0698453 0.0698453 0.0698453 
231.911 231.911 231.911 
231.911 231.911 231.911 
7.16395e-322 7.16395e-322 7.16395e-322 
2.39195e-316 2.39195e-316 2.39195e-316 
-2.90014e-56 -2.90014e-56 -2.90014e-56 
2.38992e-316 2.38992e-316 2.38992e-316 2.38992e-316 
2.38811e-316 2.38811e-316 2.38811e-316 2.38811e-316 
2.38987e-316 2.38987e-316 2.38987e-316 2.38987e-316 
2.3899e-316 2.3899e-316 2.3899e-316 2.3899e-316 
2.3898e-316 2.3898e-316 2.3898e-316 2.3898e-316 
2.38994e-316 2.38994e-316 2.38994e-316 2.38994e-316 
2.38995e-316 2.38995e-316 2.38995e-316 2.38995e-316 
-nan -nan -nan -nan 
0 0 0 0 
0 0 0 
0 0 0 
0 0 0 
0 0 0 
0 0 0 
0 0 0 
1.5069e-321 1.5069e-321 1.5069e-321 
2.39929e-316 2.39929e-316 2.39929e-316 
-2.90014e-56 -2.90014e-56 -2.90014e-56 
1.19496e-158 1.19496e-158 1.19496e-158 1.19496e-158 
4.94066e-324 4.94066e-324 4.94066e-324 4.94066e-324 
2.62417e-139 2.62417e-139 2.62417e-139 2.62417e-139 
2.47033e-323 2.47033e-323 2.47033e-323 2.47033e-323 
9.75926e-318 9.75926e-318 9.75926e-318 9.75926e-318 
0 0 0 0 
0 0 0 0 
0 0 0 0 
0 0 0 0 
0 0 0 0 0 
0 0 0 0 0 
0 0 0 0 0 
0 0 0 0 0 
0 0 0 0 0 
9.88888e-193 9.88888e-193 9.88888e-193 9.88888e-193 9.88888e-193 
0 0 0 0 0 
0 0 0 0 0 
0 0 0 0 0 
R=11parameters: 
-0.647781 -0.647781 
0.0946673 0.0946673 
-0.000272449 -0.000272449 
0.134903 0.134903 
-0.113613 -0.113613 
2.51452e-316 2.51452e-316 
7.71649e+07 7.71649e+07 
-164249 -164249 
836684 836684 
2.42092e-322 2.42092e-322 2.42092e-322 
1.061e-313 1.061e-313 1.061e-313 
43739.2 43739.2 43739.2 
0.071397 0.071397 0.071397 
0 0 0 
-0.113613 -0.113613 -0.113613 
7.16395e-322 7.16395e-322 7.16395e-322 
2.39195e-316 2.39195e-316 2.39195e-316 
-2.90014e-56 -2.90014e-56 -2.90014e-56 
2.38992e-316 2.38992e-316 2.38992e-316 2.38992e-316 
2.38811e-316 2.38811e-316 2.38811e-316 2.38811e-316 
2.38987e-316 2.38987e-316 2.38987e-316 2.38987e-316 
2.3899e-316 2.3899e-316 2.3899e-316 2.3899e-316 
2.3898e-316 2.3898e-316 2.3898e-316 2.3898e-316 
2.38994e-316 2.38994e-316 2.38994e-316 2.38994e-316 
2.38995e-316 2.38995e-316 2.38995e-316 2.38995e-316 
-nan -nan -nan -nan 
0 0 0 0 
0 0 0 
0 0 0 
0 0 0 
0 0 0 
0 0 0 
0 0 0 
1.5069e-321 1.5069e-321 1.5069e-321 
2.39929e-316 2.39929e-316 2.39929e-316 
-2.90014e-56 -2.90014e-56 -2.90014e-56 
1.19496e-158 1.19496e-158 1.19496e-158 1.19496e-158 
4.94066e-324 4.94066e-324 4.94066e-324 4.94066e-324 
2.62417e-139 2.62417e-139 2.62417e-139 2.62417e-139 
2.47033e-323 2.47033e-323 2.47033e-323 2.47033e-323 
9.75926e-318 9.75926e-318 9.75926e-318 9.75926e-318 
0 0 0 0 
0 0 0 0 
0 0 0 0 
0 0 0 0 
0 0 0 0 0 
0 0 0 0 0 
0 0 0 0 0 
0 0 0 0 0 
0 0 0 0 0 
9.88888e-193 9.88888e-193 9.88888e-193 9.88888e-193 9.88888e-193 
0 0 0 0 0 
0 0 0 0 0 
0 0 0 0 0 
T Models:
(* Fitting with shape 1 1 1 1 1 1 1 1 1 1 0 0 *)
G[T_,xx_]:=Exp[0+xx[[1]]*T^1+xx[[2]]*T^2]*(1)
(* Fitting with shape 1 1 1 1 1 1 1 1 1 1 1 0 *)
G[T_,xx_]:=Exp[0+xx[[1]]*T^1+xx[[2]]*T^2]*(1)
(* Fitting with shape 1 1 1 1 1 1 1 1 1 1 1 1 *)
G[T_,xx_]:=Exp[0+xx[[1]]*T^1+xx[[2]]*T^2]*(1)
(* Fitting with shape 0 1 1 1 1 1 1 1 1 1 0 0 *)
G[T_,xx_]:=Exp[0+xx[[1]]*T^1+xx[[2]]*T^2]*(1)
(* Fitting with shape 0 1 1 1 1 1 1 1 1 1 1 0 *)
G[T_,xx_]:=Exp[0+xx[[1]]*T^1+xx[[2]]*T^2]*(1)
(* Fitting with shape 0 1 1 1 1 1 1 1 1 1 1 1 *)
G[T_,xx_]:=Exp[0+xx[[1]]*T^1+xx[[2]]*T^2]*(1)
(* Fitting with shape 0 0 1 1 1 1 1 1 1 1 0 0 *)
G[T_,xx_]:=Exp[0+xx[[1]]*T^1+xx[[2]]*T^2]*(1)
(* Fitting with shape 0 0 1 1 1 1 1 1 1 1 1 0 *)
G[T_,xx_]:=Exp[0+xx[[1]]*T^1+xx[[2]]*T^2]*(1)
(* Fitting with shape 0 0 1 1 1 1 1 1 1 1 1 1 *)
G[T_,xx_]:=Exp[0+xx[[1]]*T^1+xx[[2]]*T^2]*(1)
(* Fitting with shape 1 1 1 1 1 1 1 1 1 1 0 0 *)
G[T_,xx_]:=Exp[0+xx[[1]]*T^1+xx[[2]]*T^2]*(1+xx[[3]]/(T^1))
(* Fitting with shape 1 1 1 1 1 1 1 1 1 1 1 0 *)
G[T_,xx_]:=Exp[0+xx[[1]]*T^1+xx[[2]]*T^2]*(1+xx[[3]]/(T^1))
(* Fitting with shape 1 1 1 1 1 1 1 1 1 1 1 1 *)
G[T_,xx_]:=Exp[0+xx[[1]]*T^1+xx[[2]]*T^2]*(1+xx[[3]]/(T^1))
(* Fitting with shape 0 1 1 1 1 1 1 1 1 1 0 0 *)
G[T_,xx_]:=Exp[0+xx[[1]]*T^1+xx[[2]]*T^2]*(1+xx[[3]]/(T^1))
(* Fitting with shape 0 1 1 1 1 1 1 1 1 1 1 0 *)
G[T_,xx_]:=Exp[0+xx[[1]]*T^1+xx[[2]]*T^2]*(1+xx[[3]]/(T^1))
(* Fitting with shape 0 1 1 1 1 1 1 1 1 1 1 1 *)
G[T_,xx_]:=Exp[0+xx[[1]]*T^1+xx[[2]]*T^2]*(1+xx[[3]]/(T^1))
(* Fitting with shape 0 0 1 1 1 1 1 1 1 1 0 0 *)
G[T_,xx_]:=Exp[0+xx[[1]]*T^1+xx[[2]]*T^2]*(1+xx[[3]]/(T^1))
(* Fitting with shape 0 0 1 1 1 1 1 1 1 1 1 0 *)
G[T_,xx_]:=Exp[0+xx[[1]]*T^1+xx[[2]]*T^2]*(1+xx[[3]]/(T^1))
(* Fitting with shape 0 0 1 1 1 1 1 1 1 1 1 1 *)
G[T_,xx_]:=Exp[0+xx[[1]]*T^1+xx[[2]]*T^2]*(1+xx[[3]]/(T^1))
(* Fitting with shape 1 1 1 1 1 1 1 1 1 1 0 0 *)
G[T_,xx_]:=Exp[0+xx[[1]]*T^1+xx[[2]]*T^2]*(1+xx[[3]]/(T^1)+xx[[4]]/(T^2))
(* Fitting with shape 1 1 1 1 1 1 1 1 1 1 1 0 *)
G[T_,xx_]:=Exp[0+xx[[1]]*T^1+xx[[2]]*T^2]*(1+xx[[3]]/(T^1)+xx[[4]]/(T^2))
(* Fitting with shape 1 1 1 1 1 1 1 1 1 1 1 1 *)
G[T_,xx_]:=Exp[0+xx[[1]]*T^1+xx[[2]]*T^2]*(1+xx[[3]]/(T^1)+xx[[4]]/(T^2))
(* Fitting with shape 0 1 1 1 1 1 1 1 1 1 0 0 *)
G[T_,xx_]:=Exp[0+xx[[1]]*T^1+xx[[2]]*T^2]*(1+xx[[3]]/(T^1)+xx[[4]]/(T^2))
(* Fitting with shape 0 1 1 1 1 1 1 1 1 1 1 0 *)
G[T_,xx_]:=Exp[0+xx[[1]]*T^1+xx[[2]]*T^2]*(1+xx[[3]]/(T^1)+xx[[4]]/(T^2))
(* Fitting with shape 0 1 1 1 1 1 1 1 1 1 1 1 *)
G[T_,xx_]:=Exp[0+xx[[1]]*T^1+xx[[2]]*T^2]*(1+xx[[3]]/(T^1)+xx[[4]]/(T^2))
(* Fitting with shape 0 0 1 1 1 1 1 1 1 1 0 0 *)
G[T_,xx_]:=Exp[0+xx[[1]]*T^1+xx[[2]]*T^2]*(1+xx[[3]]/(T^1)+xx[[4]]/(T^2))
(* Fitting with shape 0 0 1 1 1 1 1 1 1 1 1 0 *)
G[T_,xx_]:=Exp[0+xx[[1]]*T^1+xx[[2]]*T^2]*(1+xx[[3]]/(T^1)+xx[[4]]/(T^2))
(* Fitting with shape 0 0 1 1 1 1 1 1 1 1 1 1 *)
G[T_,xx_]:=Exp[0+xx[[1]]*T^1+xx[[2]]*T^2]*(1+xx[[3]]/(T^1)+xx[[4]]/(T^2))
(* Fitting with shape 1 1 1 1 1 1 1 1 1 1 0 0 *)
G[T_,xx_]:=Exp[0+xx[[1]]*T^1+xx[[2]]*T^2+xx[[3]]*T^3]*(1)
(* Fitting with shape 1 1 1 1 1 1 1 1 1 1 1 0 *)
G[T_,xx_]:=Exp[0+xx[[1]]*T^1+xx[[2]]*T^2+xx[[3]]*T^3]*(1)
(* Fitting with shape 1 1 1 1 1 1 1 1 1 1 1 1 *)
G[T_,xx_]:=Exp[0+xx[[1]]*T^1+xx[[2]]*T^2+xx[[3]]*T^3]*(1)
(* Fitting with shape 0 1 1 1 1 1 1 1 1 1 0 0 *)
G[T_,xx_]:=Exp[0+xx[[1]]*T^1+xx[[2]]*T^2+xx[[3]]*T^3]*(1)
(* Fitting with shape 0 1 1 1 1 1 1 1 1 1 1 0 *)
G[T_,xx_]:=Exp[0+xx[[1]]*T^1+xx[[2]]*T^2+xx[[3]]*T^3]*(1)
(* Fitting with shape 0 1 1 1 1 1 1 1 1 1 1 1 *)
G[T_,xx_]:=Exp[0+xx[[1]]*T^1+xx[[2]]*T^2+xx[[3]]*T^3]*(1)
(* Fitting with shape 0 0 1 1 1 1 1 1 1 1 0 0 *)
G[T_,xx_]:=Exp[0+xx[[1]]*T^1+xx[[2]]*T^2+xx[[3]]*T^3]*(1)
(* Fitting with shape 0 0 1 1 1 1 1 1 1 1 1 0 *)
G[T_,xx_]:=Exp[0+xx[[1]]*T^1+xx[[2]]*T^2+xx[[3]]*T^3]*(1)
(* Fitting with shape 0 0 1 1 1 1 1 1 1 1 1 1 *)
G[T_,xx_]:=Exp[0+xx[[1]]*T^1+xx[[2]]*T^2+xx[[3]]*T^3]*(1)
(* Fitting with shape 1 1 1 1 1 1 1 1 1 1 0 0 *)
G[T_,xx_]:=Exp[0+xx[[1]]*T^1+xx[[2]]*T^2+xx[[3]]*T^3]*(1+xx[[4]]/(T^1))
(* Fitting with shape 1 1 1 1 1 1 1 1 1 1 1 0 *)
G[T_,xx_]:=Exp[0+xx[[1]]*T^1+xx[[2]]*T^2+xx[[3]]*T^3]*(1+xx[[4]]/(T^1))
(* Fitting with shape 1 1 1 1 1 1 1 1 1 1 1 1 *)
G[T_,xx_]:=Exp[0+xx[[1]]*T^1+xx[[2]]*T^2+xx[[3]]*T^3]*(1+xx[[4]]/(T^1))
(* Fitting with shape 0 1 1 1 1 1 1 1 1 1 0 0 *)
G[T_,xx_]:=Exp[0+xx[[1]]*T^1+xx[[2]]*T^2+xx[[3]]*T^3]*(1+xx[[4]]/(T^1))
(* Fitting with shape 0 1 1 1 1 1 1 1 1 1 1 0 *)
G[T_,xx_]:=Exp[0+xx[[1]]*T^1+xx[[2]]*T^2+xx[[3]]*T^3]*(1+xx[[4]]/(T^1))
(* Fitting with shape 0 1 1 1 1 1 1 1 1 1 1 1 *)
G[T_,xx_]:=Exp[0+xx[[1]]*T^1+xx[[2]]*T^2+xx[[3]]*T^3]*(1+xx[[4]]/(T^1))
(* Fitting with shape 0 0 1 1 1 1 1 1 1 1 0 0 *)
G[T_,xx_]:=Exp[0+xx[[1]]*T^1+xx[[2]]*T^2+xx[[3]]*T^3]*(1+xx[[4]]/(T^1))
(* Fitting with shape 0 0 1 1 1 1 1 1 1 1 1 0 *)
G[T_,xx_]:=Exp[0+xx[[1]]*T^1+xx[[2]]*T^2+xx[[3]]*T^3]*(1+xx[[4]]/(T^1))
(* Fitting with shape 0 0 1 1 1 1 1 1 1 1 1 1 *)
G[T_,xx_]:=Exp[0+xx[[1]]*T^1+xx[[2]]*T^2+xx[[3]]*T^3]*(1+xx[[4]]/(T^1))
(* Fitting with shape 1 1 1 1 1 1 1 1 1 1 0 0 *)
G[T_,xx_]:=Exp[0+xx[[1]]*T^1+xx[[2]]*T^2+xx[[3]]*T^3]*(1+xx[[4]]/(T^1)+xx[[5]]/(T^2))
(* Fitting with shape 1 1 1 1 1 1 1 1 1 1 1 0 *)
G[T_,xx_]:=Exp[0+xx[[1]]*T^1+xx[[2]]*T^2+xx[[3]]*T^3]*(1+xx[[4]]/(T^1)+xx[[5]]/(T^2))
(* Fitting with shape 1 1 1 1 1 1 1 1 1 1 1 1 *)
G[T_,xx_]:=Exp[0+xx[[1]]*T^1+xx[[2]]*T^2+xx[[3]]*T^3]*(1+xx[[4]]/(T^1)+xx[[5]]/(T^2))
(* Fitting with shape 0 1 1 1 1 1 1 1 1 1 0 0 *)
G[T_,xx_]:=Exp[0+xx[[1]]*T^1+xx[[2]]*T^2+xx[[3]]*T^3]*(1+xx[[4]]/(T^1)+xx[[5]]/(T^2))
(* Fitting with shape 0 1 1 1 1 1 1 1 1 1 1 0 *)
G[T_,xx_]:=Exp[0+xx[[1]]*T^1+xx[[2]]*T^2+xx[[3]]*T^3]*(1+xx[[4]]/(T^1)+xx[[5]]/(T^2))
(* Fitting with shape 0 1 1 1 1 1 1 1 1 1 1 1 *)
G[T_,xx_]:=Exp[0+xx[[1]]*T^1+xx[[2]]*T^2+xx[[3]]*T^3]*(1+xx[[4]]/(T^1)+xx[[5]]/(T^2))
(* Fitting with shape 0 0 1 1 1 1 1 1 1 1 0 0 *)
G[T_,xx_]:=Exp[0+xx[[1]]*T^1+xx[[2]]*T^2+xx[[3]]*T^3]*(1+xx[[4]]/(T^1)+xx[[5]]/(T^2))
(* Fitting with shape 0 0 1 1 1 1 1 1 1 1 1 0 *)
G[T_,xx_]:=Exp[0+xx[[1]]*T^1+xx[[2]]*T^2+xx[[3]]*T^3]*(1+xx[[4]]/(T^1)+xx[[5]]/(T^2))
(* Fitting with shape 0 0 1 1 1 1 1 1 1 1 1 1 *)
G[T_,xx_]:=Exp[0+xx[[1]]*T^1+xx[[2]]*T^2+xx[[3]]*T^3]*(1+xx[[4]]/(T^1)+xx[[5]]/(T^2))
Probabilities: 
        0         0         0         0         0         0         0         0         0         0         0         0         0         0         0         0         0         0         0         0         0         0         0         0         0         0         0         0         0         0         0         0         0         0         0         0         0         0         0         0         0         0         0         0         0         0         0         0         0         0         0         1         0         0
        0         0         0         0         0         0         0         0         0         0         0         0         0         0         0         0         0         0         0         0         0         0         0         0         0         0         0         0         0         0         0         0         0         0         0         0         0         0         0         0         0         0  0.631564         0         0         0         0         0         0         0         0  0.368436         0         0
        0         0         0         0         0         0         0         0         0         0         0         0         0         0         0         0         0         0         0         0         0         0         0         0 0.0202992         0         0         0         0         0         0         0         0         0         0         0         0         0         0         0         0         0  0.979701         0         0         0         0         0         0         0         0         0         0         0
        0         0         0         0         0         0         0         0         0         0         0         0         0         0         0         0         0         0         0         0         0         0         0         0 0.0269525         0         0         0         0         0         0         0         0         0         0         0         0         0         0         0         0         0   0.71022         0         0         0         0         0         0         0         0  0.262828         0         0
        0         0         0         0         0         0         0         0         0         0         0         0         0         0         0         0         0         0         0         0         0         0         0         0  0.123473         0         0         0         0         0         0         0         0         0         0         0         0         0         0         0         0         0         0         0         0         0         0         0         0         0         0  0.876527         0         0
        0         0         0         0         0         0         0         0         0         0         0         0         0         0         0         0         0         0         0         0         0         0         0         0         0         0         0         0         0         0         0         0         0         0         0         0         0         0         0         0         0         0         0         0         0         0         0         0         0         0         0         1         0         0
        0         0         0         0         0         0         0         0         0         0         0         0         0         0         0         1         0         0         0         0         0         0         0         0         0         0         0         0         0         0         0         0         0         0         0         0         0         0         0         0         0         0         0         0         0         0         0         0         0         0         0         0         0         0
        0         0         0         0         0         0         0         0         0         0         0         0         0         0         0         0         0         0         0         0         0         0         0         0  0.184653         0         0         0         0         0         0         0         0         0         0         0         0         0         0         0         0         0         0         0         0         0         0         0         0         0         0  0.815347         0         0
        0         0         0         0         0         0         0         0         0         0         0         0         0         0         0         0         0         0         0         0         0         0         0         0  0.117299         0         0         0         0         0         0         0         0  0.425249         0         0         0         0         0         0         0         0         0         0         0         0         0         0         0         0         0  0.457451         0         0
        0         0         0         0         0         0         0         0         0         0         0         0         0         0         0         0         0         0         0         0         0         0         0         0         0         0         0         0         0         0         0         0         0         0         0         0         0         0         0         0         0         0  0.663819         0         0         0         0         0         0         0         0  0.336181         0         0
        0         0         0         0         0         0         0         0         0         0         0         0         0         0         0         0         0         0         0         0         0         0         0         0 0.0930927         0         0         0         0         0         0         0         0         0         0         0         0         0         0         0         0         0  0.598925         0         0         0         0         0         0         0         0  0.307982         0         0
        0         0         0         0         0         0         0         0         0         0         0         0         0         0         0         0         0         0         0         0         0         0         0         0   0.13683         0         0         0         0         0         0         0         0         0         0         0         0         0         0         0         0         0   0.86317         0         0         0         0         0         0         0         0         0         0         0

Values: 
 0.0427545  0.0427156  0.0426666  0.0427812  0.0427453    0.18686   0.275979   0.365989    0.25922   0.621972   0.363532   0.227393  0.0425037    0.16264   0.138273   0.364464   0.323275  0.0423262  0.0423777    0.11912   0.125459   0.848246  0.0421965  0.0421812  0.0421314  0.0421073  0.0420951   0.043924    1.15251    1.17817    1.28188  0.0437584    1.20225    1.03519     1.0258   0.981559   0.946037          1  0.0434667  0.0433257  0.0432456  0.0432001   0.762418   0.824845   0.042988  0.0431292  0.0430518  0.0430014   0.849675   0.596316  0.0427258  0.0427571  0.0426361  0.0425524
 0.0598879  0.0597622  0.0596178     0.2253  0.0598928   0.120934  0.0600954   0.299171  0.0598215  0.0600752  0.0599151  0.0598464  0.0599276  0.0597864  0.0597289  0.0598094  0.0597109   0.059651  0.0597592  0.0596442    0.43622  0.0595253   0.219418  0.0594062    0.05931  0.0592504  0.0592188    1.19756    1.30821    1.23009    1.30832    1.35783    1.14806    1.05023    1.31193    1.02682   0.914986   0.910057   0.963373     1.3188   0.061577   0.941619  0.0614802   0.401635   0.701866  0.0614546   0.872995   0.876133  0.0610847   0.868223   0.927804  0.0609958  0.0604349  0.0602635
 0.0687756  0.0685667  0.0682308    0.23325   0.234991  0.0685631     0.0692  0.0688649   0.163798   0.069203  0.0689372  0.0687737  0.0691105  0.0688834  0.0687457  0.0689801   0.068832  0.0687028  0.0688922   0.068713  0.0685974  0.0685528   0.856099  0.0683411  0.0681819   0.611388   0.329086  0.0737958  0.0730424    1.15726    1.10054    1.22136    1.11676    1.25988   0.993356    1.18289  0.0729309  0.0724986   0.944014  0.0721784   0.949075  0.0715931  0.0717807  0.0713512    1.24898  -0.640654    0.25733    0.86108  0.0713335   0.991483   0.821356   0.646785  0.0701952  0.0698661
 0.0748434  0.0745369  0.0740053   0.120138  0.0748978  0.0745429  0.0754955   0.275696   0.185389  0.0755321  0.0751619  0.0749189  0.0754818  0.0751677  0.0749644   0.476809   0.161204  0.0749709  0.0752138  0.0749683  0.0747995   0.160194   0.151186   0.314147  0.0742249  0.0740991  0.0740016   0.856945   0.847001    1.23148    1.09422    1.09806    1.23836   0.990283   0.996268     1.0115  0.0807231   0.973426  0.0798075  0.0797436     0.9057    1.03244  0.0793172   0.872999  0.0783775   0.842951          1  0.0783201   0.934796    2.55353   -1.24161  0.0795331  0.0772931   0.788565
 0.0796654  0.0792738  0.0785606  0.0802874  0.0798206   0.250087  0.0806121   0.251866   0.129811  0.0806631  0.0802193  0.0799286  0.0806275  0.0802537   0.259221   0.080463  0.0802272  0.0800196  0.0802965  0.0800013  0.0798007  0.0797328  0.0795254   0.826311  0.0790134  0.0788404   0.078715   0.893851   0.883742    1.12391    1.09159    1.09478    1.09935    1.01289    1.31078  -0.532654  0.0871806   0.281496   0.972734    1.07048   0.723473  0.0850015    0.94766  0.0848167   0.946654          1          1   0.889686  0.0852212  0.0840319  0.0834133  0.0866219 -0.0938131  0.0824242
 0.0837102  0.0832314  0.0823389  0.0844948  0.0839287   0.238693  0.0849379   0.084234   0.164282  0.0849883  0.0844643  0.0841209  0.0849953  0.0845676   0.263838  0.0848099  0.0845424  0.0843166  0.0846127  0.0842752  0.0840511  0.0839442    0.83228  0.0835108   0.442005  0.0828439  0.0826853    1.14694    1.14539     1.2777     1.0918    1.09489    1.20922     1.0021    1.33556    1.34271   0.933143   0.932816  0.0913822  0.0913263  0.0906476   0.784294    1.49726   0.715449  0.0894905          1          1          1  0.0907892  0.0892452   0.088478  0.0931661  0.0885727   0.560383
  0.087136  0.0865677    0.08557  0.0881193   0.087463  0.0868944   0.132084    0.23789   0.302121  0.0887143  0.0881302  0.0877999    0.21379   0.309962   0.157785  0.0885145  0.0882269   0.088018  0.0882882  0.0879218  0.0877094    0.87318   0.873701  0.0870802     0.4909  0.0862744  0.0861143    1.14445  0.0983774   0.881366    1.09701    1.21717    1.11196    1.31459    1.21345    1.15871   0.996531  0.0965524    1.00161    1.19634     1.2093  0.0945251     0.5738   0.485718  0.0937686  0.0949892  0.0941324          1   0.095496   0.810729  0.0926566   0.658362  0.0929915  0.0914442
 0.0900274  0.0893809    0.08832  0.0911837  0.0904472   0.203572  0.0917743  0.0908949  0.0904602  0.0918482  0.0912122  0.0909017   0.341406  0.0913422  0.0911119  0.0916209   0.541005   0.480757  0.0913669   0.218671  0.0907775   0.817741   0.819448   0.090084  0.0893956  0.0891599  0.0889944    1.16209    1.17574    1.10876   0.103194    1.16556    1.09377    1.05854    1.08887    1.03198   0.101333   0.931515   0.957055  0.0996079  0.0987602   0.098153   0.825473  0.0981387   0.802472  0.0986955   0.971344          1  -0.461239    0.09735  0.0962231   0.103791   -1.01932  0.0949725
  0.136965  0.0916243   0.104135  0.0936365   0.235274   0.190262   0.233229  0.0933361  0.0929132  0.0943516  0.0936807  0.0933838  0.0943205  0.0938014  0.0935891  0.0940889   0.428474  0.0935939   0.267793   0.251898  0.0932191   0.812062   0.814214   0.195699  0.0917109  0.0914542  0.0912805    1.16053    1.15886   0.104961     1.3594     1.1093    1.09342   0.105236    1.31161    1.30946   0.973046   0.973265   0.102677   0.102562   0.983949   0.101054   0.828394   0.775344   0.987453    0.10161   0.100641          1   0.974576   0.100347   0.822244   0.107737   0.100067  0.0978912
  0.094049  0.0933171  0.0922046   0.256329   0.094655  0.0941424  0.0961473  0.0951955    0.24807  0.0962141  0.0955407  0.0953028    0.22234  0.0956474  0.0954779  0.0959115  0.0955976   0.339285   0.215509   0.195192  0.0950675   0.304681   0.314642   0.329248   0.505958  0.0931898  0.0930083   0.952426   0.108225    1.07509    1.31574    1.15164     1.0927   0.982732   -23.3426    1.32427   0.106642   0.972833   0.972991   0.104679    1.16689    1.31632   0.104458   0.872693   0.102276   0.103682   0.102672          1    1.38288   0.928872    0.10109   0.110577   0.102318   0.690837
 0.0950869  0.0943168  0.0931693  0.0966072   0.167643  0.0952304   0.302434   0.213508    0.17792  0.0973636  0.0966692  0.0964296  0.0972761  0.0967509   0.238824   0.097015  0.0966861   0.096544   0.198089  0.0963058  0.0961474  0.0958076  0.0954782   0.875124  0.0944842   0.407171   0.552566    1.01358   0.109728   0.954198     1.3288    1.34233    1.09227   0.985873    1.02898    1.04823   0.967661   0.967481    1.03669    1.00655   0.955318   0.885805   0.105768   0.716782   0.103606   0.104961     1.0352   0.103318    1.06416   0.945604   0.102454    0.11239   0.829139   0.101495
  0.095435  0.0946673  0.0935158  0.0969629  0.0961279   0.139977  0.0976578  0.0967034   0.248597  0.0977199  0.0970459  0.0968196  0.0976327   0.214782  0.0969648  0.0973709  0.0970498  0.0969167    0.19732  0.0966696  0.0965201   0.812365   0.331075  0.0956549  0.0948293  0.0945305   0.485547   0.976967   0.974844   0.909947    1.14767    1.30769    1.09243   0.983606    1.25209    1.32409   0.970553   0.970516   0.973126   0.816364   0.105519   0.104812   0.106179   0.104915   0.103988   0.105366   0.104402   0.103704    0.98909    1.29573   0.378818    1.16769   0.104507    0.10187

Errors: 
9.15958e-06 9.01585e-06 8.88575e-06 9.20827e-06 9.06806e-06  0.00119195    0.708351    0.684933  0.00381719    0.472689     1.10375    0.455139 9.82614e-06  0.00100569 0.000826016    0.823474  0.00414511 1.00673e-05 1.05358e-05    0.973323           1  0.00199816 1.14184e-05 1.12222e-05 1.53393e-05 1.37002e-05  1.2865e-05 1.57997e-05           0           0           1 1.50841e-05           0     1.00022     1.00023           0   0.0148514   0.0126831 1.56237e-05 2.27262e-05 1.96944e-05   1.905e-05 0.000334774 0.000542476 2.51666e-05 2.96541e-05 2.46758e-05 2.34806e-05 0.000448841 0.000852477 3.90481e-05 0.000128243 9.09834e-05 7.39864e-05
2.77479e-05 2.66053e-05 2.56435e-05           0  2.7231e-05           1 2.88424e-05           0 2.66659e-05 2.87146e-05 2.73832e-05 2.68708e-05  2.9234e-05 2.73353e-05 2.71871e-05 3.17503e-05 2.81107e-05 2.73456e-05 3.02325e-05 2.85208e-05           0 3.46654e-05           0 2.95169e-05 5.01072e-05 4.08963e-05 3.64517e-05           0           0           0     1.00001     1.00002           0     1.00197     1.00004           0           0           0           0           0 7.15311e-05           0 0.000133698           1     1.00001 0.000114336     1.06676     1.42626  0.00023108           1           1 0.000519238  0.00033348 0.000272679
5.80685e-05 5.51178e-05 5.22847e-05           0           0 5.45159e-05 6.14208e-05 5.76381e-05           0 6.13733e-05 5.86813e-05 5.59484e-05 6.21288e-05 5.90372e-05 5.66752e-05 6.31602e-05 5.95672e-05 5.72867e-05 6.34741e-05 5.98145e-05  5.7186e-05 7.18778e-05           0 6.00654e-05 0.000107729           0           0 0.000146571 0.000130004           0           0           0           0     1.00017           0     1.00092 0.000149186 0.000133131           0 0.000197616           0 0.000144267 0.000296168 0.000225371           1    0.890239 0.000598223     0.78385 0.000517201 7.76092e-05     1.00001  0.00187268 0.000746037 0.000596002
0.000100834 9.56525e-05 8.89193e-05           0 9.98508e-05 9.69185e-05 0.000107447           0           0 0.000107954  0.00010368 9.88905e-05 0.000109668 0.000105317 0.000100816           0           1 0.000102795 0.000110334  0.00010553 0.000101669           0           0           0  0.00018599 0.000143024 0.000132969           0           0           0           0           0           0           0           0           0 0.000264372           0  0.00020641 0.000340236     1.00187     1.00015  0.00050661     1.00182 0.000308666      1.3548   0.0109878 0.000288507   0.0021175     1.00024  0.00131595  0.00199995  0.00129527     1.00001
0.000152643 0.000147623 0.000137306 0.000162562 0.000153986           0 0.000166023           0           1 0.000166923 0.000161753 0.000155704 0.000169034 0.000162866           0 0.000171869 0.000167178 0.000159642 0.000170217 0.000165175 0.000160811 0.000189799 0.000173933           0 0.000282539 0.000237043 0.000205388           0           0           0           0           0           0           0     1.00041     1.00345 0.000386995           1           0     1.00018           1 0.000363654     1.00396  0.00057463     1.01933   0.0185625   0.0186957 0.000823819  0.00131062 0.000944545 0.000710736  0.00296247 0.000504271  0.00150081
 0.00021256 0.000202527 0.000191564 0.000226634  0.00021505           0  0.00023263 0.000221697           0 0.000234101 0.000226236 0.000220684 0.000238645 0.000229315           0 0.000241211 0.000233329  0.00023353 0.000240029  0.00023205 0.000227467 0.000265416           0 0.000243692           0 0.000332136 0.000292549           0           0           0           0           0           0    0.984008     1.00062     1.00075           0           0 0.000436829 0.000686658 0.000555753   0.0073844           1     1.00006 0.000620046   0.0309693   0.0312347   0.0218079   0.0017529  0.00128044   0.0009617  0.00395573  0.00255729   0.0152073
0.000285186 0.000263529  0.00024904 0.000294906 0.000280976 0.000275217           0           0           0 0.000308121 0.000297967 0.000289028           0           0           0 0.000314409 0.000313178 0.000303819 0.000316018 0.000304545 0.000301997           0           0 0.000311597           0 0.000435758 0.000383025           0 0.000589121           0           0           0           0     1.00087     1.00033     1.00079           0 0.000613781           0     1.00302     1.00042 0.000623288     1.00004           1 0.000783731  0.00108701 0.000893717   0.0291086  0.00220293     1.00004   0.0012157     1.00001  0.00322683  0.00256719
0.000338191 0.000323612 0.000307618 0.000367591           0           0 0.000376932 0.000358535 0.000354807 0.000378016 0.000388399 0.000367164           0 0.000373279 0.000374378 0.000387666           0           0 0.000402893           0 0.000388189           0           0 0.000389631  0.00059541 0.000522324 0.000469975           0           0           0 0.000752008     1.00095           0     1.03935     1.01862     1.15944 0.000799045           0           0  0.00103433 0.000843637 0.000747837     1.00563  0.00115388     1.00014   0.0013007   0.0450655   0.0387958 7.14105e+07  0.00193228  0.00144386  0.00578163  0.00159579   0.0030545
          0  0.00037806           0 0.000425626           0           0           0 0.000428723 0.000420459 0.000443936 0.000431144 0.000431135 0.000455858 0.000438015 0.000438827 0.000454042           0 0.000451078           0           0 0.000438865           0           0           0 0.000709532 0.000604058 0.000554313           0           0 0.000734665     1.00056           0           0 0.000889799     1.00113     1.00099           0           0 0.000760989  0.00118542     1.00018 0.000858138     1.00241     1.00004           0   0.0014797  0.00115545   0.0479149   0.0100651  0.00220552  0.00670888  0.00650559  0.00437535  0.00348458
0.000440925 0.000422227 0.000408309           0 0.000461874 0.000459721 0.000491565 0.000476832           0 0.000507477 0.000483869 0.000471994           0 0.000489518 0.000487254 0.000510725 0.000495602           0           0           0 0.000491522           0           0           0           0 0.000690552 0.000597301           0 0.000912538           0     1.00022     1.00155           0           0           0     1.00154   0.0010119           0           0  0.00130061     1.00051     1.00035  0.00193685     1.00029  0.00117454  0.00162805  0.00127155   0.0370173  0.00243981  0.00669547  0.00181275  0.00705725   0.0047779  0.00641065
 0.00047247 0.000454058 0.000440965 0.000511791           0  0.00049371           0           0           0 0.000529056 0.000516938 0.000524318 0.000535905 0.000531797           0 0.000553891 0.000523937 0.000532751           0 0.000543192 0.000567027 0.000582785  0.00055213           0 0.000849298           0           0           0 0.000934759           0     1.00031     1.00033           0           0     1.15247     1.06333           0           0           0     1.00005     1.00001      1.0075  0.00205807     1.00012  0.00124023  0.00172974   0.0764872  0.00115235 0.000547188  0.00204945  0.00191487  0.00741274     1.00487  0.00401015
0.000478589 0.000463893 0.000445749 0.000520905 0.000501328           0 0.000534955 0.000517069           0 0.000544803 0.000524977 0.000532882 0.000545542           0 0.000539402 0.000555875 0.000544276 0.000553418           0 0.000535887  0.00056644           0           0  0.00055697 0.000845926  0.00074238           0           0           0           0           0     1.00021           0           0     1.00115     1.00163           0           0           0     1.00003  0.00115275  0.00103846  0.00208256  0.00165171  0.00127245  0.00175243  0.00138329  0.00117803  0.00106322           1  0.00959691   0.0579598  0.00512593  0.00406672

Statuses: 
0 0 0 0 0 3 3 3 3 3 3 3 0 3 3 3 3 0 0 3 3 3 0 0 0 0 0 0 3 3 3 0 3 3 3 3 3 3 0 0 0 0 3 3 0 0 0 0 3 3 0 0 0 0
0 0 0 3 0 3 0 3 0 0 0 0 0 0 0 0 0 0 0 0 3 0 3 0 0 0 0 3 3 3 3 3 3 3 3 3 3 3 3 3 0 3 0 3 3 0 3 3 0 3 3 0 0 0
0 0 0 3 3 0 0 0 3 0 0 0 0 0 0 0 0 0 0 0 0 0 3 0 0 3 3 0 0 3 3 3 3 3 3 3 0 0 3 0 3 0 0 0 3 3 3 3 0 3 3 3 0 0
0 0 0 3 0 0 0 3 3 0 0 0 0 0 0 3 3 0 0 0 0 3 3 3 0 0 0 3 3 3 3 3 3 3 3 3 0 3 0 0 3 3 0 3 0 3 3 0 3 3 0 0 0 3
0 0 0 0 0 3 0 3 3 0 0 0 0 0 3 0 0 0 0 0 0 0 0 3 0 0 0 3 3 3 3 3 3 3 3 3 0 3 3 3 3 0 3 0 3 3 3 3 0 0 0 0 0 0
0 0 0 0 0 3 0 0 3 0 0 0 0 0 3 0 0 0 0 0 0 0 3 0 3 0 0 3 3 3 3 3 3 3 3 3 3 3 0 0 0 3 3 3 0 3 3 3 0 0 0 0 0 3
0 0 0 0 0 0 3 3 3 0 0 0 3 3 3 0 0 0 0 0 0 3 3 0 3 0 0 3 0 3 3 3 3 3 3 3 3 0 3 3 3 0 3 3 0 0 0 3 0 3 0 3 0 0
0 0 0 0 2 3 0 0 0 0 0 0 3 0 0 0 3 3 0 3 0 3 3 0 0 0 0 3 3 3 0 3 3 3 3 3 0 3 3 0 0 0 3 0 3 0 3 3 3 0 0 0 0 0
3 0 3 0 3 3 3 0 0 0 0 0 0 0 0 0 3 0 3 3 0 3 3 3 0 0 0 3 3 0 3 3 3 0 3 3 3 3 0 0 3 0 3 3 3 0 0 3 3 0 3 0 0 0
0 0 0 3 0 0 0 0 3 0 0 0 3 0 0 0 0 3 3 3 0 3 3 3 3 0 0 3 0 3 3 3 3 3 3 3 0 3 3 0 3 3 0 3 0 0 0 3 3 3 0 0 0 3
0 0 0 0 3 0 3 3 3 0 0 0 0 0 3 0 0 0 3 0 0 0 0 3 0 3 3 3 0 3 3 3 3 3 3 3 3 3 3 3 3 3 0 3 0 0 3 0 3 3 0 0 3 0
0 0 0 0 0 3 0 0 3 0 0 0 0 3 0 0 0 0 3 0 0 3 3 0 0 0 3 3 3 3 3 3 3 3 3 3 3 3 3 3 0 0 0 0 0 0 0 0 3 3 3 3 0 0
chisq per dof: 
11.2343 10.5605 10.3504 9.81111   9.161 15805.9   27615 26812.4 21675.9 48446.2 37352.9   33250 3.47346   18301 14956.9 34381.7 27521.1 2.30203 2.56219 37657.6   28093 61498.8 1.87902 1.80572 2.05414 1.86034 1.72494 4.41424 48224.4 43847.7 63901.6 3.18668 52992.1 67255.5 56654.1 48861.2 63017.8 55748.7 2.20238 1.90589 1.81322 1.78885   79419 65271.6 1.72487 2.04566 1.89736 1.81325  104130 61413.9 1.85512 2.68276 2.26521 2.01574
4.52888 4.33237 4.29195 1340.62  4.0323 734.755  3.7487 1730.45 3.64578 2.96772 3.04588 2.90992 2.12178 2.22037 2.13409 1.83929 1.80657 1.77387 1.95376 1.94909 4147.62 1.87214 1643.64 1.67179 2.02869 1.82877 1.69405  6171.2 6316.96 5346.21 7269.03 6422.86 6316.85 7423.19  5765.4 5396.92 7185.93 5828.26 5943.96 9382.15 1.70903 7220.44 2.01205 6299.97 5290.78 2.01305 7767.46 6959.71  2.2605 5878.89 8408.87 2.68058 2.26384 2.01217
3.04455 2.93624 2.98177 294.169 265.088 2.74888 2.61514 2.69081 203.352 2.27039 2.30079 2.24122  1.8302 1.86161 1.81955 1.73575 1.67261 1.64085 1.82533 1.78452 1.72829 1.84825 1593.69 1.63909 2.02317 1006.92 619.468 1.84015 1.88543 1606.34  2422.5 2074.58  1908.1 2036.04 1864.91 1625.08 1.71596 1.65322 1712.91 1.81203 2460.46 1.60148 2.00962 1.81413 1002.82  1168.5 1127.95 2098.41 2.25958 1816.25 2501.28 3286.35 2.26309  2.0112
2.47631 2.39961 2.45581 53.1225 2.28722 2.27278   2.185 148.966 75.5523 1.99062 1.99275 1.94957 1.72307 1.72086  1.6828 283.038 88.8408 1.57828 1.77768 1.71942 1.66239 128.941 91.4247 183.187 2.02022 1.81819 1.68357 711.687 538.243 708.586 1061.89 922.718 813.469 991.697 826.673 726.967 1.69744 884.877 1.56307 1.80877 1071.21 911.967 2.00878 984.643 1.67881 1219.97 1502.24 1.72661 937.298 817.591 138.769 2.67835 2.26213 1014.73
2.18263 2.12261 2.18745 2.05883 2.02629 54.3747 1.95283 61.3575 21.2225 1.84024  1.8281 1.79296 1.66286 1.64235 63.3249 1.67406 1.59087 1.54325 1.75007 1.68244 1.62451 1.83152 1.70122 343.586 2.01855 1.81661 1.68181  435.45 329.604 365.919 591.755 513.308 465.997  554.25 418.038  276.61  1.6888 175.014 456.349 688.777 499.957  1.5858 691.887 1.80997  475.55 1012.19 847.256 594.447 2.25864 2.00931 1.84222  2.6776 5.51405  2.0099
2.00869 1.95657 2.02084  1.9039 1.87373 26.6366 1.81405 1.82772 15.8244 1.75168 1.73209 1.70185 1.62635 1.59376 36.7359 1.66055 1.57251 1.52019 1.73315 1.65869 1.59897 1.82789 251.714  1.6064 96.0207 1.81564 1.68082 295.011 268.222 281.827 388.138 336.002 256.985 366.162 279.213 248.161  360.05  313.62 1.53316 1.80712 1.67604 319.625 208.888 352.439  1.6762 666.553 557.625 483.399 2.25871  2.0092 1.84194 2.67738 2.26135 323.159
1.89984 1.85336 1.90972 1.80419 1.77522 1.77524 8.90046 19.1911 35.7627 1.69387 1.66847 1.63537 17.7668 40.3611 9.35394 1.65072 1.55921 1.50196 1.72149 1.64214 1.57943 224.422 187.217 1.60047 75.1327 1.81454 1.67951 212.859 1.50678 139.988 281.492 239.779 223.247 240.939 194.745 189.813 296.497 1.59402 236.659 332.991 225.154 1.58185 251.412  219.26  1.6758 2.00705 1.84102  351.84  2.2587 332.539 1.84178 429.862 2.26122 2.00975
1.82343 1.78034 1.82903 1.73471 1.70688 19.6277 1.66662 1.66727 1.64534 1.65457 1.62586 1.59134  38.448 1.54037 1.49667 1.64458 59.2202 45.3495  1.7138 98.4018 1.56703 170.793 142.684 1.59717  2.0165   1.814 1.67891 168.643 141.873 135.815 1.53354 189.198 173.498 208.978 174.469 156.049 1.68014 160.652 163.608 1.80704  1.6749 1.58098 252.762  1.8091 169.688  2.0072 221.267 277.094 35.5704 2.00897 1.84168 2.67708 7.42635 2.00973
5.08955 1.73278  2.6521 1.68968  9.8617 6.41855  11.422 1.62541 1.60221 1.62915 1.59813 1.56318 1.57645 1.52754 1.48205 1.64036 31.4298 1.48407 102.813  86.791 1.55931  143.19 119.635 14.4514 2.01599 1.81353 1.67845 140.184 125.868 1.42678 172.767 158.321 145.549 1.61198 132.781 115.995 179.165 154.996   1.521 1.80705 180.406 1.58026 211.589 175.099 152.981 2.00724 1.84064 233.169 179.823 2.00873 189.416 2.67697  2.2609 2.00952
 1.7392 1.69881 1.74116 14.6911 1.62953 1.62306 1.59857 1.59275 13.0744 1.61035 1.57722  1.5411 11.5388 1.51649 1.47018 1.63659 1.54127 16.8624 86.6978 73.6293 1.55286 21.1251    21.7 23.0082  39.288  1.8129 1.67789 127.303 1.46454 102.424 142.556 139.981 128.256 154.797 97.9648 105.735 1.67854 134.139 126.265 1.80688 153.789 127.287 2.00856 146.975 1.67474 2.00707 1.84037 206.858 222.182 192.152 1.84109 2.67659 2.26052 153.907
1.72172 1.68265 1.72239 1.64025 5.95118 1.60696 21.4273 7.00343 5.51869  1.6003 1.56712 1.53142 1.56399 1.51165 10.2466  1.6348 1.53953 1.47628 80.0231 1.61684 1.55039 1.81907 1.68573 91.2143   2.015 35.9502 40.8606 97.2302 1.45905 94.4746 136.146 120.096 119.251 143.967 120.295 107.415 142.702 122.788 138.933 162.103 144.042 134.247 2.00849 114.004 1.67443 2.00702 157.663 1.72103   141.6 137.985 1.84084 2.67643 180.069 2.00891
1.71474 1.67606 1.71637  1.6343 1.60662 5.01528 1.57803 1.56953 9.49785 1.59699 1.56246 1.52655 1.56274   9.588 1.46227 1.63422 1.53865 1.47475 77.9996 1.61573 1.54882 114.281 20.0885 1.59185 2.01498 1.81273 50.1972 92.2072 109.468 75.7262 145.858  112.04 115.898 139.553 108.118 94.3565 141.783 122.992 114.056 87.9638 1.67378  1.5793 2.00854 1.80814 1.67445 2.00705 1.84012 1.72106 205.801 125.387 136.024 159.919 2.26017 2.00895
Mode averaged potential and errors: 
  0.0427571 0.000128243
  0.0613018 0.000406466
  0.0717076  0.00058628
  0.0792367  0.00139254
  0.0856824  0.00373733
  0.0931661  0.00395573
  0.0885145 0.000314409
   0.101133  0.00764988
   0.104794  0.00662415
   0.106515  0.00525251
   0.106757  0.00662618
   0.104626  0.00436529
R Models:
(* Fitting with shape 1 1 1 1 1 1 1 1 0 0 0 0 *)
G[R_,xx_]:=xx[[0]] + xx[[1]]/R | xx[[2]]*R
(* Fitting with shape 1 1 1 1 1 1 1 1 1 0 0 0 *)
G[R_,xx_]:=xx[[0]] + xx[[1]]/R | xx[[2]]*R
(* Fitting with shape 1 1 1 1 1 1 1 1 1 1 0 0 *)
G[R_,xx_]:=xx[[0]] + xx[[1]]/R | xx[[2]]*R
(* Fitting with shape 1 1 1 1 1 1 1 1 1 1 1 0 *)
G[R_,xx_]:=xx[[0]] + xx[[1]]/R | xx[[2]]*R
(* Fitting with shape 1 1 1 1 1 1 1 1 1 1 1 1 *)
G[R_,xx_]:=xx[[0]] + xx[[1]]/R | xx[[2]]*R
(* Fitting with shape 0 1 1 1 1 1 1 1 0 0 0 0 *)
G[R_,xx_]:=xx[[0]] + xx[[1]]/R | xx[[2]]*R
(* Fitting with shape 0 1 1 1 1 1 1 1 1 0 0 0 *)
G[R_,xx_]:=xx[[0]] + xx[[1]]/R | xx[[2]]*R
(* Fitting with shape 0 1 1 1 1 1 1 1 1 1 0 0 *)
G[R_,xx_]:=xx[[0]] + xx[[1]]/R | xx[[2]]*R
(* Fitting with shape 0 1 1 1 1 1 1 1 1 1 1 0 *)
G[R_,xx_]:=xx[[0]] + xx[[1]]/R | xx[[2]]*R
(* Fitting with shape 0 1 1 1 1 1 1 1 1 1 1 1 *)
G[R_,xx_]:=xx[[0]] + xx[[1]]/R | xx[[2]]*R
(* Fitting with shape 0 0 1 1 1 1 1 1 0 0 0 0 *)
G[R_,xx_]:=xx[[0]] + xx[[1]]/R | xx[[2]]*R
(* Fitting with shape 0 0 1 1 1 1 1 1 1 0 0 0 *)
G[R_,xx_]:=xx[[0]] + xx[[1]]/R | xx[[2]]*R
(* Fitting with shape 0 0 1 1 1 1 1 1 1 1 0 0 *)
G[R_,xx_]:=xx[[0]] + xx[[1]]/R | xx[[2]]*R
(* Fitting with shape 0 0 1 1 1 1 1 1 1 1 1 0 *)
G[R_,xx_]:=xx[[0]] + xx[[1]]/R | xx[[2]]*R
(* Fitting with shape 0 0 1 1 1 1 1 1 1 1 1 1 *)
G[R_,xx_]:=xx[[0]] + xx[[1]]/R | xx[[2]]*R
(* Fitting with shape 0 0 0 1 1 1 1 1 0 0 0 0 *)
G[R_,xx_]:=xx[[0]] + xx[[1]]/R | xx[[2]]*R
(* Fitting with shape 0 0 0 1 1 1 1 1 1 0 0 0 *)
G[R_,xx_]:=xx[[0]] + xx[[1]]/R | xx[[2]]*R
(* Fitting with shape 0 0 0 1 1 1 1 1 1 1 0 0 *)
G[R_,xx_]:=xx[[0]] + xx[[1]]/R | xx[[2]]*R
(* Fitting with shape 0 0 0 1 1 1 1 1 1 1 1 0 *)
G[R_,xx_]:=xx[[0]] + xx[[1]]/R | xx[[2]]*R
(* Fitting with shape 0 0 0 1 1 1 1 1 1 1 1 1 *)
G[R_,xx_]:=xx[[0]] + xx[[1]]/R | xx[[2]]*R
3.22878 3.22878 3.22878 
-0.117157 -0.117157 -0.117157 
1 1 1 
0.135769 0.135769 0.135769 
-0.113991 -0.113991 -0.113991 
2.51452e-316 2.51452e-316 2.51452e-316 
7.71649e+07 7.71649e+07 7.71649e+07 
-164249 -164249 -164249 
836684 836684 836684 
2.42092e-322 2.42092e-322 2.42092e-322 
1.061e-313 1.061e-313 1.061e-313 
21535.8 21535.8 21535.8 
-6109.68 -6109.68 -6109.68 
0 0 0 
2.37152e-322 2.37152e-322 2.37152e-322 
7.11455e-322 7.11455e-322 7.11455e-322 
2.39195e-316 2.39195e-316 2.39195e-316 
-2.90014e-56 -2.90014e-56 -2.90014e-56 
2.38992e-316 2.38992e-316 2.38992e-316 
2.38811e-316 2.38811e-316 2.38811e-316 
2.38987e-316 2.38987e-316 2.38987e-316 
2.3899e-316 2.3899e-316 2.3899e-316 
2.3898e-316 2.3898e-316 2.3898e-316 
2.38994e-316 2.38994e-316 2.38994e-316 
2.38995e-316 2.38995e-316 2.38995e-316 
-nan -nan -nan 
0 0 0 
0 0 0 
0 0 0 
0 0 0 
0 0 0 
0 0 0 
0 0 0 
1.5069e-321 1.5069e-321 1.5069e-321 
2.39929e-316 2.39929e-316 2.39929e-316 
-2.90014e-56 -2.90014e-56 -2.90014e-56 
1.19496e-158 1.19496e-158 1.19496e-158 
4.94066e-324 4.94066e-324 4.94066e-324 
2.62417e-139 2.62417e-139 2.62417e-139 
2.47033e-323 2.47033e-323 2.47033e-323 
9.75926e-318 9.75926e-318 9.75926e-318 
0 0 0 
0 0 0 
0 0 0 
0 0 0 
0 0 0 
0 0 0 
0 0 0 
0 0 0 
0 0 0 
9.88888e-193 9.88888e-193 9.88888e-193 
0 0 0 
0 0 0 
0 0 0 
Probabilities: 
        0         0         0         0         0         0         0         0         0         0         0         0         0         0         0         0         0         0 0.0116762         0 0.0241024  0.012886         0 0.0626466         0         0         0         0         0         0         0         0         0         0         0         0         0         0         0         0         0  0.088887  0.101497         0 0.0570838         0         0  0.280217         0  0.361004         0         0         0         0

String tensions: 
          1           1           1           1           1           1           1           1           1   -0.448605   -0.448354   -0.449265    -2.17696    -2.18183    -2.19055    -2.69791    -2.69897    -2.70096   -0.864596   -0.759677   -0.776081    0.706447    0.698275  -0.0114554   -0.310669    0.987031    0.986105  -0.0938592  -0.0938585   -0.093857    0.712156  -0.0794736    0.522188  0.00080856    0.609799    0.800596  -0.0972907  -0.0855527           1  -0.0244927     1.08774 -0.00185618  -0.0122195   -0.120494 -0.00455097  -0.0958574    0.143088  -0.0028509    0.742292  -0.0118974  -0.0788515   -0.304605    0.777131    0.884678

Errors: 
    5792.62     5792.62     5792.62           0           0           0           0     5792.62     5792.62  0.00624486  0.00619787  0.00606789           0           0           0           0           0           0    0.105573           1   0.0992268     1.19895           0  0.00696911           0           0           0           0           0           0           0     1.00004           0  0.00237863     1.16895     1.30708           1           1           0           1     1.02323  0.00106883  0.00388182     1.00006 0.000814803      1.9526   0.0646714  0.00120441           1   0.0033171 0.000384335     1.00012  0.00574702  0.00181036

Statuses: 
0 0 0 3 3 3 3 0 0 0 0 0 3 3 3 3 3 3 0 3 0 0 3 0 3 3 3 3 3 3 3 3 3 0 3 3 3 3 3 3 3 0 0 3 0 3 3 0 3 0 3 3 3 0
chisq per dof: 
263.172  234.26 226.197 13459.4 11571.3   10193 7419.56 2.69823 2.98507 3.57351 3.14699 2.86224 12910.6 11105.6 9791.63 7287.09 6077.08 5222.68 2.08362 1596.19 1.90398 2.06469 10183.9 1.65318 8501.74   12452 10700.8   15732 13795.2 12313.7 16522.1   12668 12451.5 3.18954 14109.8 12176.9 16327.1 11271.1 16100.1 14059.5 12600.5 1.56571 1.25208 1608.58  1.6302 15217.3 13636.4 1.35881   16402 1.10324 5799.84 11563.6 13572.1 11715.4
Model string tension and errors: 
sigma = -0.0271739 +/- 0.218897
