R=0parameters: 
-0.65484 -0.65484 
0.0732777 0.0732777 
1.29446e-10 1.29446e-10 
3.21143e-322 3.21143e-322 
9.88131e-324 9.88131e-324 
2.94976e-316 2.94976e-316 
2.122e-314 2.122e-314 
3.02172e-316 3.02172e-316 
8.84022e+07 8.84022e+07 
-0.00526125 -0.00526125 -0.00526125 
-0.00510195 -0.00510195 -0.00510195 
-0.00150592 -0.00150592 -0.00150592 
-0.00132015 -0.00132015 -0.00132015 
-814716 -814716 -814716 
-99114.8 -99114.8 -99114.8 
336253 336253 336253 
0 0 0 
0 0 0 
-0.190995 -0.190995 -0.190995 -0.190995 
0 0 0 0 
0 0 0 0 
6.57195e+07 6.57195e+07 6.57195e+07 6.57195e+07 
2.37152e-322 2.37152e-322 2.37152e-322 2.37152e-322 
5.58294e-322 5.58294e-322 5.58294e-322 5.58294e-322 
2.94785e-316 2.94785e-316 2.94785e-316 2.94785e-316 
2.94684e-316 2.94684e-316 2.94684e-316 2.94684e-316 
2.94785e-316 2.94785e-316 2.94785e-316 2.94785e-316 
3.00582e-316 3.00582e-316 3.00582e-316 
1.77083e-316 1.77083e-316 1.77083e-316 
3.00914e-316 3.00914e-316 3.00914e-316 
2.122e-314 2.122e-314 2.122e-314 
3.00598e-316 3.00598e-316 3.00598e-316 
3.00914e-316 3.00914e-316 3.00914e-316 
3.00598e-316 3.00598e-316 3.00598e-316 
0 0 0 
0 0 0 
0 0 0 0 
4.00193e-322 4.00193e-322 4.00193e-322 4.00193e-322 
6.94301e-310 6.94301e-310 6.94301e-310 6.94301e-310 
6.94301e-310 6.94301e-310 6.94301e-310 6.94301e-310 
6.94301e-310 6.94301e-310 6.94301e-310 6.94301e-310 
2.122e-314 2.122e-314 2.122e-314 2.122e-314 
0 0 0 0 
3.02029e-316 3.02029e-316 3.02029e-316 3.02029e-316 
2.98649e-316 2.98649e-316 2.98649e-316 2.98649e-316 
5.13388e+08 5.13388e+08 5.13388e+08 5.13388e+08 5.13388e+08 
7.15813e+06 7.15813e+06 7.15813e+06 7.15813e+06 7.15813e+06 
2.42092e-322 2.42092e-322 2.42092e-322 2.42092e-322 2.42092e-322 
3.01116e-316 3.01116e-316 3.01116e-316 3.01116e-316 3.01116e-316 
8.99911e+07 8.99911e+07 8.99911e+07 8.99911e+07 8.99911e+07 
3.36026e+10 3.36026e+10 3.36026e+10 3.36026e+10 3.36026e+10 
2.42092e-322 2.42092e-322 2.42092e-322 2.42092e-322 2.42092e-322 
3.0238e-316 3.0238e-316 3.0238e-316 3.0238e-316 3.0238e-316 
3.0202e-316 3.0202e-316 3.0202e-316 3.0202e-316 3.0202e-316 
R=1parameters: 
-0.577786 -0.577786 
0.11183 0.11183 
-0.0325669 -0.0325669 
-3.08679 -3.08679 
1.67483 1.67483 
3.01049e-316 3.01049e-316 
980529 980529 
4.3379e-321 4.3379e-321 
3.00475e-316 3.00475e-316 
3.08791e-321 3.08791e-321 3.08791e-321 
6.94303e-310 6.94303e-310 6.94303e-310 
3.01375e-316 3.01375e-316 3.01375e-316 
0.00948649 0.00948649 0.00948649 
0.0135909 0.0135909 0.0135909 
5.30249 5.30249 5.30249 
1.30508e-18 1.30508e-18 1.30508e-18 
1.14171e-10 1.14171e-10 1.14171e-10 
-3.85558e-20 -3.85558e-20 -3.85558e-20 
-2.76213e-23 -2.76213e-23 -2.76213e-23 -2.76213e-23 
0 0 0 0 
0 0 0 0 
2.61361e-321 2.61361e-321 2.61361e-321 2.61361e-321 
2.79546e-316 2.79546e-316 2.79546e-316 2.79546e-316 
3.01606e-316 3.01606e-316 3.01606e-316 3.01606e-316 
1.58101e-322 1.58101e-322 1.58101e-322 1.58101e-322 
3.95253e-322 3.95253e-322 3.95253e-322 3.95253e-322 
3.01532e-316 3.01532e-316 3.01532e-316 3.01532e-316 
3.02372e-316 3.02372e-316 3.02372e-316 
3.02373e-316 3.02373e-316 3.02373e-316 
3.00823e-316 3.00823e-316 3.00823e-316 
3.02373e-316 3.02373e-316 3.02373e-316 
3.02374e-316 3.02374e-316 3.02374e-316 
16782.1 16782.1 16782.1 
422511 422511 422511 
0 0 0 
2.06025e-321 2.06025e-321 2.06025e-321 
3.01093e-316 3.01093e-316 3.01093e-316 3.01093e-316 
3.02018e-316 3.02018e-316 3.02018e-316 3.02018e-316 
1.58101e-322 1.58101e-322 1.58101e-322 1.58101e-322 
2.37152e-322 2.37152e-322 2.37152e-322 2.37152e-322 
3.02381e-316 3.02381e-316 3.02381e-316 3.02381e-316 
0.633956 0.633956 0.633956 0.633956 
1.67483 1.67483 1.67483 1.67483 
2.42092e-322 2.42092e-322 2.42092e-322 2.42092e-322 
6008.44 6008.44 6008.44 6008.44 
0 0 0 0 0 
0 0 0 0 0 
0 0 0 0 0 
0 0 0 0 0 
4.00193e-322 4.00193e-322 4.00193e-322 4.00193e-322 4.00193e-322 
3.01655e-316 3.01655e-316 3.01655e-316 3.01655e-316 3.01655e-316 
1.63042e-322 1.63042e-322 1.63042e-322 1.63042e-322 1.63042e-322 
3.53937e-05 3.53937e-05 3.53937e-05 3.53937e-05 3.53937e-05 
-1.93297e-05 -1.93297e-05 -1.93297e-05 -1.93297e-05 -1.93297e-05 
R=2parameters: 
-0.486405 -0.486405 
0.1392 0.1392 
-0.0572125 -0.0572125 
9.12455 9.12455 
-34.5295 -34.5295 
3.01049e-316 3.01049e-316 
980529 980529 
4.3379e-321 4.3379e-321 
3.00475e-316 3.00475e-316 
3.08791e-321 3.08791e-321 3.08791e-321 
6.94303e-310 6.94303e-310 6.94303e-310 
3.01375e-316 3.01375e-316 3.01375e-316 
-0.480198 -0.480198 -0.480198 
865.181 865.181 865.181 
2.37152e-322 2.37152e-322 2.37152e-322 
2.37152e-322 2.37152e-322 2.37152e-322 
3.00505e-316 3.00505e-316 3.00505e-316 
0 0 0 
0 0 0 0 
0 0 0 0 
4.74303e-322 4.74303e-322 4.74303e-322 4.74303e-322 
2.37152e-322 2.37152e-322 2.37152e-322 2.37152e-322 
3.02385e-316 3.02385e-316 3.02385e-316 3.02385e-316 
153978 153978 153978 153978 
859576 859576 859576 859576 
5036.64 5036.64 5036.64 5036.64 
7.11455e-322 7.11455e-322 7.11455e-322 7.11455e-322 
3.16202e-322 3.16202e-322 3.16202e-322 
3.01642e-316 3.01642e-316 3.01642e-316 
3.02372e-316 3.02372e-316 3.02372e-316 
2.47033e-323 2.47033e-323 2.47033e-323 
3.02372e-316 3.02372e-316 3.02372e-316 
2.47033e-323 2.47033e-323 2.47033e-323 
3.02373e-316 3.02373e-316 3.02373e-316 
0.000449781 0.000449781 0.000449781 
6.37345e-322 6.37345e-322 6.37345e-322 
3.02373e-316 3.02373e-316 3.02373e-316 3.02373e-316 
3.01655e-316 3.01655e-316 3.01655e-316 3.01655e-316 
1.53535e+08 1.53535e+08 1.53535e+08 1.53535e+08 
1.83943e-08 1.83943e-08 1.83943e-08 1.83943e-08 
-2.71911e-06 -2.71911e-06 -2.71911e-06 -2.71911e-06 
5.65e-07 5.65e-07 5.65e-07 5.65e-07 
-0.000102148 -0.000102148 -0.000102148 -0.000102148 
9.51088e-06 9.51088e-06 9.51088e-06 9.51088e-06 
2.25916e-05 2.25916e-05 2.25916e-05 2.25916e-05 
0.00012207 0.00012207 0.00012207 0.00012207 0.00012207 
0 0 0 0 0 
0 0 0 0 0 
0 0 0 0 0 
0 0 0 0 0 
6.94296e-310 6.94296e-310 6.94296e-310 6.94296e-310 6.94296e-310 
3.07051e-316 3.07051e-316 3.07051e-316 3.07051e-316 3.07051e-316 
0.840415 0.840415 0.840415 0.840415 0.840415 
3.02494e-316 3.02494e-316 3.02494e-316 3.02494e-316 3.02494e-316 
R=3parameters: 
-0.396338 -0.396338 
0.165169 0.165169 
6.25227e-05 6.25227e-05 
0.401019 0.401019 
-0.333935 -0.333935 
3.01049e-316 3.01049e-316 
980529 980529 
4.3379e-321 4.3379e-321 
3.00475e-316 3.00475e-316 
3.08791e-321 3.08791e-321 3.08791e-321 
3.01375e-316 3.01375e-316 3.01375e-316 
6.94303e-310 6.94303e-310 6.94303e-310 
3.0106e-06 3.0106e-06 3.0106e-06 
-3.72299e-05 -3.72299e-05 -3.72299e-05 
-2.69257e-06 -2.69257e-06 -2.69257e-06 
3.51376e-06 3.51376e-06 3.51376e-06 
-0.000613838 -0.000613838 -0.000613838 
-1.28964e-05 -1.28964e-05 -1.28964e-05 
7.78108e-05 7.78108e-05 7.78108e-05 7.78108e-05 
0.00848663 0.00848663 0.00848663 0.00848663 
0.00185331 0.00185331 0.00185331 0.00185331 
3.96871e-05 3.96871e-05 3.96871e-05 3.96871e-05 
-0.000234403 -0.000234403 -0.000234403 -0.000234403 
-0.0254549 -0.0254549 -0.0254549 -0.0254549 
0.0763502 0.0763502 0.0763502 0.0763502 
2.45551e-321 2.45551e-321 2.45551e-321 2.45551e-321 
3.02521e-316 3.02521e-316 3.02521e-316 3.02521e-316 
2.93928e-316 2.93928e-316 2.93928e-316 
1.58101e-322 1.58101e-322 1.58101e-322 
3.95253e-322 3.95253e-322 3.95253e-322 
2.94001e-316 2.94001e-316 2.94001e-316 
3.14333e-316 3.14333e-316 3.14333e-316 
3.01155e-316 3.01155e-316 3.01155e-316 
3.02524e-316 3.02524e-316 3.02524e-316 
3.13889e-316 3.13889e-316 3.13889e-316 
3.02521e-316 3.02521e-316 3.02521e-316 
40.0322 40.0322 40.0322 40.0322 
-2504.51 -2504.51 -2504.51 -2504.51 
3030.94 3030.94 3030.94 3030.94 
1.90215e-321 1.90215e-321 1.90215e-321 1.90215e-321 
2.48995e-316 2.48995e-316 2.48995e-316 2.48995e-316 
2.42092e-322 2.42092e-322 2.42092e-322 2.42092e-322 
0.989712 0.989712 0.989712 0.989712 
2.58434e-276 2.58434e-276 2.58434e-276 2.58434e-276 
0 0 0 0 
0 0 0 0 0 
1.50196e-321 1.50196e-321 1.50196e-321 1.50196e-321 1.50196e-321 
6.32404e-322 6.32404e-322 6.32404e-322 6.32404e-322 6.32404e-322 
3.00628e-316 3.00628e-316 3.00628e-316 3.00628e-316 3.00628e-316 
-1.03585e-05 -1.03585e-05 -1.03585e-05 -1.03585e-05 -1.03585e-05 
8.39367e-06 8.39367e-06 8.39367e-06 8.39367e-06 8.39367e-06 
1.63042e-322 1.63042e-322 1.63042e-322 1.63042e-322 1.63042e-322 
3.01016e-316 3.01016e-316 3.01016e-316 3.01016e-316 3.01016e-316 
2.94308e-316 2.94308e-316 2.94308e-316 2.94308e-316 2.94308e-316 
R=4parameters: 
-0.305854 -0.305854 
0.190984 0.190984 
-0.0384835 -0.0384835 
-6.41146 -6.41146 
10.6181 10.6181 
3.01049e-316 3.01049e-316 
980529 980529 
4.3379e-321 4.3379e-321 
3.00475e-316 3.00475e-316 
3.08791e-321 3.08791e-321 3.08791e-321 
6.94303e-310 6.94303e-310 6.94303e-310 
6.94303e-310 6.94303e-310 6.94303e-310 
387799 387799 387799 
-1.9171e+06 -1.9171e+06 -1.9171e+06 
2.37152e-322 2.37152e-322 2.37152e-322 
3.16202e-322 3.16202e-322 3.16202e-322 
2.98954e-316 2.98954e-316 2.98954e-316 
3.02371e-316 3.02371e-316 3.02371e-316 
-14792.4 -14792.4 -14792.4 -14792.4 
3.02372e-316 3.02372e-316 3.02372e-316 3.02372e-316 
2.47033e-323 2.47033e-323 2.47033e-323 2.47033e-323 
3.02372e-316 3.02372e-316 3.02372e-316 3.02372e-316 
3.23796e-319 3.23796e-319 3.23796e-319 3.23796e-319 
4.79244e-322 4.79244e-322 4.79244e-322 4.79244e-322 
2.95104e-316 2.95104e-316 2.95104e-316 2.95104e-316 
3.01092e-316 3.01092e-316 3.01092e-316 3.01092e-316 
2.43721e+06 2.43721e+06 2.43721e+06 2.43721e+06 
7.09297e+08 7.09297e+08 7.09297e+08 
2.37152e-322 2.37152e-322 2.37152e-322 
2.37152e-322 2.37152e-322 2.37152e-322 
3.01084e-316 3.01084e-316 3.01084e-316 
0.00154935 0.00154935 0.00154935 
0.000362482 0.000362482 0.000362482 
2.25674e-05 2.25674e-05 2.25674e-05 
1.02766e-321 1.02766e-321 1.02766e-321 
6.32404e-322 6.32404e-322 6.32404e-322 
3.00573e-316 3.00573e-316 3.00573e-316 3.00573e-316 
-4.87528e-05 -4.87528e-05 -4.87528e-05 -4.87528e-05 
3.91375e-05 3.91375e-05 3.91375e-05 3.91375e-05 
3.00537e-316 3.00537e-316 3.00537e-316 3.00537e-316 
6737.92 6737.92 6737.92 6737.92 
1.40114e-307 1.40114e-307 1.40114e-307 1.40114e-307 
0 0 0 0 
3.21143e-322 3.21143e-322 3.21143e-322 3.21143e-322 
6.94296e-310 6.94296e-310 6.94296e-310 6.94296e-310 
2.93929e-316 2.93929e-316 2.93929e-316 2.93929e-316 2.93929e-316 
0.912673 0.912673 0.912673 0.912673 0.912673 
2.93929e-316 2.93929e-316 2.93929e-316 2.93929e-316 2.93929e-316 
158521 158521 158521 158521 158521 
2.96592e-316 2.96592e-316 2.96592e-316 2.96592e-316 2.96592e-316 
3.23796e-319 3.23796e-319 3.23796e-319 3.23796e-319 3.23796e-319 
1.63042e-322 1.63042e-322 1.63042e-322 1.63042e-322 1.63042e-322 
6.94301e-310 6.94301e-310 6.94301e-310 6.94301e-310 6.94301e-310 
0 0 0 0 0 
R=5parameters: 
-0.225142 -0.225142 
0.218225 0.218225 
0.000210601 0.000210601 
1.09807 1.09807 
-0.974141 -0.974141 
3.01049e-316 3.01049e-316 
980529 980529 
4.3379e-321 4.3379e-321 
3.00475e-316 3.00475e-316 
3.08791e-321 3.08791e-321 3.08791e-321 
3.02671e-316 3.02671e-316 3.02671e-316 
6.94303e-310 6.94303e-310 6.94303e-310 
2.94904e-06 2.94904e-06 2.94904e-06 
1.1698e-06 1.1698e-06 1.1698e-06 
-9.41744e-08 -9.41744e-08 -9.41744e-08 
3.18482e-09 3.18482e-09 3.18482e-09 
0.00398498 0.00398498 0.00398498 
-0.000291941 -0.000291941 -0.000291941 
8.77904e-06 8.77904e-06 8.77904e-06 8.77904e-06 
0.0318572 0.0318572 0.0318572 0.0318572 
-0.00438279 -0.00438279 -0.00438279 -0.00438279 
0.000315389 0.000315389 0.000315389 0.000315389 
-9.30934e-06 -9.30934e-06 -9.30934e-06 -9.30934e-06 
-0.0355675 -0.0355675 -0.0355675 -0.0355675 
0.0402946 0.0402946 0.0402946 0.0402946 
2.45551e-321 2.45551e-321 2.45551e-321 2.45551e-321 
2.95736e-316 2.95736e-316 2.95736e-316 2.95736e-316 
3.00401e-316 3.00401e-316 3.00401e-316 
3.01376e-316 3.01376e-316 3.01376e-316 
1.63042e-322 1.63042e-322 1.63042e-322 
3.02374e-316 3.02374e-316 3.02374e-316 
3.01376e-316 3.01376e-316 3.01376e-316 
3.16202e-322 3.16202e-322 3.16202e-322 
3.16202e-322 3.16202e-322 3.16202e-322 
3.02381e-316 3.02381e-316 3.02381e-316 
3.00404e-316 3.00404e-316 3.00404e-316 
2.47033e-323 2.47033e-323 2.47033e-323 2.47033e-323 
3.01376e-316 3.01376e-316 3.01376e-316 3.01376e-316 
1507.93 1507.93 1507.93 1507.93 
2.98859e-316 2.98859e-316 2.98859e-316 2.98859e-316 
1.58073 1.58073 1.58073 1.58073 
1.11165e-321 1.11165e-321 1.11165e-321 1.11165e-321 
0 0 0 0 
0 0 0 0 
1.67772e+07 1.67772e+07 1.67772e+07 1.67772e+07 
1.63042e-322 1.63042e-322 1.63042e-322 1.63042e-322 1.63042e-322 
2.98654e-316 2.98654e-316 2.98654e-316 2.98654e-316 2.98654e-316 
3.02515e-316 3.02515e-316 3.02515e-316 3.02515e-316 3.02515e-316 
2.95736e-316 2.95736e-316 2.95736e-316 2.95736e-316 2.95736e-316 
1.63042e-322 1.63042e-322 1.63042e-322 1.63042e-322 1.63042e-322 
3.00538e-316 3.00538e-316 3.00538e-316 3.00538e-316 3.00538e-316 
65505.4 65505.4 65505.4 65505.4 65505.4 
329349 329349 329349 329349 329349 
7.15224e+06 7.15224e+06 7.15224e+06 7.15224e+06 7.15224e+06 
R=6parameters: 
-0.158208 -0.158208 
0.247552 0.247552 
0.590566 0.590566 
2.3528 2.3528 
-15.8733 -15.8733 
3.01049e-316 3.01049e-316 
980529 980529 
4.3379e-321 4.3379e-321 
3.00475e-316 3.00475e-316 
3.08791e-321 3.08791e-321 3.08791e-321 
3.01375e-316 3.01375e-316 3.01375e-316 
6.94303e-310 6.94303e-310 6.94303e-310 
3.02673e-316 3.02673e-316 3.02673e-316 
3.02674e-316 3.02674e-316 3.02674e-316 
3.02673e-316 3.02673e-316 3.02673e-316 
3.02674e-316 3.02674e-316 3.02674e-316 
3045.12 3045.12 3045.12 
-5419.45 -5419.45 -5419.45 
0 0 0 0 
1.8231e-321 1.8231e-321 1.8231e-321 1.8231e-321 
3.02515e-316 3.02515e-316 3.02515e-316 3.02515e-316 
3.00401e-316 3.00401e-316 3.00401e-316 3.00401e-316 
1.58101e-322 1.58101e-322 1.58101e-322 1.58101e-322 
2.37152e-322 2.37152e-322 2.37152e-322 2.37152e-322 
280291 280291 280291 280291 
0.00132128 0.00132128 0.00132128 0.00132128 
1 1 1 1 
816.918 816.918 816.918 
7.90505e-322 7.90505e-322 7.90505e-322 
2.37152e-322 2.37152e-322 2.37152e-322 
1.15523 1.15523 1.15523 
3.01607e-316 3.01607e-316 3.01607e-316 
0 0 0 
-1.37768 -1.37768 -1.37768 
0 0 0 
6.37345e-322 6.37345e-322 6.37345e-322 
3.14795e-316 3.14795e-316 3.14795e-316 3.14795e-316 
6.94303e-310 6.94303e-310 6.94303e-310 6.94303e-310 
4.44206e-06 4.44206e-06 4.44206e-06 4.44206e-06 
2.42092e-322 2.42092e-322 2.42092e-322 2.42092e-322 
3.02381e-316 3.02381e-316 3.02381e-316 3.02381e-316 
0.44847 0.44847 0.44847 0.44847 
-0.0138991 -0.0138991 -0.0138991 -0.0138991 
-0.782653 -0.782653 -0.782653 -0.782653 
-5.44695e-07 -5.44695e-07 -5.44695e-07 -5.44695e-07 
5.13447e-07 5.13447e-07 5.13447e-07 5.13447e-07 5.13447e-07 
3.0174e-07 3.0174e-07 3.0174e-07 3.0174e-07 3.0174e-07 
1.45428e-08 1.45428e-08 1.45428e-08 1.45428e-08 1.45428e-08 
-1.98514e-08 -1.98514e-08 -1.98514e-08 -1.98514e-08 -1.98514e-08 
3.02373e-316 3.02373e-316 3.02373e-316 3.02373e-316 3.02373e-316 
2.94334e-316 2.94334e-316 2.94334e-316 2.94334e-316 2.94334e-316 
2.9393e-316 2.9393e-316 2.9393e-316 2.9393e-316 2.9393e-316 
3.00477e-316 3.00477e-316 3.00477e-316 3.00477e-316 3.00477e-316 
3.01166e-316 3.01166e-316 3.01166e-316 3.01166e-316 3.01166e-316 
R=7parameters: 
-0.112003 -0.112003 
0.27982 0.27982 
0.00047277 0.00047277 
2.42766 2.42766 
-2.23171 -2.23171 
3.01049e-316 3.01049e-316 
980529 980529 
4.3379e-321 4.3379e-321 
3.00475e-316 3.00475e-316 
3.08791e-321 3.08791e-321 3.08791e-321 
3.02671e-316 3.02671e-316 3.02671e-316 
6.94303e-310 6.94303e-310 6.94303e-310 
61.7422 61.7422 61.7422 
-0.142302 -0.142302 -0.142302 
0.0544977 0.0544977 0.0544977 
4.00193e-322 4.00193e-322 4.00193e-322 
3.00808e-316 3.00808e-316 3.00808e-316 
2.94307e-316 2.94307e-316 2.94307e-316 
1381.44 1381.44 1381.44 1381.44 
-63.5776 -63.5776 -63.5776 -63.5776 
-20.811 -20.811 -20.811 -20.811 
1.63042e-322 1.63042e-322 1.63042e-322 1.63042e-322 
3.00576e-316 3.00576e-316 3.00576e-316 3.00576e-316 
3.02608e-316 3.02608e-316 3.02608e-316 3.02608e-316 
6.32404e-322 6.32404e-322 6.32404e-322 6.32404e-322 
3.02372e-316 3.02372e-316 3.02372e-316 3.02372e-316 
56149.1 56149.1 56149.1 56149.1 
3.02097e-316 3.02097e-316 3.02097e-316 
3.17004e-05 3.17004e-05 3.17004e-05 
6.37345e-322 6.37345e-322 6.37345e-322 
3.02407e-316 3.02407e-316 3.02407e-316 
3.02674e-316 3.02674e-316 3.02674e-316 
0 0 0 
0 0 0 
2.37152e-322 2.37152e-322 2.37152e-322 
2.37152e-322 2.37152e-322 2.37152e-322 
3.01446e-316 3.01446e-316 3.01446e-316 3.01446e-316 
3.02373e-316 3.02373e-316 3.02373e-316 3.02373e-316 
0.125 0.125 0.125 0.125 
3.02373e-316 3.02373e-316 3.02373e-316 3.02373e-316 
101.665 101.665 101.665 101.665 
4.79244e-322 4.79244e-322 4.79244e-322 4.79244e-322 
3.00563e-316 3.00563e-316 3.00563e-316 3.00563e-316 
3.02673e-316 3.02673e-316 3.02673e-316 3.02673e-316 
-2.26877e-05 -2.26877e-05 -2.26877e-05 -2.26877e-05 
2.21164e-05 2.21164e-05 2.21164e-05 2.21164e-05 2.21164e-05 
7.81861e-05 7.81861e-05 7.81861e-05 7.81861e-05 7.81861e-05 
6.98788e-06 6.98788e-06 6.98788e-06 6.98788e-06 6.98788e-06 
-6.79723e-06 -6.79723e-06 -6.79723e-06 -6.79723e-06 -6.79723e-06 
8.74204e-06 8.74204e-06 8.74204e-06 8.74204e-06 8.74204e-06 
-3.95855e-06 -3.95855e-06 -3.95855e-06 -3.95855e-06 -3.95855e-06 
3.47699e-07 3.47699e-07 3.47699e-07 3.47699e-07 3.47699e-07 
6.94301e-310 6.94301e-310 6.94301e-310 6.94301e-310 6.94301e-310 
0 0 0 0 0 
R=8parameters: 
-0.0865142 -0.0865142 
0.31235 0.31235 
0.380218 0.380218 
2.30587 2.30587 
-15.5735 -15.5735 
3.01049e-316 3.01049e-316 
980529 980529 
4.3379e-321 4.3379e-321 
3.00475e-316 3.00475e-316 
3.08791e-321 3.08791e-321 3.08791e-321 
3.01375e-316 3.01375e-316 3.01375e-316 
3.02671e-316 3.02671e-316 3.02671e-316 
618611 618611 618611 
15475.8 15475.8 15475.8 
2.37152e-322 2.37152e-322 2.37152e-322 
3.16202e-322 3.16202e-322 3.16202e-322 
3.02247e-316 3.02247e-316 3.02247e-316 
3.02371e-316 3.02371e-316 3.02371e-316 
178373 178373 178373 178373 
3.02372e-316 3.02372e-316 3.02372e-316 3.02372e-316 
2.47033e-323 2.47033e-323 2.47033e-323 2.47033e-323 
3.02372e-316 3.02372e-316 3.02372e-316 3.02372e-316 
2.48995e-316 2.48995e-316 2.48995e-316 2.48995e-316 
4.79244e-322 4.79244e-322 4.79244e-322 4.79244e-322 
3.00537e-316 3.00537e-316 3.00537e-316 3.00537e-316 
3.02097e-316 3.02097e-316 3.02097e-316 3.02097e-316 
-8.93358e+06 -8.93358e+06 -8.93358e+06 -8.93358e+06 
1.63042e-322 1.63042e-322 1.63042e-322 
6.94301e-310 6.94301e-310 6.94301e-310 
0 0 0 
1.58101e-322 1.58101e-322 1.58101e-322 
2.37152e-322 2.37152e-322 2.37152e-322 
3.02243e-316 3.02243e-316 3.02243e-316 
-1360.7 -1360.7 -1360.7 
125.462 125.462 125.462 
0 0 0 
0 0 0 0 
1.9812e-321 1.9812e-321 1.9812e-321 1.9812e-321 
6.94303e-310 6.94303e-310 6.94303e-310 6.94303e-310 
3.21143e-322 3.21143e-322 3.21143e-322 3.21143e-322 
2.47033e-323 2.47033e-323 2.47033e-323 2.47033e-323 
3.00895e-316 3.00895e-316 3.00895e-316 3.00895e-316 
2.47033e-323 2.47033e-323 2.47033e-323 2.47033e-323 
2.122e-314 2.122e-314 2.122e-314 2.122e-314 
2.95102e-316 2.95102e-316 2.95102e-316 2.95102e-316 
2.42092e-322 2.42092e-322 2.42092e-322 2.42092e-322 2.42092e-322 
3.00608e-316 3.00608e-316 3.00608e-316 3.00608e-316 3.00608e-316 
0 0 0 0 0 
0.00200655 0.00200655 0.00200655 0.00200655 0.00200655 
0.000193192 0.000193192 0.000193192 0.000193192 0.000193192 
3.00539e-316 3.00539e-316 3.00539e-316 3.00539e-316 3.00539e-316 
4.00193e-322 4.00193e-322 4.00193e-322 4.00193e-322 4.00193e-322 
2.48995e-316 2.48995e-316 2.48995e-316 2.48995e-316 2.48995e-316 
4.94066e-324 4.94066e-324 4.94066e-324 4.94066e-324 4.94066e-324 
R=9parameters: 
-0.0723977 -0.0723977 
0.340717 0.340717 
0.000405414 0.000405414 
3.39841 3.39841 
-3.10978 -3.10978 
3.01049e-316 3.01049e-316 
980529 980529 
4.3379e-321 4.3379e-321 
3.00475e-316 3.00475e-316 
3.08791e-321 3.08791e-321 3.08791e-321 
3.01375e-316 3.01375e-316 3.01375e-316 
6.94303e-310 6.94303e-310 6.94303e-310 
1.58101e-322 1.58101e-322 1.58101e-322 
6.32404e-322 6.32404e-322 6.32404e-322 
2.98664e-316 2.98664e-316 2.98664e-316 
7.09767e-06 7.09767e-06 7.09767e-06 
3.98472e-06 3.98472e-06 3.98472e-06 
-7.40816e-06 -7.40816e-06 -7.40816e-06 
-1.80539e-06 -1.80539e-06 -1.80539e-06 -1.80539e-06 
1.47552e-06 1.47552e-06 1.47552e-06 1.47552e-06 
-0.000535785 -0.000535785 -0.000535785 -0.000535785 
-0.000114382 -0.000114382 -0.000114382 -0.000114382 
0.000101105 0.000101105 0.000101105 0.000101105 
0.00719476 0.00719476 0.00719476 0.00719476 
0.00169277 0.00169277 0.00169277 0.00169277 
0.000351994 0.000351994 0.000351994 0.000351994 
-0.000311394 -0.000311394 -0.000311394 -0.000311394 
-0.0221175 -0.0221175 -0.0221175 
0.0681101 0.0681101 0.0681101 
2.29741e-321 2.29741e-321 2.29741e-321 
2.79546e-316 2.79546e-316 2.79546e-316 
2.98653e-316 2.98653e-316 2.98653e-316 
1.58101e-322 1.58101e-322 1.58101e-322 
3.95253e-322 3.95253e-322 3.95253e-322 
2.98666e-316 2.98666e-316 2.98666e-316 
3.01606e-316 3.01606e-316 3.01606e-316 
3.01607e-316 3.01607e-316 3.01607e-316 3.01607e-316 
3.02372e-316 3.02372e-316 3.02372e-316 3.02372e-316 
3.01607e-316 3.01607e-316 3.01607e-316 3.01607e-316 
4.00193e-322 4.00193e-322 4.00193e-322 4.00193e-322 
3.00566e-316 3.00566e-316 3.00566e-316 3.00566e-316 
2.94307e-316 2.94307e-316 2.94307e-316 2.94307e-316 
2.94429e-316 2.94429e-316 2.94429e-316 2.94429e-316 
2.9615e-316 2.9615e-316 2.9615e-316 2.9615e-316 
3.13908e-316 3.13908e-316 3.13908e-316 3.13908e-316 
2.98653e-316 2.98653e-316 2.98653e-316 2.98653e-316 2.98653e-316 
0.999203 0.999203 0.999203 0.999203 0.999203 
-1840.24 -1840.24 -1840.24 -1840.24 -1840.24 
1201.29 1201.29 1201.29 1201.29 1201.29 
1.1907e-321 1.1907e-321 1.1907e-321 1.1907e-321 1.1907e-321 
3.00621e-316 3.00621e-316 3.00621e-316 3.00621e-316 3.00621e-316 
4364.27 4364.27 4364.27 4364.27 4364.27 
272526 272526 272526 272526 272526 
0.344183 0.344183 0.344183 0.344183 0.344183 
R=10parameters: 
-0.0640062 -0.0640062 
0.359276 0.359276 
0.00090336 0.00090336 
4.49397 4.49397 
-4.17543 -4.17543 
3.01049e-316 3.01049e-316 
980529 980529 
4.3379e-321 4.3379e-321 
3.00475e-316 3.00475e-316 
3.08791e-321 3.08791e-321 3.08791e-321 
3.01375e-316 3.01375e-316 3.01375e-316 
6.94303e-310 6.94303e-310 6.94303e-310 
2.97249e-316 2.97249e-316 2.97249e-316 
2.94973e-316 2.94973e-316 2.94973e-316 
2.95793e-316 2.95793e-316 2.95793e-316 
3.00268e-316 3.00268e-316 3.00268e-316 
8940.3 8940.3 8940.3 
-1416.36 -1416.36 -1416.36 
1015.29 1015.29 1015.29 1015.29 
2.69266e-321 2.69266e-321 2.69266e-321 2.69266e-321 
3.02407e-316 3.02407e-316 3.02407e-316 3.02407e-316 
3.02608e-316 3.02608e-316 3.02608e-316 3.02608e-316 
-0.000503039 -0.000503039 -0.000503039 -0.000503039 
2.42092e-322 2.42092e-322 2.42092e-322 2.42092e-322 
8.60529e-05 8.60529e-05 8.60529e-05 8.60529e-05 
2.95101e-316 2.95101e-316 2.95101e-316 2.95101e-316 
27.8554 27.8554 27.8554 27.8554 
-2.0129 -2.0129 -2.0129 
0 0 0 
2.42092e-322 2.42092e-322 2.42092e-322 
1.061e-313 1.061e-313 1.061e-313 
2.58434e-276 2.58434e-276 2.58434e-276 
0.000170476 0.000170476 0.000170476 
-2.0129 -2.0129 -2.0129 
0 0 0 
2.06025e-321 2.06025e-321 2.06025e-321 
2.92927e-316 2.92927e-316 2.92927e-316 2.92927e-316 
3.0109e-316 3.0109e-316 3.0109e-316 3.0109e-316 
20.9385 20.9385 20.9385 20.9385 
0 0 0 0 
2.37152e-322 2.37152e-322 2.37152e-322 2.37152e-322 
3.16202e-322 3.16202e-322 3.16202e-322 3.16202e-322 
6.94301e-310 6.94301e-310 6.94301e-310 6.94301e-310 
-17256 -17256 -17256 -17256 
-4.17543 -4.17543 -4.17543 -4.17543 
3.21143e-322 3.21143e-322 3.21143e-322 3.21143e-322 3.21143e-322 
3.00614e-316 3.00614e-316 3.00614e-316 3.00614e-316 3.00614e-316 
2.94675e-316 2.94675e-316 2.94675e-316 2.94675e-316 2.94675e-316 
0.000991118 0.000991118 0.000991118 0.000991118 0.000991118 
0.000482263 0.000482263 0.000482263 0.000482263 0.000482263 
0.000965565 0.000965565 0.000965565 0.000965565 0.000965565 
3.02097e-316 3.02097e-316 3.02097e-316 3.02097e-316 3.02097e-316 
3.00404e-316 3.00404e-316 3.00404e-316 3.00404e-316 3.00404e-316 
1.63042e-322 1.63042e-322 1.63042e-322 1.63042e-322 1.63042e-322 
R=11parameters: 
-0.061033 -0.061033 
0.366097 0.366097 
0.809731 0.809731 
0.504252 0.504252 
-9.46558 -9.46558 
3.01049e-316 3.01049e-316 
980529 980529 
4.3379e-321 4.3379e-321 
3.00475e-316 3.00475e-316 
3.08791e-321 3.08791e-321 3.08791e-321 
3.01375e-316 3.01375e-316 3.01375e-316 
6.94303e-310 6.94303e-310 6.94303e-310 
0.176462 0.176462 0.176462 
3.02372e-316 3.02372e-316 3.02372e-316 
1578.24 1578.24 1578.24 
3.02372e-316 3.02372e-316 3.02372e-316 
2.48995e-316 2.48995e-316 2.48995e-316 
6.37345e-322 6.37345e-322 6.37345e-322 
3.01377e-316 3.01377e-316 3.01377e-316 3.01377e-316 
3.00576e-316 3.00576e-316 3.00576e-316 3.00576e-316 
1.1615e+08 1.1615e+08 1.1615e+08 1.1615e+08 
64.9461 64.9461 64.9461 64.9461 
2.37152e-322 2.37152e-322 2.37152e-322 2.37152e-322 
898.765 898.765 898.765 898.765 
0 0 0 0 
1987.54 1987.54 1987.54 1987.54 
0 0 0 0 
3.21143e-322 3.21143e-322 3.21143e-322 
1.89781e-316 1.89781e-316 1.89781e-316 
6.94303e-310 6.94303e-310 6.94303e-310 
2.47033e-323 2.47033e-323 2.47033e-323 
2.93927e-316 2.93927e-316 2.93927e-316 
1453.68 1453.68 1453.68 
2.94973e-316 2.94973e-316 2.94973e-316 
2.48995e-316 2.48995e-316 2.48995e-316 
4.79244e-322 4.79244e-322 4.79244e-322 
2.95824e-316 2.95824e-316 2.95824e-316 2.95824e-316 
3.01425e-316 3.01425e-316 3.01425e-316 3.01425e-316 
-1.36548 -1.36548 -1.36548 -1.36548 
2.83365 2.83365 2.83365 2.83365 
1353.88 1353.88 1353.88 1353.88 
1.80828e-321 1.80828e-321 1.80828e-321 1.80828e-321 
3.01398e-316 3.01398e-316 3.01398e-316 3.01398e-316 
2.19354e-06 2.19354e-06 2.19354e-06 2.19354e-06 
9.03738e-05 9.03738e-05 9.03738e-05 9.03738e-05 
-0.0931021 -0.0931021 -0.0931021 -0.0931021 -0.0931021 
2.98823e-316 2.98823e-316 2.98823e-316 2.98823e-316 2.98823e-316 
0.783966 0.783966 0.783966 0.783966 0.783966 
0 0 0 0 0 
1.54615e-07 1.54615e-07 1.54615e-07 1.54615e-07 1.54615e-07 
1.35002e-05 1.35002e-05 1.35002e-05 1.35002e-05 1.35002e-05 
0.204878 0.204878 0.204878 0.204878 0.204878 
0.0432981 0.0432981 0.0432981 0.0432981 0.0432981 
1.63042e-322 1.63042e-322 1.63042e-322 1.63042e-322 1.63042e-322 
T Models:
(* Fitting with shape 1 1 1 1 1 1 1 1 1 1 0 0 *)
G[T_,xx_]:=Exp[0+xx[[1]]*T^1+xx[[2]]*T^2]*(1)
(* Fitting with shape 1 1 1 1 1 1 1 1 1 1 1 0 *)
G[T_,xx_]:=Exp[0+xx[[1]]*T^1+xx[[2]]*T^2]*(1)
(* Fitting with shape 1 1 1 1 1 1 1 1 1 1 1 1 *)
G[T_,xx_]:=Exp[0+xx[[1]]*T^1+xx[[2]]*T^2]*(1)
(* Fitting with shape 0 1 1 1 1 1 1 1 1 1 0 0 *)
G[T_,xx_]:=Exp[0+xx[[1]]*T^1+xx[[2]]*T^2]*(1)
(* Fitting with shape 0 1 1 1 1 1 1 1 1 1 1 0 *)
G[T_,xx_]:=Exp[0+xx[[1]]*T^1+xx[[2]]*T^2]*(1)
(* Fitting with shape 0 1 1 1 1 1 1 1 1 1 1 1 *)
G[T_,xx_]:=Exp[0+xx[[1]]*T^1+xx[[2]]*T^2]*(1)
(* Fitting with shape 0 0 1 1 1 1 1 1 1 1 0 0 *)
G[T_,xx_]:=Exp[0+xx[[1]]*T^1+xx[[2]]*T^2]*(1)
(* Fitting with shape 0 0 1 1 1 1 1 1 1 1 1 0 *)
G[T_,xx_]:=Exp[0+xx[[1]]*T^1+xx[[2]]*T^2]*(1)
(* Fitting with shape 0 0 1 1 1 1 1 1 1 1 1 1 *)
G[T_,xx_]:=Exp[0+xx[[1]]*T^1+xx[[2]]*T^2]*(1)
(* Fitting with shape 1 1 1 1 1 1 1 1 1 1 0 0 *)
G[T_,xx_]:=Exp[0+xx[[1]]*T^1+xx[[2]]*T^2]*(1+xx[[3]]/(T^1))
(* Fitting with shape 1 1 1 1 1 1 1 1 1 1 1 0 *)
G[T_,xx_]:=Exp[0+xx[[1]]*T^1+xx[[2]]*T^2]*(1+xx[[3]]/(T^1))
(* Fitting with shape 1 1 1 1 1 1 1 1 1 1 1 1 *)
G[T_,xx_]:=Exp[0+xx[[1]]*T^1+xx[[2]]*T^2]*(1+xx[[3]]/(T^1))
(* Fitting with shape 0 1 1 1 1 1 1 1 1 1 0 0 *)
G[T_,xx_]:=Exp[0+xx[[1]]*T^1+xx[[2]]*T^2]*(1+xx[[3]]/(T^1))
(* Fitting with shape 0 1 1 1 1 1 1 1 1 1 1 0 *)
G[T_,xx_]:=Exp[0+xx[[1]]*T^1+xx[[2]]*T^2]*(1+xx[[3]]/(T^1))
(* Fitting with shape 0 1 1 1 1 1 1 1 1 1 1 1 *)
G[T_,xx_]:=Exp[0+xx[[1]]*T^1+xx[[2]]*T^2]*(1+xx[[3]]/(T^1))
(* Fitting with shape 0 0 1 1 1 1 1 1 1 1 0 0 *)
G[T_,xx_]:=Exp[0+xx[[1]]*T^1+xx[[2]]*T^2]*(1+xx[[3]]/(T^1))
(* Fitting with shape 0 0 1 1 1 1 1 1 1 1 1 0 *)
G[T_,xx_]:=Exp[0+xx[[1]]*T^1+xx[[2]]*T^2]*(1+xx[[3]]/(T^1))
(* Fitting with shape 0 0 1 1 1 1 1 1 1 1 1 1 *)
G[T_,xx_]:=Exp[0+xx[[1]]*T^1+xx[[2]]*T^2]*(1+xx[[3]]/(T^1))
(* Fitting with shape 1 1 1 1 1 1 1 1 1 1 0 0 *)
G[T_,xx_]:=Exp[0+xx[[1]]*T^1+xx[[2]]*T^2]*(1+xx[[3]]/(T^1)+xx[[4]]/(T^2))
(* Fitting with shape 1 1 1 1 1 1 1 1 1 1 1 0 *)
G[T_,xx_]:=Exp[0+xx[[1]]*T^1+xx[[2]]*T^2]*(1+xx[[3]]/(T^1)+xx[[4]]/(T^2))
(* Fitting with shape 1 1 1 1 1 1 1 1 1 1 1 1 *)
G[T_,xx_]:=Exp[0+xx[[1]]*T^1+xx[[2]]*T^2]*(1+xx[[3]]/(T^1)+xx[[4]]/(T^2))
(* Fitting with shape 0 1 1 1 1 1 1 1 1 1 0 0 *)
G[T_,xx_]:=Exp[0+xx[[1]]*T^1+xx[[2]]*T^2]*(1+xx[[3]]/(T^1)+xx[[4]]/(T^2))
(* Fitting with shape 0 1 1 1 1 1 1 1 1 1 1 0 *)
G[T_,xx_]:=Exp[0+xx[[1]]*T^1+xx[[2]]*T^2]*(1+xx[[3]]/(T^1)+xx[[4]]/(T^2))
(* Fitting with shape 0 1 1 1 1 1 1 1 1 1 1 1 *)
G[T_,xx_]:=Exp[0+xx[[1]]*T^1+xx[[2]]*T^2]*(1+xx[[3]]/(T^1)+xx[[4]]/(T^2))
(* Fitting with shape 0 0 1 1 1 1 1 1 1 1 0 0 *)
G[T_,xx_]:=Exp[0+xx[[1]]*T^1+xx[[2]]*T^2]*(1+xx[[3]]/(T^1)+xx[[4]]/(T^2))
(* Fitting with shape 0 0 1 1 1 1 1 1 1 1 1 0 *)
G[T_,xx_]:=Exp[0+xx[[1]]*T^1+xx[[2]]*T^2]*(1+xx[[3]]/(T^1)+xx[[4]]/(T^2))
(* Fitting with shape 0 0 1 1 1 1 1 1 1 1 1 1 *)
G[T_,xx_]:=Exp[0+xx[[1]]*T^1+xx[[2]]*T^2]*(1+xx[[3]]/(T^1)+xx[[4]]/(T^2))
(* Fitting with shape 1 1 1 1 1 1 1 1 1 1 0 0 *)
G[T_,xx_]:=Exp[0+xx[[1]]*T^1+xx[[2]]*T^2+xx[[3]]*T^3]*(1)
(* Fitting with shape 1 1 1 1 1 1 1 1 1 1 1 0 *)
G[T_,xx_]:=Exp[0+xx[[1]]*T^1+xx[[2]]*T^2+xx[[3]]*T^3]*(1)
(* Fitting with shape 1 1 1 1 1 1 1 1 1 1 1 1 *)
G[T_,xx_]:=Exp[0+xx[[1]]*T^1+xx[[2]]*T^2+xx[[3]]*T^3]*(1)
(* Fitting with shape 0 1 1 1 1 1 1 1 1 1 0 0 *)
G[T_,xx_]:=Exp[0+xx[[1]]*T^1+xx[[2]]*T^2+xx[[3]]*T^3]*(1)
(* Fitting with shape 0 1 1 1 1 1 1 1 1 1 1 0 *)
G[T_,xx_]:=Exp[0+xx[[1]]*T^1+xx[[2]]*T^2+xx[[3]]*T^3]*(1)
(* Fitting with shape 0 1 1 1 1 1 1 1 1 1 1 1 *)
G[T_,xx_]:=Exp[0+xx[[1]]*T^1+xx[[2]]*T^2+xx[[3]]*T^3]*(1)
(* Fitting with shape 0 0 1 1 1 1 1 1 1 1 0 0 *)
G[T_,xx_]:=Exp[0+xx[[1]]*T^1+xx[[2]]*T^2+xx[[3]]*T^3]*(1)
(* Fitting with shape 0 0 1 1 1 1 1 1 1 1 1 0 *)
G[T_,xx_]:=Exp[0+xx[[1]]*T^1+xx[[2]]*T^2+xx[[3]]*T^3]*(1)
(* Fitting with shape 0 0 1 1 1 1 1 1 1 1 1 1 *)
G[T_,xx_]:=Exp[0+xx[[1]]*T^1+xx[[2]]*T^2+xx[[3]]*T^3]*(1)
(* Fitting with shape 1 1 1 1 1 1 1 1 1 1 0 0 *)
G[T_,xx_]:=Exp[0+xx[[1]]*T^1+xx[[2]]*T^2+xx[[3]]*T^3]*(1+xx[[4]]/(T^1))
(* Fitting with shape 1 1 1 1 1 1 1 1 1 1 1 0 *)
G[T_,xx_]:=Exp[0+xx[[1]]*T^1+xx[[2]]*T^2+xx[[3]]*T^3]*(1+xx[[4]]/(T^1))
(* Fitting with shape 1 1 1 1 1 1 1 1 1 1 1 1 *)
G[T_,xx_]:=Exp[0+xx[[1]]*T^1+xx[[2]]*T^2+xx[[3]]*T^3]*(1+xx[[4]]/(T^1))
(* Fitting with shape 0 1 1 1 1 1 1 1 1 1 0 0 *)
G[T_,xx_]:=Exp[0+xx[[1]]*T^1+xx[[2]]*T^2+xx[[3]]*T^3]*(1+xx[[4]]/(T^1))
(* Fitting with shape 0 1 1 1 1 1 1 1 1 1 1 0 *)
G[T_,xx_]:=Exp[0+xx[[1]]*T^1+xx[[2]]*T^2+xx[[3]]*T^3]*(1+xx[[4]]/(T^1))
(* Fitting with shape 0 1 1 1 1 1 1 1 1 1 1 1 *)
G[T_,xx_]:=Exp[0+xx[[1]]*T^1+xx[[2]]*T^2+xx[[3]]*T^3]*(1+xx[[4]]/(T^1))
(* Fitting with shape 0 0 1 1 1 1 1 1 1 1 0 0 *)
G[T_,xx_]:=Exp[0+xx[[1]]*T^1+xx[[2]]*T^2+xx[[3]]*T^3]*(1+xx[[4]]/(T^1))
(* Fitting with shape 0 0 1 1 1 1 1 1 1 1 1 0 *)
G[T_,xx_]:=Exp[0+xx[[1]]*T^1+xx[[2]]*T^2+xx[[3]]*T^3]*(1+xx[[4]]/(T^1))
(* Fitting with shape 0 0 1 1 1 1 1 1 1 1 1 1 *)
G[T_,xx_]:=Exp[0+xx[[1]]*T^1+xx[[2]]*T^2+xx[[3]]*T^3]*(1+xx[[4]]/(T^1))
(* Fitting with shape 1 1 1 1 1 1 1 1 1 1 0 0 *)
G[T_,xx_]:=Exp[0+xx[[1]]*T^1+xx[[2]]*T^2+xx[[3]]*T^3]*(1+xx[[4]]/(T^1)+xx[[5]]/(T^2))
(* Fitting with shape 1 1 1 1 1 1 1 1 1 1 1 0 *)
G[T_,xx_]:=Exp[0+xx[[1]]*T^1+xx[[2]]*T^2+xx[[3]]*T^3]*(1+xx[[4]]/(T^1)+xx[[5]]/(T^2))
(* Fitting with shape 1 1 1 1 1 1 1 1 1 1 1 1 *)
G[T_,xx_]:=Exp[0+xx[[1]]*T^1+xx[[2]]*T^2+xx[[3]]*T^3]*(1+xx[[4]]/(T^1)+xx[[5]]/(T^2))
(* Fitting with shape 0 1 1 1 1 1 1 1 1 1 0 0 *)
G[T_,xx_]:=Exp[0+xx[[1]]*T^1+xx[[2]]*T^2+xx[[3]]*T^3]*(1+xx[[4]]/(T^1)+xx[[5]]/(T^2))
(* Fitting with shape 0 1 1 1 1 1 1 1 1 1 1 0 *)
G[T_,xx_]:=Exp[0+xx[[1]]*T^1+xx[[2]]*T^2+xx[[3]]*T^3]*(1+xx[[4]]/(T^1)+xx[[5]]/(T^2))
(* Fitting with shape 0 1 1 1 1 1 1 1 1 1 1 1 *)
G[T_,xx_]:=Exp[0+xx[[1]]*T^1+xx[[2]]*T^2+xx[[3]]*T^3]*(1+xx[[4]]/(T^1)+xx[[5]]/(T^2))
(* Fitting with shape 0 0 1 1 1 1 1 1 1 1 0 0 *)
G[T_,xx_]:=Exp[0+xx[[1]]*T^1+xx[[2]]*T^2+xx[[3]]*T^3]*(1+xx[[4]]/(T^1)+xx[[5]]/(T^2))
(* Fitting with shape 0 0 1 1 1 1 1 1 1 1 1 0 *)
G[T_,xx_]:=Exp[0+xx[[1]]*T^1+xx[[2]]*T^2+xx[[3]]*T^3]*(1+xx[[4]]/(T^1)+xx[[5]]/(T^2))
(* Fitting with shape 0 0 1 1 1 1 1 1 1 1 1 1 *)
G[T_,xx_]:=Exp[0+xx[[1]]*T^1+xx[[2]]*T^2+xx[[3]]*T^3]*(1+xx[[4]]/(T^1)+xx[[5]]/(T^2))
Probabilities: 
         0          0          0          0          0          0          0          0          0          0          0          0          0          0          0          0          0          0          0          0          0          0          0          0   0.718696          0          0          0          0          0          0          0          0          0          0          0          0          0          0          0          0          0          0          0          0          0          0          0          0          0          0   0.281304          0          0
         0          0          0          0          0          0          0          0          0          0          0          0          0          0          0          0          0          0          0          0          0          0          0          0   0.461997          0          0          0          0          0          0          0          0          0          0          0          0          0          0          0          0          0          0          0          0          0          0          0          0          0          0   0.538003          0          0
         0          0          0          0          0          0          0          0          0          0          0          0          0          0          0          0          0          0          0          0          0          0          0          0          1          0          0          0          0          0          0          0          0          0          0          0          0          0          0          0          0          0          0          0          0          0          0          0          0          0          0          0          0          0
         0          0          0          0          0          0          0          0          0          0          0          0          0          0          0          0          0          0          0          0          0          0          0          0          0          0          0          0          0          0          0          0          0          0          0          0          0          0          0          0          0          0          0          0          0          0          0          0          0          0          0          1          0          0
         0          0          0          0          0          0          0          0          0          0          0          0          0          0          0          0          0          0          0          0          0          0          0          0   0.986132          0          0          0          0          0          0          0          0          0          0          0          0          0          0          0          0          0   0.013868          0          0          0          0          0          0          0          0          0          0          0
         0          0          0          0          0          0          0          0          0          0          0          0          0          0          0          0          0          0          0          0          0          0          0          0          0          0          0          0          0          0          0          0          0          0          0          0          0          0          0          0          0          0          0          0          0          0          0          0          0          0          0          1          0          0
         0          0          0          0          0          0          0          0          0          0          0          0          0          0          0          0          0          0          0          0          0          0          0          0          1          0          0          0          0          0          0          0          0          0          0          0          0          0          0          0          0          0          0          0          0          0          0          0          0          0          0          0          0          0
         0          0          0          0          0          0          0          0          0          0          0          0          0          0          0          0          0          0          0          0          0          0          0          0          1          0          0          0          0          0          0          0          0          0          0          0          0          0          0          0          0          0          0          0          0          0          0          0          0          0          0          0          0          0
         0          0          0          0          0          0          0          0          0          0          0          0          0          0          0 0.00562637          0          0          0          0          0          0          0          0          0          0          0          0          0          0          0          0          0          0          0          0          0          0          0          0          0          0   0.469515          0          0          0          0          0          0          0          0   0.524858          0          0
         0          0          0          0          0          0          0          0          0          0          0          0          0          0          0  0.0246023          0          0          0          0          0          0          0          0   0.975398          0          0          0          0          0          0          0          0          0          0          0          0          0          0          0          0          0          0          0          0          0          0          0          0          0          0          0          0          0
         0          0          0          0          0          0          0          0          0          0          0          0          0          0          0   0.040808          0          0          0          0          0          0          0          0   0.437266          0          0          0          0          0          0          0          0  0.0335849          0          0          0          0          0          0          0          0   0.327451          0          0          0          0          0          0          0          0    0.16089          0          0
         0          0          0          0          0          0          0          0          0          0          0          0          0          0          0  0.0933074          0          0          0          0          0          0          0          0   0.660686          0          0          0          0          0          0          0          0          0          0          0          0          0          0          0          0          0          0          0          0          0          0          0          0          0          0   0.246007          0          0

Values: 
0.0732811 0.0732777 0.0732953 0.0728919 0.0728888  0.072894 0.0727917 0.0727879 0.0728062  0.072151 0.0721488 0.0721541 0.0718053 0.0717931 0.0718049  0.686128   0.63787  0.646791   0.07149 0.0714753 0.0714812 0.0712036 0.0711879 0.0711844  0.071118 0.0711087 0.0711052   1.11843   1.11821   1.10768   1.28101   1.31045   1.29849   1.12128  0.998361  0.999545 0.0739944 0.0736776 0.0734996 0.0730302  0.857785  0.861725 0.0723671  0.624499 0.0721836 0.0723367 0.0721826  0.403243  0.959375  -2.64647  0.897616 0.0710486  0.641356    1.0291
 0.111882   0.11183  0.111749  0.111274   0.11119  0.111106  0.209059  0.111139  0.111075  0.109966    0.1099  0.109829  0.109344    0.1093   0.10925  0.108797  0.108753  0.108706  0.108719  0.108688  0.108651  0.108146  0.108132  0.108116  0.107989  0.108021  0.108016   1.40159  0.119864  0.283789   1.27737   1.15161   1.11519   1.19407   1.19503   -0.4494  0.942817  0.947194  0.974554  0.917572   1.55765   1.20719  0.111097  0.829892  0.836478  0.111167  0.110401  0.728968 -0.879538   1.18466  0.108502  0.106547  0.107151   1.53578
 0.139378    0.1392  0.138493  0.138277  0.138054  0.137448  0.138138  0.138039  0.137626  0.135998  0.135855  0.135506   0.13493   0.13487  0.134683  0.133967  0.133901  0.133772  0.133828  0.133801  0.133684  0.132736  0.132753  0.132716  0.132443  0.132608  0.132582  0.239099   1.15085   1.05877   1.11428   1.21488   1.20344   1.14419   1.31209    1.2132   1.03239   1.01546  0.143899  0.141939   1.06188   1.13206  0.138247  0.790454   1.20591  0.138711   0.86631  0.136723   1.47897  0.951294  0.132965 -0.160296  0.129151  0.130843
 0.165412  0.165169  0.164072  0.163174  0.162906  0.161855  0.541108   0.18752  0.161571  0.158871  0.158675  0.161728  0.156859  0.156752  0.156412  0.155177  0.155069  0.154866  0.155049  0.154984  0.154778  0.153156  0.153159   0.15312   0.86755  0.286871  0.152858   1.02921   1.03262     1.178    1.1486    1.1489   1.17168     1.331    1.2139   1.31499  0.976706  0.976803   1.01533  0.764832  0.165723  0.927943  0.162062  0.160429  0.812072         1         1         1  0.853968  0.939383   0.88867  0.142568   1.19057   1.12887
 0.191443  0.190984  0.189524  0.187906  0.187435  0.185961  0.186269  0.185952  0.185029  0.181166  0.180806  0.179777  0.177777  0.177569  0.177109    0.1751   0.13682  0.174593  0.175059  0.174923  0.174643  0.171998  0.171985  0.171924  0.171166  0.171374  0.171416  0.429486  0.261788    1.1427  0.270569   1.22003   1.10235   1.06108  0.209332 -0.128204  0.917519   0.91728  0.200202  0.194616  0.738792   1.31534  0.185669  0.810488  0.182616         1         1         1   1.07951   1.21453   1.13774  0.777138  0.160173  0.165503
 0.218869  0.218225  0.216981   0.21375  0.213097  0.211703  0.511872  0.227607  0.227956  0.203986  0.203461  0.202242  0.198673  0.198359  0.197691  0.194923  0.194676   0.19423  0.194912  0.194716  0.194265  0.190438  0.190472  0.190341  0.520567  0.541626  0.932145   1.14937   1.14871   1.10959   1.10718    1.1065  0.245348  0.988578  0.988144   1.19858  0.161201  0.232561  0.229776  0.987294   1.20139  0.931633   1.84349  0.981025  0.437795         1         1         1  0.812228   1.03548  0.899399  0.160266   1.19753  0.630552
 0.248322  0.247552   0.24672   0.24096  0.240253   0.23909  0.235801  0.256634  0.234228  0.227871  0.227388  0.226099  0.220527  0.220258  0.219402  0.266836  0.215113  0.320757   0.21559  0.215438  0.214785  0.209066  0.209203  0.208952  0.206582  0.207595  0.207481  0.706203  0.709561  0.893717   1.27681   1.25991   1.09702    1.1962   1.26723   1.09884   0.93188  0.269615  0.946745    0.2526   1.02328    1.2916  0.856672  0.808103   0.95258         1         1         1  0.864689  0.211478  0.212433 -0.896428 -0.564005  0.193816
  0.28059   0.27982  0.280645  0.270118  0.269385  0.269307   0.26223  0.261662  0.260919  0.253161  0.252607  0.251431  0.243414  0.243053  0.242067  0.236729   0.23645  0.235614  0.237357  0.237132  0.236256         1  0.228822  0.228184  0.224856  0.226486   0.22571   1.20624  0.328157   1.29243  0.317726   1.19297   1.26558   1.21449   1.02785   1.01531  0.977331  0.977178  0.977196  0.283928   1.34153  0.717013  0.953259  0.896716  0.258223         1         1         1   1.22628  0.233005   0.98136   1.32545  0.174391  0.707575
 0.313126   0.31235  0.314307   0.30047   0.29969  0.300723  0.290067  0.289428  0.352269  0.280439  0.279777  0.279069  0.267947  0.267519  0.266599  0.259503  0.259201  0.258387  0.260865  0.260603  0.259725  0.249807  0.250176  0.249509  0.852102  0.247123  0.246316   1.36393  0.359286   1.39556   1.32295   1.34219    1.2601   1.23901   1.25686    1.3334  0.328298  0.325466  0.937977  0.314047   1.11649  0.305302  0.294943   3.01011  0.285027         1         1         1  0.270173  0.834593  0.260636  0.212486  0.187883  0.234448
 0.341279  0.340717  0.342381   0.32729  0.326704  0.328016  0.315439  0.314991   0.31499  0.305739  0.305256   0.30501  0.291376  0.291233  0.290598  0.281661  0.281725  0.281182  0.283764  0.283865  0.283268  0.928152  0.924526  0.271736  0.264579  0.269203  0.268762   1.27054   1.25944   1.23127   1.24879  0.365987  0.367143  0.989129   1.01422    1.0509  0.352133  0.349269  0.965945   0.34019  0.570977  0.979535   0.67854  0.307983  0.306306         1         1         1   1.11787   1.03715  0.495099  0.594586  0.157451  0.242213
 0.359548  0.359276   0.36068  0.345137  0.344846   0.34609  0.333348  0.333139  0.333239  0.323924   0.32369  0.323715  0.563957   0.56309  0.308832  0.298746  0.298987  0.298678    0.3015   0.30179  0.301446  0.288115  0.289373  0.289228  0.281198  0.286691  0.286645  0.401727   1.08818   1.11023   1.19522     1.192   1.21622  0.377722   1.33809   1.09518  0.970733  0.968295  0.960958   0.91053  0.928883  0.744685  0.339646  0.323562  0.321232         1         1         1  0.319248   1.12765  0.290953  0.283209  0.137704  0.785317
 0.366212  0.366097  0.367216  0.351629  0.351483   0.35242  0.339984  0.339905  0.340039  0.330576  0.330463  0.330547  0.527483   0.31602  0.315886  0.305213  0.305566  0.851242  0.308214  0.308636  0.308612  0.294623  0.296116  0.296441  0.287403  0.294095  0.294972  0.407344   1.02987   1.05544   1.09255   1.09191    1.1179   1.33155   1.30726    1.1424  0.975354  0.978222   0.97587   1.24127   0.35521   0.35163   1.00081   0.62981  0.323218         1         1         1  0.750128  0.772997  0.288311  0.302246   1.13344  0.225421

Errors: 
1.60901e-05 1.60852e-05  1.6045e-05 1.62283e-05 1.62506e-05 1.62194e-05 1.62077e-05 1.62221e-05 1.61955e-05 1.68451e-05 1.68659e-05 1.68444e-05 1.74687e-05 1.74507e-05 1.74209e-05  0.00119442   0.0011192  0.00110229 1.87439e-05 1.86382e-05 1.86296e-05 2.34482e-05 2.30026e-05 2.29326e-05 2.90684e-05 2.64983e-05  2.6241e-05           0           0           0           0           1           1     1.00006           0           0 3.16573e-05 2.72561e-05 2.59608e-05 3.97752e-05 3.88977e-06 0.000212599 5.65379e-05 0.000221177 4.03991e-05 5.03263e-05  4.2237e-05  0.00230183           1     1.00001 0.000845015  0.00019879 0.000657658 1.17047e-05
4.30132e-05 4.31707e-05 4.29935e-05 4.28941e-05  4.2872e-05           0           0 4.26626e-05 4.23799e-05 4.38533e-05 4.37976e-05 4.36348e-05 4.53387e-05 4.49422e-05 4.46904e-05 5.05347e-05 5.00757e-05  4.9132e-05 4.93773e-05 4.84715e-05 4.70396e-05  6.4434e-05 6.21768e-05 5.96735e-05 9.09414e-05  7.6301e-05 7.06829e-05           0 7.56023e-05           0     1.00001           0           0     1.00086     1.00083     1.00127           0           0           0           1           1           1 0.000243404           1     1.00227 0.000208678 0.000162059    0.826993     1.00001     0.84894 0.000232922 0.000956494 0.000609717  0.00341613
8.19399e-05 8.08446e-05 8.13543e-05 8.18524e-05           0  7.9461e-05 8.14649e-05 8.04848e-05 7.88298e-05 8.41168e-05 8.30444e-05 7.97855e-05 8.71677e-05 8.55334e-05 8.27023e-05 9.96285e-05 9.86047e-05  9.2462e-05 9.71212e-05 9.31473e-05 8.75156e-05 0.000131837 0.000131568 0.000119611 0.000216647 0.000177008 0.000155482     1.00001           0           0           0           0           0     1.00451     1.00014     1.00083           0           0 0.000206305 0.000371362     1.00001           1 0.000613476     1.00039     1.00002 0.000499424 0.000863199 0.000351366 0.000126541    0.999314 0.000596809     1.00292  0.00162655  0.00126599
0.000140303 0.000139326  0.00013924 0.000141908 0.000143164 0.000138343           0           0 0.000136633 0.000148424  0.00014684           0 0.000157537 0.000155928 0.000144936 0.000186294 0.000183698 0.000168753 0.000175695 0.000172301 0.000157713 0.000265357 0.000255491 0.000222768           0           0 0.000307486           0           0           0           0           0           0     1.00064      1.0024     1.00049           0           0           0     1.00002 0.000600789     1.00001  0.00119829  0.00084759   0.0131537   0.0266543   0.0265673   0.0191248     1.00011 0.000485358     1.55347  0.00499343 9.15079e-05           1
0.000227328 0.000225957 0.000227325           0           0 0.000223537 0.000225988 0.000223691 0.000218852 0.000244036 0.000238678 0.000229409 0.000263058  0.00025652 0.000239633 0.000321496           0 0.000287692 0.000301791 0.000291298 0.000262063 0.000464119 0.000445121  0.00038913 0.000753743 0.000647391 0.000553919           0           0           0           1           0           0     1.09621 0.000561623           1           0           0 0.000611376  0.00117518     1.00005     1.00004   0.0020559     1.00031  0.00136912   0.0426188   0.0425867   0.0397472 0.000213928     1.75222 0.000908976 0.000578464  0.00636609  0.00472773
0.000345912 0.000344438 0.000348723 0.000345944 0.000344442           0           0           0           0 0.000375757 0.000369321 0.000356544 0.000416942 0.000405501  0.00037705 0.000508028 0.000491771  0.00045162 0.000498701 0.000464517 0.000423713 0.000751659 0.000709878 0.000632216           0           0           0           0           0           0           0           0 0.000656227           0           0      1.0104           1  0.00103585 0.000930457     1.00002      1.0001     1.00002     1.00019     1.00041     1.00033    0.062463   0.0624502   0.0662053     1.00015   0.0508108     1.00026   0.0126427  0.00428492  0.00140941
          0           0           0 0.000514315   0.0005046 0.000512828  0.00050616           0 0.000492307  0.00055371 0.000542965 0.000532371 0.000617861 0.000603608 0.000570778           0 0.000755851           0 0.000708936 0.000704924 0.000655905  0.00115902  0.00111906  0.00101948  0.00215709  0.00182395  0.00157389           0           0           0           0           0           0     1.00508     1.00088       1.074           0           1           0  0.00279396     1.00004     1.00005     1.00366     1.00105     1.00201      0.0728   0.0721629   0.0772409   0.0145253  0.00736528  0.00606093  0.00627458           1   0.0114191
          0           0           0 0.000746727 0.000735947   0.0007647 0.000736485 0.000723877 0.000730066 0.000813783 0.000792959 0.000799011 0.000905002 0.000888855 0.000853013  0.00113269  0.00110617  0.00104374  0.00106661  0.00103505 0.000976941           0  0.00169654  0.00151506  0.00325425  0.00276921  0.00246415           0  0.00117171           0  0.00147351           0           0     1.00314           0           0           0           0           0  0.00382177     1.00141     1.00017     1.00051     1.00189  0.00526023   0.0897707   0.0889585   0.0913428  0.00169203   0.0107031  0.00131789   0.0110902   0.0177408  0.00207635
0.000997012 0.000992208           0  0.00100874  0.00101066  0.00103907  0.00102397  0.00101573           0  0.00114016  0.00110333  0.00113287  0.00130161  0.00127011  0.00124423  0.00163402  0.00161264  0.00153793  0.00154928  0.00146698  0.00143234  0.00252139   0.0023936   0.0022972           0      0.0039  0.00371071           0  0.00150381           0     1.00041      1.0007           0     1.00203     1.00162     1.00202  0.00273929  0.00262887           0  0.00525465     1.00004   0.0044965   0.0104527           1  0.00754154    0.103557    0.103182     0.10566   0.0165951    0.017505   0.0123504   0.0227211   0.0201662   0.0191942
 0.00122808  0.00122321           0  0.00127849   0.0012706           0   0.0013315   0.0013142  0.00132303  0.00145925  0.00146084  0.00148914  0.00174096  0.00171039  0.00167225  0.00223021   0.0022946  0.00211782  0.00208894  0.00201073  0.00195268           0           0  0.00303828  0.00667825  0.00528696  0.00516216           0           0           0           0     1.00089  0.00194744           0     1.84935     1.27699  0.00327647  0.00322951           0  0.00649533           0   0.0350057     1.00148   0.0114409   0.0101691    0.110116    0.109579    0.117059  0.00306614     2.29904   0.0111046   0.0170389   0.0140176   0.0224959
 0.00137998  0.00137763  0.00136875  0.00146303  0.00145655  0.00146669  0.00148579  0.00154515  0.00155896  0.00177035  0.00172653   0.0017499           0           0  0.00205533  0.00272802  0.00268214  0.00260078   0.0027094  0.00246951   0.0023893   0.0041723  0.00372636  0.00382861  0.00809192  0.00660859  0.00631869  0.00205106           0           0           0           0           0  0.00345805     1.00327     1.28947           0           0           0     1.00008     1.00013     1.00087   0.0158764   0.0137583   0.0124523    0.112713    0.112439    0.116357   0.0228834   0.0157593   0.0189263   0.0290871  0.00991151      1.0009
 0.00144152  0.00144059  0.00141954  0.00152985  0.00151666   0.0015273   0.0016355  0.00164068  0.00164181   0.0018332  0.00181529  0.00171357           0  0.00223437  0.00230661  0.00291654  0.00289961           0   0.0027051  0.00268417  0.00259063  0.00446632  0.00426585  0.00416815  0.00825719  0.00643617  0.00659271  0.00215013           0           0           0           0           0     1.00774     1.00363           0           0           0           0     1.00119  0.00740813  0.00690308           0           1   0.0134442    0.114282    0.113645    0.114971   0.0845017 0.000492885   0.0204664   0.0305531 0.000777568   0.0228005

Statuses: 
0 0 0 0 0 0 0 0 0 0 0 0 0 0 0 3 3 3 0 0 0 0 0 0 0 0 0 3 3 3 3 3 3 3 3 3 0 0 0 0 3 3 0 3 0 0 0 3 3 3 3 0 3 3
0 0 0 0 0 2 3 0 0 0 0 0 0 0 0 0 0 0 0 0 0 0 0 0 0 0 0 3 0 3 3 3 3 3 3 3 3 3 3 3 3 3 0 3 3 0 0 3 3 3 0 0 0 3
0 0 0 0 2 0 0 0 0 0 0 0 0 0 0 0 0 0 0 0 0 0 0 0 0 0 0 3 3 3 3 3 3 3 3 3 3 3 0 0 3 3 0 3 3 0 3 0 3 3 0 3 0 0
0 0 0 0 0 0 3 3 0 0 0 3 0 0 0 0 0 0 0 0 0 0 0 0 3 3 0 3 3 3 3 3 3 3 3 3 3 3 3 3 0 3 0 0 3 3 3 3 3 3 3 0 3 3
0 0 0 2 2 0 0 0 0 0 0 0 0 0 0 0 3 0 0 0 0 0 0 0 0 0 0 3 3 3 3 3 3 3 0 3 3 3 0 0 3 3 0 3 0 3 3 3 3 3 3 3 0 0
0 0 0 0 0 2 3 3 3 0 0 0 0 0 0 0 0 0 0 0 0 0 0 0 3 3 3 3 3 3 3 3 0 3 3 3 3 0 0 3 3 3 3 3 3 3 3 3 3 3 3 0 3 3
2 2 2 0 0 0 0 3 0 0 0 0 0 0 0 3 0 3 0 0 0 0 0 0 0 0 0 3 3 3 3 3 3 3 3 3 3 3 3 0 3 3 3 3 3 3 3 3 3 0 0 0 3 0
2 2 2 0 0 0 0 0 0 0 0 0 0 0 0 0 0 0 0 0 0 3 0 0 0 0 0 3 0 3 0 3 3 3 3 3 3 3 3 0 3 3 3 3 0 3 3 3 3 0 3 3 0 3
0 0 2 0 0 0 0 0 3 0 0 0 0 0 0 0 0 0 0 0 0 0 0 0 3 0 0 3 0 3 3 3 3 3 3 3 0 0 3 0 3 0 0 3 0 3 3 3 0 3 0 0 0 0
0 0 2 0 0 2 0 0 0 0 0 0 0 0 0 0 0 0 0 0 0 3 3 0 0 0 0 3 3 3 3 3 0 3 3 3 0 0 3 0 3 3 3 0 0 3 3 3 3 3 3 3 0 0
0 0 0 0 0 0 0 0 0 0 0 0 3 3 0 0 0 0 0 0 0 0 0 0 0 0 0 0 3 3 3 3 3 0 3 3 3 3 3 3 3 3 0 0 0 3 3 3 0 3 0 0 0 3
0 0 0 0 0 0 0 0 0 0 0 0 3 0 0 0 0 3 0 0 0 0 0 0 0 0 0 0 3 3 3 3 3 3 3 3 3 3 3 3 0 0 3 3 0 3 3 3 3 3 0 0 3 0
chisq per dof: 
42.3656 37.8007 34.2529 27.6743  25.157 22.4917 17.0785 15.2613 13.7093  8.1158 7.80867 7.07728 3.24652 3.08081 2.90795  155499  128070  110189 2.17807 2.06161 1.96385 1.83754  1.7118 1.61327 2.00341 1.80357 1.67068  130627  114090  103530  161599  135833  119529  186653  156091  133855 3.89036 3.88593 3.89371 2.25116  139976  126172 2.08735  184933 1.75622 2.15461 1.99896  108410  243431  190711  162100 2.67093  232064  141527
23.9639 21.5606 20.6359  15.426 14.2674 13.5945 4543.75 8.83312  8.3769 4.78884 4.60513 4.40217 2.31423 2.17762 2.09272 1.76826 1.69349 1.62034 1.89877  1.7817 1.69984 1.81482 1.67976 1.58346 2.00803 1.80702 1.67255 12220.2 9.32773 5063.23 14010.4 12184.3 10826.7 16787.8 13989.9 11434.7 13390.7 11802.3 10472.7 15727.4 12818.9 12125.6 2.04743 16551.2 14232.4 2.07627 1.93592 11590.4 19322.5 15179.9 1.84398 2.67201 2.25519 15989.8
  16.46 14.8904 15.0791  10.984 10.0198 10.0585 6.96543 6.17669 6.10718 3.75359 3.50019 3.42604 2.02706 1.89174 1.82717 1.69815 1.59953 1.52831 1.82485 1.70838 1.63131 1.81194 1.67687 1.58063 2.00954 1.81017 1.67525 683.701 2358.44 2236.08 3335.25 2839.25 2575.49 3943.92 3227.21 2937.55 3298.66 2820.68 2.13106 1.91029 3260.27 2923.98  2.0351 3944.77 3234.47 2.05326 3353.76 1.78543  4760.4 3254.22 1.84386 1861.62 2.25492 2.00768
11.7625 10.7152 11.1964 8.11519 7.43562 7.74401 948.297 472.522 4.67627 3.13343 2.93502 371.199 1.87422 1.76215   1.701 1.66962 1.57157 1.49727 1.78582 1.67621 1.59936 1.81113 1.67595  1.5795 1553.93 1083.76 1.67425 901.563 794.452 779.656 1180.22 1011.89 916.825 1343.25 1153.78 1022.07 1111.98 948.804 914.882 1391.12 1.78218 1014.74 2.02926 1.82853 1209.88 1511.27 1259.58 1106.88 1768.99 1360.68 1131.47 2.67239 1631.59 859.149
8.83617 8.17621 8.49426 6.11169 5.69367 5.93536 3.99333 3.65829  3.6061 2.69643 2.54848 2.52506 1.79067 1.69015 1.62291 1.65611 46.1326 1.48186 1.76678 1.66024 1.58202  1.8107 1.67559 1.57918    2.01 1.80839 1.67367 231.908 144.273 361.917 237.293 440.717 427.193 628.991 1.86479 238.589 472.368 405.203 1.74893 1.85972 533.876 481.722 2.02491 623.493 1.68776 703.665 586.568  519.51 685.775 604.814 557.878 848.472 2.25609 2.00647
6.73306 6.28387 6.28245 4.73118 4.43518 4.50761 146.744 25.9382 11.1691 2.39244 2.26667 2.24144 1.72823 1.63375 1.57334 1.64472 1.54142  1.4693 1.75002 1.64502 1.56935 1.80985  1.6749 1.57865 311.226 251.518 248.747 213.351 186.168 175.296 283.664 243.309 1.85414 326.633 272.366 242.392 29.9117 1.72583 1.66722 307.291 271.861 216.813 367.012 311.598 267.029 379.059 316.071 277.866 423.506 322.109 293.617 2.67308  354.18 334.671
5.41001 4.98687 4.90931 3.82564  3.5303 3.52862 2.68675 13.0932 2.43424 2.16094 2.03278 1.99929 1.67561 1.58275 1.52659 107.363 1.53271 24.1694 1.73569  1.6313 1.55765 1.80853 1.67396 1.57793 2.00696 1.80688 1.67242 83.3351 66.8563 119.915 151.136 131.991  127.52 184.508  144.67 138.578 139.362 75.4596 111.795 1.83053  148.95 139.752 221.833 183.032 144.845 225.291 188.004 164.936  236.72 2.00863 1.84058 3.01198 223.871 2.00568
4.15637 3.84406 3.78197 3.06139 2.83783 2.84204  2.2858 2.12183 2.08171 1.97531 1.86538 1.83654 1.63681  1.5494 1.49442 1.62909 1.52567  1.4556   1.724 1.62139 1.54911 107.695 1.67271 1.57753 2.00527 1.80556 1.67172 80.4224 1.77213 69.8269 1.62216 81.2206 77.3458 112.194 96.8633  86.751 92.6439 79.6251 73.4161 1.82095 102.657 89.6172 127.624 114.947 1.67707 147.692 123.251 107.974 152.071 2.00708 93.2819 161.473 2.25377 114.513
3.03965 2.84776 2.76926 2.37319 2.22783 2.20045 1.92283  1.8048 4.42304 1.79248 1.70205 1.66461 1.59618 1.51326  1.4573 1.62099 1.51821 1.44697  1.7096 1.60871 1.53598 1.80536 1.67138 1.57603 71.5042 1.80432 1.67053 58.4988 1.63236 50.2457 66.3218 57.4704 54.1672 72.1562 59.0114 55.1719 1.68918 1.60653 47.6043 1.81258 58.5592 1.58968 2.00727 59.9636 1.67396 105.605 88.2111 77.7366 2.25516 85.2183 1.83801 2.67117 2.25367 2.00447
2.40422 2.26356 2.17644 1.96568  1.8573 1.81256  1.7135   1.616 1.56067 1.66905 1.58859 1.54368 1.56941 1.48821 1.43019 1.61545 1.51289 1.44063 1.69968 1.59976 1.52592 50.6494 42.3708 1.57585 2.00295 1.80533 1.67116 44.0015 38.7306 33.1552 53.4462 3.78752 1.43211 57.6647 48.4194 44.3094  1.6783 1.59432 39.4928 1.80748 8.32223 47.4296 69.8741 1.80847 1.67383 82.7541 69.1755 61.1752 79.3142 43.1993   54.61 90.1413 2.25469 2.00496
2.06876 1.95568 1.87872 1.73792 1.65039 1.60363 1.58853  1.5055 1.45135  1.5904 1.51752 1.47008 25.0846 21.6791 1.41416 1.61162 1.50995 1.43743 1.69209 1.59353 1.51967 1.80378 1.67149 1.57558 2.00273 1.80543 1.67119 1.56509 25.3766 25.1516 45.5742 39.2592 32.3778 1.61216 36.2696 36.7544  42.205 35.1962 33.1363 47.6511 38.5338 38.4895 2.00374 1.80765  1.6732 71.9567 60.2318 52.9029 2.25314 54.1848 1.83817 2.67031 2.25512 51.3403
1.97459 1.86814 1.79147  1.6728 1.59106 1.53795 1.55262 1.47391 1.41852 1.56653 1.49606 1.44513 14.7088 1.46738 1.40913 1.61057 1.50943 22.1194 1.68979 1.59195 1.51796 1.80377 1.67213 1.57624 2.00288 1.80638 1.67219 1.55374 22.8829 23.9011 43.6451 37.5753 34.5665 40.9967 35.5611 34.9612 37.4204 35.1925 31.9936 50.1918 1.67952 1.58468 57.1178 44.8575  1.6741 69.1191 57.8491 50.8059  56.455 25.8753 1.83883 2.67045 41.3103  2.0053
Mode averaged potential and errors: 
  0.0710985  0.00011268
   0.107213  0.00100632
   0.132443 0.000216647
   0.142568  0.00499343
   0.171368  0.00186958
   0.160266   0.0126427
   0.206582  0.00215709
   0.224856  0.00325425
   0.251465   0.0448066
   0.264999  0.00711525
   0.304618   0.0338268
   0.292716   0.0181947
R Models:
(* Fitting with shape 1 1 1 1 1 1 1 1 0 0 0 0 *)
G[R_,xx_]:=xx[[0]] + xx[[1]]/R | xx[[2]]*R
(* Fitting with shape 1 1 1 1 1 1 1 1 1 0 0 0 *)
G[R_,xx_]:=xx[[0]] + xx[[1]]/R | xx[[2]]*R
(* Fitting with shape 1 1 1 1 1 1 1 1 1 1 0 0 *)
G[R_,xx_]:=xx[[0]] + xx[[1]]/R | xx[[2]]*R
(* Fitting with shape 1 1 1 1 1 1 1 1 1 1 1 0 *)
G[R_,xx_]:=xx[[0]] + xx[[1]]/R | xx[[2]]*R
(* Fitting with shape 1 1 1 1 1 1 1 1 1 1 1 1 *)
G[R_,xx_]:=xx[[0]] + xx[[1]]/R | xx[[2]]*R
(* Fitting with shape 0 1 1 1 1 1 1 1 0 0 0 0 *)
G[R_,xx_]:=xx[[0]] + xx[[1]]/R | xx[[2]]*R
(* Fitting with shape 0 1 1 1 1 1 1 1 1 0 0 0 *)
G[R_,xx_]:=xx[[0]] + xx[[1]]/R | xx[[2]]*R
(* Fitting with shape 0 1 1 1 1 1 1 1 1 1 0 0 *)
G[R_,xx_]:=xx[[0]] + xx[[1]]/R | xx[[2]]*R
(* Fitting with shape 0 1 1 1 1 1 1 1 1 1 1 0 *)
G[R_,xx_]:=xx[[0]] + xx[[1]]/R | xx[[2]]*R
(* Fitting with shape 0 1 1 1 1 1 1 1 1 1 1 1 *)
G[R_,xx_]:=xx[[0]] + xx[[1]]/R | xx[[2]]*R
(* Fitting with shape 0 0 1 1 1 1 1 1 0 0 0 0 *)
G[R_,xx_]:=xx[[0]] + xx[[1]]/R | xx[[2]]*R
(* Fitting with shape 0 0 1 1 1 1 1 1 1 0 0 0 *)
G[R_,xx_]:=xx[[0]] + xx[[1]]/R | xx[[2]]*R
(* Fitting with shape 0 0 1 1 1 1 1 1 1 1 0 0 *)
G[R_,xx_]:=xx[[0]] + xx[[1]]/R | xx[[2]]*R
(* Fitting with shape 0 0 1 1 1 1 1 1 1 1 1 0 *)
G[R_,xx_]:=xx[[0]] + xx[[1]]/R | xx[[2]]*R
(* Fitting with shape 0 0 1 1 1 1 1 1 1 1 1 1 *)
G[R_,xx_]:=xx[[0]] + xx[[1]]/R | xx[[2]]*R
(* Fitting with shape 0 0 0 1 1 1 1 1 0 0 0 0 *)
G[R_,xx_]:=xx[[0]] + xx[[1]]/R | xx[[2]]*R
(* Fitting with shape 0 0 0 1 1 1 1 1 1 0 0 0 *)
G[R_,xx_]:=xx[[0]] + xx[[1]]/R | xx[[2]]*R
(* Fitting with shape 0 0 0 1 1 1 1 1 1 1 0 0 *)
G[R_,xx_]:=xx[[0]] + xx[[1]]/R | xx[[2]]*R
(* Fitting with shape 0 0 0 1 1 1 1 1 1 1 1 0 *)
G[R_,xx_]:=xx[[0]] + xx[[1]]/R | xx[[2]]*R
(* Fitting with shape 0 0 0 1 1 1 1 1 1 1 1 1 *)
G[R_,xx_]:=xx[[0]] + xx[[1]]/R | xx[[2]]*R
3.62304 3.62304 3.62304 
-0.295848 -0.295848 -0.295848 
1 1 1 
8.53681 8.53681 8.53681 
-7.99471 -7.99471 -7.99471 
3.01049e-316 3.01049e-316 3.01049e-316 
980529 980529 980529 
4.3379e-321 4.3379e-321 4.3379e-321 
3.00475e-316 3.00475e-316 3.00475e-316 
9.53547e-322 9.53547e-322 9.53547e-322 
6.94303e-310 6.94303e-310 6.94303e-310 
3.02188e-316 3.02188e-316 3.02188e-316 
287331 287331 287331 
337.123 337.123 337.123 
10.0926 10.0926 10.0926 
2.42092e-322 2.42092e-322 2.42092e-322 
6.94303e-310 6.94303e-310 6.94303e-310 
-0.0726574 -0.0726574 -0.0726574 
-33399.1 -33399.1 -33399.1 
0 0 0 
0 0 0 
6.37345e-322 6.37345e-322 6.37345e-322 
4.52246e-05 4.52246e-05 4.52246e-05 
-3.08695e-05 -3.08695e-05 -3.08695e-05 
5.32548e-06 5.32548e-06 5.32548e-06 
-0.000345182 -0.000345182 -0.000345182 
5.85814e-05 5.85814e-05 5.85814e-05 
0.000732152 0.000732152 0.000732152 
0.00131908 0.00131908 0.00131908 
-0.000220419 -0.000220419 -0.000220419 
-0.00279443 -0.00279443 -0.00279443 
0.702947 0.702947 0.702947 
0.360129 0.360129 0.360129 
0 0 0 
0 0 0 
5.58294e-322 5.58294e-322 5.58294e-322 
6.94303e-310 6.94303e-310 6.94303e-310 
2.42092e-322 2.42092e-322 2.42092e-322 
2.93997e-316 2.93997e-316 2.93997e-316 
0 0 0 
0 0 0 
0 0 0 
6.32404e-322 6.32404e-322 6.32404e-322 
2.37152e-322 2.37152e-322 2.37152e-322 
3.02381e-316 3.02381e-316 3.02381e-316 
1.1059e-06 1.1059e-06 1.1059e-06 
907.931 907.931 907.931 
1.63042e-322 1.63042e-322 1.63042e-322 
6.94301e-310 6.94301e-310 6.94301e-310 
0 0 0 
1.66006e-321 1.66006e-321 1.66006e-321 
6.32404e-322 6.32404e-322 6.32404e-322 
3.02742e-316 3.02742e-316 3.02742e-316 
-0.00191278 -0.00191278 -0.00191278 
Probabilities: 
         0          0          0          0          0          0          0          0          0          0          0          0  0.0200333  0.0494567  0.0696361 0.00741716  0.0182105  0.0284906          0   0.119045   0.225276          0  0.0497871  0.0835148   0.009474          0  0.0075004          0          0          0          0          0          0          0          0          0          0  0.0083705          0          0          0          0          0          0          0  0.0530297          0   0.229344  0.0214149          0          0          0          0          0

String tensions: 
           1            1            1            1            1            1            1            1            1    -0.772325    -0.772331    -0.772348    -0.604591    -0.603333    -0.611231     -0.61769    -0.608201    -0.658122      11.8364    -0.836816    -0.856835     -2.24055    -0.650181    -0.818648     -1.90316     0.756375      1.56179   -0.0765771    -0.076577   -0.0765768   0.00957449    -0.101272      2.82079       1.0107      1.01075      1.01088      1.38864   0.00286198    -0.074097     0.745849     0.785603     0.960304      1.00157       1.0012        1.001 -0.000543337     0.428329  0.000276226   0.00172465       1.0334     0.958631      1.00208      1.00125      1.00082

Errors: 
          0           0           0     5792.62     5792.62     5792.62           0           0           0           0           0           0   0.0384484   0.0383135   0.0387441    0.121523    0.120186    0.106981   0.0597653   0.0947254   0.0910271      1.0071    0.372995     0.32398      1.2494     1.00264   0.0291063           0           0           0 0.000990011           1   0.0144931           0           0           0     1.07954   0.0011353           0           0 0.000339801 0.000270802           0           0           0  0.00183891   0.0501551  0.00142854  0.00347504  0.00249615 0.000372064  0.00220598  0.00220592  0.00220519

Statuses: 
3 3 3 0 0 0 3 3 3 3 3 3 0 0 0 0 0 0 0 0 0 3 0 0 0 3 0 3 3 3 0 3 0 2 2 2 3 0 3 3 0 0 2 2 2 0 3 0 0 3 0 1 1 1
chisq per dof: 
28701.2 25129.6 22473.3 25.0659 21.5308 20.5244 2845.12 2386.44 2087.25 23060.8 20187.9 17972.5 1.50189 1.31485 1.31495 1.79971 1.53369 1.47243 59.9249 1.18089 1.13017 2218.41 1.31295 1.26951 1.70181 1484.88 1.85375 46599.5 40783.9   36277 8.27381 9539.83 3134.42 4948.33 4137.12 3583.08   58541 1.84459 21255.8 24916.1 3545.35 3135.12 4948.27 4137.07 3583.03 1.29492 50732.1 1.12619 1.47966 3545.75 3135.14 4948.29 4137.09 3583.05
Model string tension and errors: 
sigma = -0.518525 +/- 0.465927
