Loaded Data/L24_b270_xi2_g.dat
model 1 1 exponentials with a pole of degree 0
shape: 1 1 1 1 1 1 1 1 1 1 1 1
model 2 2 exponentials with a pole of degree 0
shape: 1 1 1 1 1 1 1 1 1 1 1 1
model 3 3 exponentials with a pole of degree 0
shape: 1 1 1 1 1 1 1 1 1 1 1 1
model 4 1 exponentials with a pole of degree 1
shape: 1 1 1 1 1 1 1 1 1 1 1 1
model 5 2 exponentials with a pole of degree 1
shape: 1 1 1 1 1 1 1 1 1 1 1 1
model 6 3 exponentials with a pole of degree 1
shape: 1 1 1 1 1 1 1 1 1 1 1 1


Fitting R = 1

fitting 6 models
2 params
Best parameters for model 1: 
1.98474 0.154869 

4 params
Best parameters for model 2: 
1.96886 0.153083 0.0214396 0.625593 

6 params
Best parameters for model 3: 
0.619386 0.143767 1.352 0.0140629 0.0193185 0.698099 

3 params
Best parameters for model 4: 
1.97207 0.15355 0.00470576 

5 params
Best parameters for model 5: 
1.96603 0.152934 0.017386 0.469604 0.00160078 

7 params
Best parameters for model 6: 
0.000704965 0.04546 1.96629 0.10759 0.0171155 0.501824 0.00144467 

Results: 0.154869 0.159822 0.160229  0.15355 0.157051  0.15734

Errors: 8.86508e-06 0.000100389 0.000186822 1.15138e-05 0.000186246  0.00026986

Probabilities:        0        0        0        0 0.753256 0.246744

Chisq: 3430.36 12.5781 6.59103 283.333 2.68855 3.41039

Fit statuses: 0 0 1 0 0 1

Best Chisquared: 2.68855



Fitting R = 2

fitting 6 models
2 params
Best parameters for model 1: 
1.9611 0.215019 

4 params
Best parameters for model 2: 
1.91865 0.212009 0.0503787 0.507771 

6 params
Best parameters for model 3: 
1.90572 0.211435 0.0446384 0.275891 0.0221224 0.698294 

3 params
Best parameters for model 4: 
1.93052 0.21313 0.0112755 

5 params
Best parameters for model 5: 
1.91051 0.21163 0.0443738 0.367785 0.00365428 

7 params
Best parameters for model 6: 
1.90572 0.211435 0.0446384 0.275892 0.0221225 0.698297 6.14922e-12 

Results: 0.215019 0.225001 0.228604  0.21313 0.219978 0.228604

Errors: 2.29988e-05 0.000254164  0.00294661 2.70539e-05 0.000433392  0.00297095

Probabilities:        0        0  0.71671        0 0.019627 0.263663

Chisq:  1940.29  11.0196 0.435196  263.961  1.68667 0.522239

Fit statuses: 0 0 0 0 0 0

Best Chisquared: 0.435196



Fitting R = 3

fitting 6 models
2 params
Best parameters for model 1: 
1.93197 0.244447 

4 params
Best parameters for model 2: 
1.85169 0.240343 0.0890084 0.452235 

6 params
Best parameters for model 3: 
1.83629 0.239641 0.0847109 0.307182 0.0269945 0.837771 

3 params
Best parameters for model 4: 
1.87629 0.242125 0.0205307 

5 params
Best parameters for model 5: 
1.83884 0.23977 0.0811327 0.340426 0.00572445 

7 params
Best parameters for model 6: 
1.87629 0.242125 1.54724e-12 4.39022 7.15137e-13 4.06493 0.0205308 

Results: 0.244447 0.261084 0.268865 0.242125 0.254156 0.242125

Errors: 4.28281e-05 0.000439518  0.00452419 4.71276e-05 0.000732252   0.0162047

Probabilities:        0        0 0.679167        0 0.320833        0

Chisq: 1562.28 8.99408 1.39686 275.969  1.6973 496.745

Fit statuses: 0 0 0 0 0 1

Best Chisquared: 1.39686



Fitting R = 4

fitting 6 models
2 params
Best parameters for model 1: 
1.90007 0.263686 

4 params
Best parameters for model 2: 
1.77374 0.258511 0.134594 0.409572 

6 params
Best parameters for model 3: 
1.75294 0.257589 0.131712 0.295277 0.0348281 0.89738 

3 params
Best parameters for model 4: 
1.81772 0.261123 0.0311915 

5 params
Best parameters for model 5: 
1.75521 0.257713 0.125698 0.314426 0.00800588 

7 params
Best parameters for model 6: 
1.81772 0.261123 2.21611e-10 3.52733 6.07422e-09 4.65311 0.0311915 

Results: 0.263686 0.287398  0.29949 0.261123 0.278726 0.261123

Errors: 6.79395e-05 0.000657586  0.00642928 7.20505e-05  0.00108027      2.4594

Probabilities:        0        0 0.545331        0 0.454669        0

Chisq:  1312.27   7.5396 0.753974  276.173 0.983927  497.111

Fit statuses: 0 0 0 0 0 1

Best Chisquared: 0.753974



Fitting R = 5

fitting 6 models
2 params
Best parameters for model 1: 
1.86608 0.279286 

4 params
Best parameters for model 2: 
1.69737 0.272995 0.177605 0.388946 

6 params
Best parameters for model 3: 
1.65631 0.271244 0.17508 0.244658 0.0547794 0.692668 

3 params
Best parameters for model 4: 
1.76029 0.27642 0.0415577 

5 params
Best parameters for model 5: 
1.67088 0.271842 0.168956 0.294579 0.0106903 

7 params
Best parameters for model 6: 
1.65631 0.271244 0.17508 0.244658 0.0547795 0.69267 1.08338e-10 

Results: 0.279286 0.309838 0.321177  0.27642 0.298894 0.321177

Errors:  0.00010169 0.000930077   0.0114243 0.000105834  0.00159047   0.0114037

Probabilities:        0        0 0.571841        0  0.21779 0.210369

Chisq:  1068.01  6.53739 0.501997  241.551 0.991805 0.602397

Fit statuses: 0 0 0 0 0 0

Best Chisquared: 0.501997



Fitting R = 6

fitting 6 models
2 params
Best parameters for model 1: 
1.83158 0.29293 

4 params
Best parameters for model 2: 
1.62216 0.285346 0.220294 0.367434 

6 params
Best parameters for model 3: 
1.54692 0.282276 0.229707 0.200208 0.0775641 0.608543 

3 params
Best parameters for model 4: 
1.70677 0.289877 0.0512836 

5 params
Best parameters for model 5: 
1.58558 0.283753 0.214797 0.273935 0.0132823 

7 params
Best parameters for model 6: 
1.70678 0.289877 6.45287e-10 4.55896 1.83492e-09 2.67481 0.0512835 

Results:  0.29293 0.329278 0.340911 0.289877 0.316435 0.289877

Errors: 0.000144444  0.00126088   0.0177511 0.000147845  0.00217175     1.63525

Probabilities:        0        0 0.800246        0 0.199754        0

Chisq:  888.987  6.34559 0.738257  206.536  1.31503  371.765

Fit statuses: 0 0 0 0 0 1

Best Chisquared: 0.738257



Fitting R = 7

fitting 6 models
2 params
Best parameters for model 1: 
1.79613 0.305897 

4 params
Best parameters for model 2: 
1.55931 0.296827 0.253293 0.354648 

6 params
Best parameters for model 3: 
0.634503 0.267608 1.03515 0.066168 0.152951 0.533716 

3 params
Best parameters for model 4: 
1.66001 0.302338 0.0591705 

5 params
Best parameters for model 5: 
1.50197 0.29428 0.257852 0.245791 0.0172191 

7 params
Best parameters for model 6: 
1.63105 0.300397 0.105258 0.384889 0.0543769 0.429095 0.0163445 

Results: 0.305897 0.346386 0.355529 0.302338 0.330294 0.347739

Errors: 0.000201232  0.00164569  0.00367407 0.000202362  0.00302029 6.18024e-05

Probabilities: 0 0 1 0 0 0

Chisq:  723.353  7.83765 0.968047  170.833   2.5448  95.1411

Fit statuses: 0 0 1 0 0 4

Best Chisquared: 0.968047



Fitting R = 8

fitting 6 models
2 params
Best parameters for model 1: 
1.76626 0.318302 

4 params
Best parameters for model 2: 
1.51798 0.307898 0.269687 0.355055 

6 params
Best parameters for model 3: 
0.496886 0.272025 1.1369 0.0695313 0.164486 0.538823 

3 params
Best parameters for model 4: 
1.62503 0.314121 0.0641936 

5 params
Best parameters for model 5: 
1.45536 0.305083 0.274578 0.243732 0.0190923 

7 params
Best parameters for model 6: 
1.62503 0.314121 2.53735e-11 4.99989 5.17079e-10 4.66559 0.0641936 

Results: 0.318302 0.361462 0.371629 0.314121 0.343769 0.314121

Errors: 0.000273289  0.00203172  0.00448342 0.000268633  0.00366362     3.04819

Probabilities:         0         0  0.974977         0 0.0250231         0

Chisq: 575.999  6.7807 1.19752 127.812 2.35863 230.061

Fit statuses: 0 0 1 0 0 1

Best Chisquared: 1.19752



Fitting R = 9

fitting 6 models
2 params
Best parameters for model 1: 
1.73703 0.330043 

4 params
Best parameters for model 2: 
1.49683 0.318143 0.271311 0.368183 

6 params
Best parameters for model 3: 
0.192658 0.257361 1.40096 0.080742 0.184063 0.524731 

3 params
Best parameters for model 4: 
1.59855 0.324692 0.0664599 

5 params
Best parameters for model 5: 
1.44111 0.315528 0.269582 0.259545 0.0190408 

7 params
Best parameters for model 6: 
1.59855 0.324693 2.19718e-13 4.88877 2.75257e-11 2.66146 0.0664599 

Results: 0.330043 0.374639 0.383684 0.324692 0.356429 0.324693

Errors:  0.00035762   0.0024131   0.0677032 0.000343455  0.00427105    0.670978

Probabilities:         0         0  0.917009         0 0.0829912         0

Chisq: 448.175 4.73552 1.00972 92.6867 1.83758 166.836

Fit statuses: 0 0 0 0 0 1

Best Chisquared: 1.00972



Fitting R = 10

fitting 6 models
2 params
Best parameters for model 1: 
1.71703 0.339313 

4 params
Best parameters for model 2: 
1.48389 0.326232 0.269787 0.376898 

6 params
Best parameters for model 3: 
0.69694 0.29982 0.896543 0.0699275 0.170272 0.538892 

3 params
Best parameters for model 4: 
1.5813 0.332934 0.0675883 

5 params
Best parameters for model 5: 
1.43201 0.323762 0.264629 0.26906 0.0188683 

7 params
Best parameters for model 6: 
1.43201 0.323762 0.00661315 0.262227 0.258018 0.00702353 0.018867 

Results: 0.339313 0.384214  0.39414 0.332934 0.365728 0.365731

Errors: 0.000436086  0.00273139  0.00608424 0.000409101  0.00484011   0.0269236

Probabilities:        0        0 0.784375        0  0.18992 0.025705

Chisq:  372.182  3.43237 0.699476   72.591  1.29049  1.80665

Fit statuses: 0 0 1 0 0 1

Best Chisquared: 0.699476



Fitting R = 11

fitting 6 models
2 params
Best parameters for model 1: 
1.70267 0.345938 

4 params
Best parameters for model 2: 
1.48334 0.331885 0.262171 0.390697 

6 params
Best parameters for model 3: 
0.00635733 0.140249 1.53473 0.197877 0.211323 0.496595 

3 params
Best parameters for model 4: 
1.57108 0.338494 0.0677558 

5 params
Best parameters for model 5: 
1.43727 0.329652 0.252066 0.283149 0.0184506 

7 params
Best parameters for model 6: 
1.43727 0.329652 0.252069 0.283143 3.107e-08 3.62219 0.018451 

Results: 0.345938 0.390567 0.397293 0.338494 0.371901 0.371901

Errors: 0.000500412  0.00297813   0.0982613 0.000460432  0.00519687    0.910294

Probabilities:         0         0  0.809912         0  0.167429 0.0226591

Chisq:  325.951  3.11315 0.911502  58.6919  1.51739  2.12435

Fit statuses: 0 0 0 0 0 0

Best Chisquared: 0.911502



Fitting R = 12

fitting 6 models
2 params
Best parameters for model 1: 
1.69797 0.34841 

4 params
Best parameters for model 2: 
1.49365 0.334597 0.250693 0.413865 

6 params
Best parameters for model 3: 
0.000436323 0.00100005 1.5243 0.33641 0.223866 0.47614 

3 params
Best parameters for model 4: 
1.57045 0.340783 0.0662175 

5 params
Best parameters for model 5: 
1.46043 0.332914 0.235393 0.320086 0.0155444 

7 params
Best parameters for model 6: 
1.57045 0.340783 1.4275e-11 4.92339 5.14096e-11 4.43493 0.0662175 

Results:  0.34841 0.394077 0.398284 0.340783 0.377344 0.340783

Errors: 0.000513045   0.0032236     3.49204  0.00047756  0.00551418     1.91266

Probabilities:         0 0.0440666         0         0  0.955933         0

Chisq: 289.645 2.71034 1.57894 47.5205 1.93267 85.5369

Fit statuses: 0 0 0 0 0 1

Best Chisquared: 1.93267

Fits/L24_b270_xi2_g.vr
models for fitting the R-dependence: 
model 1 Fitting Polynomial of degree1 with shape 1 1 1 1 1 1 1 1 1 0 0 0

model 2 Fitting Polynomial of degree1 with shape 1 1 1 1 1 1 1 1 1 1 0 0

model 3 Fitting Polynomial of degree1 with shape 1 1 1 1 1 1 1 1 1 1 1 0

model 4 Fitting Polynomial of degree1 with shape 1 1 1 1 1 1 1 1 1 1 1 1

model 5 Fitting Polynomial of degree1 with shape 0 1 1 1 1 1 1 1 1 0 0 0

model 6 Fitting Polynomial of degree1 with shape 0 1 1 1 1 1 1 1 1 1 0 0

model 7 Fitting Polynomial of degree1 with shape 0 1 1 1 1 1 1 1 1 1 1 0

model 8 Fitting Polynomial of degree1 with shape 0 1 1 1 1 1 1 1 1 1 1 1

model 9 Fitting Polynomial of degree1 with shape 0 0 1 1 1 1 1 1 1 0 0 0

model 10 Fitting Polynomial of degree1 with shape 0 0 1 1 1 1 1 1 1 1 0 0

model 11 Fitting Polynomial of degree1 with shape 0 0 1 1 1 1 1 1 1 1 1 0

model 12 Fitting Polynomial of degree1 with shape 0 0 1 1 1 1 1 1 1 1 1 1

fitting 12 models
2 params
Best parameters for model 1: 
0.123527 0.0338227 

2 params
Best parameters for model 2: 
0.124283 0.0330815 

2 params
Best parameters for model 3: 
0.12429 0.033074 

2 params
Best parameters for model 4: 
0.129386 0.0281052 

2 params
Best parameters for model 5: 
0.181507 0.0246172 

2 params
Best parameters for model 6: 
0.183869 0.0239178 

2 params
Best parameters for model 7: 
0.183898 0.0239097 

2 params
Best parameters for model 8: 
0.203805 0.0185599 

2 params
Best parameters for model 9: 
0.202694 0.0215924 

2 params
Best parameters for model 10: 
0.210589 0.0202101 

2 params
Best parameters for model 11: 
0.210688 0.0201935 

2 params
Best parameters for model 12: 
0.260604 0.0119098 



Fitting the potential: 
Results: 0.0338227 0.0330815  0.033074 0.0281052 0.0246172 0.0239178 0.0239097 0.0185599 0.0215924 0.0202101 0.0201935 0.0119098

Errors: 0.000482524 0.000460304 0.000460124 0.000362247 0.000828974 0.000787903 0.000787533 0.000597469  0.00171981  0.00157493   0.0015735 0.000994217

Probabilities:        0        0        0        0 0.131261        0 0.023069        0 0.362092 0.132979 0.350598        0

Chisq:  27.3891  27.2433  24.2544  52.5019 0.869933  1.79798  1.58712  13.4911 0.238034 0.865597 0.750669  6.42349

Fit statuses: 0 0 0 0 0 0 0 0 0 0 0 0

