R=0parameters: 
-0.618615 -0.618615 
0.0985204 0.0985204 
1.34187e-10 1.34187e-10 
3.21143e-322 3.21143e-322 
9.88131e-324 9.88131e-324 
2.13507e-316 2.13507e-316 
7 7 
2.13425e-316 2.13425e-316 
3.98218e+07 3.98218e+07 
1.97626e-323 1.97626e-323 1.97626e-323 
3.95253e-323 3.95253e-323 3.95253e-323 
1.26975e-321 1.26975e-321 1.26975e-321 
5.34875e-320 5.34875e-320 5.34875e-320 
-3.36974e+279 -3.36974e+279 -3.36974e+279 
2.122e-314 2.122e-314 2.122e-314 
2.18537e-316 2.18537e-316 2.18537e-316 
2.19086e-316 2.19086e-316 2.19086e-316 
2.122e-314 2.122e-314 2.122e-314 
2.18537e-316 2.18537e-316 2.18537e-316 2.18537e-316 
2.19086e-316 2.19086e-316 2.19086e-316 2.19086e-316 
2.122e-314 2.122e-314 2.122e-314 2.122e-314 
0 0 0 0 
0 0 0 0 
2.18537e-316 2.18537e-316 2.18537e-316 2.18537e-316 
2.19264e-316 2.19264e-316 2.19264e-316 2.19264e-316 
2.19264e-316 2.19264e-316 2.19264e-316 2.19264e-316 
2.19264e-316 2.19264e-316 2.19264e-316 2.19264e-316 
2.18821e-316 2.18821e-316 2.18821e-316 
2.19087e-316 2.19087e-316 2.19087e-316 
2.122e-314 2.122e-314 2.122e-314 
2.18537e-316 2.18537e-316 2.18537e-316 
2.19087e-316 2.19087e-316 2.19087e-316 
2.122e-314 2.122e-314 2.122e-314 
2.18537e-316 2.18537e-316 2.18537e-316 
2.19087e-316 2.19087e-316 2.19087e-316 
2.122e-314 2.122e-314 2.122e-314 
8.48798e-314 8.48798e-314 8.48798e-314 8.48798e-314 
0 0 0 0 
2.18538e-316 2.18538e-316 2.18538e-316 2.18538e-316 
2.19264e-316 2.19264e-316 2.19264e-316 2.19264e-316 
2.19264e-316 2.19264e-316 2.19264e-316 2.19264e-316 
2.19264e-316 2.19264e-316 2.19264e-316 2.19264e-316 
0 0 0 0 
9.53547e-322 9.53547e-322 9.53547e-322 9.53547e-322 
2.11313e-316 2.11313e-316 2.11313e-316 2.11313e-316 
0 0 0 0 0 
1.58101e-322 1.58101e-322 1.58101e-322 1.58101e-322 1.58101e-322 
3.16202e-322 3.16202e-322 3.16202e-322 3.16202e-322 3.16202e-322 
2.11328e+07 2.11328e+07 2.11328e+07 2.11328e+07 2.11328e+07 
2.42092e-322 2.42092e-322 2.42092e-322 2.42092e-322 2.42092e-322 
3.73277e+08 3.73277e+08 3.73277e+08 3.73277e+08 3.73277e+08 
0 0 0 0 0 
6.89961e-310 6.89961e-310 6.89961e-310 6.89961e-310 6.89961e-310 
0 0 0 0 0 
R=1parameters: 
-0.481243 -0.481243 
0.169029 0.169029 
0.351485 0.351485 
2.531 2.531 
-15.9257 -15.9257 
5.03038e+175 5.03038e+175 
3.5936e+246 3.5936e+246 
2.14726e+243 2.14726e+243 
0.704704 0.704704 
1.8231e-321 1.8231e-321 1.8231e-321 
6.89963e-310 6.89963e-310 6.89963e-310 
2.13468e-316 2.13468e-316 2.13468e-316 
3.9573e-06 3.9573e-06 3.9573e-06 
4.63183e-07 4.63183e-07 4.63183e-07 
0 0 0 
3.21143e-322 3.21143e-322 3.21143e-322 
2.47033e-323 2.47033e-323 2.47033e-323 
2.19231e-316 2.19231e-316 2.19231e-316 
-5.83417e-05 -5.83417e-05 -5.83417e-05 -5.83417e-05 
2.12247e-316 2.12247e-316 2.12247e-316 2.12247e-316 
250982 250982 250982 250982 
2.13547e-316 2.13547e-316 2.13547e-316 2.13547e-316 
0 0 0 0 
0 0 0 0 
1.67772e+07 1.67772e+07 1.67772e+07 1.67772e+07 
-29.5187 -29.5187 -29.5187 -29.5187 
0 0 0 0 
2.42092e-322 2.42092e-322 2.42092e-322 
2.13471e-316 2.13471e-316 2.13471e-316 
2.19252e-316 2.19252e-316 2.19252e-316 
3.53239 3.53239 3.53239 
-5.15028 -5.15028 -5.15028 
9.48606e-322 9.48606e-322 9.48606e-322 
3.16202e-322 3.16202e-322 3.16202e-322 
9.72856e-317 9.72856e-317 9.72856e-317 
2.1381e-316 2.1381e-316 2.1381e-316 
2.47033e-323 2.47033e-323 2.47033e-323 2.47033e-323 
2.1872e-316 2.1872e-316 2.1872e-316 2.1872e-316 
2373.94 2373.94 2373.94 2373.94 
2.42092e-322 2.42092e-322 2.42092e-322 2.42092e-322 
2.19606e-316 2.19606e-316 2.19606e-316 2.19606e-316 
325624 325624 325624 325624 
6.89946e-310 6.89946e-310 6.89946e-310 6.89946e-310 
2.19668e-316 2.19668e-316 2.19668e-316 2.19668e-316 
2.47033e-323 2.47033e-323 2.47033e-323 2.47033e-323 
1.09382e-316 1.09382e-316 1.09382e-316 1.09382e-316 1.09382e-316 
1.10516e+07 1.10516e+07 1.10516e+07 1.10516e+07 1.10516e+07 
2.1953e-316 2.1953e-316 2.1953e-316 2.1953e-316 2.1953e-316 
3.23796e-319 3.23796e-319 3.23796e-319 3.23796e-319 3.23796e-319 
2.17664e-316 2.17664e-316 2.17664e-316 2.17664e-316 2.17664e-316 
1.42738e+228 1.42738e+228 1.42738e+228 1.42738e+228 1.42738e+228 
0.000688383 0.000688383 0.000688383 0.000688383 0.000688383 
117611 117611 117611 117611 117611 
56031.1 56031.1 56031.1 56031.1 56031.1 
R=2parameters: 
-0.327619 -0.327619 
0.228753 0.228753 
7.5194e-05 7.5194e-05 
0.355336 0.355336 
-0.27402 -0.27402 
5.03038e+175 5.03038e+175 
3.5936e+246 3.5936e+246 
2.14726e+243 2.14726e+243 
0.704704 0.704704 
1.8231e-321 1.8231e-321 1.8231e-321 
2.19581e-316 2.19581e-316 2.19581e-316 
6.89963e-310 6.89963e-310 6.89963e-310 
0 0 0 
0 0 0 
2.37152e-322 2.37152e-322 2.37152e-322 
2.37152e-322 2.37152e-322 2.37152e-322 
2.19672e-316 2.19672e-316 2.19672e-316 
2.18719e-316 2.18719e-316 2.18719e-316 
-6.66321e-06 -6.66321e-06 -6.66321e-06 -6.66321e-06 
7.59766e-06 7.59766e-06 7.59766e-06 7.59766e-06 
0 0 0 0 
0 0 0 0 
0 0 0 0 
0 0 0 0 
3.35544e+07 3.35544e+07 3.35544e+07 3.35544e+07 
1.63042e-322 1.63042e-322 1.63042e-322 1.63042e-322 
2.19254e-316 2.19254e-316 2.19254e-316 2.19254e-316 
6.89963e-310 6.89963e-310 6.89963e-310 
1.58101e-322 1.58101e-322 1.58101e-322 
3.95253e-322 3.95253e-322 3.95253e-322 
2.17897e-316 2.17897e-316 2.17897e-316 
1.63042e-322 1.63042e-322 1.63042e-322 
6.89961e-310 6.89961e-310 6.89961e-310 
2.122e-314 2.122e-314 2.122e-314 
2.18148e-316 2.18148e-316 2.18148e-316 
1.63042e-322 1.63042e-322 1.63042e-322 
2.17588e-316 2.17588e-316 2.17588e-316 2.17588e-316 
0 0 0 0 
1.18576e-321 1.18576e-321 1.18576e-321 1.18576e-321 
2.42092e-322 2.42092e-322 2.42092e-322 2.42092e-322 
0 0 0 0 
-2.42086e+06 -2.42086e+06 -2.42086e+06 -2.42086e+06 
0.000240254 0.000240254 0.000240254 0.000240254 
85071.7 85071.7 85071.7 85071.7 
0 0 0 0 
2.42092e-322 2.42092e-322 2.42092e-322 2.42092e-322 2.42092e-322 
0.00118633 0.00118633 0.00118633 0.00118633 0.00118633 
2.30852e-316 2.30852e-316 2.30852e-316 2.30852e-316 2.30852e-316 
181501 181501 181501 181501 181501 
-0.496614 -0.496614 -0.496614 -0.496614 -0.496614 
1.66006e-321 1.66006e-321 1.66006e-321 1.66006e-321 1.66006e-321 
1.63042e-322 1.63042e-322 1.63042e-322 1.63042e-322 1.63042e-322 
5.33937e-320 5.33937e-320 5.33937e-320 5.33937e-320 5.33937e-320 
0 0 0 0 0 
R=3parameters: 
-0.177734 -0.177734 
0.287941 0.287941 
0.0452385 0.0452385 
-18.362 -18.362 
109.545 109.545 
5.03038e+175 5.03038e+175 
3.5936e+246 3.5936e+246 
2.14726e+243 2.14726e+243 
0.704704 0.704704 
1.8231e-321 1.8231e-321 1.8231e-321 
6.89963e-310 6.89963e-310 6.89963e-310 
6.89963e-310 6.89963e-310 6.89963e-310 
8.84318e-05 8.84318e-05 8.84318e-05 
0.000759682 0.000759682 0.000759682 
0.00218552 0.00218552 0.00218552 
1.63042e-322 1.63042e-322 1.63042e-322 
2.18719e-316 2.18719e-316 2.18719e-316 
2.13472e-316 2.13472e-316 2.13472e-316 
1.09967e-316 1.09967e-316 1.09967e-316 1.09967e-316 
6.37345e-322 6.37345e-322 6.37345e-322 6.37345e-322 
5.56746e-06 5.56746e-06 5.56746e-06 5.56746e-06 
-2.53865e-07 -2.53865e-07 -2.53865e-07 -2.53865e-07 
6.41009e-08 6.41009e-08 6.41009e-08 6.41009e-08 
1.40277e-06 1.40277e-06 1.40277e-06 1.40277e-06 
0 0 0 0 
-0.133717 -0.133717 -0.133717 -0.133717 
-0.914082 -0.914082 -0.914082 -0.914082 
0.37997 0.37997 0.37997 
6.89961e-310 6.89961e-310 6.89961e-310 
-3.36974e+279 -3.36974e+279 -3.36974e+279 
2.17444e-316 2.17444e-316 2.17444e-316 
6.37345e-322 6.37345e-322 6.37345e-322 
0.500001 0.500001 0.500001 
-1.78474e-08 -1.78474e-08 -1.78474e-08 
-9.06931e-06 -9.06931e-06 -9.06931e-06 
-9.76092e-09 -9.76092e-09 -9.76092e-09 
-1.98065e-08 -1.98065e-08 -1.98065e-08 -1.98065e-08 
8.65689e-10 8.65689e-10 8.65689e-10 8.65689e-10 
2.36469e-06 2.36469e-06 2.36469e-06 2.36469e-06 
2.18719e-316 2.18719e-316 2.18719e-316 2.18719e-316 
3.34898e-08 3.34898e-08 3.34898e-08 3.34898e-08 
2.17221e-316 2.17221e-316 2.17221e-316 2.17221e-316 
6.58802e-05 6.58802e-05 6.58802e-05 6.58802e-05 
1.30145e-05 1.30145e-05 1.30145e-05 1.30145e-05 
0 0 0 0 
8.97532e-08 8.97532e-08 8.97532e-08 8.97532e-08 8.97532e-08 
-2.50972e-07 -2.50972e-07 -2.50972e-07 -2.50972e-07 -2.50972e-07 
-9.13935e-06 -9.13935e-06 -9.13935e-06 -9.13935e-06 -9.13935e-06 
1.49326e-05 1.49326e-05 1.49326e-05 1.49326e-05 1.49326e-05 
3.51192 3.51192 3.51192 3.51192 3.51192 
0.189063 0.189063 0.189063 0.189063 0.189063 
1.63042e-322 1.63042e-322 1.63042e-322 1.63042e-322 1.63042e-322 
99819.7 99819.7 99819.7 99819.7 99819.7 
877495 877495 877495 877495 877495 
R=4parameters: 
-0.0284452 -0.0284452 
0.347419 0.347419 
0.000409173 0.000409173 
1.26825 1.26825 
-1.07477 -1.07477 
5.03038e+175 5.03038e+175 
3.5936e+246 3.5936e+246 
2.14726e+243 2.14726e+243 
0.704704 0.704704 
7.16395e-322 7.16395e-322 7.16395e-322 
6.89963e-310 6.89963e-310 6.89963e-310 
-0.000425126 -0.000425126 -0.000425126 
-0.00527351 -0.00527351 -0.00527351 
-0.00620268 -0.00620268 -0.00620268 
-0.00458923 -0.00458923 -0.00458923 
-0.00212793 -0.00212793 -0.00212793 
-0.000571453 -0.000571453 -0.000571453 
2.42092e-322 2.42092e-322 2.42092e-322 
0 0 0 0 
2.17639e-316 2.17639e-316 2.17639e-316 2.17639e-316 
-3.6062 -3.6062 -3.6062 -3.6062 
0.00400845 0.00400845 0.00400845 0.00400845 
0 0 0 0 
1.63042e-322 1.63042e-322 1.63042e-322 1.63042e-322 
6.89961e-310 6.89961e-310 6.89961e-310 6.89961e-310 
2.122e-314 2.122e-314 2.122e-314 2.122e-314 
2.19437e-316 2.19437e-316 2.19437e-316 2.19437e-316 
6.37345e-322 6.37345e-322 6.37345e-322 
2.12244e-316 2.12244e-316 2.12244e-316 
2.07332e-316 2.07332e-316 2.07332e-316 
2.93745e-07 2.93745e-07 2.93745e-07 
-4.77862e-07 -4.77862e-07 -4.77862e-07 
-2.145e-06 -2.145e-06 -2.145e-06 
3.33009e-05 3.33009e-05 3.33009e-05 
-4.01511e-06 -4.01511e-06 -4.01511e-06 
3.19397e-06 3.19397e-06 3.19397e-06 
0 0 0 0 
0 0 0 0 
1 1 1 1 
4.00193e-322 4.00193e-322 4.00193e-322 4.00193e-322 
1.07225e-316 1.07225e-316 1.07225e-316 1.07225e-316 
2.17947e-316 2.17947e-316 2.17947e-316 2.17947e-316 
2.14743e-316 2.14743e-316 2.14743e-316 2.14743e-316 
2.17378e-316 2.17378e-316 2.17378e-316 2.17378e-316 
2.17643e-316 2.17643e-316 2.17643e-316 2.17643e-316 
2.18063e-316 2.18063e-316 2.18063e-316 2.18063e-316 2.18063e-316 
20.3408 20.3408 20.3408 20.3408 20.3408 
-2677.55 -2677.55 -2677.55 -2677.55 -2677.55 
-6634.63 -6634.63 -6634.63 -6634.63 -6634.63 
2.42092e-322 2.42092e-322 2.42092e-322 2.42092e-322 2.42092e-322 
-9.16901e-06 -9.16901e-06 -9.16901e-06 -9.16901e-06 -9.16901e-06 
755.126 755.126 755.126 755.126 755.126 
0.699614 0.699614 0.699614 0.699614 0.699614 
216.63 216.63 216.63 216.63 216.63 
R=5parameters: 
0.104692 0.104692 
0.409063 0.409063 
0.000302825 0.000302825 
1.59781 1.59781 
-1.29109 -1.29109 
5.03038e+175 5.03038e+175 
3.5936e+246 3.5936e+246 
2.14726e+243 2.14726e+243 
0.704704 0.704704 
5.58294e-322 5.58294e-322 5.58294e-322 
1.09998e-316 1.09998e-316 1.09998e-316 
-0.00383213 -0.00383213 -0.00383213 
-0.00727776 -0.00727776 -0.00727776 
-0.00709558 -0.00709558 -0.00709558 
-0.00425155 -0.00425155 -0.00425155 
-0.000600766 -0.000600766 -0.000600766 
0 0 0 
0 0 0 
0 0 0 0 
0 0 0 0 
0 0 0 0 
0 0 0 0 
0 0 0 0 
0 0 0 0 
5.77248e-06 5.77248e-06 5.77248e-06 5.77248e-06 
-5.50116e-06 -5.50116e-06 -5.50116e-06 -5.50116e-06 
-0.000139487 -0.000139487 -0.000139487 -0.000139487 
0.0153199 0.0153199 0.0153199 
-0.00324534 -0.00324534 -0.00324534 
0.000176651 0.000176651 0.000176651 
-0.0206664 -0.0206664 -0.0206664 
0.028592 0.028592 0.028592 
0 0 0 
0 0 0 
0 0 0 
0 0 0 
1.10671e-321 1.10671e-321 1.10671e-321 1.10671e-321 
3.95253e-322 3.95253e-322 3.95253e-322 3.95253e-322 
2.19403e-316 2.19403e-316 2.19403e-316 2.19403e-316 
-3.36974e+279 -3.36974e+279 -3.36974e+279 -3.36974e+279 
2.3091e-316 2.3091e-316 2.3091e-316 2.3091e-316 
2.19669e-316 2.19669e-316 2.19669e-316 2.19669e-316 
2.29869e-316 2.29869e-316 2.29869e-316 2.29869e-316 
2.18431e-316 2.18431e-316 2.18431e-316 2.18431e-316 
37537 37537 37537 37537 
2491.89 2491.89 2491.89 2491.89 2491.89 
1.50196e-321 1.50196e-321 1.50196e-321 1.50196e-321 1.50196e-321 
3.16202e-322 3.16202e-322 3.16202e-322 3.16202e-322 3.16202e-322 
6.89946e-310 6.89946e-310 6.89946e-310 6.89946e-310 6.89946e-310 
2.31187e-316 2.31187e-316 2.31187e-316 2.31187e-316 2.31187e-316 
1.061e-313 1.061e-313 1.061e-313 1.061e-313 1.061e-313 
1.63042e-322 1.63042e-322 1.63042e-322 1.63042e-322 1.63042e-322 
2.17662e-316 2.17662e-316 2.17662e-316 2.17662e-316 2.17662e-316 
2.31045e-316 2.31045e-316 2.31045e-316 2.31045e-316 2.31045e-316 
R=6parameters: 
0.221841 0.221841 
0.474959 0.474959 
0.112474 0.112474 
4.54761 4.54761 
-20.3373 -20.3373 
5.03038e+175 5.03038e+175 
3.5936e+246 3.5936e+246 
2.14726e+243 2.14726e+243 
0.704704 0.704704 
1.8231e-321 1.8231e-321 1.8231e-321 
6.89963e-310 6.89963e-310 6.89963e-310 
6.89963e-310 6.89963e-310 6.89963e-310 
1.09966e-316 1.09966e-316 1.09966e-316 
6.37345e-322 6.37345e-322 6.37345e-322 
8.38265e-05 8.38265e-05 8.38265e-05 
-1.02556e-06 -1.02556e-06 -1.02556e-06 
2.66206e-06 2.66206e-06 2.66206e-06 
-1.4432e-06 -1.4432e-06 -1.4432e-06 
4.78095e-06 4.78095e-06 4.78095e-06 4.78095e-06 
0.000104115 0.000104115 0.000104115 0.000104115 
0 0 0 0 
2.18719e-316 2.18719e-316 2.18719e-316 2.18719e-316 
3.23796e-319 3.23796e-319 3.23796e-319 3.23796e-319 
2.42092e-322 2.42092e-322 2.42092e-322 2.42092e-322 
0 0 0 0 
5.45333e+06 5.45333e+06 5.45333e+06 5.45333e+06 
0 0 0 0 
0 0 0 
2.37152e-322 2.37152e-322 2.37152e-322 
3.16202e-322 3.16202e-322 3.16202e-322 
2.131e-316 2.131e-316 2.131e-316 
2.31095e-316 2.31095e-316 2.31095e-316 
0.000138419 0.000138419 0.000138419 
2.30885e-316 2.30885e-316 2.30885e-316 
2027.06 2027.06 2027.06 
2.13378e-316 2.13378e-316 2.13378e-316 
1.10671e-321 1.10671e-321 1.10671e-321 1.10671e-321 
3.95253e-322 3.95253e-322 3.95253e-322 3.95253e-322 
2.30922e-316 2.30922e-316 2.30922e-316 2.30922e-316 
0.00022026 0.00022026 0.00022026 0.00022026 
0 0 0 0 
0 0 0 0 
0 0 0 0 
0 0 0 0 
1.67772e+07 1.67772e+07 1.67772e+07 1.67772e+07 
4.00193e-322 4.00193e-322 4.00193e-322 4.00193e-322 4.00193e-322 
2.31187e-316 2.31187e-316 2.31187e-316 2.31187e-316 2.31187e-316 
2.18718e-316 2.18718e-316 2.18718e-316 2.18718e-316 2.18718e-316 
0.00147572 0.00147572 0.00147572 0.00147572 0.00147572 
0.00129495 0.00129495 0.00129495 0.00129495 0.00129495 
0.00119202 0.00119202 0.00119202 0.00119202 0.00119202 
2.17644e-316 2.17644e-316 2.17644e-316 2.17644e-316 2.17644e-316 
22.5784 22.5784 22.5784 22.5784 22.5784 
-56.4796 -56.4796 -56.4796 -56.4796 -56.4796 
R=7parameters: 
0.311602 0.311602 
0.546357 0.546357 
0.757639 0.757639 
0.940153 0.940153 
-11.0972 -11.0972 
5.03038e+175 5.03038e+175 
3.5936e+246 3.5936e+246 
2.14726e+243 2.14726e+243 
0.704704 0.704704 
1.8231e-321 1.8231e-321 1.8231e-321 
6.89963e-310 6.89963e-310 6.89963e-310 
6.89963e-310 6.89963e-310 6.89963e-310 
-3661.46 -3661.46 -3661.46 
0.940153 0.940153 0.940153 
129.884 129.884 129.884 
3.21143e-322 3.21143e-322 3.21143e-322 
2.47033e-323 2.47033e-323 2.47033e-323 
2.17377e-316 2.17377e-316 2.17377e-316 
2.47033e-323 2.47033e-323 2.47033e-323 2.47033e-323 
2.30897e-316 2.30897e-316 2.30897e-316 2.30897e-316 
1601.91 1601.91 1601.91 1601.91 
2.30863e-316 2.30863e-316 2.30863e-316 2.30863e-316 
1.66105e-316 1.66105e-316 1.66105e-316 1.66105e-316 
6.37345e-322 6.37345e-322 6.37345e-322 6.37345e-322 
1153.05 1153.05 1153.05 1153.05 
2.17579e-316 2.17579e-316 2.17579e-316 2.17579e-316 
8423.95 8423.95 8423.95 8423.95 
1.63042e-322 1.63042e-322 1.63042e-322 
2.09904e-316 2.09904e-316 2.09904e-316 
2.18676e-316 2.18676e-316 2.18676e-316 
1.58101e-322 1.58101e-322 1.58101e-322 
2.37152e-322 2.37152e-322 2.37152e-322 
2.19548e-316 2.19548e-316 2.19548e-316 
1.6064e-05 1.6064e-05 1.6064e-05 
2.18719e-316 2.18719e-316 2.18719e-316 
1.63042e-322 1.63042e-322 1.63042e-322 
6.89961e-310 6.89961e-310 6.89961e-310 6.89961e-310 
2.122e-314 2.122e-314 2.122e-314 2.122e-314 
2.18064e-316 2.18064e-316 2.18064e-316 2.18064e-316 
4.00193e-322 4.00193e-322 4.00193e-322 4.00193e-322 
2.17311e-316 2.17311e-316 2.17311e-316 2.17311e-316 
2.17581e-316 2.17581e-316 2.17581e-316 2.17581e-316 
2.1761e-316 2.1761e-316 2.1761e-316 2.1761e-316 
2.19272e-316 2.19272e-316 2.19272e-316 2.19272e-316 
2.17584e-316 2.17584e-316 2.17584e-316 2.17584e-316 
2.19077e-316 2.19077e-316 2.19077e-316 2.19077e-316 2.19077e-316 
2082.55 2082.55 2082.55 2082.55 2082.55 
-796.03 -796.03 -796.03 -796.03 -796.03 
115.166 115.166 115.166 115.166 115.166 
2.122e-314 2.122e-314 2.122e-314 2.122e-314 2.122e-314 
2.13001e-316 2.13001e-316 2.13001e-316 2.13001e-316 2.13001e-316 
1.63042e-322 1.63042e-322 1.63042e-322 1.63042e-322 1.63042e-322 
2.19571e-316 2.19571e-316 2.19571e-316 2.19571e-316 2.19571e-316 
1.50782e+161 1.50782e+161 1.50782e+161 1.50782e+161 1.50782e+161 
R=8parameters: 
0.375857 0.375857 
0.623441 0.623441 
-0.0439332 -0.0439332 
-5.95971 -5.95971 
9.77183 9.77183 
5.03038e+175 5.03038e+175 
3.5936e+246 3.5936e+246 
2.14726e+243 2.14726e+243 
0.704704 0.704704 
7.95446e-322 7.95446e-322 7.95446e-322 
2.15442e-316 2.15442e-316 2.15442e-316 
2.15445e-316 2.15445e-316 2.15445e-316 
1.22537e-05 1.22537e-05 1.22537e-05 
0 0 0 
0 0 0 
1.67772e+07 1.67772e+07 1.67772e+07 
0 0 0 
-606.95 -606.95 -606.95 
0.0078125 0.0078125 0.0078125 0.0078125 
-32.9901 -32.9901 -32.9901 -32.9901 
9.77183 9.77183 9.77183 9.77183 
3.21143e-322 3.21143e-322 3.21143e-322 3.21143e-322 
2.47033e-323 2.47033e-323 2.47033e-323 2.47033e-323 
2.15441e-316 2.15441e-316 2.15441e-316 2.15441e-316 
2.47033e-323 2.47033e-323 2.47033e-323 2.47033e-323 
2.1722e-316 2.1722e-316 2.1722e-316 2.1722e-316 
1289.85 1289.85 1289.85 1289.85 
2.1722e-316 2.1722e-316 2.1722e-316 
3.23796e-319 3.23796e-319 3.23796e-319 
4.00193e-322 4.00193e-322 4.00193e-322 
2.18145e-316 2.18145e-316 2.18145e-316 
2.1761e-316 2.1761e-316 2.1761e-316 
-0.00287308 -0.00287308 -0.00287308 
0.000987569 0.000987569 0.000987569 
0.00177756 0.00177756 0.00177756 
0.000587436 0.000587436 0.000587436 
-0.000409015 -0.000409015 -0.000409015 -0.000409015 
-0.000177134 -0.000177134 -0.000177134 -0.000177134 
1.18576e-321 1.18576e-321 1.18576e-321 1.18576e-321 
6.32404e-322 6.32404e-322 6.32404e-322 6.32404e-322 
2.19548e-316 2.19548e-316 2.19548e-316 2.19548e-316 
-1.49005 -1.49005 -1.49005 -1.49005 
9.77183 9.77183 9.77183 9.77183 
-2.83342 -2.83342 -2.83342 -2.83342 
-9.76047e-08 -9.76047e-08 -9.76047e-08 -9.76047e-08 
1.40403e-07 1.40403e-07 1.40403e-07 1.40403e-07 1.40403e-07 
5.00611e-06 5.00611e-06 5.00611e-06 5.00611e-06 5.00611e-06 
2.62561e-06 2.62561e-06 2.62561e-06 2.62561e-06 2.62561e-06 
0 0 0 0 0 
0.000648371 0.000648371 0.000648371 0.000648371 0.000648371 
-0.000827369 -0.000827369 -0.000827369 -0.000827369 -0.000827369 
0.000662905 0.000662905 0.000662905 0.000662905 0.000662905 
17164.7 17164.7 17164.7 17164.7 17164.7 
2.1764e-316 2.1764e-316 2.1764e-316 2.1764e-316 2.1764e-316 
R=9parameters: 
0.41672 0.41672 
0.695404 0.695404 
0.00314399 0.00314399 
8.77327 8.77327 
-5.48602 -5.48602 
5.03038e+175 5.03038e+175 
3.5936e+246 3.5936e+246 
2.14726e+243 2.14726e+243 
0.704704 0.704704 
1.8231e-321 1.8231e-321 1.8231e-321 
6.89963e-310 6.89963e-310 6.89963e-310 
6.89963e-310 6.89963e-310 6.89963e-310 
2.12754e-316 2.12754e-316 2.12754e-316 
2.17869e-316 2.17869e-316 2.17869e-316 
2.17868e-316 2.17868e-316 2.17868e-316 
2.17868e-316 2.17868e-316 2.17868e-316 
1.03017 1.03017 1.03017 
5.04935e-321 5.04935e-321 5.04935e-321 
0.594086 0.594086 0.594086 0.594086 
1.42785e-321 1.42785e-321 1.42785e-321 1.42785e-321 
2.30914e-316 2.30914e-316 2.30914e-316 2.30914e-316 
-0.00224091 -0.00224091 -0.00224091 -0.00224091 
1.1363e-05 1.1363e-05 1.1363e-05 1.1363e-05 
0.0657069 0.0657069 0.0657069 0.0657069 
0.000313174 0.000313174 0.000313174 0.000313174 
0.00329181 0.00329181 0.00329181 0.00329181 
0.00649308 0.00649308 0.00649308 0.00649308 
-0.00132912 -0.00132912 -0.00132912 
-0.0138448 -0.0138448 -0.0138448 
0.0620609 0.0620609 0.0620609 
0 0 0 
0 0 0 
0 0 0 
0 0 0 
1.67772e+07 1.67772e+07 1.67772e+07 
3.21143e-322 3.21143e-322 3.21143e-322 
2.17444e-316 2.17444e-316 2.17444e-316 2.17444e-316 
2.13811e-316 2.13811e-316 2.13811e-316 2.13811e-316 
1.58101e-322 1.58101e-322 1.58101e-322 1.58101e-322 
0 0 0 0 
1.67772e+07 1.67772e+07 1.67772e+07 1.67772e+07 
1.63042e-322 1.63042e-322 1.63042e-322 1.63042e-322 
6.89961e-310 6.89961e-310 6.89961e-310 6.89961e-310 
2.122e-314 2.122e-314 2.122e-314 2.122e-314 
2.30914e-316 2.30914e-316 2.30914e-316 2.30914e-316 
2.42092e-322 2.42092e-322 2.42092e-322 2.42092e-322 2.42092e-322 
2.18784e-316 2.18784e-316 2.18784e-316 2.18784e-316 2.18784e-316 
1.63042e-322 1.63042e-322 1.63042e-322 1.63042e-322 1.63042e-322 
6.89961e-310 6.89961e-310 6.89961e-310 6.89961e-310 6.89961e-310 
2.122e-314 2.122e-314 2.122e-314 2.122e-314 2.122e-314 
55099.7 55099.7 55099.7 55099.7 55099.7 
1.09966e-316 1.09966e-316 1.09966e-316 1.09966e-316 1.09966e-316 
8827.81 8827.81 8827.81 8827.81 8827.81 
1.53665e+09 1.53665e+09 1.53665e+09 1.53665e+09 1.53665e+09 
R=10parameters: 
0.434609 0.434609 
0.750899 0.750899 
-0.375471 -0.375471 
-0.674643 -0.674643 
-6.88704 -6.88704 
5.03038e+175 5.03038e+175 
3.5936e+246 3.5936e+246 
2.14726e+243 2.14726e+243 
0.704704 0.704704 
1.8231e-321 1.8231e-321 1.8231e-321 
6.89963e-310 6.89963e-310 6.89963e-310 
6.89963e-310 6.89963e-310 6.89963e-310 
1.58101e-322 1.58101e-322 1.58101e-322 
3.16202e-322 3.16202e-322 3.16202e-322 
2.31088e-316 2.31088e-316 2.31088e-316 
2.17647e-316 2.17647e-316 2.17647e-316 
2.19606e-316 2.19606e-316 2.19606e-316 
2.17443e-316 2.17443e-316 2.17443e-316 
2.30959e-316 2.30959e-316 2.30959e-316 2.30959e-316 
2.12437e-316 2.12437e-316 2.12437e-316 2.12437e-316 
0.167369 0.167369 0.167369 0.167369 
304.373 304.373 304.373 304.373 
-197.627 -197.627 -197.627 -197.627 
3.21143e-322 3.21143e-322 3.21143e-322 3.21143e-322 
2.47033e-323 2.47033e-323 2.47033e-323 2.47033e-323 
2.19631e-316 2.19631e-316 2.19631e-316 2.19631e-316 
2.47033e-323 2.47033e-323 2.47033e-323 2.47033e-323 
4.25805e-86 4.25805e-86 4.25805e-86 
1.18295e-76 1.18295e-76 1.18295e-76 
2.17588e-316 2.17588e-316 2.17588e-316 
3.23796e-319 3.23796e-319 3.23796e-319 
9.53547e-322 9.53547e-322 9.53547e-322 
2.11967e-316 2.11967e-316 2.11967e-316 
2.1872e-316 2.1872e-316 2.1872e-316 
3.23796e-319 3.23796e-319 3.23796e-319 
7.95446e-322 7.95446e-322 7.95446e-322 
2.17981e-316 2.17981e-316 2.17981e-316 2.17981e-316 
2.17641e-316 2.17641e-316 2.17641e-316 2.17641e-316 
3.03441e+06 3.03441e+06 3.03441e+06 3.03441e+06 
0 0 0 0 
2.37152e-322 2.37152e-322 2.37152e-322 2.37152e-322 
2.122e-314 2.122e-314 2.122e-314 2.122e-314 
2.19436e-316 2.19436e-316 2.19436e-316 2.19436e-316 
3.16202e-322 3.16202e-322 3.16202e-322 3.16202e-322 
2.17592e-316 2.17592e-316 2.17592e-316 2.17592e-316 
2.17981e-316 2.17981e-316 2.17981e-316 2.17981e-316 2.17981e-316 
145.308 145.308 145.308 145.308 145.308 
2.17442e-316 2.17442e-316 2.17442e-316 2.17442e-316 2.17442e-316 
6.89961e-310 6.89961e-310 6.89961e-310 6.89961e-310 6.89961e-310 
0 0 0 0 0 
2.18719e-316 2.18719e-316 2.18719e-316 2.18719e-316 2.18719e-316 
2790.09 2790.09 2790.09 2790.09 2790.09 
3.06681e-05 3.06681e-05 3.06681e-05 3.06681e-05 3.06681e-05 
2.35257e-05 2.35257e-05 2.35257e-05 2.35257e-05 2.35257e-05 
R=11parameters: 
0.437272 0.437272 
0.771609 0.771609 
-0.00487565 -0.00487565 
-1.50762 -1.50762 
2.47789 2.47789 
5.03038e+175 5.03038e+175 
3.5936e+246 3.5936e+246 
2.14726e+243 2.14726e+243 
0.704704 0.704704 
1.8231e-321 1.8231e-321 1.8231e-321 
6.89963e-310 6.89963e-310 6.89963e-310 
6.89963e-310 6.89963e-310 6.89963e-310 
1.58101e-322 1.58101e-322 1.58101e-322 
6.32404e-322 6.32404e-322 6.32404e-322 
2.17475e-316 2.17475e-316 2.17475e-316 
4.65586e-05 4.65586e-05 4.65586e-05 
4.95195e-05 4.95195e-05 4.95195e-05 
1.63042e-322 1.63042e-322 1.63042e-322 
6.89961e-310 6.89961e-310 6.89961e-310 6.89961e-310 
2.122e-314 2.122e-314 2.122e-314 2.122e-314 
2.14179e-316 2.14179e-316 2.14179e-316 2.14179e-316 
2.42092e-322 2.42092e-322 2.42092e-322 2.42092e-322 
0.000110267 0.000110267 0.000110267 0.000110267 
2.31016e-316 2.31016e-316 2.31016e-316 2.31016e-316 
0.03125 0.03125 0.03125 0.03125 
0.000603808 0.000603808 0.000603808 0.000603808 
3.95253e-322 3.95253e-322 3.95253e-322 3.95253e-322 
2.37152e-322 2.37152e-322 2.37152e-322 
2.13054e-316 2.13054e-316 2.13054e-316 
0 0 0 
0 0 0 
0 0 0 
6.32404e-322 6.32404e-322 6.32404e-322 
2.37152e-322 2.37152e-322 2.37152e-322 
2.19621e-316 2.19621e-316 2.19621e-316 
347878 347878 347878 
5482.03 5482.03 5482.03 5482.03 
649.457 649.457 649.457 649.457 
0 0 0 0 
3.21143e-322 3.21143e-322 3.21143e-322 3.21143e-322 
1.96621e-316 1.96621e-316 1.96621e-316 1.96621e-316 
2.17638e-316 2.17638e-316 2.17638e-316 2.17638e-316 
2.47033e-323 2.47033e-323 2.47033e-323 2.47033e-323 
0.000155103 0.000155103 0.000155103 0.000155103 
5.17352e-05 5.17352e-05 5.17352e-05 5.17352e-05 
0.000894438 0.000894438 0.000894438 0.000894438 0.000894438 
26844.1 26844.1 26844.1 26844.1 26844.1 
3.21143e-322 3.21143e-322 3.21143e-322 3.21143e-322 3.21143e-322 
2.17471e-316 2.17471e-316 2.17471e-316 2.17471e-316 2.17471e-316 
4.34874e-05 4.34874e-05 4.34874e-05 4.34874e-05 4.34874e-05 
6.89961e-310 6.89961e-310 6.89961e-310 6.89961e-310 6.89961e-310 
1.63042e-322 1.63042e-322 1.63042e-322 1.63042e-322 1.63042e-322 
6.89961e-310 6.89961e-310 6.89961e-310 6.89961e-310 6.89961e-310 
2.122e-314 2.122e-314 2.122e-314 2.122e-314 2.122e-314 
T Models:
(* Fitting with shape 1 1 1 1 1 1 1 1 1 1 0 0 *)
G[T_,xx_]:=Exp[0+xx[[1]]*T^1+xx[[2]]*T^2]*(1)
(* Fitting with shape 1 1 1 1 1 1 1 1 1 1 1 0 *)
G[T_,xx_]:=Exp[0+xx[[1]]*T^1+xx[[2]]*T^2]*(1)
(* Fitting with shape 1 1 1 1 1 1 1 1 1 1 1 1 *)
G[T_,xx_]:=Exp[0+xx[[1]]*T^1+xx[[2]]*T^2]*(1)
(* Fitting with shape 0 1 1 1 1 1 1 1 1 1 0 0 *)
G[T_,xx_]:=Exp[0+xx[[1]]*T^1+xx[[2]]*T^2]*(1)
(* Fitting with shape 0 1 1 1 1 1 1 1 1 1 1 0 *)
G[T_,xx_]:=Exp[0+xx[[1]]*T^1+xx[[2]]*T^2]*(1)
(* Fitting with shape 0 1 1 1 1 1 1 1 1 1 1 1 *)
G[T_,xx_]:=Exp[0+xx[[1]]*T^1+xx[[2]]*T^2]*(1)
(* Fitting with shape 0 0 1 1 1 1 1 1 1 1 0 0 *)
G[T_,xx_]:=Exp[0+xx[[1]]*T^1+xx[[2]]*T^2]*(1)
(* Fitting with shape 0 0 1 1 1 1 1 1 1 1 1 0 *)
G[T_,xx_]:=Exp[0+xx[[1]]*T^1+xx[[2]]*T^2]*(1)
(* Fitting with shape 0 0 1 1 1 1 1 1 1 1 1 1 *)
G[T_,xx_]:=Exp[0+xx[[1]]*T^1+xx[[2]]*T^2]*(1)
(* Fitting with shape 1 1 1 1 1 1 1 1 1 1 0 0 *)
G[T_,xx_]:=Exp[0+xx[[1]]*T^1+xx[[2]]*T^2]*(1+xx[[3]]/(T^1))
(* Fitting with shape 1 1 1 1 1 1 1 1 1 1 1 0 *)
G[T_,xx_]:=Exp[0+xx[[1]]*T^1+xx[[2]]*T^2]*(1+xx[[3]]/(T^1))
(* Fitting with shape 1 1 1 1 1 1 1 1 1 1 1 1 *)
G[T_,xx_]:=Exp[0+xx[[1]]*T^1+xx[[2]]*T^2]*(1+xx[[3]]/(T^1))
(* Fitting with shape 0 1 1 1 1 1 1 1 1 1 0 0 *)
G[T_,xx_]:=Exp[0+xx[[1]]*T^1+xx[[2]]*T^2]*(1+xx[[3]]/(T^1))
(* Fitting with shape 0 1 1 1 1 1 1 1 1 1 1 0 *)
G[T_,xx_]:=Exp[0+xx[[1]]*T^1+xx[[2]]*T^2]*(1+xx[[3]]/(T^1))
(* Fitting with shape 0 1 1 1 1 1 1 1 1 1 1 1 *)
G[T_,xx_]:=Exp[0+xx[[1]]*T^1+xx[[2]]*T^2]*(1+xx[[3]]/(T^1))
(* Fitting with shape 0 0 1 1 1 1 1 1 1 1 0 0 *)
G[T_,xx_]:=Exp[0+xx[[1]]*T^1+xx[[2]]*T^2]*(1+xx[[3]]/(T^1))
(* Fitting with shape 0 0 1 1 1 1 1 1 1 1 1 0 *)
G[T_,xx_]:=Exp[0+xx[[1]]*T^1+xx[[2]]*T^2]*(1+xx[[3]]/(T^1))
(* Fitting with shape 0 0 1 1 1 1 1 1 1 1 1 1 *)
G[T_,xx_]:=Exp[0+xx[[1]]*T^1+xx[[2]]*T^2]*(1+xx[[3]]/(T^1))
(* Fitting with shape 1 1 1 1 1 1 1 1 1 1 0 0 *)
G[T_,xx_]:=Exp[0+xx[[1]]*T^1+xx[[2]]*T^2]*(1+xx[[3]]/(T^1)+xx[[4]]/(T^2))
(* Fitting with shape 1 1 1 1 1 1 1 1 1 1 1 0 *)
G[T_,xx_]:=Exp[0+xx[[1]]*T^1+xx[[2]]*T^2]*(1+xx[[3]]/(T^1)+xx[[4]]/(T^2))
(* Fitting with shape 1 1 1 1 1 1 1 1 1 1 1 1 *)
G[T_,xx_]:=Exp[0+xx[[1]]*T^1+xx[[2]]*T^2]*(1+xx[[3]]/(T^1)+xx[[4]]/(T^2))
(* Fitting with shape 0 1 1 1 1 1 1 1 1 1 0 0 *)
G[T_,xx_]:=Exp[0+xx[[1]]*T^1+xx[[2]]*T^2]*(1+xx[[3]]/(T^1)+xx[[4]]/(T^2))
(* Fitting with shape 0 1 1 1 1 1 1 1 1 1 1 0 *)
G[T_,xx_]:=Exp[0+xx[[1]]*T^1+xx[[2]]*T^2]*(1+xx[[3]]/(T^1)+xx[[4]]/(T^2))
(* Fitting with shape 0 1 1 1 1 1 1 1 1 1 1 1 *)
G[T_,xx_]:=Exp[0+xx[[1]]*T^1+xx[[2]]*T^2]*(1+xx[[3]]/(T^1)+xx[[4]]/(T^2))
(* Fitting with shape 0 0 1 1 1 1 1 1 1 1 0 0 *)
G[T_,xx_]:=Exp[0+xx[[1]]*T^1+xx[[2]]*T^2]*(1+xx[[3]]/(T^1)+xx[[4]]/(T^2))
(* Fitting with shape 0 0 1 1 1 1 1 1 1 1 1 0 *)
G[T_,xx_]:=Exp[0+xx[[1]]*T^1+xx[[2]]*T^2]*(1+xx[[3]]/(T^1)+xx[[4]]/(T^2))
(* Fitting with shape 0 0 1 1 1 1 1 1 1 1 1 1 *)
G[T_,xx_]:=Exp[0+xx[[1]]*T^1+xx[[2]]*T^2]*(1+xx[[3]]/(T^1)+xx[[4]]/(T^2))
(* Fitting with shape 1 1 1 1 1 1 1 1 1 1 0 0 *)
G[T_,xx_]:=Exp[0+xx[[1]]*T^1+xx[[2]]*T^2+xx[[3]]*T^3]*(1)
(* Fitting with shape 1 1 1 1 1 1 1 1 1 1 1 0 *)
G[T_,xx_]:=Exp[0+xx[[1]]*T^1+xx[[2]]*T^2+xx[[3]]*T^3]*(1)
(* Fitting with shape 1 1 1 1 1 1 1 1 1 1 1 1 *)
G[T_,xx_]:=Exp[0+xx[[1]]*T^1+xx[[2]]*T^2+xx[[3]]*T^3]*(1)
(* Fitting with shape 0 1 1 1 1 1 1 1 1 1 0 0 *)
G[T_,xx_]:=Exp[0+xx[[1]]*T^1+xx[[2]]*T^2+xx[[3]]*T^3]*(1)
(* Fitting with shape 0 1 1 1 1 1 1 1 1 1 1 0 *)
G[T_,xx_]:=Exp[0+xx[[1]]*T^1+xx[[2]]*T^2+xx[[3]]*T^3]*(1)
(* Fitting with shape 0 1 1 1 1 1 1 1 1 1 1 1 *)
G[T_,xx_]:=Exp[0+xx[[1]]*T^1+xx[[2]]*T^2+xx[[3]]*T^3]*(1)
(* Fitting with shape 0 0 1 1 1 1 1 1 1 1 0 0 *)
G[T_,xx_]:=Exp[0+xx[[1]]*T^1+xx[[2]]*T^2+xx[[3]]*T^3]*(1)
(* Fitting with shape 0 0 1 1 1 1 1 1 1 1 1 0 *)
G[T_,xx_]:=Exp[0+xx[[1]]*T^1+xx[[2]]*T^2+xx[[3]]*T^3]*(1)
(* Fitting with shape 0 0 1 1 1 1 1 1 1 1 1 1 *)
G[T_,xx_]:=Exp[0+xx[[1]]*T^1+xx[[2]]*T^2+xx[[3]]*T^3]*(1)
(* Fitting with shape 1 1 1 1 1 1 1 1 1 1 0 0 *)
G[T_,xx_]:=Exp[0+xx[[1]]*T^1+xx[[2]]*T^2+xx[[3]]*T^3]*(1+xx[[4]]/(T^1))
(* Fitting with shape 1 1 1 1 1 1 1 1 1 1 1 0 *)
G[T_,xx_]:=Exp[0+xx[[1]]*T^1+xx[[2]]*T^2+xx[[3]]*T^3]*(1+xx[[4]]/(T^1))
(* Fitting with shape 1 1 1 1 1 1 1 1 1 1 1 1 *)
G[T_,xx_]:=Exp[0+xx[[1]]*T^1+xx[[2]]*T^2+xx[[3]]*T^3]*(1+xx[[4]]/(T^1))
(* Fitting with shape 0 1 1 1 1 1 1 1 1 1 0 0 *)
G[T_,xx_]:=Exp[0+xx[[1]]*T^1+xx[[2]]*T^2+xx[[3]]*T^3]*(1+xx[[4]]/(T^1))
(* Fitting with shape 0 1 1 1 1 1 1 1 1 1 1 0 *)
G[T_,xx_]:=Exp[0+xx[[1]]*T^1+xx[[2]]*T^2+xx[[3]]*T^3]*(1+xx[[4]]/(T^1))
(* Fitting with shape 0 1 1 1 1 1 1 1 1 1 1 1 *)
G[T_,xx_]:=Exp[0+xx[[1]]*T^1+xx[[2]]*T^2+xx[[3]]*T^3]*(1+xx[[4]]/(T^1))
(* Fitting with shape 0 0 1 1 1 1 1 1 1 1 0 0 *)
G[T_,xx_]:=Exp[0+xx[[1]]*T^1+xx[[2]]*T^2+xx[[3]]*T^3]*(1+xx[[4]]/(T^1))
(* Fitting with shape 0 0 1 1 1 1 1 1 1 1 1 0 *)
G[T_,xx_]:=Exp[0+xx[[1]]*T^1+xx[[2]]*T^2+xx[[3]]*T^3]*(1+xx[[4]]/(T^1))
(* Fitting with shape 0 0 1 1 1 1 1 1 1 1 1 1 *)
G[T_,xx_]:=Exp[0+xx[[1]]*T^1+xx[[2]]*T^2+xx[[3]]*T^3]*(1+xx[[4]]/(T^1))
(* Fitting with shape 1 1 1 1 1 1 1 1 1 1 0 0 *)
G[T_,xx_]:=Exp[0+xx[[1]]*T^1+xx[[2]]*T^2+xx[[3]]*T^3]*(1+xx[[4]]/(T^1)+xx[[5]]/(T^2))
(* Fitting with shape 1 1 1 1 1 1 1 1 1 1 1 0 *)
G[T_,xx_]:=Exp[0+xx[[1]]*T^1+xx[[2]]*T^2+xx[[3]]*T^3]*(1+xx[[4]]/(T^1)+xx[[5]]/(T^2))
(* Fitting with shape 1 1 1 1 1 1 1 1 1 1 1 1 *)
G[T_,xx_]:=Exp[0+xx[[1]]*T^1+xx[[2]]*T^2+xx[[3]]*T^3]*(1+xx[[4]]/(T^1)+xx[[5]]/(T^2))
(* Fitting with shape 0 1 1 1 1 1 1 1 1 1 0 0 *)
G[T_,xx_]:=Exp[0+xx[[1]]*T^1+xx[[2]]*T^2+xx[[3]]*T^3]*(1+xx[[4]]/(T^1)+xx[[5]]/(T^2))
(* Fitting with shape 0 1 1 1 1 1 1 1 1 1 1 0 *)
G[T_,xx_]:=Exp[0+xx[[1]]*T^1+xx[[2]]*T^2+xx[[3]]*T^3]*(1+xx[[4]]/(T^1)+xx[[5]]/(T^2))
(* Fitting with shape 0 1 1 1 1 1 1 1 1 1 1 1 *)
G[T_,xx_]:=Exp[0+xx[[1]]*T^1+xx[[2]]*T^2+xx[[3]]*T^3]*(1+xx[[4]]/(T^1)+xx[[5]]/(T^2))
(* Fitting with shape 0 0 1 1 1 1 1 1 1 1 0 0 *)
G[T_,xx_]:=Exp[0+xx[[1]]*T^1+xx[[2]]*T^2+xx[[3]]*T^3]*(1+xx[[4]]/(T^1)+xx[[5]]/(T^2))
(* Fitting with shape 0 0 1 1 1 1 1 1 1 1 1 0 *)
G[T_,xx_]:=Exp[0+xx[[1]]*T^1+xx[[2]]*T^2+xx[[3]]*T^3]*(1+xx[[4]]/(T^1)+xx[[5]]/(T^2))
(* Fitting with shape 0 0 1 1 1 1 1 1 1 1 1 1 *)
G[T_,xx_]:=Exp[0+xx[[1]]*T^1+xx[[2]]*T^2+xx[[3]]*T^3]*(1+xx[[4]]/(T^1)+xx[[5]]/(T^2))
Probabilities: 
         0          0          0          0          0          0          0          0          0          0          0          0          0          0          0          0          0          0          0          0          0          0          0          0          0          0          0          0          0          0          0          0          0          0          0          0          0          0          0          0          0          0          0          0          0          0          0          0          0          0          0          1          0          0
         0          0          0          0          0          0          0          0          0          0          0          0          0          0          0          0          0          0          0          0          0          0          0          0          0          0          0          0          0          0          0          0          0          0          0          0          0          0          0          0          0          0          0          0          0          0          0          0          0          0          0          1          0          0
         0          0          0          0          0          0          0          0          0          0          0          0          0          0          0          0          0          0          0          0          0          0          0          0    0.68811          0          0          0          0          0          0          0          0          0          0          0          0          0          0          0          0          0          0          0          0          0          0          0          0          0          0    0.31189          0          0
         0          0          0          0          0          0          0          0          0          0          0          0          0          0          0          0          0          0          0          0          0          0          0          0          0          0          0          0          0          0          0          0          0          0          0          0          0          0          0          0          0          0          1          0          0          0          0          0          0          0          0          0          0          0
         0          0          0          0          0          0          0          0          0          0          0          0          0          0          0          0          0          0          0          0          0          0          0          0   0.731031          0          0          0          0          0          0          0          0          0          0          0          0          0          0          0          0          0          0          0          0          0          0          0          0          0          0   0.268969          0          0
         0          0          0          0          0          0          0          0          0          0          0          0          0          0          0          0          0          0          0          0          0          0          0          0   0.466904          0          0          0          0          0          0          0          0          0          0          0          0          0          0          0          0          0   0.358724          0          0          0          0          0          0          0          0   0.174372          0          0
         0          0          0          0          0          0          0          0          0          0          0          0          0          0          0   0.258446          0          0          0          0          0          0          0          0   0.476364          0          0          0          0          0          0          0          0          0          0          0          0          0          0          0          0          0          0          0          0          0          0          0          0          0          0    0.26519          0          0
         0          0          0          0          0          0          0          0          0          0          0          0          0          0          0    0.57472          0          0          0          0          0          0          0          0    0.42528          0          0          0          0          0          0          0          0          0          0          0          0          0          0          0          0          0          0          0          0          0          0          0          0          0          0          0          0          0
         0          0          0          0          0          0          0          0          0          0          0          0          0          0          0   0.486486          0          0          0          0          0          0          0          0   0.228341          0          0          0          0          0          0          0          0          0          0          0          0          0          0          0          0          0   0.285173          0          0          0          0          0          0          0          0          0          0          0
         0          0          0          0          0          0          0          0          0          0          0          0          0          0          0   0.563351          0          0          0          0          0          0          0          0   0.245881          0          0          0          0          0          0          0          0          0          0          0          0          0          0          0          0          0          0          0          0          0          0          0          0          0          0   0.190768          0          0
         0          0          0          0          0          0 0.00759363          0          0          0          0          0          0          0          0   0.351934          0          0          0          0          0          0          0          0   0.132598          0          0          0          0          0          0          0          0   0.357989          0          0          0          0          0          0          0          0   0.149885          0          0          0          0          0          0          0          0          0          0          0
         0          0          0          0          0          0   0.081761          0          0          0          0          0          0          0          0   0.608277          0          0          0          0          0          0          0          0   0.211035          0          0          0          0          0          0          0          0          0          0          0          0          0          0          0          0          0          0          0          0          0          0          0          0          0          0  0.0989267          0          0

Values: 
0.0986895 0.0985204  0.098506  0.772039 0.0969928 0.0970248 0.0964115 0.0962615 0.0963109 0.0948045 0.0947004 0.0947417 0.0939734  0.214113  0.206393 0.0932809  0.353258  0.356929 0.0932912 0.0932534 0.0932525  0.796643 0.0927721 0.0927697  0.400349  0.419906  0.437399   1.05149   1.09522   1.09501   1.17936   1.21246    1.2155   1.33582   1.19212   1.01493  0.971487 0.0969605  0.971508   1.19728  0.749131    0.8365 0.0944307  0.669356 0.0941465  0.167375  0.893945  0.886027 0.0929218 0.0928251 0.0928388 0.0919288    3.0398  0.777901
 0.169263  0.169029  0.168935  0.726228  0.750518  0.778144  0.177344  0.198763  0.163153  0.159815  0.159573   0.15942  0.157852  0.151627  0.157518  0.156339  0.156229  0.156167  0.156341  0.156218  0.156143  0.168567  0.155193  0.155218  0.754549  0.154996  0.155069  0.949626   1.08609   1.09394   1.19961   1.23782   1.18388   1.02761   1.00808     1.014  0.970846  0.970779  0.902213  0.162756  0.878178   1.03376  0.478486  0.159147  0.158802  0.895288  0.945102  0.897289   1.12806  0.155617  0.845171  0.152351   0.15313  0.153066
 0.229289  0.228753   0.22866  0.544859  0.550161  0.525666  0.228831  0.247523  0.218133  0.213318  0.212742   0.21252  0.398493  0.435771  0.802715  0.207512  0.268375  0.207136  0.207527  0.207153  0.207081  0.205351  0.205262   0.20538  0.204538  0.204556  0.520632  0.310265   1.08852   1.09917  0.242101   1.21907   1.16195   1.05377  0.233786   1.01838  0.970892  0.970897  0.895383  0.219696  0.218699   1.25772  0.214863  0.213903  0.674473  0.875794  0.052728  0.840808  0.827638  0.208142  0.206311  0.202088  0.808568 -0.841883
 0.287805  0.287941  0.287693  0.277357         1         1  0.271031  0.355362   0.27068  0.263178  0.262911  0.262617  0.811238  0.818902  0.823844  0.388248  0.381321  0.436617   0.25445  0.254063  0.254095  0.251264  0.250972  0.251363  0.894774  0.496066  0.492889  0.993635  0.318402  0.990703   1.26699   1.13083   1.13326     1.063   1.05668   1.05095  0.283079  0.280547   0.97449  0.845455   1.79927  0.813897  0.266424  0.977756  0.186905  0.266157  0.265123  0.262765  0.962765   1.13416   1.01518  0.969549  0.250027   0.23969
  0.34742  0.347419  0.347282  0.635628  0.692545  0.711497  0.322333  0.394025  0.372807  0.312235  0.312094  0.311868   0.51811  0.515904  0.526125  0.469125  0.299799   0.29971  0.300343  0.299741  0.299684  0.603066  0.647393  0.672783  0.293074  0.292576  0.293798   1.13006   1.13918  0.387455     1.103   1.10235   1.10306   1.06629   1.05226   1.04789  0.339769  0.888733  0.872573  0.325702  0.949997  0.827132   1.10532  0.316321   1.01455  0.317198  0.315906  0.313338  0.830424   1.13274  -23.7896  0.292748  0.296684  0.285632
 0.408835  0.409063    0.4092         1  0.387761   0.38767  0.373706  0.373965  0.373853  0.361114  0.360904  0.360819  0.679777  0.676403  0.691202  0.594082  0.345194  0.345173         1  0.894403  0.345295  0.340353  0.338954  0.307622  0.336557  0.334655  0.336095   1.42507    1.4498   1.12215   1.18607   1.18433   1.18134  0.995276  0.996338  0.994974  0.294251   1.05672   1.04464  0.378332  0.377526  0.903651  0.368964  0.369893  0.645151         1         1         1  -1.01393  0.783858  0.351169  0.343385  0.726376   1.12948
 0.475004  0.474959  0.475111  0.446395  0.446299  0.446282  0.427326  0.427317  0.427311  0.411301  0.411045  0.411043  0.398936  0.398462  0.398498  0.391866  0.390754  0.390917  0.819756    1.0106   1.02891  0.384253  0.382719  0.383628  0.379899  0.377393  0.381538   1.10571    1.1024  0.544867   1.31073  0.507276   1.26429   1.06294   1.35315   1.33243   0.96789   0.96671  0.922585   0.85845     1.029  0.427155   4.77843  0.625319  0.636177  0.900823  0.938319         1  0.416953  0.206634  0.392273  0.446749  0.441345  0.742088
 0.546466  0.546357  0.546349   0.51043  0.510042  0.509929  0.485414  0.484767  0.484586  0.466108  0.465573  0.465572  0.450017   0.44919  0.449376  0.440996  0.439943  0.440869    0.8068   0.44073  0.441242  0.431507  0.430366  0.433056  0.426081  0.424509  0.431914   1.12664   1.11665   1.11433   1.31303    1.3463   1.18798    1.3497  0.546836   1.26771  0.936898  0.932528  0.511598  0.492884  0.490957  0.917767  0.478675   1.56127  0.661377  0.883243  0.885458  0.933102   5.79155  0.478822  0.441822   1.37109  0.605793   1.35293
 0.623453  0.623441  0.623259  0.578949  0.578571  0.578457  0.547808  0.547233  0.547219  0.525687  0.525256  0.525431  0.504561  0.504762  0.505236  0.490688  0.687514  0.493483   0.49382  0.494629  0.495478   0.47688  0.480363  0.484231  0.473069  0.480857  0.491156   1.12775   1.12733   1.12478   1.12131   1.15057   1.16336   1.03977   1.03819   1.50736  0.946752  0.933388  0.970238   1.28315   1.15323  0.539921  0.543658   3.33064  0.495341  0.866439  0.840382  0.896092    1.1735  0.494541 -0.798082  0.897116  0.549167  0.402815
 0.695299  0.695404  0.694814  0.644015  0.643912  0.643687  0.610483  0.610031  0.609874    0.5877  0.587447  0.587379  0.565017  0.565981  0.565967  0.548454  0.552524  0.552691  0.553826  0.555917  0.556006  0.530592  0.539449  0.540576  0.518626  0.536565   0.54123   1.11547   1.11819   1.11506         1   1.18796  0.724538   1.04076   1.03775   1.33219  0.975468  0.974736  0.975386  0.633485  0.616014   1.04771   1.00407   1.46661  0.975819  0.626416  0.814873  0.594339  0.642445  0.395528  0.552804  0.892811  0.665781   7.38862
 0.749819  0.750899  0.750725  0.695262   0.69527  0.695331  0.661533  0.661878  0.661864  0.639234  0.639273  0.639324  0.618469  0.621004  0.621011  0.604773  0.612614  0.612739  0.609133  0.613421  0.613434  0.591017  0.606203  0.606497  0.587106  0.644941  0.645417   1.12028   1.12559  0.857944   1.09804   1.09808   1.33969  0.741435   1.36685  0.980671  0.975248  0.683031  0.964129  0.894377   0.98924  0.645873  0.681016   2.51679  0.851838  0.675559  0.434175  0.432217  0.711692  0.805809  0.840753   4.92202  0.735673  0.722847
 0.771172  0.771609  0.771014  0.715462  0.715526  0.715522  0.682614  0.683114  0.683021  0.660327  0.660786  0.660795  0.642666  0.644977  0.644953  0.631632  0.639295  0.639309  0.635245  0.638773  0.638775  0.622622  0.635856  0.636006  0.662983  0.668097  0.667735   1.07097  0.879362  0.878346   1.14493   1.14034   1.34653   1.06082   1.32815   1.03657  0.974583  0.697177  0.974577    1.4093   1.17921   1.02976  0.990838  0.599815  0.791993  0.675438  0.631768   0.73795  0.758425  0.827575   0.54204   0.94243   4.59427   5.20917

Errors: 
1.63821e-05 1.60339e-05 1.59993e-05    0.324137 1.69697e-05 1.69017e-05 1.76971e-05 1.73073e-05 1.72402e-05 1.96733e-05 1.91098e-05 1.90798e-05 2.13114e-05    0.312541  0.00237583 2.53085e-05  0.00221304    0.360082 2.38215e-05 2.29685e-05 2.28768e-05  0.00236207 2.90329e-05 2.87967e-05  0.00097677  0.00149464  0.00322639           0           0           0           0           0           0     1.00001     1.00001           0    0.645795  3.1594e-05    0.843914 1.20537e-05 0.000188391           1 7.03727e-05  4.7852e-06 5.57717e-05 3.21188e-06    0.418269    0.348667 0.000126882 0.000105553 9.30647e-05 0.000283834 0.000254544 1.88083e-05
5.26973e-05 5.20231e-05           0           0           0           0           0           0 5.57867e-05 6.20159e-05 6.11709e-05  6.1012e-05 6.86442e-05           0 6.62091e-05 8.09247e-05 7.74063e-05 7.44213e-05 7.86249e-05 7.52167e-05 7.30343e-05           0 9.29087e-05 8.73564e-05           0 0.000125542 0.000113538           0           0           0           0           0           0     1.00262           0           0           0           0           0 0.000160723     1.00056           1           1  0.00027545 0.000249472 8.52472e-05 0.000124749 5.86083e-05 1.21646e-05  0.00048618           1  0.00130791 0.000989677 0.000859243
          0           0 0.000113211           0           0           0           0           0 0.000116758 0.000129542 0.000126565 0.000126711           0           0           0  0.00018832           0  0.00016377 0.000178267 0.000166787 0.000159881 0.000251446 0.000217083 0.000133641 0.000383029 0.000323953           0           0           0           0 0.000221703           0           0     1.00315 0.000228338      1.0011           0           0           0 0.000464181 0.000402538     1.00001 0.000890037 0.000777376           1     1.14784    0.989097  7.5282e-05 2.50135e-05  0.00136602  0.00120798  0.00358978     1.02769 0.000679146
          0           0 0.000193353 0.000198885           0           0 0.000211815           0 0.000211269 0.000240038 0.000238485 0.000237029           0           0           0           0           0           0 0.000354627 0.000350587 0.000333035 0.000536242 0.000469836 0.000439386           0           0           0           0 0.000317511           0           0           0           0     1.00717     1.00813     1.00913 0.000664253 0.000591253           0           1           1     1.00001  0.00205504     1.00807           1  0.00143649  0.00115813  0.00107126     1.68265  0.00124315  6.7282e-05  0.00045672  0.00619475  0.00562351
0.000317608 0.000318737           0           0           0           0 0.000369105           0           0 0.000420476 0.000407232 0.000419287           0           0           0           0  0.00068211 0.000667269 0.000578035 0.000657186 0.000639187           0           0           0  0.00194682  0.00160732  0.00138722           0           0 0.000564493           0           0           0     1.01312     1.01703     1.01857  0.00128708           0           0  0.00213372           0     1.00007     1.00007  0.00329283     1.00183  0.00298982  0.00237983  0.00221237   0.0145497     1.60687   0.0085028   0.0126394   0.0108968   0.0103233
0.000492072 0.000497968 0.000490211           0  0.00053322 0.000532673 0.000602812 0.000618156 0.000605655 0.000691662 0.000698697 0.000695267           0           0           0           0  0.00123539  0.00123709           0           0  0.00117911   0.0020977  0.00186936           0  0.00397209  0.00307815  0.00301741           0           0           0           0           0           0           0           0           0   0.0204417           0           0  0.00429277   0.0033856           1  0.00835999  0.00660744           1   0.0273929    0.027439    0.029076  0.00342298  0.00032113  0.00953263    0.018089  0.00425165           1
          0           0 0.000761445 0.000857242 0.000858038  0.00086365 0.000989079 0.000993948 0.000987593  0.00119265  0.00119814  0.00118508  0.00157832  0.00156291  0.00160762  0.00248532  0.00230741  0.00230001           0           0           0  0.00400981  0.00363484  0.00358195  0.00729673  0.00639733  0.00586885           0           0   0.0014884     1.00007  0.00220278           0     1.28364      1.0004     1.00074           0           0           0     1.00013     1.00015  0.00618033           1     1.00001     1.00042 0.000748177  0.00650796   0.0266236   0.0195593  0.00538096   0.0165374   0.0242178   0.0222395     1.00005
          0  0.00117529           0  0.00135013  0.00135388  0.00134913    0.001639  0.00163255  0.00161865  0.00195424  0.00195349  0.00192995  0.00275718  0.00270799  0.00266247  0.00464429  0.00416578  0.00403072           0  0.00342694  0.00334398  0.00754408  0.00672157  0.00638499   0.0139976   0.0131214   0.0101226           0           0           0     1.00009     1.00025           0     1.00075  0.00530997     1.00459           0           0  0.00541478    0.013431   0.0122089           0     1.00002     1.00005           1 0.000559888 0.000993301  0.00722754      1.0002   0.0252615   0.0241661     1.77819  0.00973693  0.00137218
 0.00182285  0.00180599  0.00180573  0.00215531  0.00215908  0.00215091  0.00271958  0.00264849  0.00264032  0.00323782  0.00319888  0.00320897  0.00470528  0.00457874  0.00450167   0.0082852           0  0.00748616  0.00604983  0.00573487  0.00578325   0.0142426   0.0128241   0.0121566    0.024512   0.0224767   0.0202206           0           0           0           0           0           0      1.1333     1.20519     1.06574           0           0           0     1.00043      1.0001    0.020546   0.0512944           1   0.0484492  0.00128123  0.00052029  0.00198654 0.000490817   0.0329766   0.0145883 0.000277289   0.0366408   0.0281679
 0.00257241  0.00256031   0.0025395  0.00307472  0.00310937  0.00305143  0.00407968  0.00403249  0.00399375  0.00473418  0.00472753   0.0046783  0.00767911   0.0071022  0.00710201   0.0143998   0.0132422    0.013034   0.0101322  0.00908158  0.00896018   0.0245435   0.0203679   0.0231165   0.0328641   0.0456772   0.0406787           0           0           0           0           0  0.00732293     1.19188     1.27934     1.00325           0           0           0    0.038115   0.0368919     1.00004     2.16409     1.00446      1.3871   0.0368308  0.00115911   0.0339423   0.0446418   0.0249928   0.0387464   0.0522089   0.0467861     1.12954
 0.00322133  0.00321929  0.00325906  0.00396647  0.00394915   0.0040394  0.00559481  0.00556252  0.00573878  0.00616606  0.00615805  0.00614379   0.0103779   0.0101111   0.0100252   0.0210591   0.0195676   0.0199327   0.0135901    0.013345    0.013225   0.0389696   0.0333464   0.0343403    0.067478   0.0110322   0.0108784           0           0  0.00667078           0           0     1.00046    0.025725     1.00297           0           0   0.0194866           0     1.00195     1.00099   0.0581887    0.127173     1.00119     1.00658    0.047103     13.1438     20.3016   0.0533832  0.00744909 0.000360964           1   0.0567341    0.054837
 0.00348005  0.00345616  0.00342223  0.00438593  0.00438134  0.00435341  0.00631524  0.00630586  0.00627092  0.00682032  0.00679757  0.00674815   0.0116565   0.0114425   0.0114198   0.0235258   0.0233142   0.0225706   0.0146631   0.0153771   0.0141139   0.0396092    0.036277   0.0371213   0.0129118   0.0124023   0.0124737           0  0.00750258  0.00736273     1.00027           0     1.00116     1.21657     1.00347     1.29132           0    0.022655           0     1.00074     1.00118     1.00069           0    0.195839     1.00038   0.0515497   0.0493283     1.00003   0.0243223   0.0117094   0.0456139   0.0657578           1     1.00557

Statuses: 
0 0 0 3 0 0 0 0 0 0 0 0 0 3 3 0 3 3 0 0 0 3 0 0 3 3 3 3 3 3 3 3 3 3 3 3 3 0 3 3 3 3 0 3 0 3 3 3 0 0 0 0 3 3
0 0 2 3 3 3 3 3 0 0 0 0 0 3 0 0 0 0 0 0 0 3 0 0 3 0 0 3 3 3 3 3 3 3 3 3 3 3 3 0 3 3 3 0 0 3 3 3 3 0 3 0 0 0
2 2 0 3 3 3 3 3 0 0 0 0 3 3 3 0 3 0 0 0 0 0 0 0 0 0 3 3 3 3 0 3 3 3 0 3 3 3 3 0 0 3 0 0 3 3 3 3 3 0 0 0 3 0
2 2 0 0 3 3 0 3 0 0 0 0 3 3 3 3 3 3 0 0 0 0 0 0 3 3 3 3 0 3 3 3 3 3 3 3 0 0 3 3 3 3 0 3 3 0 0 0 3 3 3 3 0 0
0 0 2 3 3 3 0 3 3 0 0 0 3 3 3 3 0 0 0 0 0 3 3 3 0 0 0 3 3 0 3 3 3 3 3 3 0 3 3 0 3 3 3 0 3 0 0 0 3 3 3 0 0 0
0 0 0 3 0 0 0 0 0 0 0 0 3 3 3 3 0 0 3 3 0 0 0 3 0 0 0 3 3 3 3 3 3 3 3 3 3 3 3 0 0 3 0 0 3 3 3 3 0 3 0 0 3 3
2 2 0 0 0 0 0 0 0 0 0 0 0 0 0 0 0 0 3 3 3 0 0 0 0 0 0 3 3 0 3 0 3 3 3 3 3 3 3 3 3 0 3 3 3 3 3 3 0 0 0 0 0 3
2 0 2 0 0 0 0 0 0 0 0 0 0 0 0 0 0 0 3 0 0 0 0 0 0 0 0 3 3 3 3 3 3 3 0 3 3 3 0 0 0 3 3 3 3 3 3 3 3 0 0 3 3 3
0 0 0 0 0 0 0 0 0 0 0 0 0 0 0 0 3 0 0 0 0 0 0 0 0 0 0 3 3 3 3 3 3 3 3 3 3 3 3 3 3 0 0 3 0 3 3 3 3 0 0 3 0 0
0 0 0 0 0 0 0 0 0 0 0 0 0 0 0 0 0 0 0 0 0 0 0 0 0 0 0 3 3 3 3 3 0 3 3 3 3 3 3 0 0 3 3 3 3 0 3 0 0 0 0 0 0 3
0 0 0 0 0 0 0 0 0 0 0 0 0 0 0 0 0 0 0 0 0 0 0 0 0 0 0 3 3 0 3 3 3 0 3 3 3 0 3 3 3 0 0 3 3 0 3 3 0 3 3 3 0 0
0 0 0 0 0 0 0 0 0 0 0 0 0 0 0 0 0 0 0 0 0 0 0 0 0 0 0 3 0 0 3 3 3 3 3 3 3 0 3 3 3 3 3 0 3 0 0 3 3 3 0 0 3 3
chisq per dof: 
113.759 103.106 93.0701  102602 60.4726 54.1574 34.7329 31.4946 28.3775 14.5441 13.3128 12.3364 4.78089 27673.1 22914.8 2.14381 46750.5 41946.6 2.49021 2.30948 2.17698  153547 1.69054  1.5923   78789 67372.5 60746.4  117103  105082 91360.4  147563  127087  110983  161892  142621  123002  140740 7.10471  107357  174287  152299  135674 2.15164  167081 1.81982  130411  153097  128927 2.28212 2.02827 1.85698 2.67368  178102  162826
58.8668   53.24  48.884 8728.57 7777.66 7124.96 360.593 3119.72 15.8321  6.7622 6.54582 6.33093 2.98681 1520.98 2.74886 1.80444 1.69085 1.60116 2.05205 1.93072 1.82914 164.134 1.67959 1.58314   14464 1.80783 1.67544 11440.5 10072.9 9144.26 13983.8 12404.7 10632.6 16218.8   13543 11704.1 13993.6 11763.1 10511.6 2.03281 15489.5 11811.4 11002.2 1.85975 1.72677   17711 17124.4 13197.2 22753.9  2.0144 15595.3 2.66951 2.25354 2.00285
33.3068 32.0558 29.3703 1701.37 1512.71  1337.1 228.826  290.13 8.00946 3.85078 3.78771 3.66731 1776.36 1641.98  2063.6 1.71626 1017.77 1.52797 1.85415  1.7672 1.67349 1.81231 1.67749 1.58299 2.00127 1.80103 1041.94 430.769  2338.3 2122.61 5.18621 3184.08  2734.3  3988.5  2.4186 2916.27 3251.14 2881.71 2518.87  1.8761 1.75083 3237.91 2.02276 1.82448 3303.82 3955.07 306.981 2911.82 3451.52 2.00682 1.84606 2.66739 4130.22 31.2807
19.7201 18.0825 16.5096 8.84833  722.88 645.568 4.68755 104.951 4.34601 2.62811 2.51969  2.4007  910.83  785.16 692.558 581.953  357.86 393.422  1.7557 1.67659 1.59211 1.80857 1.67563 1.58462 1167.66 319.958 264.851 876.344 6.73588 682.878 1308.61 1127.06 993.835 1380.77 1152.43 989.582 1.89852 1.83639 804.242 1299.55   994.1 1133.33  2.0104 1382.55 71.9724 2.01098 1.84423 1.74956 1402.84 1272.46 1065.25 2252.81 2.25204 2.01139
11.6908 10.5147 9.58153 245.911  230.18 208.854 2.85424 44.9224 31.2054 2.00236  1.9545 1.86606 291.465  249.03 221.481 61.5374 1.53367  1.4578 1.70767 1.62247 1.54479 409.351 354.944 310.493 2.00227 1.80209 1.67158 346.469 321.416 4.52656 583.472 500.545 439.339 578.376 484.481 415.462 1.75749 354.437 277.424 1.81258 583.471 487.861 593.337 1.80495 404.051  2.0059 1.83882 1.72658 675.226 561.937 408.639 2.66969 2.25247 2.00539
7.48082 6.80371 6.22918 159.641 3.17674 2.94408 2.02467 2.01065 1.89101 1.70568 1.65382 1.58522 156.364 134.109 119.119 97.5713 1.51791 1.44394 272.488 228.133 1.52162 1.80401 1.67232 1.86072  2.0026 1.80308 1.67073 240.248 220.644 129.066 280.472 240.868 211.767 270.471 226.508 194.375 49.5155 247.681 209.537 1.80531 1.67121 115.421 2.00352 1.80286 218.364 433.344 361.413  312.58 4.25511 340.114 1.83813 2.67006 312.883 212.056
4.82204 4.39966 4.09079 2.52873 2.35248 2.20261 1.68289 1.62646 1.54821 1.59096 1.52835 1.46965 1.52648 1.45934 1.40237 1.60923 1.51062 1.43861 105.982 121.393 106.665 1.80542 1.67223 1.57838 2.00591 1.80527 1.67454 79.9037 67.6084 2.25478 135.516 1.59258 107.929 135.315 89.0682  84.611 121.806 106.485 64.3079 113.882 140.092  1.5813 122.049 132.609 105.498 162.002 189.899 173.877 2.25487 2.03179 1.84128 2.67261 2.25449 134.931
  3.285 3.03156  2.8284 1.92195 1.82929 1.73753 1.50035 1.44543 1.39078 1.51137 1.45539 1.40479 1.51459 1.44317 1.38798 1.60695 1.50644 1.43505 56.7164 1.57885 1.50716 1.80528 1.67125 1.57706 2.00624 1.80506 1.67322  37.087 32.2156 30.9966 68.4247 66.5619 50.5229 52.7647  1.5135 47.5645 46.4885 27.3065 1.51452  1.8041 1.67019 29.4563 69.3179  39.052 54.7324 73.0668  90.773  95.947 81.5613  2.0041 1.83986 75.0546 78.0468 45.6987
2.31767 2.17127 2.05629 1.60637 1.54146 1.48151 1.41312 1.35609 1.31159 1.47499 1.41718 1.37094 1.50868 1.43605 1.38195 1.60374 3.44898 1.43243  1.6716 1.57585 1.50454 1.80309 1.66987 1.57543 2.00382 1.80385 1.67115 11.0142 15.8076 10.4828 46.3532 40.3417 34.9174 34.5884 29.0614 25.0877 13.0429 10.1449 21.3662 52.1159 39.0463 1.57669 2.00304 22.7196 1.67116 46.2888 24.7854 37.6447 27.5796 2.00382  1.9099 54.0934 2.25463 2.00527
1.85142 1.75695 1.68357  1.4309 1.38254 1.34022 1.36619 1.31443 1.27522  1.4498 1.39396  1.3502 1.50601 1.43395 1.37971 1.60439 1.50441 1.43236 1.67122 1.57576 1.50379 1.80399 1.67092 1.57513 2.00489  1.8051 1.67098 16.6717 5.37436 5.86906 33.9742  17.233 1.39086  19.032 16.1304 11.0097 12.2431 10.2877 9.37519 1.80335 1.67097   13.34 23.7929 7.93862 16.4191 2.00337 21.7544 1.71808 2.25418 2.00558 1.83764  2.6697 2.25616 12.5198
1.61538  1.5524 1.49754 1.35589 1.31146 1.27688 1.34807 1.29874  1.2614 1.43855 1.38413 1.34145 1.50419 1.43369 1.37948 1.60416 1.50565 1.43342 1.67042 1.57636 1.50432  1.8041 1.67235 1.57631 2.00512 1.80708 1.67259  5.4512  4.3119  1.4365 20.8243 17.9938 11.1679 1.60411 6.66941 9.16136   8.185 1.57677  6.1457 24.4165 20.3734 1.57637 2.00469 3.71422 10.5001 2.00377 1.84186 1.72171 2.25464 21.9578 18.0352 11.4794 2.25837 2.00672
 1.5445 1.48478 1.43755 1.33396 1.29227  1.2598 1.34191  1.2936 1.25694  1.4338  1.3803 1.33805 1.50193 1.43163 1.37767 1.60188 1.50345 1.43153  1.6684 1.57442 1.50262 1.80191 1.67015 1.57441 2.00256 1.80417 1.67015 5.00109 1.46421 1.41331 11.1783 16.0567 10.5387 10.5368  6.2398  7.8384 7.87293 1.57485 6.66164  21.735 16.3138 14.7122  13.179 1.80407 9.02501 2.00189 1.83682  4.2878 20.2056   20.34 1.83673 2.66895 7.31618 6.13928
Mode averaged potential and errors: 
  0.0919288 0.000283834
   0.152351  0.00130791
   0.203774  0.00232559
   0.266424  0.00205504
   0.292986  0.00676466
   0.349373   0.0176103
    0.40072   0.0311625
   0.434653   0.0122514
   0.501771   0.0408549
   0.606812    0.142608
   0.663213   0.0873441
   0.673163   0.0951517
R Models:
(* Fitting with shape 1 1 1 1 1 1 1 1 0 0 0 0 *)
G[R_,xx_]:=xx[[0]] + xx[[1]]/R | xx[[2]]*R
(* Fitting with shape 1 1 1 1 1 1 1 1 1 0 0 0 *)
G[R_,xx_]:=xx[[0]] + xx[[1]]/R | xx[[2]]*R
(* Fitting with shape 1 1 1 1 1 1 1 1 1 1 0 0 *)
G[R_,xx_]:=xx[[0]] + xx[[1]]/R | xx[[2]]*R
(* Fitting with shape 1 1 1 1 1 1 1 1 1 1 1 0 *)
G[R_,xx_]:=xx[[0]] + xx[[1]]/R | xx[[2]]*R
(* Fitting with shape 1 1 1 1 1 1 1 1 1 1 1 1 *)
G[R_,xx_]:=xx[[0]] + xx[[1]]/R | xx[[2]]*R
(* Fitting with shape 0 1 1 1 1 1 1 1 0 0 0 0 *)
G[R_,xx_]:=xx[[0]] + xx[[1]]/R | xx[[2]]*R
(* Fitting with shape 0 1 1 1 1 1 1 1 1 0 0 0 *)
G[R_,xx_]:=xx[[0]] + xx[[1]]/R | xx[[2]]*R
(* Fitting with shape 0 1 1 1 1 1 1 1 1 1 0 0 *)
G[R_,xx_]:=xx[[0]] + xx[[1]]/R | xx[[2]]*R
(* Fitting with shape 0 1 1 1 1 1 1 1 1 1 1 0 *)
G[R_,xx_]:=xx[[0]] + xx[[1]]/R | xx[[2]]*R
(* Fitting with shape 0 1 1 1 1 1 1 1 1 1 1 1 *)
G[R_,xx_]:=xx[[0]] + xx[[1]]/R | xx[[2]]*R
(* Fitting with shape 0 0 1 1 1 1 1 1 0 0 0 0 *)
G[R_,xx_]:=xx[[0]] + xx[[1]]/R | xx[[2]]*R
(* Fitting with shape 0 0 1 1 1 1 1 1 1 0 0 0 *)
G[R_,xx_]:=xx[[0]] + xx[[1]]/R | xx[[2]]*R
(* Fitting with shape 0 0 1 1 1 1 1 1 1 1 0 0 *)
G[R_,xx_]:=xx[[0]] + xx[[1]]/R | xx[[2]]*R
(* Fitting with shape 0 0 1 1 1 1 1 1 1 1 1 0 *)
G[R_,xx_]:=xx[[0]] + xx[[1]]/R | xx[[2]]*R
(* Fitting with shape 0 0 1 1 1 1 1 1 1 1 1 1 *)
G[R_,xx_]:=xx[[0]] + xx[[1]]/R | xx[[2]]*R
(* Fitting with shape 0 0 0 1 1 1 1 1 0 0 0 0 *)
G[R_,xx_]:=xx[[0]] + xx[[1]]/R | xx[[2]]*R
(* Fitting with shape 0 0 0 1 1 1 1 1 1 0 0 0 *)
G[R_,xx_]:=xx[[0]] + xx[[1]]/R | xx[[2]]*R
(* Fitting with shape 0 0 0 1 1 1 1 1 1 1 0 0 *)
G[R_,xx_]:=xx[[0]] + xx[[1]]/R | xx[[2]]*R
(* Fitting with shape 0 0 0 1 1 1 1 1 1 1 1 0 *)
G[R_,xx_]:=xx[[0]] + xx[[1]]/R | xx[[2]]*R
(* Fitting with shape 0 0 0 1 1 1 1 1 1 1 1 1 *)
G[R_,xx_]:=xx[[0]] + xx[[1]]/R | xx[[2]]*R
2.48966 2.48966 2.48966 
-0.181344 -0.181344 -0.181344 
1 1 1 
2.69539 2.69539 2.69539 
-16.4849 -16.4849 -16.4849 
5.03038e+175 5.03038e+175 5.03038e+175 
3.5936e+246 3.5936e+246 3.5936e+246 
2.14726e+243 2.14726e+243 2.14726e+243 
0.704704 0.704704 0.704704 
1.63042e-322 1.63042e-322 1.63042e-322 
6.89961e-310 6.89961e-310 6.89961e-310 
0 0 0 
1.07191e-316 1.07191e-316 1.07191e-316 
2.42092e-322 2.42092e-322 2.42092e-322 
2.17654e-316 2.17654e-316 2.17654e-316 
1.24852 1.24852 1.24852 
0.172784 0.172784 0.172784 
2.69539 2.69539 2.69539 
-0.00029463 -0.00029463 -0.00029463 
6.96218e-06 6.96218e-06 6.96218e-06 
0 0 0 
0 0 0 
0 0 0 
0 0 0 
1.67772e+07 1.67772e+07 1.67772e+07 
1.1907e-321 1.1907e-321 1.1907e-321 
2.30896e-316 2.30896e-316 2.30896e-316 
2.11365e-316 2.11365e-316 2.11365e-316 
2.13425e-316 2.13425e-316 2.13425e-316 
1.63042e-322 1.63042e-322 1.63042e-322 
2.1872e-316 2.1872e-316 2.1872e-316 
2.1872e-316 2.1872e-316 2.1872e-316 
3.16202e-322 3.16202e-322 3.16202e-322 
3.16202e-322 3.16202e-322 3.16202e-322 
2.11398e-316 2.11398e-316 2.11398e-316 
2.12092e-316 2.12092e-316 2.12092e-316 
2.47033e-323 2.47033e-323 2.47033e-323 
2.19077e-316 2.19077e-316 2.19077e-316 
2.19271e-316 2.19271e-316 2.19271e-316 
4.00193e-322 4.00193e-322 4.00193e-322 
2.17443e-316 2.17443e-316 2.17443e-316 
2.17647e-316 2.17647e-316 2.17647e-316 
2.17376e-316 2.17376e-316 2.17376e-316 
-nan -nan -nan 
-nan -nan -nan 
-nan -nan -nan 
-nan -nan -nan 
4.50257e-06 4.50257e-06 4.50257e-06 
2.06439e-06 2.06439e-06 2.06439e-06 
0.999908 0.999908 0.999908 
2041.79 2041.79 2041.79 
2.30915e-316 2.30915e-316 2.30915e-316 
3919.89 3919.89 3919.89 
2.19206e-316 2.19206e-316 2.19206e-316 
Probabilities: 
         0          0          0          0          0          0          0          0          0          0          0          0          0          0          0          0 0.00680574  0.0155477          0          0          0 0.00234674 0.00243698 0.00465715  0.0637537   0.163335          0          0          0          0          0          0          0          0          0          0          0          0          0          0          0          0   0.131988          0          0          0          0          0   0.221147   0.225366   0.162616          0          0          0

String tensions: 
         1          1          1          1          1          1          1          1          1  -0.496099  -0.497989  -0.673966  -0.889884  -0.887057  -0.889318   -1.75635   -1.34008   -1.32693   -1.05354    -1.3963   -1.39553   -2.50892   -2.42388   -2.36046    84.4902    70.3918    95.9745          1          1          1   0.933882   0.935211   0.936351   0.993129   0.994064   0.994858    1.50175    1.21802 -0.0248258   0.475594 0.00806969 0.00562608 -0.0228229   0.552416    1.04147  -0.146747   0.982024  -0.074749 -0.0318345 -0.0212678 -0.0135052    1.67136    1.00017   0.999446

Errors: 
         0          0          0    5792.62    5792.62    5792.62    5792.62    5792.62    5792.62 0.00736148 0.00713476    1.00004  0.0346459  0.0339541  0.0328298          0  0.0905893  0.0900319  0.0259195  0.0671925  0.0640007   0.256399   0.273152   0.269177    43.4592    1.37501          0          0          0          0          0          0          0          0          0          0          0    1.07355     1.0025          1 0.00401412 0.00291962 0.00837062          1    1.00027          1          1    2.09701  0.0079435 0.00552824 0.00415552  0.0041742 0.00538289 0.00538196

Statuses: 
3 3 3 0 0 0 0 0 0 0 0 3 0 0 0 3 0 0 0 0 0 0 0 0 0 0 3 3 3 3 3 3 3 3 3 3 2 3 3 3 0 0 0 3 3 3 3 3 0 0 0 1 1 1
chisq per dof: 
 1244.54   644.09  972.044  48.9493  43.6501  41.1873  16.5411  13.9338  12.4713  16.0198  14.2679  1764.11  4.67003  4.02597  3.53342  861.534  1.85913  1.64321  6.42145   2.8693  2.55078  2.21404  2.17268  1.98919 0.936049 0.799783  597.814  9114.07  7982.02  7100.69  4718.39  4052.61  3552.32  4132.23  3453.15     2967  5984.82  5237.36  1655.17  3895.25  3.38662  3.10011 0.644975  2103.31  1632.56  5378.27  5195.93  2442.25 0.698774 0.879265  1.10094   772.49  653.315  567.134
Model string tension and errors: 
sigma = 16.8144 +/- 33.2044
