Loaded Data/L24_b275_xi3_g.dat
model 1 1 exponentials with a pole of degree 0
shape: 1 1 1 1 1 1 1 1 1 1 1 1
model 2 2 exponentials with a pole of degree 0
shape: 1 1 1 1 1 1 1 1 1 1 1 1
model 3 3 exponentials with a pole of degree 0
shape: 1 1 1 1 1 1 1 1 1 1 1 1
model 4 1 exponentials with a pole of degree 1
shape: 1 1 1 1 1 1 1 1 1 1 1 1
model 5 2 exponentials with a pole of degree 1
shape: 1 1 1 1 1 1 1 1 1 1 1 1
model 6 3 exponentials with a pole of degree 1
shape: 1 1 1 1 1 1 1 1 1 1 1 1


Fitting R = 1

fitting 6 models
2 params
Best parameters for model 1: 
1.99392 0.10065 

4 params
Best parameters for model 2: 
1.97497 0.0994648 0.01847 0.473175 

6 params
Best parameters for model 3: 
1.97106 0.0993079 0.017289 0.295558 0.00652297 0.798871 

3 params
Best parameters for model 4: 
1.98026 0.0999321 0.00376805 

5 params
Best parameters for model 5: 
1.97185 0.0993406 0.0166271 0.343047 0.00127019 

7 params
Best parameters for model 6: 
1.98026 0.0999321 2.09529e-13 4.74563 6.3983e-11 4.93551 0.00376805 

Results:   0.10065  0.103849  0.105448 0.0999321  0.102209 0.0999321

Errors: 5.70851e-06 5.17724e-05 0.000485676 6.71688e-06 7.72251e-05   0.0200632

Probabilities: 0 0 1 0 0 0

Chisq:  4829.74   40.689 0.312711  843.913  2.51588  1519.04

Fit statuses: 0 0 0 0 0 1

Best Chisquared: 0.312711



Fitting R = 2

fitting 6 models
2 params
Best parameters for model 1: 
1.98717 0.138302 

4 params
Best parameters for model 2: 
1.93833 0.136907 0.0406267 0.392623 

6 params
Best parameters for model 3: 
1.92795 0.136547 0.0414606 0.24594 0.0132147 0.847513 

3 params
Best parameters for model 4: 
1.95463 0.13772 0.00828406 

5 params
Best parameters for model 5: 
1.9299 0.13662 0.0386061 0.274817 0.00290975 

7 params
Best parameters for model 6: 
1.92661 0.136513 0.039704 0.230142 0.0097166 0.621813 0.00124013 

Results: 0.138302 0.144967 0.148978  0.13772 0.142009 0.145326

Errors: 1.53246e-05 0.000132464    0.001146 1.60216e-05 0.000199302  0.00248532

Probabilities:         0         0  0.676289         0 0.0365208  0.287191

Chisq:  2216.85  29.6541 0.387014  561.128  1.45137 0.407007

Fit statuses: 0 0 0 0 0 0

Best Chisquared: 0.387014



Fitting R = 3

fitting 6 models
2 params
Best parameters for model 1: 
1.97756 0.155963 

4 params
Best parameters for model 2: 
1.89061 0.154532 0.0690057 0.348694 

6 params
Best parameters for model 3: 
1.87209 0.153947 0.0731931 0.223658 0.0203506 0.863613 

3 params
Best parameters for model 4: 
1.92419 0.155653 0.0136647 

5 params
Best parameters for model 5: 
1.87544 0.154065 0.0680082 0.245086 0.00468895 

7 params
Best parameters for model 6: 
1.92419 0.155653 5.5362e-12 3.25304 2.24001e-12 1.39387 0.0136647 

Results: 0.155963 0.166811 0.173532 0.155653 0.162641 0.155653

Errors: 2.82639e-05 0.000242541  0.00215927  2.8862e-05 0.000377269  0.00168677

Probabilities:        0        0 0.792582        0 0.207418        0

Chisq:  1493.42  22.1236  0.12273  455.577 0.773929  820.038

Fit statuses: 0 0 0 0 0 1

Best Chisquared: 0.12273



Fitting R = 4

fitting 6 models
2 params
Best parameters for model 1: 
1.96401 0.167141 

4 params
Best parameters for model 2: 
1.83763 0.165702 0.0996789 0.325472 

6 params
Best parameters for model 3: 
1.80788 0.164776 0.109346 0.204128 0.0280937 0.825464 

3 params
Best parameters for model 4: 
1.89071 0.167101 0.0193184 

5 params
Best parameters for model 5: 
1.81498 0.16501 0.100869 0.2286 0.00647222 

7 params
Best parameters for model 6: 
1.81498 0.16501 0.100869 0.2286 7.27653e-09 4.8475 0.00647218 

Results: 0.167141 0.182448 0.191119 0.167101 0.177046 0.177046

Errors: 4.57132e-05 0.000377922  0.00360345 4.70244e-05 0.000623261    0.862075

Probabilities:         0         0  0.669975         0  0.290685 0.0393399

Chisq:  1130.97  16.6098  0.18836  386.933 0.685737 0.960032

Fit statuses: 0 0 0 0 0 0

Best Chisquared: 0.18836



Fitting R = 5

fitting 6 models
2 params
Best parameters for model 1: 
1.94795 0.175681 

4 params
Best parameters for model 2: 
1.78574 0.174324 0.128475 0.313414 

6 params
Best parameters for model 3: 
1.74104 0.172928 0.146652 0.187953 0.0362814 0.795916 

3 params
Best parameters for model 4: 
1.8557 0.175991 0.0250952 

5 params
Best parameters for model 5: 
1.75446 0.173361 0.13288 0.216986 0.00831785 

7 params
Best parameters for model 6: 
1.8557 0.175991 9.57494e-12 4.50733 4.08123e-10 1.82199 0.0250951 

Results: 0.175681  0.19536 0.205808 0.175991 0.188638 0.175991

Errors:  6.8955e-05 0.000540334  0.00547408 7.20138e-05 0.000940245    0.152832

Probabilities:        0        0 0.650507        0 0.349493        0

Chisq:  917.915  13.4085 0.294971  320.434 0.716052  576.782

Fit statuses: 0 0 0 0 0 1

Best Chisquared: 0.294971



Fitting R = 6

fitting 6 models
2 params
Best parameters for model 1: 
1.92885 0.182974 

4 params
Best parameters for model 2: 
1.73954 0.181681 0.152309 0.309046 

6 params
Best parameters for model 3: 
1.69134 0.180142 0.173121 0.195224 0.0402768 0.884379 

3 params
Best parameters for model 4: 
1.82124 0.183649 0.0303359 

5 params
Best parameters for model 5: 
1.82124 0.183649 1.32892e-11 4.59322 0.0303358 

7 params
Best parameters for model 6: 
1.70119 0.180483 0.159451 0.212888 9.40746e-09 4.37502 0.00982814 

Results: 0.182974 0.206561 0.220715 0.183649 0.183649 0.198727

Errors: 9.76934e-05  0.00073632  0.00705688 0.000103492   0.0302858    0.275556

Probabilities:        0        0 0.857373        0        0 0.142627

Chisq:  748.555  10.3757 0.198862  252.273  324.352 0.556089

Fit statuses: 0 0 0 0 1 0

Best Chisquared: 0.198862



Fitting R = 7

fitting 6 models
2 params
Best parameters for model 1: 
1.90886 0.18946 

4 params
Best parameters for model 2: 
1.69966 0.188156 0.171525 0.306104 

6 params
Best parameters for model 3: 
1.64 0.186203 0.200061 0.18869 0.0458752 0.892197 

3 params
Best parameters for model 4: 
1.78948 0.190455 0.0349216 

5 params
Best parameters for model 5: 
1.65249 0.186637 0.183206 0.206289 0.0113563 

7 params
Best parameters for model 6: 
1.78948 0.190455 1.35638e-11 3.88628 3.77398e-10 3.94241 0.0349216 

Results:  0.18946 0.216216 0.232512 0.190455 0.207225 0.190455

Errors: 0.000133837 0.000930415  0.00920865 0.000142888  0.00171819    0.337121

Probabilities:        0        0 0.391926        0 0.608074        0

Chisq:  636.898  8.66696 0.198572  209.783 0.330427   377.61

Fit statuses: 0 0 0 0 0 1

Best Chisquared: 0.330427



Fitting R = 8

fitting 6 models
2 params
Best parameters for model 1: 
1.88794 0.195427 

4 params
Best parameters for model 2: 
1.67142 0.194033 0.181942 0.311671 

6 params
Best parameters for model 3: 
1.61651 0.192177 0.206562 0.20126 0.048078 0.978586 

3 params
Best parameters for model 4: 
1.76138 0.19664 0.0384518 

5 params
Best parameters for model 5: 
1.623 0.192435 0.192257 0.210663 0.0123072 

7 params
Best parameters for model 6: 
1.76138 0.19664 2.66535e-11 4.77709 2.18131e-10 4.8725 0.0384518 

Results: 0.195427 0.224629  0.24471  0.19664 0.214747  0.19664

Errors: 0.000175837  0.00111813   0.0115057 0.000187435  0.00205338     20.1232

Probabilities:        0        0 0.312977        0 0.687023        0

Chisq:  538.413  6.88776 0.243639  166.203 0.269909  299.165

Fit statuses: 0 0 0 0 0 1

Best Chisquared: 0.269909



Fitting R = 9

fitting 6 models
2 params
Best parameters for model 1: 
1.86933 0.200508 

4 params
Best parameters for model 2: 
1.64999 0.198905 0.188787 0.315724 

6 params
Best parameters for model 3: 
1.59239 0.196912 0.215036 0.202899 0.0513437 1.01734 

3 params
Best parameters for model 4: 
1.73864 0.20181 0.0411408 

5 params
Best parameters for model 5: 
1.59734 0.197125 0.200586 0.209549 0.0133162 

7 params
Best parameters for model 6: 
1.73864 0.20181 2.1857e-12 3.91049 2.18732e-11 0.116579 0.0411408 

Results: 0.200508 0.231321 0.254091  0.20181 0.220504  0.20181

Errors: 0.000220493  0.00129558   0.0135208 0.000232747  0.00241814  0.00459974

Probabilities:        0        0 0.297092        0 0.702908        0

Chisq:  472.177  5.96228  0.15713  138.084 0.174345  248.551

Fit statuses: 0 0 0 0 0 0

Best Chisquared: 0.174345



Fitting R = 10

fitting 6 models
2 params
Best parameters for model 1: 
1.85297 0.204841 

4 params
Best parameters for model 2: 
1.63893 0.202819 0.189405 0.32399 

6 params
Best parameters for model 3: 
1.57828 0.200691 0.215795 0.202374 0.0540796 0.982183 

3 params
Best parameters for model 4: 
1.7229 0.205943 0.0424479 

5 params
Best parameters for model 5: 
1.58571 0.200993 0.199655 0.212778 0.0140224 

7 params
Best parameters for model 6: 
0.44258 0.176269 1.22791 0.0415695 0.123515 0.295168 0.0114852 

Results: 0.204841 0.236383 0.258983 0.205943 0.224788 0.227906

Errors: 0.000263456  0.00143785   0.0152378 0.000272928  0.00267611  0.00371156

Probabilities:        0        0 0.258417        0 0.613833  0.12775

Chisq:  412.833   5.3072 0.236109  113.685 0.240909 0.165132

Fit statuses: 0 0 0 0 0 1

Best Chisquared: 0.240909



Fitting R = 11

fitting 6 models
2 params
Best parameters for model 1: 
1.84222 0.207593 

4 params
Best parameters for model 2: 
1.63173 0.205215 0.190096 0.328102 

6 params
Best parameters for model 3: 
1.57142 0.203074 0.215863 0.204836 0.0553985 1.00208 

3 params
Best parameters for model 4: 
1.71283 0.208519 0.0432831 

5 params
Best parameters for model 5: 
1.71283 0.208519 8.69326e-12 4.99407 0.0432831 

7 params
Best parameters for model 6: 
0.803236 0.188361 0.864654 0.041448 0.118379 0.292087 0.0119273 

Results: 0.207593 0.239451 0.263355 0.208519 0.208519 0.230528

Errors: 0.000294561  0.00152851   0.0164542 0.000300695   0.0988663  0.00392418

Probabilities:        0        0 0.679949        0        0 0.320051

Chisq:  382.762  4.93381 0.224103  102.207  131.409 0.170339

Fit statuses: 0 0 0 0 1 1

Best Chisquared: 0.224103



Fitting R = 12

fitting 6 models
2 params
Best parameters for model 1: 
1.83795 0.208734 

4 params
Best parameters for model 2: 
1.62959 0.20605 0.190049 0.329348 

6 params
Best parameters for model 3: 
1.56492 0.203744 0.218674 0.200493 0.0568203 0.986249 

3 params
Best parameters for model 4: 
1.70977 0.209497 0.0433939 

5 params
Best parameters for model 5: 
1.57316 0.204078 0.201313 0.211494 0.0147936 

7 params
Best parameters for model 6: 
1.70977 0.209497 7.44629e-14 3.59045 6.39031e-13 3.27157 0.043394 

Results: 0.208734 0.240448 0.264205 0.209497 0.228072 0.209497

Errors: 0.000308572  0.00156966   0.0163497 0.000312341  0.00297589   0.0480327

Probabilities:        0        0 0.297298        0 0.702702        0

Chisq:  369.809  4.96652 0.226184  97.7307 0.233816  175.915

Fit statuses: 0 0 0 0 0 1

Best Chisquared: 0.233816

Fits/L24_b275_xi3_g.vr
models for fitting the R-dependence: 
model 1 Fitting Polynomial of degree1 with shape 1 1 1 1 1 1 1 1 1 0 0 0

model 2 Fitting Polynomial of degree1 with shape 1 1 1 1 1 1 1 1 1 1 0 0

model 3 Fitting Polynomial of degree1 with shape 1 1 1 1 1 1 1 1 1 1 1 0

model 4 Fitting Polynomial of degree1 with shape 1 1 1 1 1 1 1 1 1 1 1 1

model 5 Fitting Polynomial of degree1 with shape 0 1 1 1 1 1 1 1 1 0 0 0

model 6 Fitting Polynomial of degree1 with shape 0 1 1 1 1 1 1 1 1 1 0 0

model 7 Fitting Polynomial of degree1 with shape 0 1 1 1 1 1 1 1 1 1 1 0

model 8 Fitting Polynomial of degree1 with shape 0 1 1 1 1 1 1 1 1 1 1 1

model 9 Fitting Polynomial of degree1 with shape 0 0 1 1 1 1 1 1 1 0 0 0

model 10 Fitting Polynomial of degree1 with shape 0 0 1 1 1 1 1 1 1 1 0 0

model 11 Fitting Polynomial of degree1 with shape 0 0 1 1 1 1 1 1 1 1 1 0

model 12 Fitting Polynomial of degree1 with shape 0 0 1 1 1 1 1 1 1 1 1 1

fitting 12 models
2 params
Best parameters for model 1: 
0.082422 0.0237045 

2 params
Best parameters for model 2: 
0.084478 0.0217579 

2 params
Best parameters for model 3: 
0.0855721 0.0207255 

2 params
Best parameters for model 4: 
0.0871633 0.0192287 

2 params
Best parameters for model 5: 
0.122299 0.0137782 

2 params
Best parameters for model 6: 
0.124627 0.0128053 

2 params
Best parameters for model 7: 
0.125335 0.0125153 

2 params
Best parameters for model 8: 
0.127498 0.0116484 

2 params
Best parameters for model 9: 
0.140086 0.0107639 

2 params
Best parameters for model 10: 
0.14273 0.0100351 

2 params
Best parameters for model 11: 
0.142763 0.0100264 

2 params
Best parameters for model 12: 
0.14586 0.009234 



Fitting the potential: 
Results: 0.0237045 0.0217579 0.0207255 0.0192287 0.0137782 0.0128053 0.0125153 0.0116484 0.0107639 0.0100351 0.0100264  0.009234

Errors: 0.000955108 0.000852604 0.000788756 0.000718172  0.00142503  0.00121539  0.00109532 0.000970501  0.00199866   0.0016667  0.00148272  0.00129574

Probabilities:         0         0         0         0 0.0136443 0.0157723 0.0368463 0.0233225 0.0507276  0.110847  0.301294  0.447546

Chisq:  13.3381   14.227  13.7764  14.5051 0.878657  0.99744 0.910634  1.13331 0.129129 0.180381 0.154631 0.286379

Fit statuses: 0 0 0 0 0 0 0 0 0 0 0 0

