R=0parameters: 
-0.671379 -0.671379 
0.0766426 0.0766426 
1.39727e-10 1.39727e-10 
1.63042e-322 1.63042e-322 
3.43549e-316 3.43549e-316 
3.39326e-316 3.39326e-316 
1.46036e-10 1.46036e-10 
7.95446e-322 7.95446e-322 
3.4388e-316 3.4388e-316 
9.26859e-138 9.26859e-138 9.26859e-138 
9.16069e-138 9.16069e-138 9.16069e-138 
3.21143e-322 3.21143e-322 3.21143e-322 
9.03628e-09 9.03628e-09 9.03628e-09 
-4.95104e-10 -4.95104e-10 -4.95104e-10 
1.73961e-10 1.73961e-10 1.73961e-10 
2.31547e-08 2.31547e-08 2.31547e-08 
-1.99115e-09 -1.99115e-09 -1.99115e-09 
5.33894e-08 5.33894e-08 5.33894e-08 
8.61646e-138 8.61646e-138 8.61646e-138 8.61646e-138 
2.42092e-322 2.42092e-322 2.42092e-322 2.42092e-322 
1 1 1 1 
2.62812e-05 2.62812e-05 2.62812e-05 2.62812e-05 
0.00102561 0.00102561 0.00102561 0.00102561 
0.001166 0.001166 0.001166 0.001166 
2.39864e-316 2.39864e-316 2.39864e-316 2.39864e-316 
3.21143e-322 3.21143e-322 3.21143e-322 3.21143e-322 
1.97626e-323 1.97626e-323 1.97626e-323 1.97626e-323 
3.39805e-316 3.39805e-316 3.39805e-316 
2.06904e-10 2.06904e-10 2.06904e-10 
3.45253e-316 3.45253e-316 3.45253e-316 
8.97578e+07 8.97578e+07 8.97578e+07 
3.36743e-316 3.36743e-316 3.36743e-316 
3.23796e-319 3.23796e-319 3.23796e-319 
3.21143e-322 3.21143e-322 3.21143e-322 
1.97626e-323 1.97626e-323 1.97626e-323 
3.45259e-316 3.45259e-316 3.45259e-316 
1.42738e+228 1.42738e+228 1.42738e+228 1.42738e+228 
3.43632e-316 3.43632e-316 3.43632e-316 3.43632e-316 
8.88657e+07 8.88657e+07 8.88657e+07 8.88657e+07 
3.43261e-316 3.43261e-316 3.43261e-316 3.43261e-316 
3.23796e-319 3.23796e-319 3.23796e-319 3.23796e-319 
2.42092e-322 2.42092e-322 2.42092e-322 2.42092e-322 
3.45255e-316 3.45255e-316 3.45255e-316 3.45255e-316 
3.4405e-316 3.4405e-316 3.4405e-316 3.4405e-316 
16.1623 16.1623 16.1623 16.1623 
3.57094e-316 3.57094e-316 3.57094e-316 3.57094e-316 3.57094e-316 
9.95829e+07 9.95829e+07 9.95829e+07 9.95829e+07 9.95829e+07 
3.43432e-316 3.43432e-316 3.43432e-316 3.43432e-316 3.43432e-316 
3.23796e-319 3.23796e-319 3.23796e-319 3.23796e-319 3.23796e-319 
9.53547e-322 9.53547e-322 9.53547e-322 9.53547e-322 9.53547e-322 
3.41872e-316 3.41872e-316 3.41872e-316 3.41872e-316 3.41872e-316 
1.63042e-322 1.63042e-322 1.63042e-322 1.63042e-322 1.63042e-322 
6.90371e-310 6.90371e-310 6.90371e-310 6.90371e-310 6.90371e-310 
2.122e-314 2.122e-314 2.122e-314 2.122e-314 2.122e-314 
R=1parameters: 
-0.634554 -0.634554 
0.112202 0.112202 
0.534524 0.534524 
2.96127 2.96127 
-15.9522 -15.9522 
3.45258e-316 3.45258e-316 
502889 502889 
2.21341e-321 2.21341e-321 
108320 108320 
9.53547e-322 9.53547e-322 9.53547e-322 
2.35858e-316 2.35858e-316 2.35858e-316 
3.57213e-316 3.57213e-316 3.57213e-316 
6.51967e-07 6.51967e-07 6.51967e-07 
3.45435e-316 3.45435e-316 3.45435e-316 
3.5719e-316 3.5719e-316 3.5719e-316 
3.45435e-316 3.45435e-316 3.45435e-316 
8.66682e-09 8.66682e-09 8.66682e-09 
7.01373e-77 7.01373e-77 7.01373e-77 
3.44061e-316 3.44061e-316 3.44061e-316 3.44061e-316 
3.21143e-322 3.21143e-322 3.21143e-322 3.21143e-322 
2.47033e-323 2.47033e-323 2.47033e-323 2.47033e-323 
-3.81535e-124 -3.81535e-124 -3.81535e-124 -3.81535e-124 
2.47033e-323 2.47033e-323 2.47033e-323 2.47033e-323 
3.39804e-316 3.39804e-316 3.39804e-316 3.39804e-316 
5.81356e+06 5.81356e+06 5.81356e+06 5.81356e+06 
3.44739e-316 3.44739e-316 3.44739e-316 3.44739e-316 
3.23796e-319 3.23796e-319 3.23796e-319 3.23796e-319 
6.32898e-321 6.32898e-321 6.32898e-321 
6.90373e-310 6.90373e-310 6.90373e-310 
0.556881 0.556881 0.556881 
0.734409 0.734409 0.734409 
0.691045 0.691045 0.691045 
0.639071 0.639071 0.639071 
0.604397 0.604397 0.604397 
4.11594e-05 4.11594e-05 4.11594e-05 
5.82293e-06 5.82293e-06 5.82293e-06 
2.92858e-06 2.92858e-06 2.92858e-06 2.92858e-06 
0.9656 0.9656 0.9656 0.9656 
0.980055 0.980055 0.980055 0.980055 
0.991431 0.991431 0.991431 0.991431 
0.99348 0.99348 0.99348 0.99348 
0.89246 0.89246 0.89246 0.89246 
0.959462 0.959462 0.959462 0.959462 
0.947165 0.947165 0.947165 0.947165 
0.930841 0.930841 0.930841 0.930841 
0.906512 0.906512 0.906512 0.906512 0.906512 
3.62834e-05 3.62834e-05 3.62834e-05 3.62834e-05 3.62834e-05 
5.61892e-06 5.61892e-06 5.61892e-06 5.61892e-06 5.61892e-06 
2.87016e-06 2.87016e-06 2.87016e-06 2.87016e-06 2.87016e-06 
1.83666e-06 1.83666e-06 1.83666e-06 1.83666e-06 1.83666e-06 
0.676178 0.676178 0.676178 0.676178 0.676178 
3.39363e-316 3.39363e-316 3.39363e-316 3.39363e-316 3.39363e-316 
6.90371e-310 6.90371e-310 6.90371e-310 6.90371e-310 6.90371e-310 
2.122e-314 2.122e-314 2.122e-314 2.122e-314 2.122e-314 
R=2parameters: 
-0.590483 -0.590483 
0.134076 0.134076 
-1.75461e-05 -1.75461e-05 
0.13998 0.13998 
-0.122755 -0.122755 
3.45258e-316 3.45258e-316 
502889 502889 
2.21341e-321 2.21341e-321 
108320 108320 
2.56173e-320 2.56173e-320 2.56173e-320 
6.90373e-310 6.90373e-310 6.90373e-310 
6.90373e-310 6.90373e-310 6.90373e-310 
3.57072e-316 3.57072e-316 3.57072e-316 
3.57072e-316 3.57072e-316 3.57072e-316 
2.37152e-322 2.37152e-322 2.37152e-322 
3.16202e-322 3.16202e-322 3.16202e-322 
3.57264e-316 3.57264e-316 3.57264e-316 
3.43434e-316 3.43434e-316 3.43434e-316 
2.47033e-323 2.47033e-323 2.47033e-323 2.47033e-323 
3.45226e-316 3.45226e-316 3.45226e-316 3.45226e-316 
2.47033e-323 2.47033e-323 2.47033e-323 2.47033e-323 
3.43658e-316 3.43658e-316 3.43658e-316 3.43658e-316 
3.31886e-316 3.31886e-316 3.31886e-316 3.31886e-316 
4.79244e-322 4.79244e-322 4.79244e-322 4.79244e-322 
3.43657e-316 3.43657e-316 3.43657e-316 3.43657e-316 
3.57076e-316 3.57076e-316 3.57076e-316 3.57076e-316 
0.372317 0.372317 0.372317 0.372317 
0.000346103 0.000346103 0.000346103 
2.37152e-322 2.37152e-322 2.37152e-322 
2.37152e-322 2.37152e-322 2.37152e-322 
3.5728e-316 3.5728e-316 3.5728e-316 
0.00100008 0.00100008 0.00100008 
0.000333866 0.000333866 0.000333866 
0.00521847 0.00521847 0.00521847 
1.02766e-321 1.02766e-321 1.02766e-321 
6.32404e-322 6.32404e-322 6.32404e-322 
3.5699e-316 3.5699e-316 3.5699e-316 3.5699e-316 
-4.82786e-06 -4.82786e-06 -4.82786e-06 -4.82786e-06 
2.65181e-06 2.65181e-06 2.65181e-06 2.65181e-06 
-5.10179e-06 -5.10179e-06 -5.10179e-06 -5.10179e-06 
6.90371e-310 6.90371e-310 6.90371e-310 6.90371e-310 
2.122e-314 2.122e-314 2.122e-314 2.122e-314 
3.57174e-316 3.57174e-316 3.57174e-316 3.57174e-316 
6.37345e-322 6.37345e-322 6.37345e-322 6.37345e-322 
3.57073e-316 3.57073e-316 3.57073e-316 3.57073e-316 
2.42092e-322 2.42092e-322 2.42092e-322 2.42092e-322 2.42092e-322 
1.0182 1.0182 1.0182 1.0182 1.0182 
0.887782 0.887782 0.887782 0.887782 0.887782 
1.02512 1.02512 1.02512 1.02512 1.02512 
0.89335 0.89335 0.89335 0.89335 0.89335 
0.780231 0.780231 0.780231 0.780231 0.780231 
1.04123 1.04123 1.04123 1.04123 1.04123 
0.908348 0.908348 0.908348 0.908348 0.908348 
0.795283 0.795283 0.795283 0.795283 0.795283 
R=3parameters: 
-0.543618 -0.543618 
0.152194 0.152194 
0.0340574 0.0340574 
-5.63535 -5.63535 
8.99373 8.99373 
3.45258e-316 3.45258e-316 
502889 502889 
2.21341e-321 2.21341e-321 
108320 108320 
4.58542e-320 4.58542e-320 4.58542e-320 
6.90373e-310 6.90373e-310 6.90373e-310 
6.90373e-310 6.90373e-310 6.90373e-310 
3.57072e-316 3.57072e-316 3.57072e-316 
3.57072e-316 3.57072e-316 3.57072e-316 
0.581182 0.581182 0.581182 
0.500934 0.500934 0.500934 
0.431103 0.431103 0.431103 
0.372979 0.372979 0.372979 
1.09475 1.09475 1.09475 1.09475 
0.932933 0.932933 0.932933 0.932933 
3.41871e-316 3.41871e-316 3.41871e-316 3.41871e-316 
3.55908e-316 3.55908e-316 3.55908e-316 3.55908e-316 
2.35858e-316 2.35858e-316 2.35858e-316 2.35858e-316 
0.932933 0.932933 0.932933 0.932933 
0.802351 0.802351 0.802351 0.802351 
0.444248 0.444248 0.444248 0.444248 
0 0 0 0 
0 0 0 
0 0 0 
0 0 0 
0.904013 0.904013 0.904013 
0.771962 0.771962 0.771962 
0.660432 0.660432 0.660432 
0.362332 0.362332 0.362332 
1.048 1.048 1.048 
0.884464 0.884464 0.884464 
0.566232 0.566232 0.566232 0.566232 
0.489416 0.489416 0.489416 0.489416 
0.771962 0.771962 0.771962 0.771962 
0.660432 0.660432 0.660432 0.660432 
1.24378 1.24378 1.24378 1.24378 
1.048 1.048 1.048 1.048 
0.884464 0.884464 0.884464 0.884464 
0.756587 0.756587 0.756587 0.756587 
0.557529 0.557529 0.557529 0.557529 
0.476224 0.476224 0.476224 0.476224 0.476224 
0.884464 0.884464 0.884464 0.884464 0.884464 
0.756587 0.756587 0.756587 0.756587 0.756587 
0.894464 0.894464 0.894464 0.894464 0.894464 
0.76376 0.76376 0.76376 0.76376 0.76376 
0.654471 0.654471 0.654471 0.654471 0.654471 
0.919389 0.919389 0.919389 0.919389 0.919389 
-2.59218e-07 -2.59218e-07 -2.59218e-07 -2.59218e-07 -2.59218e-07 
-0.000664321 -0.000664321 -0.000664321 -0.000664321 -0.000664321 
R=4parameters: 
-0.496284 -0.496284 
0.170124 0.170124 
0.646796 0.646796 
0.849262 0.849262 
-11.4407 -11.4407 
3.45258e-316 3.45258e-316 
502889 502889 
2.21341e-321 2.21341e-321 
108320 108320 
2.42092e-322 2.42092e-322 2.42092e-322 
0.753412 0.753412 0.753412 
0.376833 0.376833 0.376833 
0 0 0 
0.849262 0.849262 0.849262 
0 0 0 
2.42092e-322 2.42092e-322 2.42092e-322 
13574.1 13574.1 13574.1 
3.39232e-316 3.39232e-316 3.39232e-316 
16945.5 16945.5 16945.5 16945.5 
0.00436449 0.00436449 0.00436449 0.00436449 
641.862 641.862 641.862 641.862 
0.833161 0.833161 0.833161 0.833161 
0.705286 0.705286 0.705286 0.705286 
0.59936 0.59936 0.59936 0.59936 
0.5058 0.5058 0.5058 0.5058 
0.43104 0.43104 0.43104 0.43104 
0.367977 0.367977 0.367977 0.367977 
0.316223 0.316223 0.316223 
0.43104 0.43104 0.43104 
0.367977 0.367977 0.367977 
0.797923 0.797923 0.797923 
0.668473 0.668473 0.668473 
0.561741 0.561741 0.561741 
0.472946 0.472946 0.472946 
0.403693 0.403693 0.403693 
0.403693 0.403693 0.403693 
0.341496 0.341496 0.341496 0.341496 
0.561741 0.561741 0.561741 0.561741 
0.472946 0.472946 0.472946 0.472946 
0.770192 0.770192 0.770192 0.770192 
0.646957 0.646957 0.646957 0.646957 
0.545785 0.545785 0.545785 0.545785 
0.460469 0.460469 0.460469 0.460469 
0.38471 0.38471 0.38471 0.38471 
0.460469 0.460469 0.460469 0.460469 
0.38471 0.38471 0.38471 0.38471 0.38471 
0.770192 0.770192 0.770192 0.770192 0.770192 
0.646957 0.646957 0.646957 0.646957 0.646957 
0.783898 0.783898 0.783898 0.783898 0.783898 
0.65582 0.65582 0.65582 0.65582 0.65582 
0.552237 0.552237 0.552237 0.552237 0.552237 
0.818056 0.818056 0.818056 0.818056 0.818056 
0.688214 0.688214 0.688214 0.688214 0.688214 
0.583846 0.583846 0.583846 0.583846 0.583846 
R=5parameters: 
-0.452054 -0.452054 
0.187903 0.187903 
-0.000212264 -0.000212264 
0.522921 0.522921 
-0.480613 -0.480613 
3.45258e-316 3.45258e-316 
502889 502889 
2.21341e-321 2.21341e-321 
108320 108320 
1.09648e-319 1.09648e-319 1.09648e-319 
1.34239 1.34239 1.34239 
6.90373e-310 6.90373e-310 6.90373e-310 
3.57072e-316 3.57072e-316 3.57072e-316 
0.602123 0.602123 0.602123 
0.501909 0.501909 0.501909 
0.344997 0.344997 0.344997 
0.286079 0.286079 0.286079 
0.240282 0.240282 0.240282 
0.286079 0.286079 0.286079 0.286079 
3.57004e-316 3.57004e-316 3.57004e-316 3.57004e-316 
1267.14 1267.14 1267.14 1267.14 
1.10583 1.10583 1.10583 1.10583 
0.913003 0.913003 0.913003 0.913003 
2.53456e-321 2.53456e-321 2.53456e-321 2.53456e-321 
3.56998e-316 3.56998e-316 3.56998e-316 3.56998e-316 
3.43861e-316 3.43861e-316 3.43861e-316 3.43861e-316 
1.58101e-322 1.58101e-322 1.58101e-322 1.58101e-322 
3.16202e-322 3.16202e-322 3.16202e-322 
3.57089e-316 3.57089e-316 3.57089e-316 
3.57051e-316 3.57051e-316 3.57051e-316 
2.47033e-323 2.47033e-323 2.47033e-323 
3.57047e-316 3.57047e-316 3.57047e-316 
1832.93 1832.93 1832.93 
3.57047e-316 3.57047e-316 3.57047e-316 
0.582844 0.582844 0.582844 
2.06025e-321 2.06025e-321 2.06025e-321 
3.57076e-316 3.57076e-316 3.57076e-316 3.57076e-316 
6.90373e-310 6.90373e-310 6.90373e-310 6.90373e-310 
1.58101e-322 1.58101e-322 1.58101e-322 1.58101e-322 
2.37152e-322 2.37152e-322 2.37152e-322 2.37152e-322 
3.57016e-316 3.57016e-316 3.57016e-316 3.57016e-316 
0.00251518 0.00251518 0.00251518 0.00251518 
0.00140189 0.00140189 0.00140189 0.00140189 
0.00127848 0.00127848 0.00127848 0.00127848 
1026.37 1026.37 1026.37 1026.37 
7.16395e-322 7.16395e-322 7.16395e-322 7.16395e-322 7.16395e-322 
0.673373 0.673373 0.673373 0.673373 0.673373 
0.555487 0.555487 0.555487 0.555487 0.555487 
0.690341 0.690341 0.690341 0.690341 0.690341 
0.565171 0.565171 0.565171 0.565171 0.565171 
0.467397 0.467397 0.467397 0.467397 0.467397 
0.732728 0.732728 0.732728 0.732728 0.732728 
0.606657 0.606657 0.606657 0.606657 0.606657 
0.508278 0.508278 0.508278 0.508278 0.508278 
R=6parameters: 
-0.411291 -0.411291 
0.206326 0.206326 
1.04265 1.04265 
9.94737 9.94737 
-38.7785 -38.7785 
3.45258e-316 3.45258e-316 
502889 502889 
2.21341e-321 2.21341e-321 
108320 108320 
1.09648e-319 1.09648e-319 1.09648e-319 
1.27534 1.27534 1.27534 
6.90373e-310 6.90373e-310 6.90373e-310 
3.57072e-316 3.57072e-316 3.57072e-316 
0.532018 0.532018 0.532018 
0.436815 0.436815 0.436815 
0.288525 0.288525 0.288525 
0.234907 0.234907 0.234907 
0.194185 0.194185 0.194185 
0.234907 0.234907 0.234907 0.234907 
0.194185 0.194185 0.194185 0.194185 
1.28097 1.28097 1.28097 1.28097 
1.0366 1.0366 1.0366 1.0366 
0.843741 0.843741 0.843741 0.843741 
0.681755 0.681755 0.681755 0.681755 
0.560998 0.560998 0.560998 0.560998 
0.261974 0.261974 0.261974 0.261974 
0.221393 0.221393 0.221393 0.221393 
0.184416 0.184416 0.184416 
0.314957 0.314957 0.314957 
0.261974 0.261974 0.261974 
0.635783 0.635783 0.635783 
0.513461 0.513461 0.513461 
0.416098 0.416098 0.416098 
0.188705 0.188705 0.188705 
0.759613 0.759613 0.759613 
0.592455 0.592455 0.592455 
0.337485 0.337485 0.337485 0.337485 
0.2807 0.2807 0.2807 0.2807 
0.513461 0.513461 0.513461 0.513461 
0.416098 0.416098 0.416098 0.416098 
0.96581 0.96581 0.96581 0.96581 
0.759613 0.759613 0.759613 0.759613 
0.76073 0.76073 0.76073 0.76073 
0.613141 0.613141 0.613141 0.613141 
3.5693e-316 3.5693e-316 3.5693e-316 3.5693e-316 
3.56937e-316 3.56937e-316 3.56937e-316 3.56937e-316 3.56937e-316 
3.56922e-316 3.56922e-316 3.56922e-316 3.56922e-316 3.56922e-316 
3.57049e-316 3.57049e-316 3.57049e-316 3.57049e-316 3.57049e-316 
0.613141 0.613141 0.613141 0.613141 0.613141 
0.490826 0.490826 0.490826 0.490826 0.490826 
0.398886 0.398886 0.398886 0.398886 0.398886 
0.33148 0.33148 0.33148 0.33148 0.33148 
0.219679 0.219679 0.219679 0.219679 0.219679 
0.181458 0.181458 0.181458 0.181458 0.181458 
R=7parameters: 
-0.373244 -0.373244 
0.224554 0.224554 
-0.000663919 -0.000663919 
0.593359 0.593359 
-0.532683 -0.532683 
3.45258e-316 3.45258e-316 
502889 502889 
2.21341e-321 2.21341e-321 
108320 108320 
6.75931e-320 6.75931e-320 6.75931e-320 
1.21944 1.21944 1.21944 
6.90373e-310 6.90373e-310 6.90373e-310 
0.595561 0.595561 0.595561 
3.57072e-316 3.57072e-316 3.57072e-316 
0.385206 0.385206 0.385206 
0.305351 0.305351 0.305351 
0.195597 0.195597 0.195597 
0.158913 0.158913 0.158913 
0.128219 0.128219 0.128219 0.128219 
0.158913 0.158913 0.158913 0.158913 
0.128219 0.128219 0.128219 0.128219 
0.627411 0.627411 0.627411 0.627411 
0.509663 0.509663 0.509663 0.509663 
0.627411 0.627411 0.627411 0.627411 
0.509663 0.509663 0.509663 0.509663 
0.225809 0.225809 0.225809 0.225809 
0.189446 0.189446 0.189446 0.189446 
0.156199 0.156199 0.156199 
0.274664 0.274664 0.274664 
0.225809 0.225809 0.225809 
0.576872 0.576872 0.576872 
0.458053 0.458053 0.458053 
0.365634 0.365634 0.365634 
0.29106 0.29106 0.29106 
0.239422 0.239422 0.239422 
0.191661 0.191661 0.191661 
0.29106 0.29106 0.29106 0.29106 
0.239422 0.239422 0.239422 0.239422 
0.458053 0.458053 0.458053 0.458053 
0.365634 0.365634 0.365634 0.365634 
0.29106 0.29106 0.29106 0.29106 
0.125523 0.125523 0.125523 0.125523 
6.90371e-310 6.90371e-310 6.90371e-310 6.90371e-310 
0 0 0 0 
1.42291e-321 1.42291e-321 1.42291e-321 1.42291e-321 
6.32404e-322 6.32404e-322 6.32404e-322 6.32404e-322 6.32404e-322 
3.57139e-316 3.57139e-316 3.57139e-316 3.57139e-316 3.57139e-316 
0.000522589 0.000522589 0.000522589 0.000522589 0.000522589 
0.551376 0.551376 0.551376 0.551376 0.551376 
0.431945 0.431945 0.431945 0.431945 0.431945 
0.171674 0.171674 0.171674 0.171674 0.171674 
0.137499 0.137499 0.137499 0.137499 0.137499 
0.181258 0.181258 0.181258 0.181258 0.181258 
3.21143e-322 3.21143e-322 3.21143e-322 3.21143e-322 3.21143e-322 
R=8parameters: 
-0.343293 -0.343293 
0.24214 0.24214 
-0.000857586 -0.000857586 
0.592831 0.592831 
-0.529943 -0.529943 
3.45258e-316 3.45258e-316 
502889 502889 
2.21341e-321 2.21341e-321 
108320 108320 
5.07554e-320 5.07554e-320 5.07554e-320 
6.90373e-310 6.90373e-310 6.90373e-310 
6.90373e-310 6.90373e-310 6.90373e-310 
3.57072e-316 3.57072e-316 3.57072e-316 
3.57072e-316 3.57072e-316 3.57072e-316 
0.000136551 0.000136551 0.000136551 
0.212298 0.212298 0.212298 
0.165675 0.165675 0.165675 
0.132222 0.132222 0.132222 
0.745103 0.745103 0.745103 0.745103 
0.586516 0.586516 0.586516 0.586516 
0.471082 0.471082 0.471082 0.471082 
0.586516 0.586516 0.586516 0.586516 
0.471082 0.471082 0.471082 0.471082 
0.382157 0.382157 0.382157 0.382157 
0.199762 0.199762 0.199762 0.199762 
0.166304 0.166304 0.166304 0.166304 
0.651437 0.651437 0.651437 0.651437 
0.532926 0.532926 0.532926 
0.417158 0.417158 0.417158 
0.328729 0.328729 0.328729 
0.532926 0.532926 0.532926 
0.417158 0.417158 0.417158 
0.328729 0.328729 0.328729 
0.132269 0.132269 0.132269 
0.644163 0.644163 0.644163 
0.478205 0.478205 0.478205 
0.375543 0.375543 0.375543 0.375543 
0.295524 0.295524 0.295524 0.295524 
0.233183 0.233183 0.233183 0.233183 
0.478205 0.478205 0.478205 0.478205 
0.375543 0.375543 0.375543 0.375543 
0.295524 0.295524 0.295524 0.295524 
0.645099 0.645099 0.645099 0.645099 
0.5038 0.5038 0.5038 0.5038 
0.386645 0.386645 0.386645 0.386645 
0.304291 0.304291 0.304291 0.304291 0.304291 
0.247761 0.247761 0.247761 0.247761 0.247761 
9.4113e-06 9.4113e-06 9.4113e-06 9.4113e-06 9.4113e-06 
8.88199e-07 8.88199e-07 8.88199e-07 8.88199e-07 8.88199e-07 
1.85853e-07 1.85853e-07 1.85853e-07 1.85853e-07 1.85853e-07 
5.94442 5.94442 5.94442 5.94442 5.94442 
2.37152e-322 2.37152e-322 2.37152e-322 2.37152e-322 2.37152e-322 
0.153061 0.153061 0.153061 0.153061 0.153061 
0.123818 0.123818 0.123818 0.123818 0.123818 
R=9parameters: 
-0.49877 -0.49877 
0.888619 0.888619 
0.762121 0.762121 
0.450583 0.450583 
-8.92476 -8.92476 
3.45258e-316 3.45258e-316 
502889 502889 
2.21341e-321 2.21341e-321 
108320 108320 
6.2692e-320 6.2692e-320 6.2692e-320 
1.14364 1.14364 1.14364 
6.90373e-310 6.90373e-310 6.90373e-310 
0.516895 0.516895 0.516895 
0 0 0 
0.318169 0.318169 0.318169 
0.243691 0.243691 0.243691 
0.145614 0.145614 0.145614 
0.114759 0.114759 0.114759 
0.145614 0.145614 0.145614 0.145614 
0.114759 0.114759 0.114759 0.114759 
1.15408 1.15408 1.15408 1.15408 
0.90532 0.90532 0.90532 0.90532 
0.557843 0.557843 0.557843 0.557843 
0.444152 0.444152 0.444152 0.444152 
0.357543 0.357543 0.357543 0.357543 
0.278181 0.278181 0.278181 0.278181 
0.180971 0.180971 0.180971 0.180971 
0.149628 0.149628 0.149628 
0.224656 0.224656 0.224656 
0.180971 0.180971 0.180971 
0.149628 0.149628 0.149628 
0.615963 0.615963 0.615963 
0.501551 0.501551 0.501551 
0.387497 0.387497 0.387497 
0.302249 0.302249 0.302249 
0.187807 0.187807 0.187807 
0.145989 0.145989 0.145989 0.145989 
0.302249 0.302249 0.302249 0.302249 
0.232207 0.232207 0.232207 0.232207 
0.44387 0.44387 0.44387 0.44387 
0.34421 0.34421 0.34421 0.34421 
0.0904679 0.0904679 0.0904679 0.0904679 
0.0011497 0.0011497 0.0011497 0.0011497 
-4.48112e-05 -4.48112e-05 -4.48112e-05 -4.48112e-05 
1.72194e-05 1.72194e-05 1.72194e-05 1.72194e-05 
-5.07417e-05 -5.07417e-05 -5.07417e-05 -5.07417e-05 -5.07417e-05 
1.11784e-05 1.11784e-05 1.11784e-05 1.11784e-05 1.11784e-05 
0.414772 0.414772 0.414772 0.414772 0.414772 
3.57104e-316 3.57104e-316 3.57104e-316 3.57104e-316 3.57104e-316 
3.56926e-316 3.56926e-316 3.56926e-316 3.56926e-316 3.56926e-316 
3.39472e-316 3.39472e-316 3.39472e-316 3.39472e-316 3.39472e-316 
3.57098e-316 3.57098e-316 3.57098e-316 3.57098e-316 3.57098e-316 
3.4441e-316 3.4441e-316 3.4441e-316 3.4441e-316 3.4441e-316 
3.57102e-316 3.57102e-316 3.57102e-316 3.57102e-316 3.57102e-316 
R=10parameters: 
-0.309434 -0.309434 
0.266888 0.266888 
0.556799 0.556799 
0.637592 0.637592 
-10.0633 -10.0633 
3.45258e-316 3.45258e-316 
502889 502889 
2.21341e-321 2.21341e-321 
108320 108320 
2.3641e-320 2.3641e-320 2.3641e-320 
6.90373e-310 6.90373e-310 6.90373e-310 
6.90373e-310 6.90373e-310 6.90373e-310 
3.57072e-316 3.57072e-316 3.57072e-316 
3.57072e-316 3.57072e-316 3.57072e-316 
3.45673e-316 3.45673e-316 3.45673e-316 
3.43633e-316 3.43633e-316 3.43633e-316 
3.43379e-316 3.43379e-316 3.43379e-316 
3.44136e-316 3.44136e-316 3.44136e-316 
3.43862e-316 3.43862e-316 3.43862e-316 3.43862e-316 
3.44672e-316 3.44672e-316 3.44672e-316 3.44672e-316 
3.43844e-316 3.43844e-316 3.43844e-316 3.43844e-316 
3.43845e-316 3.43845e-316 3.43845e-316 3.43845e-316 
3.44049e-316 3.44049e-316 3.44049e-316 3.44049e-316 
0.540695 0.540695 0.540695 0.540695 
0.428197 0.428197 0.428197 0.428197 
0.170937 0.170937 0.170937 0.170937 
0.140445 0.140445 0.140445 0.140445 
0.113335 0.113335 0.113335 
0.594856 0.594856 0.594856 
0.213312 0.213312 0.213312 
0.170937 0.170937 0.170937 
0.140445 0.140445 0.140445 
0.807612 0.807612 0.807612 
0.594856 0.594856 0.594856 
0.135368 0.135368 0.135368 
0.106925 0.106925 0.106925 
0.0824508 0.0824508 0.0824508 0.0824508 
0.587297 0.587297 0.587297 0.587297 
0.369648 0.369648 0.369648 0.369648 
0.286562 0.286562 0.286562 0.286562 
0.217893 0.217893 0.217893 0.217893 
0.0824508 0.0824508 0.0824508 0.0824508 
0.0622597 0.0622597 0.0622597 0.0622597 
0.11238 0.11238 0.11238 0.11238 
3.57073e-316 3.57073e-316 3.57073e-316 3.57073e-316 
6.37345e-322 6.37345e-322 6.37345e-322 6.37345e-322 6.37345e-322 
0.501561 0.501561 0.501561 0.501561 0.501561 
-6.5365e-05 -6.5365e-05 -6.5365e-05 -6.5365e-05 -6.5365e-05 
9.29154e-06 9.29154e-06 9.29154e-06 9.29154e-06 9.29154e-06 
-1.04012e-05 -1.04012e-05 -1.04012e-05 -1.04012e-05 -1.04012e-05 
1.55259e-06 1.55259e-06 1.55259e-06 1.55259e-06 1.55259e-06 
3.95253e-322 3.95253e-322 3.95253e-322 3.95253e-322 3.95253e-322 
3.38157e-316 3.38157e-316 3.38157e-316 3.38157e-316 3.38157e-316 
2.122e-314 2.122e-314 2.122e-314 2.122e-314 2.122e-314 
R=11parameters: 
-0.305607 -0.305607 
0.270804 0.270804 
-0.0010252 -0.0010252 
0.465179 0.465179 
-0.398944 -0.398944 
3.45258e-316 3.45258e-316 
502889 502889 
2.21341e-321 2.21341e-321 
108320 108320 
5.14322e-321 5.14322e-321 5.14322e-321 
3.4367e-316 3.4367e-316 3.4367e-316 
3.45558e-316 3.45558e-316 3.45558e-316 
3.38067e-316 3.38067e-316 3.38067e-316 
0 0 0 
-1.56556e-06 -1.56556e-06 -1.56556e-06 
1.0005e-07 1.0005e-07 1.0005e-07 
-3.65326e-05 -3.65326e-05 -3.65326e-05 
1.7739e-05 1.7739e-05 1.7739e-05 
-7.41474e-07 -7.41474e-07 -7.41474e-07 -7.41474e-07 
2.1167e-05 2.1167e-05 2.1167e-05 2.1167e-05 
0.000446486 0.000446486 0.000446486 0.000446486 
0.000361951 0.000361951 0.000361951 0.000361951 
0.00278559 0.00278559 0.00278559 0.00278559 
0.00276769 0.00276769 0.00276769 0.00276769 
0.00227437 0.00227437 0.00227437 0.00227437 
0.00189836 0.00189836 0.00189836 0.00189836 
0.00163191 0.00163191 0.00163191 0.00163191 
0.00132972 0.00132972 0.00132972 
0.00105874 0.00105874 0.00105874 
0.254156 0.254156 0.254156 
0.223514 0.223514 0.223514 
0.181009 0.181009 0.181009 
0.153404 0.153404 0.153404 
0.11989 0.11989 0.11989 
0.00234511 0.00234511 0.00234511 
0.000326497 0.000326497 0.000326497 
0.000230607 0.000230607 0.000230607 0.000230607 
0.733695 0.733695 0.733695 0.733695 
0.631382 0.631382 0.631382 0.631382 
0.483555 0.483555 0.483555 0.483555 
0.416288 0.416288 0.416288 0.416288 
0.361844 0.361844 0.361844 0.361844 
0.300728 0.300728 0.300728 0.300728 
3.39353e-316 3.39353e-316 3.39353e-316 3.39353e-316 
3.57195e-316 3.57195e-316 3.57195e-316 3.57195e-316 
3.45404e-316 3.45404e-316 3.45404e-316 3.45404e-316 3.45404e-316 
3.45572e-316 3.45572e-316 3.45572e-316 3.45572e-316 3.45572e-316 
0.000282924 0.000282924 0.000282924 0.000282924 0.000282924 
0.000169195 0.000169195 0.000169195 0.000169195 0.000169195 
0.000113879 0.000113879 0.000113879 0.000113879 0.000113879 
0.740884 0.740884 0.740884 0.740884 0.740884 
3.5718e-316 3.5718e-316 3.5718e-316 3.5718e-316 3.5718e-316 
2.47033e-323 2.47033e-323 2.47033e-323 2.47033e-323 2.47033e-323 
113112 113112 113112 113112 113112 
T Models:
(* Fitting with shape 1 1 1 1 1 1 1 1 1 1 0 0 *)
G[T_,xx_]:=Exp[0+xx[[1]]*T^1+xx[[2]]*T^2]*(1)
(* Fitting with shape 1 1 1 1 1 1 1 1 1 1 1 0 *)
G[T_,xx_]:=Exp[0+xx[[1]]*T^1+xx[[2]]*T^2]*(1)
(* Fitting with shape 1 1 1 1 1 1 1 1 1 1 1 1 *)
G[T_,xx_]:=Exp[0+xx[[1]]*T^1+xx[[2]]*T^2]*(1)
(* Fitting with shape 0 1 1 1 1 1 1 1 1 1 0 0 *)
G[T_,xx_]:=Exp[0+xx[[1]]*T^1+xx[[2]]*T^2]*(1)
(* Fitting with shape 0 1 1 1 1 1 1 1 1 1 1 0 *)
G[T_,xx_]:=Exp[0+xx[[1]]*T^1+xx[[2]]*T^2]*(1)
(* Fitting with shape 0 1 1 1 1 1 1 1 1 1 1 1 *)
G[T_,xx_]:=Exp[0+xx[[1]]*T^1+xx[[2]]*T^2]*(1)
(* Fitting with shape 0 0 1 1 1 1 1 1 1 1 0 0 *)
G[T_,xx_]:=Exp[0+xx[[1]]*T^1+xx[[2]]*T^2]*(1)
(* Fitting with shape 0 0 1 1 1 1 1 1 1 1 1 0 *)
G[T_,xx_]:=Exp[0+xx[[1]]*T^1+xx[[2]]*T^2]*(1)
(* Fitting with shape 0 0 1 1 1 1 1 1 1 1 1 1 *)
G[T_,xx_]:=Exp[0+xx[[1]]*T^1+xx[[2]]*T^2]*(1)
(* Fitting with shape 1 1 1 1 1 1 1 1 1 1 0 0 *)
G[T_,xx_]:=Exp[0+xx[[1]]*T^1+xx[[2]]*T^2]*(1+xx[[3]]/(T^1))
(* Fitting with shape 1 1 1 1 1 1 1 1 1 1 1 0 *)
G[T_,xx_]:=Exp[0+xx[[1]]*T^1+xx[[2]]*T^2]*(1+xx[[3]]/(T^1))
(* Fitting with shape 1 1 1 1 1 1 1 1 1 1 1 1 *)
G[T_,xx_]:=Exp[0+xx[[1]]*T^1+xx[[2]]*T^2]*(1+xx[[3]]/(T^1))
(* Fitting with shape 0 1 1 1 1 1 1 1 1 1 0 0 *)
G[T_,xx_]:=Exp[0+xx[[1]]*T^1+xx[[2]]*T^2]*(1+xx[[3]]/(T^1))
(* Fitting with shape 0 1 1 1 1 1 1 1 1 1 1 0 *)
G[T_,xx_]:=Exp[0+xx[[1]]*T^1+xx[[2]]*T^2]*(1+xx[[3]]/(T^1))
(* Fitting with shape 0 1 1 1 1 1 1 1 1 1 1 1 *)
G[T_,xx_]:=Exp[0+xx[[1]]*T^1+xx[[2]]*T^2]*(1+xx[[3]]/(T^1))
(* Fitting with shape 0 0 1 1 1 1 1 1 1 1 0 0 *)
G[T_,xx_]:=Exp[0+xx[[1]]*T^1+xx[[2]]*T^2]*(1+xx[[3]]/(T^1))
(* Fitting with shape 0 0 1 1 1 1 1 1 1 1 1 0 *)
G[T_,xx_]:=Exp[0+xx[[1]]*T^1+xx[[2]]*T^2]*(1+xx[[3]]/(T^1))
(* Fitting with shape 0 0 1 1 1 1 1 1 1 1 1 1 *)
G[T_,xx_]:=Exp[0+xx[[1]]*T^1+xx[[2]]*T^2]*(1+xx[[3]]/(T^1))
(* Fitting with shape 1 1 1 1 1 1 1 1 1 1 0 0 *)
G[T_,xx_]:=Exp[0+xx[[1]]*T^1+xx[[2]]*T^2]*(1+xx[[3]]/(T^1)+xx[[4]]/(T^2))
(* Fitting with shape 1 1 1 1 1 1 1 1 1 1 1 0 *)
G[T_,xx_]:=Exp[0+xx[[1]]*T^1+xx[[2]]*T^2]*(1+xx[[3]]/(T^1)+xx[[4]]/(T^2))
(* Fitting with shape 1 1 1 1 1 1 1 1 1 1 1 1 *)
G[T_,xx_]:=Exp[0+xx[[1]]*T^1+xx[[2]]*T^2]*(1+xx[[3]]/(T^1)+xx[[4]]/(T^2))
(* Fitting with shape 0 1 1 1 1 1 1 1 1 1 0 0 *)
G[T_,xx_]:=Exp[0+xx[[1]]*T^1+xx[[2]]*T^2]*(1+xx[[3]]/(T^1)+xx[[4]]/(T^2))
(* Fitting with shape 0 1 1 1 1 1 1 1 1 1 1 0 *)
G[T_,xx_]:=Exp[0+xx[[1]]*T^1+xx[[2]]*T^2]*(1+xx[[3]]/(T^1)+xx[[4]]/(T^2))
(* Fitting with shape 0 1 1 1 1 1 1 1 1 1 1 1 *)
G[T_,xx_]:=Exp[0+xx[[1]]*T^1+xx[[2]]*T^2]*(1+xx[[3]]/(T^1)+xx[[4]]/(T^2))
(* Fitting with shape 0 0 1 1 1 1 1 1 1 1 0 0 *)
G[T_,xx_]:=Exp[0+xx[[1]]*T^1+xx[[2]]*T^2]*(1+xx[[3]]/(T^1)+xx[[4]]/(T^2))
(* Fitting with shape 0 0 1 1 1 1 1 1 1 1 1 0 *)
G[T_,xx_]:=Exp[0+xx[[1]]*T^1+xx[[2]]*T^2]*(1+xx[[3]]/(T^1)+xx[[4]]/(T^2))
(* Fitting with shape 0 0 1 1 1 1 1 1 1 1 1 1 *)
G[T_,xx_]:=Exp[0+xx[[1]]*T^1+xx[[2]]*T^2]*(1+xx[[3]]/(T^1)+xx[[4]]/(T^2))
(* Fitting with shape 1 1 1 1 1 1 1 1 1 1 0 0 *)
G[T_,xx_]:=Exp[0+xx[[1]]*T^1+xx[[2]]*T^2+xx[[3]]*T^3]*(1)
(* Fitting with shape 1 1 1 1 1 1 1 1 1 1 1 0 *)
G[T_,xx_]:=Exp[0+xx[[1]]*T^1+xx[[2]]*T^2+xx[[3]]*T^3]*(1)
(* Fitting with shape 1 1 1 1 1 1 1 1 1 1 1 1 *)
G[T_,xx_]:=Exp[0+xx[[1]]*T^1+xx[[2]]*T^2+xx[[3]]*T^3]*(1)
(* Fitting with shape 0 1 1 1 1 1 1 1 1 1 0 0 *)
G[T_,xx_]:=Exp[0+xx[[1]]*T^1+xx[[2]]*T^2+xx[[3]]*T^3]*(1)
(* Fitting with shape 0 1 1 1 1 1 1 1 1 1 1 0 *)
G[T_,xx_]:=Exp[0+xx[[1]]*T^1+xx[[2]]*T^2+xx[[3]]*T^3]*(1)
(* Fitting with shape 0 1 1 1 1 1 1 1 1 1 1 1 *)
G[T_,xx_]:=Exp[0+xx[[1]]*T^1+xx[[2]]*T^2+xx[[3]]*T^3]*(1)
(* Fitting with shape 0 0 1 1 1 1 1 1 1 1 0 0 *)
G[T_,xx_]:=Exp[0+xx[[1]]*T^1+xx[[2]]*T^2+xx[[3]]*T^3]*(1)
(* Fitting with shape 0 0 1 1 1 1 1 1 1 1 1 0 *)
G[T_,xx_]:=Exp[0+xx[[1]]*T^1+xx[[2]]*T^2+xx[[3]]*T^3]*(1)
(* Fitting with shape 0 0 1 1 1 1 1 1 1 1 1 1 *)
G[T_,xx_]:=Exp[0+xx[[1]]*T^1+xx[[2]]*T^2+xx[[3]]*T^3]*(1)
(* Fitting with shape 1 1 1 1 1 1 1 1 1 1 0 0 *)
G[T_,xx_]:=Exp[0+xx[[1]]*T^1+xx[[2]]*T^2+xx[[3]]*T^3]*(1+xx[[4]]/(T^1))
(* Fitting with shape 1 1 1 1 1 1 1 1 1 1 1 0 *)
G[T_,xx_]:=Exp[0+xx[[1]]*T^1+xx[[2]]*T^2+xx[[3]]*T^3]*(1+xx[[4]]/(T^1))
(* Fitting with shape 1 1 1 1 1 1 1 1 1 1 1 1 *)
G[T_,xx_]:=Exp[0+xx[[1]]*T^1+xx[[2]]*T^2+xx[[3]]*T^3]*(1+xx[[4]]/(T^1))
(* Fitting with shape 0 1 1 1 1 1 1 1 1 1 0 0 *)
G[T_,xx_]:=Exp[0+xx[[1]]*T^1+xx[[2]]*T^2+xx[[3]]*T^3]*(1+xx[[4]]/(T^1))
(* Fitting with shape 0 1 1 1 1 1 1 1 1 1 1 0 *)
G[T_,xx_]:=Exp[0+xx[[1]]*T^1+xx[[2]]*T^2+xx[[3]]*T^3]*(1+xx[[4]]/(T^1))
(* Fitting with shape 0 1 1 1 1 1 1 1 1 1 1 1 *)
G[T_,xx_]:=Exp[0+xx[[1]]*T^1+xx[[2]]*T^2+xx[[3]]*T^3]*(1+xx[[4]]/(T^1))
(* Fitting with shape 0 0 1 1 1 1 1 1 1 1 0 0 *)
G[T_,xx_]:=Exp[0+xx[[1]]*T^1+xx[[2]]*T^2+xx[[3]]*T^3]*(1+xx[[4]]/(T^1))
(* Fitting with shape 0 0 1 1 1 1 1 1 1 1 1 0 *)
G[T_,xx_]:=Exp[0+xx[[1]]*T^1+xx[[2]]*T^2+xx[[3]]*T^3]*(1+xx[[4]]/(T^1))
(* Fitting with shape 0 0 1 1 1 1 1 1 1 1 1 1 *)
G[T_,xx_]:=Exp[0+xx[[1]]*T^1+xx[[2]]*T^2+xx[[3]]*T^3]*(1+xx[[4]]/(T^1))
(* Fitting with shape 1 1 1 1 1 1 1 1 1 1 0 0 *)
G[T_,xx_]:=Exp[0+xx[[1]]*T^1+xx[[2]]*T^2+xx[[3]]*T^3]*(1+xx[[4]]/(T^1)+xx[[5]]/(T^2))
(* Fitting with shape 1 1 1 1 1 1 1 1 1 1 1 0 *)
G[T_,xx_]:=Exp[0+xx[[1]]*T^1+xx[[2]]*T^2+xx[[3]]*T^3]*(1+xx[[4]]/(T^1)+xx[[5]]/(T^2))
(* Fitting with shape 1 1 1 1 1 1 1 1 1 1 1 1 *)
G[T_,xx_]:=Exp[0+xx[[1]]*T^1+xx[[2]]*T^2+xx[[3]]*T^3]*(1+xx[[4]]/(T^1)+xx[[5]]/(T^2))
(* Fitting with shape 0 1 1 1 1 1 1 1 1 1 0 0 *)
G[T_,xx_]:=Exp[0+xx[[1]]*T^1+xx[[2]]*T^2+xx[[3]]*T^3]*(1+xx[[4]]/(T^1)+xx[[5]]/(T^2))
(* Fitting with shape 0 1 1 1 1 1 1 1 1 1 1 0 *)
G[T_,xx_]:=Exp[0+xx[[1]]*T^1+xx[[2]]*T^2+xx[[3]]*T^3]*(1+xx[[4]]/(T^1)+xx[[5]]/(T^2))
(* Fitting with shape 0 1 1 1 1 1 1 1 1 1 1 1 *)
G[T_,xx_]:=Exp[0+xx[[1]]*T^1+xx[[2]]*T^2+xx[[3]]*T^3]*(1+xx[[4]]/(T^1)+xx[[5]]/(T^2))
(* Fitting with shape 0 0 1 1 1 1 1 1 1 1 0 0 *)
G[T_,xx_]:=Exp[0+xx[[1]]*T^1+xx[[2]]*T^2+xx[[3]]*T^3]*(1+xx[[4]]/(T^1)+xx[[5]]/(T^2))
(* Fitting with shape 0 0 1 1 1 1 1 1 1 1 1 0 *)
G[T_,xx_]:=Exp[0+xx[[1]]*T^1+xx[[2]]*T^2+xx[[3]]*T^3]*(1+xx[[4]]/(T^1)+xx[[5]]/(T^2))
(* Fitting with shape 0 0 1 1 1 1 1 1 1 1 1 1 *)
G[T_,xx_]:=Exp[0+xx[[1]]*T^1+xx[[2]]*T^2+xx[[3]]*T^3]*(1+xx[[4]]/(T^1)+xx[[5]]/(T^2))
Probabilities: 
         0          0          0          0          0          0          0          0          0          0          0          0          0          0          0          0          0          0          0          0          0          0          0          0          1          0          0          0          0          0          0          0          0          0          0          0          0          0          0          0          0          0          0          0          0          0          0          0          0          0          0          0          0          0
         0          0          0          0          0          0          0          0          0          0          0          0          0          0          0          0          0          0          0          0          0          0          0          0          1          0          0          0          0          0          0          0          0          0          0          0          0          0          0          0          0          0          0          0          0          0          0          0          0          0          0          0          0          0
         0          0          0          0          0          0          0          0          0          0          0          0          0          0          0          1          0          0          0          0          0          0          0          0          0          0          0          0          0          0          0          0          0          0          0          0          0          0          0          0          0          0          0          0          0          0          0          0          0          0          0          0          0          0
         0          0          0          0          0          0          0          0          0          0          0          0          0          0          0          0          0          0          0          0          0          0          0          0          0          0          0          0          0          0          0          0          0          0          0          0          0          0          0          0          0          0   0.293324          0          0          0          0          0          0          0          0   0.706676          0          0
         0          0          0          0          0          0          0          0          0          0          0          0          0          0          0          0          0          0          0          0          0          0          0          0          0          0          0          0          0          0          0          0          0          0          0          0          0          0          0          0          0          0          0          0          0          0          0          0          0          0          0          1          0          0
         0          0          0          0          0          0          0          0          0          0          0          0          0          0          0          0          0          0          0          0          0          0          0          0          0          0          0          0          0          0          0          0          0          0          0          0          0          0          0          0          0          0          0          0          0          0          0          0          0          0          0          1          0          0
         0          0          0          0          0          0          0          0          0          0          0          0          0          0          0          0          0          0          0          0          0          0          0          0          0          0          0          0          0          0          0          0          0          0          0          0          0          0          0          0          0          0          1          0          0          0          0          0          0          0          0          0          0          0
         0          0          0          0          0          0          0          0          0          0          0          0          0          0          0          0          0          0          0          0          0          0          0          0          0          0          0          0          0          0          0          0          0          0          0          0          0          0          0          0          0          0          1          0          0          0          0          0          0          0          0          0          0          0
         0          0          0          0          0          0          0          0          0          0          0          0          0          0          0          0          0          0          0          0          0          0          0          0   0.708143          0          0          0          0          0          0          0          0          0          0          0          0          0          0          0          0          0          0          0          0          0          0          0          0          0          0   0.291857          0          0
         0          0          0          0          0          0          0          0          0          0          0          0          0          0          0 0.00725675          0          0          0          0          0          0          0          0   0.552457          0          0          0          0          0          0          0          0          0          0          0          0          0          0          0          0          0   0.440287          0          0          0          0          0          0          0          0          0          0          0
         0          0          0          0          0          0          0          0          0          0          0          0          0          0          0   0.176119          0          0          0          0          0          0          0          0          0          0          0          0          0          0          0          0          0   0.823881          0          0          0          0          0          0          0          0          0          0          0          0          0          0          0          0          0          0          0          0
         0          0          0          0          0          0          0          0          0          0          0          0          0          0          0  0.0744228          0          0          0          0          0          0          0          0   0.675619          0          0          0          0          0          0          0          0          0          0          0          0          0          0          0          0          0          0          0          0          0          0          0          0          0          0   0.249958          0          0

Values: 
 0.0767018  0.0766426  0.0766441   0.076426  0.0763705  0.0763772  0.0762116  0.0761696  0.0761699  0.0758319  0.0757886  0.0757908  0.0754319  0.0754058  0.0754028  0.0752285  0.0752051  0.0752025  0.0751797  0.0751603  0.0465584  0.0749861  0.0749695  0.0749664  0.0748661   0.074855   0.279034  0.0786627    1.17542    1.18063     1.1182    1.11507    1.12506    1.10277     1.0901    1.10979   0.284266   0.250639   0.967043  0.0763156   0.934591  0.0761265  0.0759322    1.05771   -111.782   0.877718   0.875763   0.850344   -1.38638    1.37975   0.872611    -1.0747  0.0749977   0.958836
  0.112255   0.112202   0.112055    0.11187    0.11181   0.111657    0.11152   0.111461   0.111359   0.110727   0.110654    0.11053   0.612359   0.109817   0.109746   0.471217   0.109371   0.252542   0.109315   0.109254   0.109201   0.361825   0.934804   0.176824   0.108494   0.108439   0.108447    1.16407   0.117188    1.14886    1.22969    1.19614    1.11703     1.0862    1.34381    1.32855   0.880265   0.114051   0.927214   0.112485   0.996265    1.12833   0.901076   0.111454    1.08212   0.782166   0.864396    0.86323   0.972552   0.748888   0.110067    1.41585   0.109244   0.108933
  0.134341   0.134076   0.133589   0.133718   0.133487   0.133014   0.133214   0.561701   0.132619   0.131922   0.131715   0.115267    0.13053   0.130347   0.130117   0.129779   0.362234   0.419209   0.196544   0.924779   0.947536   0.173205   0.128498   0.132272   0.631742   0.127846   0.410337   0.145437   0.330349    1.04985    1.24866    1.28181     1.1961    1.29706    1.00881    1.15572    0.87264   0.877121   0.894849    1.85406   0.135055   0.134377   0.564619    3.91531   0.133292   0.628167   0.470755    0.87778  -0.107327   0.715448   0.131432    1.57496    0.54198   0.510476
  0.152763   0.152194   0.151527   0.805848   0.423737   0.826404   0.150758   0.165454   0.149754   0.148966   0.148545   0.138608    0.14676   0.146405   0.146026   0.331088   0.417154   0.364041  0.0261476    0.14494   0.144651   0.156575   0.187774   0.143353   0.452701   0.142331  0.0576182   0.170116    1.08545    1.08062    1.09076    1.09122    1.09029    1.33006    1.01975    1.19436   0.161423   0.948771   0.950076    1.16048   0.909956   -1.30602   0.154327   0.505122   0.994358          1          1          1   0.152275   -1.07327 -0.0987637   0.145976   0.147953   0.547841
  0.170786   0.170124   0.169147   0.204254   0.168468   0.167533   0.212541   0.167007   0.166178   0.165243   0.164687   0.163879   0.186475   0.161493   0.160886   0.160455   0.345051   0.210143  0.0393153  0.0431169   0.143777   0.168754   0.562033   0.192136   0.876643   0.292552   0.234999   0.453737   0.301195   0.289721   0.189569    1.33264    1.32575     -440.7    1.00676    1.31526   0.182606   0.918561    0.91735   0.174085   0.586705   0.171923   0.762253  -0.467246   0.170344          1          1          1   0.683178   0.170888   0.934619   0.160914   0.166758   0.161472
  0.188661   0.187903    0.18668   0.186192   0.198427   0.208543     0.1841   0.268885   0.230861   0.181297   0.180607   0.179578   0.177009    0.17636   0.192459   0.175083   0.216053   0.224194  0.0508297   0.173657   0.172915   0.352755   0.266605   0.270099   0.523191   0.516594   0.484879    1.19336    1.17222    1.17181    1.25921    1.19616    1.21073    1.03715    1.33003    1.03952   0.975462   0.974504   0.974486   0.192791   0.192914   0.190775   0.812377   0.663569    1.35267          1    0.18824   0.186077     1.1809   0.191712   0.186821   0.176316    3.46124   0.348362
  0.207119   0.206326   0.204996   0.203815   0.296083   0.201683   0.217721   0.218964   0.198848   0.197787   0.196902   0.195623   0.192291   0.191423   0.190288    0.19001   0.269767   0.261107  0.0533054   0.939173   0.939373   0.219458   0.184994   0.183976   0.583078   0.590257   0.180484    1.22539    1.22622    1.22325    1.09671    1.09424    1.09475     1.0673    1.03506    1.29522    0.97463   0.975551    0.97557   0.642983   0.211774   0.440243   0.211817   0.657707    0.20934   0.204724   0.206393   0.204276   0.211123   -1.03685   0.207411    1.50166   0.208256   0.199022
  0.225553   0.224554    0.22348   0.221335   0.220266   0.219135   0.239779    0.21654   0.215378    0.21426   0.213079   0.188626   0.257893   0.206481    0.20533   0.275993   0.203738    0.20243   0.935657   0.937956   0.937665   0.201279   0.199379   0.198127   0.504866   0.807035   0.193712    1.16582    1.16397    1.16406    1.09848    1.11312    1.10283    1.27014    1.03198    1.42255   0.917114    0.90772   0.239608   0.808577    1.28775    0.53227    0.22996    0.62344   0.228108   0.220802   0.223529   0.221502   0.230356    0.71769   0.227343   0.582859   0.738914   0.217557
  0.242845    0.24214   0.241479   0.277642   0.287853   0.294385   0.233059   0.232086   0.249172   0.229907   0.185519   0.227842   0.289892   0.285637   0.285294   0.219793   0.536275   0.567948   0.930543   0.935576    0.93603   0.842302   0.837282   0.212584   0.210483   0.207645   0.207437    1.22948    1.22544    1.22058      1.113    1.12285    1.12241    1.05403    1.05375    1.05277   0.887812   0.887536   0.885395   0.243164   0.245258   0.242698   0.659319    0.24942   0.244557    0.23526   0.102172 -0.0303262   0.880878   0.253575   0.244819   0.226045   0.249726   0.785725
  0.671094   0.888619   0.903238   0.251679   0.250931   0.250313   0.246305   0.245413   0.244693   0.243302   0.242246   0.241461   0.235145   0.233938   0.233089   0.232989   0.231397   0.230336   0.926148    0.93125   0.884859   0.837886   0.227167   0.226076   0.224117   0.598884   0.542546    1.04156     1.0467    1.04566    1.26487    1.26965    1.28655    1.29911    1.00496    1.01006   0.272533    1.02879    1.02994   0.768824   0.256637   0.254609   0.257907    0.76797   0.428439   0.505953   0.250091   0.248038   0.260227   0.840246   0.259216   0.795075    1.97547   0.746138
  0.267164   0.266888   0.266582   0.260953   0.260362    0.36733   0.255145   0.254373    0.25378   0.252348   0.251424   0.250752   0.243938   0.242807   0.242026   0.242121   0.240541   0.239498   0.926662   0.238831   0.292086   0.238994   0.236639   0.235407   0.364021   0.367411   0.229842   0.906783     0.2989   0.908904    1.29069    1.29716    1.26498   0.280467    1.26486    1.28996   0.976726   0.280324   0.277601   0.260309   0.263773   0.262362    0.61095   0.549636   0.266076   0.251024   0.256983   0.255848    1.11348   0.968717  -0.969954  -0.298714   0.858712   0.257669
  0.270924   0.270804   0.270569   0.287258   0.328888   0.263669    0.64411   0.294155   0.280826   0.255735    0.25491   0.254363    0.24715   0.246058   0.281191   0.245464   0.381915    0.24298   0.929685   0.332993   0.344891   0.242517   0.240131   0.882924   0.237318   0.233743   0.400547    1.05556    1.04224    1.03738   0.294219    1.20897     1.2222   0.987575   0.990275   0.989326      0.283   0.974012   0.974884   0.698564   0.266197   0.264716   0.831391   0.272777    0.26857   0.252883   0.467793   0.258142   0.968771   0.279233   0.627385   0.232227   0.802584   0.234041

Errors: 
1.67169e-05 1.66609e-05 1.66696e-05 1.69423e-05 1.68634e-05 1.68771e-05 1.70737e-05 1.69484e-05 1.69548e-05 1.78409e-05 1.76588e-05 1.76712e-05 1.90233e-05 1.86745e-05 1.86527e-05 2.12241e-05 2.07758e-05 2.07048e-05 2.06509e-05 2.00564e-05           1 2.62812e-05 2.53146e-05 2.52185e-05 3.41705e-05 3.18889e-05 0.000710635 2.36303e-05           0           0           0           0           0     1.00045     1.00027      1.0003 5.77686e-06 3.97745e-06 1.61202e-05 4.30999e-05           1 3.71887e-05 6.02168e-05 1.33845e-05 0.000931133    0.772727 5.03011e-05 2.60426e-05     1.00021 4.52901e-05 7.45245e-06  7.0263e-05 0.000151804     1.00022
4.75894e-05 4.76964e-05 4.77333e-05           0           0 4.79557e-05 4.82238e-05 4.80838e-05 4.77185e-05 4.96634e-05 4.98947e-05 4.93589e-05           0  5.2946e-05  5.1628e-05           0 5.97787e-05           0 5.82705e-05 5.75718e-05 5.55273e-05           0           0           0 0.000104698  9.5996e-05 8.66636e-05           0 7.13136e-05           0           0           0           0     1.00222     1.00011     1.00008           0 9.24216e-05           0  0.00015724           1     1.00001      1.0002 0.000186815     1.00002     1.14903 0.000120052  0.00011052  2.1389e-05 0.000170196 0.000261194  0.00354695 0.000547431 0.000462589
          0 8.93711e-05           0 8.98033e-05  8.9178e-05 8.68475e-05  9.0276e-05           0 8.74109e-05 9.39543e-05 9.32626e-05           0 0.000102283  0.00010008 9.49915e-05 0.000121502           0           0           1           0           0           0 0.000154101           0           0 0.000198831           0 0.000172504           0           0           0           0           0     1.00054           0     1.00161           0           0           0     1.00003 0.000305841  0.00026158     1.00002     1.00001 0.000368119 0.000187443 0.000148152 0.000712043 6.17046e-05   0.0287619 0.000625028     1.00023 0.000259336     1.00004
          0 0.000139001 0.000136986           0           0           0 0.000144139           0 0.000138432 0.000152009  0.00014839           0 0.000167159 0.000163145 0.000155373           0           0           0           0 0.000184201 0.000171275           0           0 0.000231503           0 0.000357736           0 0.000309825           0           0           0           0           0     1.00093           0     1.00248 0.000426328           0           0     1.00024     1.00017     1.00003  0.00102409           1           0    0.024881   0.0259316   0.0262638  0.00185366 0.000613171           1  0.00423077  0.00259524 0.000438108
          0           0           0           0 0.000216693 0.000212031           0 0.000218901 0.000213721 0.000235241 0.000232617 0.000228892           0  0.00025912 0.000244467 0.000333591           0           0           0           0           0           0           0           0           0           1           0           0     1.00001           1 0.000529616      1.0003     1.00029     2.02611           0     1.00261 0.000704412           0           0   0.0011041           1 0.000805299     1.01157  0.00119517  0.00117731    0.041514   0.0483159   0.0484287   0.0417273  0.00249448     1.00027  0.00693217   0.0043643  0.00353098
          0           0           0 0.000318009           0           0 0.000316062           0           0 0.000341557 0.000335854 0.000322671  0.00042131 0.000392632           0 0.000492449           0     1.00001 0.000469876 0.000438842 0.000388589           0           0           0           0           0           0           0           0           0           0           0           0     1.21788      1.0079     1.28563           0           0           0  0.00171466  0.00148452  0.00120135     1.00077     1.00001           1   0.0595792  0.00196653  0.00157968     0.96543  0.00378849  0.00319059   0.0101141           1   0.0114299
0.000447541 0.000444247 0.000438671 0.000454019           0 0.000436671           0           0 0.000437632 0.000487194 0.000476604 0.000459212 0.000560742 0.000547161 0.000511301 0.000702372           0           0           0           0           0           0 0.000946853 0.000813683           0           0  0.00110173           0           0           0           0           0           0     1.09469     1.24032     1.00356           0           0           0           1   0.0021172     1.00001  0.00377342     1.00001   0.0026433  0.00328155  0.00281098  0.00227843  0.00650422  0.00194548  0.00442501   0.0353749  0.00948652  0.00776358
          0           0           0 0.000617276 0.000611829 0.000604825           0 0.000608946 0.000612428 0.000657245 0.000644576           0           0 0.000739259 0.000719482     1.00009 0.000884907 0.000818182           0           0           0  0.00136457   0.0012648  0.00109567           0           0  0.00154309           0           0           0           0           0           0      1.0178     1.64191      1.1064           0           0  0.00152162     1.00109    0.054009     1.00062  0.00506884      1.0001  0.00354536  0.00438399  0.00376136  0.00305176  0.00859253  0.00726213  0.00584387 0.000715868  0.00108689    0.010496
0.000817974 0.000824612           0           0           0           0 0.000805301 0.000797522           0 0.000847672     1.00078 0.000828882           0           0           0  0.00121362           0           0           0           0           0           0           0  0.00141783  0.00268376  0.00250747  0.00204251           0           0           0           0           0           0      1.1572     1.15737     1.16695           0           0           0  0.00396947  0.00356132  0.00297491     1.00047  0.00545969  0.00452806  0.00542699     1.05076  0.00166178   0.0121007  0.00866335  0.00725403   0.0202658   0.0153845     1.00025
          0           0           0  0.00102241 0.000989667 0.000992105 0.000982948 0.000976421 0.000976313  0.00103958  0.00102305  0.00102134  0.00124278  0.00117158  0.00113455  0.00146451  0.00143026  0.00136468           0           0           0           0  0.00196014  0.00176284   0.0032412           0           0           0           0           0           0           0      1.0018     1.01584           0           0  0.00271725           0           0     1.00002  0.00424332  0.00352611  0.00769352     1.00284     1.00049     1.00002  0.00563838  0.00469156    0.012411  0.00791608  0.00865068     1.00002           1     1.00008
  0.0011483           0  0.00116637  0.00112007  0.00112581           0  0.00111582  0.00111297  0.00111578  0.00117645  0.00116774  0.00115925   0.0013885  0.00132396  0.00130395  0.00166626  0.00158381  0.00151921           0  0.00151611           0  0.00232136    0.002176  0.00198198           0           0  0.00282838           0  0.00180817           0     1.00963           0           0  0.00265933     1.00802     1.08268           0  0.00274622  0.00250539  0.00528357  0.00469266  0.00396163     1.00003     1.00001  0.00601475  0.00717383  0.00642675   0.0052913           1     1.00051  0.00370676  0.00328739     1.00032   0.0166682
 0.00121484  0.00123281  0.00123833           0           0  0.00119392           0           0           0  0.00117562  0.00123822  0.00122079  0.00144384  0.00141384           0   0.0017455           0  0.00161197           0           0           0  0.00243471  0.00226128           0  0.00384683  0.00352381           0           0           0           0  0.00227105           0           0           0           0     1.22709  0.00267505           0           0     1.00002  0.00487391  0.00401038     1.01187  0.00756779  0.00615192  0.00748873     1.00002  0.00540002   0.0195728   0.0116638   0.0327476   0.0259934     1.00066     1.52245

Statuses: 
0 0 0 0 0 0 0 0 0 0 0 0 0 0 0 0 0 0 0 0 3 0 0 0 0 0 3 0 3 3 3 3 3 3 3 3 3 3 3 0 3 0 0 3 3 3 3 3 3 3 3 0 0 3
0 0 0 2 2 0 0 0 0 0 0 0 3 0 0 3 0 3 0 0 0 3 3 3 0 0 0 3 0 3 3 3 3 3 3 3 3 0 3 0 3 3 3 0 3 3 3 3 3 3 0 3 0 0
2 0 2 0 0 0 0 3 0 0 0 3 0 0 0 0 3 3 3 3 3 3 0 3 3 0 3 0 3 3 3 3 3 3 3 3 3 3 3 3 0 0 3 3 0 3 3 3 3 3 0 3 3 3
2 0 0 3 3 3 0 3 0 0 0 3 0 0 0 3 3 3 3 0 0 3 3 0 3 0 2 0 3 3 3 3 3 3 3 3 0 3 3 3 3 3 0 3 3 3 3 3 0 0 3 0 0 3
2 2 2 3 0 0 3 0 0 0 0 0 3 0 0 0 3 3 3 3 3 3 3 3 3 3 3 3 3 3 0 3 3 0 3 3 0 3 3 0 3 0 3 0 0 3 3 3 3 0 3 0 0 0
2 2 2 0 3 3 0 3 3 0 0 0 0 0 3 0 3 3 0 0 0 3 3 3 3 3 3 3 3 3 3 3 3 3 3 3 3 3 3 0 0 0 3 3 3 3 0 0 3 0 0 0 3 3
0 0 0 0 3 0 3 3 0 0 0 0 0 0 0 0 3 3 2 3 3 3 0 0 3 3 0 3 3 3 3 3 3 3 3 3 3 3 3 3 0 3 0 3 0 0 0 0 0 0 0 3 0 0
2 2 2 0 0 0 3 0 0 0 0 3 3 0 0 3 0 0 3 3 3 0 0 0 3 3 0 3 3 3 3 3 3 3 3 3 3 3 0 3 3 3 0 3 0 0 0 0 0 3 0 3 3 0
0 0 2 3 3 3 0 0 3 0 3 0 3 3 3 0 3 3 3 3 3 3 3 0 0 0 0 3 3 3 3 3 3 3 3 3 3 3 3 0 0 0 3 0 0 0 3 0 3 0 0 0 0 3
3 3 3 0 0 0 0 0 0 0 0 0 0 0 0 0 0 0 3 3 3 3 0 0 0 3 3 3 3 3 3 3 3 3 3 3 0 3 3 3 0 0 0 3 3 3 0 0 0 3 0 3 3 3
0 2 0 0 0 3 0 0 0 0 0 0 0 0 0 0 0 0 3 0 3 0 0 0 3 3 0 3 0 3 3 3 3 0 3 3 3 0 0 0 0 0 3 3 0 0 0 0 3 3 0 0 3 0
0 0 0 3 3 0 3 3 3 0 0 0 0 0 3 0 3 0 3 3 3 0 0 3 0 0 3 3 3 3 0 3 3 3 3 3 0 3 3 3 0 0 3 0 0 0 3 0 3 0 3 0 3 3
chisq per dof: 
20.4214 19.2529 17.5091 14.1814 13.3205 12.2316 8.32545 7.65518 6.87792 5.52046 5.19337 4.86138 2.24149 2.11465 1.98517   1.862 1.74921 1.65679 1.86903 1.76255 33899.5 1.84696 1.71219 1.61237 2.00593 1.80589 43508.9  8.9868   86184 78169.1  116334  102032 91122.7  135808  116095  101356  103876 88776.9   88614 1.96043  118842 1.76312 2.05421  135621  104436  135890  116133  102119  121932  142294  114899 3391.58 2.25575  141584
11.1032 10.8261 10.3546 7.97905 7.67839 7.53956 4.79939 4.70812 4.46421 3.57392 3.44045 3.38652 6909.66 1.84132 1.76866 6069.42 1.68851 2249.03 1.79319 1.70732 1.62959 7882.56 7556.58 5614.63 2.01155 1.81169 1.67645 6512.44 4.26116 5417.62  7964.7 6994.35 6387.83  9348.7 7845.26 6865.76 7447.08 2.04569 6105.79 1.84529 7898.94 7109.39 10797.7 1.83465  8208.2 8986.62 7907.99 6990.17 10104.6 9702.04 1.85214 9970.03 2.26076 2.01015
7.81233 7.68062  7.4349 5.62088 5.44308 5.37402 3.39343 1034.45 3.40965 2.84125  2.7614 99.7261  1.7505  1.7193 1.67625 1.73312 747.941  818.52 681.951 1504.01 1342.09 450.065 1.71102 211.449 1695.04 1.81677  901.88 2.93954 661.291 1087.82 1734.38 1485.37 1279.29 1911.47 1686.23 1473.07 1525.63 1292.05 1236.06 1949.02 1.69462 1.61476 2441.14 1604.43 1.69661 1928.92 1562.61 1583.89 1724.68 2044.39 1.85205 2402.12 2280.86 1517.66
5.96614 5.94484 5.87426 409.956 272.593 328.925 2.82173 88.0666 2.91138  2.4907 2.43572 13.7596   1.701  1.6611 1.62736 331.505 295.441  234.12  146.03 1.66421 1.59739 65.5141 101.336 1.61138 515.989 1.81589 32.7105 2.32114 426.468 376.406 619.919 532.441 471.499 659.848 574.708 498.073 1.83087 499.252 447.353 731.623 618.021 471.135  2.0183 657.863 583.758 879.374 737.244 638.146 2.26601 86.6119 308.836 2.68231 2.26225 658.078
4.72759 4.71592 4.72911 55.1619 3.46021  3.5224 53.0675  2.4255 2.49258 2.22211 2.17615 2.18447 37.5646 1.60643 1.57201 1.68923 107.406 26.0401 57.1202 51.4334 180.535 16.5056   173.8  114.55 301.553 103.654 53.9529 115.764 41.5158 35.6426 1.78717 235.081 199.404 244.381  256.68 210.231 1.78333 214.131 188.091 1.81297 257.955 1.59184 381.778 245.087 1.68658 420.792  357.04 306.535 393.949 2.01139 287.026 2.68077 2.26213 2.01424
3.83954 3.81516 3.77909 2.92786 7.21193 8.65173 2.10026 37.4284 23.1091   2.031  1.9868  1.9771 1.60974 1.56626 12.2875 1.67161 21.4887 20.2098 26.9522 1.63498 1.57247 73.2456 42.6555  37.693 104.321 83.4237 67.9768 118.695 103.956  92.628 143.256 115.421 109.003 162.396 128.148 116.729  148.82 126.606 110.939  1.8107  1.6756 1.58508 179.814 144.962 91.3696 238.656 1.84336 1.72614 141.131 2.01057 1.84708 2.67989 150.549 157.463
3.14851 3.14981 3.16062 2.46719  14.673 2.48346 6.86759 4.79083 1.94569 1.87521 1.84506 1.84194 1.58093 1.53304 1.50251 1.65545 16.0879   13.11 15.1896 81.8452 71.7494 12.2525  1.7018 1.60553 60.5469  49.063 1.68147 75.6855  64.403 57.5982 94.3577 81.5546 71.5261 97.1346 81.2583 66.6449 90.9786 79.2922 69.5763 36.1906 1.67513  44.854 2.01209 94.8414 1.67859 2.01127 1.84384 1.72486 2.26219 9.71198 1.84495 87.9696 2.26212 2.01195
2.62747 2.63759 2.59162 2.13619 2.13836 2.12496 3.18953  1.7178 1.74014 1.75871 1.73218 6.08304 5.27281 1.50586  1.4694 14.5607 1.55569 1.48983 65.3018  56.298 49.3848 1.82205 1.69708 1.60122 32.5196 42.9161 1.68017 48.0901 42.7163 38.0004 65.0223  56.025 49.1511  60.549 54.4705 46.8234 53.3456 46.6487 1.55132  58.428 61.4402 28.6039 2.01167 52.5479 1.67731 2.01137  1.8445 1.72465 2.26191 72.8125 1.84405  93.237 76.2541 2.01154
2.24688 2.24712 2.18813 3.42825 3.77349 3.81013 1.60381 1.58479 7.45345 1.66616 5.86769 1.59578 5.29264 4.54545 4.28127 1.63237 15.5807 14.5339 49.5913 42.8039 37.6152 37.6826 31.6022 1.59694 2.01057 1.81529 1.67943 39.7643 33.7494  30.182 48.8367 41.7987 36.7071 48.0432 40.2236 34.6455 40.0455 32.5611 28.0791 1.80944 1.67608 1.58112 55.2105 1.80994 1.67763 2.01133 2.61304 2.95961  47.584 2.01001 1.84453 2.68023 2.26242 48.2715
20.8764 21.2815 19.4996 1.72047 1.70048 1.65923 1.51698 1.49122 1.46747 1.60131 1.56203 1.52071 1.52667 1.46744 1.41796   1.623 1.53316  1.4621 41.1354  35.492 30.6213 30.1387 1.68885   1.592  2.0101  15.514 11.2696 26.2495   22.52 24.0977 37.4001 32.2048 28.2557 35.3914 32.7486  28.243 1.70188 41.0902 36.2652 41.9012 1.67647 1.58061 2.01089 36.3429 29.0849 36.9723 1.84544 1.72506 2.26124 43.7989 1.84371 58.2635 27.9834 38.1482
1.85457 1.82708 1.77265 1.63374 1.60591 5.00226 1.47324 1.44382 1.41468 1.56645 1.52329 1.48064 1.51933 1.45848  1.4083 1.61797 1.52707  1.4566 36.8883    1.59 17.7926 1.81299   1.686  1.5898 12.2859 10.3383 1.67773 21.1775 1.46523 15.3116 33.8133 29.6487 26.1255 1.61365 26.3604 22.9083 38.1895 1.59938  1.5296 1.80897 1.67659 1.58025 39.8971 13.8388 1.67619 2.01049 1.84542 1.72475 33.2187  43.713 3.78393 39.3893 43.3243 2.01117
1.80743 1.77554 1.71644 6.79716 5.84588 1.53158 13.5788 2.10855  1.7386 1.55463  1.5113 1.46739 1.51703 1.45555  2.6613 1.61637 7.05732 1.45428 35.5247   20.47  18.312  1.8123 1.68528 18.8351 2.00925 1.81301 8.18516 21.5794 19.6176 16.4278  1.5558 25.2049  22.651 33.2549 27.8817 24.0443 1.69849 29.2135 25.5393 31.6449 1.67676  1.5804 40.7855 1.81041 1.67634 2.01043 26.0565 1.72488 51.3365 2.01046 30.3967 2.67898 41.6861 8.45184
Mode averaged potential and errors: 
  0.0748661 3.41705e-05
   0.108494 0.000104698
   0.129779 0.000121502
   0.148425  0.00523577
   0.160914  0.00693217
   0.176316   0.0101141
   0.211817  0.00377342
    0.22996  0.00506884
   0.215025   0.0132294
   0.239059   0.0176608
   0.273714   0.0148214
   0.236652   0.0137871
R Models:
(* Fitting with shape 1 1 1 1 1 1 1 1 0 0 0 0 *)
G[R_,xx_]:=xx[[0]] + xx[[1]]/R | xx[[2]]*R
(* Fitting with shape 1 1 1 1 1 1 1 1 1 0 0 0 *)
G[R_,xx_]:=xx[[0]] + xx[[1]]/R | xx[[2]]*R
(* Fitting with shape 1 1 1 1 1 1 1 1 1 1 0 0 *)
G[R_,xx_]:=xx[[0]] + xx[[1]]/R | xx[[2]]*R
(* Fitting with shape 1 1 1 1 1 1 1 1 1 1 1 0 *)
G[R_,xx_]:=xx[[0]] + xx[[1]]/R | xx[[2]]*R
(* Fitting with shape 1 1 1 1 1 1 1 1 1 1 1 1 *)
G[R_,xx_]:=xx[[0]] + xx[[1]]/R | xx[[2]]*R
(* Fitting with shape 0 1 1 1 1 1 1 1 0 0 0 0 *)
G[R_,xx_]:=xx[[0]] + xx[[1]]/R | xx[[2]]*R
(* Fitting with shape 0 1 1 1 1 1 1 1 1 0 0 0 *)
G[R_,xx_]:=xx[[0]] + xx[[1]]/R | xx[[2]]*R
(* Fitting with shape 0 1 1 1 1 1 1 1 1 1 0 0 *)
G[R_,xx_]:=xx[[0]] + xx[[1]]/R | xx[[2]]*R
(* Fitting with shape 0 1 1 1 1 1 1 1 1 1 1 0 *)
G[R_,xx_]:=xx[[0]] + xx[[1]]/R | xx[[2]]*R
(* Fitting with shape 0 1 1 1 1 1 1 1 1 1 1 1 *)
G[R_,xx_]:=xx[[0]] + xx[[1]]/R | xx[[2]]*R
(* Fitting with shape 0 0 1 1 1 1 1 1 0 0 0 0 *)
G[R_,xx_]:=xx[[0]] + xx[[1]]/R | xx[[2]]*R
(* Fitting with shape 0 0 1 1 1 1 1 1 1 0 0 0 *)
G[R_,xx_]:=xx[[0]] + xx[[1]]/R | xx[[2]]*R
(* Fitting with shape 0 0 1 1 1 1 1 1 1 1 0 0 *)
G[R_,xx_]:=xx[[0]] + xx[[1]]/R | xx[[2]]*R
(* Fitting with shape 0 0 1 1 1 1 1 1 1 1 1 0 *)
G[R_,xx_]:=xx[[0]] + xx[[1]]/R | xx[[2]]*R
(* Fitting with shape 0 0 1 1 1 1 1 1 1 1 1 1 *)
G[R_,xx_]:=xx[[0]] + xx[[1]]/R | xx[[2]]*R
(* Fitting with shape 0 0 0 1 1 1 1 1 0 0 0 0 *)
G[R_,xx_]:=xx[[0]] + xx[[1]]/R | xx[[2]]*R
(* Fitting with shape 0 0 0 1 1 1 1 1 1 0 0 0 *)
G[R_,xx_]:=xx[[0]] + xx[[1]]/R | xx[[2]]*R
(* Fitting with shape 0 0 0 1 1 1 1 1 1 1 0 0 *)
G[R_,xx_]:=xx[[0]] + xx[[1]]/R | xx[[2]]*R
(* Fitting with shape 0 0 0 1 1 1 1 1 1 1 1 0 *)
G[R_,xx_]:=xx[[0]] + xx[[1]]/R | xx[[2]]*R
(* Fitting with shape 0 0 0 1 1 1 1 1 1 1 1 1 *)
G[R_,xx_]:=xx[[0]] + xx[[1]]/R | xx[[2]]*R
2.84313 2.84313 2.84313 
-0.260051 -0.260051 -0.260051 
1 1 1 
16.4624 16.4624 16.4624 
-31.1072 -31.1072 -31.1072 
3.45258e-316 3.45258e-316 3.45258e-316 
502889 502889 502889 
2.21341e-321 2.21341e-321 2.21341e-321 
108320 108320 108320 
1.17044e-320 1.17044e-320 1.17044e-320 
6.90373e-310 6.90373e-310 6.90373e-310 
6.90373e-310 6.90373e-310 6.90373e-310 
3.57072e-316 3.57072e-316 3.57072e-316 
3.57072e-316 3.57072e-316 3.57072e-316 
16330.5 16330.5 16330.5 
4.94066e-324 4.94066e-324 4.94066e-324 
3.57255e-316 3.57255e-316 3.57255e-316 
9.53547e-322 9.53547e-322 9.53547e-322 
3.56999e-316 3.56999e-316 3.56999e-316 
3.44138e-316 3.44138e-316 3.44138e-316 
3.56936e-316 3.56936e-316 3.56936e-316 
3.38502e-316 3.38502e-316 3.38502e-316 
3.56921e-316 3.56921e-316 3.56921e-316 
3.44481e-316 3.44481e-316 3.44481e-316 
3.44481e-316 3.44481e-316 3.44481e-316 
3.43255e-316 3.43255e-316 3.43255e-316 
-31.1072 -31.1072 -31.1072 
2.42092e-322 2.42092e-322 2.42092e-322 
2.24602 2.24602 2.24602 
0.127307 0.127307 0.127307 
-0.0371271 -0.0371271 -0.0371271 
6.73413 6.73413 6.73413 
1 1 1 
-0.0228391 -0.0228391 -0.0228391 
-0.948118 -0.948118 -0.948118 
-0.317096 -0.317096 -0.317096 
0 0 0 
496377 496377 496377 
728920 728920 728920 
-71.4797 -71.4797 -71.4797 
0 0 0 
3.21143e-322 3.21143e-322 3.21143e-322 
3.45639e-316 3.45639e-316 3.45639e-316 
3.57021e-316 3.57021e-316 3.57021e-316 
2.47033e-323 2.47033e-323 2.47033e-323 
0 0 0 
3.00849e+06 3.00849e+06 3.00849e+06 
3.45561e-316 3.45561e-316 3.45561e-316 
1.42738e+228 1.42738e+228 1.42738e+228 
7.95446e-322 7.95446e-322 7.95446e-322 
4.8055e-05 4.8055e-05 4.8055e-05 
0 0 0 
0 0 0 
0 0 0 
Probabilities: 
         0          0          0          0          0          0          0          0          0          0          0          0 0.00865352 0.00612518          0          0          0          0  0.0274389  0.0227735          0  0.0545266          0          0  0.0309945   0.233583   0.134164          0          0          0          0          0          0          0          0          0          0   0.214209          0   0.267532          0          0          0          0          0          0          0          0          0          0          0          0          0          0

String tensions: 
         1          1          1          1          1          1          1          1          1  -0.384597  -0.386326  -0.391611  -0.435333   -0.44595   -0.48174   0.204011   -1.58832   -1.18105  -0.512095  -0.536026  -0.616686   -1.71628   0.305148    0.50023    -2.1403   -3.39466    -4.3683  -0.124044  0.0413642 -0.0776591   0.271263   0.249817   0.222313    1.00863     1.0087    1.00875  -0.150647 0.00239864 -0.0818275 0.00919555  0.0297629   0.662753     0.9914    1.00567   0.990889    1.14817  0.0267148 -0.0721013  0.0186007    1.10938    1.06971    1.02599    1.01683    1.01059

Errors: 
    5792.62     5792.62     5792.62     5792.62     5792.62     5792.62     5792.62     5792.62           0   0.0023806  0.00228498  0.00212778   0.0161961   0.0147301   0.0128709           0     1.00058    0.109721   0.0388439   0.0347304   0.0292713    0.487371           0     1.00274   0.0736294    0.115072    0.455933           0 0.000869976           0     1.00002     1.00002     1.00002           0           0           0           1 0.000530192           0  0.00356099      1.0001 0.000103273           0           0           0           1 0.000333299    0.711345 0.000386285  0.00114133  0.00114408  0.00129855  0.00129807  0.00129742

Statuses: 
0 0 0 0 0 0 0 0 3 0 0 0 0 0 0 3 3 0 0 0 0 0 3 3 0 0 0 3 0 3 3 3 3 2 2 2 3 0 3 0 3 0 2 2 2 3 1 3 1 1 1 1 1 1
chisq per dof: 
2272.35 2336.64 2682.43 94.8929 104.103 141.368 4.31546 4.77329 559.852 3.67747 4.36961 10.7548 2.67227 2.67496 6.07875 1313.91 160.562 3.50888 2.24652 2.26229 5.11338  2.0587 6271.27 818.026 2.29639 1.57375 1.79306  170166 432.737  151811  176402  149449  128693 1460.51 1273.93 1134.03  267401 1.70196   59324 1.52851 989.028 990.946 1460.45 1273.89 1133.99  314043 5.17172  115176 1.24836 1091.98   992.3 1460.44 1273.84 1133.92
Model string tension and errors: 
sigma = -1.56871 +/- 1.77607
