Loaded Data/L24_b225_xi2_g.dat
1 exponentials with a pole of degree 0
shape: 1 1 1 1 1 1 1 1 1 1 1 0
2 exponentials with a pole of degree 0
shape: 1 1 1 1 1 1 1 1 1 1 1 0
1 exponentials with a pole of degree 0
shape: 1 1 1 1 1 1 1 1 1 1 1 1
2 exponentials with a pole of degree 0
shape: 1 1 1 1 1 1 1 1 1 1 1 1
1 exponentials with a pole of degree 1
shape: 1 1 1 1 1 1 1 1 1 1 1 0
2 exponentials with a pole of degree 1
shape: 1 1 1 1 1 1 1 1 1 1 1 0
1 exponentials with a pole of degree 1
shape: 1 1 1 1 1 1 1 1 1 1 1 1
2 exponentials with a pole of degree 1
shape: 1 1 1 1 1 1 1 1 1 1 1 1
Exponential of polynomial with degree 2 and pole of degree 0
Fitting with shape 1 1 1 1 1 1 1 1 1 1 1 0
Exponential of polynomial with degree 3 and pole of degree 0
Fitting with shape 1 1 1 1 1 1 1 1 1 1 1 0
Exponential of polynomial with degree 2 and pole of degree 0
Fitting with shape 1 1 1 1 1 1 1 1 1 1 1 1
Exponential of polynomial with degree 3 and pole of degree 0
Fitting with shape 1 1 1 1 1 1 1 1 1 1 1 1
Exponential of polynomial with degree 2 and pole of degree 1
Fitting with shape 1 1 1 1 1 1 1 1 1 1 1 0
Exponential of polynomial with degree 3 and pole of degree 1
Fitting with shape 1 1 1 1 1 1 1 1 1 1 1 0
Exponential of polynomial with degree 2 and pole of degree 1
Fitting with shape 1 1 1 1 1 1 1 1 1 1 1 1
Exponential of polynomial with degree 3 and pole of degree 1
Fitting with shape 1 1 1 1 1 1 1 1 1 1 1 1


Fitting R = 0

fitting 16 models


Minuit2Minimizer: Minimize with max-calls 100000 convergence for edm < 0.01 strategy 2
Minuit2Minimizer : Valid minimum - status = 0
FVAL  = 289817.486755162419
Edm   = 8.53844577495179069e-07
Nfcn  = 75
0	  = 1.35112	 +/-  1.9073e-05
1	  = 0.52902	 +/-  1.62572e-05


Minuit2Minimizer: Minimize with max-calls 100000 convergence for edm < 0.01 strategy 2
Minuit2Minimizer : Valid minimum - status = 0
FVAL  = 22046.3224333135549
Edm   = 4.62685936189507327e-08
Nfcn  = 342
0	  = 1.33611	 +/-  7.28649e-05
1	  = 0.522172	 +/-  2.87684e-05
2	  = 0.303502	 +/-  0.000358311
3	  = 1.17901	 +/-  0.00249028


Minuit2Minimizer: Minimize with max-calls 100000 convergence for edm < 0.01 strategy 2
Minuit2Minimizer : Valid minimum - status = 0
FVAL  = 292147.181076247536
Edm   = 9.63774766458730106e-07
Nfcn  = 75
0	  = 1.35111	 +/-  1.90681e-05
1	  = 0.529027	 +/-  1.62549e-05


Minuit2Minimizer: Minimize with max-calls 100000 convergence for edm < 0.01 strategy 2
Minuit2Minimizer : Valid minimum - status = 0
FVAL  = 24048.1800083338312
Edm   = 1.16088515271761855e-07
Nfcn  = 468
0	  = 1.33611	 +/-  7.28194e-05
1	  = 0.522171	 +/-  2.87644e-05
2	  = 0.30351	 +/-  0.000358076
3	  = 1.17891	 +/-  0.00248878


Minuit2Minimizer: Minimize with max-calls 100000 convergence for edm < 0.01 strategy 2
Minuit2Minimizer : Valid minimum - status = 0
FVAL  = 22802.9041309258864
Edm   = 3.67456095878944527e-06
Nfcn  = 244
0	  = 1.33111	 +/-  4.31541e-05
1	  = 0.521691	 +/-  2.13515e-05
2	  = 0.0240031	 +/-  4.73285e-05


Minuit2Minimizer: Minimize with max-calls 100000 convergence for edm < 0.01 strategy 2
Minuit2Minimizer : Valid minimum - status = 5
FVAL  = 22802.9046359185631
Edm   = 0.0042295773710065987
Nfcn  = 809
0	  = 1.74708	 +/-  6.27305e-05
1	  = 13.3398	 +/-  0.00108953
2	  = 1.33111	 +/-  5.63551e-05
3	  = 0.52169	 +/-  3.30479e-05
4	  = 0.0240036	 +/-  5.63047e-05


Minuit2Minimizer: Minimize with max-calls 100000 convergence for edm < 0.01 strategy 2
Minuit2Minimizer : Valid minimum - status = 0
FVAL  = 24807.5027712486772
Edm   = 7.79732359855920257e-10
Nfcn  = 473
0	  = 1.3311	 +/-  4.31206e-05
1	  = 0.52169	 +/-  2.13513e-05
2	  = 0.0240068	 +/-  4.73041e-05


Minuit2Minimizer: Minimize with max-calls 100000 convergence for edm < 0.01 strategy 2
Minuit2Minimizer : Valid minimum - status = 5
FVAL  = 25820.9904810563057
Edm   = 0.00680547593583469279
Nfcn  = 655
0	  = -2.30316	 +/-  0.00138182
1	  = 2.88765	 +/-  0.000166859
2	  = 1.33228	 +/-  7.86236e-05
3	  = 0.521973	 +/-  2.20431e-05
4	  = 0.0215228	 +/-  7.54441e-05


Minuit2Minimizer: Minimize with max-calls 100000 convergence for edm < 0.01 strategy 2
Minuit2Minimizer : Valid minimum - status = 0
FVAL  = 289817.486776114092
Edm   = 2.7634772820236435e-06
Nfcn  = 982
0	  = 1.82552	 +/-  5.15399e-05
1	  = -0.279862	 +/-  1.72008e-05
2	  = -9.30712e-14	 +/-  1.30579e-09


Minuit2Minimizer: Minimize with max-calls 100000 convergence for edm < 0.01 strategy 2
Minuit2Minimizer : Invalid Minimum - status = 3
FVAL  = 3.42309e+08
Edm   = 0.0166464
Nfcn  = 770


Minuit2Minimizer: Minimize with max-calls 100000 convergence for edm < 0.01 strategy 2
Minuit2Minimizer : Valid minimum - status = 0
FVAL  = 292147.181105597061
Edm   = 3.47149296016572819e-05
Nfcn  = 322
0	  = 1.8255	 +/-  5.15261e-05
1	  = 0.279869	 +/-  1.71986e-05
2	  = 1.0655e-13	 +/-  1.27675e-09


Minuit2Minimizer: Minimize with max-calls 100000 convergence for edm < 0.01 strategy 2
Minuit2Minimizer : Valid minimum - status = 5
FVAL  = 757175058.705279827
Edm   = 0.00689208507537841797
Nfcn  = 1123
0	  = 0.849363	 +/-  7.53947e-05
1	  = 1.05427	 +/-  7.87713e-05
2	  = -1.54112e-11	 +/-  5.64139e-10
3	  = 0.00316294	 +/-  1.08911e-06


Minuit2Minimizer: Minimize with max-calls 100000 convergence for edm < 0.01 strategy 2
Minuit2Minimizer : Valid minimum - status = 0
FVAL  = 22802.9041700542402
Edm   = 4.09691091902395733e-05
Nfcn  = 1287
0	  = 1.77185	 +/-  0.000114886
1	  = 0.272161	 +/-  2.2278e-05
2	  = -6.61926e-12	 +/-  1.39875e-08
3	  = 0.0240031	 +/-  4.73286e-05


Minuit2Minimizer: Minimize with max-calls 100000 convergence for edm < 0.01 strategy 2
Minuit2Minimizer : Valid minimum - status = 0
FVAL  = 22802.9041439063622
Edm   = 0.000102769147453070768
Nfcn  = 1135
0	  = 1.77185	 +/-  0.000114886
1	  = -0.272161	 +/-  2.2278e-05
2	  = 6.57496e-13	 +/-  4.6236e-09
3	  = -2.39762e-13	 +/-  3.72081e-10
4	  = 0.0240032	 +/-  4.73287e-05


Minuit2Minimizer: Minimize with max-calls 100000 convergence for edm < 0.01 strategy 2
Minuit2Minimizer : Invalid Minimum - status = 3
FVAL  = 2.48919e+08
Edm   = 9.33059e+06
Nfcn  = 485


Minuit2Minimizer: Minimize with max-calls 100000 convergence for edm < 0.01 strategy 2
Minuit2Minimizer : Valid minimum - status = 5
FVAL  = 857594120.482786298
Edm   = 0.00665676593780517578
Nfcn  = 1853
0	  = 0.716819	 +/-  2.08071e-05
1	  = 2.59988	 +/-  1.46082e-05
2	  = 2.72032e-13	 +/-  1.29186e-09
3	  = -0.0389897	 +/-  2.17129e-07
4	  = 6.53852	 +/-  2.44386e-05
fit all models
Results:    0.279862    0.327491    0.279869    0.327482    0.272161     112.691    0.272161     6.31619    0.279862 8.87191e-14    0.279869     1.05427    0.272161    0.272161    0.234804     2.59988

Errors: 2.05117e-05 0.000336395 2.05084e-05 0.000336173 3.34532e-05   0.0210269 3.34386e-05  0.00943453 1.72008e-05 3.00386e-10 1.71986e-05 7.87713e-05  2.2278e-05  2.2278e-05 3.04469e-05 1.46082e-05

Probabilities: 0 1 0 0 0 0 0 0 0 0 0 0 0 0 0 0

Chisq/dof:     33478.6     9.55374     26815.9      7.5225     116.272     162.781     91.0559     261.856     38261.2 5.70478e+07     29795.5 9.46439e+07     135.651     162.781 3.11118e+07  1.2251e+08

Fit statuses: 0 0 0 0 0 5 0 5 0 3 0 5 0 0 3 5



Fitting R = 1

fitting 16 models


Minuit2Minimizer: Minimize with max-calls 100000 convergence for edm < 0.01 strategy 2
Minuit2Minimizer : Valid minimum - status = 0
FVAL  = 133131.175141180662
Edm   = 2.78183794133966122e-11
Nfcn  = 84
0	  = 1.2495	 +/-  6.14358e-05
1	  = 0.690551	 +/-  3.85408e-05


Minuit2Minimizer: Minimize with max-calls 100000 convergence for edm < 0.01 strategy 2
Minuit2Minimizer : Valid minimum - status = 0
FVAL  = 22050.1154250276886
Edm   = 2.10015226127095797e-06
Nfcn  = 375
0	  = 1.21387	 +/-  0.00031093
1	  = 0.677782	 +/-  8.88746e-05
2	  = 0.437268	 +/-  0.000731721
3	  = 1.22122	 +/-  0.00398435


Minuit2Minimizer: Minimize with max-calls 100000 convergence for edm < 0.01 strategy 2
Minuit2Minimizer : Valid minimum - status = 0
FVAL  = 135132.346071548323
Edm   = 2.76497702055667181e-11
Nfcn  = 84
0	  = 1.2495	 +/-  6.14323e-05
1	  = 0.69055	 +/-  3.85317e-05


Minuit2Minimizer: Minimize with max-calls 100000 convergence for edm < 0.01 strategy 2
Minuit2Minimizer : Valid minimum - status = 0
FVAL  = 24049.245244607846
Edm   = 3.24363768446562716e-10
Nfcn  = 403
0	  = 1.21387	 +/-  0.000310852
1	  = 0.677783	 +/-  8.88462e-05
2	  = 0.437268	 +/-  0.000731796
3	  = 1.22124	 +/-  0.00398387


Minuit2Minimizer: Minimize with max-calls 100000 convergence for edm < 0.01 strategy 2
Minuit2Minimizer : Invalid Minimum - status = 3
FVAL  = 22495
Edm   = 0.0111006
Nfcn  = 318


Minuit2Minimizer: Minimize with max-calls 100000 convergence for edm < 0.01 strategy 2
Minuit2Minimizer : Valid minimum - status = 0
FVAL  = 22495.0253882925026
Edm   = 4.20200525853416071e-08
Nfcn  = 783
0	  = 5.00178e-05	 +/-  0.684975
1	  = 3.38041	 +/-  2
2	  = 1.20436	 +/-  0.000148657
3	  = 0.677387	 +/-  5.40022e-05
4	  = 0.0622499	 +/-  0.000196248


Minuit2Minimizer: Minimize with max-calls 100000 convergence for edm < 0.01 strategy 2
Minuit2Minimizer : Valid minimum - status = 0
FVAL  = 24494.1015582268737
Edm   = 6.45599617396727996e-07
Nfcn  = 398
0	  = 1.20436	 +/-  0.000148654
1	  = 0.677386	 +/-  5.39955e-05
2	  = 0.0622502	 +/-  0.000196244


Minuit2Minimizer: Minimize with max-calls 100000 convergence for edm < 0.01 strategy 2
Minuit2Minimizer : Valid minimum - status = 0
FVAL  = 24494.1015587478505
Edm   = 4.31986656614353352e-07
Nfcn  = 906
0	  = -0.0109806	 +/-  0.713913
1	  = 4.14206	 +/-  2
2	  = 1.20436	 +/-  0.000148654
3	  = 0.677386	 +/-  5.39955e-05
4	  = 0.0622501	 +/-  0.000196244


Minuit2Minimizer: Minimize with max-calls 100000 convergence for edm < 0.01 strategy 2
Minuit2Minimizer : Valid minimum - status = 0
FVAL  = 133131.175143023342
Edm   = 8.47297148012205058e-07
Nfcn  = 417
0	  = 1.56125	 +/-  0.000153528
1	  = 0.476861	 +/-  5.32288e-05
2	  = -3.02815e-14	 +/-  8.45604e-10


Minuit2Minimizer: Minimize with max-calls 100000 convergence for edm < 0.01 strategy 2
Minuit2Minimizer : Valid minimum - status = 0
FVAL  = 133131.175147092348
Edm   = 2.55544760430553751e-06
Nfcn  = 793
0	  = 1.56125	 +/-  0.000153528
1	  = 0.476861	 +/-  5.32288e-05
2	  = 3.19505e-14	 +/-  4.65789e-09
3	  = 1.37853e-14	 +/-  5.43264e-10


Minuit2Minimizer: Minimize with max-calls 100000 convergence for edm < 0.01 strategy 2
Minuit2Minimizer : Valid minimum - status = 0
FVAL  = 135132.346082458447
Edm   = 6.56472889825174541e-06
Nfcn  = 330
0	  = 1.56124	 +/-  0.000153519
1	  = 0.476859	 +/-  5.32161e-05
2	  = 1.12502e-13	 +/-  4.64094e-09


Minuit2Minimizer: Minimize with max-calls 100000 convergence for edm < 0.01 strategy 2
Minuit2Minimizer : Valid minimum - status = 0
FVAL  = 135132.346167403623
Edm   = 3.3411110619410627e-05
Nfcn  = 1972
0	  = 1.56124	 +/-  0.000153519
1	  = 0.476859	 +/-  5.3216e-05
2	  = -2.02172e-12	 +/-  4.68308e-09
3	  = 3.79557e-14	 +/-  5.44437e-10


Minuit2Minimizer: Minimize with max-calls 100000 convergence for edm < 0.01 strategy 2
Minuit2Minimizer : Valid minimum - status = 0
FVAL  = 22495.0253912099179
Edm   = 2.54219855677930394e-05
Nfcn  = 404
0	  = 1.45049	 +/-  0.000358072
1	  = 0.458853	 +/-  7.31609e-05
2	  = 1.0876e-12	 +/-  6.38129e-09
3	  = 0.0622498	 +/-  0.000196244


Minuit2Minimizer: Minimize with max-calls 100000 convergence for edm < 0.01 strategy 2
Minuit2Minimizer : Valid minimum - status = 5
FVAL  = 74657708.1505333036
Edm   = 0.00966283679008483887
Nfcn  = 2277
0	  = 1.16614	 +/-  9.42149e-06
1	  = 0.413018	 +/-  1.51208e-05
2	  = 1.32361	 +/-  4.06385e-06
3	  = -2.05022e-10	 +/-  2.96298e-08
4	  = 0.436479	 +/-  5.53715e-05


Minuit2Minimizer: Minimize with max-calls 100000 convergence for edm < 0.01 strategy 2
Minuit2Minimizer : Valid minimum - status = 0
FVAL  = 24494.1015581041211
Edm   = 4.33679635873502517e-07
Nfcn  = 473
0	  = 1.45049	 +/-  0.000358062
1	  = 0.458852	 +/-  7.3151e-05
2	  = 6.30924e-14	 +/-  9.00436e-09
3	  = 0.06225	 +/-  0.000196242


Minuit2Minimizer: Minimize with max-calls 100000 convergence for edm < 0.01 strategy 2
Minuit2Minimizer : Valid minimum - status = 0
FVAL  = 24494.1015721851763
Edm   = 0.000142518083327303424
Nfcn  = 2168
0	  = 1.45049	 +/-  0.000358076
1	  = -0.458852	 +/-  7.3154e-05
2	  = 4.5077e-12	 +/-  1.37268e-08
3	  = 3.56026e-13	 +/-  5.68602e-10
4	  = 0.0622502	 +/-  0.000196249
fit all models
Results: 0.476861 0.577923 0.476859 0.577929 0.458853 0.458853 0.458852  0.46024 0.476861 0.476861 0.476859 0.476859 0.458853 0.413018 0.458852 0.458852

Errors: 8.50365e-05   0.0013232 8.50253e-05  0.00132311 0.000222081  0.00056824 0.000176103    0.185503 5.32288e-05 5.32288e-05 5.32161e-05  5.3216e-05 7.31609e-05 1.51208e-05  7.3151e-05  7.3154e-05

Probabilities: 0 1 0 0 0 0 0 0 0 0 0 0 0 0 0 0

Chisq/dof:     13892.8     10.1859     11114.4     7.65566     72.2896     101.205     56.2335     72.3002     15877.5     18523.7     12349.4       13893     84.3376 1.49271e+07     63.2627     72.3002

Fit statuses: 0 0 0 0 3 0 0 0 0 0 0 0 0 5 0 0



Fitting R = 2

fitting 16 models


Minuit2Minimizer: Minimize with max-calls 100000 convergence for edm < 0.01 strategy 2
Minuit2Minimizer : Valid minimum - status = 0
FVAL  = 66432.1337017261831
Edm   = 6.22123786505523955e-10
Nfcn  = 107
0	  = 1.14341	 +/-  0.000121842
1	  = 0.800759	 +/-  7.18582e-05


Minuit2Minimizer: Minimize with max-calls 100000 convergence for edm < 0.01 strategy 2
Minuit2Minimizer : Valid minimum - status = 0
FVAL  = 22014.9457024896474
Edm   = 3.09965899199532153e-10
Nfcn  = 940
0	  = 1.08644	 +/-  0.000851919
1	  = 0.781344	 +/-  0.000224507
2	  = 0.516398	 +/-  0.00124472
3	  = 1.27037	 +/-  0.00623072


Minuit2Minimizer: Minimize with max-calls 100000 convergence for edm < 0.01 strategy 2
Minuit2Minimizer : Valid minimum - status = 0
FVAL  = 68447.3167194732232
Edm   = 5.61054208714503197e-10
Nfcn  = 107
0	  = 1.14341	 +/-  0.000121842
1	  = 0.800763	 +/-  7.18542e-05


Minuit2Minimizer: Minimize with max-calls 100000 convergence for edm < 0.01 strategy 2
Minuit2Minimizer : Valid minimum - status = 0
FVAL  = 24017.1935436736312
Edm   = 5.52996171331756443e-06
Nfcn  = 561
0	  = 1.08645	 +/-  0.000851935
1	  = 0.781347	 +/-  0.000224506
2	  = 0.516337	 +/-  0.0012443
3	  = 1.27034	 +/-  0.00623165


Minuit2Minimizer: Minimize with max-calls 100000 convergence for edm < 0.01 strategy 2
Minuit2Minimizer : Valid minimum - status = 0
FVAL  = 22231.1673528795145
Edm   = 7.44586647101210047e-07
Nfcn  = 457
0	  = 1.07326	 +/-  0.000353708
1	  = 0.781174	 +/-  0.000115714
2	  = 0.109241	 +/-  0.000565304


Minuit2Minimizer: Minimize with max-calls 100000 convergence for edm < 0.01 strategy 2
Minuit2Minimizer : Invalid Minimum - status = 3
FVAL  = 22323.3
Edm   = 0.0101117
Nfcn  = 604


Minuit2Minimizer: Minimize with max-calls 100000 convergence for edm < 0.01 strategy 2
Minuit2Minimizer : Valid minimum - status = 0
FVAL  = 24233.1199467588376
Edm   = 2.07501548022669251e-07
Nfcn  = 421
0	  = 1.07327	 +/-  0.000353606
1	  = 0.781177	 +/-  0.000115703
2	  = 0.109214	 +/-  0.000565078


Minuit2Minimizer: Minimize with max-calls 100000 convergence for edm < 0.01 strategy 2
Minuit2Minimizer : Valid minimum - status = 0
FVAL  = 24233.1199610089898
Edm   = 1.41664743892724557e-05
Nfcn  = 783
0	  = 0.000678612	 +/-  0.265311
1	  = 2.89318	 +/-  2
2	  = 1.07327	 +/-  0.000353614
3	  = 0.781177	 +/-  0.000115704
4	  = 0.109216	 +/-  0.000565117


Minuit2Minimizer: Minimize with max-calls 100000 convergence for edm < 0.01 strategy 2
Minuit2Minimizer : Valid minimum - status = 0
FVAL  = 66432.1337083305989
Edm   = 1.01331643732252761e-05
Nfcn  = 256
0	  = 1.30739	 +/-  0.000278631
1	  = 0.641215	 +/-  0.000115082
2	  = -7.55753e-13	 +/-  1.48589e-08


Minuit2Minimizer: Minimize with max-calls 100000 convergence for edm < 0.01 strategy 2
Minuit2Minimizer : Valid minimum - status = 5
FVAL  = 4204761.69718877226
Edm   = 0.00668404716998338699
Nfcn  = 1488
0	  = 0.657953	 +/-  6.68473e-05
1	  = -0.116101	 +/-  3.67687e-05
2	  = 0.143245	 +/-  5.85853e-05
3	  = 3.55451e-11	 +/-  1.91734e-09


Minuit2Minimizer: Minimize with max-calls 100000 convergence for edm < 0.01 strategy 2
Minuit2Minimizer : Valid minimum - status = 0
FVAL  = 68447.3167549569189
Edm   = 1.62388825960041475e-05
Nfcn  = 319
0	  = 1.30739	 +/-  0.000278631
1	  = 0.641221	 +/-  0.000115076
2	  = -2.89481e-12	 +/-  1.48049e-08


Minuit2Minimizer: Minimize with max-calls 100000 convergence for edm < 0.01 strategy 2
Minuit2Minimizer : Valid minimum - status = 0
FVAL  = 68447.3167843159026
Edm   = 3.37028671120704839e-05
Nfcn  = 1602
0	  = 1.30739	 +/-  0.000278631
1	  = 0.641221	 +/-  0.000115076
2	  = -3.2884e-13	 +/-  1.52675e-08
3	  = 7.13945e-13	 +/-  1.90205e-09


Minuit2Minimizer: Minimize with max-calls 100000 convergence for edm < 0.01 strategy 2
Minuit2Minimizer : Valid minimum - status = 0
FVAL  = 22231.167362696091
Edm   = 5.99010445117566848e-06
Nfcn  = 700
0	  = 1.15188	 +/-  0.000759335
1	  = -0.610233	 +/-  0.000180815
2	  = -1.56567e-11	 +/-  2.15312e-07
3	  = 0.109242	 +/-  0.000565367


Minuit2Minimizer: Minimize with max-calls 100000 convergence for edm < 0.01 strategy 2
Minuit2Minimizer : Valid minimum - status = 0
FVAL  = 22231.1673726982735
Edm   = 1.00068873435120147e-05
Nfcn  = 1415
0	  = 1.15189	 +/-  0.00075934
1	  = -0.610233	 +/-  0.000180817
2	  = 8.42761e-12	 +/-  2.15123e-07
3	  = -2.88586e-12	 +/-  1.73917e-08
4	  = 0.109241	 +/-  0.000565369


Minuit2Minimizer: Minimize with max-calls 100000 convergence for edm < 0.01 strategy 2
Minuit2Minimizer : Valid minimum - status = 0
FVAL  = 24233.1199848493379
Edm   = 3.69218058562175252e-05
Nfcn  = 883
0	  = 1.15192	 +/-  0.000759011
1	  = 0.610238	 +/-  0.000180772
2	  = 1.09721e-10	 +/-  2.28257e-07
3	  = 0.109215	 +/-  0.000565059


Minuit2Minimizer: Minimize with max-calls 100000 convergence for edm < 0.01 strategy 2
Minuit2Minimizer : Valid minimum - status = 5
FVAL  = 16658974.88445732
Edm   = 0.00974301435053348541
Nfcn  = 1744
0	  = 0.908844	 +/-  7.30487e-06
1	  = 0.782403	 +/-  4.58609e-05
2	  = 1.21239	 +/-  7.84598e-06
3	  = 9.20675e-10	 +/-  1.39796e-07
4	  = 1.08492	 +/-  0.000153179
fit all models
Results: 0.641215   0.7954 0.641221 0.795353 0.610233  8.50064 0.610238  0.61024 0.641215 0.116101 0.641221 0.641221 0.610233 0.610233 0.610238 0.782403

Errors: 0.000224931  0.00357675 0.000224929  0.00357624 0.000596866   0.0252643 0.000596701  0.00269056 0.000115082 3.67687e-05 0.000115076 0.000115076 0.000180815 0.000180817 0.000180772 4.58609e-05

Probabilities: 0 1 0 0 0 0 0 0 0 0 0 0 0 0 0 0

Chisq/dof:     5555.39     4.32428     4445.93     3.64919     34.5953      66.854     27.2355     35.0171     6349.02      697129     4939.92     5557.41     40.3612     48.4335       30.64 2.37643e+06

Fit statuses: 0 0 0 0 0 3 0 0 0 5 0 0 0 0 0 5



Fitting R = 3

fitting 16 models


Minuit2Minimizer: Minimize with max-calls 100000 convergence for edm < 0.01 strategy 2
Minuit2Minimizer : Valid minimum - status = 0
FVAL  = 41338.7988635577349
Edm   = 3.16057574947041106e-06
Nfcn  = 76
0	  = 1.04449	 +/-  0.000207067
1	  = 0.892294	 +/-  0.000123929


Minuit2Minimizer: Minimize with max-calls 100000 convergence for edm < 0.01 strategy 2
Minuit2Minimizer : Valid minimum - status = 0
FVAL  = 21997.6372477276273
Edm   = 1.71695092481825892e-06
Nfcn  = 490
0	  = 0.56299	 +/-  0.00189237
1	  = 1.31041	 +/-  0.00959862
2	  = 0.963363	 +/-  0.00200575
3	  = 0.864393	 +/-  0.000525473


Minuit2Minimizer: Minimize with max-calls 100000 convergence for edm < 0.01 strategy 2
Minuit2Minimizer : Valid minimum - status = 0
FVAL  = 43370.0901710692269
Edm   = 3.29192545171042292e-06
Nfcn  = 76
0	  = 1.04443	 +/-  0.000206805
1	  = 0.892266	 +/-  0.000123834


Minuit2Minimizer: Minimize with max-calls 100000 convergence for edm < 0.01 strategy 2
Minuit2Minimizer : Valid minimum - status = 0
FVAL  = 23996.9342684864532
Edm   = 2.87375221893456069e-07
Nfcn  = 531
0	  = 0.963346	 +/-  0.00200482
1	  = 0.864386	 +/-  0.000525168
2	  = 0.563023	 +/-  0.00189118
3	  = 1.31041	 +/-  0.00959392


Minuit2Minimizer: Minimize with max-calls 100000 convergence for edm < 0.01 strategy 2
Minuit2Minimizer : Valid minimum - status = 0
FVAL  = 22112.3007385562196
Edm   = 5.73005406825839328e-08
Nfcn  = 459
0	  = 0.948731	 +/-  0.000714381
1	  = 0.864947	 +/-  0.000231436
2	  = 0.16569	 +/-  0.00135612


Minuit2Minimizer: Minimize with max-calls 100000 convergence for edm < 0.01 strategy 2
Minuit2Minimizer : Valid minimum - status = 0
FVAL  = 22112.3007386515492
Edm   = 1.46442118672041142e-07
Nfcn  = 790
0	  = -0.00017995	 +/-  0.730292
1	  = 3.11786	 +/-  2.00003
2	  = 0.948731	 +/-  0.00071441
3	  = 0.864947	 +/-  0.000231439
4	  = 0.165689	 +/-  0.00135626


Minuit2Minimizer: Minimize with max-calls 100000 convergence for edm < 0.01 strategy 2
Minuit2Minimizer : Valid minimum - status = 0
FVAL  = 24111.533170709532
Edm   = 2.4920585897553275e-06
Nfcn  = 505
0	  = 0.948714	 +/-  0.000713539
1	  = 0.864941	 +/-  0.000231105
2	  = 0.165715	 +/-  0.00135526


Minuit2Minimizer: Minimize with max-calls 100000 convergence for edm < 0.01 strategy 2
Minuit2Minimizer : Valid minimum - status = 0
FVAL  = 24111.5331682901342
Edm   = 7.12512569221840755e-08
Nfcn  = 1051
0	  = 4.86551e-06	 +/-  0.109544
1	  = 2.39902	 +/-  2
2	  = 0.948714	 +/-  0.000713578
3	  = 0.864941	 +/-  0.00023111
4	  = 0.165714	 +/-  0.00135545


Minuit2Minimizer: Minimize with max-calls 100000 convergence for edm < 0.01 strategy 2
Minuit2Minimizer : Valid minimum - status = 0
FVAL  = 41338.7988613667258
Edm   = 1.43758616332130067e-06
Nfcn  = 357
0	  = 1.09096	 +/-  0.000432558
1	  = 0.796189	 +/-  0.00022116
2	  = 2.57577e-13	 +/-  1.53276e-08


Minuit2Minimizer: Minimize with max-calls 100000 convergence for edm < 0.01 strategy 2
Minuit2Minimizer : Valid minimum - status = 5
FVAL  = 891600.830525439698
Edm   = 0.0070676127215847373
Nfcn  = 1208
0	  = 0.834513	 +/-  3.25394e-05
1	  = 0.401457	 +/-  2.63429e-05
2	  = -0.100687	 +/-  9.42208e-05
3	  = 2.04122e-11	 +/-  3.14282e-09


Minuit2Minimizer: Minimize with max-calls 100000 convergence for edm < 0.01 strategy 2
Minuit2Minimizer : Valid minimum - status = 0
FVAL  = 43370.0901853002724
Edm   = 2.5828307044396565e-05
Nfcn  = 300
0	  = 1.09084	 +/-  0.000431985
1	  = 0.79614	 +/-  0.000220984
2	  = -2.61917e-12	 +/-  4.26157e-08


Minuit2Minimizer: Minimize with max-calls 100000 convergence for edm < 0.01 strategy 2
Minuit2Minimizer : Valid minimum - status = 0
FVAL  = 43370.0901862722385
Edm   = 6.01710350836192106e-06
Nfcn  = 915
0	  = 1.09084	 +/-  0.000431984
1	  = 0.796139	 +/-  0.000220984
2	  = -2.24299e-13	 +/-  7.62962e-09
3	  = -9.19728e-13	 +/-  4.76151e-09


Minuit2Minimizer: Minimize with max-calls 100000 convergence for edm < 0.01 strategy 2
Minuit2Minimizer : Valid minimum - status = 0
FVAL  = 22112.3007559353064
Edm   = 1.3708997914493723e-05
Nfcn  = 921
0	  = 0.900094	 +/-  0.00135539
1	  = 0.748133	 +/-  0.00040036
2	  = -4.23268e-11	 +/-  8.10164e-07
3	  = 0.165687	 +/-  0.00135597


Minuit2Minimizer: Minimize with max-calls 100000 convergence for edm < 0.01 strategy 2
Minuit2Minimizer : Valid minimum - status = 0
FVAL  = 22112.3007611003995
Edm   = 1.0827581970982066e-05
Nfcn  = 1648
0	  = 0.90009	 +/-  0.00135601
1	  = -0.748133	 +/-  0.000400543
2	  = 3.97197e-11	 +/-  7.54836e-07
3	  = -1.48662e-11	 +/-  6.03076e-08
4	  = 0.16569	 +/-  0.00135655


Minuit2Minimizer: Minimize with max-calls 100000 convergence for edm < 0.01 strategy 2
Minuit2Minimizer : Valid minimum - status = 0
FVAL  = 24111.5331824449167
Edm   = 5.58639952671632451e-06
Nfcn  = 1569
0	  = 0.900057	 +/-  0.00135377
1	  = 0.748122	 +/-  0.00039979
2	  = -1.1944e-10	 +/-  8.54151e-07
3	  = 0.165716	 +/-  0.00135512


Minuit2Minimizer: Minimize with max-calls 100000 convergence for edm < 0.01 strategy 2
Minuit2Minimizer : Invalid Minimum - status = 3
FVAL  = 5.49383e+06
Edm   = 0.0114112
Nfcn  = 781
fit all models
Results: 0.796189 0.994119 0.796139 0.994133 0.748133 0.748134 0.748122 0.748123 0.796189 0.401457  0.79614 0.796139 0.748133 0.748133 0.748122  1.39203

Errors: 0.000498223  0.00824045 0.000497634  0.00823683  0.00164288  0.00328704  0.00164092  0.00164102  0.00022116 2.63429e-05 0.000220984 0.000220984  0.00040036 0.000400543  0.00039979 0.000243144

Probabilities: 0 1 0 0 0 0 0 0 0 0 0 0 0 0 0 0

Chisq/dof: 2418.72 1.43954 1938.21 1.11678 17.6144 24.6601 13.7259 17.6476 2764.26  144935 2153.57 2422.76 20.5501 24.6602 15.4416  781406

Fit statuses: 0 0 0 0 0 0 0 0 0 5 0 0 0 0 0 3



Fitting R = 4

fitting 16 models


Minuit2Minimizer: Minimize with max-calls 100000 convergence for edm < 0.01 strategy 2
Minuit2Minimizer : Valid minimum - status = 0
FVAL  = 30804.4873060610407
Edm   = 7.71280976250809666e-06
Nfcn  = 49
0	  = 0.955249	 +/-  0.000322081
1	  = 0.974586	 +/-  0.00020207


Minuit2Minimizer: Minimize with max-calls 100000 convergence for edm < 0.01 strategy 2
Minuit2Minimizer : Valid minimum - status = 1
FVAL  = 30804.4872992832425
Edm   = 9.03190733915404112e-07
Nfcn  = 133
0	  = 0.675463	 +/-  0.000912633
1	  = 0.974586	 +/-  0.00385218
2	  = 0.675463	 +/-  0.000912633
3	  = 0.974586	 +/-  0.00385218


Minuit2Minimizer: Minimize with max-calls 100000 convergence for edm < 0.01 strategy 2
Minuit2Minimizer : Valid minimum - status = 0
FVAL  = 32804.7449990794121
Edm   = 7.67816187035729246e-06
Nfcn  = 49
0	  = 0.95526	 +/-  0.000321921
1	  = 0.974592	 +/-  0.000201993


Minuit2Minimizer: Minimize with max-calls 100000 convergence for edm < 0.01 strategy 2
Minuit2Minimizer : Valid minimum - status = 1
FVAL  = 32804.7449923618842
Edm   = 9.27338668273467317e-07
Nfcn  = 133
0	  = 0.675471	 +/-  0.000912635
1	  = 0.974592	 +/-  0.00385235
2	  = 0.675471	 +/-  0.000912635
3	  = 0.974592	 +/-  0.00385235


Minuit2Minimizer: Minimize with max-calls 100000 convergence for edm < 0.01 strategy 2
Minuit2Minimizer : Valid minimum - status = 0
FVAL  = 22055.2494637414457
Edm   = 9.27272029169645737e-07
Nfcn  = 210
0	  = 0.834122	 +/-  0.00131662
1	  = 0.938288	 +/-  0.000440088
2	  = 0.233682	 +/-  0.0029803


Minuit2Minimizer: Minimize with max-calls 100000 convergence for edm < 0.01 strategy 2
Minuit2Minimizer : Valid minimum - status = 1
FVAL  = 21995.9228177129589
Edm   = 1.21498259002186061e-06
Nfcn  = 2129
0	  = 0.823667	 +/-  0.00300022
1	  = 0.932407	 +/-  0.000725689
2	  = 0.460103	 +/-  0.00956312
3	  = 1.25403	 +/-  0.010415
4	  = 0.083811	 +/-  0.00570645


Minuit2Minimizer: Minimize with max-calls 100000 convergence for edm < 0.01 strategy 2
Minuit2Minimizer : Valid minimum - status = 0
FVAL  = 24056.8495599779417
Edm   = 3.79111571791885973e-08
Nfcn  = 210
0	  = 0.834147	 +/-  0.00131665
1	  = 0.938301	 +/-  0.00044004
2	  = 0.233655	 +/-  0.00298037


Minuit2Minimizer: Minimize with max-calls 100000 convergence for edm < 0.01 strategy 2
Minuit2Minimizer : Valid minimum - status = 1
FVAL  = 24056.8495579250412
Edm   = 2.0221407658526556e-06
Nfcn  = 294
0	  = 0.589835	 +/-  0.00292622
1	  = 0.938308	 +/-  0.0036271
2	  = 0.589828	 +/-  0.00292623
3	  = 0.938294	 +/-  0.00362657
4	  = 0.233654	 +/-  0.00264634


Minuit2Minimizer: Minimize with max-calls 100000 convergence for edm < 0.01 strategy 2
Minuit2Minimizer : Valid minimum - status = 0
FVAL  = 30804.4873083421517
Edm   = 1.1237132140037054e-05
Nfcn  = 513
0	  = 0.9125	 +/-  0.000615328
1	  = 0.949817	 +/-  0.000393863
2	  = 3.19194e-13	 +/-  3.10933e-09


Minuit2Minimizer: Minimize with max-calls 100000 convergence for edm < 0.01 strategy 2
Minuit2Minimizer : Valid minimum - status = 0
FVAL  = 30804.4873672326175
Edm   = 4.51014802546001404e-05
Nfcn  = 978
0	  = 0.912498	 +/-  0.000615399
1	  = -0.949817	 +/-  0.00039391
2	  = -4.43759e-11	 +/-  1.14968e-07
3	  = 5.52693e-12	 +/-  1.5234e-08


Minuit2Minimizer: Minimize with max-calls 100000 convergence for edm < 0.01 strategy 2
Minuit2Minimizer : Valid minimum - status = 0
FVAL  = 32804.7449919146966
Edm   = 8.49713298009117425e-05
Nfcn  = 536
0	  = 0.91252	 +/-  0.000615028
1	  = 0.94983	 +/-  0.000393716
2	  = -4.64666e-13	 +/-  2.33685e-08


Minuit2Minimizer: Minimize with max-calls 100000 convergence for edm < 0.01 strategy 2
Minuit2Minimizer : Invalid Minimum - status = 3
FVAL  = 2.13567e+06
Edm   = 20890.4
Nfcn  = 286


Minuit2Minimizer: Minimize with max-calls 100000 convergence for edm < 0.01 strategy 2
Minuit2Minimizer : Valid minimum - status = 0
FVAL  = 22055.249467984213
Edm   = 1.25036419523793299e-06
Nfcn  = 530
0	  = 0.695758	 +/-  0.00219586
1	  = 0.880384	 +/-  0.000825864
2	  = 1.66538e-10	 +/-  2.97745e-06
3	  = 0.233682	 +/-  0.00297941


Minuit2Minimizer: Minimize with max-calls 100000 convergence for edm < 0.01 strategy 2
Minuit2Minimizer : Invalid Minimum - status = 3
FVAL  = 2.13644e+06
Edm   = 0.0112419
Nfcn  = 2248


Minuit2Minimizer: Minimize with max-calls 100000 convergence for edm < 0.01 strategy 2
Minuit2Minimizer : Valid minimum - status = 0
FVAL  = 24056.8496217150678
Edm   = 5.15697218567656804e-05
Nfcn  = 531
0	  = 0.695808	 +/-  0.00219615
1	  = 0.88041	 +/-  0.000825841
2	  = -7.1859e-10	 +/-  3.01819e-06
3	  = 0.233648	 +/-  0.00297966


Minuit2Minimizer: Minimize with max-calls 100000 convergence for edm < 0.01 strategy 2
Minuit2Minimizer : Valid minimum - status = 5
FVAL  = 2143608.43914243253
Edm   = 0.00848239101469516754
Nfcn  = 928
0	  = 1.01325	 +/-  0.000108741
1	  = 1.12032	 +/-  3.22541e-05
2	  = 1.4502	 +/-  9.00312e-05
3	  = 1.45271e-09	 +/-  1.74171e-06
4	  = 1.32787	 +/-  0.000370892
fit all models
Results: 0.949818 0.949817  0.94983  0.94983 0.880385  1.03662 0.880408 0.880409 0.949817 0.949817  0.94983 0.377798 0.880384  1.21727  0.88041  1.12032

Errors: 0.000987731  0.00589719  0.00098726  0.00589744  0.00401633   0.0210435  0.00401638  0.00997361 0.000393863  0.00039391 0.000393716  0.00129027 0.000825864 5.23204e-07 0.000825841 3.22541e-05

Probabilities: 0 0 0 0 0 1 0 0 0 0 0 0 0 0 0 0

Chisq/dof: 1101.94 1469.25 881.674 1102.09 9.46421 1.38456 7.64995 9.83565 1259.36 1469.25 979.638  263960 11.0416  422889  8.6062  302803

Fit statuses: 0 1 0 1 0 1 0 1 0 0 0 3 0 3 0 5



Fitting R = 5

fitting 16 models


Minuit2Minimizer: Minimize with max-calls 100000 convergence for edm < 0.01 strategy 2
Minuit2Minimizer : Valid minimum - status = 0
FVAL  = 25716.2279529534753
Edm   = 4.47412387196942215e-10
Nfcn  = 74
0	  = 0.875265	 +/-  0.000481487
1	  = 1.05133	 +/-  0.000325449


Minuit2Minimizer: Minimize with max-calls 100000 convergence for edm < 0.01 strategy 2
Minuit2Minimizer : Valid minimum - status = 1
FVAL  = 25716.2279529637672
Edm   = 1.01813987386903392e-08
Nfcn  = 166
0	  = 0.618906	 +/-  0.00141376
1	  = 1.05133	 +/-  0.00539731
2	  = 0.618906	 +/-  0.00141376
3	  = 1.05133	 +/-  0.00539731


Minuit2Minimizer: Minimize with max-calls 100000 convergence for edm < 0.01 strategy 2
Minuit2Minimizer : Valid minimum - status = 0
FVAL  = 27716.7479026963956
Edm   = 4.50410494510081273e-10
Nfcn  = 74
0	  = 0.875276	 +/-  0.000481408
1	  = 1.05133	 +/-  0.000325431


Minuit2Minimizer: Minimize with max-calls 100000 convergence for edm < 0.01 strategy 2
Minuit2Minimizer : Valid minimum - status = 1
FVAL  = 27716.7479027067129
Edm   = 1.02377498532059147e-08
Nfcn  = 166
0	  = 0.618914	 +/-  0.0014135
1	  = 1.05133	 +/-  0.00539731
2	  = 0.618914	 +/-  0.0014135
3	  = 1.05133	 +/-  0.00539731


Minuit2Minimizer: Minimize with max-calls 100000 convergence for edm < 0.01 strategy 2
Minuit2Minimizer : Valid minimum - status = 0
FVAL  = 22034.1817061367583
Edm   = 4.78557434425826386e-08
Nfcn  = 273
0	  = 0.730922	 +/-  0.0023935
1	  = 1.0051	 +/-  0.000847951
2	  = 0.314227	 +/-  0.0065552


Minuit2Minimizer: Minimize with max-calls 100000 convergence for edm < 0.01 strategy 2
Minuit2Minimizer : Valid minimum - status = 1
FVAL  = 22034.1817071158403
Edm   = 9.51576491555279944e-07
Nfcn  = 366
0	  = 0.516838	 +/-  0.00414776
1	  = 1.0051	 +/-  0.00512626
2	  = 0.516838	 +/-  0.00414776
3	  = 1.0051	 +/-  0.00512626
4	  = 0.314231	 +/-  0.00546611


Minuit2Minimizer: Minimize with max-calls 100000 convergence for edm < 0.01 strategy 2
Minuit2Minimizer : Valid minimum - status = 0
FVAL  = 24033.3214844697504
Edm   = 4.73599783681528069e-08
Nfcn  = 273
0	  = 0.730912	 +/-  0.00239401
1	  = 1.00509	 +/-  0.000848123
2	  = 0.314262	 +/-  0.00655662


Minuit2Minimizer: Minimize with max-calls 100000 convergence for edm < 0.01 strategy 2
Minuit2Minimizer : Valid minimum - status = 1
FVAL  = 24033.3214854741673
Edm   = 9.72950427811696322e-07
Nfcn  = 366
0	  = 0.516831	 +/-  0.0041503
1	  = 1.00509	 +/-  0.00512618
2	  = 0.516831	 +/-  0.0041503
3	  = 1.00509	 +/-  0.00512618
4	  = 0.314266	 +/-  0.00546759


Minuit2Minimizer: Minimize with max-calls 100000 convergence for edm < 0.01 strategy 2
Minuit2Minimizer : Valid minimum - status = 5
FVAL  = 25716.2380789348208
Edm   = 0.00710096802140469663
Nfcn  = 409
0	  = 0.766144	 +/-  0.000144172
1	  = 1.1053	 +/-  6.30034e-05
2	  = 1.40159e-08	 +/-  8.48327e-07


Minuit2Minimizer: Minimize with max-calls 100000 convergence for edm < 0.01 strategy 2
Minuit2Minimizer : Invalid Minimum - status = 3
FVAL  = 92493.8
Edm   = 152765
Nfcn  = 801


Minuit2Minimizer: Minimize with max-calls 100000 convergence for edm < 0.01 strategy 2
Minuit2Minimizer : Valid minimum - status = 0
FVAL  = 27716.747902783427
Edm   = 6.49243223869661248e-09
Nfcn  = 652
0	  = 0.766108	 +/-  0.000842707
1	  = 1.1053	 +/-  0.000684254
2	  = -3.59386e-13	 +/-  6.17301e-08


Minuit2Minimizer: Minimize with max-calls 100000 convergence for edm < 0.01 strategy 2
Minuit2Minimizer : Valid minimum - status = 0
FVAL  = 27716.7479597055972
Edm   = 0.000105170726642417282
Nfcn  = 1033
0	  = 0.76611	 +/-  0.00084271
1	  = 1.1053	 +/-  0.000684256
2	  = 1.66729e-10	 +/-  3.55843e-07
3	  = -6.17299e-12	 +/-  4.82202e-08


Minuit2Minimizer: Minimize with max-calls 100000 convergence for edm < 0.01 strategy 2
Minuit2Minimizer : Valid minimum - status = 0
FVAL  = 22034.1817073907332
Edm   = 4.26465014328606325e-07
Nfcn  = 431
0	  = 0.534246	 +/-  0.00349721
1	  = 1.01022	 +/-  0.00170572
2	  = 1.62126e-10	 +/-  1.35283e-05
3	  = 0.314228	 +/-  0.00655082


Minuit2Minimizer: Minimize with max-calls 100000 convergence for edm < 0.01 strategy 2
Minuit2Minimizer : Valid minimum - status = 0
FVAL  = 22034.1817684487651
Edm   = 5.71185377163638917e-05
Nfcn  = 1453
0	  = 0.534247	 +/-  0.00349812
1	  = 1.01022	 +/-  0.00170654
2	  = -4.25662e-09	 +/-  1.38661e-05
3	  = 6.90062e-10	 +/-  1.33911e-06
4	  = 0.314226	 +/-  0.00655206


Minuit2Minimizer: Minimize with max-calls 100000 convergence for edm < 0.01 strategy 2
Minuit2Minimizer : Valid minimum - status = 0
FVAL  = 24033.3214853911522
Edm   = 6.94128045499412807e-08
Nfcn  = 514
0	  = 0.534231	 +/-  0.00349635
1	  = 1.01021	 +/-  0.00170418
2	  = -1.74323e-10	 +/-  8.53674e-06
3	  = 0.314263	 +/-  0.00655014


Minuit2Minimizer: Minimize with max-calls 100000 convergence for edm < 0.01 strategy 2
Minuit2Minimizer : Valid minimum - status = 5
FVAL  = 709046.360772914137
Edm   = 0.00883397774305194616
Nfcn  = 901
0	  = 0.698091	 +/-  9.32507e-05
1	  = 2.27062	 +/-  0.000445966
2	  = 1.09011e-09	 +/-  2.38791e-07
3	  = 0.00137867	 +/-  4.89788e-06
4	  = 1.62195	 +/-  0.00104617
fit all models
Results:  1.10529  1.10529   1.1053   1.1053  1.01022  1.01022  1.01021  1.01021   1.1053 0.744631   1.1053   1.1053  1.01022  1.01022  1.01021  2.27062

Errors:   0.0018509  0.00948128  0.00185062   0.0094808  0.00951071   0.0177765   0.0095128   0.0177857 6.30034e-05  0.00010806 0.000684254 0.000684256  0.00170572  0.00170654  0.00170418 0.000445966

Probabilities:         0         0         0         0  0.610297 0.0825947         0         0         0         0         0         0  0.224516 0.0825922         0         0

Chisq/dof: 465.903 621.205 372.875 466.093 6.45453 9.03634 5.03572  6.4745 532.463 11750.8 414.305 466.093 7.53028 9.03635 5.66519 97865.5

Fit statuses: 0 1 0 1 0 1 0 1 5 3 0 0 0 0 0 5



Fitting R = 6

fitting 16 models


Minuit2Minimizer: Minimize with max-calls 100000 convergence for edm < 0.01 strategy 2
Minuit2Minimizer : Valid minimum - status = 0
FVAL  = 23491.9328470071268
Edm   = 9.2974891587291685e-06
Nfcn  = 85
0	  = 0.806498	 +/-  0.00070499
1	  = 1.12508	 +/-  0.000519669


Minuit2Minimizer: Minimize with max-calls 100000 convergence for edm < 0.01 strategy 2
Minuit2Minimizer : Valid minimum - status = 1
FVAL  = 23491.9328448181986
Edm   = 6.98974709504100531e-06
Nfcn  = 164
0	  = 0.570279	 +/-  0.00217003
1	  = 1.12508	 +/-  0.00757082
2	  = 0.570279	 +/-  0.00217003
3	  = 1.12508	 +/-  0.00757082


Minuit2Minimizer: Minimize with max-calls 100000 convergence for edm < 0.01 strategy 2
Minuit2Minimizer : Valid minimum - status = 0
FVAL  = 25491.0686946093447
Edm   = 9.16418089035188395e-06
Nfcn  = 85
0	  = 0.806508	 +/-  0.000704488
1	  = 1.12509	 +/-  0.00051917


Minuit2Minimizer: Minimize with max-calls 100000 convergence for edm < 0.01 strategy 2
Minuit2Minimizer : Valid minimum - status = 1
FVAL  = 25491.0686928808245
Edm   = 7.31442707055448296e-06
Nfcn  = 164
0	  = 0.570286	 +/-  0.00217049
1	  = 1.12509	 +/-  0.0075696
2	  = 0.570286	 +/-  0.00217049
3	  = 1.12509	 +/-  0.0075696


Minuit2Minimizer: Minimize with max-calls 100000 convergence for edm < 0.01 strategy 2
Minuit2Minimizer : Valid minimum - status = 0
FVAL  = 22008.3954887688087
Edm   = 2.63376874405839461e-08
Nfcn  = 315
0	  = 0.636922	 +/-  0.00443243
1	  = 1.06698	 +/-  0.00167697
2	  = 0.42117	 +/-  0.0150059


Minuit2Minimizer: Minimize with max-calls 100000 convergence for edm < 0.01 strategy 2
Minuit2Minimizer : Valid minimum - status = 1
FVAL  = 22008.3954922928242
Edm   = 3.37764312431501135e-06
Nfcn  = 324
0	  = 0.450373	 +/-  0.00543894
1	  = 1.06698	 +/-  0.00726001
2	  = 0.450373	 +/-  0.00543893
3	  = 1.06698	 +/-  0.00726001
4	  = 0.421162	 +/-  0.0108556


Minuit2Minimizer: Minimize with max-calls 100000 convergence for edm < 0.01 strategy 2
Minuit2Minimizer : Valid minimum - status = 0
FVAL  = 24007.8277949699841
Edm   = 1.56584694232312733e-07
Nfcn  = 304
0	  = 0.636996	 +/-  0.00443428
1	  = 1.067	 +/-  0.00167784
2	  = 0.420875	 +/-  0.015005


Minuit2Minimizer: Minimize with max-calls 100000 convergence for edm < 0.01 strategy 2
Minuit2Minimizer : Valid minimum - status = 1
FVAL  = 24007.8277981981119
Edm   = 3.04919561087565411e-06
Nfcn  = 295
0	  = 0.450423	 +/-  0.00544959
1	  = 1.067	 +/-  0.00725911
2	  = 0.450423	 +/-  0.00544959
3	  = 1.067	 +/-  0.00725911
4	  = 0.420881	 +/-  0.0108613


Minuit2Minimizer: Minimize with max-calls 100000 convergence for edm < 0.01 strategy 2
Minuit2Minimizer : Valid minimum - status = 0
FVAL  = 23491.9328682928681
Edm   = 2.45823369605680122e-05
Nfcn  = 731
0	  = 0.650438	 +/-  0.00113709
1	  = 1.2658	 +/-  0.00116928
2	  = -4.16249e-10	 +/-  1.05736e-06


Minuit2Minimizer: Minimize with max-calls 100000 convergence for edm < 0.01 strategy 2
Minuit2Minimizer : Valid minimum - status = 5
FVAL  = 285570.176142853335
Edm   = 0.00649910862557590008
Nfcn  = 1465
0	  = 0.552034	 +/-  0.000170627
1	  = 1.09409	 +/-  9.38459e-05
2	  = 3.2167e-08	 +/-  1.24821e-06
3	  = -0.21815	 +/-  9.43952e-06


Minuit2Minimizer: Minimize with max-calls 100000 convergence for edm < 0.01 strategy 2
Minuit2Minimizer : Valid minimum - status = 5
FVAL  = 163011.24425419097
Edm   = 0.00971420976566150784
Nfcn  = 279
0	  = 1.29901	 +/-  3.6464e-06
1	  = 1.83276	 +/-  2.28706e-05
2	  = 5.95956e-09	 +/-  4.05416e-07


Minuit2Minimizer: Minimize with max-calls 100000 convergence for edm < 0.01 strategy 2
Minuit2Minimizer : Valid minimum - status = 5
FVAL  = 387294.834074940358
Edm   = 0.00905177497770637274
Nfcn  = 585
0	  = 1.20941	 +/-  0.000314454
1	  = 1.13703	 +/-  7.48675e-05
2	  = 1.07262	 +/-  0.000220693
3	  = 2.18314e-08	 +/-  1.58844e-06


Minuit2Minimizer: Minimize with max-calls 100000 convergence for edm < 0.01 strategy 2
Minuit2Minimizer : Valid minimum - status = 0
FVAL  = 22008.3954998953159
Edm   = 8.03451818298924724e-06
Nfcn  = 530
0	  = 0.405665	 +/-  0.00563602
1	  = 1.13845	 +/-  0.00358307
2	  = 2.92443e-09	 +/-  4.60868e-05
3	  = 0.421182	 +/-  0.014972


Minuit2Minimizer: Minimize with max-calls 100000 convergence for edm < 0.01 strategy 2
Minuit2Minimizer : Valid minimum - status = 0
FVAL  = 22008.3955037377709
Edm   = 2.95071029214677221e-05
Nfcn  = 1610
0	  = 0.405669	 +/-  0.00563028
1	  = 1.13845	 +/-  0.00357294
2	  = -4.92343e-09	 +/-  2.84206e-05
3	  = -3.99499e-10	 +/-  5.90685e-07
4	  = 0.421174	 +/-  0.0149613


Minuit2Minimizer: Minimize with max-calls 100000 convergence for edm < 0.01 strategy 2
Minuit2Minimizer : Valid minimum - status = 0
FVAL  = 24007.8277953421639
Edm   = 3.75623350952662668e-07
Nfcn  = 536
0	  = 0.405765	 +/-  0.00563846
1	  = 1.13849	 +/-  0.00358501
2	  = 1.03965e-10	 +/-  4.69406e-05
3	  = 0.420872	 +/-  0.014969


Minuit2Minimizer: Minimize with max-calls 100000 convergence for edm < 0.01 strategy 2
Minuit2Minimizer : Valid minimum - status = 5
FVAL  = 408424.306168442825
Edm   = 0.00642547308234497905
Nfcn  = 317
0	  = 1.07296	 +/-  0.000969735
1	  = 1.03147	 +/-  0.000478124
2	  = 0.88055	 +/-  0.0017962
3	  = 0.968437	 +/-  0.000431593
4	  = 1.06574	 +/-  0.00108192
fit all models
Results:  1.2658  1.2658 1.26582 1.26582 1.13846 1.13846 1.13849 1.13849  1.2658 1.09409 1.83276 1.13703 1.13845 1.13845 1.13849 1.03147

Errors:  0.00334093   0.0154241  0.00333846    0.015424   0.0226926    0.029599   0.0227003   0.0296466  0.00116928 9.38459e-05 2.28706e-05 7.48675e-05  0.00358307  0.00357294  0.00358501 0.000478124

Probabilities:         0         0         0         0  0.610297 0.0825946         0         0         0         0         0         0  0.224514 0.0825941         0         0

Chisq/dof: 187.867 250.489 150.307 187.884 2.77078  3.8791 2.20309 2.83254 214.705 43930.2   15447 45413.4 3.23258  3.8791 2.47847 54919.5

Fit statuses: 0 1 0 1 0 1 0 1 0 5 5 5 0 0 0 5



Fitting R = 7

fitting 16 models


Minuit2Minimizer: Minimize with max-calls 100000 convergence for edm < 0.01 strategy 2
Minuit2Minimizer : Valid minimum - status = 0
FVAL  = 22555.6713135965219
Edm   = 1.32003766507527392e-07
Nfcn  = 221
0	  = 0.75079	 +/-  0.00105557
1	  = 1.19784	 +/-  0.000845606


Minuit2Minimizer: Minimize with max-calls 100000 convergence for edm < 0.01 strategy 2
Minuit2Minimizer : Valid minimum - status = 1
FVAL  = 22555.6713134646125
Edm   = 2.21457560349851042e-10
Nfcn  = 220
0	  = 0.530889	 +/-  0.00338873
1	  = 1.19784	 +/-  0.0105906
2	  = 0.530889	 +/-  0.00338873
3	  = 1.19784	 +/-  0.0105906


Minuit2Minimizer: Minimize with max-calls 100000 convergence for edm < 0.01 strategy 2
Minuit2Minimizer : Valid minimum - status = 0
FVAL  = 24555.1647607635678
Edm   = 1.25793039461551811e-11
Nfcn  = 253
0	  = 0.750811	 +/-  0.00105521
1	  = 1.19786	 +/-  0.000845129


Minuit2Minimizer: Minimize with max-calls 100000 convergence for edm < 0.01 strategy 2
Minuit2Minimizer : Valid minimum - status = 1
FVAL  = 24555.1647607635714
Edm   = 1.12566783529202073e-10
Nfcn  = 220
0	  = 0.530904	 +/-  0.00339099
1	  = 1.19786	 +/-  0.0105888
2	  = 0.530904	 +/-  0.00339099
3	  = 1.19786	 +/-  0.0105888


Minuit2Minimizer: Minimize with max-calls 100000 convergence for edm < 0.01 strategy 2
Minuit2Minimizer : Valid minimum - status = 0
FVAL  = 22001.1835359442375
Edm   = 4.37500175603373418e-09
Nfcn  = 368
0	  = 0.556174	 +/-  0.00869207
1	  = 1.12709	 +/-  0.00350576
2	  = 0.553279	 +/-  0.0367412


Minuit2Minimizer: Minimize with max-calls 100000 convergence for edm < 0.01 strategy 2
Minuit2Minimizer : Valid minimum - status = 1
FVAL  = 22001.1835420635252
Edm   = 4.79896626051317166e-06
Nfcn  = 352
0	  = 0.393282	 +/-  0.00680058
1	  = 1.1271	 +/-  0.0102409
2	  = 0.393282	 +/-  0.00680058
3	  = 1.1271	 +/-  0.0102409
4	  = 0.553233	 +/-  0.0199325


Minuit2Minimizer: Minimize with max-calls 100000 convergence for edm < 0.01 strategy 2
Minuit2Minimizer : Valid minimum - status = 0
FVAL  = 24001.1359375354114
Edm   = 1.10599098834277817e-07
Nfcn  = 361
0	  = 0.556269	 +/-  0.00871982
1	  = 1.12715	 +/-  0.00351576
2	  = 0.552961	 +/-  0.0368444


Minuit2Minimizer: Minimize with max-calls 100000 convergence for edm < 0.01 strategy 2
Minuit2Minimizer : Valid minimum - status = 1
FVAL  = 24001.1359374742751
Edm   = 4.44318132969464914e-08
Nfcn  = 380
0	  = 0.393342	 +/-  0.00682101
1	  = 1.12715	 +/-  0.0102405
2	  = 0.393342	 +/-  0.00682101
3	  = 1.12715	 +/-  0.0102405
4	  = 0.552959	 +/-  0.019986


Minuit2Minimizer: Minimize with max-calls 100000 convergence for edm < 0.01 strategy 2
Minuit2Minimizer : Valid minimum - status = 0
FVAL  = 22555.6713209643749
Edm   = 1.28664814344101856e-05
Nfcn  = 386
0	  = 0.563687	 +/-  0.00158487
1	  = 1.43483	 +/-  0.00202564
2	  = -1.62979e-10	 +/-  3.43312e-06


Minuit2Minimizer: Minimize with max-calls 100000 convergence for edm < 0.01 strategy 2
Minuit2Minimizer : Valid minimum - status = 5
FVAL  = 159844.92811247881
Edm   = 0.00493927104980684817
Nfcn  = 1412
0	  = 0.851958	 +/-  0.0196144
1	  = 1.49175	 +/-  0.00627138
2	  = -0.417188	 +/-  0.0305189
3	  = 0.167272	 +/-  0.0139525


Minuit2Minimizer: Minimize with max-calls 100000 convergence for edm < 0.01 strategy 2
Minuit2Minimizer : Valid minimum - status = 0
FVAL  = 24555.1647628757346
Edm   = 3.00764134609644493e-06
Nfcn  = 341
0	  = 0.56372	 +/-  0.00158437
1	  = 1.43488	 +/-  0.00202453
2	  = -1.27126e-11	 +/-  3.67499e-06


Minuit2Minimizer: Minimize with max-calls 100000 convergence for edm < 0.01 strategy 2
Minuit2Minimizer : Valid minimum - status = 5
FVAL  = 161477.437667685823
Edm   = 0.0083814804966095835
Nfcn  = 516
0	  = 0.717533	 +/-  0.000364469
1	  = 0.82555	 +/-  0.00018384
2	  = 1.0059	 +/-  0.000585069
3	  = 3.04408e-08	 +/-  2.06125e-06


Minuit2Minimizer: Minimize with max-calls 100000 convergence for edm < 0.01 strategy 2
Minuit2Minimizer : Valid minimum - status = 0
FVAL  = 22001.1835598395846
Edm   = 1.63754892421921332e-05
Nfcn  = 576
0	  = 0.309341	 +/-  0.00956966
1	  = 1.27035	 +/-  0.00784612
2	  = 2.64781e-08	 +/-  9.78466e-05
3	  = 0.553238	 +/-  0.0363484


Minuit2Minimizer: Minimize with max-calls 100000 convergence for edm < 0.01 strategy 2
Minuit2Minimizer : Valid minimum - status = 5
FVAL  = 177987.467300008779
Edm   = 0.00772282422985881567
Nfcn  = 299
0	  = 1.01184	 +/-  0.00189135
1	  = 1.00481	 +/-  0.00100735
2	  = 0.980907	 +/-  0.00200183
3	  = 0.995254	 +/-  0.00091202
4	  = 1.01574	 +/-  0.00308894


Minuit2Minimizer: Minimize with max-calls 100000 convergence for edm < 0.01 strategy 2
Minuit2Minimizer : Valid minimum - status = 0
FVAL  = 24001.1359561524987
Edm   = 1.13821049126774399e-05
Nfcn  = 603
0	  = 0.309421	 +/-  0.00958957
1	  = 1.27046	 +/-  0.00786074
2	  = 1.75916e-08	 +/-  0.000100487
3	  = 0.553012	 +/-  0.0364086


Minuit2Minimizer: Minimize with max-calls 100000 convergence for edm < 0.01 strategy 2
Minuit2Minimizer : Valid minimum - status = 0
FVAL  = 24001.1359482576954
Edm   = 1.18120446177657484e-05
Nfcn  = 1764
0	  = 0.309437	 +/-  0.00957296
1	  = 1.27047	 +/-  0.00782859
2	  = 7.80206e-09	 +/-  3.57164e-05
3	  = 3.61103e-11	 +/-  6.9991e-06
4	  = 0.552951	 +/-  0.0363558
fit all models
Results: 1.43483 1.43483 1.43488 1.43488 1.27034 1.27035 1.27047 1.27047 1.43483 1.49175 1.43488 0.82555 1.27035 1.00481 1.27046 1.27047

Errors: 0.00605471  0.0256395 0.00605254  0.0256465  0.0567069   0.046868  0.0568839  0.0469894 0.00202564 0.00627138 0.00202453 0.00018384 0.00784612 0.00100735 0.00786074 0.00782859

Probabilities:         0         0         0         0  0.665243 0.0900306         0         0         0         0         0         0  0.244726         0         0         0

Chisq/dof: 70.8339 94.4452 56.7165 70.8956 1.74051 2.43671 1.45955 1.87656  80.953   22976 63.0183 17186.2 2.03059 31199.7 1.64199 1.87656

Fit statuses: 0 1 0 1 0 1 0 1 0 5 0 5 0 5 0 0



Fitting R = 8

fitting 16 models


Minuit2Minimizer: Minimize with max-calls 100000 convergence for edm < 0.01 strategy 2
Minuit2Minimizer : Valid minimum - status = 0
FVAL  = 22201.268131463501
Edm   = 1.38199912879213908e-08
Nfcn  = 241
0	  = 0.71041	 +/-  0.00159531
1	  = 1.26997	 +/-  0.00137826


Minuit2Minimizer: Minimize with max-calls 100000 convergence for edm < 0.01 strategy 2
Minuit2Minimizer : Valid minimum - status = 1
FVAL  = 22201.2681314858055
Edm   = 3.59452948027566455e-08
Nfcn  = 203
0	  = 0.502336	 +/-  0.0053862
1	  = 1.26997	 +/-  0.0148171
2	  = 0.502336	 +/-  0.0053862
3	  = 1.26997	 +/-  0.0148171


Minuit2Minimizer: Minimize with max-calls 100000 convergence for edm < 0.01 strategy 2
Minuit2Minimizer : Valid minimum - status = 0
FVAL  = 24204.8994532894212
Edm   = 6.17412414196222869e-06
Nfcn  = 223
0	  = 0.710535	 +/-  0.00159461
1	  = 1.27006	 +/-  0.00137786


Minuit2Minimizer: Minimize with max-calls 100000 convergence for edm < 0.01 strategy 2
Minuit2Minimizer : Valid minimum - status = 1
FVAL  = 24204.8994471519945
Edm   = 3.88962043871319271e-08
Nfcn  = 203
0	  = 0.502421	 +/-  0.00538707
1	  = 1.27005	 +/-  0.0148157
2	  = 0.502421	 +/-  0.00538707
3	  = 1.27005	 +/-  0.0148157


Minuit2Minimizer: Minimize with max-calls 100000 convergence for edm < 0.01 strategy 2
Minuit2Minimizer : Valid minimum - status = 0
FVAL  = 21999.5786706554754
Edm   = 1.77204142973435763e-06
Nfcn  = 527
0	  = 0.482273	 +/-  0.0219367
1	  = 1.18285	 +/-  0.00936541
2	  = 0.757432	 +/-  0.121585


Minuit2Minimizer: Minimize with max-calls 100000 convergence for edm < 0.01 strategy 2
Minuit2Minimizer : Valid minimum - status = 1
FVAL  = 21993.7854019854167
Edm   = 9.78566622408007135e-06
Nfcn  = 1655
0	  = -0.670204	 +/-  0.0145756
1	  = 1.43042	 +/-  0.0103605
2	  = 0.39837	 +/-  0.0113885
3	  = 1.13311	 +/-  0.00586391
4	  = -0.0111084	 +/-  0.0191531


Minuit2Minimizer: Minimize with max-calls 100000 convergence for edm < 0.01 strategy 2
Minuit2Minimizer : Valid minimum - status = 0
FVAL  = 24003.3675982988862
Edm   = 4.1262028514913806e-06
Nfcn  = 672
0	  = 0.482259	 +/-  0.0224995
1	  = 1.18289	 +/-  0.00960109
2	  = 0.757952	 +/-  0.124748


Minuit2Minimizer: Minimize with max-calls 100000 convergence for edm < 0.01 strategy 2
Minuit2Minimizer : Valid minimum - status = 0
FVAL  = 24003.3676669539927
Edm   = 9.6670909690558187e-05
Nfcn  = 1534
0	  = -0.00149429	 +/-  0.251475
1	  = 2.02271	 +/-  2
2	  = 0.482345	 +/-  0.0225448
3	  = 1.18292	 +/-  0.00960693
4	  = 0.757464	 +/-  0.125192


Minuit2Minimizer: Minimize with max-calls 100000 convergence for edm < 0.01 strategy 2
Minuit2Minimizer : Valid minimum - status = 0
FVAL  = 22201.2681410107471
Edm   = 5.41192522171493448e-06
Nfcn  = 309
0	  = 0.504678	 +/-  0.0022662
1	  = 1.61283	 +/-  0.00350018
2	  = 7.8635e-10	 +/-  1.21126e-05


Minuit2Minimizer: Minimize with max-calls 100000 convergence for edm < 0.01 strategy 2
Minuit2Minimizer : Invalid Minimum - status = 3
FVAL  = 81089.2
Edm   = 0.0108992
Nfcn  = 437


Minuit2Minimizer: Minimize with max-calls 100000 convergence for edm < 0.01 strategy 2
Minuit2Minimizer : Valid minimum - status = 0
FVAL  = 24204.8995594383123
Edm   = 0.000107367308586908688
Nfcn  = 313
0	  = 0.504831	 +/-  0.00226541
1	  = 1.613	 +/-  0.00349921
2	  = 9.40749e-10	 +/-  1.35552e-05


Minuit2Minimizer: Minimize with max-calls 100000 convergence for edm < 0.01 strategy 2
Minuit2Minimizer : Valid minimum - status = 5
FVAL  = 83753.4496342468046
Edm   = 0.00681807687215041369
Nfcn  = 435
0	  = 0.886578	 +/-  0.0019863
1	  = 1.53417	 +/-  0.00077439
2	  = 1.42482e-06	 +/-  0.000141892
3	  = 0.810427	 +/-  0.000742461


Minuit2Minimizer: Minimize with max-calls 100000 convergence for edm < 0.01 strategy 2
Minuit2Minimizer : Valid minimum - status = 0
FVAL  = 21999.5786834967257
Edm   = 1.1284889160411446e-05
Nfcn  = 848
0	  = 0.232561	 +/-  0.0196848
1	  = 1.39911	 +/-  0.0207154
2	  = 1.76709e-08	 +/-  0.000268115
3	  = 0.757581	 +/-  0.113079


Minuit2Minimizer: Minimize with max-calls 100000 convergence for edm < 0.01 strategy 2
Minuit2Minimizer : Valid minimum - status = 0
FVAL  = 21999.5786917081969
Edm   = 1.88093479476043826e-05
Nfcn  = 2959
0	  = 0.232576	 +/-  0.0197112
1	  = 1.39912	 +/-  0.020677
2	  = 2.16099e-08	 +/-  0.000102712
3	  = -4.29448e-09	 +/-  1.91405e-05
4	  = 0.757497	 +/-  0.113275


Minuit2Minimizer: Minimize with max-calls 100000 convergence for edm < 0.01 strategy 2
Minuit2Minimizer : Valid minimum - status = 0
FVAL  = 24003.3676281943117
Edm   = 3.37404288710381215e-05
Nfcn  = 2164
0	  = 0.232564	 +/-  0.0202436
1	  = 1.39922	 +/-  0.0212865
2	  = 1.15462e-07	 +/-  0.000262407
3	  = 0.758003	 +/-  0.11632


Minuit2Minimizer: Minimize with max-calls 100000 convergence for edm < 0.01 strategy 2
Minuit2Minimizer : Valid minimum - status = 5
FVAL  = 84096.1160452204495
Edm   = 0.00708419349393807352
Nfcn  = 564
0	  = 1.01416	 +/-  0.000569003
1	  = 1.03178	 +/-  0.00130668
2	  = 1.00956	 +/-  0.000349879
3	  = 1.0233	 +/-  0.000619472
4	  = 0.797064	 +/-  0.00619233
fit all models
Results: 1.61284 1.61284 1.61304 1.61304 1.39914 1.84712 1.39923 1.39934 1.61283 1.60958   1.613 1.53417 1.39911 1.39912 1.39922 1.03178

Errors:   0.0108257   0.0436397   0.0108207   0.0436423    0.181362   0.0973055    0.186032    0.186903  0.00350018 0.000704451  0.00349921  0.00077439   0.0207154    0.020677   0.0212865  0.00130668

Probabilities:         0         0         0         0  0.252873  0.619878         0         0         0         0         0         0 0.0930263 0.0342223         0         0

Chisq/dof: 26.5335  35.378 21.6899 27.1124 1.51124 0.95708 1.70751 2.19538  30.324 9850.03    24.1 7470.68 1.76311 2.11574 1.92095 8586.87

Fit statuses: 0 1 0 1 0 1 0 0 0 3 0 5 0 0 0 5



Fitting R = 9

fitting 16 models


Minuit2Minimizer: Minimize with max-calls 100000 convergence for edm < 0.01 strategy 2
Minuit2Minimizer : Valid minimum - status = 0
FVAL  = 22062.6472000779977
Edm   = 2.6251095136243075e-06
Nfcn  = 256
0	  = 0.688953	 +/-  0.00243358
1	  = 1.33987	 +/-  0.00221504


Minuit2Minimizer: Minimize with max-calls 100000 convergence for edm < 0.01 strategy 2
Minuit2Minimizer : Valid minimum - status = 1
FVAL  = 22062.6471974708693
Edm   = 1.63235903010329844e-08
Nfcn  = 229
0	  = 0.487166	 +/-  0.00864925
1	  = 1.33988	 +/-  0.0200086
2	  = 0.487165	 +/-  0.00864926
3	  = 1.33988	 +/-  0.0200086


Minuit2Minimizer: Minimize with max-calls 100000 convergence for edm < 0.01 strategy 2
Minuit2Minimizer : Valid minimum - status = 0
FVAL  = 24062.7148908379386
Edm   = 1.63360949257902601e-10
Nfcn  = 273
0	  = 0.688864	 +/-  0.00243165
1	  = 1.33981	 +/-  0.00221399


Minuit2Minimizer: Minimize with max-calls 100000 convergence for edm < 0.01 strategy 2
Minuit2Minimizer : Valid minimum - status = 1
FVAL  = 24062.7148908945819
Edm   = 5.30849328203485838e-08
Nfcn  = 225
0	  = 0.4871	 +/-  0.00863808
1	  = 1.33981	 +/-  0.0200094
2	  = 0.4871	 +/-  0.00863808
3	  = 1.33981	 +/-  0.0200094


Minuit2Minimizer: Minimize with max-calls 100000 convergence for edm < 0.01 strategy 2
Minuit2Minimizer : Valid minimum - status = 1
FVAL  = 21995.1835557478771
Edm   = 4.35852420836645568e-06
Nfcn  = 791
0	  = 0.437407	 +/-  0.00891274
1	  = 1.24225	 +/-  0.00427918
2	  = 0.930546	 +/-  0.0605583


Minuit2Minimizer: Minimize with max-calls 100000 convergence for edm < 0.01 strategy 2
Minuit2Minimizer : Valid minimum - status = 1
FVAL  = 21995.1835536719918
Edm   = 1.14868435878693587e-06
Nfcn  = 323
0	  = 0.309217	 +/-  0.0106227
1	  = 1.2422	 +/-  0.0188771
2	  = 0.309217	 +/-  0.0106227
3	  = 1.2422	 +/-  0.0188771
4	  = 0.931282	 +/-  0.0570361


Minuit2Minimizer: Minimize with max-calls 100000 convergence for edm < 0.01 strategy 2
Minuit2Minimizer : Valid minimum - status = 1
FVAL  = 23994.6463148693874
Edm   = 5.44109598525481931e-06
Nfcn  = 647
0	  = 0.436561	 +/-  0.00889292
1	  = 1.24185	 +/-  0.00427328
2	  = 0.936031	 +/-  0.0607463


Minuit2Minimizer: Minimize with max-calls 100000 convergence for edm < 0.01 strategy 2
Minuit2Minimizer : Valid minimum - status = 1
FVAL  = 23994.6463078147208
Edm   = 6.0276098886184848e-06
Nfcn  = 330
0	  = 0.308609	 +/-  0.0105911
1	  = 1.24179	 +/-  0.0188174
2	  = 0.308609	 +/-  0.0105911
3	  = 1.24179	 +/-  0.0188174
4	  = 0.936829	 +/-  0.0572071


Minuit2Minimizer: Minimize with max-calls 100000 convergence for edm < 0.01 strategy 2
Minuit2Minimizer : Valid minimum - status = 0
FVAL  = 22062.6472279795416
Edm   = 2.30295737457450558e-05
Nfcn  = 275
0	  = 0.474657	 +/-  0.00335223
1	  = 1.79526	 +/-  0.00593517
2	  = 1.68091e-08	 +/-  4.5583e-05


Minuit2Minimizer: Minimize with max-calls 100000 convergence for edm < 0.01 strategy 2
Minuit2Minimizer : Valid minimum - status = 0
FVAL  = 22062.6472269131955
Edm   = 3.19281895602202529e-05
Nfcn  = 1247
0	  = 0.474671	 +/-  0.00335218
1	  = 1.79528	 +/-  0.00593395
2	  = -6.00738e-10	 +/-  1.6016e-05
3	  = -1.42926e-09	 +/-  4.08528e-06


Minuit2Minimizer: Minimize with max-calls 100000 convergence for edm < 0.01 strategy 2
Minuit2Minimizer : Valid minimum - status = 0
FVAL  = 24062.7149006834479
Edm   = 3.55730674294276791e-06
Nfcn  = 257
0	  = 0.474537	 +/-  0.0033491
1	  = 1.79509	 +/-  0.00593194
2	  = 4.40815e-09	 +/-  4.49156e-05


Minuit2Minimizer: Minimize with max-calls 100000 convergence for edm < 0.01 strategy 2
Minuit2Minimizer : Valid minimum - status = 0
FVAL  = 24062.7148939513427
Edm   = 1.70667560439164503e-07
Nfcn  = 1588
0	  = 0.474534	 +/-  0.00334915
1	  = 1.79508	 +/-  0.00593208
2	  = 1.36078e-09	 +/-  4.38914e-05
3	  = -6.46728e-11	 +/-  6.68824e-06


Minuit2Minimizer: Minimize with max-calls 100000 convergence for edm < 0.01 strategy 2
Minuit2Minimizer : Valid minimum - status = 1
FVAL  = 21995.1835570996445
Edm   = 2.75143889810878222e-06
Nfcn  = 1797
0	  = 0.191313	 +/-  0.00746335
1	  = 1.54317	 +/-  0.0107869
2	  = -1.22325e-07	 +/-  0.00108728
3	  = 0.930667	 +/-  0.0579862


Minuit2Minimizer: Minimize with max-calls 100000 convergence for edm < 0.01 strategy 2
Minuit2Minimizer : Valid minimum - status = 5
FVAL  = 45114.3624519301447
Edm   = 0.0077095954620745033
Nfcn  = 744
0	  = 1.03152	 +/-  0.000564107
1	  = 1.01368	 +/-  0.000194818
2	  = 1.04886	 +/-  0.000846126
3	  = 1.06394	 +/-  0.00137469
4	  = 0.567716	 +/-  0.00669193


Minuit2Minimizer: Minimize with max-calls 100000 convergence for edm < 0.01 strategy 2
Minuit2Minimizer : Valid minimum - status = 5
FVAL  = 26305.9028847639638
Edm   = 0.00859990483877481893
Nfcn  = 713
0	  = 1.80336	 +/-  0.00261657
1	  = 1.00495	 +/-  0.000298486
2	  = 0.615752	 +/-  0.002703
3	  = -0.780368	 +/-  0.000679536


Minuit2Minimizer: Minimize with max-calls 100000 convergence for edm < 0.01 strategy 2
Minuit2Minimizer : Valid minimum - status = 5
FVAL  = 47117.3919596799824
Edm   = 0.00872764611267484725
Nfcn  = 542
0	  = 1.0315	 +/-  0.000751845
1	  = 1.01373	 +/-  0.000194792
2	  = 1.04882	 +/-  0.000938203
3	  = 1.06396	 +/-  0.000931557
4	  = 0.567664	 +/-  0.00692405
fit all models
Results: 1.79526 1.79527 1.79508 1.79508 1.54318 1.54307 1.54219 1.54205 1.79526 1.79528 1.79509 1.79508 1.54317 1.01368 1.00495 1.01373

Errors:   0.0188928   0.0741699   0.0188788   0.0741005    0.089571    0.111085   0.0894867    0.110881  0.00593517  0.00593395  0.00593194  0.00593208   0.0107869 0.000194818 0.000298486 0.000194792

Probabilities:         0         0         0         0  0.665241 0.0900307         0         0         0         0         0         0  0.244728         0         0         0

Chisq/dof:   9.2059  12.2745  7.47149  9.33936 0.883365  1.23671 0.738479 0.949473   10.521  12.2745  8.30166  9.33936  1.03059  4625.07  289.738   3304.2

Fit statuses: 0 1 0 1 1 1 1 1 0 0 0 0 1 5 5 5



Fitting R = 10

fitting 16 models


Minuit2Minimizer: Minimize with max-calls 100000 convergence for edm < 0.01 strategy 2
Minuit2Minimizer : Valid minimum - status = 0
FVAL  = 22011.7556548180364
Edm   = 4.03959115363432818e-08
Nfcn  = 252
0	  = 0.685476	 +/-  0.00345857
1	  = 1.39784	 +/-  0.00320403


Minuit2Minimizer: Minimize with max-calls 100000 convergence for edm < 0.01 strategy 2
Minuit2Minimizer : Valid minimum - status = 1
FVAL  = 22011.7556563991093
Edm   = 1.54736274680637003e-06
Nfcn  = 230
0	  = 0.484704	 +/-  0.0138828
1	  = 1.39784	 +/-  0.0247185
2	  = 0.484701	 +/-  0.0138829
3	  = 1.39784	 +/-  0.0247186


Minuit2Minimizer: Minimize with max-calls 100000 convergence for edm < 0.01 strategy 2
Minuit2Minimizer : Valid minimum - status = 0
FVAL  = 24010.755774879206
Edm   = 1.48673453494138247e-06
Nfcn  = 236
0	  = 0.685473	 +/-  0.00345788
1	  = 1.39784	 +/-  0.0032033


Minuit2Minimizer: Minimize with max-calls 100000 convergence for edm < 0.01 strategy 2
Minuit2Minimizer : Valid minimum - status = 1
FVAL  = 24010.7557749954831
Edm   = 1.5288749861184478e-06
Nfcn  = 230
0	  = 0.484702	 +/-  0.0139135
1	  = 1.39784	 +/-  0.0247178
2	  = 0.484702	 +/-  0.0139135
3	  = 1.39784	 +/-  0.0247178


Minuit2Minimizer: Minimize with max-calls 100000 convergence for edm < 0.01 strategy 2
Minuit2Minimizer : Valid minimum - status = 1
FVAL  = 21995.5732504942171
Edm   = 4.84980125476495972e-07
Nfcn  = 714
0	  = 0.463439	 +/-  0.011533
1	  = 1.31446	 +/-  0.00544559
2	  = 0.745923	 +/-  0.0655972


Minuit2Minimizer: Minimize with max-calls 100000 convergence for edm < 0.01 strategy 2
Minuit2Minimizer : Valid minimum - status = 1
FVAL  = 21995.5732517665201
Edm   = 1.70579966979379587e-06
Nfcn  = 542
0	  = 0.327689	 +/-  0.0134775
1	  = 1.31444	 +/-  0.0219793
2	  = 0.327683	 +/-  0.0134779
3	  = 1.31445	 +/-  0.021981
4	  = 0.746023	 +/-  0.0618481


Minuit2Minimizer: Minimize with max-calls 100000 convergence for edm < 0.01 strategy 2
Minuit2Minimizer : Valid minimum - status = 1
FVAL  = 23994.5829961377276
Edm   = 2.17125558212392631e-08
Nfcn  = 723
0	  = 0.463573	 +/-  0.0115363
1	  = 1.31451	 +/-  0.00544502
2	  = 0.745147	 +/-  0.0655679


Minuit2Minimizer: Minimize with max-calls 100000 convergence for edm < 0.01 strategy 2
Minuit2Minimizer : Valid minimum - status = 1
FVAL  = 23994.5829979314258
Edm   = 1.91538670306628505e-06
Nfcn  = 539
0	  = 0.327769	 +/-  0.0134659
1	  = 1.31449	 +/-  0.0219038
2	  = 0.327766	 +/-  0.0134662
3	  = 1.31449	 +/-  0.0219047
4	  = 0.74536	 +/-  0.0618231


Minuit2Minimizer: Minimize with max-calls 100000 convergence for edm < 0.01 strategy 2
Minuit2Minimizer : Invalid Minimum - status = 3
FVAL  = 22177.1
Edm   = 346.243
Nfcn  = 187


Minuit2Minimizer: Minimize with max-calls 100000 convergence for edm < 0.01 strategy 2
Minuit2Minimizer : Valid minimum - status = 5
FVAL  = 32802.2390329596892
Edm   = 0.00559359195176512003
Nfcn  = 365
0	  = 1.07409	 +/-  0.00205573
1	  = 1.051	 +/-  0.0023158
2	  = 0.830001	 +/-  0.00689131
3	  = 0.973532	 +/-  0.000816452


Minuit2Minimizer: Minimize with max-calls 100000 convergence for edm < 0.01 strategy 2
Minuit2Minimizer : Valid minimum - status = 5
FVAL  = 24532.1741951467193
Edm   = 0.00605398188054095954
Nfcn  = 284
0	  = 0.59883	 +/-  0.000726651
1	  = 2.18442	 +/-  0.000399636
2	  = 4.24529e-07	 +/-  1.84896e-05


Minuit2Minimizer: Minimize with max-calls 100000 convergence for edm < 0.01 strategy 2
Minuit2Minimizer : Valid minimum - status = 5
FVAL  = 34807.4061016083142
Edm   = 0.00472611177247017622
Nfcn  = 245
0	  = 1.07422	 +/-  0.00193704
1	  = 1.05038	 +/-  0.00247641
2	  = 0.831305	 +/-  0.00733289
3	  = 0.973008	 +/-  0.00120707


Minuit2Minimizer: Minimize with max-calls 100000 convergence for edm < 0.01 strategy 2
Minuit2Minimizer : Valid minimum - status = 1
FVAL  = 21996.050660476656
Edm   = 3.0248872086113931e-05
Nfcn  = 720
0	  = 0.0627808	 +/-  0.00275773
1	  = 1.34255	 +/-  0.0290473
2	  = 0.0479592	 +/-  0.00943933
3	  = 3.26298	 +/-  0.166749


Minuit2Minimizer: Minimize with max-calls 100000 convergence for edm < 0.01 strategy 2
Minuit2Minimizer : Valid minimum - status = 5
FVAL  = 32805.6154512072389
Edm   = 0.00491221490665338933
Nfcn  = 438
0	  = 1.04453	 +/-  0.00071979
1	  = 1.0662	 +/-  0.000892311
2	  = 1.01793	 +/-  0.000303111
3	  = 1.0833	 +/-  0.000927623
4	  = 0.40592	 +/-  0.00826533


Minuit2Minimizer: Minimize with max-calls 100000 convergence for edm < 0.01 strategy 2
Minuit2Minimizer : Valid minimum - status = 1
FVAL  = 23995.0955136250013
Edm   = 2.19507365422200689e-05
Nfcn  = 739
0	  = 0.0529212	 +/-  0.00231262
1	  = 1.30674	 +/-  0.0289816
2	  = 0.0515939	 +/-  0.00939057
3	  = 3.89706	 +/-  0.193201


Minuit2Minimizer: Minimize with max-calls 100000 convergence for edm < 0.01 strategy 2
Minuit2Minimizer : Invalid Minimum - status = 3
FVAL  = 34810.8
Edm   = 0.0103047
Nfcn  = 2392
fit all models
Results: 1.95396 1.95395 1.95396 1.95395  1.7278 1.72776 1.72793 1.72788 1.85043   1.051 2.18442 1.05038 1.34255  1.0662 1.30674 1.06581

Errors:   0.0292881    0.122132   0.0292822    0.122358    0.122455    0.147882    0.122464    0.147701  0.00507824   0.0023158 0.000399636  0.00247641   0.0290473 0.000892311   0.0289816 0.000893367

Probabilities:         0         0         0         0  0.701708 0.0949658         0         0         0         0         0         0  0.203326         0         0         0

Chisq/dof:  2.84446  3.79261  2.27558  2.84447 0.939036  1.31465 0.731444 0.940428  26.8781  1802.21  60.4638  1352.43  1.17511  2163.32 0.886939  1546.11

Fit statuses: 0 1 0 1 1 1 1 1 3 5 5 5 1 5 1 3



Fitting R = 11

fitting 16 models


Minuit2Minimizer: Minimize with max-calls 100000 convergence for edm < 0.01 strategy 2
Minuit2Minimizer : Valid minimum - status = 0
FVAL  = 22004.9290127451422
Edm   = 1.89046888895806404e-07
Nfcn  = 213
0	  = 0.687323	 +/-  0.00403024
1	  = 1.42142	 +/-  0.00373539


Minuit2Minimizer: Minimize with max-calls 100000 convergence for edm < 0.01 strategy 2
Minuit2Minimizer : Valid minimum - status = 1
FVAL  = 22004.9290132778842
Edm   = 7.18692889887828737e-07
Nfcn  = 221
0	  = 0.486009	 +/-  0.0173463
1	  = 1.42142	 +/-  0.0268195
2	  = 0.486009	 +/-  0.0173463
3	  = 1.42142	 +/-  0.0268195


Minuit2Minimizer: Minimize with max-calls 100000 convergence for edm < 0.01 strategy 2
Minuit2Minimizer : Valid minimum - status = 0
FVAL  = 24004.4477652303176
Edm   = 4.03158715381313443e-07
Nfcn  = 192
0	  = 0.687308	 +/-  0.0040293
1	  = 1.42138	 +/-  0.00373423


Minuit2Minimizer: Minimize with max-calls 100000 convergence for edm < 0.01 strategy 2
Minuit2Minimizer : Valid minimum - status = 1
FVAL  = 24004.4477656097697
Edm   = 7.79813908892638241e-07
Nfcn  = 221
0	  = 0.485998	 +/-  0.017396
1	  = 1.42138	 +/-  0.0268031
2	  = 0.485999	 +/-  0.017396
3	  = 1.42138	 +/-  0.0268031


Minuit2Minimizer: Minimize with max-calls 100000 convergence for edm < 0.01 strategy 2
Minuit2Minimizer : Valid minimum - status = 1
FVAL  = 21997.8663999956771
Edm   = 1.08727099315106544e-06
Nfcn  = 728
0	  = 0.498508	 +/-  0.0134466
1	  = 1.35273	 +/-  0.00608908
2	  = 0.571692	 +/-  0.0629254


Minuit2Minimizer: Minimize with max-calls 100000 convergence for edm < 0.01 strategy 2
Minuit2Minimizer : Valid minimum - status = 1
FVAL  = 21997.8663972729919
Edm   = 2.28074788790374762e-07
Nfcn  = 642
0	  = 0.352434	 +/-  0.0156186
1	  = 1.35269	 +/-  0.0229118
2	  = 0.352438	 +/-  0.0156183
3	  = 1.35269	 +/-  0.0229109
4	  = 0.572091	 +/-  0.0594749


Minuit2Minimizer: Minimize with max-calls 100000 convergence for edm < 0.01 strategy 2
Minuit2Minimizer : Valid minimum - status = 1
FVAL  = 23997.3955324736999
Edm   = 1.06632758721454336e-06
Nfcn  = 726
0	  = 0.498604	 +/-  0.0134423
1	  = 1.35273	 +/-  0.00608538
2	  = 0.571191	 +/-  0.0628769


Minuit2Minimizer: Minimize with max-calls 100000 convergence for edm < 0.01 strategy 2
Minuit2Minimizer : Valid minimum - status = 1
FVAL  = 23997.3955425284621
Edm   = 9.22364449139382099e-06
Nfcn  = 612
0	  = 0.35246	 +/-  0.0156061
1	  = 1.3527	 +/-  0.0228484
2	  = 0.352513	 +/-  0.0156026
3	  = 1.35267	 +/-  0.0228367
4	  = 0.571725	 +/-  0.0594331


Minuit2Minimizer: Minimize with max-calls 100000 convergence for edm < 0.01 strategy 2
Minuit2Minimizer : Valid minimum - status = 0
FVAL  = 22004.9290212480264
Edm   = 2.78724041169694329e-06
Nfcn  = 468
0	  = 0.472407	 +/-  0.00554758
1	  = 2.02042	 +/-  0.010672
2	  = -3.14879e-08	 +/-  0.00037006


Minuit2Minimizer: Minimize with max-calls 100000 convergence for edm < 0.01 strategy 2
Minuit2Minimizer : Valid minimum - status = 5
FVAL  = 29813.8599530553802
Edm   = 0.00703873933889553882
Nfcn  = 218
0	  = 1.05873	 +/-  0.00317169
1	  = 1.03866	 +/-  0.00168083
2	  = 0.873526	 +/-  0.0054364
3	  = 0.979322	 +/-  0.00127179


Minuit2Minimizer: Minimize with max-calls 100000 convergence for edm < 0.01 strategy 2
Minuit2Minimizer : Valid minimum - status = 0
FVAL  = 24004.4477769240475
Edm   = 6.05458494626046755e-06
Nfcn  = 488
0	  = 0.472383	 +/-  0.00554563
1	  = 2.0203	 +/-  0.0106667
2	  = 4.29028e-08	 +/-  0.000365793


Minuit2Minimizer: Minimize with max-calls 100000 convergence for edm < 0.01 strategy 2
Minuit2Minimizer : Valid minimum - status = 5
FVAL  = 31820.9506683827094
Edm   = 0.00582711987590300851
Nfcn  = 220
0	  = 1.05865	 +/-  0.00277837
1	  = 1.03833	 +/-  0.00434682
2	  = 0.872582	 +/-  0.00524801
3	  = 0.980076	 +/-  0.00348039


Minuit2Minimizer: Minimize with max-calls 100000 convergence for edm < 0.01 strategy 2
Minuit2Minimizer : Valid minimum - status = 1
FVAL  = 21996.9729569377705
Edm   = 1.37070714122322298e-05
Nfcn  = 864
0	  = 0.0474545	 +/-  0.00222722
1	  = 1.31001	 +/-  0.033678
2	  = 0.0673265	 +/-  0.0111673
3	  = 4.23471	 +/-  0.225151


Minuit2Minimizer: Minimize with max-calls 100000 convergence for edm < 0.01 strategy 2
Minuit2Minimizer : Valid minimum - status = 1
FVAL  = 21996.3664614882728
Edm   = 0.000116048745022040138
Nfcn  = 7823
0	  = 0.0206108	 +/-  0.000912505
1	  = 1.33372	 +/-  0.023974
2	  = -3.30553e-07	 +/-  0.00387076
3	  = -0.0122608	 +/-  0.00294212
4	  = 10.6802	 +/-  0.49092


Minuit2Minimizer: Minimize with max-calls 100000 convergence for edm < 0.01 strategy 2
Minuit2Minimizer : Valid minimum - status = 1
FVAL  = 23996.5158140693311
Edm   = 1.48917227891855608e-05
Nfcn  = 875
0	  = 0.052358	 +/-  0.00246172
1	  = 1.32881	 +/-  0.0334651
2	  = 0.06551	 +/-  0.0111291
3	  = 3.82612	 +/-  0.20661


Minuit2Minimizer: Minimize with max-calls 100000 convergence for edm < 0.01 strategy 2
Minuit2Minimizer : Valid minimum - status = 5
FVAL  = 31823.1255330206623
Edm   = 0.00745140498474938795
Nfcn  = 642
0	  = 1.04824	 +/-  0.000600005
1	  = 1.07139	 +/-  0.000948801
2	  = 1.0192	 +/-  0.000205309
3	  = 1.0905	 +/-  0.00112945
4	  = 0.349622	 +/-  0.00730968
fit all models
Results: 2.02044 2.02043 2.02032 2.02032 1.82987 1.82977 1.82987 1.82976 2.02042 1.03866  2.0203 1.03833 1.31001 1.33372 1.32881 1.07139

Errors:   0.0351513    0.153971   0.0351416    0.154341    0.140575    0.167994    0.140503    0.167794    0.010672  0.00168083   0.0106667  0.00434682    0.033678    0.023974   0.0334651 0.000948801

Probabilities: 0.0377805         0         0         0  0.474898 0.0642706         0         0 0.0138986         0         0         0  0.273096  0.136056         0         0

Chisq/dof: 1.99113 2.65484 1.64478 2.05597 1.26663 1.77328 1.04395 1.34222 2.27557 1304.14 1.82753 979.119 1.32883 1.47329 1.06448  1119.3

Fit statuses: 0 1 0 1 1 1 1 1 0 5 0 5 1 1 1 5

Fits/L24_b225_xi2_g.vr
models for fitting the R-dependence: 
Fitting Polynomial of degree1 with shape 1 1 1 1 1 1 1 1 1 0 0 0

Fitting Polynomial of degree1 with shape 1 1 1 1 1 1 1 1 1 1 0 0

Fitting Polynomial of degree1 with shape 1 1 1 1 1 1 1 1 1 1 1 0

Fitting Polynomial of degree1 with shape 1 1 1 1 1 1 1 1 1 1 1 1

Fitting Polynomial of degree1 with shape 0 1 1 1 1 1 1 1 1 0 0 0

Fitting Polynomial of degree1 with shape 0 1 1 1 1 1 1 1 1 1 0 0

Fitting Polynomial of degree1 with shape 0 1 1 1 1 1 1 1 1 1 1 0

Fitting Polynomial of degree1 with shape 0 1 1 1 1 1 1 1 1 1 1 1

Fitting Polynomial of degree1 with shape 0 0 1 1 1 1 1 1 1 0 0 0

Fitting Polynomial of degree1 with shape 0 0 1 1 1 1 1 1 1 1 0 0

Fitting Polynomial of degree1 with shape 0 0 1 1 1 1 1 1 1 1 1 0

Fitting Polynomial of degree1 with shape 0 0 1 1 1 1 1 1 1 1 1 1

Fitting Cornell with shape 1 1 1 1 1 1 1 1 1 0 0 0

Fitting Cornell with shape 1 1 1 1 1 1 1 1 1 1 0 0

Fitting Cornell with shape 1 1 1 1 1 1 1 1 1 1 1 0

Fitting Cornell with shape 1 1 1 1 1 1 1 1 1 1 1 1

Fitting Cornell with shape 0 1 1 1 1 1 1 1 1 0 0 0

Fitting Cornell with shape 0 1 1 1 1 1 1 1 1 1 0 0

Fitting Cornell with shape 0 1 1 1 1 1 1 1 1 1 1 0

Fitting Cornell with shape 0 1 1 1 1 1 1 1 1 1 1 1

Fitting Cornell with shape 0 0 1 1 1 1 1 1 1 0 0 0

Fitting Cornell with shape 0 0 1 1 1 1 1 1 1 1 0 0

Fitting Cornell with shape 0 0 1 1 1 1 1 1 1 1 1 0

Fitting Cornell with shape 0 0 1 1 1 1 1 1 1 1 1 1

fitting 24 models


Minuit2Minimizer: Minimize with max-calls 100000 convergence for edm < 0.01 strategy 2
Minuit2Minimizer : Valid minimum - status = 0
FVAL  = 17.1149560758322288
Edm   = 1.82216364962001465e-17
Nfcn  = 38
0	  = 0.187767	 +/-  0.0243271
1	  = 0.163212	 +/-  0.0114368


Minuit2Minimizer: Minimize with max-calls 100000 convergence for edm < 0.01 strategy 2
Minuit2Minimizer : Valid minimum - status = 0
FVAL  = 17.9677139980600629
Edm   = 3.82271269514863419e-19
Nfcn  = 38
0	  = 0.192654	 +/-  0.0237444
1	  = 0.159852	 +/-  0.0108427


Minuit2Minimizer: Minimize with max-calls 100000 convergence for edm < 0.01 strategy 2
Minuit2Minimizer : Valid minimum - status = 0
FVAL  = 18.4172844325606384
Edm   = 2.46485201792856256e-18
Nfcn  = 38
0	  = 0.195069	 +/-  0.0234697
1	  = 0.15822	 +/-  0.010566


Minuit2Minimizer: Minimize with max-calls 100000 convergence for edm < 0.01 strategy 2
Minuit2Minimizer : Valid minimum - status = 0
FVAL  = 19.1415184615709357
Edm   = 4.01965763604894873e-18
Nfcn  = 38
0	  = 0.197767	 +/-  0.0232547
1	  = 0.156423	 +/-  0.0103528


Minuit2Minimizer: Minimize with max-calls 100000 convergence for edm < 0.01 strategy 2
Minuit2Minimizer : Valid minimum - status = 0
FVAL  = 5.93249561689367155
Edm   = 5.03770646440519418e-17
Nfcn  = 38
0	  = 0.365843	 +/-  0.0585458
1	  = 0.121804	 +/-  0.0168562


Minuit2Minimizer: Minimize with max-calls 100000 convergence for edm < 0.01 strategy 2
Minuit2Minimizer : Valid minimum - status = 0
FVAL  = 5.94998717073138028
Edm   = 6.70786283266950174e-17
Nfcn  = 38
0	  = 0.368139	 +/-  0.0559129
1	  = 0.12096	 +/-  0.0156021


Minuit2Minimizer: Minimize with max-calls 100000 convergence for edm < 0.01 strategy 2
Minuit2Minimizer : Valid minimum - status = 0
FVAL  = 5.96166605597742016
Edm   = 1.08238144902864209e-18
Nfcn  = 38
0	  = 0.369397	 +/-  0.0546874
1	  = 0.120507	 +/-  0.0150276


Minuit2Minimizer: Minimize with max-calls 100000 convergence for edm < 0.01 strategy 2
Minuit2Minimizer : Valid minimum - status = 0
FVAL  = 6.07498479948477677
Edm   = 1.360314034886408e-16
Nfcn  = 38
0	  = 0.372835	 +/-  0.0537252
1	  = 0.119288	 +/-  0.0145849


Minuit2Minimizer: Minimize with max-calls 100000 convergence for edm < 0.01 strategy 2
Minuit2Minimizer : Valid minimum - status = 0
FVAL  = 2.22047581902519964
Edm   = 4.52932183991254561e-18
Nfcn  = 38
0	  = 0.562847	 +/-  0.117826
1	  = 0.0854328	 +/-  0.0253081


Minuit2Minimizer: Minimize with max-calls 100000 convergence for edm < 0.01 strategy 2
Minuit2Minimizer : Valid minimum - status = 0
FVAL  = 2.37570109795654094
Edm   = 2.79558326128145303e-17
Nfcn  = 38
0	  = 0.545363	 +/-  0.109149
1	  = 0.0898652	 +/-  0.0226702


Minuit2Minimizer: Minimize with max-calls 100000 convergence for edm < 0.01 strategy 2
Minuit2Minimizer : Valid minimum - status = 0
FVAL  = 2.43778573603948123
Edm   = 6.58882871630045915e-16
Nfcn  = 38
0	  = 0.538124	 +/-  0.105212
1	  = 0.091662	 +/-  0.0214927


Minuit2Minimizer: Minimize with max-calls 100000 convergence for edm < 0.01 strategy 2
Minuit2Minimizer : Valid minimum - status = 0
FVAL  = 2.43798247258071665
Edm   = 3.22615507918911888e-16
Nfcn  = 38
0	  = 0.538478	 +/-  0.102129
1	  = 0.0915754	 +/-  0.0205883


Minuit2Minimizer: Minimize with max-calls 100000 convergence for edm < 0.01 strategy 2
Minuit2Minimizer : Valid minimum - status = 0
FVAL  = 17.114956505196794
Edm   = 4.29313536716562172e-07
Nfcn  = 177
0	  = 0.187783	 +/-  0.0243272
1	  = 3.25973e-06	 +/-  0.120142
2	  = 0.163206	 +/-  0.0114368


Minuit2Minimizer: Minimize with max-calls 100000 convergence for edm < 0.01 strategy 2
Minuit2Minimizer : Valid minimum - status = 0
FVAL  = 17.9677141188710188
Edm   = 1.2070388265234281e-07
Nfcn  = 167
0	  = 0.192654	 +/-  0.0237445
1	  = 2.86544e-05	 +/-  0.115574
2	  = 0.159854	 +/-  0.0108427


Minuit2Minimizer: Minimize with max-calls 100000 convergence for edm < 0.01 strategy 2
Minuit2Minimizer : Valid minimum - status = 0
FVAL  = 18.4172861614614476
Edm   = 1.72699676731271246e-06
Nfcn  = 164
0	  = 0.195081	 +/-  0.0234698
1	  = 0.000135134	 +/-  0.113336
2	  = 0.158214	 +/-  0.010566


Minuit2Minimizer: Minimize with max-calls 100000 convergence for edm < 0.01 strategy 2
Minuit2Minimizer : Valid minimum - status = 0
FVAL  = 19.1415193748783885
Edm   = 9.14221980553435524e-07
Nfcn  = 163
0	  = 0.197766	 +/-  0.0232547
1	  = 9.28656e-05	 +/-  0.110933
2	  = 0.15642	 +/-  0.0103529


Minuit2Minimizer: Minimize with max-calls 100000 convergence for edm < 0.01 strategy 2
Minuit2Minimizer : Valid minimum - status = 0
FVAL  = 5.93249978026223701
Edm   = 4.15588983993744565e-06
Nfcn  = 165
0	  = 0.36583	 +/-  0.0585463
1	  = 0.000273915	 +/-  0.386989
2	  = 0.121822	 +/-  0.0168562


Minuit2Minimizer: Minimize with max-calls 100000 convergence for edm < 0.01 strategy 2
Minuit2Minimizer : Valid minimum - status = 0
FVAL  = 5.94998731343951714
Edm   = 1.42941047352956691e-07
Nfcn  = 164
0	  = 0.368131	 +/-  0.0559132
1	  = 0.000131884	 +/-  0.381901
2	  = 0.120962	 +/-  0.0156021


Minuit2Minimizer: Minimize with max-calls 100000 convergence for edm < 0.01 strategy 2
Minuit2Minimizer : Valid minimum - status = 0
FVAL  = 5.96166610952012199
Edm   = 5.35839835246900161e-08
Nfcn  = 162
0	  = 0.36939	 +/-  0.0546876
1	  = 6.46674e-05	 +/-  0.378214
2	  = 0.120509	 +/-  0.0150276


Minuit2Minimizer: Minimize with max-calls 100000 convergence for edm < 0.01 strategy 2
Minuit2Minimizer : Valid minimum - status = 0
FVAL  = 6.07499200709735732
Edm   = 7.2105209590880704e-06
Nfcn  = 163
0	  = 0.372905	 +/-  0.0537252
1	  = -0.000101684	 +/-  0.366077
2	  = 0.119288	 +/-  0.0145849


Minuit2Minimizer: Minimize with max-calls 100000 convergence for edm < 0.01 strategy 2
Minuit2Minimizer : Valid minimum - status = 0
FVAL  = 2.22047704906495014
Edm   = 1.22122042573573042e-06
Nfcn  = 206
0	  = 0.562931	 +/-  0.117836
1	  = 0.000384618	 +/-  1.56076
2	  = 0.0854229	 +/-  0.0253086


Minuit2Minimizer: Minimize with max-calls 100000 convergence for edm < 0.01 strategy 2
Minuit2Minimizer : Valid minimum - status = 0
FVAL  = 2.37570610966065976
Edm   = 5.4911992244143217e-06
Nfcn  = 238
0	  = 0.545317	 +/-  0.111185
1	  = 0.00645164	 +/-  3.04273
2	  = 0.0898696	 +/-  0.0227643


Minuit2Minimizer: Minimize with max-calls 100000 convergence for edm < 0.01 strategy 2
Minuit2Minimizer : Valid minimum - status = 0
FVAL  = 2.4376203124402851
Edm   = 6.66872226267748052e-06
Nfcn  = 233
0	  = 0.527757	 +/-  0.814749
1	  = 0.153234	 +/-  5.96889
2	  = 0.0926466	 +/-  0.079686


Minuit2Minimizer: Minimize with max-calls 100000 convergence for edm < 0.01 strategy 2
Minuit2Minimizer : Valid minimum - status = 0
FVAL  = 2.43794831519472988
Edm   = 1.03359004925682161e-05
Nfcn  = 234
0	  = 0.532236	 +/-  0.531918
1	  = 0.119717	 +/-  5.00745
2	  = 0.0921707	 +/-  0.0526002
fit all models


Fitting the potential: 
Results:  0.163212  0.159852   0.15822  0.156423  0.121804   0.12096  0.120507  0.119288 0.0854328 0.0898652  0.091662 0.0915754  0.163206  0.159854  0.158214   0.15642  0.121822  0.120962  0.120509  0.119288 0.0854229 0.0898696 0.0926466 0.0921707

Errors: 0.0114368 0.0108427  0.010566 0.0103528 0.0168562 0.0156021 0.0150276 0.0145849 0.0253081 0.0226702 0.0214927 0.0205883 0.0114368 0.0108427  0.010566 0.0103529 0.0168562 0.0156021 0.0150276 0.0145849 0.0253086 0.0227643  0.079686 0.0526002

Probabilities:         0         0         0         0         0 0.0210453 0.0568739  0.146083 0.0183831 0.0462388  0.121848  0.331186         0         0         0         0         0         0 0.0209227 0.0537409         0 0.0170103 0.0448292  0.121838

Chisq/dof:  2.44499  2.24596  2.04636  1.91415 0.988749 0.849998 0.745208 0.674998 0.444095  0.39595 0.348255 0.304748  2.85249  2.56682  2.30216  2.12684   1.1865 0.991665 0.851667 0.759374 0.555119 0.475141  0.40627 0.348278

Fit statuses: 0 0 0 0 0 0 0 0 0 0 0 0 0 0 0 0 0 0 0 0 0 0 0 0

