R=0parameters: 
-0.609528 -0.609528 
0.146089 0.146089 
5.02502e-10 5.02502e-10 
1.63042e-322 1.63042e-322 
2.75425e-316 2.75425e-316 
2.122e-314 2.122e-314 
2.81579e-316 2.81579e-316 
7.16395e-322 7.16395e-322 
6.92285e-320 6.92285e-320 
3.3484e-06 3.3484e-06 3.3484e-06 
3.2538e-06 3.2538e-06 3.2538e-06 
3.11905e-06 3.11905e-06 3.11905e-06 
1.38384e+06 1.38384e+06 1.38384e+06 
-3.84191e+06 -3.84191e+06 -3.84191e+06 
1.40865e+06 1.40865e+06 1.40865e+06 
-8.90514e+06 -8.90514e+06 -8.90514e+06 
3.5726e-06 3.5726e-06 3.5726e-06 
3.59191e-06 3.59191e-06 3.59191e-06 
3.53094e-06 3.53094e-06 3.53094e-06 3.53094e-06 
3.45621e-06 3.45621e-06 3.45621e-06 3.45621e-06 
3.33097e-06 3.33097e-06 3.33097e-06 3.33097e-06 
-701948 -701948 -701948 -701948 
4.36485e+06 4.36485e+06 4.36485e+06 4.36485e+06 
-1.39655e+06 -1.39655e+06 -1.39655e+06 -1.39655e+06 
2.6349e+06 2.6349e+06 2.6349e+06 2.6349e+06 
2.94283e-316 2.94283e-316 2.94283e-316 2.94283e-316 
2.84018e-316 2.84018e-316 2.84018e-316 2.84018e-316 
2.81981e-316 2.81981e-316 2.81981e-316 
2.8158e-316 2.8158e-316 2.8158e-316 
2.82417e-316 2.82417e-316 2.82417e-316 
-3.39957e+06 -3.39957e+06 -3.39957e+06 
614098 614098 614098 
-423628 -423628 -423628 
813008 813008 813008 
3.53094e-06 3.53094e-06 3.53094e-06 
3.68755e-06 3.68755e-06 3.68755e-06 
3.74474e-06 3.74474e-06 3.74474e-06 3.74474e-06 
3.74898e-06 3.74898e-06 3.74898e-06 3.74898e-06 
3.65968e-06 3.65968e-06 3.65968e-06 3.65968e-06 
5.95025e+06 5.95025e+06 5.95025e+06 5.95025e+06 
2.81995e-316 2.81995e-316 2.81995e-316 2.81995e-316 
2.84018e-316 2.84018e-316 2.84018e-316 2.84018e-316 
0 0 0 0 
0 0 0 0 
0 0 0 0 
2.94322e-316 2.94322e-316 2.94322e-316 2.94322e-316 2.94322e-316 
3.5936e+246 3.5936e+246 3.5936e+246 3.5936e+246 3.5936e+246 
2.14726e+243 2.14726e+243 2.14726e+243 2.14726e+243 2.14726e+243 
-18338.4 -18338.4 -18338.4 -18338.4 -18338.4 
3.21143e-322 3.21143e-322 3.21143e-322 3.21143e-322 3.21143e-322 
2.95305e-316 2.95305e-316 2.95305e-316 2.95305e-316 2.95305e-316 
2.83424e-316 2.83424e-316 2.83424e-316 2.83424e-316 2.83424e-316 
1.42738e+228 1.42738e+228 1.42738e+228 1.42738e+228 1.42738e+228 
2.95538e-316 2.95538e-316 2.95538e-316 2.95538e-316 2.95538e-316 
R=1parameters: 
-0.462396 -0.462396 
0.249837 0.249837 
0.595658 0.595658 
0.791687 0.791687 
-10.1658 -10.1658 
2.83861e-316 2.83861e-316 
1.30697e+08 1.30697e+08 
4960.08 4960.08 
-5388.44 -5388.44 
1.90215e-321 1.90215e-321 1.90215e-321 
2.83578e-316 2.83578e-316 2.83578e-316 
2.75435e-316 2.75435e-316 2.75435e-316 
1.99877e-08 1.99877e-08 1.99877e-08 
5.56781e-09 5.56781e-09 5.56781e-09 
-1.90975e-09 -1.90975e-09 -1.90975e-09 
1.85715e-10 1.85715e-10 1.85715e-10 
-6.91147e-07 -6.91147e-07 -6.91147e-07 
2.32282e-07 2.32282e-07 2.32282e-07 
4.11466e-06 4.11466e-06 4.11466e-06 4.11466e-06 
3.8752e+06 3.8752e+06 3.8752e+06 3.8752e+06 
0 0 0 0 
6.37345e-322 6.37345e-322 6.37345e-322 6.37345e-322 
1 1 1 1 
-1.99281e-08 -1.99281e-08 -1.99281e-08 -1.99281e-08 
3.44622e-08 3.44622e-08 3.44622e-08 3.44622e-08 
5.16479e-07 5.16479e-07 5.16479e-07 5.16479e-07 
-1.83246e-06 -1.83246e-06 -1.83246e-06 -1.83246e-06 
6.72762e-06 6.72762e-06 6.72762e-06 
0 0 0 
0 0 0 
0 0 0 
1.67772e+07 1.67772e+07 1.67772e+07 
0 0 0 
0 0 0 
0 0 0 
0 0 0 
8.69556e-322 8.69556e-322 8.69556e-322 8.69556e-322 
2.37152e-322 2.37152e-322 2.37152e-322 2.37152e-322 
3.17274e-08 3.17274e-08 3.17274e-08 3.17274e-08 
1.32184e-08 1.32184e-08 1.32184e-08 1.32184e-08 
1.74133e-316 1.74133e-316 1.74133e-316 1.74133e-316 
9.69354e-09 9.69354e-09 9.69354e-09 9.69354e-09 
29785 29785 29785 29785 
-39564.9 -39564.9 -39564.9 -39564.9 
2.75522e-316 2.75522e-316 2.75522e-316 2.75522e-316 
2.42092e-322 2.42092e-322 2.42092e-322 2.42092e-322 2.42092e-322 
3.56588e-06 3.56588e-06 3.56588e-06 3.56588e-06 3.56588e-06 
1.63042e-322 1.63042e-322 1.63042e-322 1.63042e-322 1.63042e-322 
6.90594e-310 6.90594e-310 6.90594e-310 6.90594e-310 6.90594e-310 
1.05505e-232 1.05505e-232 1.05505e-232 1.05505e-232 1.05505e-232 
2.95514e-316 2.95514e-316 2.95514e-316 2.95514e-316 2.95514e-316 
2.42092e-322 2.42092e-322 2.42092e-322 2.42092e-322 2.42092e-322 
4.09618e+06 4.09618e+06 4.09618e+06 4.09618e+06 4.09618e+06 
1.48906e+07 1.48906e+07 1.48906e+07 1.48906e+07 1.48906e+07 
R=2parameters: 
-0.299307 -0.299307 
0.340731 0.340731 
0.000107992 0.000107992 
0.289519 0.289519 
-0.189714 -0.189714 
2.83861e-316 2.83861e-316 
1.30697e+08 1.30697e+08 
4960.08 4960.08 
-5388.44 -5388.44 
1.90215e-321 1.90215e-321 1.90215e-321 
2.75435e-316 2.75435e-316 2.75435e-316 
2.95548e-316 2.95548e-316 2.95548e-316 
1.07554 1.07554 1.07554 
3.29041e+06 3.29041e+06 3.29041e+06 
2.37152e-322 2.37152e-322 2.37152e-322 
2.37152e-322 2.37152e-322 2.37152e-322 
2.95473e-316 2.95473e-316 2.95473e-316 
0.000314758 0.000314758 0.000314758 
0.000105234 0.000105234 0.000105234 0.000105234 
0.00149605 0.00149605 0.00149605 0.00149605 
4.74303e-322 4.74303e-322 4.74303e-322 4.74303e-322 
6.32404e-322 6.32404e-322 6.32404e-322 6.32404e-322 
2.94261e-316 2.94261e-316 2.94261e-316 2.94261e-316 
-8.51113e-07 -8.51113e-07 -8.51113e-07 -8.51113e-07 
2.10959e-07 2.10959e-07 2.10959e-07 2.10959e-07 
5.62515e+07 5.62515e+07 5.62515e+07 5.62515e+07 
0.00222084 0.00222084 0.00222084 0.00222084 
4.94066e-324 4.94066e-324 4.94066e-324 
0 0 0 
2.42092e-322 2.42092e-322 2.42092e-322 
2.8158e-316 2.8158e-316 2.8158e-316 
2.77745e-316 2.77745e-316 2.77745e-316 
0.000321874 0.000321874 0.000321874 
0.00907081 0.00907081 0.00907081 
0.00904627 0.00904627 0.00904627 
3.21143e-322 3.21143e-322 3.21143e-322 
2.84104e-316 2.84104e-316 2.84104e-316 2.84104e-316 
2.83932e-316 2.83932e-316 2.83932e-316 2.83932e-316 
1.42738e+228 1.42738e+228 1.42738e+228 1.42738e+228 
2.83564e-316 2.83564e-316 2.83564e-316 2.83564e-316 
2.03673e+06 2.03673e+06 2.03673e+06 2.03673e+06 
2.83001e-316 2.83001e-316 2.83001e-316 2.83001e-316 
3.23796e-319 3.23796e-319 3.23796e-319 3.23796e-319 
2.42092e-322 2.42092e-322 2.42092e-322 2.42092e-322 
-8.84358 -8.84358 -8.84358 -8.84358 
0.926023 0.926023 0.926023 0.926023 0.926023 
0.89624 0.89624 0.89624 0.89624 0.89624 
-1.34368 -1.34368 -1.34368 -1.34368 -1.34368 
2.37152e-322 2.37152e-322 2.37152e-322 2.37152e-322 2.37152e-322 
3.16202e-322 3.16202e-322 3.16202e-322 3.16202e-322 3.16202e-322 
2.47033e-323 2.47033e-323 2.47033e-323 2.47033e-323 2.47033e-323 
2.78042e-316 2.78042e-316 2.78042e-316 2.78042e-316 2.78042e-316 
-3.61788 -3.61788 -3.61788 -3.61788 -3.61788 
4.13206e+08 4.13206e+08 4.13206e+08 4.13206e+08 4.13206e+08 
R=3parameters: 
-0.139401 -0.139401 
0.431039 0.431039 
0.000677622 0.000677622 
0.943936 0.943936 
-0.798179 -0.798179 
2.83861e-316 2.83861e-316 
1.30697e+08 1.30697e+08 
4960.08 4960.08 
-5388.44 -5388.44 
1.90215e-321 1.90215e-321 1.90215e-321 
6.90596e-310 6.90596e-310 6.90596e-310 
2.75435e-316 2.75435e-316 2.75435e-316 
159759 159759 159759 
2.75436e-316 2.75436e-316 2.75436e-316 
356690 356690 356690 
2.82346e-316 2.82346e-316 2.82346e-316 
2.48995e-316 2.48995e-316 2.48995e-316 
9.53547e-322 9.53547e-322 9.53547e-322 
2.8188e-316 2.8188e-316 2.8188e-316 2.8188e-316 
0.0111341 0.0111341 0.0111341 0.0111341 
0.00639369 0.00639369 0.00639369 0.00639369 
0.00385756 0.00385756 0.00385756 0.00385756 
0.00338583 0.00338583 0.00338583 0.00338583 
0 0 0 0 
530.369 530.369 530.369 530.369 
8.78418e+247 8.78418e+247 8.78418e+247 8.78418e+247 
0.000518636 0.000518636 0.000518636 0.000518636 
0.0202132 0.0202132 0.0202132 
0 0 0 
1.11165e-321 1.11165e-321 1.11165e-321 
1.79907e-316 1.79907e-316 1.79907e-316 
2.83002e-316 2.83002e-316 2.83002e-316 
-44.0552 -44.0552 -44.0552 
2.82489e-316 2.82489e-316 2.82489e-316 
-0.798179 -0.798179 -0.798179 
2.42092e-322 2.42092e-322 2.42092e-322 
2.83001e-316 2.83001e-316 2.83001e-316 2.83001e-316 
102723 102723 102723 102723 
-1.53559e+06 -1.53559e+06 -1.53559e+06 -1.53559e+06 
0 0 0 0 
0 0 0 0 
1.63042e-322 1.63042e-322 1.63042e-322 1.63042e-322 
2.81977e-316 2.81977e-316 2.81977e-316 2.81977e-316 
-2.96638 -2.96638 -2.96638 -2.96638 
2.37152e-322 2.37152e-322 2.37152e-322 2.37152e-322 
2.37152e-322 2.37152e-322 2.37152e-322 2.37152e-322 2.37152e-322 
1 1 1 1 1 
0.132283 0.132283 0.132283 0.132283 0.132283 
4.31249e-05 4.31249e-05 4.31249e-05 4.31249e-05 4.31249e-05 
2.37134e-05 2.37134e-05 2.37134e-05 2.37134e-05 2.37134e-05 
2.95663e-316 2.95663e-316 2.95663e-316 2.95663e-316 2.95663e-316 
1.71586e-316 1.71586e-316 1.71586e-316 1.71586e-316 1.71586e-316 
2.48995e-316 2.48995e-316 2.48995e-316 2.48995e-316 2.48995e-316 
1.63042e-322 1.63042e-322 1.63042e-322 1.63042e-322 1.63042e-322 
R=4parameters: 
0.0172555 0.0172555 
0.518957 0.518957 
-0.146375 -0.146375 
1.26607 1.26607 
-11.8488 -11.8488 
2.83861e-316 2.83861e-316 
1.30697e+08 1.30697e+08 
4960.08 4960.08 
-5388.44 -5388.44 
1.90215e-321 1.90215e-321 1.90215e-321 
6.90596e-310 6.90596e-310 6.90596e-310 
2.75435e-316 2.75435e-316 2.75435e-316 
1.58101e-322 1.58101e-322 1.58101e-322 
3.16202e-322 3.16202e-322 3.16202e-322 
2.82436e-316 2.82436e-316 2.82436e-316 
2.83817e-316 2.83817e-316 2.83817e-316 
2.47033e-323 2.47033e-323 2.47033e-323 
2.83817e-316 2.83817e-316 2.83817e-316 
369405 369405 369405 369405 
1.71285e-316 1.71285e-316 1.71285e-316 1.71285e-316 
0.658145 0.658145 0.658145 0.658145 
9.53547e-322 9.53547e-322 9.53547e-322 9.53547e-322 
2.75431e-316 2.75431e-316 2.75431e-316 2.75431e-316 
2.83898e-316 2.83898e-316 2.83898e-316 2.83898e-316 
6.90582e-310 6.90582e-310 6.90582e-310 6.90582e-310 
2.83078e-316 2.83078e-316 2.83078e-316 2.83078e-316 
2.47033e-323 2.47033e-323 2.47033e-323 2.47033e-323 
2.83669e-316 2.83669e-316 2.83669e-316 
203743 203743 203743 
4.94066e-324 4.94066e-324 4.94066e-324 
3.23796e-319 3.23796e-319 3.23796e-319 
1.0326e-321 1.0326e-321 1.0326e-321 
2.83077e-316 2.83077e-316 2.83077e-316 
2.82482e-316 2.82482e-316 2.82482e-316 
1.58101e-322 1.58101e-322 1.58101e-322 
2.37152e-322 2.37152e-322 2.37152e-322 
2.82348e-316 2.82348e-316 2.82348e-316 2.82348e-316 
0 0 0 0 
0 0 0 0 
0 0 0 0 
0.776624 0.776624 0.776624 0.776624 
-0.656313 -0.656313 -0.656313 -0.656313 
2.37152e-322 2.37152e-322 2.37152e-322 2.37152e-322 
2.37152e-322 2.37152e-322 2.37152e-322 2.37152e-322 
2.82488e-316 2.82488e-316 2.82488e-316 2.82488e-316 
2.42092e-322 2.42092e-322 2.42092e-322 2.42092e-322 2.42092e-322 
2.82435e-316 2.82435e-316 2.82435e-316 2.82435e-316 2.82435e-316 
1.75673 1.75673 1.75673 1.75673 1.75673 
315351 315351 315351 315351 315351 
2.83837e-316 2.83837e-316 2.83837e-316 2.83837e-316 2.83837e-316 
6.90594e-310 6.90594e-310 6.90594e-310 6.90594e-310 6.90594e-310 
2.122e-314 2.122e-314 2.122e-314 2.122e-314 2.122e-314 
2.83055e-316 2.83055e-316 2.83055e-316 2.83055e-316 2.83055e-316 
1.63042e-322 1.63042e-322 1.63042e-322 1.63042e-322 1.63042e-322 
R=5parameters: 
0.159941 0.159941 
0.615557 0.615557 
0.654545 0.654545 
1.30972 1.30972 
-12.6025 -12.6025 
2.83861e-316 2.83861e-316 
1.30697e+08 1.30697e+08 
4960.08 4960.08 
-5388.44 -5388.44 
1.90215e-321 1.90215e-321 1.90215e-321 
2.83578e-316 2.83578e-316 2.83578e-316 
2.75435e-316 2.75435e-316 2.75435e-316 
0.699664 0.699664 0.699664 
1.03136 1.03136 1.03136 
-11.5857 -11.5857 -11.5857 
1.63042e-322 1.63042e-322 1.63042e-322 
2.7636e-316 2.7636e-316 2.7636e-316 
2.75437e-316 2.75437e-316 2.75437e-316 
2.47033e-323 2.47033e-323 2.47033e-323 2.47033e-323 
2.82488e-316 2.82488e-316 2.82488e-316 2.82488e-316 
23930.2 23930.2 23930.2 23930.2 
2.82346e-316 2.82346e-316 2.82346e-316 2.82346e-316 
6.33097e-07 6.33097e-07 6.33097e-07 6.33097e-07 
6.37345e-322 6.37345e-322 6.37345e-322 6.37345e-322 
2.81574e-316 2.81574e-316 2.81574e-316 2.81574e-316 
2.95875e-316 2.95875e-316 2.95875e-316 2.95875e-316 
0 0 0 0 
0 0 0 
2.37152e-322 2.37152e-322 2.37152e-322 
2.37152e-322 2.37152e-322 2.37152e-322 
2.8198e-316 2.8198e-316 2.8198e-316 
30088.3 30088.3 30088.3 
156231 156231 156231 
199562 199562 199562 
0 0 0 
1.63042e-322 1.63042e-322 1.63042e-322 
2.95894e-316 2.95894e-316 2.95894e-316 2.95894e-316 
2.95891e-316 2.95891e-316 2.95891e-316 2.95891e-316 
1.061e-313 1.061e-313 1.061e-313 1.061e-313 
1.04426 1.04426 1.04426 1.04426 
0.991936 0.991936 0.991936 0.991936 
2.83089e-316 2.83089e-316 2.83089e-316 2.83089e-316 
35100.8 35100.8 35100.8 35100.8 
2.7637e-316 2.7637e-316 2.7637e-316 2.7637e-316 
3.16202e-322 3.16202e-322 3.16202e-322 3.16202e-322 
4.79244e-322 4.79244e-322 4.79244e-322 4.79244e-322 4.79244e-322 
2.76474e-316 2.76474e-316 2.76474e-316 2.76474e-316 2.76474e-316 
2.762e-316 2.762e-316 2.762e-316 2.762e-316 2.762e-316 
49588 49588 49588 49588 49588 
3.21143e-322 3.21143e-322 3.21143e-322 3.21143e-322 3.21143e-322 
6.90582e-310 6.90582e-310 6.90582e-310 6.90582e-310 6.90582e-310 
2.83596e-316 2.83596e-316 2.83596e-316 2.83596e-316 2.83596e-316 
2.16228e-05 2.16228e-05 2.16228e-05 2.16228e-05 2.16228e-05 
2.83925e-316 2.83925e-316 2.83925e-316 2.83925e-316 2.83925e-316 
R=6parameters: 
0.299685 0.299685 
0.706642 0.706642 
-0.00132518 -0.00132518 
-0.257698 -0.257698 
0.96917 0.96917 
2.83861e-316 2.83861e-316 
1.30697e+08 1.30697e+08 
4960.08 4960.08 
-5388.44 -5388.44 
5.58294e-322 5.58294e-322 5.58294e-322 
6.90596e-310 6.90596e-310 6.90596e-310 
1.05505e-232 1.05505e-232 1.05505e-232 
1 1 1 
1 1 1 
1 1 1 
1 1 1 
1 1 1 
1 1 1 
1 1 1 1 
1 1 1 1 
0.000438729 0.000438729 0.000438729 0.000438729 
0.000611513 0.000611513 0.000611513 0.000611513 
0 0 0 0 
5.58294e-322 5.58294e-322 5.58294e-322 5.58294e-322 
2.82435e-316 2.82435e-316 2.82435e-316 2.82435e-316 
1.05505e-232 1.05505e-232 1.05505e-232 1.05505e-232 
1 1 1 1 
2.83056e-316 2.83056e-316 2.83056e-316 
3.33806e-28 3.33806e-28 3.33806e-28 
0.00369236 0.00369236 0.00369236 
0.00083442 0.00083442 0.00083442 
-0.00127702 -0.00127702 -0.00127702 
-0.00126196 -0.00126196 -0.00126196 
0 0 0 
43300.3 43300.3 43300.3 
2.81802e-316 2.81802e-316 2.81802e-316 
3.23796e-319 3.23796e-319 3.23796e-319 3.23796e-319 
2.42092e-322 2.42092e-322 2.42092e-322 2.42092e-322 
0 0 0 0 
447469 447469 447469 447469 
1.71999e+06 1.71999e+06 1.71999e+06 1.71999e+06 
31725.8 31725.8 31725.8 31725.8 
2.47033e-323 2.47033e-323 2.47033e-323 2.47033e-323 
2.83011e-316 2.83011e-316 2.83011e-316 2.83011e-316 
25502.1 25502.1 25502.1 25502.1 
2.82346e-316 2.82346e-316 2.82346e-316 2.82346e-316 2.82346e-316 
42335.8 42335.8 42335.8 42335.8 42335.8 
4.00193e-322 4.00193e-322 4.00193e-322 4.00193e-322 4.00193e-322 
6547.74 6547.74 6547.74 6547.74 6547.74 
3.21143e-322 3.21143e-322 3.21143e-322 3.21143e-322 3.21143e-322 
6.90594e-310 6.90594e-310 6.90594e-310 6.90594e-310 6.90594e-310 
2.83905e-316 2.83905e-316 2.83905e-316 2.83905e-316 2.83905e-316 
2.83424e-316 2.83424e-316 2.83424e-316 2.83424e-316 2.83424e-316 
2.81879e-316 2.81879e-316 2.81879e-316 2.81879e-316 2.81879e-316 
R=7parameters: 
0.409763 0.409763 
0.811835 0.811835 
-0.00501863 -0.00501863 
-1.46272 -1.46272 
2.31967 2.31967 
2.83861e-316 2.83861e-316 
1.30697e+08 1.30697e+08 
4960.08 4960.08 
-5388.44 -5388.44 
1.90215e-321 1.90215e-321 1.90215e-321 
2.8249e-316 2.8249e-316 2.8249e-316 
2.83055e-316 2.83055e-316 2.83055e-316 
1.58101e-322 1.58101e-322 1.58101e-322 
6.32404e-322 6.32404e-322 6.32404e-322 
2.95583e-316 2.95583e-316 2.95583e-316 
-1.2771e-06 -1.2771e-06 -1.2771e-06 
8.82188e-06 8.82188e-06 8.82188e-06 
-8.12491e-07 -8.12491e-07 -8.12491e-07 
6.24417e-06 6.24417e-06 6.24417e-06 6.24417e-06 
5.09544e-06 5.09544e-06 5.09544e-06 5.09544e-06 
0.000256043 0.000256043 0.000256043 0.000256043 
2.122e-314 2.122e-314 2.122e-314 2.122e-314 
2.83001e-316 2.83001e-316 2.83001e-316 2.83001e-316 
5.58294e-322 5.58294e-322 5.58294e-322 5.58294e-322 
2.77809e-316 2.77809e-316 2.77809e-316 2.77809e-316 
1.05505e-232 1.05505e-232 1.05505e-232 1.05505e-232 
1 1 1 1 
7.31668e+223 7.31668e+223 7.31668e+223 
1 1 1 
0.00663342 0.00663342 0.00663342 
0.0035511 0.0035511 0.0035511 
0.00198936 0.00198936 0.00198936 
0.00116624 0.00116624 0.00116624 
0.000715458 0.000715458 0.000715458 
0.00045931 0.00045931 0.00045931 
0.000308569 0.000308569 0.000308569 
0 0 0 0 
7.95446e-322 7.95446e-322 7.95446e-322 7.95446e-322 
2.82491e-316 2.82491e-316 2.82491e-316 2.82491e-316 
223126 223126 223126 223126 
793294 793294 793294 793294 
0 0 0 0 
0 0 0 0 
2.82489e-316 2.82489e-316 2.82489e-316 2.82489e-316 
1.67772e+07 1.67772e+07 1.67772e+07 1.67772e+07 
4.79244e-322 4.79244e-322 4.79244e-322 4.79244e-322 4.79244e-322 
72.1363 72.1363 72.1363 72.1363 72.1363 
45.021 45.021 45.021 45.021 45.021 
-77.1791 -77.1791 -77.1791 -77.1791 -77.1791 
-35.06 -35.06 -35.06 -35.06 -35.06 
1.26481e-321 1.26481e-321 1.26481e-321 1.26481e-321 1.26481e-321 
2.42092e-322 2.42092e-322 2.42092e-322 2.42092e-322 2.42092e-322 
-0.0401034 -0.0401034 -0.0401034 -0.0401034 -0.0401034 
1.63042e-322 1.63042e-322 1.63042e-322 1.63042e-322 1.63042e-322 
R=8parameters: 
0.500168 0.500168 
0.913297 0.913297 
-0.00453377 -0.00453377 
-1.36806 -1.36806 
2.53406 2.53406 
2.83861e-316 2.83861e-316 
1.30697e+08 1.30697e+08 
4960.08 4960.08 
-5388.44 -5388.44 
1.90215e-321 1.90215e-321 1.90215e-321 
2.83578e-316 2.83578e-316 2.83578e-316 
2.78043e-316 2.78043e-316 2.78043e-316 
1.55247 1.55247 1.55247 
-1.36806 -1.36806 -1.36806 
0 0 0 
2.42092e-322 2.42092e-322 2.42092e-322 
26812.2 26812.2 26812.2 
0 0 0 
0 0 0 0 
3.9673 3.9673 3.9673 3.9673 
2.53406 2.53406 2.53406 2.53406 
2.42092e-322 2.42092e-322 2.42092e-322 2.42092e-322 
70051.3 70051.3 70051.3 70051.3 
0 0 0 0 
0.000495023 0.000495023 0.000495023 0.000495023 
0.00146934 0.00146934 0.00146934 0.00146934 
0 0 0 0 
5.58294e-322 5.58294e-322 5.58294e-322 
2.83817e-316 2.83817e-316 2.83817e-316 
2.76473e-316 2.76473e-316 2.76473e-316 
2.47033e-323 2.47033e-323 2.47033e-323 
2.82227e-316 2.82227e-316 2.82227e-316 
1436.1 1436.1 1436.1 
2.96386e-316 2.96386e-316 2.96386e-316 
2.48995e-316 2.48995e-316 2.48995e-316 
2.42092e-322 2.42092e-322 2.42092e-322 
2.82414e-316 2.82414e-316 2.82414e-316 2.82414e-316 
2.76202e-316 2.76202e-316 2.76202e-316 2.76202e-316 
0.8449 0.8449 0.8449 0.8449 
51688.7 51688.7 51688.7 51688.7 
318.095 318.095 318.095 318.095 
2.122e-314 2.122e-314 2.122e-314 2.122e-314 
2.8158e-316 2.8158e-316 2.8158e-316 2.8158e-316 
4.00193e-322 4.00193e-322 4.00193e-322 4.00193e-322 
2.82488e-316 2.82488e-316 2.82488e-316 2.82488e-316 
2.82489e-316 2.82489e-316 2.82489e-316 2.82489e-316 2.82489e-316 
1.73823 1.73823 1.73823 1.73823 1.73823 
-0.00287887 -0.00287887 -0.00287887 -0.00287887 -0.00287887 
2.82293e-316 2.82293e-316 2.82293e-316 2.82293e-316 2.82293e-316 
2.38688e-316 2.38688e-316 2.38688e-316 2.38688e-316 2.38688e-316 
16.6648 16.6648 16.6648 16.6648 16.6648 
2.75436e-316 2.75436e-316 2.75436e-316 2.75436e-316 2.75436e-316 
0 0 0 0 0 
2.122e-314 2.122e-314 2.122e-314 2.122e-314 2.122e-314 
R=9parameters: 
0.540932 0.540932 
1.02321 1.02321 
0.0104829 0.0104829 
34.3578 34.3578 
0.387958 0.387958 
2.83861e-316 2.83861e-316 
1.30697e+08 1.30697e+08 
4960.08 4960.08 
-5388.44 -5388.44 
1.90215e-321 1.90215e-321 1.90215e-321 
6.90596e-310 6.90596e-310 6.90596e-310 
2.9667e-316 2.9667e-316 2.9667e-316 
3.82615e-06 3.82615e-06 3.82615e-06 
0 0 0 
0.387958 0.387958 0.387958 
2.42092e-322 2.42092e-322 2.42092e-322 
2.82209e-316 2.82209e-316 2.82209e-316 
4.00687e-321 4.00687e-321 4.00687e-321 
2.82489e-316 2.82489e-316 2.82489e-316 2.82489e-316 
1.63042e-322 1.63042e-322 1.63042e-322 1.63042e-322 
10.5612 10.5612 10.5612 10.5612 
-2.72745 -2.72745 -2.72745 -2.72745 
6.90594e-310 6.90594e-310 6.90594e-310 6.90594e-310 
-2.70748 -2.70748 -2.70748 -2.70748 
1.10391e-06 1.10391e-06 1.10391e-06 1.10391e-06 
2.49821 2.49821 2.49821 2.49821 
1.061e-313 1.061e-313 1.061e-313 1.061e-313 
2.78043e-316 2.78043e-316 2.78043e-316 
1.19918e-06 1.19918e-06 1.19918e-06 
4.94066e-324 4.94066e-324 4.94066e-324 
8.89401 8.89401 8.89401 
1.63042e-322 1.63042e-322 1.63042e-322 
2.82489e-316 2.82489e-316 2.82489e-316 
2.8158e-316 2.8158e-316 2.8158e-316 
3.95253e-322 3.95253e-322 3.95253e-322 
3.95253e-322 3.95253e-322 3.95253e-322 
2.82683e-316 2.82683e-316 2.82683e-316 2.82683e-316 
2.78044e-316 2.78044e-316 2.78044e-316 2.78044e-316 
2.82488e-316 2.82488e-316 2.82488e-316 2.82488e-316 
1.63042e-322 1.63042e-322 1.63042e-322 1.63042e-322 
2.82481e-316 2.82481e-316 2.82481e-316 2.82481e-316 
2.75437e-316 2.75437e-316 2.75437e-316 2.75437e-316 
3.16202e-322 3.16202e-322 3.16202e-322 3.16202e-322 
2.42092e-322 2.42092e-322 2.42092e-322 2.42092e-322 
6.90594e-310 6.90594e-310 6.90594e-310 6.90594e-310 
2.122e-314 2.122e-314 2.122e-314 2.122e-314 2.122e-314 
2.84017e-316 2.84017e-316 2.84017e-316 2.84017e-316 2.84017e-316 
4.00193e-322 4.00193e-322 4.00193e-322 4.00193e-322 4.00193e-322 
2.8202e-316 2.8202e-316 2.8202e-316 2.8202e-316 2.8202e-316 
2.75261e-316 2.75261e-316 2.75261e-316 2.75261e-316 2.75261e-316 
7.77628 7.77628 7.77628 7.77628 7.77628 
2.42092e-322 2.42092e-322 2.42092e-322 2.42092e-322 2.42092e-322 
9452.63 9452.63 9452.63 9452.63 9452.63 
96740.4 96740.4 96740.4 96740.4 96740.4 
R=10parameters: 
0.5548 0.5548 
1.10575 1.10575 
0.549308 0.549308 
3.75466 3.75466 
-19.6274 -19.6274 
2.83861e-316 2.83861e-316 
1.30697e+08 1.30697e+08 
4960.08 4960.08 
-5388.44 -5388.44 
1.90215e-321 1.90215e-321 1.90215e-321 
2.75435e-316 2.75435e-316 2.75435e-316 
2.78043e-316 2.78043e-316 2.78043e-316 
2.75437e-316 2.75437e-316 2.75437e-316 
2.42092e-322 2.42092e-322 2.42092e-322 
26847.6 26847.6 26847.6 
0 0 0 
152.583 152.583 152.583 
0 0 0 
0 0 0 0 
3.21143e-322 3.21143e-322 3.21143e-322 3.21143e-322 
0 0 0 0 
0 0 0 0 
0 0 0 0 
0 0 0 0 
6.32404e-322 6.32404e-322 6.32404e-322 6.32404e-322 
2.37152e-322 2.37152e-322 2.37152e-322 2.37152e-322 
2.82435e-316 2.82435e-316 2.82435e-316 2.82435e-316 
2.78043e-316 2.78043e-316 2.78043e-316 
1.55385e-07 1.55385e-07 1.55385e-07 
-2.59821 -2.59821 -2.59821 
8.69556e-322 8.69556e-322 8.69556e-322 
2.37152e-322 2.37152e-322 2.37152e-322 
2.82436e-316 2.82436e-316 2.82436e-316 
23.4863 23.4863 23.4863 
-7.01961 -7.01961 -7.01961 
-7.53785 -7.53785 -7.53785 
1.10671e-321 1.10671e-321 1.10671e-321 1.10671e-321 
3.16202e-322 3.16202e-322 3.16202e-322 3.16202e-322 
2.82682e-316 2.82682e-316 2.82682e-316 2.82682e-316 
2.82488e-316 2.82488e-316 2.82488e-316 2.82488e-316 
2.47033e-323 2.47033e-323 2.47033e-323 2.47033e-323 
2.82489e-316 2.82489e-316 2.82489e-316 2.82489e-316 
6.90582e-310 6.90582e-310 6.90582e-310 6.90582e-310 
-433.028 -433.028 -433.028 -433.028 
0 0 0 0 
3.21143e-322 3.21143e-322 3.21143e-322 3.21143e-322 3.21143e-322 
0 0 0 0 0 
2.78044e-316 2.78044e-316 2.78044e-316 2.78044e-316 2.78044e-316 
0.0006148 0.0006148 0.0006148 0.0006148 0.0006148 
4.06616e-321 4.06616e-321 4.06616e-321 4.06616e-321 4.06616e-321 
0.23033 0.23033 0.23033 0.23033 0.23033 
2.78043e-316 2.78043e-316 2.78043e-316 2.78043e-316 2.78043e-316 
-0.0537725 -0.0537725 -0.0537725 -0.0537725 -0.0537725 
0.801203 0.801203 0.801203 0.801203 0.801203 
R=11parameters: 
0.553579 0.553579 
1.14106 1.14106 
-0.259606 -0.259606 
2.87515 2.87515 
-16.5706 -16.5706 
2.83861e-316 2.83861e-316 
1.30697e+08 1.30697e+08 
4960.08 4960.08 
-5388.44 -5388.44 
1.90215e-321 1.90215e-321 1.90215e-321 
2.83578e-316 2.83578e-316 2.83578e-316 
6.90596e-310 6.90596e-310 6.90596e-310 
2.96071e-316 2.96071e-316 2.96071e-316 
2.76036e-316 2.76036e-316 2.76036e-316 
2.75522e-316 2.75522e-316 2.75522e-316 
-0.00200385 -0.00200385 -0.00200385 
-0.00153139 -0.00153139 -0.00153139 
-0.00103873 -0.00103873 -0.00103873 
2.78043e-316 2.78043e-316 2.78043e-316 2.78043e-316 
3.21143e-322 3.21143e-322 3.21143e-322 3.21143e-322 
2.47033e-323 2.47033e-323 2.47033e-323 2.47033e-323 
2.96136e-316 2.96136e-316 2.96136e-316 2.96136e-316 
-0.000240065 -0.000240065 -0.000240065 -0.000240065 
2.96145e-316 2.96145e-316 2.96145e-316 2.96145e-316 
1150.91 1150.91 1150.91 1150.91 
2.9613e-316 2.9613e-316 2.9613e-316 2.9613e-316 
2.48995e-316 2.48995e-316 2.48995e-316 2.48995e-316 
1.1907e-321 1.1907e-321 1.1907e-321 
6.90596e-310 6.90596e-310 6.90596e-310 
6.90596e-310 6.90596e-310 6.90596e-310 
11361.9 11361.9 11361.9 
12412.3 12412.3 12412.3 
0 0 0 
4.79244e-322 4.79244e-322 4.79244e-322 
2.96083e-316 2.96083e-316 2.96083e-316 
6.90596e-310 6.90596e-310 6.90596e-310 
-13.1407 -13.1407 -13.1407 -13.1407 
-8.1586 -8.1586 -8.1586 -8.1586 
0 0 0 0 
4.00193e-322 4.00193e-322 4.00193e-322 4.00193e-322 
1.67772e+07 1.67772e+07 1.67772e+07 1.67772e+07 
1.63042e-322 1.63042e-322 1.63042e-322 1.63042e-322 
2.47033e-323 2.47033e-323 2.47033e-323 2.47033e-323 
2.82346e-316 2.82346e-316 2.82346e-316 2.82346e-316 
3.23796e-319 3.23796e-319 3.23796e-319 3.23796e-319 
2.42092e-322 2.42092e-322 2.42092e-322 2.42092e-322 2.42092e-322 
6.90582e-310 6.90582e-310 6.90582e-310 6.90582e-310 6.90582e-310 
2.82489e-316 2.82489e-316 2.82489e-316 2.82489e-316 2.82489e-316 
1.061e-313 1.061e-313 1.061e-313 1.061e-313 1.061e-313 
0.000190919 0.000190919 0.000190919 0.000190919 0.000190919 
5.44237e-05 5.44237e-05 5.44237e-05 5.44237e-05 5.44237e-05 
2.42092e-322 2.42092e-322 2.42092e-322 2.42092e-322 2.42092e-322 
2.75424e-316 2.75424e-316 2.75424e-316 2.75424e-316 2.75424e-316 
1.25001 1.25001 1.25001 1.25001 1.25001 
T Models:
(* Fitting with shape 1 1 1 1 1 1 1 1 1 1 0 0 *)
G[T_,xx_]:=Exp[0+xx[[1]]*T^1+xx[[2]]*T^2]*(1)
(* Fitting with shape 1 1 1 1 1 1 1 1 1 1 1 0 *)
G[T_,xx_]:=Exp[0+xx[[1]]*T^1+xx[[2]]*T^2]*(1)
(* Fitting with shape 1 1 1 1 1 1 1 1 1 1 1 1 *)
G[T_,xx_]:=Exp[0+xx[[1]]*T^1+xx[[2]]*T^2]*(1)
(* Fitting with shape 0 1 1 1 1 1 1 1 1 1 0 0 *)
G[T_,xx_]:=Exp[0+xx[[1]]*T^1+xx[[2]]*T^2]*(1)
(* Fitting with shape 0 1 1 1 1 1 1 1 1 1 1 0 *)
G[T_,xx_]:=Exp[0+xx[[1]]*T^1+xx[[2]]*T^2]*(1)
(* Fitting with shape 0 1 1 1 1 1 1 1 1 1 1 1 *)
G[T_,xx_]:=Exp[0+xx[[1]]*T^1+xx[[2]]*T^2]*(1)
(* Fitting with shape 0 0 1 1 1 1 1 1 1 1 0 0 *)
G[T_,xx_]:=Exp[0+xx[[1]]*T^1+xx[[2]]*T^2]*(1)
(* Fitting with shape 0 0 1 1 1 1 1 1 1 1 1 0 *)
G[T_,xx_]:=Exp[0+xx[[1]]*T^1+xx[[2]]*T^2]*(1)
(* Fitting with shape 0 0 1 1 1 1 1 1 1 1 1 1 *)
G[T_,xx_]:=Exp[0+xx[[1]]*T^1+xx[[2]]*T^2]*(1)
(* Fitting with shape 1 1 1 1 1 1 1 1 1 1 0 0 *)
G[T_,xx_]:=Exp[0+xx[[1]]*T^1+xx[[2]]*T^2]*(1+xx[[3]]/(T^1))
(* Fitting with shape 1 1 1 1 1 1 1 1 1 1 1 0 *)
G[T_,xx_]:=Exp[0+xx[[1]]*T^1+xx[[2]]*T^2]*(1+xx[[3]]/(T^1))
(* Fitting with shape 1 1 1 1 1 1 1 1 1 1 1 1 *)
G[T_,xx_]:=Exp[0+xx[[1]]*T^1+xx[[2]]*T^2]*(1+xx[[3]]/(T^1))
(* Fitting with shape 0 1 1 1 1 1 1 1 1 1 0 0 *)
G[T_,xx_]:=Exp[0+xx[[1]]*T^1+xx[[2]]*T^2]*(1+xx[[3]]/(T^1))
(* Fitting with shape 0 1 1 1 1 1 1 1 1 1 1 0 *)
G[T_,xx_]:=Exp[0+xx[[1]]*T^1+xx[[2]]*T^2]*(1+xx[[3]]/(T^1))
(* Fitting with shape 0 1 1 1 1 1 1 1 1 1 1 1 *)
G[T_,xx_]:=Exp[0+xx[[1]]*T^1+xx[[2]]*T^2]*(1+xx[[3]]/(T^1))
(* Fitting with shape 0 0 1 1 1 1 1 1 1 1 0 0 *)
G[T_,xx_]:=Exp[0+xx[[1]]*T^1+xx[[2]]*T^2]*(1+xx[[3]]/(T^1))
(* Fitting with shape 0 0 1 1 1 1 1 1 1 1 1 0 *)
G[T_,xx_]:=Exp[0+xx[[1]]*T^1+xx[[2]]*T^2]*(1+xx[[3]]/(T^1))
(* Fitting with shape 0 0 1 1 1 1 1 1 1 1 1 1 *)
G[T_,xx_]:=Exp[0+xx[[1]]*T^1+xx[[2]]*T^2]*(1+xx[[3]]/(T^1))
(* Fitting with shape 1 1 1 1 1 1 1 1 1 1 0 0 *)
G[T_,xx_]:=Exp[0+xx[[1]]*T^1+xx[[2]]*T^2]*(1+xx[[3]]/(T^1)+xx[[4]]/(T^2))
(* Fitting with shape 1 1 1 1 1 1 1 1 1 1 1 0 *)
G[T_,xx_]:=Exp[0+xx[[1]]*T^1+xx[[2]]*T^2]*(1+xx[[3]]/(T^1)+xx[[4]]/(T^2))
(* Fitting with shape 1 1 1 1 1 1 1 1 1 1 1 1 *)
G[T_,xx_]:=Exp[0+xx[[1]]*T^1+xx[[2]]*T^2]*(1+xx[[3]]/(T^1)+xx[[4]]/(T^2))
(* Fitting with shape 0 1 1 1 1 1 1 1 1 1 0 0 *)
G[T_,xx_]:=Exp[0+xx[[1]]*T^1+xx[[2]]*T^2]*(1+xx[[3]]/(T^1)+xx[[4]]/(T^2))
(* Fitting with shape 0 1 1 1 1 1 1 1 1 1 1 0 *)
G[T_,xx_]:=Exp[0+xx[[1]]*T^1+xx[[2]]*T^2]*(1+xx[[3]]/(T^1)+xx[[4]]/(T^2))
(* Fitting with shape 0 1 1 1 1 1 1 1 1 1 1 1 *)
G[T_,xx_]:=Exp[0+xx[[1]]*T^1+xx[[2]]*T^2]*(1+xx[[3]]/(T^1)+xx[[4]]/(T^2))
(* Fitting with shape 0 0 1 1 1 1 1 1 1 1 0 0 *)
G[T_,xx_]:=Exp[0+xx[[1]]*T^1+xx[[2]]*T^2]*(1+xx[[3]]/(T^1)+xx[[4]]/(T^2))
(* Fitting with shape 0 0 1 1 1 1 1 1 1 1 1 0 *)
G[T_,xx_]:=Exp[0+xx[[1]]*T^1+xx[[2]]*T^2]*(1+xx[[3]]/(T^1)+xx[[4]]/(T^2))
(* Fitting with shape 0 0 1 1 1 1 1 1 1 1 1 1 *)
G[T_,xx_]:=Exp[0+xx[[1]]*T^1+xx[[2]]*T^2]*(1+xx[[3]]/(T^1)+xx[[4]]/(T^2))
(* Fitting with shape 1 1 1 1 1 1 1 1 1 1 0 0 *)
G[T_,xx_]:=Exp[0+xx[[1]]*T^1+xx[[2]]*T^2+xx[[3]]*T^3]*(1)
(* Fitting with shape 1 1 1 1 1 1 1 1 1 1 1 0 *)
G[T_,xx_]:=Exp[0+xx[[1]]*T^1+xx[[2]]*T^2+xx[[3]]*T^3]*(1)
(* Fitting with shape 1 1 1 1 1 1 1 1 1 1 1 1 *)
G[T_,xx_]:=Exp[0+xx[[1]]*T^1+xx[[2]]*T^2+xx[[3]]*T^3]*(1)
(* Fitting with shape 0 1 1 1 1 1 1 1 1 1 0 0 *)
G[T_,xx_]:=Exp[0+xx[[1]]*T^1+xx[[2]]*T^2+xx[[3]]*T^3]*(1)
(* Fitting with shape 0 1 1 1 1 1 1 1 1 1 1 0 *)
G[T_,xx_]:=Exp[0+xx[[1]]*T^1+xx[[2]]*T^2+xx[[3]]*T^3]*(1)
(* Fitting with shape 0 1 1 1 1 1 1 1 1 1 1 1 *)
G[T_,xx_]:=Exp[0+xx[[1]]*T^1+xx[[2]]*T^2+xx[[3]]*T^3]*(1)
(* Fitting with shape 0 0 1 1 1 1 1 1 1 1 0 0 *)
G[T_,xx_]:=Exp[0+xx[[1]]*T^1+xx[[2]]*T^2+xx[[3]]*T^3]*(1)
(* Fitting with shape 0 0 1 1 1 1 1 1 1 1 1 0 *)
G[T_,xx_]:=Exp[0+xx[[1]]*T^1+xx[[2]]*T^2+xx[[3]]*T^3]*(1)
(* Fitting with shape 0 0 1 1 1 1 1 1 1 1 1 1 *)
G[T_,xx_]:=Exp[0+xx[[1]]*T^1+xx[[2]]*T^2+xx[[3]]*T^3]*(1)
(* Fitting with shape 1 1 1 1 1 1 1 1 1 1 0 0 *)
G[T_,xx_]:=Exp[0+xx[[1]]*T^1+xx[[2]]*T^2+xx[[3]]*T^3]*(1+xx[[4]]/(T^1))
(* Fitting with shape 1 1 1 1 1 1 1 1 1 1 1 0 *)
G[T_,xx_]:=Exp[0+xx[[1]]*T^1+xx[[2]]*T^2+xx[[3]]*T^3]*(1+xx[[4]]/(T^1))
(* Fitting with shape 1 1 1 1 1 1 1 1 1 1 1 1 *)
G[T_,xx_]:=Exp[0+xx[[1]]*T^1+xx[[2]]*T^2+xx[[3]]*T^3]*(1+xx[[4]]/(T^1))
(* Fitting with shape 0 1 1 1 1 1 1 1 1 1 0 0 *)
G[T_,xx_]:=Exp[0+xx[[1]]*T^1+xx[[2]]*T^2+xx[[3]]*T^3]*(1+xx[[4]]/(T^1))
(* Fitting with shape 0 1 1 1 1 1 1 1 1 1 1 0 *)
G[T_,xx_]:=Exp[0+xx[[1]]*T^1+xx[[2]]*T^2+xx[[3]]*T^3]*(1+xx[[4]]/(T^1))
(* Fitting with shape 0 1 1 1 1 1 1 1 1 1 1 1 *)
G[T_,xx_]:=Exp[0+xx[[1]]*T^1+xx[[2]]*T^2+xx[[3]]*T^3]*(1+xx[[4]]/(T^1))
(* Fitting with shape 0 0 1 1 1 1 1 1 1 1 0 0 *)
G[T_,xx_]:=Exp[0+xx[[1]]*T^1+xx[[2]]*T^2+xx[[3]]*T^3]*(1+xx[[4]]/(T^1))
(* Fitting with shape 0 0 1 1 1 1 1 1 1 1 1 0 *)
G[T_,xx_]:=Exp[0+xx[[1]]*T^1+xx[[2]]*T^2+xx[[3]]*T^3]*(1+xx[[4]]/(T^1))
(* Fitting with shape 0 0 1 1 1 1 1 1 1 1 1 1 *)
G[T_,xx_]:=Exp[0+xx[[1]]*T^1+xx[[2]]*T^2+xx[[3]]*T^3]*(1+xx[[4]]/(T^1))
(* Fitting with shape 1 1 1 1 1 1 1 1 1 1 0 0 *)
G[T_,xx_]:=Exp[0+xx[[1]]*T^1+xx[[2]]*T^2+xx[[3]]*T^3]*(1+xx[[4]]/(T^1)+xx[[5]]/(T^2))
(* Fitting with shape 1 1 1 1 1 1 1 1 1 1 1 0 *)
G[T_,xx_]:=Exp[0+xx[[1]]*T^1+xx[[2]]*T^2+xx[[3]]*T^3]*(1+xx[[4]]/(T^1)+xx[[5]]/(T^2))
(* Fitting with shape 1 1 1 1 1 1 1 1 1 1 1 1 *)
G[T_,xx_]:=Exp[0+xx[[1]]*T^1+xx[[2]]*T^2+xx[[3]]*T^3]*(1+xx[[4]]/(T^1)+xx[[5]]/(T^2))
(* Fitting with shape 0 1 1 1 1 1 1 1 1 1 0 0 *)
G[T_,xx_]:=Exp[0+xx[[1]]*T^1+xx[[2]]*T^2+xx[[3]]*T^3]*(1+xx[[4]]/(T^1)+xx[[5]]/(T^2))
(* Fitting with shape 0 1 1 1 1 1 1 1 1 1 1 0 *)
G[T_,xx_]:=Exp[0+xx[[1]]*T^1+xx[[2]]*T^2+xx[[3]]*T^3]*(1+xx[[4]]/(T^1)+xx[[5]]/(T^2))
(* Fitting with shape 0 1 1 1 1 1 1 1 1 1 1 1 *)
G[T_,xx_]:=Exp[0+xx[[1]]*T^1+xx[[2]]*T^2+xx[[3]]*T^3]*(1+xx[[4]]/(T^1)+xx[[5]]/(T^2))
(* Fitting with shape 0 0 1 1 1 1 1 1 1 1 0 0 *)
G[T_,xx_]:=Exp[0+xx[[1]]*T^1+xx[[2]]*T^2+xx[[3]]*T^3]*(1+xx[[4]]/(T^1)+xx[[5]]/(T^2))
(* Fitting with shape 0 0 1 1 1 1 1 1 1 1 1 0 *)
G[T_,xx_]:=Exp[0+xx[[1]]*T^1+xx[[2]]*T^2+xx[[3]]*T^3]*(1+xx[[4]]/(T^1)+xx[[5]]/(T^2))
(* Fitting with shape 0 0 1 1 1 1 1 1 1 1 1 1 *)
G[T_,xx_]:=Exp[0+xx[[1]]*T^1+xx[[2]]*T^2+xx[[3]]*T^3]*(1+xx[[4]]/(T^1)+xx[[5]]/(T^2))
Probabilities: 
        0         0         0         0         0         0         0         0         0         0         0         0         0         0         0         0         0         0         0         0         0         0         0         0 0.0199049         0         0         0         0         0         0         0         0         0         0         0         0         0         0         0         0         0         0         0         0         0         0         0         0         0         0  0.980095         0         0
        0         0         0         0         0         0         0         0         0         0         0         0         0         0         0         0         0         0         0         0         0         0         0         0  0.386235         0         0         0         0         0         0         0         0         0         0         0         0         0         0         0         0         0 0.0203871         0         0         0         0         0         0         0         0  0.593378         0         0
        0         0         0         0         0         0         0         0         0         0         0         0         0         0         0         0         0         0         0         0         0         0         0         0         0         0         0         0         0         0         0         0         0         0         0         0         0         0         0         0         0         0         0         0         0         0         0         0         0         0         0         1         0         0
        0         0         0         0         0         0         0         0         0         0         0         0         0         0         0  0.118665         0         0         0         0         0         0         0         0  0.634781         0         0         0         0         0         0         0         0         0         0         0         0         0         0         0         0         0         0         0         0         0         0         0         0         0         0  0.246555         0         0
        0         0         0         0         0         0         0         0         0         0         0         0         0         0         0  0.494188         0         0         0         0         0         0         0         0  0.505812         0         0         0         0         0         0         0         0         0         0         0         0         0         0         0         0         0         0         0         0         0         0         0         0         0         0         0         0         0
        0         0         0         0         0         0         0         0         0         0         0         0         0         0         0   0.51107         0         0         0         0         0         0         0         0  0.189512         0         0         0         0         0         0         0         0         0         0         0         0         0         0         0         0         0  0.190786         0         0         0         0         0         0         0         0  0.108632         0         0
        0         0         0         0         0         0         0         0         0         0         0         0         0         0         0  0.551492         0         0         0         0         0         0         0         0  0.216162         0         0         0         0         0         0         0         0         0         0         0         0         0         0         0         0         0   0.21367         0         0         0         0         0         0         0         0 0.0186757         0         0
        0         0         0         0         0         0         0         0         0         0         0         0         0         0         0  0.468435         0         0         0         0         0         0         0         0   0.19607         0         0         0         0         0         0         0         0         0         0         0         0         0         0         0         0         0  0.244131         0         0         0         0         0         0         0         0 0.0913636         0         0
        0         0         0         0         0         0         0         0         0         0         0         0         0         0         0  0.533649         0         0         0         0         0         0         0         0  0.202954         0         0         0         0         0         0         0         0         0         0         0         0         0         0         0         0         0  0.263397         0         0         0         0         0         0         0         0         0         0         0
        0         0         0         0         0         0         0         0         0         0         0         0         0         0         0  0.503591         0         0         0         0         0         0         0         0  0.185308         0         0         0         0         0         0         0         0         0         0         0         0         0         0         0         0         0  0.221263         0         0         0         0         0         0         0         0 0.0898375         0         0
        0         0         0         0         0         0   0.36372         0         0         0         0         0         0         0         0  0.333252         0         0         0         0         0         0         0         0   0.10558         0         0         0         0         0         0         0         0         0         0         0         0         0         0         0         0         0  0.141988         0         0         0         0         0         0         0         0 0.0554598         0         0
        0         0         0         0         0         0         0         0         0         0         0         0         0         0         0  0.512108         0         0         0         0         0         0         0         0  0.190764         0         0         0         0         0         0         0         0         0         0         0         0         0         0         0         0         0  0.213266         0         0         0         0         0         0         0         0 0.0838625         0         0

Values: 
 0.146192  0.146089  0.146111  0.144889  0.144924  0.144944  0.143389  0.143398  0.143461  0.141971  0.142013  0.142029  0.140595  0.140597   0.14061  0.244954  0.140176  0.140173  0.140022  0.140022  0.140023  0.139885  0.139886  0.139882  0.139987  0.139983  0.139966   1.06883   1.07279   1.07851   1.07013   1.07027   1.07305    1.0573   1.05816  -297.768  0.963602  0.966543  0.143492  0.841993  0.141316  0.141288  0.140335   0.14035  0.140394  0.140072  0.951707  0.885017  0.139179  0.139353  0.935981  0.138687  0.139144  0.787916
 0.249947  0.249837  0.249842  0.246106   0.24619  0.265514  0.243006  0.243163  0.266012  0.239698  0.239771  0.239758  0.236807  0.258893  0.266947  0.235649  0.235647   0.23567  0.235469  0.235468   0.23547  0.234741  0.345222  0.245377  0.234759  0.234867  0.234859  0.265825  0.263187   1.34153    1.0908   1.09111    1.0917   1.07375   1.00762    0.9967  0.940691   0.93885   0.24467  0.240305  0.923252  0.239473  0.237319  0.236868   0.23687  0.903282    0.2367  0.892906   0.87694   0.23353  0.905858  0.231045 -0.932234  0.232249
 0.340704  0.340731  0.340868  0.606005   0.63301  0.636959  0.325841  0.325848  0.326027  0.320162  0.320146  0.320265   0.31523  0.315203   0.31524  0.312979  0.313028  0.313037  0.312894  0.312912  0.312939  0.341801  0.347346  0.912028  0.716667  0.311252  0.311382   1.08443    1.0846    1.2904   1.19906   1.19857   1.10624   1.00852   1.01176  -31.8228  0.333407  0.537911  0.939248  0.937606  0.717852  0.900663  0.846499   1.07333  0.314655  0.317893  0.316565  0.316069  0.888244   1.15092  0.306393   0.29237  0.292764  0.295048
 0.431017  0.431039  0.431035  0.412147  0.412147  0.412135  0.474704  0.402516  0.402399  0.394692  0.394682  0.394625  0.387043  0.387029  0.387094  0.383535  0.383567   0.38379  0.383554  0.383536  0.383736  0.380149  0.380291  0.380756  0.379219  0.794292  0.380654   1.06338   1.05969   1.06684   1.35659   1.12646   1.11288   1.02899   0.42868   1.38641  0.945613  0.945021  0.943683   0.40231  0.921932  0.398975  0.859686  0.390478   2.36317         1         1  0.390918  0.382837  0.378161  0.372889  0.372161  0.186573   3.56705
 0.518969  0.518957  0.518706  0.490671  0.490767  0.490496  0.477357  0.477425  0.477232  0.466751  0.466802   0.46665  0.455848  0.455845  0.455729  0.450645  0.450606  0.450494  0.450805  0.450784  0.450685  0.445755  0.501083  0.558952  0.444218  0.444065  0.443884  0.579099  0.577478   1.08484   1.15541   1.21081   1.20675   1.04852   1.04973   1.08106  0.972882  0.972886  0.972522   1.07391  0.477019  0.476528  0.816739   1.51029  0.465244   0.89135  0.900445  0.898678  0.455217  0.455003  0.455008  0.590621  0.460234  0.652222
 0.614614  0.615557  0.615602  0.572047  0.572147  0.572204   0.55339   0.55331   0.55329  0.538773  0.538717  0.538706  0.524622   0.52478  0.524802  0.519545  0.520137  0.520206  0.518346  0.518696  0.518777  0.516025  0.516978  0.517208  0.520753  0.522012  0.522409  0.984087  0.981652  0.981586    1.0925   1.08906   1.08789   1.04256   1.05366   1.35425  0.257562  0.571133  0.570132  0.541201  0.538868  0.537729  0.523427   0.51944  0.518006  0.524592  0.836262  0.835923  0.696064  0.505962   0.50336  0.602018  0.560245  0.551911
 0.706328  0.706642  0.706854  0.651995  0.652026  0.651793  0.629082  0.629071  0.628843   0.61001  0.610023  0.609896  0.592468  0.592454  0.592112   0.58663  0.586616  0.585701  0.584301  0.584288  0.583781  0.582775  0.582558  0.580776  0.594675     0.592  0.587248  0.980265   1.08516  0.801666   1.08446   1.08365   1.08448   1.02994  0.989834  0.989575  0.655738  0.655483  0.656082  0.608533   1.17539    1.0843  0.568833  0.580359  0.595451  0.816291  0.817994  0.834709  0.532426   1.14264  0.590488  0.853604  0.649932  0.693874
 0.811621  0.811835  0.811343  0.737623  0.737579   0.73711  0.706401  0.706733  0.706304  0.682664  0.682716   0.68212  0.656038  0.656128  0.655158  0.646782    0.6464  0.642143  0.643124  0.643125  0.641567   0.64257  0.641494  0.632929  0.657807  0.657505  0.655299   1.05587  0.920662  0.920067   1.21043    1.0906   1.21708    1.0555   1.07638   1.35289  0.749454   0.74836  0.751191  0.667535  0.671783  0.693689  0.518541  0.546776  0.931751  0.860717   0.61662  0.859385   1.02499   1.13756  0.925655  0.439102   0.49695  0.749334
 0.913522  0.913297  0.912736   0.82862   0.82905   0.82847  0.787762  0.787748  0.787107  0.763265   0.76345   0.76292  0.716367  0.716483  0.715185  0.701595  0.702067  0.701061  0.693495  0.693894  0.691943  0.692655  0.693407   0.69155  0.724423  0.724659  0.724123   1.11449   1.11463   1.12443   1.07684   1.07725   1.07784   1.22947   1.16355   1.23233         1         1         1  0.967166  0.733577  0.738776  0.481553   0.48403  0.482318  0.832832  0.861232  0.886651  0.538178   2.11547   0.53868  0.942316  0.438385  0.475831
  1.02312   1.02321   1.02364  0.924831  0.924906  0.924882  0.864214  0.863802  0.863761  0.848643  0.848466  0.848541  0.738431  0.734122  0.733986  0.624842  0.621424  0.620759  0.645335  0.644128  0.644359  0.642995    0.6413  0.640379  0.624117   0.61607  0.616831   1.09385   1.21247   1.17955   1.30727   1.13123   1.13817   1.00454   1.01343   1.02134  0.958313  0.958298  0.958827  0.989979   1.03415   1.03289   1.04525   1.20769   1.18013  0.960072   1.03229   1.03053  0.799403   1.25528    1.2155  0.877722   1.01026  0.691401
  1.10578   1.10575   1.10444   1.00427   1.00426    1.0033  0.941496  0.941397  0.938939  0.930438   0.93042  0.929424  0.825244  0.824405  0.819025   0.79192  0.789709  0.803558  0.733046  0.755443  0.728359  0.894672  0.894501  0.891676  0.868878  0.868002  0.871842   1.13127   1.13095   1.12919    1.0854   1.08761   1.11382   1.04366   1.22947   1.08826  0.883023   0.88332  0.882734  0.855729   1.06771  0.769244   1.24124   1.20057   1.27883  0.938387  0.877274   0.83282  0.899938  0.878265   1.35177   1.03871  0.701019   4.71036
  1.14068   1.14106   1.14011   1.03734   1.03786   1.03759  0.977221  0.976492  0.974988  0.965966  0.966007   0.96618  0.886526  0.883661  0.880548  0.968374  0.968009  0.966983  0.847783  0.841677  0.835816  0.935245  0.934079  0.932437  0.957174  0.953652  0.958269  0.968128  0.949805    1.1325   1.07662   1.07843   1.07967   1.01952   4.58508   1.02053  0.877147   1.09849  0.886861  0.752938  0.766642  0.770384   1.29933  0.743687   1.53751  0.829184  0.743638  0.871657   1.33985   3.15319   1.63691   1.07864  0.812139   1.23467

Errors: 
3.17018e-05 3.15092e-05 3.12874e-05   3.194e-05 3.17529e-05 3.15479e-05 3.35521e-05 3.34331e-05 3.31917e-05 3.47747e-05 3.42976e-05 3.40838e-05 4.11466e-05 4.11202e-05 4.10357e-05    0.930651 4.91467e-05 4.88372e-05 4.59494e-05 4.63425e-05 4.63484e-05 6.10456e-05 6.10032e-05 6.04617e-05 8.00356e-05 7.88249e-05 7.62878e-05           0           0           0           0           0           0      1.0001     1.00009   0.0479128    0.566212    0.219211 4.68837e-05 4.74549e-06 7.70987e-05 7.01909e-05 0.000129901 0.000115195 0.000107198 0.000107539 2.73458e-05    0.653064 0.000213745 0.000186135 0.000691293 0.000416186 0.000356691           1
          0           0           0 9.25518e-05 9.23506e-05           0 9.74248e-05 9.69834e-05           0 0.000102017 0.000103857 0.000101445 0.000123729           0           0 0.000152939 0.000151314 0.000151316 0.000143017 0.000142843 0.000141926 0.000198106           0           0 0.000278917 0.000257646 0.000255951 0.000146563 0.000139057           0           0           0           0     1.00045           0           0           0           0 0.000178122 0.000326797     1.00034 0.000269998  0.00057147 0.000488263  0.00043354    0.510213 0.000379053    0.704419  0.00050673 0.000868266           1  0.00217358 0.000460006  0.00152822
0.000206498           0 0.000200756           0           0           0 0.000213928 0.000214377 0.000210159 0.000226182 0.000226188 0.000223354 0.000282258 0.000281251 0.000279524 0.000370187 0.000360218 0.000359263 0.000332569 0.000328939 0.000327888           0           0           0           0 0.000773977 0.000766689           0           0           0           0           0           0           0           0           0 0.000543783           0           0           0           1           1     1.00009     1.01511   0.0015144  0.00139733  0.00122822  0.00119924 0.000432613           1  0.00252885  0.00708942  0.00607816  0.00528453
          0 0.000390228 0.000390007 0.000380606 0.000378584 0.000381408           0 0.000425092 0.000424459  0.00043636 0.000436393 0.000436696 0.000604563 0.000604936 0.000594916  0.00078477 0.000780138 0.000781488 0.000730635 0.000732308 0.000700161  0.00112522  0.00112048  0.00108867  0.00212523           0  0.00191586           0           0           0           0           0           0     1.10896  0.00105689     1.00173           0           0           0  0.00227193     1.00004  0.00203509     1.00111  0.00438101           0   0.0134888   0.0121098  0.00286958  0.00768687  0.00728448  0.00663817   0.0137929  0.00326802     1.00023
0.000613827 0.000609886 0.000602056 0.000610475 0.000609276 0.000606212 0.000712647  0.00071042 0.000701977 0.000737865 0.000737177 0.000710797  0.00112184  0.00111874  0.00110936  0.00166977  0.00165559  0.00163655   0.0014124  0.00141591  0.00139366  0.00257134           0           0  0.00487456  0.00481942  0.00466274 0.000975732 0.000961483           0           0           0           0     1.10882     1.14182     1.03203           0           0           0     1.00001  0.00470865  0.00471013      1.0003     1.00003  0.00925131 0.000410315 0.000804017 0.000948093   0.0148104   0.0137642   0.0129813     1.00001   0.0194511  0.00507573
0.000970571           0           0  0.00104309  0.00104822  0.00104559  0.00126071  0.00126147   0.0012516  0.00135259  0.00134419  0.00134095  0.00213505  0.00211604  0.00210012  0.00352421  0.00346585  0.00337228  0.00276907  0.00275561  0.00270631  0.00554768  0.00552634  0.00536291    0.010068  0.00983217  0.00928246           0           0           0           0           0           0     1.07954     1.04308     1.00065           0  0.00423767  0.00412037   0.0103444   0.0101128  0.00986248   0.0227935   0.0224469   0.0207671   0.0139963 0.000584918     1.58196  0.00596683   0.0230435   0.0220094   0.0286955    0.027202   0.0262697
 0.00141096  0.00141269   0.0013941  0.00164001  0.00163488   0.0016353  0.00201366  0.00202724  0.00198245  0.00226016  0.00224816  0.00220488  0.00370986  0.00371063  0.00367563  0.00666374  0.00690266  0.00683746  0.00501223  0.00489341  0.00485294   0.0113809   0.0114608   0.0114064   0.0231688   0.0221534   0.0220637           0           0  0.00259962           0           0           0     1.06136     1.01898     1.05053  0.00817531  0.00799435  0.00786296   0.0234689     1.00012           0   0.0575376   0.0470044   0.0447848 0.000641099 0.000523501 0.000570622   0.0310837           1   0.0302782   0.0209186  0.00927429   0.0349836
 0.00218003  0.00218527  0.00217955  0.00278313   0.0027617  0.00275211  0.00349238  0.00348227  0.00367003  0.00402185  0.00404159  0.00401843  0.00694203  0.00695308  0.00696517   0.0143252   0.0133799   0.0140132  0.00999565  0.00953055  0.00968314   0.0242905   0.0238926   0.0193533  0.00804548  0.00792522  0.00798628           0  0.00398365  0.00388055           0           0           0           0     1.55786     1.00192   0.0147099   0.0144136   0.0141945    0.049365   0.0465663   0.0410297    0.163103    0.148644    0.978967  0.00115987   0.0376425    0.001172   0.0365115  0.00703907     1.00022   0.0545116   0.0481121   0.0471782
  0.0031369  0.00312869  0.00309307           0           0           0   0.0065333           0  0.00653389  0.00683867   0.0068008  0.00689485    0.014917    0.015066   0.0147187   0.0292319   0.0289599   0.0296933   0.0222663    0.021816   0.0223131    0.047141   0.0499109   0.0441543   0.0170946   0.0169428    0.017071           0           0           0           0           0           0     1.00317     1.01345     1.00419           0           0           0     1.00023   0.0931403   0.0912128   0.0399784   0.0369133   0.0627642  0.00335267    0.834834   0.0744379    0.046625           1   0.0460299     1.00066   0.0985949   0.0943727
 0.00463179  0.00463318  0.00458568  0.00729765    0.007304  0.00730366   0.0119017   0.0118699   0.0118422   0.0117806   0.0117993   0.0120047   0.0370219   0.0371009   0.0355197     0.01365   0.0136838   0.0164517   0.0123597   0.0116423  0.00808308   0.0212207   0.0214148   0.0191964   0.0320918   0.0494618   0.0340283           0           0           0     1.00231           0           0           0           0           0           0           0           0    0.125879    0.116569    0.115903    0.348742    0.250253    0.221738   0.0622646   0.0627202   0.0612709   0.0658299   0.0712146   0.0686591    0.123503    0.107664     1.00078
 0.00614729  0.00614109  0.00604587   0.0107165   0.0107164   0.0106716   0.0189526   0.0189521   0.0186612   0.0176822   0.0176863   0.0176979   0.0520218   0.0573048   0.0590432    0.132981    0.126772    0.128607   0.0291147   0.0223196   0.0192814   0.0249941   0.0248865   0.0236842   0.0568005   0.0568388   0.0607812           0           0           0           0           0           0     1.85639     1.01411     1.12829           0           0           0     1.01059     1.02407     1.00033    0.519702    0.467575    0.429886    0.859323    0.061331   0.0560347     1.00035     1.00023   0.0890058     0.17724     1.00105     1.02415
 0.00698889  0.00695742  0.00688838   0.0122008   0.0121928   0.0121429           0           0           0   0.0202289   0.0202037     0.02021   0.0622221   0.0615571    0.061597   0.0130656   0.0129506   0.0129345   0.0809431   0.0676083    0.080159   0.0277343   0.0277562   0.0276346   0.0740555   0.0729588   0.0743372           0           0           0           0           0           0           0           0     1.41826           0   0.0910609           0    0.305922    0.307775    0.316047    0.594462     1.04812   0.0291677   0.0367863   0.0633772     0.94599    0.105403      1.0652    0.101477    0.202344     1.00582    0.188441

Statuses: 
0 0 0 0 0 0 0 0 0 0 0 0 0 0 0 3 0 0 0 0 0 0 0 0 0 0 0 3 3 3 3 3 3 3 3 3 3 3 0 3 0 0 0 0 0 0 3 3 0 0 3 0 0 3
2 2 2 0 0 3 0 0 3 0 0 0 0 3 3 0 0 0 0 0 0 0 3 3 0 0 0 0 0 3 3 3 3 3 3 3 3 3 0 0 3 0 0 0 0 3 0 3 3 0 3 0 0 0
0 2 0 3 3 3 0 0 0 0 0 0 0 0 0 0 0 0 0 0 0 3 3 3 3 0 0 3 3 3 3 3 3 3 3 3 0 3 3 3 3 3 3 3 0 0 0 0 3 3 0 0 0 0
2 0 0 0 0 0 3 0 0 0 0 0 0 0 0 0 0 0 0 0 0 0 0 0 0 3 0 3 3 3 3 3 3 3 0 3 3 3 3 0 3 0 3 0 3 3 3 0 0 0 0 0 0 3
0 0 0 0 0 0 0 0 0 0 0 0 0 0 0 0 0 0 0 0 0 0 3 3 0 0 0 0 0 3 3 3 3 3 3 3 3 3 3 3 0 0 3 3 0 3 3 3 0 0 0 3 0 3
0 2 2 0 0 0 0 0 0 0 0 0 0 0 0 0 0 0 0 0 0 0 0 0 0 0 0 3 3 3 3 3 3 3 3 3 3 0 0 0 0 0 0 0 0 0 3 3 3 0 0 0 0 0
0 0 0 0 0 0 0 0 0 0 0 0 0 0 0 0 0 0 0 0 0 0 0 0 0 0 0 3 3 0 3 3 3 3 3 3 0 0 0 0 3 3 0 0 0 3 3 3 0 3 0 0 3 0
0 0 0 0 0 0 0 0 0 0 0 0 0 0 0 0 0 0 0 0 0 0 0 0 0 0 0 3 0 0 3 3 3 2 3 3 0 0 0 0 0 0 0 0 3 3 0 3 3 3 3 0 0 0
0 0 0 2 2 2 0 2 0 0 0 0 0 0 0 0 0 0 0 0 0 0 0 0 0 0 0 3 3 3 3 3 3 3 3 3 3 3 3 3 0 0 0 0 0 3 3 3 0 3 0 3 0 0
0 0 0 0 0 0 0 0 0 0 0 0 0 0 0 0 0 0 0 0 0 0 0 0 0 0 0 3 3 3 3 3 3 3 3 3 3 3 3 0 0 0 0 0 0 0 0 0 0 0 0 0 0 3
0 0 0 0 0 0 0 0 0 0 0 0 0 0 0 0 0 0 0 0 0 0 0 0 0 0 0 3 3 3 3 3 3 3 3 3 3 3 3 3 3 3 0 0 0 3 0 0 3 3 0 0 3 3
0 0 0 0 0 0 2 2 2 0 0 0 0 0 0 0 0 0 0 0 0 0 0 0 0 0 0 3 3 3 3 3 3 3 3 3 3 0 3 0 0 0 0 3 0 3 0 3 0 3 0 0 3 0
chisq per dof: 
71.5715 64.8319 58.4727  26.504 23.3965 20.9305 10.2355 8.92704 8.12261 5.30816 4.83629 4.42931 1.80995 1.69537 1.62583 6326.86 1.52977 1.45765 1.70319 1.60274 1.52886 1.82742 1.68955 1.59123 2.02751 1.82211 1.68599 70028.6 70173.4 57421.5  104286 90092.9 80307.1  107319 89917.4 56398.5 93397.1 86013.8 3.16579  109426 1.83638 1.71766 2.03975  1.8319 1.69432 2.04346  137707 91831.8 2.26356 2.01464 85321.5 2.68052 2.26748  107867
34.7541 31.1137 28.1026 12.6128 11.2143 321.677 5.62027 5.13649 275.407 3.18623 2.95201 2.74018 1.71438  48.397 78.1741 1.62691 1.52245 1.44985 1.70468 1.60409 1.52864 1.80602 2609.78 612.125 2.00751  1.8079 1.67327 19.1198  19.936 6142.94 9715.49 8334.88 7329.73 9142.18 7631.84 6542.54 7730.86 7168.81 2.16093 1.87053 9690.38 1.64335  2.0178 1.81762 1.68135 11827.3 1.85711 8241.33 7188.27 2.00495 9661.61 2.67002 63.2787 2.00382
21.2894 19.0562 17.2559 570.185 535.744 512.465 3.44946 3.16537 2.91042 2.34409 2.18935 2.06361 1.63303 1.54377 1.47709 1.63047 1.52601 1.45119 1.71099 1.60959 1.53439 126.323 114.251 1262.29 881.413 1.82186 1.68603 1370.56 1182.24 1360.89 2341.23 2010.02  1798.1  2178.4 1815.42 1121.67 1.87868 798.371 1415.78 2837.08  1949.1 776.866 1584.91 1221.74 1.69164 2.03371 1.86695 1.74635 3224.54 2086.05 1.84858 2.68431 2.26325  2.0112
13.2445 11.9041 10.8272 3.86028 3.51445 3.29216 80.1201 2.11076 1.98437 1.81021 1.71073 1.63787 1.57106 1.48976 1.42887 1.61614 1.51519  1.4435 1.69299 1.59484 1.52198 1.80906 1.67666 1.58314 2.01081 302.653 1.68032 488.492 433.672  401.68  811.45 757.559 664.064 739.808 1.61438 459.616 654.794 611.889 563.644 1.81763 761.074 1.59806 920.256 1.81468 446.689 1553.57 1326.97 1.73303 2.26115 2.01189 1.84552 2.68083 2.29372 456.921
8.50089 7.66748 7.00571  2.6124 2.41356 2.26576 1.72753 1.62608 1.55141 1.62005 1.54391 1.48584 1.53027 1.45505 1.39866 1.61029 1.50883 1.43637 1.67983 1.58293 1.51027 1.80761 37.2647 51.0213 2.00928 1.80745  1.6729 3.11248 2.92803 117.892  347.68 219.039 196.208  294.23 245.898 212.152   267.4 231.809 212.561 87.4736 1.67501 1.57879 234.025  106.64 1.67274  388.14 418.329 375.762  2.2591 2.00728  1.8394 441.187 2.25907 277.286
5.01486 4.60876 4.24888 1.92509 1.81913 1.73175 1.46529 1.40067 1.35084 1.50768 1.44457 1.39554 1.50735 1.43511 1.38073 1.60423  1.5042 1.43222 1.67078 1.57547  1.5036 1.80461 1.67121 1.57542 2.00525 1.80499 1.67085 234.657 205.034 182.331 163.754 142.898 125.229 130.036 111.274 72.6407  25.923 1.58909 1.51647 1.80532 1.67205 1.57627 2.00523 1.80504 1.67091 2.00471 119.651 95.6059 177.455 2.00535 1.83783 2.67161 2.25587 2.00483
3.22366 2.99837 2.79905 1.63031 1.55159 1.49379 1.38791 1.33251 1.29355 1.46783 1.40935 1.36583 1.50149 1.42996 1.37731 1.60033 1.50041 1.42995 1.66719 1.57196 1.50136 1.80059 1.66725  1.5729  2.0002 1.80041 1.66827  13.577 17.6981 1.70717 76.8031 66.0206 58.8236 60.2258 50.4616 43.8309  1.6738 1.57779 1.50569 1.80112  58.137 55.6866 2.00024 1.80047 1.66822 83.8957 46.6867 32.5912 2.25036  61.031 1.83503 2.67368 66.5417 2.00115
2.25532  2.1209 2.01418 1.46928 1.41076 1.36919  1.3605 1.30998 1.27647 1.45436 1.39761 1.35659 1.50221 1.43058 1.37979 1.60185 1.50158 1.43287 1.66845 1.57299 1.50405 1.80214 1.66849  1.5759 2.00186 1.80156 1.67159 6.69394 1.55307  1.4927   7.624 29.9427 7.69624 26.0303 21.8662 13.3572 1.67293 1.57698  1.5062 1.80258 1.66889 1.57618  2.0011 1.80117 22.0266 19.4076 1.83503 15.8056 28.6042 36.1443 12.0016 2.66805 2.25145 2.00579
1.72706   1.647 1.58324  1.3634 1.31877  1.2853 1.35353 1.30311 1.26562 1.44791 1.39211 1.34941 1.50685 1.43445 1.38049 1.60768 1.50642 1.43449 1.67316 1.57701 1.50523 1.80779 1.67318  1.5774 2.00949 1.80761 1.67358 4.20686  3.7682 2.28665 17.2275 15.0036 13.2584 8.55227 10.2246 7.22358 45.0727 38.8261  34.389  7.7121 1.67349 1.57765 2.00858 1.80686 1.67311 17.7495 1.84324 13.3109 2.25911 11.6454 1.83997 16.5124  2.2585 2.00773
1.47241 1.42241 1.38045 1.34096 1.30141 1.26808 1.35564 1.30787 1.26939 1.45365 1.39977 1.35547 1.51064  1.4403 1.38527 1.61032 1.51129 1.43827 1.67579  1.5817 1.50901 1.81091 1.67858 1.58166 2.01291 1.81352 1.67797 8.98768 1.57851 1.74347  7.8542  6.9824 2.69623 5.92394  5.1071 4.53054 23.5652 20.3418 18.1326 1.80986 1.67652 1.57988 2.01229 1.81126 1.67614 2.00985  1.8432 1.72275 2.26227 2.01146 1.84297 2.68259 2.26381 5.21956
1.35287 1.31368 1.28352 1.30816 1.26972 1.24134 1.34337 1.29438 1.25824 1.44059 1.38558 1.34389 1.50799 1.43544 1.38185 1.60949 1.50792 1.43638 1.67448 1.57816 1.50681 1.81029 1.67529 1.57969 2.01239 1.80995 1.67611 2.38127 2.19033 1.59109 5.68501 5.01908 4.50755 3.65785 2.14861 2.91863   7.549 6.62085 7.23036 6.37516 4.85853 3.56121 2.01135 1.80912 1.67528 2.12138 1.84113 1.72204 8.39883 3.06027 1.84209 2.68152 4.59676 2.38814
1.32513 1.28925 1.26112 1.30142 1.26424 1.23639 1.34122 1.29263 1.25732 1.43788 1.38341 1.34221 1.50807 1.43559 1.38253 1.60941 1.50801 1.43691 1.67492  1.5786 1.50769 1.80952 1.67473  1.5799 2.01172 1.80957 1.67637 7.07448 7.52566  1.6992  4.7712 4.24198 3.84889 3.11225 2.51148 2.52352 9.14511 1.57925 8.19235 1.80959 1.67479 1.57999 2.01133 2.26534 1.67576 8.06075 1.84165 1.79216 2.26164 3.05614 1.84265 2.68146 4.11699 2.01073
Mode averaged potential and errors: 
   0.138713 0.000450391
   0.232607  0.00255522
    0.29237  0.00708942
   0.377991   0.0079266
   0.447394  0.00487061
   0.529474   0.0292848
   0.589553   0.0475427
   0.598662    0.111976
    0.64827    0.104651
   0.740447    0.245057
   0.931934    0.260112
    1.04607    0.313527
R Models:
(* Fitting with shape 1 1 1 1 1 1 1 1 0 0 0 0 *)
G[R_,xx_]:=xx[[0]] + xx[[1]]/R | xx[[2]]*R
(* Fitting with shape 1 1 1 1 1 1 1 1 1 0 0 0 *)
G[R_,xx_]:=xx[[0]] + xx[[1]]/R | xx[[2]]*R
(* Fitting with shape 1 1 1 1 1 1 1 1 1 1 0 0 *)
G[R_,xx_]:=xx[[0]] + xx[[1]]/R | xx[[2]]*R
(* Fitting with shape 1 1 1 1 1 1 1 1 1 1 1 0 *)
G[R_,xx_]:=xx[[0]] + xx[[1]]/R | xx[[2]]*R
(* Fitting with shape 1 1 1 1 1 1 1 1 1 1 1 1 *)
G[R_,xx_]:=xx[[0]] + xx[[1]]/R | xx[[2]]*R
(* Fitting with shape 0 1 1 1 1 1 1 1 0 0 0 0 *)
G[R_,xx_]:=xx[[0]] + xx[[1]]/R | xx[[2]]*R
(* Fitting with shape 0 1 1 1 1 1 1 1 1 0 0 0 *)
G[R_,xx_]:=xx[[0]] + xx[[1]]/R | xx[[2]]*R
(* Fitting with shape 0 1 1 1 1 1 1 1 1 1 0 0 *)
G[R_,xx_]:=xx[[0]] + xx[[1]]/R | xx[[2]]*R
(* Fitting with shape 0 1 1 1 1 1 1 1 1 1 1 0 *)
G[R_,xx_]:=xx[[0]] + xx[[1]]/R | xx[[2]]*R
(* Fitting with shape 0 1 1 1 1 1 1 1 1 1 1 1 *)
G[R_,xx_]:=xx[[0]] + xx[[1]]/R | xx[[2]]*R
(* Fitting with shape 0 0 1 1 1 1 1 1 0 0 0 0 *)
G[R_,xx_]:=xx[[0]] + xx[[1]]/R | xx[[2]]*R
(* Fitting with shape 0 0 1 1 1 1 1 1 1 0 0 0 *)
G[R_,xx_]:=xx[[0]] + xx[[1]]/R | xx[[2]]*R
(* Fitting with shape 0 0 1 1 1 1 1 1 1 1 0 0 *)
G[R_,xx_]:=xx[[0]] + xx[[1]]/R | xx[[2]]*R
(* Fitting with shape 0 0 1 1 1 1 1 1 1 1 1 0 *)
G[R_,xx_]:=xx[[0]] + xx[[1]]/R | xx[[2]]*R
(* Fitting with shape 0 0 1 1 1 1 1 1 1 1 1 1 *)
G[R_,xx_]:=xx[[0]] + xx[[1]]/R | xx[[2]]*R
(* Fitting with shape 0 0 0 1 1 1 1 1 0 0 0 0 *)
G[R_,xx_]:=xx[[0]] + xx[[1]]/R | xx[[2]]*R
(* Fitting with shape 0 0 0 1 1 1 1 1 1 0 0 0 *)
G[R_,xx_]:=xx[[0]] + xx[[1]]/R | xx[[2]]*R
(* Fitting with shape 0 0 0 1 1 1 1 1 1 1 0 0 *)
G[R_,xx_]:=xx[[0]] + xx[[1]]/R | xx[[2]]*R
(* Fitting with shape 0 0 0 1 1 1 1 1 1 1 1 0 *)
G[R_,xx_]:=xx[[0]] + xx[[1]]/R | xx[[2]]*R
(* Fitting with shape 0 0 0 1 1 1 1 1 1 1 1 1 *)
G[R_,xx_]:=xx[[0]] + xx[[1]]/R | xx[[2]]*R
2.25203 2.25203 2.25203 
-0.287726 -0.287726 -0.287726 
1 1 1 
22.3661 22.3661 22.3661 
-41.936 -41.936 -41.936 
2.83861e-316 2.83861e-316 2.83861e-316 
1.30697e+08 1.30697e+08 1.30697e+08 
4960.08 4960.08 4960.08 
-5388.44 -5388.44 -5388.44 
1.90215e-321 1.90215e-321 1.90215e-321 
2.964e-316 2.964e-316 2.964e-316 
2.75435e-316 2.75435e-316 2.75435e-316 
1.58101e-322 1.58101e-322 1.58101e-322 
6.32404e-322 6.32404e-322 6.32404e-322 
2.75422e-316 2.75422e-316 2.75422e-316 
2.42092e-322 2.42092e-322 2.42092e-322 
-710.46 -710.46 -710.46 
-42605.5 -42605.5 -42605.5 
-0.00172138 -0.00172138 -0.00172138 
0 0 0 
-41.936 -41.936 -41.936 
1.0326e-321 1.0326e-321 1.0326e-321 
0.0238907 0.0238907 0.0238907 
-8.84094e-05 -8.84094e-05 -8.84094e-05 
0.00116091 0.00116091 0.00116091 
2.76613e-05 2.76613e-05 2.76613e-05 
-0.0504042 -0.0504042 -0.0504042 
-3.47092e-05 -3.47092e-05 -3.47092e-05 
0 0 0 
2.96415e-316 2.96415e-316 2.96415e-316 
0 0 0 
1.67772e+07 1.67772e+07 1.67772e+07 
0 0 0 
0 0 0 
0 0 0 
0 0 0 
1.67772e+07 1.67772e+07 1.67772e+07 
6.37345e-322 6.37345e-322 6.37345e-322 
2.78626e-316 2.78626e-316 2.78626e-316 
1.63042e-322 1.63042e-322 1.63042e-322 
6.90594e-310 6.90594e-310 6.90594e-310 
0 0 0 
1.74333e-316 1.74333e-316 1.74333e-316 
2.42092e-322 2.42092e-322 2.42092e-322 
2.81853e-316 2.81853e-316 2.81853e-316 
-151276 -151276 -151276 
-0.0888918 -0.0888918 -0.0888918 
11.5319 11.5319 11.5319 
0 0 0 
3.21143e-322 3.21143e-322 3.21143e-322 
1.38572e+07 1.38572e+07 1.38572e+07 
-35745.6 -35745.6 -35745.6 
2.82994e-316 2.82994e-316 2.82994e-316 
1.63042e-322 1.63042e-322 1.63042e-322 
Probabilities: 
         0          0          0          0          0          0          0          0          0          0          0          0          0          0          0  0.0123268  0.0312903  0.0793667          0 0.00805405          0          0  0.0807099   0.187939  0.0129932   0.031677  0.0793674          0          0          0          0          0          0          0          0          0          0          0   0.111957  0.0239283  0.0381857          0          0          0          0          0          0          0  0.0347529          0   0.221339  0.0143939  0.0317197          0

String tensions: 
          1           1           1           1           1           1           1           1           1   -0.468521   -0.470428   -0.472624   -0.882857   -0.882226   -0.881677    -1.35438    -1.32988    -1.30638  -0.0443215   -0.976801    0.670576     0.42699    -2.65241    -2.57477    -2.33103    -1.82757    -1.29908   -0.116008   -0.117147   0.0474412  -0.0919519  -0.0560932   -0.100268     0.62619     0.47751   0.0387158    -0.07546  -0.0350484   0.0079606   0.0208829   0.0163546  -0.0872323    0.103286    -0.10317    -0.12002   -0.134238   0.0288794   0.0257575  0.00107203   0.0872083 -0.00638414   0.0155049  0.00197714    0.199025

Errors: 
   5792.62    5792.62    5792.62    5792.62    5792.62    5792.62    5792.62    5792.62    5792.62  0.0124612  0.0122288  0.0119489          0          0          0    0.19749   0.190773   0.181131  0.0471605   0.189727    1.00006          0   0.404343   0.410277    1.85286    2.64938    3.05376          0          0 0.00308361    1.00017    1.00044    1.00014    1.28927    1.11917    1.00574          0          0 0.00287235 0.00907266 0.00770415          1     1.0499    1.00245    1.00014          1 0.00193566 0.00185593  0.0135584  0.0540678 0.00904085  0.0119203  0.0130036    1.00034

Statuses: 
0 0 0 0 0 0 0 0 0 0 0 0 3 3 3 0 0 0 0 0 3 3 0 0 0 0 0 3 3 0 3 3 3 3 3 3 3 3 0 0 0 3 3 3 3 3 1 1 0 3 0 0 0 3
chisq per dof: 
 72.5747   68.259  66.2511  5.58552  5.53496  5.65208  3.71192  3.37736  3.16751  1.67401  1.59569  1.55462  1299.85  1116.71  979.056 0.170385 0.164809 0.161045  2.66694  0.96289  843.213  654.147  0.15625 0.175404 0.149325 0.160715 0.161042   2331.8  2035.61  10.6817  1695.48  1630.16  1266.05   2251.9   1873.6  1475.49  2444.71  1953.52  0.49325 0.254224 0.370079  1357.02  1317.68  601.668  506.088  2258.64 0.435214 0.595102 0.129824  1490.25  0.13451 0.108373 0.160265  1085.33
Model string tension and errors: 
sigma = -1.05819 +/- 1.5106
