R=0parameters: 
-0.0629974 -0.0629974 
0.446874 0.446874 
570.435 570.435 
5.58294e-322 5.58294e-322 
3.58864e-316 3.58864e-316 
0 0 
3.54646e-316 3.54646e-316 
3.56771e-316 3.56771e-316 
2.02014e-316 2.02014e-316 
3.62303e-316 3.62303e-316 3.62303e-316 
3.6146e-316 3.6146e-316 3.6146e-316 
3.62424e-316 3.62424e-316 3.62424e-316 
-nan -nan -nan 
0 0 0 
-nan -nan -nan 
0 0 0 
-nan -nan -nan 
0 0 0 
-nan -nan -nan -nan 
-nan -nan -nan -nan 
-nan -nan -nan -nan 
0 0 0 0 
-nan -nan -nan -nan 
0 0 0 0 
-nan -nan -nan -nan 
0 0 0 0 
-nan -nan -nan -nan 
0 0 0 
-nan -nan -nan 
0 0 0 
-nan -nan -nan 
0 0 0 
-nan -nan -nan 
0 0 0 
3.6145e-316 3.6145e-316 3.6145e-316 
3.62115e-316 3.62115e-316 3.62115e-316 
-nan -nan -nan -nan 
2.47033e-323 2.47033e-323 2.47033e-323 2.47033e-323 
3.61266e-316 3.61266e-316 3.61266e-316 3.61266e-316 
3.61538e-316 3.61538e-316 3.61538e-316 3.61538e-316 
-nan -nan -nan -nan 
4.94066e-324 4.94066e-324 4.94066e-324 4.94066e-324 
-nan -nan -nan -nan 
0 0 0 0 
-nan -nan -nan -nan 
-4.15586e+43 -4.15586e+43 -4.15586e+43 -4.15586e+43 -4.15586e+43 
0.005 0.005 0.005 0.005 0.005 
0 0 0 0 0 
0 0 0 0 0 
2.42092e-322 2.42092e-322 2.42092e-322 2.42092e-322 2.42092e-322 
0.000442661 0.000442661 0.000442661 0.000442661 0.000442661 
0 0 0 0 0 
3.61012e-316 3.61012e-316 3.61012e-316 3.61012e-316 3.61012e-316 
3.55729e-316 3.55729e-316 3.55729e-316 3.55729e-316 3.55729e-316 
R=1parameters: 
-0.691413 -0.691413 
0.135622 0.135622 
2.46297e-06 2.46297e-06 
0.0276733 0.0276733 
-0.026827 -0.026827 
3.55727e-316 3.55727e-316 
366775 366775 
6.51179e-321 6.51179e-321 
3.62498e-316 3.62498e-316 
2.42092e-322 2.42092e-322 2.42092e-322 
0.373654 0.373654 0.373654 
4.01789e-06 4.01789e-06 4.01789e-06 
1.06931e-05 1.06931e-05 1.06931e-05 
0.0276733 0.0276733 0.0276733 
-0.026827 -0.026827 -0.026827 
2.42092e-322 2.42092e-322 2.42092e-322 
3.62085e-316 3.62085e-316 3.62085e-316 
3.60078e-316 3.60078e-316 3.60078e-316 
6.91896e-310 6.91896e-310 6.91896e-310 6.91896e-310 
2.122e-314 2.122e-314 2.122e-314 2.122e-314 
3.61999e-316 3.61999e-316 3.61999e-316 3.61999e-316 
2.42092e-322 2.42092e-322 2.42092e-322 2.42092e-322 
3.60383e-316 3.60383e-316 3.60383e-316 3.60383e-316 
2.42092e-322 2.42092e-322 2.42092e-322 2.42092e-322 
1.061e-313 1.061e-313 1.061e-313 1.061e-313 
-2171.75 -2171.75 -2171.75 -2171.75 
0.00328966 0.00328966 0.00328966 0.00328966 
0.00908161 0.00908161 0.00908161 
1.58101e-322 1.58101e-322 1.58101e-322 
6.32404e-322 6.32404e-322 6.32404e-322 
8.68469e-320 8.68469e-320 8.68469e-320 
-4.36007e-08 -4.36007e-08 -4.36007e-08 
9.38712e-08 9.38712e-08 9.38712e-08 
-1.6735e-08 -1.6735e-08 -1.6735e-08 
-4.21386e-09 -4.21386e-09 -4.21386e-09 
4.19143e-08 4.19143e-08 4.19143e-08 
0 0 0 0 
3.5363e-316 3.5363e-316 3.5363e-316 3.5363e-316 
2.47033e-323 2.47033e-323 2.47033e-323 2.47033e-323 
3.53631e-316 3.53631e-316 3.53631e-316 3.53631e-316 
3.23796e-319 3.23796e-319 3.23796e-319 3.23796e-319 
1.63042e-322 1.63042e-322 1.63042e-322 1.63042e-322 
6.91896e-310 6.91896e-310 6.91896e-310 6.91896e-310 
2.122e-314 2.122e-314 2.122e-314 2.122e-314 
3.60731e-316 3.60731e-316 3.60731e-316 3.60731e-316 
1.58101e-322 1.58101e-322 1.58101e-322 1.58101e-322 1.58101e-322 
3.7384e-316 3.7384e-316 3.7384e-316 3.7384e-316 3.7384e-316 
3.60078e-316 3.60078e-316 3.60078e-316 3.60078e-316 3.60078e-316 
3.92016e+06 3.92016e+06 3.92016e+06 3.92016e+06 3.92016e+06 
4.94066e-324 4.94066e-324 4.94066e-324 4.94066e-324 4.94066e-324 
3.56104e-316 3.56104e-316 3.56104e-316 3.56104e-316 3.56104e-316 
4.00193e-322 4.00193e-322 4.00193e-322 4.00193e-322 4.00193e-322 
24115 24115 24115 24115 24115 
3.62428e-316 3.62428e-316 3.62428e-316 3.62428e-316 3.62428e-316 
R=2parameters: 
-0.28921 -0.28921 
0.11664 0.11664 
0.552631 0.552631 
3.41549 3.41549 
-18.9167 -18.9167 
3.55727e-316 3.55727e-316 
366775 366775 
6.51179e-321 6.51179e-321 
3.62498e-316 3.62498e-316 
2.45551e-321 2.45551e-321 2.45551e-321 
3.60078e-316 3.60078e-316 3.60078e-316 
3.62498e-316 3.62498e-316 3.62498e-316 
1.58101e-322 1.58101e-322 1.58101e-322 
6.32404e-322 6.32404e-322 6.32404e-322 
3.53695e-316 3.53695e-316 3.53695e-316 
-4.36155e-07 -4.36155e-07 -4.36155e-07 
1.47654e-06 1.47654e-06 1.47654e-06 
-3.48939e-07 -3.48939e-07 -3.48939e-07 
-1.31747e-06 -1.31747e-06 -1.31747e-06 -1.31747e-06 
9.59439e-07 9.59439e-07 9.59439e-07 9.59439e-07 
0 0 0 0 
0 0 0 0 
0 0 0 0 
2.42092e-322 2.42092e-322 2.42092e-322 2.42092e-322 
142493 142493 142493 142493 
3.55873e-316 3.55873e-316 3.55873e-316 3.55873e-316 
9.53694e-07 9.53694e-07 9.53694e-07 9.53694e-07 
8.94253e-07 8.94253e-07 8.94253e-07 
3.95253e-322 3.95253e-322 3.95253e-322 
3.95253e-322 3.95253e-322 3.95253e-322 
3.60201e-316 3.60201e-316 3.60201e-316 
3.53617e-316 3.53617e-316 3.53617e-316 
3.55912e-316 3.55912e-316 3.55912e-316 
3.55719e-316 3.55719e-316 3.55719e-316 
3.6208e-316 3.6208e-316 3.6208e-316 
3.55719e-316 3.55719e-316 3.55719e-316 
1516 1516 1516 1516 
7.01372e-77 7.01372e-77 7.01372e-77 7.01372e-77 
1460.3 1460.3 1460.3 1460.3 
2.42092e-322 2.42092e-322 2.42092e-322 2.42092e-322 
1.61105e+06 1.61105e+06 1.61105e+06 1.61105e+06 
0 0 0 0 
4.00024e+07 4.00024e+07 4.00024e+07 4.00024e+07 
244244 244244 244244 244244 
3.95253e-322 3.95253e-322 3.95253e-322 3.95253e-322 
3.16202e-322 3.16202e-322 3.16202e-322 3.16202e-322 3.16202e-322 
3.54343e-316 3.54343e-316 3.54343e-316 3.54343e-316 3.54343e-316 
3.54267e-316 3.54267e-316 3.54267e-316 3.54267e-316 3.54267e-316 
1.42738e+228 1.42738e+228 1.42738e+228 1.42738e+228 1.42738e+228 
3.55729e-316 3.55729e-316 3.55729e-316 3.55729e-316 3.55729e-316 
1.50746 1.50746 1.50746 1.50746 1.50746 
5.03038e+175 5.03038e+175 5.03038e+175 5.03038e+175 5.03038e+175 
3.5936e+246 3.5936e+246 3.5936e+246 3.5936e+246 3.5936e+246 
2.14726e+243 2.14726e+243 2.14726e+243 2.14726e+243 2.14726e+243 
R=3parameters: 
-0.661738 -0.661738 
0.12461 0.12461 
-2.69529e-05 -2.69529e-05 
0.0874762 0.0874762 
-0.0946957 -0.0946957 
3.55727e-316 3.55727e-316 
366775 366775 
6.51179e-321 6.51179e-321 
3.62498e-316 3.62498e-316 
2.45551e-321 2.45551e-321 2.45551e-321 
3.56102e-316 3.56102e-316 3.56102e-316 
6.91898e-310 6.91898e-310 6.91898e-310 
1.16533e+07 1.16533e+07 1.16533e+07 
-255781 -255781 -255781 
2.37152e-322 2.37152e-322 2.37152e-322 
2.37152e-322 2.37152e-322 2.37152e-322 
3.62185e-316 3.62185e-316 3.62185e-316 
0.947277 0.947277 0.947277 
0.104126 0.104126 0.104126 0.104126 
3.31061 3.31061 3.31061 3.31061 
4.74303e-322 4.74303e-322 4.74303e-322 4.74303e-322 
2.37152e-322 2.37152e-322 2.37152e-322 2.37152e-322 
3.53902e-316 3.53902e-316 3.53902e-316 3.53902e-316 
0.000821183 0.000821183 0.000821183 0.000821183 
0.000785156 0.000785156 0.000785156 0.000785156 
0.000131781 0.000131781 0.000131781 0.000131781 
0.000394627 0.000394627 0.000394627 0.000394627 
7.16395e-322 7.16395e-322 7.16395e-322 
3.73926e-316 3.73926e-316 3.73926e-316 
3.55726e-316 3.55726e-316 3.55726e-316 
0.000353083 0.000353083 0.000353083 
2.122e-314 2.122e-314 2.122e-314 
3.56105e-316 3.56105e-316 3.56105e-316 
4.00193e-322 4.00193e-322 4.00193e-322 
-4.82839 -4.82839 -4.82839 
-4.15586e+43 -4.15586e+43 -4.15586e+43 
3.60737e-316 3.60737e-316 3.60737e-316 3.60737e-316 
3.6227e-316 3.6227e-316 3.6227e-316 3.6227e-316 
3.52876e-316 3.52876e-316 3.52876e-316 3.52876e-316 
3.55729e-316 3.55729e-316 3.55729e-316 3.55729e-316 
121104 121104 121104 121104 
3.60703e-316 3.60703e-316 3.60703e-316 3.60703e-316 
nan nan nan nan 
2.42092e-322 2.42092e-322 2.42092e-322 2.42092e-322 
0.00122103 0.00122103 0.00122103 0.00122103 
16.2062 16.2062 16.2062 16.2062 16.2062 
0 0 0 0 0 
0 0 0 0 0 
1.47011e-05 1.47011e-05 1.47011e-05 1.47011e-05 1.47011e-05 
-3.70491e-05 -3.70491e-05 -3.70491e-05 -3.70491e-05 -3.70491e-05 
3.61999e-316 3.61999e-316 3.61999e-316 3.61999e-316 3.61999e-316 
3.62008e-316 3.62008e-316 3.62008e-316 3.62008e-316 3.62008e-316 
6.91898e-310 6.91898e-310 6.91898e-310 6.91898e-310 6.91898e-310 
3.62498e-316 3.62498e-316 3.62498e-316 3.62498e-316 3.62498e-316 
R=4parameters: 
-0.679236 -0.679236 
0.13046 0.13046 
-0.0594706 -0.0594706 
0.832918 0.832918 
-9.97814 -9.97814 
3.55727e-316 3.55727e-316 
366775 366775 
6.51179e-321 6.51179e-321 
3.62498e-316 3.62498e-316 
2.45551e-321 2.45551e-321 2.45551e-321 
3.56102e-316 3.56102e-316 3.56102e-316 
6.91898e-310 6.91898e-310 6.91898e-310 
3.62601e-316 3.62601e-316 3.62601e-316 
3.60433e-316 3.60433e-316 3.60433e-316 
3.62407e-316 3.62407e-316 3.62407e-316 
3.6043e-316 3.6043e-316 3.6043e-316 
25944.6 25944.6 25944.6 
-4847.17 -4847.17 -4847.17 
3.95253e-322 3.95253e-322 3.95253e-322 3.95253e-322 
1.58101e-322 1.58101e-322 1.58101e-322 1.58101e-322 
8.68469e-320 8.68469e-320 8.68469e-320 8.68469e-320 
0 0 0 0 
3.61538e-316 3.61538e-316 3.61538e-316 3.61538e-316 
1.63042e-322 1.63042e-322 1.63042e-322 1.63042e-322 
3.53631e-316 3.53631e-316 3.53631e-316 3.53631e-316 
3.6238e-316 3.6238e-316 3.6238e-316 3.6238e-316 
2.47033e-323 2.47033e-323 2.47033e-323 2.47033e-323 
3.61544e-316 3.61544e-316 3.61544e-316 
1295.57 1295.57 1295.57 
3.53631e-316 3.53631e-316 3.53631e-316 
0.125 0.125 0.125 
1.58595e-321 1.58595e-321 1.58595e-321 
3.60696e-316 3.60696e-316 3.60696e-316 
6.91898e-310 6.91898e-310 6.91898e-310 
1.58101e-322 1.58101e-322 1.58101e-322 
2.37152e-322 2.37152e-322 2.37152e-322 
3.54985e-316 3.54985e-316 3.54985e-316 3.54985e-316 
140832 140832 140832 140832 
0 0 0 0 
2.42092e-322 2.42092e-322 2.42092e-322 2.42092e-322 
1.061e-313 1.061e-313 1.061e-313 1.061e-313 
485880 485880 485880 485880 
1.29997e+07 1.29997e+07 1.29997e+07 1.29997e+07 
48928.7 48928.7 48928.7 48928.7 
0 0 0 0 
2.42092e-322 2.42092e-322 2.42092e-322 2.42092e-322 2.42092e-322 
3.62183e-316 3.62183e-316 3.62183e-316 3.62183e-316 3.62183e-316 
3.55729e-316 3.55729e-316 3.55729e-316 3.55729e-316 3.55729e-316 
3.62452e-316 3.62452e-316 3.62452e-316 3.62452e-316 3.62452e-316 
3.55245e-316 3.55245e-316 3.55245e-316 3.55245e-316 3.55245e-316 
3698 3698 3698 3698 3698 
-3276.07 -3276.07 -3276.07 -3276.07 -3276.07 
0 0 0 0 0 
0 0 0 0 0 
R=5parameters: 
-0.673876 -0.673876 
0.135134 0.135134 
-6.57066e-05 -6.57066e-05 
0.178512 0.178512 
-0.210035 -0.210035 
3.55727e-316 3.55727e-316 
366775 366775 
6.51179e-321 6.51179e-321 
3.62498e-316 3.62498e-316 
2.45551e-321 2.45551e-321 2.45551e-321 
3.60078e-316 3.60078e-316 3.60078e-316 
6.91898e-310 6.91898e-310 6.91898e-310 
7.72227e-07 7.72227e-07 7.72227e-07 
-1.79172e-06 -1.79172e-06 -1.79172e-06 
-1.3226e-07 -1.3226e-07 -1.3226e-07 
3.20096e-07 3.20096e-07 3.20096e-07 
-3.03633e-06 -3.03633e-06 -3.03633e-06 
2.65192e-07 2.65192e-07 2.65192e-07 
7.01464e-07 7.01464e-07 7.01464e-07 7.01464e-07 
3.86902e-06 3.86902e-06 3.86902e-06 3.86902e-06 
9.61068e-06 9.61068e-06 9.61068e-06 9.61068e-06 
-7.42901e-07 -7.42901e-07 -7.42901e-07 -7.42901e-07 
-2.151e-06 -2.151e-06 -2.151e-06 -2.151e-06 
-1.16045e-05 -1.16045e-05 -1.16045e-05 -1.16045e-05 
3.48297e-05 3.48297e-05 3.48297e-05 3.48297e-05 
1.8231e-321 1.8231e-321 1.8231e-321 1.8231e-321 
3.73892e-316 3.73892e-316 3.73892e-316 3.73892e-316 
2.122e-314 2.122e-314 2.122e-314 
3.62428e-316 3.62428e-316 3.62428e-316 
4.00193e-322 4.00193e-322 4.00193e-322 
3.53529e-316 3.53529e-316 3.53529e-316 
1.09859 1.09859 1.09859 
3.61251e-316 3.61251e-316 3.61251e-316 
3.55028e-316 3.55028e-316 3.55028e-316 
3.6008e-316 3.6008e-316 3.6008e-316 
3.62428e-316 3.62428e-316 3.62428e-316 
20478.7 20478.7 20478.7 20478.7 
0.483154 0.483154 0.483154 0.483154 
0.422277 0.422277 0.422277 0.422277 
1.63042e-322 1.63042e-322 1.63042e-322 1.63042e-322 
6.91896e-310 6.91896e-310 6.91896e-310 6.91896e-310 
-4.15586e+43 -4.15586e+43 -4.15586e+43 -4.15586e+43 
1.97626e-323 1.97626e-323 1.97626e-323 1.97626e-323 
3.21143e-322 3.21143e-322 3.21143e-322 3.21143e-322 
-7.80602 -7.80602 -7.80602 -7.80602 
0.789619 0.789619 0.789619 0.789619 0.789619 
0.101874 0.101874 0.101874 0.101874 0.101874 
5.36981e+06 5.36981e+06 5.36981e+06 5.36981e+06 5.36981e+06 
0.0582841 0.0582841 0.0582841 0.0582841 0.0582841 
2.42092e-322 2.42092e-322 2.42092e-322 2.42092e-322 2.42092e-322 
3.62624e-316 3.62624e-316 3.62624e-316 3.62624e-316 3.62624e-316 
3.58155e-316 3.58155e-316 3.58155e-316 3.58155e-316 3.58155e-316 
6.91896e-310 6.91896e-310 6.91896e-310 6.91896e-310 6.91896e-310 
2.122e-314 2.122e-314 2.122e-314 2.122e-314 2.122e-314 
R=6parameters: 
-0.666519 -0.666519 
0.139391 0.139391 
-9.38966e-05 -9.38966e-05 
0.204326 0.204326 
-0.242018 -0.242018 
3.55727e-316 3.55727e-316 
366775 366775 
6.51179e-321 6.51179e-321 
3.62498e-316 3.62498e-316 
2.45551e-321 2.45551e-321 2.45551e-321 
3.60078e-316 3.60078e-316 3.60078e-316 
3.74194e-316 3.74194e-316 3.74194e-316 
2.33463e-05 2.33463e-05 2.33463e-05 
5.21379e-06 5.21379e-06 5.21379e-06 
1.68187e-05 1.68187e-05 1.68187e-05 
1.23574e-05 1.23574e-05 1.23574e-05 
6.94536e-05 6.94536e-05 6.94536e-05 
0.000213581 0.000213581 0.000213581 
-363.522 -363.522 -363.522 -363.522 
-67.0477 -67.0477 -67.0477 -67.0477 
4.74303e-322 4.74303e-322 4.74303e-322 4.74303e-322 
3.16202e-322 3.16202e-322 3.16202e-322 3.16202e-322 
3.62349e-316 3.62349e-316 3.62349e-316 3.62349e-316 
3.55728e-316 3.55728e-316 3.55728e-316 3.55728e-316 
0.0860109 0.0860109 0.0860109 0.0860109 
3.55728e-316 3.55728e-316 3.55728e-316 3.55728e-316 
2.47033e-323 2.47033e-323 2.47033e-323 2.47033e-323 
3.55728e-316 3.55728e-316 3.55728e-316 
3.23796e-319 3.23796e-319 3.23796e-319 
6.37345e-322 6.37345e-322 6.37345e-322 
3.54901e-316 3.54901e-316 3.54901e-316 
3.62425e-316 3.62425e-316 3.62425e-316 
10818.6 10818.6 10818.6 
18328.2 18328.2 18328.2 
2.37152e-322 2.37152e-322 2.37152e-322 
2.37152e-322 2.37152e-322 2.37152e-322 
1.061e-313 1.061e-313 1.061e-313 1.061e-313 
0.852797 0.852797 0.852797 0.852797 
-0.0378448 -0.0378448 -0.0378448 -0.0378448 
-0.224569 -0.224569 -0.224569 -0.224569 
4.74303e-322 4.74303e-322 4.74303e-322 4.74303e-322 
4.00193e-322 4.00193e-322 4.00193e-322 4.00193e-322 
3.55726e-316 3.55726e-316 3.55726e-316 3.55726e-316 
3.60958e-316 3.60958e-316 3.60958e-316 3.60958e-316 
3.61957e-316 3.61957e-316 3.61957e-316 3.61957e-316 
3.55727e-316 3.55727e-316 3.55727e-316 3.55727e-316 3.55727e-316 
-2.87142e-05 -2.87142e-05 -2.87142e-05 -2.87142e-05 -2.87142e-05 
0.000548353 0.000548353 0.000548353 0.000548353 0.000548353 
3.7422e-316 3.7422e-316 3.7422e-316 3.7422e-316 3.7422e-316 
0.00945602 0.00945602 0.00945602 0.00945602 0.00945602 
0.0338979 0.0338979 0.0338979 0.0338979 0.0338979 
1.63042e-322 1.63042e-322 1.63042e-322 1.63042e-322 1.63042e-322 
3.62006e-316 3.62006e-316 3.62006e-316 3.62006e-316 3.62006e-316 
3.62082e-316 3.62082e-316 3.62082e-316 3.62082e-316 3.62082e-316 
R=7parameters: 
-0.660078 -0.660078 
0.142851 0.142851 
1 1 
1 1 
1 1 
3.55727e-316 3.55727e-316 
366775 366775 
6.51179e-321 6.51179e-321 
3.62498e-316 3.62498e-316 
2.45551e-321 2.45551e-321 2.45551e-321 
6.91898e-310 6.91898e-310 6.91898e-310 
3.56102e-316 3.56102e-316 3.56102e-316 
1109.74 1109.74 1109.74 
-24.3098 -24.3098 -24.3098 
-7.82352 -7.82352 -7.82352 
3.21143e-322 3.21143e-322 3.21143e-322 
3.62084e-316 3.62084e-316 3.62084e-316 
3.60126e-316 3.60126e-316 3.60126e-316 
3.61583e-316 3.61583e-316 3.61583e-316 3.61583e-316 
1.63042e-322 1.63042e-322 1.63042e-322 1.63042e-322 
3.53617e-316 3.53617e-316 3.53617e-316 3.53617e-316 
3.62084e-316 3.62084e-316 3.62084e-316 3.62084e-316 
5.53354e-322 5.53354e-322 5.53354e-322 5.53354e-322 
3.95253e-322 3.95253e-322 3.95253e-322 3.95253e-322 
3.5533e-316 3.5533e-316 3.5533e-316 3.5533e-316 
3.6241e-316 3.6241e-316 3.6241e-316 3.6241e-316 
6.91898e-310 6.91898e-310 6.91898e-310 6.91898e-310 
6.91898e-310 6.91898e-310 6.91898e-310 
-0.66837 -0.66837 -0.66837 
0 0 0 
0 0 0 
0 0 0 
0 0 0 
0 0 0 
1 1 1 
0 0 0 
0 0 0 0 
0 0 0 0 
0 0 0 0 
0 0 0 0 
1 1 1 1 
1.63042e-322 1.63042e-322 1.63042e-322 1.63042e-322 
6.91896e-310 6.91896e-310 6.91896e-310 6.91896e-310 
2.122e-314 2.122e-314 2.122e-314 2.122e-314 
3.6008e-316 3.6008e-316 3.6008e-316 3.6008e-316 
6.37345e-322 6.37345e-322 6.37345e-322 6.37345e-322 6.37345e-322 
3.56104e-316 3.56104e-316 3.56104e-316 3.56104e-316 3.56104e-316 
3.56105e-316 3.56105e-316 3.56105e-316 3.56105e-316 3.56105e-316 
71.7019 71.7019 71.7019 71.7019 71.7019 
-2531.87 -2531.87 -2531.87 -2531.87 -2531.87 
0 0 0 0 0 
1.01167 1.01167 1.01167 1.01167 1.01167 
3.95253e-322 3.95253e-322 3.95253e-322 3.95253e-322 3.95253e-322 
3.21143e-322 3.21143e-322 3.21143e-322 3.21143e-322 3.21143e-322 
R=8parameters: 
-0.653915 -0.653915 
0.145812 0.145812 
-0.000175041 -0.000175041 
0.222427 0.222427 
-0.2722 -0.2722 
3.55727e-316 3.55727e-316 
366775 366775 
6.51179e-321 6.51179e-321 
3.62498e-316 3.62498e-316 
1.74405e-321 1.74405e-321 1.74405e-321 
6.91898e-310 6.91898e-310 6.91898e-310 
6.91898e-310 6.91898e-310 6.91898e-310 
3.88189e-06 3.88189e-06 3.88189e-06 
3.76691e-07 3.76691e-07 3.76691e-07 
-1.34735e-07 -1.34735e-07 -1.34735e-07 
4.85643e-09 4.85643e-09 4.85643e-09 
5.60422e-05 5.60422e-05 5.60422e-05 
-1.68975e-05 -1.68975e-05 -1.68975e-05 
5.35024e-07 5.35024e-07 5.35024e-07 5.35024e-07 
0.000121163 0.000121163 0.000121163 0.000121163 
-7.71797e-05 -7.71797e-05 -7.71797e-05 -7.71797e-05 
2.12793e-05 2.12793e-05 2.12793e-05 2.12793e-05 
-6.23633e-07 -6.23633e-07 -6.23633e-07 -6.23633e-07 
-0.000194113 -0.000194113 -0.000194113 -0.000194113 
0.000342169 0.000342169 0.000342169 0.000342169 
1.11165e-321 1.11165e-321 1.11165e-321 1.11165e-321 
3.55872e-316 3.55872e-316 3.55872e-316 3.55872e-316 
3.60394e-316 3.60394e-316 3.60394e-316 
1.58101e-322 1.58101e-322 1.58101e-322 
3.95253e-322 3.95253e-322 3.95253e-322 
3.6048e-316 3.6048e-316 3.6048e-316 
3.60395e-316 3.60395e-316 3.60395e-316 
3.6238e-316 3.6238e-316 3.6238e-316 
3.55728e-316 3.55728e-316 3.55728e-316 
3.53729e-316 3.53729e-316 3.53729e-316 
3.5373e-316 3.5373e-316 3.5373e-316 
3032.06 3032.06 3032.06 3032.06 
-240.115 -240.115 -240.115 -240.115 
-99.9954 -99.9954 -99.9954 -99.9954 
4.94066e-324 4.94066e-324 4.94066e-324 4.94066e-324 
3.60696e-316 3.60696e-316 3.60696e-316 3.60696e-316 
8.74496e-322 8.74496e-322 8.74496e-322 8.74496e-322 
3.2754e-07 3.2754e-07 3.2754e-07 3.2754e-07 
3.21143e-322 3.21143e-322 3.21143e-322 3.21143e-322 
2.47033e-323 2.47033e-323 2.47033e-323 2.47033e-323 
3.56102e-316 3.56102e-316 3.56102e-316 3.56102e-316 3.56102e-316 
2.47033e-323 2.47033e-323 2.47033e-323 2.47033e-323 2.47033e-323 
3.5644e-316 3.5644e-316 3.5644e-316 3.5644e-316 3.5644e-316 
0.00139475 0.00139475 0.00139475 0.00139475 0.00139475 
2.42092e-322 2.42092e-322 2.42092e-322 2.42092e-322 2.42092e-322 
-3.34825 -3.34825 -3.34825 -3.34825 -3.34825 
3.58862e-316 3.58862e-316 3.58862e-316 3.58862e-316 3.58862e-316 
4.59512 4.59512 4.59512 4.59512 4.59512 
0.675172 0.675172 0.675172 0.675172 0.675172 
R=9parameters: 
-0.649562 -0.649562 
0.147905 0.147905 
-0.0568694 -0.0568694 
1.87015 1.87015 
-12.875 -12.875 
3.55727e-316 3.55727e-316 
366775 366775 
6.51179e-321 6.51179e-321 
3.62498e-316 3.62498e-316 
2.45551e-321 2.45551e-321 2.45551e-321 
6.91898e-310 6.91898e-310 6.91898e-310 
6.91898e-310 6.91898e-310 6.91898e-310 
6.36599e-314 6.36599e-314 6.36599e-314 
3.61616e-316 3.61616e-316 3.61616e-316 
74114.8 74114.8 74114.8 
3.56818e-316 3.56818e-316 3.56818e-316 
-0.00144631 -0.00144631 -0.00144631 
6.37345e-322 6.37345e-322 6.37345e-322 
3.61616e-316 3.61616e-316 3.61616e-316 3.61616e-316 
3.5499e-316 3.5499e-316 3.5499e-316 3.5499e-316 
6.91896e-310 6.91896e-310 6.91896e-310 6.91896e-310 
2.122e-314 2.122e-314 2.122e-314 2.122e-314 
3.61607e-316 3.61607e-316 3.61607e-316 3.61607e-316 
2.37152e-322 2.37152e-322 2.37152e-322 2.37152e-322 
3.5365e-316 3.5365e-316 3.5365e-316 3.5365e-316 
0.193036 0.193036 0.193036 0.193036 
0.448033 0.448033 0.448033 0.448033 
-0.416611 -0.416611 -0.416611 
6.91898e-310 6.91898e-310 6.91898e-310 
-4.15586e+43 -4.15586e+43 -4.15586e+43 
1.74175e+199 1.74175e+199 1.74175e+199 
7.31668e+223 7.31668e+223 7.31668e+223 
3.33806e-28 3.33806e-28 3.33806e-28 
6.84977e+180 6.84977e+180 6.84977e+180 
4.6156e+281 4.6156e+281 4.6156e+281 
4.81437e+199 4.81437e+199 4.81437e+199 
1 1 1 1 
1.05894e-153 1.05894e-153 1.05894e-153 1.05894e-153 
7.22762e+159 7.22762e+159 7.22762e+159 7.22762e+159 
0 0 0 0 
1.12865e-312 1.12865e-312 1.12865e-312 1.12865e-312 
3.21143e-322 3.21143e-322 3.21143e-322 3.21143e-322 
2.47033e-323 2.47033e-323 2.47033e-323 2.47033e-323 
657.842 657.842 657.842 657.842 
3.73925e-316 3.73925e-316 3.73925e-316 3.73925e-316 
2.42092e-322 2.42092e-322 2.42092e-322 2.42092e-322 2.42092e-322 
3.6004e-316 3.6004e-316 3.6004e-316 3.6004e-316 3.6004e-316 
8.6168e-06 8.6168e-06 8.6168e-06 8.6168e-06 8.6168e-06 
4.85574e-07 4.85574e-07 4.85574e-07 4.85574e-07 4.85574e-07 
1.55703 1.55703 1.55703 1.55703 1.55703 
-187.38 -187.38 -187.38 -187.38 -187.38 
3.21143e-322 3.21143e-322 3.21143e-322 3.21143e-322 3.21143e-322 
2.47033e-323 2.47033e-323 2.47033e-323 2.47033e-323 2.47033e-323 
1.63042e-322 1.63042e-322 1.63042e-322 1.63042e-322 1.63042e-322 
R=10parameters: 
-0.646607 -0.646607 
0.149249 0.149249 
-0.000236128 -0.000236128 
0.226533 0.226533 
-0.285272 -0.285272 
3.55727e-316 3.55727e-316 
366775 366775 
6.51179e-321 6.51179e-321 
3.62498e-316 3.62498e-316 
2.45551e-321 2.45551e-321 2.45551e-321 
6.91898e-310 6.91898e-310 6.91898e-310 
3.60078e-316 3.60078e-316 3.60078e-316 
-0.304371 -0.304371 -0.304371 
11.4994 11.4994 11.4994 
2.37152e-322 2.37152e-322 2.37152e-322 
2.37152e-322 2.37152e-322 2.37152e-322 
3.55815e-316 3.55815e-316 3.55815e-316 
0 0 0 
0 0 0 0 
0 0 0 0 
4.74303e-322 4.74303e-322 4.74303e-322 4.74303e-322 
2.37152e-322 2.37152e-322 2.37152e-322 2.37152e-322 
3.55814e-316 3.55814e-316 3.55814e-316 3.55814e-316 
3.62425e-316 3.62425e-316 3.62425e-316 3.62425e-316 
1.3725 1.3725 1.3725 1.3725 
13.4785 13.4785 13.4785 13.4785 
7.11455e-322 7.11455e-322 7.11455e-322 7.11455e-322 
2.37152e-322 2.37152e-322 2.37152e-322 
3.55815e-316 3.55815e-316 3.55815e-316 
8137.39 8137.39 8137.39 
36002.7 36002.7 36002.7 
1628.59 1628.59 1628.59 
9.48606e-322 9.48606e-322 9.48606e-322 
3.16202e-322 3.16202e-322 3.16202e-322 
3.62624e-316 3.62624e-316 3.62624e-316 
3.55728e-316 3.55728e-316 3.55728e-316 
0.000114855 0.000114855 0.000114855 0.000114855 
3.55729e-316 3.55729e-316 3.55729e-316 3.55729e-316 
2.47033e-323 2.47033e-323 2.47033e-323 2.47033e-323 
3.55729e-316 3.55729e-316 3.55729e-316 3.55729e-316 
6.91896e-310 6.91896e-310 6.91896e-310 6.91896e-310 
0 0 0 0 
9.48259e-06 9.48259e-06 9.48259e-06 9.48259e-06 
-4.16494e-06 -4.16494e-06 -4.16494e-06 -4.16494e-06 
1.87945e-05 1.87945e-05 1.87945e-05 1.87945e-05 
-3.37264e-06 -3.37264e-06 -3.37264e-06 -3.37264e-06 -3.37264e-06 
3.26551 3.26551 3.26551 3.26551 3.26551 
3.21143e-322 3.21143e-322 3.21143e-322 3.21143e-322 3.21143e-322 
3.73837e-316 3.73837e-316 3.73837e-316 3.73837e-316 3.73837e-316 
3.48316e-321 3.48316e-321 3.48316e-321 3.48316e-321 3.48316e-321 
2.47033e-323 2.47033e-323 2.47033e-323 2.47033e-323 2.47033e-323 
0.00180208 0.00180208 0.00180208 0.00180208 0.00180208 
2.58148e+09 2.58148e+09 2.58148e+09 2.58148e+09 2.58148e+09 
-11661 -11661 -11661 -11661 -11661 
R=11parameters: 
-0.64574 -0.64574 
0.149724 0.149724 
0.558211 0.558211 
1.03102 1.03102 
-11.5155 -11.5155 
3.55727e-316 3.55727e-316 
366775 366775 
6.51179e-321 6.51179e-321 
3.62498e-316 3.62498e-316 
4.00193e-322 4.00193e-322 4.00193e-322 
3.6208e-316 3.6208e-316 3.6208e-316 
3.6097e-316 3.6097e-316 3.6097e-316 
3.55729e-316 3.55729e-316 3.55729e-316 
3.55731e-316 3.55731e-316 3.55731e-316 
3.6021e-316 3.6021e-316 3.6021e-316 
3.60387e-316 3.60387e-316 3.60387e-316 
184.07 184.07 184.07 
-134.706 -134.706 -134.706 
-50.812 -50.812 -50.812 -50.812 
1.63042e-322 1.63042e-322 1.63042e-322 1.63042e-322 
6.91896e-310 6.91896e-310 6.91896e-310 6.91896e-310 
0 0 0 0 
1.58101e-322 1.58101e-322 1.58101e-322 1.58101e-322 
4.94066e-324 4.94066e-324 4.94066e-324 4.94066e-324 
3.7384e-316 3.7384e-316 3.7384e-316 3.7384e-316 
1.58101e-322 1.58101e-322 1.58101e-322 1.58101e-322 
6.91896e-310 6.91896e-310 6.91896e-310 6.91896e-310 
2.122e-314 2.122e-314 2.122e-314 
3.56187e-316 3.56187e-316 3.56187e-316 
5.58294e-322 5.58294e-322 5.58294e-322 
3.73842e-316 3.73842e-316 3.73842e-316 
-4.15586e+43 -4.15586e+43 -4.15586e+43 
1.86017e+280 1.86017e+280 1.86017e+280 
2.19993e-152 2.19993e-152 2.19993e-152 
5.28965e+180 5.28965e+180 5.28965e+180 
2.5048e+262 2.5048e+262 2.5048e+262 
1.5554e+161 1.5554e+161 1.5554e+161 1.5554e+161 
1.21906e-152 1.21906e-152 1.21906e-152 1.21906e-152 
0.0333195 0.0333195 0.0333195 0.0333195 
0.0271138 0.0271138 0.0271138 0.0271138 
0.0253535 0.0253535 0.0253535 0.0253535 
0.0213084 0.0213084 0.0213084 0.0213084 
0 0 0 0 
1.11165e-321 1.11165e-321 1.11165e-321 1.11165e-321 
3.7e-05 3.7e-05 3.7e-05 3.7e-05 
-6.25618e-06 -6.25618e-06 -6.25618e-06 -6.25618e-06 -6.25618e-06 
1.06822e-05 1.06822e-05 1.06822e-05 1.06822e-05 1.06822e-05 
9.56548e-07 9.56548e-07 9.56548e-07 9.56548e-07 9.56548e-07 
-7.76692e-06 -7.76692e-06 -7.76692e-06 -7.76692e-06 -7.76692e-06 
7.7251e-06 7.7251e-06 7.7251e-06 7.7251e-06 7.7251e-06 
0.000688941 0.000688941 0.000688941 0.000688941 0.000688941 
5.90806e-06 5.90806e-06 5.90806e-06 5.90806e-06 5.90806e-06 
3.60449e-316 3.60449e-316 3.60449e-316 3.60449e-316 3.60449e-316 
0.000381036 0.000381036 0.000381036 0.000381036 0.000381036 
T Models:
(* Fitting with shape 1 1 1 1 1 1 1 1 1 1 0 0 *)
G[T_,xx_]:=Exp[0+xx[[1]]*T^1+xx[[2]]*T^2]*(1)
(* Fitting with shape 1 1 1 1 1 1 1 1 1 1 1 0 *)
G[T_,xx_]:=Exp[0+xx[[1]]*T^1+xx[[2]]*T^2]*(1)
(* Fitting with shape 1 1 1 1 1 1 1 1 1 1 1 1 *)
G[T_,xx_]:=Exp[0+xx[[1]]*T^1+xx[[2]]*T^2]*(1)
(* Fitting with shape 0 1 1 1 1 1 1 1 1 1 0 0 *)
G[T_,xx_]:=Exp[0+xx[[1]]*T^1+xx[[2]]*T^2]*(1)
(* Fitting with shape 0 1 1 1 1 1 1 1 1 1 1 0 *)
G[T_,xx_]:=Exp[0+xx[[1]]*T^1+xx[[2]]*T^2]*(1)
(* Fitting with shape 0 1 1 1 1 1 1 1 1 1 1 1 *)
G[T_,xx_]:=Exp[0+xx[[1]]*T^1+xx[[2]]*T^2]*(1)
(* Fitting with shape 0 0 1 1 1 1 1 1 1 1 0 0 *)
G[T_,xx_]:=Exp[0+xx[[1]]*T^1+xx[[2]]*T^2]*(1)
(* Fitting with shape 0 0 1 1 1 1 1 1 1 1 1 0 *)
G[T_,xx_]:=Exp[0+xx[[1]]*T^1+xx[[2]]*T^2]*(1)
(* Fitting with shape 0 0 1 1 1 1 1 1 1 1 1 1 *)
G[T_,xx_]:=Exp[0+xx[[1]]*T^1+xx[[2]]*T^2]*(1)
(* Fitting with shape 1 1 1 1 1 1 1 1 1 1 0 0 *)
G[T_,xx_]:=Exp[0+xx[[1]]*T^1+xx[[2]]*T^2]*(1+xx[[3]]/(T^1))
(* Fitting with shape 1 1 1 1 1 1 1 1 1 1 1 0 *)
G[T_,xx_]:=Exp[0+xx[[1]]*T^1+xx[[2]]*T^2]*(1+xx[[3]]/(T^1))
(* Fitting with shape 1 1 1 1 1 1 1 1 1 1 1 1 *)
G[T_,xx_]:=Exp[0+xx[[1]]*T^1+xx[[2]]*T^2]*(1+xx[[3]]/(T^1))
(* Fitting with shape 0 1 1 1 1 1 1 1 1 1 0 0 *)
G[T_,xx_]:=Exp[0+xx[[1]]*T^1+xx[[2]]*T^2]*(1+xx[[3]]/(T^1))
(* Fitting with shape 0 1 1 1 1 1 1 1 1 1 1 0 *)
G[T_,xx_]:=Exp[0+xx[[1]]*T^1+xx[[2]]*T^2]*(1+xx[[3]]/(T^1))
(* Fitting with shape 0 1 1 1 1 1 1 1 1 1 1 1 *)
G[T_,xx_]:=Exp[0+xx[[1]]*T^1+xx[[2]]*T^2]*(1+xx[[3]]/(T^1))
(* Fitting with shape 0 0 1 1 1 1 1 1 1 1 0 0 *)
G[T_,xx_]:=Exp[0+xx[[1]]*T^1+xx[[2]]*T^2]*(1+xx[[3]]/(T^1))
(* Fitting with shape 0 0 1 1 1 1 1 1 1 1 1 0 *)
G[T_,xx_]:=Exp[0+xx[[1]]*T^1+xx[[2]]*T^2]*(1+xx[[3]]/(T^1))
(* Fitting with shape 0 0 1 1 1 1 1 1 1 1 1 1 *)
G[T_,xx_]:=Exp[0+xx[[1]]*T^1+xx[[2]]*T^2]*(1+xx[[3]]/(T^1))
(* Fitting with shape 1 1 1 1 1 1 1 1 1 1 0 0 *)
G[T_,xx_]:=Exp[0+xx[[1]]*T^1+xx[[2]]*T^2]*(1+xx[[3]]/(T^1)+xx[[4]]/(T^2))
(* Fitting with shape 1 1 1 1 1 1 1 1 1 1 1 0 *)
G[T_,xx_]:=Exp[0+xx[[1]]*T^1+xx[[2]]*T^2]*(1+xx[[3]]/(T^1)+xx[[4]]/(T^2))
(* Fitting with shape 1 1 1 1 1 1 1 1 1 1 1 1 *)
G[T_,xx_]:=Exp[0+xx[[1]]*T^1+xx[[2]]*T^2]*(1+xx[[3]]/(T^1)+xx[[4]]/(T^2))
(* Fitting with shape 0 1 1 1 1 1 1 1 1 1 0 0 *)
G[T_,xx_]:=Exp[0+xx[[1]]*T^1+xx[[2]]*T^2]*(1+xx[[3]]/(T^1)+xx[[4]]/(T^2))
(* Fitting with shape 0 1 1 1 1 1 1 1 1 1 1 0 *)
G[T_,xx_]:=Exp[0+xx[[1]]*T^1+xx[[2]]*T^2]*(1+xx[[3]]/(T^1)+xx[[4]]/(T^2))
(* Fitting with shape 0 1 1 1 1 1 1 1 1 1 1 1 *)
G[T_,xx_]:=Exp[0+xx[[1]]*T^1+xx[[2]]*T^2]*(1+xx[[3]]/(T^1)+xx[[4]]/(T^2))
(* Fitting with shape 0 0 1 1 1 1 1 1 1 1 0 0 *)
G[T_,xx_]:=Exp[0+xx[[1]]*T^1+xx[[2]]*T^2]*(1+xx[[3]]/(T^1)+xx[[4]]/(T^2))
(* Fitting with shape 0 0 1 1 1 1 1 1 1 1 1 0 *)
G[T_,xx_]:=Exp[0+xx[[1]]*T^1+xx[[2]]*T^2]*(1+xx[[3]]/(T^1)+xx[[4]]/(T^2))
(* Fitting with shape 0 0 1 1 1 1 1 1 1 1 1 1 *)
G[T_,xx_]:=Exp[0+xx[[1]]*T^1+xx[[2]]*T^2]*(1+xx[[3]]/(T^1)+xx[[4]]/(T^2))
(* Fitting with shape 1 1 1 1 1 1 1 1 1 1 0 0 *)
G[T_,xx_]:=Exp[0+xx[[1]]*T^1+xx[[2]]*T^2+xx[[3]]*T^3]*(1)
(* Fitting with shape 1 1 1 1 1 1 1 1 1 1 1 0 *)
G[T_,xx_]:=Exp[0+xx[[1]]*T^1+xx[[2]]*T^2+xx[[3]]*T^3]*(1)
(* Fitting with shape 1 1 1 1 1 1 1 1 1 1 1 1 *)
G[T_,xx_]:=Exp[0+xx[[1]]*T^1+xx[[2]]*T^2+xx[[3]]*T^3]*(1)
(* Fitting with shape 0 1 1 1 1 1 1 1 1 1 0 0 *)
G[T_,xx_]:=Exp[0+xx[[1]]*T^1+xx[[2]]*T^2+xx[[3]]*T^3]*(1)
(* Fitting with shape 0 1 1 1 1 1 1 1 1 1 1 0 *)
G[T_,xx_]:=Exp[0+xx[[1]]*T^1+xx[[2]]*T^2+xx[[3]]*T^3]*(1)
(* Fitting with shape 0 1 1 1 1 1 1 1 1 1 1 1 *)
G[T_,xx_]:=Exp[0+xx[[1]]*T^1+xx[[2]]*T^2+xx[[3]]*T^3]*(1)
(* Fitting with shape 0 0 1 1 1 1 1 1 1 1 0 0 *)
G[T_,xx_]:=Exp[0+xx[[1]]*T^1+xx[[2]]*T^2+xx[[3]]*T^3]*(1)
(* Fitting with shape 0 0 1 1 1 1 1 1 1 1 1 0 *)
G[T_,xx_]:=Exp[0+xx[[1]]*T^1+xx[[2]]*T^2+xx[[3]]*T^3]*(1)
(* Fitting with shape 0 0 1 1 1 1 1 1 1 1 1 1 *)
G[T_,xx_]:=Exp[0+xx[[1]]*T^1+xx[[2]]*T^2+xx[[3]]*T^3]*(1)
(* Fitting with shape 1 1 1 1 1 1 1 1 1 1 0 0 *)
G[T_,xx_]:=Exp[0+xx[[1]]*T^1+xx[[2]]*T^2+xx[[3]]*T^3]*(1+xx[[4]]/(T^1))
(* Fitting with shape 1 1 1 1 1 1 1 1 1 1 1 0 *)
G[T_,xx_]:=Exp[0+xx[[1]]*T^1+xx[[2]]*T^2+xx[[3]]*T^3]*(1+xx[[4]]/(T^1))
(* Fitting with shape 1 1 1 1 1 1 1 1 1 1 1 1 *)
G[T_,xx_]:=Exp[0+xx[[1]]*T^1+xx[[2]]*T^2+xx[[3]]*T^3]*(1+xx[[4]]/(T^1))
(* Fitting with shape 0 1 1 1 1 1 1 1 1 1 0 0 *)
G[T_,xx_]:=Exp[0+xx[[1]]*T^1+xx[[2]]*T^2+xx[[3]]*T^3]*(1+xx[[4]]/(T^1))
(* Fitting with shape 0 1 1 1 1 1 1 1 1 1 1 0 *)
G[T_,xx_]:=Exp[0+xx[[1]]*T^1+xx[[2]]*T^2+xx[[3]]*T^3]*(1+xx[[4]]/(T^1))
(* Fitting with shape 0 1 1 1 1 1 1 1 1 1 1 1 *)
G[T_,xx_]:=Exp[0+xx[[1]]*T^1+xx[[2]]*T^2+xx[[3]]*T^3]*(1+xx[[4]]/(T^1))
(* Fitting with shape 0 0 1 1 1 1 1 1 1 1 0 0 *)
G[T_,xx_]:=Exp[0+xx[[1]]*T^1+xx[[2]]*T^2+xx[[3]]*T^3]*(1+xx[[4]]/(T^1))
(* Fitting with shape 0 0 1 1 1 1 1 1 1 1 1 0 *)
G[T_,xx_]:=Exp[0+xx[[1]]*T^1+xx[[2]]*T^2+xx[[3]]*T^3]*(1+xx[[4]]/(T^1))
(* Fitting with shape 0 0 1 1 1 1 1 1 1 1 1 1 *)
G[T_,xx_]:=Exp[0+xx[[1]]*T^1+xx[[2]]*T^2+xx[[3]]*T^3]*(1+xx[[4]]/(T^1))
(* Fitting with shape 1 1 1 1 1 1 1 1 1 1 0 0 *)
G[T_,xx_]:=Exp[0+xx[[1]]*T^1+xx[[2]]*T^2+xx[[3]]*T^3]*(1+xx[[4]]/(T^1)+xx[[5]]/(T^2))
(* Fitting with shape 1 1 1 1 1 1 1 1 1 1 1 0 *)
G[T_,xx_]:=Exp[0+xx[[1]]*T^1+xx[[2]]*T^2+xx[[3]]*T^3]*(1+xx[[4]]/(T^1)+xx[[5]]/(T^2))
(* Fitting with shape 1 1 1 1 1 1 1 1 1 1 1 1 *)
G[T_,xx_]:=Exp[0+xx[[1]]*T^1+xx[[2]]*T^2+xx[[3]]*T^3]*(1+xx[[4]]/(T^1)+xx[[5]]/(T^2))
(* Fitting with shape 0 1 1 1 1 1 1 1 1 1 0 0 *)
G[T_,xx_]:=Exp[0+xx[[1]]*T^1+xx[[2]]*T^2+xx[[3]]*T^3]*(1+xx[[4]]/(T^1)+xx[[5]]/(T^2))
(* Fitting with shape 0 1 1 1 1 1 1 1 1 1 1 0 *)
G[T_,xx_]:=Exp[0+xx[[1]]*T^1+xx[[2]]*T^2+xx[[3]]*T^3]*(1+xx[[4]]/(T^1)+xx[[5]]/(T^2))
(* Fitting with shape 0 1 1 1 1 1 1 1 1 1 1 1 *)
G[T_,xx_]:=Exp[0+xx[[1]]*T^1+xx[[2]]*T^2+xx[[3]]*T^3]*(1+xx[[4]]/(T^1)+xx[[5]]/(T^2))
(* Fitting with shape 0 0 1 1 1 1 1 1 1 1 0 0 *)
G[T_,xx_]:=Exp[0+xx[[1]]*T^1+xx[[2]]*T^2+xx[[3]]*T^3]*(1+xx[[4]]/(T^1)+xx[[5]]/(T^2))
(* Fitting with shape 0 0 1 1 1 1 1 1 1 1 1 0 *)
G[T_,xx_]:=Exp[0+xx[[1]]*T^1+xx[[2]]*T^2+xx[[3]]*T^3]*(1+xx[[4]]/(T^1)+xx[[5]]/(T^2))
(* Fitting with shape 0 0 1 1 1 1 1 1 1 1 1 1 *)
G[T_,xx_]:=Exp[0+xx[[1]]*T^1+xx[[2]]*T^2+xx[[3]]*T^3]*(1+xx[[4]]/(T^1)+xx[[5]]/(T^2))
Probabilities: 
        0         0         0         0         0         0         0         0         0         0         0         0         0         0         0         0         0         0         0         0         0         0         0         0   0.42656         0         0         0         0         0         0         0         0         0         0         0         0         0         0         0         0         0         0         0         0         0         0         0         0         0         0   0.57344         0         0
        0         0         0         0         0         0         0         0         0         0         0         0         0         0         0         0         0         0         0         0         0         0         0         0  0.971173         0         0         0         0         0         0         0         0         0         0         0         0         0         0         0         0         0 0.0288266         0         0         0         0         0         0         0         0         0         0         0
        0         0         0         0         0         0         0         0         0         0         0         0         0         0         0         0         0         0         0         0         0         0         0         0  0.896457         0         0         0         0         0         0         0         0         0         0         0         0         0         0         0         0         0  0.103543         0         0         0         0         0         0         0         0         0         0         0
        0         0         0         0         0         0         0         0         0         0         0         0         0         0         0         0         0         0         0         0         0         0         0         0  0.603107         0         0         0         0         0         0         0         0         0         0         0         0         0         0         0         0         0  0.154547         0         0         0         0         0         0         0         0  0.242346         0         0
        0         0         0         0         0         0         0         0         0         0         0         0         0         0         0         0         0         0         0         0         0         0         0         0  0.716473         0         0         0         0         0         0         0         0         0         0         0         0         0         0         0         0         0         0         0         0         0         0         0         0         0         0  0.283527         0         0
        0         0         0         0         0         0         0         0         0         0         0         0         0         0         0         0         0         0         0         0         0         0         0         0  0.569329         0         0         0         0         0         0         0         0         0         0         0         0         0         0         0         0         0  0.214816         0         0         0         0         0         0         0         0  0.215855         0         0
        0         0         0         0         0         0         0         0         0         0         0         0         0         0         0         0         0         0         0         0         0         0         0         0  0.551094         0         0         0         0         0         0         0         0         0         0         0         0         0         0         0         0         0  0.242724         0         0         0         0         0         0         0         0  0.206182         0         0
        0         0         0         0         0         0         0         0         0         0         0         0         0         0         0         0         0         0         0         0         0         0         0         0         0         0         0         0         0         0         0         0         0         0         0         0         0         0         0         0         0         0         0         0         0         0         0         0         0         0         0         1         0         0
        0         0         0         0         0         0         0         0         0         0         0         0         0         0         0         0         0         0         0         0         0         0         0         0  0.623127         0         0         0         0         0         0         0         0         0         0         0         0         0         0         0         0         0  0.376873         0         0         0         0         0         0         0         0         0         0         0
        0         0         0         0         0         0         0         0         0         0         0         0         0         0         0         0         0         0         0         0         0         0         0         0         0         0         0         0         0         0         0         0         0         0         0         0         0         0         0         0         0         0         1         0         0         0         0         0         0         0         0         0         0         0
        0         0         0         0         0         0         0         0         0         0         0         0         0         0         0         0         0         0         0         0         0         0         0         0         0         0         0         0         0         0         0         0         0         0         0         0         0         0         0         0         0         0         1         0         0         0         0         0         0         0         0         0         0         0
        0         0         0         0         0         0         0         0         0         0         0         0         0         0         0         0         0         0         0         0         0         0         0         0         0         0         0         0         0         0         0         0         0         0         0         0         0         0         0         0         0         0         1         0         0         0         0         0         0         0         0         0         0         0

Values: 
  0.663453   0.446874  0.0755717  0.0754979   0.203285  0.0754894   0.200122    0.19921  0.0753768   0.407997   0.287588   0.205722  0.0749643  0.0749607   0.291571   0.442403   0.463076  0.0748081  0.0748196   0.326249  0.0748151  0.0746945  0.0746945   0.389564  0.0746125  0.0746142  0.0746089  0.0761262  0.0760957    1.20373    1.15313    1.16278    1.06825    1.05591    1.32057  0.0758178   0.899601   0.873845  0.0310043   0.806178  0.0753266  0.0753136  -0.794104  0.0751364  0.0751263   0.866664  0.0751184  0.0751102   0.948529  0.0748825  0.0748941  0.0743543  0.0744211  0.0745472
   0.10359   0.135622   0.103565    0.10362   0.103579   0.103575   0.103643   0.213892   0.131458   0.103436   0.103403   0.103399   0.127889   0.103137   0.332619   0.102975   0.423546   0.102935   0.102959   0.102935   0.102931   0.102776   0.384197   0.102734   0.102589   0.102567   0.102549   0.969968   0.105215   0.212925    1.10291    1.32273    1.18257    1.11201    1.09856    1.03088   0.898545   0.104664   0.934283    1.17319   0.104092    1.50136   0.104002   0.103933   0.103899  -0.165877   0.583279    0.10372   0.103722   0.910884   0.103623    8.99089   0.102865   0.625321
  0.206272    0.11664    0.11653   0.228783   0.571204   0.683124   0.290991   0.229368   0.198404   0.116808   0.116664   0.116614   0.116523   0.116444   0.261262   0.132809   0.116188   0.437997   0.116233   0.116163   0.116116    0.11595   0.376077    0.11583   0.115559   0.115518   0.781069    1.12561    1.08805    1.15648    1.08703    1.20478    1.18832    1.06114    1.02573   0.152645   0.919432   0.119047   0.958227   0.118328   0.118209   0.118091   0.118316   0.706698   0.117945          1          1          1   0.703379   -1.08418   0.269736   0.719562   0.116071   0.116207
  0.134247    0.12461   0.124377   0.125178    0.25098   0.380137   0.125554   0.125326   0.257496    0.12519   0.124924   0.124807   0.124888   0.124739   0.124632   0.124545   0.124391     0.1243   0.124497   0.124357    0.12428   0.124096   0.123944   0.217848   0.123458   0.123357    0.54288    1.16812    1.01393    1.25986    1.27733   0.129585  0.0989555      1.004    1.15511    1.31234   0.128914   0.128724    0.97445    0.12773   0.127602   0.127281   0.128025    0.12773   0.127321   0.127069    0.12699          1   0.127979    0.35514   0.126888   0.124394   0.124916    1.91156
  0.130722    0.13046    0.12996   0.689134   0.130779   0.259501   0.284718   0.131551   0.131052   0.145019   0.131024   0.130778   0.131182   0.130987   0.130783   0.463533   0.130585   0.130428   0.209702    0.13053   0.130389   0.130237   0.130037   0.129932    0.12935   0.129209    0.12916      1.195    1.13665    1.16455    1.19461    1.17628    1.11791    1.04206    1.03835   0.974104   0.937796   0.885775   0.135839    0.95962   0.134813   0.479894   0.804353    0.13521   0.134732  0.0256273  0.0968318   0.133619   0.135732   0.908364   0.838743   0.130643    2.07861   0.130952
  0.135531   0.135134   0.134415   0.241128   0.135656   0.135169   0.137211   0.136791   0.136186   0.136629   0.136104   0.135795   0.136392   0.303355   0.286368   0.155207   0.135696   0.135491   0.135831   0.239005   0.239754   0.135313   0.135061   0.220184    0.13422   0.134028   0.393062   0.144571    1.11645    1.05753    1.10111    1.09859    1.17035    1.09927    1.15344    0.98069   0.168427   0.142534   0.142069   0.902809   0.835785   0.960786    0.14176    1.00421   0.140866   0.883187   0.139806   0.139365   0.605394   0.141492    1.01869   0.135384    0.13695   0.136499
  0.139923   0.139391   0.138504   0.140823   0.139979   0.288443   0.141799   0.141241   0.140469   0.141144   0.140474   0.140083   0.140867    0.31231    0.14025    0.14041   0.140079   0.139826    0.14025   0.139949   0.241284   0.139741   0.139396   0.139204   0.138462   0.138187   0.566071    1.14975    1.24917    1.18073    1.10304    1.09659    1.09046    1.06462    1.06849   0.988041   0.147933    0.14782   0.872581   0.761287   0.912056    1.45223   0.147141   0.553028   0.819339    0.93451   0.144744    0.81589    0.97457   0.147384    1.03187   0.139595    1.25245          1
  0.143471   0.142851   0.141792   0.144483   0.143506   0.182241   0.145607    0.22711   0.257496   0.223522   0.226385   0.226146   0.812816   0.304037   0.143769   0.144056   0.143659   0.596436   0.521752   0.432144   0.143215   0.143327   0.142902   0.142623   0.525933   0.141439   0.141268    1.30448   0.206549    1.10776    1.23178    1.09783    1.09091    1.31398   0.982402    0.98878   0.279885   0.699061   0.975687   0.890469   0.916477   0.252088   0.946407   0.637548   0.151018   0.895007   0.148964   0.806334    1.23064    0.15263   0.932401   0.143936   0.147025   0.146065
  0.146474   0.145812   0.144719   0.147649   0.540343   0.310948   0.148834   0.148179   0.147237   0.147974   0.147184   0.146661    0.14756   0.147159   0.146778   0.506998   0.146631   0.146271   0.612643    0.58189   0.146145   0.146302   0.224603   0.145514   0.144556   0.144117   0.143948    0.99269   0.987448    0.15718    1.22379    1.09944    1.09191    1.12942   0.156529    1.01639   0.155785    1.02358   0.236853   0.153046   0.876067    1.08112   0.155651   0.155557   0.708099   0.830403   0.344794   0.151698   0.157201    1.23687   0.865506   0.661956   0.150741    1.79264
  0.148559   0.147905   0.146672   0.149821   0.148806   0.329661   0.151092   0.150444   0.307942   0.136269   0.149378   0.148822   0.149699   0.149286   0.148875   0.254253   0.148744   0.148336   0.639873   0.623049   0.148197    0.14843   0.896259   0.147547   0.526636   0.552012   0.145846    1.27073   0.160531    1.04388    1.11068    1.10233    1.09323          1    1.13473    1.28832   0.158245   0.971121   0.956477   0.155315   0.916627   0.155286   0.158313   0.158292   0.157508   0.153989   0.856547   0.932234   0.778953   0.159863    0.88441   0.558099   0.153527   0.152291
  0.149921   0.149249   0.147942   0.151229    0.61393   0.793415   0.152539   0.151936   0.266059   0.151506   0.150755   0.150201   0.150972   0.150573   0.150175   0.150465   0.448286   0.337858   0.674425   0.670595   0.149431    0.22309   0.179065   0.148752   0.450344   0.147205    0.43277    1.09736   0.162189    1.03028    1.11109    1.24804    1.09433          1    1.04098    1.00565   0.966944    0.97035   0.968777   0.898717   0.157044   0.819071   0.159989   -20.8733   0.841856   0.908445  -0.100764 -0.0903859   0.653861   0.161535    1.19736  -0.729773   0.154757   0.717854
  0.150402   0.149724   0.148389   0.178426   0.150773   0.757584   0.153053   0.152475   0.269086   0.152003    0.15128   0.150708   0.151383   0.150974   0.150553   0.150864   0.150392   0.149923   0.645409   0.645673   0.149768   0.150032   0.260136   0.149051   0.518007   0.422101   0.510362     1.1051   0.162807    0.95463    1.22428    1.10166     1.0929    1.25166          1   0.258114   0.963438    0.16041   0.159779   0.157213   0.157588   0.157238    0.16065   0.722985   0.159778   0.155846   0.921247    0.81941   0.162833   0.162378   0.160864    1.11148   0.155574   0.641574

Errors: 
    1.32444    0.509836 1.50831e-05 1.52549e-05  0.00140461 1.52199e-05  0.00175393  0.00169786 1.56841e-05     1.12051     0.53072    0.399981 1.93514e-05 1.91902e-05    0.371277    0.567476     0.66016 2.18813e-05  2.1621e-05     0.74974 2.13293e-05 2.56302e-05 2.53141e-05    0.719751 3.09721e-05  3.0296e-05 3.02646e-05 1.96457e-05 1.95008e-05           0           0           0           0      1.0013     1.00002 2.03715e-05  0.00965372    0.487172 1.90832e-06           1 3.11484e-05 3.02717e-05 0.000357808 4.85945e-05 4.49507e-05   0.0086642 4.09992e-05 3.89422e-05           1 7.65666e-05 7.06194e-05 0.000163361 0.000134351 0.000116027
4.13446e-05           0 4.10208e-05 4.14496e-05 4.11187e-05 4.12132e-05 4.17267e-05           0           0 4.18965e-05 4.17497e-05 4.15819e-05           0 4.36674e-05           0 5.02131e-05           0 4.88804e-05 4.79317e-05  4.6828e-05 4.68674e-05 5.94125e-05           0 5.69452e-05 7.38575e-05 7.08234e-05 6.94125e-05           0 6.90212e-05           1     1.00029           1           0           0     1.00319           0           0 7.31994e-05           0     1.00004  9.9214e-05           1  0.00016032 0.000146602 0.000137744 0.000120175 8.42872e-05 0.000115482 0.000264583 0.000959871  0.00021197     1.00194 0.000418337  0.00119709
          1 7.82819e-05 7.65401e-05           0           0           0           0           0           0 8.09404e-05 7.94185e-05 8.00043e-05 8.36031e-05 8.06595e-05           0           1 8.88944e-05           0 9.00857e-05 8.40697e-05 8.26478e-05 0.000109544           0 9.81155e-05 0.000143865 0.000131307           0           0           0           0           0           0           0     1.00551     1.01138     1.00002           0 0.000154485           0 0.000224664 0.000205336 0.000193573 0.000347487     1.00001  0.00027591   0.0171685  0.00819189  0.00736683    0.942623           1           1           1 0.000891063 0.000702306
          0 0.000126884 0.000124105 0.000138315           0           0 0.000140402 0.000136865           0 0.000136156 0.000133073 0.000130296 0.000137108 0.000133558 0.000131176 0.000173888 0.000146347   0.0001398 0.000145042  0.00014256 0.000136046 0.000181065  0.00016925           0 0.000231684 0.000209402           0           0           0           0           0 0.000260254     1.00002           0     1.00163     1.00045 0.000295489 0.000265561           0 0.000387438 0.000351858 0.000308824 0.000593068 0.000503939 0.000458788 0.000500988 0.000446816    0.013651 0.000961777    0.998491 0.000696715  0.00218918  0.00154302           1
0.000195417 0.000190567 0.000181709           0 0.000196114           0           0 0.000209659    0.000201           0   0.0002094 0.000194037 0.000211148 0.000202891 0.000199633           0 0.000217891 0.000203461           0 0.000203446 0.000197817  0.00026143 0.000246864 0.000224598 0.000337994 0.000306114 0.000275718           0           0           0           0           0           0     1.37325     1.03162           0           0           0 0.000374092     1.00048 0.000519932     1.00001     1.00076 0.000765671 0.000697875  0.00231414     1.00001  0.00056896  0.00143486     1.00003     1.00003  0.00327042           1  0.00182212
 0.00027811 0.000267556 0.000252255           0 0.000277257 0.000270566 0.000309338 0.000312685 0.000290287 0.000297189 0.000287289 0.000279336 0.000298143           0           0     1.00006 0.000308076 0.000293428 0.000305651           0           0 0.000363848 0.000346198           0 0.000467342 0.000424218           0 0.000548436           0           0           0           0           0     1.07168     1.01758     1.23951     1.00005 0.000545109 0.000520365     1.05983           0     1.00018  0.00122497     1.42104 0.000956593  0.00298726  0.00092167 0.000789452 0.000153965  0.00161812  0.00461411  0.00450581  0.00319545  0.00250784
0.000365191 0.000351614 0.000332849 0.000387777 0.000366521           0 0.000411855 0.000396508 0.000398286 0.000393837 0.000378857  0.00036828 0.000401793           0 0.000395637 0.000416918 0.000405173 0.000376866 0.000410958 0.000382355           0 0.000470117 0.000437851 0.000405243 0.000588041 0.000537968           0           0           0           0           0           0           0     1.45074     1.30211     1.42286 0.000766955  0.00070324           0     1.00013      1.0007           1  0.00156233           1     1.00025  0.00123679  0.00116742     1.53789     1.00035   0.0020621 0.000184804  0.00575494     1.00102    0.286702
0.000460851 0.000436407 0.000413939 0.000492445 0.000439534           0 0.000507946           0           0           0           0           0           0           0 0.000466536 0.000520662 0.000480812           0           0           0 0.000464558  0.00057795 0.000549512 0.000502294           0 0.000667572 0.000601897           0     1.00003           0           0           0           0     1.00212           0     1.13525           1           1           0      1.0016           0     1.00001     1.03137     1.00003  0.00153377  0.00520973  0.00141353  0.00100398   0.0015624  0.00254862     1.00008  0.00687337  0.00491631  0.00385503
0.000551771 0.000537502 0.000507365 0.000592017           0           0 0.000625017 0.000601537 0.000583962 0.000591997 0.000575103 0.000564206 0.000606887 0.000578964 0.000578165           0 0.000606888 0.000574609           0           0 0.000549797 0.000678265           0  0.00060007 0.000877001 0.000794664  0.00072367           0           0 0.000915746           0           0           0     1.03344 0.000972988     1.29159  0.00105202           0     0.11284  0.00139152      1.0028      1.0001  0.00218983  0.00193626     1.00014     1.66357 0.000101999   0.0014016  0.00350013  0.00248241  0.00948622   0.0222714  0.00564357           1
0.000622345 0.000606455 0.000575886 0.000658977 0.000643413           0 0.000698369 0.000686333           0           0 0.000653507 0.000638808 0.000655276 0.000649585 0.000645738           0 0.000672709 0.000648896           0           0 0.000633739  0.00077851           0 0.000647798           0           0 0.000819689           0  0.00103772           0           0           0           0           0     1.00488     1.00266  0.00118775           0           0  0.00153866     1.00017  0.00125458  0.00246822  0.00214978  0.00191801  0.00187624  0.00250544  0.00228911  0.00535849  0.00318073  0.00696115     1.00267  0.00624098  0.00494759
 0.00068002 0.000664276 0.000631154  0.00071444           0           0 0.000747079 0.000749898           0 0.000716191 0.000705815 0.000697288   0.0007231 0.000702476 0.000726862 0.000758132           0           0           0           0 0.000711636           0           0 0.000739429           0 0.000958884           0           0  0.00113533           0           0           0           0           0     1.02586           0           0           0           0     1.00163  0.00152743     1.00614  0.00261032           0     1.03963  0.00128946  0.00127259  0.00159552    0.068702  0.00345041  0.00217279     1.08432   0.0066334     1.00014
0.000697671 0.000685327 0.000654647           0 0.000730422           0  0.00077326 0.000769119           0 0.000746187 0.000758087 0.000713622 0.000742863 0.000727155 0.000719237 0.000779989 0.000766208 0.000733166           0           0 0.000712261 0.000832228           0 0.000777855           0           0           0           0  0.00112217           0           0           0           0           0           0     1.00054           0  0.00118632   0.0011238  0.00158876  0.00156513  0.00135381  0.00269222     1.00009  0.00216487  0.00216983  0.00173238     3.25995  0.00419222  0.00344489  0.00305429 0.000705157  0.00675647     1.00002

Statuses: 
3 3 0 0 3 0 3 3 0 3 3 3 0 0 3 3 3 0 0 3 0 0 0 3 0 0 0 0 0 3 3 3 3 3 3 0 3 3 3 3 0 0 1 0 0 3 0 0 3 0 0 0 0 0
0 3 0 0 0 0 0 3 3 0 0 0 3 0 3 0 3 0 0 0 0 0 3 0 0 0 0 3 0 3 3 3 3 3 3 3 3 0 3 3 0 3 0 0 0 3 3 0 0 3 0 3 0 3
3 0 0 3 3 3 3 3 3 0 0 0 0 0 3 3 0 3 0 0 0 0 3 0 0 0 3 3 3 3 3 3 3 3 3 3 3 0 3 0 0 0 0 3 0 3 3 3 3 3 3 3 0 0
3 0 0 0 3 3 0 0 3 0 0 0 0 0 0 0 0 0 0 0 0 0 0 3 0 0 3 3 3 3 3 0 3 3 3 3 0 0 3 0 0 0 0 0 0 0 0 3 0 3 0 0 0 3
0 0 0 3 0 3 3 0 0 3 0 0 0 0 0 3 0 0 3 0 0 0 0 0 0 0 0 3 3 3 3 3 3 3 3 3 3 3 0 3 0 3 3 0 0 3 3 0 0 3 3 0 3 0
0 0 0 3 0 0 0 0 0 0 0 0 0 3 3 3 0 0 0 3 3 0 0 3 0 0 3 0 3 3 3 3 3 3 3 3 3 0 0 3 3 3 0 3 0 3 0 0 3 0 3 0 0 0
0 0 0 0 0 3 0 0 0 0 0 0 0 3 0 0 0 0 0 0 3 0 0 0 0 0 3 3 3 3 3 3 3 3 3 3 0 0 3 3 3 3 0 3 3 3 0 3 3 0 3 0 3 3
0 0 0 0 0 3 0 3 3 3 3 3 3 3 0 0 0 3 3 3 0 0 0 0 3 0 0 3 3 3 3 3 3 3 3 3 3 3 3 3 3 3 3 3 0 3 0 3 3 0 3 0 0 0
0 0 0 0 3 3 0 0 0 0 0 0 0 0 0 3 0 0 3 3 0 0 3 0 0 0 0 3 3 0 3 3 3 3 0 3 0 3 3 0 3 3 0 0 3 3 3 0 0 3 3 3 0 3
0 0 0 0 0 3 0 0 3 3 0 0 0 0 0 3 0 0 3 3 0 0 3 0 3 3 0 3 0 3 3 3 3 3 3 3 0 3 3 0 3 0 0 0 0 0 3 3 3 0 3 3 0 0
0 0 0 0 3 3 0 0 3 0 0 0 0 0 0 0 3 3 3 3 0 3 3 0 3 0 3 3 0 3 3 3 3 3 3 3 3 3 3 3 0 3 0 3 3 3 0 1 3 0 3 3 0 3
0 0 0 3 0 3 0 0 3 0 0 0 0 0 0 0 0 0 3 3 0 0 3 0 3 3 3 3 0 3 3 3 3 3 3 3 3 0 0 0 0 0 0 3 0 0 3 3 0 0 0 3 0 3
chisq per dof: 
36118.9 27005.3 4.19455 3.56779 23094.4 3.06157 29851.1 25480.3 2.53459 41370.8 32998.7 28813.3 1.82864 1.71235 27180.1 45816.7 39242.8 1.52436 1.79253 41615.4  1.6005 1.83594 1.69661 34861.6 2.00613 1.80505 1.67274 3.43537 3.26863 46277.8 62209.9 53276.5 50762.5 70367.2 57500.9 1.74161 60859.9 50270.1 20402.3 75188.4 1.73665 1.63482 77566.5 1.84776 1.70697 81459.4 1.87103 1.74711 56117.5 2.02629 1.85542  2.6688  2.2525 2.00687
2.61214 363.922 2.36761  2.3164 2.21042 2.08723 2.05242 1453.92 363.944 1.90622  1.8494 1.75783 660.724 1.56103 1816.11 1.68188 2254.47 1.49939  1.7274 1.62924 1.55989 1.83507 2907.76 1.60236 2.01099 1.81043 1.67799 4097.16 1.95377 1578.89 5887.72 4696.91 4283.32 6062.54 5166.19 4569.43 5075.07  1.6602 4589.12 6264.04 1.68596 4016.52 2.02329 1.82013 1.68398 1156.38 5619.35 1.72663 2.27039 6905.36 1.84739 8438.51 2.26213 5835.73
219.158 1.98513 1.92866 383.815 607.037 623.019 407.782 246.053 179.718 1.74176 1.71498 1.64568 1.60176 1.52926 275.647 40.5955 1.56571 422.982 1.71658 1.62053 1.55165 1.83418 540.155 1.60155 2.01095 1.80941 906.629 1293.69 1071.56 1067.19 1727.95 1347.06 1250.03 1721.92 1446.71 185.573 1487.82 1.62182 1322.09  1.8148 1.68116 1.58557  2.0185 1650.37 1.68256 3147.34 2732.45 2365.28 2095.11 570.834 372.807 919.443 2.26108 2.00895
5.94938 1.81471 1.78398 1.77573 81.0243 143.701  1.6865 1.65306 91.1524 1.67447 1.66202 1.60581 1.58514 1.51918 1.47016 1.66565 1.56851 1.49132 1.71392 1.62134 1.54986 1.83758 1.70472 114.403 2.01258 1.81137 250.561 587.866 415.061 496.734 747.708 1.50721 288.124  733.96 608.382   499.2 1.70451 1.60606 615.454 1.81447 1.67942  1.5859 2.01734 1.81513 1.68353 2.01605 1.84686 1018.81 2.26795 729.892 1.84976 2.68302 2.26245 561.411
1.76753 1.71246 1.70127 194.757 1.69293 34.9856 61.3897 1.59741 1.59368 41.9966 1.62631 1.57797  1.5709 1.50421 1.45751  124.75 1.55925 1.48382 242.892 1.61457 1.54416 1.83516 1.70197  1.6027  2.0134 1.81199 1.67683 325.432 269.051 265.654 369.272 322.026  327.91 403.563 336.486 304.713  381.02 333.922 1.53518 511.719 1.67948 169.324 472.746 1.81467 1.68154 266.141 37.2149 1.72802 2.26816 512.827 433.728 2.68419  397.03 2.01086
1.69627 1.65054 1.64678 25.6848 1.62822 1.59912 1.57342 1.53775 1.53054   1.604 1.58151 1.53616 1.55551 36.9725   30.59 5.00851 1.54849 1.47473 1.69962 154.765  118.17 1.83041 1.69729 20.9138 2.01295 1.81168 58.3301 1.51608 172.407  150.29 272.558 233.921 210.724 257.011 214.772  199.86 32.6442 1.59649  1.5288 325.637 226.282 239.485 2.01636 257.874 1.67959 365.045 1.84703 1.72689 353.874 2.01426 266.299 2.68379 2.26322 2.01064
1.61244 1.57353  1.5677 1.56783 1.55726 15.6581 1.52188 1.48965 1.48113 1.56875 1.54382 1.50003 1.54578 23.8366 1.43047 1.64158 1.54413 1.47044 1.69566  1.6029 101.937 1.82891 1.69636 1.59809 2.01385 1.81267 70.8191 142.148 141.243 117.864 190.384 163.194 147.279 179.723 150.525 140.015 1.69374 1.59479 114.631 211.196 189.442 125.254 2.01671 157.297 162.652 275.401 1.84803 148.293 147.533 2.01438  157.49 2.68505 171.042 205.963
1.56872 1.53202 1.52341 1.53278 1.52087 4.04789 1.49455 8.46765 11.9461 9.46795 8.91866 9.11916  94.848 16.2387 1.42656 1.63896 1.54176 47.8629 131.386 110.467 1.53113 1.82837 1.69612 1.59832 52.8379 1.81341 1.67827 122.423 4.48038 96.7195 143.999 125.794 113.138 128.733 115.526 107.086 50.1494 81.6253 123.326 174.505 146.369 24.0992 172.251  133.59 1.67875 201.274 1.84859 111.251 198.314  2.0141 150.787 2.68554 2.26475 2.01192
1.53641 1.50171 1.49009 1.50188 39.8872 23.2619 1.46997 1.43792 1.42411 1.53427 1.50557 1.46404 1.53516 1.46885 1.41946 35.7415 1.53787 1.46515 108.694 92.5841 1.52781 1.82603 7.84262 1.59658 2.01303 1.81248 1.67737 74.3212 65.0494 1.38871 118.674 103.357  93.165 112.903 1.51025 87.9444 1.68973 124.296 24.3304 1.81498 119.336 89.1207 2.01479 1.81184  100.71  112.38 78.0488 1.72734 2.26596 132.715 122.652 174.816 2.26349  97.685
1.51679 1.48216 1.47356  1.4853 1.47048 19.2425  1.4572 1.42486 10.0334 11.9202 1.49482 1.45407 1.53273 1.46667 1.41772 10.2494 1.53678 1.46447 94.8619  81.015 1.52739 1.82582 76.0684 1.59675 37.6144 35.8804 1.67807 99.1387 1.42642  62.068  105.04 90.1476  81.051 105.355 81.1328 72.0322 1.68962 92.7919 80.7014 1.81565  98.039 1.58325 2.01532 1.81226 1.67771  2.0177 110.425  92.377  134.53  2.0132 105.321 146.326 2.26429 2.01155
1.50605 1.47216 1.46717 1.47678 35.8265 42.2959 1.44983 1.41485 6.15289 1.52219 1.48902 1.44938 1.53175 1.46453 1.41546 1.63285 20.1402 8.35488 87.7186 75.1538  1.5264 8.60151 6.20869 1.59637 22.5675 1.81338 16.1832 73.4844 1.42408 55.2206 97.0321 81.0081 75.3881 97.2096 76.3683  71.264 98.2403 85.5221 77.8317 115.479 1.68047  85.353 2.01585 81.2121 83.0635 136.334 7.19659 6.67797 117.258 2.01364 89.9098 18.5811  2.2648  97.449
1.50294 1.47077 1.46643 2.40065 1.45791 39.1211 1.44713 1.41245 7.48286 1.52047 1.48758 1.44883 1.53188 1.46502 1.41662 1.63325 1.53631 1.46457 84.9512 72.7703 1.52743 1.82647  8.9059  1.5974 30.5288 15.9319 26.3715 64.1608 1.42298 62.5893 92.7492 80.9076 72.8274 77.1868 78.9077  25.153 93.6115 1.59139 1.52014 1.81659 1.68088 1.58384 2.01611 88.1095  1.6781 2.01868 112.124  79.167 2.26725 2.01385 1.84584 118.109 2.26515 93.3077
Mode averaged potential and errors: 
  0.0744645 0.000178941
    0.10263 0.000248783
   0.115845 0.000858356
   0.124391  0.00195312
   0.129717  0.00185858
   0.136091  0.00371955
   0.140802  0.00454761
   0.143936  0.00687337
   0.148738  0.00558524
   0.158313  0.00246822
   0.159989  0.00261032
    0.16065  0.00269222
R Models:
(* Fitting with shape 1 1 1 1 1 1 1 1 0 0 0 0 *)
G[R_,xx_]:=xx[[0]] + xx[[1]]/R | xx[[2]]*R
(* Fitting with shape 1 1 1 1 1 1 1 1 1 0 0 0 *)
G[R_,xx_]:=xx[[0]] + xx[[1]]/R | xx[[2]]*R
(* Fitting with shape 1 1 1 1 1 1 1 1 1 1 0 0 *)
G[R_,xx_]:=xx[[0]] + xx[[1]]/R | xx[[2]]*R
(* Fitting with shape 1 1 1 1 1 1 1 1 1 1 1 0 *)
G[R_,xx_]:=xx[[0]] + xx[[1]]/R | xx[[2]]*R
(* Fitting with shape 1 1 1 1 1 1 1 1 1 1 1 1 *)
G[R_,xx_]:=xx[[0]] + xx[[1]]/R | xx[[2]]*R
(* Fitting with shape 0 1 1 1 1 1 1 1 0 0 0 0 *)
G[R_,xx_]:=xx[[0]] + xx[[1]]/R | xx[[2]]*R
(* Fitting with shape 0 1 1 1 1 1 1 1 1 0 0 0 *)
G[R_,xx_]:=xx[[0]] + xx[[1]]/R | xx[[2]]*R
(* Fitting with shape 0 1 1 1 1 1 1 1 1 1 0 0 *)
G[R_,xx_]:=xx[[0]] + xx[[1]]/R | xx[[2]]*R
(* Fitting with shape 0 1 1 1 1 1 1 1 1 1 1 0 *)
G[R_,xx_]:=xx[[0]] + xx[[1]]/R | xx[[2]]*R
(* Fitting with shape 0 1 1 1 1 1 1 1 1 1 1 1 *)
G[R_,xx_]:=xx[[0]] + xx[[1]]/R | xx[[2]]*R
(* Fitting with shape 0 0 1 1 1 1 1 1 0 0 0 0 *)
G[R_,xx_]:=xx[[0]] + xx[[1]]/R | xx[[2]]*R
(* Fitting with shape 0 0 1 1 1 1 1 1 1 0 0 0 *)
G[R_,xx_]:=xx[[0]] + xx[[1]]/R | xx[[2]]*R
(* Fitting with shape 0 0 1 1 1 1 1 1 1 1 0 0 *)
G[R_,xx_]:=xx[[0]] + xx[[1]]/R | xx[[2]]*R
(* Fitting with shape 0 0 1 1 1 1 1 1 1 1 1 0 *)
G[R_,xx_]:=xx[[0]] + xx[[1]]/R | xx[[2]]*R
(* Fitting with shape 0 0 1 1 1 1 1 1 1 1 1 1 *)
G[R_,xx_]:=xx[[0]] + xx[[1]]/R | xx[[2]]*R
(* Fitting with shape 0 0 0 1 1 1 1 1 0 0 0 0 *)
G[R_,xx_]:=xx[[0]] + xx[[1]]/R | xx[[2]]*R
(* Fitting with shape 0 0 0 1 1 1 1 1 1 0 0 0 *)
G[R_,xx_]:=xx[[0]] + xx[[1]]/R | xx[[2]]*R
(* Fitting with shape 0 0 0 1 1 1 1 1 1 1 0 0 *)
G[R_,xx_]:=xx[[0]] + xx[[1]]/R | xx[[2]]*R
(* Fitting with shape 0 0 0 1 1 1 1 1 1 1 1 0 *)
G[R_,xx_]:=xx[[0]] + xx[[1]]/R | xx[[2]]*R
(* Fitting with shape 0 0 0 1 1 1 1 1 1 1 1 1 *)
G[R_,xx_]:=xx[[0]] + xx[[1]]/R | xx[[2]]*R
2.6192 2.6192 2.6192 
-0.0941046 -0.0941046 -0.0941046 
1 1 1 
1.43586 1.43586 1.43586 
-13.0235 -13.0235 -13.0235 
3.55727e-316 3.55727e-316 3.55727e-316 
366775 366775 366775 
6.51179e-321 6.51179e-321 6.51179e-321 
3.62498e-316 3.62498e-316 3.62498e-316 
5.58294e-322 5.58294e-322 5.58294e-322 
1 1 1 
2 2 2 
3 3 3 
4 4 4 
5 5 5 
6 6 6 
7 7 7 
8 8 8 
9 9 9 
10 10 10 
11 11 11 
12 12 12 
3.73869e-316 3.73869e-316 3.73869e-316 
2.42092e-322 2.42092e-322 2.42092e-322 
1.42291 1.42291 1.42291 
0.0210162 0.0210162 0.0210162 
-1.3395 -1.3395 -1.3395 
-0.834916 -0.834916 -0.834916 
0 0 0 
5.58294e-322 5.58294e-322 5.58294e-322 
1 1 1 
2 2 2 
3 3 3 
4 4 4 
5 5 5 
6 6 6 
7 7 7 
8 8 8 
9 9 9 
10 10 10 
11 11 11 
12 12 12 
0 0 0 
6.37345e-322 6.37345e-322 6.37345e-322 
3.74085e-316 3.74085e-316 3.74085e-316 
-8.39001e-07 -8.39001e-07 -8.39001e-07 
232259 232259 232259 
-5209.55 -5209.55 -5209.55 
2.47033e-323 2.47033e-323 2.47033e-323 
4.00193e-322 4.00193e-322 4.00193e-322 
0.0027682 0.0027682 0.0027682 
3.55729e-316 3.55729e-316 3.55729e-316 
0.000222145 0.000222145 0.000222145 
2.42092e-322 2.42092e-322 2.42092e-322 
Probabilities: 
        0         0         0         0         0         0         0         0         0 0.0414247 0.0623694         0 0.0305583 0.0702809         0 0.0136426 0.0277799 0.0233386 0.0761101         0         0         0         0         0 0.0164323         0         0         0         0         0         0         0         0         0         0         0 0.0540277         0         0 0.0431005 0.0729429         0         0         0         0         0  0.191481  0.225899         0         0         0 0.0172157 0.0333972         0

String tensions: 
           1            1            1            1            1            1            1            1            1    -0.403341    -0.404865    -0.586705    -0.445614    -0.453723     -1.21668    -0.356692    -0.406024    -0.483881    -0.499633    -0.635826    -0.915672     0.616858      0.85274      1.21039       1.9042     0.394959    -0.800166      2.97033     0.227423     0.336916   -0.0879918     0.879957     0.898291      1.01146     0.850968      1.01803  0.000599619    -0.013258     0.105525  -0.00162358 -0.000414098    -0.038641     0.331269     0.778738     0.932611      1.15541 -0.000710484  0.000969448  -0.00445079   0.00161783   0.00489906  -0.00578193   0.00600919   -0.0557985

Errors: 
    5792.62     5792.62     5792.62     5792.62     5792.62           0     5792.62     5792.62     5792.62  0.00378839  0.00376258     1.00004   0.0350956   0.0317508     1.00077    0.151534    0.132722    0.114109     0.08418     1.00002     1.00002           0     1.00011     1.00024     4.68983           0           0           0     1.00059           0     1.00006           0           0           0      1.2949           0 0.000809727           0           0  0.00194073   0.0015193     1.00004      1.1294     1.19715 0.000747777           1  0.00182332  0.00137566 0.000614595  0.00050644 0.000425231  0.00732371  0.00276951     2.07995

Statuses: 
0 0 0 0 0 3 0 0 0 0 0 3 0 0 3 0 0 0 0 3 3 3 3 3 0 3 3 3 3 3 3 3 3 2 3 2 0 3 3 0 0 3 3 3 0 3 0 0 1 1 1 0 0 3
chisq per dof: 
  681.384   670.897   645.898   17.0578    18.123   644.383   1.02564   1.42553   2.38101  0.374038  0.474984   709.373  0.204458  0.223003   1257.97  0.167926  0.236232  0.537972  0.200237   676.335   273.485   2896.36   2311.13   581.655 0.0935029    1955.2  0.545575      4948   2060.82    2772.6   3630.84   5472.81   5235.47   3296.81    3372.7   3400.22  0.298146   5375.47   8054.57 0.0898251   0.21238   3146.83   2419.92   2696.68   2820.87   28968.7  0.194556  0.358427 0.0636483  0.188362  0.219915 0.0748752  0.174845   1774.23
Model string tension and errors: 
sigma = -0.121524 +/- 0.690127
