R=0parameters: 
-0.689004 -0.689004 
0.0658392 0.0658392 
8.83418e-11 8.83418e-11 
3.21143e-322 3.21143e-322 
9.88131e-324 9.88131e-324 
2.75157e-316 2.75157e-316 
9.88131e-324 9.88131e-324 
2.80897e-316 2.80897e-316 
1.86403e+07 1.86403e+07 
1.23757e+214 1.23757e+214 1.23757e+214 
2.37152e-322 2.37152e-322 2.37152e-322 
5.14322e-321 5.14322e-321 5.14322e-321 
-nan -nan -nan 
0 0 0 
-nan -nan -nan 
2.80771e-316 2.80771e-316 2.80771e-316 
-nan -nan -nan 
7.41098e-323 7.41098e-323 7.41098e-323 
-nan -nan -nan -nan 
7.41098e-323 7.41098e-323 7.41098e-323 7.41098e-323 
-nan -nan -nan -nan 
0 0 0 0 
-nan -nan -nan -nan 
0 0 0 0 
-nan -nan -nan -nan 
8.48798e-314 8.48798e-314 8.48798e-314 8.48798e-314 
-nan -nan -nan -nan 
1.061e-313 1.061e-313 1.061e-313 
-nan -nan -nan 
8.54616e+247 8.54616e+247 8.54616e+247 
-nan -nan -nan 
0 0 0 
-nan -nan -nan 
6.01347e-154 6.01347e-154 6.01347e-154 
-nan -nan -nan 
2.2121e+214 2.2121e+214 2.2121e+214 
-nan -nan -nan -nan 
5.98159e-154 5.98159e-154 5.98159e-154 5.98159e-154 
-nan -nan -nan -nan 
1.19653e+180 1.19653e+180 1.19653e+180 1.19653e+180 
2.77671e-316 2.77671e-316 2.77671e-316 2.77671e-316 
2.80785e-316 2.80785e-316 2.80785e-316 2.80785e-316 
-nan -nan -nan -nan 
2.8077e-316 2.8077e-316 2.8077e-316 2.8077e-316 
-nan -nan -nan -nan 
0 0 0 0 0 
-nan -nan -nan -nan -nan 
0 0 0 0 0 
2.82439e-316 2.82439e-316 2.82439e-316 2.82439e-316 2.82439e-316 
2.8311e-316 2.8311e-316 2.8311e-316 2.8311e-316 2.8311e-316 
-nan -nan -nan -nan -nan 
-nan -nan -nan -nan -nan 
-nan -nan -nan -nan -nan 
0 0 0 0 0 
R=1parameters: 
-0.68364 -0.68364 
0.0915535 0.0915535 
-1.32639e-05 -1.32639e-05 
0.026701 0.026701 
-0.0226269 -0.0226269 
2.83287e-316 2.83287e-316 
138648 138648 
4.57505e-321 4.57505e-321 
2.82593e-316 2.82593e-316 
1.63042e-322 1.63042e-322 1.63042e-322 
6.93278e-310 6.93278e-310 6.93278e-310 
-3.34445e+277 -3.34445e+277 -3.34445e+277 
2.77555e-316 2.77555e-316 2.77555e-316 
2.42092e-322 2.42092e-322 2.42092e-322 
1 1 1 
1 1 1 
1 1 1 
1 1 1 
1 1 1 1 
7.16395e-322 7.16395e-322 7.16395e-322 7.16395e-322 
6.9328e-310 6.9328e-310 6.9328e-310 6.9328e-310 
2.7641e-316 2.7641e-316 2.7641e-316 2.7641e-316 
0.00121885 0.00121885 0.00121885 0.00121885 
2.83289e-316 2.83289e-316 2.83289e-316 2.83289e-316 
6.69128e-09 6.69128e-09 6.69128e-09 6.69128e-09 
2.83287e-316 2.83287e-316 2.83287e-316 2.83287e-316 
-2.86434e-07 -2.86434e-07 -2.86434e-07 -2.86434e-07 
4.00193e-322 4.00193e-322 4.00193e-322 
2.83402e-316 2.83402e-316 2.83402e-316 
2.82279e-316 2.82279e-316 2.82279e-316 
1.58635e+07 1.58635e+07 1.58635e+07 
7.48419e+06 7.48419e+06 7.48419e+06 
7.94362e+06 7.94362e+06 7.94362e+06 
2.77039e-316 2.77039e-316 2.77039e-316 
2421.5 2421.5 2421.5 
0 0 0 
0 0 0 0 
5.14322e-321 5.14322e-321 5.14322e-321 5.14322e-321 
2.83356e-316 2.83356e-316 2.83356e-316 2.83356e-316 
-3.34445e+277 -3.34445e+277 -3.34445e+277 -3.34445e+277 
-nan -nan -nan -nan 
2.83289e-316 2.83289e-316 2.83289e-316 2.83289e-316 
2.82247e-316 2.82247e-316 2.82247e-316 2.82247e-316 
2.83421e-316 2.83421e-316 2.83421e-316 2.83421e-316 
-nan -nan -nan -nan 
0 0 0 0 0 
-nan -nan -nan -nan -nan 
0 0 0 0 0 
2.82439e-316 2.82439e-316 2.82439e-316 2.82439e-316 2.82439e-316 
2.8311e-316 2.8311e-316 2.8311e-316 2.8311e-316 2.8311e-316 
-nan -nan -nan -nan -nan 
-nan -nan -nan -nan -nan 
-nan -nan -nan -nan -nan 
0 0 0 0 0 
R=2parameters: 
-0.673831 -0.673831 
0.104695 0.104695 
-3.40184e-05 -3.40184e-05 
0.05989 0.05989 
-0.0538555 -0.0538555 
2.83287e-316 2.83287e-316 
138648 138648 
4.57505e-321 4.57505e-321 
2.82593e-316 2.82593e-316 
1.63042e-322 1.63042e-322 1.63042e-322 
6.93278e-310 6.93278e-310 6.93278e-310 
2.122e-314 2.122e-314 2.122e-314 
2.83252e-316 2.83252e-316 2.83252e-316 
2.42092e-322 2.42092e-322 2.42092e-322 
1 1 1 
1 1 1 
1 1 1 
1 1 1 
1 1 1 1 
3.21143e-322 3.21143e-322 3.21143e-322 3.21143e-322 
2.47033e-323 2.47033e-323 2.47033e-323 2.47033e-323 
2.8137e-316 2.8137e-316 2.8137e-316 2.8137e-316 
0.0575012 0.0575012 0.0575012 0.0575012 
0 0 0 0 
0 0 0 0 
2.42092e-322 2.42092e-322 2.42092e-322 2.42092e-322 
2.94879e-316 2.94879e-316 2.94879e-316 2.94879e-316 
2.75211e-316 2.75211e-316 2.75211e-316 
-109618 -109618 -109618 
1.73714e-316 1.73714e-316 1.73714e-316 
2.47033e-323 2.47033e-323 2.47033e-323 
1.73714e-316 1.73714e-316 1.73714e-316 
5.53354e-322 5.53354e-322 5.53354e-322 
1.58101e-322 1.58101e-322 1.58101e-322 
6.93278e-310 6.93278e-310 6.93278e-310 
2.122e-314 2.122e-314 2.122e-314 
2.8142e-316 2.8142e-316 2.8142e-316 2.8142e-316 
5.14322e-321 5.14322e-321 5.14322e-321 5.14322e-321 
2.83356e-316 2.83356e-316 2.83356e-316 2.83356e-316 
-3.34445e+277 -3.34445e+277 -3.34445e+277 -3.34445e+277 
-nan -nan -nan -nan 
2.83289e-316 2.83289e-316 2.83289e-316 2.83289e-316 
2.82247e-316 2.82247e-316 2.82247e-316 2.82247e-316 
2.83421e-316 2.83421e-316 2.83421e-316 2.83421e-316 
-nan -nan -nan -nan 
0 0 0 0 0 
-nan -nan -nan -nan -nan 
0 0 0 0 0 
2.82439e-316 2.82439e-316 2.82439e-316 2.82439e-316 2.82439e-316 
2.8311e-316 2.8311e-316 2.8311e-316 2.8311e-316 2.8311e-316 
-nan -nan -nan -nan -nan 
-nan -nan -nan -nan -nan 
-nan -nan -nan -nan -nan 
0 0 0 0 0 
R=3parameters: 
-0.660291 -0.660291 
0.113848 0.113848 
-7.04381e-05 -7.04381e-05 
0.0967811 0.0967811 
-0.090322 -0.090322 
2.83287e-316 2.83287e-316 
138648 138648 
4.57505e-321 4.57505e-321 
2.82593e-316 2.82593e-316 
1.63042e-322 1.63042e-322 1.63042e-322 
6.93278e-310 6.93278e-310 6.93278e-310 
2.122e-314 2.122e-314 2.122e-314 
1.69676e-316 1.69676e-316 1.69676e-316 
2.42092e-322 2.42092e-322 2.42092e-322 
1 1 1 
1 1 1 
1 1 1 
1 1 1 
1 1 1 1 
2.42092e-322 2.42092e-322 2.42092e-322 2.42092e-322 
2.75497e-316 2.75497e-316 2.75497e-316 2.75497e-316 
6.9328e-310 6.9328e-310 6.9328e-310 6.9328e-310 
0 0 0 0 
0 0 0 0 
-0.090322 -0.090322 -0.090322 -0.090322 
2.42092e-322 2.42092e-322 2.42092e-322 2.42092e-322 
0 0 0 0 
0 0 0 
0 0 0 
0 0 0 
2.37152e-322 2.37152e-322 2.37152e-322 
2.37152e-322 2.37152e-322 2.37152e-322 
2.96758e-316 2.96758e-316 2.96758e-316 
0 0 0 
440570 440570 440570 
4.94066e-324 4.94066e-324 4.94066e-324 
3.23796e-319 3.23796e-319 3.23796e-319 3.23796e-319 
5.14322e-321 5.14322e-321 5.14322e-321 5.14322e-321 
2.83356e-316 2.83356e-316 2.83356e-316 2.83356e-316 
-3.34445e+277 -3.34445e+277 -3.34445e+277 -3.34445e+277 
-nan -nan -nan -nan 
2.83289e-316 2.83289e-316 2.83289e-316 2.83289e-316 
2.82247e-316 2.82247e-316 2.82247e-316 2.82247e-316 
2.83421e-316 2.83421e-316 2.83421e-316 2.83421e-316 
-nan -nan -nan -nan 
0 0 0 0 0 
-nan -nan -nan -nan -nan 
0 0 0 0 0 
2.82439e-316 2.82439e-316 2.82439e-316 2.82439e-316 2.82439e-316 
2.8311e-316 2.8311e-316 2.8311e-316 2.8311e-316 2.8311e-316 
-nan -nan -nan -nan -nan 
-nan -nan -nan -nan -nan 
-nan -nan -nan -nan -nan 
0 0 0 0 0 
R=4parameters: 
-0.643914 -0.643914 
0.121649 0.121649 
-0.000105817 -0.000105817 
0.14543 0.14543 
-0.143155 -0.143155 
2.83287e-316 2.83287e-316 
138648 138648 
4.57505e-321 4.57505e-321 
2.82593e-316 2.82593e-316 
1.63042e-322 1.63042e-322 1.63042e-322 
6.93278e-310 6.93278e-310 6.93278e-310 
2.122e-314 2.122e-314 2.122e-314 
2.75481e-316 2.75481e-316 2.75481e-316 
2.42092e-322 2.42092e-322 2.42092e-322 
1 1 1 
1 1 1 
1 1 1 
1 1 1 
1 1 1 1 
2.42092e-322 2.42092e-322 2.42092e-322 2.42092e-322 
53459.5 53459.5 53459.5 53459.5 
0.119685 0.119685 0.119685 0.119685 
2396.85 2396.85 2396.85 2396.85 
-0.793598 -0.793598 -0.793598 -0.793598 
0 0 0 0 
1.63042e-322 1.63042e-322 1.63042e-322 1.63042e-322 
2.81411e-316 2.81411e-316 2.81411e-316 2.81411e-316 
2.81429e-316 2.81429e-316 2.81429e-316 
1.58101e-322 1.58101e-322 1.58101e-322 
1.58101e-322 1.58101e-322 1.58101e-322 
6.93278e-310 6.93278e-310 6.93278e-310 
2.122e-314 2.122e-314 2.122e-314 
2.7752e-316 2.7752e-316 2.7752e-316 
1.63042e-322 1.63042e-322 1.63042e-322 
6.93278e-310 6.93278e-310 6.93278e-310 
2.122e-314 2.122e-314 2.122e-314 
2.77217e-316 2.77217e-316 2.77217e-316 2.77217e-316 
5.14322e-321 5.14322e-321 5.14322e-321 5.14322e-321 
2.83356e-316 2.83356e-316 2.83356e-316 2.83356e-316 
-3.34445e+277 -3.34445e+277 -3.34445e+277 -3.34445e+277 
-nan -nan -nan -nan 
2.83289e-316 2.83289e-316 2.83289e-316 2.83289e-316 
2.82247e-316 2.82247e-316 2.82247e-316 2.82247e-316 
2.83421e-316 2.83421e-316 2.83421e-316 2.83421e-316 
-nan -nan -nan -nan 
0 0 0 0 0 
-nan -nan -nan -nan -nan 
0 0 0 0 0 
2.82439e-316 2.82439e-316 2.82439e-316 2.82439e-316 2.82439e-316 
2.8311e-316 2.8311e-316 2.8311e-316 2.8311e-316 2.8311e-316 
-nan -nan -nan -nan -nan 
-nan -nan -nan -nan -nan 
-nan -nan -nan -nan -nan 
0 0 0 0 0 
R=5parameters: 
-0.626506 -0.626506 
0.128574 0.128574 
0.378912 0.378912 
10.4881 10.4881 
-39.8346 -39.8346 
2.83287e-316 2.83287e-316 
138648 138648 
4.57505e-321 4.57505e-321 
2.82593e-316 2.82593e-316 
1.63042e-322 1.63042e-322 1.63042e-322 
6.93278e-310 6.93278e-310 6.93278e-310 
2.122e-314 2.122e-314 2.122e-314 
2.80909e-316 2.80909e-316 2.80909e-316 
2.42092e-322 2.42092e-322 2.42092e-322 
1 1 1 
1 1 1 
1 1 1 
1 1 1 
1 1 1 1 
2.42092e-322 2.42092e-322 2.42092e-322 2.42092e-322 
18395.2 18395.2 18395.2 18395.2 
-229343 -229343 -229343 -229343 
1.3324 1.3324 1.3324 1.3324 
0.000361232 0.000361232 0.000361232 0.000361232 
2.81793e-316 2.81793e-316 2.81793e-316 2.81793e-316 
2.77273e-316 2.77273e-316 2.77273e-316 2.77273e-316 
5008.51 5008.51 5008.51 5008.51 
-948.81 -948.81 -948.81 
3.95253e-322 3.95253e-322 3.95253e-322 
1.58101e-322 1.58101e-322 1.58101e-322 
6.93278e-310 6.93278e-310 6.93278e-310 
2.122e-314 2.122e-314 2.122e-314 
2.80896e-316 2.80896e-316 2.80896e-316 
1.63042e-322 1.63042e-322 1.63042e-322 
6.93278e-310 6.93278e-310 6.93278e-310 
2.122e-314 2.122e-314 2.122e-314 
2.73001e-316 2.73001e-316 2.73001e-316 2.73001e-316 
5.14322e-321 5.14322e-321 5.14322e-321 5.14322e-321 
2.83356e-316 2.83356e-316 2.83356e-316 2.83356e-316 
-3.34445e+277 -3.34445e+277 -3.34445e+277 -3.34445e+277 
-nan -nan -nan -nan 
2.83289e-316 2.83289e-316 2.83289e-316 2.83289e-316 
2.82247e-316 2.82247e-316 2.82247e-316 2.82247e-316 
2.83421e-316 2.83421e-316 2.83421e-316 2.83421e-316 
-nan -nan -nan -nan 
0 0 0 0 0 
-nan -nan -nan -nan -nan 
0 0 0 0 0 
2.82439e-316 2.82439e-316 2.82439e-316 2.82439e-316 2.82439e-316 
2.8311e-316 2.8311e-316 2.8311e-316 2.8311e-316 2.8311e-316 
-nan -nan -nan -nan -nan 
-nan -nan -nan -nan -nan 
-nan -nan -nan -nan -nan 
0 0 0 0 0 
R=6parameters: 
-0.608396 -0.608396 
0.135256 0.135256 
-0.000159444 -0.000159444 
0.259642 0.259642 
-0.278507 -0.278507 
2.83287e-316 2.83287e-316 
138648 138648 
4.57505e-321 4.57505e-321 
2.82593e-316 2.82593e-316 
1.63042e-322 1.63042e-322 1.63042e-322 
2.95026e-316 2.95026e-316 2.95026e-316 
2.122e-314 2.122e-314 2.122e-314 
2.81429e-316 2.81429e-316 2.81429e-316 
2.37152e-322 2.37152e-322 2.37152e-322 
1 1 1 
1 1 1 
1 1 1 
1 1 1 
1 1 1 1 
2.42092e-322 2.42092e-322 2.42092e-322 2.42092e-322 
1.061e-313 1.061e-313 1.061e-313 1.061e-313 
34421.4 34421.4 34421.4 34421.4 
0.3283 0.3283 0.3283 0.3283 
-0.27785 -0.27785 -0.27785 -0.27785 
0 0 0 0 
3.21143e-322 3.21143e-322 3.21143e-322 3.21143e-322 
2.47033e-323 2.47033e-323 2.47033e-323 2.47033e-323 
2.83106e-316 2.83106e-316 2.83106e-316 
1.2732e-313 1.2732e-313 1.2732e-313 
2.75156e-316 2.75156e-316 2.75156e-316 
1383.25 1383.25 1383.25 
2.77217e-316 2.77217e-316 2.77217e-316 
3.23796e-319 3.23796e-319 3.23796e-319 
1.63042e-322 1.63042e-322 1.63042e-322 
2.74716e-316 2.74716e-316 2.74716e-316 
2.6037e-316 2.6037e-316 2.6037e-316 
0 0 0 0 
5.14322e-321 5.14322e-321 5.14322e-321 5.14322e-321 
2.83356e-316 2.83356e-316 2.83356e-316 2.83356e-316 
-3.34445e+277 -3.34445e+277 -3.34445e+277 -3.34445e+277 
-nan -nan -nan -nan 
2.83289e-316 2.83289e-316 2.83289e-316 2.83289e-316 
2.82247e-316 2.82247e-316 2.82247e-316 2.82247e-316 
2.83421e-316 2.83421e-316 2.83421e-316 2.83421e-316 
-nan -nan -nan -nan 
0 0 0 0 0 
-nan -nan -nan -nan -nan 
0 0 0 0 0 
2.82439e-316 2.82439e-316 2.82439e-316 2.82439e-316 2.82439e-316 
2.8311e-316 2.8311e-316 2.8311e-316 2.8311e-316 2.8311e-316 
-nan -nan -nan -nan -nan 
-nan -nan -nan -nan -nan 
-nan -nan -nan -nan -nan 
0 0 0 0 0 
R=7parameters: 
-0.59086 -0.59086 
0.141685 0.141685 
0.680341 0.680341 
0.690904 0.690904 
-10.9009 -10.9009 
2.83287e-316 2.83287e-316 
138648 138648 
4.57505e-321 4.57505e-321 
2.82593e-316 2.82593e-316 
1.63042e-322 1.63042e-322 1.63042e-322 
6.93278e-310 6.93278e-310 6.93278e-310 
2.122e-314 2.122e-314 2.122e-314 
2.81062e-316 2.81062e-316 2.81062e-316 
2.42092e-322 2.42092e-322 2.42092e-322 
1 1 1 
1 1 1 
1 1 1 
1 1 1 
1 1 1 1 
3.21143e-322 3.21143e-322 3.21143e-322 3.21143e-322 
2.80933e-316 2.80933e-316 2.80933e-316 2.80933e-316 
2.82519e-316 2.82519e-316 2.82519e-316 2.82519e-316 
0.635639 0.635639 0.635639 0.635639 
2.81231e-316 2.81231e-316 2.81231e-316 2.81231e-316 
-10.9009 -10.9009 -10.9009 -10.9009 
2.42092e-322 2.42092e-322 2.42092e-322 2.42092e-322 
2.77205e-316 2.77205e-316 2.77205e-316 2.77205e-316 
0 0 0 
0 0 0 
0 0 0 
4.74303e-322 4.74303e-322 4.74303e-322 
2.37152e-322 2.37152e-322 2.37152e-322 
2.60358e-316 2.60358e-316 2.60358e-316 
1.63042e-322 1.63042e-322 1.63042e-322 
2.8253e-316 2.8253e-316 2.8253e-316 
2.7752e-316 2.7752e-316 2.7752e-316 
2.81224e-316 2.81224e-316 2.81224e-316 2.81224e-316 
5.14322e-321 5.14322e-321 5.14322e-321 5.14322e-321 
2.83356e-316 2.83356e-316 2.83356e-316 2.83356e-316 
-3.34445e+277 -3.34445e+277 -3.34445e+277 -3.34445e+277 
-nan -nan -nan -nan 
2.83289e-316 2.83289e-316 2.83289e-316 2.83289e-316 
2.82247e-316 2.82247e-316 2.82247e-316 2.82247e-316 
2.83421e-316 2.83421e-316 2.83421e-316 2.83421e-316 
-nan -nan -nan -nan 
0 0 0 0 0 
-nan -nan -nan -nan -nan 
0 0 0 0 0 
2.82439e-316 2.82439e-316 2.82439e-316 2.82439e-316 2.82439e-316 
2.8311e-316 2.8311e-316 2.8311e-316 2.8311e-316 2.8311e-316 
-nan -nan -nan -nan -nan 
-nan -nan -nan -nan -nan 
-nan -nan -nan -nan -nan 
0 0 0 0 0 
R=8parameters: 
-0.573701 -0.573701 
0.147801 0.147801 
-0.000177203 -0.000177203 
0.378364 0.378364 
-0.43146 -0.43146 
2.83287e-316 2.83287e-316 
138648 138648 
4.57505e-321 4.57505e-321 
2.82593e-316 2.82593e-316 
1.63042e-322 1.63042e-322 1.63042e-322 
6.93278e-310 6.93278e-310 6.93278e-310 
2.122e-314 2.122e-314 2.122e-314 
2.83502e-316 2.83502e-316 2.83502e-316 
2.37152e-322 2.37152e-322 2.37152e-322 
1 1 1 
1 1 1 
1 1 1 
1 1 1 
1 1 1 1 
2.42092e-322 2.42092e-322 2.42092e-322 2.42092e-322 
0 0 0 0 
0 0 0 0 
0 0 0 0 
0 0 0 0 
1151.11 1151.11 1151.11 1151.11 
4.94066e-324 4.94066e-324 4.94066e-324 4.94066e-324 
6.9328e-310 6.9328e-310 6.9328e-310 6.9328e-310 
2.42092e-322 2.42092e-322 2.42092e-322 
10975 10975 10975 
37015.9 37015.9 37015.9 
-51499.5 -51499.5 -51499.5 
0 0 0 
114667 114667 114667 
1.23608e+06 1.23608e+06 1.23608e+06 
1.19032e+08 1.19032e+08 1.19032e+08 
0 0 0 
-0.43146 -0.43146 -0.43146 -0.43146 
5.14322e-321 5.14322e-321 5.14322e-321 5.14322e-321 
2.83356e-316 2.83356e-316 2.83356e-316 2.83356e-316 
-3.34445e+277 -3.34445e+277 -3.34445e+277 -3.34445e+277 
-nan -nan -nan -nan 
2.83289e-316 2.83289e-316 2.83289e-316 2.83289e-316 
2.82247e-316 2.82247e-316 2.82247e-316 2.82247e-316 
2.83421e-316 2.83421e-316 2.83421e-316 2.83421e-316 
-nan -nan -nan -nan 
0 0 0 0 0 
-nan -nan -nan -nan -nan 
0 0 0 0 0 
2.82439e-316 2.82439e-316 2.82439e-316 2.82439e-316 2.82439e-316 
2.8311e-316 2.8311e-316 2.8311e-316 2.8311e-316 2.8311e-316 
-nan -nan -nan -nan -nan 
-nan -nan -nan -nan -nan 
-nan -nan -nan -nan -nan 
0 0 0 0 0 
R=9parameters: 
-0.560485 -0.560485 
0.152723 0.152723 
-0.000178918 -0.000178918 
0.416681 0.416681 
-0.482608 -0.482608 
2.83287e-316 2.83287e-316 
138648 138648 
4.57505e-321 4.57505e-321 
2.82593e-316 2.82593e-316 
1.63042e-322 1.63042e-322 1.63042e-322 
6.93278e-310 6.93278e-310 6.93278e-310 
2.122e-314 2.122e-314 2.122e-314 
2.79468e-316 2.79468e-316 2.79468e-316 
2.42092e-322 2.42092e-322 2.42092e-322 
1 1 1 
1 1 1 
1 1 1 
1 1 1 
1 1 1 1 
5.58294e-322 5.58294e-322 5.58294e-322 5.58294e-322 
2.82287e-316 2.82287e-316 2.82287e-316 2.82287e-316 
6.9328e-310 6.9328e-310 6.9328e-310 6.9328e-310 
1.07057 1.07057 1.07057 1.07057 
-0.630163 -0.630163 -0.630163 -0.630163 
-0.482608 -0.482608 -0.482608 -0.482608 
2.42092e-322 2.42092e-322 2.42092e-322 2.42092e-322 
0 0 0 0 
0 0 0 
-0.0238749 -0.0238749 -0.0238749 
-0.788404 -0.788404 -0.788404 
-0.482608 -0.482608 -0.482608 
2.42092e-322 2.42092e-322 2.42092e-322 
0 0 0 
1.0349 1.0349 1.0349 
-5207.97 -5207.97 -5207.97 
-0.788404 -0.788404 -0.788404 
278.951 278.951 278.951 278.951 
5.14322e-321 5.14322e-321 5.14322e-321 5.14322e-321 
2.83356e-316 2.83356e-316 2.83356e-316 2.83356e-316 
-3.34445e+277 -3.34445e+277 -3.34445e+277 -3.34445e+277 
-nan -nan -nan -nan 
2.83289e-316 2.83289e-316 2.83289e-316 2.83289e-316 
2.82247e-316 2.82247e-316 2.82247e-316 2.82247e-316 
2.83421e-316 2.83421e-316 2.83421e-316 2.83421e-316 
-nan -nan -nan -nan 
0 0 0 0 0 
-nan -nan -nan -nan -nan 
0 0 0 0 0 
2.82439e-316 2.82439e-316 2.82439e-316 2.82439e-316 2.82439e-316 
2.8311e-316 2.8311e-316 2.8311e-316 2.8311e-316 2.8311e-316 
-nan -nan -nan -nan -nan 
-nan -nan -nan -nan -nan 
-nan -nan -nan -nan -nan 
0 0 0 0 0 
R=10parameters: 
-0.552171 -0.552171 
0.155898 0.155898 
-0.000181514 -0.000181514 
0.453736 0.453736 
-0.534294 -0.534294 
2.83287e-316 2.83287e-316 
138648 138648 
4.57505e-321 4.57505e-321 
2.82593e-316 2.82593e-316 
1.63042e-322 1.63042e-322 1.63042e-322 
6.93278e-310 6.93278e-310 6.93278e-310 
2.122e-314 2.122e-314 2.122e-314 
2.82518e-316 2.82518e-316 2.82518e-316 
2.42092e-322 2.42092e-322 2.42092e-322 
1 1 1 
1 1 1 
1 1 1 
1 1 1 
1 1 1 1 
2.42092e-322 2.42092e-322 2.42092e-322 2.42092e-322 
116502 116502 116502 116502 
2.0975e+06 2.0975e+06 2.0975e+06 2.0975e+06 
6.1037e-05 6.1037e-05 6.1037e-05 6.1037e-05 
73242.6 73242.6 73242.6 73242.6 
1910.16 1910.16 1910.16 1910.16 
4.94066e-324 4.94066e-324 4.94066e-324 4.94066e-324 
2.48995e-316 2.48995e-316 2.48995e-316 2.48995e-316 
2.42092e-322 2.42092e-322 2.42092e-322 
2.83261e-316 2.83261e-316 2.83261e-316 
0 0 0 
0 0 0 
0 0 0 
-0.534294 -0.534294 -0.534294 
1.63042e-322 1.63042e-322 1.63042e-322 
244169 244169 244169 
-nan -nan -nan 
-nan -nan -nan -nan 
5.14322e-321 5.14322e-321 5.14322e-321 5.14322e-321 
2.83356e-316 2.83356e-316 2.83356e-316 2.83356e-316 
-3.34445e+277 -3.34445e+277 -3.34445e+277 -3.34445e+277 
-nan -nan -nan -nan 
2.83289e-316 2.83289e-316 2.83289e-316 2.83289e-316 
2.82247e-316 2.82247e-316 2.82247e-316 2.82247e-316 
2.83421e-316 2.83421e-316 2.83421e-316 2.83421e-316 
-nan -nan -nan -nan 
0 0 0 0 0 
-nan -nan -nan -nan -nan 
0 0 0 0 0 
2.82439e-316 2.82439e-316 2.82439e-316 2.82439e-316 2.82439e-316 
2.8311e-316 2.8311e-316 2.8311e-316 2.8311e-316 2.8311e-316 
-nan -nan -nan -nan -nan 
-nan -nan -nan -nan -nan 
-nan -nan -nan -nan -nan 
0 0 0 0 0 
R=11parameters: 
-0.548758 -0.548758 
0.157413 0.157413 
-0.000140304 -0.000140304 
0.500223 0.500223 
-0.593885 -0.593885 
2.83287e-316 2.83287e-316 
138648 138648 
4.57505e-321 4.57505e-321 
2.82593e-316 2.82593e-316 
1.63042e-322 1.63042e-322 1.63042e-322 
2.94977e-316 2.94977e-316 2.94977e-316 
2.122e-314 2.122e-314 2.122e-314 
2.95047e-316 2.95047e-316 2.95047e-316 
2.42092e-322 2.42092e-322 2.42092e-322 
1 1 1 
1 1 1 
1 1 1 
1 1 1 
1 1 1 1 
2.42092e-322 2.42092e-322 2.42092e-322 2.42092e-322 
1.061e-313 1.061e-313 1.061e-313 1.061e-313 
2.83106e-316 2.83106e-316 2.83106e-316 2.83106e-316 
0.015625 0.015625 0.015625 0.015625 
-2.63576 -2.63576 -2.63576 -2.63576 
0 0 0 0 
4.79244e-322 4.79244e-322 4.79244e-322 4.79244e-322 
2.93918e-316 2.93918e-316 2.93918e-316 2.93918e-316 
-3.34445e+277 -3.34445e+277 -3.34445e+277 
-nan -nan -nan 
-nan -nan -nan 
-nan -nan -nan 
-nan -nan -nan 
-nan -nan -nan 
-nan -nan -nan 
-nan -nan -nan 
-nan -nan -nan 
-nan -nan -nan -nan 
5.14322e-321 5.14322e-321 5.14322e-321 5.14322e-321 
2.83356e-316 2.83356e-316 2.83356e-316 2.83356e-316 
-3.34445e+277 -3.34445e+277 -3.34445e+277 -3.34445e+277 
-nan -nan -nan -nan 
2.83289e-316 2.83289e-316 2.83289e-316 2.83289e-316 
2.82247e-316 2.82247e-316 2.82247e-316 2.82247e-316 
2.83421e-316 2.83421e-316 2.83421e-316 2.83421e-316 
-nan -nan -nan -nan 
0 0 0 0 0 
-nan -nan -nan -nan -nan 
0 0 0 0 0 
2.82439e-316 2.82439e-316 2.82439e-316 2.82439e-316 2.82439e-316 
2.8311e-316 2.8311e-316 2.8311e-316 2.8311e-316 2.8311e-316 
-nan -nan -nan -nan -nan 
-nan -nan -nan -nan -nan 
-nan -nan -nan -nan -nan 
0 0 0 0 0 
T Models:
(* Fitting with shape 1 1 1 1 1 1 1 1 1 1 0 0 *)
G[T_,xx_]:=Exp[0+xx[[1]]*T^1+xx[[2]]*T^2]*(1)
(* Fitting with shape 1 1 1 1 1 1 1 1 1 1 1 0 *)
G[T_,xx_]:=Exp[0+xx[[1]]*T^1+xx[[2]]*T^2]*(1)
(* Fitting with shape 1 1 1 1 1 1 1 1 1 1 1 1 *)
G[T_,xx_]:=Exp[0+xx[[1]]*T^1+xx[[2]]*T^2]*(1)
(* Fitting with shape 0 1 1 1 1 1 1 1 1 1 0 0 *)
G[T_,xx_]:=Exp[0+xx[[1]]*T^1+xx[[2]]*T^2]*(1)
(* Fitting with shape 0 1 1 1 1 1 1 1 1 1 1 0 *)
G[T_,xx_]:=Exp[0+xx[[1]]*T^1+xx[[2]]*T^2]*(1)
(* Fitting with shape 0 1 1 1 1 1 1 1 1 1 1 1 *)
G[T_,xx_]:=Exp[0+xx[[1]]*T^1+xx[[2]]*T^2]*(1)
(* Fitting with shape 0 0 1 1 1 1 1 1 1 1 0 0 *)
G[T_,xx_]:=Exp[0+xx[[1]]*T^1+xx[[2]]*T^2]*(1)
(* Fitting with shape 0 0 1 1 1 1 1 1 1 1 1 0 *)
G[T_,xx_]:=Exp[0+xx[[1]]*T^1+xx[[2]]*T^2]*(1)
(* Fitting with shape 0 0 1 1 1 1 1 1 1 1 1 1 *)
G[T_,xx_]:=Exp[0+xx[[1]]*T^1+xx[[2]]*T^2]*(1)
(* Fitting with shape 1 1 1 1 1 1 1 1 1 1 0 0 *)
G[T_,xx_]:=Exp[0+xx[[1]]*T^1+xx[[2]]*T^2]*(1+xx[[3]]/(T^1))
(* Fitting with shape 1 1 1 1 1 1 1 1 1 1 1 0 *)
G[T_,xx_]:=Exp[0+xx[[1]]*T^1+xx[[2]]*T^2]*(1+xx[[3]]/(T^1))
(* Fitting with shape 1 1 1 1 1 1 1 1 1 1 1 1 *)
G[T_,xx_]:=Exp[0+xx[[1]]*T^1+xx[[2]]*T^2]*(1+xx[[3]]/(T^1))
(* Fitting with shape 0 1 1 1 1 1 1 1 1 1 0 0 *)
G[T_,xx_]:=Exp[0+xx[[1]]*T^1+xx[[2]]*T^2]*(1+xx[[3]]/(T^1))
(* Fitting with shape 0 1 1 1 1 1 1 1 1 1 1 0 *)
G[T_,xx_]:=Exp[0+xx[[1]]*T^1+xx[[2]]*T^2]*(1+xx[[3]]/(T^1))
(* Fitting with shape 0 1 1 1 1 1 1 1 1 1 1 1 *)
G[T_,xx_]:=Exp[0+xx[[1]]*T^1+xx[[2]]*T^2]*(1+xx[[3]]/(T^1))
(* Fitting with shape 0 0 1 1 1 1 1 1 1 1 0 0 *)
G[T_,xx_]:=Exp[0+xx[[1]]*T^1+xx[[2]]*T^2]*(1+xx[[3]]/(T^1))
(* Fitting with shape 0 0 1 1 1 1 1 1 1 1 1 0 *)
G[T_,xx_]:=Exp[0+xx[[1]]*T^1+xx[[2]]*T^2]*(1+xx[[3]]/(T^1))
(* Fitting with shape 0 0 1 1 1 1 1 1 1 1 1 1 *)
G[T_,xx_]:=Exp[0+xx[[1]]*T^1+xx[[2]]*T^2]*(1+xx[[3]]/(T^1))
(* Fitting with shape 1 1 1 1 1 1 1 1 1 1 0 0 *)
G[T_,xx_]:=Exp[0+xx[[1]]*T^1+xx[[2]]*T^2]*(1+xx[[3]]/(T^1)+xx[[4]]/(T^2))
(* Fitting with shape 1 1 1 1 1 1 1 1 1 1 1 0 *)
G[T_,xx_]:=Exp[0+xx[[1]]*T^1+xx[[2]]*T^2]*(1+xx[[3]]/(T^1)+xx[[4]]/(T^2))
(* Fitting with shape 1 1 1 1 1 1 1 1 1 1 1 1 *)
G[T_,xx_]:=Exp[0+xx[[1]]*T^1+xx[[2]]*T^2]*(1+xx[[3]]/(T^1)+xx[[4]]/(T^2))
(* Fitting with shape 0 1 1 1 1 1 1 1 1 1 0 0 *)
G[T_,xx_]:=Exp[0+xx[[1]]*T^1+xx[[2]]*T^2]*(1+xx[[3]]/(T^1)+xx[[4]]/(T^2))
(* Fitting with shape 0 1 1 1 1 1 1 1 1 1 1 0 *)
G[T_,xx_]:=Exp[0+xx[[1]]*T^1+xx[[2]]*T^2]*(1+xx[[3]]/(T^1)+xx[[4]]/(T^2))
(* Fitting with shape 0 1 1 1 1 1 1 1 1 1 1 1 *)
G[T_,xx_]:=Exp[0+xx[[1]]*T^1+xx[[2]]*T^2]*(1+xx[[3]]/(T^1)+xx[[4]]/(T^2))
(* Fitting with shape 0 0 1 1 1 1 1 1 1 1 0 0 *)
G[T_,xx_]:=Exp[0+xx[[1]]*T^1+xx[[2]]*T^2]*(1+xx[[3]]/(T^1)+xx[[4]]/(T^2))
(* Fitting with shape 0 0 1 1 1 1 1 1 1 1 1 0 *)
G[T_,xx_]:=Exp[0+xx[[1]]*T^1+xx[[2]]*T^2]*(1+xx[[3]]/(T^1)+xx[[4]]/(T^2))
(* Fitting with shape 0 0 1 1 1 1 1 1 1 1 1 1 *)
G[T_,xx_]:=Exp[0+xx[[1]]*T^1+xx[[2]]*T^2]*(1+xx[[3]]/(T^1)+xx[[4]]/(T^2))
(* Fitting with shape 1 1 1 1 1 1 1 1 1 1 0 0 *)
G[T_,xx_]:=Exp[0+xx[[1]]*T^1+xx[[2]]*T^2+xx[[3]]*T^3]*(1)
(* Fitting with shape 1 1 1 1 1 1 1 1 1 1 1 0 *)
G[T_,xx_]:=Exp[0+xx[[1]]*T^1+xx[[2]]*T^2+xx[[3]]*T^3]*(1)
(* Fitting with shape 1 1 1 1 1 1 1 1 1 1 1 1 *)
G[T_,xx_]:=Exp[0+xx[[1]]*T^1+xx[[2]]*T^2+xx[[3]]*T^3]*(1)
(* Fitting with shape 0 1 1 1 1 1 1 1 1 1 0 0 *)
G[T_,xx_]:=Exp[0+xx[[1]]*T^1+xx[[2]]*T^2+xx[[3]]*T^3]*(1)
(* Fitting with shape 0 1 1 1 1 1 1 1 1 1 1 0 *)
G[T_,xx_]:=Exp[0+xx[[1]]*T^1+xx[[2]]*T^2+xx[[3]]*T^3]*(1)
(* Fitting with shape 0 1 1 1 1 1 1 1 1 1 1 1 *)
G[T_,xx_]:=Exp[0+xx[[1]]*T^1+xx[[2]]*T^2+xx[[3]]*T^3]*(1)
(* Fitting with shape 0 0 1 1 1 1 1 1 1 1 0 0 *)
G[T_,xx_]:=Exp[0+xx[[1]]*T^1+xx[[2]]*T^2+xx[[3]]*T^3]*(1)
(* Fitting with shape 0 0 1 1 1 1 1 1 1 1 1 0 *)
G[T_,xx_]:=Exp[0+xx[[1]]*T^1+xx[[2]]*T^2+xx[[3]]*T^3]*(1)
(* Fitting with shape 0 0 1 1 1 1 1 1 1 1 1 1 *)
G[T_,xx_]:=Exp[0+xx[[1]]*T^1+xx[[2]]*T^2+xx[[3]]*T^3]*(1)
(* Fitting with shape 1 1 1 1 1 1 1 1 1 1 0 0 *)
G[T_,xx_]:=Exp[0+xx[[1]]*T^1+xx[[2]]*T^2+xx[[3]]*T^3]*(1+xx[[4]]/(T^1))
(* Fitting with shape 1 1 1 1 1 1 1 1 1 1 1 0 *)
G[T_,xx_]:=Exp[0+xx[[1]]*T^1+xx[[2]]*T^2+xx[[3]]*T^3]*(1+xx[[4]]/(T^1))
(* Fitting with shape 1 1 1 1 1 1 1 1 1 1 1 1 *)
G[T_,xx_]:=Exp[0+xx[[1]]*T^1+xx[[2]]*T^2+xx[[3]]*T^3]*(1+xx[[4]]/(T^1))
(* Fitting with shape 0 1 1 1 1 1 1 1 1 1 0 0 *)
G[T_,xx_]:=Exp[0+xx[[1]]*T^1+xx[[2]]*T^2+xx[[3]]*T^3]*(1+xx[[4]]/(T^1))
(* Fitting with shape 0 1 1 1 1 1 1 1 1 1 1 0 *)
G[T_,xx_]:=Exp[0+xx[[1]]*T^1+xx[[2]]*T^2+xx[[3]]*T^3]*(1+xx[[4]]/(T^1))
(* Fitting with shape 0 1 1 1 1 1 1 1 1 1 1 1 *)
G[T_,xx_]:=Exp[0+xx[[1]]*T^1+xx[[2]]*T^2+xx[[3]]*T^3]*(1+xx[[4]]/(T^1))
(* Fitting with shape 0 0 1 1 1 1 1 1 1 1 0 0 *)
G[T_,xx_]:=Exp[0+xx[[1]]*T^1+xx[[2]]*T^2+xx[[3]]*T^3]*(1+xx[[4]]/(T^1))
(* Fitting with shape 0 0 1 1 1 1 1 1 1 1 1 0 *)
G[T_,xx_]:=Exp[0+xx[[1]]*T^1+xx[[2]]*T^2+xx[[3]]*T^3]*(1+xx[[4]]/(T^1))
(* Fitting with shape 0 0 1 1 1 1 1 1 1 1 1 1 *)
G[T_,xx_]:=Exp[0+xx[[1]]*T^1+xx[[2]]*T^2+xx[[3]]*T^3]*(1+xx[[4]]/(T^1))
(* Fitting with shape 1 1 1 1 1 1 1 1 1 1 0 0 *)
G[T_,xx_]:=Exp[0+xx[[1]]*T^1+xx[[2]]*T^2+xx[[3]]*T^3]*(1+xx[[4]]/(T^1)+xx[[5]]/(T^2))
(* Fitting with shape 1 1 1 1 1 1 1 1 1 1 1 0 *)
G[T_,xx_]:=Exp[0+xx[[1]]*T^1+xx[[2]]*T^2+xx[[3]]*T^3]*(1+xx[[4]]/(T^1)+xx[[5]]/(T^2))
(* Fitting with shape 1 1 1 1 1 1 1 1 1 1 1 1 *)
G[T_,xx_]:=Exp[0+xx[[1]]*T^1+xx[[2]]*T^2+xx[[3]]*T^3]*(1+xx[[4]]/(T^1)+xx[[5]]/(T^2))
(* Fitting with shape 0 1 1 1 1 1 1 1 1 1 0 0 *)
G[T_,xx_]:=Exp[0+xx[[1]]*T^1+xx[[2]]*T^2+xx[[3]]*T^3]*(1+xx[[4]]/(T^1)+xx[[5]]/(T^2))
(* Fitting with shape 0 1 1 1 1 1 1 1 1 1 1 0 *)
G[T_,xx_]:=Exp[0+xx[[1]]*T^1+xx[[2]]*T^2+xx[[3]]*T^3]*(1+xx[[4]]/(T^1)+xx[[5]]/(T^2))
(* Fitting with shape 0 1 1 1 1 1 1 1 1 1 1 1 *)
G[T_,xx_]:=Exp[0+xx[[1]]*T^1+xx[[2]]*T^2+xx[[3]]*T^3]*(1+xx[[4]]/(T^1)+xx[[5]]/(T^2))
(* Fitting with shape 0 0 1 1 1 1 1 1 1 1 0 0 *)
G[T_,xx_]:=Exp[0+xx[[1]]*T^1+xx[[2]]*T^2+xx[[3]]*T^3]*(1+xx[[4]]/(T^1)+xx[[5]]/(T^2))
(* Fitting with shape 0 0 1 1 1 1 1 1 1 1 1 0 *)
G[T_,xx_]:=Exp[0+xx[[1]]*T^1+xx[[2]]*T^2+xx[[3]]*T^3]*(1+xx[[4]]/(T^1)+xx[[5]]/(T^2))
(* Fitting with shape 0 0 1 1 1 1 1 1 1 1 1 1 *)
G[T_,xx_]:=Exp[0+xx[[1]]*T^1+xx[[2]]*T^2+xx[[3]]*T^3]*(1+xx[[4]]/(T^1)+xx[[5]]/(T^2))
Probabilities: 
        0         0         0         0         0         0         0         0         0         0         0         0         0         0         0         0         0         0         0         0         0         0         0         0         1         0         0         0         0         0         0         0         0         0         0         0         0         0         0         0         0         0         0         0         0         0         0         0         0         0         0         0         0         0
        0         0         0         0         0         0         0         0         0         0         0         0         0         0         0         0         0         0         0         0         0         0         0         0         0         0         0         0         0         0         0         0         0         0         0         0         0         0         0         0         0         0 0.0243702         0         0         0         0         0         0         0         0   0.97563         0         0
        0         0         0         0         0         0         0         0         0         0         0         0         0         0         0         0         0         0         0         0         0         0         0         0         1         0         0         0         0         0         0         0         0         0         0         0         0         0         0         0         0         0         0         0         0         0         0         0         0         0         0         0         0         0
        0         0         0         0         0         0         0         0         0         0         0         0         0         0         0         0         0         0         0         0         0         0         0         0  0.672209         0         0         0         0         0         0         0         0         0         0         0         0         0         0         0         0         0 0.0215554         0         0         0         0         0         0         0         0  0.306236         0         0
        0         0         0         0         0         0         0         0         0         0         0         0         0         0         0         0         0         0         0         0         0         0         0         0         0         0         0         0         0         0         0         0         0         0         0         0         0         0         0         0         0         0         1         0         0         0         0         0         0         0         0         0         0         0
        0         0         0         0         0         0         0         0         0         0         0         0         0         0         0         0         0         0         0         0         0         0         0         0  0.644838         0         0         0         0         0         0         0         0         0         0         0         0         0         0         0         0         0         0         0         0         0         0         0         0         0         0  0.355162         0         0
        0         0         0         0         0         0         0         0         0         0         0         0         0         0         0         0         0         0         0         0         0         0         0         0  0.588786         0         0         0         0         0         0         0         0         0         0         0         0         0         0         0         0         0  0.048337         0         0         0         0         0         0         0         0  0.362877         0         0
        0         0         0         0         0         0         0         0         0         0         0         0         0         0         0         0         0         0         0         0         0         0         0         0  0.583191         0         0         0         0         0         0         0         0         0         0         0         0         0         0         0         0         0         0         0         0         0         0         0         0         0         0  0.416809         0         0
        0         0         0         0         0         0         0         0         0         0         0         0         0         0         0         0         0         0         0         0         0         0         0         0  0.536004         0         0         0         0         0         0         0         0         0         0         0         0         0         0         0         0         0 0.0611007         0         0         0         0         0         0         0         0  0.402895         0         0
        0         0         0         0         0         0         0         0         0         0         0         0         0         0         0         0         0         0         0         0         0         0         0         0  0.539787         0         0         0         0         0         0         0         0         0         0         0         0         0         0         0         0         0 0.0708227         0         0         0         0         0         0         0         0  0.389391         0         0
        0         0         0         0         0         0         0         0         0         0         0         0         0         0         0         0         0         0         0         0         0         0         0         0         1         0         0         0         0         0         0         0         0         0         0         0         0         0         0         0         0         0         0         0         0         0         0         0         0         0         0         0         0         0
        0         0         0         0         0         0         0         0         0         0         0         0         0         0         0         0         0         0         0         0         0         0         0         0  0.879769         0         0         0         0         0         0         0         0         0         0         0         0         0         0         0         0         0  0.120231         0         0         0         0         0         0         0         0         0         0         0

Values: 
 0.0658255  0.0658392  0.0658377  0.0656621  0.0656681   0.065674  0.0654478   0.128756   0.065467  0.0652844  0.0652846  0.0652964  0.0649482  0.0649465  0.0649619  0.0648182  0.0648129  0.0648257  0.0647948  0.0849903   0.064801  0.0646604  0.0646509  0.0646552  0.0645862  0.0645718  0.0645712    1.09367    1.27801   0.291729    1.19277    1.18963    1.18446    1.24225    1.00504    1.00643   0.955254   0.967158   0.960049  0.0656586  0.0656123  0.0655403  0.0654532  0.0654143   0.065342  0.0654162  0.0806019   0.864701    1.71298  0.0651367   0.941944   0.737533  0.0649849  0.0649001
 0.0916113  0.0915535  0.0915474  0.0915766  0.0915225  0.0915168  0.0913948  0.0913445  0.0913503  0.0911997  0.0911468   0.091138  0.0907914  0.0907266   0.138408   0.153639  0.0905428  0.0905222   0.249835   0.262962   0.261308   0.183851   0.207404  0.0902334    0.53164   0.584167   0.583734    1.02584    1.02913    1.02688    1.19462    1.19125  0.0935842   -33.8476    1.37191    1.31039  0.0932457    0.09312   0.154973  0.0925977   0.886373  0.0923367  0.0921905          1   0.977244  0.0921299  0.0920871   0.892209    1.01877   0.661291   0.813469    0.09023   0.596181  0.0909933
  0.104963   0.104695   0.104527   0.104922   0.104638   0.104453   0.104832   0.104532   0.277775   0.104556   0.104314   0.104129   0.291387   0.103934   0.103751    0.10382   0.103682    0.10353   0.103797   0.103622   0.103455   0.473908   0.347113   0.103108     0.1031   0.529969   0.525529   0.315805    1.13663   0.109388    1.09306    1.10435    1.28678    1.26393    1.18641    1.21692     0.1083   0.108106   0.107706   0.107316   0.107222   0.106919   0.714354   0.893464   0.798534   0.878153   0.879127   0.106298  -0.120717   0.868173   0.793759   0.663113   0.104241   0.104781
  0.114324   0.113848   0.113465   0.531841   0.666285   0.113492   0.253734    0.20421   0.113365   0.113911   0.113526    0.11317   0.113413   0.113089   0.174713   0.112962   0.112752   0.112476   0.112947   0.112678    0.11237   0.352331   0.360507   0.359759   0.111896   0.111743   0.111505    1.04621     0.9533   0.957047     1.1047    1.10065    1.08852    1.10932    1.03889     1.0392    0.21128   0.439143   0.118731   0.700536   0.735695    0.11768   0.117346   0.117235   0.116903   0.865924   0.864565   0.116856   0.115379   0.833425   0.820647   0.110048   0.113078   0.114403
  0.122248   0.121649   0.120934   0.122196    0.12163      0.121   0.122217   0.203306   0.120891   0.121725   0.121257   0.120659   0.234967   0.213288   0.120183   0.120566   0.120301   0.119836   0.120574   0.120251    0.11973   0.119687   0.119483   0.203086   0.160564   0.118943   0.118572    1.13912    1.13935    1.13046    1.18588    1.21069    1.08829    1.34901    1.26447  0.0225134    0.12906   0.128665   0.128023    0.12745   0.956378   0.975397   0.126483   0.992375   0.995541   0.862228    0.04997   0.125824    1.29761   0.124104   0.784421    5.82432   0.119987   0.903044
  0.129414   0.128574   0.127595   0.221569    0.12849   0.127602   0.129331   0.128532   0.127486   0.128708   0.128064   0.127223   0.287594   0.127546   0.140934   0.544814   0.126964   0.376395   0.127358   0.126921   0.126215   0.433903   0.125962   0.237333    0.12548   0.125243   0.124814   0.179607    1.07357    1.06895     1.3893    1.41995    1.16933     1.0681    1.34662    1.16637   0.969573   0.969007   0.972547    1.06951   0.727402   0.135105   0.788909          1          1   0.780716  0.0781864   0.134013   0.131973   0.132146    1.35576   0.119659   0.126148   0.129205
  0.136131   0.135256   0.134139   0.135829   0.135036   0.134087   0.320609   0.135097   0.133992   0.135111   0.134462   0.133576   0.309429   0.310106   0.170329   0.133476   0.133084   0.132376   0.133547   0.133093   0.132322   0.132207   0.131908   0.283685   0.131261   0.131023   0.130531    1.06732    1.07023    1.08029     1.4182    1.12179    1.10825    1.06549    1.14508    1.11726    0.14522   0.859929   0.144012   0.924599   0.815819    1.05398   0.142487   0.142121   0.798107   0.142079   -1.78296 -0.0857924   0.139154     1.2225   0.139345   0.122483   0.762845   0.593162
  0.142413   0.141685   0.140446   0.604764   0.330106   0.566283   0.141812   0.261883   0.139978   0.140844   0.140283   0.139326   0.214317   0.139491   0.240553   0.138908   0.138517   0.137711   0.139044     1.0029    1.00287   0.137465   0.137166   0.238951   0.136337   0.425368   0.438991    1.48699    1.50606    1.48182    1.14053    1.14391    1.42355    1.04575    1.06206    1.06284     0.1518   0.972201   0.150559   0.944761    0.83421   0.693604   0.494963   0.536661   0.148119   0.701389   0.663249   0.147851   0.145447   0.145277    1.11456   0.123723   0.134069   0.140392
  0.148324   0.147801   0.146623   0.147096   0.146574   0.145584   0.147012   0.146506   0.145358   0.145837   0.145354   0.144406   0.374849   0.343696   0.143391   0.143566   0.143172   0.142309   0.143755   0.143333   0.142439   0.141995   0.212032   0.140946   0.140739   0.140541    0.13991   0.315491    0.16286    1.09418    1.33304    1.21301   0.158569    1.07803    1.05983     1.0613   0.157106   0.940209   0.934065   0.949982   0.962123    0.93664   0.154624    1.62909   0.153521  -0.568465   0.578285   0.608114   0.150771   0.798588   0.151029   0.125004   0.136778   0.144799
   0.15296   0.152723   0.151545   0.587421   0.518649   0.591229   0.265229   0.150659   0.149493   0.149643   0.149266   0.148276   0.161286   0.148089   0.261721   0.147123   0.146735   0.145784   0.147362   0.146967   0.146009    0.29863   0.300191   0.144263   0.143973   0.143783   0.143095    1.16133    1.19322   0.170694    1.22024    1.21307    1.15435     1.0349    1.33356   -1.62376   0.161153    1.11687   0.928624   0.673266    0.15887    0.15845    0.15901    1.60473   0.794729  0.0340972   0.597668   0.604327   0.155231   0.154639   0.884894    0.12671 -0.0363951   0.148062
  0.155975   0.155898    0.15491   0.199378   0.219836    0.15256   0.244721   0.280383   0.152186   0.152048    0.15171   0.150792   0.144575   0.150449   0.149513   0.149391   0.149024   0.148101   0.274772   0.149286   0.148377   0.147645   0.147384   0.310025   0.146185   0.146047   0.145405   0.170753    1.10289    0.16889    1.22199    1.21416   0.165154     1.0342    1.36025    1.36578   0.970702    0.97073   0.971814    4.72241   0.668565   0.160739   0.975691   0.569298    0.60519   0.160527   0.710864   0.570058   0.157488    2.34492   0.157336    1.10484   0.662178   0.149236
  0.157215   0.157413   0.156726   0.234798   0.154669   0.153908    0.15446   0.273083     0.2726   0.152941   0.181019    0.15191    0.15164   0.151331    0.17881   0.150164    0.14981   0.148922   0.150456   0.155008   0.149279   0.148366   0.148104   0.147275   0.146853   0.146712   0.146045    1.13322    1.13391    1.12695    1.19238   0.166749   0.166037    1.03439    1.07176    1.34959   0.970148    0.97021   0.970662   0.162652   0.804019   0.161679   0.162418    1.45752   0.161077   0.161469   0.605576   0.563286   0.835659   0.157664  0.0796372   0.708905    1.14043 -0.0195356

Errors: 
1.32922e-05 1.32822e-05 1.30247e-05 1.34851e-05 1.34826e-05  1.3215e-05 1.44869e-05 0.000790942 1.41879e-05 1.46261e-05 1.46316e-05 1.43482e-05  1.7392e-05 1.73987e-05 1.71276e-05 1.84516e-05   1.844e-05 1.82162e-05 1.89259e-05           1 1.87157e-05 2.09363e-05 2.08239e-05 2.07464e-05 2.45688e-05 2.42806e-05 2.44659e-05           0           0           0           0           0           0     1.00003           0           0    0.860461 8.50086e-05    0.824496 3.39803e-05  3.1262e-05 2.84054e-05 4.95618e-05 4.37025e-05 3.78443e-05 4.42035e-05           1    0.468784           1 7.10477e-05  3.0585e-05    0.232509 0.000115082 9.49053e-05
3.95127e-05 3.94104e-05 3.94547e-05 3.95875e-05 3.94816e-05 4.00015e-05 4.04541e-05 4.02528e-05 4.03035e-05  3.9421e-05 3.99723e-05 4.01783e-05 4.39414e-05 4.34354e-05           0           0 4.47316e-05 4.47005e-05           0           0           0           0           0 4.86443e-05           0           0           0           0           0           0           0           0 6.27767e-05   0.0296132     1.00036      1.0001 8.47239e-05   7.555e-05           1 0.000113125           1 8.49836e-05 0.000173002           0           0 0.000147872 0.000130029 0.000182908 0.000191565  0.00115164  0.00169904 0.000662619 0.000101466 0.000304831
8.24528e-05 7.97241e-05 7.82815e-05 8.27261e-05 8.01939e-05 7.82121e-05 8.30266e-05 8.03147e-05           0  8.5136e-05 8.23128e-05 7.84767e-05           0 8.28333e-05 8.22341e-05 9.29521e-05 8.52766e-05 9.02021e-05 9.42643e-05 8.72931e-05  8.5478e-05           0           0 8.90997e-05 0.000130834           0           0           0           0 0.000149834           0           0     1.00002     1.00022     1.00023     1.00015 0.000196905 0.000176234 0.000157694 0.000257124 0.000226626 0.000187874           1     1.00001     1.00005     1.42545     1.63572  0.00023081 0.000228386  0.00883794  0.00355556           1  0.00107559 0.000664064
0.000147748 0.000142775 0.000137426           0           0 0.000138296           0           0 0.000139172 0.000149362 0.000144687 0.000138137   0.0001537 0.000148102           0  0.00016078 0.000151329 0.000143611  0.00016054 0.000151034  0.00014591           0           0           0 0.000220595 0.000199856 0.000168219           0           0           0           0           0           0     1.01326     1.02925     1.02772           0           0 0.000291728  0.00384288     1.00001 0.000336777 0.000712579 0.000629155 0.000481452     3.14741     1.68422 0.000414207  0.00133009  0.00223808           1  0.00275286   0.0019144  0.00120564
0.000235294 0.000227695   0.0002172 0.000237148 0.000229085 0.000218836 0.000237352           1 0.000220015  0.00023729 0.000231523 0.000222657           0           0 0.000224278 0.000254785 0.000253706  0.00022806 0.000255436 0.000244138 0.000228758  0.00028807 0.000261153           0     1.00008 0.000314172  0.00026788           0           0           0           0           0           0     1.00069     1.00242     1.01745 0.000549653 0.000493279 0.000447879 0.000705387     1.00241           0  0.00110401           0           0 0.000900818     1.00001 0.000614758           1  0.00173557   0.0221974     1.00934  0.00297624 0.000329367
0.000356479 0.000345232 0.000325353           0 0.000343668 0.000350845 0.000356273 0.000347294 0.000329931 0.000346357 0.000341648 0.000323485           0 0.000348393           0           0 0.000353897           0 0.000372426 0.000351104  0.00034068           0 0.000379394           0 0.000496013 0.000445221 0.000384647     1.00001           0           0     1.00015     1.00022           0      1.0333     1.00114     1.02088           0           0           0     1.00036     1.00052 0.000729316     1.00134           0           0   0.0809205     1.00032 0.000876709  0.00282887  0.00239787     2.14909  0.00608304  0.00421428  0.00267834
0.000498515 0.000490083 0.000469042 0.000489771 0.000481631 0.000467529           0 0.000483769 0.000462484 0.000487859 0.000476827 0.000459242           0           0           0 0.000492858 0.000486728 0.000469997   0.0005047 0.000488088  0.00046738 0.000567196 0.000524867           0 0.000668063 0.000611464 0.000527051           0           0           0           0           0           0     1.04671     1.02047     1.03195 0.000994176           0 0.000846598           0     1.00024     1.00057  0.00199365  0.00174225     1.00022  0.00164583  0.00277218  0.00187921  0.00365645  0.00882603  0.00216246   0.0079237     1.00008 0.000353955
0.000669397  0.00066759 0.000641481           0           0           0 0.000645949           0 0.000636321 0.000639817 0.000630587 0.000617389           0 0.000623777           0 0.000659918 0.000634233  0.00060771 0.000658107           0           0  0.00073075 0.000681884           0 0.000852558           0           0           0           0           0           0           0           0     1.43512     1.07048     1.07016  0.00122189           0   0.0010486           0      1.0005     1.00026           1           1  0.00167295   0.0865994     2.58045  0.00140884  0.00451004  0.00382839  0.00795707  0.00983794  0.00685864  0.00438213
0.000862698 0.000875926   0.0008715 0.000807357 0.000821151 0.000813836 0.000801198 0.000810867  0.00080644 0.000790893  0.00079301 0.000775972           0           0 0.000779455 0.000836407 0.000816126 0.000763703 0.000892004  0.00078522 0.000771952 0.000902691           1 0.000788009  0.00102536 0.000951546 0.000844357           0  0.00114491           0     1.00043           0  0.00116563     1.06206     1.08279     1.08318   0.0014234           0           0           0           0     1.00152  0.00284322     1.00021  0.00197416    0.914162  0.00130681  0.00142159  0.00526515  0.00410621  0.00319351   0.0116362  0.00816195  0.00518552
 0.00104415  0.00109629  0.00111182           0           0           0           0 0.000958947 0.000963831 0.000918061 0.000935068  0.00096937           0 0.000918813           0 0.000971747 0.000922567 0.000889413 0.000929366 0.000930186 0.000878375           0           0  0.00092013  0.00111114   0.0010746 0.000960776           0           0           1           0           0           0     1.23374     1.00267     1.00167  0.00160614           0           0     1.00032  0.00182043  0.00157869  0.00315493           1     1.00111  0.00135458  0.00171219  0.00183439  0.00584008  0.00499136     1.00025   0.0129022  0.00222884  0.00586061
 0.00116506  0.00123009   0.0012545           0           0  0.00108602           0           0  0.00106572  0.00101587  0.00103423  0.00103909           0   0.0010006 0.000996574  0.00103531  0.00101478 0.000977179           0  0.00104322 0.000994334  0.00112697   0.0010489           0  0.00127358  0.00119977  0.00106692  0.00139892           0  0.00131949           0           0  0.00135333     2.33661     1.00613     1.01082           0           0           0     1.01342     1.00001  0.00174175           1     1.00024     1.00007  0.00279745    0.115622  0.00159338  0.00621265   0.0234204   0.0038673     1.00004   0.0139841  0.00634898
 0.00122585  0.00129905  0.00145776           0   0.0011787  0.00115215  0.00105574           0           0  0.00105189           0  0.00107259  0.00104137  0.00104706           0  0.00107737   0.0010483  0.00102613  0.00105733           0  0.00103586  0.00119371  0.00110862  0.00111852  0.00131738  0.00123732  0.00110666           0           0           0           0  0.00143208  0.00138857     1.61602     1.09702     1.00296           0           0           0  0.00219018     1.00007  0.00178576  0.00345581           1  0.00222943  0.00285404  0.00160305  0.00149469     1.00022  0.00545493     1.00001     1.00005     1.73522  0.00198869

Statuses: 
0 0 0 0 0 0 0 3 0 0 0 0 0 0 0 0 0 0 0 3 0 0 0 0 0 0 0 3 3 3 3 3 3 3 3 3 3 3 3 0 0 0 0 0 0 0 3 3 3 0 3 3 0 0
0 0 0 0 0 0 0 0 0 0 0 0 0 0 3 3 0 0 3 3 3 3 3 0 3 3 3 3 3 3 3 3 0 0 3 3 0 0 3 0 3 0 0 3 3 0 0 3 3 3 3 0 3 0
0 0 0 0 0 0 0 0 3 0 0 0 3 0 0 0 0 0 0 0 0 3 3 0 0 3 3 3 3 0 3 3 3 3 3 3 0 0 0 0 0 0 3 3 3 3 3 0 0 3 3 3 0 0
0 0 0 3 3 0 3 3 0 0 0 0 0 0 3 0 0 0 0 0 0 3 3 3 0 0 0 3 3 3 3 3 3 3 3 3 3 3 0 3 3 0 0 0 0 3 3 0 0 3 3 0 0 0
0 0 0 0 0 0 0 3 0 0 0 0 3 3 0 0 0 0 0 0 0 0 0 3 3 0 0 3 3 3 3 3 3 3 3 3 0 0 0 0 3 3 0 3 3 3 3 0 3 0 3 3 0 3
0 0 0 3 0 0 0 0 0 0 0 0 3 0 3 3 0 3 0 0 0 3 0 3 0 0 0 3 3 3 3 3 3 3 3 3 3 3 3 3 3 0 3 3 3 3 3 0 0 0 3 0 0 0
0 0 0 0 0 0 3 0 0 0 0 0 3 3 3 0 0 0 0 0 0 0 0 3 0 0 0 3 3 3 3 3 3 3 3 3 0 3 0 3 3 3 0 0 3 0 0 0 0 3 0 0 3 3
0 0 0 3 3 3 0 3 0 0 0 0 3 0 3 0 0 0 0 3 3 0 0 3 0 3 3 3 3 3 3 3 3 3 3 3 0 3 0 3 3 3 3 3 0 3 3 0 0 0 3 0 0 0
0 0 0 0 0 0 0 0 0 0 0 0 3 3 0 0 0 0 0 0 0 0 3 0 0 0 0 3 0 3 3 3 0 3 3 3 0 3 3 3 3 3 0 3 0 3 3 3 0 3 0 0 0 0
0 0 0 3 3 3 3 0 0 0 0 0 3 0 3 0 0 0 0 0 0 3 3 0 0 0 0 3 3 3 3 3 3 3 3 3 0 3 3 3 0 0 0 3 3 3 3 3 0 0 3 0 0 0
0 0 0 3 3 0 3 3 0 0 0 0 3 0 0 0 0 0 3 0 0 0 0 3 0 0 0 0 3 0 3 3 0 3 3 3 3 3 3 3 3 0 3 3 3 0 3 3 0 3 0 3 3 0
0 0 0 3 0 0 0 3 3 0 3 0 0 0 3 0 0 0 0 3 0 0 0 0 0 0 0 3 3 3 3 0 0 3 3 3 3 3 3 0 3 0 0 3 0 0 3 3 3 0 3 3 3 0
chisq per dof: 
9.52936 8.85557 8.07024  6.0819 5.57855  5.0735 5.05817 16360.8 4.20042 3.33543 3.11914 2.89657 2.25289 2.14776 2.02604 1.89031  1.7916 1.69777 1.97278 24857.7 1.78535 1.85041 1.73358   1.634 2.00486 1.82399 1.68795 42812.6   40725 21617.7 51074.3 43830.8 38377.7 55568.8 48634.1 41741.5 51538.8 50012.5 39475.5 1.86933 1.73897  1.6638 2.03012 1.82795 1.70322 2.02945 27811.3 48657.6 69463.2 2.00918 50953.4 62398.8 2.25659  2.0076
4.50225 4.37176 4.13598 3.29337 3.25613 3.09415 2.99578 3.05211 2.95698  2.2949 2.29117  2.2314 1.87995 1.85671 560.075  1050.6  1.6485 1.60193  3184.3 2761.13 2424.51 1311.18 1236.53 1.61154  3208.8 2762.44  2322.2  3903.4 3282.49 3144.72 4228.07 3648.52 1.83426 3873.75 4090.95 3660.72  1.7796 1.68025 494.452 1.82866 4410.98 1.60662  2.0188 5410.72 4378.08 2.01617 1.84723 4574.67 5978.48 5579.98 4728.16 2.66988 5540.16 2.00503
3.10633 3.02405 2.89353 2.44274 2.45417  2.3893 2.24971 2.32291 255.034 1.94227 1.95575 1.94593 326.305 1.69607 1.70666 1.68913 1.59558 1.56192 1.76728 1.69243 1.66365 642.493 389.989 1.60765 2.00254 567.993 486.375  585.91 969.847 1.93875 1393.67 1194.87  967.25  1333.6 1178.97 981.901 1.72452 1.62633 1.57237 1.81855 1.68282 1.59144 1535.53 635.209 1091.87 1713.63 1427.39 1.72541 36.1376 1199.22 1368.11 2366.21 2.25633 2.00562
2.54935 2.52635 2.45329 219.956 235.483 2.07099 84.9165 53.3405 2.03038 1.79409 1.79764 1.78328 1.66114 1.62677 35.5726 1.66887 1.57348 1.53205 1.74305 1.66449 1.62829 153.687  146.59 132.603 2.00325 1.80578 1.67846 443.712 417.249 320.523 596.656 512.537 448.794 608.926 513.478 440.351 351.783 578.224 1.54406 635.719 558.865 1.58611 2.01528 1.81239 1.67778 709.358 600.888 1.72388 2.26073 553.746 488.744 2.67001 2.25641 2.00619
2.20611 2.18382 2.16206 1.86787 1.87351 1.86092 1.78222 23.1895 1.84171 1.69646 1.68186 1.67941 32.8494  24.796 1.57826 1.65482  1.5575 1.51656 1.72524 1.64091 1.60868 1.81449 1.68196 27.2239 30.3348 1.80478 1.67659 257.569  226.75 206.636 263.852 226.768 242.323 287.427 271.864 149.751 1.69194 1.59597 1.53051 1.81305 323.039 277.205 2.01394 327.344 272.562 401.426 35.9454 1.72247 389.854 2.00849 252.008 377.338 2.25577  312.74
2.01216 1.99759  1.9708 13.5665 1.74846 1.73439 1.68631 1.70599 1.72658 1.64162 1.62358 1.61557 29.4794 1.54755 7.78232 57.9455 1.55065 28.8091 1.71711 1.63158 1.59156 63.1789 1.68155 21.8746 2.00416 1.80492 1.67464 16.9679  137.03 119.096 170.123 161.659 150.505 199.658 157.982 144.892 198.327  169.88 149.052 120.823 200.431  1.5814 246.462 212.431 177.128 224.677 23.3006 1.72216 2.26101 2.00883 190.282 2.67034 2.25608   2.006
1.86646 1.84523 1.82226 1.64498 1.63745 1.61939 17.1091  1.6051 1.61115 1.59557 1.56629  1.5492 15.2639 14.3414 3.63744 1.64204 1.54328  1.4912 1.70982 1.62077 1.57412   1.814 1.68052 14.6475 2.00471 1.80473  1.6737 110.362 100.692 89.8805 133.132 120.818 105.841 138.444 117.025 100.556  1.6818 107.446 1.51694 167.645 128.331 118.664 2.01345 1.81098  92.026 2.01027 36.2735 12.0972 2.26149 163.794   1.841 2.67054  174.86 132.391
1.76324  1.7377 1.71897 39.8028 16.0624 29.9783  1.5547 7.02514 1.54427 1.56442 1.52891 1.50969 6.01004 1.50589 5.97065 1.63783 1.53783 1.48291 1.70467 101.201 89.2498 1.81415 1.68003 6.91741 2.00573 26.3432 26.1687 109.986  98.623 87.2344 107.528 92.6534 74.1576     105 88.8905 76.3409 1.68016 90.9868 1.51396 128.819 104.611 87.2717 117.054  91.544 1.67649 114.759 93.9722 1.72231 2.26253 2.01003 103.766 2.67122 2.25634 2.00683
1.68137 1.65227 1.63192 1.52983 1.50944 1.48968 1.51617 1.49419 1.49222 1.54212 1.50258 1.47958 27.7955 21.1865 1.46857 1.63378 1.53318 1.47567 1.69997 1.60769 1.55574 1.81362 6.41821 1.58858 2.00612 1.80524 1.67339 12.2767 1.44708 53.5883  80.632 60.3296 1.40461 85.3737 72.1936  62.061 1.67877 74.8522 61.7936 105.169 88.1513 75.3379 2.01371 51.8243 1.67617 48.6765 82.6633 71.9711 2.26249  96.126 1.84172 2.67149 2.25623 2.00693
1.63169 1.60252 1.58253 27.0065  22.452 22.6762 5.00099 1.46432 1.45949 1.52826 1.48579 1.46097 5.93159  1.4858 4.21957 1.63191 1.53099   1.472 1.69754 1.60451 1.55079 8.07934 7.69622 1.58781 2.00613 1.80517 1.67304 74.8908 56.6246 10.5445 60.9054 54.0817  58.159 74.9674 58.2682 44.5207 1.67755 48.3537 54.9013 87.2045 1.67584 1.57949 2.01323   43.65 62.8275 73.2894  74.778 65.2426 2.26232 2.00991 77.3377  2.6717 2.37121 2.00673
1.59967 1.56833 1.54614 2.72196  2.7423 1.43268 3.98347 4.84551  1.4372 1.51949 1.47499 1.44757 3.75006 1.48052 1.44909 1.63053 1.52888 1.46791  65.419 1.60186  1.5455  1.8137 1.67875 7.31869 2.00691 1.80566 1.67298 1.48259 58.3333 1.39443 57.5833 51.6929 1.39833 69.2613 51.4135 44.4026  70.084 60.3486 55.4978 68.0882 54.5772  1.5799 48.5021 64.4173 49.7827 2.01083 63.6417 57.5928 2.26306 66.4453 1.84214 63.7847 84.3591 2.00711
1.58837 1.55713 1.53675 3.28903 1.45085 1.42713 1.47411 4.47744 4.63702 1.51841 13.8829 1.44453 1.54698 1.47987 5.90076  1.6304 1.52882  1.4682 1.69563  33.618 1.54504 1.81373 1.67881 1.58709 2.00685 1.80561 1.67306 55.7381 48.3709 43.7241  62.074  1.4477 1.39703 67.3387 56.9281   43.53 67.7799  58.324 50.9044 1.81106  45.209 1.57979 2.01381 38.8998 1.67628 2.01077 65.6037 55.7956 102.786  2.0105 4.70538 108.712 72.9238 2.19807
Mode averaged potential and errors: 
  0.0645862 2.45688e-05
  0.0902778 0.000721445
     0.1031 0.000130834
   0.111448  0.00196195
   0.126483  0.00110401
   0.123413  0.00458922
   0.128618  0.00709268
   0.131079  0.00891297
   0.135248   0.0117042
   0.138316   0.0128935
   0.146185  0.00127358
   0.148724  0.00534696
R Models:
(* Fitting with shape 1 1 1 1 1 1 1 1 0 0 0 0 *)
G[R_,xx_]:=xx[[0]] + xx[[1]]/R | xx[[2]]*R
(* Fitting with shape 1 1 1 1 1 1 1 1 1 0 0 0 *)
G[R_,xx_]:=xx[[0]] + xx[[1]]/R | xx[[2]]*R
(* Fitting with shape 1 1 1 1 1 1 1 1 1 1 0 0 *)
G[R_,xx_]:=xx[[0]] + xx[[1]]/R | xx[[2]]*R
(* Fitting with shape 1 1 1 1 1 1 1 1 1 1 1 0 *)
G[R_,xx_]:=xx[[0]] + xx[[1]]/R | xx[[2]]*R
(* Fitting with shape 1 1 1 1 1 1 1 1 1 1 1 1 *)
G[R_,xx_]:=xx[[0]] + xx[[1]]/R | xx[[2]]*R
(* Fitting with shape 0 1 1 1 1 1 1 1 0 0 0 0 *)
G[R_,xx_]:=xx[[0]] + xx[[1]]/R | xx[[2]]*R
(* Fitting with shape 0 1 1 1 1 1 1 1 1 0 0 0 *)
G[R_,xx_]:=xx[[0]] + xx[[1]]/R | xx[[2]]*R
(* Fitting with shape 0 1 1 1 1 1 1 1 1 1 0 0 *)
G[R_,xx_]:=xx[[0]] + xx[[1]]/R | xx[[2]]*R
(* Fitting with shape 0 1 1 1 1 1 1 1 1 1 1 0 *)
G[R_,xx_]:=xx[[0]] + xx[[1]]/R | xx[[2]]*R
(* Fitting with shape 0 1 1 1 1 1 1 1 1 1 1 1 *)
G[R_,xx_]:=xx[[0]] + xx[[1]]/R | xx[[2]]*R
(* Fitting with shape 0 0 1 1 1 1 1 1 0 0 0 0 *)
G[R_,xx_]:=xx[[0]] + xx[[1]]/R | xx[[2]]*R
(* Fitting with shape 0 0 1 1 1 1 1 1 1 0 0 0 *)
G[R_,xx_]:=xx[[0]] + xx[[1]]/R | xx[[2]]*R
(* Fitting with shape 0 0 1 1 1 1 1 1 1 1 0 0 *)
G[R_,xx_]:=xx[[0]] + xx[[1]]/R | xx[[2]]*R
(* Fitting with shape 0 0 1 1 1 1 1 1 1 1 1 0 *)
G[R_,xx_]:=xx[[0]] + xx[[1]]/R | xx[[2]]*R
(* Fitting with shape 0 0 1 1 1 1 1 1 1 1 1 1 *)
G[R_,xx_]:=xx[[0]] + xx[[1]]/R | xx[[2]]*R
(* Fitting with shape 0 0 0 1 1 1 1 1 0 0 0 0 *)
G[R_,xx_]:=xx[[0]] + xx[[1]]/R | xx[[2]]*R
(* Fitting with shape 0 0 0 1 1 1 1 1 1 0 0 0 *)
G[R_,xx_]:=xx[[0]] + xx[[1]]/R | xx[[2]]*R
(* Fitting with shape 0 0 0 1 1 1 1 1 1 1 0 0 *)
G[R_,xx_]:=xx[[0]] + xx[[1]]/R | xx[[2]]*R
(* Fitting with shape 0 0 0 1 1 1 1 1 1 1 1 0 *)
G[R_,xx_]:=xx[[0]] + xx[[1]]/R | xx[[2]]*R
(* Fitting with shape 0 0 0 1 1 1 1 1 1 1 1 1 *)
G[R_,xx_]:=xx[[0]] + xx[[1]]/R | xx[[2]]*R
2.32038 2.32038 2.32038 
0.421699 0.421699 0.421699 
1 1 1 
1.39814e+06 1.39814e+06 1.39814e+06 
-1.55866e+06 -1.55866e+06 -1.55866e+06 
2.83287e-316 2.83287e-316 2.83287e-316 
138648 138648 138648 
4.57505e-321 4.57505e-321 4.57505e-321 
2.82593e-316 2.82593e-316 2.82593e-316 
1.63042e-322 1.63042e-322 1.63042e-322 
6.93278e-310 6.93278e-310 6.93278e-310 
-3.34445e+277 -3.34445e+277 -3.34445e+277 
2.74773e-316 2.74773e-316 2.74773e-316 
2.42092e-322 2.42092e-322 2.42092e-322 
1 1 1 
1 1 1 
1 1 1 
1 1 1 
1 1 1 
2.42092e-322 2.42092e-322 2.42092e-322 
2.83275e-316 2.83275e-316 2.83275e-316 
161584 161584 161584 
-31756.6 -31756.6 -31756.6 
-10352.4 -10352.4 -10352.4 
15.6342 15.6342 15.6342 
2.42092e-322 2.42092e-322 2.42092e-322 
2.26519e-06 2.26519e-06 2.26519e-06 
6.57251e-07 6.57251e-07 6.57251e-07 
3.07156e-06 3.07156e-06 3.07156e-06 
9.23622e-06 9.23622e-06 9.23622e-06 
0 0 0 
2.42092e-322 2.42092e-322 2.42092e-322 
0.000241988 0.000241988 0.000241988 
9.18798e-05 9.18798e-05 9.18798e-05 
1.19306e-05 1.19306e-05 1.19306e-05 
1308.5 1308.5 1308.5 
1308.5 1308.5 1308.5 
5.14322e-321 5.14322e-321 5.14322e-321 
2.83356e-316 2.83356e-316 2.83356e-316 
-3.34445e+277 -3.34445e+277 -3.34445e+277 
-nan -nan -nan 
2.83289e-316 2.83289e-316 2.83289e-316 
2.82247e-316 2.82247e-316 2.82247e-316 
2.83421e-316 2.83421e-316 2.83421e-316 
-nan -nan -nan 
0 0 0 
-nan -nan -nan 
0 0 0 
2.82439e-316 2.82439e-316 2.82439e-316 
2.8311e-316 2.8311e-316 2.8311e-316 
-nan -nan -nan 
-nan -nan -nan 
-nan -nan -nan 
0 0 0 
Probabilities: 
         0          0          0          0          0          0          0          0          0          0          0          0          0          0          0  0.0149114  0.0283182  0.0763925          0          0          0  0.0996303   0.105811   0.275284   0.170865  0.0420155   0.105441          0          0          0  0.0775952          0 0.00373594          0          0          0          0          0          0          0          0          0          0          0          0          0          0          0          0          0          0          0          0          0

String tensions: 
         1          1          1          1          1          1          1          1          1  -0.373195  -0.373247  -0.373236  -0.449326  -0.586736  -0.588186   -1.07696   -0.98689  -0.985915     257.16   -1.10968   0.157665   -2.18465   -1.87837   -1.87286   -4.03954   -2.39731   -2.24973   0.680497   0.680497   0.680497  0.0129205 -0.0995069 0.00877816    0.99864    1.00269    1.00293    1.19573   0.079252          1   0.559679   0.805217   0.963376    1.00652    1.00794    1.00593  -0.588477    1.71035  0.0198081    1.05305  -0.140565   0.893041   0.990545    0.99785   0.994356

Errors: 
          0           0           0     5792.62     5792.62     5792.62     5792.62           0           0           0           0           0   0.0470508   0.0303719   0.0304647    0.117429   0.0560396    0.055127    0.462528  0.00793063           0     0.23011    0.137249    0.138443    0.532532     1.18064     1.12675           0           0           0  0.00156664           1 0.000535602           0           0           0     1.00436           1           0           0     1.06182     1.62626           0           0           0     1.00013  0.00255242 0.000158095     1.98098           1 0.000366834  0.00173456  0.00172002  0.00171927

Statuses: 
3 3 3 0 0 0 0 3 3 3 3 3 0 0 0 0 0 0 0 0 3 0 0 0 0 0 0 3 3 3 0 3 0 2 2 2 3 3 3 3 0 0 2 2 2 3 3 1 3 3 0 3 3 3
chisq per dof: 
50115.5 45475.8 40508.1 15.5635 40.1721 35.5925 11.0668 2672.02 1584.89 74035.5 66427.9   59133 5.51497 7.97289  7.0189  2.5136 2.21421 1.90007 47518.7 6.83513 46491.1 1.79489 1.80699 1.59208  1.5381  2.0827 1.80799 93281.7 83268.3 74102.3 1.87821 10229.5 2.66703 3573.46 5173.74 4545.16 93481.5 74294.1  258823   93547 4433.19 3976.74 3573.28 5173.56 4544.98 90089.2   81498 5.03415  101994 3479.36 3976.42 3573.38  5173.7 4545.11
Model string tension and errors: 
sigma = -2.07842 +/- 1.19624
