R=0parameters: 
-0.648707 -0.648707 
0.110367 0.110367 
2.42522e-10 2.42522e-10 
4.79244e-322 4.79244e-322 
3.0323e-316 3.0323e-316 
6.34772e-05 6.34772e-05 
-0.000435969 -0.000435969 
-949.296 -949.296 
5286.27 5286.27 
0 0 0 
0 0 0 
3.21143e-322 3.21143e-322 3.21143e-322 
1.29795e-08 1.29795e-08 1.29795e-08 
-1.32683e-09 -1.32683e-09 -1.32683e-09 
3.86632e-10 3.86632e-10 3.86632e-10 
4.80681e-08 4.80681e-08 4.80681e-08 
-4.82182e-09 -4.82182e-09 -4.82182e-09 
1.93761e-07 1.93761e-07 1.93761e-07 
0 0 0 0 
2.42092e-322 2.42092e-322 2.42092e-322 2.42092e-322 
0.00021934 0.00021934 0.00021934 0.00021934 
3.98838e-05 3.98838e-05 3.98838e-05 3.98838e-05 
0.00133772 0.00133772 0.00133772 0.00133772 
0.00141307 0.00141307 0.00141307 0.00141307 
0 0 0 0 
4.00193e-322 4.00193e-322 4.00193e-322 4.00193e-322 
2.95279e-316 2.95279e-316 2.95279e-316 2.95279e-316 
0.000434617 0.000434617 0.000434617 
8.5558e-05 8.5558e-05 8.5558e-05 
18157 18157 18157 
2.37152e-322 2.37152e-322 2.37152e-322 
1.58101e-322 1.58101e-322 1.58101e-322 
6.91993e-310 6.91993e-310 6.91993e-310 
-2.66696e+306 -2.66696e+306 -2.66696e+306 
3.03991e-316 3.03991e-316 3.03991e-316 
9.53547e-322 9.53547e-322 9.53547e-322 
2.08219e-316 2.08219e-316 2.08219e-316 2.08219e-316 
-2.66696e+306 -2.66696e+306 -2.66696e+306 -2.66696e+306 
2.44427e-05 2.44427e-05 2.44427e-05 2.44427e-05 
0 0 0 0 
0 0 0 0 
0 0 0 0 
0 0 0 0 
3.03609e-316 3.03609e-316 3.03609e-316 3.03609e-316 
4.94066e-324 4.94066e-324 4.94066e-324 4.94066e-324 
2.61361e-321 2.61361e-321 2.61361e-321 2.61361e-321 2.61361e-321 
3.02444e-316 3.02444e-316 3.02444e-316 3.02444e-316 3.02444e-316 
-2.66696e+306 -2.66696e+306 -2.66696e+306 -2.66696e+306 -2.66696e+306 
0.972094 0.972094 0.972094 0.972094 0.972094 
0.946019 0.946019 0.946019 0.946019 0.946019 
0.914473 0.914473 0.914473 0.914473 0.914473 
0.879651 0.879651 0.879651 0.879651 0.879651 
0.838604 0.838604 0.838604 0.838604 0.838604 
0.809877 0.809877 0.809877 0.809877 0.809877 
R=1parameters: 
-0.565707 -0.565707 
0.170384 0.170384 
0.0461047 0.0461047 
-18.5969 -18.5969 
111.513 111.513 
5.03038e+175 5.03038e+175 
3.5936e+246 3.5936e+246 
2.14726e+243 2.14726e+243 
-825142 -825142 
1.42785e-321 1.42785e-321 1.42785e-321 
2.15672e+07 2.15672e+07 2.15672e+07 
-2.66696e+306 -2.66696e+306 -2.66696e+306 
1597.79 1597.79 1597.79 
0.000244141 0.000244141 0.000244141 
2.37152e-322 2.37152e-322 2.37152e-322 
2.42092e-322 2.42092e-322 2.42092e-322 
2.97315e-316 2.97315e-316 2.97315e-316 
-23518.2 -23518.2 -23518.2 
0 0 0 0 
6.16335e+06 6.16335e+06 6.16335e+06 6.16335e+06 
111.513 111.513 111.513 111.513 
2.42092e-322 2.42092e-322 2.42092e-322 2.42092e-322 
3.02503e-316 3.02503e-316 3.02503e-316 3.02503e-316 
3.02576e-316 3.02576e-316 3.02576e-316 3.02576e-316 
8.95696e-05 8.95696e-05 8.95696e-05 8.95696e-05 
-2.95766 -2.95766 -2.95766 -2.95766 
0 0 0 0 
2.42092e-322 2.42092e-322 2.42092e-322 
3.03701e-316 3.03701e-316 3.03701e-316 
0 0 0 
0 0 0 
0 0 0 
0 0 0 
4.79244e-322 4.79244e-322 4.79244e-322 
2.97298e-316 2.97298e-316 2.97298e-316 
2.42092e-322 2.42092e-322 2.42092e-322 
3.03518e-316 3.03518e-316 3.03518e-316 3.03518e-316 
3.03505e-316 3.03505e-316 3.03505e-316 3.03505e-316 
2.32069e+09 2.32069e+09 2.32069e+09 2.32069e+09 
0 0 0 0 
0 0 0 0 
1.63042e-322 1.63042e-322 1.63042e-322 1.63042e-322 
8.40987e+06 8.40987e+06 8.40987e+06 8.40987e+06 
3.03646e-316 3.03646e-316 3.03646e-316 3.03646e-316 
3.23796e-319 3.23796e-319 3.23796e-319 3.23796e-319 
2.61361e-321 2.61361e-321 2.61361e-321 2.61361e-321 2.61361e-321 
3.02444e-316 3.02444e-316 3.02444e-316 3.02444e-316 3.02444e-316 
-2.66696e+306 -2.66696e+306 -2.66696e+306 -2.66696e+306 -2.66696e+306 
0.893092 0.893092 0.893092 0.893092 0.893092 
0.806717 0.806717 0.806717 0.806717 0.806717 
0.474781 0.474781 0.474781 0.474781 0.474781 
0.658853 0.658853 0.658853 0.658853 0.658853 
0.592337 0.592337 0.592337 0.592337 0.592337 
0.531171 0.531171 0.531171 0.531171 0.531171 
R=2parameters: 
-0.463557 -0.463557 
0.212187 0.212187 
2.70076e-05 2.70076e-05 
0.162008 0.162008 
-0.111909 -0.111909 
5.03038e+175 5.03038e+175 
3.5936e+246 3.5936e+246 
2.14726e+243 2.14726e+243 
-825142 -825142 
1.42785e-321 1.42785e-321 1.42785e-321 
6.91995e-310 6.91995e-310 6.91995e-310 
3.03641e-316 3.03641e-316 3.03641e-316 
1.58101e-322 1.58101e-322 1.58101e-322 
3.16202e-322 3.16202e-322 3.16202e-322 
3.03518e-316 3.03518e-316 3.03518e-316 
2.08247e-316 2.08247e-316 2.08247e-316 
2.47033e-323 2.47033e-323 2.47033e-323 
2.08247e-316 2.08247e-316 2.08247e-316 
7.54898e+06 7.54898e+06 7.54898e+06 7.54898e+06 
1.05415 1.05415 1.05415 1.05415 
1.2732e-313 1.2732e-313 1.2732e-313 1.2732e-313 
3.03506e-316 3.03506e-316 3.03506e-316 3.03506e-316 
4430.3 4430.3 4430.3 4430.3 
3.01773e-316 3.01773e-316 3.01773e-316 3.01773e-316 
0.365334 0.365334 0.365334 0.365334 
4.00193e-322 4.00193e-322 4.00193e-322 4.00193e-322 
3.15542e-316 3.15542e-316 3.15542e-316 3.15542e-316 
3.03506e-316 3.03506e-316 3.03506e-316 
-121855 -121855 -121855 
0 0 0 
0 0 0 
0 0 0 
9.48606e-322 9.48606e-322 9.48606e-322 
3.16202e-322 3.16202e-322 3.16202e-322 
3.03575e-316 3.03575e-316 3.03575e-316 
3.15541e-316 3.15541e-316 3.15541e-316 
2.47033e-323 2.47033e-323 2.47033e-323 2.47033e-323 
2.95236e-316 2.95236e-316 2.95236e-316 2.95236e-316 
1.3283e+06 1.3283e+06 1.3283e+06 1.3283e+06 
3.02538e-316 3.02538e-316 3.02538e-316 3.02538e-316 
0.000105997 0.000105997 0.000105997 0.000105997 
2.98595e-316 2.98595e-316 2.98595e-316 2.98595e-316 
6.91993e-310 6.91993e-310 6.91993e-310 6.91993e-310 
2.122e-314 2.122e-314 2.122e-314 2.122e-314 
3.02538e-316 3.02538e-316 3.02538e-316 3.02538e-316 
2.61361e-321 2.61361e-321 2.61361e-321 2.61361e-321 2.61361e-321 
3.02444e-316 3.02444e-316 3.02444e-316 3.02444e-316 3.02444e-316 
-2.66696e+306 -2.66696e+306 -2.66696e+306 -2.66696e+306 -2.66696e+306 
0.720956 0.720956 0.720956 0.720956 0.720956 
0.448131 0.448131 0.448131 0.448131 0.448131 
0.607773 0.607773 0.607773 0.607773 0.607773 
0.528381 0.528381 0.528381 0.528381 0.528381 
0.321661 0.321661 0.321661 0.321661 0.321661 
0.378873 0.378873 0.378873 0.378873 0.378873 
R=3parameters: 
-0.354443 -0.354443 
0.248658 0.248658 
9.2403e-05 9.2403e-05 
0.359439 0.359439 
-0.282792 -0.282792 
5.03038e+175 5.03038e+175 
3.5936e+246 3.5936e+246 
2.14726e+243 2.14726e+243 
-825142 -825142 
1.42785e-321 1.42785e-321 1.42785e-321 
3.03641e-316 3.03641e-316 3.03641e-316 
6.91995e-310 6.91995e-310 6.91995e-310 
2.47033e-323 2.47033e-323 2.47033e-323 
3.02538e-316 3.02538e-316 3.02538e-316 
2.47033e-323 2.47033e-323 2.47033e-323 
3.02538e-316 3.02538e-316 3.02538e-316 
186.839 186.839 186.839 
4.79244e-322 4.79244e-322 4.79244e-322 
2.47033e-323 2.47033e-323 2.47033e-323 2.47033e-323 
3.02316e-316 3.02316e-316 3.02316e-316 3.02316e-316 
1735.69 1735.69 1735.69 1735.69 
3.02038e-316 3.02038e-316 3.02038e-316 3.02038e-316 
3.23796e-319 3.23796e-319 3.23796e-319 3.23796e-319 
2.42092e-322 2.42092e-322 2.42092e-322 2.42092e-322 
-0.878522 -0.878522 -0.878522 -0.878522 
351127 351127 351127 351127 
0.25 0.25 0.25 0.25 
1518.55 1518.55 1518.55 
0 0 0 
4.00193e-322 4.00193e-322 4.00193e-322 
2.94482e-316 2.94482e-316 2.94482e-316 
3.14357e-316 3.14357e-316 3.14357e-316 
0.03125 0.03125 0.03125 
0.000111457 0.000111457 0.000111457 
0 0 0 
1.63042e-322 1.63042e-322 1.63042e-322 
3.03669e-316 3.03669e-316 3.03669e-316 3.03669e-316 
-0.326381 -0.326381 -0.326381 -0.326381 
-0.282792 -0.282792 -0.282792 -0.282792 
2.37152e-322 2.37152e-322 2.37152e-322 2.37152e-322 
3.03518e-316 3.03518e-316 3.03518e-316 3.03518e-316 
0.743271 0.743271 0.743271 0.743271 
-0.0242183 -0.0242183 -0.0242183 -0.0242183 
-1.84293 -1.84293 -1.84293 -1.84293 
2.37152e-322 2.37152e-322 2.37152e-322 2.37152e-322 
2.61361e-321 2.61361e-321 2.61361e-321 2.61361e-321 2.61361e-321 
3.02444e-316 3.02444e-316 3.02444e-316 3.02444e-316 3.02444e-316 
-2.66696e+306 -2.66696e+306 -2.66696e+306 -2.66696e+306 -2.66696e+306 
0.64678 0.64678 0.64678 0.64678 0.64678 
0.520546 0.520546 0.520546 0.520546 0.520546 
0.439741 0.439741 0.439741 0.439741 0.439741 
0.355018 0.355018 0.355018 0.355018 0.355018 
0.230386 0.230386 0.230386 0.230386 0.230386 
0.284774 0.284774 0.284774 0.284774 0.284774 
R=4parameters: 
-0.251177 -0.251177 
0.287362 0.287362 
0.0446077 0.0446077 
-18.5161 -18.5161 
111.577 111.577 
5.03038e+175 5.03038e+175 
3.5936e+246 3.5936e+246 
2.14726e+243 2.14726e+243 
-825142 -825142 
3.21143e-322 3.21143e-322 3.21143e-322 
2.47033e-323 2.47033e-323 2.47033e-323 
-2.66696e+306 -2.66696e+306 -2.66696e+306 
2.5214e-06 2.5214e-06 2.5214e-06 
3.03628e-316 3.03628e-316 3.03628e-316 
2905.03 2905.03 2905.03 
3.03157e-316 3.03157e-316 3.03157e-316 
3.23796e-319 3.23796e-319 3.23796e-319 
3.21143e-322 3.21143e-322 3.21143e-322 
2.47033e-323 2.47033e-323 2.47033e-323 2.47033e-323 
2.81032e-316 2.81032e-316 2.81032e-316 2.81032e-316 
1.061e-313 1.061e-313 1.061e-313 1.061e-313 
3.03506e-316 3.03506e-316 3.03506e-316 3.03506e-316 
1437.73 1437.73 1437.73 1437.73 
3.01659e-316 3.01659e-316 3.01659e-316 3.01659e-316 
3.23796e-319 3.23796e-319 3.23796e-319 3.23796e-319 
1.63042e-322 1.63042e-322 1.63042e-322 1.63042e-322 
2.95466e-316 2.95466e-316 2.95466e-316 2.95466e-316 
2.95173e-316 2.95173e-316 2.95173e-316 
7.90505e-322 7.90505e-322 7.90505e-322 
3.95253e-322 3.95253e-322 3.95253e-322 
2.95205e-316 2.95205e-316 2.95205e-316 
-2.66696e+306 -2.66696e+306 -2.66696e+306 
3.02549e-316 3.02549e-316 3.02549e-316 
3.02265e-316 3.02265e-316 3.02265e-316 
2.92248e-316 2.92248e-316 2.92248e-316 
2.95233e-316 2.95233e-316 2.95233e-316 
0.000714569 0.000714569 0.000714569 0.000714569 
3.03641e-316 3.03641e-316 3.03641e-316 3.03641e-316 
1.9098e-313 1.9098e-313 1.9098e-313 1.9098e-313 
3.02421e-316 3.02421e-316 3.02421e-316 3.02421e-316 
2.48995e-316 2.48995e-316 2.48995e-316 2.48995e-316 
1.63042e-322 1.63042e-322 1.63042e-322 1.63042e-322 
6.91993e-310 6.91993e-310 6.91993e-310 6.91993e-310 
0 0 0 0 
1.42291e-321 1.42291e-321 1.42291e-321 1.42291e-321 
2.60867e-321 2.60867e-321 2.60867e-321 2.60867e-321 2.60867e-321 
3.02444e-316 3.02444e-316 3.02444e-316 3.02444e-316 3.02444e-316 
-2.66696e+306 -2.66696e+306 -2.66696e+306 -2.66696e+306 -2.66696e+306 
0.582891 0.582891 0.582891 0.582891 0.582891 
0.448082 0.448082 0.448082 0.448082 0.448082 
0.36559 0.36559 0.36559 0.36559 0.36559 
0.280603 0.280603 0.280603 0.280603 0.280603 
0.22119 0.22119 0.22119 0.22119 0.22119 
0.174552 0.174552 0.174552 0.174552 0.174552 
R=5parameters: 
-0.160984 -0.160984 
0.326422 0.326422 
0.720044 0.720044 
0.98629 0.98629 
-11.6506 -11.6506 
5.03038e+175 5.03038e+175 
3.5936e+246 3.5936e+246 
2.14726e+243 2.14726e+243 
-825142 -825142 
1.42785e-321 1.42785e-321 1.42785e-321 
3.03641e-316 3.03641e-316 3.03641e-316 
6.91995e-310 6.91995e-310 6.91995e-310 
1.38626e-05 1.38626e-05 1.38626e-05 
-2.56618e-06 -2.56618e-06 -2.56618e-06 
1.08005e-05 1.08005e-05 1.08005e-05 
8.85613e-06 8.85613e-06 8.85613e-06 
-8.5967e-07 -8.5967e-07 -8.5967e-07 
1.21424e-05 1.21424e-05 1.21424e-05 
9.57869e-06 9.57869e-06 9.57869e-06 9.57869e-06 
7.69408e-05 7.69408e-05 7.69408e-05 7.69408e-05 
-0.000108004 -0.000108004 -0.000108004 -0.000108004 
0.000498744 0.000498744 0.000498744 0.000498744 
0.000404223 0.000404223 0.000404223 0.000404223 
0.000254958 0.000254958 0.000254958 0.000254958 
1.67772e+07 1.67772e+07 1.67772e+07 1.67772e+07 
2.42092e-322 2.42092e-322 2.42092e-322 2.42092e-322 
1.061e-313 1.061e-313 1.061e-313 1.061e-313 
3.15585e-316 3.15585e-316 3.15585e-316 
2.34158e+08 2.34158e+08 2.34158e+08 
0 0 0 
0 0 0 
2.42092e-322 2.42092e-322 2.42092e-322 
2.95409e-316 2.95409e-316 2.95409e-316 
3.15585e-316 3.15585e-316 3.15585e-316 
0.00895147 0.00895147 0.00895147 
1214.87 1214.87 1214.87 
3.16202e-322 3.16202e-322 3.16202e-322 3.16202e-322 
1.63042e-322 1.63042e-322 1.63042e-322 1.63042e-322 
3.00212e-316 3.00212e-316 3.00212e-316 3.00212e-316 
3.04005e-316 3.04005e-316 3.04005e-316 3.04005e-316 
0 0 0 0 
1.63042e-322 1.63042e-322 1.63042e-322 1.63042e-322 
128932 128932 128932 128932 
3.04006e-316 3.04006e-316 3.04006e-316 3.04006e-316 
3.23796e-319 3.23796e-319 3.23796e-319 3.23796e-319 
2.61361e-321 2.61361e-321 2.61361e-321 2.61361e-321 2.61361e-321 
3.02444e-316 3.02444e-316 3.02444e-316 3.02444e-316 3.02444e-316 
-2.66696e+306 -2.66696e+306 -2.66696e+306 -2.66696e+306 -2.66696e+306 
0.522116 0.522116 0.522116 0.522116 0.522116 
0.383182 0.383182 0.383182 0.383182 0.383182 
0.303747 0.303747 0.303747 0.303747 0.303747 
0.220198 0.220198 0.220198 0.220198 0.220198 
0.166488 0.166488 0.166488 0.166488 0.166488 
0.124376 0.124376 0.124376 0.124376 0.124376 
R=6parameters: 
-0.0861463 -0.0861463 
0.369121 0.369121 
0.0450135 0.0450135 
-18.1328 -18.1328 
108.082 108.082 
5.03038e+175 5.03038e+175 
3.5936e+246 3.5936e+246 
2.14726e+243 2.14726e+243 
-825142 -825142 
1.42785e-321 1.42785e-321 1.42785e-321 
3.03641e-316 3.03641e-316 3.03641e-316 
6.91995e-310 6.91995e-310 6.91995e-310 
7.31167e+08 7.31167e+08 7.31167e+08 
86188.1 86188.1 86188.1 
2.37152e-322 2.37152e-322 2.37152e-322 
2.37152e-322 2.37152e-322 2.37152e-322 
3.037e-316 3.037e-316 3.037e-316 
5.59247e-05 5.59247e-05 5.59247e-05 
-0.00151778 -0.00151778 -0.00151778 -0.00151778 
0.000446555 0.000446555 0.000446555 0.000446555 
0 0 0 0 
0 0 0 0 
0 0 0 0 
3.0364e-316 3.0364e-316 3.0364e-316 3.0364e-316 
1.67772e+07 1.67772e+07 1.67772e+07 1.67772e+07 
1.63042e-322 1.63042e-322 1.63042e-322 1.63042e-322 
6.91993e-310 6.91993e-310 6.91993e-310 6.91993e-310 
2.122e-314 2.122e-314 2.122e-314 
2.94482e-316 2.94482e-316 2.94482e-316 
1.63042e-322 1.63042e-322 1.63042e-322 
6.91993e-310 6.91993e-310 6.91993e-310 
2.122e-314 2.122e-314 2.122e-314 
3.02545e-316 3.02545e-316 3.02545e-316 
1.63042e-322 1.63042e-322 1.63042e-322 
6.91993e-310 6.91993e-310 6.91993e-310 
2.122e-314 2.122e-314 2.122e-314 
2.92248e-316 2.92248e-316 2.92248e-316 2.92248e-316 
3.21143e-322 3.21143e-322 3.21143e-322 3.21143e-322 
2.80984e-316 2.80984e-316 2.80984e-316 2.80984e-316 
-7590.34 -7590.34 -7590.34 -7590.34 
0 0 0 0 
1.63042e-322 1.63042e-322 1.63042e-322 1.63042e-322 
203.377 203.377 203.377 203.377 
2.122e-314 2.122e-314 2.122e-314 2.122e-314 
3.04091e-316 3.04091e-316 3.04091e-316 3.04091e-316 
2.61361e-321 2.61361e-321 2.61361e-321 2.61361e-321 2.61361e-321 
3.02444e-316 3.02444e-316 3.02444e-316 3.02444e-316 3.02444e-316 
-2.66696e+306 -2.66696e+306 -2.66696e+306 -2.66696e+306 -2.66696e+306 
0.477015 0.477015 0.477015 0.477015 0.477015 
0.334987 0.334987 0.334987 0.334987 0.334987 
0.259679 0.259679 0.259679 0.259679 0.259679 
0.180917 0.180917 0.180917 0.180917 0.180917 
0.132586 0.132586 0.132586 0.132586 0.132586 
0.0948452 0.0948452 0.0948452 0.0948452 0.0948452 
R=7parameters: 
-0.033756 -0.033756 
0.415516 0.415516 
0.00216461 0.00216461 
7.26784 7.26784 
-6.95386 -6.95386 
5.03038e+175 5.03038e+175 
3.5936e+246 3.5936e+246 
2.14726e+243 2.14726e+243 
-825142 -825142 
1.42785e-321 1.42785e-321 1.42785e-321 
6.91995e-310 6.91995e-310 6.91995e-310 
3.15759e-316 3.15759e-316 3.15759e-316 
2.4506e+07 2.4506e+07 2.4506e+07 
5.92375e+06 5.92375e+06 5.92375e+06 
2.37152e-322 2.37152e-322 2.37152e-322 
2.37152e-322 2.37152e-322 2.37152e-322 
3.037e-316 3.037e-316 3.037e-316 
0.000175612 0.000175612 0.000175612 
3.69644e-05 3.69644e-05 3.69644e-05 3.69644e-05 
6.38958e-05 6.38958e-05 6.38958e-05 6.38958e-05 
0.000180275 0.000180275 0.000180275 0.000180275 
-2.66696e+306 -2.66696e+306 -2.66696e+306 -2.66696e+306 
19985.8 19985.8 19985.8 19985.8 
6845.26 6845.26 6845.26 6845.26 
0 0 0 0 
2.42092e-322 2.42092e-322 2.42092e-322 2.42092e-322 
3.03997e-316 3.03997e-316 3.03997e-316 3.03997e-316 
3.02575e-316 3.02575e-316 3.02575e-316 
0.00234625 0.00234625 0.00234625 
0.00652873 0.00652873 0.00652873 
7.11455e-322 7.11455e-322 7.11455e-322 
3.95253e-322 3.95253e-322 3.95253e-322 
2.95615e-316 2.95615e-316 2.95615e-316 
592.703 592.703 592.703 
311.711 311.711 311.711 
803.085 803.085 803.085 
343.222 343.222 343.222 343.222 
1948.1 1948.1 1948.1 1948.1 
-1922.05 -1922.05 -1922.05 -1922.05 
-1172.21 -1172.21 -1172.21 -1172.21 
-nan -nan -nan -nan 
-nan -nan -nan -nan 
232.22 232.22 232.22 232.22 
0.0236056 0.0236056 0.0236056 0.0236056 
0.0170463 0.0170463 0.0170463 0.0170463 
2.61361e-321 2.61361e-321 2.61361e-321 2.61361e-321 2.61361e-321 
3.02444e-316 3.02444e-316 3.02444e-316 3.02444e-316 3.02444e-316 
-2.66696e+306 -2.66696e+306 -2.66696e+306 -2.66696e+306 -2.66696e+306 
0.439105 0.439105 0.439105 0.439105 0.439105 
0.29762 0.29762 0.29762 0.29762 0.29762 
0.219849 0.219849 0.219849 0.219849 0.219849 
0.145297 0.145297 0.145297 0.145297 0.145297 
0.104903 0.104903 0.104903 0.104903 0.104903 
0.0743209 0.0743209 0.0743209 0.0743209 0.0743209 
R=8parameters: 
-0.0105512 -0.0105512 
0.463795 0.463795 
0.00323075 0.00323075 
62.825 62.825 
-57.1095 -57.1095 
5.03038e+175 5.03038e+175 
3.5936e+246 3.5936e+246 
2.14726e+243 2.14726e+243 
-825142 -825142 
2.42092e-322 2.42092e-322 2.42092e-322 
0.295373 0.295373 0.295373 
1.66693e+06 1.66693e+06 1.66693e+06 
0.00148034 0.00148034 0.00148034 
4.94066e-324 4.94066e-324 4.94066e-324 
0 0 0 
2.42092e-322 2.42092e-322 2.42092e-322 
2197.53 2197.53 2197.53 
-9728.13 -9728.13 -9728.13 
0.000463133 0.000463133 0.000463133 0.000463133 
0 0 0 0 
0 0 0 0 
3.21143e-322 3.21143e-322 3.21143e-322 3.21143e-322 
2.47033e-323 2.47033e-323 2.47033e-323 2.47033e-323 
2.98594e-316 2.98594e-316 2.98594e-316 2.98594e-316 
1.42738e+228 1.42738e+228 1.42738e+228 1.42738e+228 
3.0308e-316 3.0308e-316 3.0308e-316 3.0308e-316 
1860.37 1860.37 1860.37 1860.37 
2.58709e-316 2.58709e-316 2.58709e-316 
7.90505e-322 7.90505e-322 7.90505e-322 
6.32404e-322 6.32404e-322 6.32404e-322 
2.99109e-316 2.99109e-316 2.99109e-316 
-4.54419e-06 -4.54419e-06 -4.54419e-06 
4.20694e-06 4.20694e-06 4.20694e-06 
7.15032e-06 7.15032e-06 7.15032e-06 
2.99836e-07 2.99836e-07 2.99836e-07 
0.00019959 0.00019959 0.00019959 
-3.55725e-06 -3.55725e-06 -3.55725e-06 -3.55725e-06 
-3.11052e-06 -3.11052e-06 -3.11052e-06 -3.11052e-06 
-0.000461228 -0.000461228 -0.000461228 -0.000461228 
-1.08304 -1.08304 -1.08304 -1.08304 
0 0 0 0 
1.63042e-322 1.63042e-322 1.63042e-322 1.63042e-322 
6.91993e-310 6.91993e-310 6.91993e-310 6.91993e-310 
2.122e-314 2.122e-314 2.122e-314 2.122e-314 
3.01558e-316 3.01558e-316 3.01558e-316 3.01558e-316 
2.60867e-321 2.60867e-321 2.60867e-321 2.60867e-321 2.60867e-321 
3.02444e-316 3.02444e-316 3.02444e-316 3.02444e-316 3.02444e-316 
-2.66696e+306 -2.66696e+306 -2.66696e+306 -2.66696e+306 -2.66696e+306 
0.411266 0.411266 0.411266 0.411266 0.411266 
0.263009 0.263009 0.263009 0.263009 0.263009 
0.189096 0.189096 0.189096 0.189096 0.189096 
0.122052 0.122052 0.122052 0.122052 0.122052 
0.0878329 0.0878329 0.0878329 0.0878329 0.0878329 
0.0603136 0.0603136 0.0603136 0.0603136 0.0603136 
R=9parameters: 
-0.00799308 -0.00799308 
0.508423 0.508423 
0.00259014 0.00259014 
131.94 131.94 
-118.094 -118.094 
5.03038e+175 5.03038e+175 
3.5936e+246 3.5936e+246 
2.14726e+243 2.14726e+243 
-825142 -825142 
1.42785e-321 1.42785e-321 1.42785e-321 
3.01672e-316 3.01672e-316 3.01672e-316 
6.91995e-310 6.91995e-310 6.91995e-310 
6.70124e-05 6.70124e-05 6.70124e-05 
0 0 0 
-118.094 -118.094 -118.094 
3.21143e-322 3.21143e-322 3.21143e-322 
0.000119289 0.000119289 0.000119289 
0.558223 0.558223 0.558223 
-0.251739 -0.251739 -0.251739 -0.251739 
131.94 131.94 131.94 131.94 
4.74303e-322 4.74303e-322 4.74303e-322 4.74303e-322 
3.02039e-316 3.02039e-316 3.02039e-316 3.02039e-316 
3.03087e-316 3.03087e-316 3.03087e-316 3.03087e-316 
2.95711e-316 2.95711e-316 2.95711e-316 2.95711e-316 
2.95807e-316 2.95807e-316 2.95807e-316 2.95807e-316 
2.97935e-316 2.97935e-316 2.97935e-316 2.97935e-316 
975.933 975.933 975.933 975.933 
5.53354e-322 5.53354e-322 5.53354e-322 
3.95253e-322 3.95253e-322 3.95253e-322 
6.37345e-322 6.37345e-322 6.37345e-322 
3.01559e-316 3.01559e-316 3.01559e-316 
3.02536e-316 3.02536e-316 3.02536e-316 
0.000260454 0.000260454 0.000260454 
0.000699406 0.000699406 0.000699406 
2.37152e-322 2.37152e-322 2.37152e-322 
1.58101e-322 1.58101e-322 1.58101e-322 
3.02313e-316 3.02313e-316 3.02313e-316 3.02313e-316 
0 0 0 0 
3.02898e-316 3.02898e-316 3.02898e-316 3.02898e-316 
5344.42 5344.42 5344.42 5344.42 
0 0 0 0 
1.63042e-322 1.63042e-322 1.63042e-322 1.63042e-322 
6.91993e-310 6.91993e-310 6.91993e-310 6.91993e-310 
2.122e-314 2.122e-314 2.122e-314 2.122e-314 
3.02057e-316 3.02057e-316 3.02057e-316 3.02057e-316 
2.61361e-321 2.61361e-321 2.61361e-321 2.61361e-321 2.61361e-321 
3.02444e-316 3.02444e-316 3.02444e-316 3.02444e-316 3.02444e-316 
-2.66696e+306 -2.66696e+306 -2.66696e+306 -2.66696e+306 -2.66696e+306 
0.391175 0.391175 0.391175 0.391175 0.391175 
0.241202 0.241202 0.241202 0.241202 0.241202 
0.167356 0.167356 0.167356 0.167356 0.167356 
0.108703 0.108703 0.108703 0.108703 0.108703 
0.0758092 0.0758092 0.0758092 0.0758092 0.0758092 
0.0496582 0.0496582 0.0496582 0.0496582 0.0496582 
R=10parameters: 
-0.0105841 -0.0105841 
0.539182 0.539182 
0.00250692 0.00250692 
118.761 118.761 
-105.983 -105.983 
5.03038e+175 5.03038e+175 
3.5936e+246 3.5936e+246 
2.14726e+243 2.14726e+243 
-825142 -825142 
1.42785e-321 1.42785e-321 1.42785e-321 
3.1548e-316 3.1548e-316 3.1548e-316 
3.01672e-316 3.01672e-316 3.01672e-316 
0.000151277 0.000151277 0.000151277 
0 0 0 
0 0 0 
3.21143e-322 3.21143e-322 3.21143e-322 
2.47033e-323 2.47033e-323 2.47033e-323 
-2.66696e+306 -2.66696e+306 -2.66696e+306 
8.03489e-05 8.03489e-05 8.03489e-05 8.03489e-05 
3.03499e-316 3.03499e-316 3.03499e-316 3.03499e-316 
1.9098e-313 1.9098e-313 1.9098e-313 1.9098e-313 
3.01672e-316 3.01672e-316 3.01672e-316 3.01672e-316 
5.53354e-322 5.53354e-322 5.53354e-322 5.53354e-322 
2.37152e-322 2.37152e-322 2.37152e-322 2.37152e-322 
1.061e-313 1.061e-313 1.061e-313 1.061e-313 
2.98594e-316 2.98594e-316 2.98594e-316 2.98594e-316 
0.125 0.125 0.125 0.125 
1171.06 1171.06 1171.06 
0 0 0 
2.42092e-322 2.42092e-322 2.42092e-322 
0 0 0 
0 0 0 
0 0 0 
0 0 0 
1 1 1 
0.0218708 0.0218708 0.0218708 
0 0 0 0 
0 0 0 0 
0 0 0 0 
-1229.95 -1229.95 -1229.95 -1229.95 
984.754 984.754 984.754 984.754 
1.63042e-322 1.63042e-322 1.63042e-322 1.63042e-322 
6.91993e-310 6.91993e-310 6.91993e-310 6.91993e-310 
3.14357e-316 3.14357e-316 3.14357e-316 3.14357e-316 
3.95253e-322 3.95253e-322 3.95253e-322 3.95253e-322 
2.61361e-321 2.61361e-321 2.61361e-321 2.61361e-321 2.61361e-321 
3.02444e-316 3.02444e-316 3.02444e-316 3.02444e-316 3.02444e-316 
-2.66696e+306 -2.66696e+306 -2.66696e+306 -2.66696e+306 -2.66696e+306 
0.37598 0.37598 0.37598 0.37598 0.37598 
0.229348 0.229348 0.229348 0.229348 0.229348 
0.154057 0.154057 0.154057 0.154057 0.154057 
0.0988335 0.0988335 0.0988335 0.0988335 0.0988335 
0.0693862 0.0693862 0.0693862 0.0693862 0.0693862 
0.0467608 0.0467608 0.0467608 0.0467608 0.0467608 
R=11parameters: 
-0.0136568 -0.0136568 
0.549807 0.549807 
0.00272384 0.00272384 
119.418 119.418 
-105.49 -105.49 
5.03038e+175 5.03038e+175 
3.5936e+246 3.5936e+246 
2.14726e+243 2.14726e+243 
-825142 -825142 
9.53547e-322 9.53547e-322 9.53547e-322 
3.16714e-316 3.16714e-316 3.16714e-316 
6.91995e-310 6.91995e-310 6.91995e-310 
0 0 0 
0 0 0 
0 0 0 
2.42092e-322 2.42092e-322 2.42092e-322 
0.000201577 0.000201577 0.000201577 
0.000104481 0.000104481 0.000104481 
0.000442564 0.000442564 0.000442564 0.000442564 
130.562 130.562 130.562 130.562 
2.37152e-322 2.37152e-322 2.37152e-322 2.37152e-322 
3.16202e-322 3.16202e-322 3.16202e-322 3.16202e-322 
3.16971e-316 3.16971e-316 3.16971e-316 3.16971e-316 
3.16302e-316 3.16302e-316 3.16302e-316 3.16302e-316 
1.67772e+07 1.67772e+07 1.67772e+07 1.67772e+07 
3.21143e-322 3.21143e-322 3.21143e-322 3.21143e-322 
3.03642e-316 3.03642e-316 3.03642e-316 3.03642e-316 
3.16891e-316 3.16891e-316 3.16891e-316 
3.03607e-316 3.03607e-316 3.03607e-316 
1.63042e-322 1.63042e-322 1.63042e-322 
3.03495e-316 3.03495e-316 3.03495e-316 
6.0276e-322 6.0276e-322 6.0276e-322 
3.95253e-322 3.95253e-322 3.95253e-322 
1.63042e-322 1.63042e-322 1.63042e-322 
2.122e-314 2.122e-314 2.122e-314 
6.36599e-314 6.36599e-314 6.36599e-314 
1.97626e-323 1.97626e-323 1.97626e-323 1.97626e-323 
3.21143e-322 3.21143e-322 3.21143e-322 3.21143e-322 
2.47033e-323 2.47033e-323 2.47033e-323 2.47033e-323 
3.01932e-316 3.01932e-316 3.01932e-316 3.01932e-316 
1.42738e+228 1.42738e+228 1.42738e+228 1.42738e+228 
3.02316e-316 3.02316e-316 3.02316e-316 3.02316e-316 
20990.7 20990.7 20990.7 20990.7 
3.03088e-316 3.03088e-316 3.03088e-316 3.03088e-316 
3.23796e-319 3.23796e-319 3.23796e-319 3.23796e-319 
2.60867e-321 2.60867e-321 2.60867e-321 2.60867e-321 2.60867e-321 
3.02444e-316 3.02444e-316 3.02444e-316 3.02444e-316 3.02444e-316 
-2.66696e+306 -2.66696e+306 -2.66696e+306 -2.66696e+306 -2.66696e+306 
0.371911 0.371911 0.371911 0.371911 0.371911 
0.223365 0.223365 0.223365 0.223365 0.223365 
0.147826 0.147826 0.147826 0.147826 0.147826 
0.0959992 0.0959992 0.0959992 0.0959992 0.0959992 
0.063803 0.063803 0.063803 0.063803 0.063803 
0.0434372 0.0434372 0.0434372 0.0434372 0.0434372 
T Models:
(* Fitting with shape 1 1 1 1 1 1 1 1 1 1 0 0 *)
G[T_,xx_]:=Exp[0+xx[[1]]*T^1+xx[[2]]*T^2]*(1)
(* Fitting with shape 1 1 1 1 1 1 1 1 1 1 1 0 *)
G[T_,xx_]:=Exp[0+xx[[1]]*T^1+xx[[2]]*T^2]*(1)
(* Fitting with shape 1 1 1 1 1 1 1 1 1 1 1 1 *)
G[T_,xx_]:=Exp[0+xx[[1]]*T^1+xx[[2]]*T^2]*(1)
(* Fitting with shape 0 1 1 1 1 1 1 1 1 1 0 0 *)
G[T_,xx_]:=Exp[0+xx[[1]]*T^1+xx[[2]]*T^2]*(1)
(* Fitting with shape 0 1 1 1 1 1 1 1 1 1 1 0 *)
G[T_,xx_]:=Exp[0+xx[[1]]*T^1+xx[[2]]*T^2]*(1)
(* Fitting with shape 0 1 1 1 1 1 1 1 1 1 1 1 *)
G[T_,xx_]:=Exp[0+xx[[1]]*T^1+xx[[2]]*T^2]*(1)
(* Fitting with shape 0 0 1 1 1 1 1 1 1 1 0 0 *)
G[T_,xx_]:=Exp[0+xx[[1]]*T^1+xx[[2]]*T^2]*(1)
(* Fitting with shape 0 0 1 1 1 1 1 1 1 1 1 0 *)
G[T_,xx_]:=Exp[0+xx[[1]]*T^1+xx[[2]]*T^2]*(1)
(* Fitting with shape 0 0 1 1 1 1 1 1 1 1 1 1 *)
G[T_,xx_]:=Exp[0+xx[[1]]*T^1+xx[[2]]*T^2]*(1)
(* Fitting with shape 1 1 1 1 1 1 1 1 1 1 0 0 *)
G[T_,xx_]:=Exp[0+xx[[1]]*T^1+xx[[2]]*T^2]*(1+xx[[3]]/(T^1))
(* Fitting with shape 1 1 1 1 1 1 1 1 1 1 1 0 *)
G[T_,xx_]:=Exp[0+xx[[1]]*T^1+xx[[2]]*T^2]*(1+xx[[3]]/(T^1))
(* Fitting with shape 1 1 1 1 1 1 1 1 1 1 1 1 *)
G[T_,xx_]:=Exp[0+xx[[1]]*T^1+xx[[2]]*T^2]*(1+xx[[3]]/(T^1))
(* Fitting with shape 0 1 1 1 1 1 1 1 1 1 0 0 *)
G[T_,xx_]:=Exp[0+xx[[1]]*T^1+xx[[2]]*T^2]*(1+xx[[3]]/(T^1))
(* Fitting with shape 0 1 1 1 1 1 1 1 1 1 1 0 *)
G[T_,xx_]:=Exp[0+xx[[1]]*T^1+xx[[2]]*T^2]*(1+xx[[3]]/(T^1))
(* Fitting with shape 0 1 1 1 1 1 1 1 1 1 1 1 *)
G[T_,xx_]:=Exp[0+xx[[1]]*T^1+xx[[2]]*T^2]*(1+xx[[3]]/(T^1))
(* Fitting with shape 0 0 1 1 1 1 1 1 1 1 0 0 *)
G[T_,xx_]:=Exp[0+xx[[1]]*T^1+xx[[2]]*T^2]*(1+xx[[3]]/(T^1))
(* Fitting with shape 0 0 1 1 1 1 1 1 1 1 1 0 *)
G[T_,xx_]:=Exp[0+xx[[1]]*T^1+xx[[2]]*T^2]*(1+xx[[3]]/(T^1))
(* Fitting with shape 0 0 1 1 1 1 1 1 1 1 1 1 *)
G[T_,xx_]:=Exp[0+xx[[1]]*T^1+xx[[2]]*T^2]*(1+xx[[3]]/(T^1))
(* Fitting with shape 1 1 1 1 1 1 1 1 1 1 0 0 *)
G[T_,xx_]:=Exp[0+xx[[1]]*T^1+xx[[2]]*T^2]*(1+xx[[3]]/(T^1)+xx[[4]]/(T^2))
(* Fitting with shape 1 1 1 1 1 1 1 1 1 1 1 0 *)
G[T_,xx_]:=Exp[0+xx[[1]]*T^1+xx[[2]]*T^2]*(1+xx[[3]]/(T^1)+xx[[4]]/(T^2))
(* Fitting with shape 1 1 1 1 1 1 1 1 1 1 1 1 *)
G[T_,xx_]:=Exp[0+xx[[1]]*T^1+xx[[2]]*T^2]*(1+xx[[3]]/(T^1)+xx[[4]]/(T^2))
(* Fitting with shape 0 1 1 1 1 1 1 1 1 1 0 0 *)
G[T_,xx_]:=Exp[0+xx[[1]]*T^1+xx[[2]]*T^2]*(1+xx[[3]]/(T^1)+xx[[4]]/(T^2))
(* Fitting with shape 0 1 1 1 1 1 1 1 1 1 1 0 *)
G[T_,xx_]:=Exp[0+xx[[1]]*T^1+xx[[2]]*T^2]*(1+xx[[3]]/(T^1)+xx[[4]]/(T^2))
(* Fitting with shape 0 1 1 1 1 1 1 1 1 1 1 1 *)
G[T_,xx_]:=Exp[0+xx[[1]]*T^1+xx[[2]]*T^2]*(1+xx[[3]]/(T^1)+xx[[4]]/(T^2))
(* Fitting with shape 0 0 1 1 1 1 1 1 1 1 0 0 *)
G[T_,xx_]:=Exp[0+xx[[1]]*T^1+xx[[2]]*T^2]*(1+xx[[3]]/(T^1)+xx[[4]]/(T^2))
(* Fitting with shape 0 0 1 1 1 1 1 1 1 1 1 0 *)
G[T_,xx_]:=Exp[0+xx[[1]]*T^1+xx[[2]]*T^2]*(1+xx[[3]]/(T^1)+xx[[4]]/(T^2))
(* Fitting with shape 0 0 1 1 1 1 1 1 1 1 1 1 *)
G[T_,xx_]:=Exp[0+xx[[1]]*T^1+xx[[2]]*T^2]*(1+xx[[3]]/(T^1)+xx[[4]]/(T^2))
(* Fitting with shape 1 1 1 1 1 1 1 1 1 1 0 0 *)
G[T_,xx_]:=Exp[0+xx[[1]]*T^1+xx[[2]]*T^2+xx[[3]]*T^3]*(1)
(* Fitting with shape 1 1 1 1 1 1 1 1 1 1 1 0 *)
G[T_,xx_]:=Exp[0+xx[[1]]*T^1+xx[[2]]*T^2+xx[[3]]*T^3]*(1)
(* Fitting with shape 1 1 1 1 1 1 1 1 1 1 1 1 *)
G[T_,xx_]:=Exp[0+xx[[1]]*T^1+xx[[2]]*T^2+xx[[3]]*T^3]*(1)
(* Fitting with shape 0 1 1 1 1 1 1 1 1 1 0 0 *)
G[T_,xx_]:=Exp[0+xx[[1]]*T^1+xx[[2]]*T^2+xx[[3]]*T^3]*(1)
(* Fitting with shape 0 1 1 1 1 1 1 1 1 1 1 0 *)
G[T_,xx_]:=Exp[0+xx[[1]]*T^1+xx[[2]]*T^2+xx[[3]]*T^3]*(1)
(* Fitting with shape 0 1 1 1 1 1 1 1 1 1 1 1 *)
G[T_,xx_]:=Exp[0+xx[[1]]*T^1+xx[[2]]*T^2+xx[[3]]*T^3]*(1)
(* Fitting with shape 0 0 1 1 1 1 1 1 1 1 0 0 *)
G[T_,xx_]:=Exp[0+xx[[1]]*T^1+xx[[2]]*T^2+xx[[3]]*T^3]*(1)
(* Fitting with shape 0 0 1 1 1 1 1 1 1 1 1 0 *)
G[T_,xx_]:=Exp[0+xx[[1]]*T^1+xx[[2]]*T^2+xx[[3]]*T^3]*(1)
(* Fitting with shape 0 0 1 1 1 1 1 1 1 1 1 1 *)
G[T_,xx_]:=Exp[0+xx[[1]]*T^1+xx[[2]]*T^2+xx[[3]]*T^3]*(1)
(* Fitting with shape 1 1 1 1 1 1 1 1 1 1 0 0 *)
G[T_,xx_]:=Exp[0+xx[[1]]*T^1+xx[[2]]*T^2+xx[[3]]*T^3]*(1+xx[[4]]/(T^1))
(* Fitting with shape 1 1 1 1 1 1 1 1 1 1 1 0 *)
G[T_,xx_]:=Exp[0+xx[[1]]*T^1+xx[[2]]*T^2+xx[[3]]*T^3]*(1+xx[[4]]/(T^1))
(* Fitting with shape 1 1 1 1 1 1 1 1 1 1 1 1 *)
G[T_,xx_]:=Exp[0+xx[[1]]*T^1+xx[[2]]*T^2+xx[[3]]*T^3]*(1+xx[[4]]/(T^1))
(* Fitting with shape 0 1 1 1 1 1 1 1 1 1 0 0 *)
G[T_,xx_]:=Exp[0+xx[[1]]*T^1+xx[[2]]*T^2+xx[[3]]*T^3]*(1+xx[[4]]/(T^1))
(* Fitting with shape 0 1 1 1 1 1 1 1 1 1 1 0 *)
G[T_,xx_]:=Exp[0+xx[[1]]*T^1+xx[[2]]*T^2+xx[[3]]*T^3]*(1+xx[[4]]/(T^1))
(* Fitting with shape 0 1 1 1 1 1 1 1 1 1 1 1 *)
G[T_,xx_]:=Exp[0+xx[[1]]*T^1+xx[[2]]*T^2+xx[[3]]*T^3]*(1+xx[[4]]/(T^1))
(* Fitting with shape 0 0 1 1 1 1 1 1 1 1 0 0 *)
G[T_,xx_]:=Exp[0+xx[[1]]*T^1+xx[[2]]*T^2+xx[[3]]*T^3]*(1+xx[[4]]/(T^1))
(* Fitting with shape 0 0 1 1 1 1 1 1 1 1 1 0 *)
G[T_,xx_]:=Exp[0+xx[[1]]*T^1+xx[[2]]*T^2+xx[[3]]*T^3]*(1+xx[[4]]/(T^1))
(* Fitting with shape 0 0 1 1 1 1 1 1 1 1 1 1 *)
G[T_,xx_]:=Exp[0+xx[[1]]*T^1+xx[[2]]*T^2+xx[[3]]*T^3]*(1+xx[[4]]/(T^1))
(* Fitting with shape 1 1 1 1 1 1 1 1 1 1 0 0 *)
G[T_,xx_]:=Exp[0+xx[[1]]*T^1+xx[[2]]*T^2+xx[[3]]*T^3]*(1+xx[[4]]/(T^1)+xx[[5]]/(T^2))
(* Fitting with shape 1 1 1 1 1 1 1 1 1 1 1 0 *)
G[T_,xx_]:=Exp[0+xx[[1]]*T^1+xx[[2]]*T^2+xx[[3]]*T^3]*(1+xx[[4]]/(T^1)+xx[[5]]/(T^2))
(* Fitting with shape 1 1 1 1 1 1 1 1 1 1 1 1 *)
G[T_,xx_]:=Exp[0+xx[[1]]*T^1+xx[[2]]*T^2+xx[[3]]*T^3]*(1+xx[[4]]/(T^1)+xx[[5]]/(T^2))
(* Fitting with shape 0 1 1 1 1 1 1 1 1 1 0 0 *)
G[T_,xx_]:=Exp[0+xx[[1]]*T^1+xx[[2]]*T^2+xx[[3]]*T^3]*(1+xx[[4]]/(T^1)+xx[[5]]/(T^2))
(* Fitting with shape 0 1 1 1 1 1 1 1 1 1 1 0 *)
G[T_,xx_]:=Exp[0+xx[[1]]*T^1+xx[[2]]*T^2+xx[[3]]*T^3]*(1+xx[[4]]/(T^1)+xx[[5]]/(T^2))
(* Fitting with shape 0 1 1 1 1 1 1 1 1 1 1 1 *)
G[T_,xx_]:=Exp[0+xx[[1]]*T^1+xx[[2]]*T^2+xx[[3]]*T^3]*(1+xx[[4]]/(T^1)+xx[[5]]/(T^2))
(* Fitting with shape 0 0 1 1 1 1 1 1 1 1 0 0 *)
G[T_,xx_]:=Exp[0+xx[[1]]*T^1+xx[[2]]*T^2+xx[[3]]*T^3]*(1+xx[[4]]/(T^1)+xx[[5]]/(T^2))
(* Fitting with shape 0 0 1 1 1 1 1 1 1 1 1 0 *)
G[T_,xx_]:=Exp[0+xx[[1]]*T^1+xx[[2]]*T^2+xx[[3]]*T^3]*(1+xx[[4]]/(T^1)+xx[[5]]/(T^2))
(* Fitting with shape 0 0 1 1 1 1 1 1 1 1 1 1 *)
G[T_,xx_]:=Exp[0+xx[[1]]*T^1+xx[[2]]*T^2+xx[[3]]*T^3]*(1+xx[[4]]/(T^1)+xx[[5]]/(T^2))
Probabilities: 
        0         0         0         0         0         0         0         0         0         0         0         0         0         0         0         0         0         0         0         0         0         0         0         0         0         0         0         0         0         0         0         0         0         0         0         0         0         0         0         0         0         0         1         0         0         0         0         0         0         0         0         0         0         0
        0         0         0         0         0         0         0         0         0         0         0         0         0         0         0         0         0         0         0         0         0         0         0         0         1         0         0         0         0         0         0         0         0         0         0         0         0         0         0         0         0         0         0         0         0         0         0         0         0         0         0         0         0         0
        0         0         0         0         0         0         0         0         0         0         0         0         0         0         0         0         0         0         0         0         0         0         0         0  0.721824         0         0         0         0         0         0         0         0         0         0         0         0         0         0         0         0         0         0         0         0         0         0         0         0         0         0  0.278176         0         0
        0         0         0         0         0         0         0         0         0         0         0         0         0         0         0         1         0         0         0         0         0         0         0         0         0         0         0         0         0         0         0         0         0         0         0         0         0         0         0         0         0         0         0         0         0         0         0         0         0         0         0         0         0         0
        0         0         0         0         0         0         0         0         0         0         0         0         0         0         0         0         0         0         0         0         0         0         0         0  0.794003         0         0         0         0         0         0         0         0         0         0         0         0         0         0         0         0         0  0.205997         0         0         0         0         0         0         0         0         0         0         0
        0         0         0         0         0         0         0         0         0         0         0         0         0         0         0         0         0         0         0         0         0         0         0         0  0.634605         0         0         0         0         0         0         0         0         0         0         0         0         0         0         0         0         0  0.107547         0         0         0         0         0         0         0         0  0.257848         0         0
        0         0         0         0         0         0         0         0         0         0         0         0         0         0         0         0         0         0         0         0         0         0         0         0         0         0         0         0         0         0         0         0         0         0         0         0         0         0         0         0         0         0         1         0         0         0         0         0         0         0         0         0         0         0
        0         0         0         0         0         0         0         0         0         0         0         0         0         0         0         0         0         0         0         0         0         0         0         0  0.860182         0         0         0         0         0         0         0         0         0         0         0         0         0         0         0         0         0  0.139818         0         0         0         0         0         0         0         0         0         0         0
        0         0         0         0         0         0         0         0         0         0         0         0         0         0         0         0         0         0         0         0         0         0         0         0  0.641462         0         0         0         0         0         0         0         0         0         0         0         0         0         0         0         0         0         0         0         0         0         0         0         0         0         0  0.358538         0         0
        0         0         0         0         0         0         0         0         0         0         0         0         0         0         0         0         0         0         0         0         0         0         0         0  0.620868         0         0         0         0         0         0         0         0         0         0         0         0         0         0         0         0         0  0.113126         0         0         0         0         0         0         0         0  0.266006         0         0
        0         0         0         0         0         0         0         0         0         0         0         0         0         0         0 0.0179957         0         0         0         0         0         0         0         0   0.59801         0         0         0         0         0         0         0         0         0         0         0         0         0         0         0         0         0  0.135939         0         0         0         0         0         0         0         0  0.248055         0         0
        0         0         0         0         0         0         0         0         0         0         0         0         0         0         0 0.0518224         0         0         0         0         0         0         0         0  0.557572         0         0         0         0         0         0         0         0         0         0         0         0         0         0         0         0         0  0.157567         0         0         0         0         0         0         0         0  0.233039         0         0

Values: 
   0.11032   0.110367   0.110365   0.109594    0.10962   0.109626   0.109063   0.109077   0.109088   0.108267   0.108264   0.108269   0.107689   0.107681   0.107682   0.107436   0.107429   0.292828   0.107353   0.107349   0.107349   0.107208   0.107213   0.107215    0.35297   0.107193   0.693766   0.113062   0.112684   0.112489    1.18694     1.2599    1.25383    1.06317    1.09409    1.23289    1.21104   0.109459    1.02318   0.108422   0.885018   0.108265   0.107855   0.107793    1.04379    1.08815   0.866752   0.948145   0.107127    1.04793    0.95172   0.672437   0.722205  -0.958436
  0.170417   0.170384   0.170387   0.168679   0.168645   0.168637   0.194234   0.167703   0.167695    0.16575   0.165703   0.165694   0.164493   0.164457    0.16445    0.16395   0.526518   0.163934    0.16374   0.163742   0.163739   0.163442   0.163487   0.163485   0.163241    0.50138    0.16336   0.177657  0.0570693   0.176224    1.28076   0.826485    1.28233    1.25878    1.08902   0.100625     1.0941   0.315785 0.00578897    1.00606   0.931542   0.900882   0.690875   0.165129    1.01098  -0.137235   0.936234   0.164433    5.87467   0.667876    -1.0554   0.495096   0.852624   0.162674
  0.212248   0.212187   0.212199   0.209557   0.209404   0.209403   0.207803   0.259265   0.207634   0.204932   0.204808   0.204787   0.202751   0.202648   0.202622   0.201996   0.201954   0.201932   0.201535   0.201521   0.201513   0.201087   0.201149   0.201163   0.200501   0.887489   0.200855   0.227562   0.225423   0.223777    1.16361    1.16438    1.16353    1.28461    1.11245   0.987943    1.10872    1.09007    1.08622   0.207317   -0.24055     1.0312    0.71016     2.1424    0.20395   0.204911   0.911213   0.920416    1.13159    1.05684   0.897031   0.199568   0.198015   0.198395
  0.248689   0.248658   0.248553   0.244618   0.244561   0.244426   0.242057   0.241995   0.241841   0.238062   0.237997   0.237848   0.234828   0.234735   0.234576   0.233631   0.233529   0.598462   0.232883    0.23282   0.232696   0.232047   0.232002   0.231865   0.349966   0.353255   0.230864   0.275575   0.276428    0.27008    1.33646     1.3274    1.32694    1.03285     1.0332    1.06609   0.642243   0.250094    1.02644   0.729474   0.906413   0.240923    1.17445   0.975592   0.238815    0.23751   0.874266   0.866967    1.03322   0.976241   0.746497   -0.92666   0.230212  -0.809357
  0.287362   0.287362   0.287355   0.279691   0.279796   0.279716   0.309911   0.318869   0.515704   0.269791   0.269815   0.269719   0.264826   0.264736   0.264646   0.356676   0.356416   0.262797   0.261807   0.261781   0.261755   0.260419   0.260522   0.260584    0.25798   0.258757   0.445148   0.323459   0.319915   0.317249    1.13801     1.1383    1.13889   0.300119    1.12025    1.12285   0.291336   0.287834   0.285562    1.05572   0.274888   0.880066   0.276194    1.02708    1.02738  -0.475457   0.369511    1.31838   0.911427    2.60161    1.55054   0.831452   0.250825   0.653877
  0.326367   0.326422   0.326392   0.314335   0.314565   0.314477   0.556111   0.308439   0.536029   0.300818   0.300815   0.300724   0.293747    0.29361   0.293591   0.291141   0.291027   0.291074   0.289428   0.289375   0.289479   0.287334   0.287427   0.287772   0.282979   0.284107   0.285551   0.373619   0.369348    0.99265    1.26282    1.24878    1.25049    1.00336     1.0116    1.04612   0.331919   0.883609   0.820806   0.795647   0.309361   0.981675   0.311326    1.05207   0.299823   0.998475   0.298143   0.837839   0.637521   0.900247   0.288161   0.272991   0.266048  -0.742447
  0.368799   0.369121   0.368668   0.351176   0.351375   0.350931   0.402883   0.342064   0.341769   0.332846   0.332572   0.332363   0.322536   0.322088   0.322267   0.318594   0.467191    0.51703   0.316337   0.315967   0.316469   0.312654   0.312333   0.313423   0.903751     0.3061   0.309421   0.426437   0.421269   0.418708   0.405168    1.21196   0.396747    1.33399    1.03218    1.05355   0.377427   0.468325   0.802654    1.23164    3.07223   0.818085    0.35182   0.344504   0.334662   0.839731   0.836764   0.846804   0.345161    1.37786   0.917563    1.03852   -20.9248    0.24468
  0.414326   0.415516    0.41435   0.390592   0.390912   0.389774   0.466134   0.377818   0.377031   0.367324   0.366509   0.365758   0.353229   0.352327    0.35207   0.347747   0.346906    0.34679   0.344761   0.344107   0.344131   0.339455   0.339031   0.339378   0.327661    0.91517   0.896501   0.965378   0.978453    1.06636    1.20692    1.15571    1.15668    1.36029    1.37844    1.36112    0.96746   0.967604          1   0.391781   0.679575    1.17208   0.393488    0.72171    1.03334   0.850888   0.849558   0.867252   0.157283    6.66874    1.18026   0.655605   0.215752   0.211209
  0.462816   0.463795   0.463504   0.433992   0.433763   0.433367   0.416774   0.415861   0.415539   0.405093   0.403534   0.403105   0.385279   0.383495   0.383571   0.377723   0.375944   0.559599   0.373971   0.372474   0.372904   0.365884   0.364544   0.365484   0.343481   0.345113   0.350943   0.760096    1.10523   0.528019    1.23375    1.14299    1.39684    1.00075   0.997168   0.996829          1          1          1   0.435208   0.431747   0.895288    1.28468   0.437023   0.783443   0.965573   0.967616   0.968945   0.783369    1.20783    1.07508   0.253853    0.62609   0.246243
   0.50779   0.508423    0.50841   0.477365   0.477451   0.477829   0.455395   0.455101   0.454962   0.444945   0.444215   0.444151   0.418533   0.417897   0.418101   0.409098   0.409499   0.409734   0.404966   0.405245   0.405848   0.394398   0.397269   0.398166   0.361013    0.37278   0.379427    1.06918    1.07052    1.09159    1.18788    1.15574    1.19088    1.09153    1.35394     1.3708   0.517645   0.509239   0.505275   0.476049   0.536928   0.461294   0.494531   0.473872   0.457375   0.454582   0.885785   0.893672   0.492301   -0.85801    0.41816    0.29881   0.288291   0.281482
  0.539118   0.539182   0.539198   0.508334   0.508867   0.509066   0.484277   0.484866   0.485024   0.475464   0.475655   0.475661   0.931471   0.445541   0.445945   0.436605   0.437174   0.437285   0.431559   0.432063   0.432626   0.956896   0.959599    1.05824   0.383638   0.399162   0.405423    1.11121    1.09451    1.10426    1.23479    1.21799    1.24587     1.0085    1.01822    1.11617   0.545476   0.536546   0.534171   0.498505    1.14902   0.485008   0.521864   0.496231   0.479735   0.854745   0.855375   0.847514  -0.925588    1.09688   0.433886   0.332097   0.311381   0.303761
  0.550152   0.549807    0.54982   0.520316   0.520529   0.520585   0.495446   0.496486   0.601498   0.488097   0.488583   0.488581   0.456471   0.456384   0.456607   0.447316   0.447146   0.447272   0.441885   0.441897   0.442319   0.956808   0.956405   0.953313   0.395233   0.408498   0.415013   0.980757   0.980487   0.975323   0.585668    1.31249    1.34571   0.986061   0.993185   0.983639   0.557948   0.548896   0.546071    1.17857   0.865636   0.494639   0.528063   0.505974    0.74866   0.842944   0.831139   0.796801  -0.925073   0.782168   0.894613   0.333336   0.321573   0.786327

Errors: 
2.20237e-05 2.20128e-05  2.1967e-05 2.25847e-05 2.25507e-05 2.25414e-05 2.32382e-05 2.32543e-05 2.31999e-05 2.50135e-05 2.50283e-05 2.49853e-05 2.78878e-05  2.7831e-05 2.78076e-05 3.22315e-05 3.18464e-05  0.00112116 3.11963e-05 3.08988e-05 3.11268e-05 3.98838e-05 3.88137e-05 3.86699e-05           1 4.83057e-05    0.811578 3.05957e-05 2.84735e-05 2.77758e-05           0           0           0     1.00011     1.00006           1           1 4.07072e-05    0.484052    5.91e-05           1 5.07365e-05 8.96891e-05 7.96567e-05 6.61029e-06 2.27997e-05 1.66545e-05    0.574374 0.000152025  2.4467e-05 0.000629869  0.00045074 0.000140653 6.23524e-05
7.14013e-05 7.13793e-05 7.24187e-05 7.15555e-05 7.21685e-05  7.2276e-05           0 7.29503e-05 7.29697e-05  7.8444e-05 7.82269e-05 7.78874e-05  8.6175e-05 8.52795e-05 8.51932e-05 9.82551e-05           0 9.50509e-05 9.58923e-05 9.38211e-05 9.35013e-05 0.000120775 0.000114154  0.00011368 0.000163368           0  0.00014421 0.000100729  0.00307994  9.4867e-05           0           1           0      1.0001     1.00139           1           0           0     1.00001     1.00001     1.00001           1     1.00001 0.000309585     1.00016 0.000126303 0.000151218 0.000235947           1    0.917201 0.000220382  0.00124826  0.00010107 0.000694643
0.000138509 0.000137795 0.000138078  0.00013618 0.000136831 0.000137326 0.000138768           0 0.000139641  0.00014695 0.000146652 0.000147763 0.000167185 0.000163588  0.00016504 0.000187391 0.000179431 0.000178092 0.000189844 0.000181069 0.000181193 0.000238925 0.000219648 0.000212978 0.000368054           0 0.000291851  0.00022418 0.000216546 0.000205907           0           0           0     1.00015     1.00105           0           0           0           0 0.000502384           1     1.00001           1           1 0.000601646     1.06158    0.084165 0.000491802  8.6412e-05 0.000359866     1.00003  0.00304363  0.00234733  0.00176348
0.000229918 0.000230051 0.000230539 0.000221809 0.000222097 0.000222689  0.00022273 0.000223814 0.000223972 0.000235114  0.00023639   0.0002358 0.000272967 0.000270527 0.000268804 0.000321638 0.000311866           0 0.000314681 0.000313003   0.0002906 0.000440244 0.000419386 0.000394379           0           0 0.000559304 0.000404797           1 0.000374752           0           0           0     1.04019     1.03302      1.0102           0 0.000608408           0     1.00007     1.00342 0.000737345     1.00023           0  0.00117417  0.00142014  0.00103858 0.000522504  0.00249393     1.00007  0.00085876  0.00190288  0.00456962  0.00131204
          0           0           0 0.000355813 0.000357782 0.000358724           0           0           1 0.000384577 0.000385858 0.000385668 0.000447617 0.000450892 0.000444194           0           0 0.000529306 0.000534139 0.000502898 0.000515843 0.000790781  0.00074645 0.000721226  0.00129304  0.00114212           0 0.000622891 0.000607938 0.000597675           0           0           0 0.000964406     1.02242     1.03505  0.00114501 0.000983566 0.000898864           0  0.00153575     1.00014  0.00327258     1.00388      1.0001  0.00107085 0.000198413  0.00295734  0.00113859           1  0.00635343   0.0094375  0.00791122     1.00001
          0           0           0 0.000519491 0.000518031 0.000518694           0 0.000527925           0 0.000578365 0.000581018 0.000577941 0.000683607 0.000678863 0.000662415 0.000834491 0.000820853 0.000801082  0.00082217 0.000809477 0.000794093  0.00123972  0.00117579  0.00113484  0.00226456  0.00197394  0.00166717  0.00093247 0.000905619           0           0           0           0           0           0     1.03282   0.0017999           0           0     1.00002  0.00249332     1.00006  0.00557115      1.0009  0.00370383  0.00279757  0.00349888      2.7421   0.0020274 0.000676462  0.00625455   0.0151339   0.0129896  0.00393885
0.000781702 0.000790336 0.000784566 0.000772729 0.000775149 0.000769577           0 0.000781822 0.000772303 0.000854437 0.000869884 0.000856939  0.00103878   0.0010348  0.00100771  0.00130367           0           0  0.00128808  0.00125612  0.00119937  0.00198652  0.00185841  0.00177576           0  0.00310772  0.00282339  0.00133391   0.0012681  0.00125068  0.00176267           0  0.00156871     1.00166     1.21733     1.08706  0.00269959           1           0     1.00006           0     1.00001  0.00833788  0.00665573  0.00606856  0.00117596     2.58795  0.00125171   0.0131874  0.00446437  0.00363662     1.64898   0.0193341   0.0167412
 0.00109223   0.0011064  0.00109948  0.00109993  0.00115007   0.0011051           0  0.00110453  0.00109304   0.0012679  0.00127063  0.00126197  0.00155418  0.00151423  0.00145766  0.00202816  0.00190073  0.00182237   0.0019861  0.00185675  0.00181777  0.00303695  0.00283359  0.00273461  0.00628494           0           0           0           0           0           0           0           0     1.00276     1.00235     1.00314           0           0           0  0.00689253     1.00085     1.00034   0.0127771     1.00056     1.00003  0.00173036  0.00176447  0.00184226  0.00504945     1.00474  0.00867284     1.00057  0.00993996  0.00852672
  0.0014976  0.00152077           0  0.00159533  0.00162697  0.00164585  0.00163697  0.00166668  0.00164864  0.00188582  0.00188965   0.0018657  0.00233423  0.00229689  0.00225093  0.00313644  0.00286633           0  0.00308461  0.00285757  0.00280198  0.00497455  0.00420648   0.0040533   0.0114926  0.00968134  0.00816566           0     1.00003           1           0           0     1.00074     1.08082     1.09438     1.09991           0           0           0  0.00968836  0.00842254     1.00579           0    0.015781     1.00195     2.48002     2.59089  0.00463514     1.00081  0.00668324     1.00002    0.012769   0.0130187   0.0101665
          0  0.00190177  0.00190172  0.00218684  0.00221667  0.00222255  0.00237367  0.00239073  0.00239676  0.00273952   0.0027432  0.00273961   0.0036222  0.00354242  0.00340188  0.00480941     0.00439   0.0043573  0.00462773  0.00437045  0.00424655  0.00782734   0.0064436   0.0065544   0.0143964   0.0157537   0.0127468           0           0           0           0           0           0     1.18267     1.00514     1.00539  0.00689955  0.00635688  0.00607511   0.0129954   0.0294812    0.011558   0.0244263   0.0225006   0.0212014   0.0178052  0.00309305  0.00334344    0.030598  0.00995251   0.0283657   0.0169078    0.015403   0.0142612
          0           0           0  0.00268964  0.00264826  0.00264931  0.00301559  0.00298696  0.00300252  0.00342405  0.00350115  0.00345026           0  0.00459232  0.00454531  0.00612573  0.00589876  0.00610697  0.00589165  0.00573411  0.00564665           0           0           0   0.0297671   0.0164711    0.015988           0           0           0           0           0           0           0           0     1.06697  0.00818495  0.00748509  0.00725501   0.0162135     1.00042   0.0142734   0.0318019   0.0292147   0.0274356  0.00311748  0.00295663  0.00725514   0.0139446  0.00354429   0.0336027    0.021703   0.0194224   0.0182043
          0           0           0  0.00289827  0.00282464  0.00280936   0.0032973  0.00328822           0  0.00372564   0.0037117  0.00368163  0.00515835  0.00526781  0.00515207  0.00703208  0.00685934  0.00686643  0.00665459  0.00609632  0.00642153           0           0           0   0.0310685   0.0145098   0.0124536           0           0           0  0.00578942     1.00137           0           0     4.50527           0  0.00895873  0.00809359  0.00795365     1.00082   0.0184538   0.0154824   0.0350323   0.0315018     1.00208   0.0029107     1.77972   0.0019803   0.0152049   0.0180739  0.00800652   0.0241994   0.0211618     1.00076

Statuses: 
0 0 0 0 0 0 0 0 0 0 0 0 0 0 0 0 0 3 0 0 0 0 0 0 3 0 3 0 0 0 3 3 3 3 3 3 3 0 3 0 3 0 0 0 3 3 3 3 0 3 3 3 3 0
0 0 0 0 0 0 3 0 0 0 0 0 0 0 0 0 3 0 0 0 0 0 0 0 0 3 0 0 3 0 3 3 3 3 3 3 3 3 3 3 3 3 3 0 3 0 3 0 3 3 0 3 3 0
0 0 0 0 0 0 0 3 0 0 0 0 0 0 0 0 0 0 0 0 0 0 0 0 0 3 0 0 0 0 3 3 3 3 3 3 3 3 3 0 3 3 3 3 0 3 3 3 3 3 3 0 0 0
0 0 0 0 0 0 0 0 0 0 0 0 0 0 0 0 0 3 0 0 0 0 0 0 3 3 0 0 3 0 3 3 3 3 3 3 3 0 3 3 3 0 3 3 0 0 3 3 3 3 3 0 0 0
2 2 2 0 0 0 3 3 3 0 0 0 0 0 0 3 3 0 0 0 0 0 0 0 0 0 3 0 0 0 3 3 3 0 3 3 0 0 0 3 0 3 0 3 3 3 3 3 3 3 3 3 0 3
2 2 2 0 0 0 3 0 3 0 0 0 0 0 0 0 0 0 0 0 0 0 0 0 0 0 0 0 0 3 3 3 3 3 3 3 0 3 3 3 0 3 0 3 0 3 0 3 3 3 0 0 0 0
0 0 0 0 0 0 3 0 0 0 0 0 0 0 0 0 3 3 0 0 0 0 0 0 3 0 0 0 0 0 0 3 0 3 3 3 0 3 3 3 3 3 0 0 0 3 3 3 0 3 3 3 3 0
0 0 0 0 0 0 3 0 0 0 0 0 0 0 0 0 0 0 0 0 0 0 0 0 0 3 3 3 3 3 3 3 3 3 3 3 3 3 3 0 3 3 0 3 3 3 3 3 0 3 3 3 0 0
0 0 2 0 0 0 0 0 0 0 0 0 0 0 0 0 0 3 0 0 0 0 0 0 0 0 0 3 3 3 3 3 3 3 3 3 3 3 3 0 0 3 3 0 3 3 3 3 3 3 3 0 3 0
2 0 0 0 0 0 0 0 0 0 0 0 0 0 0 0 0 0 0 0 0 0 0 0 0 0 0 3 3 3 3 3 3 3 3 3 0 0 0 0 3 0 0 0 0 0 3 3 0 0 0 0 0 0
2 2 2 0 0 0 0 0 0 0 0 0 3 0 0 0 0 0 0 0 0 3 3 3 0 0 0 3 3 3 3 3 3 3 3 3 0 0 0 0 3 0 0 0 0 3 3 3 0 3 0 0 0 0
2 2 2 0 0 0 0 0 3 0 0 0 0 0 0 0 0 0 0 0 0 3 3 3 0 0 0 3 3 3 0 3 3 3 3 3 0 0 0 3 3 0 0 0 3 3 3 3 0 3 3 0 0 3
chisq per dof: 
26.4675 24.3636 22.0283 14.3835 13.2057 11.8597 7.41098 6.85957 6.16456  3.8542 3.58987  3.3095 1.83685 1.73475 1.64476 1.66372 1.55511 24707.6  1.7122 1.61123 1.53485 1.80733 1.67306 1.57765   41878 1.80706 76990.5 13.5508 12.9774  12.527  125862  109152 94950.1  144350  121187 97539.1  101709 2.72109 81966.4 1.92793  132472 1.69022 2.03586 1.83199  106174  159446  127506  116645 2.25864  158268  129109  235590  175754 4585.77
14.6362 13.2316  12.099 8.16852 7.57783 6.87745 200.658 4.62846 4.19482 2.71601  2.5869 2.41463  1.6879 1.59794 1.52467 1.64678 4359.42 1.46281 1.69429 1.59512 1.52094 1.81006 1.67661 1.57998 2.00678 4532.37 1.67442 6.74204 1661.12 6.72034 10453.6 6061.08 7851.87   11664 9807.74 571.058 11224.9    6861 1409.42 13095.7 10731.3 9050.74 14459.7 1.82419 9890.57 387.291   11077 1.72798   14600 11434.5 1240.65 18353.1 14225.7 2.00789
10.6318 9.57802 8.76094 5.59592 5.26101  4.8265   3.661 777.488 3.27182 2.23714  2.1687 2.05208 1.61911 1.54007 1.47724 1.63465 1.52958 1.45489 1.68539 1.58754 1.51423 1.80928 1.67491 1.57858  2.0039 1990.81 1.67224 4.55149 5.14348 5.17889 2571.17 2205.96 1932.36 2555.59  2249.8 1933.84 2622.91 2255.11 1973.41 1.81471 1802.74 2008.28 3345.87 2139.74 1.68305 1682.32 2618.04 2250.34 3654.19 3040.19 2573.66 2.67165 2.25483 2.00394
8.70797 7.86116 7.23599 4.54829 4.17253 3.91113 2.85734 2.69483 2.59147 2.04752 1.94832 1.87944 1.58455 1.51057 1.46002 1.63227 1.52952 294.702 1.68386  1.5875  1.5171 1.81029 1.67536  1.5798 332.699 260.863 1.66902 3.35565 13.2773 3.80477 868.349 743.621 651.337   928.4 773.846 663.692 782.253 1.75718 666.912 1062.47   898.9 1.58472 1114.11  927.63 1.67586  2.0048 880.717 724.228 1168.92 1080.91 875.357 7.52998 2.25348 11.7606
6.82026 6.17456  5.6572 3.74725 3.47229 3.22356 86.3409 68.1579 117.914 1.92639 1.84308 1.76257 1.56448 1.48741 1.42874 56.3319 58.8466 1.45002 1.68215 1.58477 1.51173 1.81059 1.67568 1.57923 2.00314 1.80468 87.6047 2.63998 2.94748 3.07342 390.397 334.829 295.106 1.69046 336.585  290.75 1.78713 1.70945 1.64916 325.909 1.68031 334.023 2.00785 402.972 306.267 468.149 185.987 358.011 576.186 377.677 318.708 648.111 2.25443 397.669
5.28647 4.81498 4.43448  3.1333   2.927  2.7231 76.5617 2.05663 57.0359 1.83769 1.75778 1.67686 1.55506 1.47849 1.41871 1.62372 1.52031  1.4461 1.67983 1.58281 1.51046 1.80841 1.67374 1.57885  2.0005 1.80203 1.67214 2.24577 2.34865 143.346 175.797 157.681 138.029 201.594 168.725 145.116 1.76281 148.087 127.373 170.297 1.67667 149.243 2.00671 157.871 1.68047 251.576 1.83934 147.661 269.772 179.307 1.84199 2.66687 2.25047 3.10045
4.14415 3.83229 3.57787 2.67475 2.53222 2.37985 14.6747 1.88408 1.77901 1.77561 1.70622 1.62932 1.55237 1.48001 1.42055 1.62573 13.5654 15.1281 1.68213 1.58608 1.51513 1.80995 1.67517 1.58289 85.1891 1.80093 1.67583 1.91788 1.94395 1.92943  1.7123 80.4355   1.639 99.3989  91.272 78.5873 1.73408 22.2132 69.0598 122.281 91.4108 54.3653 2.00611 1.80769 1.68435 112.883 91.8555 83.3546 2.25577 129.454  108.72 140.415 115.422 2.00466
3.23584 3.06499 2.89534 2.27979 2.20759 2.09688 16.2319 1.71462 1.63418 1.70454 1.64688 1.58003 1.54371 1.47153 1.41293 1.62568 1.52302 1.44836 1.68293  1.5864  1.5131 1.81288  1.6775 1.58087 2.00527 40.9601 33.6508  39.715 35.6169 38.0788 65.7468 56.5246 49.7984 58.1775 48.3056 42.8571 74.2105 63.7803 56.9203 1.80933 59.6924 37.6989 2.01162 61.8397 32.3186 70.0168 58.9705 51.2957 2.29495 64.2699 64.3035 87.6764 2.25333 2.00267
2.48237 2.38042 2.24783 1.94126 1.88437 1.79611  1.6216 1.59227 1.52019 1.64258 1.58791 1.52531 1.54221 1.47209  1.4131 1.63062 1.52764 5.61713 1.68748 1.59117 1.51763 1.81879 1.68264  1.5859 2.01008 1.80817 1.67665 26.0751 23.7441 25.4272 43.0559 37.4284 29.6932  40.585  34.124 29.3957 51.4869 44.2859 38.9006 1.81458 1.67939 37.3571  50.759 1.81506 34.1406 58.3845 49.0269 42.1955 57.1521 51.3818 32.8299 2.67816 48.3286 2.00882
1.94227 1.85156 1.76662 1.66659 1.59694 1.53866 1.50561 1.44958 1.39397 1.57569 1.50927 1.45635 1.53498 1.45914 1.40183 1.62913 1.52433 1.44954 1.68724  1.5891 1.51577 1.81996 1.68408  1.5868 2.01253 1.81272 1.67926 20.4311 18.8132 14.6065 31.1356 26.8193 23.6337  27.886 20.9227 17.7873 1.69791 1.60716  1.5344 1.81584 25.8323 1.58784 2.01849 1.81942 1.68575 2.01662 28.1463 24.6936 2.26956   2.215 1.85107 2.68267  2.2643 2.01268
1.70686 1.62835 1.56554 1.53979 1.47444 1.42298  1.4471 1.38797 1.33999 1.53581 1.47053 1.41858 13.1069 1.45271 1.39654 1.62656 1.52226 1.44787 1.68611 1.58826 1.51512 17.4332 14.9118 12.0006 2.01745 1.81656 1.68202 15.9451  16.159 12.7922 21.9999 19.9563 16.2439 22.0143 18.7896  16.219 1.69743 1.60466  1.5308 1.81904 20.5206 1.58856 2.02263 1.82164  1.6866 24.3579 20.7009 17.4009 2.31559 25.0688 1.85218 2.68937 2.26927 2.01643
1.62658 1.55911 1.50345 1.49315 1.43174 1.38413  1.4227 1.36629 2.05741 1.51907 1.45532 1.40492 1.52314 1.44887 1.39291 1.62246 1.51873 1.44472 1.68325 1.58564 1.51264 15.8134 13.4224 11.7372 2.01627  1.8143 1.67973 25.0791 22.1019 14.9792 1.54189 18.5325 17.2392 19.9956 16.9728 14.7435 1.69469 1.60091 1.52762 24.0369 22.5376 1.58567 2.02069 1.81823 16.9953 23.3752  17.459 15.3434 2.30094  13.332 21.7146 2.68777 2.26676  20.525
Mode averaged potential and errors: 
   0.107855 8.96891e-05
   0.163241 0.000163368
   0.200242   0.0016881
   0.233631 0.000321638
   0.261732   0.0076023
   0.283452   0.0133255
    0.35182  0.00833788
   0.336865   0.0240408
   0.311346   0.0446177
   0.359571   0.0575854
   0.390596   0.0635861
   0.404437   0.0678186
R Models:
(* Fitting with shape 1 1 1 1 1 1 1 1 0 0 0 0 *)
G[R_,xx_]:=xx[[0]] + xx[[1]]/R | xx[[2]]*R
(* Fitting with shape 1 1 1 1 1 1 1 1 1 0 0 0 *)
G[R_,xx_]:=xx[[0]] + xx[[1]]/R | xx[[2]]*R
(* Fitting with shape 1 1 1 1 1 1 1 1 1 1 0 0 *)
G[R_,xx_]:=xx[[0]] + xx[[1]]/R | xx[[2]]*R
(* Fitting with shape 1 1 1 1 1 1 1 1 1 1 1 0 *)
G[R_,xx_]:=xx[[0]] + xx[[1]]/R | xx[[2]]*R
(* Fitting with shape 1 1 1 1 1 1 1 1 1 1 1 1 *)
G[R_,xx_]:=xx[[0]] + xx[[1]]/R | xx[[2]]*R
(* Fitting with shape 0 1 1 1 1 1 1 1 0 0 0 0 *)
G[R_,xx_]:=xx[[0]] + xx[[1]]/R | xx[[2]]*R
(* Fitting with shape 0 1 1 1 1 1 1 1 1 0 0 0 *)
G[R_,xx_]:=xx[[0]] + xx[[1]]/R | xx[[2]]*R
(* Fitting with shape 0 1 1 1 1 1 1 1 1 1 0 0 *)
G[R_,xx_]:=xx[[0]] + xx[[1]]/R | xx[[2]]*R
(* Fitting with shape 0 1 1 1 1 1 1 1 1 1 1 0 *)
G[R_,xx_]:=xx[[0]] + xx[[1]]/R | xx[[2]]*R
(* Fitting with shape 0 1 1 1 1 1 1 1 1 1 1 1 *)
G[R_,xx_]:=xx[[0]] + xx[[1]]/R | xx[[2]]*R
(* Fitting with shape 0 0 1 1 1 1 1 1 0 0 0 0 *)
G[R_,xx_]:=xx[[0]] + xx[[1]]/R | xx[[2]]*R
(* Fitting with shape 0 0 1 1 1 1 1 1 1 0 0 0 *)
G[R_,xx_]:=xx[[0]] + xx[[1]]/R | xx[[2]]*R
(* Fitting with shape 0 0 1 1 1 1 1 1 1 1 0 0 *)
G[R_,xx_]:=xx[[0]] + xx[[1]]/R | xx[[2]]*R
(* Fitting with shape 0 0 1 1 1 1 1 1 1 1 1 0 *)
G[R_,xx_]:=xx[[0]] + xx[[1]]/R | xx[[2]]*R
(* Fitting with shape 0 0 1 1 1 1 1 1 1 1 1 1 *)
G[R_,xx_]:=xx[[0]] + xx[[1]]/R | xx[[2]]*R
(* Fitting with shape 0 0 0 1 1 1 1 1 0 0 0 0 *)
G[R_,xx_]:=xx[[0]] + xx[[1]]/R | xx[[2]]*R
(* Fitting with shape 0 0 0 1 1 1 1 1 1 0 0 0 *)
G[R_,xx_]:=xx[[0]] + xx[[1]]/R | xx[[2]]*R
(* Fitting with shape 0 0 0 1 1 1 1 1 1 1 0 0 *)
G[R_,xx_]:=xx[[0]] + xx[[1]]/R | xx[[2]]*R
(* Fitting with shape 0 0 0 1 1 1 1 1 1 1 1 0 *)
G[R_,xx_]:=xx[[0]] + xx[[1]]/R | xx[[2]]*R
(* Fitting with shape 0 0 0 1 1 1 1 1 1 1 1 1 *)
G[R_,xx_]:=xx[[0]] + xx[[1]]/R | xx[[2]]*R
2.44226 2.44226 2.44226 
-0.257723 -0.257723 -0.257723 
1 1 1 
0.263291 0.263291 0.263291 
-8.23187 -8.23187 -8.23187 
5.03038e+175 5.03038e+175 5.03038e+175 
3.5936e+246 3.5936e+246 3.5936e+246 
2.14726e+243 2.14726e+243 2.14726e+243 
-825142 -825142 -825142 
1.42785e-321 1.42785e-321 1.42785e-321 
3.03641e-316 3.03641e-316 3.03641e-316 
3.01918e-316 3.01918e-316 3.01918e-316 
2.47033e-323 2.47033e-323 2.47033e-323 
3.15911e-316 3.15911e-316 3.15911e-316 
715.568 715.568 715.568 
3.01449e-316 3.01449e-316 3.01449e-316 
2.48995e-316 2.48995e-316 2.48995e-316 
2.42092e-322 2.42092e-322 2.42092e-322 
626299 626299 626299 
-0.101398 -0.101398 -0.101398 
6.40284e-05 6.40284e-05 6.40284e-05 
-0.0144859 -0.0144859 -0.0144859 
-8.23187 -8.23187 -8.23187 
2.37152e-322 2.37152e-322 2.37152e-322 
-2.04279 -2.04279 -2.04279 
0.760411 0.760411 0.760411 
0.900439 0.900439 0.900439 
-9.41298 -9.41298 -9.41298 
-8.23187 -8.23187 -8.23187 
6.37345e-322 6.37345e-322 6.37345e-322 
2.95135e-316 2.95135e-316 2.95135e-316 
2.97298e-316 2.97298e-316 2.97298e-316 
-7622.2 -7622.2 -7622.2 
-1959.64 -1959.64 -1959.64 
0 0 0 
1.63042e-322 1.63042e-322 1.63042e-322 
6.91993e-310 6.91993e-310 6.91993e-310 
0 0 0 
2.47033e-323 2.47033e-323 2.47033e-323 
3.15849e-316 3.15849e-316 3.15849e-316 
-0.0275909 -0.0275909 -0.0275909 
3.02538e-316 3.02538e-316 3.02538e-316 
225.527 225.527 225.527 
2.96592e-316 2.96592e-316 2.96592e-316 
1.42291e-321 1.42291e-321 1.42291e-321 
2.60867e-321 2.60867e-321 2.60867e-321 
3.02444e-316 3.02444e-316 3.02444e-316 
-2.66696e+306 -2.66696e+306 -2.66696e+306 
0.371911 0.371911 0.371911 
0.223365 0.223365 0.223365 
0.147826 0.147826 0.147826 
0.0959992 0.0959992 0.0959992 
0.063803 0.063803 0.063803 
0.0434372 0.0434372 0.0434372 
Probabilities: 
         0          0          0          0          0          0          0          0          0          0          0          0 0.00570057 0.00406782          0          0 0.00340816          0  0.0204486  0.0175809  0.0115678  0.0105411  0.0158471  0.0199083  0.0168786  0.0412158  0.0919378          0          0          0          0          0          0          0          0   0.184082  0.0716614          0   0.326933  0.0433332   0.114889          0          0          0          0          0          0          0          0          0          0          0          0          0

String tensions: 
         1          1          1          1          1          1          1          1          1  -0.408536  -0.408904  -0.409447  -0.534173  -0.553947  -0.576438    -2.4877  -0.706782  -0.758282  -0.703333  -0.741551  -0.787012   -1.43599   -1.36715    -1.5137   -3.53281   -3.87614   -3.19727  -0.126213  0.0737388 -0.0615432   0.986026   0.986033   0.986039   -0.14153  -0.135329 0.00996697 0.00437597 -0.0772411 0.00515316 0.00856874 0.00913211 -0.0740508   0.873187   0.994951   0.948473   -0.01717   0.843943  0.0111214  0.0204746  0.0198957   0.018508   0.169217   0.938134    0.77679

Errors: 
    5792.62     5792.62     5792.62     5792.62     5792.62     5792.62     5792.62     5792.62     5792.62  0.00204243  0.00203497    0.002024   0.0380273   0.0361769   0.0320353     1.00786    0.116405    0.105981  0.00267863   0.0750943   0.0681918   0.0312408     0.39394    0.361231    0.698592   0.0424792   0.0399225           0 0.000621656           0           0           0           0           0           0  0.00175548  0.00125989           0   0.0009638  0.00445509  0.00393246           1           1           0 0.000213211  0.00157143   0.0125806 0.000473358 0.000573137 0.000556119 0.000535443    0.975999   0.0142113 0.000299923

Statuses: 
0 0 0 0 0 0 0 0 0 0 0 0 0 0 0 3 0 0 0 0 0 0 0 0 0 0 0 3 0 3 3 3 3 3 3 0 0 3 0 0 0 3 3 3 0 3 3 1 1 1 1 3 3 0
chisq per dof: 
2363.87 2105.68 1926.12 26.0034 28.2996 32.9458  6.5203 6.68988  7.1836 3.82603 4.36858   5.275 2.78856 2.77232 2.85035 366.272 2.96002 2.86611 2.31095 2.30986 2.36845 2.58365 2.38379 2.27878 2.51208 2.12914 1.88147  144809 132.085  130584 90889.3 77910.5 68176.1 68903.2 58576.1  1.6831 1.95265 40627.1 1.62589 2.11244 1.81779 8639.21 17753.5 37263.3 539.324  122923  188848 1.35274 1.74451 1.50773  1.3636 58233.8 87369.3 539.182
Model string tension and errors: 
sigma = -0.619252 +/- 1.23635
