R=0parameters: 
-0.624133 -0.624133 
0.132428 0.132428 
3.53201e-10 3.53201e-10 
1.63042e-322 1.63042e-322 
3.11974e-09 3.11974e-09 
2.122e-314 2.122e-314 
3.35386e-316 3.35386e-316 
1.63042e-322 1.63042e-322 
3.34835e-316 3.34835e-316 
0 0 0 
0 0 0 
1.4822e-323 1.4822e-323 1.4822e-323 
-nan -nan -nan 
2.2969e-316 2.2969e-316 2.2969e-316 
3.354e-316 3.354e-316 3.354e-316 
2.86558e-322 2.86558e-322 2.86558e-322 
3.21143e-322 3.21143e-322 3.21143e-322 
5.04303e-73 5.04303e-73 5.04303e-73 
-9.97492e+78 -9.97492e+78 -9.97492e+78 -9.97492e+78 
2.3308e-319 2.3308e-319 2.3308e-319 2.3308e-319 
-5.48613e+303 -5.48613e+303 -5.48613e+303 -5.48613e+303 
2.23135e-316 2.23135e-316 2.23135e-316 2.23135e-316 
8.48798e-314 8.48798e-314 8.48798e-314 8.48798e-314 
3.34367e-316 3.34367e-316 3.34367e-316 3.34367e-316 
8.48798e-314 8.48798e-314 8.48798e-314 8.48798e-314 
0 0 0 0 
-nan -nan -nan -nan 
-nan -nan -nan 
-nan -nan -nan 
-nan -nan -nan 
-nan -nan -nan 
-nan -nan -nan 
-nan -nan -nan 
-nan -nan -nan 
1.58101e-321 1.58101e-321 1.58101e-321 
7.95446e-322 7.95446e-322 7.95446e-322 
4.94066e-324 4.94066e-324 4.94066e-324 4.94066e-324 
1.7936e-316 1.7936e-316 1.7936e-316 1.7936e-316 
1.81264e-316 1.81264e-316 1.81264e-316 1.81264e-316 
2.25213e-316 2.25213e-316 2.25213e-316 2.25213e-316 
2.56914e-322 2.56914e-322 2.56914e-322 2.56914e-322 
1.74608e-316 1.74608e-316 1.74608e-316 1.74608e-316 
2.3155e-316 2.3155e-316 2.3155e-316 2.3155e-316 
3.40905e-322 3.40905e-322 3.40905e-322 3.40905e-322 
3.40905e-322 3.40905e-322 3.40905e-322 3.40905e-322 
6.37345e-322 6.37345e-322 6.37345e-322 6.37345e-322 6.37345e-322 
3.27428e-316 3.27428e-316 3.27428e-316 3.27428e-316 3.27428e-316 
0 0 0 0 0 
3.27428e-316 3.27428e-316 3.27428e-316 3.27428e-316 3.27428e-316 
3.2768e-316 3.2768e-316 3.2768e-316 3.2768e-316 3.2768e-316 
3.31632e-316 3.31632e-316 3.31632e-316 3.31632e-316 3.31632e-316 
3.27696e-316 3.27696e-316 3.27696e-316 3.27696e-316 3.27696e-316 
1.28823e-231 1.28823e-231 1.28823e-231 1.28823e-231 1.28823e-231 
3.31632e-316 3.31632e-316 3.31632e-316 3.31632e-316 3.31632e-316 
R=1parameters: 
-0.496786 -0.496786 
0.219802 0.219802 
0.591469 0.591469 
2.20506 2.20506 
-15.2905 -15.2905 
5.03038e+175 5.03038e+175 
3.5936e+246 3.5936e+246 
2.14726e+243 2.14726e+243 
-182418 -182418 
9.53547e-322 9.53547e-322 9.53547e-322 
3.29618e-316 3.29618e-316 3.29618e-316 
3.27678e-316 3.27678e-316 3.27678e-316 
8.48798e-314 8.48798e-314 8.48798e-314 
2.25617e-316 2.25617e-316 2.25617e-316 
3.27678e-316 3.27678e-316 3.27678e-316 
3.27678e-316 3.27678e-316 3.27678e-316 
0 0 0 
3.27678e-316 3.27678e-316 3.27678e-316 
0 0 0 0 
0 0 0 0 
0 0 0 0 
3.27679e-316 3.27679e-316 3.27679e-316 3.27679e-316 
3.27679e-316 3.27679e-316 3.27679e-316 3.27679e-316 
0 0 0 0 
2.22692e-316 2.22692e-316 2.22692e-316 2.22692e-316 
2.16732e-316 2.16732e-316 2.16732e-316 2.16732e-316 
3.27481e-316 3.27481e-316 3.27481e-316 3.27481e-316 
3.27534e-316 3.27534e-316 3.27534e-316 
3.27534e-316 3.27534e-316 3.27534e-316 
0 0 0 
0 0 0 
0 0 0 
4.94066e-324 4.94066e-324 4.94066e-324 
1.63042e-322 1.63042e-322 1.63042e-322 
1.97626e-323 1.97626e-323 1.97626e-323 
3.27357e-316 3.27357e-316 3.27357e-316 
9.48722e-315 9.48722e-315 9.48722e-315 9.48722e-315 
1.63042e-322 1.63042e-322 1.63042e-322 1.63042e-322 
4.94066e-324 4.94066e-324 4.94066e-324 4.94066e-324 
1.92744e-316 1.92744e-316 1.92744e-316 1.92744e-316 
3.9937e-315 3.9937e-315 3.9937e-315 3.9937e-315 
1.63042e-322 1.63042e-322 1.63042e-322 1.63042e-322 
6.90681e-310 6.90681e-310 6.90681e-310 6.90681e-310 
3.35965e-322 3.35965e-322 3.35965e-322 3.35965e-322 
1.58101e-322 1.58101e-322 1.58101e-322 1.58101e-322 
6.37345e-322 6.37345e-322 6.37345e-322 6.37345e-322 6.37345e-322 
3.27428e-316 3.27428e-316 3.27428e-316 3.27428e-316 3.27428e-316 
0 0 0 0 0 
3.27428e-316 3.27428e-316 3.27428e-316 3.27428e-316 3.27428e-316 
3.2768e-316 3.2768e-316 3.2768e-316 3.2768e-316 3.2768e-316 
3.31632e-316 3.31632e-316 3.31632e-316 3.31632e-316 3.31632e-316 
3.27696e-316 3.27696e-316 3.27696e-316 3.27696e-316 3.27696e-316 
1.28823e-231 1.28823e-231 1.28823e-231 1.28823e-231 1.28823e-231 
3.31632e-316 3.31632e-316 3.31632e-316 3.31632e-316 3.31632e-316 
R=2parameters: 
-0.354205 -0.354205 
0.289597 0.289597 
4.16578e-05 4.16578e-05 
0.223579 0.223579 
-0.142504 -0.142504 
5.03038e+175 5.03038e+175 
3.5936e+246 3.5936e+246 
2.14726e+243 2.14726e+243 
-182418 -182418 
9.53547e-322 9.53547e-322 9.53547e-322 
3.29618e-316 3.29618e-316 3.29618e-316 
3.27678e-316 3.27678e-316 3.27678e-316 
8.48798e-314 8.48798e-314 8.48798e-314 
2.25617e-316 2.25617e-316 2.25617e-316 
3.27678e-316 3.27678e-316 3.27678e-316 
3.27678e-316 3.27678e-316 3.27678e-316 
0 0 0 
3.27678e-316 3.27678e-316 3.27678e-316 
0 0 0 0 
0 0 0 0 
0 0 0 0 
3.27679e-316 3.27679e-316 3.27679e-316 3.27679e-316 
3.27679e-316 3.27679e-316 3.27679e-316 3.27679e-316 
0 0 0 0 
2.22692e-316 2.22692e-316 2.22692e-316 2.22692e-316 
2.16732e-316 2.16732e-316 2.16732e-316 2.16732e-316 
3.27481e-316 3.27481e-316 3.27481e-316 3.27481e-316 
3.27534e-316 3.27534e-316 3.27534e-316 
3.27534e-316 3.27534e-316 3.27534e-316 
0 0 0 
0 0 0 
0 0 0 
4.94066e-324 4.94066e-324 4.94066e-324 
1.63042e-322 1.63042e-322 1.63042e-322 
1.97626e-323 1.97626e-323 1.97626e-323 
3.27357e-316 3.27357e-316 3.27357e-316 
9.48722e-315 9.48722e-315 9.48722e-315 9.48722e-315 
1.63042e-322 1.63042e-322 1.63042e-322 1.63042e-322 
4.94066e-324 4.94066e-324 4.94066e-324 4.94066e-324 
1.92744e-316 1.92744e-316 1.92744e-316 1.92744e-316 
3.9937e-315 3.9937e-315 3.9937e-315 3.9937e-315 
1.63042e-322 1.63042e-322 1.63042e-322 1.63042e-322 
6.90681e-310 6.90681e-310 6.90681e-310 6.90681e-310 
3.35965e-322 3.35965e-322 3.35965e-322 3.35965e-322 
1.58101e-322 1.58101e-322 1.58101e-322 1.58101e-322 
6.37345e-322 6.37345e-322 6.37345e-322 6.37345e-322 6.37345e-322 
3.27428e-316 3.27428e-316 3.27428e-316 3.27428e-316 3.27428e-316 
0 0 0 0 0 
3.27428e-316 3.27428e-316 3.27428e-316 3.27428e-316 3.27428e-316 
3.2768e-316 3.2768e-316 3.2768e-316 3.2768e-316 3.2768e-316 
3.31632e-316 3.31632e-316 3.31632e-316 3.31632e-316 3.31632e-316 
3.27696e-316 3.27696e-316 3.27696e-316 3.27696e-316 3.27696e-316 
1.28823e-231 1.28823e-231 1.28823e-231 1.28823e-231 1.28823e-231 
3.31632e-316 3.31632e-316 3.31632e-316 3.31632e-316 3.31632e-316 
R=3parameters: 
-0.210584 -0.210584 
0.359348 0.359348 
-0.00159889 -0.00159889 
-0.0599303 -0.0599303 
-5.28265 -5.28265 
5.03038e+175 5.03038e+175 
3.5936e+246 3.5936e+246 
2.14726e+243 2.14726e+243 
-182418 -182418 
9.53547e-322 9.53547e-322 9.53547e-322 
3.29618e-316 3.29618e-316 3.29618e-316 
3.27678e-316 3.27678e-316 3.27678e-316 
8.48798e-314 8.48798e-314 8.48798e-314 
2.25617e-316 2.25617e-316 2.25617e-316 
3.27678e-316 3.27678e-316 3.27678e-316 
3.27678e-316 3.27678e-316 3.27678e-316 
0 0 0 
3.27678e-316 3.27678e-316 3.27678e-316 
0 0 0 0 
0 0 0 0 
0 0 0 0 
3.27679e-316 3.27679e-316 3.27679e-316 3.27679e-316 
3.27679e-316 3.27679e-316 3.27679e-316 3.27679e-316 
0 0 0 0 
2.22692e-316 2.22692e-316 2.22692e-316 2.22692e-316 
2.16732e-316 2.16732e-316 2.16732e-316 2.16732e-316 
3.27481e-316 3.27481e-316 3.27481e-316 3.27481e-316 
3.27534e-316 3.27534e-316 3.27534e-316 
3.27534e-316 3.27534e-316 3.27534e-316 
0 0 0 
0 0 0 
0 0 0 
4.94066e-324 4.94066e-324 4.94066e-324 
1.63042e-322 1.63042e-322 1.63042e-322 
1.97626e-323 1.97626e-323 1.97626e-323 
3.27357e-316 3.27357e-316 3.27357e-316 
9.48722e-315 9.48722e-315 9.48722e-315 9.48722e-315 
1.63042e-322 1.63042e-322 1.63042e-322 1.63042e-322 
4.94066e-324 4.94066e-324 4.94066e-324 4.94066e-324 
1.92744e-316 1.92744e-316 1.92744e-316 1.92744e-316 
3.9937e-315 3.9937e-315 3.9937e-315 3.9937e-315 
1.63042e-322 1.63042e-322 1.63042e-322 1.63042e-322 
6.90681e-310 6.90681e-310 6.90681e-310 6.90681e-310 
3.35965e-322 3.35965e-322 3.35965e-322 3.35965e-322 
1.58101e-322 1.58101e-322 1.58101e-322 1.58101e-322 
6.37345e-322 6.37345e-322 6.37345e-322 6.37345e-322 6.37345e-322 
3.27428e-316 3.27428e-316 3.27428e-316 3.27428e-316 3.27428e-316 
0 0 0 0 0 
3.27428e-316 3.27428e-316 3.27428e-316 3.27428e-316 3.27428e-316 
3.2768e-316 3.2768e-316 3.2768e-316 3.2768e-316 3.2768e-316 
3.31632e-316 3.31632e-316 3.31632e-316 3.31632e-316 3.31632e-316 
3.27696e-316 3.27696e-316 3.27696e-316 3.27696e-316 3.27696e-316 
1.28823e-231 1.28823e-231 1.28823e-231 1.28823e-231 1.28823e-231 
3.31632e-316 3.31632e-316 3.31632e-316 3.31632e-316 3.31632e-316 
R=4parameters: 
-0.0584877 -0.0584877 
0.423949 0.423949 
0.024347 0.024347 
-3.36851 -3.36851 
2.20108 2.20108 
5.03038e+175 5.03038e+175 
3.5936e+246 3.5936e+246 
2.14726e+243 2.14726e+243 
-182418 -182418 
9.53547e-322 9.53547e-322 9.53547e-322 
3.29618e-316 3.29618e-316 3.29618e-316 
3.27678e-316 3.27678e-316 3.27678e-316 
8.48798e-314 8.48798e-314 8.48798e-314 
2.25617e-316 2.25617e-316 2.25617e-316 
3.27678e-316 3.27678e-316 3.27678e-316 
3.27678e-316 3.27678e-316 3.27678e-316 
0 0 0 
3.27678e-316 3.27678e-316 3.27678e-316 
0 0 0 0 
0 0 0 0 
0 0 0 0 
3.27679e-316 3.27679e-316 3.27679e-316 3.27679e-316 
3.27679e-316 3.27679e-316 3.27679e-316 3.27679e-316 
0 0 0 0 
2.22692e-316 2.22692e-316 2.22692e-316 2.22692e-316 
2.16732e-316 2.16732e-316 2.16732e-316 2.16732e-316 
3.27481e-316 3.27481e-316 3.27481e-316 3.27481e-316 
3.27534e-316 3.27534e-316 3.27534e-316 
3.27534e-316 3.27534e-316 3.27534e-316 
0 0 0 
0 0 0 
0 0 0 
4.94066e-324 4.94066e-324 4.94066e-324 
1.63042e-322 1.63042e-322 1.63042e-322 
1.97626e-323 1.97626e-323 1.97626e-323 
3.27357e-316 3.27357e-316 3.27357e-316 
9.48722e-315 9.48722e-315 9.48722e-315 9.48722e-315 
1.63042e-322 1.63042e-322 1.63042e-322 1.63042e-322 
4.94066e-324 4.94066e-324 4.94066e-324 4.94066e-324 
1.92744e-316 1.92744e-316 1.92744e-316 1.92744e-316 
3.9937e-315 3.9937e-315 3.9937e-315 3.9937e-315 
1.63042e-322 1.63042e-322 1.63042e-322 1.63042e-322 
6.90681e-310 6.90681e-310 6.90681e-310 6.90681e-310 
3.35965e-322 3.35965e-322 3.35965e-322 3.35965e-322 
1.58101e-322 1.58101e-322 1.58101e-322 1.58101e-322 
6.37345e-322 6.37345e-322 6.37345e-322 6.37345e-322 6.37345e-322 
3.27428e-316 3.27428e-316 3.27428e-316 3.27428e-316 3.27428e-316 
0 0 0 0 0 
3.27428e-316 3.27428e-316 3.27428e-316 3.27428e-316 3.27428e-316 
3.2768e-316 3.2768e-316 3.2768e-316 3.2768e-316 3.2768e-316 
3.31632e-316 3.31632e-316 3.31632e-316 3.31632e-316 3.31632e-316 
3.27696e-316 3.27696e-316 3.27696e-316 3.27696e-316 3.27696e-316 
1.28823e-231 1.28823e-231 1.28823e-231 1.28823e-231 1.28823e-231 
3.31632e-316 3.31632e-316 3.31632e-316 3.31632e-316 3.31632e-316 
R=5parameters: 
0.0687396 0.0687396 
0.49493 0.49493 
-0.00105667 -0.00105667 
-0.112708 -0.112708 
0.559708 0.559708 
5.03038e+175 5.03038e+175 
3.5936e+246 3.5936e+246 
2.14726e+243 2.14726e+243 
-182418 -182418 
9.53547e-322 9.53547e-322 9.53547e-322 
3.29618e-316 3.29618e-316 3.29618e-316 
3.27678e-316 3.27678e-316 3.27678e-316 
8.48798e-314 8.48798e-314 8.48798e-314 
2.25617e-316 2.25617e-316 2.25617e-316 
3.27678e-316 3.27678e-316 3.27678e-316 
3.27678e-316 3.27678e-316 3.27678e-316 
0 0 0 
3.27678e-316 3.27678e-316 3.27678e-316 
0 0 0 0 
0 0 0 0 
0 0 0 0 
3.27679e-316 3.27679e-316 3.27679e-316 3.27679e-316 
3.27679e-316 3.27679e-316 3.27679e-316 3.27679e-316 
0 0 0 0 
2.22692e-316 2.22692e-316 2.22692e-316 2.22692e-316 
2.16732e-316 2.16732e-316 2.16732e-316 2.16732e-316 
3.27481e-316 3.27481e-316 3.27481e-316 3.27481e-316 
3.27534e-316 3.27534e-316 3.27534e-316 
3.27534e-316 3.27534e-316 3.27534e-316 
0 0 0 
0 0 0 
0 0 0 
4.94066e-324 4.94066e-324 4.94066e-324 
1.63042e-322 1.63042e-322 1.63042e-322 
1.97626e-323 1.97626e-323 1.97626e-323 
3.27357e-316 3.27357e-316 3.27357e-316 
9.48722e-315 9.48722e-315 9.48722e-315 9.48722e-315 
1.63042e-322 1.63042e-322 1.63042e-322 1.63042e-322 
4.94066e-324 4.94066e-324 4.94066e-324 4.94066e-324 
1.92744e-316 1.92744e-316 1.92744e-316 1.92744e-316 
3.9937e-315 3.9937e-315 3.9937e-315 3.9937e-315 
1.63042e-322 1.63042e-322 1.63042e-322 1.63042e-322 
6.90681e-310 6.90681e-310 6.90681e-310 6.90681e-310 
3.35965e-322 3.35965e-322 3.35965e-322 3.35965e-322 
1.58101e-322 1.58101e-322 1.58101e-322 1.58101e-322 
6.37345e-322 6.37345e-322 6.37345e-322 6.37345e-322 6.37345e-322 
3.27428e-316 3.27428e-316 3.27428e-316 3.27428e-316 3.27428e-316 
0 0 0 0 0 
3.27428e-316 3.27428e-316 3.27428e-316 3.27428e-316 3.27428e-316 
3.2768e-316 3.2768e-316 3.2768e-316 3.2768e-316 3.2768e-316 
3.31632e-316 3.31632e-316 3.31632e-316 3.31632e-316 3.31632e-316 
3.27696e-316 3.27696e-316 3.27696e-316 3.27696e-316 3.27696e-316 
1.28823e-231 1.28823e-231 1.28823e-231 1.28823e-231 1.28823e-231 
3.31632e-316 3.31632e-316 3.31632e-316 3.31632e-316 3.31632e-316 
R=6parameters: 
0.180154 0.180154 
0.566605 0.566605 
0.73973 0.73973 
0.336292 0.336292 
-8.95778 -8.95778 
5.03038e+175 5.03038e+175 
3.5936e+246 3.5936e+246 
2.14726e+243 2.14726e+243 
-182418 -182418 
9.53547e-322 9.53547e-322 9.53547e-322 
3.29618e-316 3.29618e-316 3.29618e-316 
3.27678e-316 3.27678e-316 3.27678e-316 
8.48798e-314 8.48798e-314 8.48798e-314 
2.25617e-316 2.25617e-316 2.25617e-316 
3.27678e-316 3.27678e-316 3.27678e-316 
3.27678e-316 3.27678e-316 3.27678e-316 
0 0 0 
3.27678e-316 3.27678e-316 3.27678e-316 
0 0 0 0 
0 0 0 0 
0 0 0 0 
3.27679e-316 3.27679e-316 3.27679e-316 3.27679e-316 
3.27679e-316 3.27679e-316 3.27679e-316 3.27679e-316 
0 0 0 0 
2.22692e-316 2.22692e-316 2.22692e-316 2.22692e-316 
2.16732e-316 2.16732e-316 2.16732e-316 2.16732e-316 
3.27481e-316 3.27481e-316 3.27481e-316 3.27481e-316 
3.27534e-316 3.27534e-316 3.27534e-316 
3.27534e-316 3.27534e-316 3.27534e-316 
0 0 0 
0 0 0 
0 0 0 
4.94066e-324 4.94066e-324 4.94066e-324 
1.63042e-322 1.63042e-322 1.63042e-322 
1.97626e-323 1.97626e-323 1.97626e-323 
3.27357e-316 3.27357e-316 3.27357e-316 
9.48722e-315 9.48722e-315 9.48722e-315 9.48722e-315 
1.63042e-322 1.63042e-322 1.63042e-322 1.63042e-322 
4.94066e-324 4.94066e-324 4.94066e-324 4.94066e-324 
1.92744e-316 1.92744e-316 1.92744e-316 1.92744e-316 
3.9937e-315 3.9937e-315 3.9937e-315 3.9937e-315 
1.63042e-322 1.63042e-322 1.63042e-322 1.63042e-322 
6.90681e-310 6.90681e-310 6.90681e-310 6.90681e-310 
3.35965e-322 3.35965e-322 3.35965e-322 3.35965e-322 
1.58101e-322 1.58101e-322 1.58101e-322 1.58101e-322 
6.37345e-322 6.37345e-322 6.37345e-322 6.37345e-322 6.37345e-322 
3.27428e-316 3.27428e-316 3.27428e-316 3.27428e-316 3.27428e-316 
0 0 0 0 0 
3.27428e-316 3.27428e-316 3.27428e-316 3.27428e-316 3.27428e-316 
3.2768e-316 3.2768e-316 3.2768e-316 3.2768e-316 3.2768e-316 
3.31632e-316 3.31632e-316 3.31632e-316 3.31632e-316 3.31632e-316 
3.27696e-316 3.27696e-316 3.27696e-316 3.27696e-316 3.27696e-316 
1.28823e-231 1.28823e-231 1.28823e-231 1.28823e-231 1.28823e-231 
3.31632e-316 3.31632e-316 3.31632e-316 3.31632e-316 3.31632e-316 
R=7parameters: 
0.271657 0.271657 
0.64266 0.64266 
0.587314 0.587314 
1.40138 1.40138 
-12.7382 -12.7382 
5.03038e+175 5.03038e+175 
3.5936e+246 3.5936e+246 
2.14726e+243 2.14726e+243 
-182418 -182418 
9.53547e-322 9.53547e-322 9.53547e-322 
3.29618e-316 3.29618e-316 3.29618e-316 
3.27678e-316 3.27678e-316 3.27678e-316 
8.48798e-314 8.48798e-314 8.48798e-314 
2.25617e-316 2.25617e-316 2.25617e-316 
3.27678e-316 3.27678e-316 3.27678e-316 
3.27678e-316 3.27678e-316 3.27678e-316 
0 0 0 
3.27678e-316 3.27678e-316 3.27678e-316 
0 0 0 0 
0 0 0 0 
0 0 0 0 
3.27679e-316 3.27679e-316 3.27679e-316 3.27679e-316 
3.27679e-316 3.27679e-316 3.27679e-316 3.27679e-316 
0 0 0 0 
2.22692e-316 2.22692e-316 2.22692e-316 2.22692e-316 
2.16732e-316 2.16732e-316 2.16732e-316 2.16732e-316 
3.27481e-316 3.27481e-316 3.27481e-316 3.27481e-316 
3.27534e-316 3.27534e-316 3.27534e-316 
3.27534e-316 3.27534e-316 3.27534e-316 
0 0 0 
0 0 0 
0 0 0 
4.94066e-324 4.94066e-324 4.94066e-324 
1.63042e-322 1.63042e-322 1.63042e-322 
1.97626e-323 1.97626e-323 1.97626e-323 
3.27357e-316 3.27357e-316 3.27357e-316 
9.48722e-315 9.48722e-315 9.48722e-315 9.48722e-315 
1.63042e-322 1.63042e-322 1.63042e-322 1.63042e-322 
4.94066e-324 4.94066e-324 4.94066e-324 4.94066e-324 
1.92744e-316 1.92744e-316 1.92744e-316 1.92744e-316 
3.9937e-315 3.9937e-315 3.9937e-315 3.9937e-315 
1.63042e-322 1.63042e-322 1.63042e-322 1.63042e-322 
6.90681e-310 6.90681e-310 6.90681e-310 6.90681e-310 
3.35965e-322 3.35965e-322 3.35965e-322 3.35965e-322 
1.58101e-322 1.58101e-322 1.58101e-322 1.58101e-322 
6.37345e-322 6.37345e-322 6.37345e-322 6.37345e-322 6.37345e-322 
3.27428e-316 3.27428e-316 3.27428e-316 3.27428e-316 3.27428e-316 
0 0 0 0 0 
3.27428e-316 3.27428e-316 3.27428e-316 3.27428e-316 3.27428e-316 
3.2768e-316 3.2768e-316 3.2768e-316 3.2768e-316 3.2768e-316 
3.31632e-316 3.31632e-316 3.31632e-316 3.31632e-316 3.31632e-316 
3.27696e-316 3.27696e-316 3.27696e-316 3.27696e-316 3.27696e-316 
1.28823e-231 1.28823e-231 1.28823e-231 1.28823e-231 1.28823e-231 
3.31632e-316 3.31632e-316 3.31632e-316 3.31632e-316 3.31632e-316 
R=8parameters: 
0.326655 0.326655 
0.728771 0.728771 
0.000314945 0.000314945 
1.25727 1.25727 
0.196889 0.196889 
5.03038e+175 5.03038e+175 
3.5936e+246 3.5936e+246 
2.14726e+243 2.14726e+243 
-182418 -182418 
9.53547e-322 9.53547e-322 9.53547e-322 
3.29618e-316 3.29618e-316 3.29618e-316 
3.27678e-316 3.27678e-316 3.27678e-316 
8.48798e-314 8.48798e-314 8.48798e-314 
2.25617e-316 2.25617e-316 2.25617e-316 
3.27678e-316 3.27678e-316 3.27678e-316 
3.27678e-316 3.27678e-316 3.27678e-316 
0 0 0 
3.27678e-316 3.27678e-316 3.27678e-316 
0 0 0 0 
0 0 0 0 
0 0 0 0 
3.27679e-316 3.27679e-316 3.27679e-316 3.27679e-316 
3.27679e-316 3.27679e-316 3.27679e-316 3.27679e-316 
0 0 0 0 
2.22692e-316 2.22692e-316 2.22692e-316 2.22692e-316 
2.16732e-316 2.16732e-316 2.16732e-316 2.16732e-316 
3.27481e-316 3.27481e-316 3.27481e-316 3.27481e-316 
3.27534e-316 3.27534e-316 3.27534e-316 
3.27534e-316 3.27534e-316 3.27534e-316 
0 0 0 
0 0 0 
0 0 0 
4.94066e-324 4.94066e-324 4.94066e-324 
1.63042e-322 1.63042e-322 1.63042e-322 
1.97626e-323 1.97626e-323 1.97626e-323 
3.27357e-316 3.27357e-316 3.27357e-316 
9.48722e-315 9.48722e-315 9.48722e-315 9.48722e-315 
1.63042e-322 1.63042e-322 1.63042e-322 1.63042e-322 
4.94066e-324 4.94066e-324 4.94066e-324 4.94066e-324 
1.92744e-316 1.92744e-316 1.92744e-316 1.92744e-316 
3.9937e-315 3.9937e-315 3.9937e-315 3.9937e-315 
1.63042e-322 1.63042e-322 1.63042e-322 1.63042e-322 
6.90681e-310 6.90681e-310 6.90681e-310 6.90681e-310 
3.35965e-322 3.35965e-322 3.35965e-322 3.35965e-322 
1.58101e-322 1.58101e-322 1.58101e-322 1.58101e-322 
6.37345e-322 6.37345e-322 6.37345e-322 6.37345e-322 6.37345e-322 
3.27428e-316 3.27428e-316 3.27428e-316 3.27428e-316 3.27428e-316 
0 0 0 0 0 
3.27428e-316 3.27428e-316 3.27428e-316 3.27428e-316 3.27428e-316 
3.2768e-316 3.2768e-316 3.2768e-316 3.2768e-316 3.2768e-316 
3.31632e-316 3.31632e-316 3.31632e-316 3.31632e-316 3.31632e-316 
3.27696e-316 3.27696e-316 3.27696e-316 3.27696e-316 3.27696e-316 
1.28823e-231 1.28823e-231 1.28823e-231 1.28823e-231 1.28823e-231 
3.31632e-316 3.31632e-316 3.31632e-316 3.31632e-316 3.31632e-316 
R=9parameters: 
0.344513 0.344513 
0.812073 0.812073 
-0.00526112 -0.00526112 
-0.794663 -0.794663 
2.01224 2.01224 
5.03038e+175 5.03038e+175 
3.5936e+246 3.5936e+246 
2.14726e+243 2.14726e+243 
-182418 -182418 
9.53547e-322 9.53547e-322 9.53547e-322 
3.29618e-316 3.29618e-316 3.29618e-316 
3.27678e-316 3.27678e-316 3.27678e-316 
8.48798e-314 8.48798e-314 8.48798e-314 
2.25617e-316 2.25617e-316 2.25617e-316 
3.27678e-316 3.27678e-316 3.27678e-316 
3.27678e-316 3.27678e-316 3.27678e-316 
0 0 0 
3.27678e-316 3.27678e-316 3.27678e-316 
0 0 0 0 
0 0 0 0 
0 0 0 0 
3.27679e-316 3.27679e-316 3.27679e-316 3.27679e-316 
3.27679e-316 3.27679e-316 3.27679e-316 3.27679e-316 
0 0 0 0 
2.22692e-316 2.22692e-316 2.22692e-316 2.22692e-316 
2.16732e-316 2.16732e-316 2.16732e-316 2.16732e-316 
3.27481e-316 3.27481e-316 3.27481e-316 3.27481e-316 
3.27534e-316 3.27534e-316 3.27534e-316 
3.27534e-316 3.27534e-316 3.27534e-316 
0 0 0 
0 0 0 
0 0 0 
4.94066e-324 4.94066e-324 4.94066e-324 
1.63042e-322 1.63042e-322 1.63042e-322 
1.97626e-323 1.97626e-323 1.97626e-323 
3.27357e-316 3.27357e-316 3.27357e-316 
9.48722e-315 9.48722e-315 9.48722e-315 9.48722e-315 
1.63042e-322 1.63042e-322 1.63042e-322 1.63042e-322 
4.94066e-324 4.94066e-324 4.94066e-324 4.94066e-324 
1.92744e-316 1.92744e-316 1.92744e-316 1.92744e-316 
3.9937e-315 3.9937e-315 3.9937e-315 3.9937e-315 
1.63042e-322 1.63042e-322 1.63042e-322 1.63042e-322 
6.90681e-310 6.90681e-310 6.90681e-310 6.90681e-310 
3.35965e-322 3.35965e-322 3.35965e-322 3.35965e-322 
1.58101e-322 1.58101e-322 1.58101e-322 1.58101e-322 
6.37345e-322 6.37345e-322 6.37345e-322 6.37345e-322 6.37345e-322 
3.27428e-316 3.27428e-316 3.27428e-316 3.27428e-316 3.27428e-316 
0 0 0 0 0 
3.27428e-316 3.27428e-316 3.27428e-316 3.27428e-316 3.27428e-316 
3.2768e-316 3.2768e-316 3.2768e-316 3.2768e-316 3.2768e-316 
3.31632e-316 3.31632e-316 3.31632e-316 3.31632e-316 3.31632e-316 
3.27696e-316 3.27696e-316 3.27696e-316 3.27696e-316 3.27696e-316 
1.28823e-231 1.28823e-231 1.28823e-231 1.28823e-231 1.28823e-231 
3.31632e-316 3.31632e-316 3.31632e-316 3.31632e-316 3.31632e-316 
R=10parameters: 
0.345694 0.345694 
0.877032 0.877032 
-0.0137678 -0.0137678 
-2.71722 -2.71722 
3.94331 3.94331 
5.03038e+175 5.03038e+175 
3.5936e+246 3.5936e+246 
2.14726e+243 2.14726e+243 
-182418 -182418 
9.53547e-322 9.53547e-322 9.53547e-322 
3.29618e-316 3.29618e-316 3.29618e-316 
3.27678e-316 3.27678e-316 3.27678e-316 
8.48798e-314 8.48798e-314 8.48798e-314 
2.25617e-316 2.25617e-316 2.25617e-316 
3.27678e-316 3.27678e-316 3.27678e-316 
3.27678e-316 3.27678e-316 3.27678e-316 
0 0 0 
3.27678e-316 3.27678e-316 3.27678e-316 
0 0 0 0 
0 0 0 0 
0 0 0 0 
3.27679e-316 3.27679e-316 3.27679e-316 3.27679e-316 
3.27679e-316 3.27679e-316 3.27679e-316 3.27679e-316 
0 0 0 0 
2.22692e-316 2.22692e-316 2.22692e-316 2.22692e-316 
2.16732e-316 2.16732e-316 2.16732e-316 2.16732e-316 
3.27481e-316 3.27481e-316 3.27481e-316 3.27481e-316 
3.27534e-316 3.27534e-316 3.27534e-316 
3.27534e-316 3.27534e-316 3.27534e-316 
0 0 0 
0 0 0 
0 0 0 
4.94066e-324 4.94066e-324 4.94066e-324 
1.63042e-322 1.63042e-322 1.63042e-322 
1.97626e-323 1.97626e-323 1.97626e-323 
3.27357e-316 3.27357e-316 3.27357e-316 
9.48722e-315 9.48722e-315 9.48722e-315 9.48722e-315 
1.63042e-322 1.63042e-322 1.63042e-322 1.63042e-322 
4.94066e-324 4.94066e-324 4.94066e-324 4.94066e-324 
1.92744e-316 1.92744e-316 1.92744e-316 1.92744e-316 
3.9937e-315 3.9937e-315 3.9937e-315 3.9937e-315 
1.63042e-322 1.63042e-322 1.63042e-322 1.63042e-322 
6.90681e-310 6.90681e-310 6.90681e-310 6.90681e-310 
3.35965e-322 3.35965e-322 3.35965e-322 3.35965e-322 
1.58101e-322 1.58101e-322 1.58101e-322 1.58101e-322 
6.37345e-322 6.37345e-322 6.37345e-322 6.37345e-322 6.37345e-322 
3.27428e-316 3.27428e-316 3.27428e-316 3.27428e-316 3.27428e-316 
0 0 0 0 0 
3.27428e-316 3.27428e-316 3.27428e-316 3.27428e-316 3.27428e-316 
3.2768e-316 3.2768e-316 3.2768e-316 3.2768e-316 3.2768e-316 
3.31632e-316 3.31632e-316 3.31632e-316 3.31632e-316 3.31632e-316 
3.27696e-316 3.27696e-316 3.27696e-316 3.27696e-316 3.27696e-316 
1.28823e-231 1.28823e-231 1.28823e-231 1.28823e-231 1.28823e-231 
3.31632e-316 3.31632e-316 3.31632e-316 3.31632e-316 3.31632e-316 
R=11parameters: 
0.344405 0.344405 
0.901215 0.901215 
0.0157464 0.0157464 
12.5544 12.5544 
9.56995 9.56995 
5.03038e+175 5.03038e+175 
3.5936e+246 3.5936e+246 
2.14726e+243 2.14726e+243 
-182418 -182418 
9.53547e-322 9.53547e-322 9.53547e-322 
3.29618e-316 3.29618e-316 3.29618e-316 
3.27678e-316 3.27678e-316 3.27678e-316 
8.48798e-314 8.48798e-314 8.48798e-314 
2.25617e-316 2.25617e-316 2.25617e-316 
3.27678e-316 3.27678e-316 3.27678e-316 
3.27678e-316 3.27678e-316 3.27678e-316 
0 0 0 
3.27678e-316 3.27678e-316 3.27678e-316 
0 0 0 0 
0 0 0 0 
0 0 0 0 
3.27679e-316 3.27679e-316 3.27679e-316 3.27679e-316 
3.27679e-316 3.27679e-316 3.27679e-316 3.27679e-316 
0 0 0 0 
2.22692e-316 2.22692e-316 2.22692e-316 2.22692e-316 
2.16732e-316 2.16732e-316 2.16732e-316 2.16732e-316 
3.27481e-316 3.27481e-316 3.27481e-316 3.27481e-316 
3.27534e-316 3.27534e-316 3.27534e-316 
3.27534e-316 3.27534e-316 3.27534e-316 
0 0 0 
0 0 0 
0 0 0 
4.94066e-324 4.94066e-324 4.94066e-324 
1.63042e-322 1.63042e-322 1.63042e-322 
1.97626e-323 1.97626e-323 1.97626e-323 
3.27357e-316 3.27357e-316 3.27357e-316 
9.48722e-315 9.48722e-315 9.48722e-315 9.48722e-315 
1.63042e-322 1.63042e-322 1.63042e-322 1.63042e-322 
4.94066e-324 4.94066e-324 4.94066e-324 4.94066e-324 
1.92744e-316 1.92744e-316 1.92744e-316 1.92744e-316 
3.9937e-315 3.9937e-315 3.9937e-315 3.9937e-315 
1.63042e-322 1.63042e-322 1.63042e-322 1.63042e-322 
6.90681e-310 6.90681e-310 6.90681e-310 6.90681e-310 
3.35965e-322 3.35965e-322 3.35965e-322 3.35965e-322 
1.58101e-322 1.58101e-322 1.58101e-322 1.58101e-322 
6.37345e-322 6.37345e-322 6.37345e-322 6.37345e-322 6.37345e-322 
3.27428e-316 3.27428e-316 3.27428e-316 3.27428e-316 3.27428e-316 
0 0 0 0 0 
3.27428e-316 3.27428e-316 3.27428e-316 3.27428e-316 3.27428e-316 
3.2768e-316 3.2768e-316 3.2768e-316 3.2768e-316 3.2768e-316 
3.31632e-316 3.31632e-316 3.31632e-316 3.31632e-316 3.31632e-316 
3.27696e-316 3.27696e-316 3.27696e-316 3.27696e-316 3.27696e-316 
1.28823e-231 1.28823e-231 1.28823e-231 1.28823e-231 1.28823e-231 
3.31632e-316 3.31632e-316 3.31632e-316 3.31632e-316 3.31632e-316 
T Models:
(* Fitting with shape 1 1 1 1 1 1 1 1 1 1 0 0 *)
G[T_,xx_]:=Exp[0+xx[[1]]*T^1+xx[[2]]*T^2]*(1)
(* Fitting with shape 1 1 1 1 1 1 1 1 1 1 1 0 *)
G[T_,xx_]:=Exp[0+xx[[1]]*T^1+xx[[2]]*T^2]*(1)
(* Fitting with shape 1 1 1 1 1 1 1 1 1 1 1 1 *)
G[T_,xx_]:=Exp[0+xx[[1]]*T^1+xx[[2]]*T^2]*(1)
(* Fitting with shape 0 1 1 1 1 1 1 1 1 1 0 0 *)
G[T_,xx_]:=Exp[0+xx[[1]]*T^1+xx[[2]]*T^2]*(1)
(* Fitting with shape 0 1 1 1 1 1 1 1 1 1 1 0 *)
G[T_,xx_]:=Exp[0+xx[[1]]*T^1+xx[[2]]*T^2]*(1)
(* Fitting with shape 0 1 1 1 1 1 1 1 1 1 1 1 *)
G[T_,xx_]:=Exp[0+xx[[1]]*T^1+xx[[2]]*T^2]*(1)
(* Fitting with shape 0 0 1 1 1 1 1 1 1 1 0 0 *)
G[T_,xx_]:=Exp[0+xx[[1]]*T^1+xx[[2]]*T^2]*(1)
(* Fitting with shape 0 0 1 1 1 1 1 1 1 1 1 0 *)
G[T_,xx_]:=Exp[0+xx[[1]]*T^1+xx[[2]]*T^2]*(1)
(* Fitting with shape 0 0 1 1 1 1 1 1 1 1 1 1 *)
G[T_,xx_]:=Exp[0+xx[[1]]*T^1+xx[[2]]*T^2]*(1)
(* Fitting with shape 1 1 1 1 1 1 1 1 1 1 0 0 *)
G[T_,xx_]:=Exp[0+xx[[1]]*T^1+xx[[2]]*T^2]*(1+xx[[3]]/(T^1))
(* Fitting with shape 1 1 1 1 1 1 1 1 1 1 1 0 *)
G[T_,xx_]:=Exp[0+xx[[1]]*T^1+xx[[2]]*T^2]*(1+xx[[3]]/(T^1))
(* Fitting with shape 1 1 1 1 1 1 1 1 1 1 1 1 *)
G[T_,xx_]:=Exp[0+xx[[1]]*T^1+xx[[2]]*T^2]*(1+xx[[3]]/(T^1))
(* Fitting with shape 0 1 1 1 1 1 1 1 1 1 0 0 *)
G[T_,xx_]:=Exp[0+xx[[1]]*T^1+xx[[2]]*T^2]*(1+xx[[3]]/(T^1))
(* Fitting with shape 0 1 1 1 1 1 1 1 1 1 1 0 *)
G[T_,xx_]:=Exp[0+xx[[1]]*T^1+xx[[2]]*T^2]*(1+xx[[3]]/(T^1))
(* Fitting with shape 0 1 1 1 1 1 1 1 1 1 1 1 *)
G[T_,xx_]:=Exp[0+xx[[1]]*T^1+xx[[2]]*T^2]*(1+xx[[3]]/(T^1))
(* Fitting with shape 0 0 1 1 1 1 1 1 1 1 0 0 *)
G[T_,xx_]:=Exp[0+xx[[1]]*T^1+xx[[2]]*T^2]*(1+xx[[3]]/(T^1))
(* Fitting with shape 0 0 1 1 1 1 1 1 1 1 1 0 *)
G[T_,xx_]:=Exp[0+xx[[1]]*T^1+xx[[2]]*T^2]*(1+xx[[3]]/(T^1))
(* Fitting with shape 0 0 1 1 1 1 1 1 1 1 1 1 *)
G[T_,xx_]:=Exp[0+xx[[1]]*T^1+xx[[2]]*T^2]*(1+xx[[3]]/(T^1))
(* Fitting with shape 1 1 1 1 1 1 1 1 1 1 0 0 *)
G[T_,xx_]:=Exp[0+xx[[1]]*T^1+xx[[2]]*T^2]*(1+xx[[3]]/(T^1)+xx[[4]]/(T^2))
(* Fitting with shape 1 1 1 1 1 1 1 1 1 1 1 0 *)
G[T_,xx_]:=Exp[0+xx[[1]]*T^1+xx[[2]]*T^2]*(1+xx[[3]]/(T^1)+xx[[4]]/(T^2))
(* Fitting with shape 1 1 1 1 1 1 1 1 1 1 1 1 *)
G[T_,xx_]:=Exp[0+xx[[1]]*T^1+xx[[2]]*T^2]*(1+xx[[3]]/(T^1)+xx[[4]]/(T^2))
(* Fitting with shape 0 1 1 1 1 1 1 1 1 1 0 0 *)
G[T_,xx_]:=Exp[0+xx[[1]]*T^1+xx[[2]]*T^2]*(1+xx[[3]]/(T^1)+xx[[4]]/(T^2))
(* Fitting with shape 0 1 1 1 1 1 1 1 1 1 1 0 *)
G[T_,xx_]:=Exp[0+xx[[1]]*T^1+xx[[2]]*T^2]*(1+xx[[3]]/(T^1)+xx[[4]]/(T^2))
(* Fitting with shape 0 1 1 1 1 1 1 1 1 1 1 1 *)
G[T_,xx_]:=Exp[0+xx[[1]]*T^1+xx[[2]]*T^2]*(1+xx[[3]]/(T^1)+xx[[4]]/(T^2))
(* Fitting with shape 0 0 1 1 1 1 1 1 1 1 0 0 *)
G[T_,xx_]:=Exp[0+xx[[1]]*T^1+xx[[2]]*T^2]*(1+xx[[3]]/(T^1)+xx[[4]]/(T^2))
(* Fitting with shape 0 0 1 1 1 1 1 1 1 1 1 0 *)
G[T_,xx_]:=Exp[0+xx[[1]]*T^1+xx[[2]]*T^2]*(1+xx[[3]]/(T^1)+xx[[4]]/(T^2))
(* Fitting with shape 0 0 1 1 1 1 1 1 1 1 1 1 *)
G[T_,xx_]:=Exp[0+xx[[1]]*T^1+xx[[2]]*T^2]*(1+xx[[3]]/(T^1)+xx[[4]]/(T^2))
(* Fitting with shape 1 1 1 1 1 1 1 1 1 1 0 0 *)
G[T_,xx_]:=Exp[0+xx[[1]]*T^1+xx[[2]]*T^2+xx[[3]]*T^3]*(1)
(* Fitting with shape 1 1 1 1 1 1 1 1 1 1 1 0 *)
G[T_,xx_]:=Exp[0+xx[[1]]*T^1+xx[[2]]*T^2+xx[[3]]*T^3]*(1)
(* Fitting with shape 1 1 1 1 1 1 1 1 1 1 1 1 *)
G[T_,xx_]:=Exp[0+xx[[1]]*T^1+xx[[2]]*T^2+xx[[3]]*T^3]*(1)
(* Fitting with shape 0 1 1 1 1 1 1 1 1 1 0 0 *)
G[T_,xx_]:=Exp[0+xx[[1]]*T^1+xx[[2]]*T^2+xx[[3]]*T^3]*(1)
(* Fitting with shape 0 1 1 1 1 1 1 1 1 1 1 0 *)
G[T_,xx_]:=Exp[0+xx[[1]]*T^1+xx[[2]]*T^2+xx[[3]]*T^3]*(1)
(* Fitting with shape 0 1 1 1 1 1 1 1 1 1 1 1 *)
G[T_,xx_]:=Exp[0+xx[[1]]*T^1+xx[[2]]*T^2+xx[[3]]*T^3]*(1)
(* Fitting with shape 0 0 1 1 1 1 1 1 1 1 0 0 *)
G[T_,xx_]:=Exp[0+xx[[1]]*T^1+xx[[2]]*T^2+xx[[3]]*T^3]*(1)
(* Fitting with shape 0 0 1 1 1 1 1 1 1 1 1 0 *)
G[T_,xx_]:=Exp[0+xx[[1]]*T^1+xx[[2]]*T^2+xx[[3]]*T^3]*(1)
(* Fitting with shape 0 0 1 1 1 1 1 1 1 1 1 1 *)
G[T_,xx_]:=Exp[0+xx[[1]]*T^1+xx[[2]]*T^2+xx[[3]]*T^3]*(1)
(* Fitting with shape 1 1 1 1 1 1 1 1 1 1 0 0 *)
G[T_,xx_]:=Exp[0+xx[[1]]*T^1+xx[[2]]*T^2+xx[[3]]*T^3]*(1+xx[[4]]/(T^1))
(* Fitting with shape 1 1 1 1 1 1 1 1 1 1 1 0 *)
G[T_,xx_]:=Exp[0+xx[[1]]*T^1+xx[[2]]*T^2+xx[[3]]*T^3]*(1+xx[[4]]/(T^1))
(* Fitting with shape 1 1 1 1 1 1 1 1 1 1 1 1 *)
G[T_,xx_]:=Exp[0+xx[[1]]*T^1+xx[[2]]*T^2+xx[[3]]*T^3]*(1+xx[[4]]/(T^1))
(* Fitting with shape 0 1 1 1 1 1 1 1 1 1 0 0 *)
G[T_,xx_]:=Exp[0+xx[[1]]*T^1+xx[[2]]*T^2+xx[[3]]*T^3]*(1+xx[[4]]/(T^1))
(* Fitting with shape 0 1 1 1 1 1 1 1 1 1 1 0 *)
G[T_,xx_]:=Exp[0+xx[[1]]*T^1+xx[[2]]*T^2+xx[[3]]*T^3]*(1+xx[[4]]/(T^1))
(* Fitting with shape 0 1 1 1 1 1 1 1 1 1 1 1 *)
G[T_,xx_]:=Exp[0+xx[[1]]*T^1+xx[[2]]*T^2+xx[[3]]*T^3]*(1+xx[[4]]/(T^1))
(* Fitting with shape 0 0 1 1 1 1 1 1 1 1 0 0 *)
G[T_,xx_]:=Exp[0+xx[[1]]*T^1+xx[[2]]*T^2+xx[[3]]*T^3]*(1+xx[[4]]/(T^1))
(* Fitting with shape 0 0 1 1 1 1 1 1 1 1 1 0 *)
G[T_,xx_]:=Exp[0+xx[[1]]*T^1+xx[[2]]*T^2+xx[[3]]*T^3]*(1+xx[[4]]/(T^1))
(* Fitting with shape 0 0 1 1 1 1 1 1 1 1 1 1 *)
G[T_,xx_]:=Exp[0+xx[[1]]*T^1+xx[[2]]*T^2+xx[[3]]*T^3]*(1+xx[[4]]/(T^1))
(* Fitting with shape 1 1 1 1 1 1 1 1 1 1 0 0 *)
G[T_,xx_]:=Exp[0+xx[[1]]*T^1+xx[[2]]*T^2+xx[[3]]*T^3]*(1+xx[[4]]/(T^1)+xx[[5]]/(T^2))
(* Fitting with shape 1 1 1 1 1 1 1 1 1 1 1 0 *)
G[T_,xx_]:=Exp[0+xx[[1]]*T^1+xx[[2]]*T^2+xx[[3]]*T^3]*(1+xx[[4]]/(T^1)+xx[[5]]/(T^2))
(* Fitting with shape 1 1 1 1 1 1 1 1 1 1 1 1 *)
G[T_,xx_]:=Exp[0+xx[[1]]*T^1+xx[[2]]*T^2+xx[[3]]*T^3]*(1+xx[[4]]/(T^1)+xx[[5]]/(T^2))
(* Fitting with shape 0 1 1 1 1 1 1 1 1 1 0 0 *)
G[T_,xx_]:=Exp[0+xx[[1]]*T^1+xx[[2]]*T^2+xx[[3]]*T^3]*(1+xx[[4]]/(T^1)+xx[[5]]/(T^2))
(* Fitting with shape 0 1 1 1 1 1 1 1 1 1 1 0 *)
G[T_,xx_]:=Exp[0+xx[[1]]*T^1+xx[[2]]*T^2+xx[[3]]*T^3]*(1+xx[[4]]/(T^1)+xx[[5]]/(T^2))
(* Fitting with shape 0 1 1 1 1 1 1 1 1 1 1 1 *)
G[T_,xx_]:=Exp[0+xx[[1]]*T^1+xx[[2]]*T^2+xx[[3]]*T^3]*(1+xx[[4]]/(T^1)+xx[[5]]/(T^2))
(* Fitting with shape 0 0 1 1 1 1 1 1 1 1 0 0 *)
G[T_,xx_]:=Exp[0+xx[[1]]*T^1+xx[[2]]*T^2+xx[[3]]*T^3]*(1+xx[[4]]/(T^1)+xx[[5]]/(T^2))
(* Fitting with shape 0 0 1 1 1 1 1 1 1 1 1 0 *)
G[T_,xx_]:=Exp[0+xx[[1]]*T^1+xx[[2]]*T^2+xx[[3]]*T^3]*(1+xx[[4]]/(T^1)+xx[[5]]/(T^2))
(* Fitting with shape 0 0 1 1 1 1 1 1 1 1 1 1 *)
G[T_,xx_]:=Exp[0+xx[[1]]*T^1+xx[[2]]*T^2+xx[[3]]*T^3]*(1+xx[[4]]/(T^1)+xx[[5]]/(T^2))
Probabilities: 
        0         0         0         0         0         0         0         0         0         0         0         0         0         0         0         0         0         0         0         0         0         0         0         0  0.457714         0         0         0         0         0         0         0         0         0         0         0         0         0         0         0         0         0 0.0133867         0         0         0         0         0         0         0         0  0.528899         0         0
        0         0         0         0         0         0         0         0         0         0         0         0         0         0         0         0         0         0         0         0         0         0         0         0  0.722258         0         0         0         0         0         0         0         0         0         0         0         0         0         0         0         0         0         0         0         0         0         0         0         0         0         0  0.277742         0         0
        0         0         0         0         0         0         0         0         0         0         0         0         0         0         0  0.016255         0         0         0         0         0         0         0         0  0.983745         0         0         0         0         0         0         0         0         0         0         0         0         0         0         0         0         0         0         0         0         0         0         0         0         0         0         0         0         0
        0         0         0         0         0         0         0         0         0         0         0         0         0         0         0         0         0         0         0         0         0         0         0         0         1         0         0         0         0         0         0         0         0         0         0         0         0         0         0         0         0         0         0         0         0         0         0         0         0         0         0         0         0         0
        0         0         0         0         0         0         0         0         0         0         0         0         0         0         0  0.514809         0         0         0         0         0         0         0         0  0.200506         0         0         0         0         0         0         0         0         0         0         0         0         0         0         0         0         0  0.207053         0         0         0         0         0         0         0         0 0.0776323         0         0
        0         0         0         0         0         0         0         0         0         0         0         0         0         0         0  0.478684         0         0         0         0         0         0         0         0   0.21184         0         0         0         0         0         0         0         0         0         0         0         0         0         0         0         0         0  0.225028         0         0         0         0         0         0         0         0 0.0844484         0         0
        0         0         0         0         0         0         0         0         0         0         0         0         0         0         0  0.519067         0         0         0         0         0         0         0         0  0.198827         0         0         0         0         0         0         0         0         0         0         0         0         0         0         0         0         0  0.204601         0         0         0         0         0         0         0         0 0.0775049         0         0
        0         0         0         0         0         0         0         0         0         0         0         0         0         0         0  0.661238         0         0         0         0         0         0         0         0  0.245931         0         0         0         0         0         0         0         0         0         0         0         0         0         0         0         0         0         0         0         0         0         0         0         0         0         0 0.0928309         0         0
        0         0         0         0         0         0         0         0         0         0         0         0         0         0         0  0.730502         0         0         0         0         0         0         0         0  0.269498         0         0         0         0         0         0         0         0         0         0         0         0         0         0         0         0         0         0         0         0         0         0         0         0         0         0         0         0         0
        0         0         0         0         0         0         0         0         0         0         0         0         0         0         0    0.6476         0         0         0         0         0         0         0         0  0.239819         0         0         0         0         0         0         0         0         0         0         0         0         0         0         0         0         0         0         0         0         0         0         0         0         0         0  0.112582         0         0
        0         0         0         0         0         0 0.0437419         0         0         0         0         0         0         0         0  0.450271         0         0         0         0         0         0         0         0  0.185325         0         0         0         0         0         0         0         0         0         0         0         0         0         0         0         0         0  0.228388         0         0         0         0         0         0         0         0 0.0922743         0         0
        0         0         0         0         0         0  0.111334         0         0         0         0         0         0         0         0  0.463026         0         0         0         0         0         0         0         0  0.174456         0         0         0         0         0         0         0         0         0         0         0         0         0         0         0         0         0  0.183526         0         0         0         0         0         0         0         0 0.0676579         0         0

Values: 
 0.132478  0.132428   0.13244  0.130546  0.130521  0.130528  0.129725  0.129686  0.129685  0.128416  0.128403  0.128405  0.127644  0.127633  0.127633  0.127239  0.127235  0.127243  0.127153  0.127141  0.127143  0.126934  0.126925  0.126951  0.126997  0.463291  0.464471   1.40348  0.136453  0.136148   1.08859   1.09262   1.09231   1.37758   1.04819   1.04857   0.13015  0.129835  0.129605  0.128488  0.128273  0.975184  0.127589  0.730746  0.127342         1         1         1  0.126586   1.00353  0.126404  0.126389  0.126231  0.674855
 0.219845  0.219802  0.219705  0.762525  0.214779  0.669635  0.212441  0.246324  0.212388  0.209665  0.209707  0.209677  0.831502  0.737614   0.84659  0.206937  0.206946  0.206946  0.206788  0.206787   0.20678   0.23648  0.241491  0.275077  0.206045  0.592873  0.206114  0.990083  0.231074         1   1.10183   1.10403   1.10543   1.07407   1.32398   1.01879  0.215215  0.214496  0.319942  0.211038  0.210561   0.93478   0.74329   1.03994  0.932542  0.208528  0.208245  0.984883  0.798279  0.871557   1.02797  0.205507   0.20582  0.205066
 0.289616  0.289597  0.289591   0.55779  0.543367   0.56287  0.276915  0.276859  0.276888  0.272552  0.272495  0.272507  0.269683  0.269646  0.352986  0.268296   0.49928  0.268256  0.268065  0.268036  0.268036  0.850038  0.846759  0.847253  0.266806  0.266746  0.266749  0.312066   0.31162   0.31086   1.10516   1.10615   1.10616   1.04873   1.02101   1.02331  0.283266  0.282836  0.974814   1.03261  0.908893  0.275497   0.76468  0.644544  0.271767  0.970685  0.968888         1   -42.672  0.648747  0.267867   1.23373  0.267518    1.1044
 0.359442  0.359348  0.359705   0.34522  0.345124  0.826609  0.338126  0.338082   0.33844  0.330711  0.330643  0.330638   0.76485  0.325566   0.32547  0.503677  0.500953  0.323281  0.323062  0.322995  0.322881  0.321615  0.321524  0.321375   0.32204  0.321527  0.321324  0.387752  0.964727  0.966851   1.13078   1.14157   1.16335   1.09416   1.07134 0.0695293  0.251311  0.344987  0.334461  0.427833  0.901621  0.617888  0.593124  0.328547  0.328649  0.599148   0.32805  0.927311  0.951797  0.323798  0.324317   2.51408  0.330674   1.19052
 0.424188  0.423949  0.423866  0.405552  0.405247  0.405184  0.395937  0.395608  0.395552  0.386167  0.385859  0.385789  0.379106  0.378807  0.378731  0.376352  0.376043  0.375906  0.375749  0.375455  0.375367  0.374055  0.373674  0.373469  0.375542  0.373897  0.373614  0.465563  0.818177  0.878784   1.11561   1.11165   1.20199   1.26764  0.984171  0.985651   0.79189 -0.728572   1.10564  0.390506  0.829092  0.390847  0.379097  0.382908  0.383638  0.204431  0.382107  0.382765  0.368907  0.896305  0.378684  0.384195  0.395789   0.39913
 0.494722   0.49493  0.494849  0.468684  0.468506  0.468517  0.455554  0.455319  0.455411  0.441557  0.441405  0.441534  0.430609  0.430607  0.430651  0.425473  0.425811  0.425794  0.425338  0.425604  0.425596  0.320329  0.422019  0.421937  0.422305  0.424888  0.424173         1         1  0.955889   1.14632   1.14649   1.14755   1.24078   1.24374   1.25963  0.469957  0.466947  0.466043  0.922444  0.448147 -0.135721  0.435305   1.83289  0.429798  0.441356  0.435617  0.872924  0.419789  0.405537   0.84148  0.446923 -0.692954  0.751197
 0.566514  0.566605  0.566601  0.531833  0.531834  0.531682   0.51574  0.515752   0.51544   0.49724   0.49724  0.497049   0.48164  0.481831  0.481469  0.472762  0.473775  0.473403  0.473376  0.474061  0.473684  0.465361  0.468079  0.467654  0.469594  0.730404  0.710314  0.643679   1.04047  0.636603   1.11463   1.11443   1.27148   0.98853  0.987633  0.982838  0.537874  0.531617  0.531435   1.10581   1.29667   1.17556  0.483481  0.461527  0.649748  0.906281  0.905764  0.899224  0.454446  0.406449  -10.9941  0.512388  0.302427  0.692155
 0.642655   0.64266  0.642719  0.596229  0.596214  0.596595  0.573926  0.573883  0.573722  0.551856  0.551828  0.551964  0.530446  0.530616  0.530285  0.517921  0.518918  0.518562  0.518848   0.51943     0.519  0.507254  0.509747  0.509253  0.521121  0.526375  0.522352  0.740621  0.735768  0.733749   1.20808   1.19632   1.16092  0.991106   1.28116   0.99284  0.611153  0.606228  0.606359  0.997972  0.932386   1.12195  0.678474   1.08571  0.468879  0.899368  0.898859  0.542782   0.75318  0.367045   1.23183  0.573549  0.454876  0.514808
 0.728849  0.728771  0.728835  0.666225  0.666237  0.666236  0.636876  0.636998  0.636796  0.611663   0.61151  0.611391   0.58171  0.580485  0.580693  0.559366    0.5566  0.556969  0.564117  0.562003  0.562611  0.538664  0.533579  0.534849  0.556452  0.543281  0.546225   1.05626  0.835783   1.29785   1.17449   1.12606   1.13038  0.982862   1.26155    1.0571  0.695603  0.693879  0.691478  0.512912  0.659271    1.0449  0.883603   3.16082  0.829996  0.630525  0.445727  0.893913    0.4078  0.808204  0.954838   1.05828   3.38183  0.671291
 0.812075  0.812073  0.812016  0.741908  0.742278  0.742861  0.707624  0.707638  0.706805   0.68285  0.682978  0.683033  0.643755  0.642823   0.64119  0.612555  0.611929  0.610371  0.620702  0.619561  0.617074   0.58108  0.581264   0.57874  0.602393  0.600701  0.591416   1.09091   1.49179   1.07818   1.11152   1.25429   1.28156   1.09397  0.987168  0.988408  0.781262   0.77706  0.779808  0.741758    1.0081  0.738005   1.79383  0.866509  0.688941  0.883711  0.713804  0.890463  0.660081  0.646212  0.967564  0.930253  0.862961  0.894664
 0.876961  0.877032  0.879654  0.802572  0.802631  0.802665  0.764248  0.764524  0.764705  0.742167  0.742177  0.742084  0.701725  0.701447  0.702774   0.68517  0.683193  0.685657  0.682613  0.681965  0.684465  0.680582  0.677032  0.680368   0.70055  0.699549  0.700907   1.09236    0.9866   1.08628   1.14536   1.12471   1.32015   1.01638  0.998242   1.00219   0.81819  0.818744  0.813708   0.93558  0.918454  0.928703  0.447399  0.462478  0.460836  0.612733  0.641885  0.633325   1.25109   1.23203  0.516604  0.364584  0.464828  0.401662
 0.901299  0.901215  0.904175  0.825304  0.825174  0.824951  0.786654  0.787057  0.787617  0.765468   0.76539   0.76457  0.722497  0.723222  0.726506  0.697937  0.694933  0.699568  0.699933  0.700314  0.706635  0.720932  0.717673  0.680758  0.711677  0.710548  0.713546   1.03186   1.01916  0.965881   1.15292   1.13021   1.12992  0.978975   1.03102   0.98202  0.855927  0.860377  0.847998    1.2056   1.12141  0.967606  0.512111  0.702675  0.635712  0.836413  0.762722  0.752076  0.561574  0.676232  0.925198  0.504924  0.860699  0.743645

Errors: 
2.65782e-05 2.60492e-05 2.60229e-05 2.73711e-05 2.68578e-05 2.68368e-05 2.79525e-05 2.75234e-05 2.75278e-05 2.98144e-05 2.93846e-05 2.93752e-05 3.31668e-05 3.28318e-05 3.27764e-05 4.05427e-05 3.92558e-05  3.9769e-05 3.75088e-05 3.70856e-05 3.74886e-05 5.12333e-05 5.16586e-05 5.10225e-05 6.81876e-05           1           1           0 3.32439e-05 3.29057e-05           0           0           0     1.00001     1.00008     1.00008 5.30034e-05 4.91607e-05 4.67884e-05 6.93281e-05 6.30305e-05 2.10602e-05 0.000106924           1 8.27538e-05  0.00106925  0.00103917  0.00104744 0.000181524 0.000341338 0.000133863 0.000401252 0.000335274  9.8401e-07
8.13592e-05 8.04805e-05 7.99852e-05           0 8.21163e-05           0 8.50729e-05           0 8.45671e-05 9.07674e-05 9.05416e-05 9.16276e-05           0           0           0 0.000126655 0.000126666 0.000123838 0.000119887 0.000119704 0.000116921           0           0           0 0.000232344           0 0.000206114           0 0.000111084           0           0           0           0     1.00026     1.00012           0 0.000201098 0.000182649     1.00002 0.000292831 0.000262414           1     1.00001     1.00009     1.00029 0.000389958 0.000338955   0.0018435           1 0.000783324 0.000118818  0.00178879  0.00147924    0.001201
0.000162219 0.000161515 0.000161244           0           0           0 0.000172187 0.000169558  0.00016936 0.000183022 0.000182565 0.000182444 0.000212498 0.000210936           0 0.000253608           0  0.00025503 0.000244761 0.000244346 0.000242469           0           0           0  0.00053486 0.000510868 0.000485026 0.000250101 0.000248601 0.000245358           0           0           0     1.00283           0           0 0.000476758 0.000460414           0     1.00036     1.00001 0.000670523     1.00014           1  0.00106839 0.000452165 0.000453027  0.00656862   0.0045207 0.000698275  0.00181382 8.23513e-05  0.00419329 8.38011e-05
 0.00027849 0.000278381 0.000279327 0.000307846 0.000305813           0 0.000334889 0.000333252 0.000333822 0.000375615 0.000373097 0.000375144           0 0.000459689 0.000459528           0           0 0.000555784 0.000543845 0.000541797 0.000538206 0.000832418 0.000785324  0.00073941  0.00133002  0.00127878   0.0011963 0.000451646           0           0           0           0           0     1.00078           0     1.00072           0  0.00090927           0     1.00002           1           1     1.00011  0.00290473  0.00263946 0.000159546  0.00210466  0.00096645 0.000612095  0.00452825  0.00428484     1.00002  0.00841373 8.69986e-05
0.000428754 0.000428034 0.000427549 0.000470975 0.000469719 0.000470027  0.00053936 0.000533622 0.000533503 0.000600996 0.000595389 0.000596101 0.000809512 0.000790729  0.00078229  0.00102284  0.00100333 0.000996945 0.000998011 0.000956699 0.000948605  0.00142611  0.00138489   0.0013679  0.00262236  0.00223132  0.00228094 0.000755509           0           0           0           0           0     1.00024           0           0           0     1.00002           0  0.00298433     1.00041   0.0027328  0.00654276  0.00526521  0.00524651     1.09004   0.0039093   0.0037892   0.0105566  0.00468882  0.00820105     0.01624   0.0143931   0.0134187
 0.00064897 0.000652217 0.000652771 0.000752222 0.000751388  0.00074893 0.000920636 0.000912373 0.000908877  0.00103243  0.00102076  0.00101563  0.00150261  0.00147895  0.00156183  0.00196684  0.00201068  0.00190577  0.00187155  0.00180961  0.00182108           0  0.00262779   0.0026128  0.00575386  0.00475095  0.00434605           0           0           0           0           0           0     1.00035      1.0005     1.00035  0.00297084  0.00277463  0.00262083     1.00003   0.0051946     1.00007   0.0139196     1.00125   0.0102139  0.00808578   0.0073868  0.00095685   0.0186688   0.0165772  0.00428417    0.023328   0.0111541     1.00006
          0           0           0  0.00116604  0.00116861  0.00117031  0.00146419   0.0014646  0.00145701  0.00169206   0.0017295  0.00170056  0.00270956  0.00269264  0.00264564  0.00381193  0.00372438  0.00361903  0.00357806  0.00344929  0.00340152  0.00580884  0.00529305  0.00528725   0.0121324           0           0  0.00201332           0  0.00191394           0           0           0     1.30661           0           0   0.0056269  0.00501409  0.00481898     1.00008     1.00028     1.00013   0.0289502    0.024518           1 0.000773825 0.000793717  0.00073057   0.0265199   0.0235184     1.00047   0.0300194   0.0154496  0.00924012
          0           0           0  0.00182901  0.00182834  0.00182627  0.00227648  0.00227476  0.00227005  0.00269592  0.00269732  0.00268503  0.00429406  0.00428491  0.00416301  0.00637128  0.00619711  0.00632676  0.00571587  0.00571936   0.0055849   0.0100614   0.0100549  0.00990202   0.0194462   0.0189177   0.0180417  0.00312147  0.00292808  0.00297349           0           0           0           0     1.00102           0  0.00889267  0.00860526  0.00802656     1.00123     1.00322      1.0001     1.00009     1.00039     1.00142      2.1674 0.000927133   0.0220249  0.00461387   0.0166872     1.00002   0.0369115   0.0309835   0.0320105
 0.00223685  0.00222013  0.00220163   0.0028928  0.00289234  0.00289633  0.00363885  0.00365502  0.00367106  0.00427661  0.00426888  0.00430578  0.00734374  0.00739631  0.00711325   0.0128078   0.0121699   0.0122115   0.0103373   0.0104954  0.00987121    0.024452   0.0219569   0.0202565   0.0382099   0.0325395   0.0394946           0  0.00428109           1           0           0           0           0     1.00157     1.06196    0.014738   0.0135996   0.0132245     1.00004   0.0278768           0     1.04833      1.0018      1.0027   0.0348967  0.00920845  0.00146103   0.0231179   0.0153704  0.00478052   0.0364916           1   0.0425989
 0.00306483  0.00304748  0.00305499  0.00440124  0.00437773  0.00441126  0.00594392  0.00600192  0.00586321  0.00676498  0.00676974  0.00678041   0.0128395   0.0125838   0.0123764   0.0244732   0.0242742   0.0235249   0.0183055   0.0185615   0.0181417   0.0452973   0.0435445   0.0449795   0.0648717   0.0745675   0.0710218           0           0           0           0           0           0     1.07773           0     1.39014   0.0233492   0.0215299    0.020422   0.0580639     1.02391   0.0511843           1     1.00062    0.136291  0.00285398   0.0448258  0.00145916   0.0473987   0.0442415   0.0461615   0.0619478   0.0580274   0.0564407
 0.00390532  0.00388808   0.0038159  0.00611263  0.00609152  0.00605839  0.00878648  0.00880599           0  0.00961848  0.00952891  0.00955737   0.0188041   0.0191863   0.0189572    0.031495   0.0339794    0.028921   0.0264267   0.0244468   0.0263015   0.0530139   0.0504932    0.049532   0.0201477   0.0194379   0.0192808           0  0.00795218           0           0           0     1.00057     1.28863           0           0   0.0325421   0.0317419   0.0318761           0           0     1.00156   0.0773852   0.0481531   0.0717906   0.0490776   0.0507658   0.0489869  0.00408281  0.00418536   0.0486369    0.121073   0.0904675    0.103037
 0.00426982   0.0042611  0.00419599           0  0.00678226  0.00673573  0.00984608  0.00988601  0.00988006   0.0106867   0.0106371   0.0106171   0.0215729   0.0220127   0.0215804   0.0454446   0.0462439    0.049969   0.0325987   0.0321044   0.0313485   0.0127693   0.0129826   0.0702346   0.0293938   0.0299734   0.0295984           0           0           0           0           0           0     1.42233     1.24237           0   0.0389453   0.0367228    0.037373     1.00065     1.00033     1.00133    0.101435    0.326674    0.348513   0.0019892   0.0598691   0.0578386   0.0601068     0.05786     1.00094    0.116538   0.0807057     1.00081

Statuses: 
0 0 0 0 0 0 0 0 0 0 0 0 0 0 0 0 0 0 0 0 0 0 0 0 0 3 3 3 0 0 3 3 3 3 3 3 0 0 0 0 0 3 0 3 0 3 3 3 0 3 0 0 0 3
0 0 0 3 0 3 0 3 0 0 0 0 3 3 3 0 0 0 0 0 0 3 3 3 0 3 0 3 0 3 3 3 3 3 3 3 0 0 3 0 0 3 3 3 3 0 0 3 3 3 3 0 0 0
0 0 0 3 3 3 0 0 0 0 0 0 0 0 3 0 3 0 0 0 0 3 3 3 0 0 0 0 0 0 3 3 3 3 3 3 0 0 3 3 3 0 3 3 0 3 3 3 1 3 0 3 0 3
0 0 0 0 0 3 0 0 0 0 0 0 3 0 0 3 3 0 0 0 0 0 0 0 0 0 0 0 3 3 3 3 3 3 3 3 3 0 3 3 3 3 3 0 0 3 0 3 3 0 0 3 0 3
0 0 0 0 0 0 0 0 0 0 0 0 0 0 0 0 0 0 0 0 0 0 0 0 0 0 0 0 3 3 3 3 3 3 3 3 3 3 3 0 3 0 0 0 0 3 0 0 0 3 0 0 0 0
0 0 0 0 0 0 0 0 0 0 0 0 0 0 0 0 0 0 0 0 0 3 0 0 0 0 0 3 3 3 3 3 3 3 3 3 0 0 0 3 0 3 0 3 0 0 0 3 0 0 3 0 0 3
2 2 2 0 0 0 0 0 0 0 0 0 0 0 0 0 0 0 0 0 0 0 0 0 0 3 3 0 3 0 3 3 3 3 3 3 0 0 0 3 3 3 0 0 3 3 3 3 0 0 3 0 0 3
2 2 2 0 0 0 0 0 0 0 0 0 0 0 0 0 0 0 0 0 0 0 0 0 0 0 0 0 0 0 3 3 3 3 3 3 0 0 0 3 3 3 3 3 3 3 3 0 3 0 3 0 0 0
0 0 0 0 0 0 0 0 0 0 0 0 0 0 0 0 0 0 0 0 0 0 0 0 0 0 0 3 0 3 3 3 3 3 3 3 0 0 0 3 0 3 3 3 3 0 0 3 0 3 3 3 3 0
0 0 0 0 0 0 0 0 0 0 0 0 0 0 0 0 0 0 0 0 0 0 0 0 0 0 0 3 3 3 3 3 3 3 3 3 0 0 0 0 3 0 3 3 0 3 0 3 0 0 3 0 0 0
0 0 0 0 0 0 0 0 2 0 0 0 0 0 0 0 0 0 0 0 0 0 0 0 0 0 0 3 0 3 3 3 3 3 3 3 0 0 0 3 3 3 0 0 0 0 0 0 3 3 0 0 0 0
0 0 0 2 0 0 0 0 0 0 0 0 0 0 0 0 0 0 0 0 0 0 0 0 0 0 0 3 3 3 3 3 3 3 3 3 0 0 0 3 3 3 0 0 0 3 0 0 0 0 3 0 0 3
chisq per dof: 
64.8995 57.8706 52.2863 23.9343 21.0889  18.901 9.49336 8.34639 7.45566 4.51409 4.08042 3.74115 1.87916  1.7578 1.66308  1.6358 1.53012 1.45952 1.71983 1.62301 1.54938 1.81142 1.68452 1.59784 2.01078 33358.6 27914.2  110602  30.966 31.1565  115008  100824 88387.3  104768 93313.6 79994.8 3.45011  3.3532 3.27714 1.98682 1.88656 97362.2 2.02313  110663 1.70061  182843  155107  132975 2.25728   94543 1.84138  2.6757  2.2576  105899
32.4192 28.9468 26.4085 5132.54 10.2483 3684.58 5.17535 643.812 4.24743 2.81978 2.61388  2.4402 6986.21  5693.8  5365.9 1.63715 1.53747 1.46069 1.71232 1.61165 1.53533  194.94 198.411 456.685 2.00929 3410.52 1.67459 12084.6 12.7502 9487.02 11239.8 9725.38 8565.07 10433.7 7901.82 7475.08 2.16863 2.07626 2447.53 1.87222 1.74155 4983.97 11610.2 9409.86 8717.96 2.02401 1.85597 12212.1 4411.84 11580.6 10683.7 2.67884 2.25929 2.00843
18.3354 16.4104 14.8696 871.558 746.245 681.251 3.57372 3.21798 2.94818 2.20038 2.06617 1.94982 1.62069 1.53401 984.553 1.61774  349.65 1.44373 1.69351 1.59507 1.52104 1995.37 1661.66 1425.52 2.00433 1.80365 1.66971 6.55561 6.26535  5.9739  2564.8 2205.38 1933.58 2354.77 1962.74 1688.65 1.87257 1.76026 1765.35  2905.1 2541.81 1.59525 2352.34 2152.69 1.67138 3797.83 3166.22 2759.48 2944.79  2610.2 1.83639 1934.09 2.25452 1276.92
9.34683  8.5161 7.82851 4.09948 3.72467 348.454  2.4174 2.21653 2.18325 1.80808 1.70939 1.64808 543.988 1.47273 1.42199  281.43 226.902  1.4351 1.67582 1.58118 1.51059 1.80183 1.67011 1.57471 2.00201 1.80413 1.67049 4.38124 528.222 508.688 921.442  795.17 698.353 893.074 755.996 191.658 1133.54 1.65824   859.5 971.263 365.313 684.951 1101.62 1.80304 1.66922  949.45 1.83772 936.064 1400.29  2.0038 1.83664 1215.23 2.25372 737.811
6.31004 5.79603 5.32864 2.75681 2.59904 2.42545 1.90536 1.79302 1.70745 1.61248 1.54847 1.48988  1.5229 1.45127 1.39718 1.60066 1.50352 1.43258 1.67074 1.57651 1.50567 1.80113 1.66891 1.57416 2.00062 1.80267 1.66985 3.10152 122.513 245.235 436.052 374.206 218.253 354.543 347.381 298.359 337.329 183.958 316.911 1.80595 416.953 1.57593 2.00051 1.80184 1.66872 3.26895 1.83588 1.71694 2.25109 512.632 1.83613 2.66725 2.25166 2.00152
4.37737 4.07109 3.79928 2.10201 1.97715 1.86859 1.67911 1.59066 1.51782 1.54441 1.47722 1.42526 1.52156 1.44705 1.39176 1.60245 1.50258 1.43117 1.67344 1.57763 1.50569 77.1751  1.6698 1.57423 2.00242 1.80303 1.66952 237.329 208.115 86.6366 221.546 190.804 167.963 182.285 161.877 131.889 1.68628 1.59761 1.52413 48.1281 1.67446 163.686 2.00221 158.401 1.66951 2.00312 1.83854 155.411 2.25254 2.00296 124.501 2.66952 2.30909 213.853
3.18631 2.94704 2.75234 1.73296 1.64174  1.5822 1.52266 1.44911 1.39617 1.49875 1.43641 1.39127 1.51698 1.44358 1.38862 1.60377 1.50508 1.43332 1.67396 1.57903 1.50689 1.80387 1.67284 1.57691 2.00457 14.7371 10.0764 1.96133 43.1098 1.88007  113.12 97.9831 76.9524 102.209 85.7859 73.7411 1.68012   1.592 1.51801 114.394 106.768 90.5257 2.00447 1.80572 82.5487 119.675 96.8101 83.8063 2.25478 2.00539 53.6181 2.67249 2.25686  97.938
2.50033 2.33482 2.20198   1.608 1.53292 1.48293 1.45841 1.39378 1.34568 1.48818 1.42719 1.38256 1.51817 1.44427 1.38899 1.61129 1.51012 1.43757 1.67888 1.58233 1.50969 1.81186 1.67756 1.58093 2.01408 1.81193 1.67711 1.73262 1.67361 1.61813 35.8873 36.4498 44.7277  51.759 33.8668 37.5144 1.68339 1.58932 1.51566 40.8675 63.6502  43.926 52.7884    15.3 38.1036 55.3909 49.8172 1.72465 82.9765 2.01186 14.0607 2.68532 2.26473 2.01253
2.03044 1.91611 1.82457 1.47396 1.41944  1.3766 1.40052  1.3509 1.30723  1.4686 1.41346 1.36821 1.51379 1.44235 1.38708 1.60899 1.50806 1.43553 1.67654 1.58092 1.50837 1.80923 1.67465 1.57839 2.01122  1.8095 1.67468 16.4851 1.51411 17.4352 31.6151 27.2417 23.9812 25.6222 11.7469 18.5811 1.67751 1.58082  1.5086 23.8313 1.67532 24.4909  31.979 8.70602 21.5925 2.00997 1.85148 22.0585 2.26142  40.351 29.3848 23.2734 17.7384 2.00941
1.62737 1.55766 1.50191 1.37034 1.32623  1.2964 1.36322 1.31313  1.2747  1.4506 1.39536  1.3537 1.50876 1.43633 1.38203 1.60682 1.50569  1.4338 1.67354  1.5774 1.50543 1.80686 1.67238 1.57662  2.0085 1.80681 1.67271 8.98771 18.7116  4.0059 19.6498 15.6998  12.855 13.5719 11.5084 10.0124 1.67322 1.57726 1.50526 1.80694 18.5184 1.57657 5.77201 12.8677 1.67249 19.7705  1.8391  9.5639 2.25851 2.00682  11.957 2.67687 2.25787  2.0064
1.45422 1.40401 1.36904 1.32598 1.28546 1.25376 1.34445 1.29581 1.25898 1.43878 1.38415 1.34148 1.50377   1.432 1.37832 1.60402 1.50348 1.43196  1.6702 1.57459 1.50312 1.80424 1.67034 1.57498 2.00464 1.80387 1.67037 4.47548 1.41423 2.91716 13.4432 11.7619 6.69106 8.47329 7.23006 6.34267 1.67249 1.57643 1.50474 16.1495 13.7149 9.65524 2.00391 1.80346 1.66991 2.00406 1.83696 1.71776 12.7147 9.19228 1.83712 2.67144 2.25412 2.00368
1.41794 1.37337 1.34432  1.3195 1.28084 1.24974 1.34449 1.29734 1.26111 1.43937 1.38597 1.34347 1.50599 1.43568 1.38241 1.60661 1.50768 1.43655 1.67233 1.57819 1.50714 1.80711 1.67479 1.57945 2.00818 1.80921 1.67596 2.97885 2.28895  11.639 11.0492 10.1288 9.00015   7.156  6.1704 5.44488 1.67342 1.57857 1.50751 9.03974 7.09349 8.43071   2.008 1.80922 1.67594 5.94613 1.84109 1.72238 2.25826 2.00927 12.3339 2.67732 2.26146 7.48672
Mode averaged potential and errors: 
   0.126684 0.000434919
   0.205895  0.00099288
    0.26683 0.000563896
    0.32204  0.00133002
   0.377367  0.00605752
   0.428826   0.0122442
   0.477397   0.0200963
   0.523872   0.0223759
   0.558581   0.0226929
   0.645885    0.110028
   0.607593     0.14121
   0.663049    0.111691
R Models:
(* Fitting with shape 1 1 1 1 1 1 1 1 0 0 0 0 *)
G[R_,xx_]:=xx[[0]] + xx[[1]]/R | xx[[2]]*R
(* Fitting with shape 1 1 1 1 1 1 1 1 1 0 0 0 *)
G[R_,xx_]:=xx[[0]] + xx[[1]]/R | xx[[2]]*R
(* Fitting with shape 1 1 1 1 1 1 1 1 1 1 0 0 *)
G[R_,xx_]:=xx[[0]] + xx[[1]]/R | xx[[2]]*R
(* Fitting with shape 1 1 1 1 1 1 1 1 1 1 1 0 *)
G[R_,xx_]:=xx[[0]] + xx[[1]]/R | xx[[2]]*R
(* Fitting with shape 1 1 1 1 1 1 1 1 1 1 1 1 *)
G[R_,xx_]:=xx[[0]] + xx[[1]]/R | xx[[2]]*R
(* Fitting with shape 0 1 1 1 1 1 1 1 0 0 0 0 *)
G[R_,xx_]:=xx[[0]] + xx[[1]]/R | xx[[2]]*R
(* Fitting with shape 0 1 1 1 1 1 1 1 1 0 0 0 *)
G[R_,xx_]:=xx[[0]] + xx[[1]]/R | xx[[2]]*R
(* Fitting with shape 0 1 1 1 1 1 1 1 1 1 0 0 *)
G[R_,xx_]:=xx[[0]] + xx[[1]]/R | xx[[2]]*R
(* Fitting with shape 0 1 1 1 1 1 1 1 1 1 1 0 *)
G[R_,xx_]:=xx[[0]] + xx[[1]]/R | xx[[2]]*R
(* Fitting with shape 0 1 1 1 1 1 1 1 1 1 1 1 *)
G[R_,xx_]:=xx[[0]] + xx[[1]]/R | xx[[2]]*R
(* Fitting with shape 0 0 1 1 1 1 1 1 0 0 0 0 *)
G[R_,xx_]:=xx[[0]] + xx[[1]]/R | xx[[2]]*R
(* Fitting with shape 0 0 1 1 1 1 1 1 1 0 0 0 *)
G[R_,xx_]:=xx[[0]] + xx[[1]]/R | xx[[2]]*R
(* Fitting with shape 0 0 1 1 1 1 1 1 1 1 0 0 *)
G[R_,xx_]:=xx[[0]] + xx[[1]]/R | xx[[2]]*R
(* Fitting with shape 0 0 1 1 1 1 1 1 1 1 1 0 *)
G[R_,xx_]:=xx[[0]] + xx[[1]]/R | xx[[2]]*R
(* Fitting with shape 0 0 1 1 1 1 1 1 1 1 1 1 *)
G[R_,xx_]:=xx[[0]] + xx[[1]]/R | xx[[2]]*R
(* Fitting with shape 0 0 0 1 1 1 1 1 0 0 0 0 *)
G[R_,xx_]:=xx[[0]] + xx[[1]]/R | xx[[2]]*R
(* Fitting with shape 0 0 0 1 1 1 1 1 1 0 0 0 *)
G[R_,xx_]:=xx[[0]] + xx[[1]]/R | xx[[2]]*R
(* Fitting with shape 0 0 0 1 1 1 1 1 1 1 0 0 *)
G[R_,xx_]:=xx[[0]] + xx[[1]]/R | xx[[2]]*R
(* Fitting with shape 0 0 0 1 1 1 1 1 1 1 1 0 *)
G[R_,xx_]:=xx[[0]] + xx[[1]]/R | xx[[2]]*R
(* Fitting with shape 0 0 0 1 1 1 1 1 1 1 1 1 *)
G[R_,xx_]:=xx[[0]] + xx[[1]]/R | xx[[2]]*R
2.21692 2.21692 2.21692 
-0.272698 -0.272698 -0.272698 
1 1 1 
0.388139 0.388139 0.388139 
-9.32389 -9.32389 -9.32389 
5.03038e+175 5.03038e+175 5.03038e+175 
3.5936e+246 3.5936e+246 3.5936e+246 
2.14726e+243 2.14726e+243 2.14726e+243 
-182418 -182418 -182418 
9.53547e-322 9.53547e-322 9.53547e-322 
3.29618e-316 3.29618e-316 3.29618e-316 
3.27678e-316 3.27678e-316 3.27678e-316 
8.48798e-314 8.48798e-314 8.48798e-314 
2.25617e-316 2.25617e-316 2.25617e-316 
3.27678e-316 3.27678e-316 3.27678e-316 
3.27678e-316 3.27678e-316 3.27678e-316 
0 0 0 
3.27678e-316 3.27678e-316 3.27678e-316 
0 0 0 
0 0 0 
0 0 0 
3.27679e-316 3.27679e-316 3.27679e-316 
3.27679e-316 3.27679e-316 3.27679e-316 
0 0 0 
2.22692e-316 2.22692e-316 2.22692e-316 
2.16732e-316 2.16732e-316 2.16732e-316 
3.27481e-316 3.27481e-316 3.27481e-316 
3.27534e-316 3.27534e-316 3.27534e-316 
3.27534e-316 3.27534e-316 3.27534e-316 
0 0 0 
0 0 0 
0 0 0 
4.94066e-324 4.94066e-324 4.94066e-324 
1.63042e-322 1.63042e-322 1.63042e-322 
1.97626e-323 1.97626e-323 1.97626e-323 
3.27357e-316 3.27357e-316 3.27357e-316 
9.48722e-315 9.48722e-315 9.48722e-315 
1.63042e-322 1.63042e-322 1.63042e-322 
4.94066e-324 4.94066e-324 4.94066e-324 
1.92744e-316 1.92744e-316 1.92744e-316 
3.9937e-315 3.9937e-315 3.9937e-315 
1.63042e-322 1.63042e-322 1.63042e-322 
6.90681e-310 6.90681e-310 6.90681e-310 
3.35965e-322 3.35965e-322 3.35965e-322 
1.58101e-322 1.58101e-322 1.58101e-322 
6.37345e-322 6.37345e-322 6.37345e-322 
3.27428e-316 3.27428e-316 3.27428e-316 
0 0 0 
3.27428e-316 3.27428e-316 3.27428e-316 
3.2768e-316 3.2768e-316 3.2768e-316 
3.31632e-316 3.31632e-316 3.31632e-316 
3.27696e-316 3.27696e-316 3.27696e-316 
1.28823e-231 1.28823e-231 1.28823e-231 
3.31632e-316 3.31632e-316 3.31632e-316 
Probabilities: 
         0          0          0          0          0          0          0          0          0          0          0          0          0          0          0          0  0.0119544  0.0226954          0 0.00727336          0  0.0219292  0.0520202    0.11542          0 0.00690212          0          0          0          0          0          0          0          0          0          0          0          0          0  0.0350205          0          0  0.0131709  0.0357819          0          0          0   0.677832          0          0          0          0          0          0

String tensions: 
         1          1          1          1          1          1          1          1          1  -0.197871  -0.197873  -0.197876  -0.678784  -0.681992  -0.689395  -0.914309  -0.921676  -0.936647   0.499088    -1.0204   0.469977   -1.56961   -1.58756   -1.62193   0.692728  -0.112179   0.449274  -0.129846  -0.129838 -0.0265602  -0.135823  -0.126984  -0.110469    0.97985  -0.121904   0.982342    1.13886 -0.0869398 -0.0931178 0.00730762   0.278122   0.338007 0.00864408 0.00873249    0.35581  -0.130139  0.0642107 0.00648986 0.00904114  -0.147592   0.189694  0.0169249    1.02081   0.906553

Errors: 
    5792.62     5792.62     5792.62     5792.62     5792.62     5792.62     5792.62     5792.62     5792.62           0           0           0   0.0249038   0.0245691   0.0239593   0.0694806   0.0683189   0.0661844           0   0.0559794           0    0.201345    0.201604    0.182217     1.15912   0.0056237           0           0           0           0           0           0           0     1.12032     1.00298     1.10238     1.03294           1           0  0.00217808           1     1.00002  0.00675896  0.00582234     1.00017 4.17956e-05  0.00487683  0.00233159 0.000699854           1     1.00475 0.000737267     1.52431  0.00180695

Statuses: 
0 0 0 0 0 0 0 0 0 3 3 3 0 0 0 0 0 0 3 0 3 0 0 0 3 0 3 3 3 3 3 3 3 3 3 3 3 3 3 0 3 3 0 0 3 3 3 0 1 3 3 1 3 1
chisq per dof: 
  684.053   614.683   587.705   67.2605   59.6867   56.9139   18.3069   16.1774   15.8892   10512.8   9200.09   8180.39    2.0918   1.96774    2.0596  0.417485  0.414946  0.458222   4527.51   0.93543    3090.6  0.212706   0.22123   0.24434   285.953  0.598036   2509.82   33437.1   29528.5   31616.4   17272.6   15952.9   15569.8   13090.8   3695.63   9358.27   47451.2   36873.2   24638.2  0.056668   24634.2   23224.6 0.0591709 0.0494986   5860.84   34379.8     23137 0.0460083 0.0514008   5691.09    7652.8 0.0834209   10187.1   987.579
Model string tension and errors: 
sigma = -0.339598 +/- 0.646697
