R=0parameters: 
-0.666899 -0.666899 
0.0585182 0.0585182 
7.24983e-11 7.24983e-11 
3.21143e-322 3.21143e-322 
3.43637e-316 3.43637e-316 
3.36922e-316 3.36922e-316 
1.42738e+228 1.42738e+228 
0 0 
1.31404e+08 1.31404e+08 
2.42092e-322 2.42092e-322 2.42092e-322 
9.87105e+58 9.87105e+58 9.87105e+58 
4.33804e+150 4.33804e+150 4.33804e+150 
5.34081e+228 5.34081e+228 5.34081e+228 
3.63461e+185 3.63461e+185 3.63461e+185 
3.70404e-317 3.70404e-317 3.70404e-317 
5.58294e-322 5.58294e-322 5.58294e-322 
1 1 1 
2 2 2 
3 3 3 3 
4 4 4 4 
5 5 5 5 
6 6 6 6 
7 7 7 7 
8 8 8 8 
9 9 9 9 
10 10 10 10 
11 11 11 11 
12 12 12 
3.43626e-316 3.43626e-316 3.43626e-316 
4.00193e-322 4.00193e-322 4.00193e-322 
3.42107e-316 3.42107e-316 3.42107e-316 
3.42673e-316 3.42673e-316 3.42673e-316 
3.20564e-316 3.20564e-316 3.20564e-316 
nan nan nan 
3.42126e-316 3.42126e-316 3.42126e-316 
3.36836e-316 3.36836e-316 3.36836e-316 
6.90874e-310 6.90874e-310 6.90874e-310 6.90874e-310 
0.0762718 0.0762718 0.0762718 0.0762718 
3.95253e-322 3.95253e-322 3.95253e-322 3.95253e-322 
2.42092e-322 2.42092e-322 2.42092e-322 2.42092e-322 
-0.658363 -0.658363 -0.658363 -0.658363 
0.870266 0.870266 0.870266 0.870266 
2.82808 2.82808 2.82808 2.82808 
-2.76707 -2.76707 -2.76707 -2.76707 
4.24399e-314 4.24399e-314 4.24399e-314 4.24399e-314 
0 0 0 0 0 
0 0 0 0 0 
0 0 0 0 0 
0 0 0 0 0 
0 0 0 0 0 
0 0 0 0 0 
0 0 0 0 0 
0 0 0 0 0 
0 0 0 0 0 
R=1parameters: 
-0.621707 -0.621707 
0.0878952 0.0878952 
0.331003 0.331003 
-2.5696 -2.5696 
5.32067 5.32067 
5.03038e+175 5.03038e+175 
3.5936e+246 3.5936e+246 
2.14726e+243 2.14726e+243 
5.97819e-322 5.97819e-322 
2.42092e-322 2.42092e-322 2.42092e-322 
-0.594427 -0.594427 -0.594427 
3.38699e-316 3.38699e-316 3.38699e-316 
73067.7 73067.7 73067.7 
0 0 0 
2.37152e-322 2.37152e-322 2.37152e-322 
1.665e-321 1.665e-321 1.665e-321 
3.35657e-316 3.35657e-316 3.35657e-316 
-5.45659e-52 -5.45659e-52 -5.45659e-52 
0 0 0 0 
0 0 0 0 
0 0 0 0 
0 0 0 0 
0 0 0 0 
0 0 0 0 
0 0 0 0 
0 0 0 0 
0 0 0 0 
0 0 0 
0 0 0 
0 0 0 
0 0 0 
0 0 0 
0 0 0 
0 0 0 
0 0 0 
0 0 0 
0 0 0 0 
0 0 0 0 
0 0 0 0 
0 0 0 0 
0 0 0 0 
3.4164e-316 3.4164e-316 3.4164e-316 3.4164e-316 
0 0 0 0 
0 0 0 0 
0 0 0 0 
0 0 0 0 0 
0 0 0 0 0 
0 0 0 0 0 
0 0 0 0 0 
0 0 0 0 0 
0 0 0 0 0 
0 0 0 0 0 
0 0 0 0 0 
0 0 0 0 0 
R=2parameters: 
-0.567964 -0.567964 
0.108004 0.108004 
-3.48321e-05 -3.48321e-05 
0.149117 0.149117 
-0.124497 -0.124497 
5.03038e+175 5.03038e+175 
3.5936e+246 3.5936e+246 
2.14726e+243 2.14726e+243 
5.97819e-322 5.97819e-322 
2.42092e-322 2.42092e-322 2.42092e-322 
1.061e-313 1.061e-313 1.061e-313 
0 0 0 
0 0 0 
0 0 0 
0 0 0 
1.665e-321 1.665e-321 1.665e-321 
3.35311e-316 3.35311e-316 3.35311e-316 
-5.45659e-52 -5.45659e-52 -5.45659e-52 
3.41641e-316 3.41641e-316 3.41641e-316 3.41641e-316 
3.42638e-316 3.42638e-316 3.42638e-316 3.42638e-316 
3.43433e-316 3.43433e-316 3.43433e-316 3.43433e-316 
0 0 0 0 
3.41612e-316 3.41612e-316 3.41612e-316 3.41612e-316 
3.43411e-316 3.43411e-316 3.43411e-316 3.43411e-316 
3.20568e-316 3.20568e-316 3.20568e-316 3.20568e-316 
3.41525e-316 3.41525e-316 3.41525e-316 3.41525e-316 
0 0 0 0 
0 0 0 
0 0 0 
0 0 0 
0 0 0 
0 0 0 
0 0 0 
3.41926e-316 3.41926e-316 3.41926e-316 
3.35695e-316 3.35695e-316 3.35695e-316 
3.43227e-316 3.43227e-316 3.43227e-316 
3.55229e-316 3.55229e-316 3.55229e-316 3.55229e-316 
3.55225e-316 3.55225e-316 3.55225e-316 3.55225e-316 
3.38699e-316 3.38699e-316 3.38699e-316 3.38699e-316 
0 0 0 0 
3.43065e-316 3.43065e-316 3.43065e-316 3.43065e-316 
0 0 0 0 
0 0 0 0 
0 0 0 0 
0 0 0 0 
0 0 0 0 0 
0 0 0 0 0 
0 0 0 0 0 
0 0 0 0 0 
0 0 0 0 0 
3.54962e-316 3.54962e-316 3.54962e-316 3.54962e-316 3.54962e-316 
0 0 0 0 0 
0 0 0 0 0 
0 0 0 0 0 
R=3parameters: 
-0.510448 -0.510448 
0.125402 0.125402 
-0.0203065 -0.0203065 
-4.82079 -4.82079 
6.85857 6.85857 
5.03038e+175 5.03038e+175 
3.5936e+246 3.5936e+246 
2.14726e+243 2.14726e+243 
5.97819e-322 5.97819e-322 
2.42092e-322 2.42092e-322 2.42092e-322 
2.56857e-05 2.56857e-05 2.56857e-05 
3.4162e-316 3.4162e-316 3.4162e-316 
0.125 0.125 0.125 
0 0 0 
0 0 0 
1.665e-321 1.665e-321 1.665e-321 
3.35311e-316 3.35311e-316 3.35311e-316 
-5.45659e-52 -5.45659e-52 -5.45659e-52 
3.41925e-316 3.41925e-316 3.41925e-316 3.41925e-316 
3.37339e-316 3.37339e-316 3.37339e-316 3.37339e-316 
0 0 0 0 
0 0 0 0 
0 0 0 0 
0 0 0 0 
0 0 0 0 
3.4141e-316 3.4141e-316 3.4141e-316 3.4141e-316 
3.42719e-316 3.42719e-316 3.42719e-316 3.42719e-316 
3.43539e-316 3.43539e-316 3.43539e-316 
3.42715e-316 3.42715e-316 3.42715e-316 
3.41614e-316 3.41614e-316 3.41614e-316 
3.43446e-316 3.43446e-316 3.43446e-316 
3.39422e-316 3.39422e-316 3.39422e-316 
3.41614e-316 3.41614e-316 3.41614e-316 
3.35697e-316 3.35697e-316 3.35697e-316 
3.43561e-316 3.43561e-316 3.43561e-316 
3.43227e-316 3.43227e-316 3.43227e-316 
3.42718e-316 3.42718e-316 3.42718e-316 3.42718e-316 
3.3704e-316 3.3704e-316 3.3704e-316 3.3704e-316 
0 0 0 0 
0 0 0 0 
3.53899e-316 3.53899e-316 3.53899e-316 3.53899e-316 
3.41926e-316 3.41926e-316 3.41926e-316 3.41926e-316 
0 0 0 0 
0 0 0 0 
0 0 0 0 
0 0 0 0 0 
0 0 0 0 0 
0 0 0 0 0 
0 0 0 0 0 
0 0 0 0 0 
0 0 0 0 0 
0 0 0 0 0 
0 0 0 0 0 
0 0 0 0 0 
R=4parameters: 
-0.452958 -0.452958 
0.142794 0.142794 
-0.000170282 -0.000170282 
0.385803 0.385803 
-0.318665 -0.318665 
5.03038e+175 5.03038e+175 
3.5936e+246 3.5936e+246 
2.14726e+243 2.14726e+243 
5.97819e-322 5.97819e-322 
2.42092e-322 2.42092e-322 2.42092e-322 
1.061e-313 1.061e-313 1.061e-313 
-449989 -449989 -449989 
-24254.8 -24254.8 -24254.8 
0 0 0 
2.37152e-322 2.37152e-322 2.37152e-322 
1.665e-321 1.665e-321 1.665e-321 
3.35311e-316 3.35311e-316 3.35311e-316 
-5.45659e-52 -5.45659e-52 -5.45659e-52 
3.42182e-316 3.42182e-316 3.42182e-316 3.42182e-316 
3.41822e-316 3.41822e-316 3.41822e-316 3.41822e-316 
3.53899e-316 3.53899e-316 3.53899e-316 3.53899e-316 
3.43206e-316 3.43206e-316 3.43206e-316 3.43206e-316 
3.42182e-316 3.42182e-316 3.42182e-316 3.42182e-316 
0 0 0 0 
0 0 0 0 
0 0 0 0 
3.20564e-316 3.20564e-316 3.20564e-316 3.20564e-316 
0 0 0 
0 0 0 
3.37339e-316 3.37339e-316 3.37339e-316 
3.43584e-316 3.43584e-316 3.43584e-316 
3.43563e-316 3.43563e-316 3.43563e-316 
3.41399e-316 3.41399e-316 3.41399e-316 
3.42394e-316 3.42394e-316 3.42394e-316 
3.43406e-316 3.43406e-316 3.43406e-316 
3.42718e-316 3.42718e-316 3.42718e-316 
3.38699e-316 3.38699e-316 3.38699e-316 3.38699e-316 
3.36696e-316 3.36696e-316 3.36696e-316 3.36696e-316 
3.41843e-316 3.41843e-316 3.41843e-316 3.41843e-316 
0 0 0 0 
0 0 0 0 
3.20592e-316 3.20592e-316 3.20592e-316 3.20592e-316 
0 0 0 0 
0 0 0 0 
0 0 0 0 
0 0 0 0 0 
0 0 0 0 0 
0 0 0 0 0 
0 0 0 0 0 
0 0 0 0 0 
0 0 0 0 0 
0 0 0 0 0 
0 0 0 0 0 
0 0 0 0 0 
R=5parameters: 
-0.400675 -0.400675 
0.160761 0.160761 
0.0199237 0.0199237 
-1.30874 -1.30874 
-3.89267 -3.89267 
5.03038e+175 5.03038e+175 
3.5936e+246 3.5936e+246 
2.14726e+243 2.14726e+243 
5.97819e-322 5.97819e-322 
2.42092e-322 2.42092e-322 2.42092e-322 
6.14106e-05 6.14106e-05 6.14106e-05 
3.41612e-316 3.41612e-316 3.41612e-316 
1725.95 1725.95 1725.95 
-1.30874 -1.30874 -1.30874 
0 0 0 
1.665e-321 1.665e-321 1.665e-321 
3.35311e-316 3.35311e-316 3.35311e-316 
-5.45659e-52 -5.45659e-52 -5.45659e-52 
3.41612e-316 3.41612e-316 3.41612e-316 3.41612e-316 
3.20569e-316 3.20569e-316 3.20569e-316 3.20569e-316 
3.41614e-316 3.41614e-316 3.41614e-316 3.41614e-316 
3.42184e-316 3.42184e-316 3.42184e-316 3.42184e-316 
3.41612e-316 3.41612e-316 3.41612e-316 3.41612e-316 
3.4319e-316 3.4319e-316 3.4319e-316 3.4319e-316 
3.43446e-316 3.43446e-316 3.43446e-316 3.43446e-316 
3.43235e-316 3.43235e-316 3.43235e-316 3.43235e-316 
3.35906e-316 3.35906e-316 3.35906e-316 3.35906e-316 
3.41486e-316 3.41486e-316 3.41486e-316 
3.4219e-316 3.4219e-316 3.4219e-316 
3.43423e-316 3.43423e-316 3.43423e-316 
3.42115e-316 3.42115e-316 3.42115e-316 
3.36696e-316 3.36696e-316 3.36696e-316 
3.55339e-316 3.55339e-316 3.55339e-316 
3.387e-316 3.387e-316 3.387e-316 
3.43408e-316 3.43408e-316 3.43408e-316 
3.37452e-316 3.37452e-316 3.37452e-316 
3.41342e-316 3.41342e-316 3.41342e-316 3.41342e-316 
3.37452e-316 3.37452e-316 3.37452e-316 3.37452e-316 
3.55338e-316 3.55338e-316 3.55338e-316 3.55338e-316 
0 0 0 0 
0 0 0 0 
0 0 0 0 
0 0 0 0 
0 0 0 0 
0 0 0 0 
0 0 0 0 0 
0 0 0 0 0 
0 0 0 0 0 
0 0 0 0 0 
3.41524e-316 3.41524e-316 3.41524e-316 3.41524e-316 3.41524e-316 
0 0 0 0 0 
0 0 0 0 0 
0 0 0 0 0 
0 0 0 0 0 
R=6parameters: 
-0.35398 -0.35398 
0.179176 0.179176 
-0.0442159 -0.0442159 
-3.71695 -3.71695 
6.00186 6.00186 
5.03038e+175 5.03038e+175 
3.5936e+246 3.5936e+246 
2.14726e+243 2.14726e+243 
5.97819e-322 5.97819e-322 
2.42092e-322 2.42092e-322 2.42092e-322 
50895.4 50895.4 50895.4 
0.165643 0.165643 0.165643 
-693.524 -693.524 -693.524 
4.94066e-324 4.94066e-324 4.94066e-324 
0 0 0 
1.665e-321 1.665e-321 1.665e-321 
3.35311e-316 3.35311e-316 3.35311e-316 
-5.45659e-52 -5.45659e-52 -5.45659e-52 
3.33951e-316 3.33951e-316 3.33951e-316 3.33951e-316 
3.42715e-316 3.42715e-316 3.42715e-316 3.42715e-316 
3.43065e-316 3.43065e-316 3.43065e-316 3.43065e-316 
3.42188e-316 3.42188e-316 3.42188e-316 3.42188e-316 
3.43445e-316 3.43445e-316 3.43445e-316 3.43445e-316 
3.20565e-316 3.20565e-316 3.20565e-316 3.20565e-316 
3.37452e-316 3.37452e-316 3.37452e-316 3.37452e-316 
3.41525e-316 3.41525e-316 3.41525e-316 3.41525e-316 
0 0 0 0 
0 0 0 
0 0 0 
0 0 0 
0 0 0 
0 0 0 
0 0 0 
0 0 0 
0 0 0 
0 0 0 
0 0 0 0 
0 0 0 0 
0 0 0 0 
3.42718e-316 3.42718e-316 3.42718e-316 3.42718e-316 
3.42111e-316 3.42111e-316 3.42111e-316 3.42111e-316 
0 0 0 0 
0 0 0 0 
0 0 0 0 
0 0 0 0 
0 0 0 0 0 
0 0 0 0 0 
0 0 0 0 0 
0 0 0 0 0 
3.42395e-316 3.42395e-316 3.42395e-316 3.42395e-316 3.42395e-316 
0 0 0 0 0 
0 0 0 0 0 
0 0 0 0 0 
0 0 0 0 0 
R=7parameters: 
-0.314812 -0.314812 
0.198621 0.198621 
-0.00375859 -0.00375859 
2.69722 2.69722 
-9.36423 -9.36423 
5.03038e+175 5.03038e+175 
3.5936e+246 3.5936e+246 
2.14726e+243 2.14726e+243 
5.97819e-322 5.97819e-322 
2.42092e-322 2.42092e-322 2.42092e-322 
1859.84 1859.84 1859.84 
0.181792 0.181792 0.181792 
4.44655 4.44655 4.44655 
2.69722 2.69722 2.69722 
-9.36423 -9.36423 -9.36423 
1.66006e-321 1.66006e-321 1.66006e-321 
3.35311e-316 3.35311e-316 3.35311e-316 
-5.45659e-52 -5.45659e-52 -5.45659e-52 
3.36921e-316 3.36921e-316 3.36921e-316 3.36921e-316 
3.43431e-316 3.43431e-316 3.43431e-316 3.43431e-316 
3.39422e-316 3.39422e-316 3.39422e-316 3.39422e-316 
3.37339e-316 3.37339e-316 3.37339e-316 3.37339e-316 
3.43227e-316 3.43227e-316 3.43227e-316 3.43227e-316 
3.55004e-316 3.55004e-316 3.55004e-316 3.55004e-316 
3.42677e-316 3.42677e-316 3.42677e-316 3.42677e-316 
3.41525e-316 3.41525e-316 3.41525e-316 3.41525e-316 
3.36921e-316 3.36921e-316 3.36921e-316 3.36921e-316 
3.37402e-316 3.37402e-316 3.37402e-316 
3.41925e-316 3.41925e-316 3.41925e-316 
3.20597e-316 3.20597e-316 3.20597e-316 
3.42677e-316 3.42677e-316 3.42677e-316 
3.43557e-316 3.43557e-316 3.43557e-316 
3.34846e-316 3.34846e-316 3.34846e-316 
3.38155e-316 3.38155e-316 3.38155e-316 
3.41614e-316 3.41614e-316 3.41614e-316 
3.43563e-316 3.43563e-316 3.43563e-316 
3.41843e-316 3.41843e-316 3.41843e-316 3.41843e-316 
3.36838e-316 3.36838e-316 3.36838e-316 3.36838e-316 
3.4211e-316 3.4211e-316 3.4211e-316 3.4211e-316 
0 0 0 0 
0 0 0 0 
0 0 0 0 
0 0 0 0 
0 0 0 0 
0 0 0 0 
0 0 0 0 0 
0 0 0 0 0 
0 0 0 0 0 
2.3385e-316 2.3385e-316 2.3385e-316 2.3385e-316 2.3385e-316 
0 0 0 0 0 
0 0 0 0 0 
0 0 0 0 0 
0 0 0 0 0 
0 0 0 0 0 
R=8parameters: 
-0.281634 -0.281634 
0.217307 0.217307 
0.0423891 0.0423891 
-16.7056 -16.7056 
106.489 106.489 
5.03038e+175 5.03038e+175 
3.5936e+246 3.5936e+246 
2.14726e+243 2.14726e+243 
5.97819e-322 5.97819e-322 
2.42092e-322 2.42092e-322 2.42092e-322 
14170.8 14170.8 14170.8 
48648.7 48648.7 48648.7 
-8840.19 -8840.19 -8840.19 
0 0 0 
0 0 0 
1.665e-321 1.665e-321 1.665e-321 
3.54943e-316 3.54943e-316 3.54943e-316 
-5.45659e-52 -5.45659e-52 -5.45659e-52 
3.41612e-316 3.41612e-316 3.41612e-316 3.41612e-316 
3.54945e-316 3.54945e-316 3.54945e-316 3.54945e-316 
3.54938e-316 3.54938e-316 3.54938e-316 3.54938e-316 
3.36836e-316 3.36836e-316 3.36836e-316 3.36836e-316 
3.41612e-316 3.41612e-316 3.41612e-316 3.41612e-316 
3.43563e-316 3.43563e-316 3.43563e-316 3.43563e-316 
3.43065e-316 3.43065e-316 3.43065e-316 3.43065e-316 
3.20597e-316 3.20597e-316 3.20597e-316 3.20597e-316 
3.43227e-316 3.43227e-316 3.43227e-316 3.43227e-316 
3.37453e-316 3.37453e-316 3.37453e-316 
3.43065e-316 3.43065e-316 3.43065e-316 
3.42184e-316 3.42184e-316 3.42184e-316 
2.33849e-316 2.33849e-316 2.33849e-316 
3.38698e-316 3.38698e-316 3.38698e-316 
3.42112e-316 3.42112e-316 3.42112e-316 
3.36312e-316 3.36312e-316 3.36312e-316 
3.42456e-316 3.42456e-316 3.42456e-316 
3.3817e-316 3.3817e-316 3.3817e-316 
3.42718e-316 3.42718e-316 3.42718e-316 3.42718e-316 
0 0 0 0 
0 0 0 0 
0 0 0 0 
0 0 0 0 
3.41617e-316 3.41617e-316 3.41617e-316 3.41617e-316 
0 0 0 0 
0 0 0 0 
3.43445e-316 3.43445e-316 3.43445e-316 3.43445e-316 
0 0 0 0 0 
0 0 0 0 0 
0 0 0 0 0 
0 0 0 0 0 
0 0 0 0 0 
0 0 0 0 0 
0 0 0 0 0 
0 0 0 0 0 
0 0 0 0 0 
R=9parameters: 
-0.258606 -0.258606 
0.233618 0.233618 
-0.000927415 -0.000927415 
0.734237 0.734237 
-0.545231 -0.545231 
5.03038e+175 5.03038e+175 
3.5936e+246 3.5936e+246 
2.14726e+243 2.14726e+243 
5.97819e-322 5.97819e-322 
2.42092e-322 2.42092e-322 2.42092e-322 
188148 188148 188148 
-5.45659e-52 -5.45659e-52 -5.45659e-52 
77.4537 77.4537 77.4537 
0.000244141 0.000244141 0.000244141 
2.37152e-322 2.37152e-322 2.37152e-322 
1.665e-321 1.665e-321 1.665e-321 
3.35657e-316 3.35657e-316 3.35657e-316 
-5.45659e-52 -5.45659e-52 -5.45659e-52 
0 0 0 0 
0 0 0 0 
0 0 0 0 
0 0 0 0 
0 0 0 0 
0 0 0 0 
0 0 0 0 
0 0 0 0 
0 0 0 0 
0 0 0 
0 0 0 
0 0 0 
0 0 0 
0 0 0 
0 0 0 
0 0 0 
0 0 0 
0 0 0 
0 0 0 0 
0 0 0 0 
0 0 0 0 
0 0 0 0 
0 0 0 0 
0 0 0 0 
0 0 0 0 
0 0 0 0 
0 0 0 0 
0 0 0 0 0 
0 0 0 0 0 
0 0 0 0 0 
0 0 0 0 0 
0 0 0 0 0 
0 0 0 0 0 
0 0 0 0 0 
0 0 0 0 0 
0 0 0 0 0 
R=10parameters: 
-0.244943 -0.244943 
0.243985 0.243985 
-0.000869673 -0.000869673 
0.790664 0.790664 
-0.594898 -0.594898 
5.03038e+175 5.03038e+175 
3.5936e+246 3.5936e+246 
2.14726e+243 2.14726e+243 
5.97819e-322 5.97819e-322 
2.42092e-322 2.42092e-322 2.42092e-322 
3.54943e-316 3.54943e-316 3.54943e-316 
0.186508 0.186508 0.186508 
0.000120773 0.000120773 0.000120773 
4.94066e-324 4.94066e-324 4.94066e-324 
0 0 0 
1.665e-321 1.665e-321 1.665e-321 
3.35657e-316 3.35657e-316 3.35657e-316 
-5.45659e-52 -5.45659e-52 -5.45659e-52 
0 0 0 0 
0 0 0 0 
0 0 0 0 
0 0 0 0 
0 0 0 0 
0 0 0 0 
0 0 0 0 
0 0 0 0 
0 0 0 0 
0 0 0 
0 0 0 
0 0 0 
0 0 0 
0 0 0 
0 0 0 
0 0 0 
0 0 0 
0 0 0 
0 0 0 0 
0 0 0 0 
0 0 0 0 
0 0 0 0 
0 0 0 0 
0 0 0 0 
0 0 0 0 
0 0 0 0 
0 0 0 0 
0 0 0 0 0 
0 0 0 0 0 
0 0 0 0 0 
0 0 0 0 0 
3.37334e-316 3.37334e-316 3.37334e-316 3.37334e-316 3.37334e-316 
0 0 0 0 0 
0 0 0 0 0 
0 0 0 0 0 
0 0 0 0 0 
R=11parameters: 
-0.240679 -0.240679 
0.248019 0.248019 
0.502814 0.502814 
1.19779 1.19779 
-11.9519 -11.9519 
5.03038e+175 5.03038e+175 
3.5936e+246 3.5936e+246 
2.14726e+243 2.14726e+243 
5.97819e-322 5.97819e-322 
2.42092e-322 2.42092e-322 2.42092e-322 
1.061e-313 1.061e-313 1.061e-313 
-10320.1 -10320.1 -10320.1 
-711.582 -711.582 -711.582 
0 0 0 
2.37152e-322 2.37152e-322 2.37152e-322 
1.665e-321 1.665e-321 1.665e-321 
3.35311e-316 3.35311e-316 3.35311e-316 
-5.45659e-52 -5.45659e-52 -5.45659e-52 
3.43585e-316 3.43585e-316 3.43585e-316 3.43585e-316 
3.37402e-316 3.37402e-316 3.37402e-316 3.37402e-316 
3.55004e-316 3.55004e-316 3.55004e-316 3.55004e-316 
3.37494e-316 3.37494e-316 3.37494e-316 3.37494e-316 
3.43585e-316 3.43585e-316 3.43585e-316 3.43585e-316 
3.43207e-316 3.43207e-316 3.43207e-316 3.43207e-316 
3.39422e-316 3.39422e-316 3.39422e-316 3.39422e-316 
0 0 0 0 
0 0 0 0 
0 0 0 
0 0 0 
0 0 0 
0 0 0 
0 0 0 
0 0 0 
0 0 0 
0 0 0 
0 0 0 
3.42112e-316 3.42112e-316 3.42112e-316 3.42112e-316 
3.4118e-316 3.4118e-316 3.4118e-316 3.4118e-316 
3.36922e-316 3.36922e-316 3.36922e-316 3.36922e-316 
0 0 0 0 
0 0 0 0 
0 0 0 0 
0 0 0 0 
0 0 0 0 
0 0 0 0 
0 0 0 0 0 
0 0 0 0 0 
0 0 0 0 0 
0 0 0 0 0 
0 0 0 0 0 
0 0 0 0 0 
0 0 0 0 0 
0 0 0 0 0 
0 0 0 0 0 
T Models:
(* Fitting with shape 1 1 1 1 1 1 1 1 1 1 0 0 *)
G[T_,xx_]:=Exp[0+xx[[1]]*T^1+xx[[2]]*T^2]*(1)
(* Fitting with shape 1 1 1 1 1 1 1 1 1 1 1 0 *)
G[T_,xx_]:=Exp[0+xx[[1]]*T^1+xx[[2]]*T^2]*(1)
(* Fitting with shape 1 1 1 1 1 1 1 1 1 1 1 1 *)
G[T_,xx_]:=Exp[0+xx[[1]]*T^1+xx[[2]]*T^2]*(1)
(* Fitting with shape 0 1 1 1 1 1 1 1 1 1 0 0 *)
G[T_,xx_]:=Exp[0+xx[[1]]*T^1+xx[[2]]*T^2]*(1)
(* Fitting with shape 0 1 1 1 1 1 1 1 1 1 1 0 *)
G[T_,xx_]:=Exp[0+xx[[1]]*T^1+xx[[2]]*T^2]*(1)
(* Fitting with shape 0 1 1 1 1 1 1 1 1 1 1 1 *)
G[T_,xx_]:=Exp[0+xx[[1]]*T^1+xx[[2]]*T^2]*(1)
(* Fitting with shape 0 0 1 1 1 1 1 1 1 1 0 0 *)
G[T_,xx_]:=Exp[0+xx[[1]]*T^1+xx[[2]]*T^2]*(1)
(* Fitting with shape 0 0 1 1 1 1 1 1 1 1 1 0 *)
G[T_,xx_]:=Exp[0+xx[[1]]*T^1+xx[[2]]*T^2]*(1)
(* Fitting with shape 0 0 1 1 1 1 1 1 1 1 1 1 *)
G[T_,xx_]:=Exp[0+xx[[1]]*T^1+xx[[2]]*T^2]*(1)
(* Fitting with shape 1 1 1 1 1 1 1 1 1 1 0 0 *)
G[T_,xx_]:=Exp[0+xx[[1]]*T^1+xx[[2]]*T^2]*(1+xx[[3]]/(T^1))
(* Fitting with shape 1 1 1 1 1 1 1 1 1 1 1 0 *)
G[T_,xx_]:=Exp[0+xx[[1]]*T^1+xx[[2]]*T^2]*(1+xx[[3]]/(T^1))
(* Fitting with shape 1 1 1 1 1 1 1 1 1 1 1 1 *)
G[T_,xx_]:=Exp[0+xx[[1]]*T^1+xx[[2]]*T^2]*(1+xx[[3]]/(T^1))
(* Fitting with shape 0 1 1 1 1 1 1 1 1 1 0 0 *)
G[T_,xx_]:=Exp[0+xx[[1]]*T^1+xx[[2]]*T^2]*(1+xx[[3]]/(T^1))
(* Fitting with shape 0 1 1 1 1 1 1 1 1 1 1 0 *)
G[T_,xx_]:=Exp[0+xx[[1]]*T^1+xx[[2]]*T^2]*(1+xx[[3]]/(T^1))
(* Fitting with shape 0 1 1 1 1 1 1 1 1 1 1 1 *)
G[T_,xx_]:=Exp[0+xx[[1]]*T^1+xx[[2]]*T^2]*(1+xx[[3]]/(T^1))
(* Fitting with shape 0 0 1 1 1 1 1 1 1 1 0 0 *)
G[T_,xx_]:=Exp[0+xx[[1]]*T^1+xx[[2]]*T^2]*(1+xx[[3]]/(T^1))
(* Fitting with shape 0 0 1 1 1 1 1 1 1 1 1 0 *)
G[T_,xx_]:=Exp[0+xx[[1]]*T^1+xx[[2]]*T^2]*(1+xx[[3]]/(T^1))
(* Fitting with shape 0 0 1 1 1 1 1 1 1 1 1 1 *)
G[T_,xx_]:=Exp[0+xx[[1]]*T^1+xx[[2]]*T^2]*(1+xx[[3]]/(T^1))
(* Fitting with shape 1 1 1 1 1 1 1 1 1 1 0 0 *)
G[T_,xx_]:=Exp[0+xx[[1]]*T^1+xx[[2]]*T^2]*(1+xx[[3]]/(T^1)+xx[[4]]/(T^2))
(* Fitting with shape 1 1 1 1 1 1 1 1 1 1 1 0 *)
G[T_,xx_]:=Exp[0+xx[[1]]*T^1+xx[[2]]*T^2]*(1+xx[[3]]/(T^1)+xx[[4]]/(T^2))
(* Fitting with shape 1 1 1 1 1 1 1 1 1 1 1 1 *)
G[T_,xx_]:=Exp[0+xx[[1]]*T^1+xx[[2]]*T^2]*(1+xx[[3]]/(T^1)+xx[[4]]/(T^2))
(* Fitting with shape 0 1 1 1 1 1 1 1 1 1 0 0 *)
G[T_,xx_]:=Exp[0+xx[[1]]*T^1+xx[[2]]*T^2]*(1+xx[[3]]/(T^1)+xx[[4]]/(T^2))
(* Fitting with shape 0 1 1 1 1 1 1 1 1 1 1 0 *)
G[T_,xx_]:=Exp[0+xx[[1]]*T^1+xx[[2]]*T^2]*(1+xx[[3]]/(T^1)+xx[[4]]/(T^2))
(* Fitting with shape 0 1 1 1 1 1 1 1 1 1 1 1 *)
G[T_,xx_]:=Exp[0+xx[[1]]*T^1+xx[[2]]*T^2]*(1+xx[[3]]/(T^1)+xx[[4]]/(T^2))
(* Fitting with shape 0 0 1 1 1 1 1 1 1 1 0 0 *)
G[T_,xx_]:=Exp[0+xx[[1]]*T^1+xx[[2]]*T^2]*(1+xx[[3]]/(T^1)+xx[[4]]/(T^2))
(* Fitting with shape 0 0 1 1 1 1 1 1 1 1 1 0 *)
G[T_,xx_]:=Exp[0+xx[[1]]*T^1+xx[[2]]*T^2]*(1+xx[[3]]/(T^1)+xx[[4]]/(T^2))
(* Fitting with shape 0 0 1 1 1 1 1 1 1 1 1 1 *)
G[T_,xx_]:=Exp[0+xx[[1]]*T^1+xx[[2]]*T^2]*(1+xx[[3]]/(T^1)+xx[[4]]/(T^2))
(* Fitting with shape 1 1 1 1 1 1 1 1 1 1 0 0 *)
G[T_,xx_]:=Exp[0+xx[[1]]*T^1+xx[[2]]*T^2+xx[[3]]*T^3]*(1)
(* Fitting with shape 1 1 1 1 1 1 1 1 1 1 1 0 *)
G[T_,xx_]:=Exp[0+xx[[1]]*T^1+xx[[2]]*T^2+xx[[3]]*T^3]*(1)
(* Fitting with shape 1 1 1 1 1 1 1 1 1 1 1 1 *)
G[T_,xx_]:=Exp[0+xx[[1]]*T^1+xx[[2]]*T^2+xx[[3]]*T^3]*(1)
(* Fitting with shape 0 1 1 1 1 1 1 1 1 1 0 0 *)
G[T_,xx_]:=Exp[0+xx[[1]]*T^1+xx[[2]]*T^2+xx[[3]]*T^3]*(1)
(* Fitting with shape 0 1 1 1 1 1 1 1 1 1 1 0 *)
G[T_,xx_]:=Exp[0+xx[[1]]*T^1+xx[[2]]*T^2+xx[[3]]*T^3]*(1)
(* Fitting with shape 0 1 1 1 1 1 1 1 1 1 1 1 *)
G[T_,xx_]:=Exp[0+xx[[1]]*T^1+xx[[2]]*T^2+xx[[3]]*T^3]*(1)
(* Fitting with shape 0 0 1 1 1 1 1 1 1 1 0 0 *)
G[T_,xx_]:=Exp[0+xx[[1]]*T^1+xx[[2]]*T^2+xx[[3]]*T^3]*(1)
(* Fitting with shape 0 0 1 1 1 1 1 1 1 1 1 0 *)
G[T_,xx_]:=Exp[0+xx[[1]]*T^1+xx[[2]]*T^2+xx[[3]]*T^3]*(1)
(* Fitting with shape 0 0 1 1 1 1 1 1 1 1 1 1 *)
G[T_,xx_]:=Exp[0+xx[[1]]*T^1+xx[[2]]*T^2+xx[[3]]*T^3]*(1)
(* Fitting with shape 1 1 1 1 1 1 1 1 1 1 0 0 *)
G[T_,xx_]:=Exp[0+xx[[1]]*T^1+xx[[2]]*T^2+xx[[3]]*T^3]*(1+xx[[4]]/(T^1))
(* Fitting with shape 1 1 1 1 1 1 1 1 1 1 1 0 *)
G[T_,xx_]:=Exp[0+xx[[1]]*T^1+xx[[2]]*T^2+xx[[3]]*T^3]*(1+xx[[4]]/(T^1))
(* Fitting with shape 1 1 1 1 1 1 1 1 1 1 1 1 *)
G[T_,xx_]:=Exp[0+xx[[1]]*T^1+xx[[2]]*T^2+xx[[3]]*T^3]*(1+xx[[4]]/(T^1))
(* Fitting with shape 0 1 1 1 1 1 1 1 1 1 0 0 *)
G[T_,xx_]:=Exp[0+xx[[1]]*T^1+xx[[2]]*T^2+xx[[3]]*T^3]*(1+xx[[4]]/(T^1))
(* Fitting with shape 0 1 1 1 1 1 1 1 1 1 1 0 *)
G[T_,xx_]:=Exp[0+xx[[1]]*T^1+xx[[2]]*T^2+xx[[3]]*T^3]*(1+xx[[4]]/(T^1))
(* Fitting with shape 0 1 1 1 1 1 1 1 1 1 1 1 *)
G[T_,xx_]:=Exp[0+xx[[1]]*T^1+xx[[2]]*T^2+xx[[3]]*T^3]*(1+xx[[4]]/(T^1))
(* Fitting with shape 0 0 1 1 1 1 1 1 1 1 0 0 *)
G[T_,xx_]:=Exp[0+xx[[1]]*T^1+xx[[2]]*T^2+xx[[3]]*T^3]*(1+xx[[4]]/(T^1))
(* Fitting with shape 0 0 1 1 1 1 1 1 1 1 1 0 *)
G[T_,xx_]:=Exp[0+xx[[1]]*T^1+xx[[2]]*T^2+xx[[3]]*T^3]*(1+xx[[4]]/(T^1))
(* Fitting with shape 0 0 1 1 1 1 1 1 1 1 1 1 *)
G[T_,xx_]:=Exp[0+xx[[1]]*T^1+xx[[2]]*T^2+xx[[3]]*T^3]*(1+xx[[4]]/(T^1))
(* Fitting with shape 1 1 1 1 1 1 1 1 1 1 0 0 *)
G[T_,xx_]:=Exp[0+xx[[1]]*T^1+xx[[2]]*T^2+xx[[3]]*T^3]*(1+xx[[4]]/(T^1)+xx[[5]]/(T^2))
(* Fitting with shape 1 1 1 1 1 1 1 1 1 1 1 0 *)
G[T_,xx_]:=Exp[0+xx[[1]]*T^1+xx[[2]]*T^2+xx[[3]]*T^3]*(1+xx[[4]]/(T^1)+xx[[5]]/(T^2))
(* Fitting with shape 1 1 1 1 1 1 1 1 1 1 1 1 *)
G[T_,xx_]:=Exp[0+xx[[1]]*T^1+xx[[2]]*T^2+xx[[3]]*T^3]*(1+xx[[4]]/(T^1)+xx[[5]]/(T^2))
(* Fitting with shape 0 1 1 1 1 1 1 1 1 1 0 0 *)
G[T_,xx_]:=Exp[0+xx[[1]]*T^1+xx[[2]]*T^2+xx[[3]]*T^3]*(1+xx[[4]]/(T^1)+xx[[5]]/(T^2))
(* Fitting with shape 0 1 1 1 1 1 1 1 1 1 1 0 *)
G[T_,xx_]:=Exp[0+xx[[1]]*T^1+xx[[2]]*T^2+xx[[3]]*T^3]*(1+xx[[4]]/(T^1)+xx[[5]]/(T^2))
(* Fitting with shape 0 1 1 1 1 1 1 1 1 1 1 1 *)
G[T_,xx_]:=Exp[0+xx[[1]]*T^1+xx[[2]]*T^2+xx[[3]]*T^3]*(1+xx[[4]]/(T^1)+xx[[5]]/(T^2))
(* Fitting with shape 0 0 1 1 1 1 1 1 1 1 0 0 *)
G[T_,xx_]:=Exp[0+xx[[1]]*T^1+xx[[2]]*T^2+xx[[3]]*T^3]*(1+xx[[4]]/(T^1)+xx[[5]]/(T^2))
(* Fitting with shape 0 0 1 1 1 1 1 1 1 1 1 0 *)
G[T_,xx_]:=Exp[0+xx[[1]]*T^1+xx[[2]]*T^2+xx[[3]]*T^3]*(1+xx[[4]]/(T^1)+xx[[5]]/(T^2))
(* Fitting with shape 0 0 1 1 1 1 1 1 1 1 1 1 *)
G[T_,xx_]:=Exp[0+xx[[1]]*T^1+xx[[2]]*T^2+xx[[3]]*T^3]*(1+xx[[4]]/(T^1)+xx[[5]]/(T^2))
Probabilities: 
        0         0         0         0         0         0         0         0         0         0         0         0         0         0         0         0         0         0         0         0         0         0         0         0         1         0         0         0         0         0         0         0         0         0         0         0         0         0         0         0         0         0         0         0         0         0         0         0         0         0         0         0         0         0
        0         0         0         0         0         0         0         0         0         0         0         0         0         0         0         0         0         0         0         0         0         0         0         0  0.664908         0         0         0         0         0         0         0         0         0         0         0         0         0         0         0         0         0         0         0         0         0         0         0         0         0         0  0.335092         0         0
        0         0         0         0         0         0         0         0         0         0         0         0         0         0         0         0         0         0         0         0         0         0         0         0  0.700311         0         0         0         0         0         0         0         0         0         0         0         0         0         0         0         0         0         0         0         0         0         0         0         0         0         0  0.299689         0         0
        0         0         0         0         0         0         0         0         0         0         0         0         0         0         0         0         0         0         0         0         0         0         0         0         1         0         0         0         0         0         0         0         0         0         0         0         0         0         0         0         0         0         0         0         0         0         0         0         0         0         0         0         0         0
        0         0         0         0         0         0         0         0         0         0         0         0         0         0         0         0         0         0         0         0         0         0         0         0         0         0         0         0         0         0         0         0         0         0         0         0         0         0         0         0         0         0         1         0         0         0         0         0         0         0         0         0         0         0
        0         0         0         0         0         0         0         0         0         0         0         0         0         0         0         0         0         0         0         0         0         0         0         0         0  0.140026         0         0         0         0         0         0         0         0         0         0         0         0         0         0         0         0         0  0.504367         0         0         0         0         0         0         0         0  0.355607         0
        0         0         0         0         0         0         0         0         0         0         0         0         0         0         0         0         0         0         0         0         0         0         0         0         0         0         0         0         0         0         0         0         0         0         0         0         0         0         0         0         0         0         1         0         0         0         0         0         0         0         0         0         0         0
        0         0         0         0         0         0         0         0         0         0         0         0         0         0         0         0         0         0         0         0         0         0         0         0         0         0         0         0         0         0         0         0         0         0         0         0         0         0         0         0         0         0         0         0         0         0         0         0         0         0         0         1         0         0
        0         0         0         0         0         0         0         0         0         0         0         0         0         0         0         0         0         0         0         0         0         0         0         0         0         0         0         0         0         0         0         0         0         0         0         0         0         0         0         0         0         0         1         0         0         0         0         0         0         0         0         0         0         0
        0         0         0         0         0         0         0         0         0         0         0         0         0         0         0 0.0145214         0         0         0         0         0         0         0         0  0.985479         0         0         0         0         0         0         0         0         0         0         0         0         0         0         0         0         0         0         0         0         0         0         0         0         0         0         0         0         0
        0         0         0         0         0         0         0         0         0         0         0         0         0         0         0         0         0         0         0         0         0         0         0         0         0         0         0         0         0         0         0         0         0         0         0         0         0         0         0         0         0         0  0.662972         0         0         0         0         0         0         0         0  0.337028         0         0
        0         0         0         0         0         0         0         0         0         0         0         0         0         0         0 0.0787882         0         0         0         0         0         0         0         0  0.673275         0         0         0         0         0         0         0         0         0         0         0         0         0         0         0         0         0         0         0         0         0         0         0         0         0         0  0.247937         0         0

Values: 
 0.0585047  0.0585182  0.0585101  0.0582995   0.399932  0.0583097  0.0580024   0.590537  0.0579948  0.0577004  0.0577012  0.0576942  0.0572626  0.0572427  0.0572356  0.0571077  0.0570857  0.0570776  0.0570393  0.0570162  0.0570088  0.0568504  0.0568251  0.0568166  0.0567483  0.0567155  0.0567107    1.00712    1.00888  0.0605361    1.17976  0.0602086    1.15257     1.2395     1.0045   0.995439  0.0594212  0.0762718   0.922837  0.0586261  0.0584559   0.870266    -1.8979   0.991631    1.80794          1          1          1   0.757143    1.11696    1.28579    0.75961   0.789336   -2.86876
 0.0881629  0.0878952  0.0878203   0.087653  0.0873771  0.0873113   0.529856  0.0866245   0.130366  0.0862082  0.0859766  0.0859122  0.0851433   0.126628  0.0848663  0.0848031  0.0846264   0.345798  0.0968729  0.0811925  0.0843945  0.0842019  0.0840771  0.0840333  0.0839704   0.083841  0.0838184    1.16202    1.16205   0.923905    1.17573    1.12139          1    1.31142    1.06832    1.06966   0.878799   0.877007   0.974287  0.0888038   0.736323     1.0815  0.0874737   0.695128   0.707838  0.0874929  0.0872294  0.0867476   0.833506    1.11587   0.871013  0.0846093  0.0853113  0.0847916
   0.10855   0.108004   0.107686   0.107584   0.107069   0.106773   0.106223   0.105702   0.389646   0.105071   0.104637   0.104366   0.815928    0.82022    0.10252   0.102535   0.199003   0.101983    0.14866   0.101897   0.101673   0.101381   0.101129   0.510309    0.10091   0.166374   0.100541     1.1578    1.15753    1.12091    1.08798    1.08756    1.08484    1.16288    1.09537    1.05874   0.992284   0.989594   0.111398     1.1963   0.676396    1.42904    1.41791   0.567104      1.067   0.107772   0.107328   0.868135   0.104351   0.104801    1.02502   0.102054     1.3812    1.15594
   0.12651   0.125402   0.125003   0.124744   0.123792   0.193362   0.122728   0.123364   0.171658   0.121041   0.120257   0.119865   0.118501   0.117552   0.201678    0.11719   0.116612   0.116245  0.0813678   0.116168   0.115791   0.819232   0.344424   0.114573   0.114529   0.113991   0.446867    1.16877    1.16727    1.15518    1.21669    1.20738     1.2048    1.03623    1.19403    1.15531     1.0219    1.02772   0.131132   0.129133    1.00229   0.919762    0.65577    1.24288   0.928109   0.125739   0.125112   0.886054   -1.20731   0.121114    1.38209    1.13892   0.119636   0.118595
  0.144513   0.142794   0.142361   0.151877   0.140157   0.139695   0.193084   0.184502   0.136971   0.136542   0.135351   0.134842    0.21804   0.201327   0.268502   0.337271   0.335128     0.1297   0.160951   0.114582   0.129093   0.875877    0.87185   0.127153   0.881091   0.188567   0.125791   0.168568    1.26526   0.164166    1.19943    1.18416   0.158551    1.30758     1.0033    1.03729   0.971582   0.971865   0.369757   0.148272   0.194291    0.72704   0.143004    1.39296   0.141486   0.221944   0.876551   0.889117   0.135945   0.137429   0.136355 -0.0494842    1.05664    1.53568
  0.162959   0.160761   0.160247   0.158677   0.156783   0.156187    0.18127   0.153444   0.152745   0.152234   0.150648   0.149942   0.147222   0.145877   0.160418   0.266914   0.143858   0.233175    0.14436   0.143175   0.465714    0.18201   0.188732   0.139528   0.313678   0.138072   0.487202    1.15027    1.14927    1.13399    1.08821    1.08825    1.22683    1.31533    1.31316    1.31614   0.166549   0.252159    1.00045    1.18119   0.879712    1.18169    1.33304   0.161297   0.933577   0.831861   0.876082   0.868821    1.68954   0.775627    0.15311    1.06527   0.153338    1.32423
  0.181894   0.179176   0.178785   0.176132   0.173816   0.225684   0.204236   0.169851   0.169155   0.168362   0.166423   0.165643   0.888345   0.824369   0.475342   0.159279   0.157865   0.156888   0.158626   0.157175   0.156142   0.154511   0.153221   0.207153   0.620671   0.623349   0.149423    1.04272    1.03876    1.03056     1.2838    1.25095    1.19879   0.987398    1.28733   0.987404   0.972242   0.972365   0.972248   0.896732   0.808321    1.03872   0.179462   0.179808  -0.361529   0.889433   0.892809   0.892889   0.168868   0.530258    1.12712   0.638238   0.170731   0.284797
  0.201221   0.198621   0.198679   0.193671   0.586361   0.677007   0.188893   0.186684   0.186071    0.18463    0.18261   0.181803   0.250429    0.17575   0.210137   0.310412   0.292762   0.171148   0.173249   0.171699   0.170448   0.257766   0.273416   0.298228   0.459698   0.470162   0.162019    1.17025    1.16592    1.17581    1.10707    1.10451    1.10388    1.33156    1.32404    1.32278   0.216815   0.215195     1.0019   0.115942   0.205609    1.28279    3.49775   0.197703   0.853065   0.892871   0.893474   0.893124    1.06541    1.06617   0.877958   0.177399   0.187716  -0.761794
  0.219639   0.217307   0.217868    0.21025   0.226341   0.208039   0.251353   0.287104   0.240865   0.200191   0.198201   0.197659   0.214564   0.190552    0.25132   0.120235   0.397762    0.12068   0.187628   0.186088   0.184935   0.305528   0.180526   0.179294   0.246244   0.176791   0.175341    1.15939    1.15931    1.16005    1.08372    1.08395    1.08371    1.11087    1.10089    1.11223   0.234379   0.232887   0.229711   0.907607   0.222689   0.941594    0.21301    1.22979    1.08465   0.216627   0.849682   0.213347    1.18802   0.203596    1.14032    1.31604   0.202753   0.201685
  0.235176   0.233618   0.234588   0.575267   0.748339    0.22304   0.682287   0.216793   0.291674   0.213684   0.211994   0.211783   0.205215   0.203754   0.203054   0.200747   0.199511   0.198631   0.200407    0.19909   0.198179   0.288998   0.193253    0.19217   0.191477   0.189753   0.188311   0.270912    1.15279    1.16785    1.12349    1.25869    1.21944     1.0275    1.33337    1.05273   0.949943   0.949212   0.948785   0.737344   0.550325   0.233052   0.802658    0.22548   0.224239   0.892752   0.892715   0.892765   0.210591    1.14248   0.214194   0.854561   0.758824   0.212827
  0.245263   0.243985   0.245043   0.233824    0.23225   0.232817   0.285467   0.275507   0.226419   0.222882   0.221281   0.221277   0.214226   0.212827   0.212314   0.447696   0.208516   0.207818   0.209405   0.208152   0.207423   0.203478   0.202401   0.413399   0.928264   0.199334   0.197949    1.26175    1.24708   0.744449    1.11084    1.11921     1.1134   0.262273    1.30495    1.26083   0.960096   0.960299   0.955091   0.245474    1.05308   0.241598   0.232237   0.232799   0.232153   0.928336   0.558316   0.927079    0.21579   0.915994   0.221692   0.202258  0.0875755   0.747459
  0.249018   0.248019   0.249076   0.237232    0.27387   0.236363   0.231154   0.229599   0.229878   0.226179    0.22471    0.22467   0.251153   0.241486    0.27048   0.212913   0.211848   0.380925   0.212644   0.211481   0.210781   0.206773   0.205824   0.204989   0.204506   0.202998   0.708825    1.13743    1.00543    1.07708    1.13726      1.298    1.13875   0.996356   0.996719    1.04105   0.259409   0.969514   0.255122   0.929049   0.246869    1.15976    0.97253   0.235031     1.6444   0.240531   0.939953   0.833143   0.851227    1.00778    0.71475   0.202511   0.219104    1.29418

Errors: 
1.20415e-05 1.20579e-05 1.20422e-05 1.20964e-05       1.004 1.20949e-05 1.24429e-05    0.429301 1.24512e-05 1.26446e-05 1.26612e-05   1.264e-05 1.38657e-05  1.3831e-05 1.38236e-05 1.44805e-05 1.44123e-05 1.43946e-05 1.48939e-05 1.47713e-05 1.47419e-05 1.70888e-05 1.68587e-05  1.6529e-05 2.29195e-05 2.07163e-05 1.98419e-05           0           0 1.66743e-05           0 1.78478e-05           0     1.00001      1.0061     1.00048 2.50097e-05 8.79351e-07 9.48118e-06 3.70464e-05 3.17032e-05  0.00239663 0.000216674  6.5411e-06    0.421061  0.00215234  0.00214658  0.00216623 0.000728869    0.421122    0.392409  0.00107679    0.309782     1.00002
3.56649e-05 3.50789e-05 3.49692e-05 3.59374e-05 3.53356e-05 3.50527e-05           0 3.70413e-05           0 3.83068e-05 3.74682e-05 3.71938e-05 4.41247e-05           0 4.16461e-05  4.5977e-05 4.33197e-05           0           0           0 4.59822e-05 5.48777e-05 4.88736e-05 4.82487e-05 7.98148e-05 6.37497e-05 5.79015e-05           0           0           0           0           0           0      1.0001     1.00479     1.00434           0           0           0 0.000139642           0           1 0.000219222           1           1 0.000192913 0.000160238  0.00013142           1 3.85612e-05     1.00001 0.000799874 0.000589305 0.000422781
 7.1885e-05 7.03249e-05 6.95768e-05 7.26898e-05  7.1003e-05 7.01412e-05 7.76231e-05 7.52558e-05           0 7.81234e-05 7.58586e-05 7.45485e-05           0           0 8.51385e-05 9.82228e-05           0 8.80198e-05           0 9.60311e-05   9.212e-05 0.000124992  0.00011114           0 0.000192476           0 0.000127469           0           0           0           0           0           0     1.01177     1.04092     1.02127           0           0 0.000167107     1.00002           1           1           1           1     1.00002 0.000458431 0.000383345 0.000250562 0.000963664 0.000696525   0.0239706  0.00202063 0.000112433 5.16878e-05
0.000121837 0.000116735 0.000116129  0.00012395 0.000118293           0 0.000132231           0           0 0.000133873 0.000127545 0.000125802           0 0.000149734           0  0.00017326 0.000162099 0.000151468           0 0.000165831 0.000158639           0           0 0.000182306 0.000366872 0.000282292           0           0           0           0           0           0           0     1.06316     1.00507     1.00669           0           0 0.000308475 0.000615478           0     1.00085     1.00006           1      1.0214  0.00085566 0.000703176  0.00119018 0.000741498  0.00131244           1 0.000857489  0.00271633  0.00193019
          0           0 0.000183947           0 0.000184738 0.000185478           0           0 0.000195711 0.000215083 0.000200366 0.000198963           0           0           0           0           0 0.000241188           0           0 0.000255436           0           0 0.000302256           0           1 0.000417916 0.000388545           0  0.00033915           0           0 0.000388615     1.00067           0     1.14298           0           0           1  0.00101365     1.00001     1.00003  0.00168076     1.00005 0.000997097  0.00285245  0.00105238  0.00198043  0.00303171   0.0022177  0.00167488  0.00148203     1.00001     1.00004
          0 0.000271791           0           0           0 0.000274412           0 0.000287331 0.000287378 0.000321557 0.000298355 0.000271063 0.000382117 0.000348981           0           0 0.000377289           0 0.000446189 0.000401541           0           0           0 0.000464059     1.00194 0.000802904           0           0           0           0           0           0     1.00086     1.00118     1.00117     1.00169           1           1           0     1.01633     1.00039     1.00001     1.00009  0.00201148     1.02203 0.000760284  0.00166361   0.0014883     1.00001   0.0094265  0.00257593  0.00352162  0.00662867 0.000614685
          0 0.000382197 0.000388369 0.000338995 0.000381515           0           0 0.000398211 0.000401306 0.000445652 0.000413935 0.000411174           0           0           0 0.000594305 0.000540804 0.000519549 0.000631232 0.000566281 0.000540059 0.000854946 0.000749842           0           0           0  0.00102354           0           0           0     1.00041           0           0           0     1.00104     1.21023           0           0           0     1.00008     1.00027           0  0.00357304  0.00291475  0.00362348  0.00343677  0.00382178  0.00393611   0.0065149  0.00779255 0.000771502   0.0119387  0.00915102     1.00001
          0           0           0 0.000550208           0           0 0.000579205  0.00054476 0.000552844 0.000572963 0.000560779 0.000568389           0 0.000665711           0           0           0 0.000716412 0.000856329 0.000769711 0.000721457           0           0           0           0           0  0.00136663           0           0           0           0           0           0     1.00344     1.00271     1.00269  0.00175121  0.00158388           0           1  0.00244424     1.00483           1  0.00392483     1.00403  0.00528123  0.00537013  0.00530948     1.77135 0.000703559 0.000197064   0.0156152   0.0118779   0.0158144
          0           0           0 0.000721408           0 0.000708766           0           0           0 0.000784973 0.000752691 0.000763554           0 0.000852949           0     1.03156     1.04675     1.03866   0.0010964 0.000996955 0.000979337           0  0.00136688  0.00125324           0  0.00234004  0.00194074           0           0           0           0           0           0     1.18536     1.25312     1.18514  0.00217482   0.0020061  0.00173214     1.00032  0.00321336     1.00624  0.00642335     1.00394     1.03979   0.0048635  0.00126105  0.00351684   0.0548084  0.00852527     1.48211 0.000750147   0.0146622   0.0121632
          0           0 0.000921053           0           0           0           0 0.000886902           0 0.000952228 0.000913111 0.000925806  0.00114808  0.00099008  0.00106428  0.00127714  0.00118839  0.00117353  0.00131785  0.00124043  0.00121969           0   0.0016161  0.00154368  0.00336564   0.0029154  0.00241524  0.00138805           0           0           0           0           0    0.394338     1.00469     1.21853           0           0           0     1.00006     1.00163  0.00314701     1.02047   0.0064009  0.00483734   0.0067023  0.00683641  0.00682096   0.0130246 0.000556181  0.00797124   0.0122402      1.0004   0.0144906
          0  0.00102415           0 0.000993018 0.000979549 0.000992909           0           0  0.00102507  0.00106377  0.00103748  0.00105697  0.00127417  0.00120386  0.00121733           0  0.00133725  0.00133501  0.00147967  0.00140114  0.00138567  0.00204132  0.00187349           0           0  0.00340501  0.00288816           0           0           1           0           0           0  0.00236908     1.00463     1.00243           0           0           0  0.00457112     1.00065  0.00356419  0.00838455  0.00720207  0.00558555  0.00482326 3.48577e-05  0.00530166    0.014573   0.0149679  0.00970305   0.0233791     1997.73     1.00022
          0           0           0  0.00103903           0 0.000873667  0.00108795  0.00106322   0.0010813    0.001124  0.00110021  0.00110515           0           0           0  0.00152216  0.00142755           0  0.00149286  0.00145471  0.00136169  0.00211933  0.00187625  0.00187663  0.00381252  0.00333146           0           0           0           0           0     1.00144           0           0           0     1.33735  0.00290964           0  0.00236956           1  0.00431752     1.00078     1.62997  0.00751576     1.00002  0.00653438  0.00267735     2.40527     1.00017  0.00207661   0.0832297   0.0243032   0.0196016     1.00004

Statuses: 
0 0 0 0 3 0 0 3 0 0 0 0 0 0 0 0 0 0 0 0 0 0 0 0 0 0 0 3 3 0 3 0 3 3 3 3 0 3 3 0 0 3 3 3 3 3 3 3 3 3 3 3 3 3
0 0 0 0 0 0 3 0 3 0 0 0 0 3 0 0 0 3 3 3 0 0 0 0 0 0 0 3 3 3 3 3 3 3 3 3 3 3 3 0 3 3 0 3 3 0 0 0 3 3 3 0 0 0
0 0 0 0 0 0 0 0 3 0 0 0 3 3 0 0 3 0 3 0 0 0 0 3 0 3 0 3 3 3 3 3 3 3 3 3 3 3 0 3 3 3 3 3 3 0 0 3 0 0 3 0 3 3
0 0 0 0 0 3 0 3 3 0 0 0 3 0 3 0 0 0 3 0 0 3 3 0 0 0 3 3 3 3 3 3 3 3 3 3 3 3 0 0 3 3 3 3 3 0 0 3 0 0 3 3 0 0
2 2 0 3 0 0 3 3 0 0 0 0 3 3 3 3 3 0 3 3 0 3 3 0 3 3 0 0 3 0 3 3 0 3 3 3 3 3 3 0 3 3 0 3 0 3 3 3 0 0 0 0 3 3
2 0 2 2 2 0 3 0 0 0 0 0 0 0 3 3 0 3 0 0 3 3 3 0 3 0 3 3 3 3 3 3 3 3 3 3 3 3 3 3 3 3 3 0 3 3 3 3 3 3 0 3 0 3
2 0 0 0 0 3 3 0 0 0 0 0 3 3 3 0 0 0 0 0 0 0 0 3 3 3 0 3 3 3 3 3 3 3 3 3 3 3 3 3 3 3 0 0 0 3 3 3 0 3 3 3 0 3
2 2 2 0 3 3 0 0 0 0 0 0 3 0 3 3 3 0 0 0 0 3 3 3 3 3 0 3 3 3 3 3 3 3 3 3 0 0 3 3 0 3 3 0 3 3 3 3 3 3 3 0 0 3
2 2 2 0 3 0 3 3 3 0 0 0 3 0 3 3 3 3 0 0 0 3 0 0 3 0 0 3 3 3 3 3 3 3 3 3 0 0 0 3 0 3 0 3 3 0 3 0 3 0 3 3 0 0
2 2 0 3 3 2 3 0 3 0 0 0 0 0 0 0 0 0 0 0 0 3 0 0 0 0 0 0 3 3 3 3 3 3 3 3 3 3 3 3 3 0 3 0 0 3 3 3 0 3 0 3 3 0
2 0 2 0 0 0 3 3 0 0 0 0 0 0 0 3 0 0 0 0 0 0 0 3 3 0 0 3 3 3 3 3 3 0 3 3 3 3 3 0 3 0 0 0 0 3 3 3 0 3 0 0 3 3
2 2 2 0 3 0 0 0 0 0 0 0 3 3 3 0 0 3 0 0 0 0 0 0 0 0 3 3 3 3 3 3 3 3 3 3 0 3 0 3 0 3 3 0 3 0 3 3 3 3 3 0 0 3
chisq per dof: 
40.2864 37.3746 33.8357 24.6621 90266.5 21.1803 17.8735  125384 15.0116  8.8003 8.76232 7.96291 3.53695 3.50674 3.31771 2.18124 2.24455 2.16804 2.32074  2.2732 2.17514 1.87449 1.78284 1.68473 2.01589 1.82784 1.69061  134765  117784 13.6894  157669 6.17809  119052  187980  158011  135881 2.86294 97078.3  118993 2.07807 1.98593  120235  233992  185281  153596  209003  174183  150486  238426  176265  159541  315604  196215  183386
18.6445 17.9595 16.5425 11.0731 11.3472 10.4062 9880.29  8.8258 899.582 4.53681 4.79278 4.51138 2.45655  1963.4 2.43341 1.83521 1.84897 6892.02 8240.67 6987.58 1.87261 1.82559 1.71953 1.62926 2.00323 1.81269 1.67805 9628.58 8416.74 8624.15 11489.1 9499.14 9351.48 13290.3 11354.9 10007.9 11050.8 9590.27 9152.79 1.90814 9864.15 9987.86  2.0263 8025.67 11578.6 2.04453 1.87738 1.77919 17495.9 12949.4 12132.8 2.66951 2.25501 2.00622
12.3093 12.0385  11.435  7.1558 7.30199 7.03341 5.60731  5.7043 1451.28 3.30139 3.41438 3.37484 2390.35 2050.75 2.08521 1.74291 710.404 1.68596 1663.54 1.80934 1.76326 1.81688 1.70268 1917.93 2.00244 618.461 1.67633 2201.57 1926.54 1751.81 2670.64 2289.53 2088.67 3046.25 2539.88 2249.96 2762.38 2355.68  1.8682 2934.19  2597.8 2154.92 3488.43 2987.37 2475.08 2.02663 1.85894  2428.9 2.25467 2.00436 2350.97 2.66921 3668.69 2793.48
9.01999 9.02104 8.59815  5.3246 5.42774 280.911 4.22761 422.335 359.676 2.74962 2.80306 2.80693 50.2675 1.90671  183.33 1.70023 1.65788 1.62964 476.202 1.75339 1.70947 1001.09  586.84 1.60921 2.00178 1.80877 566.653 774.665 684.077 636.382 895.953 779.562 696.917 1073.55 896.911  779.86 1003.19 867.346 1.73275 1.84187 795.332 839.943 1088.21 911.696 910.629 2.01991 1.85182 890.984 64.0007 2.00384 875.674 1694.83 2.25418 2.00371
6.91866 7.04244 6.76453 7.53509 4.29776 4.23965 208.573 179.974 3.47341 2.40485 2.44111 2.45212 129.292 106.499 125.775 209.448 177.272 1.58018 248.566 189.855 1.66746 448.501 374.625 1.60307  526.19 200.762   1.676 2.25409 320.097 2.44865 407.384  356.31 1.83537 460.697  402.77 349.232 422.792 366.846 142.112 1.82842 83.5984 372.579 2.00775 446.128 1.67514 568.117 465.224 414.097 2.25281 2.00293 1.83637 3.00153 563.954 454.071
5.41626 5.55108 5.37499 3.39562 3.51302 3.50429 109.486 2.88321 2.91082 2.16715 2.19105 2.20743 1.74236 1.70433 5.08762  61.583 1.59282 45.9836 1.75949  1.6845  121.04 20.1398 22.0899 1.59955  140.58 1.80796 122.134 189.961 169.188 163.131 235.502 202.961 177.779 239.036 200.981 173.637 42.0804 88.8083 186.794 238.463 235.774 161.028 285.422 1.80438 211.534 261.001 252.142 214.475 292.787 280.704 1.83608 334.477  2.2532 221.814
4.34976 4.46627 4.34604 2.82573 2.90727 10.8891 30.4719 2.44096 2.46825 1.98135  1.9838 1.99002 112.571 94.2757  64.746 1.64468 1.56864 1.52221 1.73998 1.65885 1.60816 1.80761 1.68374 13.2142  108.79 87.7682 1.67443 102.247 88.0906 90.9378 134.219 119.627 105.672 149.384 116.658  108.07 139.333 121.016 106.503 125.034 141.038  96.347 2.00455 1.80367 119.084 191.223 161.787 139.823 2.25239 161.296 122.593 243.503 2.25317 85.0984
 3.5493 3.62175 3.55253 2.41839 41.4556 40.6743 2.13313 2.11969 2.14566 1.84341  1.8271 1.82923 10.3659 1.58223 5.17039 22.2894 19.4075 1.49726 1.72428 1.63758 1.58306  17.493 17.9043 18.4527 50.5728 41.9966  1.6732 75.0205 68.3539 59.7823  95.475 82.3939 72.6406 91.2391 76.8462 66.8374 1.69992 1.60516 79.5603 5.96717 1.67724 82.3547 109.642 1.80325 78.3214 131.128 110.388 95.3928 128.963 94.3699 62.9944 2.66979 2.25314 29.5693
2.96821 2.99017 2.90063 2.11583 5.09691  2.1066 4.98609 8.11904 8.22247 1.73586 1.70628 1.68841 18.8583 1.53988 4.59777 7.43878 18.2672 6.31062 1.71004 1.61963 1.55954 14.4685 1.67558 1.58387 8.65593 1.80476 1.67196 57.4662 49.9621  43.862 70.1121 60.4259 53.1752 70.7564 59.2185 51.0674 1.69139 1.59575 1.53055 82.8305 1.67513 53.0139 2.00382 65.9238 59.3621 2.00589 70.6095 1.71949 77.6831 2.00259 50.0822  98.847 2.25323 2.00259
2.53576 2.52255 2.42874  23.571 24.9013 1.85164 29.9736 1.72185 9.67966 1.66093 1.61894 1.58671 1.57857 1.50913 1.46695 1.61682 1.52144  1.4587 1.69968 1.60612 1.54146 7.81616 1.67245 1.57952 2.00278 1.80359 1.67058 1.55953 38.2747 35.6447 55.8833 41.4329 39.7487 56.2725 43.5688  40.534  51.715  44.528 39.0196 61.1061 53.9716 1.57969  68.673 1.80302 1.66928 80.8091 67.7659 58.3305  2.2529 52.3613 1.83543 90.0727 30.7539 2.00251
2.29084 2.26852  2.1776 1.77895 1.76101 1.71623  11.593 10.1584 1.59515 1.61424 1.56926 1.53168 1.56279 1.49222 1.44539 12.9932 1.51561 1.45001 1.69298 1.59865 1.53138 1.80317 1.67117  11.773  45.551 1.80342 1.67025 42.9065 37.8432 19.2816 49.1575 42.3343  37.159 1.62238 37.7195 31.5775  51.899 44.8449 35.8051 1.80785 34.3023 1.57883 2.00396 1.80319 1.66935 77.9108 35.3503 56.0677 2.25307 45.2164 1.83565 2.67044 2.26849 47.8798
2.21265 2.18202 2.09677 1.73922 6.00691 1.66945 1.65286 1.60509 1.56624 1.59952 1.55224 1.51246 13.0234 7.03694 4.93453 1.61109 1.51353 6.84553 1.69101 1.59624 1.52819 1.80302 1.67056 1.57646 2.00286 1.80312 22.4355 36.8731 30.7864 25.7684 47.4312 38.1641 35.8869 46.9501 39.2968 33.8306 1.68355  39.987 1.51901 21.7196 1.67382 28.0722 58.6863 1.80324   25.99 2.00557  63.339 33.2186  68.543 41.4778 26.2138 2.67048 2.25339 36.5585
Mode averaged potential and errors: 
  0.0567483 2.29195e-05
  0.0841845 0.000556408
   0.101253  0.00123465
   0.114529 0.000366872
   0.143004  0.00168076
   0.155214  0.00887798
   0.179462  0.00357304
   0.177399   0.0156152
    0.21301  0.00642335
   0.191612  0.00352369
   0.222133   0.0207757
   0.204674   0.0127647
R Models:
(* Fitting with shape 1 1 1 1 1 1 1 1 0 0 0 0 *)
G[R_,xx_]:=xx[[0]] + xx[[1]]/R | xx[[2]]*R
(* Fitting with shape 1 1 1 1 1 1 1 1 1 0 0 0 *)
G[R_,xx_]:=xx[[0]] + xx[[1]]/R | xx[[2]]*R
(* Fitting with shape 1 1 1 1 1 1 1 1 1 1 0 0 *)
G[R_,xx_]:=xx[[0]] + xx[[1]]/R | xx[[2]]*R
(* Fitting with shape 1 1 1 1 1 1 1 1 1 1 1 0 *)
G[R_,xx_]:=xx[[0]] + xx[[1]]/R | xx[[2]]*R
(* Fitting with shape 1 1 1 1 1 1 1 1 1 1 1 1 *)
G[R_,xx_]:=xx[[0]] + xx[[1]]/R | xx[[2]]*R
(* Fitting with shape 0 1 1 1 1 1 1 1 0 0 0 0 *)
G[R_,xx_]:=xx[[0]] + xx[[1]]/R | xx[[2]]*R
(* Fitting with shape 0 1 1 1 1 1 1 1 1 0 0 0 *)
G[R_,xx_]:=xx[[0]] + xx[[1]]/R | xx[[2]]*R
(* Fitting with shape 0 1 1 1 1 1 1 1 1 1 0 0 *)
G[R_,xx_]:=xx[[0]] + xx[[1]]/R | xx[[2]]*R
(* Fitting with shape 0 1 1 1 1 1 1 1 1 1 1 0 *)
G[R_,xx_]:=xx[[0]] + xx[[1]]/R | xx[[2]]*R
(* Fitting with shape 0 1 1 1 1 1 1 1 1 1 1 1 *)
G[R_,xx_]:=xx[[0]] + xx[[1]]/R | xx[[2]]*R
(* Fitting with shape 0 0 1 1 1 1 1 1 0 0 0 0 *)
G[R_,xx_]:=xx[[0]] + xx[[1]]/R | xx[[2]]*R
(* Fitting with shape 0 0 1 1 1 1 1 1 1 0 0 0 *)
G[R_,xx_]:=xx[[0]] + xx[[1]]/R | xx[[2]]*R
(* Fitting with shape 0 0 1 1 1 1 1 1 1 1 0 0 *)
G[R_,xx_]:=xx[[0]] + xx[[1]]/R | xx[[2]]*R
(* Fitting with shape 0 0 1 1 1 1 1 1 1 1 1 0 *)
G[R_,xx_]:=xx[[0]] + xx[[1]]/R | xx[[2]]*R
(* Fitting with shape 0 0 1 1 1 1 1 1 1 1 1 1 *)
G[R_,xx_]:=xx[[0]] + xx[[1]]/R | xx[[2]]*R
(* Fitting with shape 0 0 0 1 1 1 1 1 0 0 0 0 *)
G[R_,xx_]:=xx[[0]] + xx[[1]]/R | xx[[2]]*R
(* Fitting with shape 0 0 0 1 1 1 1 1 1 0 0 0 *)
G[R_,xx_]:=xx[[0]] + xx[[1]]/R | xx[[2]]*R
(* Fitting with shape 0 0 0 1 1 1 1 1 1 1 0 0 *)
G[R_,xx_]:=xx[[0]] + xx[[1]]/R | xx[[2]]*R
(* Fitting with shape 0 0 0 1 1 1 1 1 1 1 1 0 *)
G[R_,xx_]:=xx[[0]] + xx[[1]]/R | xx[[2]]*R
(* Fitting with shape 0 0 0 1 1 1 1 1 1 1 1 1 *)
G[R_,xx_]:=xx[[0]] + xx[[1]]/R | xx[[2]]*R
2.94638 2.94638 2.94638 
-0.075367 -0.075367 -0.075367 
1 1 1 
-4.99942 -4.99942 -4.99942 
6.38838 6.38838 6.38838 
5.03038e+175 5.03038e+175 5.03038e+175 
3.5936e+246 3.5936e+246 3.5936e+246 
2.14726e+243 2.14726e+243 2.14726e+243 
5.97819e-322 5.97819e-322 5.97819e-322 
2.42092e-322 2.42092e-322 2.42092e-322 
3.38106e-316 3.38106e-316 3.38106e-316 
-0.0875177 -0.0875177 -0.0875177 
2821.34 2821.34 2821.34 
0 0 0 
2.37152e-322 2.37152e-322 2.37152e-322 
1.665e-321 1.665e-321 1.665e-321 
3.35657e-316 3.35657e-316 3.35657e-316 
-5.45659e-52 -5.45659e-52 -5.45659e-52 
0 0 0 
0 0 0 
0 0 0 
0 0 0 
0 0 0 
0 0 0 
0 0 0 
0 0 0 
0 0 0 
0 0 0 
0 0 0 
0 0 0 
0 0 0 
0 0 0 
0 0 0 
0 0 0 
0 0 0 
0 0 0 
0 0 0 
0 0 0 
0 0 0 
0 0 0 
0 0 0 
0 0 0 
0 0 0 
0 0 0 
0 0 0 
0 0 0 
3.41825e-316 3.41825e-316 3.41825e-316 
0 0 0 
0 0 0 
0 0 0 
0 0 0 
0 0 0 
0 0 0 
0 0 0 
Probabilities: 
       0        0        0        0        0        0        0        0        0        0        0        0        0        0        0        0        0        0        0        0        0        0        0        0 0.189768 0.204952 0.350638        0        0        0        0        0        0        0        0        0        0        0        0        0        0        0        0        0        0        0        0        0        0        0        0 0.254642        0        0

String tensions: 
         1          1          1          1          1          1          1          1          1  -0.422362  -0.422705  -0.427706   -0.48906  -0.490064  -0.510631  -0.994283  -0.994575   -1.03888  -0.627556  -0.629287   -0.67364   -2.68895   -2.68351 -0.0885607   -5.02828   -5.01003   -4.97946   0.819351   0.819351   0.819351   0.973823   0.974273   0.975277 -0.0494023   0.714124   0.739554 -0.0882729 -0.0740914 -0.0633927  0.0325218 -0.0854582  0.0237869   0.704299      2.466 -0.0833668  0.0225663  -0.214665  -0.215045  0.0321928   0.547036   0.630718 0.00570434  -0.610093  -0.509298

Errors: 
    5792.62     5792.62     5792.62     5792.62     5792.62     5792.62     5792.62     5792.62     5792.62  0.00508215  0.00504109  0.00482143   0.0291273   0.0289792   0.0277099   0.0944783   0.0941728   0.0887169   0.0691293   0.0689192   0.0641835    0.168972    0.170451           0    0.123828    0.118794     0.12006           0           0           0           0           0           0     1.00022           0           0           1           1           1 0.000586318     1.00005  0.00315759     1.00162           0     3.01225 0.000300864     1.00001    0.829697   0.0023245           1   0.0234088  0.00476565     1.00067     1.00442

Statuses: 
3 3 3 0 0 0 0 0 0 0 0 0 0 0 0 0 0 0 0 0 0 0 0 3 0 0 0 3 3 3 3 3 3 3 3 3 3 3 3 0 3 0 3 2 3 1 3 3 0 3 3 0 3 3
chisq per dof: 
2820.25 2470.71 2200.03 55.7294 48.2424 47.5592 36.4906 30.4863  28.637 21.8023 19.1099 18.5693  24.594 21.0946 19.8266 25.4145 21.1788 19.0858 20.6829  18.105 17.1893 16.1483 13.8604 692.439  2.3296   2.249 2.06001 20049.4 17557.5 15635.2 19733.7   16931 14846.7 13528.2 18586.4 15972.1   19241 14155.6 7166.01  6.1091 14539.1 6.24432 14178.7 19757.8 14824.8 7.97808 13926.1 12883.5 6.10377   16842 14542.7 2.21197 1106.81 1020.57
Model string tension and errors: 
sigma = -3.72556 +/- 2.18347
