R=0parameters: 
-0.605609 -0.605609 
0.19433 0.19433 
5.70028e-10 5.70028e-10 
5.58294e-322 5.58294e-322 
1 1 
2 2 
3 3 
4 4 
5 5 
8.39912e-323 8.39912e-323 8.39912e-323 
8.39912e-323 8.39912e-323 8.39912e-323 
9.08367e+223 9.08367e+223 9.08367e+223 
3.06504e-316 3.06504e-316 3.06504e-316 
3.08417e-316 3.08417e-316 3.08417e-316 
1.00083e-312 1.00083e-312 1.00083e-312 
2.42092e-322 2.42092e-322 2.42092e-322 
5.1364e+160 5.1364e+160 5.1364e+160 
7.27449e+199 7.27449e+199 7.27449e+199 
2.42749e-312 2.42749e-312 2.42749e-312 2.42749e-312 
0 0 0 0 
0 0 0 0 
7.16395e-322 7.16395e-322 7.16395e-322 7.16395e-322 
3.06218e-316 3.06218e-316 3.06218e-316 3.06218e-316 
0 0 0 0 
3.06218e-316 3.06218e-316 3.06218e-316 3.06218e-316 
3.09363e-316 3.09363e-316 3.09363e-316 3.09363e-316 
2.05099e-316 2.05099e-316 2.05099e-316 2.05099e-316 
3.05973e-316 3.05973e-316 3.05973e-316 
3.09363e-316 3.09363e-316 3.09363e-316 
3.09363e-316 3.09363e-316 3.09363e-316 
2.05099e-316 2.05099e-316 2.05099e-316 
3.09362e-316 3.09362e-316 3.09362e-316 
3.08807e-316 3.08807e-316 3.08807e-316 
3.09363e-316 3.09363e-316 3.09363e-316 
1.89225e-316 1.89225e-316 1.89225e-316 
3.10808e-316 3.10808e-316 3.10808e-316 
6.36709e-314 6.36709e-314 6.36709e-314 6.36709e-314 
3.10902e-316 3.10902e-316 3.10902e-316 3.10902e-316 
1.54236e-316 1.54236e-316 1.54236e-316 1.54236e-316 
2.42092e-322 2.42092e-322 2.42092e-322 2.42092e-322 
4.94066e-323 4.94066e-323 4.94066e-323 4.94066e-323 
3.08529e-316 3.08529e-316 3.08529e-316 3.08529e-316 
1.00085e+65 1.00085e+65 1.00085e+65 1.00085e+65 
1.44697e-319 1.44697e-319 1.44697e-319 1.44697e-319 
1.44697e-319 1.44697e-319 1.44697e-319 1.44697e-319 
1.9098e-313 1.9098e-313 1.9098e-313 1.9098e-313 1.9098e-313 
2.3342e-313 2.3342e-313 2.3342e-313 2.3342e-313 2.3342e-313 
5.58294e-322 5.58294e-322 5.58294e-322 5.58294e-322 5.58294e-322 
1 1 1 1 1 
1 1 1 1 1 
1 1 1 1 1 
1 1 1 1 1 
1 1 1 1 1 
1 1 1 1 1 
R=1parameters: 
-0.450584 -0.450584 
0.332927 0.332927 
3.99667e-05 3.99667e-05 
0.0487773 0.0487773 
-0.00209015 -0.00209015 
5.03038e+175 5.03038e+175 
3.5936e+246 3.5936e+246 
2.14726e+243 2.14726e+243 
5.97819e-322 5.97819e-322 
7.16395e-322 7.16395e-322 7.16395e-322 
3.12233e-316 3.12233e-316 3.12233e-316 
0 0 0 
3.12233e-316 3.12233e-316 3.12233e-316 
3.13849e-316 3.13849e-316 3.13849e-316 
1.89225e-316 1.89225e-316 1.89225e-316 
3.13077e-316 3.13077e-316 3.13077e-316 
2.122e-314 2.122e-314 2.122e-314 
3.1275e-316 3.1275e-316 3.1275e-316 
3.13078e-316 3.13078e-316 3.13078e-316 3.13078e-316 
3.0873e-316 3.0873e-316 3.0873e-316 3.0873e-316 
0 0 0 0 
0 0 0 0 
3.1385e-316 3.1385e-316 3.1385e-316 3.1385e-316 
8.48798e-314 8.48798e-314 8.48798e-314 8.48798e-314 
-nan -nan -nan -nan 
-nan -nan -nan -nan 
0 0 0 0 
5.58294e-322 5.58294e-322 5.58294e-322 
1 1 1 
2 2 2 
3 3 3 
4 4 4 
5 5 5 
6 6 6 
7 7 7 
8 8 8 
9 9 9 9 
10 10 10 10 
11 11 11 11 
12 12 12 12 
0 0 0 0 
2.42092e-322 2.42092e-322 2.42092e-322 2.42092e-322 
6.36599e-314 6.36599e-314 6.36599e-314 6.36599e-314 
1.061e-313 1.061e-313 1.061e-313 1.061e-313 
1.4854e-313 1.4854e-313 1.4854e-313 1.4854e-313 
1.9098e-313 1.9098e-313 1.9098e-313 1.9098e-313 1.9098e-313 
2.3342e-313 2.3342e-313 2.3342e-313 2.3342e-313 2.3342e-313 
5.58294e-322 5.58294e-322 5.58294e-322 5.58294e-322 5.58294e-322 
1 1 1 1 1 
1 1 1 1 1 
1 1 1 1 1 
1 1 1 1 1 
1 1 1 1 1 
1 1 1 1 1 
R=2parameters: 
-0.274394 -0.274394 
0.451969 0.451969 
0.00018246 0.00018246 
0.146901 0.146901 
-0.00818136 -0.00818136 
5.03038e+175 5.03038e+175 
3.5936e+246 3.5936e+246 
2.14726e+243 2.14726e+243 
5.97819e-322 5.97819e-322 
7.16395e-322 7.16395e-322 7.16395e-322 
3.12233e-316 3.12233e-316 3.12233e-316 
0 0 0 
3.12233e-316 3.12233e-316 3.12233e-316 
3.13849e-316 3.13849e-316 3.13849e-316 
1.89225e-316 1.89225e-316 1.89225e-316 
3.13077e-316 3.13077e-316 3.13077e-316 
2.122e-314 2.122e-314 2.122e-314 
3.1275e-316 3.1275e-316 3.1275e-316 
3.13078e-316 3.13078e-316 3.13078e-316 3.13078e-316 
3.0873e-316 3.0873e-316 3.0873e-316 3.0873e-316 
0 0 0 0 
0 0 0 0 
3.1385e-316 3.1385e-316 3.1385e-316 3.1385e-316 
8.48798e-314 8.48798e-314 8.48798e-314 8.48798e-314 
-nan -nan -nan -nan 
-nan -nan -nan -nan 
0 0 0 0 
5.58294e-322 5.58294e-322 5.58294e-322 
1 1 1 
2 2 2 
3 3 3 
4 4 4 
5 5 5 
6 6 6 
7 7 7 
8 8 8 
9 9 9 9 
10 10 10 10 
11 11 11 11 
12 12 12 12 
0 0 0 0 
2.42092e-322 2.42092e-322 2.42092e-322 2.42092e-322 
6.36599e-314 6.36599e-314 6.36599e-314 6.36599e-314 
1.061e-313 1.061e-313 1.061e-313 1.061e-313 
1.4854e-313 1.4854e-313 1.4854e-313 1.4854e-313 
1.9098e-313 1.9098e-313 1.9098e-313 1.9098e-313 1.9098e-313 
2.3342e-313 2.3342e-313 2.3342e-313 2.3342e-313 2.3342e-313 
5.58294e-322 5.58294e-322 5.58294e-322 5.58294e-322 5.58294e-322 
1 1 1 1 1 
1 1 1 1 1 
1 1 1 1 1 
1 1 1 1 1 
1 1 1 1 1 
1 1 1 1 1 
R=3parameters: 
-0.0998419 -0.0998419 
0.56543 0.56543 
-0.000520072 -0.000520072 
-0.247384 -0.247384 
0.578212 0.578212 
5.03038e+175 5.03038e+175 
3.5936e+246 3.5936e+246 
2.14726e+243 2.14726e+243 
5.97819e-322 5.97819e-322 
7.16395e-322 7.16395e-322 7.16395e-322 
3.12233e-316 3.12233e-316 3.12233e-316 
0 0 0 
3.12233e-316 3.12233e-316 3.12233e-316 
3.13849e-316 3.13849e-316 3.13849e-316 
1.89225e-316 1.89225e-316 1.89225e-316 
3.13077e-316 3.13077e-316 3.13077e-316 
2.122e-314 2.122e-314 2.122e-314 
3.1275e-316 3.1275e-316 3.1275e-316 
3.13078e-316 3.13078e-316 3.13078e-316 3.13078e-316 
3.0873e-316 3.0873e-316 3.0873e-316 3.0873e-316 
0 0 0 0 
0 0 0 0 
3.1385e-316 3.1385e-316 3.1385e-316 3.1385e-316 
8.48798e-314 8.48798e-314 8.48798e-314 8.48798e-314 
-nan -nan -nan -nan 
-nan -nan -nan -nan 
0 0 0 0 
5.58294e-322 5.58294e-322 5.58294e-322 
1 1 1 
2 2 2 
3 3 3 
4 4 4 
5 5 5 
6 6 6 
7 7 7 
8 8 8 
9 9 9 9 
10 10 10 10 
11 11 11 11 
12 12 12 12 
0 0 0 0 
2.42092e-322 2.42092e-322 2.42092e-322 2.42092e-322 
6.36599e-314 6.36599e-314 6.36599e-314 6.36599e-314 
1.061e-313 1.061e-313 1.061e-313 1.061e-313 
1.4854e-313 1.4854e-313 1.4854e-313 1.4854e-313 
1.9098e-313 1.9098e-313 1.9098e-313 1.9098e-313 1.9098e-313 
2.3342e-313 2.3342e-313 2.3342e-313 2.3342e-313 2.3342e-313 
5.58294e-322 5.58294e-322 5.58294e-322 5.58294e-322 5.58294e-322 
1 1 1 1 1 
1 1 1 1 1 
1 1 1 1 1 
1 1 1 1 1 
1 1 1 1 1 
1 1 1 1 1 
R=4parameters: 
0.0715577 0.0715577 
0.676343 0.676343 
-0.00349756 -0.00349756 
-1.36153 -1.36153 
1.93908 1.93908 
5.03038e+175 5.03038e+175 
3.5936e+246 3.5936e+246 
2.14726e+243 2.14726e+243 
5.97819e-322 5.97819e-322 
7.16395e-322 7.16395e-322 7.16395e-322 
3.12233e-316 3.12233e-316 3.12233e-316 
0 0 0 
3.12233e-316 3.12233e-316 3.12233e-316 
3.13849e-316 3.13849e-316 3.13849e-316 
1.89225e-316 1.89225e-316 1.89225e-316 
3.13077e-316 3.13077e-316 3.13077e-316 
2.122e-314 2.122e-314 2.122e-314 
3.1275e-316 3.1275e-316 3.1275e-316 
3.13078e-316 3.13078e-316 3.13078e-316 3.13078e-316 
3.0873e-316 3.0873e-316 3.0873e-316 3.0873e-316 
0 0 0 0 
0 0 0 0 
3.1385e-316 3.1385e-316 3.1385e-316 3.1385e-316 
8.48798e-314 8.48798e-314 8.48798e-314 8.48798e-314 
-nan -nan -nan -nan 
-nan -nan -nan -nan 
0 0 0 0 
5.58294e-322 5.58294e-322 5.58294e-322 
1 1 1 
2 2 2 
3 3 3 
4 4 4 
5 5 5 
6 6 6 
7 7 7 
8 8 8 
9 9 9 9 
10 10 10 10 
11 11 11 11 
12 12 12 12 
0 0 0 0 
2.42092e-322 2.42092e-322 2.42092e-322 2.42092e-322 
6.36599e-314 6.36599e-314 6.36599e-314 6.36599e-314 
1.061e-313 1.061e-313 1.061e-313 1.061e-313 
1.4854e-313 1.4854e-313 1.4854e-313 1.4854e-313 
1.9098e-313 1.9098e-313 1.9098e-313 1.9098e-313 1.9098e-313 
2.3342e-313 2.3342e-313 2.3342e-313 2.3342e-313 2.3342e-313 
5.58294e-322 5.58294e-322 5.58294e-322 5.58294e-322 5.58294e-322 
1 1 1 1 1 
1 1 1 1 1 
1 1 1 1 1 
1 1 1 1 1 
1 1 1 1 1 
1 1 1 1 1 
R=5parameters: 
0.228934 0.228934 
0.792612 0.792612 
0.0531662 0.0531662 
-16.5317 -16.5317 
87.7115 87.7115 
5.03038e+175 5.03038e+175 
3.5936e+246 3.5936e+246 
2.14726e+243 2.14726e+243 
5.97819e-322 5.97819e-322 
7.16395e-322 7.16395e-322 7.16395e-322 
3.12233e-316 3.12233e-316 3.12233e-316 
0 0 0 
3.12233e-316 3.12233e-316 3.12233e-316 
3.13849e-316 3.13849e-316 3.13849e-316 
1.89225e-316 1.89225e-316 1.89225e-316 
3.13077e-316 3.13077e-316 3.13077e-316 
2.122e-314 2.122e-314 2.122e-314 
3.1275e-316 3.1275e-316 3.1275e-316 
3.13078e-316 3.13078e-316 3.13078e-316 3.13078e-316 
3.0873e-316 3.0873e-316 3.0873e-316 3.0873e-316 
0 0 0 0 
0 0 0 0 
3.1385e-316 3.1385e-316 3.1385e-316 3.1385e-316 
8.48798e-314 8.48798e-314 8.48798e-314 8.48798e-314 
-nan -nan -nan -nan 
-nan -nan -nan -nan 
0 0 0 0 
5.58294e-322 5.58294e-322 5.58294e-322 
1 1 1 
2 2 2 
3 3 3 
4 4 4 
5 5 5 
6 6 6 
7 7 7 
8 8 8 
9 9 9 9 
10 10 10 10 
11 11 11 11 
12 12 12 12 
0 0 0 0 
2.42092e-322 2.42092e-322 2.42092e-322 2.42092e-322 
6.36599e-314 6.36599e-314 6.36599e-314 6.36599e-314 
1.061e-313 1.061e-313 1.061e-313 1.061e-313 
1.4854e-313 1.4854e-313 1.4854e-313 1.4854e-313 
1.9098e-313 1.9098e-313 1.9098e-313 1.9098e-313 1.9098e-313 
2.3342e-313 2.3342e-313 2.3342e-313 2.3342e-313 2.3342e-313 
5.58294e-322 5.58294e-322 5.58294e-322 5.58294e-322 5.58294e-322 
1 1 1 1 1 
1 1 1 1 1 
1 1 1 1 1 
1 1 1 1 1 
1 1 1 1 1 
1 1 1 1 1 
R=6parameters: 
0.375313 0.375313 
0.914809 0.914809 
-0.018186 -0.018186 
-3.88183 -3.88183 
5.4079 5.4079 
5.03038e+175 5.03038e+175 
3.5936e+246 3.5936e+246 
2.14726e+243 2.14726e+243 
5.97819e-322 5.97819e-322 
7.16395e-322 7.16395e-322 7.16395e-322 
3.12233e-316 3.12233e-316 3.12233e-316 
0 0 0 
3.12233e-316 3.12233e-316 3.12233e-316 
3.13849e-316 3.13849e-316 3.13849e-316 
1.89225e-316 1.89225e-316 1.89225e-316 
3.13077e-316 3.13077e-316 3.13077e-316 
2.122e-314 2.122e-314 2.122e-314 
3.1275e-316 3.1275e-316 3.1275e-316 
3.13078e-316 3.13078e-316 3.13078e-316 3.13078e-316 
3.0873e-316 3.0873e-316 3.0873e-316 3.0873e-316 
0 0 0 0 
0 0 0 0 
3.1385e-316 3.1385e-316 3.1385e-316 3.1385e-316 
8.48798e-314 8.48798e-314 8.48798e-314 8.48798e-314 
-nan -nan -nan -nan 
-nan -nan -nan -nan 
0 0 0 0 
5.58294e-322 5.58294e-322 5.58294e-322 
1 1 1 
2 2 2 
3 3 3 
4 4 4 
5 5 5 
6 6 6 
7 7 7 
8 8 8 
9 9 9 9 
10 10 10 10 
11 11 11 11 
12 12 12 12 
0 0 0 0 
2.42092e-322 2.42092e-322 2.42092e-322 2.42092e-322 
6.36599e-314 6.36599e-314 6.36599e-314 6.36599e-314 
1.061e-313 1.061e-313 1.061e-313 1.061e-313 
1.4854e-313 1.4854e-313 1.4854e-313 1.4854e-313 
1.9098e-313 1.9098e-313 1.9098e-313 1.9098e-313 1.9098e-313 
2.3342e-313 2.3342e-313 2.3342e-313 2.3342e-313 2.3342e-313 
5.58294e-322 5.58294e-322 5.58294e-322 5.58294e-322 5.58294e-322 
1 1 1 1 1 
1 1 1 1 1 
1 1 1 1 1 
1 1 1 1 1 
1 1 1 1 1 
1 1 1 1 1 
R=7parameters: 
0.491731 0.491731 
1.05245 1.05245 
-0.00686114 -0.00686114 
-3.27071 -3.27071 
5.01992 5.01992 
5.03038e+175 5.03038e+175 
3.5936e+246 3.5936e+246 
2.14726e+243 2.14726e+243 
5.97819e-322 5.97819e-322 
7.16395e-322 7.16395e-322 7.16395e-322 
3.12233e-316 3.12233e-316 3.12233e-316 
0 0 0 
3.12233e-316 3.12233e-316 3.12233e-316 
3.13849e-316 3.13849e-316 3.13849e-316 
1.89225e-316 1.89225e-316 1.89225e-316 
3.13077e-316 3.13077e-316 3.13077e-316 
2.122e-314 2.122e-314 2.122e-314 
3.1275e-316 3.1275e-316 3.1275e-316 
3.13078e-316 3.13078e-316 3.13078e-316 3.13078e-316 
3.0873e-316 3.0873e-316 3.0873e-316 3.0873e-316 
0 0 0 0 
0 0 0 0 
3.1385e-316 3.1385e-316 3.1385e-316 3.1385e-316 
8.48798e-314 8.48798e-314 8.48798e-314 8.48798e-314 
-nan -nan -nan -nan 
-nan -nan -nan -nan 
0 0 0 0 
5.58294e-322 5.58294e-322 5.58294e-322 
1 1 1 
2 2 2 
3 3 3 
4 4 4 
5 5 5 
6 6 6 
7 7 7 
8 8 8 
9 9 9 9 
10 10 10 10 
11 11 11 11 
12 12 12 12 
0 0 0 0 
2.42092e-322 2.42092e-322 2.42092e-322 2.42092e-322 
6.36599e-314 6.36599e-314 6.36599e-314 6.36599e-314 
1.061e-313 1.061e-313 1.061e-313 1.061e-313 
1.4854e-313 1.4854e-313 1.4854e-313 1.4854e-313 
1.9098e-313 1.9098e-313 1.9098e-313 1.9098e-313 1.9098e-313 
2.3342e-313 2.3342e-313 2.3342e-313 2.3342e-313 2.3342e-313 
5.58294e-322 5.58294e-322 5.58294e-322 5.58294e-322 5.58294e-322 
1 1 1 1 1 
1 1 1 1 1 
1 1 1 1 1 
1 1 1 1 1 
1 1 1 1 1 
1 1 1 1 1 
R=8parameters: 
0.577134 0.577134 
1.19177 1.19177 
-0.0315603 -0.0315603 
-4.80496 -4.80496 
7.09116 7.09116 
5.03038e+175 5.03038e+175 
3.5936e+246 3.5936e+246 
2.14726e+243 2.14726e+243 
5.97819e-322 5.97819e-322 
7.16395e-322 7.16395e-322 7.16395e-322 
3.12233e-316 3.12233e-316 3.12233e-316 
0 0 0 
3.12233e-316 3.12233e-316 3.12233e-316 
3.13849e-316 3.13849e-316 3.13849e-316 
1.89225e-316 1.89225e-316 1.89225e-316 
3.13077e-316 3.13077e-316 3.13077e-316 
2.122e-314 2.122e-314 2.122e-314 
3.1275e-316 3.1275e-316 3.1275e-316 
3.13078e-316 3.13078e-316 3.13078e-316 3.13078e-316 
3.0873e-316 3.0873e-316 3.0873e-316 3.0873e-316 
0 0 0 0 
0 0 0 0 
3.1385e-316 3.1385e-316 3.1385e-316 3.1385e-316 
8.48798e-314 8.48798e-314 8.48798e-314 8.48798e-314 
-nan -nan -nan -nan 
-nan -nan -nan -nan 
0 0 0 0 
5.58294e-322 5.58294e-322 5.58294e-322 
1 1 1 
2 2 2 
3 3 3 
4 4 4 
5 5 5 
6 6 6 
7 7 7 
8 8 8 
9 9 9 9 
10 10 10 10 
11 11 11 11 
12 12 12 12 
0 0 0 0 
2.42092e-322 2.42092e-322 2.42092e-322 2.42092e-322 
6.36599e-314 6.36599e-314 6.36599e-314 6.36599e-314 
1.061e-313 1.061e-313 1.061e-313 1.061e-313 
1.4854e-313 1.4854e-313 1.4854e-313 1.4854e-313 
1.9098e-313 1.9098e-313 1.9098e-313 1.9098e-313 1.9098e-313 
2.3342e-313 2.3342e-313 2.3342e-313 2.3342e-313 2.3342e-313 
5.58294e-322 5.58294e-322 5.58294e-322 5.58294e-322 5.58294e-322 
1 1 1 1 1 
1 1 1 1 1 
1 1 1 1 1 
1 1 1 1 1 
1 1 1 1 1 
1 1 1 1 1 
R=9parameters: 
0.628208 0.628208 
1.326 1.326 
-0.0258205 -0.0258205 
-4.14313 -4.14313 
6.54324 6.54324 
5.03038e+175 5.03038e+175 
3.5936e+246 3.5936e+246 
2.14726e+243 2.14726e+243 
5.97819e-322 5.97819e-322 
7.16395e-322 7.16395e-322 7.16395e-322 
3.12233e-316 3.12233e-316 3.12233e-316 
0 0 0 
3.12233e-316 3.12233e-316 3.12233e-316 
3.13849e-316 3.13849e-316 3.13849e-316 
1.89225e-316 1.89225e-316 1.89225e-316 
3.13077e-316 3.13077e-316 3.13077e-316 
2.122e-314 2.122e-314 2.122e-314 
3.1275e-316 3.1275e-316 3.1275e-316 
3.13078e-316 3.13078e-316 3.13078e-316 3.13078e-316 
3.0873e-316 3.0873e-316 3.0873e-316 3.0873e-316 
0 0 0 0 
0 0 0 0 
3.1385e-316 3.1385e-316 3.1385e-316 3.1385e-316 
8.48798e-314 8.48798e-314 8.48798e-314 8.48798e-314 
-nan -nan -nan -nan 
-nan -nan -nan -nan 
0 0 0 0 
5.58294e-322 5.58294e-322 5.58294e-322 
1 1 1 
2 2 2 
3 3 3 
4 4 4 
5 5 5 
6 6 6 
7 7 7 
8 8 8 
9 9 9 9 
10 10 10 10 
11 11 11 11 
12 12 12 12 
0 0 0 0 
2.42092e-322 2.42092e-322 2.42092e-322 2.42092e-322 
6.36599e-314 6.36599e-314 6.36599e-314 6.36599e-314 
1.061e-313 1.061e-313 1.061e-313 1.061e-313 
1.4854e-313 1.4854e-313 1.4854e-313 1.4854e-313 
1.9098e-313 1.9098e-313 1.9098e-313 1.9098e-313 1.9098e-313 
2.3342e-313 2.3342e-313 2.3342e-313 2.3342e-313 2.3342e-313 
5.58294e-322 5.58294e-322 5.58294e-322 5.58294e-322 5.58294e-322 
1 1 1 1 1 
1 1 1 1 1 
1 1 1 1 1 
1 1 1 1 1 
1 1 1 1 1 
1 1 1 1 1 
R=10parameters: 
0.644671 0.644671 
1.43478 1.43478 
-0.134524 -0.134524 
-5.68882 -5.68882 
8.51124 8.51124 
5.03038e+175 5.03038e+175 
3.5936e+246 3.5936e+246 
2.14726e+243 2.14726e+243 
5.97819e-322 5.97819e-322 
7.16395e-322 7.16395e-322 7.16395e-322 
3.12233e-316 3.12233e-316 3.12233e-316 
0 0 0 
3.12233e-316 3.12233e-316 3.12233e-316 
3.13849e-316 3.13849e-316 3.13849e-316 
1.89225e-316 1.89225e-316 1.89225e-316 
3.13077e-316 3.13077e-316 3.13077e-316 
2.122e-314 2.122e-314 2.122e-314 
3.1275e-316 3.1275e-316 3.1275e-316 
3.13078e-316 3.13078e-316 3.13078e-316 3.13078e-316 
3.0873e-316 3.0873e-316 3.0873e-316 3.0873e-316 
0 0 0 0 
0 0 0 0 
3.1385e-316 3.1385e-316 3.1385e-316 3.1385e-316 
8.48798e-314 8.48798e-314 8.48798e-314 8.48798e-314 
-nan -nan -nan -nan 
-nan -nan -nan -nan 
0 0 0 0 
5.58294e-322 5.58294e-322 5.58294e-322 
1 1 1 
2 2 2 
3 3 3 
4 4 4 
5 5 5 
6 6 6 
7 7 7 
8 8 8 
9 9 9 9 
10 10 10 10 
11 11 11 11 
12 12 12 12 
0 0 0 0 
2.42092e-322 2.42092e-322 2.42092e-322 2.42092e-322 
6.36599e-314 6.36599e-314 6.36599e-314 6.36599e-314 
1.061e-313 1.061e-313 1.061e-313 1.061e-313 
1.4854e-313 1.4854e-313 1.4854e-313 1.4854e-313 
1.9098e-313 1.9098e-313 1.9098e-313 1.9098e-313 1.9098e-313 
2.3342e-313 2.3342e-313 2.3342e-313 2.3342e-313 2.3342e-313 
5.58294e-322 5.58294e-322 5.58294e-322 5.58294e-322 5.58294e-322 
1 1 1 1 1 
1 1 1 1 1 
1 1 1 1 1 
1 1 1 1 1 
1 1 1 1 1 
1 1 1 1 1 
R=11parameters: 
0.651349 0.651349 
1.47457 1.47457 
0.185539 0.185539 
-6.09337 -6.09337 
10.4039 10.4039 
5.03038e+175 5.03038e+175 
3.5936e+246 3.5936e+246 
2.14726e+243 2.14726e+243 
5.97819e-322 5.97819e-322 
7.16395e-322 7.16395e-322 7.16395e-322 
3.12233e-316 3.12233e-316 3.12233e-316 
0 0 0 
3.12233e-316 3.12233e-316 3.12233e-316 
3.13849e-316 3.13849e-316 3.13849e-316 
1.89225e-316 1.89225e-316 1.89225e-316 
3.13077e-316 3.13077e-316 3.13077e-316 
2.122e-314 2.122e-314 2.122e-314 
3.1275e-316 3.1275e-316 3.1275e-316 
3.13078e-316 3.13078e-316 3.13078e-316 3.13078e-316 
3.0873e-316 3.0873e-316 3.0873e-316 3.0873e-316 
0 0 0 0 
0 0 0 0 
3.1385e-316 3.1385e-316 3.1385e-316 3.1385e-316 
8.48798e-314 8.48798e-314 8.48798e-314 8.48798e-314 
-nan -nan -nan -nan 
-nan -nan -nan -nan 
0 0 0 0 
5.58294e-322 5.58294e-322 5.58294e-322 
1 1 1 
2 2 2 
3 3 3 
4 4 4 
5 5 5 
6 6 6 
7 7 7 
8 8 8 
9 9 9 9 
10 10 10 10 
11 11 11 11 
12 12 12 12 
0 0 0 0 
2.42092e-322 2.42092e-322 2.42092e-322 2.42092e-322 
6.36599e-314 6.36599e-314 6.36599e-314 6.36599e-314 
1.061e-313 1.061e-313 1.061e-313 1.061e-313 
1.4854e-313 1.4854e-313 1.4854e-313 1.4854e-313 
1.9098e-313 1.9098e-313 1.9098e-313 1.9098e-313 1.9098e-313 
2.3342e-313 2.3342e-313 2.3342e-313 2.3342e-313 2.3342e-313 
5.58294e-322 5.58294e-322 5.58294e-322 5.58294e-322 5.58294e-322 
1 1 1 1 1 
1 1 1 1 1 
1 1 1 1 1 
1 1 1 1 1 
1 1 1 1 1 
1 1 1 1 1 
T Models:
(* Fitting with shape 1 1 1 1 1 1 1 1 1 1 0 0 *)
G[T_,xx_]:=Exp[0+xx[[1]]*T^1+xx[[2]]*T^2]*(1)
(* Fitting with shape 1 1 1 1 1 1 1 1 1 1 1 0 *)
G[T_,xx_]:=Exp[0+xx[[1]]*T^1+xx[[2]]*T^2]*(1)
(* Fitting with shape 1 1 1 1 1 1 1 1 1 1 1 1 *)
G[T_,xx_]:=Exp[0+xx[[1]]*T^1+xx[[2]]*T^2]*(1)
(* Fitting with shape 0 1 1 1 1 1 1 1 1 1 0 0 *)
G[T_,xx_]:=Exp[0+xx[[1]]*T^1+xx[[2]]*T^2]*(1)
(* Fitting with shape 0 1 1 1 1 1 1 1 1 1 1 0 *)
G[T_,xx_]:=Exp[0+xx[[1]]*T^1+xx[[2]]*T^2]*(1)
(* Fitting with shape 0 1 1 1 1 1 1 1 1 1 1 1 *)
G[T_,xx_]:=Exp[0+xx[[1]]*T^1+xx[[2]]*T^2]*(1)
(* Fitting with shape 0 0 1 1 1 1 1 1 1 1 0 0 *)
G[T_,xx_]:=Exp[0+xx[[1]]*T^1+xx[[2]]*T^2]*(1)
(* Fitting with shape 0 0 1 1 1 1 1 1 1 1 1 0 *)
G[T_,xx_]:=Exp[0+xx[[1]]*T^1+xx[[2]]*T^2]*(1)
(* Fitting with shape 0 0 1 1 1 1 1 1 1 1 1 1 *)
G[T_,xx_]:=Exp[0+xx[[1]]*T^1+xx[[2]]*T^2]*(1)
(* Fitting with shape 1 1 1 1 1 1 1 1 1 1 0 0 *)
G[T_,xx_]:=Exp[0+xx[[1]]*T^1+xx[[2]]*T^2]*(1+xx[[3]]/(T^1))
(* Fitting with shape 1 1 1 1 1 1 1 1 1 1 1 0 *)
G[T_,xx_]:=Exp[0+xx[[1]]*T^1+xx[[2]]*T^2]*(1+xx[[3]]/(T^1))
(* Fitting with shape 1 1 1 1 1 1 1 1 1 1 1 1 *)
G[T_,xx_]:=Exp[0+xx[[1]]*T^1+xx[[2]]*T^2]*(1+xx[[3]]/(T^1))
(* Fitting with shape 0 1 1 1 1 1 1 1 1 1 0 0 *)
G[T_,xx_]:=Exp[0+xx[[1]]*T^1+xx[[2]]*T^2]*(1+xx[[3]]/(T^1))
(* Fitting with shape 0 1 1 1 1 1 1 1 1 1 1 0 *)
G[T_,xx_]:=Exp[0+xx[[1]]*T^1+xx[[2]]*T^2]*(1+xx[[3]]/(T^1))
(* Fitting with shape 0 1 1 1 1 1 1 1 1 1 1 1 *)
G[T_,xx_]:=Exp[0+xx[[1]]*T^1+xx[[2]]*T^2]*(1+xx[[3]]/(T^1))
(* Fitting with shape 0 0 1 1 1 1 1 1 1 1 0 0 *)
G[T_,xx_]:=Exp[0+xx[[1]]*T^1+xx[[2]]*T^2]*(1+xx[[3]]/(T^1))
(* Fitting with shape 0 0 1 1 1 1 1 1 1 1 1 0 *)
G[T_,xx_]:=Exp[0+xx[[1]]*T^1+xx[[2]]*T^2]*(1+xx[[3]]/(T^1))
(* Fitting with shape 0 0 1 1 1 1 1 1 1 1 1 1 *)
G[T_,xx_]:=Exp[0+xx[[1]]*T^1+xx[[2]]*T^2]*(1+xx[[3]]/(T^1))
(* Fitting with shape 1 1 1 1 1 1 1 1 1 1 0 0 *)
G[T_,xx_]:=Exp[0+xx[[1]]*T^1+xx[[2]]*T^2]*(1+xx[[3]]/(T^1)+xx[[4]]/(T^2))
(* Fitting with shape 1 1 1 1 1 1 1 1 1 1 1 0 *)
G[T_,xx_]:=Exp[0+xx[[1]]*T^1+xx[[2]]*T^2]*(1+xx[[3]]/(T^1)+xx[[4]]/(T^2))
(* Fitting with shape 1 1 1 1 1 1 1 1 1 1 1 1 *)
G[T_,xx_]:=Exp[0+xx[[1]]*T^1+xx[[2]]*T^2]*(1+xx[[3]]/(T^1)+xx[[4]]/(T^2))
(* Fitting with shape 0 1 1 1 1 1 1 1 1 1 0 0 *)
G[T_,xx_]:=Exp[0+xx[[1]]*T^1+xx[[2]]*T^2]*(1+xx[[3]]/(T^1)+xx[[4]]/(T^2))
(* Fitting with shape 0 1 1 1 1 1 1 1 1 1 1 0 *)
G[T_,xx_]:=Exp[0+xx[[1]]*T^1+xx[[2]]*T^2]*(1+xx[[3]]/(T^1)+xx[[4]]/(T^2))
(* Fitting with shape 0 1 1 1 1 1 1 1 1 1 1 1 *)
G[T_,xx_]:=Exp[0+xx[[1]]*T^1+xx[[2]]*T^2]*(1+xx[[3]]/(T^1)+xx[[4]]/(T^2))
(* Fitting with shape 0 0 1 1 1 1 1 1 1 1 0 0 *)
G[T_,xx_]:=Exp[0+xx[[1]]*T^1+xx[[2]]*T^2]*(1+xx[[3]]/(T^1)+xx[[4]]/(T^2))
(* Fitting with shape 0 0 1 1 1 1 1 1 1 1 1 0 *)
G[T_,xx_]:=Exp[0+xx[[1]]*T^1+xx[[2]]*T^2]*(1+xx[[3]]/(T^1)+xx[[4]]/(T^2))
(* Fitting with shape 0 0 1 1 1 1 1 1 1 1 1 1 *)
G[T_,xx_]:=Exp[0+xx[[1]]*T^1+xx[[2]]*T^2]*(1+xx[[3]]/(T^1)+xx[[4]]/(T^2))
(* Fitting with shape 1 1 1 1 1 1 1 1 1 1 0 0 *)
G[T_,xx_]:=Exp[0+xx[[1]]*T^1+xx[[2]]*T^2+xx[[3]]*T^3]*(1)
(* Fitting with shape 1 1 1 1 1 1 1 1 1 1 1 0 *)
G[T_,xx_]:=Exp[0+xx[[1]]*T^1+xx[[2]]*T^2+xx[[3]]*T^3]*(1)
(* Fitting with shape 1 1 1 1 1 1 1 1 1 1 1 1 *)
G[T_,xx_]:=Exp[0+xx[[1]]*T^1+xx[[2]]*T^2+xx[[3]]*T^3]*(1)
(* Fitting with shape 0 1 1 1 1 1 1 1 1 1 0 0 *)
G[T_,xx_]:=Exp[0+xx[[1]]*T^1+xx[[2]]*T^2+xx[[3]]*T^3]*(1)
(* Fitting with shape 0 1 1 1 1 1 1 1 1 1 1 0 *)
G[T_,xx_]:=Exp[0+xx[[1]]*T^1+xx[[2]]*T^2+xx[[3]]*T^3]*(1)
(* Fitting with shape 0 1 1 1 1 1 1 1 1 1 1 1 *)
G[T_,xx_]:=Exp[0+xx[[1]]*T^1+xx[[2]]*T^2+xx[[3]]*T^3]*(1)
(* Fitting with shape 0 0 1 1 1 1 1 1 1 1 0 0 *)
G[T_,xx_]:=Exp[0+xx[[1]]*T^1+xx[[2]]*T^2+xx[[3]]*T^3]*(1)
(* Fitting with shape 0 0 1 1 1 1 1 1 1 1 1 0 *)
G[T_,xx_]:=Exp[0+xx[[1]]*T^1+xx[[2]]*T^2+xx[[3]]*T^3]*(1)
(* Fitting with shape 0 0 1 1 1 1 1 1 1 1 1 1 *)
G[T_,xx_]:=Exp[0+xx[[1]]*T^1+xx[[2]]*T^2+xx[[3]]*T^3]*(1)
(* Fitting with shape 1 1 1 1 1 1 1 1 1 1 0 0 *)
G[T_,xx_]:=Exp[0+xx[[1]]*T^1+xx[[2]]*T^2+xx[[3]]*T^3]*(1+xx[[4]]/(T^1))
(* Fitting with shape 1 1 1 1 1 1 1 1 1 1 1 0 *)
G[T_,xx_]:=Exp[0+xx[[1]]*T^1+xx[[2]]*T^2+xx[[3]]*T^3]*(1+xx[[4]]/(T^1))
(* Fitting with shape 1 1 1 1 1 1 1 1 1 1 1 1 *)
G[T_,xx_]:=Exp[0+xx[[1]]*T^1+xx[[2]]*T^2+xx[[3]]*T^3]*(1+xx[[4]]/(T^1))
(* Fitting with shape 0 1 1 1 1 1 1 1 1 1 0 0 *)
G[T_,xx_]:=Exp[0+xx[[1]]*T^1+xx[[2]]*T^2+xx[[3]]*T^3]*(1+xx[[4]]/(T^1))
(* Fitting with shape 0 1 1 1 1 1 1 1 1 1 1 0 *)
G[T_,xx_]:=Exp[0+xx[[1]]*T^1+xx[[2]]*T^2+xx[[3]]*T^3]*(1+xx[[4]]/(T^1))
(* Fitting with shape 0 1 1 1 1 1 1 1 1 1 1 1 *)
G[T_,xx_]:=Exp[0+xx[[1]]*T^1+xx[[2]]*T^2+xx[[3]]*T^3]*(1+xx[[4]]/(T^1))
(* Fitting with shape 0 0 1 1 1 1 1 1 1 1 0 0 *)
G[T_,xx_]:=Exp[0+xx[[1]]*T^1+xx[[2]]*T^2+xx[[3]]*T^3]*(1+xx[[4]]/(T^1))
(* Fitting with shape 0 0 1 1 1 1 1 1 1 1 1 0 *)
G[T_,xx_]:=Exp[0+xx[[1]]*T^1+xx[[2]]*T^2+xx[[3]]*T^3]*(1+xx[[4]]/(T^1))
(* Fitting with shape 0 0 1 1 1 1 1 1 1 1 1 1 *)
G[T_,xx_]:=Exp[0+xx[[1]]*T^1+xx[[2]]*T^2+xx[[3]]*T^3]*(1+xx[[4]]/(T^1))
(* Fitting with shape 1 1 1 1 1 1 1 1 1 1 0 0 *)
G[T_,xx_]:=Exp[0+xx[[1]]*T^1+xx[[2]]*T^2+xx[[3]]*T^3]*(1+xx[[4]]/(T^1)+xx[[5]]/(T^2))
(* Fitting with shape 1 1 1 1 1 1 1 1 1 1 1 0 *)
G[T_,xx_]:=Exp[0+xx[[1]]*T^1+xx[[2]]*T^2+xx[[3]]*T^3]*(1+xx[[4]]/(T^1)+xx[[5]]/(T^2))
(* Fitting with shape 1 1 1 1 1 1 1 1 1 1 1 1 *)
G[T_,xx_]:=Exp[0+xx[[1]]*T^1+xx[[2]]*T^2+xx[[3]]*T^3]*(1+xx[[4]]/(T^1)+xx[[5]]/(T^2))
(* Fitting with shape 0 1 1 1 1 1 1 1 1 1 0 0 *)
G[T_,xx_]:=Exp[0+xx[[1]]*T^1+xx[[2]]*T^2+xx[[3]]*T^3]*(1+xx[[4]]/(T^1)+xx[[5]]/(T^2))
(* Fitting with shape 0 1 1 1 1 1 1 1 1 1 1 0 *)
G[T_,xx_]:=Exp[0+xx[[1]]*T^1+xx[[2]]*T^2+xx[[3]]*T^3]*(1+xx[[4]]/(T^1)+xx[[5]]/(T^2))
(* Fitting with shape 0 1 1 1 1 1 1 1 1 1 1 1 *)
G[T_,xx_]:=Exp[0+xx[[1]]*T^1+xx[[2]]*T^2+xx[[3]]*T^3]*(1+xx[[4]]/(T^1)+xx[[5]]/(T^2))
(* Fitting with shape 0 0 1 1 1 1 1 1 1 1 0 0 *)
G[T_,xx_]:=Exp[0+xx[[1]]*T^1+xx[[2]]*T^2+xx[[3]]*T^3]*(1+xx[[4]]/(T^1)+xx[[5]]/(T^2))
(* Fitting with shape 0 0 1 1 1 1 1 1 1 1 1 0 *)
G[T_,xx_]:=Exp[0+xx[[1]]*T^1+xx[[2]]*T^2+xx[[3]]*T^3]*(1+xx[[4]]/(T^1)+xx[[5]]/(T^2))
(* Fitting with shape 0 0 1 1 1 1 1 1 1 1 1 1 *)
G[T_,xx_]:=Exp[0+xx[[1]]*T^1+xx[[2]]*T^2+xx[[3]]*T^3]*(1+xx[[4]]/(T^1)+xx[[5]]/(T^2))
Probabilities: 
         0          0          0          0          0          0          0          0          0          0          0          0          0          0          0  0.0668183          0          0          0          0          0          0          0          0   0.347589          0          0          0          0          0          0          0          0          0          0          0          0          0          0          0          0          0   0.585592          0          0          0          0          0          0          0          0          0          0          0
         0          0          0          0          0          0          0          0          0          0          0          0          0          0          0  0.0415004          0          0          0          0          0          0          0          0   0.286532          0          0          0          0          0          0          0          0          0          0          0          0          0          0          0          0          0   0.489432          0          0          0          0          0          0          0          0   0.182536          0          0
         0          0          0          0          0          0          0          0          0          0          0          0          0          0          0   0.148332          0          0          0          0          0          0          0          0   0.414368          0          0          0          0          0          0          0          0          0          0          0          0          0          0          0          0          0    0.27569          0          0          0          0          0          0          0          0    0.16161          0          0
         0          0          0          0          0          0          0          0          0          0          0          0          0          0          0   0.292024          0          0          0          0          0          0          0          0   0.207625          0          0          0          0          0          0          0          0          0          0          0          0          0          0          0          0          0   0.127007          0          0          0          0          0          0          0          0   0.373344          0          0
         0          0          0          0          0          0          0          0          0          0          0          0          0          0          0   0.352972          0          0          0          0          0          0          0          0   0.430556          0          0          0          0          0          0          0          0          0          0          0          0          0          0          0          0          0   0.216472          0          0          0          0          0          0          0          0          0          0          0
         0          0          0          0          0          0          0          0          0          0          0          0          0          0          0   0.292513          0          0          0          0          0          0          0          0   0.707487          0          0          0          0          0          0          0          0          0          0          0          0          0          0          0          0          0          0          0          0          0          0          0          0          0          0          0          0          0
         0          0          0          0          0          0          0          0          0          0          0          0          0          0          0   0.358091          0          0          0          0          0          0          0          0   0.346755          0          0          0          0          0          0          0          0          0          0          0          0          0          0          0          0          0   0.295154          0          0          0          0          0          0          0          0          0          0          0
         0          0          0          0          0          0 0.00985008          0          0          0          0          0          0          0          0   0.420383          0          0          0          0          0          0          0          0   0.228831          0          0          0          0          0          0          0          0          0          0          0          0          0          0          0          0          0   0.173419          0          0          0          0          0          0          0          0   0.167516          0          0
         0          0          0          0          0          0  0.0667709          0          0          0          0          0          0          0          0   0.494428          0          0          0          0          0          0          0          0   0.319069          0          0          0          0          0          0          0          0          0          0          0          0          0          0          0          0          0          0          0          0          0          0          0          0          0          0   0.119733          0          0
         0          0          0          0          0          0   0.356775          0          0          0          0          0          0          0          0   0.150252          0          0          0          0          0          0          0          0  0.0594369          0          0          0          0          0          0          0          0          0          0          0          0          0          0          0          0          0   0.123529          0          0          0          0          0          0          0          0   0.310007          0          0
         0          0          0          0          0          0   0.640825          0          0          0          0          0          0          0          0   0.235682          0          0          0          0          0          0          0          0  0.0846465          0          0          0          0          0          0          0          0          0          0          0          0          0          0          0          0          0          0          0          0          0          0          0          0          0          0  0.0388458          0          0
         0          0          0          0          0          0   0.709393          0          0          0          0          0          0          0          0   0.238839          0          0          0          0          0          0          0          0          0          0          0          0          0          0          0          0          0          0          0          0          0          0          0          0          0          0          0          0          0          0          0          0          0          0          0  0.0517683          0          0

Values: 
 0.194351   0.19433  0.194327  0.191189  0.191183  0.191173  0.189109  0.189111  0.189113  0.187688  0.187683   0.18768  0.186451  0.186446  0.186446  0.186213  0.186213  0.186213  0.186042  0.186038  0.186037  0.186115  0.186126  0.186126  0.186488  0.186508  0.186508   1.10636   1.37768   1.38003   1.09069    1.0927   1.09261   1.29565   1.00386   1.00373  0.189192  0.890563  0.895602  0.855782  0.186544  0.186533  0.185661  0.185575  0.185661  0.886324   0.88997  0.185489  0.713437   0.18469  0.184941  0.608654   0.18515  0.185606
 0.332938  0.332927  0.332942  0.324408   0.36401  0.324442  0.320872  0.320876  0.320876  0.317211  0.317229   0.31723  0.314806  0.314804  0.351646  0.313921  0.313919   0.31392  0.313776   0.31377  0.313771  0.321334  0.313538  0.313541    0.3151  0.315133   0.31513   1.05865   1.06956   1.06968   1.10611   1.10629    1.1067   1.25342  0.328515   1.24567  0.974788   0.97506  0.975073  0.846054  0.315588  0.315566  0.311249  0.311155  0.900436  0.312343  0.312203  0.312265  0.307013  0.835413  0.307516  0.310535  0.757983  0.311049
 0.451994  0.451969  0.451894  0.435925  0.435899  0.435931  0.429689  0.429624  0.429637  0.423574  0.423535  0.423566  0.419234  0.419142   0.41916   0.41698  0.416862  0.416894   0.41717  0.417052  0.417074  0.415653  0.415462  0.415525  0.420703  0.419954  0.420084   1.22281   1.09644   1.09584    1.2253   1.20791  0.458106   1.05481    1.0547   1.34443  0.968786  0.968986  0.968778  0.624682  0.919396  0.423926  0.409964  0.412651  0.628514   0.41758  0.418498  0.418043  0.398258   0.40446  0.403742  0.426549  0.438172  0.431381
 0.565163   0.56543  0.564988  0.542249  0.542028    0.5419  0.531302  0.531275  0.531352  0.522328  0.522239  0.522281    0.5149  0.514842  0.514964  0.511018  0.510975  0.511051  0.511589   0.51151  0.511634  0.508782  0.508745  0.508766  0.516451  0.515879   0.82234  0.609685  0.609854  0.609513   1.13213   1.13074  -10.7314   1.06625   1.02947    1.0435  0.959976  0.926865  0.928767  0.524112  0.524145  0.971275  0.505214   0.50721  0.508812         1         1         1  0.493514  0.748926   1.10279  0.591053  0.362562  0.588295
 0.676664  0.676343  0.676234  0.645414  0.644897  0.644764  0.630051  0.629606  0.629445   0.61764   0.61726  0.617107   0.60616  0.605482  0.605224  0.599283  0.598942  0.598533  0.600987  0.908363  0.599809  0.595757  0.595035  0.594293  0.618901  0.610289  0.607321  0.742754   0.82213  0.822252  0.692862   1.20685   1.18294   1.04439   1.01654  0.997219  0.979853  0.646573   0.64689   1.01589  0.623889  0.625714  0.570021  0.595912  0.605101  0.953137  0.956395  0.954408   1.07199   1.25638  0.607064   3.30955  0.856243 -0.533002
 0.792437  0.792612  0.792593  0.748424  0.748369   0.74839  0.728248  0.728235   0.72822  0.711712  0.711816  0.711824  0.695572  0.695624  0.695615  0.683405  0.683409  0.683425  0.687938   0.68793   0.68794  0.677601  0.677158  0.682668   0.74193  0.739627  0.739565    1.0503   1.20932   1.29557  0.815483   1.18956    1.2076   1.13226   1.22413   1.04209  0.287711  0.273563  0.285588   1.02367  0.723365  0.897424  0.773165  0.676703  0.599305   0.37465  0.702653  0.851164  0.471523  0.851201   1.00709  0.959573   1.07804     1.051
 0.914853  0.914809  0.914684  0.855805  0.856127   0.85597  0.828066  0.828714  0.828609  0.807293  0.807886  0.807786  0.782164  0.782126     0.782  0.753721  0.748152         1  0.769785  0.768915  0.768816  0.738406  0.726936  0.727568  0.837287   0.84033  0.841235   1.05579   1.06539   1.02472   1.09106   1.09158   1.09345   1.00859   1.00847   1.01484   0.86664  0.871302  0.871363  0.836243  0.984214  0.932176  0.492372  0.500953  0.499692  0.804767  0.837209  0.836845  0.585169  0.607559  0.909114 -0.308274  0.919969  0.956334
  1.05254   1.05245   1.05028   0.97243  0.972983  0.971752  0.938405  0.940926  0.940109  0.913534  0.915148   0.91303  0.871645  0.876692  0.878674  0.778932  0.771989  0.783808  0.844457  0.850481  0.856266  0.739572   0.73845   0.74281  0.838301  0.838236  0.842111   1.00034  0.998257  0.999579   1.24617   1.08522   1.28588   1.03369   1.01226   1.02212   1.01863   1.02226   1.00992   1.01813   1.05355   1.04851  0.657766  0.672037  0.574219  0.992137   1.04936  0.919343  0.764183  0.793357   1.16936 -0.162978   1.16015   1.45056
  1.19179   1.19177   1.19011   1.09917   1.09937   1.09793   1.06485   1.06537   1.06417   1.03443   1.03484   1.03287  0.988627  0.989762   0.98812   0.80625  0.808747  0.806544  0.945492  0.947631  0.945049   1.02191   1.02252   1.00108  0.904594   0.90553  0.902493   1.34349   1.34242   1.06754   1.08387   1.08417   1.08516  0.978524  0.981162   1.02873   0.93693   0.93747  0.934066   1.16891   1.35809   1.33529  0.604561  0.555025  0.947738   1.48395   1.46113   1.47933    1.1078   1.12591   1.13721   1.48306  0.460107   1.36189
  1.32595     1.326   1.32548   1.23962   1.23962   1.23919   1.23428   1.23427    1.2332   1.18473   1.18468   1.18425   1.21867   1.16852    1.1682   1.17553   1.17554    1.1748   1.18121   1.18121   1.18083   1.19866   1.19857   1.19733   1.15338    1.1534   1.15276   1.02055   1.46492   1.46425   1.10329   1.09725   1.29569   1.04906   1.07002   1.05811   1.16683   1.16933   1.16314   2.15992  0.799439   1.86019   1.96307  0.753977   1.93236   2.29121   2.10159   1.97058   3.15307   2.60959   2.28905    4.9995  0.692465   2.99062
  1.43541   1.43478   1.43464   1.37671    1.3763   1.37592   1.42206   1.41788   1.42511   1.34464   1.34411    1.3443   1.27645   1.27605   1.27573   1.31451   1.31174    1.3161    1.3105   1.30997   1.30973   1.38668   1.38176   1.39103   1.26283    1.2604   1.26368   1.10953   1.51798   1.51685   1.09558   1.08469   1.24394   1.05477   1.00444    1.0303   1.02298    1.2074  0.923086   2.35361   1.47588   1.42215   1.02031  0.989868   1.00842  0.916864  0.906525   1.69838   1.50173  0.898809   1.63654 -0.605532  -1.12736  0.155028
  1.47451   1.47457   1.47492   1.42819   1.42776   1.42734   1.51703   1.52349    1.5225   1.40641   1.40621   1.40536   1.31607   1.31572   1.31571   1.38391   1.38791   1.38737   1.35929   1.35902   1.35867   1.49236   1.49942   1.49817    1.3181   1.32136    1.3209   1.52706   1.52597   1.06557   1.09696   1.08468   1.06895   1.00212   1.03008  0.976465  0.620714  0.592738  0.646669   1.51803   1.21439   1.19732  0.988688   1.00886   1.02979  0.940388  0.939618  0.604785  0.966641  -8.99666  -7.56442  -13.7906  -10.2581  -11.9771

Errors: 
3.37647e-05 3.36472e-05 3.35597e-05 3.60308e-05 3.59054e-05 3.58445e-05 4.23387e-05 4.21937e-05 4.20631e-05 4.25534e-05  4.2013e-05  4.2159e-05 5.82056e-05 5.81366e-05 5.79992e-05 7.46209e-05  7.4598e-05 7.46383e-05 6.75748e-05   6.754e-05 6.74253e-05 9.94396e-05 9.93081e-05 9.92714e-05 0.000140686 0.000140168 0.000139788           0           0           0           0           0           0     1.00002           0           0 7.83572e-05    0.650531 1.22057e-05 1.52082e-05 0.000136537 0.000129398 0.000231656 0.000216035 0.000199719    0.481815    0.477949 0.000165803 1.46235e-06 0.000348136 0.000314738 0.000246738 0.000675481 0.000576481
          0           0           0 0.000121748           0 0.000121572 0.000134417  0.00013436 0.000134372 0.000142478 0.000142291 0.000142285 0.000190148   0.0001889           0 0.000257038 0.000257724 0.000256779 0.000225439 0.000223968 0.000228372           0 0.000401406 0.000361894 0.000552334 0.000546236  0.00054488           0           0           0           0           0           0     1.00017 0.000328234     1.00007           0           0           0           1 0.000628415 0.000619297  0.00103301  0.00101149     1.00004 0.000866691  0.00084285 0.000828157  0.00174126           1  0.00159801  0.00411586 0.000961408  0.00334293
0.000265611  0.00026554 0.000263974 0.000286802 0.000286855 0.000285347 0.000322588 0.000321782 0.000320264 0.000344663 0.000342613  0.00034195  0.00047689 0.000473493 0.000472792 0.000699226 0.000697276 0.000697954 0.000574034 0.000571063 0.000569446  0.00104847  0.00107346  0.00106049  0.00190198    0.001936  0.00190883           0           0           0           0           0 0.000640422     1.00392     1.00392     1.00018           0           0           0           1     1.00049  0.00193742  0.00395143   0.0037369           1    0.002727  0.00267985  0.00259894  0.00665633  0.00607791  0.00586985   0.0120015   0.0106501    0.010095
          0           0           0 0.000572886 0.000570464 0.000563275 0.000684473  0.00067533 0.000666656 0.000731706 0.000739334 0.000721879  0.00108441  0.00106869  0.00106293  0.00174982  0.00174518  0.00175654  0.00141229  0.00134501  0.00133436   0.0026818  0.00266047  0.00268001  0.00498392  0.00485689           0 0.000875494 0.000878314 0.000862866           0           0     1.01864     1.02328    0.962894     1.01199           0           0           0   0.0047755  0.00471988     1.00004   0.0103307  0.00952195  0.00941139   0.0143854   0.0135264   0.0139377   0.0146878 0.000367213 0.000674539   0.0204587     258.752   0.0184912
0.000888106 0.000878416  0.00087794  0.00103265  0.00102348  0.00102031  0.00129603  0.00128124  0.00127867  0.00139635  0.00139051  0.00136302  0.00225637  0.00224583  0.00222212  0.00395582  0.00395036  0.00392534  0.00290433           0  0.00289372  0.00625459  0.00608929  0.00631811   0.0121763      0.0128   0.0105266  0.00171816           0           0  0.00276762           0           0           0     1.01024     1.01119           0  0.00458344  0.00451562     1.00012    0.011092   0.0109105   0.0287079   0.0264433   0.0247751  0.00407373  0.00406364  0.00397273 0.000802249 0.000776274   0.0233334           1   0.0302407   0.0191826
 0.00144675     0.00147  0.00146462  0.00179129  0.00179057  0.00178562  0.00230478   0.0023074  0.00234731  0.00251147  0.00252503  0.00252125  0.00427876  0.00429572  0.00437521  0.00849237  0.00845979   0.0084802  0.00575123  0.00580503  0.00590178   0.0143385   0.0159685  0.00280272   0.0268043   0.0274073   0.0274341           0           0           0  0.00530452           0           0     1.00199     1.00129           0           0           0           0     1.00015    0.026299     1.00068     1.00423     1.00009   0.0801577  0.00810517   0.0284523 0.000813969   0.0188567     1.00006   0.0010206    0.237059   0.0427817    0.041238
 0.00234002  0.00233887  0.00230316  0.00313617  0.00313639  0.00312253           0           0  0.00466097  0.00478318  0.00477809  0.00477789  0.00958851  0.00961202  0.00959887   0.0204476   0.0206679           0   0.0129166   0.0133861   0.0135043   0.0341111   0.0394055   0.0353394    0.041444   0.0503046   0.0491044           0           0  0.00491739           0           0           0           0           0           0   0.0184708   0.0182947    0.018489   0.0551591     1.00026     1.00027   0.0283049   0.0370669   0.0336667   0.0431052   0.0422463   0.0415993   0.0355856   0.0345597     1.00015   0.0143367   0.0573749   0.0558671
 0.00393538  0.00393318  0.00390291  0.00589627  0.00586204  0.00565734  0.00967489  0.00954106  0.00947905  0.00931402  0.00921849  0.00897862   0.0234231    0.023352     0.02233     0.07489   0.0811154   0.0757289    0.035463   0.0371181    0.033906   0.0214785   0.0193991    0.016637   0.0283773   0.0301996   0.0281567           0           0           0      1.0008           0     1.00045     1.61538           0           0   0.0425926   0.0431998   0.0425689     0.10592    0.106978    0.103731    0.070966   0.0767584     1.00005   0.0599474    0.059573  0.00305906   0.0695231   0.0669769  0.00925051    0.123044   0.0827862   0.0798006
 0.00601078  0.00600102  0.00593534           0           0           0   0.0194315   0.0194075   0.0193024    0.017817   0.0177888   0.0175456   0.0479279   0.0484892   0.0524889   0.0280094    0.021363   0.0245328   0.0774804   0.0811547   0.0755244   0.0244996    0.024457   0.0263561    0.056554   0.0563969   0.0558514   0.0161897   0.0160474           0           0           0           0     1.58973           0     2.59031           0           0           0     1.00041   0.0250968     1.00011     1.00038     1.00001    0.162758   0.0825242   0.0805695   0.0786489    0.133952    0.108652     0.10511    0.120659   0.0516245     0.11623
 0.00862793  0.00862556  0.00853045   0.0183769   0.0183841   0.0183067   0.0399679   0.0399849   0.0396609   0.0301733     0.03018   0.0330495   0.0784785   0.0110953   0.0110158   0.0230504   0.0230555   0.0228896   0.0163477   0.0163491   0.0163094   0.0455381   0.0455475   0.0448553   0.0158269   0.0158234   0.0156941           0   0.0291677   0.0287323           0           0    0.110872           0           0      4.9722    0.207256    0.218511   0.0214184    0.230746     1.00429   0.0352396    0.162001     0.95587    0.123024    0.108385    0.105126    0.103307    0.112574     0.10961    0.108484    0.134597     1.00181    0.135451
   0.011859   0.0117601   0.0117485   0.0288097    0.028771   0.0286998   0.0822865   0.0816946   0.0822482   0.0449766   0.0486615   0.0455604   0.0174867    0.017438   0.0174112   0.0493532   0.0486545   0.0493491   0.0259741   0.0257992    0.025755   0.0952805   0.0942107    0.094472   0.0360726   0.0335893   0.0358145           0   0.0472742   0.0472824           0           0           0           0           0           0    0.442793   0.0319215           0    0.152388     0.10464   0.0972114           0           0           0  0.00742267    0.128542    0.135568     0.23658      1.0025    0.224662    0.230311    0.224457    0.227666
  0.0131322    0.013129   0.0131008   0.0351815   0.0351117   0.0350728    0.114521    0.114844    0.111951   0.0550694   0.0539906   0.0554659   0.0214225   0.0213792   0.0213664   0.0772636   0.0767596   0.0746986    0.031627   0.0315711   0.0314379    0.131692     0.12997    0.129812           0   0.0554599   0.0554644   0.0580907   0.0580214           0           0           0           0           0           0           0    0.275102    0.353541    0.127995    0.143728    0.118191    0.102367           0           0           0  0.00549105   0.0054395    0.198904    0.233288     0.18896    0.184858    0.243332    0.245201    0.237386

Statuses: 
0 0 0 0 0 0 0 0 0 0 0 0 0 0 0 0 0 0 0 0 0 0 0 0 0 0 0 3 3 3 3 3 3 3 3 3 0 3 3 3 0 0 0 0 0 3 3 0 3 0 0 3 0 0
2 2 2 0 3 0 0 0 0 0 0 0 0 0 3 0 0 0 0 0 0 3 0 0 0 0 0 3 3 3 3 3 3 3 0 3 3 3 3 3 0 0 0 0 3 0 0 0 0 3 0 0 3 0
0 0 0 0 0 0 0 0 0 0 0 0 0 0 0 0 0 0 0 0 0 0 0 0 0 0 0 3 3 3 3 3 0 3 3 3 3 3 3 3 3 0 0 0 3 0 0 0 0 0 0 0 0 0
2 2 2 0 0 0 0 0 0 0 0 0 0 0 0 0 0 0 0 0 0 0 0 0 0 0 3 0 0 0 3 3 3 3 3 3 3 3 3 0 0 3 0 0 0 3 3 3 0 3 3 0 3 0
0 0 0 0 0 0 0 0 0 0 0 0 0 0 0 0 0 0 0 3 0 0 0 0 0 0 0 0 3 3 0 3 3 3 3 3 3 0 0 3 0 0 0 0 0 3 3 3 3 3 0 3 0 0
0 0 0 0 0 0 0 0 0 0 0 0 0 0 0 0 0 0 0 0 0 0 0 0 0 0 0 3 3 3 0 3 3 3 3 3 3 3 3 3 0 3 3 3 0 0 0 3 0 3 3 3 0 0
0 0 0 0 0 0 2 2 0 0 0 0 0 0 0 0 0 3 0 0 0 0 0 0 0 0 0 3 3 0 3 3 3 3 3 3 0 0 0 0 3 3 0 0 0 0 0 0 0 0 3 1 0 0
0 0 0 0 0 0 0 0 0 0 0 0 0 0 0 0 0 0 0 0 0 0 0 0 0 0 0 3 3 3 3 3 3 3 3 3 0 0 0 0 0 0 0 0 3 0 0 3 0 0 3 0 0 0
0 0 0 2 2 2 0 0 0 0 0 0 0 0 0 0 0 0 0 0 0 0 0 0 0 0 0 0 0 3 3 3 3 3 3 3 3 3 3 3 0 3 3 3 0 0 0 0 0 0 0 0 1 0
0 0 0 0 0 0 0 0 0 0 0 0 0 0 0 0 0 0 0 0 0 0 0 0 0 0 0 3 0 0 3 3 0 2 2 3 0 0 0 0 3 0 0 3 0 0 0 0 0 0 0 0 3 0
0 0 0 0 0 0 0 0 0 0 0 0 0 0 0 0 0 0 0 0 0 0 0 0 0 0 0 3 0 0 3 3 3 2 2 2 0 0 3 0 0 0 2 2 2 3 3 0 0 3 0 0 0 0
0 0 0 0 0 0 0 0 0 0 0 0 0 0 0 0 0 0 0 0 0 0 0 0 2 0 0 0 0 3 3 3 3 2 2 2 0 0 0 0 0 0 2 2 2 3 3 0 0 0 0 0 0 0
chisq per dof: 
53.8272 47.9992 43.3007 11.6512 10.3234 9.31014 3.89341 3.48031 3.17053 2.41777  2.2428 2.10683 1.53875 1.46515   1.407 1.61028 1.51398 1.44059 1.68645 1.59363 1.51955 1.82234  1.6909 1.59228 2.00359 1.80812 1.67345 60876.5 66845.7 59335.7 81944.1   71517 62693.4 70052.5 61706.1 53071.9 2.21216 59071.5 58553.2 88239.1  1.7086 1.60743 2.00176 1.80286 1.67037  108633 93545.7 1.72357  104576 2.00312 1.83927  113099 2.25281 2.00443
23.3841 20.9287 18.9471 5.44633 470.682 4.47826 2.49188 2.28172 2.12182 1.83101  1.7328 1.65143 1.54148 1.46522 179.129 1.61418 1.51316 1.43986 1.68906 1.59189 1.51792  741.71 1.68976 1.59124 2.00747 1.80704 1.67254 4759.37  4228.9 3840.76 7494.27 6441.81 5674.24 5833.43 1.89697 4233.84 6720.87 5871.16  5168.8 2551.48 1.70745 1.60642  2.0056 1.80465  4685.2 2.02278 1.85287 1.73115 2.25683 8884.11 1.83902 2.67406 7220.73 2.00509
11.3869 10.2417  9.3227 3.12547 2.90066  2.6904 1.82622 1.71873 1.62914 1.62369 1.55562 1.49467 1.52871 1.45605 1.39956 1.60762 1.50898 1.43702 1.68221 1.58693  1.5142 1.81461 1.68099 1.58458 2.00244  1.8067 1.67286 1291.76 949.689 873.153 1244.44 1053.79 1.71881 1396.75 1164.33 871.566 1384.44 1172.16 1048.12 1395.25 1694.54 1.59315 2.00387 1.80893 901.518 2.01862 1.85106 1.73037 2.25723 2.01295 1.84431 2.66965 2.25556 2.00643
5.82595 5.29592 4.90371 2.13703 2.01155 1.90117 1.52882 1.45333  1.3971 1.52589 1.46313  1.4118 1.51536 1.44185 1.38729 1.60705 1.50622 1.43454 1.67638 1.57988   1.508 1.80959 1.67487 1.57906  2.0065 1.80593 106.604 2.80202  2.6326 2.46859 550.218 473.531 364.596 418.538  352.22 307.188 387.714 238.524 212.633 1.81304 1.67754 466.983 2.00822 1.80725 1.67356 1078.08 898.653 778.843 2.26076 576.136 549.358 2.66794 2.28181 2.00081
3.45982 3.18898 2.97761 1.68153  1.6105 1.54777 1.42731 1.37072 1.32667 1.48373 1.43047 1.38469 1.51493 1.44618 1.39165 1.61138 1.51568 1.44322 1.67875 154.471 1.51431 1.81321 1.68329 1.58677 2.01004 1.81771 1.68321 2.02905 251.085 230.988 1.57057 171.894 147.889 152.081 131.147 112.794 120.298 1.59156 1.51778 237.606 1.68401 1.58691 2.01244  1.8188 1.68368 411.283 347.156 299.238 234.724 170.834 1.85112 121.283 2.25924 2.01644
2.43896 2.28003 2.15205 1.48963  1.4307 1.38287 1.38346 1.33194 1.29046 1.46236 1.40768 1.36239 1.51344 1.44353 1.38809 1.61196 1.51397 1.44055 1.67864  1.5851 1.51196 1.81345 1.68179 1.58455 2.00836 1.81217 1.67681 7.08109  49.697 35.8709 1.53126 46.8322 33.4888 58.7976  42.513 45.5178 152.178  70.119 25.5928 92.2797 1.68291 71.9118 78.2793 57.3644 1.67937 2.03582 1.84913 37.0538 2.26407  99.408 36.6811  21.539 2.25869 2.00742
1.80043 1.71278 1.64157 1.36671 1.32719 1.29107  1.3605 1.31759 1.27797 1.44748 1.39805 1.35396  1.5109 1.44496 1.38946 1.60919 1.51456 9.09425 1.67648 1.58663 1.51342 1.81034 1.68245 1.58515 2.00811 1.81432  1.6788 22.8743 6.44937 1.41959 38.3716 33.1249 29.6928 24.8668 20.9069   18.48   1.677 1.58627 1.51312 1.81193 35.2683 32.3732 2.00867 1.81567 1.67998 2.01159 1.85043 1.72909 2.26192 2.01847 38.5237 18.4156 2.26788 2.01451
1.48315 1.42971 1.40137 1.31923 1.27995 1.24937 1.35174 1.30359 1.26678 1.44231 1.38848 1.34615 1.51107 1.44032 1.38681 1.60879 1.50937 1.43875  1.6768 1.58235 1.51122 1.81034 1.67746 1.58266 2.00962 1.81032 1.67779 12.6625  13.611  11.332 12.3023 13.0804  6.0465 8.56257 7.34932   6.668 1.67628 1.58132 1.51041 1.81153  1.6781  1.5832 2.01059 1.81108 4.08412  2.0115 1.84483 14.3025 2.26286 2.01267 12.0395 2.67629 2.26154 2.01161
1.33616 1.29881 1.27136 1.30434 1.26638 1.23718 1.35023 1.30036 1.26331 1.44155 1.38649  1.3439 1.51378 1.44056  1.3859 1.61188 1.51013 1.43755 1.67981 1.58289 1.51042 1.81735 1.68133 1.58399 2.01289 1.81058  1.6757 1.44287 1.38792 7.12006 6.91188 6.08576 5.52256 3.62217 3.19376 2.89488 7.63124 6.38362 6.54834 3.00631   1.677 2.71593  3.4845 2.48897 1.67608 2.01192 1.84373 1.72334 2.26416 2.01178 1.84335 2.68376 2.26327 2.01082
1.27686 1.24613 1.22164 1.29249 1.25596 1.22761 1.34121  1.2925 1.25604 1.43546 1.38106  1.3388 1.50782 1.43566 1.38129 1.60907 1.50759  1.4352 1.67473 1.57836 1.50616 1.80928 1.67443  1.5782 2.01109  1.8089 1.67424 4.73916 1.38306  1.3406 3.82448 3.48107 1.38084 2.19721 1.99805 1.86372  1.6747 1.57834 1.50614 1.80641 3.73164 1.57689 2.00853 2.31681 1.67293 2.00604 1.83896 1.71967 2.25472 2.00605 1.83942 2.66909 2.88376 2.00715
1.25843 1.22986 1.20804 1.29079 1.25463 1.22759 1.33883 1.29069 1.25566 1.43398  1.3799 1.33898 1.50721 1.43492 1.38209  1.6066 1.50581 1.43505 1.67327 1.57727  1.5066  1.8066 1.67248 1.57789 2.00833 1.80704  1.6743  2.3243 1.38085  1.3399 2.53354 2.34598 1.39466  1.7633 1.63922 1.54888 1.67227 1.57663 3.15222 1.80757 1.67249  1.5779  2.2041 1.96708 1.80702 5.20715 4.28437 1.72075 2.25826 3.33965 1.84088 2.67674 2.25817 2.00893
1.25465 1.22657   1.204 1.28914  1.2532 1.22511 1.33647 1.28848 1.25248 1.43227 1.37846 1.33646 1.50547 1.43361 1.37944 1.60401 1.50343 1.43157  1.6714 1.57578 1.50385 1.80372 1.66986 1.57423 2.00542 1.80443 1.67043 1.43306  1.3792 2.73154 2.24224 2.09141 1.97794 1.68633 1.57317 1.49137 1.66932 1.57378 1.50214 1.80355 1.66956 1.57398 2.10792 1.88781 1.73997 5.45411 4.70137 1.71672 2.25377  2.0028 1.83576 2.67115  2.2535 2.00291
Mode averaged potential and errors: 
   0.185985 0.000437657
   0.312333  0.00267733
   0.418135  0.00786969
    0.54129   0.0407604
   0.601395   0.0243795
    0.72481   0.0351884
    0.70556    0.145752
    0.61529    0.362487
   0.935932    0.220808
    2.47791     1.71007
    1.30447    0.397277
   0.692787     3.38663
R Models:
(* Fitting with shape 1 1 1 1 1 1 1 1 0 0 0 0 *)
G[R_,xx_]:=xx[[0]] + xx[[1]]/R | xx[[2]]*R
(* Fitting with shape 1 1 1 1 1 1 1 1 1 0 0 0 *)
G[R_,xx_]:=xx[[0]] + xx[[1]]/R | xx[[2]]*R
(* Fitting with shape 1 1 1 1 1 1 1 1 1 1 0 0 *)
G[R_,xx_]:=xx[[0]] + xx[[1]]/R | xx[[2]]*R
(* Fitting with shape 1 1 1 1 1 1 1 1 1 1 1 0 *)
G[R_,xx_]:=xx[[0]] + xx[[1]]/R | xx[[2]]*R
(* Fitting with shape 1 1 1 1 1 1 1 1 1 1 1 1 *)
G[R_,xx_]:=xx[[0]] + xx[[1]]/R | xx[[2]]*R
(* Fitting with shape 0 1 1 1 1 1 1 1 0 0 0 0 *)
G[R_,xx_]:=xx[[0]] + xx[[1]]/R | xx[[2]]*R
(* Fitting with shape 0 1 1 1 1 1 1 1 1 0 0 0 *)
G[R_,xx_]:=xx[[0]] + xx[[1]]/R | xx[[2]]*R
(* Fitting with shape 0 1 1 1 1 1 1 1 1 1 0 0 *)
G[R_,xx_]:=xx[[0]] + xx[[1]]/R | xx[[2]]*R
(* Fitting with shape 0 1 1 1 1 1 1 1 1 1 1 0 *)
G[R_,xx_]:=xx[[0]] + xx[[1]]/R | xx[[2]]*R
(* Fitting with shape 0 1 1 1 1 1 1 1 1 1 1 1 *)
G[R_,xx_]:=xx[[0]] + xx[[1]]/R | xx[[2]]*R
(* Fitting with shape 0 0 1 1 1 1 1 1 0 0 0 0 *)
G[R_,xx_]:=xx[[0]] + xx[[1]]/R | xx[[2]]*R
(* Fitting with shape 0 0 1 1 1 1 1 1 1 0 0 0 *)
G[R_,xx_]:=xx[[0]] + xx[[1]]/R | xx[[2]]*R
(* Fitting with shape 0 0 1 1 1 1 1 1 1 1 0 0 *)
G[R_,xx_]:=xx[[0]] + xx[[1]]/R | xx[[2]]*R
(* Fitting with shape 0 0 1 1 1 1 1 1 1 1 1 0 *)
G[R_,xx_]:=xx[[0]] + xx[[1]]/R | xx[[2]]*R
(* Fitting with shape 0 0 1 1 1 1 1 1 1 1 1 1 *)
G[R_,xx_]:=xx[[0]] + xx[[1]]/R | xx[[2]]*R
(* Fitting with shape 0 0 0 1 1 1 1 1 0 0 0 0 *)
G[R_,xx_]:=xx[[0]] + xx[[1]]/R | xx[[2]]*R
(* Fitting with shape 0 0 0 1 1 1 1 1 1 0 0 0 *)
G[R_,xx_]:=xx[[0]] + xx[[1]]/R | xx[[2]]*R
(* Fitting with shape 0 0 0 1 1 1 1 1 1 1 0 0 *)
G[R_,xx_]:=xx[[0]] + xx[[1]]/R | xx[[2]]*R
(* Fitting with shape 0 0 0 1 1 1 1 1 1 1 1 0 *)
G[R_,xx_]:=xx[[0]] + xx[[1]]/R | xx[[2]]*R
(* Fitting with shape 0 0 0 1 1 1 1 1 1 1 1 1 *)
G[R_,xx_]:=xx[[0]] + xx[[1]]/R | xx[[2]]*R
2.00176 2.00176 2.00176 
-0.316505 -0.316505 -0.316505 
1 1 1 
-7.12399 -7.12399 -7.12399 
12.6456 12.6456 12.6456 
5.03038e+175 5.03038e+175 5.03038e+175 
3.5936e+246 3.5936e+246 3.5936e+246 
2.14726e+243 2.14726e+243 2.14726e+243 
5.97819e-322 5.97819e-322 5.97819e-322 
7.16395e-322 7.16395e-322 7.16395e-322 
3.12233e-316 3.12233e-316 3.12233e-316 
0 0 0 
3.12233e-316 3.12233e-316 3.12233e-316 
3.13849e-316 3.13849e-316 3.13849e-316 
1.89225e-316 1.89225e-316 1.89225e-316 
3.13077e-316 3.13077e-316 3.13077e-316 
2.122e-314 2.122e-314 2.122e-314 
3.1275e-316 3.1275e-316 3.1275e-316 
3.13078e-316 3.13078e-316 3.13078e-316 
3.0873e-316 3.0873e-316 3.0873e-316 
0 0 0 
0 0 0 
3.1385e-316 3.1385e-316 3.1385e-316 
8.48798e-314 8.48798e-314 8.48798e-314 
-nan -nan -nan 
-nan -nan -nan 
0 0 0 
5.58294e-322 5.58294e-322 5.58294e-322 
1 1 1 
2 2 2 
3 3 3 
4 4 4 
5 5 5 
6 6 6 
7 7 7 
8 8 8 
9 9 9 
10 10 10 
11 11 11 
12 12 12 
0 0 0 
2.42092e-322 2.42092e-322 2.42092e-322 
6.36599e-314 6.36599e-314 6.36599e-314 
1.061e-313 1.061e-313 1.061e-313 
1.4854e-313 1.4854e-313 1.4854e-313 
1.9098e-313 1.9098e-313 1.9098e-313 
2.3342e-313 2.3342e-313 2.3342e-313 
5.58294e-322 5.58294e-322 5.58294e-322 
1 1 1 
1 1 1 
1 1 1 
1 1 1 
1 1 1 
1 1 1 
Probabilities: 
         0          0          0          0          0          0          0 0.00219624 0.00560231  0.0021872 0.00399732  0.0101635 0.00846057  0.0227813  0.0600417 0.00423542          0          0  0.0259108  0.0704302   0.186623 0.00960005  0.0292962  0.0783369 0.00420453   0.011116  0.0295716          0          0          0          0          0          0          0          0          0  0.0292964          0   0.150302          0  0.0273722  0.0733731          0          0          0          0          0          0          0  0.0302849  0.0804036 0.00429503  0.0111563  0.0287614

String tensions: 
          1           1           1           1           1           1           1           1           1    -0.46717   -0.469733   -0.469887   -0.733971   -0.738616   -0.739778    -1.17075    -0.70351   -0.703735     -1.1218    -1.12113     -1.1239    -1.14232    -1.78432    -1.80377    -0.14322     1.02133   -0.285643   -0.108054   -0.107575   -0.107573    0.885013    0.885837     0.88584     1.00548     1.00608     1.00608   0.0143201    -0.09516   0.0109591  -0.0791063  0.00501864  0.00519893    0.997596    0.998626    0.998958   -0.178779    0.271503  0.00379006    0.203379 -0.00638329 -0.00571232   0.0101578 -0.00393817  -0.0126079

Errors: 
   5792.62    5792.62    5792.62    5792.62    5792.62    5792.62    5792.62    5792.62    5792.62  0.0122307  0.0117223  0.0117066   0.104636  0.0981798  0.0979035   0.469468          0          0   0.226484   0.204718   0.205778   0.163853     1.1211    1.09812   0.572088   0.123431   0.111086          0          0          0          0          0          0          0          0          0 0.00675104          1 0.00488856    1.03114  0.0085991 0.00853515          0          0          0          1    1.00124 0.00215407          1  0.0141624  0.0146721  0.0228419  0.0156202  0.0126611

Statuses: 
0 0 0 3 3 3 0 0 0 0 0 0 0 0 0 0 3 3 0 0 0 0 0 0 0 0 0 3 3 3 3 3 3 2 2 2 0 3 0 3 0 0 2 2 2 3 3 1 3 0 0 0 0 0
chisq per dof: 
 84.5581  83.2685  74.2994  32.1263   29.543  24.8639  1.02136 0.963957 0.844411  1.11314  1.07325 0.968848   0.5144 0.443622 0.395894 0.494054  136.432  116.946 0.406844 0.355999 0.322117 0.472283  0.37176   0.3294 0.496982  0.42341 0.369086  1646.04  1441.63  1281.48  676.689  581.571   508.88  251.087  211.037  180.894 0.371758  1007.48 0.370216  183.382 0.391169 0.345765  251.085  211.035  180.893  2179.27  124.045 0.303554  399.134 0.362276 0.322889 0.488463 0.422204 0.377023
Model string tension and errors: 
sigma = -0.590732 +/- 511.543
