R=0parameters: 
-0.680662 -0.680662 
0.310113 0.310113 
3.06268e-09 3.06268e-09 
3.21143e-322 3.21143e-322 
9.88131e-324 9.88131e-324 
1.80139e-316 1.80139e-316 
8.48798e-314 8.48798e-314 
1.95124e-316 1.95124e-316 
1805.12 1805.12 
4.86525e-86 4.86525e-86 4.86525e-86 
1.32069e+213 1.32069e+213 1.32069e+213 
7.2704e+228 7.2704e+228 7.2704e+228 
6.9359e-310 6.9359e-310 6.9359e-310 
3.21143e-322 3.21143e-322 3.21143e-322 
4.30125e-80 4.30125e-80 4.30125e-80 
6.8925e+228 6.8925e+228 6.8925e+228 
4.86525e-86 4.86525e-86 4.86525e-86 
1.32069e+213 1.32069e+213 1.32069e+213 
7.27019e+228 7.27019e+228 7.27019e+228 7.27019e+228 
6.6543e+246 6.6543e+246 6.6543e+246 6.6543e+246 
5.48413e-322 5.48413e-322 5.48413e-322 5.48413e-322 
3.21143e-322 3.21143e-322 3.21143e-322 3.21143e-322 
2.42419e-81 2.42419e-81 2.42419e-81 2.42419e-81 
1.14716e+248 1.14716e+248 1.14716e+248 1.14716e+248 
1.04089e+242 1.04089e+242 1.04089e+242 1.04089e+242 
5.34277e-38 5.34277e-38 5.34277e-38 5.34277e-38 
8.19353e-307 8.19353e-307 8.19353e-307 8.19353e-307 
1.02529e+200 1.02529e+200 1.02529e+200 
2.36496e-312 2.36496e-312 2.36496e-312 
2.42092e-322 2.42092e-322 2.42092e-322 
8.39912e-323 8.39912e-323 8.39912e-323 
1.3131e+213 1.3131e+213 1.3131e+213 
5.05907e-85 5.05907e-85 5.05907e-85 
1.1232e+219 1.1232e+219 1.1232e+219 
2.37152e-322 2.37152e-322 2.37152e-322 
2.42092e-322 2.42092e-322 2.42092e-322 
8.89318e-323 8.89318e-323 8.89318e-323 8.89318e-323 
1.3131e+213 1.3131e+213 1.3131e+213 1.3131e+213 
7.27002e+228 7.27002e+228 7.27002e+228 7.27002e+228 
1.65843e-316 1.65843e-316 1.65843e-316 1.65843e-316 
4.74303e-322 4.74303e-322 4.74303e-322 4.74303e-322 
2.42092e-322 2.42092e-322 2.42092e-322 2.42092e-322 
1.03754e-322 1.03754e-322 1.03754e-322 1.03754e-322 
1.3131e+213 1.3131e+213 1.3131e+213 1.3131e+213 
4.46249e-86 4.46249e-86 4.46249e-86 4.46249e-86 
2.02922e-316 2.02922e-316 2.02922e-316 2.02922e-316 2.02922e-316 
3.95253e-322 3.95253e-322 3.95253e-322 3.95253e-322 3.95253e-322 
3.21143e-322 3.21143e-322 3.21143e-322 3.21143e-322 3.21143e-322 
1.63042e-322 1.63042e-322 1.63042e-322 1.63042e-322 1.63042e-322 
1.95105e-316 1.95105e-316 1.95105e-316 1.95105e-316 1.95105e-316 
1.28495e+74 1.28495e+74 1.28495e+74 1.28495e+74 1.28495e+74 
4.56627e+257 4.56627e+257 4.56627e+257 4.56627e+257 4.56627e+257 
7.31671e+223 7.31671e+223 7.31671e+223 7.31671e+223 7.31671e+223 
6.99178e+228 6.99178e+228 6.99178e+228 6.99178e+228 6.99178e+228 
R=1parameters: 
-0.658293 -0.658293 
0.43805 0.43805 
-6.74927e-06 -6.74927e-06 
0.0135253 0.0135253 
-0.0130367 -0.0130367 
1.665e-321 1.665e-321 
6.9359e-310 6.9359e-310 
2.13513e-316 2.13513e-316 
1.97015e-316 1.97015e-316 
4.00193e-322 4.00193e-322 4.00193e-322 
0.000963808 0.000963808 0.000963808 
0.000293589 0.000293589 0.000293589 
0 0 0 
0.0735875 0.0735875 0.0735875 
0.0851866 0.0851866 0.0851866 
1.6379e-316 1.6379e-316 1.6379e-316 
1.39553e+07 1.39553e+07 1.39553e+07 
-5.19813e+06 -5.19813e+06 -5.19813e+06 
1.66105e-316 1.66105e-316 1.66105e-316 1.66105e-316 
2.42092e-322 2.42092e-322 2.42092e-322 2.42092e-322 
0 0 0 0 
6.89477e+07 6.89477e+07 6.89477e+07 6.89477e+07 
3.77917e+06 3.77917e+06 3.77917e+06 3.77917e+06 
2.03041e-05 2.03041e-05 2.03041e-05 2.03041e-05 
112.725 112.725 112.725 112.725 
6.37345e-322 6.37345e-322 6.37345e-322 6.37345e-322 
1.83239e-06 1.83239e-06 1.83239e-06 1.83239e-06 
-4.57431e-07 -4.57431e-07 -4.57431e-07 
1.48723e-07 1.48723e-07 1.48723e-07 
-2.6266e-06 -2.6266e-06 -2.6266e-06 
7.3833e-07 7.3833e-07 7.3833e-07 
7.1389e-06 7.1389e-06 7.1389e-06 
1.20977e-05 1.20977e-05 1.20977e-05 
-3.10252e-06 -3.10252e-06 -3.10252e-06 
-2.47751e-05 -2.47751e-05 -2.47751e-05 
9.99022e-05 9.99022e-05 9.99022e-05 
-0.0130367 -0.0130367 -0.0130367 -0.0130367 
2.42092e-322 2.42092e-322 2.42092e-322 2.42092e-322 
0.276043 0.276043 0.276043 0.276043 
0.000850662 0.000850662 0.000850662 0.000850662 
1.89056e+06 1.89056e+06 1.89056e+06 1.89056e+06 
-152469 -152469 -152469 -152469 
3586.01 3586.01 3586.01 3586.01 
1.63042e-322 1.63042e-322 1.63042e-322 1.63042e-322 
2.01664e-316 2.01664e-316 2.01664e-316 2.01664e-316 
1.9737e-316 1.9737e-316 1.9737e-316 1.9737e-316 1.9737e-316 
3.95253e-322 3.95253e-322 3.95253e-322 3.95253e-322 3.95253e-322 
3.21143e-322 3.21143e-322 3.21143e-322 3.21143e-322 3.21143e-322 
1.63042e-322 1.63042e-322 1.63042e-322 1.63042e-322 1.63042e-322 
1.95105e-316 1.95105e-316 1.95105e-316 1.95105e-316 1.95105e-316 
1.28495e+74 1.28495e+74 1.28495e+74 1.28495e+74 1.28495e+74 
4.56627e+257 4.56627e+257 4.56627e+257 4.56627e+257 4.56627e+257 
7.31671e+223 7.31671e+223 7.31671e+223 7.31671e+223 7.31671e+223 
6.99178e+228 6.99178e+228 6.99178e+228 6.99178e+228 6.99178e+228 
R=2parameters: 
-0.627867 -0.627867 
0.502773 0.502773 
0.000475301 0.000475301 
0.223541 0.223541 
-0.209417 -0.209417 
1.665e-321 1.665e-321 
6.9359e-310 6.9359e-310 
2.13513e-316 2.13513e-316 
1.97015e-316 1.97015e-316 
4.00193e-322 4.00193e-322 4.00193e-322 
0.00172901 0.00172901 0.00172901 
0.000456092 0.000456092 0.000456092 
0.00394909 0.00394909 0.00394909 
0.211892 0.211892 0.211892 
0.236364 0.236364 0.236364 
1.6379e-316 1.6379e-316 1.6379e-316 
1.39553e+07 1.39553e+07 1.39553e+07 
-5.19813e+06 -5.19813e+06 -5.19813e+06 
1.66105e-316 1.66105e-316 1.66105e-316 1.66105e-316 
6.37345e-322 6.37345e-322 6.37345e-322 6.37345e-322 
5.94654e-06 5.94654e-06 5.94654e-06 5.94654e-06 
-3.68996e-07 -3.68996e-07 -3.68996e-07 -3.68996e-07 
4.55116e-07 4.55116e-07 4.55116e-07 4.55116e-07 
0.000341712 0.000341712 0.000341712 0.000341712 
1.56059e-06 1.56059e-06 1.56059e-06 1.56059e-06 
2.43465e-05 2.43465e-05 2.43465e-05 2.43465e-05 
3.1867e-05 3.1867e-05 3.1867e-05 3.1867e-05 
-7.67067e-06 -7.67067e-06 -7.67067e-06 
-8.753e-05 -8.753e-05 -8.753e-05 
0.000341047 0.000341047 0.000341047 
-0.605118 -0.605118 -0.605118 
0.502083 0.502083 0.502083 
0.000582618 0.000582618 0.000582618 
-0.32858 -0.32858 -0.32858 
0.060381 0.060381 0.060381 
0.0372472 0.0372472 0.0372472 
0.0219206 0.0219206 0.0219206 0.0219206 
0.0148095 0.0148095 0.0148095 0.0148095 
7.90505e-322 7.90505e-322 7.90505e-322 7.90505e-322 
0 0 0 0 
1.67772e+07 1.67772e+07 1.67772e+07 1.67772e+07 
4.36485e-05 4.36485e-05 4.36485e-05 4.36485e-05 
3.96065e-06 3.96065e-06 3.96065e-06 3.96065e-06 
2.14512e-316 2.14512e-316 2.14512e-316 2.14512e-316 
706.41 706.41 706.41 706.41 
1.98257e-316 1.98257e-316 1.98257e-316 1.98257e-316 1.98257e-316 
3.16202e-322 3.16202e-322 3.16202e-322 3.16202e-322 3.16202e-322 
3.21143e-322 3.21143e-322 3.21143e-322 3.21143e-322 3.21143e-322 
1.63042e-322 1.63042e-322 1.63042e-322 1.63042e-322 1.63042e-322 
1.95105e-316 1.95105e-316 1.95105e-316 1.95105e-316 1.95105e-316 
1.28495e+74 1.28495e+74 1.28495e+74 1.28495e+74 1.28495e+74 
4.56627e+257 4.56627e+257 4.56627e+257 4.56627e+257 4.56627e+257 
7.31671e+223 7.31671e+223 7.31671e+223 7.31671e+223 7.31671e+223 
6.99178e+228 6.99178e+228 6.99178e+228 6.99178e+228 6.99178e+228 
R=3parameters: 
-0.596914 -0.596914 
0.546983 0.546983 
0.00074515 0.00074515 
0.710405 0.710405 
-0.757386 -0.757386 
1.665e-321 1.665e-321 
6.9359e-310 6.9359e-310 
2.13513e-316 2.13513e-316 
1.97015e-316 1.97015e-316 
4.00193e-322 4.00193e-322 4.00193e-322 
0.00302957 0.00302957 0.00302957 
0.000675669 0.000675669 0.000675669 
0.00653855 0.00653855 0.00653855 
0.464296 0.464296 0.464296 
0.510447 0.510447 0.510447 
1.6379e-316 1.6379e-316 1.6379e-316 
1.39553e+07 1.39553e+07 1.39553e+07 
-5.19813e+06 -5.19813e+06 -5.19813e+06 
1.66105e-316 1.66105e-316 1.66105e-316 1.66105e-316 
6.37345e-322 6.37345e-322 6.37345e-322 6.37345e-322 
1.42384e-06 1.42384e-06 1.42384e-06 1.42384e-06 
-6.01664e-05 -6.01664e-05 -6.01664e-05 -6.01664e-05 
3.42321e-06 3.42321e-06 3.42321e-06 3.42321e-06 
0.000995327 0.000995327 0.000995327 0.000995327 
0 0 0 0 
5.67044e-05 5.67044e-05 5.67044e-05 5.67044e-05 
2.13799e-05 2.13799e-05 2.13799e-05 2.13799e-05 
0 0 0 
0 0 0 
3.35544e+07 3.35544e+07 3.35544e+07 
0 0 0 
0 0 0 
0 0 0 
0 0 0 
1.67772e+07 1.67772e+07 1.67772e+07 
0.0273163 0.0273163 0.0273163 
0 0 0 0 
4.00193e-322 4.00193e-322 4.00193e-322 4.00193e-322 
2.02609e-316 2.02609e-316 2.02609e-316 2.02609e-316 
2.01659e-316 2.01659e-316 2.01659e-316 2.01659e-316 
2.13516e-316 2.13516e-316 2.13516e-316 2.13516e-316 
1.94945e-316 1.94945e-316 1.94945e-316 1.94945e-316 
0 0 0 0 
1.63042e-322 1.63042e-322 1.63042e-322 1.63042e-322 
6.93588e-310 6.93588e-310 6.93588e-310 6.93588e-310 
0 0 0 0 0 
2973.63 2973.63 2973.63 2973.63 2973.63 
3.21143e-322 3.21143e-322 3.21143e-322 3.21143e-322 3.21143e-322 
1.63042e-322 1.63042e-322 1.63042e-322 1.63042e-322 1.63042e-322 
1.95105e-316 1.95105e-316 1.95105e-316 1.95105e-316 1.95105e-316 
1.28495e+74 1.28495e+74 1.28495e+74 1.28495e+74 1.28495e+74 
4.56627e+257 4.56627e+257 4.56627e+257 4.56627e+257 4.56627e+257 
7.31671e+223 7.31671e+223 7.31671e+223 7.31671e+223 7.31671e+223 
6.99178e+228 6.99178e+228 6.99178e+228 6.99178e+228 6.99178e+228 
R=4parameters: 
-0.563685 -0.563685 
0.583951 0.583951 
0.652319 0.652319 
2.57247 2.57247 
-16.2056 -16.2056 
1.665e-321 1.665e-321 
6.9359e-310 6.9359e-310 
2.13513e-316 2.13513e-316 
1.97015e-316 1.97015e-316 
4.00193e-322 4.00193e-322 4.00193e-322 
0.0046297 0.0046297 0.0046297 
0.000996788 0.000996788 0.000996788 
0.0109052 0.0109052 0.0109052 
1.00011 1.00011 1.00011 
1.00021 1.00021 1.00021 
1.6379e-316 1.6379e-316 1.6379e-316 
1.39553e+07 1.39553e+07 1.39553e+07 
-5.19813e+06 -5.19813e+06 -5.19813e+06 
1.66105e-316 1.66105e-316 1.66105e-316 1.66105e-316 
2.42092e-322 2.42092e-322 2.42092e-322 2.42092e-322 
16687.9 16687.9 16687.9 16687.9 
4477.93 4477.93 4477.93 4477.93 
-9823.47 -9823.47 -9823.47 -9823.47 
-9828.21 -9828.21 -9828.21 -9828.21 
1148.08 1148.08 1148.08 1148.08 
2.02751e-316 2.02751e-316 2.02751e-316 2.02751e-316 
1.66105e-316 1.66105e-316 1.66105e-316 1.66105e-316 
2.42092e-322 2.42092e-322 2.42092e-322 
2.03047e-316 2.03047e-316 2.03047e-316 
2.02751e-316 2.02751e-316 2.02751e-316 
3.07577e-05 3.07577e-05 3.07577e-05 
0 0 0 
7.72741 7.72741 7.72741 
2.42092e-322 2.42092e-322 2.42092e-322 
783.543 783.543 783.543 
456.858 456.858 456.858 
-184.683 -184.683 -184.683 -184.683 
0 0 0 0 
0.16216 0.16216 0.16216 0.16216 
3.21143e-322 3.21143e-322 3.21143e-322 3.21143e-322 
2.47033e-323 2.47033e-323 2.47033e-323 2.47033e-323 
2.02749e-316 2.02749e-316 2.02749e-316 2.02749e-316 
0.436725 0.436725 0.436725 0.436725 
2.03097e-316 2.03097e-316 2.03097e-316 2.03097e-316 
9.07052e-05 9.07052e-05 9.07052e-05 9.07052e-05 
0.00184598 0.00184598 0.00184598 0.00184598 0.00184598 
1.10671e-321 1.10671e-321 1.10671e-321 1.10671e-321 1.10671e-321 
3.16202e-322 3.16202e-322 3.16202e-322 3.16202e-322 3.16202e-322 
1.63042e-322 1.63042e-322 1.63042e-322 1.63042e-322 1.63042e-322 
1.95105e-316 1.95105e-316 1.95105e-316 1.95105e-316 1.95105e-316 
1.28495e+74 1.28495e+74 1.28495e+74 1.28495e+74 1.28495e+74 
4.56627e+257 4.56627e+257 4.56627e+257 4.56627e+257 4.56627e+257 
7.31671e+223 7.31671e+223 7.31671e+223 7.31671e+223 7.31671e+223 
6.99178e+228 6.99178e+228 6.99178e+228 6.99178e+228 6.99178e+228 
R=5parameters: 
-0.531553 -0.531553 
0.618243 0.618243 
0.00163364 0.00163364 
0.920397 0.920397 
-0.834549 -0.834549 
1.665e-321 1.665e-321 
6.9359e-310 6.9359e-310 
2.13513e-316 2.13513e-316 
1.97015e-316 1.97015e-316 
4.00193e-322 4.00193e-322 4.00193e-322 
0.00636046 0.00636046 0.00636046 
0.00143359 0.00143359 0.00143359 
0 0 0 
0.840266 0.840266 0.840266 
0.90106 0.90106 0.90106 
1.6379e-316 1.6379e-316 1.6379e-316 
1.39553e+07 1.39553e+07 1.39553e+07 
-5.19813e+06 -5.19813e+06 -5.19813e+06 
1.66105e-316 1.66105e-316 1.66105e-316 1.66105e-316 
2.42092e-322 2.42092e-322 2.42092e-322 2.42092e-322 
167937 167937 167937 167937 
1.39578e+06 1.39578e+06 1.39578e+06 1.39578e+06 
-0.629496 -0.629496 -0.629496 -0.629496 
-0.679213 -0.679213 -0.679213 -0.679213 
0 0 0 0 
0.749369 0.749369 0.749369 0.749369 
0.362905 0.362905 0.362905 0.362905 
-0.796264 -0.796264 -0.796264 
0 0 0 
4.00193e-322 4.00193e-322 4.00193e-322 
2.13478e-316 2.13478e-316 2.13478e-316 
2.01134e-316 2.01134e-316 2.01134e-316 
1.99519e-316 1.99519e-316 1.99519e-316 
0.0506501 0.0506501 0.0506501 
22466.8 22466.8 22466.8 
0.0168634 0.0168634 0.0168634 
7.11455e-322 7.11455e-322 7.11455e-322 7.11455e-322 
2.37152e-322 2.37152e-322 2.37152e-322 2.37152e-322 
3792.29 3792.29 3792.29 3792.29 
-24783.5 -24783.5 -24783.5 -24783.5 
-211430 -211430 -211430 -211430 
7846.98 7846.98 7846.98 7846.98 
0 0 0 0 
1.63042e-322 1.63042e-322 1.63042e-322 1.63042e-322 
6.93588e-310 6.93588e-310 6.93588e-310 6.93588e-310 
2.122e-314 2.122e-314 2.122e-314 2.122e-314 2.122e-314 
2.01075e-316 2.01075e-316 2.01075e-316 2.01075e-316 2.01075e-316 
3.21143e-322 3.21143e-322 3.21143e-322 3.21143e-322 3.21143e-322 
1.63042e-322 1.63042e-322 1.63042e-322 1.63042e-322 1.63042e-322 
1.95105e-316 1.95105e-316 1.95105e-316 1.95105e-316 1.95105e-316 
1.28495e+74 1.28495e+74 1.28495e+74 1.28495e+74 1.28495e+74 
4.56627e+257 4.56627e+257 4.56627e+257 4.56627e+257 4.56627e+257 
7.31671e+223 7.31671e+223 7.31671e+223 7.31671e+223 7.31671e+223 
6.99178e+228 6.99178e+228 6.99178e+228 6.99178e+228 6.99178e+228 
R=6parameters: 
-0.505299 -0.505299 
0.649668 0.649668 
0.00168223 0.00168223 
2.09532 2.09532 
-2.25603 -2.25603 
1.665e-321 1.665e-321 
6.9359e-310 6.9359e-310 
2.13513e-316 2.13513e-316 
1.97015e-316 1.97015e-316 
4.00193e-322 4.00193e-322 4.00193e-322 
0.00856382 0.00856382 0.00856382 
0.00197477 0.00197477 0.00197477 
0 0 0 
1.41127 1.41127 1.41127 
1.52497 1.52497 1.52497 
1.6379e-316 1.6379e-316 1.6379e-316 
1.39553e+07 1.39553e+07 1.39553e+07 
-5.19813e+06 -5.19813e+06 -5.19813e+06 
1.66105e-316 1.66105e-316 1.66105e-316 1.66105e-316 
2.42092e-322 2.42092e-322 2.42092e-322 2.42092e-322 
0 0 0 0 
0 0 0 0 
0 0 0 0 
0 0 0 0 
2.37152e-322 2.37152e-322 2.37152e-322 2.37152e-322 
2.37152e-322 2.37152e-322 2.37152e-322 2.37152e-322 
-0.357501 -0.357501 -0.357501 -0.357501 
0.707992 0.707992 0.707992 
0.538526 0.538526 0.538526 
-1.40114 -1.40114 -1.40114 
0 0 0 
0 0 0 
0 0 0 
0 0 0 
6.32404e-322 6.32404e-322 6.32404e-322 
2.37152e-322 2.37152e-322 2.37152e-322 
7333.04 7333.04 7333.04 7333.04 
2460.25 2460.25 2460.25 2460.25 
955727 955727 955727 955727 
23231.3 23231.3 23231.3 23231.3 
0 0 0 0 
141290 141290 141290 141290 
1.45188e+07 1.45188e+07 1.45188e+07 1.45188e+07 
1186.79 1186.79 1186.79 1186.79 
0 0 0 0 
0.951057 0.951057 0.951057 0.951057 0.951057 
1.10671e-321 1.10671e-321 1.10671e-321 1.10671e-321 1.10671e-321 
3.16202e-322 3.16202e-322 3.16202e-322 3.16202e-322 3.16202e-322 
1.63042e-322 1.63042e-322 1.63042e-322 1.63042e-322 1.63042e-322 
1.95105e-316 1.95105e-316 1.95105e-316 1.95105e-316 1.95105e-316 
1.28495e+74 1.28495e+74 1.28495e+74 1.28495e+74 1.28495e+74 
4.56627e+257 4.56627e+257 4.56627e+257 4.56627e+257 4.56627e+257 
7.31671e+223 7.31671e+223 7.31671e+223 7.31671e+223 7.31671e+223 
6.99178e+228 6.99178e+228 6.99178e+228 6.99178e+228 6.99178e+228 
R=7parameters: 
-0.484055 -0.484055 
0.682053 0.682053 
0.00781172 0.00781172 
90.1852 90.1852 
-80.3116 -80.3116 
1.665e-321 1.665e-321 
6.9359e-310 6.9359e-310 
2.13513e-316 2.13513e-316 
1.97015e-316 1.97015e-316 
4.00193e-322 4.00193e-322 4.00193e-322 
0 0 0 
0.00273844 0.00273844 0.00273844 
0.0277167 0.0277167 0.0277167 
49.3028 49.3028 49.3028 
44.7059 44.7059 44.7059 
1.6379e-316 1.6379e-316 1.6379e-316 
1.39553e+07 1.39553e+07 1.39553e+07 
-5.19813e+06 -5.19813e+06 -5.19813e+06 
1.66105e-316 1.66105e-316 1.66105e-316 1.66105e-316 
2.42092e-322 2.42092e-322 2.42092e-322 2.42092e-322 
0.000248883 0.000248883 0.000248883 0.000248883 
4.17178e-05 4.17178e-05 4.17178e-05 4.17178e-05 
0.000353715 0.000353715 0.000353715 0.000353715 
-0.684559 -0.684559 -0.684559 -0.684559 
0 0 0 0 
0.736699 0.736699 0.736699 0.736699 
0.672546 0.672546 0.672546 0.672546 
-0.0672737 -0.0672737 -0.0672737 
0.020764 0.020764 0.020764 
0 0 0 
0 0 0 
0 0 0 
0 0 0 
0 0 0 
1 1 1 
0.632272 0.632272 0.632272 
1.061e-313 1.061e-313 1.061e-313 1.061e-313 
2.01096e-316 2.01096e-316 2.01096e-316 2.01096e-316 
1.98256e-316 1.98256e-316 1.98256e-316 1.98256e-316 
1.63042e-322 1.63042e-322 1.63042e-322 1.63042e-322 
2.03148e-316 2.03148e-316 2.03148e-316 2.03148e-316 
6.05909e-153 6.05909e-153 6.05909e-153 6.05909e-153 
3.04041e+180 3.04041e+180 3.04041e+180 3.04041e+180 
8.78418e+247 8.78418e+247 8.78418e+247 8.78418e+247 
6.9359e-310 6.9359e-310 6.9359e-310 6.9359e-310 
6.9359e-310 6.9359e-310 6.9359e-310 6.9359e-310 6.9359e-310 
1.58101e-322 1.58101e-322 1.58101e-322 1.58101e-322 1.58101e-322 
3.16202e-322 3.16202e-322 3.16202e-322 3.16202e-322 3.16202e-322 
1.63042e-322 1.63042e-322 1.63042e-322 1.63042e-322 1.63042e-322 
1.95105e-316 1.95105e-316 1.95105e-316 1.95105e-316 1.95105e-316 
1.28495e+74 1.28495e+74 1.28495e+74 1.28495e+74 1.28495e+74 
4.56627e+257 4.56627e+257 4.56627e+257 4.56627e+257 4.56627e+257 
7.31671e+223 7.31671e+223 7.31671e+223 7.31671e+223 7.31671e+223 
6.99178e+228 6.99178e+228 6.99178e+228 6.99178e+228 6.99178e+228 
R=8parameters: 
-0.470164 -0.470164 
0.706057 0.706057 
0.00248813 0.00248813 
3.00788 3.00788 
-3.20059 -3.20059 
1.665e-321 1.665e-321 
6.9359e-310 6.9359e-310 
2.13513e-316 2.13513e-316 
1.97015e-316 1.97015e-316 
4.00193e-322 4.00193e-322 4.00193e-322 
0.0141854 0.0141854 0.0141854 
0.00330737 0.00330737 0.00330737 
0 0 0 
2.35124 2.35124 2.35124 
2.56067 2.56067 2.56067 
1.6379e-316 1.6379e-316 1.6379e-316 
1.39553e+07 1.39553e+07 1.39553e+07 
-5.19813e+06 -5.19813e+06 -5.19813e+06 
1.66105e-316 1.66105e-316 1.66105e-316 1.66105e-316 
6.37345e-322 6.37345e-322 6.37345e-322 6.37345e-322 
2.80357e-05 2.80357e-05 2.80357e-05 2.80357e-05 
-6.49398e+128 -6.49398e+128 -6.49398e+128 -6.49398e+128 
8.88178e-16 8.88178e-16 8.88178e-16 8.88178e-16 
-1.02265e-07 -1.02265e-07 -1.02265e-07 -1.02265e-07 
-0.00715559 -0.00715559 -0.00715559 -0.00715559 
0.243467 0.243467 0.243467 0.243467 
-0.0883364 -0.0883364 -0.0883364 -0.0883364 
0 0 0 
0 0 0 
1.70867e-316 1.70867e-316 1.70867e-316 
0 0 0 
0 0 0 
0 0 0 
0 0 0 
2.02743e-316 2.02743e-316 2.02743e-316 
2.42092e-322 2.42092e-322 2.42092e-322 
1.96968e-316 1.96968e-316 1.96968e-316 1.96968e-316 
0 0 0 0 
1723.86 1723.86 1723.86 1723.86 
1.95117e-316 1.95117e-316 1.95117e-316 1.95117e-316 
3.23796e-319 3.23796e-319 3.23796e-319 3.23796e-319 
2.42092e-322 2.42092e-322 2.42092e-322 2.42092e-322 
2.47033e-323 2.47033e-323 2.47033e-323 2.47033e-323 
2.14563e-316 2.14563e-316 2.14563e-316 2.14563e-316 
8105.24 8105.24 8105.24 8105.24 
4.94066e-324 4.94066e-324 4.94066e-324 4.94066e-324 4.94066e-324 
1.10671e-321 1.10671e-321 1.10671e-321 1.10671e-321 1.10671e-321 
3.16202e-322 3.16202e-322 3.16202e-322 3.16202e-322 3.16202e-322 
1.63042e-322 1.63042e-322 1.63042e-322 1.63042e-322 1.63042e-322 
1.95105e-316 1.95105e-316 1.95105e-316 1.95105e-316 1.95105e-316 
1.28495e+74 1.28495e+74 1.28495e+74 1.28495e+74 1.28495e+74 
4.56627e+257 4.56627e+257 4.56627e+257 4.56627e+257 4.56627e+257 
7.31671e+223 7.31671e+223 7.31671e+223 7.31671e+223 7.31671e+223 
6.99178e+228 6.99178e+228 6.99178e+228 6.99178e+228 6.99178e+228 
R=9parameters: 
-0.460657 -0.460657 
0.730624 0.730624 
0.820706 0.820706 
0.218556 0.218556 
-7.49021 -7.49021 
1.665e-321 1.665e-321 
6.9359e-310 6.9359e-310 
2.13513e-316 2.13513e-316 
1.97015e-316 1.97015e-316 
4.00193e-322 4.00193e-322 4.00193e-322 
0.0157479 0.0157479 0.0157479 
0.00407025 0.00407025 0.00407025 
0 0 0 
1.00091 1.00091 1.00091 
1.00315 1.00315 1.00315 
1.6379e-316 1.6379e-316 1.6379e-316 
1.39553e+07 1.39553e+07 1.39553e+07 
-5.19813e+06 -5.19813e+06 -5.19813e+06 
1.66105e-316 1.66105e-316 1.66105e-316 1.66105e-316 
6.37345e-322 6.37345e-322 6.37345e-322 6.37345e-322 
0.000301833 0.000301833 0.000301833 0.000301833 
-1.41159e-06 -1.41159e-06 -1.41159e-06 -1.41159e-06 
3.71426e-06 3.71426e-06 3.71426e-06 3.71426e-06 
0.000828541 0.000828541 0.000828541 0.000828541 
-0.0139686 -0.0139686 -0.0139686 -0.0139686 
0.000801172 0.000801172 0.000801172 0.000801172 
-0.239632 -0.239632 -0.239632 -0.239632 
0.0165922 0.0165922 0.0165922 
-1.08849 -1.08849 -1.08849 
3.68675e+07 3.68675e+07 3.68675e+07 
0 0 0 
0 0 0 
0 0 0 
0 0 0 
1.67772e+07 1.67772e+07 1.67772e+07 
2.42092e-322 2.42092e-322 2.42092e-322 
1.97453e-316 1.97453e-316 1.97453e-316 1.97453e-316 
4.94066e-324 4.94066e-324 4.94066e-324 4.94066e-324 
-0.0422365 -0.0422365 -0.0422365 -0.0422365 
3.21143e-322 3.21143e-322 3.21143e-322 3.21143e-322 
2.47033e-323 2.47033e-323 2.47033e-323 2.47033e-323 
1.94088e-316 1.94088e-316 1.94088e-316 1.94088e-316 
1.061e-313 1.061e-313 1.061e-313 1.061e-313 
1.99377e-316 1.99377e-316 1.99377e-316 1.99377e-316 
6606.94 6606.94 6606.94 6606.94 
2.01074e-316 2.01074e-316 2.01074e-316 2.01074e-316 2.01074e-316 
1.10671e-321 1.10671e-321 1.10671e-321 1.10671e-321 1.10671e-321 
3.16202e-322 3.16202e-322 3.16202e-322 3.16202e-322 3.16202e-322 
1.63042e-322 1.63042e-322 1.63042e-322 1.63042e-322 1.63042e-322 
1.95105e-316 1.95105e-316 1.95105e-316 1.95105e-316 1.95105e-316 
1.28495e+74 1.28495e+74 1.28495e+74 1.28495e+74 1.28495e+74 
4.56627e+257 4.56627e+257 4.56627e+257 4.56627e+257 4.56627e+257 
7.31671e+223 7.31671e+223 7.31671e+223 7.31671e+223 7.31671e+223 
6.99178e+228 6.99178e+228 6.99178e+228 6.99178e+228 6.99178e+228 
R=10parameters: 
-0.453056 -0.453056 
0.744306 0.744306 
0.0091937 0.0091937 
43.1805 43.1805 
-36.6494 -36.6494 
1.665e-321 1.665e-321 
6.9359e-310 6.9359e-310 
2.13513e-316 2.13513e-316 
1.97015e-316 1.97015e-316 
4.00193e-322 4.00193e-322 4.00193e-322 
0.0167206 0.0167206 0.0167206 
0.00453332 0.00453332 0.00453332 
0.046432 0.046432 0.046432 
31.196 31.196 31.196 
28.5864 28.5864 28.5864 
1.6379e-316 1.6379e-316 1.6379e-316 
1.39553e+07 1.39553e+07 1.39553e+07 
-5.19813e+06 -5.19813e+06 -5.19813e+06 
1.66105e-316 1.66105e-316 1.66105e-316 1.66105e-316 
5.58294e-322 5.58294e-322 5.58294e-322 5.58294e-322 
2.03049e-316 2.03049e-316 2.03049e-316 2.03049e-316 
-6.49398e+128 -6.49398e+128 -6.49398e+128 -6.49398e+128 
0.0463377 0.0463377 0.0463377 0.0463377 
7.31668e+223 7.31668e+223 7.31668e+223 7.31668e+223 
1 1 1 1 
1 1 1 1 
1 1 1 1 
1.21906e-152 1.21906e-152 1.21906e-152 
4.91348e+252 4.91348e+252 4.91348e+252 
0.00172182 0.00172182 0.00172182 
0.000731824 0.000731824 0.000731824 
-6.11153e-05 -6.11153e-05 -6.11153e-05 
5.53354e-322 5.53354e-322 5.53354e-322 
5.53354e-322 5.53354e-322 5.53354e-322 
2.00932e-316 2.00932e-316 2.00932e-316 
-6.49398e+128 -6.49398e+128 -6.49398e+128 
1.74175e+199 1.74175e+199 1.74175e+199 1.74175e+199 
7.31668e+223 7.31668e+223 7.31668e+223 7.31668e+223 
0.0105534 0.0105534 0.0105534 0.0105534 
2.02219e-316 2.02219e-316 2.02219e-316 2.02219e-316 
16.2389 16.2389 16.2389 16.2389 
-334.353 -334.353 -334.353 -334.353 
2.00965e-316 2.00965e-316 2.00965e-316 2.00965e-316 
1.63042e-322 1.63042e-322 1.63042e-322 1.63042e-322 
6.93588e-310 6.93588e-310 6.93588e-310 6.93588e-310 
0 0 0 0 0 
5.53354e-322 5.53354e-322 5.53354e-322 5.53354e-322 5.53354e-322 
3.16202e-322 3.16202e-322 3.16202e-322 3.16202e-322 3.16202e-322 
1.63042e-322 1.63042e-322 1.63042e-322 1.63042e-322 1.63042e-322 
1.95105e-316 1.95105e-316 1.95105e-316 1.95105e-316 1.95105e-316 
1.28495e+74 1.28495e+74 1.28495e+74 1.28495e+74 1.28495e+74 
4.56627e+257 4.56627e+257 4.56627e+257 4.56627e+257 4.56627e+257 
7.31671e+223 7.31671e+223 7.31671e+223 7.31671e+223 7.31671e+223 
6.99178e+228 6.99178e+228 6.99178e+228 6.99178e+228 6.99178e+228 
R=11parameters: 
-0.450471 -0.450471 
0.750838 0.750838 
0.0075797 0.0075797 
60.2418 60.2418 
-54.3028 -54.3028 
1.665e-321 1.665e-321 
6.9359e-310 6.9359e-310 
2.13513e-316 2.13513e-316 
1.97015e-316 1.97015e-316 
4.00193e-322 4.00193e-322 4.00193e-322 
0.0177697 0.0177697 0.0177697 
0.00485532 0.00485532 0.00485532 
0.049026 0.049026 0.049026 
45.4478 45.4478 45.4478 
44.1609 44.1609 44.1609 
1.6379e-316 1.6379e-316 1.6379e-316 
1.39553e+07 1.39553e+07 1.39553e+07 
-5.19813e+06 -5.19813e+06 -5.19813e+06 
1.66105e-316 1.66105e-316 1.66105e-316 1.66105e-316 
6.37345e-322 6.37345e-322 6.37345e-322 6.37345e-322 
0.00160591 0.00160591 0.00160591 0.00160591 
-4.09886e-07 -4.09886e-07 -4.09886e-07 -4.09886e-07 
6.3684e-06 6.3684e-06 6.3684e-06 6.3684e-06 
3.90561e-05 3.90561e-05 3.90561e-05 3.90561e-05 
-3.50226e-06 -3.50226e-06 -3.50226e-06 -3.50226e-06 
1.95581e-316 1.95581e-316 1.95581e-316 1.95581e-316 
0.000100958 0.000100958 0.000100958 0.000100958 
2.42092e-322 2.42092e-322 2.42092e-322 
2.02218e-316 2.02218e-316 2.02218e-316 
690.684 690.684 690.684 
7.22762e+159 7.22762e+159 7.22762e+159 
7.36496e+271 7.36496e+271 7.36496e+271 
1.04377e-312 1.04377e-312 1.04377e-312 
4.00193e-322 4.00193e-322 4.00193e-322 
2.13478e-316 2.13478e-316 2.13478e-316 
48846.5 48846.5 48846.5 
438949 438949 438949 438949 
0 0 0 0 
0.0448995 0.0448995 0.0448995 0.0448995 
2.0074e-316 2.0074e-316 2.0074e-316 2.0074e-316 
0.0108512 0.0108512 0.0108512 0.0108512 
0.000466878 0.000466878 0.000466878 0.000466878 
6.93588e-310 6.93588e-310 6.93588e-310 6.93588e-310 
0.000246175 0.000246175 0.000246175 0.000246175 
8.22195e-05 8.22195e-05 8.22195e-05 8.22195e-05 
0.00123502 0.00123502 0.00123502 0.00123502 0.00123502 
1.10671e-321 1.10671e-321 1.10671e-321 1.10671e-321 1.10671e-321 
3.16202e-322 3.16202e-322 3.16202e-322 3.16202e-322 3.16202e-322 
1.63042e-322 1.63042e-322 1.63042e-322 1.63042e-322 1.63042e-322 
1.95105e-316 1.95105e-316 1.95105e-316 1.95105e-316 1.95105e-316 
1.28495e+74 1.28495e+74 1.28495e+74 1.28495e+74 1.28495e+74 
4.56627e+257 4.56627e+257 4.56627e+257 4.56627e+257 4.56627e+257 
7.31671e+223 7.31671e+223 7.31671e+223 7.31671e+223 7.31671e+223 
6.99178e+228 6.99178e+228 6.99178e+228 6.99178e+228 6.99178e+228 
T Models:
(* Fitting with shape 1 1 1 1 1 1 1 1 1 1 0 0 *)
G[T_,xx_]:=Exp[0+xx[[1]]*T^1+xx[[2]]*T^2]*(1)
(* Fitting with shape 1 1 1 1 1 1 1 1 1 1 1 0 *)
G[T_,xx_]:=Exp[0+xx[[1]]*T^1+xx[[2]]*T^2]*(1)
(* Fitting with shape 1 1 1 1 1 1 1 1 1 1 1 1 *)
G[T_,xx_]:=Exp[0+xx[[1]]*T^1+xx[[2]]*T^2]*(1)
(* Fitting with shape 0 1 1 1 1 1 1 1 1 1 0 0 *)
G[T_,xx_]:=Exp[0+xx[[1]]*T^1+xx[[2]]*T^2]*(1)
(* Fitting with shape 0 1 1 1 1 1 1 1 1 1 1 0 *)
G[T_,xx_]:=Exp[0+xx[[1]]*T^1+xx[[2]]*T^2]*(1)
(* Fitting with shape 0 1 1 1 1 1 1 1 1 1 1 1 *)
G[T_,xx_]:=Exp[0+xx[[1]]*T^1+xx[[2]]*T^2]*(1)
(* Fitting with shape 0 0 1 1 1 1 1 1 1 1 0 0 *)
G[T_,xx_]:=Exp[0+xx[[1]]*T^1+xx[[2]]*T^2]*(1)
(* Fitting with shape 0 0 1 1 1 1 1 1 1 1 1 0 *)
G[T_,xx_]:=Exp[0+xx[[1]]*T^1+xx[[2]]*T^2]*(1)
(* Fitting with shape 0 0 1 1 1 1 1 1 1 1 1 1 *)
G[T_,xx_]:=Exp[0+xx[[1]]*T^1+xx[[2]]*T^2]*(1)
(* Fitting with shape 1 1 1 1 1 1 1 1 1 1 0 0 *)
G[T_,xx_]:=Exp[0+xx[[1]]*T^1+xx[[2]]*T^2]*(1+xx[[3]]/(T^1))
(* Fitting with shape 1 1 1 1 1 1 1 1 1 1 1 0 *)
G[T_,xx_]:=Exp[0+xx[[1]]*T^1+xx[[2]]*T^2]*(1+xx[[3]]/(T^1))
(* Fitting with shape 1 1 1 1 1 1 1 1 1 1 1 1 *)
G[T_,xx_]:=Exp[0+xx[[1]]*T^1+xx[[2]]*T^2]*(1+xx[[3]]/(T^1))
(* Fitting with shape 0 1 1 1 1 1 1 1 1 1 0 0 *)
G[T_,xx_]:=Exp[0+xx[[1]]*T^1+xx[[2]]*T^2]*(1+xx[[3]]/(T^1))
(* Fitting with shape 0 1 1 1 1 1 1 1 1 1 1 0 *)
G[T_,xx_]:=Exp[0+xx[[1]]*T^1+xx[[2]]*T^2]*(1+xx[[3]]/(T^1))
(* Fitting with shape 0 1 1 1 1 1 1 1 1 1 1 1 *)
G[T_,xx_]:=Exp[0+xx[[1]]*T^1+xx[[2]]*T^2]*(1+xx[[3]]/(T^1))
(* Fitting with shape 0 0 1 1 1 1 1 1 1 1 0 0 *)
G[T_,xx_]:=Exp[0+xx[[1]]*T^1+xx[[2]]*T^2]*(1+xx[[3]]/(T^1))
(* Fitting with shape 0 0 1 1 1 1 1 1 1 1 1 0 *)
G[T_,xx_]:=Exp[0+xx[[1]]*T^1+xx[[2]]*T^2]*(1+xx[[3]]/(T^1))
(* Fitting with shape 0 0 1 1 1 1 1 1 1 1 1 1 *)
G[T_,xx_]:=Exp[0+xx[[1]]*T^1+xx[[2]]*T^2]*(1+xx[[3]]/(T^1))
(* Fitting with shape 1 1 1 1 1 1 1 1 1 1 0 0 *)
G[T_,xx_]:=Exp[0+xx[[1]]*T^1+xx[[2]]*T^2]*(1+xx[[3]]/(T^1)+xx[[4]]/(T^2))
(* Fitting with shape 1 1 1 1 1 1 1 1 1 1 1 0 *)
G[T_,xx_]:=Exp[0+xx[[1]]*T^1+xx[[2]]*T^2]*(1+xx[[3]]/(T^1)+xx[[4]]/(T^2))
(* Fitting with shape 1 1 1 1 1 1 1 1 1 1 1 1 *)
G[T_,xx_]:=Exp[0+xx[[1]]*T^1+xx[[2]]*T^2]*(1+xx[[3]]/(T^1)+xx[[4]]/(T^2))
(* Fitting with shape 0 1 1 1 1 1 1 1 1 1 0 0 *)
G[T_,xx_]:=Exp[0+xx[[1]]*T^1+xx[[2]]*T^2]*(1+xx[[3]]/(T^1)+xx[[4]]/(T^2))
(* Fitting with shape 0 1 1 1 1 1 1 1 1 1 1 0 *)
G[T_,xx_]:=Exp[0+xx[[1]]*T^1+xx[[2]]*T^2]*(1+xx[[3]]/(T^1)+xx[[4]]/(T^2))
(* Fitting with shape 0 1 1 1 1 1 1 1 1 1 1 1 *)
G[T_,xx_]:=Exp[0+xx[[1]]*T^1+xx[[2]]*T^2]*(1+xx[[3]]/(T^1)+xx[[4]]/(T^2))
(* Fitting with shape 0 0 1 1 1 1 1 1 1 1 0 0 *)
G[T_,xx_]:=Exp[0+xx[[1]]*T^1+xx[[2]]*T^2]*(1+xx[[3]]/(T^1)+xx[[4]]/(T^2))
(* Fitting with shape 0 0 1 1 1 1 1 1 1 1 1 0 *)
G[T_,xx_]:=Exp[0+xx[[1]]*T^1+xx[[2]]*T^2]*(1+xx[[3]]/(T^1)+xx[[4]]/(T^2))
(* Fitting with shape 0 0 1 1 1 1 1 1 1 1 1 1 *)
G[T_,xx_]:=Exp[0+xx[[1]]*T^1+xx[[2]]*T^2]*(1+xx[[3]]/(T^1)+xx[[4]]/(T^2))
(* Fitting with shape 1 1 1 1 1 1 1 1 1 1 0 0 *)
G[T_,xx_]:=Exp[0+xx[[1]]*T^1+xx[[2]]*T^2+xx[[3]]*T^3]*(1)
(* Fitting with shape 1 1 1 1 1 1 1 1 1 1 1 0 *)
G[T_,xx_]:=Exp[0+xx[[1]]*T^1+xx[[2]]*T^2+xx[[3]]*T^3]*(1)
(* Fitting with shape 1 1 1 1 1 1 1 1 1 1 1 1 *)
G[T_,xx_]:=Exp[0+xx[[1]]*T^1+xx[[2]]*T^2+xx[[3]]*T^3]*(1)
(* Fitting with shape 0 1 1 1 1 1 1 1 1 1 0 0 *)
G[T_,xx_]:=Exp[0+xx[[1]]*T^1+xx[[2]]*T^2+xx[[3]]*T^3]*(1)
(* Fitting with shape 0 1 1 1 1 1 1 1 1 1 1 0 *)
G[T_,xx_]:=Exp[0+xx[[1]]*T^1+xx[[2]]*T^2+xx[[3]]*T^3]*(1)
(* Fitting with shape 0 1 1 1 1 1 1 1 1 1 1 1 *)
G[T_,xx_]:=Exp[0+xx[[1]]*T^1+xx[[2]]*T^2+xx[[3]]*T^3]*(1)
(* Fitting with shape 0 0 1 1 1 1 1 1 1 1 0 0 *)
G[T_,xx_]:=Exp[0+xx[[1]]*T^1+xx[[2]]*T^2+xx[[3]]*T^3]*(1)
(* Fitting with shape 0 0 1 1 1 1 1 1 1 1 1 0 *)
G[T_,xx_]:=Exp[0+xx[[1]]*T^1+xx[[2]]*T^2+xx[[3]]*T^3]*(1)
(* Fitting with shape 0 0 1 1 1 1 1 1 1 1 1 1 *)
G[T_,xx_]:=Exp[0+xx[[1]]*T^1+xx[[2]]*T^2+xx[[3]]*T^3]*(1)
(* Fitting with shape 1 1 1 1 1 1 1 1 1 1 0 0 *)
G[T_,xx_]:=Exp[0+xx[[1]]*T^1+xx[[2]]*T^2+xx[[3]]*T^3]*(1+xx[[4]]/(T^1))
(* Fitting with shape 1 1 1 1 1 1 1 1 1 1 1 0 *)
G[T_,xx_]:=Exp[0+xx[[1]]*T^1+xx[[2]]*T^2+xx[[3]]*T^3]*(1+xx[[4]]/(T^1))
(* Fitting with shape 1 1 1 1 1 1 1 1 1 1 1 1 *)
G[T_,xx_]:=Exp[0+xx[[1]]*T^1+xx[[2]]*T^2+xx[[3]]*T^3]*(1+xx[[4]]/(T^1))
(* Fitting with shape 0 1 1 1 1 1 1 1 1 1 0 0 *)
G[T_,xx_]:=Exp[0+xx[[1]]*T^1+xx[[2]]*T^2+xx[[3]]*T^3]*(1+xx[[4]]/(T^1))
(* Fitting with shape 0 1 1 1 1 1 1 1 1 1 1 0 *)
G[T_,xx_]:=Exp[0+xx[[1]]*T^1+xx[[2]]*T^2+xx[[3]]*T^3]*(1+xx[[4]]/(T^1))
(* Fitting with shape 0 1 1 1 1 1 1 1 1 1 1 1 *)
G[T_,xx_]:=Exp[0+xx[[1]]*T^1+xx[[2]]*T^2+xx[[3]]*T^3]*(1+xx[[4]]/(T^1))
(* Fitting with shape 0 0 1 1 1 1 1 1 1 1 0 0 *)
G[T_,xx_]:=Exp[0+xx[[1]]*T^1+xx[[2]]*T^2+xx[[3]]*T^3]*(1+xx[[4]]/(T^1))
(* Fitting with shape 0 0 1 1 1 1 1 1 1 1 1 0 *)
G[T_,xx_]:=Exp[0+xx[[1]]*T^1+xx[[2]]*T^2+xx[[3]]*T^3]*(1+xx[[4]]/(T^1))
(* Fitting with shape 0 0 1 1 1 1 1 1 1 1 1 1 *)
G[T_,xx_]:=Exp[0+xx[[1]]*T^1+xx[[2]]*T^2+xx[[3]]*T^3]*(1+xx[[4]]/(T^1))
(* Fitting with shape 1 1 1 1 1 1 1 1 1 1 0 0 *)
G[T_,xx_]:=Exp[0+xx[[1]]*T^1+xx[[2]]*T^2+xx[[3]]*T^3]*(1+xx[[4]]/(T^1)+xx[[5]]/(T^2))
(* Fitting with shape 1 1 1 1 1 1 1 1 1 1 1 0 *)
G[T_,xx_]:=Exp[0+xx[[1]]*T^1+xx[[2]]*T^2+xx[[3]]*T^3]*(1+xx[[4]]/(T^1)+xx[[5]]/(T^2))
(* Fitting with shape 1 1 1 1 1 1 1 1 1 1 1 1 *)
G[T_,xx_]:=Exp[0+xx[[1]]*T^1+xx[[2]]*T^2+xx[[3]]*T^3]*(1+xx[[4]]/(T^1)+xx[[5]]/(T^2))
(* Fitting with shape 0 1 1 1 1 1 1 1 1 1 0 0 *)
G[T_,xx_]:=Exp[0+xx[[1]]*T^1+xx[[2]]*T^2+xx[[3]]*T^3]*(1+xx[[4]]/(T^1)+xx[[5]]/(T^2))
(* Fitting with shape 0 1 1 1 1 1 1 1 1 1 1 0 *)
G[T_,xx_]:=Exp[0+xx[[1]]*T^1+xx[[2]]*T^2+xx[[3]]*T^3]*(1+xx[[4]]/(T^1)+xx[[5]]/(T^2))
(* Fitting with shape 0 1 1 1 1 1 1 1 1 1 1 1 *)
G[T_,xx_]:=Exp[0+xx[[1]]*T^1+xx[[2]]*T^2+xx[[3]]*T^3]*(1+xx[[4]]/(T^1)+xx[[5]]/(T^2))
(* Fitting with shape 0 0 1 1 1 1 1 1 1 1 0 0 *)
G[T_,xx_]:=Exp[0+xx[[1]]*T^1+xx[[2]]*T^2+xx[[3]]*T^3]*(1+xx[[4]]/(T^1)+xx[[5]]/(T^2))
(* Fitting with shape 0 0 1 1 1 1 1 1 1 1 1 0 *)
G[T_,xx_]:=Exp[0+xx[[1]]*T^1+xx[[2]]*T^2+xx[[3]]*T^3]*(1+xx[[4]]/(T^1)+xx[[5]]/(T^2))
(* Fitting with shape 0 0 1 1 1 1 1 1 1 1 1 1 *)
G[T_,xx_]:=Exp[0+xx[[1]]*T^1+xx[[2]]*T^2+xx[[3]]*T^3]*(1+xx[[4]]/(T^1)+xx[[5]]/(T^2))
Probabilities: 
         0          0          0          0          0          0   0.248484          0          0          0          0          0          0          0          0   0.383445          0          0          0          0          0          0          0          0   0.141304          0          0          0          0          0          0          0          0          0          0          0          0          0          0          0          0          0   0.148677          0          0          0          0          0          0          0          0  0.0780906          0          0
         0          0          0          0          0          0  0.0103729          0          0          0          0          0          0          0          0   0.712164          0          0          0          0          0          0          0          0   0.277463          0          0          0          0          0          0          0          0          0          0          0          0          0          0          0          0          0          0          0          0          0          0          0          0          0          0          0          0          0
         0          0          0          0          0          0          0          0          0          0          0          0          0          0          0          0          0          0          0          0          0          0          0          0   0.605594          0          0          0          0          0          0          0          0          0          0          0          0          0          0          0          0          0   0.394406          0          0          0          0          0          0          0          0          0          0          0
         0          0          0          0          0          0          0          0          0          0          0          0          0          0          0          0          0          0          0          0          0          0          0          0          0          0          0          0          0          0          0          0          0          0          0          0          0          0          0          0          0          0   0.720273          0          0          0          0          0          0          0          0   0.279727          0          0
         0          0          0          0          0          0          0          0          0          0          0          0          0          0          0          0          0          0          0          0          0          0          0          0   0.365375          0          0          0          0          0          0          0          0          0          0          0          0          0          0          0          0          0   0.353032          0          0          0          0          0          0          0          0   0.281593          0          0
         0          0          0          0          0          0 0.00728532          0          0          0          0          0          0          0          0          0          0          0          0          0          0          0          0          0          0          0          0          0          0          0          0          0          0          0          0          0          0          0          0          0          0          0   0.687658          0          0          0          0          0          0          0          0   0.305057          0          0
         0          0          0          0          0          0          0          0          0          0          0          0          0          0          0   0.339609          0          0          0          0          0          0          0          0   0.172685          0          0          0          0          0          0          0          0          0          0          0          0          0          0          0          0          0          0          0          0          0          0          0          0          0          0   0.487706          0          0
         0          0          0          0          0          0          0          0          0          0          0          0          0          0          0          1          0          0          0          0          0          0          0          0          0          0          0          0          0          0          0          0          0          0          0          0          0          0          0          0          0          0          0          0          0          0          0          0          0          0          0          0          0          0
         0          0          0          0          0          0  0.0083894          0          0          0          0          0          0          0          0   0.387266          0          0          0          0          0          0          0          0   0.410129          0          0          0          0          0          0          0          0          0          0          0          0          0          0          0          0          0          0          0          0          0          0          0          0          0          0   0.194216          0          0
         0          0          0          0          0          0   0.320669          0          0          0          0          0          0          0          0   0.340643          0          0          0          0          0          0          0          0   0.125329          0          0          0          0          0          0          0          0          0          0          0          0          0          0          0          0          0    0.13674          0          0          0          0          0          0          0          0   0.076619          0          0
         0          0          0          0          0          0   0.254776          0          0          0          0          0          0          0          0   0.368249          0          0          0          0          0          0          0          0   0.160414          0          0          0          0          0          0          0          0          0          0          0          0          0          0          0          0          0   0.139728          0          0          0          0          0          0          0          0  0.0768328          0          0
         0          0          0          0          0          0    0.47775          0          0          0          0          0          0          0          0   0.218773          0          0          0          0          0          0          0          0   0.134271          0          0          0          0          0          0          0          0          0          0          0          0          0          0          0          0          0   0.118244          0          0          0          0          0          0          0          0  0.0509617          0          0

Values: 
  0.310111   0.310113   0.310106   0.308382   0.308412    0.30841   0.307852     0.3079   0.307899   0.307428   0.307471   0.307469   0.307435   0.307486   0.307484   0.307544   0.307581    0.30758    0.30746   0.307508   0.307506    0.79504   0.788895   0.780417    0.30751   0.307346   0.307348    1.10072   0.311361    1.09469    1.13229     1.1322    1.13195    1.21043   0.998821   0.995552   0.977383   0.977323   0.977358    1.09183     1.0923     0.3073   0.307212   0.307895   0.307925    0.30689   0.307298   0.242143    0.30712   0.308236   0.308283   0.304092   0.307062   0.307488
  0.438012    0.43805   0.438006   0.435424   0.435437   0.435394   0.433624   0.433629   0.433581   0.433041   0.433042   0.432999   0.567484   0.431768   0.493574   0.431614    0.43157    0.43152   0.431357    0.43134   0.431264    0.43157   0.463403    0.43142   0.432221   0.432161   0.431704   0.442165    1.16438    1.13407     1.1349    1.14271    1.14122     1.0672    1.03046    1.02838    0.43473   0.434785   0.434849   0.431189   0.306418    1.22494   0.797437   0.428718   0.334803   0.429502    0.85201   0.430205   0.424096   0.879395    0.42778   0.809451   0.587941   0.422343
  0.502736   0.502773    0.50279   0.499314   0.499328    0.49933   0.497223   0.497225   0.497224    0.49558   0.495581    0.49558   0.493833   0.493836   0.493854   0.713412   0.705603    0.58166   0.492892   0.492894   0.492927   0.491079   0.491101   0.491245   0.487715   0.487723   0.487948    1.10263    1.20436   0.511488   0.506461    1.18776   0.895964    1.00433    -174.13     1.1362   0.500686   0.994988    1.06772   0.498497   0.823396   0.498256   0.498945   0.785803    1.47753   0.542364   0.497459   0.497281   0.497795    0.49763   0.497747   0.599248   0.471646   0.472678
  0.546952   0.546983    0.54698   0.542975   0.543075    0.54308   0.651254   0.655212   0.540781   0.538202   0.538303   0.538298   0.536699   0.536769   0.536765   0.536217   0.537052   0.537072   0.535973   0.536036   0.536036   0.536864   0.537025   0.537062   0.873036   0.874312   0.871929   0.559874    0.55991   0.559814    1.13682  -0.133027  -0.282036   0.997874   0.998763    1.17239   0.542132   0.542318   0.259591   0.887032   0.537053   0.950223   0.538952   0.539921   0.539849   0.760986   0.116863   0.116928    1.35079   0.541966   0.541787   0.526266   0.534744   0.756653
  0.584127   0.583951   0.583618   0.579188   0.805853   0.578818   0.880728    0.88662   0.821194   0.573166   0.573116   0.572751   0.570844   0.570794   0.570356   0.598478   0.587618   0.568588   0.569498   0.569447   0.569008   0.603192   0.825359   0.847123   0.567351   0.567092   0.569103   0.601781    1.00834    1.03598    1.17036    1.27045    1.21228   0.994765    1.02658    0.99301   0.889057   0.976267   0.972658   0.575539    0.57569   0.574057   0.567822    0.56871   0.565462    0.57262   0.572919   0.894675   0.555656    0.55798    0.55547   0.478557   0.495131   0.536097
  0.617944   0.618243   0.618327   0.612118   0.612183   0.612199   0.608798   0.608881    0.60887   0.604744   0.604791   0.604789   0.961614   0.601654   0.939524   0.612182   0.619777   0.599636   0.599609    0.59979   0.599791   0.951198   0.956142   0.958101   0.850504   0.908637   0.924536    1.04708   0.954002   0.640515    1.23385   0.628048    1.15839   0.991466   -1.30893   0.992021   0.967415   0.973164     0.6151   0.611227     1.0079    1.68624   0.620228  0.0321235   0.621528   0.609601   0.891686   0.218756   0.624222   0.624918   0.624853   0.570096   0.550722   0.552719
  0.649705   0.649668   0.649672   0.711219    0.79488   0.805968   0.638355   0.638338   0.638342   0.634067    0.63405   0.634047   0.643758   0.747049   0.681113    0.62687   0.626863   0.626866   0.628557   0.628552   0.628552    0.62269    0.62268   0.622703   0.618558   0.618594   0.618634     1.0926   0.676055    1.07329   0.662011    0.66192    1.17331     1.0578    1.05662     1.0583   0.646585   0.981635   0.981655   0.903686    1.25985    0.64117     1.2422   0.948522    1.24427    0.93649    0.93636          1   0.587438    0.58671    1.00369   0.409712   0.415059   0.409371
  0.682112   0.682053   0.682043   0.965753   0.839784   0.672689   0.861979   0.667776   0.667904   0.662944   0.596577   0.663153   0.660508   0.863985   0.753641   0.659171   0.659123     0.6595   0.659195   0.659282   0.659427   0.704964   0.651672   0.787423   0.720521   0.744998   0.648855    1.10082    1.10254    1.09579    1.12409    1.12359    1.12881    1.01768    1.02114    1.02124   0.671303   0.968268   0.670998    1.02998   0.872149   0.665498   0.810693   0.680128   0.677731   0.935233   0.934856          1   0.689177   0.685305   0.865882   0.743071   0.621249   0.593324
  0.705895   0.706057   0.705954   0.696029   0.695976   0.695959   0.691182   0.691054   0.691027   0.685839   0.685696   0.685717   0.834101   0.839115   0.852922   0.672274   0.672865   0.672909   0.678792   0.678693   0.678674   0.660439   0.662205   0.662207   0.641732   0.643639   0.643989   0.739501    1.08785    0.74002   0.721778     1.1958    1.20514    1.21538    0.71936   0.996048   0.706821   0.973549   0.705368 -0.0962447   0.909623    1.00309   0.628454   0.709226    0.71707          1          1          1   0.957925    1.60708    0.87923   0.499765   0.495231    0.82061
  0.730627   0.730624   0.730659   0.719232   0.719311   0.719327   0.714828   0.714864   0.714791   0.709649   0.709796    0.70978   0.871418   0.869602   0.867407   0.705148   0.705844   0.705766    0.70729   0.707512   0.707296   0.910462   0.961964   0.948559   0.705471    0.70737   0.707609   0.957556   0.673427   0.757147    1.16674    1.13782    1.15203   0.997048   0.727487    1.22212   0.714516   0.714201   0.981278    1.13329    0.55237    1.16507   0.682422   0.746177   0.734542          1          1          1   0.616672   0.624899   0.903965   0.490412   0.460952   0.478784
  0.744713   0.744306   0.743936   0.732399   0.732073   0.731672   0.728255   0.728301   0.727848   0.722639    0.72241    0.72195   0.721404    0.72192   0.721544   0.716171   0.716053   0.716305   0.720191   0.720951   0.720684   0.710551   0.710285   0.797775   0.700712   0.710653   0.711144     1.0807    0.76944    1.06418    1.15066     1.1773    1.16986    1.06085    1.02976   0.989536   0.906014   0.895799   0.727199   0.742475   0.908691    1.00831   0.731631   0.718684   0.715551          1          1          1   0.692396   0.659348   0.653214    0.51984   0.511322   0.506497
   0.75102   0.750838   0.749976   0.738646    0.73848   0.737664   0.734827   0.734663   0.734224   0.729089   0.728929   0.728055   0.729683   0.729586   0.729051    0.72848    0.72855   0.725191   0.729633   0.729583    0.72887   0.724394   0.751178   0.969464   0.688521   0.691416   0.686748    0.77552    1.12472   0.774637    1.17365    1.10667    1.16717    0.98958   0.995059    0.75058   0.933227   0.928765    0.91518   0.746997    1.17068   0.753883   0.793033    0.78661   0.879654          1          1          1   0.815551   0.805215    0.85888   0.579909   0.571782    3.92153

Errors: 
7.82647e-05 7.79481e-05 7.77305e-05 0.000104003 0.000103231 0.000102911 0.000138028 0.000136874  0.00013651 0.000129785  0.00012878 0.000128449 0.000188642 0.000187678 0.000187499 0.000228292  0.00022773  0.00022772 0.000216688 0.000216071 0.000215925  0.00204878  0.00202722  0.00200078 0.000647114 0.000645386 0.000645692           0 0.000103436           0           0           0           0     1.00001     1.00018      1.0005    0.626844    0.630864    0.630841 2.57362e-05 2.63801e-05 0.000505616  0.00104401   0.0010117 0.000989265 0.000695832 0.000679576    0.378897  0.00161303  0.00155577  0.00151205  0.00356025  0.00339168  0.00300006
0.000192159 0.000191685   0.0001909           0 0.000230548 0.000229861 0.000304117 0.000304465 0.000302183 0.000295563 0.000296827 0.000293589           0 0.000444684           0 0.000690658 0.000689792  0.00069606 0.000533523 0.000531663 0.000532216  0.00101028           0   0.0010064   0.0019273  0.00191827  0.00188298 0.000302273           0           0           0           0           0     1.00322    0.951613    0.952851 0.000667576 0.000658118 0.000670517  0.00152962      1.0012     1.00079     1.00001  0.00322074           1  0.00209148    0.764435   0.0020113  0.00526803  0.00181607  0.00492424           1  0.00113747  0.00864083
0.000353598 0.000353493  0.00035312           0           0           0 0.000425096 0.000425189 0.000425224 0.000456616 0.000456384 0.000456092 0.000638518 0.000600256   0.0005972           0           0           0 0.000768352 0.000736739 0.000785107  0.00166274  0.00165666   0.0016143  0.00330678  0.00323287  0.00323861           0           0 0.000534751 0.000737871           0     1.00008           0    0.325111     1.00361  0.00115625           0           0  0.00242308           1  0.00240013  0.00494421     1.00009     1.01594     1.61247  0.00320001  0.00319577  0.00818674  0.00811223   0.0080799  0.00315092   0.0164249   0.0161557
          0           0           0 0.000589049  0.00058443 0.000583738           0           0 0.000633934 0.000674332 0.000677891 0.000675669 0.000912006 0.000905952 0.000889044           0  0.00165584  0.00167945  0.00113399  0.00113469   0.0011364  0.00251055  0.00261657  0.00259259           0           0           0 0.000909036 0.000907512 0.000890753           0           1     1.00446           0           0     1.00245  0.00194394  0.00201732           0     1.00208  0.00442181           0  0.00859896  0.00853837  0.00855188   0.0385704    0.001713  0.00171005     1.00525   0.0128396   0.0127488   0.0230668   0.0222369     1.00011
          0           0           0           0           0 0.000861321           0           0           0  0.00103193  0.00100698 0.000996788  0.00139169  0.00136308  0.00135025           0           0  0.00218932  0.00169394  0.00170065  0.00170385           0           0           0  0.00574909  0.00607583  0.00575801  0.00145023           0           0           0           0           1           0     1.02853           0           0           0           0  0.00557048  0.00554265  0.00555354    0.012658   0.0115287   0.0120679  0.00753596  0.00738809  0.00289865   0.0194672   0.0186955    0.018642   0.0283999   0.0282054   0.0277266
          0           0           0           0           0           0  0.00135589  0.00135492  0.00135485  0.00143154  0.00143742  0.00143359           0  0.00192288           0           0           0  0.00303332  0.00241027  0.00240175  0.00241335           0           0           0           0           0           0           0           0  0.00199315           0  0.00265537           0           0     1.21322           0           0           0  0.00403334  0.00713703      1.0003           1   0.0176919     1.20379   0.0168661   0.0102331  0.00292298  0.00346393   0.0254186   0.0251323   0.0248121   0.0358072   0.0345431    0.033737
          0           0           0           0           0           0  0.00185821  0.00185308  0.00184748  0.00197674  0.00197692  0.00197477           0           0           0  0.00394941  0.00414835  0.00398407  0.00303856   0.0030872  0.00297033  0.00634808  0.00635437  0.00658016   0.0112761   0.0115079   0.0111936           0  0.00284082           0  0.00390715  0.00367686           0           0           0           0  0.00567008           0           0     1.00244     1.00255   0.0116137     1.03627    0.990291     1.11814   0.0111583   0.0112526    0.052166   0.0333919    0.032825   0.0200263   0.0168677   0.0173065   0.0165816
          0           0           0           0           0  0.00243362           0  0.00259194  0.00262712  0.00272986           0  0.00273844  0.00358782           0           0  0.00584458  0.00570858  0.00582713  0.00440142   0.0043578  0.00426702           0           0           0           0           0   0.0153762           0           0           0           0           0           0           0           0           0  0.00713716           0  0.00720749     1.00429     1.00781     1.00028     1.00295   0.0287094   0.0290288   0.0131921     0.01276   0.0639128   0.0372512    0.036985   0.0233357     1.00008   0.0461582   0.0430023
 0.00289915  0.00294771  0.00294667  0.00293407  0.00293344  0.00292437   0.0032013   0.0031995  0.00318351  0.00333444  0.00338454  0.00330737           0           0           0  0.00707851  0.00689157  0.00690593  0.00559925  0.00554384  0.00549729  0.00352723   0.0114385   0.0104208   0.0247615   0.0230646   0.0222912  0.00487247           0  0.00493162  0.00641531           0           0     1.02165  0.00961241           0  0.00857319           0  0.00936001     1.00552    0.907015           0     1.00004   0.0416602     1.00106   0.0815815    0.079895    0.074121     1.00149    0.107534     1.00053   0.0284651   0.0279354     1.00035
 0.00356398  0.00356748  0.00356806  0.00357342  0.00340384   0.0035908  0.00396049  0.00394424  0.00396021  0.00404495  0.00403904  0.00407025           0           0           0  0.00779439  0.00765904  0.00775699  0.00612312  0.00626306  0.00620973           0           0           0   0.0239689   0.0231434   0.0228158           0           0   0.0054722           0           0           0           0   0.0118827           0   0.0109146   0.0109442           0     1.00884           0     1.14153   0.0587866     1.00213     1.00523   0.0867043   0.0852997   0.0876433    0.054715   0.0531934   0.0178524   0.0375667   0.0371992   0.0358875
 0.00387413   0.0039747  0.00396092  0.00404987  0.00400254   0.0040029  0.00447686  0.00445489  0.00443271  0.00463855  0.00458443  0.00453332  0.00596717  0.00595305  0.00592938  0.00858646  0.00867613  0.00848861  0.00707494  0.00709971  0.00700931   0.0126812   0.0130576           0   0.0307916  0.00621881  0.00643492           0  0.00578742           0           0           0           0     1.33411           0           0           0           0   0.0113053   0.0247467     1.00043     1.00354   0.0596061   0.0607249   0.0606948   0.0925496   0.0917739   0.0920014   0.0585086   0.0564173     0.05529      0.0401   0.0393968   0.0388563
 0.00411715  0.00406834           0  0.00425001  0.00424701   0.0041895  0.00491428  0.00492122  0.00499265  0.00498788  0.00491896  0.00485532  0.00685737  0.00684041    0.006701   0.0107376   0.0100907   0.0103572  0.00816168  0.00816989  0.00803278     0.01683           0           0   0.0441832   0.0373235   0.0443329  0.00633909           0  0.00623198           0           0           0           0           0   0.0146999           0           0           0   0.0307364      3.1098   0.0291927   0.0679274   0.0696201     1.00336   0.0916233   0.0905665   0.0927156   0.0632869   0.0612985     1.00037   0.0477279   0.0465874     1.00185

Statuses: 
0 0 0 0 0 0 0 0 0 0 0 0 0 0 0 0 0 0 0 0 0 3 3 3 0 0 0 3 0 3 3 3 3 3 3 3 3 3 3 3 3 0 0 0 0 0 0 3 0 0 0 0 0 0
0 0 0 2 0 0 0 0 0 0 0 0 3 0 3 0 0 0 0 0 0 0 3 0 0 0 0 0 3 3 3 3 3 3 3 3 0 0 0 0 3 3 3 0 3 0 3 0 0 3 0 3 3 0
0 0 0 2 2 2 0 0 0 0 0 0 0 0 0 3 3 3 0 0 0 0 0 0 0 0 0 3 3 0 0 3 3 3 0 3 0 3 3 0 3 0 0 3 3 3 0 0 0 0 0 3 0 0
2 2 2 0 0 0 3 3 0 0 0 0 0 0 0 3 0 0 0 0 0 0 0 0 3 3 3 0 0 0 3 3 3 3 3 3 0 0 3 3 0 3 0 0 0 3 0 0 3 0 0 0 0 3
2 2 2 2 3 0 3 3 3 0 0 0 0 0 0 3 3 0 0 0 0 3 3 3 0 0 0 0 3 3 3 3 3 3 3 3 3 3 3 0 0 0 0 0 0 0 0 3 0 0 0 0 0 0
2 2 2 2 2 2 0 0 0 0 0 0 3 0 3 3 3 0 0 0 0 3 3 3 3 3 3 3 3 0 3 0 3 3 3 3 3 3 0 0 3 3 0 3 0 0 3 0 0 0 0 0 0 0
2 2 2 3 3 3 0 0 0 0 0 0 3 3 3 0 0 0 0 0 0 0 0 0 0 0 0 3 0 3 0 0 3 3 3 3 0 3 3 3 3 0 3 3 3 3 3 3 0 0 3 0 0 0
2 2 2 3 3 0 3 0 0 0 3 0 0 3 3 0 0 0 0 0 0 3 3 3 3 3 0 3 3 3 3 3 3 3 3 3 0 3 0 3 3 3 3 0 0 3 3 3 0 0 3 3 0 0
0 0 0 0 0 0 0 0 0 0 0 0 3 3 3 0 0 0 0 0 0 0 0 0 0 0 0 0 3 0 0 3 3 3 0 3 0 3 0 3 3 3 3 0 3 3 3 3 3 3 3 0 0 3
0 0 0 0 0 0 0 0 0 0 0 0 3 3 3 0 0 0 0 0 0 3 3 3 0 0 0 3 3 0 3 3 3 3 0 3 0 0 3 3 3 3 0 3 3 3 3 3 0 0 3 0 0 0
0 0 0 0 0 0 0 0 0 0 0 0 0 0 0 0 0 0 0 0 0 0 0 3 0 0 0 3 0 3 3 3 3 3 3 3 3 3 0 0 3 3 0 0 0 3 3 3 0 0 0 0 0 0
0 0 2 0 0 0 0 0 0 0 0 0 0 0 0 0 0 0 0 0 0 0 3 3 0 0 0 0 3 0 3 3 3 3 3 0 3 3 3 0 3 0 0 0 3 3 3 3 0 0 3 0 0 3
chisq per dof: 
1.83276 1.74026  1.6671 1.32825 1.29192 1.25954 1.34343 1.30145 1.26379 1.43509 1.38657 1.34367  1.5076 1.44178 1.38662  1.6081 1.51478 1.44129 1.67423 1.58461 1.51159 17731.6 14662.4 12422.7 2.01012 1.81753 1.68133 26526.5 1.66332 24275.8 33299.9 28539.2   24973 20129.4 18033.3 15475.9 35829.5 30657.6 26883.3 33899.6 27832.6 1.58455 2.00994  1.8176 1.68136 2.00805 1.84858 31647.3 2.26002 2.01769 1.84809 2.67826  2.2719  2.0176
1.67941 1.60848 1.55182 1.38669  1.3401 1.30558 1.35755 1.30793  1.2709 1.45342 1.39778 1.35547 1000.41 1.43992 670.431 1.61443 1.51308 1.44145 1.67882 1.58273 1.51131 1.81449 871.375 1.58432 2.01784 1.81554 1.68168 1.60463 1898.56 1737.76 2942.08  2537.8 2222.66 2247.84 1892.74 1625.66 1.68627 1.58877 1.51628 1.81434 2659.18  2492.9    2230 1.81456  1230.2 2.01336 2784.09 1.72692 2.26469 3439.98 1.84776 3725.32 2172.98 2.01678
1.76215 1.67952 1.61211 1.43315 1.37957 1.33742 1.36969 1.31707 1.27755 1.45907 1.40171 1.35724 1.51239 1.43921 1.38476 174.294 140.994 54.9909 1.67705 1.58034 1.50834 1.81035  1.6753 1.57963 2.01037  1.8083 1.67457  436.96 447.282 1.42975  1.5217 508.239 204.872 595.874 326.842 436.633  1.6758  189.46 208.999 1.80951 659.931 1.57905 2.01187  544.18 319.684 546.274 1.84129 1.72191 2.26187 2.00955 1.84223 889.661 2.25963 2.00895
1.63724 1.56658 1.50993 1.36564 1.32144 1.28573 61.2583 52.7095 1.25722 1.43596  1.3828 1.34028 1.50144 1.43114 1.37728 7.27204 1.50295 1.43113 1.66827 1.57416 1.50243 1.80172 1.66965 1.57402 121.014 98.0284 82.5085 1.53281 1.46644 1.41551 223.802 104.882 125.244 204.628 171.293 146.241 1.67021 1.57578 75.3844  265.84 1.66965 192.752 2.00201 1.80337 1.66952 184.863 3.26225 2.93944 246.235  2.0034 1.83622 2.66909 2.25418 200.761
1.53073 1.47445 1.44413 1.35208 30.7953 1.28307 27.1034 23.3539 17.4245 1.44032 1.38538 1.34933 1.50629 1.43408 1.38699  7.3771  7.5157 1.44123 1.67205 1.57614 1.51142 43.4307 44.8171 40.3021 2.00714 1.80578 1.68142 1.50571 56.9795 34.2804 93.8507 81.1078 62.0294 83.6087  69.887  61.163 57.9361 62.8414 58.9584 1.80649 1.67211 1.58465 2.00726 1.80593 1.68135 2.00622 1.83857 85.1595 2.25666 2.00553 1.84786 2.67274 2.25522 2.01727
1.49285 1.44197 1.39815 1.34203 1.29974 1.26646 1.35091 1.30156 1.26392 1.43901 1.38475 1.34201 22.3978  1.4337 17.2215 8.13436 7.49986   1.433 1.67056 1.57578 1.50383  29.631 25.0704 22.4289 23.1489 20.3816 18.0793 22.1394 17.3299 1.37836 44.1019 1.43782 34.7294 45.5282 24.6025 34.2752 37.1236  33.082 1.50317 1.80321 34.3554 18.9107 2.00348 31.5693 1.67003 2.00328 46.1107 2.08979 2.25371  2.0043 1.83695 2.67043 2.25371 2.00305
1.42723 1.38068 1.34276 2.52055  4.0726 3.94577 1.36186  1.3102 1.27143 1.44884 1.39275 1.34912 4.30029 5.80668 4.07019 1.61946 1.51628 1.44253 1.68368 1.58606 1.51281 1.81884 1.68243 1.58494  2.0232 1.81864 1.68221 14.0922 1.42032 11.2815 1.52089 1.44663 23.1288  26.163 22.0802 19.0962 1.68383 19.0506 16.8553 36.3853  27.427 1.58599 29.5346 26.4182 20.9382 46.8076 39.7391 37.0011 2.27251 2.01803 30.4572  2.6881 2.26608 2.01289
1.36085 1.32081 1.28879 5.52733 3.01226 1.23993 3.50947 1.29127  1.2555 1.43246 2.81907 1.33709 1.50324  5.4645 3.58918 1.60377 1.50324 1.43222 1.66976 1.57418 1.50316 5.70894 4.14255 5.51157 3.57121  3.5099 1.67024 10.0472 8.46041 7.69061 19.3932 16.7941 15.2374 15.9935 13.5071 11.9504 1.66932 11.6085 1.50295 20.9174 19.3161 16.0979 15.7847 1.80314 1.67045 30.5437 25.6057 25.3301 2.25375 2.00322 20.0722 24.8862 2.25366 2.00415
1.34134 1.30656 1.27826 1.31309 1.27495  1.2444 1.35273 1.30293 1.26508 1.44068 1.38628 1.34336 3.90679  3.5456 3.34848 1.60976 1.50954 1.43676 1.67762 1.58162 1.50892  1.8081 1.67494 1.57852 2.00851 1.80862 1.67387 1.45105 5.61547 1.35399 1.50685 11.2048  9.7756  10.476 1.50869 8.27209 1.67433  11.464 1.50687 9.79226 13.8766 11.3728 11.2486 1.81032 8.10046 25.4945  21.418 18.5421  20.709 7.53608 14.0553 2.67683 2.25937  11.525
 1.3116 1.27698 1.24959 1.29756 1.26071 1.23215 1.34069 1.29235 1.25597 1.43323 1.37949 1.33749 3.39389 3.03382 2.76103 1.60586 1.50555  1.4335 1.67183 1.57634 1.50444 5.18207  4.8902 4.24548 2.00733 1.80665 1.67241 3.55425 4.25942 1.35268  10.465 9.42788 8.12131 9.24099 1.50618 6.21092 1.67184 1.57638 6.80853 13.2454 4.60034 9.74101 2.00702 9.12689 6.99739 21.1315 17.7841 15.5455 2.25639   2.006 10.4648 2.67407 2.25678 2.00561
1.30074 1.26793 1.24393 1.29396 1.25792 1.23133 1.33862 1.29175 1.25748 1.43121 1.37863  1.3386 1.50296  1.4327 1.38092 1.60252 1.50374 1.43459  1.6695  1.5755 1.50588 1.80226 1.67024 2.77708 2.00256 1.80429 1.67354 5.13151 1.39339 3.61185 9.88306  8.6006 7.84804 8.00411 6.86652 6.05376 5.46313 4.36973  1.5057 1.80249 8.23416 6.23727 2.00304 1.80448 1.67369 19.0898 16.0748 13.9329 2.25279 2.00408 1.83998 2.66885 2.25402   2.007
1.28865 1.25665 1.23386 1.29046 1.25424 1.22831 1.33619 1.28828 1.25527 1.43062 1.37692 1.33751 1.50237 1.43074 1.37965 1.60281 1.50252 1.43367 1.66904 1.57361 1.50468 1.80267 2.50851 3.81964 2.00172 1.80173 1.67148 1.44534 4.34167 1.34889 8.88678  7.7916 7.27855 7.45332 6.43696 1.43321 5.73676 6.15886 4.32031  1.8024 9.32364 1.57606 2.00217 1.80212 4.34265 17.8337 15.0315 13.1778 2.25242 2.00232 9.76846 2.66882 2.25199 4.81485
Mode averaged potential and errors: 
  0.307297 0.00146476
  0.431803 0.00121644
  0.492144 0.00681054
  0.535404  0.0153141
  0.542513  0.0435789
  0.604852  0.0337278
  0.519526   0.107954
  0.659171 0.00584458
  0.626402   0.067003
  0.688732  0.0635818
  0.703845  0.0610158
  0.726209   0.052978
R Models:
(* Fitting with shape 1 1 1 1 1 1 1 1 0 0 0 0 *)
G[R_,xx_]:=xx[[0]] + xx[[1]]/R | xx[[2]]*R
(* Fitting with shape 1 1 1 1 1 1 1 1 1 0 0 0 *)
G[R_,xx_]:=xx[[0]] + xx[[1]]/R | xx[[2]]*R
(* Fitting with shape 1 1 1 1 1 1 1 1 1 1 0 0 *)
G[R_,xx_]:=xx[[0]] + xx[[1]]/R | xx[[2]]*R
(* Fitting with shape 1 1 1 1 1 1 1 1 1 1 1 0 *)
G[R_,xx_]:=xx[[0]] + xx[[1]]/R | xx[[2]]*R
(* Fitting with shape 1 1 1 1 1 1 1 1 1 1 1 1 *)
G[R_,xx_]:=xx[[0]] + xx[[1]]/R | xx[[2]]*R
(* Fitting with shape 0 1 1 1 1 1 1 1 0 0 0 0 *)
G[R_,xx_]:=xx[[0]] + xx[[1]]/R | xx[[2]]*R
(* Fitting with shape 0 1 1 1 1 1 1 1 1 0 0 0 *)
G[R_,xx_]:=xx[[0]] + xx[[1]]/R | xx[[2]]*R
(* Fitting with shape 0 1 1 1 1 1 1 1 1 1 0 0 *)
G[R_,xx_]:=xx[[0]] + xx[[1]]/R | xx[[2]]*R
(* Fitting with shape 0 1 1 1 1 1 1 1 1 1 1 0 *)
G[R_,xx_]:=xx[[0]] + xx[[1]]/R | xx[[2]]*R
(* Fitting with shape 0 1 1 1 1 1 1 1 1 1 1 1 *)
G[R_,xx_]:=xx[[0]] + xx[[1]]/R | xx[[2]]*R
(* Fitting with shape 0 0 1 1 1 1 1 1 0 0 0 0 *)
G[R_,xx_]:=xx[[0]] + xx[[1]]/R | xx[[2]]*R
(* Fitting with shape 0 0 1 1 1 1 1 1 1 0 0 0 *)
G[R_,xx_]:=xx[[0]] + xx[[1]]/R | xx[[2]]*R
(* Fitting with shape 0 0 1 1 1 1 1 1 1 1 0 0 *)
G[R_,xx_]:=xx[[0]] + xx[[1]]/R | xx[[2]]*R
(* Fitting with shape 0 0 1 1 1 1 1 1 1 1 1 0 *)
G[R_,xx_]:=xx[[0]] + xx[[1]]/R | xx[[2]]*R
(* Fitting with shape 0 0 1 1 1 1 1 1 1 1 1 1 *)
G[R_,xx_]:=xx[[0]] + xx[[1]]/R | xx[[2]]*R
(* Fitting with shape 0 0 0 1 1 1 1 1 0 0 0 0 *)
G[R_,xx_]:=xx[[0]] + xx[[1]]/R | xx[[2]]*R
(* Fitting with shape 0 0 0 1 1 1 1 1 1 0 0 0 *)
G[R_,xx_]:=xx[[0]] + xx[[1]]/R | xx[[2]]*R
(* Fitting with shape 0 0 0 1 1 1 1 1 1 1 0 0 *)
G[R_,xx_]:=xx[[0]] + xx[[1]]/R | xx[[2]]*R
(* Fitting with shape 0 0 0 1 1 1 1 1 1 1 1 0 *)
G[R_,xx_]:=xx[[0]] + xx[[1]]/R | xx[[2]]*R
(* Fitting with shape 0 0 0 1 1 1 1 1 1 1 1 1 *)
G[R_,xx_]:=xx[[0]] + xx[[1]]/R | xx[[2]]*R
1.12708 1.12708 1.12708 
-0.100143 -0.100143 -0.100143 
1 1 1 
2.5418 2.5418 2.5418 
-15.1583 -15.1583 -15.1583 
1.665e-321 1.665e-321 1.665e-321 
6.9359e-310 6.9359e-310 6.9359e-310 
2.13513e-316 2.13513e-316 2.13513e-316 
1.97015e-316 1.97015e-316 1.97015e-316 
4.00193e-322 4.00193e-322 4.00193e-322 
0.00839365 0.00839365 0.00839365 
0.00172012 0.00172012 0.00172012 
0.0701945 0.0701945 0.0701945 
1.00476 1.00476 1.00476 
1.00472 1.00472 1.00472 
1.6379e-316 1.6379e-316 1.6379e-316 
1.39553e+07 1.39553e+07 1.39553e+07 
-5.19813e+06 -5.19813e+06 -5.19813e+06 
1.66105e-316 1.66105e-316 1.66105e-316 
1.63042e-322 1.63042e-322 1.63042e-322 
6.93588e-310 6.93588e-310 6.93588e-310 
2.122e-314 2.122e-314 2.122e-314 
2.02267e-316 2.02267e-316 2.02267e-316 
2.42092e-322 2.42092e-322 2.42092e-322 
2.03054e-316 2.03054e-316 2.03054e-316 
0.741165 0.741165 0.741165 
2.59017e-05 2.59017e-05 2.59017e-05 
8.57178e-05 8.57178e-05 8.57178e-05 
3.95253e-322 3.95253e-322 3.95253e-322 
2.37152e-322 2.37152e-322 2.37152e-322 
4.24399e-314 4.24399e-314 4.24399e-314 
8.48798e-314 8.48798e-314 8.48798e-314 
1.2732e-313 1.2732e-313 1.2732e-313 
1.6976e-313 1.6976e-313 1.6976e-313 
0.00294484 0.00294484 0.00294484 
2.42092e-322 2.42092e-322 2.42092e-322 
0 0 0 
0 0 0 
0 0 0 
247549 247549 247549 
0 0 0 
2.01164e-316 2.01164e-316 2.01164e-316 
1.66105e-316 1.66105e-316 1.66105e-316 
1.63042e-322 1.63042e-322 1.63042e-322 
1.96516e-316 1.96516e-316 1.96516e-316 
0 0 0 
-45240.9 -45240.9 -45240.9 
3.21143e-322 3.21143e-322 3.21143e-322 
1.63042e-322 1.63042e-322 1.63042e-322 
1.95105e-316 1.95105e-316 1.95105e-316 
1.28495e+74 1.28495e+74 1.28495e+74 
4.56627e+257 4.56627e+257 4.56627e+257 
7.31671e+223 7.31671e+223 7.31671e+223 
6.99178e+228 6.99178e+228 6.99178e+228 
Probabilities: 
         0          0          0          0          0          0 0.00256648          0          0  0.0279646   0.054204  0.0787779  0.0129178   0.028042  0.0540888          0  0.0113575          0  0.0354952  0.0794937   0.165816 0.00613986  0.0153698  0.0716536          0  0.0110507  0.0380454          0          0          0          0          0          0          0          0          0  0.0382554          0          0  0.0141908          0   0.103689          0          0          0          0   0.105396          0          0          0          0 0.00577794          0  0.0397072

String tensions: 
         1          1          1          1          1          1          1          1          1  -0.411817  -0.412122  -0.412726  -0.460936  -0.470366  -0.486777   -2.57138  -0.612528   -2.14045  -0.538723  -0.564941  -0.607143    1.95389   0.476035  -0.769686 -0.0162924  -0.460006   -2.14467 -0.0645139 -0.0612161 -0.0565813 -0.0998075    1.00572     1.0062    1.02243   0.999733   0.488575 0.00184707  -0.114759 -0.0589841 0.00255696          1 0.00247523     1.0123    1.00986    1.00864   0.838405 0.00315169  -0.031495  0.0100069 0.00686593 0.00447402  0.0111604  0.0750443 0.00517988

Errors: 
    5792.62     5792.62     5792.62     5792.62     5792.62     5792.62     5792.62           0           0  0.00616648  0.00596179  0.00595623   0.0701945   0.0688782   0.0635519           0    0.312575           0    0.180313    0.167212    0.153208    0.158457  0.00624065   0.0346618           0   0.0152056     1.42957           0           0           0     1.00009    0.993268    0.497124           0           0           0  0.00232818           0           0  0.00443599           0   0.0021915           0           0           0           1  0.00400301      1.6132 0.000946548 0.000898598 0.000796979  0.00769207     1.00932   0.0046679

Statuses: 
0 0 0 0 0 0 0 3 3 0 0 0 0 0 0 3 0 3 0 0 0 0 0 0 3 0 0 3 3 3 3 3 3 2 2 3 0 3 3 0 3 0 2 2 2 3 0 3 1 1 1 0 3 0
chisq per dof: 
  326.44  288.202  260.849  4.60454  4.43083  4.79679 0.738948  101.448  1104.04 0.416848 0.449288 0.538505 0.410433 0.416058  0.44982  1029.34 0.453342  1626.39 0.348717 0.353557 0.373118 0.658368 0.587857 0.379516  1936.12  0.46247 0.328893  12723.5  11261.7    10168  2395.85  2854.33  2521.04  2929.25  2463.19  2134.66  0.32732  9312.12    12875 0.379105  7279.48 0.287127  2929.22  2463.19  2138.14  20588.8 0.283045   4410.2 0.347533 0.304268 0.277328 0.414343  2367.84 0.316678
Model string tension and errors: 
sigma = -0.402487 +/- 293.457
