R=0parameters: 
-0.675367 -0.675367 
0.120849 0.120849 
3.00857e-10 3.00857e-10 
3.21143e-322 3.21143e-322 
9.88131e-324 9.88131e-324 
2.31e-316 2.31e-316 
9.88131e-324 9.88131e-324 
2.39032e-316 2.39032e-316 
3279.11 3279.11 
5.13828e-321 5.13828e-321 5.13828e-321 
-nan -nan -nan 
0 0 0 
-nan -nan -nan 
2.30325e-316 2.30325e-316 2.30325e-316 
-nan -nan -nan 
0 0 0 
-nan -nan -nan 
0 0 0 
-nan -nan -nan -nan 
0 0 0 0 
-nan -nan -nan -nan 
0 0 0 0 
-nan -nan -nan -nan 
0 0 0 0 
-nan -nan -nan -nan 
0 0 0 0 
-nan -nan -nan -nan 
0 0 0 
-nan -nan -nan 
0 0 0 
-nan -nan -nan 
0 0 0 
-nan -nan -nan 
0 0 0 
-nan -nan -nan 
0 0 0 
-nan -nan -nan -nan 
0 0 0 0 
-nan -nan -nan -nan 
0 0 0 0 
-nan -nan -nan -nan 
0 0 0 0 
-nan -nan -nan -nan 
0 0 0 0 
-nan -nan -nan -nan 
3.95253e-322 3.95253e-322 3.95253e-322 3.95253e-322 3.95253e-322 
0 0 0 0 0 
0 0 0 0 0 
6.32404e-322 6.32404e-322 6.32404e-322 6.32404e-322 6.32404e-322 
2.42092e-322 2.42092e-322 2.42092e-322 2.42092e-322 2.42092e-322 
2.37656e-316 2.37656e-316 2.37656e-316 2.37656e-316 2.37656e-316 
-3.66293e-06 -3.66293e-06 -3.66293e-06 -3.66293e-06 -3.66293e-06 
2.65494e-06 2.65494e-06 2.65494e-06 2.65494e-06 2.65494e-06 
-0.0001056 -0.0001056 -0.0001056 -0.0001056 -0.0001056 
R=1parameters: 
-0.640476 -0.640476 
0.173756 0.173756 
0.593208 0.593208 
2.52459 2.52459 
-15.0949 -15.0949 
2.33595e-316 2.33595e-316 
87.6286 87.6286 
908561 908561 
-1.02437e+06 -1.02437e+06 
1.8231e-321 1.8231e-321 1.8231e-321 
2.39021e-316 2.39021e-316 2.39021e-316 
6.94566e-310 6.94566e-310 6.94566e-310 
2322.53 2322.53 2322.53 
1944.25 1944.25 1944.25 
-17908.9 -17908.9 -17908.9 
23011.6 23011.6 23011.6 
-21633.7 -21633.7 -21633.7 
10801.9 10801.9 10801.9 
2.39022e-316 2.39022e-316 2.39022e-316 2.39022e-316 
6.37345e-322 6.37345e-322 6.37345e-322 6.37345e-322 
2.65394e-07 2.65394e-07 2.65394e-07 2.65394e-07 
-2.47687e-09 -2.47687e-09 -2.47687e-09 -2.47687e-09 
5.82904e-09 5.82904e-09 5.82904e-09 5.82904e-09 
2.52406e-06 2.52406e-06 2.52406e-06 2.52406e-06 
-8.6446e-07 -8.6446e-07 -8.6446e-07 -8.6446e-07 
4.05834e-07 4.05834e-07 4.05834e-07 4.05834e-07 
-1.97703e-05 -1.97703e-05 -1.97703e-05 -1.97703e-05 
1.19291e-06 1.19291e-06 1.19291e-06 
-0.000103611 -0.000103611 -0.000103611 
0.000155109 0.000155109 0.000155109 
0 0 0 
-0.147452 -0.147452 -0.147452 
0.6858 0.6858 0.6858 
-0 -0 -0 
1.02766e-321 1.02766e-321 1.02766e-321 
1.58101e-322 1.58101e-322 1.58101e-322 
6.94564e-310 6.94564e-310 6.94564e-310 6.94564e-310 
2.122e-314 2.122e-314 2.122e-314 2.122e-314 
2.39061e-316 2.39061e-316 2.39061e-316 2.39061e-316 
2.42092e-322 2.42092e-322 2.42092e-322 2.42092e-322 
1.061e-313 1.061e-313 1.061e-313 1.061e-313 
0 0 0 0 
22421.7 22421.7 22421.7 22421.7 
2.122e-314 2.122e-314 2.122e-314 2.122e-314 
2.39098e-316 2.39098e-316 2.39098e-316 2.39098e-316 
4.00193e-322 4.00193e-322 4.00193e-322 4.00193e-322 4.00193e-322 
1.17896 1.17896 1.17896 1.17896 1.17896 
2.39124e-316 2.39124e-316 2.39124e-316 2.39124e-316 2.39124e-316 
2.38886e-316 2.38886e-316 2.38886e-316 2.38886e-316 2.38886e-316 
2.37611e-316 2.37611e-316 2.37611e-316 2.37611e-316 2.37611e-316 
2.30459e-316 2.30459e-316 2.30459e-316 2.30459e-316 2.30459e-316 
1.63042e-322 1.63042e-322 1.63042e-322 1.63042e-322 1.63042e-322 
-9.35213e-08 -9.35213e-08 -9.35213e-08 -9.35213e-08 -9.35213e-08 
-8.68291e-06 -8.68291e-06 -8.68291e-06 -8.68291e-06 -8.68291e-06 
R=2parameters: 
-0.598271 -0.598271 
0.203457 0.203457 
-0.00863046 -0.00863046 
-3.78725 -3.78725 
5.56811 5.56811 
2.33595e-316 2.33595e-316 
87.6286 87.6286 
908561 908561 
-1.02437e+06 -1.02437e+06 
1.8231e-321 1.8231e-321 1.8231e-321 
2.39021e-316 2.39021e-316 2.39021e-316 
6.94566e-310 6.94566e-310 6.94566e-310 
3.62931e+08 3.62931e+08 3.62931e+08 
4.08941e+11 4.08941e+11 4.08941e+11 
2.37152e-322 2.37152e-322 2.37152e-322 
2.37152e-322 2.37152e-322 2.37152e-322 
2.30516e-316 2.30516e-316 2.30516e-316 
0.000327282 0.000327282 0.000327282 
3.3948e-08 3.3948e-08 3.3948e-08 3.3948e-08 
7.93079e-07 7.93079e-07 7.93079e-07 7.93079e-07 
1.03654e-08 1.03654e-08 1.03654e-08 1.03654e-08 
0.000105185 0.000105185 0.000105185 0.000105185 
-1.27232e-05 -1.27232e-05 -1.27232e-05 -1.27232e-05 
7.82711e-07 7.82711e-07 7.82711e-07 7.82711e-07 
0 0 0 0 
0.000466462 0.000466462 0.000466462 0.000466462 
0 0 0 0 
0 0 0 
0 0 0 
0 0 0 
2.61206e+07 2.61206e+07 2.61206e+07 
9.53547e-322 9.53547e-322 9.53547e-322 
2.36828e-316 2.36828e-316 2.36828e-316 
2.37002e-316 2.37002e-316 2.37002e-316 
1.23671e+06 1.23671e+06 1.23671e+06 
260772 260772 260772 
2.37152e-322 2.37152e-322 2.37152e-322 2.37152e-322 
2.37152e-322 2.37152e-322 2.37152e-322 2.37152e-322 
2.3693e-316 2.3693e-316 2.3693e-316 2.3693e-316 
0 0 0 0 
0.509554 0.509554 0.509554 0.509554 
182124 182124 182124 182124 
0 0 0 0 
2.42092e-322 2.42092e-322 2.42092e-322 2.42092e-322 
2.30372e-316 2.30372e-316 2.30372e-316 2.30372e-316 
0.00252597 0.00252597 0.00252597 0.00252597 0.00252597 
0.0839009 0.0839009 0.0839009 0.0839009 0.0839009 
-0.973061 -0.973061 -0.973061 -0.973061 -0.973061 
2.47033e-323 2.47033e-323 2.47033e-323 2.47033e-323 2.47033e-323 
2.37065e-316 2.37065e-316 2.37065e-316 2.37065e-316 2.37065e-316 
30433 30433 30433 30433 30433 
1.63042e-322 1.63042e-322 1.63042e-322 1.63042e-322 1.63042e-322 
973703 973703 973703 973703 973703 
30.7225 30.7225 30.7225 30.7225 30.7225 
R=3parameters: 
-0.555337 -0.555337 
0.22563 0.22563 
0.00480693 0.00480693 
765.621 765.621 
-830.937 -830.937 
2.33595e-316 2.33595e-316 
87.6286 87.6286 
908561 908561 
-1.02437e+06 -1.02437e+06 
1.8231e-321 1.8231e-321 1.8231e-321 
2.39021e-316 2.39021e-316 2.39021e-316 
6.94566e-310 6.94566e-310 6.94566e-310 
4.52267e-06 4.52267e-06 4.52267e-06 
0.0229195 0.0229195 0.0229195 
2.37152e-322 2.37152e-322 2.37152e-322 
6.32404e-322 6.32404e-322 6.32404e-322 
2.3814e-316 2.3814e-316 2.3814e-316 
-1.50478e-06 -1.50478e-06 -1.50478e-06 
-6.68091e-07 -6.68091e-07 -6.68091e-07 -6.68091e-07 
8.57324e-06 8.57324e-06 8.57324e-06 8.57324e-06 
-1.29941e-05 -1.29941e-05 -1.29941e-05 -1.29941e-05 
-4.95286e-169 -4.95286e-169 -4.95286e-169 -4.95286e-169 
2.39024e-316 2.39024e-316 2.39024e-316 2.39024e-316 
2.38537e-316 2.38537e-316 2.38537e-316 2.38537e-316 
-830.937 -830.937 -830.937 -830.937 
2.30106e-316 2.30106e-316 2.30106e-316 2.30106e-316 
595620 595620 595620 595620 
-2117.21 -2117.21 -2117.21 
-1255.84 -1255.84 -1255.84 
6.37345e-322 6.37345e-322 6.37345e-322 
2.37351e-316 2.37351e-316 2.37351e-316 
-1.57743e-08 -1.57743e-08 -1.57743e-08 
2.98129e-08 2.98129e-08 2.98129e-08 
-1.12205e-10 -1.12205e-10 -1.12205e-10 
-2.24328e-09 -2.24328e-09 -2.24328e-09 
1.83861e-10 1.83861e-10 1.83861e-10 
0 0 0 0 
0 0 0 0 
0 0 0 0 
6.31499e-07 6.31499e-07 6.31499e-07 6.31499e-07 
3.42507e-06 3.42507e-06 3.42507e-06 3.42507e-06 
1.29335e-06 1.29335e-06 1.29335e-06 1.29335e-06 
3.26189e-07 3.26189e-07 3.26189e-07 3.26189e-07 
8.58195e-07 8.58195e-07 8.58195e-07 8.58195e-07 
0 0 0 0 
0 0 0 0 0 
0 0 0 0 0 
2.37507e-316 2.37507e-316 2.37507e-316 2.37507e-316 2.37507e-316 
0.000473307 0.000473307 0.000473307 0.000473307 0.000473307 
0 0 0 0 0 
2.3419e-316 2.3419e-316 2.3419e-316 2.3419e-316 2.3419e-316 
2.35234e-316 2.35234e-316 2.35234e-316 2.35234e-316 2.35234e-316 
0.00601364 0.00601364 0.00601364 0.00601364 0.00601364 
4.52978e+09 4.52978e+09 4.52978e+09 4.52978e+09 4.52978e+09 
R=4parameters: 
-0.518177 -0.518177 
0.246098 0.246098 
-0.000118513 -0.000118513 
0.172124 0.172124 
-0.0583934 -0.0583934 
2.33595e-316 2.33595e-316 
87.6286 87.6286 
908561 908561 
-1.02437e+06 -1.02437e+06 
1.8231e-321 1.8231e-321 1.8231e-321 
2.50896e-316 2.50896e-316 2.50896e-316 
6.94566e-310 6.94566e-310 6.94566e-310 
2.50758e-316 2.50758e-316 2.50758e-316 
1.665e-321 1.665e-321 1.665e-321 
6.94566e-310 6.94566e-310 6.94566e-310 
2.50524e-316 2.50524e-316 2.50524e-316 
1.58101e-322 1.58101e-322 1.58101e-322 
2.37152e-322 2.37152e-322 2.37152e-322 
2.34236e-316 2.34236e-316 2.34236e-316 2.34236e-316 
-0.036377 -0.036377 -0.036377 -0.036377 
1.3314 1.3314 1.3314 1.3314 
2.25772 2.25772 2.25772 2.25772 
-0.000602186 -0.000602186 -0.000602186 -0.000602186 
0.000256583 0.000256583 0.000256583 0.000256583 
0 0 0 0 
2.50761e-316 2.50761e-316 2.50761e-316 2.50761e-316 
0 0 0 0 
0 0 0 
1.67772e+07 1.67772e+07 1.67772e+07 
1.63042e-322 1.63042e-322 1.63042e-322 
2.34235e-316 2.34235e-316 2.34235e-316 
2.122e-314 2.122e-314 2.122e-314 
1.35328e-316 1.35328e-316 1.35328e-316 
4.00193e-322 4.00193e-322 4.00193e-322 
2.37085e-316 2.37085e-316 2.37085e-316 
-102459 -102459 -102459 
-3.9414e+06 -3.9414e+06 -3.9414e+06 -3.9414e+06 
0.00136453 0.00136453 0.00136453 0.00136453 
0 0 0 0 
1.63042e-322 1.63042e-322 1.63042e-322 1.63042e-322 
6.94564e-310 6.94564e-310 6.94564e-310 6.94564e-310 
2.122e-314 2.122e-314 2.122e-314 2.122e-314 
2.38171e-316 2.38171e-316 2.38171e-316 2.38171e-316 
2.42092e-322 2.42092e-322 2.42092e-322 2.42092e-322 
17538.2 17538.2 17538.2 17538.2 
157347 157347 157347 157347 157347 
1.40878e+06 1.40878e+06 1.40878e+06 1.40878e+06 1.40878e+06 
7580.48 7580.48 7580.48 7580.48 7580.48 
1675.1 1675.1 1675.1 1675.1 1675.1 
2.42092e-322 2.42092e-322 2.42092e-322 2.42092e-322 2.42092e-322 
1.061e-313 1.061e-313 1.061e-313 1.061e-313 1.061e-313 
-701.173 -701.173 -701.173 -701.173 -701.173 
0 0 0 0 0 
0.000142138 0.000142138 0.000142138 0.000142138 0.000142138 
R=5parameters: 
-0.480064 -0.480064 
0.267069 0.267069 
-0.000214896 -0.000214896 
0.260348 0.260348 
-0.111602 -0.111602 
2.33595e-316 2.33595e-316 
87.6286 87.6286 
908561 908561 
-1.02437e+06 -1.02437e+06 
1.8231e-321 1.8231e-321 1.8231e-321 
6.94566e-310 6.94566e-310 6.94566e-310 
2.37661e-316 2.37661e-316 2.37661e-316 
1.58101e-322 1.58101e-322 1.58101e-322 
6.32404e-322 6.32404e-322 6.32404e-322 
2.37604e-316 2.37604e-316 2.37604e-316 
-1.43433e-07 -1.43433e-07 -1.43433e-07 
6.94564e-310 6.94564e-310 6.94564e-310 
2.122e-314 2.122e-314 2.122e-314 
2.39122e-316 2.39122e-316 2.39122e-316 2.39122e-316 
6.32404e-322 6.32404e-322 6.32404e-322 6.32404e-322 
5.71733e-320 5.71733e-320 5.71733e-320 5.71733e-320 
-3.5684e-06 -3.5684e-06 -3.5684e-06 -3.5684e-06 
1.33207e-05 1.33207e-05 1.33207e-05 1.33207e-05 
0.000235549 0.000235549 0.000235549 0.000235549 
0 0 0 0 
2.42092e-322 2.42092e-322 2.42092e-322 2.42092e-322 
0.788468 0.788468 0.788468 0.788468 
0.283781 0.283781 0.283781 
1.26301 1.26301 1.26301 
-2.72126 -2.72126 -2.72126 
8.69556e-322 8.69556e-322 8.69556e-322 
2.37152e-322 2.37152e-322 2.37152e-322 
2.50831e-316 2.50831e-316 2.50831e-316 
75070.6 75070.6 75070.6 
-7959.04 -7959.04 -7959.04 
-2604.9 -2604.9 -2604.9 
6.94564e-310 6.94564e-310 6.94564e-310 6.94564e-310 
2.122e-314 2.122e-314 2.122e-314 2.122e-314 
2.37316e-316 2.37316e-316 2.37316e-316 2.37316e-316 
5.76262e-07 5.76262e-07 5.76262e-07 5.76262e-07 
0 0 0 0 
0 0 0 0 
0 0 0 0 
0 0 0 0 
1.67772e+07 1.67772e+07 1.67772e+07 1.67772e+07 
4.00193e-322 4.00193e-322 4.00193e-322 4.00193e-322 4.00193e-322 
2.3695e-316 2.3695e-316 2.3695e-316 2.3695e-316 2.3695e-316 
2.37089e-316 2.37089e-316 2.37089e-316 2.37089e-316 2.37089e-316 
0.557098 0.557098 0.557098 0.557098 0.557098 
2.42092e-322 2.42092e-322 2.42092e-322 2.42092e-322 2.42092e-322 
2.3726e-316 2.3726e-316 2.3726e-316 2.3726e-316 2.3726e-316 
2.39022e-316 2.39022e-316 2.39022e-316 2.39022e-316 2.39022e-316 
82155.3 82155.3 82155.3 82155.3 82155.3 
2.39124e-316 2.39124e-316 2.39124e-316 2.39124e-316 2.39124e-316 
R=6parameters: 
-0.442268 -0.442268 
0.288179 0.288179 
0.738566 0.738566 
0.467781 0.467781 
-9.38565 -9.38565 
2.33595e-316 2.33595e-316 
87.6286 87.6286 
908561 908561 
-1.02437e+06 -1.02437e+06 
1.8231e-321 1.8231e-321 1.8231e-321 
2.39021e-316 2.39021e-316 2.39021e-316 
2.36989e-316 2.36989e-316 2.36989e-316 
1.58101e-322 1.58101e-322 1.58101e-322 
6.32404e-322 6.32404e-322 6.32404e-322 
2.39152e-316 2.39152e-316 2.39152e-316 
-3.32406e-05 -3.32406e-05 -3.32406e-05 
1.71336e-05 1.71336e-05 1.71336e-05 
-3.48933e-05 -3.48933e-05 -3.48933e-05 
9.05798e-06 9.05798e-06 9.05798e-06 9.05798e-06 
1.3554e-05 1.3554e-05 1.3554e-05 1.3554e-05 
-4.51925e-06 -4.51925e-06 -4.51925e-06 -4.51925e-06 
1.72655e-05 1.72655e-05 1.72655e-05 1.72655e-05 
1.41189e-05 1.41189e-05 1.41189e-05 1.41189e-05 
0.000909976 0.000909976 0.000909976 0.000909976 
-0.00114927 -0.00114927 -0.00114927 -0.00114927 
0.00651683 0.00651683 0.00651683 0.00651683 
0 0 0 0 
2.42092e-322 2.42092e-322 2.42092e-322 
2.30485e-316 2.30485e-316 2.30485e-316 
2.30517e-316 2.30517e-316 2.30517e-316 
0.165637 0.165637 0.165637 
0.171493 0.171493 0.171493 
9.48606e-322 9.48606e-322 9.48606e-322 
3.16202e-322 3.16202e-322 3.16202e-322 
2.47033e-323 2.47033e-323 2.47033e-323 
2.38708e-316 2.38708e-316 2.38708e-316 
1.061e-313 1.061e-313 1.061e-313 1.061e-313 
2.38941e-316 2.38941e-316 2.38941e-316 2.38941e-316 
1.9098e-313 1.9098e-313 1.9098e-313 1.9098e-313 
2.38634e-316 2.38634e-316 2.38634e-316 2.38634e-316 
3.23796e-319 3.23796e-319 3.23796e-319 3.23796e-319 
2.42092e-322 2.42092e-322 2.42092e-322 2.42092e-322 
2.36708e-316 2.36708e-316 2.36708e-316 2.36708e-316 
41105 41105 41105 41105 
0.000175503 0.000175503 0.000175503 0.000175503 
0.00259769 0.00259769 0.00259769 0.00259769 0.00259769 
2.37152e-322 2.37152e-322 2.37152e-322 2.37152e-322 2.37152e-322 
3.16202e-322 3.16202e-322 3.16202e-322 3.16202e-322 3.16202e-322 
0.00291846 0.00291846 0.00291846 0.00291846 0.00291846 
-3.65453 -3.65453 -3.65453 -3.65453 -3.65453 
4.25683 4.25683 4.25683 4.25683 4.25683 
1.63042e-322 1.63042e-322 1.63042e-322 1.63042e-322 1.63042e-322 
2.29388e-316 2.29388e-316 2.29388e-316 2.29388e-316 2.29388e-316 
2.39022e-316 2.39022e-316 2.39022e-316 2.39022e-316 2.39022e-316 
R=7parameters: 
-0.41485 -0.41485 
0.309685 0.309685 
10.9883 10.9883 
135.307 135.307 
-412.283 -412.283 
2.33595e-316 2.33595e-316 
87.6286 87.6286 
908561 908561 
-1.02437e+06 -1.02437e+06 
2.42092e-322 2.42092e-322 2.42092e-322 
1.061e-313 1.061e-313 1.061e-313 
-1.10047 -1.10047 -1.10047 
0 0 0 
0 0 0 
0 0 0 
1.63042e-322 1.63042e-322 1.63042e-322 
6.94564e-310 6.94564e-310 6.94564e-310 
2.122e-314 2.122e-314 2.122e-314 
2.34214e-316 2.34214e-316 2.34214e-316 2.34214e-316 
6.32404e-322 6.32404e-322 6.32404e-322 6.32404e-322 
1.48444e-05 1.48444e-05 1.48444e-05 1.48444e-05 
0 0 0 0 
-2.0455e-05 -2.0455e-05 -2.0455e-05 -2.0455e-05 
0 0 0 0 
0 0 0 0 
0.0698648 0.0698648 0.0698648 0.0698648 
1.29236e-316 1.29236e-316 1.29236e-316 1.29236e-316 
0 0 0 
0 0 0 
1.67772e+07 1.67772e+07 1.67772e+07 
0 0 0 
0 0 0 
0 0 0 
0 0 0 
1.67772e+07 1.67772e+07 1.67772e+07 
1.63042e-322 1.63042e-322 1.63042e-322 
6.94564e-310 6.94564e-310 6.94564e-310 6.94564e-310 
2.122e-314 2.122e-314 2.122e-314 2.122e-314 
2.39021e-316 2.39021e-316 2.39021e-316 2.39021e-316 
6.37345e-322 6.37345e-322 6.37345e-322 6.37345e-322 
1.26623e-316 1.26623e-316 1.26623e-316 1.26623e-316 
58547.3 58547.3 58547.3 58547.3 
0.125 0.125 0.125 0.125 
75397.9 75397.9 75397.9 75397.9 
1.00656e+09 1.00656e+09 1.00656e+09 1.00656e+09 
0 0 0 0 0 
0 0 0 0 0 
3.21143e-322 3.21143e-322 3.21143e-322 3.21143e-322 3.21143e-322 
2.47033e-323 2.47033e-323 2.47033e-323 2.47033e-323 2.47033e-323 
2.3712e-316 2.3712e-316 2.3712e-316 2.3712e-316 2.3712e-316 
9.986e-07 9.986e-07 9.986e-07 9.986e-07 9.986e-07 
0.668216 0.668216 0.668216 0.668216 0.668216 
0.000147246 0.000147246 0.000147246 0.000147246 0.000147246 
0.00524695 0.00524695 0.00524695 0.00524695 0.00524695 
R=8parameters: 
-0.392598 -0.392598 
0.332586 0.332586 
-0.00162729 -0.00162729 
-0.24754 -0.24754 
0.553242 0.553242 
2.33595e-316 2.33595e-316 
87.6286 87.6286 
908561 908561 
-1.02437e+06 -1.02437e+06 
1.8231e-321 1.8231e-321 1.8231e-321 
6.94566e-310 6.94566e-310 6.94566e-310 
6.94566e-310 6.94566e-310 6.94566e-310 
2.47033e-323 2.47033e-323 2.47033e-323 
2.16099e-316 2.16099e-316 2.16099e-316 
2.37091e-316 2.37091e-316 2.37091e-316 
2.38883e-316 2.38883e-316 2.38883e-316 
9537.54 9537.54 9537.54 
-22.0017 -22.0017 -22.0017 
-1313.56 -1313.56 -1313.56 -1313.56 
1.63042e-322 1.63042e-322 1.63042e-322 1.63042e-322 
6.94564e-310 6.94564e-310 6.94564e-310 6.94564e-310 
2.122e-314 2.122e-314 2.122e-314 2.122e-314 
2.29362e-316 2.29362e-316 2.29362e-316 2.29362e-316 
1.63042e-322 1.63042e-322 1.63042e-322 1.63042e-322 
6.94564e-310 6.94564e-310 6.94564e-310 6.94564e-310 
2.122e-314 2.122e-314 2.122e-314 2.122e-314 
2.37086e-316 2.37086e-316 2.37086e-316 2.37086e-316 
1.63042e-322 1.63042e-322 1.63042e-322 
2.32711e-316 2.32711e-316 2.32711e-316 
2.38713e-316 2.38713e-316 2.38713e-316 
0 0 0 
0 0 0 
0 0 0 
1.67772e+07 1.67772e+07 1.67772e+07 
3.35544e+07 3.35544e+07 3.35544e+07 
1.63042e-322 1.63042e-322 1.63042e-322 
6.94564e-310 6.94564e-310 6.94564e-310 6.94564e-310 
0 0 0 0 
1.58101e-322 1.58101e-322 1.58101e-322 1.58101e-322 
1.58101e-322 1.58101e-322 1.58101e-322 1.58101e-322 
6.9455e-310 6.9455e-310 6.9455e-310 6.9455e-310 
2.37315e-316 2.37315e-316 2.37315e-316 2.37315e-316 
50636.8 50636.8 50636.8 50636.8 
-93482.4 -93482.4 -93482.4 -93482.4 
4.90074e-05 4.90074e-05 4.90074e-05 4.90074e-05 
3.56797e-05 3.56797e-05 3.56797e-05 3.56797e-05 3.56797e-05 
4.74303e-322 4.74303e-322 4.74303e-322 4.74303e-322 4.74303e-322 
3.16202e-322 3.16202e-322 3.16202e-322 3.16202e-322 3.16202e-322 
2.37611e-316 2.37611e-316 2.37611e-316 2.37611e-316 2.37611e-316 
0 0 0 0 0 
31566.4 31566.4 31566.4 31566.4 31566.4 
1.63042e-322 1.63042e-322 1.63042e-322 1.63042e-322 1.63042e-322 
6.94564e-310 6.94564e-310 6.94564e-310 6.94564e-310 6.94564e-310 
2.122e-314 2.122e-314 2.122e-314 2.122e-314 2.122e-314 
R=9parameters: 
-0.376307 -0.376307 
0.351602 0.351602 
-0.00165451 -0.00165451 
-0.192028 -0.192028 
0.496176 0.496176 
2.33595e-316 2.33595e-316 
87.6286 87.6286 
908561 908561 
-1.02437e+06 -1.02437e+06 
1.8231e-321 1.8231e-321 1.8231e-321 
2.39021e-316 2.39021e-316 2.39021e-316 
6.94566e-310 6.94566e-310 6.94566e-310 
0.00487086 0.00487086 0.00487086 
0.000448276 0.000448276 0.000448276 
-0.000127215 -0.000127215 -0.000127215 
3.46504e-06 3.46504e-06 3.46504e-06 
0.00178094 0.00178094 0.00178094 
0.00224811 0.00224811 0.00224811 
3.95253e-322 3.95253e-322 3.95253e-322 3.95253e-322 
3.16202e-322 3.16202e-322 3.16202e-322 3.16202e-322 
2.38498e-316 2.38498e-316 2.38498e-316 2.38498e-316 
2.39123e-316 2.39123e-316 2.39123e-316 2.39123e-316 
7.19794e-05 7.19794e-05 7.19794e-05 7.19794e-05 
2.50467e-316 2.50467e-316 2.50467e-316 2.50467e-316 
0 0 0 0 
689045 689045 689045 689045 
13162.6 13162.6 13162.6 13162.6 
2.122e-314 2.122e-314 2.122e-314 
2.31305e-316 2.31305e-316 2.31305e-316 
4.79244e-322 4.79244e-322 4.79244e-322 
2.38916e-316 2.38916e-316 2.38916e-316 
0 0 0 
0 0 0 
3.21143e-322 3.21143e-322 3.21143e-322 
2.34235e-316 2.34235e-316 2.34235e-316 
2.3419e-316 2.3419e-316 2.3419e-316 
2.47033e-323 2.47033e-323 2.47033e-323 2.47033e-323 
2.34191e-316 2.34191e-316 2.34191e-316 2.34191e-316 
0 0 0 0 
2.42092e-322 2.42092e-322 2.42092e-322 2.42092e-322 
-0.00474762 -0.00474762 -0.00474762 -0.00474762 
0.00202594 0.00202594 0.00202594 0.00202594 
4.52183e+217 4.52183e+217 4.52183e+217 4.52183e+217 
1.17973e-307 1.17973e-307 1.17973e-307 1.17973e-307 
3.57579e-317 3.57579e-317 3.57579e-317 3.57579e-317 
2.42092e-322 2.42092e-322 2.42092e-322 2.42092e-322 2.42092e-322 
8.40743e-05 8.40743e-05 8.40743e-05 8.40743e-05 8.40743e-05 
2.29906e-05 2.29906e-05 2.29906e-05 2.29906e-05 2.29906e-05 
1.76817e-06 1.76817e-06 1.76817e-06 1.76817e-06 1.76817e-06 
2.42092e-322 2.42092e-322 2.42092e-322 2.42092e-322 2.42092e-322 
1.66105e-316 1.66105e-316 1.66105e-316 1.66105e-316 1.66105e-316 
1.63042e-322 1.63042e-322 1.63042e-322 1.63042e-322 1.63042e-322 
6.94564e-310 6.94564e-310 6.94564e-310 6.94564e-310 6.94564e-310 
2.122e-314 2.122e-314 2.122e-314 2.122e-314 2.122e-314 
R=10parameters: 
-0.368161 -0.368161 
0.364524 0.364524 
-0.00151798 -0.00151798 
-0.147797 -0.147797 
0.446904 0.446904 
2.33595e-316 2.33595e-316 
87.6286 87.6286 
908561 908561 
-1.02437e+06 -1.02437e+06 
1.8231e-321 1.8231e-321 1.8231e-321 
6.94566e-310 6.94566e-310 6.94566e-310 
2.38887e-316 2.38887e-316 2.38887e-316 
1.42738e+228 1.42738e+228 1.42738e+228 
2.3118e-316 2.3118e-316 2.3118e-316 
7237.22 7237.22 7237.22 
2.37986e-316 2.37986e-316 2.37986e-316 
-0.547895 -0.547895 -0.547895 
1.0326e-321 1.0326e-321 1.0326e-321 
2.3901e-316 2.3901e-316 2.3901e-316 2.3901e-316 
2.3195e-316 2.3195e-316 2.3195e-316 2.3195e-316 
1.061e-313 1.061e-313 1.061e-313 1.061e-313 
2.29362e-316 2.29362e-316 2.29362e-316 2.29362e-316 
19265.5 19265.5 19265.5 19265.5 
2.49395e-316 2.49395e-316 2.49395e-316 2.49395e-316 
0.916854 0.916854 0.916854 0.916854 
1623.21 1623.21 1623.21 1623.21 
0 0 0 0 
2.42092e-322 2.42092e-322 2.42092e-322 
2.29362e-316 2.29362e-316 2.29362e-316 
2.35232e-316 2.35232e-316 2.35232e-316 
0.0625 0.0625 0.0625 
0 0 0 
0.0002131 0.0002131 0.0002131 
2.42092e-322 2.42092e-322 2.42092e-322 
2.35233e-316 2.35233e-316 2.35233e-316 
2.38545e-316 2.38545e-316 2.38545e-316 
193261 193261 193261 193261 
0 0 0 0 
0 0 0 0 
14908.9 14908.9 14908.9 14908.9 
0 0 0 0 
1.63042e-322 1.63042e-322 1.63042e-322 1.63042e-322 
6.94564e-310 6.94564e-310 6.94564e-310 6.94564e-310 
2.16097e-316 2.16097e-316 2.16097e-316 2.16097e-316 
0.901772 0.901772 0.901772 0.901772 
301.639 301.639 301.639 301.639 301.639 
-225.231 -225.231 -225.231 -225.231 -225.231 
3.21143e-322 3.21143e-322 3.21143e-322 3.21143e-322 3.21143e-322 
2.38094e-316 2.38094e-316 2.38094e-316 2.38094e-316 2.38094e-316 
2.32407e-316 2.32407e-316 2.32407e-316 2.32407e-316 2.32407e-316 
-0.0404863 -0.0404863 -0.0404863 -0.0404863 -0.0404863 
1.99743e-316 1.99743e-316 1.99743e-316 1.99743e-316 1.99743e-316 
6.94564e-310 6.94564e-310 6.94564e-310 6.94564e-310 6.94564e-310 
0 0 0 0 0 
R=11parameters: 
-0.363659 -0.363659 
0.369179 0.369179 
0.169093 0.169093 
2.42242 2.42242 
-13.2203 -13.2203 
2.33595e-316 2.33595e-316 
87.6286 87.6286 
908561 908561 
-1.02437e+06 -1.02437e+06 
1.8231e-321 1.8231e-321 1.8231e-321 
2.39021e-316 2.39021e-316 2.39021e-316 
6.94566e-310 6.94566e-310 6.94566e-310 
0.00060296 0.00060296 0.00060296 
-0.00355776 -0.00355776 -0.00355776 
-0.000390262 -0.000390262 -0.000390262 
0.000254272 0.000254272 0.000254272 
1.80944 1.80944 1.80944 
0.198376 0.198376 0.198376 
-0.129118 -0.129118 -0.129118 -0.129118 
67.1643 67.1643 67.1643 67.1643 
-5.42087 -5.42087 -5.42087 -5.42087 
-0.594311 -0.594311 -0.594311 -0.594311 
0.386822 0.386822 0.386822 0.386822 
-201.221 -201.221 -201.221 -201.221 
0.628977 0.628977 0.628977 0.628977 
-0.324283 -0.324283 -0.324283 -0.324283 
0 0 0 0 
2.42092e-322 2.42092e-322 2.42092e-322 
2.31168e-316 2.31168e-316 2.31168e-316 
2.36643e-316 2.36643e-316 2.36643e-316 
14517 14517 14517 
-0.0380346 -0.0380346 -0.0380346 
3.16202e-322 3.16202e-322 3.16202e-322 
8.74496e-322 8.74496e-322 8.74496e-322 
2.31076e-316 2.31076e-316 2.31076e-316 
2.34215e-316 2.34215e-316 2.34215e-316 
32917.1 32917.1 32917.1 32917.1 
0 0 0 0 
2.37152e-322 2.37152e-322 2.37152e-322 2.37152e-322 
2.3419e-316 2.3419e-316 2.3419e-316 2.3419e-316 
2.47033e-323 2.47033e-323 2.47033e-323 2.47033e-323 
2.34191e-316 2.34191e-316 2.34191e-316 2.34191e-316 
0.5 0.5 0.5 0.5 
2.38543e-316 2.38543e-316 2.38543e-316 2.38543e-316 
-137167 -137167 -137167 -137167 
4165.83 4165.83 4165.83 4165.83 4165.83 
1.50196e-321 1.50196e-321 1.50196e-321 1.50196e-321 1.50196e-321 
3.16202e-322 3.16202e-322 3.16202e-322 3.16202e-322 3.16202e-322 
-2274.07 -2274.07 -2274.07 -2274.07 -2274.07 
2.42092e-322 2.42092e-322 2.42092e-322 2.42092e-322 2.42092e-322 
763.52 763.52 763.52 763.52 763.52 
1.63042e-322 1.63042e-322 1.63042e-322 1.63042e-322 1.63042e-322 
1.09998e+08 1.09998e+08 1.09998e+08 1.09998e+08 1.09998e+08 
70704.6 70704.6 70704.6 70704.6 70704.6 
T Models:
(* Fitting with shape 1 1 1 1 1 1 1 1 1 1 0 0 *)
G[T_,xx_]:=Exp[0+xx[[1]]*T^1+xx[[2]]*T^2]*(1)
(* Fitting with shape 1 1 1 1 1 1 1 1 1 1 1 0 *)
G[T_,xx_]:=Exp[0+xx[[1]]*T^1+xx[[2]]*T^2]*(1)
(* Fitting with shape 1 1 1 1 1 1 1 1 1 1 1 1 *)
G[T_,xx_]:=Exp[0+xx[[1]]*T^1+xx[[2]]*T^2]*(1)
(* Fitting with shape 0 1 1 1 1 1 1 1 1 1 0 0 *)
G[T_,xx_]:=Exp[0+xx[[1]]*T^1+xx[[2]]*T^2]*(1)
(* Fitting with shape 0 1 1 1 1 1 1 1 1 1 1 0 *)
G[T_,xx_]:=Exp[0+xx[[1]]*T^1+xx[[2]]*T^2]*(1)
(* Fitting with shape 0 1 1 1 1 1 1 1 1 1 1 1 *)
G[T_,xx_]:=Exp[0+xx[[1]]*T^1+xx[[2]]*T^2]*(1)
(* Fitting with shape 0 0 1 1 1 1 1 1 1 1 0 0 *)
G[T_,xx_]:=Exp[0+xx[[1]]*T^1+xx[[2]]*T^2]*(1)
(* Fitting with shape 0 0 1 1 1 1 1 1 1 1 1 0 *)
G[T_,xx_]:=Exp[0+xx[[1]]*T^1+xx[[2]]*T^2]*(1)
(* Fitting with shape 0 0 1 1 1 1 1 1 1 1 1 1 *)
G[T_,xx_]:=Exp[0+xx[[1]]*T^1+xx[[2]]*T^2]*(1)
(* Fitting with shape 1 1 1 1 1 1 1 1 1 1 0 0 *)
G[T_,xx_]:=Exp[0+xx[[1]]*T^1+xx[[2]]*T^2]*(1+xx[[3]]/(T^1))
(* Fitting with shape 1 1 1 1 1 1 1 1 1 1 1 0 *)
G[T_,xx_]:=Exp[0+xx[[1]]*T^1+xx[[2]]*T^2]*(1+xx[[3]]/(T^1))
(* Fitting with shape 1 1 1 1 1 1 1 1 1 1 1 1 *)
G[T_,xx_]:=Exp[0+xx[[1]]*T^1+xx[[2]]*T^2]*(1+xx[[3]]/(T^1))
(* Fitting with shape 0 1 1 1 1 1 1 1 1 1 0 0 *)
G[T_,xx_]:=Exp[0+xx[[1]]*T^1+xx[[2]]*T^2]*(1+xx[[3]]/(T^1))
(* Fitting with shape 0 1 1 1 1 1 1 1 1 1 1 0 *)
G[T_,xx_]:=Exp[0+xx[[1]]*T^1+xx[[2]]*T^2]*(1+xx[[3]]/(T^1))
(* Fitting with shape 0 1 1 1 1 1 1 1 1 1 1 1 *)
G[T_,xx_]:=Exp[0+xx[[1]]*T^1+xx[[2]]*T^2]*(1+xx[[3]]/(T^1))
(* Fitting with shape 0 0 1 1 1 1 1 1 1 1 0 0 *)
G[T_,xx_]:=Exp[0+xx[[1]]*T^1+xx[[2]]*T^2]*(1+xx[[3]]/(T^1))
(* Fitting with shape 0 0 1 1 1 1 1 1 1 1 1 0 *)
G[T_,xx_]:=Exp[0+xx[[1]]*T^1+xx[[2]]*T^2]*(1+xx[[3]]/(T^1))
(* Fitting with shape 0 0 1 1 1 1 1 1 1 1 1 1 *)
G[T_,xx_]:=Exp[0+xx[[1]]*T^1+xx[[2]]*T^2]*(1+xx[[3]]/(T^1))
(* Fitting with shape 1 1 1 1 1 1 1 1 1 1 0 0 *)
G[T_,xx_]:=Exp[0+xx[[1]]*T^1+xx[[2]]*T^2]*(1+xx[[3]]/(T^1)+xx[[4]]/(T^2))
(* Fitting with shape 1 1 1 1 1 1 1 1 1 1 1 0 *)
G[T_,xx_]:=Exp[0+xx[[1]]*T^1+xx[[2]]*T^2]*(1+xx[[3]]/(T^1)+xx[[4]]/(T^2))
(* Fitting with shape 1 1 1 1 1 1 1 1 1 1 1 1 *)
G[T_,xx_]:=Exp[0+xx[[1]]*T^1+xx[[2]]*T^2]*(1+xx[[3]]/(T^1)+xx[[4]]/(T^2))
(* Fitting with shape 0 1 1 1 1 1 1 1 1 1 0 0 *)
G[T_,xx_]:=Exp[0+xx[[1]]*T^1+xx[[2]]*T^2]*(1+xx[[3]]/(T^1)+xx[[4]]/(T^2))
(* Fitting with shape 0 1 1 1 1 1 1 1 1 1 1 0 *)
G[T_,xx_]:=Exp[0+xx[[1]]*T^1+xx[[2]]*T^2]*(1+xx[[3]]/(T^1)+xx[[4]]/(T^2))
(* Fitting with shape 0 1 1 1 1 1 1 1 1 1 1 1 *)
G[T_,xx_]:=Exp[0+xx[[1]]*T^1+xx[[2]]*T^2]*(1+xx[[3]]/(T^1)+xx[[4]]/(T^2))
(* Fitting with shape 0 0 1 1 1 1 1 1 1 1 0 0 *)
G[T_,xx_]:=Exp[0+xx[[1]]*T^1+xx[[2]]*T^2]*(1+xx[[3]]/(T^1)+xx[[4]]/(T^2))
(* Fitting with shape 0 0 1 1 1 1 1 1 1 1 1 0 *)
G[T_,xx_]:=Exp[0+xx[[1]]*T^1+xx[[2]]*T^2]*(1+xx[[3]]/(T^1)+xx[[4]]/(T^2))
(* Fitting with shape 0 0 1 1 1 1 1 1 1 1 1 1 *)
G[T_,xx_]:=Exp[0+xx[[1]]*T^1+xx[[2]]*T^2]*(1+xx[[3]]/(T^1)+xx[[4]]/(T^2))
(* Fitting with shape 1 1 1 1 1 1 1 1 1 1 0 0 *)
G[T_,xx_]:=Exp[0+xx[[1]]*T^1+xx[[2]]*T^2+xx[[3]]*T^3]*(1)
(* Fitting with shape 1 1 1 1 1 1 1 1 1 1 1 0 *)
G[T_,xx_]:=Exp[0+xx[[1]]*T^1+xx[[2]]*T^2+xx[[3]]*T^3]*(1)
(* Fitting with shape 1 1 1 1 1 1 1 1 1 1 1 1 *)
G[T_,xx_]:=Exp[0+xx[[1]]*T^1+xx[[2]]*T^2+xx[[3]]*T^3]*(1)
(* Fitting with shape 0 1 1 1 1 1 1 1 1 1 0 0 *)
G[T_,xx_]:=Exp[0+xx[[1]]*T^1+xx[[2]]*T^2+xx[[3]]*T^3]*(1)
(* Fitting with shape 0 1 1 1 1 1 1 1 1 1 1 0 *)
G[T_,xx_]:=Exp[0+xx[[1]]*T^1+xx[[2]]*T^2+xx[[3]]*T^3]*(1)
(* Fitting with shape 0 1 1 1 1 1 1 1 1 1 1 1 *)
G[T_,xx_]:=Exp[0+xx[[1]]*T^1+xx[[2]]*T^2+xx[[3]]*T^3]*(1)
(* Fitting with shape 0 0 1 1 1 1 1 1 1 1 0 0 *)
G[T_,xx_]:=Exp[0+xx[[1]]*T^1+xx[[2]]*T^2+xx[[3]]*T^3]*(1)
(* Fitting with shape 0 0 1 1 1 1 1 1 1 1 1 0 *)
G[T_,xx_]:=Exp[0+xx[[1]]*T^1+xx[[2]]*T^2+xx[[3]]*T^3]*(1)
(* Fitting with shape 0 0 1 1 1 1 1 1 1 1 1 1 *)
G[T_,xx_]:=Exp[0+xx[[1]]*T^1+xx[[2]]*T^2+xx[[3]]*T^3]*(1)
(* Fitting with shape 1 1 1 1 1 1 1 1 1 1 0 0 *)
G[T_,xx_]:=Exp[0+xx[[1]]*T^1+xx[[2]]*T^2+xx[[3]]*T^3]*(1+xx[[4]]/(T^1))
(* Fitting with shape 1 1 1 1 1 1 1 1 1 1 1 0 *)
G[T_,xx_]:=Exp[0+xx[[1]]*T^1+xx[[2]]*T^2+xx[[3]]*T^3]*(1+xx[[4]]/(T^1))
(* Fitting with shape 1 1 1 1 1 1 1 1 1 1 1 1 *)
G[T_,xx_]:=Exp[0+xx[[1]]*T^1+xx[[2]]*T^2+xx[[3]]*T^3]*(1+xx[[4]]/(T^1))
(* Fitting with shape 0 1 1 1 1 1 1 1 1 1 0 0 *)
G[T_,xx_]:=Exp[0+xx[[1]]*T^1+xx[[2]]*T^2+xx[[3]]*T^3]*(1+xx[[4]]/(T^1))
(* Fitting with shape 0 1 1 1 1 1 1 1 1 1 1 0 *)
G[T_,xx_]:=Exp[0+xx[[1]]*T^1+xx[[2]]*T^2+xx[[3]]*T^3]*(1+xx[[4]]/(T^1))
(* Fitting with shape 0 1 1 1 1 1 1 1 1 1 1 1 *)
G[T_,xx_]:=Exp[0+xx[[1]]*T^1+xx[[2]]*T^2+xx[[3]]*T^3]*(1+xx[[4]]/(T^1))
(* Fitting with shape 0 0 1 1 1 1 1 1 1 1 0 0 *)
G[T_,xx_]:=Exp[0+xx[[1]]*T^1+xx[[2]]*T^2+xx[[3]]*T^3]*(1+xx[[4]]/(T^1))
(* Fitting with shape 0 0 1 1 1 1 1 1 1 1 1 0 *)
G[T_,xx_]:=Exp[0+xx[[1]]*T^1+xx[[2]]*T^2+xx[[3]]*T^3]*(1+xx[[4]]/(T^1))
(* Fitting with shape 0 0 1 1 1 1 1 1 1 1 1 1 *)
G[T_,xx_]:=Exp[0+xx[[1]]*T^1+xx[[2]]*T^2+xx[[3]]*T^3]*(1+xx[[4]]/(T^1))
(* Fitting with shape 1 1 1 1 1 1 1 1 1 1 0 0 *)
G[T_,xx_]:=Exp[0+xx[[1]]*T^1+xx[[2]]*T^2+xx[[3]]*T^3]*(1+xx[[4]]/(T^1)+xx[[5]]/(T^2))
(* Fitting with shape 1 1 1 1 1 1 1 1 1 1 1 0 *)
G[T_,xx_]:=Exp[0+xx[[1]]*T^1+xx[[2]]*T^2+xx[[3]]*T^3]*(1+xx[[4]]/(T^1)+xx[[5]]/(T^2))
(* Fitting with shape 1 1 1 1 1 1 1 1 1 1 1 1 *)
G[T_,xx_]:=Exp[0+xx[[1]]*T^1+xx[[2]]*T^2+xx[[3]]*T^3]*(1+xx[[4]]/(T^1)+xx[[5]]/(T^2))
(* Fitting with shape 0 1 1 1 1 1 1 1 1 1 0 0 *)
G[T_,xx_]:=Exp[0+xx[[1]]*T^1+xx[[2]]*T^2+xx[[3]]*T^3]*(1+xx[[4]]/(T^1)+xx[[5]]/(T^2))
(* Fitting with shape 0 1 1 1 1 1 1 1 1 1 1 0 *)
G[T_,xx_]:=Exp[0+xx[[1]]*T^1+xx[[2]]*T^2+xx[[3]]*T^3]*(1+xx[[4]]/(T^1)+xx[[5]]/(T^2))
(* Fitting with shape 0 1 1 1 1 1 1 1 1 1 1 1 *)
G[T_,xx_]:=Exp[0+xx[[1]]*T^1+xx[[2]]*T^2+xx[[3]]*T^3]*(1+xx[[4]]/(T^1)+xx[[5]]/(T^2))
(* Fitting with shape 0 0 1 1 1 1 1 1 1 1 0 0 *)
G[T_,xx_]:=Exp[0+xx[[1]]*T^1+xx[[2]]*T^2+xx[[3]]*T^3]*(1+xx[[4]]/(T^1)+xx[[5]]/(T^2))
(* Fitting with shape 0 0 1 1 1 1 1 1 1 1 1 0 *)
G[T_,xx_]:=Exp[0+xx[[1]]*T^1+xx[[2]]*T^2+xx[[3]]*T^3]*(1+xx[[4]]/(T^1)+xx[[5]]/(T^2))
(* Fitting with shape 0 0 1 1 1 1 1 1 1 1 1 1 *)
G[T_,xx_]:=Exp[0+xx[[1]]*T^1+xx[[2]]*T^2+xx[[3]]*T^3]*(1+xx[[4]]/(T^1)+xx[[5]]/(T^2))
Probabilities: 
        0         0         0         0         0         0         0         0         0         0         0         0         0         0         0         0         0         0         0         0         0         0         0         0  0.699899         0         0         0         0         0         0         0         0         0         0         0         0         0         0         0         0         0         0         0         0         0         0         0         0         0         0  0.300101         0         0
        0         0         0         0         0         0         0         0         0         0         0         0         0         0         0         0         0         0         0         0         0         0         0         0  0.567231         0         0         0         0         0         0         0         0         0         0         0         0         0         0         0         0         0  0.212734         0         0         0         0         0         0         0         0  0.220035         0         0
        0         0         0         0         0         0         0         0         0         0         0         0         0         0         0         0         0         0         0         0         0         0         0         0         1         0         0         0         0         0         0         0         0         0         0         0         0         0         0         0         0         0         0         0         0         0         0         0         0         0         0         0         0         0
        0         0         0         0         0         0         0         0         0         0         0         0         0         0         0 0.0131316         0         0         0         0         0         0         0         0   0.63531         0         0         0         0         0         0         0         0         0         0         0         0         0         0         0         0         0         0         0         0         0         0         0         0         0         0  0.351559         0         0
        0         0         0         0         0         0         0         0         0         0         0         0         0         0         0         0         0         0         0         0         0         0         0         0  0.423597         0         0         0         0         0         0         0         0         0         0         0         0         0         0         0         0         0         0         0         0         0         0         0         0         0         0  0.576403         0         0
        0         0         0         0         0         0         0         0         0         0         0         0         0         0         0         0         0         0         0         0         0         0         0         0         1         0         0         0         0         0         0         0         0         0         0         0         0         0         0         0         0         0         0         0         0         0         0         0         0         0         0         0         0         0
        0         0         0         0         0         0         0         0         0         0         0         0         0         0         0         0         0         0         0         0         0         0         0         0         0  0.358998         0         0         0         0         0         0         0         0         0         0         0         0         0  0.355446         0         0         0         0         0         0         0         0  0.285556         0         0         0         0         0
        0         0         0         0         0         0         0         0         0         0         0         0         0         0         0 0.0633033         0         0         0         0         0         0         0         0  0.309687         0         0         0         0         0         0         0         0         0         0         0         0         0         0         0         0         0   0.62701         0         0         0         0         0         0         0         0         0         0         0
        0         0         0         0         0         0         0         0         0         0         0         0         0         0         0         0         0         0         0         0         0         0         0         0  0.382131         0         0         0         0         0         0         0         0         0         0         0         0         0         0         0         0         0  0.617869         0         0         0         0         0         0         0         0         0         0         0
        0         0         0         0         0         0         0         0         0         0         0         0         0         0         0         0         0         0         0         0         0         0         0         0         1         0         0         0         0         0         0         0         0         0         0         0         0         0         0         0         0         0         0         0         0         0         0         0         0         0         0         0         0         0
        0         0         0         0         0         0         0         0         0         0         0         0         0         0         0    0.3283         0         0         0         0         0         0         0         0  0.232134         0         0         0         0         0         0         0         0         0         0         0         0         0         0         0         0         0  0.310359         0         0         0         0         0         0         0         0  0.129207         0         0
        0         0         0         0         0         0         0         0         0         0         0         0         0         0         0   0.51948         0         0         0         0         0         0         0         0  0.315881         0         0         0         0         0         0         0         0         0         0         0         0         0         0         0         0         0         0         0         0         0         0         0         0         0         0  0.164639         0         0

Values: 
 0.120843  0.120849  0.120845  0.120185   0.12018  0.120177  0.119435  0.119432  0.119437   0.11907  0.119068  0.119066  0.118466  0.118462   0.11846  0.118334  0.866461   0.11833  0.118275   1.03547  0.118268  0.118163  0.118167  0.118165  0.118115  0.118137  0.118136   1.06101   1.10032   1.11213   1.38037   1.12767   1.07626   0.12062   1.05526   1.40261  0.968596  0.974154  0.957628  0.119095   0.56739  0.923632  0.712405  0.653585  0.832074  0.848796  0.118435  0.857608     1.035  0.117981  0.965646  0.117929  0.562315  0.879413
  0.17364  0.173756  0.173846  0.172563  0.172591  0.172605   0.17164  0.171638  0.171639  0.170767  0.170767  0.170764  0.169802  0.169801  0.169797  0.169402  0.169402  0.169398  0.169312  0.169312  0.169308  0.168953  0.168953  0.168948  0.168825  0.168851  0.168845   1.07206   1.05699   1.18056   1.09134   1.10425   1.18692   1.01812   1.03361   1.03376  0.868261  0.964478  0.172855    1.0143  0.949477   1.07272   0.17062   1.80412  0.170284  0.778052  0.854241  0.170177   1.21434   1.18249  0.888049  0.169168  0.168566    0.5908
 0.203605  0.203457  0.203467  0.202139  0.202009  0.202021  0.201021  0.200917  0.200963  0.199589  0.199511  0.199526  0.198205  0.198188  0.198211  0.197572  0.743817  0.626957  0.197397  0.197426  0.197427  0.196812  0.196903  0.196825  0.196651  0.196848  0.357913   1.18587  0.211463  0.211098   1.08433   1.09438   1.08682     1.292   1.28967   1.32119  0.944411  0.134069  0.959433  0.294659  0.541384  0.585535  0.753616   0.53191  0.832073         1         1         1   1.03503  0.196793  0.198162  0.737576  0.195706 0.0149508
 0.226097   0.22563   0.22563  0.224663  0.224299  0.224302  0.223338  0.299883  0.307495  0.221427  0.221244  0.221254  0.219456  0.219437  0.219453  0.218489  0.235218  0.218503  0.218213  0.218883  0.208269  0.217205  0.217423  0.217343  0.216905  0.389439  0.394236   1.10109  0.239922   1.09986   1.09117   1.20654   1.20057    1.3286   1.36587   1.33925  0.961898  0.959759  0.959788  0.225423  0.323741  0.759788  0.939124   1.08295         1   0.97182  0.221019  0.221451   1.04182  0.217018  0.218815  0.220965  0.670513  0.220374
 0.246939  0.246098  0.245931  0.245197  0.244465  0.244347  0.335989  0.274835  0.279588  0.240962  0.240519  0.240406  0.238268  0.238101  0.237983  0.419009  0.404439  0.236536  0.202014  0.889312  0.951034  0.744136  0.234903  0.296508  0.233863  0.329777  0.432997   1.11734    1.1229   1.10925   1.26099   1.12723   1.26176  0.997709  0.999673  -28.6947  0.555256  0.998348  0.286475   1.15396    1.3383  0.135692  0.852157   0.92477  0.242166  0.759802    1.0867  0.912148  0.848903  0.236733  -1.30318  0.246526  0.708034  0.240029
 0.268184  0.267069  0.266012  0.265157  0.264047  0.263226  0.263095  0.275651  0.261365  0.259686  0.258853  0.258204  0.607522  0.836631  0.451533  0.376902   0.25406  0.253461  0.850234  0.853921  0.849124  0.241712  0.955719   0.25083  0.250292  0.250775  0.249699   1.22111   1.21674   1.20602   1.10207   1.09901     1.104   1.34347   1.03723   1.00252  0.279502   0.27699  0.940966  0.270211  0.995777  0.900964  0.139942  0.901412  0.644097  -1.31097  0.262339  0.865447  0.260249  0.881852  0.891473   1.15636   2.12848  0.759362
 0.289216  0.288179  0.286897  0.865129  0.478167  0.834816   0.28237  0.281342  0.280204  0.278595  0.277647  0.276715  0.684534  0.688992  0.739527   0.63051  0.349109  0.270503  0.811422  0.817124  0.818783  0.542333  0.488224  0.596202  0.394215  0.267173  0.265261   1.10064   1.09966    1.0947   1.21712   1.19171   1.28692   1.38198  0.996118  0.998831  0.939332  0.938976  0.939891   0.29229   1.04692   1.10366  0.951822   1.12484  0.285066   0.69582  0.519648  0.438555  0.281522   0.27465  0.942737  0.552469   0.73056  -72.6647
 0.310825  0.309685  0.308298  0.422376  0.760898  0.770309  0.506986   0.62427  0.639756  0.297837  0.296674  0.295335  0.292431  0.291692  0.290317  0.289649  0.289163  0.287497  0.809334  0.811878  0.805512  0.355634  0.364708  0.342816  0.283583    0.2837  0.910513   1.07829   1.07513   1.05075   1.24189   1.22484   1.09821   1.02623    1.1708  0.991735  0.974415  0.974478  0.322744   1.28381  0.880279  0.589403  0.308082  0.927143  0.311438  0.306423   0.30317  0.309012  -1.11622   1.25993   1.21276  0.727961  0.299217  0.323284
 0.332647  0.332586  0.331706  0.326837  0.390202   0.32551  0.321049  0.320339  0.319313  0.317093  0.316229  0.315116  0.363269  0.867086  0.308095  0.600614  0.648955  0.683106  0.823212  0.828304  0.820438   0.30286  0.302062  0.299845  0.300945  0.299887  0.295954   1.09687   1.24394  0.364119  0.359808   1.10545   1.10442    1.0904  0.348631   1.10687  0.346076  0.970007  0.941613   1.16426  0.330555  0.948844   0.32605  0.599952  0.329555  0.324495  0.323626  0.880074  0.321691  0.320478  0.328947  0.807491  0.328982  0.340411
 0.351244  0.351602  0.351087  0.344461  0.344476  0.343845  0.337677  0.337296  0.355603  0.333801  0.333206  0.332397   0.32606  0.868025   0.86937  0.442059  0.322252  0.321083  0.830588  0.839874  0.843899  0.365922  0.318255  0.509053  0.317182  0.316295   0.48886  0.385586   1.37505  0.380565   1.11413  0.423929   1.13956  0.226984   0.99486   1.00145  0.969356  0.968898  0.358021  0.346135   0.34472  0.346159  0.694729  0.339204  0.962806  0.338307  0.337388  0.911836  0.927864  0.587818   1.31523  0.642844  0.343038  0.353184
 0.363361  0.364524   0.36417  0.355948  0.356884  0.356491  0.348671  0.348979  0.348542  0.344834  0.344905  0.344433  0.336778  0.336442  0.335921  0.333568  0.333315  0.332707  0.837208  0.847299  0.859013  0.329819   0.32972  0.356251  0.328145   0.32819  0.327082   1.24216   1.21918   1.25936   1.29273   1.13893  0.380934  -32.1326   0.99066  0.996799  0.917417  0.960706  0.968268  0.859551  0.353496  0.353221  0.351173  0.347959   0.81281  0.900466  0.901927  0.895294   1.11328   0.34318  0.344588  0.374559  0.154682  0.969231
 0.367774  0.369179  0.368607  0.793433  0.361373   0.36077  0.352524   0.35292  0.352229  0.348752   0.34896  0.348364   0.34025  0.339893  0.339323  0.336855  0.336419  0.335898  0.829968  0.843304  0.858588  0.843822  0.332509    0.3331  0.331783   0.33104  0.330343   1.08347   1.07214   1.17109   0.38902    1.1878   1.29135   1.05947   1.29242   1.02359  0.374938  0.571846  0.371767  0.359339   0.35851  0.357378   0.98899   1.05202  -6.22383  0.899936  0.900575  0.895004  0.349606   0.85905  0.347694  0.376253  0.364409  0.357349

Errors: 
2.45299e-05 2.44418e-05 2.44382e-05 2.61879e-05 2.61602e-05 2.61275e-05 3.03427e-05 3.02638e-05  3.0271e-05 3.12257e-05 3.12142e-05 3.11573e-05 3.74162e-05   3.735e-05 3.73357e-05 3.98224e-05     1.04104  3.9577e-05  4.0889e-05    0.460646 4.04411e-05 4.71103e-05 4.70421e-05 4.65993e-05 6.32462e-05 6.28277e-05 6.28012e-05           0           0           0           1           0           0 4.36723e-05     1.00177     1.00003 1.57543e-05    0.580142 1.58809e-05 7.80635e-05 4.88753e-06 1.45527e-05  0.00152096 2.80587e-06 3.30004e-05    0.299259 8.87322e-05  1.7546e-05 2.66343e-05 0.000144019    0.474554  0.00034161 1.17595e-05 0.000165122
6.08448e-05 6.02992e-05 5.98201e-05           0 6.29614e-05 6.29274e-05  6.8334e-05 6.82313e-05 6.82229e-05 7.24462e-05 7.23029e-05 7.23519e-05 8.66205e-05 8.64981e-05 8.61897e-05 9.77969e-05 9.79201e-05 9.82957e-05 9.90141e-05 9.80549e-05 9.80396e-05 0.000124116 0.000124261 0.000124257 0.000168627 0.000165342 0.000166514           0           0           0           0           0           0           0     1.29572           0           0           0  0.00013988     1.00012           0     1.00001 0.000319159     1.00008 0.000261287     1.63389     1.46709 0.000241141 0.000588702  7.3488e-05     1.00004  0.00105511 0.000845414    0.245862
0.000113568 0.000113304 0.000113424           0           0 0.000115613 0.000120047 0.000118687 0.000118933 0.000126313 0.000125128 0.000125049 0.000144559  0.00014057 0.000140603 0.000161751           0           0 0.000163561 0.000157898 0.000157943 0.000207168 0.000200367 0.000198572 0.000301897 0.000274263           0           0 0.000178332 0.000173941           0           0           0     1.00071     1.00045     1.00065           0           1           0      1.0002           1           1     1.00007           1     1.00024   0.0104303   0.0103543   0.0103779     1.09391 0.000989526 0.000868816     1.00001  0.00190477 0.000449468
 0.00017318 0.000169953 0.000170138           0           0           0 0.000179815           0           0 0.000189593 0.000182124 0.000183482 0.000224177 0.000206758 0.000206203 0.000250993           0 0.000237438 0.000254611           0           0 0.000351197 0.000328249 0.000324316 0.000572929           0           0           0 0.000322617           0           0           0           0     1.00097     1.00136     1.00092           0           0           0 0.000769103     1.00002     1.00183           0      1.0038           0   0.0989062 0.000946862 0.000837715     1.41868  0.00185282  0.00156213   0.0042464  0.00078941  0.00270824
0.000259655 0.000256427 0.000253405 0.000265974 0.000258894 0.000257148           0           0           0 0.000285973 0.000272738 0.000269011 0.000321652 0.000302258 0.000300183           0           0 0.000357665           0           0           0           0  0.00051919           0 0.000971345           0           0           0           0           0           0           0     1.00049           0           0           0     1.00002           0           1     1.00016     1.00004     1.00016     1.00037     1.00108  0.00153713     1.72392     1.89425  0.00169943   0.0090141  0.00305276   0.0113125  0.00691578  0.00300408  0.00422976
          0  0.00037182 0.000359901           0           0 0.000369363 0.000397879           0 0.000363776 0.000432362 0.000414647 0.000394695           0           0           0           0 0.000524857 0.000489616           0           0           0           0           0 0.000699668  0.00152641  0.00123506  0.00108241           0           0           0           0           0           0     1.00615     1.04524           0  0.00128142  0.00113575           0  0.00205108     1.00005     1.00004     1.00022     1.01628     1.00004  0.00194397   0.0023709  0.00253089  0.00618629      1.0004     1.00033     1.00497  0.00183504     1.00035
0.000563224 0.000558022 0.000537857           0           0           0 0.000578449 0.000568222 0.000545676 0.000629169 0.000594663 0.000574978           0           0           0           0           0 0.000696769           0           0           0           0           0           0           0  0.00173374  0.00154967           0           0           0           0           0           0     1.01329           0           0           0           0           0  0.00289922           1   0.0255671      1.0001           1  0.00338455   0.0827122 0.000184161  0.00018828  0.00864051  0.00711038 0.000562917   0.0132041  0.00148485    0.912433
0.000779401  0.00077408 0.000765526           0           0           0           0           0           0 0.000860326 0.000843087 0.000826942 0.000948893 0.000899074 0.000870809  0.00113393  0.00104606 0.000961832           0           0           0           0           0           0  0.00300029  0.00250613           0           0           0           0           0           0           0           0     1.02002           0           0           0  0.00201574     1.00556     1.00109      1.0002  0.00718972     1.00179  0.00452778  0.00554951  0.00461234  0.00376062     1.09552   0.0135727   0.0112455   0.0120063   0.0152812   0.0113242
          0           0           0  0.00120154           0           0   0.0011058  0.00111016   0.0011152  0.00118122  0.00118036  0.00115396           0           0  0.00125421           0           0           0           0           0           0  0.00227857  0.00201434  0.00188031   0.0036148  0.00349815  0.00304946           0           0  0.00169176  0.00220786           0           0     1.15384  0.00242075     1.04598  0.00301248           0           0     1.02668   0.0044835     1.01676  0.00923727     1.00009  0.00611156  0.00711986  0.00603678   0.0069859   0.0148873   0.0123868  0.00959263  0.00350864    0.018584   0.0145572
          0           0  0.00144481           0  0.00141764   0.0014305  0.00141869  0.00143393           0  0.00149819  0.00151557  0.00151917  0.00170799           0           0           0  0.00187102  0.00175412           0           0           0           0  0.00258706           0  0.00488454  0.00435089           0  0.00232052           0  0.00207394           0           1           0     1.00048           0           0           0           0  0.00306334   0.0064382  0.00552323  0.00480386     1.00031  0.00962024           0  0.00862697  0.00726872  0.00545335     1.00121   0.0145203  0.00741294 0.000386165    0.022259   0.0184739
          0  0.00166378   0.0016927           0           0  0.00165594  0.00164144  0.00167499   0.0016804  0.00173921  0.00176203  0.00175726  0.00198368  0.00195237  0.00194556  0.00240176  0.00228973  0.00219318           0           0           0  0.00342199  0.00311473           0  0.00552039  0.00480569  0.00460314           0           0           0           0           0  0.00250126    0.379863           0           0           0           0           0     1.00027  0.00619061  0.00542693   0.0130689   0.0110913     1.00215   0.0185981    0.020799   0.0185053    0.108279   0.0172698   0.0149835   0.0294583  0.00832537  0.00486856
          0           0           0           0           0           0  0.00176205  0.00177165  0.00176295  0.00186266  0.00186609  0.00184485  0.00207592  0.00211236  0.00206555  0.00252862  0.00240387  0.00235928           0           0           0           0  0.00343809           0  0.00583809  0.00535588  0.00496654           0           0           0   0.0029982           0           0     1.32879           0           0  0.00414533           1  0.00346509  0.00759581  0.00646345  0.00582693     1.68597     1.10345     1.23333   0.0184932   0.0199746   0.0170307   0.0207947  0.00679421   0.0159706   0.0306047   0.0263391   0.0229661

Statuses: 
0 0 0 0 0 0 0 0 0 0 0 0 0 0 0 0 3 0 0 3 0 0 0 0 0 0 0 3 3 3 3 3 3 0 3 3 3 3 3 0 3 3 3 3 3 3 0 3 3 0 3 0 3 3
0 0 0 2 0 0 0 0 0 0 0 0 0 0 0 0 0 0 0 0 0 0 0 0 0 0 0 3 3 3 3 3 3 3 3 3 3 3 0 3 3 3 0 3 0 3 3 0 3 3 3 0 0 3
0 0 0 2 2 0 0 0 0 0 0 0 0 0 0 0 3 3 0 0 0 0 0 0 0 0 3 3 0 0 3 3 3 3 3 3 3 3 3 3 3 3 3 3 3 3 3 3 3 0 0 3 0 0
0 0 0 2 2 2 0 3 3 0 0 0 0 0 0 0 3 0 0 3 3 0 0 0 0 3 3 3 0 3 3 3 3 3 3 3 3 3 3 0 3 3 3 3 3 3 0 0 3 0 0 0 3 0
0 0 0 0 0 0 3 3 3 0 0 0 0 0 0 3 3 0 3 3 3 3 0 3 0 3 3 3 3 3 3 3 3 3 3 3 3 3 3 3 3 3 3 3 0 3 3 3 3 0 1 0 3 0
2 0 0 2 2 0 0 3 0 0 0 0 3 3 3 3 0 0 3 3 3 3 3 0 0 0 0 3 3 3 3 3 3 3 3 3 0 0 3 0 3 3 3 3 3 0 0 3 0 3 3 3 3 3
0 0 0 3 3 3 0 0 0 0 0 0 3 3 3 3 3 0 3 3 3 3 3 3 3 0 0 3 3 3 3 3 3 3 3 3 3 3 3 0 3 3 3 3 0 3 3 3 0 0 3 3 3 0
0 0 0 3 3 3 3 3 3 0 0 0 0 0 0 0 0 0 3 3 3 3 3 3 0 0 3 3 3 3 3 3 3 3 3 3 3 3 0 3 3 3 0 3 0 0 0 0 3 3 3 3 0 0
2 2 2 0 3 2 0 0 0 0 0 0 3 3 0 3 3 3 3 3 3 0 0 0 0 0 0 3 3 0 0 3 3 3 0 3 0 3 3 3 0 3 0 3 0 0 0 3 0 0 0 3 0 0
2 2 0 2 0 0 0 0 3 0 0 0 0 3 3 3 0 0 3 3 3 3 0 3 0 0 3 0 3 0 3 3 3 3 3 3 3 3 0 0 0 0 3 0 3 0 0 3 3 3 3 3 0 0
2 0 0 2 2 0 0 0 0 0 0 0 0 0 0 0 0 0 3 3 3 0 0 3 0 0 0 3 3 3 3 3 0 0 3 3 3 3 3 3 0 0 0 0 3 3 3 3 3 0 0 0 0 3
2 2 2 3 2 2 0 0 0 0 0 0 0 0 0 0 0 0 3 3 3 3 0 3 0 0 0 3 3 3 0 3 3 3 3 3 0 3 0 0 0 0 3 3 3 3 3 3 0 3 0 0 0 0
chisq per dof: 
9.17336 8.27115  7.5739 5.37241 4.84676 4.42156 3.41626 3.07248 2.86635 2.37402  2.2191 2.08487 1.63426 1.54711 1.48345 1.63115 81233.9 1.45716 1.69631 82820.1 1.52885 1.80523 1.68205 1.58472 2.00423 1.81772 1.68163 74392.8   69219   62684 94022.5 81684.3 74743.4  2.1075 98153.3 84317.6 93270.6 81939.1 72527.5 1.84451 71452.1 83079.8  141496  117054 99160.1  108753 1.86511 82172.4  138986 2.01585 95840.1 2.67159  144740  118997
5.95646 5.49502 5.19305 3.46665 3.16924 2.95031 2.49988 2.28592 2.13224 1.92678 1.81094 1.72275 1.60933 1.52266 1.45828  1.6282  1.5235 1.44955 1.69658 1.59753 1.52355  1.8048 1.67121   1.576 2.00376 1.80425 1.67096 5233.92  4692.6 4601.37 6780.88 5960.57 5375.23 8019.81 6843.01  6073.6 5900.86 5737.59 1.67274 8114.09  6953.2 6072.31 2.00719 6662.86 1.67597 7507.26 6528.52 1.72575 10102.8 7977.92 7167.67 2.67143 2.25511 4058.77
5.32693 4.99579 4.60313 3.24137 3.04153 2.82541 2.44284 2.27027 2.15753 1.88426 1.78492 1.71478 1.59999 1.51453 1.47356 1.62035 907.552 995.393 1.69211  1.5937 1.53527 1.80291 1.67142 1.58678 2.00269 1.80558 534.403 1143.11 2.57649 2.49015  1424.5 1255.79 1100.76 1638.08 1401.57 1216.41 1327.14  340.82  1054.4 688.563 1349.67 1253.92 2077.51 1563.37 1429.78 1888.12 1611.04 1386.81 2045.54 2.00568 1.84835 2787.98 2.25635 6.98505
4.45106 4.22266  3.9004 2.88902 2.74064 2.54993 2.21306 83.7801 82.2754 1.82671 1.73556 1.66126 1.58192 1.49886 1.44693 1.61716 7.85063 1.44764 1.68982 319.176  193.43 1.80414 1.67327 1.58123 2.00439 197.987 168.555 354.185 2.19633 282.463 477.187 417.584 365.888 537.967 459.336 385.284 456.154 389.356 341.771 1.81302 53.8702 414.872 692.592 561.375 476.154 529.466 1.84723 1.72716 695.813 2.00786 1.84371 2.67062 695.655 2.01182
3.80253 3.65177  3.4398 2.64868 2.55963 2.40521 53.6417 11.9634 12.7678    1.79 1.71598 1.64528 1.57804 1.49749  1.4453 98.3977 69.8208 1.45108 104.965 163.525 146.451  202.27 1.67573 78.1096 2.01031 112.704 130.601 151.105 134.943  123.38 200.728 177.141 153.807 231.255 196.569 157.347 169.163 182.484 53.2943 228.669  203.44 53.5509 219.603 209.311 1.67665 219.753 211.946 186.814 277.628 2.01036 198.879 2.67431 232.971  2.0116
2.98411 2.92161 2.82777  2.3366  2.3127  2.2156 1.87616 2.97634 1.78552 1.73681   1.684  1.6291 75.0565 71.6042 45.3354 32.1984 1.51517 1.45158 95.3329 82.1025 72.4934 17.9963 89.1863 1.58033 2.00649 1.80565 1.67484   80.89 71.4506 62.4985 106.565 91.6976 80.8671 111.407 98.5382 85.3515  1.7131 1.62847 70.4753 1.80767  83.007 73.5378  131.89 105.374 97.6818 52.0846  1.8406 92.4488 2.25482 128.101 107.817 155.048 113.682  119.08
2.56199 2.49706 2.41401 39.2962 29.1455 30.7046 1.75279 1.72317 1.68856 1.68092 1.62928  1.5821 44.1509 38.5209 34.9057 42.4328 11.5248 1.45408 56.6196 48.9324 43.1132 50.9888 38.4392 37.2703 27.6627 1.80723 1.67883 44.5452 39.7927 35.8442 65.2166 55.8375 46.6809 67.0043  59.865   51.62 54.3397 47.1327 42.6189 1.80725 34.6301 39.3326 72.5312 46.6506 1.67446 48.2531 46.9318 14.7697 2.25634 2.00702 43.7894 102.926  83.539 58.4835
2.16585 2.11748 2.10171 12.1873 20.0508  18.096 16.2369 17.1671 16.7946 1.61137 1.56236 1.53165 1.53635 1.46507 1.44124 1.61465 1.51342 1.46622 37.7806  32.601 28.7581 11.0962  10.188 5.90974 2.00927 1.80742 26.6224 28.4358 25.4358 21.5429 43.4984 37.6921 33.6506 46.5331 38.9048 33.8657 41.6875 35.9882 1.52506 52.2997 43.7297 37.5237  2.0068 36.9573 1.67788 2.00579 1.83934 1.72427  18.949 51.6209 42.7049 69.1333 2.25823 2.01223
1.90189 1.86167 1.82323 1.67006 3.32404 1.59593 1.52319 1.49219 1.47467  1.5571 1.51048  1.4697 5.62168 19.1823 1.42004 15.7945 14.9997 13.7965 27.8925 24.2536 21.7055  1.8091 1.67491  1.5851 2.01071 1.80903  1.6796 21.4233 22.6561 1.45208 1.54641  28.261  24.931 33.7039 1.51846 25.0899 1.68583 26.2159 20.3041 38.4233 1.67365 27.3371 2.00903 26.5468 1.67385 2.00751 1.83964 30.6689 2.25932 2.00748 1.84073 54.6331 2.25905 2.00802
1.70012 1.65494 1.60744 1.54109 1.50616 1.46254 1.45465 1.41777 1.60071 1.51486 1.46448  1.4221 1.51814 14.8566 13.1375 4.36844 1.50935 1.44136 22.6133 19.6417 17.4565 4.04504 1.67356 7.47487 2.00953 1.80783 5.39367 1.51731 19.9829 1.42581 26.4736 3.87456 19.8877 10.0702 22.8063 19.7703  24.948 21.4659 1.51457 1.80735 1.67298 1.57711 32.8727 1.80689 23.0646   2.007 1.83921 26.6139 40.0043 29.5079 25.5101 38.9272 2.25858 2.00731
1.61387 1.56027 1.50877  1.4809 1.43916 1.39417 1.42065 1.37434 1.33794 1.49362 1.43953 1.39362 1.51411 1.44191 1.38938 1.60903 1.50768 1.43607 20.0597 17.5491 15.7104 1.80743 1.67286 2.17034 2.00901 1.80721   1.673 16.5106 14.9728 13.9282 22.6268 20.0852 1.40826 16.9358 20.2335 17.6012 17.0909 18.4453 16.9192 13.5938  1.6727 1.57661 2.00799 1.80672 15.4145 32.1192 27.0315 23.1443 28.4172 2.00679 1.83901 2.67675 2.27101 21.0929
1.58344 1.53326 1.48356 9.88128 1.42809 1.38442 1.41439 1.36784 1.32973 1.49137 1.43813 1.39206 1.51347 1.44182 1.38833 1.60861 1.50767 1.43564 19.2338 16.8544 15.0273 17.2985 1.67297 1.75396 2.00901 1.80739 1.67293 13.0625 11.5775 11.5448 1.52668 19.2874  16.285 22.3968 17.9876 16.7054 1.67931 7.69093 1.51222 1.80696 1.67252 1.57658 27.9965 23.1068  13.725 30.9236 25.9869 22.2732 2.25838 24.1664 1.83894 2.67705   2.258 2.00654
Mode averaged potential and errors: 
   0.118059 0.000212399
   0.169283 0.000885939
   0.196651 0.000301897
   0.218353  0.00320643
   0.241162  0.00819273
   0.250292  0.00152641
   0.280198     0.01178
   0.299329   0.0128854
   0.316457   0.0143707
   0.317182  0.00488454
   0.343069   0.0200984
   0.341739   0.0202019
R Models:
(* Fitting with shape 1 1 1 1 1 1 1 1 0 0 0 0 *)
G[R_,xx_]:=xx[[0]] + xx[[1]]/R | xx[[2]]*R
(* Fitting with shape 1 1 1 1 1 1 1 1 1 0 0 0 *)
G[R_,xx_]:=xx[[0]] + xx[[1]]/R | xx[[2]]*R
(* Fitting with shape 1 1 1 1 1 1 1 1 1 1 0 0 *)
G[R_,xx_]:=xx[[0]] + xx[[1]]/R | xx[[2]]*R
(* Fitting with shape 1 1 1 1 1 1 1 1 1 1 1 0 *)
G[R_,xx_]:=xx[[0]] + xx[[1]]/R | xx[[2]]*R
(* Fitting with shape 1 1 1 1 1 1 1 1 1 1 1 1 *)
G[R_,xx_]:=xx[[0]] + xx[[1]]/R | xx[[2]]*R
(* Fitting with shape 0 1 1 1 1 1 1 1 0 0 0 0 *)
G[R_,xx_]:=xx[[0]] + xx[[1]]/R | xx[[2]]*R
(* Fitting with shape 0 1 1 1 1 1 1 1 1 0 0 0 *)
G[R_,xx_]:=xx[[0]] + xx[[1]]/R | xx[[2]]*R
(* Fitting with shape 0 1 1 1 1 1 1 1 1 1 0 0 *)
G[R_,xx_]:=xx[[0]] + xx[[1]]/R | xx[[2]]*R
(* Fitting with shape 0 1 1 1 1 1 1 1 1 1 1 0 *)
G[R_,xx_]:=xx[[0]] + xx[[1]]/R | xx[[2]]*R
(* Fitting with shape 0 1 1 1 1 1 1 1 1 1 1 1 *)
G[R_,xx_]:=xx[[0]] + xx[[1]]/R | xx[[2]]*R
(* Fitting with shape 0 0 1 1 1 1 1 1 0 0 0 0 *)
G[R_,xx_]:=xx[[0]] + xx[[1]]/R | xx[[2]]*R
(* Fitting with shape 0 0 1 1 1 1 1 1 1 0 0 0 *)
G[R_,xx_]:=xx[[0]] + xx[[1]]/R | xx[[2]]*R
(* Fitting with shape 0 0 1 1 1 1 1 1 1 1 0 0 *)
G[R_,xx_]:=xx[[0]] + xx[[1]]/R | xx[[2]]*R
(* Fitting with shape 0 0 1 1 1 1 1 1 1 1 1 0 *)
G[R_,xx_]:=xx[[0]] + xx[[1]]/R | xx[[2]]*R
(* Fitting with shape 0 0 1 1 1 1 1 1 1 1 1 1 *)
G[R_,xx_]:=xx[[0]] + xx[[1]]/R | xx[[2]]*R
(* Fitting with shape 0 0 0 1 1 1 1 1 0 0 0 0 *)
G[R_,xx_]:=xx[[0]] + xx[[1]]/R | xx[[2]]*R
(* Fitting with shape 0 0 0 1 1 1 1 1 1 0 0 0 *)
G[R_,xx_]:=xx[[0]] + xx[[1]]/R | xx[[2]]*R
(* Fitting with shape 0 0 0 1 1 1 1 1 1 1 0 0 *)
G[R_,xx_]:=xx[[0]] + xx[[1]]/R | xx[[2]]*R
(* Fitting with shape 0 0 0 1 1 1 1 1 1 1 1 0 *)
G[R_,xx_]:=xx[[0]] + xx[[1]]/R | xx[[2]]*R
(* Fitting with shape 0 0 0 1 1 1 1 1 1 1 1 1 *)
G[R_,xx_]:=xx[[0]] + xx[[1]]/R | xx[[2]]*R
2.2137 2.2137 2.2137 
-0.160351 -0.160351 -0.160351 
1 1 1 
0.0558643 0.0558643 0.0558643 
0.233575 0.233575 0.233575 
2.33595e-316 2.33595e-316 2.33595e-316 
87.6286 87.6286 87.6286 
908561 908561 908561 
-1.02437e+06 -1.02437e+06 -1.02437e+06 
1.8231e-321 1.8231e-321 1.8231e-321 
2.39021e-316 2.39021e-316 2.39021e-316 
6.94566e-310 6.94566e-310 6.94566e-310 
2.47033e-323 2.47033e-323 2.47033e-323 
2.3419e-316 2.3419e-316 2.3419e-316 
2.47033e-323 2.47033e-323 2.47033e-323 
5.83869e-05 5.83869e-05 5.83869e-05 
0 0 0 
0 0 0 
-0.00836117 -0.00836117 -0.00836117 
5.83913e-06 5.83913e-06 5.83913e-06 
0 0 0 
0 0 0 
0 0 0 
0 0 0 
1.67772e+07 1.67772e+07 1.67772e+07 
1.1907e-321 1.1907e-321 1.1907e-321 
0 0 0 
0 0 0 
1.67772e+07 1.67772e+07 1.67772e+07 
1.63042e-322 1.63042e-322 1.63042e-322 
2.38888e-316 2.38888e-316 2.38888e-316 
2.50682e-316 2.50682e-316 2.50682e-316 
9.48606e-322 9.48606e-322 9.48606e-322 
3.95253e-322 3.95253e-322 3.95253e-322 
5.71733e-320 5.71733e-320 5.71733e-320 
6.90253e+256 6.90253e+256 6.90253e+256 
-0.0345012 -0.0345012 -0.0345012 
-0.415095 -0.415095 -0.415095 
1.08618e-153 1.08618e-153 1.08618e-153 
2.38536e-316 2.38536e-316 2.38536e-316 
0.00235473 0.00235473 0.00235473 
1532.36 1532.36 1532.36 
0 0 0 
3.16202e-322 3.16202e-322 3.16202e-322 
2.47033e-323 2.47033e-323 2.47033e-323 
2.38885e-316 2.38885e-316 2.38885e-316 
2.47033e-323 2.47033e-323 2.47033e-323 
2.50714e-316 2.50714e-316 2.50714e-316 
38772.9 38772.9 38772.9 
1.2946e-316 1.2946e-316 1.2946e-316 
3.16202e-322 3.16202e-322 3.16202e-322 
2.122e-314 2.122e-314 2.122e-314 
2.32561e-316 2.32561e-316 2.32561e-316 
0 0 0 
Probabilities: 
         0          0          0          0          0          0          0          0          0          0          0          0  0.0159006  0.0416842  0.0867119 0.00586744  0.0153378  0.0326385  0.0417147   0.107193   0.237732  0.0159165  0.0416907   0.088449 0.00614688  0.0163053  0.0328968          0          0          0          0          0          0          0          0          0          0  0.0526665          0          0          0          0 0.00586746          0          0  0.0428078   0.112473          0          0          0          0          0          0          0

String tensions: 
           1            1            1            1            1            1            1            1            1     -0.44209    -0.442157    -0.442229     -0.47388    -0.472999    -0.475972    -0.480669    -0.474689    -0.493138    -0.558717    -0.555018    -0.563709    -0.486513    -0.468051     -0.52713     0.117633     0.227507    -0.279722    0.0246417    -0.027875   -0.0256795    -0.104596   -0.0955873   -0.0870586     0.993831     0.993962     0.994091   -0.0345012  0.000845692   -0.0419641     0.724647    -0.389236     0.903653   3.6135e-07     0.989085     0.990764 -0.000276889 -0.000362096   -0.0458016     0.803941      1.01025      1.01039   0.00688489      1.00683     0.998868

Errors: 
    5792.62     5792.62     5792.62     5792.62     5792.62     5792.62     5792.62           0     5792.62           0           0           0   0.0269113   0.0267886   0.0263432   0.0911345   0.0886122    0.085113   0.0795924   0.0739569   0.0713117      0.2841    0.270461    0.256001      1.9952   0.0502768     1.70505 0.000344401           0           0           0           0           0           0           0           0           0 0.000661699           0           0     1.00159 0.000238715  0.00442913           0           0  0.00119454  0.00114733      1.6096     1.00009  0.00227537  0.00227488 0.000424638  0.00205669  0.00205626

Statuses: 
0 0 0 0 0 0 0 3 0 3 3 3 0 0 0 0 0 0 0 0 0 0 0 0 0 0 0 0 3 3 3 3 3 2 2 2 3 0 3 3 3 0 0 2 2 0 0 3 3 3 3 1 3 3
chisq per dof: 
 1421.78  1272.13  1174.22  34.5626  29.9903  27.4565  5.09408   208.62  4.41521  7209.61  6324.95   5637.3 0.825455 0.717886 0.695033 0.989322 0.837468  0.78778 0.717677 0.642022 0.615907 0.825122 0.717841 0.690074 0.970711 0.817078 0.785528  150.151  52424.2  46779.7  10428.2  9846.52  9717.35  7639.12  6414.49  5539.02  34366.4 0.819686  26426.8    74760  5450.36  4845.95  0.98932  6414.45  5538.99 0.710287 0.630002  36478.3  11977.8  5498.04  4846.55  0.84827  6414.58  5539.06
Model string tension and errors: 
sigma = -0.390191 +/- 0.434112
