R=0parameters: 
-0.678334 -0.678334 
0.0606927 0.0606927 
6.41631e-11 6.41631e-11 
3.21143e-322 3.21143e-322 
2.20206e-316 2.20206e-316 
2.25033e-316 2.25033e-316 
1.9098e-313 1.9098e-313 
2.25409e-316 2.25409e-316 
7028.04 7028.04 
3.21143e-322 3.21143e-322 3.21143e-322 
1.38338e-322 1.38338e-322 1.38338e-322 
2.03557e-316 2.03557e-316 2.03557e-316 
6.65426e+246 6.65426e+246 6.65426e+246 
6.44212e+170 6.44212e+170 6.44212e+170 
5.02621e+180 5.02621e+180 5.02621e+180 
4.65844e-315 4.65844e-315 4.65844e-315 
3.16202e-322 3.16202e-322 3.16202e-322 
9.53547e-322 9.53547e-322 9.53547e-322 
6.94422e-310 6.94422e-310 6.94422e-310 6.94422e-310 
3.13151e-294 3.13151e-294 3.13151e-294 3.13151e-294 
6.94422e-310 6.94422e-310 6.94422e-310 6.94422e-310 
4.45619e-313 4.45619e-313 4.45619e-313 4.45619e-313 
2.20416e-316 2.20416e-316 2.20416e-316 2.20416e-316 
6.94422e-310 6.94422e-310 6.94422e-310 6.94422e-310 
6.5201e+252 6.5201e+252 6.5201e+252 6.5201e+252 
-2.35322e-185 -2.35322e-185 -2.35322e-185 -2.35322e-185 
6.94422e-310 6.94422e-310 6.94422e-310 6.94422e-310 
5.72939e-313 5.72939e-313 5.72939e-313 
2.20418e-316 2.20418e-316 2.20418e-316 
6.94422e-310 6.94422e-310 6.94422e-310 
1.6698e+243 1.6698e+243 1.6698e+243 
-2.35344e-185 -2.35344e-185 -2.35344e-185 
6.94422e-310 6.94422e-310 6.94422e-310 
4.24399e-313 4.24399e-313 4.24399e-313 
2.19234e-316 2.19234e-316 2.19234e-316 
6.94422e-310 6.94422e-310 6.94422e-310 
1.95224e-312 1.95224e-312 1.95224e-312 1.95224e-312 
2.18317e-316 2.18317e-316 2.18317e-316 2.18317e-316 
0 0 0 0 
0 0 0 0 
-2.29828e-185 -2.29828e-185 -2.29828e-185 -2.29828e-185 
2.42092e-322 2.42092e-322 2.42092e-322 2.42092e-322 
2.1941e-316 2.1941e-316 2.1941e-316 2.1941e-316 
2.19461e-316 2.19461e-316 2.19461e-316 2.19461e-316 
6.42285e-323 6.42285e-323 6.42285e-323 6.42285e-323 
3.21143e-322 3.21143e-322 3.21143e-322 3.21143e-322 3.21143e-322 
2.24493e-316 2.24493e-316 2.24493e-316 2.24493e-316 2.24493e-316 
2.37993e-316 2.37993e-316 2.37993e-316 2.37993e-316 2.37993e-316 
0.848946 0.848946 0.848946 0.848946 0.848946 
-0.338331 -0.338331 -0.338331 -0.338331 -0.338331 
-1.3732e-07 -1.3732e-07 -1.3732e-07 -1.3732e-07 -1.3732e-07 
3.01683e-07 3.01683e-07 3.01683e-07 3.01683e-07 3.01683e-07 
-4.54611e-08 -4.54611e-08 -4.54611e-08 -4.54611e-08 -4.54611e-08 
2.6948e-06 2.6948e-06 2.6948e-06 2.6948e-06 2.6948e-06 
R=1parameters: 
-0.65317 -0.65317 
0.0871747 0.0871747 
-0.0372171 -0.0372171 
-5.51712 -5.51712 
8.33607 8.33607 
5.03038e+175 5.03038e+175 
3.5936e+246 3.5936e+246 
2.14726e+243 2.14726e+243 
988418 988418 
4.98512e-321 4.98512e-321 4.98512e-321 
6.94422e-310 6.94422e-310 6.94422e-310 
6.94422e-310 6.94422e-310 6.94422e-310 
381930 381930 381930 
2.38004e-316 2.38004e-316 2.38004e-316 
8.53948e+07 8.53948e+07 8.53948e+07 
2.26006e-316 2.26006e-316 2.26006e-316 
358396 358396 358396 
4.79244e-322 4.79244e-322 4.79244e-322 
2.3806e-316 2.3806e-316 2.3806e-316 2.3806e-316 
2.38003e-316 2.38003e-316 2.38003e-316 2.38003e-316 
3.01622e-05 3.01622e-05 3.01622e-05 3.01622e-05 
2.79494e-05 2.79494e-05 2.79494e-05 2.79494e-05 
6.43125e-05 6.43125e-05 6.43125e-05 6.43125e-05 
6.40441e-05 6.40441e-05 6.40441e-05 6.40441e-05 
5.80383e-05 5.80383e-05 5.80383e-05 5.80383e-05 
5.35184e-05 5.35184e-05 5.35184e-05 5.35184e-05 
4.97781e-05 4.97781e-05 4.97781e-05 4.97781e-05 
4.50495e-05 4.50495e-05 4.50495e-05 
4.25615e-05 4.25615e-05 4.25615e-05 
3.9018e-05 3.9018e-05 3.9018e-05 
3.62403e-05 3.62403e-05 3.62403e-05 
3.37604e-05 3.37604e-05 3.37604e-05 
3.11242e-05 3.11242e-05 3.11242e-05 
2.89529e-05 2.89529e-05 2.89529e-05 
5.85171e-05 5.85171e-05 5.85171e-05 
5.80383e-05 5.80383e-05 5.80383e-05 
5.54883e-05 5.54883e-05 5.54883e-05 5.54883e-05 
5.09752e-05 5.09752e-05 5.09752e-05 5.09752e-05 
4.75732e-05 4.75732e-05 4.75732e-05 4.75732e-05 
4.32199e-05 4.32199e-05 4.32199e-05 4.32199e-05 
4.08923e-05 4.08923e-05 4.08923e-05 4.08923e-05 
3.77219e-05 3.77219e-05 3.77219e-05 3.77219e-05 
3.51888e-05 3.51888e-05 3.51888e-05 3.51888e-05 
2.122e-314 2.122e-314 2.122e-314 2.122e-314 
2.38185e-316 2.38185e-316 2.38185e-316 2.38185e-316 
2.38192e-316 2.38192e-316 2.38192e-316 2.38192e-316 2.38192e-316 
2.38197e-316 2.38197e-316 2.38197e-316 2.38197e-316 2.38197e-316 
4.15522e-06 4.15522e-06 4.15522e-06 4.15522e-06 4.15522e-06 
2.46496e-06 2.46496e-06 2.46496e-06 2.46496e-06 2.46496e-06 
1.42216e-06 1.42216e-06 1.42216e-06 1.42216e-06 1.42216e-06 
0.992882 0.992882 0.992882 0.992882 0.992882 
0.881876 0.881876 0.881876 0.881876 0.881876 
2.20243e-316 2.20243e-316 2.20243e-316 2.20243e-316 2.20243e-316 
2.42092e-322 2.42092e-322 2.42092e-322 2.42092e-322 2.42092e-322 
R=2parameters: 
-0.0659323 -0.0659323 
0.102858 0.102858 
-2.9288e-05 -2.9288e-05 
0.1002 0.1002 
-0.086438 -0.086438 
5.03038e+175 5.03038e+175 
3.5936e+246 3.5936e+246 
2.14726e+243 2.14726e+243 
988418 988418 
1.16254e-320 1.16254e-320 1.16254e-320 
6.94422e-310 6.94422e-310 6.94422e-310 
6.94422e-310 6.94422e-310 6.94422e-310 
2.37999e-316 2.37999e-316 2.37999e-316 
2.37999e-316 2.37999e-316 2.37999e-316 
0.684149 0.684149 0.684149 
0.604487 0.604487 0.604487 
0.348805 0.348805 0.348805 
0.561429 0.561429 0.561429 
0.50214 0.50214 0.50214 0.50214 
0.4574 0.4574 0.4574 0.4574 
0.418686 0.418686 0.418686 0.418686 
0.381294 0.381294 0.381294 0.381294 
0.000243165 0.000243165 0.000243165 0.000243165 
2.08165e-05 2.08165e-05 2.08165e-05 2.08165e-05 
0.835605 0.835605 0.835605 0.835605 
0.73687 0.73687 0.73687 0.73687 
0.755791 0.755791 0.755791 0.755791 
0.724009 0.724009 0.724009 
0.530365 0.530365 0.530365 
0.699512 0.699512 0.699512 
0.674079 0.674079 0.674079 
0.647754 0.647754 0.647754 
0.61004 0.61004 0.61004 
2.25115e-316 2.25115e-316 2.25115e-316 
2.26412e-316 2.26412e-316 2.26412e-316 
2.26231e-316 2.26231e-316 2.26231e-316 
2.26231e-316 2.26231e-316 2.26231e-316 2.26231e-316 
2.26467e-316 2.26467e-316 2.26467e-316 2.26467e-316 
0.795096 0.795096 0.795096 0.795096 
0.752961 0.752961 0.752961 0.752961 
0.568579 0.568579 0.568579 0.568579 
0.714615 0.714615 0.714615 0.714615 
2.25643e-316 2.25643e-316 2.25643e-316 2.25643e-316 
2.37985e-316 2.37985e-316 2.37985e-316 2.37985e-316 
0 0 0 0 
3.21143e-322 3.21143e-322 3.21143e-322 3.21143e-322 3.21143e-322 
2.37994e-316 2.37994e-316 2.37994e-316 2.37994e-316 2.37994e-316 
1.53391e-05 1.53391e-05 1.53391e-05 1.53391e-05 1.53391e-05 
9.42015e-06 9.42015e-06 9.42015e-06 9.42015e-06 9.42015e-06 
2.24583e-316 2.24583e-316 2.24583e-316 2.24583e-316 2.24583e-316 
2.38088e-316 2.38088e-316 2.38088e-316 2.38088e-316 2.38088e-316 
2.25721e-316 2.25721e-316 2.25721e-316 2.25721e-316 2.25721e-316 
-1014.88 -1014.88 -1014.88 -1014.88 -1014.88 
8261.73 8261.73 8261.73 8261.73 8261.73 
R=3parameters: 
-0.586457 -0.586457 
0.115188 0.115188 
-4.65393e-05 -4.65393e-05 
0.188847 0.188847 
-0.168403 -0.168403 
5.03038e+175 5.03038e+175 
3.5936e+246 3.5936e+246 
2.14726e+243 2.14726e+243 
988418 988418 
1.16254e-320 1.16254e-320 1.16254e-320 
6.94422e-310 6.94422e-310 6.94422e-310 
6.94422e-310 6.94422e-310 6.94422e-310 
2.37999e-316 2.37999e-316 2.37999e-316 
2.37999e-316 2.37999e-316 2.37999e-316 
-3756.49 -3756.49 -3756.49 
1.63042e-322 1.63042e-322 1.63042e-322 
2.38088e-316 2.38088e-316 2.38088e-316 
2.25658e-316 2.25658e-316 2.25658e-316 
3.95253e-322 3.95253e-322 3.95253e-322 3.95253e-322 
3.16202e-322 3.16202e-322 3.16202e-322 3.16202e-322 
2.38001e-316 2.38001e-316 2.38001e-316 2.38001e-316 
2.3798e-316 2.3798e-316 2.3798e-316 2.3798e-316 
2.47033e-323 2.47033e-323 2.47033e-323 2.47033e-323 
2.37979e-316 2.37979e-316 2.37979e-316 2.37979e-316 
1300.34 1300.34 1300.34 1300.34 
2.37979e-316 2.37979e-316 2.37979e-316 2.37979e-316 
3.23796e-319 3.23796e-319 3.23796e-319 3.23796e-319 
2.06025e-321 2.06025e-321 2.06025e-321 
2.38002e-316 2.38002e-316 2.38002e-316 
0.66392 0.66392 0.66392 
0.635024 0.635024 0.635024 
0.610428 0.610428 0.610428 
0.57141 0.57141 0.57141 
0.514373 0.514373 0.514373 
0.000521462 0.000521462 0.000521462 
4.2387e-05 4.2387e-05 4.2387e-05 
2.85559e-05 2.85559e-05 2.85559e-05 2.85559e-05 
0.805108 0.805108 0.805108 0.805108 
0.761605 0.761605 0.761605 0.761605 
0.707152 0.707152 0.707152 0.707152 
0.507901 0.507901 0.507901 0.507901 
2.24583e-316 2.24583e-316 2.24583e-316 2.24583e-316 
2.26491e-316 2.26491e-316 2.26491e-316 2.26491e-316 
2.26052e-316 2.26052e-316 2.26052e-316 2.26052e-316 
2.38059e-316 2.38059e-316 2.38059e-316 2.38059e-316 
2.26529e-316 2.26529e-316 2.26529e-316 2.26529e-316 2.26529e-316 
2.24618e-316 2.24618e-316 2.24618e-316 2.24618e-316 2.24618e-316 
3.67152e-05 3.67152e-05 3.67152e-05 3.67152e-05 3.67152e-05 
2.29906e-05 2.29906e-05 2.29906e-05 2.29906e-05 2.29906e-05 
1.45244e-05 1.45244e-05 1.45244e-05 1.45244e-05 1.45244e-05 
0.822923 0.822923 0.822923 0.822923 0.822923 
2366.21 2366.21 2366.21 2366.21 2366.21 
7993.21 7993.21 7993.21 7993.21 7993.21 
2.42092e-322 2.42092e-322 2.42092e-322 2.42092e-322 2.42092e-322 
R=4parameters: 
0.123268 0.123268 
0.126669 0.126669 
-8.01637e-05 -8.01637e-05 
0.28984 0.28984 
-0.262215 -0.262215 
5.03038e+175 5.03038e+175 
3.5936e+246 3.5936e+246 
2.14726e+243 2.14726e+243 
988418 988418 
1.16254e-320 1.16254e-320 1.16254e-320 
6.94422e-310 6.94422e-310 6.94422e-310 
6.94422e-310 6.94422e-310 6.94422e-310 
2.37999e-316 2.37999e-316 2.37999e-316 
2.37999e-316 2.37999e-316 2.37999e-316 
-0.000152653 -0.000152653 -0.000152653 
3.03668e-05 3.03668e-05 3.03668e-05 
3.74426 3.74426 3.74426 
1.02274 1.02274 1.02274 
-0.192081 -0.192081 -0.192081 -0.192081 
1313.47 1313.47 1313.47 1313.47 
0.339618 0.339618 0.339618 0.339618 
0.306695 0.306695 0.306695 0.306695 
0.00107612 0.00107612 0.00107612 0.00107612 
9.90402e-05 9.90402e-05 9.90402e-05 9.90402e-05 
0.803813 0.803813 0.803813 0.803813 
0.687454 0.687454 0.687454 0.687454 
0.70409 0.70409 0.70409 0.70409 
0.663822 0.663822 0.663822 
0.634356 0.634356 0.634356 
0.601541 0.601541 0.601541 
0.577438 0.577438 0.577438 
0.537441 0.537441 0.537441 
0.478599 0.478599 0.478599 
0.457209 0.457209 0.457209 
0.000962543 0.000962543 0.000962543 
7.96098e-05 7.96098e-05 7.96098e-05 
5.48083e-05 5.48083e-05 5.48083e-05 5.48083e-05 
0.794706 0.794706 0.794706 0.794706 
0.740528 0.740528 0.740528 0.740528 
0.680204 0.680204 0.680204 0.680204 
0.62414 0.62414 0.62414 0.62414 
0.621925 0.621925 0.621925 0.621925 
0.595208 0.595208 0.595208 0.595208 
0.550084 0.550084 0.550084 0.550084 
2.20245e-316 2.20245e-316 2.20245e-316 2.20245e-316 
2.20507e-316 2.20507e-316 2.20507e-316 2.20507e-316 2.20507e-316 
2.25697e-316 2.25697e-316 2.25697e-316 2.25697e-316 2.25697e-316 
6.80856e-05 6.80856e-05 6.80856e-05 6.80856e-05 6.80856e-05 
2.2655e-316 2.2655e-316 2.2655e-316 2.2655e-316 2.2655e-316 
2.38001e-316 2.38001e-316 2.38001e-316 2.38001e-316 2.38001e-316 
2.47033e-323 2.47033e-323 2.47033e-323 2.47033e-323 2.47033e-323 
2.38075e-316 2.38075e-316 2.38075e-316 2.38075e-316 2.38075e-316 
3.25249e+06 3.25249e+06 3.25249e+06 3.25249e+06 3.25249e+06 
2.42092e-322 2.42092e-322 2.42092e-322 2.42092e-322 2.42092e-322 
R=5parameters: 
-0.515586 -0.515586 
0.138183 0.138183 
0.697229 0.697229 
1.56579 1.56579 
-13.5208 -13.5208 
5.03038e+175 5.03038e+175 
3.5936e+246 3.5936e+246 
2.14726e+243 2.14726e+243 
988418 988418 
3.16696e-321 3.16696e-321 3.16696e-321 
6.94422e-310 6.94422e-310 6.94422e-310 
2.2565e-316 2.2565e-316 2.2565e-316 
2.37999e-316 2.37999e-316 2.37999e-316 
2.37999e-316 2.37999e-316 2.37999e-316 
0.837003 0.837003 0.837003 
0.7286 0.7286 0.7286 
0.634237 0.634237 0.634237 
0.552095 0.552095 0.552095 
0.480591 0.480591 0.480591 0.480591 
0.418348 0.418348 0.418348 0.418348 
0 0 0 0 
2.69266e-321 2.69266e-321 2.69266e-321 2.69266e-321 
2.38101e-316 2.38101e-316 2.38101e-316 2.38101e-316 
2.38143e-316 2.38143e-316 2.38143e-316 2.38143e-316 
0 0 0 0 
0 0 0 0 
0 0 0 0 
2.45551e-321 2.45551e-321 2.45551e-321 
6.94422e-310 6.94422e-310 6.94422e-310 
0.573201 0.573201 0.573201 
0.547954 0.547954 0.547954 
0.506668 0.506668 0.506668 
0.447294 0.447294 0.447294 
0.424465 0.424465 0.424465 
0.00151112 0.00151112 0.00151112 
0.000126564 0.000126564 0.000126564 
8.90952e-05 8.90952e-05 8.90952e-05 8.90952e-05 
0.78995 0.78995 0.78995 0.78995 
0.729574 0.729574 0.729574 0.729574 
0.664558 0.664558 0.664558 0.664558 
0.603927 0.603927 0.603927 0.603927 
0.598827 0.598827 0.598827 0.598827 
0.576499 0.576499 0.576499 0.576499 
0.533946 0.533946 0.533946 0.533946 
0.491382 0.491382 0.491382 0.491382 
0.448 0.448 0.448 0.448 0.448 
0.0013734 0.0013734 0.0013734 0.0013734 0.0013734 
0.000106734 0.000106734 0.000106734 0.000106734 0.000106734 
2.25718e-316 2.25718e-316 2.25718e-316 2.25718e-316 2.25718e-316 
2.24842e-316 2.24842e-316 2.24842e-316 2.24842e-316 2.24842e-316 
2.37993e-316 2.37993e-316 2.37993e-316 2.37993e-316 2.37993e-316 
2.38078e-316 2.38078e-316 2.38078e-316 2.38078e-316 2.38078e-316 
2.38087e-316 2.38087e-316 2.38087e-316 2.38087e-316 2.38087e-316 
2.42092e-322 2.42092e-322 2.42092e-322 2.42092e-322 2.42092e-322 
R=6parameters: 
-0.482115 -0.482115 
0.15002 0.15002 
-8.90623e-05 -8.90623e-05 
0.542087 0.542087 
-0.504478 -0.504478 
5.03038e+175 5.03038e+175 
3.5936e+246 3.5936e+246 
2.14726e+243 2.14726e+243 
988418 988418 
1.16254e-320 1.16254e-320 1.16254e-320 
6.94422e-310 6.94422e-310 6.94422e-310 
6.94422e-310 6.94422e-310 6.94422e-310 
2.37999e-316 2.37999e-316 2.37999e-316 
2.37999e-316 2.37999e-316 2.37999e-316 
-7.65668e-08 -7.65668e-08 -7.65668e-08 
2.96526e-09 2.96526e-09 2.96526e-09 
0.0005958 0.0005958 0.0005958 
-6.35047e-05 -6.35047e-05 -6.35047e-05 
2.27103e-06 2.27103e-06 2.27103e-06 2.27103e-06 
0.00212906 0.00212906 0.00212906 0.00212906 
-0.000833403 -0.000833403 -0.000833403 -0.000833403 
8.82501e-05 8.82501e-05 8.82501e-05 8.82501e-05 
-3.14679e-06 -3.14679e-06 -3.14679e-06 -3.14679e-06 
-0.00298891 -0.00298891 -0.00298891 -0.00298891 
0.00420962 0.00420962 0.00420962 0.00420962 
7.90999e-321 7.90999e-321 7.90999e-321 7.90999e-321 
2.38158e-316 2.38158e-316 2.38158e-316 2.38158e-316 
6.94422e-310 6.94422e-310 6.94422e-310 
0 0 0 
0 0 0 
2.38045e-316 2.38045e-316 2.38045e-316 
2.37992e-316 2.37992e-316 2.37992e-316 
2.37992e-316 2.37992e-316 2.37992e-316 
2.37999e-316 2.37999e-316 2.37999e-316 
2.37993e-316 2.37993e-316 2.37993e-316 
2.37994e-316 2.37994e-316 2.37994e-316 
17.1095 17.1095 17.1095 17.1095 
6.64024e-321 6.64024e-321 6.64024e-321 6.64024e-321 
0.719659 0.719659 0.719659 0.719659 
0.651403 0.651403 0.651403 0.651403 
2.20615e-316 2.20615e-316 2.20615e-316 2.20615e-316 
2.24579e-316 2.24579e-316 2.24579e-316 2.24579e-316 
2.26562e-316 2.26562e-316 2.26562e-316 2.26562e-316 
2.2499e-316 2.2499e-316 2.2499e-316 2.2499e-316 
2.24073e-316 2.24073e-316 2.24073e-316 2.24073e-316 
2.38007e-316 2.38007e-316 2.38007e-316 2.38007e-316 2.38007e-316 
2.24841e-316 2.24841e-316 2.24841e-316 2.24841e-316 2.24841e-316 
0.000149587 0.000149587 0.000149587 0.000149587 0.000149587 
0.00010042 0.00010042 0.00010042 0.00010042 0.00010042 
2.42092e-322 2.42092e-322 2.42092e-322 2.42092e-322 2.42092e-322 
2.38035e-316 2.38035e-316 2.38035e-316 2.38035e-316 2.38035e-316 
2.41153e-316 2.41153e-316 2.41153e-316 2.41153e-316 2.41153e-316 
2.41007e-316 2.41007e-316 2.41007e-316 2.41007e-316 2.41007e-316 
2.41007e-316 2.41007e-316 2.41007e-316 2.41007e-316 2.41007e-316 
R=7parameters: 
-0.451841 -0.451841 
0.16184 0.16184 
0.449038 0.449038 
2.20051 2.20051 
-14.9606 -14.9606 
5.03038e+175 5.03038e+175 
3.5936e+246 3.5936e+246 
2.14726e+243 2.14726e+243 
988418 988418 
1.16254e-320 1.16254e-320 1.16254e-320 
6.94422e-310 6.94422e-310 6.94422e-310 
6.94422e-310 6.94422e-310 6.94422e-310 
2.37999e-316 2.37999e-316 2.37999e-316 
2.37999e-316 2.37999e-316 2.37999e-316 
2.24084e-316 2.24084e-316 2.24084e-316 
2.24654e-316 2.24654e-316 2.24654e-316 
2.41029e-316 2.41029e-316 2.41029e-316 
2.41008e-316 2.41008e-316 2.41008e-316 
2.26563e-316 2.26563e-316 2.26563e-316 2.26563e-316 
2.21022e-316 2.21022e-316 2.21022e-316 2.21022e-316 
0.308088 0.308088 0.308088 0.308088 
0.275094 0.275094 0.275094 0.275094 
0.00306299 0.00306299 0.00306299 0.00306299 
0.000300166 0.000300166 0.000300166 0.000300166 
0.777212 0.777212 0.777212 0.777212 
0.641832 0.641832 0.641832 0.641832 
0.656905 0.656905 0.656905 0.656905 
0.610028 0.610028 0.610028 
0.575377 0.575377 0.575377 
0.532856 0.532856 0.532856 
0.50698 0.50698 0.50698 
0.465984 0.465984 0.465984 
0.409698 0.409698 0.409698 
0.384259 0.384259 0.384259 
0.00272012 0.00272012 0.00272012 
0.000233293 0.000233293 0.000233293 
0.000168574 0.000168574 0.000168574 0.000168574 
0.777383 0.777383 0.777383 0.777383 
0.711857 0.711857 0.711857 0.711857 
2.21108e-316 2.21108e-316 2.21108e-316 2.21108e-316 
2.25103e-316 2.25103e-316 2.25103e-316 2.25103e-316 
4.79244e-322 4.79244e-322 4.79244e-322 4.79244e-322 
6.94422e-310 6.94422e-310 6.94422e-310 6.94422e-310 
6.94422e-310 6.94422e-310 6.94422e-310 6.94422e-310 
0 0 0 0 
3.21143e-322 3.21143e-322 3.21143e-322 3.21143e-322 3.21143e-322 
2.47033e-323 2.47033e-323 2.47033e-323 2.47033e-323 2.47033e-323 
2.18433e-316 2.18433e-316 2.18433e-316 2.18433e-316 2.18433e-316 
1.42738e+228 1.42738e+228 1.42738e+228 1.42738e+228 1.42738e+228 
2.26209e-316 2.26209e-316 2.26209e-316 2.26209e-316 2.26209e-316 
59854 59854 59854 59854 59854 
2.37986e-316 2.37986e-316 2.37986e-316 2.37986e-316 2.37986e-316 
2.47033e-323 2.47033e-323 2.47033e-323 2.47033e-323 2.47033e-323 
2.38001e-316 2.38001e-316 2.38001e-316 2.38001e-316 2.38001e-316 
R=8parameters: 
-0.425709 -0.425709 
0.172827 0.172827 
0.537019 0.537019 
3.40071 3.40071 
-18.88 -18.88 
5.03038e+175 5.03038e+175 
3.5936e+246 3.5936e+246 
2.14726e+243 2.14726e+243 
988418 988418 
4.03652e-321 4.03652e-321 4.03652e-321 
2.2102e-316 2.2102e-316 2.2102e-316 
6.94422e-310 6.94422e-310 6.94422e-310 
1.061e-313 1.061e-313 1.061e-313 
2.37999e-316 2.37999e-316 2.37999e-316 
60618.2 60618.2 60618.2 
2.37662e-316 2.37662e-316 2.37662e-316 
3.16202e-322 3.16202e-322 3.16202e-322 
1.58101e-322 1.58101e-322 1.58101e-322 
2.18442e-316 2.18442e-316 2.18442e-316 2.18442e-316 
0 0 0 0 
2.38022e-316 2.38022e-316 2.38022e-316 2.38022e-316 
3.56221e-321 3.56221e-321 3.56221e-321 3.56221e-321 
6.94422e-310 6.94422e-310 6.94422e-310 6.94422e-310 
6.94422e-310 6.94422e-310 6.94422e-310 6.94422e-310 
1.58101e-322 1.58101e-322 1.58101e-322 1.58101e-322 
2.37152e-322 2.37152e-322 2.37152e-322 2.37152e-322 
2.38036e-316 2.38036e-316 2.38036e-316 2.38036e-316 
0.556039 0.556039 0.556039 
0.55042 0.55042 0.55042 
2.75383 2.75383 2.75383 
3.95253e-322 3.95253e-322 3.95253e-322 
2.37152e-322 2.37152e-322 2.37152e-322 
2.37944e-316 2.37944e-316 2.37944e-316 
0 0 0 
0 0 0 
0 0 0 
6.32404e-322 6.32404e-322 6.32404e-322 6.32404e-322 
2.37152e-322 2.37152e-322 2.37152e-322 2.37152e-322 
0.707583 0.707583 0.707583 0.707583 
0.632473 0.632473 0.632473 0.632473 
0.56346 0.56346 0.56346 0.56346 
2.2051e-316 2.2051e-316 2.2051e-316 2.2051e-316 
2.24652e-316 2.24652e-316 2.24652e-316 2.24652e-316 
2.26233e-316 2.26233e-316 2.26233e-316 2.26233e-316 
2.24087e-316 2.24087e-316 2.24087e-316 2.24087e-316 
2.2606e-316 2.2606e-316 2.2606e-316 2.2606e-316 2.2606e-316 
2.2462e-316 2.2462e-316 2.2462e-316 2.2462e-316 2.2462e-316 
467.164 467.164 467.164 467.164 467.164 
0.000126453 0.000126453 0.000126453 0.000126453 0.000126453 
2.15265e-05 2.15265e-05 2.15265e-05 2.15265e-05 2.15265e-05 
1.38265e-06 1.38265e-06 1.38265e-06 1.38265e-06 1.38265e-06 
4.11431e-05 4.11431e-05 4.11431e-05 4.11431e-05 4.11431e-05 
6.9485e-05 6.9485e-05 6.9485e-05 6.9485e-05 6.9485e-05 
0.000312068 0.000312068 0.000312068 0.000312068 0.000312068 
R=9parameters: 
-0.407924 -0.407924 
0.181852 0.181852 
0.00419525 0.00419525 
2.85247e+07 2.85247e+07 
-2.9978e+07 -2.9978e+07 
5.03038e+175 5.03038e+175 
3.5936e+246 3.5936e+246 
2.14726e+243 2.14726e+243 
988418 988418 
1.16254e-320 1.16254e-320 1.16254e-320 
6.94422e-310 6.94422e-310 6.94422e-310 
6.94422e-310 6.94422e-310 6.94422e-310 
2.37999e-316 2.37999e-316 2.37999e-316 
2.37999e-316 2.37999e-316 2.37999e-316 
0.63232 0.63232 0.63232 
0.54368 0.54368 0.54368 
0.498244 0.498244 0.498244 
0.429513 0.429513 0.429513 
0.378863 0.378863 0.378863 0.378863 
0.337116 0.337116 0.337116 0.337116 
0.29736 0.29736 0.29736 0.29736 
0.263482 0.263482 0.263482 0.263482 
0.00416781 0.00416781 0.00416781 0.00416781 
0.000417335 0.000417335 0.000417335 0.000417335 
0.771788 0.771788 0.771788 0.771788 
0.630974 0.630974 0.630974 0.630974 
0.646497 0.646497 0.646497 0.646497 
0.596312 0.596312 0.596312 
0.560561 0.560561 0.560561 
0.514141 0.514141 0.514141 
0.4903 0.4903 0.4903 
0.449005 0.449005 0.449005 
0.393972 0.393972 0.393972 
0.366824 0.366824 0.366824 
0.00369566 0.00369566 0.00369566 
0.000322094 0.000322094 0.000322094 
0.000237483 0.000237483 0.000237483 0.000237483 
0.773862 0.773862 0.773862 0.773862 
0.70595 0.70595 0.70595 0.70595 
-1.18384 -1.18384 -1.18384 -1.18384 
599.165 599.165 599.165 599.165 
2.42092e-322 2.42092e-322 2.42092e-322 2.42092e-322 
-511.627 -511.627 -511.627 -511.627 
0.641923 0.641923 0.641923 0.641923 
0.457728 0.457728 0.457728 0.457728 
-2.91909 -2.91909 -2.91909 -2.91909 -2.91909 
6.32404e-322 6.32404e-322 6.32404e-322 6.32404e-322 6.32404e-322 
2.37152e-322 2.37152e-322 2.37152e-322 2.37152e-322 2.37152e-322 
6.94402e-310 6.94402e-310 6.94402e-310 6.94402e-310 6.94402e-310 
2.41162e-316 2.41162e-316 2.41162e-316 2.41162e-316 2.41162e-316 
-295.011 -295.011 -295.011 -295.011 -295.011 
3.21143e-322 3.21143e-322 3.21143e-322 3.21143e-322 3.21143e-322 
2.38041e-316 2.38041e-316 2.38041e-316 2.38041e-316 2.38041e-316 
0.0002367 0.0002367 0.0002367 0.0002367 0.0002367 
R=10parameters: 
-0.396053 -0.396053 
0.188106 0.188106 
-0.0558768 -0.0558768 
-4.56923 -4.56923 
5.87988 5.87988 
5.03038e+175 5.03038e+175 
3.5936e+246 3.5936e+246 
2.14726e+243 2.14726e+243 
988418 988418 
3.87842e-321 3.87842e-321 3.87842e-321 
6.94422e-310 6.94422e-310 6.94422e-310 
2.24636e-316 2.24636e-316 2.24636e-316 
1.58101e-322 1.58101e-322 1.58101e-322 
2.37152e-322 2.37152e-322 2.37152e-322 
2.38037e-316 2.38037e-316 2.38037e-316 
0.591987 0.591987 0.591987 
0.623042 0.623042 0.623042 
12.6034 12.6034 12.6034 
3.95253e-322 3.95253e-322 3.95253e-322 3.95253e-322 
2.37152e-322 2.37152e-322 2.37152e-322 2.37152e-322 
2.21058e-316 2.21058e-316 2.21058e-316 2.21058e-316 
0 0 0 0 
0 0 0 0 
0 0 0 0 
6.32404e-322 6.32404e-322 6.32404e-322 6.32404e-322 
2.37152e-322 2.37152e-322 2.37152e-322 2.37152e-322 
2.38036e-316 2.38036e-316 2.38036e-316 2.38036e-316 
2.38448e-316 2.38448e-316 2.38448e-316 
1.31689 1.31689 1.31689 
0.511976 0.511976 0.511976 
0.488927 0.488927 0.488927 
0.447386 0.447386 0.447386 
0.39299 0.39299 0.39299 
0.364906 0.364906 0.364906 
0.00397145 0.00397145 0.00397145 
0.00034743 0.00034743 0.00034743 
0.000257057 0.000257057 0.000257057 0.000257057 
0.77336 0.77336 0.77336 0.77336 
0.706148 0.706148 0.706148 0.706148 
2.21089e-316 2.21089e-316 2.21089e-316 2.21089e-316 
2.26586e-316 2.26586e-316 2.26586e-316 2.26586e-316 
2.18371e-316 2.18371e-316 2.18371e-316 2.18371e-316 
2.26062e-316 2.26062e-316 2.26062e-316 2.26062e-316 
2.38056e-316 2.38056e-316 2.38056e-316 2.38056e-316 
2.26412e-316 2.26412e-316 2.26412e-316 2.26412e-316 
2.36943e-316 2.36943e-316 2.36943e-316 2.36943e-316 2.36943e-316 
2.2455e-316 2.2455e-316 2.2455e-316 2.2455e-316 2.2455e-316 
2.20033e-316 2.20033e-316 2.20033e-316 2.20033e-316 2.20033e-316 
2.17925e-316 2.17925e-316 2.17925e-316 2.17925e-316 2.17925e-316 
2.26469e-316 2.26469e-316 2.26469e-316 2.26469e-316 2.26469e-316 
0.00251977 0.00251977 0.00251977 0.00251977 0.00251977 
2.42092e-322 2.42092e-322 2.42092e-322 2.42092e-322 2.42092e-322 
0 0 0 0 0 
1.96118e-06 1.96118e-06 1.96118e-06 1.96118e-06 1.96118e-06 
R=11parameters: 
-0.392871 -0.392871 
0.189985 0.189985 
0.000212905 0.000212905 
1.03675 1.03675 
-0.996704 -0.996704 
5.03038e+175 5.03038e+175 
3.5936e+246 3.5936e+246 
2.14726e+243 2.14726e+243 
988418 988418 
2.92981e-321 2.92981e-321 2.92981e-321 
6.94422e-310 6.94422e-310 6.94422e-310 
6.94422e-310 6.94422e-310 6.94422e-310 
0.000103932 0.000103932 0.000103932 
3.24042e-05 3.24042e-05 3.24042e-05 
9.70163e-05 9.70163e-05 9.70163e-05 
6.37345e-322 6.37345e-322 6.37345e-322 
2.25719e-316 2.25719e-316 2.25719e-316 
2.38076e-316 2.38076e-316 2.38076e-316 
1.58101e-322 1.58101e-322 1.58101e-322 1.58101e-322 
2.37152e-322 2.37152e-322 2.37152e-322 2.37152e-322 
2.38091e-316 2.38091e-316 2.38091e-316 2.38091e-316 
0 0 0 0 
0 0 0 0 
0 0 0 0 
3.95253e-322 3.95253e-322 3.95253e-322 3.95253e-322 
2.37152e-322 2.37152e-322 2.37152e-322 2.37152e-322 
2.38121e-316 2.38121e-316 2.38121e-316 2.38121e-316 
0 0 0 
0 0 0 
0 0 0 
8.69556e-322 8.69556e-322 8.69556e-322 
3.16202e-322 3.16202e-322 3.16202e-322 
2.38035e-316 2.38035e-316 2.38035e-316 
2.38176e-316 2.38176e-316 2.38176e-316 
0.528265 0.528265 0.528265 
2.38176e-316 2.38176e-316 2.38176e-316 
-16.6306 -16.6306 -16.6306 -16.6306 
2.38176e-316 2.38176e-316 2.38176e-316 2.38176e-316 
3.23796e-319 3.23796e-319 3.23796e-319 3.23796e-319 
2.42092e-322 2.42092e-322 2.42092e-322 2.42092e-322 
2.38002e-316 2.38002e-316 2.38002e-316 2.38002e-316 
2.2003e-316 2.2003e-316 2.2003e-316 2.2003e-316 
0 0 0 0 
3.21143e-322 3.21143e-322 3.21143e-322 3.21143e-322 
2.47033e-323 2.47033e-323 2.47033e-323 2.47033e-323 
2.24842e-316 2.24842e-316 2.24842e-316 2.24842e-316 2.24842e-316 
2.47033e-323 2.47033e-323 2.47033e-323 2.47033e-323 2.47033e-323 
2.22838e-316 2.22838e-316 2.22838e-316 2.22838e-316 2.22838e-316 
2.26587e-316 2.26587e-316 2.26587e-316 2.26587e-316 2.26587e-316 
2.20947e-316 2.20947e-316 2.20947e-316 2.20947e-316 2.20947e-316 
2.38008e-316 2.38008e-316 2.38008e-316 2.38008e-316 2.38008e-316 
2.24087e-316 2.24087e-316 2.24087e-316 2.24087e-316 2.24087e-316 
3.23796e-319 3.23796e-319 3.23796e-319 3.23796e-319 3.23796e-319 
6.37345e-322 6.37345e-322 6.37345e-322 6.37345e-322 6.37345e-322 
T Models:
(* Fitting with shape 1 1 1 1 1 1 1 1 1 1 0 0 *)
G[T_,xx_]:=Exp[0+xx[[1]]*T^1+xx[[2]]*T^2]*(1)
(* Fitting with shape 1 1 1 1 1 1 1 1 1 1 1 0 *)
G[T_,xx_]:=Exp[0+xx[[1]]*T^1+xx[[2]]*T^2]*(1)
(* Fitting with shape 1 1 1 1 1 1 1 1 1 1 1 1 *)
G[T_,xx_]:=Exp[0+xx[[1]]*T^1+xx[[2]]*T^2]*(1)
(* Fitting with shape 0 1 1 1 1 1 1 1 1 1 0 0 *)
G[T_,xx_]:=Exp[0+xx[[1]]*T^1+xx[[2]]*T^2]*(1)
(* Fitting with shape 0 1 1 1 1 1 1 1 1 1 1 0 *)
G[T_,xx_]:=Exp[0+xx[[1]]*T^1+xx[[2]]*T^2]*(1)
(* Fitting with shape 0 1 1 1 1 1 1 1 1 1 1 1 *)
G[T_,xx_]:=Exp[0+xx[[1]]*T^1+xx[[2]]*T^2]*(1)
(* Fitting with shape 0 0 1 1 1 1 1 1 1 1 0 0 *)
G[T_,xx_]:=Exp[0+xx[[1]]*T^1+xx[[2]]*T^2]*(1)
(* Fitting with shape 0 0 1 1 1 1 1 1 1 1 1 0 *)
G[T_,xx_]:=Exp[0+xx[[1]]*T^1+xx[[2]]*T^2]*(1)
(* Fitting with shape 0 0 1 1 1 1 1 1 1 1 1 1 *)
G[T_,xx_]:=Exp[0+xx[[1]]*T^1+xx[[2]]*T^2]*(1)
(* Fitting with shape 1 1 1 1 1 1 1 1 1 1 0 0 *)
G[T_,xx_]:=Exp[0+xx[[1]]*T^1+xx[[2]]*T^2]*(1+xx[[3]]/(T^1))
(* Fitting with shape 1 1 1 1 1 1 1 1 1 1 1 0 *)
G[T_,xx_]:=Exp[0+xx[[1]]*T^1+xx[[2]]*T^2]*(1+xx[[3]]/(T^1))
(* Fitting with shape 1 1 1 1 1 1 1 1 1 1 1 1 *)
G[T_,xx_]:=Exp[0+xx[[1]]*T^1+xx[[2]]*T^2]*(1+xx[[3]]/(T^1))
(* Fitting with shape 0 1 1 1 1 1 1 1 1 1 0 0 *)
G[T_,xx_]:=Exp[0+xx[[1]]*T^1+xx[[2]]*T^2]*(1+xx[[3]]/(T^1))
(* Fitting with shape 0 1 1 1 1 1 1 1 1 1 1 0 *)
G[T_,xx_]:=Exp[0+xx[[1]]*T^1+xx[[2]]*T^2]*(1+xx[[3]]/(T^1))
(* Fitting with shape 0 1 1 1 1 1 1 1 1 1 1 1 *)
G[T_,xx_]:=Exp[0+xx[[1]]*T^1+xx[[2]]*T^2]*(1+xx[[3]]/(T^1))
(* Fitting with shape 0 0 1 1 1 1 1 1 1 1 0 0 *)
G[T_,xx_]:=Exp[0+xx[[1]]*T^1+xx[[2]]*T^2]*(1+xx[[3]]/(T^1))
(* Fitting with shape 0 0 1 1 1 1 1 1 1 1 1 0 *)
G[T_,xx_]:=Exp[0+xx[[1]]*T^1+xx[[2]]*T^2]*(1+xx[[3]]/(T^1))
(* Fitting with shape 0 0 1 1 1 1 1 1 1 1 1 1 *)
G[T_,xx_]:=Exp[0+xx[[1]]*T^1+xx[[2]]*T^2]*(1+xx[[3]]/(T^1))
(* Fitting with shape 1 1 1 1 1 1 1 1 1 1 0 0 *)
G[T_,xx_]:=Exp[0+xx[[1]]*T^1+xx[[2]]*T^2]*(1+xx[[3]]/(T^1)+xx[[4]]/(T^2))
(* Fitting with shape 1 1 1 1 1 1 1 1 1 1 1 0 *)
G[T_,xx_]:=Exp[0+xx[[1]]*T^1+xx[[2]]*T^2]*(1+xx[[3]]/(T^1)+xx[[4]]/(T^2))
(* Fitting with shape 1 1 1 1 1 1 1 1 1 1 1 1 *)
G[T_,xx_]:=Exp[0+xx[[1]]*T^1+xx[[2]]*T^2]*(1+xx[[3]]/(T^1)+xx[[4]]/(T^2))
(* Fitting with shape 0 1 1 1 1 1 1 1 1 1 0 0 *)
G[T_,xx_]:=Exp[0+xx[[1]]*T^1+xx[[2]]*T^2]*(1+xx[[3]]/(T^1)+xx[[4]]/(T^2))
(* Fitting with shape 0 1 1 1 1 1 1 1 1 1 1 0 *)
G[T_,xx_]:=Exp[0+xx[[1]]*T^1+xx[[2]]*T^2]*(1+xx[[3]]/(T^1)+xx[[4]]/(T^2))
(* Fitting with shape 0 1 1 1 1 1 1 1 1 1 1 1 *)
G[T_,xx_]:=Exp[0+xx[[1]]*T^1+xx[[2]]*T^2]*(1+xx[[3]]/(T^1)+xx[[4]]/(T^2))
(* Fitting with shape 0 0 1 1 1 1 1 1 1 1 0 0 *)
G[T_,xx_]:=Exp[0+xx[[1]]*T^1+xx[[2]]*T^2]*(1+xx[[3]]/(T^1)+xx[[4]]/(T^2))
(* Fitting with shape 0 0 1 1 1 1 1 1 1 1 1 0 *)
G[T_,xx_]:=Exp[0+xx[[1]]*T^1+xx[[2]]*T^2]*(1+xx[[3]]/(T^1)+xx[[4]]/(T^2))
(* Fitting with shape 0 0 1 1 1 1 1 1 1 1 1 1 *)
G[T_,xx_]:=Exp[0+xx[[1]]*T^1+xx[[2]]*T^2]*(1+xx[[3]]/(T^1)+xx[[4]]/(T^2))
(* Fitting with shape 1 1 1 1 1 1 1 1 1 1 0 0 *)
G[T_,xx_]:=Exp[0+xx[[1]]*T^1+xx[[2]]*T^2+xx[[3]]*T^3]*(1)
(* Fitting with shape 1 1 1 1 1 1 1 1 1 1 1 0 *)
G[T_,xx_]:=Exp[0+xx[[1]]*T^1+xx[[2]]*T^2+xx[[3]]*T^3]*(1)
(* Fitting with shape 1 1 1 1 1 1 1 1 1 1 1 1 *)
G[T_,xx_]:=Exp[0+xx[[1]]*T^1+xx[[2]]*T^2+xx[[3]]*T^3]*(1)
(* Fitting with shape 0 1 1 1 1 1 1 1 1 1 0 0 *)
G[T_,xx_]:=Exp[0+xx[[1]]*T^1+xx[[2]]*T^2+xx[[3]]*T^3]*(1)
(* Fitting with shape 0 1 1 1 1 1 1 1 1 1 1 0 *)
G[T_,xx_]:=Exp[0+xx[[1]]*T^1+xx[[2]]*T^2+xx[[3]]*T^3]*(1)
(* Fitting with shape 0 1 1 1 1 1 1 1 1 1 1 1 *)
G[T_,xx_]:=Exp[0+xx[[1]]*T^1+xx[[2]]*T^2+xx[[3]]*T^3]*(1)
(* Fitting with shape 0 0 1 1 1 1 1 1 1 1 0 0 *)
G[T_,xx_]:=Exp[0+xx[[1]]*T^1+xx[[2]]*T^2+xx[[3]]*T^3]*(1)
(* Fitting with shape 0 0 1 1 1 1 1 1 1 1 1 0 *)
G[T_,xx_]:=Exp[0+xx[[1]]*T^1+xx[[2]]*T^2+xx[[3]]*T^3]*(1)
(* Fitting with shape 0 0 1 1 1 1 1 1 1 1 1 1 *)
G[T_,xx_]:=Exp[0+xx[[1]]*T^1+xx[[2]]*T^2+xx[[3]]*T^3]*(1)
(* Fitting with shape 1 1 1 1 1 1 1 1 1 1 0 0 *)
G[T_,xx_]:=Exp[0+xx[[1]]*T^1+xx[[2]]*T^2+xx[[3]]*T^3]*(1+xx[[4]]/(T^1))
(* Fitting with shape 1 1 1 1 1 1 1 1 1 1 1 0 *)
G[T_,xx_]:=Exp[0+xx[[1]]*T^1+xx[[2]]*T^2+xx[[3]]*T^3]*(1+xx[[4]]/(T^1))
(* Fitting with shape 1 1 1 1 1 1 1 1 1 1 1 1 *)
G[T_,xx_]:=Exp[0+xx[[1]]*T^1+xx[[2]]*T^2+xx[[3]]*T^3]*(1+xx[[4]]/(T^1))
(* Fitting with shape 0 1 1 1 1 1 1 1 1 1 0 0 *)
G[T_,xx_]:=Exp[0+xx[[1]]*T^1+xx[[2]]*T^2+xx[[3]]*T^3]*(1+xx[[4]]/(T^1))
(* Fitting with shape 0 1 1 1 1 1 1 1 1 1 1 0 *)
G[T_,xx_]:=Exp[0+xx[[1]]*T^1+xx[[2]]*T^2+xx[[3]]*T^3]*(1+xx[[4]]/(T^1))
(* Fitting with shape 0 1 1 1 1 1 1 1 1 1 1 1 *)
G[T_,xx_]:=Exp[0+xx[[1]]*T^1+xx[[2]]*T^2+xx[[3]]*T^3]*(1+xx[[4]]/(T^1))
(* Fitting with shape 0 0 1 1 1 1 1 1 1 1 0 0 *)
G[T_,xx_]:=Exp[0+xx[[1]]*T^1+xx[[2]]*T^2+xx[[3]]*T^3]*(1+xx[[4]]/(T^1))
(* Fitting with shape 0 0 1 1 1 1 1 1 1 1 1 0 *)
G[T_,xx_]:=Exp[0+xx[[1]]*T^1+xx[[2]]*T^2+xx[[3]]*T^3]*(1+xx[[4]]/(T^1))
(* Fitting with shape 0 0 1 1 1 1 1 1 1 1 1 1 *)
G[T_,xx_]:=Exp[0+xx[[1]]*T^1+xx[[2]]*T^2+xx[[3]]*T^3]*(1+xx[[4]]/(T^1))
(* Fitting with shape 1 1 1 1 1 1 1 1 1 1 0 0 *)
G[T_,xx_]:=Exp[0+xx[[1]]*T^1+xx[[2]]*T^2+xx[[3]]*T^3]*(1+xx[[4]]/(T^1)+xx[[5]]/(T^2))
(* Fitting with shape 1 1 1 1 1 1 1 1 1 1 1 0 *)
G[T_,xx_]:=Exp[0+xx[[1]]*T^1+xx[[2]]*T^2+xx[[3]]*T^3]*(1+xx[[4]]/(T^1)+xx[[5]]/(T^2))
(* Fitting with shape 1 1 1 1 1 1 1 1 1 1 1 1 *)
G[T_,xx_]:=Exp[0+xx[[1]]*T^1+xx[[2]]*T^2+xx[[3]]*T^3]*(1+xx[[4]]/(T^1)+xx[[5]]/(T^2))
(* Fitting with shape 0 1 1 1 1 1 1 1 1 1 0 0 *)
G[T_,xx_]:=Exp[0+xx[[1]]*T^1+xx[[2]]*T^2+xx[[3]]*T^3]*(1+xx[[4]]/(T^1)+xx[[5]]/(T^2))
(* Fitting with shape 0 1 1 1 1 1 1 1 1 1 1 0 *)
G[T_,xx_]:=Exp[0+xx[[1]]*T^1+xx[[2]]*T^2+xx[[3]]*T^3]*(1+xx[[4]]/(T^1)+xx[[5]]/(T^2))
(* Fitting with shape 0 1 1 1 1 1 1 1 1 1 1 1 *)
G[T_,xx_]:=Exp[0+xx[[1]]*T^1+xx[[2]]*T^2+xx[[3]]*T^3]*(1+xx[[4]]/(T^1)+xx[[5]]/(T^2))
(* Fitting with shape 0 0 1 1 1 1 1 1 1 1 0 0 *)
G[T_,xx_]:=Exp[0+xx[[1]]*T^1+xx[[2]]*T^2+xx[[3]]*T^3]*(1+xx[[4]]/(T^1)+xx[[5]]/(T^2))
(* Fitting with shape 0 0 1 1 1 1 1 1 1 1 1 0 *)
G[T_,xx_]:=Exp[0+xx[[1]]*T^1+xx[[2]]*T^2+xx[[3]]*T^3]*(1+xx[[4]]/(T^1)+xx[[5]]/(T^2))
(* Fitting with shape 0 0 1 1 1 1 1 1 1 1 1 1 *)
G[T_,xx_]:=Exp[0+xx[[1]]*T^1+xx[[2]]*T^2+xx[[3]]*T^3]*(1+xx[[4]]/(T^1)+xx[[5]]/(T^2))
Probabilities: 
        0         0         0         0         0         0         0         0         0         0         0         0         0         0         0         0         0         0         0         0         0         0         0         0         1         0         0         0         0         0         0         0         0         0         0         0         0         0         0         0         0         0         0         0         0         0         0         0         0         0         0         0         0         0
        0         0         0         0         0         0         0         0         0         0         0         0         0         0         0         0         0         0         0         0         0         0         0         0         1         0         0         0         0         0         0         0         0         0         0         0         0         0         0         0         0         0         0         0         0         0         0         0         0         0         0         0         0         0
        0         0         0         0         0         0         0         0         0         0         0         0         0         0         0         0         0         0         0         0         0         0         0         0  0.898828         0         0         0         0         0         0         0         0         0         0         0         0         0         0         0         0         0  0.101172         0         0         0         0         0         0         0         0         0         0         0
        0         0         0         0         0         0         0         0         0         0         0         0         0         0         0         0         0         0         0         0         0         0         0         0         0         0         0         0         0         0         0         0         0         0         0         0         0         0         0         0         0         0  0.392311         0         0         0         0         0         0         0         0  0.607689         0         0
        0         0         0         0         0         0         0         0         0         0         0         0         0         0         0         0         0         0         0         0         0         0         0         0  0.717122         0         0         0         0         0         0         0         0         0         0         0         0         0         0         0         0         0         0         0         0         0         0         0         0         0         0  0.282878         0         0
        0         0         0         0         0         0         0         0         0         0         0         0         0         0         0         0         0         0         0         0         0         0         0         0  0.729099         0         0         0         0         0         0         0         0         0         0         0         0         0         0         0         0         0         0         0         0         0         0         0         0         0         0  0.270901         0         0
        0         0         0         0         0         0         0         0         0         0         0         0         0         0         0         0         0         0         0         0         0         0         0         0  0.559465         0         0         0         0         0         0         0         0         0         0         0         0         0         0         0         0         0  0.234697         0         0         0         0         0         0         0         0  0.205838         0         0
        0         0         0         0         0         0         0         0         0         0         0         0         0         0         0         0         0         0         0         0         0         0         0         0         1         0         0         0         0         0         0         0         0         0         0         0         0         0         0         0         0         0         0         0         0         0         0         0         0         0         0         0         0         0
        0         0         0         0         0         0         0         0         0         0         0         0         0         0         0         1         0         0         0         0         0         0         0         0         0         0         0         0         0         0         0         0         0         0         0         0         0         0         0         0         0         0         0         0         0         0         0         0         0         0         0         0         0         0
        0         0         0         0         0         0         0         0         0         0         0         0         0         0         0 0.0918255         0         0         0         0         0         0         0         0  0.631212         0         0         0         0         0         0         0         0         0         0         0         0         0         0         0         0         0         0         0         0         0         0         0         0         0         0  0.276962         0         0
        0         0         0         0         0         0         0         0         0         0         0         0         0         0         0  0.117745         0         0         0         0         0         0         0         0  0.442336         0         0         0         0         0         0         0         0         0         0         0         0         0         0         0         0         0  0.240884         0         0         0         0         0         0         0         0  0.199035         0         0
        0         0         0         0         0         0         0         0         0         0         0         0         0         0         0         0  0.039332         0         0         0         0         0         0         0         0  0.540277         0         0         0         0         0         0         0         0         0         0         0         0         0         0         0         0         0         0         0         0         0         0  0.217678         0         0         0  0.202713         0

Values: 
  0.060696  0.0606927   0.060682  0.0604871   0.060479  0.0604697  0.0602789   0.855277   0.858655  0.0291252  0.0599687   0.125069  0.0596023  0.0595929  0.0595796   0.334509  0.0593794   0.150382     0.1142   0.059381  0.0593686  0.0591574  0.0591379  0.0591278  0.0590739    0.05905   0.309271    1.05882    1.17485    1.17623    1.23565    1.18731    1.17538    1.26752      1.056    1.26715   0.061029   0.972842   0.971661  0.0604362   0.880932    2.22205  0.0601075   0.757999   0.736574   0.752438    1.28456   0.945329    2.31631   0.886363   0.353183   0.733678   0.661721    1.57236
 0.0872011  0.0871747  0.0870612   0.789604   0.588211   0.426669   0.086714  0.0866458  0.0865338   0.086186  0.0861398  0.0860359  0.0854674  0.0853934  0.0852821   0.115182   0.249104   0.084854  0.0850419  0.0761349  0.0848561  0.0845436  0.0844526  0.0843943  0.0843587  0.0842775   0.416548    1.17492    1.17238    1.16013    1.34374    1.33702    1.33444    1.29888    1.06297    1.26657   0.832855    0.92015  0.0884117  0.0877722   0.982118    1.00217   0.848505  0.0868695    1.81081   0.843223   0.802797   0.805135   0.837123   0.887605   0.879309   0.800761    1.27556  0.0850743
  0.141948   0.102858   0.102477   0.102792    0.13915     0.1023   0.309717   0.102147    0.10183   0.101505   0.101369   0.101098   0.112767   0.100177    0.11645  0.0996246  0.0994497   0.253659  0.0996069   0.104858  0.0944355  0.0987041  0.0985444  0.0984435  0.0983803  0.0982235  0.0982033    1.17009    1.16571    1.13896    1.17951   0.124851    1.18636   0.108216    1.07792    1.27895          1          1          1    0.10476   0.407081   0.818486   0.103164   0.103082   0.102647   0.885102   0.908894   0.887713    1.21721   0.101072   0.671997   0.970659   0.100279  0.0995026
  0.115375   0.115188   0.114531   0.155184   0.115009   0.114502   0.114687   0.114343   0.113839   0.113586   0.113291   0.112856   0.111838    0.11222   0.150931   0.322828   0.328971   0.110053   0.129966   0.110461   0.214642   0.283016   0.260652   0.179632   0.411714   0.450225   0.108462   0.127639   0.310427    1.16389    1.10824    1.10705    1.11005   0.985996   0.998483   0.988567   0.122121   0.121434          1   0.929776   0.825277   0.117551   0.116484   0.867855   0.897897   0.116982   0.907032   0.886097   0.714492   0.972445   0.919486   0.110497   0.818021   0.110711
  0.219554   0.126669   0.125811     0.1271   0.126511    0.12587   0.234397   0.125594    0.12497   0.124742   0.124277   0.123732   0.118768   0.121952   0.121441   0.120895   0.120465   0.229695   0.120915   0.156537   0.196418   0.118861   0.118485   0.118287    0.11813   0.155164   0.117747    1.23608     1.1622    1.13781    1.23677    1.24079    1.31214     1.3191    1.10461    1.01391   0.136363   0.135503   0.134022   -83.8565     1.2413    1.42133    0.73086   0.728587   0.127435   0.903992   0.129156   0.127734   0.123538   0.124332   0.928136   0.120384   0.123141    0.62086
  0.138703   0.138183    0.13717   0.142381   0.163809   0.190079   0.298115   0.302702   0.135921   0.135634   0.134989   0.134321   0.132644   0.132081   0.191363   0.130671   0.130119   0.171924   0.190489   0.130252   0.288204   0.884738   0.884884   0.127331   0.127129   0.126633   0.126684   0.278429    1.14743    1.21705    1.13235    1.12691    1.13006   0.985598   0.992703    1.07281   0.150015   0.149027   0.147116   0.792977   0.790934   0.142376   0.749346   0.717026   0.566759   0.892895   0.891946   0.897037   0.133315   0.764096   0.132723   0.128394   0.132345   0.129193
  0.150697    0.15002   0.149106   0.801509   0.818566   0.811505   0.148434   0.147652   0.146963   0.146403   0.145689   0.145025   0.142801   0.142151   0.141476   0.365429   0.139725    0.13907   0.140579    0.13996   0.139337   0.239734   0.246725    0.30703   0.136165   0.135491   0.135542    1.30731   0.360434   0.961642   0.168532    1.18138    1.17755      1.008    1.02671   0.202616   0.250165   0.888338   0.159682    1.05665   0.156492   0.154216   0.151252    1.04848   0.149652   0.886512   0.883377   0.887059   0.562957 -0.0654435   0.781466   0.135984   0.141878   0.780163
  0.162529    0.16184   0.161299   0.183585   0.180398   0.159884    0.30038   0.158198   0.157667   0.156709   0.156017   0.155449   0.136401   0.151907   0.151267   0.200908   0.149119   0.694342   0.150091   0.149454   0.265311    0.14621   0.145627   0.145395   0.145268   0.144514   0.144627     1.0757    1.06818    1.09357     1.1057    1.10618    1.10733    1.35032    1.12347     1.0773   0.905525   0.870513    1.05029   0.168496   0.167441    1.11221    1.25535          1   0.159364   0.881492   0.163484    0.16082   0.893244   0.152752   0.150859     5.1001 -0.0241363   0.677383
  0.173455   0.172827   0.172785   0.849389   0.860621   0.170155   0.168348    0.19073   0.187687   0.165937   0.165305     0.1649   0.161378    0.16075   0.160209   0.158351    0.15771   0.157136   0.158746   0.158131   0.296583   0.154575   0.154015   0.302804   0.493292   0.490758   0.153161   0.883458   0.881983   0.296899    1.16821    1.35116    1.12202    1.17688    1.02897     1.3222   0.971643   0.970506    1.00899    0.14866     1.0059   0.173896    1.42515    1.24681   0.167731   0.173154   0.874536   0.877247   0.156659    1.19883   0.893055    1.41163    1.43916 -0.0133795
  0.182377   0.181852   0.182235   0.179012   0.178409   0.178437   0.175853   0.193231   0.193995   0.173375   0.172845   0.172593   0.162731   0.167999   0.167587   0.165389   0.164819   0.164384   0.390756   0.165296   0.164883   0.329539   0.339138   0.161029   0.160914   0.160065    0.16051    1.16227   0.203095    1.23172    1.27466    1.21252    1.14319    1.06503    1.10056    1.00198    0.97113   0.973456   0.972107   0.185272    1.12032   0.890638   0.655828   0.176489    0.17397   0.874441   0.872899   0.176157   0.161886   0.931612   0.163381   0.147115   0.750549    1.63319
   0.18857   0.188106    0.18876   0.838792   0.791166   0.184002   0.195117   0.205094   0.180358   0.178328   0.177849   0.177726   0.173292    0.17278   0.172472   0.170034     0.4124   0.463731   0.340757   0.170032   0.169703   0.166074    0.16564   0.165756   0.165605   0.164861    0.16536    1.15982   0.208119    1.14124    1.13964     1.1417    1.09931    1.05225    1.06808   0.997618    0.97135   0.151256   0.974154   0.190128    0.18876   0.826713   0.179735   0.180557    0.17804   0.185135   0.184105   0.872863   0.165351    1.00803   0.913445    0.14939    1.07127   0.159392
  0.190466   0.189985   0.190663   0.186042   0.185507   0.185701   0.182529   0.182011   0.182034   0.179978   0.179495    0.17938   0.174916   0.174416   0.179297   0.332192   0.171112   0.170802    0.17214   0.347767   0.171352    0.19438   0.202134   0.234655   0.560054   0.166554    0.79037    1.13161    1.13612    1.11596    1.15426    1.14732    1.13782    1.00676    1.03834    1.28875    0.97176    0.36722    1.01612   0.973607    1.10143   0.954705   0.117505   0.701258    1.17891   0.186766   0.185566   0.873797   0.166547   -1.08439   0.625367   0.659152   0.162481    1.01714

Errors: 
1.13281e-05 1.12945e-05 1.11822e-05 1.15766e-05 1.15669e-05 1.14478e-05 1.18908e-05  0.00528012  0.00524637 9.88238e-06 1.27482e-05  2.0458e-05 1.43923e-05 1.43683e-05 1.43194e-05    0.464202 1.66696e-05  0.00105878 2.92844e-05 1.59225e-05 1.58374e-05 2.10388e-05  2.0663e-05  1.9972e-05 2.56794e-05 2.39457e-05    0.557982           0           0           0           0           0           0     1.00001     1.00094     1.00001 2.25536e-05 1.30712e-05    0.524113 3.34052e-05  0.00163479           1 4.81426e-05           1   0.0010396    0.581479 2.07885e-05 7.23269e-05  2.8016e-06  0.00439158     1.00001  0.00108574     1.00002     1.00052
3.42198e-05 3.40052e-05 3.38089e-05           0           0           0 3.48141e-05 3.46976e-05 3.44677e-05  3.5905e-05 3.57807e-05 3.54121e-05 4.07391e-05 4.02981e-05 3.94831e-05           0           0 4.39373e-05 4.58543e-05           0 4.38905e-05 6.31948e-05 5.73137e-05 5.13414e-05 8.00247e-05 6.71955e-05           0           0           0           0     1.00003     1.00002     1.00002     1.00021     1.00422     1.00009           0           0 6.27446e-05 0.000127511           0           0           1 0.000143418           1 0.000205606    0.565026  0.00013497   0.0168345    0.003667  0.00384603     1.00011  0.00117779 0.000464605
          0 6.57599e-05           0 6.71338e-05           0 6.48281e-05           0 6.72439e-05  6.5627e-05 7.01802e-05 6.91672e-05 6.70582e-05           0 7.75552e-05           0 9.34416e-05 9.05158e-05           0 9.01843e-05           0           0 0.000126662 0.000114386 0.000100979 0.000173164 0.000143235  0.00011491           0           0           0           0           0           0 0.000162271     1.01509     1.00067           0           0           0 0.000287328           1      1.0006 0.000433985 0.000338509 0.000282105 0.000878175  0.00200124  0.00110579           1 0.000627852 0.000948002     1.00136  0.00145751  0.00111117
0.000113966 0.000112041 0.000108829           0 0.000112591  0.00010944 0.000115954 0.000113497 0.000110537 0.000118043  0.00011619 0.000111556 0.000134929           0           0           0           0 0.000140074           0 0.000148453           0           0           0           0           0           0 0.000200442 0.000224027           1           0           0           0           0           0           0           0 0.000330977 0.000299618           0      1.0001     1.00002 0.000363487 0.000801984     1.00233    0.974021  0.00071261  0.00175722  0.00130252 0.000555996  0.00295179  0.00163152  0.00348902     1.00194  0.00203677
          0 0.000173584 0.000168898 0.000184807   0.0001752 0.000174142           0 0.000175809 0.000170487 0.000183293 0.000178163 0.000170773           0 0.000200684 0.000191972 0.000248141 0.000235787           0 0.000242171           0           0 0.000355046 0.000322064 0.000273271 0.000512767           0 0.000324695           0           0           0           0           0           0     1.00178     1.06591           0 0.000528531 0.000469175 0.000406724    0.356594     1.00001      1.0002     1.00015     1.00024 0.000820838   0.0022572 0.000960644 0.000760697  0.00239227  0.00189285   0.0398438  0.00548049  0.00431035  0.00879494
          0           0 0.000256191           0           0           0           0           0 0.000253308 0.000268919 0.000260298 0.000258209   0.0003082 0.000292075           0 0.000365623 0.000345985     1.00029           0 0.000329866           0           0           0 0.000408536 0.000781898 0.000628004 0.000483085           0           0           0           0           0           0     1.05968     1.05037     1.08641 0.000750082   0.0006714 0.000585789      1.0004     1.00026 0.000848447     1.00022     1.00034           0     3.55067     2.51664  0.00285836  0.00348751 0.000726003  0.00223234  0.00781812  0.00623779  0.00483666
0.000386671  0.00037365 0.000373317           0           0           0 0.000371363 0.000364739 0.000362479 0.000380145 0.000368509 0.000363664  0.00043051 0.000412153 0.000396927           0 0.000484419 0.000452364 0.000492391 0.000463593 0.000437836           0           0           0  0.00110938 0.000902459 0.000602441           0           1           0 0.000732873           0           0           0     1.29453     1.00002           0           0 0.000787281     1.00146  0.00144734   0.0012224  0.00259728           1  0.00164059  0.00296218   0.0031038      1.2722     1.00008  0.00115221   0.0208921    0.010352  0.00833535     1.00012
0.000528802 0.000517646 0.000524389           0           0 0.000511293           0 0.000493976 0.000496274 0.000509727 0.000491127 0.000496197           0 0.000540023 0.000535203           0 0.000642683           0 0.000648225 0.000617296           0 0.000985598  0.00090442 0.000768779  0.00143195  0.00120892 0.000932417           0           0           0           0           0           0      1.0036     1.08804     1.15667           0           0           0  0.00216934  0.00185073     1.00041     1.00119           0  0.00210234  0.00357428  0.00246617  0.00192289     1.19833  0.00493038  0.00390417     1.00703  0.00262072  0.00757636
0.000706527 0.000695382 0.000705376           0           0 0.000657179 0.000644318           0           0 0.000645353 0.000629947 0.000636557 0.000723683 0.000693529  0.00068579 0.000845807 0.000795324 0.000775533 0.000815228 0.000778499           0  0.00120422  0.00109697           0           0           0  0.00117925           0           0           0           0     1.00108           0      1.0393     1.70529     1.00587           0           0           0     1.00012     1.00154  0.00175673     1.00049     1.00025  0.00250501  0.00353584     3.77264   0.0035884  0.00747077   0.0036332     1.00043  0.00103832     1.00006  0.00192757
0.000837829 0.000835317   0.0008635 0.000778891 0.000779038  0.00078954 0.000763737           0           0  0.00076291 0.000757872 0.000762803           0 0.000825803 0.000823258 0.000980302 0.000949315  0.00090283           0  0.00092288  0.00094418           0           0  0.00116807  0.00211757  0.00179585  0.00143116           0  0.00106856           0           0           0           0     1.85615     1.06856           0           0           0           0  0.00302195           1     1.00268     1.00006  0.00387238  0.00294081     3.87021     2.44289  0.00270376  0.00863068     1.00065  0.00543973   0.0173638  0.00829287     2.32026
0.000952685           0 0.000977229           0           0 0.000886911           0           0 0.000861493 0.000857381 0.000855729 0.000851549 0.000963319 0.000935876 0.000927259  0.00108221           0           0           0  0.00102645  0.00103369  0.00155629  0.00145096  0.00130553  0.00234196  0.00188731  0.00152542           0  0.00114915           0           0           0           0     1.43021     1.08665           0           0           1           0  0.00330236  0.00286922     1.00022  0.00528228  0.00421912  0.00320595  0.00443843  0.00377193     3.62959  0.00942659 0.000217626 0.000850432   0.0186812   0.0011617   0.0126562
0.000988595 0.000984321  0.00101416 0.000889797 0.000885448 0.000915279 0.000701115 0.000873951 0.000887822 0.000884762  0.00088297 0.000887237  0.00097946 0.000960019           0           0  0.00109828   0.0010914  0.00109187           0  0.00104238           0           0           0           0  0.00199332           0           0           0           0           0           0           0           0     1.61039     1.00676           0           1           0     1.00391     1.00281      1.0006       1.001     1.00102     1.00002  0.00455061  0.00388422  0.00430824  0.00971733  0.00340327   0.0456768  0.00241804   0.0159322  0.00150634

Statuses: 
0 0 0 0 0 0 0 3 3 3 0 3 0 0 0 3 0 3 3 0 0 0 0 0 0 0 3 3 3 3 3 3 3 3 3 3 0 3 3 0 3 3 0 3 3 3 3 3 3 3 3 3 3 3
0 0 0 3 3 3 0 0 0 0 0 0 0 0 0 3 3 0 0 3 0 0 0 0 0 0 3 3 3 3 3 3 3 3 3 3 3 3 0 0 3 3 3 0 3 3 3 3 3 3 3 3 3 0
3 0 2 0 3 0 3 0 0 0 0 0 3 0 3 0 0 3 0 3 3 0 0 0 0 0 0 3 3 3 3 3 3 0 3 3 3 3 3 0 3 3 0 0 0 3 3 3 3 0 3 3 0 0
0 0 0 3 0 0 0 0 0 0 0 0 0 3 3 3 3 0 3 0 3 3 3 3 3 3 0 0 3 3 3 3 3 3 3 3 0 0 3 3 3 0 0 3 3 0 3 3 3 3 3 0 3 0
3 0 0 0 0 0 3 0 0 0 0 0 3 0 0 0 0 3 0 3 3 0 0 0 0 3 0 3 3 3 3 3 3 3 3 3 0 0 0 0 3 3 3 3 0 3 0 0 0 0 3 0 0 3
2 2 0 3 3 3 3 3 0 0 0 0 0 0 3 0 0 3 3 0 3 3 3 0 0 0 0 3 3 3 3 3 3 3 3 3 0 0 0 3 3 0 3 3 3 3 3 3 0 3 0 0 0 0
0 0 0 3 3 3 0 0 0 0 0 0 0 0 0 3 0 0 0 0 0 3 3 3 0 0 0 3 3 3 0 3 3 3 3 3 3 3 0 3 0 0 0 3 0 3 3 3 3 0 3 0 0 3
0 0 0 3 3 0 3 0 0 0 0 0 3 0 0 3 0 3 0 0 3 0 0 0 0 0 0 3 3 3 3 3 3 3 3 3 3 3 3 0 0 3 3 3 0 3 0 0 3 0 0 3 0 3
0 0 0 3 3 0 0 3 3 0 0 0 0 0 0 0 0 0 0 0 3 0 0 3 3 3 0 3 3 3 3 3 3 3 3 3 3 3 3 3 3 0 3 3 0 0 3 3 0 3 3 3 3 0
0 0 0 0 0 0 0 3 3 0 0 0 3 0 0 0 0 0 3 0 0 3 3 0 0 0 0 3 0 3 3 3 3 3 3 3 3 3 3 0 3 3 3 0 0 3 3 0 0 3 0 0 3 3
0 2 0 3 3 0 3 3 0 0 0 0 0 0 0 0 3 3 3 0 0 0 0 0 0 0 0 3 0 3 3 3 3 3 3 3 3 3 3 0 0 3 0 0 0 0 0 3 0 3 3 0 3 0
0 0 0 0 0 0 0 0 0 0 0 0 0 0 3 3 0 0 0 3 0 3 3 3 3 0 3 3 3 3 3 3 3 3 3 3 3 3 3 3 3 3 3 3 3 0 0 3 0 0 3 3 0 3
chisq per dof: 
 17.606 15.7719 14.3258 12.5842  11.306 10.1858 8.18866   81690 71562.2 53806.3 4.99798   60700 2.53065 2.43204 2.35485 94965.7 1.93328 30585.3 75641.8 1.98035 1.90539  1.8637 1.74764 1.64443 2.02341 1.82975 67100.8 83286.8 74396.1 66322.9 99536.9 86498.4 75833.2  116107 99449.3 84290.3  2.4822 85242.6 74704.1 1.96816  101197 84686.9 2.05281  119152 99159.9  117446  101434 87876.2  141856  121405 92332.6  194321  148203  115460
10.1037 9.12843 8.83804  5640.2 4902.85 3941.99 4.54755 4.45564 4.64604 3.18062 3.23324 3.28131 1.99036 2.00312 2.04411 1411.98 3425.85  1.7082 1.86527 3842.78 1.77784 1.83749  1.7154 1.61853 2.02348 1.82367 5337.37 5919.78 5219.37 4736.43 7005.18 6067.55 5335.21 8045.71 6982.89 5867.16 7318.25  5991.3 1.85453 1.88098 7239.58 6210.06 9536.43 1.82838 6481.03 8426.84 6864.97 5916.33 9253.99 8667.79 7231.48 13695.2 9823.75 2.01987
334.379 6.37908 6.33923 4.63209 199.037 4.40276 966.923  3.3441 3.44266 2.58183 2.58928 2.59507 382.379 1.82171 301.494 1.72067 1.66239 679.896 1.81355 974.933 736.045 1.82831 1.70182 1.60458 2.02223 1.82134 1.68452 1335.78 1176.63 1045.73 1520.08 694.703  1162.4 1.84754 1534.67 1297.77 1759.73 1509.59 1326.27 1.85783 1335.37 1396.22 2.02987 1.82402 1.69287  1956.8 1680.68 1424.66 2248.31 2.01915 1585.81 3011.01 2.27333 2.01955
5.61382 5.14818 5.20545 66.7414 3.58024 3.59913 2.81029 2.74704 2.85766 2.27512 2.27664 2.28654 1.76013 85.4162 113.078 361.841 301.166 1.56898  352.69 1.70509  313.54 380.801 301.581 209.827 523.644 434.136 1.68145 2.02361 245.757 386.105 599.789 515.076 453.274  661.97 555.238 477.373 1.76918 1.67883 503.846 717.539 557.358 1.61742 2.02262  626.57  500.98 2.02883 619.165 524.576 883.043 693.112 591.807 2.69012  832.41 2.01613
83.3262 4.29904 4.32863 3.10861 3.01472 3.01381 143.642 2.36923  2.4226 2.07115 2.05684 2.04665 25.3014 1.64669 1.62792 1.66673 1.58828 71.7757 1.75649 144.811 133.652 1.81786 1.68844 1.59147 2.01553 53.8982 1.67906 244.705  212.12 191.282 286.864 246.538 217.697 306.219 264.254  227.99 1.73884 1.64713 1.60612 316.004 258.781  246.68 360.431 306.309 1.68373 358.599 1.85451 1.73818 2.26588  2.0131 274.015 2.68705 2.26623 312.536
3.91589 3.63697 3.65441 2.86469 9.01021 18.7253 77.3152 66.4263 2.11964 1.91938 1.89148 1.87892 1.65024  1.5921 25.9909 1.64959 1.56361 16.4597  103.18 1.64909 85.1262 171.874 143.447 1.58624 2.01329 1.81227 1.67691 75.3166 118.997 110.914 170.249 146.133 129.644  179.79 150.073  129.68 1.72032 1.62751 1.57978 199.245 159.812  1.6031 223.861 178.475 138.705 203.218 169.963 149.758 2.26391 161.516 1.84399 2.68434 2.26417 2.01197
3.30514 3.09314 3.09277 72.0202 63.6678 57.8572 1.93018 1.87432 1.88514 1.79719 1.75875 1.73684 1.61403 1.55335 1.51885 64.5591 1.54725  1.4829 1.72159 1.63258 1.56846 31.4954 27.5108 31.8494 2.01211 1.81117 1.67599 98.0079  39.564 65.7558 1.58495 86.5397 76.3956 116.889 97.5789 15.4133 87.0305 86.5951 1.56039 134.845 1.68947 1.59759 2.01514 91.9733 1.67897 135.673 111.851 97.8323  140.61 2.88805 89.4919 2.68281  2.2632 113.106
2.83105 2.66171 2.63903 11.5337 10.0019 1.97093 28.0545 1.71855 1.71012 1.70528 1.66002 1.63131 7.36988  1.5215 1.47939 9.08333 1.53375 44.1859 1.70918 1.61786 42.3086  1.8102 1.67743 1.58094 2.01145 1.81023 1.67522 65.5475 58.0445 51.9076 83.4642  71.818 64.1674 79.9982 70.6255 61.3546 76.9824 65.9567 70.1202 1.82357 1.68736 67.9187 97.1512 88.7207 1.67782 100.717 1.84918 1.73072  71.308 2.01019 1.84224 115.167 2.33789 80.0053
2.49905 2.35484 2.31032 40.6406 36.0047 1.77698 1.67062 4.16584 2.23711 1.64051 1.58942 1.55349 1.56704 1.49958 1.45247 1.62032 1.52492 1.45579 1.70069 1.60766 35.1044 1.80922 1.67587 13.2041 32.3259 26.4324 1.67474 48.7914   43.95  17.431 66.9537  55.131 51.4736 66.8891 56.0086 45.7551 64.8276 55.3548  53.205 24.5789 58.0947 1.59203 58.7013 44.9924 1.67689 2.01781 64.5879 58.3209 2.26141 75.3517 68.6044 85.0299 60.1304 2.07003
2.26423 2.14031 2.08499 1.75316 1.69005 1.65091 1.60411 2.04475 2.07206 1.59886 1.54376 1.50197 3.59941 1.48529 1.43359 1.61723 1.52026 1.44884 41.4049  1.6013 1.52943 15.3763 13.6334 1.57899 2.01131 1.80976   1.675 46.0361 1.48416 37.6335 49.4134 47.2943  43.831 56.7141 47.3833 41.2021 55.3549  48.734 43.2477 1.82086 45.5166 50.2446 68.6066 1.81112 1.67711 66.5346 55.8881 1.72919 2.26154 69.1185 1.84194 2.68092  63.717 43.1079
2.13264 2.02084 1.95728 30.3745 25.9517 1.58178 3.60356 4.30941 1.46802 1.57605 1.51945 1.47492 1.54948 1.47811 1.42479 1.61574 11.2218 13.1665 36.7606   1.598 1.52551 1.80934 1.67513 1.57872 2.01156 1.80969 1.67496 42.5716  1.4721 36.7974 51.7617 44.3784 40.1831 51.5404 43.1057 37.4822 50.2664 10.7383 39.0316 1.82019 1.68431 45.4377 2.01368 1.81104 1.67685 2.01705 1.84775 44.6386 2.26167 35.8576 35.5857 2.68114 47.8401 2.00972
2.09331 1.98558 1.92271 1.66597 1.60563 1.56126  1.5572 1.49533 1.45537 1.56849 1.51136 1.46613 1.54747 1.47548 2.73866 9.67676 1.51617  1.4439 1.69241 30.8955 1.52391 3.74448 3.68259 5.05599 23.3315 1.80927 27.7725 38.9003 34.6277 31.1338 49.4421 42.8611 38.1509 49.6794 41.5749  33.488  48.587 25.2833 41.0348 60.5378 45.6187 34.4452 56.2001 49.1532 27.7146 2.01656 1.84741 43.6239 2.26127 6.02406 39.8473 78.3701 2.26152 39.6484
Mode averaged potential and errors: 
  0.0590739 2.56794e-05
  0.0843587 8.00247e-05
  0.0988643  0.00145852
   0.112846  0.00402432
   0.118767  0.00311707
   0.127472  0.00416172
   0.139669  0.00809215
   0.145268  0.00143195
   0.158351 0.000845807
   0.157503   0.0113739
   0.166303   0.0134535
   0.165906  0.00882974
R Models:
(* Fitting with shape 1 1 1 1 1 1 1 1 0 0 0 0 *)
G[R_,xx_]:=xx[[0]] + xx[[1]]/R | xx[[2]]*R
(* Fitting with shape 1 1 1 1 1 1 1 1 1 0 0 0 *)
G[R_,xx_]:=xx[[0]] + xx[[1]]/R | xx[[2]]*R
(* Fitting with shape 1 1 1 1 1 1 1 1 1 1 0 0 *)
G[R_,xx_]:=xx[[0]] + xx[[1]]/R | xx[[2]]*R
(* Fitting with shape 1 1 1 1 1 1 1 1 1 1 1 0 *)
G[R_,xx_]:=xx[[0]] + xx[[1]]/R | xx[[2]]*R
(* Fitting with shape 1 1 1 1 1 1 1 1 1 1 1 1 *)
G[R_,xx_]:=xx[[0]] + xx[[1]]/R | xx[[2]]*R
(* Fitting with shape 0 1 1 1 1 1 1 1 0 0 0 0 *)
G[R_,xx_]:=xx[[0]] + xx[[1]]/R | xx[[2]]*R
(* Fitting with shape 0 1 1 1 1 1 1 1 1 0 0 0 *)
G[R_,xx_]:=xx[[0]] + xx[[1]]/R | xx[[2]]*R
(* Fitting with shape 0 1 1 1 1 1 1 1 1 1 0 0 *)
G[R_,xx_]:=xx[[0]] + xx[[1]]/R | xx[[2]]*R
(* Fitting with shape 0 1 1 1 1 1 1 1 1 1 1 0 *)
G[R_,xx_]:=xx[[0]] + xx[[1]]/R | xx[[2]]*R
(* Fitting with shape 0 1 1 1 1 1 1 1 1 1 1 1 *)
G[R_,xx_]:=xx[[0]] + xx[[1]]/R | xx[[2]]*R
(* Fitting with shape 0 0 1 1 1 1 1 1 0 0 0 0 *)
G[R_,xx_]:=xx[[0]] + xx[[1]]/R | xx[[2]]*R
(* Fitting with shape 0 0 1 1 1 1 1 1 1 0 0 0 *)
G[R_,xx_]:=xx[[0]] + xx[[1]]/R | xx[[2]]*R
(* Fitting with shape 0 0 1 1 1 1 1 1 1 1 0 0 *)
G[R_,xx_]:=xx[[0]] + xx[[1]]/R | xx[[2]]*R
(* Fitting with shape 0 0 1 1 1 1 1 1 1 1 1 0 *)
G[R_,xx_]:=xx[[0]] + xx[[1]]/R | xx[[2]]*R
(* Fitting with shape 0 0 1 1 1 1 1 1 1 1 1 1 *)
G[R_,xx_]:=xx[[0]] + xx[[1]]/R | xx[[2]]*R
(* Fitting with shape 0 0 0 1 1 1 1 1 0 0 0 0 *)
G[R_,xx_]:=xx[[0]] + xx[[1]]/R | xx[[2]]*R
(* Fitting with shape 0 0 0 1 1 1 1 1 1 0 0 0 *)
G[R_,xx_]:=xx[[0]] + xx[[1]]/R | xx[[2]]*R
(* Fitting with shape 0 0 0 1 1 1 1 1 1 1 0 0 *)
G[R_,xx_]:=xx[[0]] + xx[[1]]/R | xx[[2]]*R
(* Fitting with shape 0 0 0 1 1 1 1 1 1 1 1 0 *)
G[R_,xx_]:=xx[[0]] + xx[[1]]/R | xx[[2]]*R
(* Fitting with shape 0 0 0 1 1 1 1 1 1 1 1 1 *)
G[R_,xx_]:=xx[[0]] + xx[[1]]/R | xx[[2]]*R
2.88274 2.88274 2.88274 
-0.0507933 -0.0507933 -0.0507933 
1 1 1 
-5.07513 -5.07513 -5.07513 
7.45187 7.45187 7.45187 
5.03038e+175 5.03038e+175 5.03038e+175 
3.5936e+246 3.5936e+246 3.5936e+246 
2.14726e+243 2.14726e+243 2.14726e+243 
988418 988418 988418 
1.16254e-320 1.16254e-320 1.16254e-320 
6.94422e-310 6.94422e-310 6.94422e-310 
0 0 0 
2.37999e-316 2.37999e-316 2.37999e-316 
2.25658e-316 2.25658e-316 2.25658e-316 
2.20031e-316 2.20031e-316 2.20031e-316 
2.26549e-316 2.26549e-316 2.26549e-316 
2.38202e-316 2.38202e-316 2.38202e-316 
2.1837e-316 2.1837e-316 2.1837e-316 
2.26234e-316 2.26234e-316 2.26234e-316 
2.21118e-316 2.21118e-316 2.21118e-316 
0 0 0 
0 0 0 
2.24617e-316 2.24617e-316 2.24617e-316 
2.24282e-316 2.24282e-316 2.24282e-316 
2.38118e-316 2.38118e-316 2.38118e-316 
2.3812e-316 2.3812e-316 2.3812e-316 
2.38118e-316 2.38118e-316 2.38118e-316 
2.38119e-316 2.38119e-316 2.38119e-316 
0.0012178 0.0012178 0.0012178 
0 0 0 
0 0 0 
0 0 0 
0 0 0 
0 0 0 
0 0 0 
0 0 0 
2.12727e-06 2.12727e-06 2.12727e-06 
0 0 0 
0 0 0 
1.63042e-322 1.63042e-322 1.63042e-322 
0 0 0 
2725.2 2725.2 2725.2 
4931.9 4931.9 4931.9 
-32011.6 -32011.6 -32011.6 
1.42291e-321 1.42291e-321 1.42291e-321 
3.16202e-322 3.16202e-322 3.16202e-322 
6.94402e-310 6.94402e-310 6.94402e-310 
2.38e-316 2.38e-316 2.38e-316 
2.27697e+06 2.27697e+06 2.27697e+06 
2.42092e-322 2.42092e-322 2.42092e-322 
6.94402e-310 6.94402e-310 6.94402e-310 
1.63042e-322 1.63042e-322 1.63042e-322 
4.78176 4.78176 4.78176 
2.37986e-316 2.37986e-316 2.37986e-316 
Probabilities: 
         0          0          0          0          0          0          0          0          0  0.0843301   0.128239 0.00321265  0.0435243  0.0740351 0.00542736          0  0.0341313          0          0          0          0  0.0776939   0.104806          0  0.0607878  0.0426784          0          0          0          0          0          0          0          0          0          0          0          0          0   0.105235   0.105924  0.0123485          0          0          0          0          0          0          0          0          0  0.0609789  0.0566474          0

String tensions: 
           1            1            1            1            1            1            1            1            1     -0.40469    -0.404761    -0.405137    -0.455263    -0.462299    -0.503307     -2.69377     -0.31224     -3.05795      3.18836      1.67245      1.58123     0.937473     0.246833     0.499839      42.3825      45.8456      46.1219    0.0333777   -0.0892955   -0.0892955    -0.121044     0.986393     0.986409     0.991711     0.992263     0.993535      1.50316       1.1135    0.0659466   -0.0034015  -0.00199858   0.00217432      1.00951      1.00301      1.00754     0.107255  -0.00266023     0.190102  -0.00872263  -0.00145021   0.00956058 -0.000605601    0.0031268     0.999092

Errors: 
          0           0           0     5792.62     5792.62     5792.62           0           0     5792.62  0.00138764  0.00138541  0.00136018   0.0593368   0.0584625    0.053151           0    0.243395           1     1.00023     1.00056 0.000696789  0.00617413   0.0166319   0.0200764     39.6593    0.508382     1.34885 0.000174114           0           0     1.00001     1.02668     1.02675           0           0           0     1.00214           0           0  0.00269254   0.0023417  0.00171698           0           0           0    0.610706 0.000241913  0.00634201 0.000411981 0.000408842 0.000388633  0.00401578  0.00362537   0.0149952

Statuses: 
3 3 3 3 3 0 3 3 0 0 0 0 0 0 0 3 0 3 3 3 0 0 0 0 0 0 3 0 3 3 3 3 3 2 2 2 3 3 3 0 0 0 2 2 2 3 1 3 1 1 1 0 0 3
chisq per dof: 
 11869.9  10743.1  10925.4  892.254   764.57   8.2815  902.933   1940.7   2.8503 0.824538 0.866681  1.81189 0.849101 0.861738  1.65729     8037 0.930136  1047.28  7217.87   6143.4  12.7432 0.655948 0.762431  2.05001 0.485293 0.855643   6637.8  121.785  89825.1  79869.2  1496.98  7676.37  6760.96  9801.56  8193.44  7073.38   166085  42597.3  97633.1  0.55481   0.7594  1.45177  9801.58  8193.44  7073.39  6985.13 0.667246  43605.5 0.467889  0.75862  1.06165 0.484038 0.761259  7073.39
Model string tension and errors: 
sigma = 4.4765 +/- 16.5716
