R=0parameters: 
-0.696489 -0.696489 
0.0464327 0.0464327 
4.87498e-11 4.87498e-11 
3.48316e-321 3.48316e-321 
1.00403e-316 1.00403e-316 
-6.24122e-89 -6.24122e-89 
-nan -nan 
-nan -nan 
-nan -nan 
4 4 4 
5 5 5 
6 6 6 
7 7 7 
8 8 8 
9 9 9 
10 10 10 
11 11 11 
12 12 12 
0 0 0 0 
5.77563e-321 5.77563e-321 5.77563e-321 5.77563e-321 
1.89466 1.89466 1.89466 1.89466 
1.83294 1.83294 1.83294 1.83294 
1.78102 1.78102 1.78102 1.78102 
1.73139 1.73139 1.73139 1.73139 
1.68411 1.68411 1.68411 1.68411 
1.64047 1.64047 1.64047 1.64047 
1.60182 1.60182 1.60182 1.60182 
1.56909 1.56909 1.56909 
1.54292 1.54292 1.54292 
1.52396 1.52396 1.52396 
1.51246 1.51246 1.51246 
1.50866 1.50866 1.50866 
1.80539 1.80539 1.80539 
1.71144 1.71144 1.71144 
1.64412 1.64412 1.64412 
1.5848 1.5848 1.5848 
1.53067 1.53067 1.53067 1.53067 
1.48191 1.48191 1.48191 1.48191 
1.43935 1.43935 1.43935 1.43935 
1.40378 1.40378 1.40378 1.40378 
1.37559 1.37559 1.37559 1.37559 
1.3552 1.3552 1.3552 1.3552 
1.3428 1.3428 1.3428 1.3428 
1.33886 1.33886 1.33886 1.33886 
1.72138 1.72138 1.72138 1.72138 
0.998999 0.998999 0.998999 0.998999 0.998999 
0.916256 0.916256 0.916256 0.916256 0.916256 
0.952804 0.952804 0.952804 0.952804 0.952804 
0.997782 0.997782 0.997782 0.997782 0.997782 
2.42092e-322 2.42092e-322 2.42092e-322 2.42092e-322 2.42092e-322 
2.10141e-316 2.10141e-316 2.10141e-316 2.10141e-316 2.10141e-316 
-1.51464e+07 -1.51464e+07 -1.51464e+07 -1.51464e+07 -1.51464e+07 
0 0 0 0 0 
6.70983e+08 6.70983e+08 6.70983e+08 6.70983e+08 6.70983e+08 
R=1parameters: 
-0.697741 -0.697741 
0.0642265 0.0642265 
-0.321441 -0.321441 
25.856 25.856 
-85.4278 -85.4278 
2.2196e-316 2.2196e-316 
7913.96 7913.96 
1.0489e-320 1.0489e-320 
0 0 
3.21143e-322 3.21143e-322 3.21143e-322 
2.47033e-323 2.47033e-323 2.47033e-323 
2.07792e-316 2.07792e-316 2.07792e-316 
3.7933e+09 3.7933e+09 3.7933e+09 
2.07798e-316 2.07798e-316 2.07798e-316 
248971 248971 248971 
2.21473e-316 2.21473e-316 2.21473e-316 
1.66105e-316 1.66105e-316 1.66105e-316 
2.42092e-322 2.42092e-322 2.42092e-322 
0.005 0.005 0.005 0.005 
0 0 0 0 
3.23334e+08 3.23334e+08 3.23334e+08 3.23334e+08 
5.36455e+08 5.36455e+08 5.36455e+08 5.36455e+08 
2.37152e-322 2.37152e-322 2.37152e-322 2.37152e-322 
2.37152e-322 2.37152e-322 2.37152e-322 2.37152e-322 
117065 117065 117065 117065 
47410.7 47410.7 47410.7 47410.7 
-35068 -35068 -35068 -35068 
3.21143e-322 3.21143e-322 3.21143e-322 
2.04078e-316 2.04078e-316 2.04078e-316 
2.03128e-316 2.03128e-316 2.03128e-316 
2.47033e-323 2.47033e-323 2.47033e-323 
2.0408e-316 2.0408e-316 2.0408e-316 
53500.3 53500.3 53500.3 
2.09997e-316 2.09997e-316 2.09997e-316 
1.66105e-316 1.66105e-316 1.66105e-316 
3.21143e-322 3.21143e-322 3.21143e-322 
8.18343e-09 8.18343e-09 8.18343e-09 8.18343e-09 
1.54448e-07 1.54448e-07 1.54448e-07 1.54448e-07 
0 0 0 0 
0.000651117 0.000651117 0.000651117 0.000651117 
10239.5 10239.5 10239.5 10239.5 
0 0 0 0 
2.08666e-316 2.08666e-316 2.08666e-316 2.08666e-316 
2.42092e-322 2.42092e-322 2.42092e-322 2.42092e-322 
0.928719 0.928719 0.928719 0.928719 
0.998963 0.998963 0.998963 0.998963 0.998963 
0.997992 0.997992 0.997992 0.997992 0.997992 
0.996257 0.996257 0.996257 0.996257 0.996257 
0.894389 0.894389 0.894389 0.894389 0.894389 
2.42092e-322 2.42092e-322 2.42092e-322 2.42092e-322 2.42092e-322 
3.57923e+07 3.57923e+07 3.57923e+07 3.57923e+07 3.57923e+07 
0.839242 0.839242 0.839242 0.839242 0.839242 
0.801493 0.801493 0.801493 0.801493 0.801493 
1.46731e-08 1.46731e-08 1.46731e-08 1.46731e-08 1.46731e-08 
R=2parameters: 
-0.696966 -0.696966 
0.0726655 0.0726655 
-1.26332e-05 -1.26332e-05 
0.0555175 0.0555175 
-0.0542504 -0.0542504 
2.2196e-316 2.2196e-316 
7913.96 7913.96 
1.0489e-320 1.0489e-320 
0 0 
1.3488e-321 1.3488e-321 1.3488e-321 
6.90449e-310 6.90449e-310 6.90449e-310 
6.90449e-310 6.90449e-310 6.90449e-310 
0 0 0 
115.549 115.549 115.549 
-0.0542504 -0.0542504 -0.0542504 
6.37345e-322 6.37345e-322 6.37345e-322 
2.08504e-316 2.08504e-316 2.08504e-316 
-6.24122e-89 -6.24122e-89 -6.24122e-89 
2.4387e-09 2.4387e-09 2.4387e-09 2.4387e-09 
7.27048e-07 7.27048e-07 7.27048e-07 7.27048e-07 
3.32227e-09 3.32227e-09 3.32227e-09 3.32227e-09 
9.94e-07 9.94e-07 9.94e-07 9.94e-07 
-3.26304e-06 -3.26304e-06 -3.26304e-06 -3.26304e-06 
7.62834e-08 7.62834e-08 7.62834e-08 7.62834e-08 
-9.70343e-06 -9.70343e-06 -9.70343e-06 -9.70343e-06 
1.10603e-05 1.10603e-05 1.10603e-05 1.10603e-05 
0 0 0 0 
0 0 0 
0 0 0 
0 0 0 
1.67772e+07 1.67772e+07 1.67772e+07 
4.79244e-322 4.79244e-322 4.79244e-322 
2.08113e-316 2.08113e-316 2.08113e-316 
74299.9 74299.9 74299.9 
12046.3 12046.3 12046.3 
-38154.8 -38154.8 -38154.8 
655332 655332 655332 655332 
-42340.3 -42340.3 -42340.3 -42340.3 
-13733.9 -13733.9 -13733.9 -13733.9 
1.63042e-322 1.63042e-322 1.63042e-322 1.63042e-322 
6.90447e-310 6.90447e-310 6.90447e-310 6.90447e-310 
2.122e-314 2.122e-314 2.122e-314 2.122e-314 
2.08399e-316 2.08399e-316 2.08399e-316 2.08399e-316 
2.42092e-322 2.42092e-322 2.42092e-322 2.42092e-322 
0.945479 0.945479 0.945479 0.945479 
0.978431 0.978431 0.978431 0.978431 0.978431 
0.998868 0.998868 0.998868 0.998868 0.998868 
0.996999 0.996999 0.996999 0.996999 0.996999 
0.988127 0.988127 0.988127 0.988127 0.988127 
4.00193e-322 4.00193e-322 4.00193e-322 4.00193e-322 4.00193e-322 
2.03843e-316 2.03843e-316 2.03843e-316 2.03843e-316 2.03843e-316 
2.03366e-316 2.03366e-316 2.03366e-316 2.03366e-316 2.03366e-316 
1.86541e-07 1.86541e-07 1.86541e-07 1.86541e-07 1.86541e-07 
-9.50396e-07 -9.50396e-07 -9.50396e-07 -9.50396e-07 -9.50396e-07 
R=3parameters: 
-0.694378 -0.694378 
0.092095 0.092095 
-1.23448e-05 -1.23448e-05 
0.0937262 0.0937262 
-0.0949277 -0.0949277 
2.2196e-316 2.2196e-316 
7913.96 7913.96 
1.0489e-320 1.0489e-320 
0 0 
2.42092e-322 2.42092e-322 2.42092e-322 
0 0 0 
3.8689e+07 3.8689e+07 3.8689e+07 
99.8606 99.8606 99.8606 
2708.11 2708.11 2708.11 
2708.11 2708.11 2708.11 
4.00193e-322 4.00193e-322 4.00193e-322 
2.0814e-316 2.0814e-316 2.0814e-316 
2.03841e-316 2.03841e-316 2.03841e-316 
2.1007e-316 2.1007e-316 2.1007e-316 2.1007e-316 
2.20453e-316 2.20453e-316 2.20453e-316 2.20453e-316 
2.10078e-316 2.10078e-316 2.10078e-316 2.10078e-316 
2.01659e-316 2.01659e-316 2.01659e-316 2.01659e-316 
43823.1 43823.1 43823.1 43823.1 
-2676.08 -2676.08 -2676.08 -2676.08 
0 0 0 0 
4.00193e-322 4.00193e-322 4.00193e-322 4.00193e-322 
2.21995e-316 2.21995e-316 2.21995e-316 2.21995e-316 
-6.24122e-89 -6.24122e-89 -6.24122e-89 
-0.00158592 -0.00158592 -0.00158592 
2.0408e-316 2.0408e-316 2.0408e-316 
2.00668e-316 2.00668e-316 2.00668e-316 
2.08173e-316 2.08173e-316 2.08173e-316 
1720.25 1720.25 1720.25 
11078.4 11078.4 11078.4 
-7125.32 -7125.32 -7125.32 
3.21143e-322 3.21143e-322 3.21143e-322 
2.07793e-316 2.07793e-316 2.07793e-316 2.07793e-316 
2.122e-314 2.122e-314 2.122e-314 2.122e-314 
2.08106e-316 2.08106e-316 2.08106e-316 2.08106e-316 
2.122e-314 2.122e-314 2.122e-314 2.122e-314 
0 0 0 0 
0 0 0 0 
1.34386e-321 1.34386e-321 1.34386e-321 1.34386e-321 
2.42092e-322 2.42092e-322 2.42092e-322 2.42092e-322 
0.953134 0.953134 0.953134 0.953134 
0.999 0.999 0.999 0.999 0.999 
0.998655 0.998655 0.998655 0.998655 0.998655 
0.958115 0.958115 0.958115 0.958115 0.958115 
0.998697 0.998697 0.998697 0.998697 0.998697 
5.14322e-321 5.14322e-321 5.14322e-321 5.14322e-321 5.14322e-321 
2.08472e-316 2.08472e-316 2.08472e-316 2.08472e-316 2.08472e-316 
2.08473e-316 2.08473e-316 2.08473e-316 2.08473e-316 2.08473e-316 
2.21964e-316 2.21964e-316 2.21964e-316 2.21964e-316 2.21964e-316 
2.04936e-316 2.04936e-316 2.04936e-316 2.04936e-316 2.04936e-316 
R=4parameters: 
-0.449298 -0.449298 
0.0819843 0.0819843 
-1.59039e-05 -1.59039e-05 
0.130367 0.130367 
-0.133463 -0.133463 
2.2196e-316 2.2196e-316 
7913.96 7913.96 
1.0489e-320 1.0489e-320 
0 0 
1.63042e-322 1.63042e-322 1.63042e-322 
6.90447e-310 6.90447e-310 6.90447e-310 
2.122e-314 2.122e-314 2.122e-314 
2.09759e-316 2.09759e-316 2.09759e-316 
2.42092e-322 2.42092e-322 2.42092e-322 
6.90449e-310 6.90449e-310 6.90449e-310 
2.10111e-316 2.10111e-316 2.10111e-316 
7797.13 7797.13 7797.13 
4317.91 4317.91 4317.91 
2.10095e-316 2.10095e-316 2.10095e-316 2.10095e-316 
6.37345e-322 6.37345e-322 6.37345e-322 6.37345e-322 
0 0 0 0 
2.42092e-322 2.42092e-322 2.42092e-322 2.42092e-322 
2.08059e-316 2.08059e-316 2.08059e-316 2.08059e-316 
0 0 0 0 
1.67772e+07 1.67772e+07 1.67772e+07 1.67772e+07 
1.63042e-322 1.63042e-322 1.63042e-322 1.63042e-322 
6.90447e-310 6.90447e-310 6.90447e-310 6.90447e-310 
2.122e-314 2.122e-314 2.122e-314 
2.09245e-316 2.09245e-316 2.09245e-316 
4.00193e-322 4.00193e-322 4.00193e-322 
2.09789e-316 2.09789e-316 2.09789e-316 
-6.24122e-89 -6.24122e-89 -6.24122e-89 
2.04098e-316 2.04098e-316 2.04098e-316 
2.03131e-316 2.03131e-316 2.03131e-316 
1.0719 1.0719 1.0719 
2.08676e-316 2.08676e-316 2.08676e-316 
0.0274499 0.0274499 0.0274499 0.0274499 
0.839397 0.839397 0.839397 0.839397 
0.774225 0.774225 0.774225 0.774225 
1.63042e-322 1.63042e-322 1.63042e-322 1.63042e-322 
6.90447e-310 6.90447e-310 6.90447e-310 6.90447e-310 
2.122e-314 2.122e-314 2.122e-314 2.122e-314 
2.10196e-316 2.10196e-316 2.10196e-316 2.10196e-316 
2.42092e-322 2.42092e-322 2.42092e-322 2.42092e-322 
7.45058e-08 7.45058e-08 7.45058e-08 7.45058e-08 
0.998839 0.998839 0.998839 0.998839 0.998839 
0.996393 0.996393 0.996393 0.996393 0.996393 
0.997476 0.997476 0.997476 0.997476 0.997476 
0.998825 0.998825 0.998825 0.998825 0.998825 
4.00193e-322 4.00193e-322 4.00193e-322 4.00193e-322 4.00193e-322 
2.10081e-316 2.10081e-316 2.10081e-316 2.10081e-316 2.10081e-316 
2.10086e-316 2.10086e-316 2.10086e-316 2.10086e-316 2.10086e-316 
2.47033e-323 2.47033e-323 2.47033e-323 2.47033e-323 2.47033e-323 
1.76826e-07 1.76826e-07 1.76826e-07 1.76826e-07 1.76826e-07 
R=5parameters: 
-0.686785 -0.686785 
0.0851992 0.0851992 
-1.03106e-05 -1.03106e-05 
0.174657 0.174657 
-0.182638 -0.182638 
2.2196e-316 2.2196e-316 
7913.96 7913.96 
1.0489e-320 1.0489e-320 
0 0 
1.3488e-321 1.3488e-321 1.3488e-321 
-0.646485 -0.646485 -0.646485 
1.73239e+07 1.73239e+07 1.73239e+07 
0 0 0 
4.94066e-324 4.94066e-324 4.94066e-324 
0 0 0 
4.19526e-05 4.19526e-05 4.19526e-05 
0 0 0 
0 0 0 
-7.26569e-06 -7.26569e-06 -7.26569e-06 -7.26569e-06 
5.75729e-06 5.75729e-06 5.75729e-06 5.75729e-06 
0 0 0 0 
0 0 0 0 
0 0 0 0 
0 0 0 0 
1.67772e+07 1.67772e+07 1.67772e+07 1.67772e+07 
2.42092e-322 2.42092e-322 2.42092e-322 2.42092e-322 
0 0 0 0 
0 0 0 
0 0 0 
2.04941e-316 2.04941e-316 2.04941e-316 
-0.182638 -0.182638 -0.182638 
2.01487e-316 2.01487e-316 2.01487e-316 
1167.13 1167.13 1167.13 
624.992 624.992 624.992 
-9412.34 -9412.34 -9412.34 
3.21143e-322 3.21143e-322 3.21143e-322 
2.01358e-316 2.01358e-316 2.01358e-316 2.01358e-316 
2.09198e-316 2.09198e-316 2.09198e-316 2.09198e-316 
1.2732e-313 1.2732e-313 1.2732e-313 1.2732e-313 
2.2198e-316 2.2198e-316 2.2198e-316 2.2198e-316 
648112 648112 648112 648112 
2.04636e-316 2.04636e-316 2.04636e-316 2.04636e-316 
3.23796e-319 3.23796e-319 3.23796e-319 3.23796e-319 
2.42092e-322 2.42092e-322 2.42092e-322 2.42092e-322 
0.960144 0.960144 0.960144 0.960144 
0.998861 0.998861 0.998861 0.998861 0.998861 
0.999 0.999 0.999 0.999 0.999 
9.61125e-06 9.61125e-06 9.61125e-06 9.61125e-06 9.61125e-06 
0.000707139 0.000707139 0.000707139 0.000707139 0.000707139 
4.00193e-322 4.00193e-322 4.00193e-322 4.00193e-322 4.00193e-322 
5.41891e-320 5.41891e-320 5.41891e-320 5.41891e-320 5.41891e-320 
2.092e-316 2.092e-316 2.092e-316 2.092e-316 2.092e-316 
2.08383e-316 2.08383e-316 2.08383e-316 2.08383e-316 2.08383e-316 
3.21143e-322 3.21143e-322 3.21143e-322 3.21143e-322 3.21143e-322 
R=6parameters: 
-0.682491 -0.682491 
0.0878623 0.0878623 
5.11236e-06 5.11236e-06 
0.223103 0.223103 
-0.237536 -0.237536 
2.2196e-316 2.2196e-316 
7913.96 7913.96 
1.0489e-320 1.0489e-320 
0 0 
1.63042e-322 1.63042e-322 1.63042e-322 
6.90447e-310 6.90447e-310 6.90447e-310 
2.122e-314 2.122e-314 2.122e-314 
2.21571e-316 2.21571e-316 2.21571e-316 
2.42092e-322 2.42092e-322 2.42092e-322 
2.21629e-316 2.21629e-316 2.21629e-316 
2.21972e-316 2.21972e-316 2.21972e-316 
0.25 0.25 0.25 
4.94066e-324 4.94066e-324 4.94066e-324 
6.90447e-310 6.90447e-310 6.90447e-310 6.90447e-310 
0 0 0 0 
6.90447e-310 6.90447e-310 6.90447e-310 6.90447e-310 
0 0 0 0 
1.58101e-322 1.58101e-322 1.58101e-322 1.58101e-322 
3.16202e-322 3.16202e-322 3.16202e-322 3.16202e-322 
0.000488281 0.000488281 0.000488281 0.000488281 
-47278.2 -47278.2 -47278.2 -47278.2 
0 0 0 0 
2.42092e-322 2.42092e-322 2.42092e-322 
2.08587e-316 2.08587e-316 2.08587e-316 
80552.6 80552.6 80552.6 
175.98 175.98 175.98 
2.05958e-316 2.05958e-316 2.05958e-316 
2.05958e-316 2.05958e-316 2.05958e-316 
2.01329e-316 2.01329e-316 2.01329e-316 
2.21961e-316 2.21961e-316 2.21961e-316 
2.05959e-316 2.05959e-316 2.05959e-316 
4065.58 4065.58 4065.58 4065.58 
2.42092e-322 2.42092e-322 2.42092e-322 2.42092e-322 
2.0133e-316 2.0133e-316 2.0133e-316 2.0133e-316 
2.09278e-316 2.09278e-316 2.09278e-316 2.09278e-316 
24101.2 24101.2 24101.2 24101.2 
0.854617 0.854617 0.854617 0.854617 
1.34386e-321 1.34386e-321 1.34386e-321 1.34386e-321 
2.42092e-322 2.42092e-322 2.42092e-322 2.42092e-322 
0.962669 0.962669 0.962669 0.962669 
0.998837 0.998837 0.998837 0.998837 0.998837 
0.999001 0.999001 0.999001 0.999001 0.999001 
0.984959 0.984959 0.984959 0.984959 0.984959 
0.998972 0.998972 0.998972 0.998972 0.998972 
1.63042e-322 1.63042e-322 1.63042e-322 1.63042e-322 1.63042e-322 
5.76714e-05 5.76714e-05 5.76714e-05 5.76714e-05 5.76714e-05 
-6.24122e-89 -6.24122e-89 -6.24122e-89 -6.24122e-89 -6.24122e-89 
7.47405e-06 7.47405e-06 7.47405e-06 7.47405e-06 7.47405e-06 
0 0 0 0 0 
R=7parameters: 
-0.67821 -0.67821 
0.0900548 0.0900548 
1.7135e-05 1.7135e-05 
0.264258 0.264258 
-0.284214 -0.284214 
2.2196e-316 2.2196e-316 
7913.96 7913.96 
1.0489e-320 1.0489e-320 
0 0 
3.21143e-322 3.21143e-322 3.21143e-322 
2.47033e-323 2.47033e-323 2.47033e-323 
2.09901e-316 2.09901e-316 2.09901e-316 
0.046423 0.046423 0.046423 
2.21512e-316 2.21512e-316 2.21512e-316 
2.07736e-316 2.07736e-316 2.07736e-316 
2.0453e-316 2.0453e-316 2.0453e-316 
8565.91 8565.91 8565.91 
1459.1 1459.1 1459.1 
2.21981e-316 2.21981e-316 2.21981e-316 2.21981e-316 
2.04943e-316 2.04943e-316 2.04943e-316 2.04943e-316 
1201.65 1201.65 1201.65 1201.65 
-193.301 -193.301 -193.301 -193.301 
3.96879 3.96879 3.96879 3.96879 
1.63042e-322 1.63042e-322 1.63042e-322 1.63042e-322 
6.90447e-310 6.90447e-310 6.90447e-310 6.90447e-310 
2.122e-314 2.122e-314 2.122e-314 2.122e-314 
2.04216e-316 2.04216e-316 2.04216e-316 2.04216e-316 
3.16202e-322 3.16202e-322 3.16202e-322 
2.08054e-316 2.08054e-316 2.08054e-316 
2.03962e-316 2.03962e-316 2.03962e-316 
-0.284214 -0.284214 -0.284214 
2.02022e-316 2.02022e-316 2.02022e-316 
51368.3 51368.3 51368.3 
2.09169e-316 2.09169e-316 2.09169e-316 
103.175 103.175 103.175 
3.21143e-322 3.21143e-322 3.21143e-322 
6.90447e-310 6.90447e-310 6.90447e-310 6.90447e-310 
2.122e-314 2.122e-314 2.122e-314 2.122e-314 
2.03665e-316 2.03665e-316 2.03665e-316 2.03665e-316 
1.63042e-322 1.63042e-322 1.63042e-322 1.63042e-322 
2.08082e-316 2.08082e-316 2.08082e-316 2.08082e-316 
2.21797e-316 2.21797e-316 2.21797e-316 2.21797e-316 
3.23796e-319 3.23796e-319 3.23796e-319 3.23796e-319 
2.42092e-322 2.42092e-322 2.42092e-322 2.42092e-322 
0.964558 0.964558 0.964558 0.964558 
0.980491 0.980491 0.980491 0.980491 0.980491 
0.967975 0.967975 0.967975 0.967975 0.967975 
0.997859 0.997859 0.997859 0.997859 0.997859 
3.21047e-05 3.21047e-05 3.21047e-05 3.21047e-05 3.21047e-05 
2.42092e-322 2.42092e-322 2.42092e-322 2.42092e-322 2.42092e-322 
-3.02814 -3.02814 -3.02814 -3.02814 -3.02814 
-1.52744e-06 -1.52744e-06 -1.52744e-06 -1.52744e-06 -1.52744e-06 
7.88713e-07 7.88713e-07 7.88713e-07 7.88713e-07 7.88713e-07 
-4.68759e-06 -4.68759e-06 -4.68759e-06 -4.68759e-06 -4.68759e-06 
R=8parameters: 
-0.6746 -0.6746 
0.091831 0.091831 
4.13463e-05 4.13463e-05 
0.310379 0.310379 
-0.337499 -0.337499 
2.2196e-316 2.2196e-316 
7913.96 7913.96 
1.0489e-320 1.0489e-320 
0 0 
3.21143e-322 3.21143e-322 3.21143e-322 
2.47033e-323 2.47033e-323 2.47033e-323 
2.04304e-316 2.04304e-316 2.04304e-316 
1.42738e+228 1.42738e+228 1.42738e+228 
2.21969e-316 2.21969e-316 2.21969e-316 
-0.337499 -0.337499 -0.337499 
2.42092e-322 2.42092e-322 2.42092e-322 
-0.26544 -0.26544 -0.26544 
9.2762e-05 9.2762e-05 9.2762e-05 
0.00012207 0.00012207 0.00012207 0.00012207 
180963 180963 180963 180963 
0 0 0 0 
2.42092e-322 2.42092e-322 2.42092e-322 2.42092e-322 
53.8345 53.8345 53.8345 53.8345 
0.396433 0.396433 0.396433 0.396433 
1.69789 1.69789 1.69789 1.69789 
-2.88182 -2.88182 -2.88182 -2.88182 
7.11455e-322 7.11455e-322 7.11455e-322 7.11455e-322 
3.16202e-322 3.16202e-322 3.16202e-322 
1854.13 1854.13 1854.13 
2.01074e-316 2.01074e-316 2.01074e-316 
2.97726e-07 2.97726e-07 2.97726e-07 
1.63042e-322 1.63042e-322 1.63042e-322 
2.08664e-316 2.08664e-316 2.08664e-316 
2.21547e-316 2.21547e-316 2.21547e-316 
6.32404e-322 6.32404e-322 6.32404e-322 
3.16202e-322 3.16202e-322 3.16202e-322 
2.08427e-316 2.08427e-316 2.08427e-316 2.08427e-316 
2.04098e-316 2.04098e-316 2.04098e-316 2.04098e-316 
1.15264e+10 1.15264e+10 1.15264e+10 1.15264e+10 
2.04098e-316 2.04098e-316 2.04098e-316 2.04098e-316 
0 0 0 0 
2.08106e-316 2.08106e-316 2.08106e-316 2.08106e-316 
1.34386e-321 1.34386e-321 1.34386e-321 1.34386e-321 
2.42092e-322 2.42092e-322 2.42092e-322 2.42092e-322 
0.0226565 0.0226565 0.0226565 0.0226565 
0.980044 0.980044 0.980044 0.980044 0.980044 
0.967428 0.967428 0.967428 0.967428 0.967428 
0.995855 0.995855 0.995855 0.995855 0.995855 
0.951073 0.951073 0.951073 0.951073 0.951073 
4.79244e-322 4.79244e-322 4.79244e-322 4.79244e-322 4.79244e-322 
6.90434e-310 6.90434e-310 6.90434e-310 6.90434e-310 6.90434e-310 
2.09235e-316 2.09235e-316 2.09235e-316 2.09235e-316 2.09235e-316 
2.08949e-316 2.08949e-316 2.08949e-316 2.08949e-316 2.08949e-316 
-6696.13 -6696.13 -6696.13 -6696.13 -6696.13 
R=9parameters: 
-0.671321 -0.671321 
0.0931882 0.0931882 
5.88211e-05 5.88211e-05 
0.345139 0.345139 
-0.37683 -0.37683 
2.2196e-316 2.2196e-316 
7913.96 7913.96 
1.0489e-320 1.0489e-320 
0 0 
9.53547e-322 9.53547e-322 9.53547e-322 
2.09618e-316 2.09618e-316 2.09618e-316 
2.03664e-316 2.03664e-316 2.03664e-316 
2.21996e-316 2.21996e-316 2.21996e-316 
2.21997e-316 2.21997e-316 2.21997e-316 
2.07793e-316 2.07793e-316 2.07793e-316 
2.02808e-316 2.02808e-316 2.02808e-316 
1600.45 1600.45 1600.45 
2.09754e-316 2.09754e-316 2.09754e-316 
0 0 0 0 
107940 107940 107940 107940 
0 0 0 0 
2.42092e-322 2.42092e-322 2.42092e-322 2.42092e-322 
9.7683e-317 9.7683e-317 9.7683e-317 9.7683e-317 
2.08676e-316 2.08676e-316 2.08676e-316 2.08676e-316 
4.81364e-06 4.81364e-06 4.81364e-06 4.81364e-06 
-1.11228e-06 -1.11228e-06 -1.11228e-06 -1.11228e-06 
1.25532e-07 1.25532e-07 1.25532e-07 1.25532e-07 
0.000115409 0.000115409 0.000115409 
-2.79224e-06 -2.79224e-06 -2.79224e-06 
0.000536644 0.000536644 0.000536644 
-0.000165248 -0.000165248 -0.000165248 
4.99231e-06 4.99231e-06 4.99231e-06 
-0.00085769 -0.00085769 -0.00085769 
0.00143612 0.00143612 0.00143612 
0 0 0 
0 0 0 
0 0 0 0 
0 0 0 0 
8.69556e-322 8.69556e-322 8.69556e-322 8.69556e-322 
1.63042e-322 1.63042e-322 1.63042e-322 1.63042e-322 
6.90447e-310 6.90447e-310 6.90447e-310 6.90447e-310 
2.122e-314 2.122e-314 2.122e-314 2.122e-314 
1.06193e-316 1.06193e-316 1.06193e-316 1.06193e-316 
2.42092e-322 2.42092e-322 2.42092e-322 2.42092e-322 
1.8761e-05 1.8761e-05 1.8761e-05 1.8761e-05 
0.979923 0.979923 0.979923 0.979923 0.979923 
0.967044 0.967044 0.967044 0.967044 0.967044 
0.995406 0.995406 0.995406 0.995406 0.995406 
0.999052 0.999052 0.999052 0.999052 0.999052 
5.14322e-321 5.14322e-321 5.14322e-321 5.14322e-321 5.14322e-321 
2.02903e-316 2.02903e-316 2.02903e-316 2.02903e-316 2.02903e-316 
-4.39734e-05 -4.39734e-05 -4.39734e-05 -4.39734e-05 -4.39734e-05 
7.34269e-06 7.34269e-06 7.34269e-06 7.34269e-06 7.34269e-06 
0 0 0 0 0 
R=10parameters: 
-0.669219 -0.669219 
0.0940473 0.0940473 
8.70526e-05 8.70526e-05 
0.382144 0.382144 
-0.420053 -0.420053 
2.2196e-316 2.2196e-316 
7913.96 7913.96 
1.0489e-320 1.0489e-320 
0 0 
2.42092e-322 2.42092e-322 2.42092e-322 
0.000528595 0.000528595 0.000528595 
2.21521e-316 2.21521e-316 2.21521e-316 
0 0 0 
0 0 0 
0 0 0 
-160.557 -160.557 -160.557 
3.64217e-05 3.64217e-05 3.64217e-05 
2.08157e-316 2.08157e-316 2.08157e-316 
-10807.4 -10807.4 -10807.4 -10807.4 
-1.73497 -1.73497 -1.73497 -1.73497 
-0.420053 -0.420053 -0.420053 -0.420053 
2.2198e-316 2.2198e-316 2.2198e-316 2.2198e-316 
0.265746 0.265746 0.265746 0.265746 
0.000375424 0.000375424 0.000375424 0.000375424 
0 0 0 0 
0 0 0 0 
0 0 0 0 
0 0 0 
1 1 1 
5.58294e-322 5.58294e-322 5.58294e-322 
2.10078e-316 2.10078e-316 2.10078e-316 
-6.24122e-89 -6.24122e-89 -6.24122e-89 
2.10078e-316 2.10078e-316 2.10078e-316 
2.08475e-316 2.08475e-316 2.08475e-316 
2.09268e-316 2.09268e-316 2.09268e-316 
2.03366e-316 2.03366e-316 2.03366e-316 
203.885 203.885 203.885 203.885 
2432.22 2432.22 2432.22 2432.22 
0.803059 0.803059 0.803059 0.803059 
2.04304e-316 2.04304e-316 2.04304e-316 2.04304e-316 
223637 223637 223637 223637 
0.61263 0.61263 0.61263 0.61263 
2.02906e-316 2.02906e-316 2.02906e-316 2.02906e-316 
2.42092e-322 2.42092e-322 2.42092e-322 2.42092e-322 
8.45275e-05 8.45275e-05 8.45275e-05 8.45275e-05 
0.979677 0.979677 0.979677 0.979677 0.979677 
0.965857 0.965857 0.965857 0.965857 0.965857 
0.99519 0.99519 0.99519 0.99519 0.99519 
0.793019 0.793019 0.793019 0.793019 0.793019 
2.42092e-322 2.42092e-322 2.42092e-322 2.42092e-322 2.42092e-322 
7059.48 7059.48 7059.48 7059.48 7059.48 
2.08179e-316 2.08179e-316 2.08179e-316 2.08179e-316 2.08179e-316 
1.65201e-06 1.65201e-06 1.65201e-06 1.65201e-06 1.65201e-06 
-3.85637e-06 -3.85637e-06 -3.85637e-06 -3.85637e-06 -3.85637e-06 
R=11parameters: 
-0.668654 -0.668654 
0.0943001 0.0943001 
0.000102837 0.000102837 
0.40329 0.40329 
-0.444609 -0.444609 
2.2196e-316 2.2196e-316 
7913.96 7913.96 
1.0489e-320 1.0489e-320 
0 0 
1.3488e-321 1.3488e-321 1.3488e-321 
2.21535e-316 2.21535e-316 2.21535e-316 
0 0 0 
0 0 0 
0 0 0 
-0.444609 -0.444609 -0.444609 
2.42092e-322 2.42092e-322 2.42092e-322 
1.061e-313 1.061e-313 1.061e-313 
0.780644 0.780644 0.780644 
0 0 0 0 
94361.2 94361.2 94361.2 94361.2 
0 0 0 0 
2.42092e-322 2.42092e-322 2.42092e-322 2.42092e-322 
2.09619e-316 2.09619e-316 2.09619e-316 2.09619e-316 
2.09199e-316 2.09199e-316 2.09199e-316 2.09199e-316 
-0.248803 -0.248803 -0.248803 -0.248803 
12150.7 12150.7 12150.7 12150.7 
-0.444609 -0.444609 -0.444609 -0.444609 
2.42092e-322 2.42092e-322 2.42092e-322 
1.061e-313 1.061e-313 1.061e-313 
2.0961e-316 2.0961e-316 2.0961e-316 
0.000244141 0.000244141 0.000244141 
-0.29893 -0.29893 -0.29893 
4.74303e-322 4.74303e-322 4.74303e-322 
2.37152e-322 2.37152e-322 2.37152e-322 
2.22034e-316 2.22034e-316 2.22034e-316 
232169 232169 232169 
6.90447e-310 6.90447e-310 6.90447e-310 6.90447e-310 
2.122e-314 2.122e-314 2.122e-314 2.122e-314 
2.08401e-316 2.08401e-316 2.08401e-316 2.08401e-316 
2.07973e-316 2.07973e-316 2.07973e-316 2.07973e-316 
-0.444609 -0.444609 -0.444609 -0.444609 
2.1014e-316 2.1014e-316 2.1014e-316 2.1014e-316 
3.23796e-319 3.23796e-319 3.23796e-319 3.23796e-319 
2.42092e-322 2.42092e-322 2.42092e-322 2.42092e-322 
3.00341e-05 3.00341e-05 3.00341e-05 3.00341e-05 
0.979877 0.979877 0.979877 0.979877 0.979877 
0.999 0.999 0.999 0.999 0.999 
0.997999 0.997999 0.997999 0.997999 0.997999 
0.000398927 0.000398927 0.000398927 0.000398927 0.000398927 
3.21143e-322 3.21143e-322 3.21143e-322 3.21143e-322 3.21143e-322 
2.2201e-316 2.2201e-316 2.2201e-316 2.2201e-316 2.2201e-316 
0.744656 0.744656 0.744656 0.744656 0.744656 
2.21996e-316 2.21996e-316 2.21996e-316 2.21996e-316 2.21996e-316 
0 0 0 0 0 
T Models:
(* Fitting with shape 1 1 1 1 1 1 1 1 1 1 0 0 *)
G[T_,xx_]:=Exp[0+xx[[1]]*T^1+xx[[2]]*T^2]*(1)
(* Fitting with shape 1 1 1 1 1 1 1 1 1 1 1 0 *)
G[T_,xx_]:=Exp[0+xx[[1]]*T^1+xx[[2]]*T^2]*(1)
(* Fitting with shape 1 1 1 1 1 1 1 1 1 1 1 1 *)
G[T_,xx_]:=Exp[0+xx[[1]]*T^1+xx[[2]]*T^2]*(1)
(* Fitting with shape 0 1 1 1 1 1 1 1 1 1 0 0 *)
G[T_,xx_]:=Exp[0+xx[[1]]*T^1+xx[[2]]*T^2]*(1)
(* Fitting with shape 0 1 1 1 1 1 1 1 1 1 1 0 *)
G[T_,xx_]:=Exp[0+xx[[1]]*T^1+xx[[2]]*T^2]*(1)
(* Fitting with shape 0 1 1 1 1 1 1 1 1 1 1 1 *)
G[T_,xx_]:=Exp[0+xx[[1]]*T^1+xx[[2]]*T^2]*(1)
(* Fitting with shape 0 0 1 1 1 1 1 1 1 1 0 0 *)
G[T_,xx_]:=Exp[0+xx[[1]]*T^1+xx[[2]]*T^2]*(1)
(* Fitting with shape 0 0 1 1 1 1 1 1 1 1 1 0 *)
G[T_,xx_]:=Exp[0+xx[[1]]*T^1+xx[[2]]*T^2]*(1)
(* Fitting with shape 0 0 1 1 1 1 1 1 1 1 1 1 *)
G[T_,xx_]:=Exp[0+xx[[1]]*T^1+xx[[2]]*T^2]*(1)
(* Fitting with shape 1 1 1 1 1 1 1 1 1 1 0 0 *)
G[T_,xx_]:=Exp[0+xx[[1]]*T^1+xx[[2]]*T^2]*(1+xx[[3]]/(T^1))
(* Fitting with shape 1 1 1 1 1 1 1 1 1 1 1 0 *)
G[T_,xx_]:=Exp[0+xx[[1]]*T^1+xx[[2]]*T^2]*(1+xx[[3]]/(T^1))
(* Fitting with shape 1 1 1 1 1 1 1 1 1 1 1 1 *)
G[T_,xx_]:=Exp[0+xx[[1]]*T^1+xx[[2]]*T^2]*(1+xx[[3]]/(T^1))
(* Fitting with shape 0 1 1 1 1 1 1 1 1 1 0 0 *)
G[T_,xx_]:=Exp[0+xx[[1]]*T^1+xx[[2]]*T^2]*(1+xx[[3]]/(T^1))
(* Fitting with shape 0 1 1 1 1 1 1 1 1 1 1 0 *)
G[T_,xx_]:=Exp[0+xx[[1]]*T^1+xx[[2]]*T^2]*(1+xx[[3]]/(T^1))
(* Fitting with shape 0 1 1 1 1 1 1 1 1 1 1 1 *)
G[T_,xx_]:=Exp[0+xx[[1]]*T^1+xx[[2]]*T^2]*(1+xx[[3]]/(T^1))
(* Fitting with shape 0 0 1 1 1 1 1 1 1 1 0 0 *)
G[T_,xx_]:=Exp[0+xx[[1]]*T^1+xx[[2]]*T^2]*(1+xx[[3]]/(T^1))
(* Fitting with shape 0 0 1 1 1 1 1 1 1 1 1 0 *)
G[T_,xx_]:=Exp[0+xx[[1]]*T^1+xx[[2]]*T^2]*(1+xx[[3]]/(T^1))
(* Fitting with shape 0 0 1 1 1 1 1 1 1 1 1 1 *)
G[T_,xx_]:=Exp[0+xx[[1]]*T^1+xx[[2]]*T^2]*(1+xx[[3]]/(T^1))
(* Fitting with shape 1 1 1 1 1 1 1 1 1 1 0 0 *)
G[T_,xx_]:=Exp[0+xx[[1]]*T^1+xx[[2]]*T^2]*(1+xx[[3]]/(T^1)+xx[[4]]/(T^2))
(* Fitting with shape 1 1 1 1 1 1 1 1 1 1 1 0 *)
G[T_,xx_]:=Exp[0+xx[[1]]*T^1+xx[[2]]*T^2]*(1+xx[[3]]/(T^1)+xx[[4]]/(T^2))
(* Fitting with shape 1 1 1 1 1 1 1 1 1 1 1 1 *)
G[T_,xx_]:=Exp[0+xx[[1]]*T^1+xx[[2]]*T^2]*(1+xx[[3]]/(T^1)+xx[[4]]/(T^2))
(* Fitting with shape 0 1 1 1 1 1 1 1 1 1 0 0 *)
G[T_,xx_]:=Exp[0+xx[[1]]*T^1+xx[[2]]*T^2]*(1+xx[[3]]/(T^1)+xx[[4]]/(T^2))
(* Fitting with shape 0 1 1 1 1 1 1 1 1 1 1 0 *)
G[T_,xx_]:=Exp[0+xx[[1]]*T^1+xx[[2]]*T^2]*(1+xx[[3]]/(T^1)+xx[[4]]/(T^2))
(* Fitting with shape 0 1 1 1 1 1 1 1 1 1 1 1 *)
G[T_,xx_]:=Exp[0+xx[[1]]*T^1+xx[[2]]*T^2]*(1+xx[[3]]/(T^1)+xx[[4]]/(T^2))
(* Fitting with shape 0 0 1 1 1 1 1 1 1 1 0 0 *)
G[T_,xx_]:=Exp[0+xx[[1]]*T^1+xx[[2]]*T^2]*(1+xx[[3]]/(T^1)+xx[[4]]/(T^2))
(* Fitting with shape 0 0 1 1 1 1 1 1 1 1 1 0 *)
G[T_,xx_]:=Exp[0+xx[[1]]*T^1+xx[[2]]*T^2]*(1+xx[[3]]/(T^1)+xx[[4]]/(T^2))
(* Fitting with shape 0 0 1 1 1 1 1 1 1 1 1 1 *)
G[T_,xx_]:=Exp[0+xx[[1]]*T^1+xx[[2]]*T^2]*(1+xx[[3]]/(T^1)+xx[[4]]/(T^2))
(* Fitting with shape 1 1 1 1 1 1 1 1 1 1 0 0 *)
G[T_,xx_]:=Exp[0+xx[[1]]*T^1+xx[[2]]*T^2+xx[[3]]*T^3]*(1)
(* Fitting with shape 1 1 1 1 1 1 1 1 1 1 1 0 *)
G[T_,xx_]:=Exp[0+xx[[1]]*T^1+xx[[2]]*T^2+xx[[3]]*T^3]*(1)
(* Fitting with shape 1 1 1 1 1 1 1 1 1 1 1 1 *)
G[T_,xx_]:=Exp[0+xx[[1]]*T^1+xx[[2]]*T^2+xx[[3]]*T^3]*(1)
(* Fitting with shape 0 1 1 1 1 1 1 1 1 1 0 0 *)
G[T_,xx_]:=Exp[0+xx[[1]]*T^1+xx[[2]]*T^2+xx[[3]]*T^3]*(1)
(* Fitting with shape 0 1 1 1 1 1 1 1 1 1 1 0 *)
G[T_,xx_]:=Exp[0+xx[[1]]*T^1+xx[[2]]*T^2+xx[[3]]*T^3]*(1)
(* Fitting with shape 0 1 1 1 1 1 1 1 1 1 1 1 *)
G[T_,xx_]:=Exp[0+xx[[1]]*T^1+xx[[2]]*T^2+xx[[3]]*T^3]*(1)
(* Fitting with shape 0 0 1 1 1 1 1 1 1 1 0 0 *)
G[T_,xx_]:=Exp[0+xx[[1]]*T^1+xx[[2]]*T^2+xx[[3]]*T^3]*(1)
(* Fitting with shape 0 0 1 1 1 1 1 1 1 1 1 0 *)
G[T_,xx_]:=Exp[0+xx[[1]]*T^1+xx[[2]]*T^2+xx[[3]]*T^3]*(1)
(* Fitting with shape 0 0 1 1 1 1 1 1 1 1 1 1 *)
G[T_,xx_]:=Exp[0+xx[[1]]*T^1+xx[[2]]*T^2+xx[[3]]*T^3]*(1)
(* Fitting with shape 1 1 1 1 1 1 1 1 1 1 0 0 *)
G[T_,xx_]:=Exp[0+xx[[1]]*T^1+xx[[2]]*T^2+xx[[3]]*T^3]*(1+xx[[4]]/(T^1))
(* Fitting with shape 1 1 1 1 1 1 1 1 1 1 1 0 *)
G[T_,xx_]:=Exp[0+xx[[1]]*T^1+xx[[2]]*T^2+xx[[3]]*T^3]*(1+xx[[4]]/(T^1))
(* Fitting with shape 1 1 1 1 1 1 1 1 1 1 1 1 *)
G[T_,xx_]:=Exp[0+xx[[1]]*T^1+xx[[2]]*T^2+xx[[3]]*T^3]*(1+xx[[4]]/(T^1))
(* Fitting with shape 0 1 1 1 1 1 1 1 1 1 0 0 *)
G[T_,xx_]:=Exp[0+xx[[1]]*T^1+xx[[2]]*T^2+xx[[3]]*T^3]*(1+xx[[4]]/(T^1))
(* Fitting with shape 0 1 1 1 1 1 1 1 1 1 1 0 *)
G[T_,xx_]:=Exp[0+xx[[1]]*T^1+xx[[2]]*T^2+xx[[3]]*T^3]*(1+xx[[4]]/(T^1))
(* Fitting with shape 0 1 1 1 1 1 1 1 1 1 1 1 *)
G[T_,xx_]:=Exp[0+xx[[1]]*T^1+xx[[2]]*T^2+xx[[3]]*T^3]*(1+xx[[4]]/(T^1))
(* Fitting with shape 0 0 1 1 1 1 1 1 1 1 0 0 *)
G[T_,xx_]:=Exp[0+xx[[1]]*T^1+xx[[2]]*T^2+xx[[3]]*T^3]*(1+xx[[4]]/(T^1))
(* Fitting with shape 0 0 1 1 1 1 1 1 1 1 1 0 *)
G[T_,xx_]:=Exp[0+xx[[1]]*T^1+xx[[2]]*T^2+xx[[3]]*T^3]*(1+xx[[4]]/(T^1))
(* Fitting with shape 0 0 1 1 1 1 1 1 1 1 1 1 *)
G[T_,xx_]:=Exp[0+xx[[1]]*T^1+xx[[2]]*T^2+xx[[3]]*T^3]*(1+xx[[4]]/(T^1))
(* Fitting with shape 1 1 1 1 1 1 1 1 1 1 0 0 *)
G[T_,xx_]:=Exp[0+xx[[1]]*T^1+xx[[2]]*T^2+xx[[3]]*T^3]*(1+xx[[4]]/(T^1)+xx[[5]]/(T^2))
(* Fitting with shape 1 1 1 1 1 1 1 1 1 1 1 0 *)
G[T_,xx_]:=Exp[0+xx[[1]]*T^1+xx[[2]]*T^2+xx[[3]]*T^3]*(1+xx[[4]]/(T^1)+xx[[5]]/(T^2))
(* Fitting with shape 1 1 1 1 1 1 1 1 1 1 1 1 *)
G[T_,xx_]:=Exp[0+xx[[1]]*T^1+xx[[2]]*T^2+xx[[3]]*T^3]*(1+xx[[4]]/(T^1)+xx[[5]]/(T^2))
(* Fitting with shape 0 1 1 1 1 1 1 1 1 1 0 0 *)
G[T_,xx_]:=Exp[0+xx[[1]]*T^1+xx[[2]]*T^2+xx[[3]]*T^3]*(1+xx[[4]]/(T^1)+xx[[5]]/(T^2))
(* Fitting with shape 0 1 1 1 1 1 1 1 1 1 1 0 *)
G[T_,xx_]:=Exp[0+xx[[1]]*T^1+xx[[2]]*T^2+xx[[3]]*T^3]*(1+xx[[4]]/(T^1)+xx[[5]]/(T^2))
(* Fitting with shape 0 1 1 1 1 1 1 1 1 1 1 1 *)
G[T_,xx_]:=Exp[0+xx[[1]]*T^1+xx[[2]]*T^2+xx[[3]]*T^3]*(1+xx[[4]]/(T^1)+xx[[5]]/(T^2))
(* Fitting with shape 0 0 1 1 1 1 1 1 1 1 0 0 *)
G[T_,xx_]:=Exp[0+xx[[1]]*T^1+xx[[2]]*T^2+xx[[3]]*T^3]*(1+xx[[4]]/(T^1)+xx[[5]]/(T^2))
(* Fitting with shape 0 0 1 1 1 1 1 1 1 1 1 0 *)
G[T_,xx_]:=Exp[0+xx[[1]]*T^1+xx[[2]]*T^2+xx[[3]]*T^3]*(1+xx[[4]]/(T^1)+xx[[5]]/(T^2))
(* Fitting with shape 0 0 1 1 1 1 1 1 1 1 1 1 *)
G[T_,xx_]:=Exp[0+xx[[1]]*T^1+xx[[2]]*T^2+xx[[3]]*T^3]*(1+xx[[4]]/(T^1)+xx[[5]]/(T^2))
Probabilities: 
        0         0         0         0         0         0         0         0         0         0         0         0         0         0         0         0         0         0         0         0         0         0         0         0  0.601619         0         0         0         0         0         0         0         0         0         0         0         0         0         0         0         0         0         0         0         0         0         0         0         0         0         0  0.398381         0         0
        0         0         0         0         0         0         0         0         0         0         0         0         0         0         0         0         0         0         0         0         0         0         0         0  0.725565         0         0         0         0         0         0         0         0         0         0         0         0         0         0         0         0         0         0         0         0         0         0         0         0         0         0  0.274435         0         0
        0         0         0         0         0         0         0         0         0         0         0         0         0         0         0         0         0         0         0         0         0         0         0         0  0.697603         0         0         0         0         0         0         0         0         0         0         0         0         0         0         0         0         0         0         0         0         0         0         0         0         0         0  0.302397         0         0
        0         0         0         0         0         0         0         0         0         0         0         0         0         0         0         0         0         0         0         0         0         0         0         0   0.69255         0         0         0         0         0         0         0         0         0         0         0         0         0         0         0         0         0         0         0         0         0         0         0         0         0         0   0.30745         0         0
        0         0         0         0         0         0         0         0         0         0         0         0         0         0         0         0         0         0         0         0         0         0         0         0  0.668076         0         0         0         0         0         0         0         0         0         0         0         0         0         0         0         0         0 0.0319659         0         0         0         0         0         0         0         0  0.299958         0         0
        0         0         0         0         0         0         0         0         0         0         0         0         0         0         0         0         0         0         0         0         0         0         0         0  0.646777         0         0         0         0         0         0         0         0         0         0         0         0         0         0         0         0         0 0.0440729         0         0         0         0         0         0         0         0   0.30915         0         0
        0         0         0         0         0         0         0         0         0         0         0         0         0         0         0         0         0         0         0         0         0         0         0         0         1         0         0         0         0         0         0         0         0         0         0         0         0         0         0         0         0         0         0         0         0         0         0         0         0         0         0         0         0         0
        0         0         0         0         0         0         0         0         0         0         0         0         0         0         0         0         0         0         0         0         0         0         0         0  0.625264         0         0         0         0         0         0         0         0         0         0         0         0         0         0         0         0         0 0.0752786         0         0         0         0         0         0         0         0  0.299457         0         0
        0         0         0         0         0         0         0         0         0         0         0         0         0         0         0         0         0         0         0         0         0         0         0         0         1         0         0         0         0         0         0         0         0         0         0         0         0         0         0         0         0         0         0         0         0         0         0         0         0         0         0         0         0         0
        0         0         0         0         0         0         0         0         0         0         0         0         0         0         0         0         0         0         0         0         0         0         0         0  0.598632         0         0         0         0         0         0         0         0         0         0         0         0         0         0         0         0         0 0.0821512         0         0         0         0         0         0         0         0  0.319217         0         0
        0         0         0         0         0         0         0         0         0         0         0         0         0         0         0         0         0         0         0         0         0         0         0         0  0.645026         0         0         0         0         0         0         0         0         0         0         0         0         0         0         0         0         0         0         0         0         0         0         0         0         0         0  0.354974         0         0
        0         0         0         0         0         0         0         0         0         0         0         0         0         0         0         0         0         0         0         0         0         0         0         0  0.642645         0         0         0         0         0         0         0         0         0         0         0         0         0         0         0         0         0         0         0         0         0         0         0         0         0         0  0.357355         0         0

Values: 
0.0464518 0.0464327 0.0464285 0.0465126 0.0464987 0.0464933  0.046571 0.0465568  0.266547 0.0465014 0.0464904 0.0464851 0.0595205  0.195617 0.0464035  0.046303 0.0462915 0.0462827 0.0463211 0.0463114 0.0463053 0.0461545 0.0461458    0.1752 0.0460794 0.0460747 0.0460605   1.15973   1.16044   1.15992   1.30228    1.1137   1.30103   1.05771    1.0451   1.04505  0.312236  0.225022   0.15262 0.0470595  0.944782 0.0469546 0.0468406 0.0467765 0.0467576  0.883664 0.0468072  0.885918 0.0465287 0.0464737  0.778423 0.0461997  0.046193   5.82316
 0.064363 0.0642265 0.0641758 0.0646315 0.0645308  0.110012 0.0648879   0.17058 0.0646967 0.0648085 0.0647399 0.0646648  0.164968  0.164397 0.0646773 0.0646326 0.0645937 0.0645389 0.0646634  0.064623 0.0645691  0.372109  0.371811  0.377592 0.0642671 0.0642756 0.0642316   1.13772   1.11892   1.12824   1.21821   1.21377   1.20711   1.02192   1.05289   1.05559 0.0667401 0.0254207  0.188127 0.0662061  0.065979  0.970672  0.760694  0.065583 0.0655618  0.856841  0.867803 0.0656268     1.308 0.0649014 0.0649873 0.0641694  0.784668 0.0645823
 0.072976 0.0726655 0.0724696 0.0734906 0.0732844  0.073039 0.0740037  0.073831 0.0735642 0.0739069 0.0737877 0.0735739  0.136296 0.0739385  0.111562 0.0738353  0.305935 0.0736725 0.0738624 0.0738068 0.0736832  0.384086  0.073462 0.0733761 0.0732797  0.829621 0.0732394 0.0779066   1.07282   1.13404   1.19207   1.21013    1.1828   1.26386   1.03153  0.992905 0.0771662 0.0766283  0.310693 0.0763976 0.0759082 0.0757913  0.792109 0.0752574 0.0752305 0.0759291  0.868668 0.0753753   0.71018 0.0740927 0.0742943 0.0727417 0.0726439 0.0735844
0.0784987  0.092095 0.0776854 0.0792834  0.236532 0.0785103 0.0800504 0.0798276 0.0793607 0.0799193 0.0797597 0.0793663 0.0801162 0.0800192 0.0797682 0.0798923  0.372335 0.0796618 0.0799299 0.0798637 0.0796679    0.0794 0.0794126  0.079284 0.0791609 0.0792343 0.0791105   1.11012  0.954335  0.534042 0.0854543   1.12304   1.10488  0.989667   1.01637   1.00368  0.309112 0.0837697  0.216463 0.0835183 0.0827802   1.76969  0.793276 0.0818654 0.0818542  0.731188  0.866023  0.549306 0.0809232 0.0801888  0.628841 0.0781543 0.0779466 0.0795529
  0.12611 0.0819843 0.0812858 0.0837221   0.08332 0.0825097  0.200642 0.0844358 0.0837707 0.0845615 0.0843654 0.0837848  0.254494  0.789984  0.520909 0.0845869 0.0845261  0.378778 0.0846189  0.450315 0.0842886 0.0839652  0.328133 0.0838401 0.0836457 0.0837733  0.517164   1.12142    0.1698   1.04852   1.09499   1.17188   1.10706  0.996451   1.32142   1.02135  0.971711  0.449108  0.961461   1.10908 0.0882333 0.0880192 0.0880817  0.087062  0.584425  0.595405  0.876692 0.0873668 0.0859648   1.03174  0.085311 0.0820969 0.0815847 0.0839113
0.0860437 0.0851992 0.0842784  0.200239 0.0869119 0.0858307 0.0885593  0.237627 0.0874401  0.106321  0.088199 0.0874625 0.0887323 0.0886175  0.178378 0.0884686 0.0884198 0.0881694 0.0884964 0.0884251 0.0881286 0.0877231  0.164187 0.0876184 0.0873297 0.0875329 0.0873676   1.07455  0.989835 0.0947029    1.1149   1.12567   1.10171  0.986712   1.00828   1.30313  0.966339   0.35477  0.924852   1.17778  0.860722   1.34824 0.0926812  0.672259 0.0912531  0.715176  0.866389  0.692465    2.4724  0.865686  0.738129 0.0849054 0.0840322 0.0872255
0.0888479 0.0878623 0.0868084  0.090485  0.239858  0.176796 0.0918558  0.282872 0.0907264 0.0916931  0.091486  0.090735  0.186231 0.0919381  0.156056 0.0917543 0.0917118   0.46498 0.0917839  0.448742  0.091424  0.264994  0.323008  0.380602 0.0904202 0.0906851 0.0905114   1.14021  0.984374 0.0989293   1.18178 0.0996386   1.15087    1.3245   1.04897   1.05611 0.0996175  0.218394  0.891344  0.633707 0.0965915 0.0962693  0.779015 0.0948768 0.0948586  0.585639  0.527959 -0.128658 0.0935527  0.964058 0.0923381  0.787539 0.0860603 0.0900369
0.0911875 0.0900548 0.0888032 0.0930508  0.131904  0.217791  0.094517 0.0942214 0.0933225 0.0943639 0.0941578 0.0901054 0.0947199  0.112341  0.094219   0.65195 0.0943802  0.490458 0.0944388 0.0943784 0.0940731 0.0934553 0.0935806 0.0934079 0.0929303 0.0932721         1    1.2337  0.215135   1.14362   1.09121   1.09356   1.10348   1.01938   1.04713   1.04526  0.103046  0.101485  0.968178   1.00714   1.01191 0.0992784  0.099811  0.917323 0.0976993  0.100856 0.0985744 0.0983558  0.715008 0.0939657 0.0948078 0.0892412 0.0873853 0.0919693
0.0930579  0.091831 0.0948142 0.0951822 0.0946678 0.0931814 0.0966884 0.0964273 0.0954638 0.0965581 0.0963808 0.0955409  0.815938  0.115756 0.0963568  0.096541 0.0965179 0.0962498 0.0965627  0.096516 0.0961849  0.447022 0.0956384 0.0954572 0.0949224 0.0953259 0.0951536  0.986654  0.106594  0.105102   1.09016   1.24221   1.27112   1.02032   1.04472   1.03083  0.756041  0.959019  0.880708  0.953027  0.102077  0.713846   1.00178 0.0999392    1.0104  0.103483  0.100901  0.687591  0.999616  0.095704 0.0967091  -1.09262 0.0881198 0.0935289
0.0944886 0.0931882  0.091729  0.272809  0.654458 0.0947457 0.0983172  0.185267 0.0971316 0.0982052 0.0980356 0.0972171  0.098452  0.098371  0.267421  0.601309  0.497205 0.0978432 0.0981219 0.0980832 0.0977771 0.0969738  0.111676  0.298567 0.0963741 0.0968385 0.0967026  0.969132   1.22005   1.14454   1.10506   1.09288   1.10518   1.02122   1.04431   1.05391  0.957081  0.951516  0.963431  0.106318  0.103809  0.952922  0.104056  0.863768  0.723162  0.105376  0.102569  0.694954 0.0999959 0.0969468  0.898554 0.0908549 0.0885125 0.0943033
 0.095382 0.0940473  0.100291  0.675484  0.676777 0.0957726 0.0993252 0.0991022 0.0982069 0.0992121 0.0990649 0.0983045 0.0994273 0.0993611  0.098999 0.0990563 0.0990552 0.0988302 0.0990843 0.0990563  0.489541  0.097886  0.189256 0.0979413  0.097266 0.0977682  0.671295   0.11166  0.922839  0.498531   1.10329   1.19384    1.1034    1.0244   1.04608   1.04632  0.108744  0.972666   0.97253  0.107472  0.665444   1.07715  0.548276  0.102446  0.805636  0.106516  0.103553  0.710512  0.994459 0.0976363 0.0986675 0.0912121  0.088584 0.0948104
0.0956163 0.0943001 0.0927593 0.0981669  0.430486   0.68484 0.0996627 0.0994619 0.0985815 0.0995706  0.100944 0.0986851 0.0997534  0.605462 0.0993251 0.0993737 0.0993758  0.099143  0.099402 0.0993786 0.0990821  0.238334   0.85888 0.0982325 0.0975374 0.0980541 0.0979263   1.13969  0.110173  0.949419   1.10534   1.09177   1.10581   1.02841   1.34521   1.04436  0.109145  0.107293   0.97445  0.107897    0.1052  0.104688  0.206548  0.102777  0.704411  0.106942  0.379451  0.103605  0.863203  -1.32225  0.816836 0.0913157 0.0885501 0.0949208

Errors: 
9.87418e-06 9.84274e-06 9.83735e-06 1.00034e-05 9.97178e-06 9.96462e-06   1.007e-05 1.00669e-05     1.43264 9.96395e-06 9.94001e-06 9.93376e-06           1    0.263573 1.00822e-05 1.10578e-05  1.0946e-05 1.09033e-05  1.0529e-05 1.04696e-05  1.0454e-05 1.32297e-05 1.28312e-05           1 1.59505e-05  1.5305e-05 1.49292e-05           0           0           0           1           0           0     1.00006     1.00117     1.00007  0.00294492    0.216737  0.00185154  2.3842e-05           1  1.9276e-05 3.15907e-05 2.78491e-05 2.52048e-05 1.19392e-06 2.50779e-05    0.451246 5.13917e-05  4.4433e-05 1.78278e-05 0.000112023 8.42291e-05           1
2.93817e-05 2.82004e-05 2.75688e-05 3.12875e-05 3.04843e-05           1 3.27415e-05           0  3.1163e-05 3.16728e-05 3.12747e-05 3.00774e-05           0           0 3.07811e-05  3.3992e-05 3.27852e-05 3.17647e-05 3.24178e-05 3.31957e-05 3.09269e-05           0           0           0 4.61413e-05 4.14655e-05 3.88797e-05           0           0           0           0           0           0           0     1.00048     1.00041 7.17668e-05           1           0  8.8564e-05 7.33815e-05           1     1.00001 9.56146e-05 8.36874e-05 6.17852e-05     1.15111 7.60417e-05    0.700127 0.000151728 0.000131708  0.00041597 1.57117e-05 0.000219928
5.93521e-05 5.53307e-05 5.25162e-05 6.46586e-05 6.28869e-05 5.94702e-05 6.98496e-05 6.78955e-05 6.46545e-05 6.87742e-05   6.647e-05 6.34872e-05           0 6.79483e-05           0 7.26199e-05           0 6.66597e-05 6.98384e-05 6.81542e-05 6.54886e-05           0 7.58704e-05 6.98429e-05 9.64412e-05           0 7.80572e-05 0.000154649           0           0           0           0           0     1.00007     1.00205           0 0.000159707 0.000140074           0 0.000196601  0.00016074  0.00013946           1  0.00020195 0.000172237 0.000232404     1.13051 0.000157792  0.00429784 0.000323732 0.000268288 0.000936236 0.000604583  0.00044914
0.000101609           0 8.84578e-05 0.000112765           0 0.000101109 0.000121622 0.000118968 0.000112553 0.000119664 0.000117722  0.00011264 0.000122346 0.000124262 0.000116514 0.000124919           0 0.000123073  0.00012172 0.000119162 0.000115581 0.000138893 0.000130773 0.000121513 0.000158668 0.000145483 0.000129582           0           0           0 0.000261018           0           0     1.00388           0           0           0  0.00024175           0 0.000345057 0.000278478           1     1.00008 0.000344844 0.000291533     1.59065     1.67987     1.30859 0.000696027 0.000551392 6.85543e-05  0.00162496  0.00104636 0.000757979
          0 0.000140383  0.00012752  0.00020211 0.000163887  0.00014915           0 0.000181274 0.000169939  0.00018187 0.000178374 0.000169254           0           0           0 0.000189436 0.000190517           0 0.000185656           0 0.000177475 0.000206924           0 0.000186538 0.000241246 0.000220466           0           0           0           0           0           0           0           0     1.00049           0           0           1           0     1.00001 0.000417532 0.000354806 0.000660958 0.000507072           1  0.00022641     2.29438 0.000395719  0.00102808     1.00001 0.000653921  0.00245021  0.00156032  0.00110326
0.000210579  0.00019187 0.000171761           0 0.000227628 0.000206901 0.000254901           0 0.000236428           0 0.000252396 0.000237313  0.00025825 0.000257091           0 0.000263381 0.000258443 0.000252365 0.000265737  0.00025482 0.000247536 0.000282873           0 0.000257976 0.000322386 0.000287059 0.000275759           0           0 0.000426611           0           0           0     1.01264           0     1.00024           0           0           0     1.00005           1     1.00009 0.000861494           1 0.000570963    0.107646 0.000683099           1     1.00001  0.00269262  0.00625968  0.00325798  0.00211257  0.00147785
0.000268664 0.000244263  0.00022048 0.000304128           0           0 0.000324054           0 0.000310855 0.000327313   0.0003227 0.000305385           0 0.000331508           0 0.000339723 0.000334635           0 0.000333239           0  0.00032783           0           0           0 0.000431378 0.000385824  0.00036554           0           0 0.000535801           0  0.00057932           0      1.0009   0.0395329     1.01312 0.000691693           0           0           1 0.000745972 0.000602441     1.00004 0.000870984 0.000717231 0.000380451 0.000375506 0.000488855  0.00177155           1  0.00109729     1.00006  0.00270296  0.00187503
0.000330797 0.000305636 0.000265486 0.000378063           0           0 0.000398042 0.000400465 0.000380232  0.00039866 0.000406357           0 0.000409964           0 0.000407074           0 0.000405726           0 0.000405835 0.000401084 0.000488402  0.00043848 0.000423584 0.000405696 0.000504702 0.000471708           0           0           0           0           0           0           0           0     1.86649     1.02086 0.000810142  0.00072712           0     1.00001     1.00002 0.000752144  0.00130311     1.00303 0.000852707  0.00123265 0.000968477 0.000795574           1  0.00161655  0.00129248  0.00486109  0.00324276  0.00225155
0.000384711 0.000352447           0  0.00043783 0.000433764 0.000397743 0.000474026 0.000469877 0.000432385 0.000458855 0.000467757 0.000454693           0           0 0.000465835 0.000479684 0.000487534 0.000469246 0.000476045 0.000469939 0.000464294           0  0.00049484 0.000474915 0.000588533 0.000549458 0.000560635           0 0.000781348 0.000715256           0           0           0           0     1.14615     1.03688           0           0           0     1.00014 0.000969781  0.00820948           0  0.00115623      1.1373  0.00140165  0.00110312     2.00792 0.000584518  0.00183395  0.00145517  0.00227546  0.00372118   0.0025785
0.000432688 0.000396916 0.000354719           0           0 0.000451457  0.00052129           0 0.000510054  0.00052333  0.00053969  0.00051836 0.000536758 0.000528161           0           0           0 0.000521617 0.000533209 0.000534859 0.000520119  0.00056839           0           0 0.000682152 0.000597469 0.000544192           0           0           0           0           0           0           0     1.17961     1.02457           0           0           0  0.00131137  0.00109067     1.00328  0.00160696      1.0009     1.00002  0.00153435  0.00121426     2.00017  0.00261419  0.00201069     1.00009  0.00604929  0.00410507  0.00282392
0.000463257 0.000419528           0           0           0 0.000494473 0.000569463 0.000557604 0.000552913 0.000560999 0.000563836 0.000564143   0.0005728 0.000563286 0.000560225 0.000573588 0.000567266 0.000562651 0.000570943 0.000566086           0 0.000609496           0 0.000568547 0.000702176 0.000659321           0 0.000948942           0           0           0           0           0     1.10792   0.0555736     1.03042  0.00104747           0           0  0.00138604           1     1.00029      1.0009  0.00136894     1.00032  0.00161563  0.00126921     1.98648  0.00068244  0.00212822  0.00170348  0.00635636  0.00436182  0.00299245
0.000477325 0.000437345 0.000392112 0.000543966           0           0 0.000570131 0.000570816 0.000563251 0.000574757           0 0.000568103  0.00056879           0 0.000566814 0.000579226  0.00058374 0.000574304 0.000574469 0.000575005 0.000577669           0           0 0.000580822 0.000731053 0.000672502 0.000624665           0 0.000893934           0           0           0           0     1.18733     1.00066     1.71616  0.00106793 0.000963518           0   0.0014018  0.00114889 0.000924472     1.00022  0.00136611     1.00001  0.00164544 0.000485555  0.00105849     1.00005  0.00414611 0.000412427  0.00645097  0.00445246  0.00305987

Statuses: 
0 0 0 0 0 0 0 0 3 0 0 0 3 3 0 0 0 0 0 0 0 0 0 3 0 0 0 3 3 3 3 3 3 3 3 3 3 3 3 0 3 0 0 0 0 3 0 3 0 0 3 0 0 3
0 0 0 0 0 3 0 3 0 0 0 0 3 3 0 0 0 0 0 0 0 3 3 3 0 0 0 3 3 3 3 3 3 3 3 3 0 3 3 0 0 3 3 0 0 3 3 0 3 0 0 0 3 0
0 0 0 0 0 0 0 0 0 0 0 0 3 0 3 0 3 0 0 0 0 3 0 0 0 3 0 0 3 3 3 3 3 3 3 3 0 0 3 0 0 0 3 0 0 0 3 0 3 0 0 0 0 0
0 3 0 0 3 0 0 0 0 0 0 0 0 0 0 0 3 0 0 0 0 0 0 0 0 0 0 3 3 3 0 3 3 3 3 3 3 0 3 0 0 3 3 0 0 3 3 3 0 0 3 0 0 0
3 0 0 0 0 0 3 0 0 0 0 0 3 3 3 0 0 3 0 3 0 0 3 0 0 0 3 3 3 3 3 3 3 3 3 3 3 3 3 3 0 0 0 0 3 3 3 0 0 3 0 0 0 0
0 0 0 3 0 0 0 3 0 3 0 0 0 0 3 0 0 0 0 0 0 0 3 0 0 0 0 3 3 0 3 3 3 3 3 3 3 3 3 3 3 3 0 3 0 3 3 3 3 3 3 0 0 0
0 0 0 0 3 3 0 3 0 0 0 0 3 0 3 0 0 3 0 3 0 3 3 3 0 0 0 3 3 0 3 0 3 3 3 3 0 3 3 3 0 0 3 0 0 3 3 3 0 3 0 3 0 0
0 0 0 0 3 3 0 0 0 0 0 3 0 3 0 3 0 3 0 0 0 0 0 0 0 0 3 3 3 3 3 3 3 3 3 3 0 0 3 3 3 0 0 3 0 0 0 0 3 0 0 0 0 0
0 0 3 0 0 0 0 0 0 0 0 0 3 3 0 0 0 0 0 0 0 3 0 0 0 0 0 3 0 0 3 3 3 3 3 3 3 3 3 3 0 3 3 0 3 0 0 3 3 0 0 0 0 0
0 0 0 3 3 0 0 3 0 0 0 0 0 0 3 3 3 0 0 0 0 0 3 3 0 0 0 3 3 3 3 3 3 3 3 3 3 3 3 0 0 3 0 3 3 0 0 3 0 0 3 0 0 0
0 0 3 3 3 0 0 0 0 0 0 0 0 0 0 0 0 0 0 0 3 0 3 0 0 0 3 0 3 3 3 3 3 3 3 3 0 3 3 0 3 3 3 0 3 0 0 3 3 0 0 0 0 0
0 0 0 0 3 3 0 0 0 0 3 0 0 3 0 0 0 0 0 0 0 3 3 0 0 0 0 3 0 3 3 3 3 3 3 3 0 0 3 0 0 0 3 0 3 0 3 0 3 0 3 0 0 0
chisq per dof: 
8.78595 8.34615 7.70774 7.74521 7.23901 6.68532 5.88014 5.58164 19098.2  4.8242 4.54234 4.29763 7119.93 26144.6 2.54659 2.11423 1.98327  1.9236 2.25233 2.14516  2.0938 1.89622 1.75518 17225.9 2.00403 1.80445 1.69082 95390.4   83828 75342.6  115572  108954 90531.8  114834 96826.9 83448.7 82584.3 85534.1   42277 2.00729  127216 1.77618 2.06429 1.87733 1.73409  144781 1.94923  109188 2.27109  2.0232  112689  2.6693 2.25199 75730.1
3.77015 3.69489 3.48203 3.42171 3.30423 520.541 2.75318 1000.18 2.64718 2.53872 2.45056 2.39639 1136.51 956.471 1.83754 1.79471  1.6844 1.63464 1.88522 1.79163 1.74711 3283.83 3044.95 2683.42 2.00227 1.80206 1.67819 11597.9 10900.6 9345.35 12383.9 10939.7 9819.51 14065.7 12098.2 10391.5 1.85765  2522.3 6044.05 1.87551 1.75656 12399.6 16447.4 1.84242 1.70231 20504.8 15234.9 1.76261 21214.8 2.01582 1.84797 2.66957 16084.4 2.01018
2.74353  2.7323 2.65643 2.51747 2.45736 2.43321 2.12366  2.0831  2.1181 2.05477 1.98387 1.99249 303.001 1.66627  112.22 1.70592 785.097 1.54828 1.79529 1.69633 1.65567 1025.39 1.68216 1.59444 2.00267 2442.35 1.67512 1.81439 3117.92 3035.54 3738.04 3560.38 2878.54 3785.83 3883.68 3329.27 1.75362   1.701 888.783 1.84507 1.72664 1.62496 5515.08 1.83137 1.69288 2.03141 4904.56 1.74967 5200.38 2.01301 1.84561 2.66946 2.25212  2.0093
2.33041 19.7185  2.2824 2.15601 134.935 2.12631 1.87025 1.82406 1.87781 1.86276 1.79689 1.82416  1.6654 1.59124 1.58329 1.67425 219.369 1.51407 1.75904 1.65928 1.61449 1.81359 1.67808 1.58857 2.00296 1.80402 1.67445 1584.22 1421.34 728.032 1.61285 1853.14 1642.87 1930.33 1699.13 1456.97 1733.52 1.65556 1034.14 1.83215 1.71056  1332.9 2379.78 1.82408 1.68674 2242.74 2158.78  1204.2  2.2584 2.01079  1880.3 2.66974 2.25235 2.00885
21.7882 2.10471  2.1126  1.9623 1.91507 1.96468 45.9154 1.68758 1.73839 1.76008 1.69297 1.72014 74.1786 669.286 459.682 1.65883 1.55199  133.15 1.74134 804.867 1.58939 1.81159 191.929 1.58518 2.00307 1.80475 251.199 875.331 212.329  745.78 1146.96 1021.03 898.177 1046.48 782.391 795.513 1081.49  765.37 851.892 1059.95 1.70387 1.60426  2.0137  1.8214 826.733 1290.58  1182.2 1.73837  2.2577 1405.75 1.84304 2.66983  2.2525  2.0082
1.96732  1.9581 1.96897 23.6714 1.79026 1.84056 1.66241 31.0387 1.64569 165.556 1.62777 1.64927 1.60604 1.52745 21.2965 1.64753  1.5408  1.4801 1.72943 1.62801 1.57233 1.80993 28.0146 1.58292 2.00331 1.80591  1.6736 545.402 495.385 1.49635 715.016 641.841 567.107 656.738 581.801  440.05  713.34 624.517  525.54 802.353 638.481 628.266  2.0127 677.199 1.68385 731.398 761.833 563.988 746.437 884.351 495.634 2.66985 2.25258 2.00831
1.87417 1.86305 1.87236 1.75665 37.7725 9.83281 1.60676 30.4281 1.57429 1.65093 1.58351  1.5934 23.0932 1.51056 15.9573 1.64014 1.53414 74.7049 1.72057 366.967 1.56046 53.2014 82.4808 109.536 2.00326 1.80613 1.67328 395.003 351.953 1.46402 386.945 1.49991 400.655 399.492  411.62 353.928 1.68838 359.812 340.575  397.28 1.69675 1.59789 575.902 1.81875 1.68229 567.579 463.549 388.108 2.25697 396.218 1.84251  771.12 2.25257 2.00784
 1.8107 1.79822 1.80813 1.70119 61.8498 14.3166 1.57335 1.51291 1.53075 1.62247 1.55507 71.5043 1.57953 18.1983 1.46582 89.3285 1.53018 65.7831 1.71553 1.61446 1.55273 1.80812 1.67485  1.5804 2.00327 1.80675   237.3 339.045 38.3889 262.952 393.496 355.729 310.689 356.257  315.62 271.647 1.68511 1.61021  296.19 413.428 346.454 1.59661 2.01067 378.541 1.68175 2.01477  1.8565  1.7343  287.42 2.00974 1.84231  2.6698 2.25272 2.00751
1.77185  1.7583 2.02548 1.66341 1.61125 1.64204 1.55037 1.48838  1.5025 1.60216 1.53449 1.53264 211.217 45.4974 1.45743 1.63245 1.52717 1.46125 1.71198 1.61094 1.54852 97.8846 1.67471 1.57994 2.00344 1.80729 1.67355 264.159 1.45887 1.43447 322.691 266.163 241.035 291.793 257.554 221.575 250.906 275.145 225.061 380.768 1.69461 276.562 364.746 1.81781 258.501 2.01462 1.85631 260.911 293.429 2.00965 1.84234  6.1664 2.25263  2.0077
1.74358 1.72803 1.73271 35.1621 119.334 1.61299 1.53372 14.4147 1.48062 1.58799 1.52075 1.51587  1.5677 1.48861 27.6163 63.0013 40.7205 1.45743 1.70923 1.60829 1.54368  1.8072 11.7671 30.9411 2.00353 1.80779 1.67358  213.28 219.416 186.771 282.683 255.307 224.293 254.868 225.043 193.756  302.55 244.628 213.248 1.81614   1.694 255.185 2.01048 267.067 223.486  2.0143 1.85603 229.498 2.25663 2.00972 298.132 2.66964 2.25262 2.00727
1.72735  1.7125 2.19505 123.759 110.743 1.59755 1.52376 1.46133 1.46939  1.5802 1.51304 1.50587 1.56455 1.48546 1.44514 1.62881 1.52401 1.45558 1.70748 1.60663 173.891 1.80699 9.61037  1.5793 2.00358 1.80822 72.2528  1.4794 173.734 83.7108 260.884 207.812 207.181 235.416 207.959 179.061 1.68202 228.575 200.107  1.8158 222.706 229.727 200.272 1.81775 184.855 2.01409 1.85589 213.682 329.879 2.00984 1.84229 2.66957 2.25261 2.00736
1.72282 1.70697 1.71007 1.61529 84.5442 99.6512 1.52083 1.45789 1.46083 1.57697  58.526 1.49913 1.56404 107.176 1.44311 1.62869 1.52391 1.45527 1.70737  1.6065 1.54062 21.8223 194.144 1.57937  2.0036  1.8084 1.67397 196.901 1.44758 159.776 256.444 231.691 203.522 231.807 175.405 176.157 1.68192 1.60476 209.328 1.81588  1.6938 1.59535 234.826 1.81792 201.222 2.01422  229.82 1.73395 381.562 14.3511 230.147 2.66953 2.25262 2.00739
Mode averaged potential and errors: 
  0.0461273 9.28279e-05
  0.0642403 0.000225679
   0.073117  0.00057673
  0.0788514  0.00102225
  0.0833229  0.00176011
  0.0868161  0.00248933
  0.0904202 0.000431378
  0.0923435  0.00382863
  0.0949224 0.000588533
  0.0952433  0.00504631
   0.095117  0.00480124
   0.095314  0.00490963
R Models:
(* Fitting with shape 1 1 1 1 1 1 1 1 0 0 0 0 *)
G[R_,xx_]:=xx[[0]] + xx[[1]]/R | xx[[2]]*R
(* Fitting with shape 1 1 1 1 1 1 1 1 1 0 0 0 *)
G[R_,xx_]:=xx[[0]] + xx[[1]]/R | xx[[2]]*R
(* Fitting with shape 1 1 1 1 1 1 1 1 1 1 0 0 *)
G[R_,xx_]:=xx[[0]] + xx[[1]]/R | xx[[2]]*R
(* Fitting with shape 1 1 1 1 1 1 1 1 1 1 1 0 *)
G[R_,xx_]:=xx[[0]] + xx[[1]]/R | xx[[2]]*R
(* Fitting with shape 1 1 1 1 1 1 1 1 1 1 1 1 *)
G[R_,xx_]:=xx[[0]] + xx[[1]]/R | xx[[2]]*R
(* Fitting with shape 0 1 1 1 1 1 1 1 0 0 0 0 *)
G[R_,xx_]:=xx[[0]] + xx[[1]]/R | xx[[2]]*R
(* Fitting with shape 0 1 1 1 1 1 1 1 1 0 0 0 *)
G[R_,xx_]:=xx[[0]] + xx[[1]]/R | xx[[2]]*R
(* Fitting with shape 0 1 1 1 1 1 1 1 1 1 0 0 *)
G[R_,xx_]:=xx[[0]] + xx[[1]]/R | xx[[2]]*R
(* Fitting with shape 0 1 1 1 1 1 1 1 1 1 1 0 *)
G[R_,xx_]:=xx[[0]] + xx[[1]]/R | xx[[2]]*R
(* Fitting with shape 0 1 1 1 1 1 1 1 1 1 1 1 *)
G[R_,xx_]:=xx[[0]] + xx[[1]]/R | xx[[2]]*R
(* Fitting with shape 0 0 1 1 1 1 1 1 0 0 0 0 *)
G[R_,xx_]:=xx[[0]] + xx[[1]]/R | xx[[2]]*R
(* Fitting with shape 0 0 1 1 1 1 1 1 1 0 0 0 *)
G[R_,xx_]:=xx[[0]] + xx[[1]]/R | xx[[2]]*R
(* Fitting with shape 0 0 1 1 1 1 1 1 1 1 0 0 *)
G[R_,xx_]:=xx[[0]] + xx[[1]]/R | xx[[2]]*R
(* Fitting with shape 0 0 1 1 1 1 1 1 1 1 1 0 *)
G[R_,xx_]:=xx[[0]] + xx[[1]]/R | xx[[2]]*R
(* Fitting with shape 0 0 1 1 1 1 1 1 1 1 1 1 *)
G[R_,xx_]:=xx[[0]] + xx[[1]]/R | xx[[2]]*R
(* Fitting with shape 0 0 0 1 1 1 1 1 0 0 0 0 *)
G[R_,xx_]:=xx[[0]] + xx[[1]]/R | xx[[2]]*R
(* Fitting with shape 0 0 0 1 1 1 1 1 1 0 0 0 *)
G[R_,xx_]:=xx[[0]] + xx[[1]]/R | xx[[2]]*R
(* Fitting with shape 0 0 0 1 1 1 1 1 1 1 0 0 *)
G[R_,xx_]:=xx[[0]] + xx[[1]]/R | xx[[2]]*R
(* Fitting with shape 0 0 0 1 1 1 1 1 1 1 1 0 *)
G[R_,xx_]:=xx[[0]] + xx[[1]]/R | xx[[2]]*R
(* Fitting with shape 0 0 0 1 1 1 1 1 1 1 1 1 *)
G[R_,xx_]:=xx[[0]] + xx[[1]]/R | xx[[2]]*R
3.12616 3.12616 3.12616 
-0.0978124 -0.0978124 -0.0978124 
1 1 1 
0.413169 0.413169 0.413169 
-0.456576 -0.456576 -0.456576 
2.2196e-316 2.2196e-316 2.2196e-316 
7913.96 7913.96 7913.96 
1.0489e-320 1.0489e-320 1.0489e-320 
0 0 0 
3.21143e-322 3.21143e-322 3.21143e-322 
2.47033e-323 2.47033e-323 2.47033e-323 
2.2206e-316 2.2206e-316 2.2206e-316 
4.13137e-06 4.13137e-06 4.13137e-06 
2.07903e-316 2.07903e-316 2.07903e-316 
357.393 357.393 357.393 
2.04936e-316 2.04936e-316 2.04936e-316 
3.81243e-05 3.81243e-05 3.81243e-05 
2.42092e-322 2.42092e-322 2.42092e-322 
2.2162e-316 2.2162e-316 2.2162e-316 
2.04935e-316 2.04935e-316 2.04935e-316 
0.015625 0.015625 0.015625 
2.01643e-316 2.01643e-316 2.01643e-316 
3.23796e-319 3.23796e-319 3.23796e-319 
2.42092e-322 2.42092e-322 2.42092e-322 
2.01359e-316 2.01359e-316 2.01359e-316 
9.775e-06 9.775e-06 9.775e-06 
0.00018072 0.00018072 0.00018072 
0.000588708 0.000588708 0.000588708 
2.37152e-322 2.37152e-322 2.37152e-322 
2.37152e-322 2.37152e-322 2.37152e-322 
2.08372e-316 2.08372e-316 2.08372e-316 
0.594667 0.594667 0.594667 
0.186851 0.186851 0.186851 
-9.7585 -9.7585 -9.7585 
7.90505e-322 7.90505e-322 7.90505e-322 
3.16202e-322 3.16202e-322 3.16202e-322 
2.21622e-316 2.21622e-316 2.21622e-316 
2.0313e-316 2.0313e-316 2.0313e-316 
24846.4 24846.4 24846.4 
2.10078e-316 2.10078e-316 2.10078e-316 
-0.456576 -0.456576 -0.456576 
2.01085e-321 2.01085e-321 2.01085e-321 
3.95253e-322 3.95253e-322 3.95253e-322 
2.42092e-322 2.42092e-322 2.42092e-322 
0.997655 0.997655 0.997655 
0.986414 0.986414 0.986414 
0.999247 0.999247 0.999247 
0.990428 0.990428 0.990428 
0.990166 0.990166 0.990166 
5.14322e-321 5.14322e-321 5.14322e-321 
0 0 0 
2.08473e-316 2.08473e-316 2.08473e-316 
0 0 0 
-0.00221618 -0.00221618 -0.00221618 
Probabilities: 
         0          0          0          0          0          0          0          0          0          0          0          0 0.00662206 0.00979862 0.00896969          0          0          0          0          0  0.0738592  0.0263498  0.0552797   0.100702          0  0.0267262          0          0          0          0          0          0          0          0          0          0          0          0          0    0.03173          0    0.19995          0          0          0          0   0.210668          0          0          0   0.237067  0.0122783          0          0

String tensions: 
         1          1          1          1          1          1          1          1          1  -0.418277  -0.418775  -0.419585  -0.541633  -0.546524  -0.554742   -2.44272   -2.46079    -2.4767 -0.0498631    0.17198  -0.745099   -1.06412   -1.10826   -1.17477 -0.0969376   -1.77498    2.22791  0.0212173 -0.0763529 -0.0763527   0.877184 -0.0739798   0.881874   0.922873          1   0.358427    1.46504    1.14807 -0.0702449 0.00222213 -0.0836974 0.00260707   0.901304   0.479648    1.30769   -0.11824 0.00231883 -0.0686936 -0.0460346  -0.294353 0.00482705 0.00774209 -0.0759068  -0.129954

Errors: 
    5792.62     5792.62     5792.62     5792.62     5792.62     5792.62     5792.62     5792.62     5792.62  0.00408666  0.00406954   0.0040422    0.030095    0.029511   0.0285521           0           0           0           1     1.00001   0.0623442     0.28007    0.264679    0.238131           0    0.792563           0  0.00038124           0           0           0     1.00004           0     1.30103           0     1.01993     1.09026           0           1  0.00127874           1  0.00107024           1     1.01358   0.0031953  0.00265206  0.00149987 0.000252022     1.58252    0.780182  0.00317186  0.00346836     1.36129     1.65243

Statuses: 
0 0 0 0 0 0 0 0 0 0 0 0 0 0 0 3 3 3 3 3 0 0 0 0 3 0 3 0 3 3 3 3 3 3 3 3 3 3 3 0 3 0 3 3 0 3 0 3 3 3 0 0 3 3
chisq per dof: 
  599.079   530.468   481.338   31.6977   28.7638   27.7118   7.14261   6.71712   6.96799   2.58829   2.61515   2.89523  0.549402  0.644677   0.83619   10326.1    8380.6   6980.06   10618.8   7864.11  0.496989 0.0890503  0.150345  0.231613   12745.1 0.0843226    3112.4   152.649   16752.1   14929.6     16040   12038.4   12126.4   16057.6   14113.7   11538.5   25313.4   22122.4   11118.4 0.0271164   5080.86  0.060136   16057.5     13307   10730.5     23331 0.0470825   6379.36   11022.8   11220.1 0.0175676 0.0123103   5781.86   10567.6
Model string tension and errors: 
sigma = -0.321674 +/- 0.542985
