R=0parameters: 
-0.645309 -0.645309 
0.0963926 0.0963926 
2.22562e-10 2.22562e-10 
4.00193e-322 4.00193e-322 
3.05556e-316 3.05556e-316 
6.9105e-310 6.9105e-310 
3.06234e-316 3.06234e-316 
3.03725e-316 3.03725e-316 
3.03725e-316 3.03725e-316 
6.44212e+170 6.44212e+170 6.44212e+170 
5.02621e+180 5.02621e+180 5.02621e+180 
1.07895e+64 1.07895e+64 1.07895e+64 
3.30654e-28 3.30654e-28 3.30654e-28 
5.78347e+160 5.78347e+160 5.78347e+160 
1.37801e-94 1.37801e-94 1.37801e-94 
1.15992e+214 1.15992e+214 1.15992e+214 
1.59901e-17 1.59901e-17 1.59901e-17 
1.74783e+199 1.74783e+199 1.74783e+199 
1.07893e+64 1.07893e+64 1.07893e+64 1.07893e+64 
9.23615e+242 9.23615e+242 9.23615e+242 9.23615e+242 
2.27083e-153 2.27083e-153 2.27083e-153 2.27083e-153 
4.44381e+252 4.44381e+252 4.44381e+252 4.44381e+252 
1.26559e-306 1.26559e-306 1.26559e-306 1.26559e-306 
1.63042e-322 1.63042e-322 1.63042e-322 1.63042e-322 
1.87039e-316 1.87039e-316 1.87039e-316 1.87039e-316 
0 0 0 0 
4.94066e-323 4.94066e-323 4.94066e-323 4.94066e-323 
4.79244e-322 4.79244e-322 4.79244e-322 
7.2024e-09 7.2024e-09 7.2024e-09 
5.55381e-08 5.55381e-08 5.55381e-08 
4.10935e-10 4.10935e-10 4.10935e-10 
-1.26795e-07 -1.26795e-07 -1.26795e-07 
0 0 0 
1.32303e-10 1.32303e-10 1.32303e-10 
0 0 0 
0 0 0 
0 0 0 0 
1.67772e+07 1.67772e+07 1.67772e+07 1.67772e+07 
2.37152e-322 2.37152e-322 2.37152e-322 2.37152e-322 
6.37345e-322 6.37345e-322 6.37345e-322 6.37345e-322 
3.10867e-316 3.10867e-316 3.10867e-316 3.10867e-316 
0 0 0 0 
3.10867e-316 3.10867e-316 3.10867e-316 3.10867e-316 
3.06236e-316 3.06236e-316 3.06236e-316 3.06236e-316 
3.10442e-316 3.10442e-316 3.10442e-316 3.10442e-316 
3.16202e-322 3.16202e-322 3.16202e-322 3.16202e-322 3.16202e-322 
6.9105e-310 6.9105e-310 6.9105e-310 6.9105e-310 6.9105e-310 
6.9105e-310 6.9105e-310 6.9105e-310 6.9105e-310 6.9105e-310 
-0.000142749 -0.000142749 -0.000142749 -0.000142749 -0.000142749 
2.42092e-322 2.42092e-322 2.42092e-322 2.42092e-322 2.42092e-322 
3.03769e-316 3.03769e-316 3.03769e-316 3.03769e-316 3.03769e-316 
3.10547e-316 3.10547e-316 3.10547e-316 3.10547e-316 3.10547e-316 
2.04041e+09 2.04041e+09 2.04041e+09 2.04041e+09 2.04041e+09 
0 0 0 0 0 
R=1parameters: 
-0.551112 -0.551112 
0.152849 0.152849 
8.313e-06 8.313e-06 
0.076933 0.076933 
-0.0524406 -0.0524406 
3.08628e-316 3.08628e-316 
1.29493e+08 1.29493e+08 
20585.9 20585.9 
-9615.8 -9615.8 
4.00193e-322 4.00193e-322 4.00193e-322 
0.000388276 0.000388276 0.000388276 
6.41326e-05 6.41326e-05 6.41326e-05 
0.000773201 0.000773201 0.000773201 
0.00533392 0.00533392 0.00533392 
0.00696717 0.00696717 0.00696717 
3.10907e-316 3.10907e-316 3.10907e-316 
2.48995e-316 2.48995e-316 2.48995e-316 
2.06025e-321 2.06025e-321 2.06025e-321 
3.12328e-316 3.12328e-316 3.12328e-316 3.12328e-316 
2.61361e-321 2.61361e-321 2.61361e-321 2.61361e-321 
6.9105e-310 6.9105e-310 6.9105e-310 6.9105e-310 
3.08749e-316 3.08749e-316 3.08749e-316 3.08749e-316 
0.000153107 0.000153107 0.000153107 0.000153107 
0.00327152 0.00327152 0.00327152 0.00327152 
-0.457931 -0.457931 -0.457931 -0.457931 
0.144526 0.144526 0.144526 0.144526 
0.219082 0.219082 0.219082 0.219082 
-0.174769 -0.174769 -0.174769 
3.95253e-322 3.95253e-322 3.95253e-322 
2.37152e-322 2.37152e-322 2.37152e-322 
3.12071e-316 3.12071e-316 3.12071e-316 
0 0 0 
0 0 0 
0 0 0 
0 0 0 
1.67772e+07 1.67772e+07 1.67772e+07 
0 0 0 0 
0 0 0 0 
0 0 0 0 
0 0 0 0 
3.16202e-322 3.16202e-322 3.16202e-322 3.16202e-322 
1.63042e-322 1.63042e-322 1.63042e-322 1.63042e-322 
6.91048e-310 6.91048e-310 6.91048e-310 6.91048e-310 
2.122e-314 2.122e-314 2.122e-314 2.122e-314 
3.06551e-316 3.06551e-316 3.06551e-316 3.06551e-316 
2.42092e-322 2.42092e-322 2.42092e-322 2.42092e-322 2.42092e-322 
0 0 0 0 0 
3.11569e-316 3.11569e-316 3.11569e-316 3.11569e-316 3.11569e-316 
0.990994 0.990994 0.990994 0.990994 0.990994 
0.00409258 0.00409258 0.00409258 0.00409258 0.00409258 
0.00817935 0.00817935 0.00817935 0.00817935 0.00817935 
2.42092e-322 2.42092e-322 2.42092e-322 2.42092e-322 2.42092e-322 
3.09968e-316 3.09968e-316 3.09968e-316 3.09968e-316 3.09968e-316 
3.12467e-316 3.12467e-316 3.12467e-316 3.12467e-316 3.12467e-316 
R=2parameters: 
-0.436735 -0.436735 
0.196346 0.196346 
-1.9289e-05 -1.9289e-05 
0.170954 0.170954 
-0.104629 -0.104629 
3.08628e-316 3.08628e-316 
1.29493e+08 1.29493e+08 
20585.9 20585.9 
-9615.8 -9615.8 
4.00193e-322 4.00193e-322 4.00193e-322 
0.00079821 0.00079821 0.00079821 
0.000127964 0.000127964 0.000127964 
0 0 0 
0.0236283 0.0236283 0.0236283 
0.0308226 0.0308226 0.0308226 
3.10907e-316 3.10907e-316 3.10907e-316 
2.48995e-316 2.48995e-316 2.48995e-316 
2.06025e-321 2.06025e-321 2.06025e-321 
3.12328e-316 3.12328e-316 3.12328e-316 3.12328e-316 
1.63042e-322 1.63042e-322 1.63042e-322 1.63042e-322 
6.91048e-310 6.91048e-310 6.91048e-310 6.91048e-310 
0 0 0 0 
1.58101e-322 1.58101e-322 1.58101e-322 1.58101e-322 
1.58101e-322 1.58101e-322 1.58101e-322 1.58101e-322 
2.89507e-316 2.89507e-316 2.89507e-316 2.89507e-316 
0.901255 0.901255 0.901255 0.901255 
0.418175 0.418175 0.418175 0.418175 
-0.113438 -0.113438 -0.113438 
0 0 0 
0.000357587 0.000357587 0.000357587 
-4.59365e+06 -4.59365e+06 -4.59365e+06 
0.773887 0.773887 0.773887 
0 0 0 
6.37345e-322 6.37345e-322 6.37345e-322 
3.10595e-316 3.10595e-316 3.10595e-316 
0 0 0 
1 1 1 1 
-4.58769e-07 -4.58769e-07 -4.58769e-07 -4.58769e-07 
-1.64678e-09 -1.64678e-09 -1.64678e-09 -1.64678e-09 
3.04051e-316 3.04051e-316 3.04051e-316 3.04051e-316 
-1.20292e-06 -1.20292e-06 -1.20292e-06 -1.20292e-06 
0.000765431 0.000765431 0.000765431 0.000765431 
1.94945e-07 1.94945e-07 1.94945e-07 1.94945e-07 
3.03724e-316 3.03724e-316 3.03724e-316 3.03724e-316 
0 0 0 0 
1.43339e-06 1.43339e-06 1.43339e-06 1.43339e-06 1.43339e-06 
-1.0257e-07 -1.0257e-07 -1.0257e-07 -1.0257e-07 -1.0257e-07 
0 0 0 0 0 
2.11118e-06 2.11118e-06 2.11118e-06 2.11118e-06 2.11118e-06 
2.42092e-322 2.42092e-322 2.42092e-322 2.42092e-322 2.42092e-322 
682831 682831 682831 682831 682831 
0.966531 0.966531 0.966531 0.966531 0.966531 
0.977804 0.977804 0.977804 0.977804 0.977804 
0.926139 0.926139 0.926139 0.926139 0.926139 
R=3parameters: 
-0.318985 -0.318985 
0.236851 0.236851 
0.408158 0.408158 
2.67828 2.67828 
-16.2165 -16.2165 
3.08628e-316 3.08628e-316 
1.29493e+08 1.29493e+08 
20585.9 20585.9 
-9615.8 -9615.8 
4.00193e-322 4.00193e-322 4.00193e-322 
0.00139856 0.00139856 0.00139856 
0.0002184 0.0002184 0.0002184 
0 0 0 
0.00197789 0.00197789 0.00197789 
0.00593146 0.00593146 0.00593146 
3.10907e-316 3.10907e-316 3.10907e-316 
2.48995e-316 2.48995e-316 2.48995e-316 
2.06025e-321 2.06025e-321 2.06025e-321 
3.12328e-316 3.12328e-316 3.12328e-316 3.12328e-316 
2.61361e-321 2.61361e-321 2.61361e-321 2.61361e-321 
3.10432e-316 3.10432e-316 3.10432e-316 3.10432e-316 
6.9105e-310 6.9105e-310 6.9105e-310 6.9105e-310 
1.061e-313 1.061e-313 1.061e-313 1.061e-313 
3.23675e-316 3.23675e-316 3.23675e-316 3.23675e-316 
2.46954e+06 2.46954e+06 2.46954e+06 2.46954e+06 
3.23775e-316 3.23775e-316 3.23775e-316 3.23775e-316 
3.23796e-319 3.23796e-319 3.23796e-319 3.23796e-319 
2.42092e-322 2.42092e-322 2.42092e-322 
3.04928e-316 3.04928e-316 3.04928e-316 
3.06574e-316 3.06574e-316 3.06574e-316 
2.97176e+07 2.97176e+07 2.97176e+07 
2.42092e-322 2.42092e-322 2.42092e-322 
3.11033e-316 3.11033e-316 3.11033e-316 
0.000602161 0.000602161 0.000602161 
1.65613e-05 1.65613e-05 1.65613e-05 
1881.03 1881.03 1881.03 
7.11455e-322 7.11455e-322 7.11455e-322 7.11455e-322 
1.58101e-322 1.58101e-322 1.58101e-322 1.58101e-322 
0 0 0 0 
3.08629e-316 3.08629e-316 3.08629e-316 3.08629e-316 
3.23796e-319 3.23796e-319 3.23796e-319 3.23796e-319 
6.32404e-322 6.32404e-322 6.32404e-322 6.32404e-322 
-9.72156e-05 -9.72156e-05 -9.72156e-05 -9.72156e-05 
-7.22339e-07 -7.22339e-07 -7.22339e-07 -7.22339e-07 
2.2777e-06 2.2777e-06 2.2777e-06 2.2777e-06 
-1.59593e-05 -1.59593e-05 -1.59593e-05 -1.59593e-05 -1.59593e-05 
2.4139e-06 2.4139e-06 2.4139e-06 2.4139e-06 2.4139e-06 
4.3664e-06 4.3664e-06 4.3664e-06 4.3664e-06 4.3664e-06 
-6.97756e-05 -6.97756e-05 -6.97756e-05 -6.97756e-05 -6.97756e-05 
1.19161e-05 1.19161e-05 1.19161e-05 1.19161e-05 1.19161e-05 
3.05006e-316 3.05006e-316 3.05006e-316 3.05006e-316 3.05006e-316 
6.37345e-322 6.37345e-322 6.37345e-322 6.37345e-322 6.37345e-322 
3.12373e-316 3.12373e-316 3.12373e-316 3.12373e-316 3.12373e-316 
1.63042e-322 1.63042e-322 1.63042e-322 1.63042e-322 1.63042e-322 
R=4parameters: 
-0.209 -0.209 
0.276799 0.276799 
0.754303 0.754303 
0.934562 0.934562 
-10.1789 -10.1789 
3.08628e-316 3.08628e-316 
1.29493e+08 1.29493e+08 
20585.9 20585.9 
-9615.8 -9615.8 
4.00193e-322 4.00193e-322 4.00193e-322 
0.00227224 0.00227224 0.00227224 
0.000337916 0.000337916 0.000337916 
0.00643467 0.00643467 0.00643467 
1.00016 1.00016 1.00016 
1.00114 1.00114 1.00114 
3.10907e-316 3.10907e-316 3.10907e-316 
2.48995e-316 2.48995e-316 2.48995e-316 
2.06025e-321 2.06025e-321 2.06025e-321 
3.12328e-316 3.12328e-316 3.12328e-316 3.12328e-316 
2.61361e-321 2.61361e-321 2.61361e-321 2.61361e-321 
3.10013e-316 3.10013e-316 3.10013e-316 3.10013e-316 
3.05458e-316 3.05458e-316 3.05458e-316 3.05458e-316 
6.19388e+07 6.19388e+07 6.19388e+07 6.19388e+07 
6.89866e+07 6.89866e+07 6.89866e+07 6.89866e+07 
2.37152e-322 2.37152e-322 2.37152e-322 2.37152e-322 
3.95253e-322 3.95253e-322 3.95253e-322 3.95253e-322 
3.23651e-316 3.23651e-316 3.23651e-316 3.23651e-316 
3.12385e-316 3.12385e-316 3.12385e-316 
3.12436e-316 3.12436e-316 3.12436e-316 
3.06919e-316 3.06919e-316 3.06919e-316 
3.03725e-316 3.03725e-316 3.03725e-316 
3.06918e-316 3.06918e-316 3.06918e-316 
146553 146553 146553 
-1580.94 -1580.94 -1580.94 
-10591.3 -10591.3 -10591.3 
1.9812e-321 1.9812e-321 1.9812e-321 
3.12297e-316 3.12297e-316 3.12297e-316 3.12297e-316 
3.08627e-316 3.08627e-316 3.08627e-316 3.08627e-316 
3.12468e-316 3.12468e-316 3.12468e-316 3.12468e-316 
1.63042e-322 1.63042e-322 1.63042e-322 1.63042e-322 
6.91048e-310 6.91048e-310 6.91048e-310 6.91048e-310 
2.122e-314 2.122e-314 2.122e-314 2.122e-314 
3.12116e-316 3.12116e-316 3.12116e-316 3.12116e-316 
2.58502e+06 2.58502e+06 2.58502e+06 2.58502e+06 
-10.1789 -10.1789 -10.1789 -10.1789 
2.42092e-322 2.42092e-322 2.42092e-322 2.42092e-322 2.42092e-322 
3.03745e-316 3.03745e-316 3.03745e-316 3.03745e-316 3.03745e-316 
3.12366e-316 3.12366e-316 3.12366e-316 3.12366e-316 3.12366e-316 
3.05522e-316 3.05522e-316 3.05522e-316 3.05522e-316 3.05522e-316 
3.05522e-316 3.05522e-316 3.05522e-316 3.05522e-316 3.05522e-316 
5223.59 5223.59 5223.59 5223.59 5223.59 
3.12467e-316 3.12467e-316 3.12467e-316 3.12467e-316 3.12467e-316 
-14762.6 -14762.6 -14762.6 -14762.6 -14762.6 
3.12153e-316 3.12153e-316 3.12153e-316 3.12153e-316 3.12153e-316 
R=5parameters: 
-0.103894 -0.103894 
0.317417 0.317417 
-0.000143658 -0.000143658 
0.656128 0.656128 
-0.392945 -0.392945 
3.08628e-316 3.08628e-316 
1.29493e+08 1.29493e+08 
20585.9 20585.9 
-9615.8 -9615.8 
4.00193e-322 4.00193e-322 4.00193e-322 
0.00344293 0.00344293 0.00344293 
0.000490784 0.000490784 0.000490784 
0 0 0 
0.263187 0.263187 0.263187 
0.315156 0.315156 0.315156 
3.10907e-316 3.10907e-316 3.10907e-316 
2.48995e-316 2.48995e-316 2.48995e-316 
2.06025e-321 2.06025e-321 2.06025e-321 
3.12328e-316 3.12328e-316 3.12328e-316 3.12328e-316 
2.61361e-321 2.61361e-321 2.61361e-321 2.61361e-321 
6.9105e-310 6.9105e-310 6.9105e-310 6.9105e-310 
3.12115e-316 3.12115e-316 3.12115e-316 3.12115e-316 
1.58101e-322 1.58101e-322 1.58101e-322 1.58101e-322 
2.37152e-322 2.37152e-322 2.37152e-322 2.37152e-322 
0 0 0 0 
2.42092e-322 2.42092e-322 2.42092e-322 2.42092e-322 
6.9105e-310 6.9105e-310 6.9105e-310 6.9105e-310 
3.10221e-316 3.10221e-316 3.10221e-316 
7.25161 7.25161 7.25161 
5.18724 5.18724 5.18724 
2.37152e-322 2.37152e-322 2.37152e-322 
2.37152e-322 2.37152e-322 2.37152e-322 
3.07325e-316 3.07325e-316 3.07325e-316 
-1208.93 -1208.93 -1208.93 
-65.3497 -65.3497 -65.3497 
-20.975 -20.975 -20.975 
4.74303e-322 4.74303e-322 4.74303e-322 4.74303e-322 
2.37152e-322 2.37152e-322 2.37152e-322 2.37152e-322 
3.12375e-316 3.12375e-316 3.12375e-316 3.12375e-316 
2.42092e-322 2.42092e-322 2.42092e-322 2.42092e-322 
1.061e-313 1.061e-313 1.061e-313 1.061e-313 
3.1052e-316 3.1052e-316 3.1052e-316 3.1052e-316 
4150.63 4150.63 4150.63 4150.63 
0 0 0 0 
0 0 0 0 
2.42092e-322 2.42092e-322 2.42092e-322 2.42092e-322 2.42092e-322 
3.0692e-316 3.0692e-316 3.0692e-316 3.0692e-316 3.0692e-316 
3.11049e-316 3.11049e-316 3.11049e-316 3.11049e-316 3.11049e-316 
4.32365e+06 4.32365e+06 4.32365e+06 4.32365e+06 4.32365e+06 
13955.3 13955.3 13955.3 13955.3 13955.3 
6.91048e-310 6.91048e-310 6.91048e-310 6.91048e-310 6.91048e-310 
0 0 0 0 0 
1.05329e-05 1.05329e-05 1.05329e-05 1.05329e-05 1.05329e-05 
-5.43667e-06 -5.43667e-06 -5.43667e-06 -5.43667e-06 -5.43667e-06 
R=6parameters: 
-0.00844832 -0.00844832 
0.358254 0.358254 
-0.120384 -0.120384 
0.476102 0.476102 
-9.54104 -9.54104 
3.08628e-316 3.08628e-316 
1.29493e+08 1.29493e+08 
20585.9 20585.9 
-9615.8 -9615.8 
4.00193e-322 4.00193e-322 4.00193e-322 
0.00489221 0.00489221 0.00489221 
0.000666054 0.000666054 0.000666054 
0.0169737 0.0169737 0.0169737 
1.00561 1.00561 1.00561 
1.00381 1.00381 1.00381 
3.10907e-316 3.10907e-316 3.10907e-316 
2.48995e-316 2.48995e-316 2.48995e-316 
2.06025e-321 2.06025e-321 2.06025e-321 
3.12328e-316 3.12328e-316 3.12328e-316 3.12328e-316 
2.61361e-321 2.61361e-321 2.61361e-321 2.61361e-321 
3.10432e-316 3.10432e-316 3.10432e-316 3.10432e-316 
3.08749e-316 3.08749e-316 3.08749e-316 3.08749e-316 
-976076 -976076 -976076 -976076 
-503845 -503845 -503845 -503845 
2.37152e-322 2.37152e-322 2.37152e-322 2.37152e-322 
2.37152e-322 2.37152e-322 2.37152e-322 2.37152e-322 
3.12532e-316 3.12532e-316 3.12532e-316 3.12532e-316 
5.64725e+06 5.64725e+06 5.64725e+06 
8.94672e+08 8.94672e+08 8.94672e+08 
1.90859e+07 1.90859e+07 1.90859e+07 
4.74303e-322 4.74303e-322 4.74303e-322 
2.37152e-322 2.37152e-322 2.37152e-322 
3.06628e-316 3.06628e-316 3.06628e-316 
7.01359e-05 7.01359e-05 7.01359e-05 
5.5722e-06 5.5722e-06 5.5722e-06 
3.81507e-05 3.81507e-05 3.81507e-05 
0.000138147 0.000138147 0.000138147 0.000138147 
1.63042e-322 1.63042e-322 1.63042e-322 1.63042e-322 
3.12467e-316 3.12467e-316 3.12467e-316 3.12467e-316 
2.42092e-322 2.42092e-322 2.42092e-322 2.42092e-322 
3.08796e-316 3.08796e-316 3.08796e-316 3.08796e-316 
0 0 0 0 
0 0 0 0 
-39724.7 -39724.7 -39724.7 -39724.7 
0 0 0 0 
4.79244e-322 4.79244e-322 4.79244e-322 4.79244e-322 4.79244e-322 
3.06916e-316 3.06916e-316 3.06916e-316 3.06916e-316 3.06916e-316 
3.12109e-316 3.12109e-316 3.12109e-316 3.12109e-316 3.12109e-316 
3.10433e-316 3.10433e-316 3.10433e-316 3.10433e-316 3.10433e-316 
3.08751e-316 3.08751e-316 3.08751e-316 3.08751e-316 3.08751e-316 
34.2996 34.2996 34.2996 34.2996 34.2996 
-301.522 -301.522 -301.522 -301.522 -301.522 
1571.18 1571.18 1571.18 1571.18 1571.18 
3.21143e-322 3.21143e-322 3.21143e-322 3.21143e-322 3.21143e-322 
R=7parameters: 
0.0579421 0.0579421 
0.404505 0.404505 
0.641846 0.641846 
13.0129 13.0129 
-47.6475 -47.6475 
3.08628e-316 3.08628e-316 
1.29493e+08 1.29493e+08 
20585.9 20585.9 
-9615.8 -9615.8 
4.00193e-322 4.00193e-322 4.00193e-322 
0.00720171 0.00720171 0.00720171 
0.000954025 0.000954025 0.000954025 
0.0273551 0.0273551 0.0273551 
0.000527433 0.000527433 0.000527433 
0.000885243 0.000885243 0.000885243 
3.10907e-316 3.10907e-316 3.10907e-316 
2.48995e-316 2.48995e-316 2.48995e-316 
2.06025e-321 2.06025e-321 2.06025e-321 
3.12328e-316 3.12328e-316 3.12328e-316 3.12328e-316 
1.63042e-322 1.63042e-322 1.63042e-322 1.63042e-322 
3.12071e-316 3.12071e-316 3.12071e-316 3.12071e-316 
3.10013e-316 3.10013e-316 3.10013e-316 3.10013e-316 
1.58101e-322 1.58101e-322 1.58101e-322 1.58101e-322 
6.32404e-322 6.32404e-322 6.32404e-322 6.32404e-322 
3.09969e-316 3.09969e-316 3.09969e-316 3.09969e-316 
-8.10633e-07 -8.10633e-07 -8.10633e-07 -8.10633e-07 
2.2633e-07 2.2633e-07 2.2633e-07 2.2633e-07 
0.000320514 0.000320514 0.000320514 
-1.2231e-05 -1.2231e-05 -1.2231e-05 
0.00678362 0.00678362 0.00678362 
-0.000212226 -0.000212226 -0.000212226 
8.0345e-06 8.0345e-06 8.0345e-06 
-0.0046918 -0.0046918 -0.0046918 
0.00326013 0.00326013 0.00326013 
0 0 0 
0 0 0 
0 0 0 0 
0 0 0 0 
2.15447e+07 2.15447e+07 2.15447e+07 2.15447e+07 
0.660702 0.660702 0.660702 0.660702 
0.000168255 0.000168255 0.000168255 0.000168255 
0.000345217 0.000345217 0.000345217 0.000345217 
0 0 0 0 
3.21143e-322 3.21143e-322 3.21143e-322 3.21143e-322 
0.00188053 0.00188053 0.00188053 0.00188053 
0.000895835 0.000895835 0.000895835 0.000895835 0.000895835 
0.000520332 0.000520332 0.000520332 0.000520332 0.000520332 
2.8286e-06 2.8286e-06 2.8286e-06 2.8286e-06 2.8286e-06 
1.18576e-321 1.18576e-321 1.18576e-321 1.18576e-321 1.18576e-321 
4.94066e-324 4.94066e-324 4.94066e-324 4.94066e-324 4.94066e-324 
2.48995e-316 2.48995e-316 2.48995e-316 2.48995e-316 2.48995e-316 
2.42092e-322 2.42092e-322 2.42092e-322 2.42092e-322 2.42092e-322 
3.24089e-316 3.24089e-316 3.24089e-316 3.24089e-316 3.24089e-316 
3.21143e-322 3.21143e-322 3.21143e-322 3.21143e-322 3.21143e-322 
R=8parameters: 
0.0985578 0.0985578 
0.459379 0.459379 
-0.000349078 -0.000349078 
1.81014 1.81014 
-1.18615 -1.18615 
3.08628e-316 3.08628e-316 
1.29493e+08 1.29493e+08 
20585.9 20585.9 
-9615.8 -9615.8 
4.00193e-322 4.00193e-322 4.00193e-322 
0.00940378 0.00940378 0.00940378 
0.00144052 0.00144052 0.00144052 
0 0 0 
1.05638 1.05638 1.05638 
1.13304 1.13304 1.13304 
3.10907e-316 3.10907e-316 3.10907e-316 
2.48995e-316 2.48995e-316 2.48995e-316 
2.06025e-321 2.06025e-321 2.06025e-321 
3.12328e-316 3.12328e-316 3.12328e-316 3.12328e-316 
2.61361e-321 2.61361e-321 2.61361e-321 2.61361e-321 
3.10013e-316 3.10013e-316 3.10013e-316 3.10013e-316 
3.11048e-316 3.11048e-316 3.11048e-316 3.11048e-316 
4.55306e-05 4.55306e-05 4.55306e-05 4.55306e-05 
1.36164e-05 1.36164e-05 1.36164e-05 1.36164e-05 
-2.11439e-06 -2.11439e-06 -2.11439e-06 -2.11439e-06 
3.12544e-316 3.12544e-316 3.12544e-316 3.12544e-316 
0.00559255 0.00559255 0.00559255 0.00559255 
4.00193e-322 4.00193e-322 4.00193e-322 
3.10432e-316 3.10432e-316 3.10432e-316 
3.0501e-316 3.0501e-316 3.0501e-316 
0.0625 0.0625 0.0625 
0.00024444 0.00024444 0.00024444 
0 0 0 
1.63042e-322 1.63042e-322 1.63042e-322 
3.10014e-316 3.10014e-316 3.10014e-316 
3.10228e-316 3.10228e-316 3.10228e-316 
7.11455e-322 7.11455e-322 7.11455e-322 7.11455e-322 
6.32404e-322 6.32404e-322 6.32404e-322 6.32404e-322 
3.11035e-316 3.11035e-316 3.11035e-316 3.11035e-316 
-6.12845e-06 -6.12845e-06 -6.12845e-06 -6.12845e-06 
1.85727e-06 1.85727e-06 1.85727e-06 1.85727e-06 
3.12943e-05 3.12943e-05 3.12943e-05 3.12943e-05 
0 0 0 0 
0 0 0 0 
3.23796e-319 3.23796e-319 3.23796e-319 3.23796e-319 
2.42092e-322 2.42092e-322 2.42092e-322 2.42092e-322 2.42092e-322 
3.11365e-316 3.11365e-316 3.11365e-316 3.11365e-316 3.11365e-316 
3.11049e-316 3.11049e-316 3.11049e-316 3.11049e-316 3.11049e-316 
0.000149148 0.000149148 0.000149148 0.000149148 0.000149148 
0.000305755 0.000305755 0.000305755 0.000305755 0.000305755 
1.26481e-321 1.26481e-321 1.26481e-321 1.26481e-321 1.26481e-321 
2.42092e-322 2.42092e-322 2.42092e-322 2.42092e-322 2.42092e-322 
0.000151884 0.000151884 0.000151884 0.000151884 0.000151884 
2.40416e-05 2.40416e-05 2.40416e-05 2.40416e-05 2.40416e-05 
R=9parameters: 
0.121774 0.121774 
0.510103 0.510103 
0.282092 0.282092 
3.88048 3.88048 
-19.8481 -19.8481 
3.08628e-316 3.08628e-316 
1.29493e+08 1.29493e+08 
20585.9 20585.9 
-9615.8 -9615.8 
4.00193e-322 4.00193e-322 4.00193e-322 
0.0123047 0.0123047 0.0123047 
0.00210339 0.00210339 0.00210339 
0.0560931 0.0560931 0.0560931 
0.000152405 0.000152405 0.000152405 
0.000276481 0.000276481 0.000276481 
3.10907e-316 3.10907e-316 3.10907e-316 
2.48995e-316 2.48995e-316 2.48995e-316 
2.06025e-321 2.06025e-321 2.06025e-321 
3.12328e-316 3.12328e-316 3.12328e-316 3.12328e-316 
2.61361e-321 2.61361e-321 2.61361e-321 2.61361e-321 
3.11048e-316 3.11048e-316 3.11048e-316 3.11048e-316 
3.10013e-316 3.10013e-316 3.10013e-316 3.10013e-316 
0 0 0 0 
0 0 0 0 
2.37152e-322 2.37152e-322 2.37152e-322 2.37152e-322 
2.37152e-322 2.37152e-322 2.37152e-322 2.37152e-322 
3.12532e-316 3.12532e-316 3.12532e-316 3.12532e-316 
3.10013e-316 3.10013e-316 3.10013e-316 
0.22855 0.22855 0.22855 
2.39597 2.39597 2.39597 
4.74303e-322 4.74303e-322 4.74303e-322 
2.37152e-322 2.37152e-322 2.37152e-322 
3.12532e-316 3.12532e-316 3.12532e-316 
19663.5 19663.5 19663.5 
-77090.9 -77090.9 -77090.9 
-1659.16 -1659.16 -1659.16 
7.11455e-322 7.11455e-322 7.11455e-322 7.11455e-322 
3.16202e-322 3.16202e-322 3.16202e-322 3.16202e-322 
3.11033e-316 3.11033e-316 3.11033e-316 3.11033e-316 
3.12466e-316 3.12466e-316 3.12466e-316 3.12466e-316 
-9.43256e-05 -9.43256e-05 -9.43256e-05 -9.43256e-05 
1.15977e+06 1.15977e+06 1.15977e+06 1.15977e+06 
0 0 0 0 
0 0 0 0 
2.37152e-322 2.37152e-322 2.37152e-322 2.37152e-322 
2.37152e-322 2.37152e-322 2.37152e-322 2.37152e-322 2.37152e-322 
3.0494e-316 3.0494e-316 3.0494e-316 3.0494e-316 3.0494e-316 
3.12467e-316 3.12467e-316 3.12467e-316 3.12467e-316 3.12467e-316 
3.08629e-316 3.08629e-316 3.08629e-316 3.08629e-316 3.08629e-316 
0.0156563 0.0156563 0.0156563 0.0156563 0.0156563 
-4.97318e-05 -4.97318e-05 -4.97318e-05 -4.97318e-05 -4.97318e-05 
0.217926 0.217926 0.217926 0.217926 0.217926 
1.18131 1.18131 1.18131 1.18131 1.18131 
-2.65975 -2.65975 -2.65975 -2.65975 -2.65975 
R=10parameters: 
0.13027 0.13027 
0.545845 0.545845 
-0.0324125 -0.0324125 
-6.38453 -6.38453 
10.3667 10.3667 
3.08628e-316 3.08628e-316 
1.29493e+08 1.29493e+08 
20585.9 20585.9 
-9615.8 -9615.8 
4.00193e-322 4.00193e-322 4.00193e-322 
0.0140051 0.0140051 0.0140051 
0.00265848 0.00265848 0.00265848 
0.0661067 0.0661067 0.0661067 
0.0030448 0.0030448 0.0030448 
0.00683161 0.00683161 0.00683161 
3.10907e-316 3.10907e-316 3.10907e-316 
2.48995e-316 2.48995e-316 2.48995e-316 
2.06025e-321 2.06025e-321 2.06025e-321 
3.12328e-316 3.12328e-316 3.12328e-316 3.12328e-316 
2.61361e-321 2.61361e-321 2.61361e-321 2.61361e-321 
6.9105e-310 6.9105e-310 6.9105e-310 6.9105e-310 
3.10855e-316 3.10855e-316 3.10855e-316 3.10855e-316 
3.23675e-316 3.23675e-316 3.23675e-316 3.23675e-316 
3.07313e-316 3.07313e-316 3.07313e-316 3.07313e-316 
3.06728e-316 3.06728e-316 3.06728e-316 3.06728e-316 
3.11605e-316 3.11605e-316 3.11605e-316 3.11605e-316 
1.37367 1.37367 1.37367 1.37367 
370.783 370.783 370.783 
195.055 195.055 195.055 
7.95446e-322 7.95446e-322 7.95446e-322 
3.05011e-316 3.05011e-316 3.05011e-316 
3.0731e-316 3.0731e-316 3.0731e-316 
3.1052e-316 3.1052e-316 3.1052e-316 
3.23854e-316 3.23854e-316 3.23854e-316 
3.07232e-316 3.07232e-316 3.07232e-316 
3.10018e-316 3.10018e-316 3.10018e-316 
0.0336454 0.0336454 0.0336454 0.0336454 
599.211 599.211 599.211 599.211 
686.001 686.001 686.001 686.001 
3.1052e-316 3.1052e-316 3.1052e-316 3.1052e-316 
1.90736e-06 1.90736e-06 1.90736e-06 1.90736e-06 
3.10521e-316 3.10521e-316 3.10521e-316 3.10521e-316 
3.10286e-316 3.10286e-316 3.10286e-316 3.10286e-316 
3.0892e-316 3.0892e-316 3.0892e-316 3.0892e-316 
3.08919e-316 3.08919e-316 3.08919e-316 3.08919e-316 
3.12116e-316 3.12116e-316 3.12116e-316 3.12116e-316 3.12116e-316 
41.9955 41.9955 41.9955 41.9955 41.9955 
733.532 733.532 733.532 733.532 733.532 
-174.959 -174.959 -174.959 -174.959 -174.959 
67425.1 67425.1 67425.1 67425.1 67425.1 
0.000498125 0.000498125 0.000498125 0.000498125 0.000498125 
6.37345e-322 6.37345e-322 6.37345e-322 6.37345e-322 6.37345e-322 
0.000117078 0.000117078 0.000117078 0.000117078 0.000117078 
2.122e-314 2.122e-314 2.122e-314 2.122e-314 2.122e-314 
R=11parameters: 
0.131362 0.131362 
0.559351 0.559351 
0.00363716 0.00363716 
57.446 57.446 
-44.9172 -44.9172 
3.08628e-316 3.08628e-316 
1.29493e+08 1.29493e+08 
20585.9 20585.9 
-9615.8 -9615.8 
4.00193e-322 4.00193e-322 4.00193e-322 
0.015039 0.015039 0.015039 
0.00287979 0.00287979 0.00287979 
0.0713643 0.0713643 0.0713643 
32.3807 32.3807 32.3807 
28.3818 28.3818 28.3818 
3.10907e-316 3.10907e-316 3.10907e-316 
2.48995e-316 2.48995e-316 2.48995e-316 
2.06025e-321 2.06025e-321 2.06025e-321 
3.12328e-316 3.12328e-316 3.12328e-316 3.12328e-316 
2.61361e-321 2.61361e-321 2.61361e-321 2.61361e-321 
3.08749e-316 3.08749e-316 3.08749e-316 3.08749e-316 
3.12115e-316 3.12115e-316 3.12115e-316 3.12115e-316 
0.000113872 0.000113872 0.000113872 0.000113872 
3.10015e-316 3.10015e-316 3.10015e-316 3.10015e-316 
1313.6 1313.6 1313.6 1313.6 
3.12458e-316 3.12458e-316 3.12458e-316 3.12458e-316 
3.1235e-316 3.1235e-316 3.1235e-316 3.1235e-316 
3.12466e-316 3.12466e-316 3.12466e-316 
3.12351e-316 3.12351e-316 3.12351e-316 
3.23687e-316 3.23687e-316 3.23687e-316 
0.237157 0.237157 0.237157 
0.000847034 0.000847034 0.000847034 
130.37 130.37 130.37 
0.0126006 0.0126006 0.0126006 
2.62078e+06 2.62078e+06 2.62078e+06 
820.009 820.009 820.009 
285.917 285.917 285.917 285.917 
1.63042e-322 1.63042e-322 1.63042e-322 1.63042e-322 
6.91048e-310 6.91048e-310 6.91048e-310 6.91048e-310 
2.122e-314 2.122e-314 2.122e-314 2.122e-314 
1.97626e-323 1.97626e-323 1.97626e-323 1.97626e-323 
2.42092e-322 2.42092e-322 2.42092e-322 2.42092e-322 
0.000767671 0.000767671 0.000767671 0.000767671 
0.000256953 0.000256953 0.000256953 0.000256953 
8.56796e-05 8.56796e-05 8.56796e-05 8.56796e-05 
0.00285296 0.00285296 0.00285296 0.00285296 0.00285296 
1.10671e-321 1.10671e-321 1.10671e-321 1.10671e-321 1.10671e-321 
3.95253e-322 3.95253e-322 3.95253e-322 3.95253e-322 3.95253e-322 
3.23689e-316 3.23689e-316 3.23689e-316 3.23689e-316 3.23689e-316 
3.12352e-316 3.12352e-316 3.12352e-316 3.12352e-316 3.12352e-316 
1.061e-313 1.061e-313 1.061e-313 1.061e-313 1.061e-313 
12766.8 12766.8 12766.8 12766.8 12766.8 
0.000532419 0.000532419 0.000532419 0.000532419 0.000532419 
1.63042e-322 1.63042e-322 1.63042e-322 1.63042e-322 1.63042e-322 
T Models:
(* Fitting with shape 1 1 1 1 1 1 1 1 1 1 0 0 *)
G[T_,xx_]:=Exp[0+xx[[1]]*T^1+xx[[2]]*T^2]*(1)
(* Fitting with shape 1 1 1 1 1 1 1 1 1 1 1 0 *)
G[T_,xx_]:=Exp[0+xx[[1]]*T^1+xx[[2]]*T^2]*(1)
(* Fitting with shape 1 1 1 1 1 1 1 1 1 1 1 1 *)
G[T_,xx_]:=Exp[0+xx[[1]]*T^1+xx[[2]]*T^2]*(1)
(* Fitting with shape 0 1 1 1 1 1 1 1 1 1 0 0 *)
G[T_,xx_]:=Exp[0+xx[[1]]*T^1+xx[[2]]*T^2]*(1)
(* Fitting with shape 0 1 1 1 1 1 1 1 1 1 1 0 *)
G[T_,xx_]:=Exp[0+xx[[1]]*T^1+xx[[2]]*T^2]*(1)
(* Fitting with shape 0 1 1 1 1 1 1 1 1 1 1 1 *)
G[T_,xx_]:=Exp[0+xx[[1]]*T^1+xx[[2]]*T^2]*(1)
(* Fitting with shape 0 0 1 1 1 1 1 1 1 1 0 0 *)
G[T_,xx_]:=Exp[0+xx[[1]]*T^1+xx[[2]]*T^2]*(1)
(* Fitting with shape 0 0 1 1 1 1 1 1 1 1 1 0 *)
G[T_,xx_]:=Exp[0+xx[[1]]*T^1+xx[[2]]*T^2]*(1)
(* Fitting with shape 0 0 1 1 1 1 1 1 1 1 1 1 *)
G[T_,xx_]:=Exp[0+xx[[1]]*T^1+xx[[2]]*T^2]*(1)
(* Fitting with shape 1 1 1 1 1 1 1 1 1 1 0 0 *)
G[T_,xx_]:=Exp[0+xx[[1]]*T^1+xx[[2]]*T^2]*(1+xx[[3]]/(T^1))
(* Fitting with shape 1 1 1 1 1 1 1 1 1 1 1 0 *)
G[T_,xx_]:=Exp[0+xx[[1]]*T^1+xx[[2]]*T^2]*(1+xx[[3]]/(T^1))
(* Fitting with shape 1 1 1 1 1 1 1 1 1 1 1 1 *)
G[T_,xx_]:=Exp[0+xx[[1]]*T^1+xx[[2]]*T^2]*(1+xx[[3]]/(T^1))
(* Fitting with shape 0 1 1 1 1 1 1 1 1 1 0 0 *)
G[T_,xx_]:=Exp[0+xx[[1]]*T^1+xx[[2]]*T^2]*(1+xx[[3]]/(T^1))
(* Fitting with shape 0 1 1 1 1 1 1 1 1 1 1 0 *)
G[T_,xx_]:=Exp[0+xx[[1]]*T^1+xx[[2]]*T^2]*(1+xx[[3]]/(T^1))
(* Fitting with shape 0 1 1 1 1 1 1 1 1 1 1 1 *)
G[T_,xx_]:=Exp[0+xx[[1]]*T^1+xx[[2]]*T^2]*(1+xx[[3]]/(T^1))
(* Fitting with shape 0 0 1 1 1 1 1 1 1 1 0 0 *)
G[T_,xx_]:=Exp[0+xx[[1]]*T^1+xx[[2]]*T^2]*(1+xx[[3]]/(T^1))
(* Fitting with shape 0 0 1 1 1 1 1 1 1 1 1 0 *)
G[T_,xx_]:=Exp[0+xx[[1]]*T^1+xx[[2]]*T^2]*(1+xx[[3]]/(T^1))
(* Fitting with shape 0 0 1 1 1 1 1 1 1 1 1 1 *)
G[T_,xx_]:=Exp[0+xx[[1]]*T^1+xx[[2]]*T^2]*(1+xx[[3]]/(T^1))
(* Fitting with shape 1 1 1 1 1 1 1 1 1 1 0 0 *)
G[T_,xx_]:=Exp[0+xx[[1]]*T^1+xx[[2]]*T^2]*(1+xx[[3]]/(T^1)+xx[[4]]/(T^2))
(* Fitting with shape 1 1 1 1 1 1 1 1 1 1 1 0 *)
G[T_,xx_]:=Exp[0+xx[[1]]*T^1+xx[[2]]*T^2]*(1+xx[[3]]/(T^1)+xx[[4]]/(T^2))
(* Fitting with shape 1 1 1 1 1 1 1 1 1 1 1 1 *)
G[T_,xx_]:=Exp[0+xx[[1]]*T^1+xx[[2]]*T^2]*(1+xx[[3]]/(T^1)+xx[[4]]/(T^2))
(* Fitting with shape 0 1 1 1 1 1 1 1 1 1 0 0 *)
G[T_,xx_]:=Exp[0+xx[[1]]*T^1+xx[[2]]*T^2]*(1+xx[[3]]/(T^1)+xx[[4]]/(T^2))
(* Fitting with shape 0 1 1 1 1 1 1 1 1 1 1 0 *)
G[T_,xx_]:=Exp[0+xx[[1]]*T^1+xx[[2]]*T^2]*(1+xx[[3]]/(T^1)+xx[[4]]/(T^2))
(* Fitting with shape 0 1 1 1 1 1 1 1 1 1 1 1 *)
G[T_,xx_]:=Exp[0+xx[[1]]*T^1+xx[[2]]*T^2]*(1+xx[[3]]/(T^1)+xx[[4]]/(T^2))
(* Fitting with shape 0 0 1 1 1 1 1 1 1 1 0 0 *)
G[T_,xx_]:=Exp[0+xx[[1]]*T^1+xx[[2]]*T^2]*(1+xx[[3]]/(T^1)+xx[[4]]/(T^2))
(* Fitting with shape 0 0 1 1 1 1 1 1 1 1 1 0 *)
G[T_,xx_]:=Exp[0+xx[[1]]*T^1+xx[[2]]*T^2]*(1+xx[[3]]/(T^1)+xx[[4]]/(T^2))
(* Fitting with shape 0 0 1 1 1 1 1 1 1 1 1 1 *)
G[T_,xx_]:=Exp[0+xx[[1]]*T^1+xx[[2]]*T^2]*(1+xx[[3]]/(T^1)+xx[[4]]/(T^2))
(* Fitting with shape 1 1 1 1 1 1 1 1 1 1 0 0 *)
G[T_,xx_]:=Exp[0+xx[[1]]*T^1+xx[[2]]*T^2+xx[[3]]*T^3]*(1)
(* Fitting with shape 1 1 1 1 1 1 1 1 1 1 1 0 *)
G[T_,xx_]:=Exp[0+xx[[1]]*T^1+xx[[2]]*T^2+xx[[3]]*T^3]*(1)
(* Fitting with shape 1 1 1 1 1 1 1 1 1 1 1 1 *)
G[T_,xx_]:=Exp[0+xx[[1]]*T^1+xx[[2]]*T^2+xx[[3]]*T^3]*(1)
(* Fitting with shape 0 1 1 1 1 1 1 1 1 1 0 0 *)
G[T_,xx_]:=Exp[0+xx[[1]]*T^1+xx[[2]]*T^2+xx[[3]]*T^3]*(1)
(* Fitting with shape 0 1 1 1 1 1 1 1 1 1 1 0 *)
G[T_,xx_]:=Exp[0+xx[[1]]*T^1+xx[[2]]*T^2+xx[[3]]*T^3]*(1)
(* Fitting with shape 0 1 1 1 1 1 1 1 1 1 1 1 *)
G[T_,xx_]:=Exp[0+xx[[1]]*T^1+xx[[2]]*T^2+xx[[3]]*T^3]*(1)
(* Fitting with shape 0 0 1 1 1 1 1 1 1 1 0 0 *)
G[T_,xx_]:=Exp[0+xx[[1]]*T^1+xx[[2]]*T^2+xx[[3]]*T^3]*(1)
(* Fitting with shape 0 0 1 1 1 1 1 1 1 1 1 0 *)
G[T_,xx_]:=Exp[0+xx[[1]]*T^1+xx[[2]]*T^2+xx[[3]]*T^3]*(1)
(* Fitting with shape 0 0 1 1 1 1 1 1 1 1 1 1 *)
G[T_,xx_]:=Exp[0+xx[[1]]*T^1+xx[[2]]*T^2+xx[[3]]*T^3]*(1)
(* Fitting with shape 1 1 1 1 1 1 1 1 1 1 0 0 *)
G[T_,xx_]:=Exp[0+xx[[1]]*T^1+xx[[2]]*T^2+xx[[3]]*T^3]*(1+xx[[4]]/(T^1))
(* Fitting with shape 1 1 1 1 1 1 1 1 1 1 1 0 *)
G[T_,xx_]:=Exp[0+xx[[1]]*T^1+xx[[2]]*T^2+xx[[3]]*T^3]*(1+xx[[4]]/(T^1))
(* Fitting with shape 1 1 1 1 1 1 1 1 1 1 1 1 *)
G[T_,xx_]:=Exp[0+xx[[1]]*T^1+xx[[2]]*T^2+xx[[3]]*T^3]*(1+xx[[4]]/(T^1))
(* Fitting with shape 0 1 1 1 1 1 1 1 1 1 0 0 *)
G[T_,xx_]:=Exp[0+xx[[1]]*T^1+xx[[2]]*T^2+xx[[3]]*T^3]*(1+xx[[4]]/(T^1))
(* Fitting with shape 0 1 1 1 1 1 1 1 1 1 1 0 *)
G[T_,xx_]:=Exp[0+xx[[1]]*T^1+xx[[2]]*T^2+xx[[3]]*T^3]*(1+xx[[4]]/(T^1))
(* Fitting with shape 0 1 1 1 1 1 1 1 1 1 1 1 *)
G[T_,xx_]:=Exp[0+xx[[1]]*T^1+xx[[2]]*T^2+xx[[3]]*T^3]*(1+xx[[4]]/(T^1))
(* Fitting with shape 0 0 1 1 1 1 1 1 1 1 0 0 *)
G[T_,xx_]:=Exp[0+xx[[1]]*T^1+xx[[2]]*T^2+xx[[3]]*T^3]*(1+xx[[4]]/(T^1))
(* Fitting with shape 0 0 1 1 1 1 1 1 1 1 1 0 *)
G[T_,xx_]:=Exp[0+xx[[1]]*T^1+xx[[2]]*T^2+xx[[3]]*T^3]*(1+xx[[4]]/(T^1))
(* Fitting with shape 0 0 1 1 1 1 1 1 1 1 1 1 *)
G[T_,xx_]:=Exp[0+xx[[1]]*T^1+xx[[2]]*T^2+xx[[3]]*T^3]*(1+xx[[4]]/(T^1))
(* Fitting with shape 1 1 1 1 1 1 1 1 1 1 0 0 *)
G[T_,xx_]:=Exp[0+xx[[1]]*T^1+xx[[2]]*T^2+xx[[3]]*T^3]*(1+xx[[4]]/(T^1)+xx[[5]]/(T^2))
(* Fitting with shape 1 1 1 1 1 1 1 1 1 1 1 0 *)
G[T_,xx_]:=Exp[0+xx[[1]]*T^1+xx[[2]]*T^2+xx[[3]]*T^3]*(1+xx[[4]]/(T^1)+xx[[5]]/(T^2))
(* Fitting with shape 1 1 1 1 1 1 1 1 1 1 1 1 *)
G[T_,xx_]:=Exp[0+xx[[1]]*T^1+xx[[2]]*T^2+xx[[3]]*T^3]*(1+xx[[4]]/(T^1)+xx[[5]]/(T^2))
(* Fitting with shape 0 1 1 1 1 1 1 1 1 1 0 0 *)
G[T_,xx_]:=Exp[0+xx[[1]]*T^1+xx[[2]]*T^2+xx[[3]]*T^3]*(1+xx[[4]]/(T^1)+xx[[5]]/(T^2))
(* Fitting with shape 0 1 1 1 1 1 1 1 1 1 1 0 *)
G[T_,xx_]:=Exp[0+xx[[1]]*T^1+xx[[2]]*T^2+xx[[3]]*T^3]*(1+xx[[4]]/(T^1)+xx[[5]]/(T^2))
(* Fitting with shape 0 1 1 1 1 1 1 1 1 1 1 1 *)
G[T_,xx_]:=Exp[0+xx[[1]]*T^1+xx[[2]]*T^2+xx[[3]]*T^3]*(1+xx[[4]]/(T^1)+xx[[5]]/(T^2))
(* Fitting with shape 0 0 1 1 1 1 1 1 1 1 0 0 *)
G[T_,xx_]:=Exp[0+xx[[1]]*T^1+xx[[2]]*T^2+xx[[3]]*T^3]*(1+xx[[4]]/(T^1)+xx[[5]]/(T^2))
(* Fitting with shape 0 0 1 1 1 1 1 1 1 1 1 0 *)
G[T_,xx_]:=Exp[0+xx[[1]]*T^1+xx[[2]]*T^2+xx[[3]]*T^3]*(1+xx[[4]]/(T^1)+xx[[5]]/(T^2))
(* Fitting with shape 0 0 1 1 1 1 1 1 1 1 1 1 *)
G[T_,xx_]:=Exp[0+xx[[1]]*T^1+xx[[2]]*T^2+xx[[3]]*T^3]*(1+xx[[4]]/(T^1)+xx[[5]]/(T^2))
Probabilities: 
        0         0         0         0         0         0         0         0         0         0         0         0         0         0         0         0         0         0         0         0         0         0         0         0         1         0         0         0         0         0         0         0         0         0         0         0         0         0         0         0         0         0         0         0         0         0         0         0         0         0         0         0         0         0
        0         0         0         0         0         0         0         0         0         0         0         0         0         0         0         0         0         0         0         0         0         0         0         0  0.721544         0         0         0         0         0         0         0         0         0         0         0         0         0         0         0         0         0 0.0130032         0         0         0         0         0         0         0         0  0.265453         0         0
        0         0         0         0         0         0         0         0         0         0         0         0         0         0         0         0         0         0         0         0         0         0         0         0         0         0         0         0         0         0         0         0         0         0         0         0         0         0         0         0         0         0         0         0         0         0         0         0         0         0         0         1         0         0
        0         0         0         0         0         0         0         0         0         0         0         0         0         0         0         0         0         0         0         0         0         0         0         0         1         0         0         0         0         0         0         0         0         0         0         0         0         0         0         0         0         0         0         0         0         0         0         0         0         0         0         0         0         0
        0         0         0         0         0         0         0         0         0         0         0         0         0         0         0 0.0646797         0         0         0         0         0         0         0         0         0         0         0         0         0         0         0         0         0         0         0         0         0         0         0         0         0         0  0.408191         0         0         0         0         0         0         0         0  0.527129         0         0
        0         0         0         0         0         0         0         0         0         0         0         0         0         0         0 0.0628471         0         0         0         0         0         0         0         0  0.710671         0         0         0         0         0         0         0         0         0         0         0         0         0         0         0         0         0  0.226482         0         0         0         0         0         0         0         0         0         0         0
        0         0         0         0         0         0         0         0         0         0         0         0         0         0         0         0         0         0         0         0         0  0.442012         0         0         0         0         0         0         0         0         0         0         0         0         0         0         0         0         0 0.0233162         0         0         0  0.200411         0         0         0         0  0.174148         0         0         0  0.160112         0
        0         0         0         0         0         0         0         0         0         0         0         0         0         0         0  0.514103         0         0         0         0         0         0         0         0  0.485897         0         0         0         0         0         0         0         0         0         0         0         0         0         0         0         0         0         0         0         0         0         0         0         0         0         0         0         0         0
        0         0         0         0         0         0         0         0         0         0         0         0         0         0         0  0.282314         0         0         0         0         0         0         0         0  0.331604         0         0         0         0         0         0         0         0         0         0         0         0         0         0         0         0         0  0.198691         0         0         0         0         0         0         0         0  0.187391         0         0
        0         0         0         0         0         0         0         0         0         0         0         0         0         0         0  0.599896         0         0         0         0         0         0         0         0  0.400104         0         0         0         0         0         0         0         0         0         0         0         0         0         0         0         0         0         0         0         0         0         0         0         0         0         0         0         0         0
        0         0         0         0         0         0         0         0         0         0         0         0         0         0         0  0.571441         0         0         0         0         0         0         0         0  0.280251         0         0         0         0         0         0         0         0         0         0         0         0         0         0         0         0         0         0         0         0         0         0         0         0         0         0  0.148307         0         0
        0         0         0         0         0         0         0         0         0         0         0         0         0         0         0  0.501355         0         0         0         0         0         0         0         0  0.271249         0         0         0         0         0         0         0         0   0.10459         0         0         0         0         0         0         0         0         0         0         0         0         0         0         0         0         0  0.122806         0         0

Values: 
0.0963921 0.0963926 0.0964158 0.0959473  0.484332  0.514232 0.0950726 0.0950695 0.0950667 0.0942057 0.0942132 0.0942082 0.0933464  0.093342 0.0933352   0.35607   0.35813  0.364253 0.0929551 0.0929548 0.0929496 0.0927284 0.0927322 0.0927294 0.0926805  0.415404  0.418499  0.981004 0.0989782 0.0987942 0.0984613   1.19126   1.19234   1.36524   1.16873   1.10855  0.964896   0.97143 0.0955333 0.0945469  0.905939  0.615674 0.0581063 0.0935743 0.0935139 0.0936651 0.0935241 0.0934441 0.0927908  -24.3944   1.33165  0.650761  0.809097 0.0924752
 0.152789  0.152849  0.152695  0.872597  0.865921  0.861565  0.747261   0.37074  0.475328  0.148331   0.14832  0.148269  0.146673  0.166314  0.154598  0.146194  0.146126  0.146094  0.145901  0.145831  0.145799  0.145485  0.260407  0.145419  0.145336  0.905388  0.145242  0.899768   1.16131  0.160175   1.19662   1.22252   1.20589 -0.463909   1.07132   1.07515  0.152931  0.977013  0.973185  0.631698  0.912594  0.149278  0.148127  0.148041  0.147772  0.147916  0.147746   0.14748  0.937951  0.842686   1.07147  0.145326  0.741711  0.145765
 0.196336  0.196346  0.196181  0.619791  0.647374  0.670728  0.639121  0.191398  0.191281  0.188013  0.188024  0.187947  0.700293  0.647211  0.663071  0.184611   0.23599  0.184412  0.184196  0.184045  0.184013  0.183433  0.183226  0.183231  0.848224  0.884532  0.887152   1.06629   1.07368   0.30582   1.14742   1.11667   1.11866  0.999083    1.0005   1.00071   0.86398  0.274216  0.195434  0.191411   1.13388  0.783186  0.755291  0.188509  0.187827  0.187617  0.187943  0.187308  0.554764   1.01866   1.18327  0.181887  0.622729  0.697593
 0.236877  0.236851  0.236927  0.232711  0.232688  0.232593  0.640332  0.759418  0.468312  0.223566  0.223461  0.223248  0.792915  0.203296  0.219235  0.218117   0.21785  0.217722  0.217559  0.217313  0.217214  0.791712  0.216065  0.216038  0.215963  0.491356  0.215518  0.262301   1.05124   1.05591   1.11114   0.25052    1.0935  0.246878   1.34184   1.07466   0.23689  0.963611  0.234382     2.901   1.28609   1.10879  0.803678  0.730051  0.222994  0.223091  0.222964  0.222198  0.792331   1.08519  0.218483   1.19688  0.217949   0.81278
 0.276731  0.276799  0.277699   0.51163   0.32786  0.270485  0.265334  0.265288  0.314504  0.257685  0.257728   0.25746  0.252303   0.25205  0.251792  0.249829  0.249507  0.249283  0.249215  0.294347  0.248746  0.880425  0.881577  0.268624   0.41164  0.388148  0.504986   1.09105   1.10639   1.11103   1.09607   1.09566  0.294745   1.01638    1.0175   1.03999  0.976675  0.975847  0.974979  0.265561  0.264026  0.263367  0.257556  0.257945  0.257621  0.257384   0.25694  0.256551 -0.349661  0.251411   1.19381  0.239351  0.596072  0.249594
 0.317345  0.317417  0.318968  0.704494  0.753169  0.784635  0.301102  0.301108  0.301001  0.291343  0.291396  0.291148  0.314538  0.284091  0.889446  0.280763         1  0.195747  0.280133  0.279854  0.279765  0.277049   0.30981  0.379156  0.275672  0.275204   0.27538   1.09962   1.10657   1.10998   1.20291   1.20166   1.35875   1.13677     1.004    1.0098  0.969076  0.976856  0.974975    1.3063  0.301165  0.870552  0.292962  0.292424  0.290767  0.292871  0.291604  0.290154   1.32908  0.942672  0.280602  0.782163   0.27066   2.80995
 0.358201  0.358254  0.358679  0.423012   0.42699  0.458932  0.337816  0.337416  0.337178  0.325786  0.325471  0.325118  0.317117  0.345807   0.35905  0.438848  0.441599  0.460878  0.311498  0.310976  0.310431  0.307131  0.306443  0.305733  0.906034   0.90679  0.907756  0.978327  0.973148  0.978338   1.09147   1.10836   1.17152   1.02145   1.04925   1.00908  0.976163  0.359044  0.976039  0.341331  0.973016   0.33874   1.34057  0.326431  0.327899         1         1         1  0.300153  0.940296  0.948775   1.03607  0.292825  0.637293
 0.404449  0.404505  0.404613  0.384807  0.416981  0.384487  0.376485  0.376345  0.375911  0.362042  0.361882   0.36132  0.351033  0.350624   0.35003  0.343697  0.342701  0.342074  0.343685  0.343057  0.271152  0.336732  0.335211  0.334569  0.336357  0.333032  0.331984   1.42342   1.47435    1.4177   1.20203   1.17992   1.09035   1.04958   1.04904   1.04909   0.97109  0.969623  0.963325  0.383883   1.09202   1.12637   1.57271  0.710591  0.365846  0.931817         1         1    1.1081    1.2034  0.348042   3.55168  0.791416  0.341435
 0.459343  0.459379  0.458855  0.555319  0.430031  0.429543  0.516952  0.417565  0.417168  0.401504  0.401522  0.400898  0.851607  0.878122   0.38635  0.376207  0.374971  0.616686  0.916295   0.37676  0.376776  0.365726  0.363274  0.363319  0.362835  0.357263  0.902535   1.24496   1.26005    1.1241    1.2658   1.24609    1.1818   1.02377   1.09405   1.33244  0.884805  0.859038  0.456288   1.02059  0.930967  0.945007  0.403624  0.747612  0.409484  0.934427   0.93267         1  0.354723   2.44132   1.15694  0.230135  0.363253  0.851568
 0.510133  0.510103  0.510003  0.474701  0.475078  0.475387  0.458098  0.458409  0.458102  0.442125  0.442386  0.442166  0.424416  0.424066  0.424114  0.411656    0.4101  0.410239  0.414097  0.413209  0.413597   0.39974  0.396242  0.396875  0.397599  0.388823  0.390839   1.01171  0.589305   1.36106    1.2031   1.19498   1.08663   1.04231   1.01522   1.01949  0.502895  0.884786  0.919979  0.474071   1.01131   0.47512  0.593459  0.943426  0.712386  0.932881  0.929654         1  0.358513  0.426822   1.04216  0.986519  0.635059    1.6764
 0.545781  0.545845  0.545843  0.507744  0.507806  0.508651  0.490219  0.490253  0.586074  0.474486   0.47456  0.474685  0.456579  0.456209  0.456686  0.442236  0.642137  0.441905  0.446379  0.445579  0.446799   0.42964  0.426523  0.428857  0.428444  0.420518  0.425326   1.03334   1.03515   1.07881   1.09433   1.09704   1.10499   1.03818   1.01842   1.02223  0.973808  0.967136  0.853006  0.505708   1.05143  0.503438  0.888819   1.35228     1.397  0.931797  0.926902  0.934339   1.11173  0.433873  0.398137  0.287205  0.321826  0.300808
 0.559347  0.559351  0.559488  0.520187  0.520236  0.520599  0.501652  0.501669  0.501828  0.486262  0.486309  0.486312  0.467552  0.467266  0.469043  0.452259  0.451014  0.453673  0.457122  0.456456  0.459611  0.553973   0.54035  0.439791  0.433491  0.642146  0.435075  0.993097  0.992336   1.02917   1.15829   1.32147   1.11598   0.56714   1.25804   1.00765  0.974626  0.545694  0.976908  0.522008  0.527114  0.516614   1.30829   0.50344     1.062  0.892465  0.897771    0.8935  0.931038  0.890204  0.388991  0.306933  0.382645  0.293996

Errors: 
 2.1098e-05 2.10937e-05 2.11373e-05 2.12123e-05    0.445566    0.418534 2.23799e-05 2.23891e-05 2.24043e-05 2.31405e-05 2.31248e-05  2.3098e-05 2.63958e-05 2.63524e-05  2.6333e-05  0.00102207  0.00108467   0.0013246 2.87724e-05 2.86425e-05 2.86476e-05 3.27795e-05 3.25391e-05 3.22706e-05 4.15987e-05 0.000918756 0.000961296           0 2.70717e-05 2.59091e-05 2.86683e-05           0           0     1.00001     1.00004     1.00009    0.377667  1.1038e-05 3.28545e-05 5.09416e-05 0.000206101  0.00172304     1.00009 6.70197e-05 5.88309e-05 6.71926e-05 6.16124e-05 5.56801e-05 0.000125008 0.000817124 1.73322e-05 0.000298807           1 0.000149353
          0 6.14838e-05 6.17124e-05           0           0           0           0           0           0 6.48108e-05 6.45923e-05 6.41326e-05 7.35881e-05           0           0 7.69962e-05 7.61412e-05 7.40099e-05 8.12276e-05 8.01006e-05  7.7883e-05 9.19061e-05           0 8.59486e-05 0.000139244           0 0.000118273           0           0 8.42587e-05           0           0           0           1     1.00126     1.00134 0.000123274           0           0           1           1 0.000146269 0.000293854 0.000231706 0.000206584 0.000251599 0.000211418 0.000191449     1.00001           1    0.689607  0.00104841 5.12846e-05 0.000621225
0.000124898           0           0           0           0           0           0 0.000125389  0.00012499 0.000129275 0.000129519 0.000127964           0           0           0 0.000157738           0 0.000152037 0.000161194 0.000159117 0.000156828 0.000202531 0.000193956 0.000188566           0           0           0           0           0           1           0           0           0           0           0           0           0           0 0.000254012 0.000457118     1.00001   0.0186688     1.00004  0.00061563 0.000536594 0.000655531 0.000544188 0.000498334  0.00500532    0.644599 0.000218919  0.00255084  0.00376442  0.00175776
          0           0           0 0.000201904 0.000203705           0           0           0           0 0.000218264 0.000218274   0.0002184           0     1.00015 0.000249799 0.000293066 0.000284573 0.000275816 0.000299049 0.000286134 0.000281304           0 0.000366797 0.000349634 0.000669336           0 0.000497938  0.00032574           0           0           0 0.000336132           0 0.000426389     1.00035     1.01908 0.000544858           0 0.000434262     1.00021     1.00007     1.00002      1.0001     1.00003  0.00108529  0.00130761  0.00107285 0.000969427  0.00611383  0.00762831  0.00179412  0.00225813  0.00408098     1.00005
          0           0           0           0           0 0.000307253 0.000309167 0.000301507           0 0.000333109 0.000335829 0.000337916 0.000414956 0.000407497  0.00039715 0.000515436 0.000501324 0.000482015 0.000498162           0 0.000388107           0           0     1.00032           0           0           0           0           0           0           0           0 0.000527499           0           0     1.03607           0           0           0  0.00168145   0.0013667  0.00130151  0.00324383  0.00231165  0.00208381  0.00248158  0.00196915  0.00184228 4.36851e+06  0.00385598  0.00027225   0.0100341 0.000279244  0.00646363
          0           0           0           0           0           0 0.000443364 0.000444716 0.000447245 0.000490106 0.000490463 0.000490784           0 0.000615178           0 0.000818714           0     1.00939 0.000772845 0.000758564 0.000729631  0.00120331           0           0  0.00211964  0.00183879  0.00165962           0           0           0           0           0      1.0001     1.01076           0           0           0           0           0   0.0252269  0.00231603     1.00765  0.00567616  0.00414784  0.00362629  0.00416256  0.00336465   0.0031345  1.6253e-05     1.00025  0.00588929     1.00005   0.0122301           1
          0           0           0           0           0           0 0.000595878  0.00059359 0.000591298 0.000686954 0.000674437 0.000666054 0.000853149           0           0           0           0           0  0.00123823  0.00113384  0.00110472   0.0021075  0.00184741  0.00184104           0           0           0           0           0           0           0           0           0     1.18849     1.74156           0           0  0.00234646           0  0.00484335     1.00001  0.00359384           1  0.00689419  0.00620726   0.0401987   0.0419912   0.0445945   0.0147345     1.11166 0.000154001  0.00609693   0.0173864 0.000212155
          0           0 0.000851605  0.00080524           0 0.000814437 0.000826921 0.000830331 0.000826071 0.000956074 0.000961921 0.000954025  0.00131376  0.00138301  0.00126486  0.00210006  0.00205664  0.00200114  0.00176708  0.00175493           0  0.00332503  0.00324689  0.00282872  0.00627209  0.00521648  0.00483386           0           0           0           0           0           0     1.14063     1.14433     1.14724           0           0           0  0.00769309           0     1.00005           1     1.00022   0.0103325  0.00669709   0.0437502   0.0452421 0.000255029     1.88202   0.0150151           1      1.0002   0.0203191
          0  0.00127059  0.00126328           0  0.00120676  0.00120763           0  0.00126261  0.00124046  0.00144977  0.00145649  0.00144052           0           0  0.00196053  0.00337982   0.0033566           0           0  0.00276671   0.0026179  0.00558668  0.00553952   0.0054148   0.0100366  0.00983776           0           0           0           0           0           0           0           0     1.17012     1.00322           0           0  0.00467688     1.00001     1.00004     1.00001   0.0231122     1.00069   0.0170807  0.00983393  0.00968696   0.0412718    0.026603   0.0187442 0.000800975   0.0152334   0.0269935    0.933749
          0           0           0  0.00169605  0.00170499  0.00170128  0.00183181  0.00183978  0.00182539  0.00211277  0.00213839  0.00210339  0.00304206  0.00306068  0.00295717  0.00509278  0.00514153  0.00497381  0.00417892  0.00409703  0.00389003  0.00827351  0.00860148  0.00853744   0.0151518   0.0149681   0.0145808           0  0.00281322           0           0           0           0     2.04938           0           0  0.00731593           0           0   0.0160031     1.00045   0.0144321     1.00014     1.00453      1.0006   0.0108462   0.0102536   0.0465297   0.0312094   0.0300304  0.00197968  0.00189186   0.0183981    0.038184
          0           0   0.0020652  0.00210584  0.00210161   0.0021052  0.00231419  0.00233606           0  0.00262202  0.00264195  0.00265848  0.00395128  0.00390958  0.00381105  0.00704083           0  0.00675847  0.00522485  0.00535332  0.00500775   0.0118761   0.0113618   0.0111797   0.0209552   0.0194815   0.0183781           0           0           0           0           0           0     1.67165           0           0           0           0           0   0.0208944     1.00004   0.0178276     1.00042     1.00012           1   0.0114875   0.0108263   0.0106091  0.00141679   0.0348258   0.0326803    0.027438   0.0251764   0.0233548
          0           0           0  0.00226849   0.0022584  0.00224486  0.00257472   0.0025825   0.0025453    0.002856   0.0028688  0.00287979  0.00442323  0.00434789  0.00420702  0.00784326  0.00802186  0.00773232   0.0059381  0.00595985  0.00556448           0           0   0.0126351   0.0228182           0   0.0232247           0           0           0           0     1.00095           0  0.00990306           0           0           0  0.00957165           0   0.0234536   0.0211023   0.0206895     1.21659   0.0436445     1.04836  0.00256581  0.00345282   0.0023985     1.00078      1.0006   0.0327767   0.0300155   0.0316606   0.0279904

Statuses: 
0 0 0 0 3 3 0 0 0 0 0 0 0 0 0 3 3 3 0 0 0 0 0 0 0 3 3 3 0 0 0 3 3 3 3 3 3 3 0 0 3 3 3 0 0 0 0 0 0 1 3 3 3 0
2 0 0 3 3 3 3 3 3 0 0 0 0 3 3 0 0 0 0 0 0 0 3 0 0 3 0 3 3 0 3 3 3 3 3 3 0 3 3 3 3 0 0 0 0 0 0 0 3 3 3 0 3 0
0 2 2 3 3 3 3 0 0 0 0 0 3 3 3 0 3 0 0 0 0 0 0 0 3 3 3 3 3 3 3 3 3 3 3 3 3 3 0 0 3 3 3 0 0 0 0 0 3 3 3 0 3 3
2 2 2 0 0 2 3 3 3 0 0 0 3 3 0 0 0 0 0 0 0 3 0 0 0 3 0 0 3 3 3 0 3 0 3 3 0 3 0 3 3 3 3 3 0 0 0 0 3 3 0 3 0 3
2 2 2 3 3 0 0 0 3 0 0 0 0 0 0 0 0 0 0 3 0 3 3 3 3 3 3 3 3 3 3 3 0 3 3 3 3 3 3 0 0 0 0 0 0 0 0 0 3 0 3 0 3 0
2 2 2 3 3 3 0 0 0 0 0 0 3 0 3 0 3 3 0 0 0 0 3 3 0 0 0 3 3 3 3 3 3 3 3 3 3 3 3 3 0 3 0 0 0 0 0 0 3 3 0 3 0 3
2 2 2 3 3 3 0 0 0 0 0 0 0 3 3 3 3 3 0 0 0 0 0 0 3 3 3 3 3 3 3 3 3 3 3 3 3 0 3 0 3 0 3 0 0 3 3 3 0 3 3 3 0 3
2 2 0 0 3 0 0 0 0 0 0 0 0 0 0 0 0 0 0 0 3 0 0 0 0 0 0 3 3 3 3 3 3 3 3 3 3 3 3 0 3 3 3 3 0 3 3 3 3 3 0 3 3 0
2 0 0 3 0 0 3 0 0 0 0 0 3 3 0 0 0 3 3 0 0 0 0 0 0 0 3 3 3 3 3 3 3 3 3 3 3 3 0 3 3 3 0 3 0 3 3 3 0 3 3 0 0 3
2 2 2 0 0 0 0 0 0 0 0 0 0 0 0 0 0 0 0 0 0 0 0 0 0 0 0 3 0 3 3 3 3 3 3 3 0 3 3 0 3 0 3 3 3 3 3 3 0 0 3 3 3 3
2 2 0 0 0 0 0 0 3 0 0 0 0 0 0 0 3 0 0 0 0 0 0 0 0 0 0 3 3 3 3 3 3 3 3 3 3 3 3 0 3 0 3 3 3 3 3 3 3 0 0 0 0 0
2 2 2 0 0 0 0 0 0 0 0 0 0 0 0 0 0 0 0 0 0 3 3 0 0 3 0 3 3 3 3 3 3 0 3 3 3 0 3 0 0 0 3 0 3 3 3 3 3 3 0 0 0 0
chisq per dof: 
45.8996 40.9298  38.264 27.3555 57700.5 53170.6 16.2945 14.2369 12.7289 6.77629 6.20972 5.63838 2.67352 2.44207 2.28823 38553.6 33891.4 30759.3 1.91801 1.78688 1.69598  1.8119 1.67768 1.58132 2.00874 44894.1 38644.7  128212 25.5722 23.3194 11.8361  101874 89139.5  132900  117095  100498  116099  104430 3.52207 2.14618  128336 53151.1  154465  1.8817 1.73897 2.10821 1.95792 1.82985 2.26441  140681  129591  221927  175545 2.00666
29.2074 26.2217  25.028 7748.29 6765.76 6005.97 8186.83 4592.16 5025.89 3.93554 3.85277 3.55526 2.04552   180.8 66.7124 1.67988 1.60169 1.52191 1.77546 1.69017 1.60936 1.80675 2105.87  1.5827 2.00498 10850.7 1.67427 8246.78 8314.38 14.2927 10403.1 9083.41 8130.09 10441.8 10788.3 9252.66 2.31027 9556.17 8227.32 7977.99 11571.4 1.69538 2.01902 1.81553 1.68716 2.03125 1.86118 1.74673 17552.8 13984.5 11147.3 2.67331 15754.3  2.0081
19.8833 17.8209 16.5198  1700.9 1493.98 1351.72 1856.29 5.96267 5.43773 2.90288 2.89116 2.69641 2165.73 1809.16 1599.36 1.63224 1039.08 1.48685 1.71547 1.64071 1.56198 1.80351 1.68447  1.5867 3256.58 2668.18 2228.01  2247.4 1976.45 822.337 2961.84 2540.65 2224.65 3295.46 2751.32 2359.21 2470.01 966.765 1.84329  1.8549  2831.1 2482.89 4105.99 1.81366 1.68387 2.01859 1.84974 1.73537  4279.2 2932.07 2878.25 2.67092 4083.78 3160.34
 13.845 12.4393 11.8182 6.65435 6.29722 5.97915 660.376 626.524 423.429 2.29701 2.27603 2.18199 812.298 10.3901 1.53141 1.61901 1.53218 1.45986 1.69653 1.60735 1.53321 1012.04 1.67272 1.57667 2.00201 421.146 1.67038 5.16902 718.694 652.465 1101.37 2.61757 837.926 1.90144 986.303 882.178 1.84382 817.325 1.69275 1170.78 1070.49 800.411 1512.35 1208.55 1.67393 2.00955 1.84133 1.72366 1441.15 1213.53 1.83727 1210.67 2.25479 1232.45
10.3008 9.30368 9.03137 197.943 170.694 4.41535 2.94389 2.78971 118.584 1.96883 1.92566 1.88642 1.58791  1.5224 1.46302 1.61265 1.51981  1.4486   1.685  212.54 1.52053 435.001 364.399  18.451 136.922 93.5813 128.634 364.646   316.3 281.595 481.453 413.479 2.04037 515.535 430.618 375.227  412.13 367.944 309.966 1.81668 1.68346 1.58775 2.00587 1.80474 1.67073  2.0066 1.83893 1.71939 80.7014 2.00297 382.579 2.66865 585.397 2.00284
7.99014   7.248 7.02964 115.573 107.066 101.212 2.36335 2.23501 2.11995 1.81295 1.74971  1.6938 30.7195 1.49287 131.619 1.61176 168.927 12.5945 1.68213 1.58798 1.51464 1.80302 15.8568 38.8474 2.00272  1.8024 1.66873 176.746 142.178 130.622 239.965 206.524 166.806 252.902 211.989 184.255 228.276 182.621  164.78  215.81 1.67914 209.186 2.00672  1.8054 1.67194 2.00613 1.83873 1.72017   145.7 291.174 1.83618 420.978 2.25286 199.375
6.52776 5.91404 5.58175 31.8307 28.7923 29.1018 1.93178 1.85196 1.79716 1.68061 1.62166   1.582 1.53861 24.9523 32.6811 13.5524  12.034 13.7265 1.67742 1.58358 1.51334 1.80355 1.67036 1.57596 115.449 92.7563 77.5309 140.596 84.3643  54.865 130.345 111.514 77.9749 134.209 112.034 96.1828 102.765 1.62338 90.1064 1.81178  86.406 1.58055 65.1473 1.80577 1.67174 206.768 173.629 151.045  2.2542 50.2815 83.3388 129.482  2.2545 126.613
5.03356 4.58656 4.32778 2.42951 4.14678 2.23063 1.71054 1.64161 1.58251 1.61345 1.55117 1.51154 1.52925 1.46247 1.40713 1.60601 1.50918 1.43789 1.67632 1.58397 17.6534 1.80338 1.67106 1.57563 2.00421 1.80488 1.67102  71.711 67.1058 55.0159 59.8411  55.045 57.1893  76.628 64.1357 55.1186 62.2842 50.2824 43.8174 1.81078 55.7476 45.3994 45.3119 76.1116 1.67153 118.174 106.074 92.1323 70.4246 60.7893 1.83767 97.5001 94.5286 2.00515
3.54966 3.26732  3.0664 13.4644 1.87634 1.83986 13.4647 1.50344  1.4435    1.56  1.4995 1.45516 26.7279 23.6554 1.39982 1.60599 1.50939 19.4711 46.3279 1.58432 1.51128 1.80291 1.67131 1.57541 2.00343 1.80469 25.2671  35.003 31.2339 23.5382 38.4194 35.5434 29.6274 46.6858 39.0641 30.1871 25.3327 19.8196 1.51433 28.2895 38.6099 18.4976 2.00522 37.5989 1.67166 79.1918 66.1657 61.9551 2.25357 41.8798  31.962 2.66923 2.25585  42.998
2.57457 2.39971 2.26339 1.67738 1.60067 1.56355 1.46113 1.40598 1.35671 1.50766 1.45185  1.4077  1.5157 1.44747 1.39154 1.60411  1.5073 1.43485 1.67366 1.58124 1.50867 1.80249 1.67105 1.57532 2.00306  1.8047 1.67085 23.8116 1.56986 23.5232 33.6803  29.213  26.061 31.1934 26.2702 22.7496 1.67689 23.0915 15.8231 1.80596 25.3491  1.5774 32.6317 30.8717 25.3683 58.7447 49.1926 47.8378 2.25276 2.00491 27.1701 24.5495 37.4081 13.5024
2.12981 2.00482 1.90501 1.51843 1.45737  1.4216 1.40435 1.35172  2.6538 1.47524 1.41956 1.37564 1.51091  1.4406 1.38572 1.60392 5.32929 1.43346 1.67267 1.57852 1.50664 1.80312 1.67043 1.57537 2.00389 1.80433  1.6712  15.547 14.6095 9.58042 27.5645 23.8183 20.9456   23.81 20.0423 17.3432 19.7617 16.8463 12.1234  1.8058 18.2135 1.57754 18.2815 7.91134 4.55834 49.0811 41.0919 36.3391  18.203  2.0045 1.83779 2.67016 2.25515 2.00467
2.00077 1.88958 1.80255 1.47765 1.42077 1.38046 1.39257 1.34015 1.29784 1.46809 1.41254 1.36693 1.50947 1.43921 1.38618 1.60312 1.50474  1.4352 1.67182 1.57789 1.50802 3.47267 4.90471 1.57719 2.00255 3.27555  1.6733  9.5766  8.7917 8.36222 25.4532 18.8352 19.1554 1.60751 12.6997 15.8387 17.4637 1.57563 13.9314 1.80393 1.67037 1.57923 27.1673 1.80386 17.0202 27.3392 20.0737 19.4635 38.1691 30.6775 1.83981  2.6691 2.25432 2.00701
Mode averaged potential and errors: 
  0.0926805 4.15987e-05
    0.14537  0.00063801
   0.181887  0.00255084
   0.215963 0.000669336
    0.24746   0.0115765
   0.279908  0.00786919
   0.308291   0.0154941
   0.340131  0.00590241
   0.349848    0.060815
   0.406032   0.0124433
   0.415379   0.0562096
   0.441337   0.0651398
R Models:
(* Fitting with shape 1 1 1 1 1 1 1 1 0 0 0 0 *)
G[R_,xx_]:=xx[[0]] + xx[[1]]/R | xx[[2]]*R
(* Fitting with shape 1 1 1 1 1 1 1 1 1 0 0 0 *)
G[R_,xx_]:=xx[[0]] + xx[[1]]/R | xx[[2]]*R
(* Fitting with shape 1 1 1 1 1 1 1 1 1 1 0 0 *)
G[R_,xx_]:=xx[[0]] + xx[[1]]/R | xx[[2]]*R
(* Fitting with shape 1 1 1 1 1 1 1 1 1 1 1 0 *)
G[R_,xx_]:=xx[[0]] + xx[[1]]/R | xx[[2]]*R
(* Fitting with shape 1 1 1 1 1 1 1 1 1 1 1 1 *)
G[R_,xx_]:=xx[[0]] + xx[[1]]/R | xx[[2]]*R
(* Fitting with shape 0 1 1 1 1 1 1 1 0 0 0 0 *)
G[R_,xx_]:=xx[[0]] + xx[[1]]/R | xx[[2]]*R
(* Fitting with shape 0 1 1 1 1 1 1 1 1 0 0 0 *)
G[R_,xx_]:=xx[[0]] + xx[[1]]/R | xx[[2]]*R
(* Fitting with shape 0 1 1 1 1 1 1 1 1 1 0 0 *)
G[R_,xx_]:=xx[[0]] + xx[[1]]/R | xx[[2]]*R
(* Fitting with shape 0 1 1 1 1 1 1 1 1 1 1 0 *)
G[R_,xx_]:=xx[[0]] + xx[[1]]/R | xx[[2]]*R
(* Fitting with shape 0 1 1 1 1 1 1 1 1 1 1 1 *)
G[R_,xx_]:=xx[[0]] + xx[[1]]/R | xx[[2]]*R
(* Fitting with shape 0 0 1 1 1 1 1 1 0 0 0 0 *)
G[R_,xx_]:=xx[[0]] + xx[[1]]/R | xx[[2]]*R
(* Fitting with shape 0 0 1 1 1 1 1 1 1 0 0 0 *)
G[R_,xx_]:=xx[[0]] + xx[[1]]/R | xx[[2]]*R
(* Fitting with shape 0 0 1 1 1 1 1 1 1 1 0 0 *)
G[R_,xx_]:=xx[[0]] + xx[[1]]/R | xx[[2]]*R
(* Fitting with shape 0 0 1 1 1 1 1 1 1 1 1 0 *)
G[R_,xx_]:=xx[[0]] + xx[[1]]/R | xx[[2]]*R
(* Fitting with shape 0 0 1 1 1 1 1 1 1 1 1 1 *)
G[R_,xx_]:=xx[[0]] + xx[[1]]/R | xx[[2]]*R
(* Fitting with shape 0 0 0 1 1 1 1 1 0 0 0 0 *)
G[R_,xx_]:=xx[[0]] + xx[[1]]/R | xx[[2]]*R
(* Fitting with shape 0 0 0 1 1 1 1 1 1 0 0 0 *)
G[R_,xx_]:=xx[[0]] + xx[[1]]/R | xx[[2]]*R
(* Fitting with shape 0 0 0 1 1 1 1 1 1 1 0 0 *)
G[R_,xx_]:=xx[[0]] + xx[[1]]/R | xx[[2]]*R
(* Fitting with shape 0 0 0 1 1 1 1 1 1 1 1 0 *)
G[R_,xx_]:=xx[[0]] + xx[[1]]/R | xx[[2]]*R
(* Fitting with shape 0 0 0 1 1 1 1 1 1 1 1 1 *)
G[R_,xx_]:=xx[[0]] + xx[[1]]/R | xx[[2]]*R
2.69879 2.69879 2.69879 
-0.188937 -0.188937 -0.188937 
1 1 1 
3406.59 3406.59 3406.59 
-2632.73 -2632.73 -2632.73 
3.08628e-316 3.08628e-316 3.08628e-316 
1.29493e+08 1.29493e+08 1.29493e+08 
20585.9 20585.9 20585.9 
-9615.8 -9615.8 -9615.8 
4.00193e-322 4.00193e-322 4.00193e-322 
0.0100599 0.0100599 0.0100599 
0.00219353 0.00219353 0.00219353 
0.0238447 0.0238447 0.0238447 
2171.05 2171.05 2171.05 
1890.06 1890.06 1890.06 
3.10907e-316 3.10907e-316 3.10907e-316 
2.48995e-316 2.48995e-316 2.48995e-316 
2.06025e-321 2.06025e-321 2.06025e-321 
3.12328e-316 3.12328e-316 3.12328e-316 
6.37345e-322 6.37345e-322 6.37345e-322 
3.23687e-316 3.23687e-316 3.23687e-316 
5.55381e-08 5.55381e-08 5.55381e-08 
8.88178e-16 8.88178e-16 8.88178e-16 
8.93122e-07 8.93122e-07 8.93122e-07 
1.35952e-05 1.35952e-05 1.35952e-05 
5.63767e-05 5.63767e-05 5.63767e-05 
-3.31451e-07 -3.31451e-07 -3.31451e-07 
5.23917e-05 5.23917e-05 5.23917e-05 
5.66025e-05 5.66025e-05 5.66025e-05 
0.000578355 0.000578355 0.000578355 
0 0 0 
0 0 0 
0 0 0 
0 0 0 
1.67772e+07 1.67772e+07 1.67772e+07 
1.63042e-322 1.63042e-322 1.63042e-322 
3.03723e-316 3.03723e-316 3.03723e-316 
3.21143e-322 3.21143e-322 3.21143e-322 
3.12533e-316 3.12533e-316 3.12533e-316 
3.04285e-316 3.04285e-316 3.04285e-316 
2.47033e-323 2.47033e-323 2.47033e-323 
4.70471e+06 4.70471e+06 4.70471e+06 
0 0 0 
0 0 0 
0 0 0 
2.42092e-322 2.42092e-322 2.42092e-322 
3.06551e-316 3.06551e-316 3.06551e-316 
3.23893e-316 3.23893e-316 3.23893e-316 
0.597833 0.597833 0.597833 
24.4407 24.4407 24.4407 
0 0 0 
2.42092e-322 2.42092e-322 2.42092e-322 
3.12382e-316 3.12382e-316 3.12382e-316 
0 0 0 
Probabilities: 
        0         0         0         0         0         0         0         0         0         0         0         0  0.011937 0.0256527 0.0483588         0         0 0.0500732         0 0.0369151  0.219094         0 0.0749146  0.177447         0         0         0         0         0         0         0         0         0         0         0         0         0  0.139991         0 0.0257116         0  0.178788 0.0111176         0         0         0         0         0         0         0         0         0         0         0

String tensions: 
         1          1          1          1          1          1          1          1          1  -0.462584  -0.463391  -0.464428   -0.65197  -0.654257  -0.657334   -2.48452   -2.48147  -0.857049    90.5731    -0.9834   -0.90343    0.26856   -1.50591   -1.55604   -1.34138   -1.14129   -3.24128  0.0260465          1          1   0.924006   0.926644   0.928776   0.329764   0.329446  -0.056957    1.13818  0.0057667 -0.0805321 0.00354402   0.212531 0.00402669   0.001847     0.5622 -0.0614667    1.20332    1.08058    1.11407  0.0136164  0.0131331   0.218812  0.0091515   0.771036    2.25651

Errors: 
    5792.62     5792.62     5792.62     5792.62     5792.62     5792.62     5792.62     5792.62     5792.62  0.00433065  0.00428554  0.00423245   0.0238447   0.0234264   0.0231662     1.00189     1.00178    0.128982    0.430344    0.013305   0.0080008           0    0.460639    0.441015     1.05589     1.08344     1.03802 0.000523693           0           0     1.02158     1.02174     1.02187           0           0     1.00027    0.825124  0.00078776           1  0.00290461           1  0.00258463  0.00414385     1.00204           1           1  0.00288821  0.00288619 0.000616385 0.000619328           1 0.000701477   0.0859007     1.00017

Statuses: 
3 3 3 0 0 0 0 0 0 0 0 0 0 0 0 3 3 0 0 0 0 3 0 0 3 3 3 0 3 3 3 3 3 3 3 3 3 0 3 0 3 0 0 3 3 3 3 3 1 1 3 1 3 3
chisq per dof: 
  13324.2   11658.7   10364.1   71.9506   63.6012   57.9582   4.36647   3.85508   3.59676   8.03834   7.36009   6.94697  0.342726  0.360905  0.407293   721.112    606.77  0.169809   15930.7  0.474799  0.248515   7631.21 0.0547053 0.0822863   1012.84   795.221   359.301    98.019    153782    136701     19283   16536.1   14474.9   21572.2   17996.1   10776.2     23884  0.141561   13238.1 0.0869578   12458.9 0.0804043 0.0397168   18194.1   13132.7   18984.4   14471.2   12868.6  0.488338  0.413672   12748.5 0.0693049   18236.3   8477.31
Model string tension and errors: 
sigma = -0.720797 +/- 0.64773
