R=0parameters: 
-0.647441 -0.647441 
0.0685405 0.0685405 
8.60391e-11 8.60391e-11 
3.21143e-322 3.21143e-322 
9.88131e-324 9.88131e-324 
3.00618e-316 3.00618e-316 
11 11 
2.846e-316 2.846e-316 
6.92898e-310 6.92898e-310 
2.61855e-322 2.61855e-322 2.61855e-322 
2.88553e-316 2.88553e-316 2.88553e-316 
0 0 0 
2.88339e-316 2.88339e-316 2.88339e-316 
9.88131e-324 9.88131e-324 9.88131e-324 
3.16202e-322 3.16202e-322 3.16202e-322 
2.88553e-316 2.88553e-316 2.88553e-316 
8.48798e-314 8.48798e-314 8.48798e-314 
9.88131e-324 9.88131e-324 9.88131e-324 
0 0 0 0 
1.63042e-322 1.63042e-322 1.63042e-322 1.63042e-322 
6.92898e-310 6.92898e-310 6.92898e-310 6.92898e-310 
6.92898e-310 6.92898e-310 6.92898e-310 6.92898e-310 
2.88531e-316 2.88531e-316 2.88531e-316 2.88531e-316 
1.63042e-322 1.63042e-322 1.63042e-322 1.63042e-322 
2.88211e-316 2.88211e-316 2.88211e-316 2.88211e-316 
0 0 0 0 
4.94066e-323 4.94066e-323 4.94066e-323 4.94066e-323 
4.00193e-322 4.00193e-322 4.00193e-322 
6.92898e-310 6.92898e-310 6.92898e-310 
2.88554e-316 2.88554e-316 2.88554e-316 
2.88554e-316 2.88554e-316 2.88554e-316 
1.61675e+184 1.61675e+184 1.61675e+184 
3.44682e-85 3.44682e-85 3.44682e-85 
8.40704e-315 8.40704e-315 8.40704e-315 
1.67792e+243 1.67792e+243 1.67792e+243 
2.22096e-313 2.22096e-313 2.22096e-313 
3.95253e-322 3.95253e-322 3.95253e-322 3.95253e-322 
6.37345e-322 6.37345e-322 6.37345e-322 6.37345e-322 
2.88901e-316 2.88901e-316 2.88901e-316 2.88901e-316 
-3.7749e-237 -3.7749e-237 -3.7749e-237 -3.7749e-237 
2.89091e-316 2.89091e-316 2.89091e-316 2.89091e-316 
2.88833e-316 2.88833e-316 2.88833e-316 2.88833e-316 
2.88554e-316 2.88554e-316 2.88554e-316 2.88554e-316 
2.96439e-323 2.96439e-323 2.96439e-323 2.96439e-323 
5.29404e-310 5.29404e-310 5.29404e-310 5.29404e-310 
0.0116099 0.0116099 0.0116099 0.0116099 0.0116099 
-0.00760842 -0.00760842 -0.00760842 -0.00760842 -0.00760842 
-0.4329 -0.4329 -0.4329 -0.4329 -0.4329 
7.86415e+06 7.86415e+06 7.86415e+06 7.86415e+06 7.86415e+06 
2.90689e+07 2.90689e+07 2.90689e+07 2.90689e+07 2.90689e+07 
0.594603 0.594603 0.594603 0.594603 0.594603 
5.55822e+09 5.55822e+09 5.55822e+09 5.55822e+09 5.55822e+09 
4.74303e-322 4.74303e-322 4.74303e-322 4.74303e-322 4.74303e-322 
1.63042e-322 1.63042e-322 1.63042e-322 1.63042e-322 1.63042e-322 
R=1parameters: 
-0.559934 -0.559934 
0.108782 0.108782 
-1.16682e-05 -1.16682e-05 
0.0785191 0.0785191 
-0.0577214 -0.0577214 
5.03038e+175 5.03038e+175 
3.5936e+246 3.5936e+246 
2.14726e+243 2.14726e+243 
-1.57925e+06 -1.57925e+06 
3.21143e-322 3.21143e-322 3.21143e-322 
2.88362e-316 2.88362e-316 2.88362e-316 
6.92898e-310 6.92898e-310 6.92898e-310 
1.42738e+228 1.42738e+228 1.42738e+228 
2.89933e-316 2.89933e-316 2.89933e-316 
81718.6 81718.6 81718.6 
2.88363e-316 2.88363e-316 2.88363e-316 
3.23796e-319 3.23796e-319 3.23796e-319 
1.8231e-321 1.8231e-321 1.8231e-321 
2.83916e-316 2.83916e-316 2.83916e-316 2.83916e-316 
6.92898e-310 6.92898e-310 6.92898e-310 6.92898e-310 
0.00141834 0.00141834 0.00141834 0.00141834 
6.92898e-310 6.92898e-310 6.92898e-310 6.92898e-310 
2.846e-316 2.846e-316 2.846e-316 2.846e-316 
5.58294e-322 5.58294e-322 5.58294e-322 5.58294e-322 
2.88315e-316 2.88315e-316 2.88315e-316 2.88315e-316 
-3.7749e-237 -3.7749e-237 -3.7749e-237 -3.7749e-237 
1.86017e+280 1.86017e+280 1.86017e+280 1.86017e+280 
2.19993e-152 2.19993e-152 2.19993e-152 
2.0349e+174 2.0349e+174 2.0349e+174 
6.84977e+180 6.84977e+180 6.84977e+180 
4.6156e+281 4.6156e+281 4.6156e+281 
4.81437e+199 4.81437e+199 4.81437e+199 
3.62474e+228 3.62474e+228 3.62474e+228 
1.05894e-153 1.05894e-153 1.05894e-153 
7.22762e+159 7.22762e+159 7.22762e+159 
7.36496e+271 7.36496e+271 7.36496e+271 
1.06499e-312 1.06499e-312 1.06499e-312 1.06499e-312 
1.0326e-321 1.0326e-321 1.0326e-321 1.0326e-321 
2.90196e-316 2.90196e-316 2.90196e-316 2.90196e-316 
2.82086e-316 2.82086e-316 2.82086e-316 2.82086e-316 
1.96453e-05 1.96453e-05 1.96453e-05 1.96453e-05 
-5.25673e-07 -5.25673e-07 -5.25673e-07 -5.25673e-07 
1.69339e-07 1.69339e-07 1.69339e-07 1.69339e-07 
1.63042e-322 1.63042e-322 1.63042e-322 1.63042e-322 
6.92896e-310 6.92896e-310 6.92896e-310 6.92896e-310 
0 0 0 0 0 
9.48606e-322 9.48606e-322 9.48606e-322 9.48606e-322 9.48606e-322 
3.16202e-322 3.16202e-322 3.16202e-322 3.16202e-322 3.16202e-322 
2.47033e-323 2.47033e-323 2.47033e-323 2.47033e-323 2.47033e-323 
2.89948e-316 2.89948e-316 2.89948e-316 2.89948e-316 2.89948e-316 
-1.99533e-05 -1.99533e-05 -1.99533e-05 -1.99533e-05 -1.99533e-05 
-4.00404e-06 -4.00404e-06 -4.00404e-06 -4.00404e-06 -4.00404e-06 
2.54764e-06 2.54764e-06 2.54764e-06 2.54764e-06 2.54764e-06 
-2.26916e-05 -2.26916e-05 -2.26916e-05 -2.26916e-05 -2.26916e-05 
R=2parameters: 
-0.456381 -0.456381 
0.140262 0.140262 
-0.0301682 -0.0301682 
5.63151 5.63151 
-24.558 -24.558 
5.03038e+175 5.03038e+175 
3.5936e+246 3.5936e+246 
2.14726e+243 2.14726e+243 
-1.57925e+06 -1.57925e+06 
1.63042e-322 1.63042e-322 1.63042e-322 
6.92896e-310 6.92896e-310 6.92896e-310 
0 0 0 
1.58101e-322 1.58101e-322 1.58101e-322 
3.95253e-322 3.95253e-322 3.95253e-322 
2.89948e-316 2.89948e-316 2.89948e-316 
2.84818e-316 2.84818e-316 2.84818e-316 
2.88303e-316 2.88303e-316 2.88303e-316 
2.89948e-316 2.89948e-316 2.89948e-316 
2.84342e-316 2.84342e-316 2.84342e-316 2.84342e-316 
2.77973e-316 2.77973e-316 2.77973e-316 2.77973e-316 
2.00578e+06 2.00578e+06 2.00578e+06 2.00578e+06 
86244.9 86244.9 86244.9 86244.9 
-106774 -106774 -106774 -106774 
1.1907e-321 1.1907e-321 1.1907e-321 1.1907e-321 
0.997947 0.997947 0.997947 0.997947 
0 0 0 0 
0 0 0 0 
4.00193e-322 4.00193e-322 4.00193e-322 
2.90249e-316 2.90249e-316 2.90249e-316 
0.911648 0.911648 0.911648 
2.90117e-316 2.90117e-316 2.90117e-316 
2.88553e-316 2.88553e-316 2.88553e-316 
2.87768e-316 2.87768e-316 2.87768e-316 
0.511424 0.511424 0.511424 
5.87633e+07 5.87633e+07 5.87633e+07 
-nan -nan -nan 
-nan -nan -nan -nan 
1.63042e-322 1.63042e-322 1.63042e-322 1.63042e-322 
6.92896e-310 6.92896e-310 6.92896e-310 6.92896e-310 
2.122e-314 2.122e-314 2.122e-314 2.122e-314 
2.83917e-316 2.83917e-316 2.83917e-316 2.83917e-316 
3.21143e-322 3.21143e-322 3.21143e-322 3.21143e-322 
6.92896e-310 6.92896e-310 6.92896e-310 6.92896e-310 
2.88303e-316 2.88303e-316 2.88303e-316 2.88303e-316 
2.83161e-316 2.83161e-316 2.83161e-316 2.83161e-316 
1.63042e-322 1.63042e-322 1.63042e-322 1.63042e-322 1.63042e-322 
2.85383e-316 2.85383e-316 2.85383e-316 2.85383e-316 2.85383e-316 
2.8316e-316 2.8316e-316 2.8316e-316 2.8316e-316 2.8316e-316 
1.79632e-05 1.79632e-05 1.79632e-05 1.79632e-05 1.79632e-05 
7.50168e-06 7.50168e-06 7.50168e-06 7.50168e-06 7.50168e-06 
6.92896e-310 6.92896e-310 6.92896e-310 6.92896e-310 6.92896e-310 
2.42092e-322 2.42092e-322 2.42092e-322 2.42092e-322 2.42092e-322 
6.92895e-310 6.92895e-310 6.92895e-310 6.92895e-310 6.92895e-310 
2.8825e-316 2.8825e-316 2.8825e-316 2.8825e-316 2.8825e-316 
R=3parameters: 
-0.346284 -0.346284 
0.169437 0.169437 
0.737447 0.737447 
0.585803 0.585803 
-9.77203 -9.77203 
5.03038e+175 5.03038e+175 
3.5936e+246 3.5936e+246 
2.14726e+243 2.14726e+243 
-1.57925e+06 -1.57925e+06 
2.1393e-321 2.1393e-321 2.1393e-321 
6.92898e-310 6.92898e-310 6.92898e-310 
6.92898e-310 6.92898e-310 6.92898e-310 
2.45192e+09 2.45192e+09 2.45192e+09 
5.48818e+08 5.48818e+08 5.48818e+08 
2.37152e-322 2.37152e-322 2.37152e-322 
2.37152e-322 2.37152e-322 2.37152e-322 
2.83941e-316 2.83941e-316 2.83941e-316 
8.81787e-05 8.81787e-05 8.81787e-05 
1.86371e-05 1.86371e-05 1.86371e-05 1.86371e-05 
3.10811e-05 3.10811e-05 3.10811e-05 3.10811e-05 
4.74303e-322 4.74303e-322 4.74303e-322 4.74303e-322 
6.32404e-322 6.32404e-322 6.32404e-322 6.32404e-322 
-0.000157848 -0.000157848 -0.000157848 -0.000157848 
9.45879e-06 9.45879e-06 9.45879e-06 9.45879e-06 
0 0 0 0 
2.90239e-316 2.90239e-316 2.90239e-316 2.90239e-316 
1.08904 1.08904 1.08904 1.08904 
-3375.59 -3375.59 -3375.59 
7.04439e-320 7.04439e-320 7.04439e-320 
2.122e-314 2.122e-314 2.122e-314 
2.88285e-316 2.88285e-316 2.88285e-316 
1.11165e-321 1.11165e-321 1.11165e-321 
6.92898e-310 6.92898e-310 6.92898e-310 
6.92898e-310 6.92898e-310 6.92898e-310 
-0.677239 -0.677239 -0.677239 
0 0 0 
0 0 0 0 
2.42092e-322 2.42092e-322 2.42092e-322 2.42092e-322 
2.82029e-316 2.82029e-316 2.82029e-316 2.82029e-316 
2.88191e-316 2.88191e-316 2.88191e-316 2.88191e-316 
5930.53 5930.53 5930.53 5930.53 
2.67084e-06 2.67084e-06 2.67084e-06 2.67084e-06 
0 0 0 0 
4.00193e-322 4.00193e-322 4.00193e-322 4.00193e-322 
2.85056e-316 2.85056e-316 2.85056e-316 2.85056e-316 
-0.0254468 -0.0254468 -0.0254468 -0.0254468 -0.0254468 
0.464995 0.464995 0.464995 0.464995 0.464995 
0 0 0 0 0 
6.92895e-310 6.92895e-310 6.92895e-310 6.92895e-310 6.92895e-310 
2.81557e-316 2.81557e-316 2.81557e-316 2.81557e-316 2.81557e-316 
0.266197 0.266197 0.266197 0.266197 0.266197 
2.88552e-316 2.88552e-316 2.88552e-316 2.88552e-316 2.88552e-316 
6.92895e-310 6.92895e-310 6.92895e-310 6.92895e-310 6.92895e-310 
2.88251e-316 2.88251e-316 2.88251e-316 2.88251e-316 2.88251e-316 
R=4parameters: 
-0.240781 -0.240781 
0.198894 0.198894 
-0.0132866 -0.0132866 
-1.36982 -1.36982 
-3.8833 -3.8833 
5.03038e+175 5.03038e+175 
3.5936e+246 3.5936e+246 
2.14726e+243 2.14726e+243 
-1.57925e+06 -1.57925e+06 
2.1393e-321 2.1393e-321 2.1393e-321 
6.92898e-310 6.92898e-310 6.92898e-310 
6.92898e-310 6.92898e-310 6.92898e-310 
3.01726e-316 3.01726e-316 3.01726e-316 
1.9812e-321 1.9812e-321 1.9812e-321 
2.85383e-316 2.85383e-316 2.85383e-316 
2.82111e-316 2.82111e-316 2.82111e-316 
2.81558e-316 2.81558e-316 2.81558e-316 
2.88824e-316 2.88824e-316 2.88824e-316 
2.89763e-316 2.89763e-316 2.89763e-316 2.89763e-316 
2.88824e-316 2.88824e-316 2.88824e-316 2.88824e-316 
5.71026 5.71026 5.71026 5.71026 
-1445.55 -1445.55 -1445.55 -1445.55 
1935.4 1935.4 1935.4 1935.4 
2.42092e-322 2.42092e-322 2.42092e-322 2.42092e-322 
0.00089322 0.00089322 0.00089322 0.00089322 
0.000306671 0.000306671 0.000306671 0.000306671 
0.000921947 0.000921947 0.000921947 0.000921947 
0.00250637 0.00250637 0.00250637 
1368.65 1368.65 1368.65 
2.42092e-322 2.42092e-322 2.42092e-322 
2.83743e-316 2.83743e-316 2.83743e-316 
6.92898e-310 6.92898e-310 6.92898e-310 
131357 131357 131357 
17773.5 17773.5 17773.5 
4.74303e-322 4.74303e-322 4.74303e-322 
3.95253e-322 3.95253e-322 3.95253e-322 
2.82168e-316 2.82168e-316 2.82168e-316 2.82168e-316 
2.83869e-316 2.83869e-316 2.83869e-316 2.83869e-316 
2.81482e-316 2.81482e-316 2.81482e-316 2.81482e-316 
2.87937e-316 2.87937e-316 2.87937e-316 2.87937e-316 
2.47033e-323 2.47033e-323 2.47033e-323 2.47033e-323 
2.9024e-316 2.9024e-316 2.9024e-316 2.9024e-316 
498236 498236 498236 498236 
2.85382e-316 2.85382e-316 2.85382e-316 2.85382e-316 
-1049.12 -1049.12 -1049.12 -1049.12 
7.16395e-322 7.16395e-322 7.16395e-322 7.16395e-322 7.16395e-322 
2.83916e-316 2.83916e-316 2.83916e-316 2.83916e-316 2.83916e-316 
-0.702996 -0.702996 -0.702996 -0.702996 -0.702996 
6.92895e-310 6.92895e-310 6.92895e-310 6.92895e-310 6.92895e-310 
3.01707e-316 3.01707e-316 3.01707e-316 3.01707e-316 3.01707e-316 
0.17737 0.17737 0.17737 0.17737 0.17737 
76997.8 76997.8 76997.8 76997.8 76997.8 
255389 255389 255389 255389 255389 
-681695 -681695 -681695 -681695 -681695 
R=5parameters: 
-0.147532 -0.147532 
0.230502 0.230502 
0.425719 0.425719 
2.50796 2.50796 
-15.5391 -15.5391 
5.03038e+175 5.03038e+175 
3.5936e+246 3.5936e+246 
2.14726e+243 2.14726e+243 
-1.57925e+06 -1.57925e+06 
2.1393e-321 2.1393e-321 2.1393e-321 
6.92898e-310 6.92898e-310 6.92898e-310 
6.92898e-310 6.92898e-310 6.92898e-310 
2.83866e-316 2.83866e-316 2.83866e-316 
1.63042e-322 1.63042e-322 1.63042e-322 
2.84343e-316 2.84343e-316 2.84343e-316 
2.81559e-316 2.81559e-316 2.81559e-316 
3.16202e-322 3.16202e-322 3.16202e-322 
3.95253e-322 3.95253e-322 3.95253e-322 
2.81584e-316 2.81584e-316 2.81584e-316 2.81584e-316 
0.124011 0.124011 0.124011 0.124011 
7.22762e+159 7.22762e+159 7.22762e+159 7.22762e+159 
4.2511e+228 4.2511e+228 4.2511e+228 4.2511e+228 
8.78592e-313 8.78592e-313 8.78592e-313 8.78592e-313 
1.58595e-321 1.58595e-321 1.58595e-321 1.58595e-321 
-8396.96 -8396.96 -8396.96 -8396.96 
-250585 -250585 -250585 -250585 
605.126 605.126 605.126 605.126 
728.14 728.14 728.14 
2.37152e-322 2.37152e-322 2.37152e-322 
2.37152e-322 2.37152e-322 2.37152e-322 
2.88534e-316 2.88534e-316 2.88534e-316 
3.43326e+07 3.43326e+07 3.43326e+07 
15476.1 15476.1 15476.1 
2909.62 2909.62 2909.62 
4.74303e-322 4.74303e-322 4.74303e-322 
2.37152e-322 2.37152e-322 2.37152e-322 
2.83771e-316 2.83771e-316 2.83771e-316 2.83771e-316 
6.52791e-06 6.52791e-06 6.52791e-06 6.52791e-06 
0.000336691 0.000336691 0.000336691 0.000336691 
0.000547363 0.000547363 0.000547363 0.000547363 
3.18382e-06 3.18382e-06 3.18382e-06 3.18382e-06 
0.00171342 0.00171342 0.00171342 0.00171342 
0 0 0 0 
0 0 0 0 
0 0 0 0 
0 0 0 0 0 
1.67772e+07 1.67772e+07 1.67772e+07 1.67772e+07 1.67772e+07 
6.37345e-322 6.37345e-322 6.37345e-322 6.37345e-322 6.37345e-322 
2.9017e-316 2.9017e-316 2.9017e-316 2.9017e-316 2.9017e-316 
2.84344e-316 2.84344e-316 2.84344e-316 2.84344e-316 2.84344e-316 
1.58101e-322 1.58101e-322 1.58101e-322 1.58101e-322 1.58101e-322 
2.83014e-316 2.83014e-316 2.83014e-316 2.83014e-316 2.83014e-316 
2455.67 2455.67 2455.67 2455.67 2455.67 
4.00193e-322 4.00193e-322 4.00193e-322 4.00193e-322 4.00193e-322 
R=6parameters: 
-0.069416 -0.069416 
0.265006 0.265006 
-0.000109401 -0.000109401 
1.19889 1.19889 
-0.880062 -0.880062 
5.03038e+175 5.03038e+175 
3.5936e+246 3.5936e+246 
2.14726e+243 2.14726e+243 
-1.57925e+06 -1.57925e+06 
2.1393e-321 2.1393e-321 2.1393e-321 
3.02051e-316 3.02051e-316 3.02051e-316 
1.77853e-316 1.77853e-316 1.77853e-316 
2.89395e-316 2.89395e-316 2.89395e-316 
3.00656e-316 3.00656e-316 3.00656e-316 
3.00655e-316 3.00655e-316 3.00655e-316 
0.221728 0.221728 0.221728 
0 0 0 
0 0 0 
0 0 0 0 
0.000523997 0.000523997 0.000523997 0.000523997 
515.633 515.633 515.633 515.633 
4.79244e-322 4.79244e-322 4.79244e-322 4.79244e-322 
1.77848e-316 1.77848e-316 1.77848e-316 1.77848e-316 
2.84344e-316 2.84344e-316 2.84344e-316 2.84344e-316 
65947.9 65947.9 65947.9 65947.9 
0.000885077 0.000885077 0.000885077 0.000885077 
109.982 109.982 109.982 109.982 
1.63042e-322 1.63042e-322 1.63042e-322 
2.88552e-316 2.88552e-316 2.88552e-316 
2.81557e-316 2.81557e-316 2.81557e-316 
8.69556e-322 8.69556e-322 8.69556e-322 
6.32404e-322 6.32404e-322 6.32404e-322 
2.85369e-316 2.85369e-316 2.85369e-316 
-1.1167e-06 -1.1167e-06 -1.1167e-06 
1.61852e-07 1.61852e-07 1.61852e-07 
5.28147e-05 5.28147e-05 5.28147e-05 
-2.04468e-06 -2.04468e-06 -2.04468e-06 -2.04468e-06 
0.000252201 0.000252201 0.000252201 0.000252201 
7.48312e-05 7.48312e-05 7.48312e-05 7.48312e-05 
-1.08065e-05 -1.08065e-05 -1.08065e-05 -1.08065e-05 
-0.000321768 -0.000321768 -0.000321768 -0.000321768 
0.00337647 0.00337647 0.00337647 0.00337647 
0 0 0 0 
2.42092e-322 2.42092e-322 2.42092e-322 2.42092e-322 
0 0 0 0 
0 0 0 0 0 
1.67772e+07 1.67772e+07 1.67772e+07 1.67772e+07 1.67772e+07 
1.63042e-322 1.63042e-322 1.63042e-322 1.63042e-322 1.63042e-322 
2.89936e-316 2.89936e-316 2.89936e-316 2.89936e-316 2.89936e-316 
-1.09923 -1.09923 -1.09923 -1.09923 -1.09923 
-8.25051e-06 -8.25051e-06 -8.25051e-06 -8.25051e-06 -8.25051e-06 
0.000132722 0.000132722 0.000132722 0.000132722 0.000132722 
-3557.13 -3557.13 -3557.13 -3557.13 -3557.13 
2.122e-314 2.122e-314 2.122e-314 2.122e-314 2.122e-314 
R=7parameters: 
-0.0120541 -0.0120541 
0.300872 0.300872 
-7.5491e-05 -7.5491e-05 
1.78801 1.78801 
-1.38251 -1.38251 
5.03038e+175 5.03038e+175 
3.5936e+246 3.5936e+246 
2.14726e+243 2.14726e+243 
-1.57925e+06 -1.57925e+06 
2.1393e-321 2.1393e-321 2.1393e-321 
6.92898e-310 6.92898e-310 6.92898e-310 
3.01813e-316 3.01813e-316 3.01813e-316 
8.10319e-06 8.10319e-06 8.10319e-06 
1.53347e-06 1.53347e-06 1.53347e-06 
-4.44397e-07 -4.44397e-07 -4.44397e-07 
2.5214e-08 2.5214e-08 2.5214e-08 
-3.30623e-05 -3.30623e-05 -3.30623e-05 
1.08351e-05 1.08351e-05 1.08351e-05 
0.507663 0.507663 0.507663 0.507663 
2.81558e-316 2.81558e-316 2.81558e-316 2.81558e-316 
1.33367 1.33367 1.33367 1.33367 
2.89911e-316 2.89911e-316 2.89911e-316 2.89911e-316 
2.87768e-316 2.87768e-316 2.87768e-316 2.87768e-316 
2.83915e-316 2.83915e-316 2.83915e-316 2.83915e-316 
26.0709 26.0709 26.0709 26.0709 
623.553 623.553 623.553 623.553 
273.153 273.153 273.153 273.153 
2.42092e-322 2.42092e-322 2.42092e-322 
2.8482e-316 2.8482e-316 2.8482e-316 
2.82519e-316 2.82519e-316 2.82519e-316 
73994.2 73994.2 73994.2 
-2.2262 -2.2262 -2.2262 
0 0 0 
2.42092e-322 2.42092e-322 2.42092e-322 
1.061e-313 1.061e-313 1.061e-313 
1.34474 1.34474 1.34474 
-0.0630014 -0.0630014 -0.0630014 -0.0630014 
-2.2262 -2.2262 -2.2262 -2.2262 
-1.38251 -1.38251 -1.38251 -1.38251 
2.8977e-316 2.8977e-316 2.8977e-316 2.8977e-316 
895.277 895.277 895.277 895.277 
-404.625 -404.625 -404.625 -404.625 
1.67772e+07 1.67772e+07 1.67772e+07 1.67772e+07 
1.63042e-322 1.63042e-322 1.63042e-322 1.63042e-322 
2.82108e-316 2.82108e-316 2.82108e-316 2.82108e-316 
2.42092e-322 2.42092e-322 2.42092e-322 2.42092e-322 2.42092e-322 
2.84463e-316 2.84463e-316 2.84463e-316 2.84463e-316 2.84463e-316 
6.92898e-310 6.92898e-310 6.92898e-310 6.92898e-310 6.92898e-310 
0.0577022 0.0577022 0.0577022 0.0577022 0.0577022 
2.82109e-316 2.82109e-316 2.82109e-316 2.82109e-316 2.82109e-316 
71446.8 71446.8 71446.8 71446.8 71446.8 
2.88304e-316 2.88304e-316 2.88304e-316 2.88304e-316 2.88304e-316 
2.48995e-316 2.48995e-316 2.48995e-316 2.48995e-316 2.48995e-316 
4.00193e-322 4.00193e-322 4.00193e-322 4.00193e-322 4.00193e-322 
R=8parameters: 
0.0244085 0.0244085 
0.338536 0.338536 
0.121085 0.121085 
-5.25145 -5.25145 
7.12834 7.12834 
5.03038e+175 5.03038e+175 
3.5936e+246 3.5936e+246 
2.14726e+243 2.14726e+243 
-1.57925e+06 -1.57925e+06 
2.1393e-321 2.1393e-321 2.1393e-321 
6.92898e-310 6.92898e-310 6.92898e-310 
6.92898e-310 6.92898e-310 6.92898e-310 
1.58101e-322 1.58101e-322 1.58101e-322 
2.37152e-322 2.37152e-322 2.37152e-322 
2.89927e-316 2.89927e-316 2.89927e-316 
0.000435243 0.000435243 0.000435243 
0 0 0 
0 0 0 
-7.15509e-05 -7.15509e-05 -7.15509e-05 -7.15509e-05 
9.0928e-05 9.0928e-05 9.0928e-05 9.0928e-05 
0 0 0 0 
0 0 0 0 
0 0 0 0 
0 0 0 0 
1.67772e+07 1.67772e+07 1.67772e+07 1.67772e+07 
2.42092e-322 2.42092e-322 2.42092e-322 2.42092e-322 
3.01646e-316 3.01646e-316 3.01646e-316 3.01646e-316 
2.90238e-316 2.90238e-316 2.90238e-316 
0.000332665 0.000332665 0.000332665 
0.000798826 0.000798826 0.000798826 
101.795 101.795 101.795 
7.16395e-322 7.16395e-322 7.16395e-322 
2.84222e-316 2.84222e-316 2.84222e-316 
2.8882e-316 2.8882e-316 2.8882e-316 
1.58101e-322 1.58101e-322 1.58101e-322 
1.58101e-322 1.58101e-322 1.58101e-322 
2.89417e-316 2.89417e-316 2.89417e-316 2.89417e-316 
0 0 0 0 
3.16202e-322 3.16202e-322 3.16202e-322 3.16202e-322 
1.58101e-322 1.58101e-322 1.58101e-322 1.58101e-322 
2.89889e-316 2.89889e-316 2.89889e-316 2.89889e-316 
2.83916e-316 2.83916e-316 2.83916e-316 2.83916e-316 
2.47033e-323 2.47033e-323 2.47033e-323 2.47033e-323 
4.25383e-05 4.25383e-05 4.25383e-05 4.25383e-05 
7.12834 7.12834 7.12834 7.12834 
2.42092e-322 2.42092e-322 2.42092e-322 2.42092e-322 2.42092e-322 
1.061e-313 1.061e-313 1.061e-313 1.061e-313 1.061e-313 
-0.00272604 -0.00272604 -0.00272604 -0.00272604 -0.00272604 
0.00026584 0.00026584 0.00026584 0.00026584 0.00026584 
0.00389241 0.00389241 0.00389241 0.00389241 0.00389241 
7.11455e-322 7.11455e-322 7.11455e-322 7.11455e-322 7.11455e-322 
3.21143e-322 3.21143e-322 3.21143e-322 3.21143e-322 3.21143e-322 
2.6639e+07 2.6639e+07 2.6639e+07 2.6639e+07 2.6639e+07 
372704 372704 372704 372704 372704 
R=9parameters: 
0.0416996 0.0416996 
0.372547 0.372547 
0.515159 0.515159 
0.809683 0.809683 
-11.2035 -11.2035 
5.03038e+175 5.03038e+175 
3.5936e+246 3.5936e+246 
2.14726e+243 2.14726e+243 
-1.57925e+06 -1.57925e+06 
2.1393e-321 2.1393e-321 2.1393e-321 
6.92898e-310 6.92898e-310 6.92898e-310 
6.92898e-310 6.92898e-310 6.92898e-310 
2.47033e-323 2.47033e-323 2.47033e-323 
2.85382e-316 2.85382e-316 2.85382e-316 
34421.5 34421.5 34421.5 
4.94066e-324 4.94066e-324 4.94066e-324 
2.88535e-316 2.88535e-316 2.88535e-316 
9.53547e-322 9.53547e-322 9.53547e-322 
2.89771e-316 2.89771e-316 2.89771e-316 2.89771e-316 
2.88552e-316 2.88552e-316 2.88552e-316 2.88552e-316 
-0.083427 -0.083427 -0.083427 -0.083427 
2.88251e-316 2.88251e-316 2.88251e-316 2.88251e-316 
2.47033e-323 2.47033e-323 2.47033e-323 2.47033e-323 
-1.32443 -1.32443 -1.32443 -1.32443 
0 0 0 0 
2.42092e-322 2.42092e-322 2.42092e-322 2.42092e-322 
2.89748e-316 2.89748e-316 2.89748e-316 2.89748e-316 
2.84815e-316 2.84815e-316 2.84815e-316 
0.00390625 0.00390625 0.00390625 
-0.000187491 -0.000187491 -0.000187491 
8.69556e-322 8.69556e-322 8.69556e-322 
2.37152e-322 2.37152e-322 2.37152e-322 
-1.42067 -1.42067 -1.42067 
128114 128114 128114 
0.00781252 0.00781252 0.00781252 
-2.74806 -2.74806 -2.74806 
-11.2035 -11.2035 -11.2035 -11.2035 
6.32404e-322 6.32404e-322 6.32404e-322 6.32404e-322 
7.04439e-320 7.04439e-320 7.04439e-320 7.04439e-320 
3.72265e-05 3.72265e-05 3.72265e-05 3.72265e-05 
4.38506e-05 4.38506e-05 4.38506e-05 4.38506e-05 
-0.00012289 -0.00012289 -0.00012289 -0.00012289 
1.59021e-05 1.59021e-05 1.59021e-05 1.59021e-05 
-20330.5 -20330.5 -20330.5 -20330.5 
-11.2035 -11.2035 -11.2035 -11.2035 
1.63042e-322 1.63042e-322 1.63042e-322 1.63042e-322 1.63042e-322 
2.83915e-316 2.83915e-316 2.83915e-316 2.83915e-316 2.83915e-316 
2.90262e-316 2.90262e-316 2.90262e-316 2.90262e-316 2.90262e-316 
2.47033e-323 2.47033e-323 2.47033e-323 2.47033e-323 2.47033e-323 
2.90193e-316 2.90193e-316 2.90193e-316 2.90193e-316 2.90193e-316 
22384.5 22384.5 22384.5 22384.5 22384.5 
2.88304e-316 2.88304e-316 2.88304e-316 2.88304e-316 2.88304e-316 
3.23796e-319 3.23796e-319 3.23796e-319 3.23796e-319 3.23796e-319 
4.00193e-322 4.00193e-322 4.00193e-322 4.00193e-322 4.00193e-322 
R=10parameters: 
0.0516138 0.0516138 
0.396079 0.396079 
-0.00129046 -0.00129046 
1.56049 1.56049 
-0.956044 -0.956044 
5.03038e+175 5.03038e+175 
3.5936e+246 3.5936e+246 
2.14726e+243 2.14726e+243 
-1.57925e+06 -1.57925e+06 
2.1393e-321 2.1393e-321 2.1393e-321 
2.8316e-316 2.8316e-316 2.8316e-316 
6.92898e-310 6.92898e-310 6.92898e-310 
0.000191474 0.000191474 0.000191474 
-0.00113235 -0.00113235 -0.00113235 
-0.000121214 -0.000121214 -0.000121214 
1.63042e-322 1.63042e-322 1.63042e-322 
6.92896e-310 6.92896e-310 6.92896e-310 
2.122e-314 2.122e-314 2.122e-314 
1.77847e-316 1.77847e-316 1.77847e-316 1.77847e-316 
6.37345e-322 6.37345e-322 6.37345e-322 6.37345e-322 
9.25041e-06 9.25041e-06 9.25041e-06 9.25041e-06 
-3.7749e-237 -3.7749e-237 -3.7749e-237 -3.7749e-237 
8.88178e-16 8.88178e-16 8.88178e-16 8.88178e-16 
1.17289e-05 1.17289e-05 1.17289e-05 1.17289e-05 
-0.0015246 -0.0015246 -0.0015246 -0.0015246 
0.0381477 0.0381477 0.0381477 0.0381477 
-0.00733003 -0.00733003 -0.00733003 -0.00733003 
0.000308716 0.000308716 0.000308716 
-0.0488651 -0.0488651 -0.0488651 
0.0713008 0.0713008 0.0713008 
0 0 0 
0 0 0 
0 0 0 
0 0 0 
1.67772e+07 1.67772e+07 1.67772e+07 
1.11165e-321 1.11165e-321 1.11165e-321 
2.82519e-316 2.82519e-316 2.82519e-316 2.82519e-316 
3.02162e-316 3.02162e-316 3.02162e-316 3.02162e-316 
1.58101e-322 1.58101e-322 1.58101e-322 1.58101e-322 
1.58101e-322 1.58101e-322 1.58101e-322 1.58101e-322 
2.85369e-316 2.85369e-316 2.85369e-316 2.85369e-316 
2.81557e-316 2.81557e-316 2.81557e-316 2.81557e-316 
2.47033e-323 2.47033e-323 2.47033e-323 2.47033e-323 
2.81558e-316 2.81558e-316 2.81558e-316 2.81558e-316 
0 0 0 0 
0 0 0 0 0 
0 0 0 0 0 
0 0 0 0 0 
7.90505e-322 7.90505e-322 7.90505e-322 7.90505e-322 7.90505e-322 
2.37152e-322 2.37152e-322 2.37152e-322 2.37152e-322 2.37152e-322 
2.88277e-316 2.88277e-316 2.88277e-316 2.88277e-316 2.88277e-316 
2.88552e-316 2.88552e-316 2.88552e-316 2.88552e-316 2.88552e-316 
4.5676e-12 4.5676e-12 4.5676e-12 4.5676e-12 4.5676e-12 
2.84342e-316 2.84342e-316 2.84342e-316 2.84342e-316 2.84342e-316 
R=11parameters: 
0.0551374 0.0551374 
0.40429 0.40429 
-0.0346641 -0.0346641 
-5.71422 -5.71422 
8.80147 8.80147 
5.03038e+175 5.03038e+175 
3.5936e+246 3.5936e+246 
2.14726e+243 2.14726e+243 
-1.57925e+06 -1.57925e+06 
2.1393e-321 2.1393e-321 2.1393e-321 
6.92898e-310 6.92898e-310 6.92898e-310 
6.92898e-310 6.92898e-310 6.92898e-310 
2.81557e-316 2.81557e-316 2.81557e-316 
2.81559e-316 2.81559e-316 2.81559e-316 
3.02177e-316 3.02177e-316 3.02177e-316 
2.89902e-316 2.89902e-316 2.89902e-316 
239.198 239.198 239.198 
-91.2311 -91.2311 -91.2311 
-287.536 -287.536 -287.536 -287.536 
0.000591244 0.000591244 0.000591244 0.000591244 
-0.000190827 -0.000190827 -0.000190827 -0.000190827 
5.58294e-322 5.58294e-322 5.58294e-322 5.58294e-322 
2.88534e-316 2.88534e-316 2.88534e-316 2.88534e-316 
-3.7749e-237 -3.7749e-237 -3.7749e-237 -3.7749e-237 
1 1 1 1 
1 1 1 1 
1 1 1 1 
6.84977e+180 6.84977e+180 6.84977e+180 
4.6156e+281 4.6156e+281 4.6156e+281 
646.962 646.962 646.962 
3.62474e+228 3.62474e+228 3.62474e+228 
1.05894e-153 1.05894e-153 1.05894e-153 
7.22762e+159 7.22762e+159 7.22762e+159 
7.36496e+271 7.36496e+271 7.36496e+271 
4.16013e-315 4.16013e-315 4.16013e-315 
5.58294e-322 5.58294e-322 5.58294e-322 
2.89881e-316 2.89881e-316 2.89881e-316 2.89881e-316 
-3.7749e-237 -3.7749e-237 -3.7749e-237 -3.7749e-237 
0.225159 0.225159 0.225159 0.225159 
0.159392 0.159392 0.159392 0.159392 
0.000244141 0.000244141 0.000244141 0.000244141 
0.00417362 0.00417362 0.00417362 0.00417362 
439.458 439.458 439.458 439.458 
2.37152e-322 2.37152e-322 2.37152e-322 2.37152e-322 
2.90207e-316 2.90207e-316 2.90207e-316 2.90207e-316 
0.983519 0.983519 0.983519 0.983519 0.983519 
0.994475 0.994475 0.994475 0.994475 0.994475 
1.14086 1.14086 1.14086 1.14086 1.14086 
4.74303e-322 4.74303e-322 4.74303e-322 4.74303e-322 4.74303e-322 
0 0 0 0 0 
9.76777e-06 9.76777e-06 9.76777e-06 9.76777e-06 9.76777e-06 
0.000207019 0.000207019 0.000207019 0.000207019 0.000207019 
2.89342e-316 2.89342e-316 2.89342e-316 2.89342e-316 2.89342e-316 
2.8507e-316 2.8507e-316 2.8507e-316 2.8507e-316 2.8507e-316 
T Models:
(* Fitting with shape 1 1 1 1 1 1 1 1 1 1 0 0 *)
G[T_,xx_]:=Exp[0+xx[[1]]*T^1+xx[[2]]*T^2]*(1)
(* Fitting with shape 1 1 1 1 1 1 1 1 1 1 1 0 *)
G[T_,xx_]:=Exp[0+xx[[1]]*T^1+xx[[2]]*T^2]*(1)
(* Fitting with shape 1 1 1 1 1 1 1 1 1 1 1 1 *)
G[T_,xx_]:=Exp[0+xx[[1]]*T^1+xx[[2]]*T^2]*(1)
(* Fitting with shape 0 1 1 1 1 1 1 1 1 1 0 0 *)
G[T_,xx_]:=Exp[0+xx[[1]]*T^1+xx[[2]]*T^2]*(1)
(* Fitting with shape 0 1 1 1 1 1 1 1 1 1 1 0 *)
G[T_,xx_]:=Exp[0+xx[[1]]*T^1+xx[[2]]*T^2]*(1)
(* Fitting with shape 0 1 1 1 1 1 1 1 1 1 1 1 *)
G[T_,xx_]:=Exp[0+xx[[1]]*T^1+xx[[2]]*T^2]*(1)
(* Fitting with shape 0 0 1 1 1 1 1 1 1 1 0 0 *)
G[T_,xx_]:=Exp[0+xx[[1]]*T^1+xx[[2]]*T^2]*(1)
(* Fitting with shape 0 0 1 1 1 1 1 1 1 1 1 0 *)
G[T_,xx_]:=Exp[0+xx[[1]]*T^1+xx[[2]]*T^2]*(1)
(* Fitting with shape 0 0 1 1 1 1 1 1 1 1 1 1 *)
G[T_,xx_]:=Exp[0+xx[[1]]*T^1+xx[[2]]*T^2]*(1)
(* Fitting with shape 1 1 1 1 1 1 1 1 1 1 0 0 *)
G[T_,xx_]:=Exp[0+xx[[1]]*T^1+xx[[2]]*T^2]*(1+xx[[3]]/(T^1))
(* Fitting with shape 1 1 1 1 1 1 1 1 1 1 1 0 *)
G[T_,xx_]:=Exp[0+xx[[1]]*T^1+xx[[2]]*T^2]*(1+xx[[3]]/(T^1))
(* Fitting with shape 1 1 1 1 1 1 1 1 1 1 1 1 *)
G[T_,xx_]:=Exp[0+xx[[1]]*T^1+xx[[2]]*T^2]*(1+xx[[3]]/(T^1))
(* Fitting with shape 0 1 1 1 1 1 1 1 1 1 0 0 *)
G[T_,xx_]:=Exp[0+xx[[1]]*T^1+xx[[2]]*T^2]*(1+xx[[3]]/(T^1))
(* Fitting with shape 0 1 1 1 1 1 1 1 1 1 1 0 *)
G[T_,xx_]:=Exp[0+xx[[1]]*T^1+xx[[2]]*T^2]*(1+xx[[3]]/(T^1))
(* Fitting with shape 0 1 1 1 1 1 1 1 1 1 1 1 *)
G[T_,xx_]:=Exp[0+xx[[1]]*T^1+xx[[2]]*T^2]*(1+xx[[3]]/(T^1))
(* Fitting with shape 0 0 1 1 1 1 1 1 1 1 0 0 *)
G[T_,xx_]:=Exp[0+xx[[1]]*T^1+xx[[2]]*T^2]*(1+xx[[3]]/(T^1))
(* Fitting with shape 0 0 1 1 1 1 1 1 1 1 1 0 *)
G[T_,xx_]:=Exp[0+xx[[1]]*T^1+xx[[2]]*T^2]*(1+xx[[3]]/(T^1))
(* Fitting with shape 0 0 1 1 1 1 1 1 1 1 1 1 *)
G[T_,xx_]:=Exp[0+xx[[1]]*T^1+xx[[2]]*T^2]*(1+xx[[3]]/(T^1))
(* Fitting with shape 1 1 1 1 1 1 1 1 1 1 0 0 *)
G[T_,xx_]:=Exp[0+xx[[1]]*T^1+xx[[2]]*T^2]*(1+xx[[3]]/(T^1)+xx[[4]]/(T^2))
(* Fitting with shape 1 1 1 1 1 1 1 1 1 1 1 0 *)
G[T_,xx_]:=Exp[0+xx[[1]]*T^1+xx[[2]]*T^2]*(1+xx[[3]]/(T^1)+xx[[4]]/(T^2))
(* Fitting with shape 1 1 1 1 1 1 1 1 1 1 1 1 *)
G[T_,xx_]:=Exp[0+xx[[1]]*T^1+xx[[2]]*T^2]*(1+xx[[3]]/(T^1)+xx[[4]]/(T^2))
(* Fitting with shape 0 1 1 1 1 1 1 1 1 1 0 0 *)
G[T_,xx_]:=Exp[0+xx[[1]]*T^1+xx[[2]]*T^2]*(1+xx[[3]]/(T^1)+xx[[4]]/(T^2))
(* Fitting with shape 0 1 1 1 1 1 1 1 1 1 1 0 *)
G[T_,xx_]:=Exp[0+xx[[1]]*T^1+xx[[2]]*T^2]*(1+xx[[3]]/(T^1)+xx[[4]]/(T^2))
(* Fitting with shape 0 1 1 1 1 1 1 1 1 1 1 1 *)
G[T_,xx_]:=Exp[0+xx[[1]]*T^1+xx[[2]]*T^2]*(1+xx[[3]]/(T^1)+xx[[4]]/(T^2))
(* Fitting with shape 0 0 1 1 1 1 1 1 1 1 0 0 *)
G[T_,xx_]:=Exp[0+xx[[1]]*T^1+xx[[2]]*T^2]*(1+xx[[3]]/(T^1)+xx[[4]]/(T^2))
(* Fitting with shape 0 0 1 1 1 1 1 1 1 1 1 0 *)
G[T_,xx_]:=Exp[0+xx[[1]]*T^1+xx[[2]]*T^2]*(1+xx[[3]]/(T^1)+xx[[4]]/(T^2))
(* Fitting with shape 0 0 1 1 1 1 1 1 1 1 1 1 *)
G[T_,xx_]:=Exp[0+xx[[1]]*T^1+xx[[2]]*T^2]*(1+xx[[3]]/(T^1)+xx[[4]]/(T^2))
(* Fitting with shape 1 1 1 1 1 1 1 1 1 1 0 0 *)
G[T_,xx_]:=Exp[0+xx[[1]]*T^1+xx[[2]]*T^2+xx[[3]]*T^3]*(1)
(* Fitting with shape 1 1 1 1 1 1 1 1 1 1 1 0 *)
G[T_,xx_]:=Exp[0+xx[[1]]*T^1+xx[[2]]*T^2+xx[[3]]*T^3]*(1)
(* Fitting with shape 1 1 1 1 1 1 1 1 1 1 1 1 *)
G[T_,xx_]:=Exp[0+xx[[1]]*T^1+xx[[2]]*T^2+xx[[3]]*T^3]*(1)
(* Fitting with shape 0 1 1 1 1 1 1 1 1 1 0 0 *)
G[T_,xx_]:=Exp[0+xx[[1]]*T^1+xx[[2]]*T^2+xx[[3]]*T^3]*(1)
(* Fitting with shape 0 1 1 1 1 1 1 1 1 1 1 0 *)
G[T_,xx_]:=Exp[0+xx[[1]]*T^1+xx[[2]]*T^2+xx[[3]]*T^3]*(1)
(* Fitting with shape 0 1 1 1 1 1 1 1 1 1 1 1 *)
G[T_,xx_]:=Exp[0+xx[[1]]*T^1+xx[[2]]*T^2+xx[[3]]*T^3]*(1)
(* Fitting with shape 0 0 1 1 1 1 1 1 1 1 0 0 *)
G[T_,xx_]:=Exp[0+xx[[1]]*T^1+xx[[2]]*T^2+xx[[3]]*T^3]*(1)
(* Fitting with shape 0 0 1 1 1 1 1 1 1 1 1 0 *)
G[T_,xx_]:=Exp[0+xx[[1]]*T^1+xx[[2]]*T^2+xx[[3]]*T^3]*(1)
(* Fitting with shape 0 0 1 1 1 1 1 1 1 1 1 1 *)
G[T_,xx_]:=Exp[0+xx[[1]]*T^1+xx[[2]]*T^2+xx[[3]]*T^3]*(1)
(* Fitting with shape 1 1 1 1 1 1 1 1 1 1 0 0 *)
G[T_,xx_]:=Exp[0+xx[[1]]*T^1+xx[[2]]*T^2+xx[[3]]*T^3]*(1+xx[[4]]/(T^1))
(* Fitting with shape 1 1 1 1 1 1 1 1 1 1 1 0 *)
G[T_,xx_]:=Exp[0+xx[[1]]*T^1+xx[[2]]*T^2+xx[[3]]*T^3]*(1+xx[[4]]/(T^1))
(* Fitting with shape 1 1 1 1 1 1 1 1 1 1 1 1 *)
G[T_,xx_]:=Exp[0+xx[[1]]*T^1+xx[[2]]*T^2+xx[[3]]*T^3]*(1+xx[[4]]/(T^1))
(* Fitting with shape 0 1 1 1 1 1 1 1 1 1 0 0 *)
G[T_,xx_]:=Exp[0+xx[[1]]*T^1+xx[[2]]*T^2+xx[[3]]*T^3]*(1+xx[[4]]/(T^1))
(* Fitting with shape 0 1 1 1 1 1 1 1 1 1 1 0 *)
G[T_,xx_]:=Exp[0+xx[[1]]*T^1+xx[[2]]*T^2+xx[[3]]*T^3]*(1+xx[[4]]/(T^1))
(* Fitting with shape 0 1 1 1 1 1 1 1 1 1 1 1 *)
G[T_,xx_]:=Exp[0+xx[[1]]*T^1+xx[[2]]*T^2+xx[[3]]*T^3]*(1+xx[[4]]/(T^1))
(* Fitting with shape 0 0 1 1 1 1 1 1 1 1 0 0 *)
G[T_,xx_]:=Exp[0+xx[[1]]*T^1+xx[[2]]*T^2+xx[[3]]*T^3]*(1+xx[[4]]/(T^1))
(* Fitting with shape 0 0 1 1 1 1 1 1 1 1 1 0 *)
G[T_,xx_]:=Exp[0+xx[[1]]*T^1+xx[[2]]*T^2+xx[[3]]*T^3]*(1+xx[[4]]/(T^1))
(* Fitting with shape 0 0 1 1 1 1 1 1 1 1 1 1 *)
G[T_,xx_]:=Exp[0+xx[[1]]*T^1+xx[[2]]*T^2+xx[[3]]*T^3]*(1+xx[[4]]/(T^1))
(* Fitting with shape 1 1 1 1 1 1 1 1 1 1 0 0 *)
G[T_,xx_]:=Exp[0+xx[[1]]*T^1+xx[[2]]*T^2+xx[[3]]*T^3]*(1+xx[[4]]/(T^1)+xx[[5]]/(T^2))
(* Fitting with shape 1 1 1 1 1 1 1 1 1 1 1 0 *)
G[T_,xx_]:=Exp[0+xx[[1]]*T^1+xx[[2]]*T^2+xx[[3]]*T^3]*(1+xx[[4]]/(T^1)+xx[[5]]/(T^2))
(* Fitting with shape 1 1 1 1 1 1 1 1 1 1 1 1 *)
G[T_,xx_]:=Exp[0+xx[[1]]*T^1+xx[[2]]*T^2+xx[[3]]*T^3]*(1+xx[[4]]/(T^1)+xx[[5]]/(T^2))
(* Fitting with shape 0 1 1 1 1 1 1 1 1 1 0 0 *)
G[T_,xx_]:=Exp[0+xx[[1]]*T^1+xx[[2]]*T^2+xx[[3]]*T^3]*(1+xx[[4]]/(T^1)+xx[[5]]/(T^2))
(* Fitting with shape 0 1 1 1 1 1 1 1 1 1 1 0 *)
G[T_,xx_]:=Exp[0+xx[[1]]*T^1+xx[[2]]*T^2+xx[[3]]*T^3]*(1+xx[[4]]/(T^1)+xx[[5]]/(T^2))
(* Fitting with shape 0 1 1 1 1 1 1 1 1 1 1 1 *)
G[T_,xx_]:=Exp[0+xx[[1]]*T^1+xx[[2]]*T^2+xx[[3]]*T^3]*(1+xx[[4]]/(T^1)+xx[[5]]/(T^2))
(* Fitting with shape 0 0 1 1 1 1 1 1 1 1 0 0 *)
G[T_,xx_]:=Exp[0+xx[[1]]*T^1+xx[[2]]*T^2+xx[[3]]*T^3]*(1+xx[[4]]/(T^1)+xx[[5]]/(T^2))
(* Fitting with shape 0 0 1 1 1 1 1 1 1 1 1 0 *)
G[T_,xx_]:=Exp[0+xx[[1]]*T^1+xx[[2]]*T^2+xx[[3]]*T^3]*(1+xx[[4]]/(T^1)+xx[[5]]/(T^2))
(* Fitting with shape 0 0 1 1 1 1 1 1 1 1 1 1 *)
G[T_,xx_]:=Exp[0+xx[[1]]*T^1+xx[[2]]*T^2+xx[[3]]*T^3]*(1+xx[[4]]/(T^1)+xx[[5]]/(T^2))
Probabilities: 
        0         0         0         0         0         0         0         0         0         0         0         0         0         0         0         0         0         0         0         0         0         0         0         0 0.0187608         0         0         0         0         0         0         0         0         0         0         0         0         0         0         0         0         0         0         0         0         0         0         0         0         0         0  0.981239         0         0
        0         0         0         0         0         0         0         0         0         0         0         0         0         0         0         0         0         0         0         0         0         0         0         0  0.155144         0         0         0         0         0         0         0         0         0         0         0         0         0         0         0         0         0  0.844856         0         0         0         0         0         0         0         0         0         0         0
        0         0         0         0         0         0         0         0         0         0         0         0         0         0         0         0         0         0         0         0         0         0         0         0 0.0315516         0         0         0         0         0         0         0         0         0         0         0         0         0         0         0         0         0    0.6701         0         0         0         0         0         0         0         0  0.298348         0         0
        0         0         0         0         0         0         0         0         0         0         0         0         0         0         0         0         0         0         0         0         0         0         0         0         0         0         0         0         0         0         0         0         0         0         0         0         0         0         0         0         0         0         0         0         0         0         0         0         0         0         0         1         0         0
        0         0         0         0         0         0         0         0         0         0         0         0         0         0         0         0         0         0         0         0         0         0         0         0         1         0         0         0         0         0         0         0         0         0         0         0         0         0         0         0         0         0         0         0         0         0         0         0         0         0         0         0         0         0
        0         0         0         0         0         0         0         0         0         0         0         0         0         0         0         0         0         0         0         0         0         0         0         0         1         0         0         0         0         0         0         0         0         0         0         0         0         0         0         0         0         0         0         0         0         0         0         0         0         0         0         0         0         0
        0         0         0         0         0         0         0         0         0         0         0         0         0         0         0         0         0         0         0         0         0         0         0         0         0         0         0         0         0         0         0         0         0         0         0         0         0         0         0         0         0         0  0.723806         0         0         0         0         0         0         0         0  0.276194         0         0
        0         0         0         0         0         0         0         0         0         0         0         0         0         0         0         0         0         0         0         0         0         0         0         0  0.119656         0         0         0         0         0         0         0         0         0         0         0         0         0         0         0         0         0  0.620484         0         0         0         0         0         0         0         0   0.25986         0         0
        0         0         0         0         0         0         0         0         0         0         0         0         0         0         0         0         0         0         0         0         0         0         0         0  0.138488         0         0         0         0         0         0         0         0         0         0         0         0         0         0         0         0         0         0         0         0         0         0         0         0         0         0  0.861512         0         0
        0         0         0         0         0         0         0         0         0         0         0         0         0         0         0 0.0228312         0         0         0         0         0         0         0         0  0.480424         0         0         0         0         0         0         0         0         0         0         0         0         0         0         0         0         0         0         0         0         0         0         0         0         0         0  0.496745         0         0
        0         0         0         0         0         0         0         0         0         0         0         0         0         0         0  0.221787         0         0         0         0         0         0         0         0  0.778213         0         0         0         0         0         0         0         0         0         0         0         0         0         0         0         0         0         0         0         0         0         0         0         0         0         0         0         0         0
        0         0         0         0         0         0         0         0         0         0         0         0         0         0         0         0         0         0         0         0         0         0         0         0  0.374788         0         0         0         0         0         0         0         0         0         0         0         0         0         0         0         0         0  0.625212         0         0         0         0         0         0         0         0         0         0         0

Values: 
  0.0684389   0.0685405   0.0685141   0.0682553   0.0683176   0.0682974   0.0679094   0.0679968    0.142055   0.0673072   0.0673294   0.0673091   0.0667154   0.0667282   0.0667073    0.349832    0.487276    0.574988   0.0663208   0.0663137   0.0662949   0.0659692   0.0659545   0.0659405   0.0658462    0.065837    0.065826    0.835158     1.00568     1.03258     1.25808     1.19879     1.20562     1.15648     1.29222     1.31094     0.95569    0.929913    0.884307    0.659543    0.067996     0.93452     2.46667   0.0674067     1.92343           1           1           1   0.0666702    0.945222     1.05645    0.066496     1.28824   0.0661454
   0.108567    0.108782    0.108903    0.108015    0.108134     0.10822    0.107127    0.107222    0.107354    0.165717    0.105849     0.10589    0.104588    0.104533    0.104554    0.484408    0.138207    0.103906    0.103784    0.103723    0.103713    0.103128     0.10309     0.47484    0.102873    0.503118    0.102813     1.26509    0.117327     1.00772     1.10286     1.29581     1.18816     1.09865     1.11653     1.23043     0.97583     0.95076    0.947064    0.844669    0.499876    0.107621    0.107061    0.106688    0.106243    0.106644           1           1    0.967187   -0.705371   -0.606499    0.574385    0.888322     1.11344
   0.140139    0.140262    0.140561      0.2519    0.138679    0.138901    0.136809    0.136732    0.169615    0.134578    0.134377    0.134428    0.132201    0.909372    0.113064     0.18682    0.130974    0.597062     0.13078    0.130577    0.130529    0.129613    0.949452    0.839101    0.129093   0.0693469    0.128967     1.00465    0.382769    0.911648     1.24145     1.08946     1.13072     1.09666     1.31569     1.00387    0.317829     1.03251     1.03774    0.823598    0.851627    0.941354    0.136866    0.136153     0.13536    0.136213    0.135524    0.134821     0.13338     0.13274   0.0259501    0.135399    0.132949    0.757562
    0.16917    0.169437    0.169876           1    0.166292    0.166528    0.163341    0.415823    0.305517    0.159913    0.159553    0.159473    0.156335    0.155963    0.155831    0.222052    0.154435    0.593025     0.15415    0.153853    0.153758    0.884549    0.152114    0.152098    0.425882    0.151367    0.230096     1.01729    0.193367     1.01143     1.09487     1.14683     1.18301     1.21796     1.20641      1.3311    0.177475    0.941696    0.889515    0.168428    0.959567     3.58729     1.27164    0.162635     0.67163    0.152289           1           1    0.158461    0.157135    0.884593    0.162546    0.157468     1.25835
   0.198677    0.198894    0.199406    0.194226    0.193949    0.194151    0.189705    0.197096    0.189122    0.184825     0.18423    0.183984      0.3205    0.265427    0.178746     0.22244    0.176688     0.17656    0.176349    0.175914    0.175777     0.17343    0.221371    0.173307    0.172127    0.172259    0.172379     1.11465     1.22825     1.13456     1.29835     1.11514     1.08693     1.32959   0.0475258    0.992657    0.912888    0.974677    0.930181    0.197458    0.194863     1.01411   -0.950799    0.778286     0.65129           1           1           1    0.183046     1.57641     1.05817 -0.00215901     1.10373    0.837653
   0.229997    0.230502    0.231244     0.22297    0.222744    0.222996    0.550719     0.21619    0.611231    0.210043    0.209339    0.209035      0.6422    0.692075    0.201763    0.499239     0.17127    0.381901      0.1983    0.197784    0.258445    0.622862    0.676297    0.207321    0.192009    0.284197    0.530406      1.1155     1.13881      1.0634     1.10094     1.09586     1.22736     1.05383     0.98324     1.01129    0.973182    0.908018    0.877912    0.753502    0.849056    0.221526     1.99717    0.910213    0.212451           1           1           1     1.16218    0.945126    0.617196     1.20449    0.204491    0.195755
   0.263842    0.265006    0.265776    0.741787    0.253663    0.253578    0.675929    0.244264    0.243792    0.236745    0.235654    0.235031    0.790508    0.225507    0.690222    0.221721    0.221008    0.499143     0.22049    0.219764    0.340759    0.214109     0.42506       0.951    0.343745     0.18087    0.557334    0.857314     1.24411    0.912331     1.10135     1.16401     1.19897     1.31371    0.996882      1.2515    0.974051     1.02017    0.948745     0.92218    0.825288    0.971426    0.250128    0.843583    0.240183    0.154195    0.871371    0.860035     0.69419    0.228077    0.037775    0.256118    0.228302    0.214495
   0.299265    0.300872     0.30138    0.767274      0.5874    0.319711     0.27528    0.598373    0.273205    0.265657    0.264293    0.262903    0.251711    0.250309    0.249346    0.245019    0.244163    0.332147    0.243789    0.242769    0.242159    0.234642    0.235004    0.234995     0.22863    0.231116    0.231619    0.363793     1.03173     1.04814     1.29843     1.30244     1.22539     1.23666     1.12683    0.322707    0.970623    0.973358     1.01766    0.299431     1.33139    0.865687    0.285581    0.691292    0.593457    0.286447    0.873444    0.863456    0.935386    0.978343    0.934322    0.301953     2.22824    0.984373
   0.336615    0.338536    0.339244    0.887628    0.865797    0.857825    0.307705    0.307029    0.305945    0.297154      0.2957    0.294344    0.279206    0.277409    0.276105    0.270419    0.269325    0.268502     0.26949    0.268056    0.267039    0.257653    0.257912     0.25752    0.238865    0.252849    0.515828     1.16186    0.396424     1.24775     1.10662     1.10348     1.10256    0.987974     1.00761     1.27957    0.960025     1.06211     1.05177    0.915731    0.926715    0.911367    0.753477    0.309063     1.70509    0.322249     0.89125    0.886966    0.304343     1.23435     1.19822     0.34601      0.2979    0.604048
   0.370683    0.372547    0.373377    0.659584    0.679447    0.717533    0.338108    0.337867     0.43629    0.327204    0.326211    0.325197    0.306754    0.305072    0.303717    0.296173    0.294943    0.294071    0.295921    0.294382    0.293232    0.282196    0.522172    0.281599    0.274389     0.51368    0.510799     1.22477     1.20939     1.20073     1.14769     1.15963     1.15809     1.06677     1.06781      1.0312    0.854815    0.871837    0.867698     2.78442     1.64107    0.355514    0.816671    0.683048    0.722129    0.353609    0.899823           1    0.924123     1.54947    0.310039    0.383798    0.678724    0.313058
   0.394531    0.396079    0.396808    0.564705    0.847043    0.809538    0.360221    0.360317    0.360193    0.349431    0.348871     0.34842    0.328272    0.326994    0.417655    0.316805    0.315931    0.315185    0.317207    0.316009    0.315057    0.303064    0.303222    0.302736    0.296673    0.298707    0.298262     1.07471     1.12654    0.448091     1.20835     1.21973     1.23115    0.165311    0.999022    0.991182    0.408491     0.93541    0.399823     1.16949      1.3978    0.376322    0.702565     1.02589    0.352349    0.906909           1           1    0.819831     0.85393     1.34108     0.73287    0.364648     1.22724
   0.403056     0.40429    0.404792    0.709214    0.743476    0.752258    0.368436    0.368564     0.36826    0.357786    0.357384    0.356821    0.627788    0.335824    0.447353     0.58284    0.324521    0.324035    0.325782     0.32493    0.324188    0.311513    0.312211    0.312196    0.305771    0.308671    0.309087     1.05245     1.06408    0.455944     1.21369     1.20033     1.19387     1.01358     1.02157     1.05704    0.958096    0.952544    0.952321     1.12051    0.435046     1.10418    0.371355    0.393901      1.6444    0.906513           1           1    0.844485    0.337091    0.330456     2.89045    0.367998     0.33908

Errors: 
1.31179e-05 1.30738e-05 1.30843e-05 1.31499e-05 1.31046e-05 1.31006e-05 1.32967e-05 1.32487e-05 0.000469057 1.37809e-05 1.37798e-05 1.37399e-05 1.51337e-05 1.51492e-05 1.51003e-05    0.202533  0.00100611 0.000894214 1.68392e-05 1.68467e-05 1.67389e-05 2.18835e-05 2.10915e-05 2.04848e-05 2.77169e-05  2.5719e-05 2.50219e-05           0           0           0           0           0           0     1.00004           1           1    0.450716 8.55308e-06 7.43102e-06  0.00126118 2.98518e-05           1 0.000281812 4.42557e-05 0.000178377  0.00276256  0.00237365  0.00139378 9.20355e-05           1    0.344078 0.000207632 6.12694e-06 0.000108969
3.95818e-05 4.00122e-05 3.99875e-05 3.96455e-05 3.99382e-05 3.99235e-05 4.06661e-05 4.01867e-05  4.0369e-05           0  4.1526e-05 4.16264e-05  4.5451e-05 4.54819e-05 4.55361e-05           1           0 4.96885e-05 5.07712e-05 5.02667e-05 5.04382e-05 6.65479e-05 6.26805e-05           0 9.27173e-05           0 8.08134e-05           0 6.35001e-05           0           0     1.00001           0      1.0018     1.00153     1.00021           0           0           0           1     1.00006 0.000100526 0.000215366 0.000185712 0.000147926 0.000193671  0.00695935  0.00725424     1.00025 0.000143901  0.00384228 0.000588741     1.00892   0.0051412
  8.106e-05           0 8.32015e-05           0 8.22191e-05 8.24747e-05 8.24369e-05 8.37731e-05           0 8.57464e-05 8.62382e-05 8.66197e-05 0.000100272           0           0           0 0.000105135           1 0.000111332 0.000108283 0.000107632 0.000154479           0           0 0.000232918 0.000107813 0.000188959           0           0           0           0           0           0     1.00392      1.0001           0           0           0           0           1           1           0 0.000545594 0.000451704 0.000372711 0.000491903 0.000397765  0.00033939 0.000982059 0.000816728 7.08972e+06  0.00234929  0.00175347     1.00003
0.000133278           0           0           0 0.000135212 0.000137342 0.000134948           1           0 0.000143283 0.000143313 0.000144382 0.000165742 0.000162379 0.000161036           0 0.000181525           0 0.000195399 0.000181946 0.000182546           0 0.000248878 0.000236802     1.00003 0.000374295           0           0 0.000235371           0           0           0           0     1.00262     1.00186     1.00022 0.000448359           0           0 0.000702261           0           1     1.00008 0.000887254     1.00529           1   0.0224964   0.0220445  0.00192851  0.00160294     1.00004  0.00455792  0.00354638 0.000171296
          0 0.000208661 0.000213229           0           0 0.000208995 0.000206099           0 0.000212869 0.000225688 0.000222163  0.00022275           0           0  0.00025536           0 0.000297595 0.000286117 0.000321405 0.000302563 0.000290746 0.000495611           0  0.00040291 0.000813068 0.000647447 0.000602439           0           0           0           0           0           0     1.00041     1.00003    0.997755           0           0           0  0.00120788 0.000991273     1.00001  0.00137864     1.00022     1.00002   0.0349088   0.0282802   0.0279875  0.00337495     1.00005     1.59331  0.00141753  0.00466465  0.00103023
          0           0           0 0.000301884 0.000308258           0           1 0.000315474           0    0.000347 0.000341513 0.000346514           0           0 0.000394893           1     1.00081           0 0.000504944 0.000480582           0           0           0           0  0.00140967           0           0           0           0           0           0           0           0      1.1274           0     1.04373           0           0           0      1.0002           1  0.00144932           1     1.02537  0.00223252   0.0380885   0.0348828    0.033987  0.00312999  0.00579844     1.00043  0.00408558  0.00975975  0.00738972
0.000446048 0.000467786 0.000477741           0 0.000463505 0.000474348           0 0.000461959 0.000478015 0.000526703 0.000520991 0.000510776           0 0.000617058           0 0.000789639 0.000711449           0 0.000785533 0.000737855           0  0.00130364           0           0           0 0.000572716           0           0           0           0           0           0           0     1.00139     1.07409     1.00142           0           0           0     1.00462     1.04977     1.00014  0.00497788     1.09116  0.00348435 0.000254227  0.00111708  0.00106947     1.05553  0.00716045           1   0.0149595   0.0138361   0.0113904
 0.00063484 0.000663356 0.000685495           0           0           0  0.00067217           0 0.000682008 0.000760179 0.000752645 0.000738454 0.000963062 0.000921828   0.0008326  0.00123602  0.00110911           0  0.00121443  0.00112699  0.00104977  0.00206906  0.00170347  0.00157719  0.00356199  0.00269012  0.00267276  0.00126696           0           0           0     1.00092           0     1.00265     1.04897  0.00156834           0           0           0  0.00448096      1.0007     1.03495  0.00741719     1.00019     1.00007  0.00622224  0.00185241 0.000870539  0.00578159 0.000503067  0.00511749   0.0191279     1.00565 0.000746583
          0           0           0           0           0           0 0.000961675  0.00098885 0.000979272  0.00107585  0.00106682  0.00105121  0.00144598  0.00139425  0.00133723  0.00183495  0.00168869  0.00156599   0.0018402  0.00174073   0.0016277   0.0030572  0.00266402  0.00240236  0.00152346  0.00483197           0           0  0.00148902           0           0           0           0           0           0     1.00333           0           0           0           0           0           1      1.0001   0.0092517           1  0.00858292  0.00360255  0.00426479   0.0165961  0.00268259  0.00264236   0.0240273   0.0227183 0.000635158
          0           0           0           0           0           0  0.00131116  0.00132565           0  0.00138816  0.00144699  0.00146848  0.00201003  0.00196243  0.00191187  0.00259503  0.00240952  0.00228476  0.00260989  0.00248685  0.00235099  0.00440623           0  0.00346839  0.00892227           0           0           0           0           0           0           0           0     1.11536     1.67483     5.20998           0           0           0      1.0209      1.0004  0.00624105      1.0042     1.00086     1.00102   0.0112858  0.00291032   0.0549667     1.00028  0.00406777   0.0176527     0.02906  0.00052453    0.024724
          0           0           0           0           0           0  0.00159851  0.00162367  0.00163526  0.00173609  0.00173516   0.0017519  0.00249553  0.00250483           0  0.00329062   0.0030932  0.00295431  0.00323525  0.00310174  0.00299443  0.00540643  0.00473001   0.0043227  0.00925638  0.00914637  0.00797641           0           0  0.00210184           0           0           0     1.11733     1.11903      1.1331  0.00487096           0    0.004062     1.00046     1.03653  0.00770641     1.00035     1.00143   0.0146348    0.011051   0.0589633   0.0592578   0.0172212  0.00585193  0.00486143 0.000665981    0.030454  0.00613894
          0           0           0           0           0           0  0.00172396  0.00173515  0.00174186  0.00168729  0.00186819  0.00187056           0   0.0026821           0           0  0.00341846  0.00324581  0.00348025  0.00336201  0.00325621  0.00590891   0.0053082  0.00492971   0.0121576  0.00968629  0.00881595           0           0  0.00224097           0           0           0           0           0     1.55761           0           0           0     1.00319     1.02417     1.00386   0.0208516     1.00357           1   0.0109702   0.0603813   0.0608092     1.00016   0.0247936   0.0227043     1.00382   0.0320331   0.0292403

Statuses: 
0 0 0 0 0 0 0 0 3 0 0 0 0 0 0 3 3 3 0 0 0 0 0 0 0 0 0 3 3 3 3 3 3 3 3 3 3 3 3 3 0 3 3 0 3 3 3 3 0 3 3 0 3 0
0 0 0 0 0 0 0 0 0 3 0 0 0 0 0 3 3 0 0 0 0 0 0 3 0 3 0 3 0 3 3 3 3 3 3 3 3 3 3 3 3 0 0 0 0 0 3 3 3 3 3 3 3 3
0 2 0 3 0 0 0 0 3 0 0 0 0 3 3 3 0 3 0 0 0 0 3 3 0 0 0 3 3 3 3 3 3 3 3 3 3 3 3 3 3 3 0 0 0 0 0 0 0 0 3 0 0 3
0 2 2 3 0 0 0 3 3 0 0 0 0 0 0 3 0 3 0 0 0 3 0 0 3 0 3 3 0 3 3 3 3 3 3 3 0 3 3 0 3 3 3 0 3 3 3 3 0 0 3 0 0 3
2 0 0 2 2 0 0 3 0 0 0 0 3 3 0 3 0 0 0 0 0 0 3 0 0 0 0 3 3 3 3 3 3 3 3 3 3 3 3 0 0 3 0 3 3 3 3 3 0 3 3 0 3 3
2 2 2 0 0 2 3 0 3 0 0 0 3 3 0 3 3 3 0 0 3 3 3 3 0 3 3 3 3 3 3 3 3 3 3 3 3 3 3 3 3 0 3 3 0 3 3 3 3 3 3 3 0 0
0 0 0 3 0 0 3 0 0 0 0 0 3 0 3 0 0 3 0 0 3 0 3 3 3 0 3 3 3 3 3 3 3 3 3 3 3 3 3 3 3 3 0 3 0 3 3 3 3 0 3 0 0 0
0 0 0 3 3 3 0 3 0 0 0 0 0 0 0 0 0 3 0 0 0 0 0 0 0 0 0 0 3 3 3 3 3 3 3 0 3 3 3 0 3 3 0 3 3 0 3 3 3 3 3 0 3 3
2 2 2 3 3 3 0 0 0 0 0 0 0 0 0 0 0 0 0 0 0 0 0 0 0 0 3 3 0 3 3 3 3 3 3 3 3 3 3 3 3 3 3 0 3 0 3 3 0 3 3 0 0 3
2 2 2 3 3 3 0 0 3 0 0 0 0 0 0 0 0 0 0 0 0 0 3 0 0 3 3 3 3 3 3 3 3 3 3 3 3 3 3 3 3 0 3 3 3 0 3 3 3 3 0 0 3 0
2 2 2 3 3 3 0 0 0 0 0 0 0 0 3 0 0 0 0 0 0 0 0 0 0 0 0 3 3 0 3 3 3 3 3 3 0 3 0 3 3 0 3 3 0 3 3 3 3 3 3 3 0 3
2 2 2 3 3 3 0 0 0 0 0 0 3 0 3 3 0 0 0 0 0 0 0 0 0 0 0 3 3 0 3 3 3 3 3 3 3 3 3 3 3 3 0 3 3 3 3 3 3 0 0 3 0 0
chisq per dof: 
65.3222 61.1791 56.5086  42.447 38.8054 35.2339 24.2889 23.8321 38579.5 12.2208 11.4175 10.4951 4.17198 4.24448 4.05015  116407  117533  106639 2.48373 2.43924 2.33632 1.89443  1.7528  1.6537 2.02673 1.82279 1.68803 99997.8  107345 97870.1  143653  126661  113021  168613  144069  126562  134810  121754  110386  167136 2.12155  133304  186399 1.88974  132164  186886  161989  143192 2.26092  181663  133335 2.67919  204017   2.013
35.7016 34.9911 32.1195 21.7166 20.9424 19.0863 12.8064  13.046 12.3302 5461.14 6.24972 5.86308 2.59203 2.58235 2.55155 11421.5 4234.37 1.73614  1.9705 1.88959 1.83414 1.83705  1.7006 10831.5 2.01915 13716.8 1.68242 11144.7 12.2594 8824.19 13255.2 12093.8 10577.9   15291 14076.2   12243 12805.3 12071.9 10323.1 14761.5 14298.5 1.76395 2.01322 1.82554 1.70821 2.03811 15691.8 13687.9 19890.6 5405.12 14323.5 24542.2 21115.8 16184.7
22.4073 22.3945 20.8223 1647.56 12.8822 12.0378 7.77248 8.24389 773.784 4.25634 4.22507 4.02998 2.08484 2661.46 818.511 652.282 1.67185 2452.38 1.83337 1.75876 1.68217  1.8277 3162.55 2757.14 2.01908 527.154 1.68067 2382.64 1292.04 2019.55 3043.12 2984.29 2686.66 3577.04 3280.06 2999.79  1141.9  3000.5 2713.07  2999.4  3077.4 3044.47  2.0084 1.81396 1.68991 2.02281 1.85879  1.7478 2.25914 2.00915  433.44 2.67697 2.26141 4194.81
16.5614 16.7584 15.9187 831.137  9.5861  9.2116 5.79102 730.913 271.916 3.44404 3.37146 3.25258 1.90236 1.86908 1.78814 351.903 1.61304 898.798 1.78518 1.69862 1.61664 1177.46 1.68474 1.58697 1087.35 1.81186 372.316 827.011 5.06003 853.446 1133.84 1076.02 957.025 1275.36 1200.29 1074.24 2.03949 971.783 908.576 1.85025 1255.72 1112.63 1404.38 1.81117 1305.52 906.836 1402.95 1272.34 2.25794 2.00834 1342.45 2.67547  2.2604 1489.21
12.2195 12.2833  11.771 7.33836 7.16348 6.98953 4.42575 6.36426 4.35647 2.91097 2.82359 2.74178 275.356 192.591 1.65803 94.1978 1.57942 1.49912 1.75305 1.66184 1.58152 1.81687 166.525 1.58379 2.01384 1.81117 1.67628  385.73 395.999 356.906 490.608 475.805 441.487 530.593 337.398 485.404 426.376 440.759 413.978 1.83612 1.71125 464.213 640.588 603.821 559.688 680.718 629.899 562.129 2.25809 606.263 510.153 2.90965 675.218 672.822
9.02307 8.84613 8.42277 5.67003 5.45804 5.23733 160.878 3.52069 160.321 2.55352 2.45957  2.3669 196.106 188.304 1.57602 196.334 8.34994 157.405 1.73182 1.63693 108.782 238.351 222.063  5.9775 2.01188 229.838 132.666 190.946 180.761 168.071 254.329 235.478 208.806 281.866 255.335 232.226 237.024  205.62 180.739 272.159 172.743 1.61419 281.279 305.801 1.68046 351.001 314.905 278.058 377.911 301.144 270.029 398.836 2.26123 2.01009
6.83437 6.80558 6.56282 90.9918 4.33918  4.1683 92.3883 2.95522 2.83145 2.30476 2.22409 2.13453 113.238 1.60102 90.4831 1.64869 1.54607 83.0451 1.72451 1.62746 82.5347 1.81356 86.8134 115.135 64.7285  2.1131 71.9522 95.4515 107.866 76.4955 144.453 130.624 105.227 146.645 139.961 117.523  127.15 131.505 102.224 170.952 153.738 123.626 2.00555 167.907 1.67969 116.586 161.036 143.879 195.124 2.00939 37.3117 2.67389 2.26173 2.01036
5.13191 5.08104 5.05129 52.7614 42.0516 10.7565 2.46762 45.1319 2.41273 2.06129 2.00036 1.93758 1.63749 1.56872 1.50669 1.64286 1.53878 19.2888 1.71899 1.62122 1.54551 1.81399 1.67845 1.58153 2.01094 1.81033 1.67544 1.97019 52.5091 50.8055 83.0504 77.2006 69.5612 89.4228 82.1452 1.54612 76.6892 70.5745 74.4078 1.81215 75.9654 73.5496 2.00519 98.0334  79.183 2.00714 97.2395 86.5804 125.935 69.3884 59.1135 2.67298 107.532 88.6506
3.73209 3.67025 3.59197 35.4204 31.3972  27.901 2.05568  2.0437 1.99706 1.83582 1.78239 1.72993 1.60079 1.53184 1.47484  1.6286 1.52605 1.45285 1.70717 1.61034 1.53683 1.81065 1.67557 1.57919 2.01434 1.80827 28.6037 40.9069 1.74376 37.6309 60.8016 52.8432 46.3682 61.9085  52.859 42.5993 51.2231 58.1847 50.4102 72.8554 61.6127 22.6722 76.0009 1.80738 37.3962 2.00622 60.6699 53.3392 2.25591 68.3226 55.5424  2.6726 2.25911 59.7285
2.83832 2.73887 2.64395 18.8353 17.4313 16.3748 1.76726 1.72633  11.188 1.68147 1.62556 1.57896 1.56728 1.49686  1.4414 1.61809 1.51681 1.44411 1.69525 1.59905 1.52618 1.80828 29.2503 1.57742 2.00846 10.1363 9.55888 33.8132 28.1238 25.9871 43.5209 38.3722 33.7409 44.7099 37.9723 32.7083 36.2966 27.7736 24.8227 44.6842 35.8385 1.58194 52.9758  39.313  31.978  2.0061 43.0001  52.441 66.4602 41.9089 1.83865 2.67313 52.3195 2.00638
2.37793  2.2734 2.17403 12.0973   16.15 13.8665 1.61524 1.56402 1.51679 1.59702 1.53812 1.49039 1.54639 1.47412 9.78473 1.61235 1.51095 1.43867 1.68717  1.5906 1.51804  1.8067 1.67226  1.5763 2.00755 1.80619 1.67184 35.7234 22.2133 1.50945 32.3943 28.2628 23.7045 31.6125 30.6994 26.4999  1.6804 22.9059 1.51907 35.6547 36.2068 1.57955 40.7102 18.6412 1.67139 57.7236 52.7321 45.4103 56.4095 45.1362 37.7981 44.2557 2.25666 7.69438
2.23368  2.1283 2.04191 15.8938 14.2345 12.8005 1.56649 1.51032 1.46371  1.5695 1.50857 1.46016 20.4495 1.46598 15.5093 19.5039 1.50905 1.43656 1.68455 1.58757 1.51475 1.80618  1.6719 1.57592 2.00716 1.80602  1.6717 19.4174 17.6202 1.49114 29.1866 26.3379  23.588 33.7664  28.518 24.6019 29.6606 24.0482 21.5929 41.9107 30.8098 30.1745 2.00537 29.9862 15.4584 54.8935 50.2846 43.3351 53.9856 2.00565  1.8382 39.2038 2.25678 2.00581
Mode averaged potential and errors: 
  0.0664838 0.000223811
   0.106411  0.00152946
   0.136183   0.0019825
   0.162546  0.00455792
   0.172127 0.000813068
   0.192009  0.00140967
   0.251783  0.00932288
   0.283021   0.0241231
   0.331171   0.0432128
   0.329235   0.0583686
   0.301138   0.0117913
   0.346775   0.0365393
R Models:
(* Fitting with shape 1 1 1 1 1 1 1 1 0 0 0 0 *)
G[R_,xx_]:=xx[[0]] + xx[[1]]/R | xx[[2]]*R
(* Fitting with shape 1 1 1 1 1 1 1 1 1 0 0 0 *)
G[R_,xx_]:=xx[[0]] + xx[[1]]/R | xx[[2]]*R
(* Fitting with shape 1 1 1 1 1 1 1 1 1 1 0 0 *)
G[R_,xx_]:=xx[[0]] + xx[[1]]/R | xx[[2]]*R
(* Fitting with shape 1 1 1 1 1 1 1 1 1 1 1 0 *)
G[R_,xx_]:=xx[[0]] + xx[[1]]/R | xx[[2]]*R
(* Fitting with shape 1 1 1 1 1 1 1 1 1 1 1 1 *)
G[R_,xx_]:=xx[[0]] + xx[[1]]/R | xx[[2]]*R
(* Fitting with shape 0 1 1 1 1 1 1 1 0 0 0 0 *)
G[R_,xx_]:=xx[[0]] + xx[[1]]/R | xx[[2]]*R
(* Fitting with shape 0 1 1 1 1 1 1 1 1 0 0 0 *)
G[R_,xx_]:=xx[[0]] + xx[[1]]/R | xx[[2]]*R
(* Fitting with shape 0 1 1 1 1 1 1 1 1 1 0 0 *)
G[R_,xx_]:=xx[[0]] + xx[[1]]/R | xx[[2]]*R
(* Fitting with shape 0 1 1 1 1 1 1 1 1 1 1 0 *)
G[R_,xx_]:=xx[[0]] + xx[[1]]/R | xx[[2]]*R
(* Fitting with shape 0 1 1 1 1 1 1 1 1 1 1 1 *)
G[R_,xx_]:=xx[[0]] + xx[[1]]/R | xx[[2]]*R
(* Fitting with shape 0 0 1 1 1 1 1 1 0 0 0 0 *)
G[R_,xx_]:=xx[[0]] + xx[[1]]/R | xx[[2]]*R
(* Fitting with shape 0 0 1 1 1 1 1 1 1 0 0 0 *)
G[R_,xx_]:=xx[[0]] + xx[[1]]/R | xx[[2]]*R
(* Fitting with shape 0 0 1 1 1 1 1 1 1 1 0 0 *)
G[R_,xx_]:=xx[[0]] + xx[[1]]/R | xx[[2]]*R
(* Fitting with shape 0 0 1 1 1 1 1 1 1 1 1 0 *)
G[R_,xx_]:=xx[[0]] + xx[[1]]/R | xx[[2]]*R
(* Fitting with shape 0 0 1 1 1 1 1 1 1 1 1 1 *)
G[R_,xx_]:=xx[[0]] + xx[[1]]/R | xx[[2]]*R
(* Fitting with shape 0 0 0 1 1 1 1 1 0 0 0 0 *)
G[R_,xx_]:=xx[[0]] + xx[[1]]/R | xx[[2]]*R
(* Fitting with shape 0 0 0 1 1 1 1 1 1 0 0 0 *)
G[R_,xx_]:=xx[[0]] + xx[[1]]/R | xx[[2]]*R
(* Fitting with shape 0 0 0 1 1 1 1 1 1 1 0 0 *)
G[R_,xx_]:=xx[[0]] + xx[[1]]/R | xx[[2]]*R
(* Fitting with shape 0 0 0 1 1 1 1 1 1 1 1 0 *)
G[R_,xx_]:=xx[[0]] + xx[[1]]/R | xx[[2]]*R
(* Fitting with shape 0 0 0 1 1 1 1 1 1 1 1 1 *)
G[R_,xx_]:=xx[[0]] + xx[[1]]/R | xx[[2]]*R
2.91839 2.91839 2.91839 
-0.213271 -0.213271 -0.213271 
1 1 1 
1.40692 1.40692 1.40692 
-0.761583 -0.761583 -0.761583 
5.03038e+175 5.03038e+175 5.03038e+175 
3.5936e+246 3.5936e+246 3.5936e+246 
2.14726e+243 2.14726e+243 2.14726e+243 
-1.57925e+06 -1.57925e+06 -1.57925e+06 
2.1393e-321 2.1393e-321 2.1393e-321 
6.92898e-310 6.92898e-310 6.92898e-310 
2.88824e-316 2.88824e-316 2.88824e-316 
0.823829 0.823829 0.823829 
4.94066e-324 4.94066e-324 4.94066e-324 
0 0 0 
2.42092e-322 2.42092e-322 2.42092e-322 
0.261793 0.261793 0.261793 
3.75717e-06 3.75717e-06 3.75717e-06 
0.00195313 0.00195313 0.00195313 
0.0527128 0.0527128 0.0527128 
741.437 741.437 741.437 
2.42092e-322 2.42092e-322 2.42092e-322 
1.09091e-05 1.09091e-05 1.09091e-05 
0.107088 0.107088 0.107088 
0.002461 0.002461 0.002461 
0.807324 0.807324 0.807324 
-0.0759325 -0.0759325 -0.0759325 
-0.0420268 -0.0420268 -0.0420268 
-798.206 -798.206 -798.206 
2394.05 2394.05 2394.05 
0 0 0 
0 0 0 
0 0 0 
0 0 0 
1.67772e+07 1.67772e+07 1.67772e+07 
1.11165e-321 1.11165e-321 1.11165e-321 
2.8991e-316 2.8991e-316 2.8991e-316 
3.21143e-322 3.21143e-322 3.21143e-322 
2.47033e-323 2.47033e-323 2.47033e-323 
2.83917e-316 2.83917e-316 2.83917e-316 
2.47033e-323 2.47033e-323 2.47033e-323 
2.90239e-316 2.90239e-316 2.90239e-316 
2.47033e-323 2.47033e-323 2.47033e-323 
2.84308e-316 2.84308e-316 2.84308e-316 
2.48995e-316 2.48995e-316 2.48995e-316 
7.16395e-322 7.16395e-322 7.16395e-322 
2.90238e-316 2.90238e-316 2.90238e-316 
2.88823e-316 2.88823e-316 2.88823e-316 
6.92898e-310 6.92898e-310 6.92898e-310 
0.158015 0.158015 0.158015 
6.92896e-310 6.92896e-310 6.92896e-310 
2.122e-314 2.122e-314 2.122e-314 
3.01773e-316 3.01773e-316 3.01773e-316 
0 0 0 
Probabilities: 
         0          0          0          0          0          0  0.0120884          0          0          0          0          0          0          0          0  0.0228134          0          0          0          0          0   0.390047          0          0   0.119403          0 0.00524039          0          0          0          0          0          0          0          0          0          0          0          0          0          0          0   0.450408          0          0          0          0          0          0          0          0          0          0          0

String tensions: 
          1           1           1           1           1           1           1           1           1   -0.822488    -0.82296   -0.823008   -0.534181   -0.587623   -0.584404    0.431708   -0.325556   -0.328627   -0.498826   -0.678539    0.592841     164.194 2.51022e+08     374.457     16.5404     3450.88    -1.81662   -0.109651   -0.109651   0.0173399    0.842038     0.85471    0.856995     1.00975     1.01168     1.01194     1.15813  -0.0234844 0.000940548  -0.0147392 -0.00124181  -0.0765611  -0.0218481   -0.149807  -0.0912005   -0.187208  -0.0911899    0.096503  -0.0608745    0.602468   -0.170824  -0.0138654   0.0116354   0.0110295

Errors: 
    5792.62     5792.62     5792.62     5792.62     5792.62     5792.62     5792.62     5792.62     5792.62     1.00028     1.00028     1.00028   0.0804444   0.0557398   0.0545665    0.436843    0.163913    0.157907    0.220154    0.130838     1.00004     102.606           0     3.35211     1.25997           0     1.06111           0           0 0.000761561           0           0           0           0           0           0           0           1  0.00097354           1  0.00192746           1  0.00736163     1.00038     1.04744     2.60125           1           1     1.50883     3.76347  0.00285446 0.000977502 0.000654389 0.000627717

Statuses: 
0 3 3 0 0 0 0 0 0 3 3 3 0 0 0 0 0 0 0 0 3 0 2 0 0 3 0 3 3 0 3 3 3 2 2 2 3 3 0 3 0 3 0 3 3 3 3 3 3 3 3 1 1 1
chisq per dof: 
 100.39 1370.64 1222.72 9.76652 14.8614 13.4699 4.63951 5.53337  4.7876 7708.24 6822.01 6073.69 5.41972 4.78879 4.19719 4.38547 4.98848 4.27688 4.68949 4.27898 1137.28 3.04159 297.775 7136.47 3.72341 10980.8 4.12418 9076.38  7985.8 37.2654 11713.6 10134.1 8878.58 13119.7 11041.8 9477.29 10731.2 1185.54 3.88752 2868.94  4.7307 7327.86 3.19235 3413.86  612.93 10574.9 9031.48 8097.41 6120.97 9851.01 6105.08 2.98215 4.30485 3.73401
Model string tension and errors: 
sigma = 66.0209 +/- 644.914
