Loaded Data/L24_b240_xi3_g.dat
model 1 1 exponentials with a pole of degree 0
shape: 1 1 1 1 1 1 1 1 1 1 1 1
model 2 2 exponentials with a pole of degree 0
shape: 1 1 1 1 1 1 1 1 1 1 1 1
model 3 3 exponentials with a pole of degree 0
shape: 1 1 1 1 1 1 1 1 1 1 1 1
model 4 1 exponentials with a pole of degree 1
shape: 1 1 1 1 1 1 1 1 1 1 1 1
model 5 2 exponentials with a pole of degree 1
shape: 1 1 1 1 1 1 1 1 1 1 1 1
model 6 3 exponentials with a pole of degree 1
shape: 1 1 1 1 1 1 1 1 1 1 1 1


Fitting R = 1

fitting 6 models
2 params
Best parameters for model 1: 
1.91544 0.146732 

4 params
Best parameters for model 2: 
1.88799 0.143356 0.0581419 0.745555 

6 params
Best parameters for model 3: 
1.88361 0.143094 0.0427974 0.525519 0.0280151 0.98313 

3 params
Best parameters for model 4: 
1.88746 0.14386 0.0154071 

5 params
Best parameters for model 5: 
1.88226 0.143078 0.0387574 0.584806 0.00589479 

7 params
Best parameters for model 6: 
1.88746 0.14386 7.00958e-14 4.65286 3.28689e-11 4.8886 0.0154071 

Results: 0.146732  0.16563 0.176227  0.14386 0.154876  0.14386

Errors: 8.82459e-06 9.57626e-05  0.00173908 1.02677e-05 0.000208437   0.0344569

Probabilities:       0       0 0.83277       0 0.16723       0

Chisq: 28345.9 105.928 1.80322 1442.29 2.29001 2596.12

Fit statuses: 0 0 0 0 0 1

Best Chisquared: 1.80322



Fitting R = 2

fitting 6 models
2 params
Best parameters for model 1: 
1.76244 0.225658 

4 params
Best parameters for model 2: 
1.7061 0.219503 0.133113 0.710046 

6 params
Best parameters for model 3: 
1.69546 0.218854 0.0954606 0.483482 0.0707528 0.992081 

3 params
Best parameters for model 4: 
1.70291 0.22029 0.041289 

5 params
Best parameters for model 5: 
1.70291 0.22029 1.8588e-12 4.88085 0.041289 

7 params
Best parameters for model 6: 
1.69546 0.218854 0.0954609 0.483484 0.0707527 0.992089 1.67869e-10 

Results: 0.225658 0.270892 0.299725  0.22029  0.22029 0.299725

Errors: 2.49163e-05 0.000291604  0.00490125 2.76219e-05   0.0106963  0.00491597

Probabilities:        0        0 0.731059        0        0 0.268941

Chisq: 15906.4 68.8839 2.05715  781.21 1004.41 2.46858

Fit statuses: 0 0 0 0 1 0

Best Chisquared: 2.05715



Fitting R = 3

fitting 6 models
2 params
Best parameters for model 1: 
1.59014 0.281439 

4 params
Best parameters for model 2: 
1.50228 0.271115 0.213308 0.690052 

6 params
Best parameters for model 3: 
1.48597 0.270011 0.155882 0.476243 0.111671 1.02166 

3 params
Best parameters for model 4: 
1.49725 0.272415 0.076251 

5 params
Best parameters for model 5: 
1.48099 0.269936 0.135642 0.520518 0.0294908 

7 params
Best parameters for model 6: 
1.48375 0.269941 0.144573 0.472643 0.0822148 0.913605 0.00829303 

Results: 0.281439 0.356912  0.40774 0.272415  0.31361 0.376517

Errors: 4.86448e-05 0.000604787   0.0108836 5.35132e-05  0.00133875  0.00667791

Probabilities:        0        0 0.486591        0 0.330899  0.18251

Chisq: 10766.1 43.6238 1.33697 511.505 1.54187 1.59661

Fit statuses: 0 0 0 0 0 1

Best Chisquared: 1.33697



Fitting R = 4

fitting 6 models
2 params
Best parameters for model 1: 
1.42753 0.330856 

4 params
Best parameters for model 2: 
1.30287 0.314514 0.289669 0.67724 

6 params
Best parameters for model 3: 
1.27936 0.312686 0.212175 0.46244 0.150234 1.00402 

3 params
Best parameters for model 4: 
1.29752 0.316574 0.11993 

5 params
Best parameters for model 5: 
1.27374 0.312622 0.187139 0.505809 0.0439821 

7 params
Best parameters for model 6: 
1.29752 0.316574 3.11697e-10 4.78834 5.79783e-10 4.53868 0.11993 

Results: 0.330856 0.437699 0.506642 0.316574 0.377417 0.316574

Errors: 8.23626e-05  0.00104203   0.0192419 9.14346e-05  0.00234232     3.30495

Probabilities:        0        0 0.456879        0 0.543121        0

Chisq:  7741.32  28.5797 0.486469  372.086 0.653284  669.754

Fit statuses: 0 0 0 0 0 1

Best Chisquared: 0.653284



Fitting R = 5

fitting 6 models
2 params
Best parameters for model 1: 
1.28413 0.378937 

4 params
Best parameters for model 2: 
1.11899 0.35478 0.358708 0.66346 

6 params
Best parameters for model 3: 
1.09211 0.352311 0.283794 0.48068 0.17544 1.18165 

3 params
Best parameters for model 4: 
1.11635 0.357999 0.171684 

5 params
Best parameters for model 5: 
1.0832 0.352019 0.23984 0.495046 0.0578441 

7 params
Best parameters for model 6: 
1.09211 0.352311 0.283792 0.480677 0.175439 1.1816 8.34894e-09 

Results: 0.378937 0.515833 0.628236 0.357999 0.441761 0.628228

Errors:   0.0001274    0.001609   0.0361573 0.000144667  0.00369528    0.036122

Probabilities:        0        0 0.296271        0 0.594738 0.108992

Chisq: 5597.38 19.1342 1.07395 289.005 1.00714 1.28874

Fit statuses: 0 0 0 0 0 0

Best Chisquared: 1.00714



Fitting R = 6

fitting 6 models
2 params
Best parameters for model 1: 
1.16629 0.428405 

4 params
Best parameters for model 2: 
0.955305 0.393697 0.419185 0.643956 

6 params
Best parameters for model 3: 
0.916637 0.389568 0.330913 0.448835 0.202234 1.096 

3 params
Best parameters for model 4: 
0.961127 0.399087 0.229719 

5 params
Best parameters for model 5: 
0.909778 0.389444 0.28929 0.470253 0.0736873 

7 params
Best parameters for model 6: 
0.916637 0.389568 0.330914 0.448835 0.202234 1.096 4.86696e-09 

Results: 0.428405 0.590087 0.707507 0.399087 0.502898 0.707507

Errors: 0.000186868  0.00232225   0.0474379 0.000221437  0.00532356   0.0474409

Probabilities:        0        0 0.302057        0 0.586823  0.11112

Chisq:  3998.23  14.0825 0.858119  232.027   0.8315  1.02974

Fit statuses: 0 0 0 0 0 0

Best Chisquared: 0.8315



Fitting R = 7

fitting 6 models
2 params
Best parameters for model 1: 
1.07814 0.482509 

4 params
Best parameters for model 2: 
0.817603 0.43276 0.469422 0.626124 

6 params
Best parameters for model 3: 
0.768733 0.42658 0.38719 0.437792 0.220685 1.17902 

3 params
Best parameters for model 4: 
0.836554 0.441711 0.289164 

5 params
Best parameters for model 5: 
0.761072 0.426347 0.335953 0.446582 0.0883221 

7 params
Best parameters for model 6: 
0.768733 0.42658 0.38719 0.437792 0.220685 1.17902 6.95793e-10 

Results: 0.482509 0.661129 0.808908 0.441711 0.563109 0.808908

Errors: 0.000276622  0.00330666   0.0700417 0.000341699  0.00746349   0.0700633

Probabilities:        0        0 0.279048        0 0.618295 0.102656

Chisq: 2778.32 10.7276 1.15749 176.787 1.05054 1.38899

Fit statuses: 0 0 0 0 0 0

Best Chisquared: 1.05054



Fitting R = 8

fitting 6 models
2 params
Best parameters for model 1: 
1.01944 0.540878 

4 params
Best parameters for model 2: 
0.709068 0.472999 0.505397 0.604536 

6 params
Best parameters for model 3: 
0.630712 0.461526 0.425847 0.387851 0.245561 1.11465 

3 params
Best parameters for model 4: 
0.749274 0.487753 0.33545 

5 params
Best parameters for model 5: 
0.628928 0.462007 0.376392 0.403152 0.107174 

7 params
Best parameters for model 6: 
0.630712 0.461526 0.425847 0.387851 0.245561 1.11465 4.08052e-11 

Results: 0.540878 0.724575  0.87172 0.487753 0.612948  0.87172

Errors: 0.000401975  0.00460245   0.0818543 0.000524184    0.010345   0.0818419

Probabilities:        0        0 0.283962        0 0.611574 0.104464

Chisq:  1781.52  8.81707 0.946109  130.035 0.877466  1.13533

Fit statuses: 0 0 0 0 0 0

Best Chisquared: 0.877466



Fitting R = 9

fitting 6 models
2 params
Best parameters for model 1: 
0.982694 0.601158 

4 params
Best parameters for model 2: 
0.636835 0.515648 0.522643 0.588426 

6 params
Best parameters for model 3: 
0.513344 0.495191 0.464145 0.339047 0.265356 1.07404 

3 params
Best parameters for model 4: 
0.69797 0.536893 0.357832 

5 params
Best parameters for model 5: 
0.523336 0.497497 0.413048 0.36191 0.123022 

7 params
Best parameters for model 6: 
0.492516 0.492654 0.410135 0.304084 0.141331 0.682914 0.0690315 

Results: 0.601158 0.780885 0.923513 0.536893 0.657139 0.745732

Errors: 0.000571325  0.00644016   0.0979036 0.000769154   0.0146782   0.0248198

Probabilities:        0        0 0.286958        0 0.607114 0.105928

Chisq: 1098.79 7.52366 1.60459 86.1503 1.44697 1.92414

Fit statuses: 0 0 0 0 0 1

Best Chisquared: 1.44697



Fitting R = 10

fitting 6 models
2 params
Best parameters for model 1: 
0.965862 0.656241 

4 params
Best parameters for model 2: 
0.6179 0.562485 0.507203 0.596859 

6 params
Best parameters for model 3: 
0.513939 0.543578 0.481408 0.386651 0.271607 1.53658 

3 params
Best parameters for model 4: 
0.685509 0.586608 0.341578 

5 params
Best parameters for model 5: 
0.495636 0.541463 0.412467 0.360102 0.121818 

7 params
Best parameters for model 6: 
0.513936 0.543578 0.481406 0.386646 0.271598 1.53649 3.09813e-09 

Results: 0.656241 0.831552  1.10279 0.586608 0.705024  1.10276

Errors: 0.000750698  0.00902235    0.239204  0.00108116   0.0211497    0.247133

Probabilities:         0         0  0.252171         0  0.655061 0.0927684

Chisq: 607.462 4.55653 1.59469 46.2221 1.37984 1.91362

Fit statuses: 0 0 0 0 0 0

Best Chisquared: 1.37984



Fitting R = 11

fitting 6 models
2 params
Best parameters for model 1: 
0.961759 0.696885 

4 params
Best parameters for model 2: 
0.62955 0.602263 0.477155 0.613692 

6 params
Best parameters for model 3: 
0.530575 0.583577 0.471849 0.409824 0.430203 2.32724 

3 params
Best parameters for model 4: 
0.694142 0.626384 0.311334 

5 params
Best parameters for model 5: 
0.494153 0.57848 0.396088 0.350021 0.121461 

7 params
Best parameters for model 6: 
0.494155 0.57848 0.395843 0.350022 0.000244473 0.001 0.12146 

Results: 0.696885 0.866856  1.54047 0.626384 0.734212 0.734212

Errors: 0.00089921   0.011993    1.55479 0.00138636   0.029358  0.0837969

Probabilities:        0        0        0        0 0.880797 0.119203

Chisq: 363.828 3.25286 1.65028 25.3843 1.45719 2.04007

Fit statuses: 0 0 0 0 0 1

Best Chisquared: 1.45719



Fitting R = 12

fitting 6 models
2 params
Best parameters for model 1: 
0.959863 0.711375 

4 params
Best parameters for model 2: 
0.636647 0.617687 0.463528 0.619295 

6 params
Best parameters for model 3: 
0.441064 0.581083 0.49557 0.312144 0.279485 1.39305 

3 params
Best parameters for model 4: 
0.70075 0.64186 0.296215 

5 params
Best parameters for model 5: 
0.424424 0.579225 0.433497 0.291318 0.139775 

7 params
Best parameters for model 6: 
0.700749 0.64186 2.84194e-10 4.88217 1.86707e-08 4.0683 0.296217 

Results: 0.711375  0.87861  1.10017  0.64186 0.726424  0.64186

Errors: 0.000955914   0.0138298    0.236839  0.00151915   0.0383388     33.3239

Probabilities:        0        0 0.270883        0 0.729117        0

Chisq: 291.756 3.54733 1.83108 19.7005 1.57231 35.4609

Fit statuses: 0 0 0 0 0 1

Best Chisquared: 1.57231

Fits/L24_b240_xi3_g.vr
models for fitting the R-dependence: 
model 1 Fitting Polynomial of degree1 with shape 1 1 1 1 1 1 1 1 1 0 0 0

model 2 Fitting Polynomial of degree1 with shape 1 1 1 1 1 1 1 1 1 1 0 0

model 3 Fitting Polynomial of degree1 with shape 1 1 1 1 1 1 1 1 1 1 1 0

model 4 Fitting Polynomial of degree1 with shape 1 1 1 1 1 1 1 1 1 1 1 1

model 5 Fitting Polynomial of degree1 with shape 0 1 1 1 1 1 1 1 1 0 0 0

model 6 Fitting Polynomial of degree1 with shape 0 1 1 1 1 1 1 1 1 1 0 0

model 7 Fitting Polynomial of degree1 with shape 0 1 1 1 1 1 1 1 1 1 1 0

model 8 Fitting Polynomial of degree1 with shape 0 1 1 1 1 1 1 1 1 1 1 1

model 9 Fitting Polynomial of degree1 with shape 0 0 1 1 1 1 1 1 1 0 0 0

model 10 Fitting Polynomial of degree1 with shape 0 0 1 1 1 1 1 1 1 1 0 0

model 11 Fitting Polynomial of degree1 with shape 0 0 1 1 1 1 1 1 1 1 1 0

model 12 Fitting Polynomial of degree1 with shape 0 0 1 1 1 1 1 1 1 1 1 1

fitting 12 models
2 params
Best parameters for model 1: 
0.0927936 0.0990999 

2 params
Best parameters for model 2: 
0.0953489 0.0976295 

2 params
Best parameters for model 3: 
0.151863 0.0652129 

2 params
Best parameters for model 4: 
0.15241 0.0649012 

2 params
Best parameters for model 5: 
0.162697 0.0685464 

2 params
Best parameters for model 6: 
0.162848 0.0684721 

2 params
Best parameters for model 7: 
0.196613 0.0519072 

2 params
Best parameters for model 8: 
0.196554 0.0519362 

2 params
Best parameters for model 9: 
0.172477 0.0668438 

2 params
Best parameters for model 10: 
0.172363 0.0668737 

2 params
Best parameters for model 11: 
0.255612 0.045553 

2 params
Best parameters for model 12: 
0.255014 0.0456875 



Fitting the potential: 
Results: 0.0990999 0.0976295 0.0652129 0.0649012 0.0685464 0.0684721 0.0519072 0.0519362 0.0668438 0.0668737  0.045553 0.0456875

Errors: 0.00661822 0.00645065 0.00361261 0.00355887 0.00992332 0.00941704 0.00406432 0.00399274  0.0163021  0.0152202 0.00677712 0.00668204

Probabilities:         0         0         0         0 0.0820934   0.22309 0.0905884  0.246064 0.0304633 0.0828067 0.0662031  0.178691

Chisq:   2.45775   2.27394   6.10951   5.52377  0.021546 0.0185487  0.491542  0.437089 0.0223894 0.0186622  0.365648   0.32171

Fit statuses: 0 0 0 0 0 0 0 0 0 0 0 0

