R=0parameters: 
-0.633731 -0.633731 
0.0656025 0.0656025 
7.77814e-11 7.77814e-11 
1.63042e-322 1.63042e-322 
-0.628615 -0.628615 
-4.93958e+06 -4.93958e+06 
2.76757e-316 2.76757e-316 
6.37345e-322 6.37345e-322 
2.76057e-316 2.76057e-316 
1.73181e-316 1.73181e-316 1.73181e-316 
0 0 0 
0 0 0 
0 0 0 
2.42092e-322 2.42092e-322 2.42092e-322 
4.94066e-324 4.94066e-324 4.94066e-324 
2.69064e-316 2.69064e-316 2.69064e-316 
2.66895e-316 2.66895e-316 2.66895e-316 
2.7135e-316 2.7135e-316 2.7135e-316 
-5.76914e-117 -5.76914e-117 -5.76914e-117 -5.76914e-117 
2.42092e-322 2.42092e-322 2.42092e-322 2.42092e-322 
5.1364e+160 5.1364e+160 5.1364e+160 5.1364e+160 
1.84639e+93 1.84639e+93 1.84639e+93 1.84639e+93 
7.27449e+199 7.27449e+199 7.27449e+199 7.27449e+199 
2.42749e-312 2.42749e-312 2.42749e-312 2.42749e-312 
6.94572e-310 6.94572e-310 6.94572e-310 6.94572e-310 
2.42092e-322 2.42092e-322 2.42092e-322 2.42092e-322 
8.39912e-323 8.39912e-323 8.39912e-323 8.39912e-323 
2.69913e-316 2.69913e-316 2.69913e-316 
2.63106e+93 2.63106e+93 2.63106e+93 
6.37289e-67 6.37289e-67 6.37289e-67 
2.47033e-322 2.47033e-322 2.47033e-322 
1.63042e-322 1.63042e-322 1.63042e-322 
7.90505e-323 7.90505e-323 7.90505e-323 
2.75749e-314 2.75749e-314 2.75749e-314 
0 0 0 
1.63042e-322 1.63042e-322 1.63042e-322 
7.90505e-323 7.90505e-323 7.90505e-323 7.90505e-323 
2.75749e-314 2.75749e-314 2.75749e-314 2.75749e-314 
0 0 0 0 
1.63042e-322 1.63042e-322 1.63042e-322 1.63042e-322 
7.90505e-323 7.90505e-323 7.90505e-323 7.90505e-323 
2.122e-314 2.122e-314 2.122e-314 2.122e-314 
0 0 0 0 
2.42092e-322 2.42092e-322 2.42092e-322 2.42092e-322 
7.90505e-323 7.90505e-323 7.90505e-323 7.90505e-323 
3.21143e-322 3.21143e-322 3.21143e-322 3.21143e-322 3.21143e-322 
2.79261e-316 2.79261e-316 2.79261e-316 2.79261e-316 2.79261e-316 
2.75736e-316 2.75736e-316 2.75736e-316 2.75736e-316 2.75736e-316 
2.46725e-06 2.46725e-06 2.46725e-06 2.46725e-06 2.46725e-06 
2.77334e-316 2.77334e-316 2.77334e-316 2.77334e-316 2.77334e-316 
1.93201e+08 1.93201e+08 1.93201e+08 1.93201e+08 1.93201e+08 
2.77241e-316 2.77241e-316 2.77241e-316 2.77241e-316 2.77241e-316 
3.23796e-319 3.23796e-319 3.23796e-319 3.23796e-319 3.23796e-319 
6.37345e-322 6.37345e-322 6.37345e-322 6.37345e-322 6.37345e-322 
R=1parameters: 
-0.529164 -0.529164 
0.107954 0.107954 
-1.61077e-05 -1.61077e-05 
0.0966397 0.0966397 
-0.0709576 -0.0709576 
5.03038e+175 5.03038e+175 
3.5936e+246 3.5936e+246 
2.14726e+243 2.14726e+243 
-1.12698e+06 -1.12698e+06 
3.87842e-321 3.87842e-321 3.87842e-321 
2.77217e-316 2.77217e-316 2.77217e-316 
6.94578e-310 6.94578e-310 6.94578e-310 
1.58101e-322 1.58101e-322 1.58101e-322 
3.16202e-322 3.16202e-322 3.16202e-322 
2.71965e-316 2.71965e-316 2.71965e-316 
2.71939e-316 2.71939e-316 2.71939e-316 
2.75383e-06 2.75383e-06 2.75383e-06 
2.70302e-316 2.70302e-316 2.70302e-316 
1.91005e+08 1.91005e+08 1.91005e+08 1.91005e+08 
6.94578e-310 6.94578e-310 6.94578e-310 6.94578e-310 
3.16202e-322 3.16202e-322 3.16202e-322 3.16202e-322 
9.53547e-322 9.53547e-322 9.53547e-322 9.53547e-322 
2.76376e-316 2.76376e-316 2.76376e-316 2.76376e-316 
2.73375e-316 2.73375e-316 2.73375e-316 2.73375e-316 
0.991995 0.991995 0.991995 0.991995 
0.694918 0.694918 0.694918 0.694918 
2.37152e-322 2.37152e-322 2.37152e-322 2.37152e-322 
3.16202e-322 3.16202e-322 3.16202e-322 
2.7344e-316 2.7344e-316 2.7344e-316 
2.77241e-316 2.77241e-316 2.77241e-316 
0.985091 0.985091 0.985091 
1.73413e-316 1.73413e-316 1.73413e-316 
1.81822e+08 1.81822e+08 1.81822e+08 
4.94066e-324 4.94066e-324 4.94066e-324 
2.76682e-316 2.76682e-316 2.76682e-316 
4.00193e-322 4.00193e-322 4.00193e-322 
2.76749e-316 2.76749e-316 2.76749e-316 2.76749e-316 
2.76342e-316 2.76342e-316 2.76342e-316 2.76342e-316 
1.58101e-322 1.58101e-322 1.58101e-322 1.58101e-322 
2.37152e-322 2.37152e-322 2.37152e-322 2.37152e-322 
6.94576e-310 6.94576e-310 6.94576e-310 6.94576e-310 
2.122e-314 2.122e-314 2.122e-314 2.122e-314 
2.75323e-316 2.75323e-316 2.75323e-316 2.75323e-316 
4.00193e-322 4.00193e-322 4.00193e-322 4.00193e-322 
2.76341e-316 2.76341e-316 2.76341e-316 2.76341e-316 
2.75806e-316 2.75806e-316 2.75806e-316 2.75806e-316 2.75806e-316 
2.7724e-316 2.7724e-316 2.7724e-316 2.7724e-316 2.7724e-316 
2.70336e-316 2.70336e-316 2.70336e-316 2.70336e-316 2.70336e-316 
2.75545e-316 2.75545e-316 2.75545e-316 2.75545e-316 2.75545e-316 
2.75115e-316 2.75115e-316 2.75115e-316 2.75115e-316 2.75115e-316 
1.61146e-06 1.61146e-06 1.61146e-06 1.61146e-06 1.61146e-06 
-7.5226e-09 -7.5226e-09 -7.5226e-09 -7.5226e-09 -7.5226e-09 
3.66409e-07 3.66409e-07 3.66409e-07 3.66409e-07 3.66409e-07 
-7.96093e-08 -7.96093e-08 -7.96093e-08 -7.96093e-08 -7.96093e-08 
R=2parameters: 
-0.405545 -0.405545 
0.142505 0.142505 
-3.86436e-05 -3.86436e-05 
0.250053 0.250053 
-0.183369 -0.183369 
5.03038e+175 5.03038e+175 
3.5936e+246 3.5936e+246 
2.14726e+243 2.14726e+243 
-1.12698e+06 -1.12698e+06 
3.87842e-321 3.87842e-321 3.87842e-321 
6.94578e-310 6.94578e-310 6.94578e-310 
2.77217e-316 2.77217e-316 2.77217e-316 
2.08139e-08 2.08139e-08 2.08139e-08 
6.88911e-09 6.88911e-09 6.88911e-09 
-8.87877e-10 -8.87877e-10 -8.87877e-10 
4.0674e-11 4.0674e-11 4.0674e-11 
4.21601e-06 4.21601e-06 4.21601e-06 
-4.62273e-07 -4.62273e-07 -4.62273e-07 
1.86022e-08 1.86022e-08 1.86022e-08 1.86022e-08 
1.31751e-05 1.31751e-05 1.31751e-05 1.31751e-05 
-5.35725e-06 -5.35725e-06 -5.35725e-06 -5.35725e-06 
5.6269e-07 5.6269e-07 5.6269e-07 5.6269e-07 
-2.22388e-08 -2.22388e-08 -2.22388e-08 -2.22388e-08 
-1.74197e-05 -1.74197e-05 -1.74197e-05 -1.74197e-05 
2.41135e-05 2.41135e-05 2.41135e-05 2.41135e-05 
3.24601e-321 3.24601e-321 3.24601e-321 3.24601e-321 
2.88671e-316 2.88671e-316 2.88671e-316 2.88671e-316 
2.70302e-316 2.70302e-316 2.70302e-316 
2.47033e-323 2.47033e-323 2.47033e-323 
2.75256e-316 2.75256e-316 2.75256e-316 
6375.28 6375.28 6375.28 
2.74898e-316 2.74898e-316 2.74898e-316 
3.16202e-322 3.16202e-322 3.16202e-322 
3.95253e-322 3.95253e-322 3.95253e-322 
2.70356e-316 2.70356e-316 2.70356e-316 
2.88666e-316 2.88666e-316 2.88666e-316 
2.71938e-316 2.71938e-316 2.71938e-316 2.71938e-316 
2.88664e-316 2.88664e-316 2.88664e-316 2.88664e-316 
2.88652e-316 2.88652e-316 2.88652e-316 2.88652e-316 
-2.17632e-158 -2.17632e-158 -2.17632e-158 -2.17632e-158 
1.41421 1.41421 1.41421 1.41421 
0.15996 0.15996 0.15996 0.15996 
0 0 0 0 
2.42092e-322 2.42092e-322 2.42092e-322 2.42092e-322 
719450 719450 719450 719450 
2.122e-314 2.122e-314 2.122e-314 2.122e-314 2.122e-314 
2.76891e-316 2.76891e-316 2.76891e-316 2.76891e-316 2.76891e-316 
3.16202e-322 3.16202e-322 3.16202e-322 3.16202e-322 3.16202e-322 
1672.11 1672.11 1672.11 1672.11 1672.11 
2.74945e-316 2.74945e-316 2.74945e-316 2.74945e-316 2.74945e-316 
3.23796e-319 3.23796e-319 3.23796e-319 3.23796e-319 3.23796e-319 
1.63042e-322 1.63042e-322 1.63042e-322 1.63042e-322 1.63042e-322 
6.94576e-310 6.94576e-310 6.94576e-310 6.94576e-310 6.94576e-310 
2.122e-314 2.122e-314 2.122e-314 2.122e-314 2.122e-314 
R=3parameters: 
-0.283526 -0.283526 
0.176544 0.176544 
-0.0299212 -0.0299212 
862.831 862.831 
-2350.04 -2350.04 
5.03038e+175 5.03038e+175 
3.5936e+246 3.5936e+246 
2.14726e+243 2.14726e+243 
-1.12698e+06 -1.12698e+06 
3.87842e-321 3.87842e-321 3.87842e-321 
6.94578e-310 6.94578e-310 6.94578e-310 
2.77217e-316 2.77217e-316 2.77217e-316 
3.46644e-07 3.46644e-07 3.46644e-07 
-4.36861e-07 -4.36861e-07 -4.36861e-07 
-6.50529e-08 -6.50529e-08 -6.50529e-08 
2.07046e-08 2.07046e-08 2.07046e-08 
3.22005e-05 3.22005e-05 3.22005e-05 
4.83001e-06 4.83001e-06 4.83001e-06 
-1.01705e-06 -1.01705e-06 -1.01705e-06 -1.01705e-06 
8.42749e-05 8.42749e-05 8.42749e-05 8.42749e-05 
-8.86561e-05 -8.86561e-05 -8.86561e-05 -8.86561e-05 
-1.32383e-05 -1.32383e-05 -1.32383e-05 -1.32383e-05 
2.84683e-06 2.84683e-06 2.84683e-06 2.84683e-06 
-0.000233881 -0.000233881 -0.000233881 -0.000233881 
0.000650098 0.000650098 0.000650098 0.000650098 
3.24601e-321 3.24601e-321 3.24601e-321 3.24601e-321 
2.75197e-316 2.75197e-316 2.75197e-316 2.75197e-316 
2.7525e-316 2.7525e-316 2.7525e-316 
2.75186e-316 2.75186e-316 2.75186e-316 
1.63042e-322 1.63042e-322 1.63042e-322 
2.74943e-316 2.74943e-316 2.74943e-316 
2.77291e-316 2.77291e-316 2.77291e-316 
3.16202e-322 3.16202e-322 3.16202e-322 
3.95253e-322 3.95253e-322 3.95253e-322 
2.75263e-316 2.75263e-316 2.75263e-316 
2.75187e-316 2.75187e-316 2.75187e-316 
2.74945e-316 2.74945e-316 2.74945e-316 2.74945e-316 
2.74932e-316 2.74932e-316 2.74932e-316 2.74932e-316 
2.79207e-316 2.79207e-316 2.79207e-316 2.79207e-316 
2.75355e-316 2.75355e-316 2.75355e-316 2.75355e-316 
26.0233 26.0233 26.0233 26.0233 
-52538.7 -52538.7 -52538.7 -52538.7 
1.67772e+07 1.67772e+07 1.67772e+07 1.67772e+07 
1.63042e-322 1.63042e-322 1.63042e-322 1.63042e-322 
6.94576e-310 6.94576e-310 6.94576e-310 6.94576e-310 
-2.17632e-158 -2.17632e-158 -2.17632e-158 -2.17632e-158 -2.17632e-158 
2.75358e-316 2.75358e-316 2.75358e-316 2.75358e-316 2.75358e-316 
1.63042e-322 1.63042e-322 1.63042e-322 1.63042e-322 1.63042e-322 
6.94576e-310 6.94576e-310 6.94576e-310 6.94576e-310 6.94576e-310 
2.122e-314 2.122e-314 2.122e-314 2.122e-314 2.122e-314 
2.77334e-316 2.77334e-316 2.77334e-316 2.77334e-316 2.77334e-316 
4.00193e-322 4.00193e-322 4.00193e-322 4.00193e-322 4.00193e-322 
-5.43839e-08 -5.43839e-08 -5.43839e-08 -5.43839e-08 -5.43839e-08 
5.1375e-05 5.1375e-05 5.1375e-05 5.1375e-05 5.1375e-05 
R=4parameters: 
-0.170694 -0.170694 
0.213136 0.213136 
0.0894234 0.0894234 
-5.94257 -5.94257 
9.21686 9.21686 
5.03038e+175 5.03038e+175 
3.5936e+246 3.5936e+246 
2.14726e+243 2.14726e+243 
-1.12698e+06 -1.12698e+06 
3.87842e-321 3.87842e-321 3.87842e-321 
6.94578e-310 6.94578e-310 6.94578e-310 
6.94578e-310 6.94578e-310 6.94578e-310 
0 0 0 
0 0 0 
2.37152e-322 2.37152e-322 2.37152e-322 
2.37152e-322 2.37152e-322 2.37152e-322 
2.7669e-316 2.7669e-316 2.7669e-316 
2.88699e-316 2.88699e-316 2.88699e-316 
0.381902 0.381902 0.381902 0.381902 
4.94066e-324 4.94066e-324 4.94066e-324 4.94066e-324 
0 0 0 0 
2.42092e-322 2.42092e-322 2.42092e-322 2.42092e-322 
2.72375e-316 2.72375e-316 2.72375e-316 2.72375e-316 
2.74927e-316 2.74927e-316 2.74927e-316 2.74927e-316 
1.11887e+07 1.11887e+07 1.11887e+07 1.11887e+07 
3.50421e+07 3.50421e+07 3.50421e+07 3.50421e+07 
7.11455e-322 7.11455e-322 7.11455e-322 7.11455e-322 
6.32404e-322 6.32404e-322 6.32404e-322 
2.74826e-316 2.74826e-316 2.74826e-316 
6.4113e-06 6.4113e-06 6.4113e-06 
9.53196e-07 9.53196e-07 9.53196e-07 
-2.26264e-06 -2.26264e-06 -2.26264e-06 
-3.08778e-07 -3.08778e-07 -3.08778e-07 
1.09566e-07 1.09566e-07 1.09566e-07 
0.000124823 0.000124823 0.000124823 
1.65734e-05 1.65734e-05 1.65734e-05 
-5.61948e-06 -5.61948e-06 -5.61948e-06 -5.61948e-06 
0.000331135 0.000331135 0.000331135 0.000331135 
-0.00037117 -0.00037117 -0.00037117 -0.00037117 
1.63042e-322 1.63042e-322 1.63042e-322 1.63042e-322 
6.94578e-310 6.94578e-310 6.94578e-310 6.94578e-310 
2.122e-314 2.122e-314 2.122e-314 2.122e-314 
2.76375e-316 2.76375e-316 2.76375e-316 2.76375e-316 
1.63042e-322 1.63042e-322 1.63042e-322 1.63042e-322 
6.94576e-310 6.94576e-310 6.94576e-310 6.94576e-310 
0 0 0 0 0 
3.16202e-322 3.16202e-322 3.16202e-322 3.16202e-322 3.16202e-322 
2.37152e-322 2.37152e-322 2.37152e-322 2.37152e-322 2.37152e-322 
2.6959e-316 2.6959e-316 2.6959e-316 2.6959e-316 2.6959e-316 
4.00193e-322 4.00193e-322 4.00193e-322 4.00193e-322 4.00193e-322 
2.69615e-316 2.69615e-316 2.69615e-316 2.69615e-316 2.69615e-316 
2.79207e-316 2.79207e-316 2.79207e-316 2.79207e-316 2.79207e-316 
-24.9267 -24.9267 -24.9267 -24.9267 -24.9267 
2.37152e-322 2.37152e-322 2.37152e-322 2.37152e-322 2.37152e-322 
R=5parameters: 
-0.0741874 -0.0741874 
0.252437 0.252437 
-4.29001e-05 -4.29001e-05 
1.06105 1.06105 
-0.775803 -0.775803 
5.03038e+175 5.03038e+175 
3.5936e+246 3.5936e+246 
2.14726e+243 2.14726e+243 
-1.12698e+06 -1.12698e+06 
3.87842e-321 3.87842e-321 3.87842e-321 
6.94578e-310 6.94578e-310 6.94578e-310 
6.94578e-310 6.94578e-310 6.94578e-310 
1.53119e-05 1.53119e-05 1.53119e-05 
-6.138e-05 -6.138e-05 -6.138e-05 
-1.01686e-05 -1.01686e-05 -1.01686e-05 
6.89053e-06 6.89053e-06 6.89053e-06 
-0.000267622 -0.000267622 -0.000267622 
-4.36511e-05 -4.36511e-05 -4.36511e-05 
2.96666e-05 2.96666e-05 2.96666e-05 2.96666e-05 
0.000195023 0.000195023 0.000195023 0.000195023 
0.000936765 0.000936765 0.000936765 0.000936765 
0.000153022 0.000153022 0.000153022 0.000153022 
-0.000103974 -0.000103974 -0.000103974 -0.000103974 
-0.000649046 -0.000649046 -0.000649046 -0.000649046 
0.00217177 0.00217177 0.00217177 0.00217177 
3.24601e-321 3.24601e-321 3.24601e-321 3.24601e-321 
2.7634e-316 2.7634e-316 2.7634e-316 2.7634e-316 
2.75316e-316 2.75316e-316 2.75316e-316 
2.75197e-316 2.75197e-316 2.75197e-316 
1.63042e-322 1.63042e-322 1.63042e-322 
2.79208e-316 2.79208e-316 2.79208e-316 
2.75197e-316 2.75197e-316 2.75197e-316 
3.16202e-322 3.16202e-322 3.16202e-322 
3.95253e-322 3.95253e-322 3.95253e-322 
2.75384e-316 2.75384e-316 2.75384e-316 
2.88813e-316 2.88813e-316 2.88813e-316 
2.88814e-316 2.88814e-316 2.88814e-316 2.88814e-316 
2.88816e-316 2.88816e-316 2.88816e-316 2.88816e-316 
2.88814e-316 2.88814e-316 2.88814e-316 2.88814e-316 
2.88815e-316 2.88815e-316 2.88815e-316 2.88815e-316 
953390 953390 953390 953390 
-10914.7 -10914.7 -10914.7 -10914.7 
-3127.5 -3127.5 -3127.5 -3127.5 
4.00193e-322 4.00193e-322 4.00193e-322 4.00193e-322 
2.79208e-316 2.79208e-316 2.79208e-316 2.79208e-316 
2.75185e-316 2.75185e-316 2.75185e-316 2.75185e-316 2.75185e-316 
4.78665e-05 4.78665e-05 4.78665e-05 4.78665e-05 4.78665e-05 
1.63042e-322 1.63042e-322 1.63042e-322 1.63042e-322 1.63042e-322 
2.77204e-316 2.77204e-316 2.77204e-316 2.77204e-316 2.77204e-316 
2.77204e-316 2.77204e-316 2.77204e-316 2.77204e-316 2.77204e-316 
1.66006e-321 1.66006e-321 1.66006e-321 1.66006e-321 1.66006e-321 
6.32404e-322 6.32404e-322 6.32404e-322 6.32404e-322 6.32404e-322 
2.77216e-316 2.77216e-316 2.77216e-316 2.77216e-316 2.77216e-316 
-1.872e-05 -1.872e-05 -1.872e-05 -1.872e-05 -1.872e-05 
R=6parameters: 
0.0131128 0.0131128 
0.292356 0.292356 
-0.0435436 -0.0435436 
1.41716 1.41716 
-11.9639 -11.9639 
5.03038e+175 5.03038e+175 
3.5936e+246 3.5936e+246 
2.14726e+243 2.14726e+243 
-1.12698e+06 -1.12698e+06 
3.87842e-321 3.87842e-321 3.87842e-321 
6.94578e-310 6.94578e-310 6.94578e-310 
6.94578e-310 6.94578e-310 6.94578e-310 
0.00106278 0.00106278 0.00106278 
1.53976 1.53976 1.53976 
2.37152e-322 2.37152e-322 2.37152e-322 
2.37152e-322 2.37152e-322 2.37152e-322 
2.77202e-316 2.77202e-316 2.77202e-316 
0 0 0 
0 0 0 0 
0 0 0 0 
4.74303e-322 4.74303e-322 4.74303e-322 4.74303e-322 
2.37152e-322 2.37152e-322 2.37152e-322 2.37152e-322 
2.7926e-316 2.7926e-316 2.7926e-316 2.7926e-316 
17557.6 17557.6 17557.6 17557.6 
56164.2 56164.2 56164.2 56164.2 
2542.75 2542.75 2542.75 2542.75 
7.11455e-322 7.11455e-322 7.11455e-322 7.11455e-322 
3.16202e-322 3.16202e-322 3.16202e-322 
2.75753e-316 2.75753e-316 2.75753e-316 
2.79205e-316 2.79205e-316 2.79205e-316 
2.47033e-323 2.47033e-323 2.47033e-323 
2.79206e-316 2.79206e-316 2.79206e-316 
2.47033e-323 2.47033e-323 2.47033e-323 
2.79206e-316 2.79206e-316 2.79206e-316 
1.67772e+07 1.67772e+07 1.67772e+07 
6.37345e-322 6.37345e-322 6.37345e-322 
2.79207e-316 2.79207e-316 2.79207e-316 2.79207e-316 
2.77202e-316 2.77202e-316 2.77202e-316 2.77202e-316 
4.3561e+09 4.3561e+09 4.3561e+09 4.3561e+09 
342467 342467 342467 342467 
2.37152e-322 2.37152e-322 2.37152e-322 2.37152e-322 
2.37152e-322 2.37152e-322 2.37152e-322 2.37152e-322 
2.75756e-316 2.75756e-316 2.75756e-316 2.75756e-316 
2.75279e-316 2.75279e-316 2.75279e-316 2.75279e-316 
2.77202e-316 2.77202e-316 2.77202e-316 2.77202e-316 
2.77204e-316 2.77204e-316 2.77204e-316 2.77204e-316 2.77204e-316 
1.1502 1.1502 1.1502 1.1502 1.1502 
-544.347 -544.347 -544.347 -544.347 -544.347 
-2778.88 -2778.88 -2778.88 -2778.88 -2778.88 
2.29741e-321 2.29741e-321 2.29741e-321 2.29741e-321 2.29741e-321 
2.74767e-316 2.74767e-316 2.74767e-316 2.74767e-316 2.74767e-316 
-673.006 -673.006 -673.006 -673.006 -673.006 
-4075.68 -4075.68 -4075.68 -4075.68 -4075.68 
6.32404e-322 6.32404e-322 6.32404e-322 6.32404e-322 6.32404e-322 
R=7parameters: 
0.0853076 0.0853076 
0.333918 0.333918 
-0.0694377 -0.0694377 
42.8245 42.8245 
-127.907 -127.907 
5.03038e+175 5.03038e+175 
3.5936e+246 3.5936e+246 
2.14726e+243 2.14726e+243 
-1.12698e+06 -1.12698e+06 
3.87842e-321 3.87842e-321 3.87842e-321 
6.94578e-310 6.94578e-310 6.94578e-310 
6.94578e-310 6.94578e-310 6.94578e-310 
2.75806e-316 2.75806e-316 2.75806e-316 
2.76895e-316 2.76895e-316 2.76895e-316 
2.75807e-316 2.75807e-316 2.75807e-316 
2.75808e-316 2.75808e-316 2.75808e-316 
3222.13 3222.13 3222.13 
-846.605 -846.605 -846.605 
-2659.35 -2659.35 -2659.35 -2659.35 
-4.48385 -4.48385 -4.48385 -4.48385 
-127.907 -127.907 -127.907 -127.907 
2.42092e-322 2.42092e-322 2.42092e-322 2.42092e-322 
2.75253e-316 2.75253e-316 2.75253e-316 2.75253e-316 
-2.17632e-158 -2.17632e-158 -2.17632e-158 -2.17632e-158 
7141.61 7141.61 7141.61 7141.61 
866.73 866.73 866.73 866.73 
0 0 0 0 
9.53547e-322 9.53547e-322 9.53547e-322 
6.94578e-310 6.94578e-310 6.94578e-310 
2.68755e-316 2.68755e-316 2.68755e-316 
-3.87816 -3.87816 -3.87816 
4.30995 4.30995 4.30995 
2.37152e-322 2.37152e-322 2.37152e-322 
2.37152e-322 2.37152e-322 2.37152e-322 
2.77169e-316 2.77169e-316 2.77169e-316 
0 0 0 
0 0 0 0 
0 0 0 0 
4.74303e-322 4.74303e-322 4.74303e-322 4.74303e-322 
2.37152e-322 2.37152e-322 2.37152e-322 2.37152e-322 
2.7926e-316 2.7926e-316 2.7926e-316 2.7926e-316 
2.7724e-316 2.7724e-316 2.7724e-316 2.7724e-316 
4.0944 4.0944 4.0944 4.0944 
nan nan nan nan 
0 0 0 0 
2.42092e-322 2.42092e-322 2.42092e-322 2.42092e-322 2.42092e-322 
2.88665e-316 2.88665e-316 2.88665e-316 2.88665e-316 2.88665e-316 
0.000395757 0.000395757 0.000395757 0.000395757 0.000395757 
3.5936e+246 3.5936e+246 3.5936e+246 3.5936e+246 3.5936e+246 
1.35151e+241 1.35151e+241 1.35151e+241 1.35151e+241 1.35151e+241 
nan nan nan nan nan 
1.63042e-322 1.63042e-322 1.63042e-322 1.63042e-322 1.63042e-322 
6.94576e-310 6.94576e-310 6.94576e-310 6.94576e-310 6.94576e-310 
0 0 0 0 0 
R=8parameters: 
0.132933 0.132933 
0.376957 0.376957 
-0.0519549 -0.0519549 
8.66454 8.66454 
-32.786 -32.786 
5.03038e+175 5.03038e+175 
3.5936e+246 3.5936e+246 
2.14726e+243 2.14726e+243 
-1.12698e+06 -1.12698e+06 
3.08791e-321 3.08791e-321 3.08791e-321 
2.75195e-316 2.75195e-316 2.75195e-316 
6.94578e-310 6.94578e-310 6.94578e-310 
2.02217 2.02217 2.02217 
-0.278303 -0.278303 -0.278303 
2.37152e-322 2.37152e-322 2.37152e-322 
6.32404e-322 6.32404e-322 6.32404e-322 
2.75834e-316 2.75834e-316 2.75834e-316 
-1.95251e-05 -1.95251e-05 -1.95251e-05 
2.43872e-05 2.43872e-05 2.43872e-05 2.43872e-05 
0.000724845 0.000724845 0.000724845 0.000724845 
0 0 0 0 
0 0 0 0 
0 0 0 0 
0 0 0 0 
3.06788e+07 3.06788e+07 3.06788e+07 3.06788e+07 
3.08791e-321 3.08791e-321 3.08791e-321 3.08791e-321 
2.71937e-316 2.71937e-316 2.71937e-316 2.71937e-316 
2.70897e-316 2.70897e-316 2.70897e-316 
1.58101e-322 1.58101e-322 1.58101e-322 
3.95253e-322 3.95253e-322 3.95253e-322 
2.71955e-316 2.71955e-316 2.71955e-316 
2.76332e-316 2.76332e-316 2.76332e-316 
2.77249e-316 2.77249e-316 2.77249e-316 
2.74929e-316 2.74929e-316 2.74929e-316 
2.71938e-316 2.71938e-316 2.71938e-316 
2.79207e-316 2.79207e-316 2.79207e-316 
1309.35 1309.35 1309.35 1309.35 
6.86751e-322 6.86751e-322 6.86751e-322 6.86751e-322 
2071.85 2071.85 2071.85 2071.85 
2.68755e-316 2.68755e-316 2.68755e-316 2.68755e-316 
2855.51 2855.51 2855.51 2855.51 
239.86 239.86 239.86 239.86 
-1050.5 -1050.5 -1050.5 -1050.5 
2.75184e-316 2.75184e-316 2.75184e-316 2.75184e-316 
2.77289e-316 2.77289e-316 2.77289e-316 2.77289e-316 
2.77291e-316 2.77291e-316 2.77291e-316 2.77291e-316 2.77291e-316 
3.28641 3.28641 3.28641 3.28641 3.28641 
588.379 588.379 588.379 588.379 588.379 
-2192.57 -2192.57 -2192.57 -2192.57 -2192.57 
2.1393e-321 2.1393e-321 2.1393e-321 2.1393e-321 2.1393e-321 
0 0 0 0 0 
2.06025e-321 2.06025e-321 2.06025e-321 2.06025e-321 2.06025e-321 
2.67751e-316 2.67751e-316 2.67751e-316 2.67751e-316 2.67751e-316 
6.94578e-310 6.94578e-310 6.94578e-310 6.94578e-310 6.94578e-310 
R=9parameters: 
0.164855 0.164855 
0.416025 0.416025 
0.754932 0.754932 
-1.52413 -1.52413 
-4.36781 -4.36781 
5.03038e+175 5.03038e+175 
3.5936e+246 3.5936e+246 
2.14726e+243 2.14726e+243 
-1.12698e+06 -1.12698e+06 
1.63042e-322 1.63042e-322 1.63042e-322 
6.94576e-310 6.94576e-310 6.94576e-310 
2.122e-314 2.122e-314 2.122e-314 
2.88623e-316 2.88623e-316 2.88623e-316 
4.00193e-322 4.00193e-322 4.00193e-322 
6.81613e-320 6.81613e-320 6.81613e-320 
-2.17632e-158 -2.17632e-158 -2.17632e-158 
2.75256e-316 2.75256e-316 2.75256e-316 
2.75625e-316 2.75625e-316 2.75625e-316 
2.74929e-316 2.74929e-316 2.74929e-316 2.74929e-316 
2.70301e-316 2.70301e-316 2.70301e-316 2.70301e-316 
5.40817e-08 5.40817e-08 5.40817e-08 5.40817e-08 
-61.765 -61.765 -61.765 -61.765 
-1046.71 -1046.71 -1046.71 -1046.71 
3.32506e-321 3.32506e-321 3.32506e-321 3.32506e-321 
6.94578e-310 6.94578e-310 6.94578e-310 6.94578e-310 
6.94578e-310 6.94578e-310 6.94578e-310 6.94578e-310 
1.58101e-322 1.58101e-322 1.58101e-322 1.58101e-322 
3.16202e-322 3.16202e-322 3.16202e-322 
2.79264e-316 2.79264e-316 2.79264e-316 
2.74768e-316 2.74768e-316 2.74768e-316 
-32.786 -32.786 -32.786 
2.74768e-316 2.74768e-316 2.74768e-316 
3257.02 3257.02 3257.02 
2.88498e-316 2.88498e-316 2.88498e-316 
2.88626e-316 2.88626e-316 2.88626e-316 
4.00193e-322 4.00193e-322 4.00193e-322 
2.75736e-316 2.75736e-316 2.75736e-316 2.75736e-316 
2.88769e-316 2.88769e-316 2.88769e-316 2.88769e-316 
1.58101e-322 1.58101e-322 1.58101e-322 1.58101e-322 
2.37152e-322 2.37152e-322 2.37152e-322 2.37152e-322 
2.77274e-316 2.77274e-316 2.77274e-316 2.77274e-316 
-76.8881 -76.8881 -76.8881 -76.8881 
0 0 0 0 
2.42092e-322 2.42092e-322 2.42092e-322 2.42092e-322 
0.00145429 0.00145429 0.00145429 0.00145429 
2.75544e-316 2.75544e-316 2.75544e-316 2.75544e-316 2.75544e-316 
1.02755e-05 1.02755e-05 1.02755e-05 1.02755e-05 1.02755e-05 
0 0 0 0 0 
0 0 0 0 0 
2.37152e-322 2.37152e-322 2.37152e-322 2.37152e-322 2.37152e-322 
-3.0241 -3.0241 -3.0241 -3.0241 -3.0241 
262425 262425 262425 262425 262425 
1.70434e+06 1.70434e+06 1.70434e+06 1.70434e+06 1.70434e+06 
2.0435e+07 2.0435e+07 2.0435e+07 2.0435e+07 2.0435e+07 
R=10parameters: 
0.179616 0.179616 
0.443724 0.443724 
-0.207748 -0.207748 
3.51693 3.51693 
-18.8352 -18.8352 
5.03038e+175 5.03038e+175 
3.5936e+246 3.5936e+246 
2.14726e+243 2.14726e+243 
-1.12698e+06 -1.12698e+06 
3.87842e-321 3.87842e-321 3.87842e-321 
6.94578e-310 6.94578e-310 6.94578e-310 
6.94578e-310 6.94578e-310 6.94578e-310 
2.47033e-323 2.47033e-323 2.47033e-323 
1.73163e-316 1.73163e-316 1.73163e-316 
2.47033e-323 2.47033e-323 2.47033e-323 
2.76417e-316 2.76417e-316 2.76417e-316 
0.68377 0.68377 0.68377 
6.37345e-322 6.37345e-322 6.37345e-322 
2.77217e-316 2.77217e-316 2.77217e-316 2.77217e-316 
2.7634e-316 2.7634e-316 2.7634e-316 2.7634e-316 
-32740.1 -32740.1 -32740.1 -32740.1 
3.98511e+06 3.98511e+06 3.98511e+06 3.98511e+06 
444209 444209 444209 444209 
4.00193e-322 4.00193e-322 4.00193e-322 4.00193e-322 
2.75323e-316 2.75323e-316 2.75323e-316 2.75323e-316 
2.76342e-316 2.76342e-316 2.76342e-316 2.76342e-316 
1.58101e-322 1.58101e-322 1.58101e-322 1.58101e-322 
2.37152e-322 2.37152e-322 2.37152e-322 
2.74826e-316 2.74826e-316 2.74826e-316 
10475.1 10475.1 10475.1 
40039.3 40039.3 40039.3 
-11902.4 -11902.4 -11902.4 
9.48606e-322 9.48606e-322 9.48606e-322 
6.32404e-322 6.32404e-322 6.32404e-322 
2.75861e-316 2.75861e-316 2.75861e-316 
0.000106094 0.000106094 0.000106094 
1.33767e-05 1.33767e-05 1.33767e-05 1.33767e-05 
-0.000170261 -0.000170261 -0.000170261 -0.000170261 
-1.22363e-05 -1.22363e-05 -1.22363e-05 -1.22363e-05 
0.000100921 0.000100921 0.000100921 0.000100921 
107.623 107.623 107.623 107.623 
6.37345e-322 6.37345e-322 6.37345e-322 6.37345e-322 
8.43e-05 8.43e-05 8.43e-05 8.43e-05 
-3.50386e-05 -3.50386e-05 -3.50386e-05 -3.50386e-05 
2.65008e-05 2.65008e-05 2.65008e-05 2.65008e-05 
6.37345e-322 6.37345e-322 6.37345e-322 6.37345e-322 6.37345e-322 
2.68755e-316 2.68755e-316 2.68755e-316 2.68755e-316 2.68755e-316 
2.74767e-316 2.74767e-316 2.74767e-316 2.74767e-316 2.74767e-316 
5.42415e+06 5.42415e+06 5.42415e+06 5.42415e+06 5.42415e+06 
4.59724e+09 4.59724e+09 4.59724e+09 4.59724e+09 4.59724e+09 
-0.00441946 -0.00441946 -0.00441946 -0.00441946 -0.00441946 
1.63042e-322 1.63042e-322 1.63042e-322 1.63042e-322 1.63042e-322 
6.94576e-310 6.94576e-310 6.94576e-310 6.94576e-310 6.94576e-310 
2.7128e-316 2.7128e-316 2.7128e-316 2.7128e-316 2.7128e-316 
R=11parameters: 
0.182279 0.182279 
0.454237 0.454237 
-0.000306627 -0.000306627 
1.52074 1.52074 
-0.434551 -0.434551 
5.03038e+175 5.03038e+175 
3.5936e+246 3.5936e+246 
2.14726e+243 2.14726e+243 
-1.12698e+06 -1.12698e+06 
9.53547e-322 9.53547e-322 9.53547e-322 
2.88619e-316 2.88619e-316 2.88619e-316 
6.94578e-310 6.94578e-310 6.94578e-310 
4.26992e-06 4.26992e-06 4.26992e-06 
0.000445037 0.000445037 0.000445037 
-2.71356e-06 -2.71356e-06 -2.71356e-06 
0.00537022 0.00537022 0.00537022 
0 0 0 
0 0 0 
-1.95932e-05 -1.95932e-05 -1.95932e-05 -1.95932e-05 
6.3947e-05 6.3947e-05 6.3947e-05 6.3947e-05 
0 0 0 0 
-53.8948 -53.8948 -53.8948 -53.8948 
-672.787 -672.787 -672.787 -672.787 
3.21143e-322 3.21143e-322 3.21143e-322 3.21143e-322 
2.47033e-323 2.47033e-323 2.47033e-323 2.47033e-323 
2.76719e-316 2.76719e-316 2.76719e-316 2.76719e-316 
2.47033e-323 2.47033e-323 2.47033e-323 2.47033e-323 
2.79207e-316 2.79207e-316 2.79207e-316 
1578.19 1578.19 1578.19 
2.76902e-316 2.76902e-316 2.76902e-316 
1434.52 1434.52 1434.52 
7.16395e-322 7.16395e-322 7.16395e-322 
2.68602e-316 2.68602e-316 2.68602e-316 
2.769e-316 2.769e-316 2.769e-316 
1.58101e-322 1.58101e-322 1.58101e-322 
2.37152e-322 2.37152e-322 2.37152e-322 
5.61111e-05 5.61111e-05 5.61111e-05 5.61111e-05 
2.05535e-05 2.05535e-05 2.05535e-05 2.05535e-05 
2.91755e-06 2.91755e-06 2.91755e-06 2.91755e-06 
2.69858e-316 2.69858e-316 2.69858e-316 2.69858e-316 
2.79205e-316 2.79205e-316 2.79205e-316 2.79205e-316 
2.68602e-316 2.68602e-316 2.68602e-316 2.68602e-316 
256.71 256.71 256.71 256.71 
1286.99 1286.99 1286.99 1286.99 
1.42291e-321 1.42291e-321 1.42291e-321 1.42291e-321 
3.95253e-322 3.95253e-322 3.95253e-322 3.95253e-322 3.95253e-322 
2.75479e-316 2.75479e-316 2.75479e-316 2.75479e-316 2.75479e-316 
2.69414e-316 2.69414e-316 2.69414e-316 2.69414e-316 2.69414e-316 
2.75735e-316 2.75735e-316 2.75735e-316 2.75735e-316 2.75735e-316 
4.00193e-322 4.00193e-322 4.00193e-322 4.00193e-322 4.00193e-322 
0.457608 0.457608 0.457608 0.457608 0.457608 
1129.37 1129.37 1129.37 1129.37 1129.37 
6.94576e-310 6.94576e-310 6.94576e-310 6.94576e-310 6.94576e-310 
-0.0246404 -0.0246404 -0.0246404 -0.0246404 -0.0246404 
T Models:
(* Fitting with shape 1 1 1 1 1 1 1 1 1 1 0 0 *)
G[T_,xx_]:=Exp[0+xx[[1]]*T^1+xx[[2]]*T^2]*(1)
(* Fitting with shape 1 1 1 1 1 1 1 1 1 1 1 0 *)
G[T_,xx_]:=Exp[0+xx[[1]]*T^1+xx[[2]]*T^2]*(1)
(* Fitting with shape 1 1 1 1 1 1 1 1 1 1 1 1 *)
G[T_,xx_]:=Exp[0+xx[[1]]*T^1+xx[[2]]*T^2]*(1)
(* Fitting with shape 0 1 1 1 1 1 1 1 1 1 0 0 *)
G[T_,xx_]:=Exp[0+xx[[1]]*T^1+xx[[2]]*T^2]*(1)
(* Fitting with shape 0 1 1 1 1 1 1 1 1 1 1 0 *)
G[T_,xx_]:=Exp[0+xx[[1]]*T^1+xx[[2]]*T^2]*(1)
(* Fitting with shape 0 1 1 1 1 1 1 1 1 1 1 1 *)
G[T_,xx_]:=Exp[0+xx[[1]]*T^1+xx[[2]]*T^2]*(1)
(* Fitting with shape 0 0 1 1 1 1 1 1 1 1 0 0 *)
G[T_,xx_]:=Exp[0+xx[[1]]*T^1+xx[[2]]*T^2]*(1)
(* Fitting with shape 0 0 1 1 1 1 1 1 1 1 1 0 *)
G[T_,xx_]:=Exp[0+xx[[1]]*T^1+xx[[2]]*T^2]*(1)
(* Fitting with shape 0 0 1 1 1 1 1 1 1 1 1 1 *)
G[T_,xx_]:=Exp[0+xx[[1]]*T^1+xx[[2]]*T^2]*(1)
(* Fitting with shape 1 1 1 1 1 1 1 1 1 1 0 0 *)
G[T_,xx_]:=Exp[0+xx[[1]]*T^1+xx[[2]]*T^2]*(1+xx[[3]]/(T^1))
(* Fitting with shape 1 1 1 1 1 1 1 1 1 1 1 0 *)
G[T_,xx_]:=Exp[0+xx[[1]]*T^1+xx[[2]]*T^2]*(1+xx[[3]]/(T^1))
(* Fitting with shape 1 1 1 1 1 1 1 1 1 1 1 1 *)
G[T_,xx_]:=Exp[0+xx[[1]]*T^1+xx[[2]]*T^2]*(1+xx[[3]]/(T^1))
(* Fitting with shape 0 1 1 1 1 1 1 1 1 1 0 0 *)
G[T_,xx_]:=Exp[0+xx[[1]]*T^1+xx[[2]]*T^2]*(1+xx[[3]]/(T^1))
(* Fitting with shape 0 1 1 1 1 1 1 1 1 1 1 0 *)
G[T_,xx_]:=Exp[0+xx[[1]]*T^1+xx[[2]]*T^2]*(1+xx[[3]]/(T^1))
(* Fitting with shape 0 1 1 1 1 1 1 1 1 1 1 1 *)
G[T_,xx_]:=Exp[0+xx[[1]]*T^1+xx[[2]]*T^2]*(1+xx[[3]]/(T^1))
(* Fitting with shape 0 0 1 1 1 1 1 1 1 1 0 0 *)
G[T_,xx_]:=Exp[0+xx[[1]]*T^1+xx[[2]]*T^2]*(1+xx[[3]]/(T^1))
(* Fitting with shape 0 0 1 1 1 1 1 1 1 1 1 0 *)
G[T_,xx_]:=Exp[0+xx[[1]]*T^1+xx[[2]]*T^2]*(1+xx[[3]]/(T^1))
(* Fitting with shape 0 0 1 1 1 1 1 1 1 1 1 1 *)
G[T_,xx_]:=Exp[0+xx[[1]]*T^1+xx[[2]]*T^2]*(1+xx[[3]]/(T^1))
(* Fitting with shape 1 1 1 1 1 1 1 1 1 1 0 0 *)
G[T_,xx_]:=Exp[0+xx[[1]]*T^1+xx[[2]]*T^2]*(1+xx[[3]]/(T^1)+xx[[4]]/(T^2))
(* Fitting with shape 1 1 1 1 1 1 1 1 1 1 1 0 *)
G[T_,xx_]:=Exp[0+xx[[1]]*T^1+xx[[2]]*T^2]*(1+xx[[3]]/(T^1)+xx[[4]]/(T^2))
(* Fitting with shape 1 1 1 1 1 1 1 1 1 1 1 1 *)
G[T_,xx_]:=Exp[0+xx[[1]]*T^1+xx[[2]]*T^2]*(1+xx[[3]]/(T^1)+xx[[4]]/(T^2))
(* Fitting with shape 0 1 1 1 1 1 1 1 1 1 0 0 *)
G[T_,xx_]:=Exp[0+xx[[1]]*T^1+xx[[2]]*T^2]*(1+xx[[3]]/(T^1)+xx[[4]]/(T^2))
(* Fitting with shape 0 1 1 1 1 1 1 1 1 1 1 0 *)
G[T_,xx_]:=Exp[0+xx[[1]]*T^1+xx[[2]]*T^2]*(1+xx[[3]]/(T^1)+xx[[4]]/(T^2))
(* Fitting with shape 0 1 1 1 1 1 1 1 1 1 1 1 *)
G[T_,xx_]:=Exp[0+xx[[1]]*T^1+xx[[2]]*T^2]*(1+xx[[3]]/(T^1)+xx[[4]]/(T^2))
(* Fitting with shape 0 0 1 1 1 1 1 1 1 1 0 0 *)
G[T_,xx_]:=Exp[0+xx[[1]]*T^1+xx[[2]]*T^2]*(1+xx[[3]]/(T^1)+xx[[4]]/(T^2))
(* Fitting with shape 0 0 1 1 1 1 1 1 1 1 1 0 *)
G[T_,xx_]:=Exp[0+xx[[1]]*T^1+xx[[2]]*T^2]*(1+xx[[3]]/(T^1)+xx[[4]]/(T^2))
(* Fitting with shape 0 0 1 1 1 1 1 1 1 1 1 1 *)
G[T_,xx_]:=Exp[0+xx[[1]]*T^1+xx[[2]]*T^2]*(1+xx[[3]]/(T^1)+xx[[4]]/(T^2))
(* Fitting with shape 1 1 1 1 1 1 1 1 1 1 0 0 *)
G[T_,xx_]:=Exp[0+xx[[1]]*T^1+xx[[2]]*T^2+xx[[3]]*T^3]*(1)
(* Fitting with shape 1 1 1 1 1 1 1 1 1 1 1 0 *)
G[T_,xx_]:=Exp[0+xx[[1]]*T^1+xx[[2]]*T^2+xx[[3]]*T^3]*(1)
(* Fitting with shape 1 1 1 1 1 1 1 1 1 1 1 1 *)
G[T_,xx_]:=Exp[0+xx[[1]]*T^1+xx[[2]]*T^2+xx[[3]]*T^3]*(1)
(* Fitting with shape 0 1 1 1 1 1 1 1 1 1 0 0 *)
G[T_,xx_]:=Exp[0+xx[[1]]*T^1+xx[[2]]*T^2+xx[[3]]*T^3]*(1)
(* Fitting with shape 0 1 1 1 1 1 1 1 1 1 1 0 *)
G[T_,xx_]:=Exp[0+xx[[1]]*T^1+xx[[2]]*T^2+xx[[3]]*T^3]*(1)
(* Fitting with shape 0 1 1 1 1 1 1 1 1 1 1 1 *)
G[T_,xx_]:=Exp[0+xx[[1]]*T^1+xx[[2]]*T^2+xx[[3]]*T^3]*(1)
(* Fitting with shape 0 0 1 1 1 1 1 1 1 1 0 0 *)
G[T_,xx_]:=Exp[0+xx[[1]]*T^1+xx[[2]]*T^2+xx[[3]]*T^3]*(1)
(* Fitting with shape 0 0 1 1 1 1 1 1 1 1 1 0 *)
G[T_,xx_]:=Exp[0+xx[[1]]*T^1+xx[[2]]*T^2+xx[[3]]*T^3]*(1)
(* Fitting with shape 0 0 1 1 1 1 1 1 1 1 1 1 *)
G[T_,xx_]:=Exp[0+xx[[1]]*T^1+xx[[2]]*T^2+xx[[3]]*T^3]*(1)
(* Fitting with shape 1 1 1 1 1 1 1 1 1 1 0 0 *)
G[T_,xx_]:=Exp[0+xx[[1]]*T^1+xx[[2]]*T^2+xx[[3]]*T^3]*(1+xx[[4]]/(T^1))
(* Fitting with shape 1 1 1 1 1 1 1 1 1 1 1 0 *)
G[T_,xx_]:=Exp[0+xx[[1]]*T^1+xx[[2]]*T^2+xx[[3]]*T^3]*(1+xx[[4]]/(T^1))
(* Fitting with shape 1 1 1 1 1 1 1 1 1 1 1 1 *)
G[T_,xx_]:=Exp[0+xx[[1]]*T^1+xx[[2]]*T^2+xx[[3]]*T^3]*(1+xx[[4]]/(T^1))
(* Fitting with shape 0 1 1 1 1 1 1 1 1 1 0 0 *)
G[T_,xx_]:=Exp[0+xx[[1]]*T^1+xx[[2]]*T^2+xx[[3]]*T^3]*(1+xx[[4]]/(T^1))
(* Fitting with shape 0 1 1 1 1 1 1 1 1 1 1 0 *)
G[T_,xx_]:=Exp[0+xx[[1]]*T^1+xx[[2]]*T^2+xx[[3]]*T^3]*(1+xx[[4]]/(T^1))
(* Fitting with shape 0 1 1 1 1 1 1 1 1 1 1 1 *)
G[T_,xx_]:=Exp[0+xx[[1]]*T^1+xx[[2]]*T^2+xx[[3]]*T^3]*(1+xx[[4]]/(T^1))
(* Fitting with shape 0 0 1 1 1 1 1 1 1 1 0 0 *)
G[T_,xx_]:=Exp[0+xx[[1]]*T^1+xx[[2]]*T^2+xx[[3]]*T^3]*(1+xx[[4]]/(T^1))
(* Fitting with shape 0 0 1 1 1 1 1 1 1 1 1 0 *)
G[T_,xx_]:=Exp[0+xx[[1]]*T^1+xx[[2]]*T^2+xx[[3]]*T^3]*(1+xx[[4]]/(T^1))
(* Fitting with shape 0 0 1 1 1 1 1 1 1 1 1 1 *)
G[T_,xx_]:=Exp[0+xx[[1]]*T^1+xx[[2]]*T^2+xx[[3]]*T^3]*(1+xx[[4]]/(T^1))
(* Fitting with shape 1 1 1 1 1 1 1 1 1 1 0 0 *)
G[T_,xx_]:=Exp[0+xx[[1]]*T^1+xx[[2]]*T^2+xx[[3]]*T^3]*(1+xx[[4]]/(T^1)+xx[[5]]/(T^2))
(* Fitting with shape 1 1 1 1 1 1 1 1 1 1 1 0 *)
G[T_,xx_]:=Exp[0+xx[[1]]*T^1+xx[[2]]*T^2+xx[[3]]*T^3]*(1+xx[[4]]/(T^1)+xx[[5]]/(T^2))
(* Fitting with shape 1 1 1 1 1 1 1 1 1 1 1 1 *)
G[T_,xx_]:=Exp[0+xx[[1]]*T^1+xx[[2]]*T^2+xx[[3]]*T^3]*(1+xx[[4]]/(T^1)+xx[[5]]/(T^2))
(* Fitting with shape 0 1 1 1 1 1 1 1 1 1 0 0 *)
G[T_,xx_]:=Exp[0+xx[[1]]*T^1+xx[[2]]*T^2+xx[[3]]*T^3]*(1+xx[[4]]/(T^1)+xx[[5]]/(T^2))
(* Fitting with shape 0 1 1 1 1 1 1 1 1 1 1 0 *)
G[T_,xx_]:=Exp[0+xx[[1]]*T^1+xx[[2]]*T^2+xx[[3]]*T^3]*(1+xx[[4]]/(T^1)+xx[[5]]/(T^2))
(* Fitting with shape 0 1 1 1 1 1 1 1 1 1 1 1 *)
G[T_,xx_]:=Exp[0+xx[[1]]*T^1+xx[[2]]*T^2+xx[[3]]*T^3]*(1+xx[[4]]/(T^1)+xx[[5]]/(T^2))
(* Fitting with shape 0 0 1 1 1 1 1 1 1 1 0 0 *)
G[T_,xx_]:=Exp[0+xx[[1]]*T^1+xx[[2]]*T^2+xx[[3]]*T^3]*(1+xx[[4]]/(T^1)+xx[[5]]/(T^2))
(* Fitting with shape 0 0 1 1 1 1 1 1 1 1 1 0 *)
G[T_,xx_]:=Exp[0+xx[[1]]*T^1+xx[[2]]*T^2+xx[[3]]*T^3]*(1+xx[[4]]/(T^1)+xx[[5]]/(T^2))
(* Fitting with shape 0 0 1 1 1 1 1 1 1 1 1 1 *)
G[T_,xx_]:=Exp[0+xx[[1]]*T^1+xx[[2]]*T^2+xx[[3]]*T^3]*(1+xx[[4]]/(T^1)+xx[[5]]/(T^2))
Probabilities: 
        0         0         0         0         0         0         0         0         0         0         0         0         0         0         0         0         0         0         0         0         0         0         0         0         1         0         0         0         0         0         0         0         0         0         0         0         0         0         0         0         0         0         0         0         0         0         0         0         0         0         0         0         0         0
        0         0         0         0         0         0         0         0         0         0         0         0         0         0         0         0         0         0         0         0         0         0         0         0         1         0         0         0         0         0         0         0         0         0         0         0         0         0         0         0         0         0         0         0         0         0         0         0         0         0         0         0         0         0
        0         0         0         0         0         0         0         0         0         0         0         0         0         0         0         0         0         0         0         0         0         0         0         0  0.771015         0         0         0         0         0         0         0         0         0         0         0         0         0         0         0         0         0  0.228985         0         0         0         0         0         0         0         0         0         0         0
        0         0         0         0         0         0         0         0         0         0         0         0         0         0         0         0         0         0         0         0         0         0         0         0         1         0         0         0         0         0         0         0         0         0         0         0         0         0         0         0         0         0         0         0         0         0         0         0         0         0         0         0         0         0
        0         0         0         0         0         0         0         0         0         0         0         0         0         0         0         0         0         0         0         0         0         0         0         0         1         0         0         0         0         0         0         0         0         0         0         0         0         0         0         0         0         0         0         0         0         0         0         0         0         0         0         0         0         0
        0         0         0         0         0         0         0         0         0         0         0         0         0         0         0         0         0         0         0         0         0         0         0         0         1         0         0         0         0         0         0         0         0         0         0         0         0         0         0         0         0         0         0         0         0         0         0         0         0         0         0         0         0         0
        0         0         0         0         0         0         0         0         0         0         0         0         0         0         0         0         0         0         0         0         0         0         0         0  0.536093         0         0         0         0         0         0         0         0         0         0         0         0         0         0         0         0         0         0         0         0         0         0         0         0         0         0  0.463907         0         0
        0         0         0         0         0         0         0         0         0         0         0         0         0         0         0         0         0         0         0         0         0         0         0         0  0.377137         0         0         0         0         0         0         0         0         0         0         0         0         0         0         0         0         0  0.622863         0         0         0         0         0         0         0         0         0         0         0
        0         0         0         0         0         0         0         0         0         0         0         0         0         0         0         0         0         0         0         0         0         0         0         0         1         0         0         0         0         0         0         0         0         0         0         0         0         0         0         0         0         0         0         0         0         0         0         0         0         0         0         0         0         0
        0         0         0         0         0         0         0         0         0         0         0         0         0         0         0  0.253895         0         0         0         0         0         0         0         0  0.293212         0         0         0         0         0         0         0         0         0         0         0         0         0         0         0         0         0  0.331036         0         0         0         0         0         0         0         0  0.121857         0         0
        0         0         0         0         0         0         0         0         0         0         0         0         0         0         0  0.643331         0         0         0         0         0         0         0         0   0.32261         0         0         0         0         0         0         0         0         0         0         0         0         0         0         0         0         0         0         0         0         0         0         0         0         0         0 0.0340586         0         0
        0         0         0         0         0         0         0         0         0         0         0         0         0         0         0  0.634365         0         0         0         0         0         0         0         0  0.265745         0         0         0         0         0         0         0         0         0         0         0         0         0         0         0         0         0         0         0         0         0         0         0         0         0         0 0.0998898         0         0

Values: 
 0.0656818  0.0656025  0.0656122   0.065855  0.0657574  0.0658119  0.0653967  0.0653167   0.673352  0.0647036   0.064635  0.0647032  0.0637049  0.0636527  0.0636776   0.180318   0.172702  0.0632621  0.0632606  0.0632219  0.0632255  0.0629029   0.640827  0.0628652  0.0628044  0.0627809  0.0627702  0.0699909    1.52077    1.12843    1.09336    1.09454    1.09286    1.25911    1.00732    1.29007    0.06749   0.103628   0.946049   0.766926   0.718357   0.727666   0.774946  0.0647097   0.634206   0.794089   0.853544   0.880823    1.17329   0.791331   0.545348    1.26198   0.654029  0.0631953
  0.108188   0.107954   0.107994   0.108375   0.108143   0.789594   0.106963   0.233116   0.214009   0.105448   0.105276   0.105295   0.156256   0.103121   0.103064     0.1024   0.102282   0.102217   0.102254   0.102156   0.102099   0.222105   0.192043   0.101291    0.10112    0.10109   0.322382    1.13291    1.27685     1.2777    1.09579    1.09733    1.11707    1.35013    1.25581    1.31746   0.889287   0.901384    0.93392    1.65459     1.0052   0.999046    1.35337   0.955795   0.105403   0.106751   0.889925   0.882492   0.901168    1.02838    -1.0698    1.28282 -0.0412594   0.102105
  0.143163   0.142505   0.142385   0.142468   0.141848    0.14173   0.149809   0.166822   0.139129    0.13719   0.136733   0.136598   0.775196   0.133507   0.133383   0.276031   0.292326   0.259782   0.132099   0.131923   0.131829   0.130538   0.130481   0.130437   0.130033   0.130064   0.375551   0.164841     1.2646    1.26095    1.18683    1.17757    1.21818    1.00454    1.16899    1.23589    0.92447   0.149775   0.154496   0.144731   0.944998    1.26233   0.140331   0.138568    1.29613   0.140576   0.834018   0.883338   0.134944   0.966006   0.132597   0.956961   0.750054   0.756219
  0.177857   0.176544    0.17623   0.175164   0.173929   0.173607   0.492323   0.625147   0.169115   0.166478   0.165508   0.165196    0.16144   0.519497   0.611175   0.159231   0.158899   0.158732    0.15889   0.158554   0.158398   0.946706   0.944345   0.945403   0.155752   0.155787   0.155838    0.87423   0.872068   0.899327   0.123269     1.2017    1.20062    1.00323    1.10983    1.11143   0.187902   0.931166   0.927426   0.178339    1.06408     0.8613    1.24991    1.30389     1.5148 0.00627147   0.879265   0.118859  0.0968003    1.92517   0.811805   -0.98149   0.121516     1.1868
   0.21372   0.213136   0.212425   0.208374   0.207581    0.20682    0.48318   0.223161   0.199647   0.195592   0.194556   0.193895   0.188262   0.187576   0.187172   0.184978   0.184559   0.184347   0.184541   0.184105   0.183883    0.18099   0.180893   0.180952   0.179957   0.421324   0.180306   0.253462   0.381828   0.231122    1.21269    1.19968    1.19767    1.11755    1.00199    1.03501   0.225167    1.04569    1.04324   0.212234   0.716069   0.928226   0.957212   0.947861    0.19604   0.841353   0.854832   0.837208   0.191768    1.00889   0.184502    4.37937   0.187051   0.181482
  0.252186   0.252437   0.251335    0.58171    0.24276   0.241564          1   0.232797   0.579284   0.225599    0.22458   0.223573   0.489615   0.214791   0.214181    0.21056   0.210107   0.209753    0.21023    0.20978   0.209409   0.204991   0.204939   0.204907   0.203679    0.20389   0.204007   0.300486   0.296242    1.33933    1.22351    0.28321    1.30455    1.20518    1.32246    1.32565    0.97268   0.972757   0.972888   0.955128   0.944272   0.953897   0.933518   0.229307   0.226197     1.0412   0.232429   0.879247    1.81449   0.706463    1.21483    2.68666    1.19272    1.15151
  0.291832   0.292356   0.291104   0.865489   0.278689   0.277338   0.267236   0.266059   0.264887   0.256976   0.255495   0.254363   0.243816   0.806112   0.808236   0.395988   0.235884   0.235482   0.826947   0.236151   0.235672   0.228323   0.673582   0.666946   0.226474   0.196894   0.278324     1.2026     1.1884      1.155    1.09678    1.27618    1.09699   0.982528    0.98141    1.05389   0.971628   0.969727   0.980398   0.896294   0.907324   0.791987    0.80321    1.83864   0.200509   0.841624    0.84131   0.871821   0.321986   0.924165    1.00268   0.266985   0.234766    2.16331
  0.332909   0.333918   0.332018   0.555438   0.317066   0.315137   0.302594   0.301454   0.299831     0.2911   0.289452   0.287795   0.274659   0.273389   0.272225   0.264149   0.263442   0.262465    0.26529   0.264498   0.263519   0.253466    0.79251   0.253143   0.251568   0.253071   0.251734    0.39936    0.95049    1.17151     1.1217    1.21456    1.26175    1.17636    1.15515    1.08584   0.930834    0.93628   0.946853    1.01849    0.95219   0.948104   0.303419    1.12171   0.504976    0.23242   0.303286   0.301569    1.32383   0.879759     1.0442   0.969393   0.774421    1.17236
   0.37535   0.376957   0.375862    0.35637     0.3575   0.356334   0.339908   0.339419   0.338382   0.328027    0.32722   0.326206   0.858325   0.863746   0.868703   0.510966    0.29358   0.292634   0.931261    0.29599   0.295102   0.281428   0.398129   0.280555   0.280473    0.28109   0.279354    1.17256    1.22136   0.438913    1.08988    1.10751    1.11171     1.0585    1.05257    1.30819   0.971886   0.971894   0.983361    0.36612   0.915148   0.357322   0.983277    1.46206    1.14835   0.279289   0.254102   0.340688   0.957792   0.985702   0.300298     1.2671    1.14168   0.407429
  0.414756   0.416025   0.415339   0.393363   0.395033   0.394334   0.441197     0.3758   0.375106   0.364285   0.364455   0.363803   0.343162   0.342603   0.798876   0.327814   0.777494   0.326513    1.09061   0.331235   0.330441   0.313889   0.315516      0.314    0.31478   0.317807   0.315626    1.13219    1.11178    1.08409    1.19597    1.21795    1.22345    1.07527    1.04419    1.04305   0.945752   0.928607    1.02663    1.32972    1.09111    0.72693   0.365784   0.625499    1.11235   0.230268   0.370824   0.372983   0.926058   0.916054   0.243629   0.369204    3.08192    4.11296
  0.443536   0.443724   0.938273   0.421156   0.422207   0.421729   0.402927   0.556318   0.402539   0.392447   0.392849   0.392398   0.371344   0.662337   0.370816   0.356155   0.356518   0.638416   0.360298   0.360644   0.359007   0.657806   0.345955   0.894717   0.347746   0.351884   0.621334    1.30667    1.18503    1.12932    1.10606    1.09879    1.09219   0.981517   0.980845   0.986568   0.885386   0.881299   0.442524   0.422827   0.828057   0.920937     0.5806   0.365681   0.369177   0.405544   0.390386   0.392896    1.31196   0.919643   0.317757  -0.736869   0.308579   0.358589
  0.454365   0.454237   0.454188    0.43191   0.432787   0.432555   0.413703   0.413788   0.413608   0.403692   0.404147   0.403914   0.382854   0.382831    0.38257   0.368136   0.368327   0.367426   0.372275   0.372521   0.334982   0.356588   0.358289   0.356745    0.36227    0.37308   0.618837    1.37122    1.38453     1.1557    1.10734    1.13715    1.32882      1.047    1.04393    1.21464   0.458642    0.89529   0.946491    1.26931   0.419585    1.06979   0.701072   0.994918   0.935852   0.409688   0.259695   0.403785   0.326811   0.816988   0.334062   0.393382   0.343465   0.390122

Errors: 
1.24725e-05 1.23854e-05 1.22733e-05 1.25391e-05 1.24513e-05 1.23706e-05  1.2663e-05 1.25433e-05   0.0010085 1.27299e-05 1.26275e-05 1.25175e-05 1.45098e-05 1.42265e-05 1.42054e-05           1           1 1.58014e-05 1.59012e-05 1.54852e-05 1.54823e-05 1.95722e-05    0.564218 1.85814e-05 2.43634e-05 2.21294e-05 2.14582e-05 1.87891e-05           0           0           0           0           0           1           0           1 2.35937e-05  0.00160219    0.199315 0.000324935 0.000555188           1 7.43489e-07 5.17799e-05 1.93015e-06 3.97723e-06 6.68274e-06    0.378086    0.362941 4.64773e-05 1.59022e-05 1.86726e-06 0.000163483 0.000107228
3.62594e-05 3.59198e-05 3.61609e-05           0 3.63209e-05           0 3.72734e-05           0           0 3.74368e-05 3.70917e-05   3.727e-05           0 4.30232e-05  4.2888e-05 5.03782e-05  4.8891e-05 4.80437e-05 4.99138e-05 4.77507e-05 4.73848e-05           0           0    5.93e-05 9.47329e-05 8.16048e-05           0           0           0           0           0           0           0     1.00001     1.00009     1.00002           0           0           0     1.00003           1     1.00001           1    0.949849 0.000172685 0.000234348 8.57604e-05 8.71945e-05  0.00197884     0.84238 0.000150878 1.79525e-05     1.09903 0.000496074
          0           0 7.13983e-05 7.18391e-05           0 7.19244e-05           0           0 7.17171e-05 7.56408e-05 7.39561e-05 7.37886e-05           0 8.51552e-05 8.39654e-05           0           0           0 0.000103926 9.60587e-05 9.42206e-05 0.000148046 0.000136062 0.000130134 0.000232243  0.00019032           0 0.000138659           0           0           0           0           0           0     1.00124      1.0002           0 0.000193713           0 0.000409545           1     1.00005 0.000721091  0.00054632     1.00001 0.000583812     1.02959 8.08821e-05   0.0013091  0.00853666 0.000747499  0.00349542  0.00292154     1.00011
          0           0           0           0 0.000121544           0           1           0 0.000122705 0.000136688  0.00013085 0.000129678 0.000164498           0           0 0.000195825 0.000175361 0.000168892 0.000190318 0.000170871 0.000165601           0           0           0 0.000478639 0.000381509 0.000349884           0           0           0           1           0           0           0     1.00742     1.00385 0.000404872           0           0  0.00079112     1.00024     1.00001     1.00001           1           1           1 0.000482402 1.87516e-05 9.16786e-05  0.00812961     1.05387  0.00170838 0.000629652 0.000146496
          0 0.000196155 0.000195345 0.000196811 0.000197815  0.00019667           0           0 0.000203256 0.000230992 0.000224358 0.000219212 0.000284026 0.000265349 0.000254843  0.00034599  0.00031275 0.000294607 0.000338405 0.000306769 0.000293183 0.000512494 0.000468808 0.000412467 0.000854262           0  0.00066039 0.000384005           0           1           0           0           0     1.00584           0     2.17244 0.000692426           0           0  0.00136963           1           0     1.01726           0   0.0017788 0.000241419 0.000741474     1.42194  0.00479795 0.000152608  0.00303718           1  0.00630294  0.00524747
0.000290231 0.000295781 0.000292878           0 0.000306358 0.000301553           0 0.000328898           0 0.000375578 0.000364559 0.000359918           0 0.000450781 0.000425981 0.000590464 0.000555198 0.000516064 0.000579284 0.000535806 0.000502791 0.000896208 0.000807866 0.000755915  0.00159453  0.00135661  0.00120214 0.000585029 0.000532232           0           0 0.000631101           0     1.00115     1.00031     1.00029           0           0           0     1.00468           0           0     1.03487  0.00364033  0.00308765     1.42106  0.00284071 0.000385787 0.000785022  0.00284633    0.846695     1.00003     1.00377     1.00003
0.000412968 0.000422192 0.000411039           0  0.00045236 0.000443221 0.000491913 0.000487945 0.000474534  0.00058227 0.000574214 0.000561624 0.000741486           0           0           0 0.000910739 0.000856813           0 0.000428854 0.000797279  0.00155983           0           0  0.00275048           0           0           0           0           0           0           0           0           0    0.984299     1.01646           0           0           0     1.00197     1.00269     1.00005     1.00006           1     1.00024 0.000432327  0.00028125  0.00040262 5.38519e-05     1.00026 0.000218157   0.0156651   0.0141007           1
0.000571121 0.000581826 0.000549686           0 0.000645204 0.000626671 0.000710132 0.000708627 0.000681417 0.000858475 0.000862362 0.000828685  0.00111535  0.00105766  0.00101077   0.0015789  0.00147024  0.00140124  0.00143776  0.00130578   0.0012331  0.00266779           0  0.00218294  0.00433034  0.00362727  0.00322489  0.00127528           0           0           0           0           0     1.00712      1.0241     1.06249           0           0           0      1.0001    0.904096           0   0.0110891     1.00006     1.00005 0.000330015  0.00649148  0.00625199 0.000673707 0.000299161 0.000212743 0.000159465  0.00994528     1.00065
          0 0.000794366           0 0.000882671 0.000896162 0.000875274  0.00101801  0.00102436  0.00100229  0.00121486   0.0012426   0.0012174           0           0           0           0  0.00241332   0.0023475           0  0.00207635  0.00201257  0.00432694           0  0.00369576  0.00673022  0.00553276  0.00567621           0           0  0.00154255           0           0           0     1.10135      1.1042     1.00035           0           0           0  0.00751364   0.0064694  0.00622278     1.00061     1.00026     1.00021  0.00107177  0.00041824  0.00849257 0.000386928 1.95153e-05   0.0168582 0.000365722 0.000258181   0.0103186
 0.00105147  0.00103572           0  0.00119075  0.00118053  0.00116291           0  0.00139941  0.00140544   0.0016279  0.00168049  0.00165268  0.00235521  0.00232953           0  0.00374192           0  0.00349824           0  0.00295761  0.00289257  0.00558678  0.00574061  0.00548979   0.0101857  0.00745703  0.00799344           0           0           0           0           0           0     1.25537     1.11869     1.11906           0           0           0     1.00036     1.00009     1.00001    0.023527           1     1.00018    0.003045   0.0123197   0.0113767     1.00014     1.00017     32.0131   0.0285206           1           1
 0.00127714  0.00126055           0  0.00147156  0.00145588  0.00140715  0.00175627           0  0.00174441  0.00202909  0.00199131  0.00201956  0.00295776           0  0.00291963  0.00486755  0.00478369           0  0.00387978  0.00379418           0           0  0.00711328           0   0.0122772   0.0103514           0           0           0           0           0           0           0           0           0     1.08114           0           0  0.00509562   0.0134427   0.0290592     1.00014           1   0.0230688   0.0218084   0.0190673   0.0154416   0.0144298           1     0.01218   0.0247221   0.0244864   0.0268754   0.0275063
 0.00137489  0.00135034  0.00127035    0.001578  0.00154971  0.00154029  0.00191855  0.00191828  0.00191446  0.00219796  0.00220627  0.00218938  0.00323553  0.00327645  0.00319293  0.00538103  0.00521013  0.00523409  0.00423567  0.00410867           0  0.00839372  0.00823965  0.00795978   0.0135431  0.00327391           0           0           0           0           0           0     1.00025     2.53228     1.59827     1.00845  0.00634312           0           0           1    0.012719     1.00022     1.00886     1.00191     1.00756  0.00400178 0.000304147   0.0156563   0.0290174     1.00014   0.0259524   0.0337828   0.0296091   0.0295485

Statuses: 
0 0 0 0 0 0 0 0 3 0 0 0 0 0 0 3 3 0 0 0 0 0 3 0 0 0 0 0 3 3 3 3 3 3 3 3 0 3 3 3 3 3 3 0 3 3 3 3 3 3 3 3 3 0
0 0 0 2 0 3 0 3 3 0 0 0 3 0 0 0 0 0 0 0 0 3 3 0 0 0 3 3 3 3 3 3 3 3 3 3 3 3 3 3 3 3 3 3 0 0 3 3 3 3 0 3 3 0
2 2 0 0 2 0 3 3 0 0 0 0 3 0 0 3 3 3 0 0 0 0 0 0 0 0 3 0 3 3 3 3 3 3 3 3 3 0 3 0 3 3 0 0 3 0 3 3 0 3 0 3 3 3
2 2 2 2 0 2 3 3 0 0 0 0 0 3 3 0 0 0 0 0 0 3 3 3 0 0 0 3 3 3 3 3 3 3 3 3 0 3 3 0 3 3 3 3 3 3 3 3 3 3 3 0 0 3
2 0 0 0 0 0 3 3 0 0 0 0 0 0 0 0 0 0 0 0 0 0 0 0 0 3 0 0 3 3 3 3 3 3 3 3 0 3 3 0 3 3 3 3 0 3 3 3 0 3 0 3 0 0
0 0 0 3 0 0 3 0 3 0 0 0 3 0 0 0 0 0 0 0 0 0 0 0 0 0 0 0 0 3 3 0 3 3 3 3 3 3 3 3 3 3 3 0 0 3 0 3 3 3 3 3 3 3
0 0 0 3 0 0 0 0 0 0 0 0 0 3 3 3 0 0 3 0 0 0 3 3 0 3 3 3 3 3 3 3 3 3 3 3 3 3 3 3 3 3 3 3 3 3 3 3 3 3 3 0 0 3
0 0 0 3 0 0 0 0 0 0 0 0 0 0 0 0 0 0 0 0 0 0 3 0 0 0 0 0 3 3 3 3 3 3 3 3 3 3 3 3 3 3 0 3 3 3 0 0 3 3 3 3 3 3
2 0 2 0 0 0 0 0 0 0 0 0 3 3 3 3 0 0 3 0 0 0 3 0 0 0 0 3 3 0 3 3 3 3 3 3 3 3 3 0 3 0 3 3 3 3 3 0 3 3 0 3 3 3
0 0 2 0 0 0 3 0 0 0 0 0 0 0 3 0 3 0 3 0 0 0 0 0 0 0 0 3 3 3 3 3 3 3 3 3 3 3 3 3 3 3 0 3 3 3 0 0 3 3 3 0 3 3
0 0 3 0 0 0 0 3 0 0 0 0 0 3 0 0 0 3 0 0 3 3 0 3 0 0 3 3 3 3 3 3 3 3 3 3 3 3 0 0 3 3 3 0 0 0 0 0 3 3 0 0 0 0
0 0 0 0 0 0 0 0 0 0 0 0 0 0 0 0 0 0 0 0 3 0 0 0 0 0 3 3 3 3 3 3 3 3 3 3 0 3 3 3 0 3 3 3 3 0 3 0 0 3 0 0 0 0
chisq per dof: 
114.714 104.138 93.8471 78.5629 72.2607 65.2317 48.3249 43.6004  137854 23.9139 22.5344 21.1782 5.86303 5.50177 5.39751 25293.2   22029  2.5843 2.87171 2.71514 2.64752 1.88042  188273  1.6692  2.0198 1.82337 1.69077 35.9208  181979  149065  233182  200406  175945  259689  224328  186079 4.65909 84201.4  164087  266304  227178  115327  331097 1.97842  221071  259789  226903  203408  338069  224352  161389  393072  332753 2.00608
59.0188 54.4405   49.85 37.0426 34.6286 11518.6 20.9365 3509.86 3094.86 10.7771 10.2722 9.99964 1902.95  3.0964 3.01448 1.97215 1.90207 1.84834 2.16439 2.05115 1.97372  6322.8    4332 1.60796 2.01475 1.81233 6620.31 16307.6 14967.1 13609.3 20397.4 17649.6   15497   21864 19241.1 16305.3 17689.3 16057.1   13895 22909.4 17472.5 17610.7 25801.5 23199.5 1.73323 2.06737 21032.7 17772.1 26356.9 20750.2 1760.47 32823.6 32.4273 2.00762
37.9369 36.4159 33.8153 22.4334 22.2567 20.7632 2395.85 2114.08 10.6927 6.60777 6.53886  6.1924 4462.48 2.31804 2.22419 1560.21 1354.37 1171.27 1.94346 1.82945 1.74572 1.82029 1.68454 1.58792 2.01128 1.80911 1620.78 8.78451 3782.53 3429.67 4802.61 4194.13 3734.89 5845.47 4906.12 4217.35 4532.82 2.24683 1245.66 1.89325 4561.72 4563.98 2.01553 1.83305 4327.42 2.03736 4676.49 4591.17 2.25623 5111.42 1.84274 9190.76 7180.92 4549.92
24.9912 25.1215 23.4898 14.9066 15.4412 14.5259 1258.17 1152.75 7.62422 4.73307 4.77118 4.54614 2.07826 1171.76 1197.91 1.70062 1.60086 1.52723 1.83689 1.73325 1.65295 2105.61 1762.79 1520.93 2.00877 1.80704 1.67262 1294.39 1255.02 1374.45 583.289 1555.07 1367.37 2167.91 1813.84 1562.06  1.9465 1575.21 1374.62   1.853 1976.95  1669.8 2239.58 1847.95 1603.75 537.957 1964.38 500.522  2402.7 2000.51 1735.54 7.39483 2.39125  2052.1
16.7154 16.7737 15.7275 9.68018 9.99464 9.57134  615.51 71.6299  5.3065 3.49747 3.50468 3.38686 1.87854 1.79731 1.72248 1.66138 1.56093 1.48467 1.78041 1.67865 1.59804 1.80999 1.67517 1.57882 2.00908 602.865 1.67342 4.12277 249.567 110.061 845.292 742.012 651.462 999.248 835.191  716.52 1.83733 781.242  685.84 1.83047 748.075 437.719 1249.93 822.348 1.68196 991.028   882.9 656.014 2.25513 927.833 1.84048 1550.78  2.2576 2.00805
11.0979  10.978 10.2605 285.445  6.5064 6.24765 357.546 3.80691 215.936 2.75914 2.69589 2.61477 312.935 1.67116 1.60363 1.64015 1.53829 1.46461 1.74754 1.64501 1.56783 1.80806  1.6734 1.57721  2.0083 1.80673 1.67231 3.07299 3.07601 308.132  431.47 1.94849 341.012  504.77 403.536 345.204 396.829 352.651 314.334 568.062 477.986 410.215 642.928 1.80817 1.67642 587.848 1.85076 407.832 605.081 556.575 406.228 753.407 297.884 427.369
7.46404 7.40743 6.90063 173.843 4.73578 4.50457 2.95102 2.85171 2.71885 2.36908 2.30795 2.22358  1.6889 180.249 159.519 78.0479 1.52812 1.45451 248.399  1.6289 1.55259 1.80928 202.736 174.901 2.01039 28.7053 47.4499 199.623 172.329 151.059 273.092 220.345 209.013 288.325 242.904 209.854 240.452 189.852 173.491 326.842 276.111 236.581 359.905 183.705  224.55 277.632 218.685 222.301 342.928 331.914 249.648 2.67653 2.26166 230.799
5.03916 4.93147 4.64712 90.0361 3.38964 3.25071 2.24902 2.19175 2.11291 2.03782 1.99709 1.93339 1.62156 1.54279  1.4867 1.62162 1.51932 1.44908  1.7121  1.6121 1.54027 1.80726 121.339 1.57772 2.00861 1.80735 1.67365 2.05356 99.4308 101.135  166.63 124.507 114.264   169.9 143.915 126.002  113.88 108.445 104.442 193.797 169.019 147.208 2.00686 120.162  131.35 122.015 1.84674 1.72613 211.585 104.466 124.469 166.709 211.575 149.416
3.53984 3.37734 3.15904 2.45255 2.41007 2.28351 1.82797 1.76217 1.69104 1.78467  1.7366 1.67109 69.0322 61.6085 56.2834 11.5944 1.51277 1.44193 100.003 1.59915 1.52739 1.80599 17.1946 1.57654 2.00744 1.80598 1.67253 57.6175 64.3982 1.72418 106.423 93.2634 83.7848 105.388  89.347 64.8926 85.1098 79.5482 72.3838 1.81166  107.13 1.58398 84.9348 75.0168 63.8315 144.094 55.9447 1.72296 85.8601 66.3782 1.83863 129.696 68.0569 100.646
2.62712 2.46753 2.32627 1.92805 1.85819 1.77033 4.29458 1.51785   1.466 1.62586 1.56586 1.50895 1.54301 1.46658 33.9103 1.60906 29.5113 1.43671 57.7601  1.5883 1.51746 1.80587 1.67206 1.57698 2.00732 1.80626 1.67305 43.3547 38.5018  45.247 55.1466  49.879 52.4098 69.0003 59.3447 52.0426 44.4007  45.517 56.0857 80.9701 71.2743 48.0411  2.0069 66.3673 37.9226 78.3631 1.84379 1.72343 110.419 90.4999 1.84242 2.67586 60.6538 56.3027
2.14924 2.02192 22.8733 1.67184 1.59821 1.53429 1.47827 7.56511 1.36671 1.54544 1.48157 1.43038 1.52505 25.3279 1.39581 1.60581 1.50501 7.07004 1.67906 1.58221 7.69943 35.1405 1.67204 32.1725 2.00618 1.80561 8.46387  54.362 29.4328 27.1022 57.9794 51.6482 46.5047  52.387  44.856 39.0649 43.0456 23.5409 1.51835 1.80918  59.106 26.0578 56.4011  1.8058 1.67181 2.00782 1.84264 1.72243  59.985 49.7468 1.83879 2.68073 2.25679 2.00614
2.00269 1.89148 1.80236 1.59188 1.52428  1.4671 1.44407 1.38134  1.3396 1.51987 1.45788 1.40893 1.51948 1.44527  1.3919 1.60531 1.50448 1.43309 1.67689 1.58028 5.64104 1.80535  1.6717 1.57635 2.00618 1.80607  6.7154 46.6444 40.7974 28.4583 52.9264  46.512 35.4301 47.6603 40.5539 34.2839 1.68062 32.6607 29.3184 37.0517 1.67678 26.0025 58.1091 31.8032 25.8562 2.00772 46.2022  1.7217 2.25644 65.0457 1.83886 2.67481 2.25644 2.00593
Mode averaged potential and errors: 
  0.0628044 2.43634e-05
    0.10112 9.47329e-05
   0.132391  0.00434568
   0.155752 0.000478639
   0.179957 0.000854262
   0.203679  0.00159453
   0.245267   0.0229356
   0.283864   0.0267436
   0.280473  0.00673022
   0.341605   0.0293594
   0.316215    0.197995
   0.369099   0.0159057
R Models:
(* Fitting with shape 1 1 1 1 1 1 1 1 0 0 0 0 *)
G[R_,xx_]:=xx[[0]] + xx[[1]]/R | xx[[2]]*R
(* Fitting with shape 1 1 1 1 1 1 1 1 1 0 0 0 *)
G[R_,xx_]:=xx[[0]] + xx[[1]]/R | xx[[2]]*R
(* Fitting with shape 1 1 1 1 1 1 1 1 1 1 0 0 *)
G[R_,xx_]:=xx[[0]] + xx[[1]]/R | xx[[2]]*R
(* Fitting with shape 1 1 1 1 1 1 1 1 1 1 1 0 *)
G[R_,xx_]:=xx[[0]] + xx[[1]]/R | xx[[2]]*R
(* Fitting with shape 1 1 1 1 1 1 1 1 1 1 1 1 *)
G[R_,xx_]:=xx[[0]] + xx[[1]]/R | xx[[2]]*R
(* Fitting with shape 0 1 1 1 1 1 1 1 0 0 0 0 *)
G[R_,xx_]:=xx[[0]] + xx[[1]]/R | xx[[2]]*R
(* Fitting with shape 0 1 1 1 1 1 1 1 1 0 0 0 *)
G[R_,xx_]:=xx[[0]] + xx[[1]]/R | xx[[2]]*R
(* Fitting with shape 0 1 1 1 1 1 1 1 1 1 0 0 *)
G[R_,xx_]:=xx[[0]] + xx[[1]]/R | xx[[2]]*R
(* Fitting with shape 0 1 1 1 1 1 1 1 1 1 1 0 *)
G[R_,xx_]:=xx[[0]] + xx[[1]]/R | xx[[2]]*R
(* Fitting with shape 0 1 1 1 1 1 1 1 1 1 1 1 *)
G[R_,xx_]:=xx[[0]] + xx[[1]]/R | xx[[2]]*R
(* Fitting with shape 0 0 1 1 1 1 1 1 0 0 0 0 *)
G[R_,xx_]:=xx[[0]] + xx[[1]]/R | xx[[2]]*R
(* Fitting with shape 0 0 1 1 1 1 1 1 1 0 0 0 *)
G[R_,xx_]:=xx[[0]] + xx[[1]]/R | xx[[2]]*R
(* Fitting with shape 0 0 1 1 1 1 1 1 1 1 0 0 *)
G[R_,xx_]:=xx[[0]] + xx[[1]]/R | xx[[2]]*R
(* Fitting with shape 0 0 1 1 1 1 1 1 1 1 1 0 *)
G[R_,xx_]:=xx[[0]] + xx[[1]]/R | xx[[2]]*R
(* Fitting with shape 0 0 1 1 1 1 1 1 1 1 1 1 *)
G[R_,xx_]:=xx[[0]] + xx[[1]]/R | xx[[2]]*R
(* Fitting with shape 0 0 0 1 1 1 1 1 0 0 0 0 *)
G[R_,xx_]:=xx[[0]] + xx[[1]]/R | xx[[2]]*R
(* Fitting with shape 0 0 0 1 1 1 1 1 1 0 0 0 *)
G[R_,xx_]:=xx[[0]] + xx[[1]]/R | xx[[2]]*R
(* Fitting with shape 0 0 0 1 1 1 1 1 1 1 0 0 *)
G[R_,xx_]:=xx[[0]] + xx[[1]]/R | xx[[2]]*R
(* Fitting with shape 0 0 0 1 1 1 1 1 1 1 1 0 *)
G[R_,xx_]:=xx[[0]] + xx[[1]]/R | xx[[2]]*R
(* Fitting with shape 0 0 0 1 1 1 1 1 1 1 1 1 *)
G[R_,xx_]:=xx[[0]] + xx[[1]]/R | xx[[2]]*R
3.04969 3.04969 3.04969 
-0.29909 -0.29909 -0.29909 
1 1 1 
0.627861 0.627861 0.627861 
0.372739 0.372739 0.372739 
5.03038e+175 5.03038e+175 5.03038e+175 
3.5936e+246 3.5936e+246 3.5936e+246 
2.14726e+243 2.14726e+243 2.14726e+243 
-1.12698e+06 -1.12698e+06 -1.12698e+06 
3.87842e-321 3.87842e-321 3.87842e-321 
6.94578e-310 6.94578e-310 6.94578e-310 
2.77217e-316 2.77217e-316 2.77217e-316 
0 0 0 
0 0 0 
2.37152e-322 2.37152e-322 2.37152e-322 
2.37152e-322 2.37152e-322 2.37152e-322 
2.7926e-316 2.7926e-316 2.7926e-316 
-60.4994 -60.4994 -60.4994 
-101.032 -101.032 -101.032 
9.92367 9.92367 9.92367 
4.74303e-322 4.74303e-322 4.74303e-322 
3.16202e-322 3.16202e-322 3.16202e-322 
2.74797e-316 2.74797e-316 2.74797e-316 
2.79205e-316 2.79205e-316 2.79205e-316 
3.98529e-05 3.98529e-05 3.98529e-05 
2.79206e-316 2.79206e-316 2.79206e-316 
2.47033e-323 2.47033e-323 2.47033e-323 
2.79206e-316 2.79206e-316 2.79206e-316 
2.48995e-316 2.48995e-316 2.48995e-316 
6.37345e-322 6.37345e-322 6.37345e-322 
2.79207e-316 2.79207e-316 2.79207e-316 
2.75187e-316 2.75187e-316 2.75187e-316 
8.82751e+07 8.82751e+07 8.82751e+07 
8657.96 8657.96 8657.96 
2.37152e-322 2.37152e-322 2.37152e-322 
2.37152e-322 2.37152e-322 2.37152e-322 
1.93275e-05 1.93275e-05 1.93275e-05 
4.4552e-06 4.4552e-06 4.4552e-06 
-2.3594e-06 -2.3594e-06 -2.3594e-06 
2.97469e-07 2.97469e-07 2.97469e-07 
2.34352e-05 2.34352e-05 2.34352e-05 
-1.17383e-05 -1.17383e-05 -1.17383e-05 
2.79205e-316 2.79205e-316 2.79205e-316 
2.42092e-322 2.42092e-322 2.42092e-322 
2.67726e-316 2.67726e-316 2.67726e-316 
183168 183168 183168 
1.03467e-05 1.03467e-05 1.03467e-05 
3.43595e-08 3.43595e-08 3.43595e-08 
4.03944e-07 4.03944e-07 4.03944e-07 
2.39206e-07 2.39206e-07 2.39206e-07 
-2.17985e-07 -2.17985e-07 -2.17985e-07 
8.74496e-322 8.74496e-322 8.74496e-322 
2.75342e-316 2.75342e-316 2.75342e-316 
2.79208e-316 2.79208e-316 2.79208e-316 
Probabilities: 
        0         0         0         0         0         0         0         0         0         0         0         0 0.0250845 0.0668508  0.069799 0.0108891 0.0291685 0.0574839         0         0  0.416322 0.0293673         0  0.166146 0.0123281  0.033151 0.0834103         0         0         0         0         0         0         0         0         0         0         0         0         0         0         0         0         0         0         0         0         0         0         0         0         0         0         0

String tensions: 
          1           1           1           1           1           1           1           1           1   -0.447783   -0.447797   -0.450614   -0.688283   -0.688437   -0.702875   -0.786611   -0.788104   -0.867806   -0.906376    -1.06452    -0.99839   -0.853923    0.552798    -1.06026    -1.51273     -1.5269    -1.79738   0.0647274   0.0647237  -0.0858778    0.997339    0.997339    0.997421   -0.128749   -0.137803    0.159324  0.00705641  -0.0854893  -0.0979433     1.02125     1.01543     1.01134    -0.73955    0.897521     1.00448    0.815945 0.000346142  -0.0656721     1.01141     1.00679  0.00254521     1.07742   -0.108641  -0.0559617

Errors: 
    5792.62     5792.62     5792.62     5792.62     5792.62     5792.62     5792.62     5792.62     5792.62  0.00153537  0.00153501  0.00147419    0.021404   0.0213624   0.0187688    0.171841    0.166687    0.122769     1.00002     1.00001   0.0363976   0.0150932           0    0.130982     1.08497     1.15086    0.894071 0.000439708  0.00044057           0           0           0           0           1           1           0 0.000763586           0           1           0           0           0     1.02198     1.15321           0           1 0.000334924    0.985595   0.0027892  0.00278922 0.000364663     1.62839      1.0001     1.00021

Statuses: 
0 0 0 0 0 0 0 0 0 0 0 0 0 0 0 0 0 0 3 3 0 0 3 0 0 0 0 0 0 3 2 2 2 3 3 3 0 3 3 2 2 2 3 3 2 3 1 3 3 3 1 3 3 3
chisq per dof: 
  5040.6  4413.43  4556.26  96.4506  82.8824  112.359  3.41044   2.8651   4.8248   15.069  13.2279  18.2967 0.574514 0.498093 0.675043  0.62321 0.524234 0.541224  7333.31   2145.2 0.425407  0.52197  16777.2 0.458231 0.573564 0.481572 0.434862  382.662  335.112  85553.3  28267.6  24229.7  21268.3  24127.4  19434.6  23775.3  1.60998  67353.9  12066.6  28267.5  24229.6  21268.2  12093.7  10463.4   9046.9   184966  0.37712  14386.9  28267.4  24229.5 0.382778  18219.6   2377.4  3097.27
Model string tension and errors: 
sigma = -1.02986 +/- 0.46291
