R=0parameters: 
-0.683115 -0.683115 
0.298375 0.298375 
3.08465e-09 3.08465e-09 
1.63042e-322 1.63042e-322 
0.000165647 0.000165647 
-1.20122e-08 -1.20122e-08 
8.87603e-09 8.87603e-09 
4.79244e-322 4.79244e-322 
6.26278e-320 6.26278e-320 
6.90957e-310 6.90957e-310 6.90957e-310 
6.90957e-310 6.90957e-310 6.90957e-310 
6.90957e-310 6.90957e-310 6.90957e-310 
6.90957e-310 6.90957e-310 6.90957e-310 
6.90957e-310 6.90957e-310 6.90957e-310 
6.90957e-310 6.90957e-310 6.90957e-310 
6.90957e-310 6.90957e-310 6.90957e-310 
6.90957e-310 6.90957e-310 6.90957e-310 
6.90957e-310 6.90957e-310 6.90957e-310 
6.90957e-310 6.90957e-310 6.90957e-310 6.90957e-310 
6.90957e-310 6.90957e-310 6.90957e-310 6.90957e-310 
-nan -nan -nan -nan 
0 0 0 0 
-nan -nan -nan -nan 
0 0 0 0 
-nan -nan -nan -nan 
0 0 0 0 
-nan -nan -nan -nan 
0 0 0 
-nan -nan -nan 
0 0 0 
-nan -nan -nan 
0 0 0 
-nan -nan -nan 
0 0 0 
-nan -nan -nan 
0 0 0 
-nan -nan -nan -nan 
0 0 0 0 
-nan -nan -nan -nan 
0 0 0 0 
-nan -nan -nan -nan 
3.16696e-321 3.16696e-321 3.16696e-321 3.16696e-321 
6.90957e-310 6.90957e-310 6.90957e-310 6.90957e-310 
6.90957e-310 6.90957e-310 6.90957e-310 6.90957e-310 
-nan -nan -nan -nan 
0 0 0 0 0 
0 0 0 0 0 
0 0 0 0 0 
5.90782e+07 5.90782e+07 5.90782e+07 5.90782e+07 5.90782e+07 
2.42092e-322 2.42092e-322 2.42092e-322 2.42092e-322 2.42092e-322 
0.000180272 0.000180272 0.000180272 0.000180272 0.000180272 
2.54322e-316 2.54322e-316 2.54322e-316 2.54322e-316 2.54322e-316 
-687517 -687517 -687517 -687517 -687517 
3.55243e+09 3.55243e+09 3.55243e+09 3.55243e+09 3.55243e+09 
R=1parameters: 
-0.667698 -0.667698 
0.418042 0.418042 
0.000125506 0.000125506 
0.0944764 0.0944764 
-0.104046 -0.104046 
5993.13 5993.13 
-1060.75 -1060.75 
-3669.21 -3669.21 
1268.58 1268.58 
-199.868 -199.868 -199.868 
4.74303e-322 4.74303e-322 4.74303e-322 
3.32506e-321 3.32506e-321 3.32506e-321 
2.5078e-316 2.5078e-316 2.5078e-316 
6.90957e-310 6.90957e-310 6.90957e-310 
2.47033e-323 2.47033e-323 2.47033e-323 
2.54319e-316 2.54319e-316 2.54319e-316 
7.49486e+06 7.49486e+06 7.49486e+06 
2.54823e-316 2.54823e-316 2.54823e-316 
2.50796e-316 2.50796e-316 2.50796e-316 2.50796e-316 
8.74496e-322 8.74496e-322 8.74496e-322 8.74496e-322 
2.5021e-316 2.5021e-316 2.5021e-316 2.5021e-316 
2.56148e-316 2.56148e-316 2.56148e-316 2.56148e-316 
1.58101e-322 1.58101e-322 1.58101e-322 1.58101e-322 
2.37152e-322 2.37152e-322 2.37152e-322 2.37152e-322 
2.6832e-316 2.6832e-316 2.6832e-316 2.6832e-316 
0 0 0 0 
0 0 0 0 
0 0 0 
3.95253e-322 3.95253e-322 3.95253e-322 
2.37152e-322 2.37152e-322 2.37152e-322 
2.56169e-316 2.56169e-316 2.56169e-316 
2.54321e-316 2.54321e-316 2.54321e-316 
0.527639 0.527639 0.527639 
-2.23341 -2.23341 -2.23341 
6.32404e-322 6.32404e-322 6.32404e-322 
2.37152e-322 2.37152e-322 2.37152e-322 
2.56167e-316 2.56167e-316 2.56167e-316 2.56167e-316 
2.06179e+07 2.06179e+07 2.06179e+07 2.06179e+07 
6.65638e+07 6.65638e+07 6.65638e+07 6.65638e+07 
-4.05861e+07 -4.05861e+07 -4.05861e+07 -4.05861e+07 
1.18576e-321 1.18576e-321 1.18576e-321 1.18576e-321 
3.16202e-322 3.16202e-322 3.16202e-322 3.16202e-322 
0 0 0 0 
0 0 0 0 
0 0 0 0 
0 0 0 0 0 
1.67772e+07 1.67772e+07 1.67772e+07 1.67772e+07 1.67772e+07 
1.90215e-321 1.90215e-321 1.90215e-321 1.90215e-321 1.90215e-321 
2.56456e-316 2.56456e-316 2.56456e-316 2.56456e-316 2.56456e-316 
1.63042e-322 1.63042e-322 1.63042e-322 1.63042e-322 1.63042e-322 
6.90943e-310 6.90943e-310 6.90943e-310 6.90943e-310 6.90943e-310 
2.54321e-316 2.54321e-316 2.54321e-316 2.54321e-316 2.54321e-316 
2.47033e-323 2.47033e-323 2.47033e-323 2.47033e-323 2.47033e-323 
2.61137e-06 2.61137e-06 2.61137e-06 2.61137e-06 2.61137e-06 
R=2parameters: 
-0.645036 -0.645036 
0.476683 0.476683 
-0.000973948 -0.000973948 
-0.267987 -0.267987 
0.310029 0.310029 
5993.13 5993.13 
-1060.75 -1060.75 
-3669.21 -3669.21 
1268.58 1268.58 
-199.868 -199.868 -199.868 
4.74303e-322 4.74303e-322 4.74303e-322 
3.32506e-321 3.32506e-321 3.32506e-321 
6.90957e-310 6.90957e-310 6.90957e-310 
2.5078e-316 2.5078e-316 2.5078e-316 
140997 140997 140997 
-120172 -120172 -120172 
2.37152e-322 2.37152e-322 2.37152e-322 
3.16202e-322 3.16202e-322 3.16202e-322 
2.56374e-316 2.56374e-316 2.56374e-316 2.56374e-316 
2.56147e-316 2.56147e-316 2.56147e-316 2.56147e-316 
-0.000105508 -0.000105508 -0.000105508 -0.000105508 
2.56147e-316 2.56147e-316 2.56147e-316 2.56147e-316 
-0.129401 -0.129401 -0.129401 -0.129401 
2.56147e-316 2.56147e-316 2.56147e-316 2.56147e-316 
-0.0355081 -0.0355081 -0.0355081 -0.0355081 
6.37345e-322 6.37345e-322 6.37345e-322 6.37345e-322 
2.48385e-316 2.48385e-316 2.48385e-316 2.48385e-316 
2.56433e-316 2.56433e-316 2.56433e-316 
1.80197e+09 1.80197e+09 1.80197e+09 
1.36217e+07 1.36217e+07 1.36217e+07 
2.37152e-322 2.37152e-322 2.37152e-322 
2.37152e-322 2.37152e-322 2.37152e-322 
2.4681e-316 2.4681e-316 2.4681e-316 
6.88586e-06 6.88586e-06 6.88586e-06 
1.09136e-06 1.09136e-06 1.09136e-06 
1.11485e-05 1.11485e-05 1.11485e-05 
2.73806e-05 2.73806e-05 2.73806e-05 2.73806e-05 
1.63042e-322 1.63042e-322 1.63042e-322 1.63042e-322 
2.56148e-316 2.56148e-316 2.56148e-316 2.56148e-316 
2.56148e-316 2.56148e-316 2.56148e-316 2.56148e-316 
2.47033e-323 2.47033e-323 2.47033e-323 2.47033e-323 
2.56148e-316 2.56148e-316 2.56148e-316 2.56148e-316 
0.310029 0.310029 0.310029 0.310029 
2.42092e-322 2.42092e-322 2.42092e-322 2.42092e-322 
2.46863e-316 2.46863e-316 2.46863e-316 2.46863e-316 
6.90957e-310 6.90957e-310 6.90957e-310 6.90957e-310 6.90957e-310 
1.85409e+07 1.85409e+07 1.85409e+07 1.85409e+07 1.85409e+07 
2.122e-314 2.122e-314 2.122e-314 2.122e-314 2.122e-314 
2.56148e-316 2.56148e-316 2.56148e-316 2.56148e-316 2.56148e-316 
3.16202e-322 3.16202e-322 3.16202e-322 3.16202e-322 3.16202e-322 
2.66908e-316 2.66908e-316 2.66908e-316 2.66908e-316 2.66908e-316 
2.6693e-316 2.6693e-316 2.6693e-316 2.6693e-316 2.6693e-316 
4.84859e-05 4.84859e-05 4.84859e-05 4.84859e-05 4.84859e-05 
0.000550621 0.000550621 0.000550621 0.000550621 0.000550621 
R=3parameters: 
-0.623226 -0.623226 
0.515433 0.515433 
0.842612 0.842612 
1.08931 1.08931 
-6.99153 -6.99153 
5993.13 5993.13 
-1060.75 -1060.75 
-3669.21 -3669.21 
1268.58 1268.58 
-199.868 -199.868 -199.868 
4.74303e-322 4.74303e-322 4.74303e-322 
3.32506e-321 3.32506e-321 3.32506e-321 
6.90957e-310 6.90957e-310 6.90957e-310 
2.5078e-316 2.5078e-316 2.5078e-316 
-0.0888952 -0.0888952 -0.0888952 
0.380987 0.380987 0.380987 
2.37152e-322 2.37152e-322 2.37152e-322 
2.37152e-322 2.37152e-322 2.37152e-322 
2.55657e-316 2.55657e-316 2.55657e-316 2.55657e-316 
0 0 0 0 
0 0 0 0 
0 0 0 0 
4.74303e-322 4.74303e-322 4.74303e-322 4.74303e-322 
2.37152e-322 2.37152e-322 2.37152e-322 2.37152e-322 
2.56169e-316 2.56169e-316 2.56169e-316 2.56169e-316 
2.50781e-316 2.50781e-316 2.50781e-316 2.50781e-316 
0.68556 0.68556 0.68556 0.68556 
0.465998 0.465998 0.465998 
7.11455e-322 7.11455e-322 7.11455e-322 
2.37152e-322 2.37152e-322 2.37152e-322 
2.56167e-316 2.56167e-316 2.56167e-316 
555274 555274 555274 
2.00158e+06 2.00158e+06 2.00158e+06 
-46043.9 -46043.9 -46043.9 
9.48606e-322 9.48606e-322 9.48606e-322 
3.16202e-322 3.16202e-322 3.16202e-322 
2.56372e-316 2.56372e-316 2.56372e-316 2.56372e-316 
2.56147e-316 2.56147e-316 2.56147e-316 2.56147e-316 
2.47033e-323 2.47033e-323 2.47033e-323 2.47033e-323 
2.56148e-316 2.56148e-316 2.56148e-316 2.56148e-316 
2.56147e-316 2.56147e-316 2.56147e-316 2.56147e-316 
6.37345e-322 6.37345e-322 6.37345e-322 6.37345e-322 
2.78047e-05 2.78047e-05 2.78047e-05 2.78047e-05 
3.72149e-06 3.72149e-06 3.72149e-06 3.72149e-06 
1.92679e-05 1.92679e-05 1.92679e-05 1.92679e-05 
-0.000661802 -0.000661802 -0.000661802 -0.000661802 -0.000661802 
4.69564e-05 4.69564e-05 4.69564e-05 4.69564e-05 4.69564e-05 
0.000135271 0.000135271 0.000135271 0.000135271 0.000135271 
6.90943e-310 6.90943e-310 6.90943e-310 6.90943e-310 6.90943e-310 
-1.69752e+99 -1.69752e+99 -1.69752e+99 -1.69752e+99 -1.69752e+99 
1.2732e-313 1.2732e-313 1.2732e-313 1.2732e-313 1.2732e-313 
2.54508e-316 2.54508e-316 2.54508e-316 2.54508e-316 2.54508e-316 
-2.36392e-06 -2.36392e-06 -2.36392e-06 -2.36392e-06 -2.36392e-06 
2.88806e-06 2.88806e-06 2.88806e-06 2.88806e-06 2.88806e-06 
R=4parameters: 
-0.59846 -0.59846 
0.546277 0.546277 
1.36855 1.36855 
0.69636 0.69636 
-11.0853 -11.0853 
5993.13 5993.13 
-1060.75 -1060.75 
-3669.21 -3669.21 
1268.58 1268.58 
-199.868 -199.868 -199.868 
4.74303e-322 4.74303e-322 4.74303e-322 
3.32506e-321 3.32506e-321 3.32506e-321 
2.56431e-316 2.56431e-316 2.56431e-316 
6.90957e-310 6.90957e-310 6.90957e-310 
4.48754e+06 4.48754e+06 4.48754e+06 
9.34023e+06 9.34023e+06 9.34023e+06 
2.37152e-322 2.37152e-322 2.37152e-322 
2.37152e-322 2.37152e-322 2.37152e-322 
2.48733e-316 2.48733e-316 2.48733e-316 2.48733e-316 
0.000277433 0.000277433 0.000277433 0.000277433 
0.00011884 0.00011884 0.00011884 0.00011884 
7.29415e-05 7.29415e-05 7.29415e-05 7.29415e-05 
4.74303e-322 4.74303e-322 4.74303e-322 4.74303e-322 
3.95253e-322 3.95253e-322 3.95253e-322 3.95253e-322 
2.56171e-316 2.56171e-316 2.56171e-316 2.56171e-316 
2.55086e-316 2.55086e-316 2.55086e-316 2.55086e-316 
2.556e-316 2.556e-316 2.556e-316 2.556e-316 
2.55674e-316 2.55674e-316 2.55674e-316 
2.50614e-316 2.50614e-316 2.50614e-316 
2.56526e-316 2.56526e-316 2.56526e-316 
124.055 124.055 124.055 
1416.62 1416.62 1416.62 
2367.32 2367.32 2367.32 
1.63042e-322 1.63042e-322 1.63042e-322 
2.54816e-316 2.54816e-316 2.54816e-316 
2.50629e-316 2.50629e-316 2.50629e-316 
1.02766e-321 1.02766e-321 1.02766e-321 1.02766e-321 
3.95253e-322 3.95253e-322 3.95253e-322 3.95253e-322 
2.54908e-316 2.54908e-316 2.54908e-316 2.54908e-316 
2.50625e-316 2.50625e-316 2.50625e-316 2.50625e-316 
2.54627e-316 2.54627e-316 2.54627e-316 2.54627e-316 
2.50629e-316 2.50629e-316 2.50629e-316 2.50629e-316 
0 0 0 0 
0 0 0 0 
6.32404e-322 6.32404e-322 6.32404e-322 6.32404e-322 
2.37152e-322 2.37152e-322 2.37152e-322 2.37152e-322 2.37152e-322 
2.56167e-316 2.56167e-316 2.56167e-316 2.56167e-316 2.56167e-316 
2.56433e-316 2.56433e-316 2.56433e-316 2.56433e-316 2.56433e-316 
9.33291e-10 9.33291e-10 9.33291e-10 9.33291e-10 9.33291e-10 
-2.85505 -2.85505 -2.85505 -2.85505 -2.85505 
0.00012868 0.00012868 0.00012868 0.00012868 0.00012868 
5.1848e-07 5.1848e-07 5.1848e-07 5.1848e-07 5.1848e-07 
-12662.2 -12662.2 -12662.2 -12662.2 -12662.2 
2.56148e-316 2.56148e-316 2.56148e-316 2.56148e-316 2.56148e-316 
R=5parameters: 
-0.574443 -0.574443 
0.573436 0.573436 
0.00372104 0.00372104 
3.44287 3.44287 
-3.29364 -3.29364 
5993.13 5993.13 
-1060.75 -1060.75 
-3669.21 -3669.21 
1268.58 1268.58 
-199.868 -199.868 -199.868 
4.74303e-322 4.74303e-322 4.74303e-322 
3.32506e-321 3.32506e-321 3.32506e-321 
2.5078e-316 2.5078e-316 2.5078e-316 
2.54613e-316 2.54613e-316 2.54613e-316 
1.58101e-322 1.58101e-322 1.58101e-322 
3.16202e-322 3.16202e-322 3.16202e-322 
2.56167e-316 2.56167e-316 2.56167e-316 
1.44126e-316 1.44126e-316 1.44126e-316 
25099.8 25099.8 25099.8 25099.8 
1.44127e-316 1.44127e-316 1.44127e-316 1.44127e-316 
50141 50141 50141 50141 
4.94066e-324 4.94066e-324 4.94066e-324 4.94066e-324 
2.56432e-316 2.56432e-316 2.56432e-316 2.56432e-316 
1.11165e-321 1.11165e-321 1.11165e-321 1.11165e-321 
2.48207e-316 2.48207e-316 2.48207e-316 2.48207e-316 
2.56148e-316 2.56148e-316 2.56148e-316 2.56148e-316 
1.58101e-322 1.58101e-322 1.58101e-322 1.58101e-322 
2.37152e-322 2.37152e-322 2.37152e-322 
2.56169e-316 2.56169e-316 2.56169e-316 
1.0074 1.0074 1.0074 
0.243634 0.243634 0.243634 
-2.50582 -2.50582 -2.50582 
3.95253e-322 3.95253e-322 3.95253e-322 
2.37152e-322 2.37152e-322 2.37152e-322 
2.46812e-316 2.46812e-316 2.46812e-316 
0 0 0 
0 0 0 0 
0 0 0 0 
6.32404e-322 6.32404e-322 6.32404e-322 6.32404e-322 
2.37152e-322 2.37152e-322 2.37152e-322 2.37152e-322 
2.56167e-316 2.56167e-316 2.56167e-316 2.56167e-316 
1.63042e-322 1.63042e-322 1.63042e-322 1.63042e-322 
2.48402e-316 2.48402e-316 2.48402e-316 2.48402e-316 
-2033.24 -2033.24 -2033.24 -2033.24 
-38118.1 -38118.1 -38118.1 -38118.1 
155.03 155.03 155.03 155.03 155.03 
2.39874e-06 2.39874e-06 2.39874e-06 2.39874e-06 2.39874e-06 
0 0 0 0 0 
0 0 0 0 0 
1.63042e-322 1.63042e-322 1.63042e-322 1.63042e-322 1.63042e-322 
2.55348e-316 2.55348e-316 2.55348e-316 2.55348e-316 2.55348e-316 
0.000373578 0.000373578 0.000373578 0.000373578 0.000373578 
2.45528e-05 2.45528e-05 2.45528e-05 2.45528e-05 2.45528e-05 
1.63042e-322 1.63042e-322 1.63042e-322 1.63042e-322 1.63042e-322 
R=6parameters: 
-0.554071 -0.554071 
0.599637 0.599637 
0.000957524 0.000957524 
1.39828 1.39828 
-1.37831 -1.37831 
5993.13 5993.13 
-1060.75 -1060.75 
-3669.21 -3669.21 
1268.58 1268.58 
-199.868 -199.868 -199.868 
4.74303e-322 4.74303e-322 4.74303e-322 
3.32506e-321 3.32506e-321 3.32506e-321 
2.5078e-316 2.5078e-316 2.5078e-316 
2.4687e-316 2.4687e-316 2.4687e-316 
2.62344e-06 2.62344e-06 2.62344e-06 
6.7682e-08 6.7682e-08 6.7682e-08 
-2.4007e-07 -2.4007e-07 -2.4007e-07 
6.77683e-08 6.77683e-08 6.77683e-08 
-2.93069e-05 -2.93069e-05 -2.93069e-05 -2.93069e-05 
-3.21491e-05 -3.21491e-05 -3.21491e-05 -3.21491e-05 
4.43593e-06 4.43593e-06 4.43593e-06 4.43593e-06 
0.00124788 0.00124788 0.00124788 0.00124788 
8.96289e-05 8.96289e-05 8.96289e-05 8.96289e-05 
9.88968e-05 9.88968e-05 9.88968e-05 9.88968e-05 
-1.36037e-05 -1.36037e-05 -1.36037e-05 -1.36037e-05 
-0.00381354 -0.00381354 -0.00381354 -0.00381354 
0.0116574 0.0116574 0.0116574 0.0116574 
2.69266e-321 2.69266e-321 2.69266e-321 
2.68443e-316 2.68443e-316 2.68443e-316 
2.5078e-316 2.5078e-316 2.5078e-316 
1.58101e-322 1.58101e-322 1.58101e-322 
3.95253e-322 3.95253e-322 3.95253e-322 
2.50841e-316 2.50841e-316 2.50841e-316 
2.5078e-316 2.5078e-316 2.5078e-316 
2.50781e-316 2.50781e-316 2.50781e-316 
2.56147e-316 2.56147e-316 2.56147e-316 
2.50781e-316 2.50781e-316 2.50781e-316 2.50781e-316 
2.50782e-316 2.50782e-316 2.50782e-316 2.50782e-316 
4.6715e-10 4.6715e-10 4.6715e-10 4.6715e-10 
-0.685299 -0.685299 -0.685299 -0.685299 
-1.37831 -1.37831 -1.37831 -1.37831 
2.56148e-316 2.56148e-316 2.56148e-316 2.56148e-316 
0 0 0 0 
2.42092e-322 2.42092e-322 2.42092e-322 2.42092e-322 
2.56169e-316 2.56169e-316 2.56169e-316 2.56169e-316 
14.0529 14.0529 14.0529 14.0529 14.0529 
1.02766e-321 1.02766e-321 1.02766e-321 1.02766e-321 1.02766e-321 
2.37152e-322 2.37152e-322 2.37152e-322 2.37152e-322 2.37152e-322 
2.56168e-316 2.56168e-316 2.56168e-316 2.56168e-316 2.56168e-316 
-62.3829 -62.3829 -62.3829 -62.3829 -62.3829 
9.49017e+07 9.49017e+07 9.49017e+07 9.49017e+07 9.49017e+07 
-363.381 -363.381 -363.381 -363.381 -363.381 
-905.526 -905.526 -905.526 -905.526 -905.526 
1.63042e-322 1.63042e-322 1.63042e-322 1.63042e-322 1.63042e-322 
R=7parameters: 
-0.537235 -0.537235 
0.624275 0.624275 
0.000916036 0.000916036 
0.895384 0.895384 
-0.68144 -0.68144 
5993.13 5993.13 
-1060.75 -1060.75 
-3669.21 -3669.21 
1268.58 1268.58 
-199.868 -199.868 -199.868 
4.74303e-322 4.74303e-322 4.74303e-322 
3.32506e-321 3.32506e-321 3.32506e-321 
2.5078e-316 2.5078e-316 2.5078e-316 
2.4687e-316 2.4687e-316 2.4687e-316 
0.000217919 0.000217919 0.000217919 
6.48602e-05 6.48602e-05 6.48602e-05 
-1.26444e-05 -1.26444e-05 -1.26444e-05 
8.25025e-07 8.25025e-07 8.25025e-07 
0.022603 0.022603 0.022603 0.022603 
0 0 0 0 
2.47033e-323 2.47033e-323 2.47033e-323 2.47033e-323 
2.56147e-316 2.56147e-316 2.56147e-316 2.56147e-316 
0.86443 0.86443 0.86443 0.86443 
2.56147e-316 2.56147e-316 2.56147e-316 2.56147e-316 
0.484574 0.484574 0.484574 0.484574 
4.79244e-322 4.79244e-322 4.79244e-322 4.79244e-322 
2.4821e-316 2.4821e-316 2.4821e-316 2.4821e-316 
2.46872e-316 2.46872e-316 2.46872e-316 
5082.8 5082.8 5082.8 
8869.66 8869.66 8869.66 
2.37152e-322 2.37152e-322 2.37152e-322 
2.37152e-322 2.37152e-322 2.37152e-322 
2.50789e-316 2.50789e-316 2.50789e-316 
4.72577e-05 4.72577e-05 4.72577e-05 
0.000518461 0.000518461 0.000518461 
0.000392233 0.000392233 0.000392233 
1.02766e-321 1.02766e-321 1.02766e-321 1.02766e-321 
6.32404e-322 6.32404e-322 6.32404e-322 6.32404e-322 
2.5637e-316 2.5637e-316 2.5637e-316 2.5637e-316 
-2.47113e-05 -2.47113e-05 -2.47113e-05 -2.47113e-05 
2.56346e-316 2.56346e-316 2.56346e-316 2.56346e-316 
2.47832e-316 2.47832e-316 2.47832e-316 2.47832e-316 
1.02658 1.02658 1.02658 1.02658 
865.993 865.993 865.993 865.993 
2.47033e-323 2.47033e-323 2.47033e-323 2.47033e-323 
2.48207e-316 2.48207e-316 2.48207e-316 2.48207e-316 2.48207e-316 
1506.24 1506.24 1506.24 1506.24 1506.24 
2.55471e-316 2.55471e-316 2.55471e-316 2.55471e-316 2.55471e-316 
681.56 681.56 681.56 681.56 681.56 
2.37152e-322 2.37152e-322 2.37152e-322 2.37152e-322 2.37152e-322 
2.46811e-316 2.46811e-316 2.46811e-316 2.46811e-316 2.46811e-316 
1149.72 1149.72 1149.72 1149.72 1149.72 
4071.96 4071.96 4071.96 4071.96 4071.96 
-1561.76 -1561.76 -1561.76 -1561.76 -1561.76 
R=8parameters: 
-0.522629 -0.522629 
0.645533 0.645533 
0.563369 0.563369 
2.77925 2.77925 
-16.5032 -16.5032 
5993.13 5993.13 
-1060.75 -1060.75 
-3669.21 -3669.21 
1268.58 1268.58 
-199.868 -199.868 -199.868 
4.74303e-322 4.74303e-322 4.74303e-322 
3.32506e-321 3.32506e-321 3.32506e-321 
2.5078e-316 2.5078e-316 2.5078e-316 
2.4687e-316 2.4687e-316 2.4687e-316 
0.000264747 0.000264747 0.000264747 
-0.000870617 -0.000870617 -0.000870617 
-0.00016583 -0.00016583 -0.00016583 
0.000104765 0.000104765 0.000104765 
-0.0264048 -0.0264048 -0.0264048 -0.0264048 
-0.00505567 -0.00505567 -0.00505567 -0.00505567 
0.00318141 0.00318141 0.00318141 0.00318141 
0.09805 0.09805 0.09805 0.09805 
0.0805766 0.0805766 0.0805766 0.0805766 
0.0154275 0.0154275 0.0154275 0.0154275 
-0.00970758 -0.00970758 -0.00970758 -0.00970758 
-0.29916 -0.29916 -0.29916 -0.29916 
0.912771 0.912771 0.912771 0.912771 
2.69266e-321 2.69266e-321 2.69266e-321 
2.48383e-316 2.48383e-316 2.48383e-316 
6.90957e-310 6.90957e-310 6.90957e-310 
1.58101e-322 1.58101e-322 1.58101e-322 
2.37152e-322 2.37152e-322 2.37152e-322 
2.56169e-316 2.56169e-316 2.56169e-316 
0.803496 0.803496 0.803496 
0.459946 0.459946 0.459946 
3.14175 3.14175 3.14175 
3.95253e-322 3.95253e-322 3.95253e-322 3.95253e-322 
2.37152e-322 2.37152e-322 2.37152e-322 2.37152e-322 
2.68201e-316 2.68201e-316 2.68201e-316 2.68201e-316 
0 0 0 0 
0 0 0 0 
99552.5 99552.5 99552.5 99552.5 
-16.5032 -16.5032 -16.5032 -16.5032 
2.42092e-322 2.42092e-322 2.42092e-322 2.42092e-322 
0 0 0 0 
2.54966e-316 2.54966e-316 2.54966e-316 2.54966e-316 2.54966e-316 
0.630233 0.630233 0.630233 0.630233 0.630233 
0.00129248 0.00129248 0.00129248 0.00129248 0.00129248 
-0.000826252 -0.000826252 -0.000826252 -0.000826252 -0.000826252 
2.50209e-316 2.50209e-316 2.50209e-316 2.50209e-316 2.50209e-316 
2.50209e-316 2.50209e-316 2.50209e-316 2.50209e-316 2.50209e-316 
14.0352 14.0352 14.0352 14.0352 14.0352 
-0.0129769 -0.0129769 -0.0129769 -0.0129769 -0.0129769 
-2.91778 -2.91778 -2.91778 -2.91778 -2.91778 
R=9parameters: 
-0.510189 -0.510189 
0.664459 0.664459 
-0.1717 -0.1717 
-4.92095 -4.92095 
6.09684 6.09684 
5993.13 5993.13 
-1060.75 -1060.75 
-3669.21 -3669.21 
1268.58 1268.58 
-199.868 -199.868 -199.868 
4.74303e-322 4.74303e-322 4.74303e-322 
3.32506e-321 3.32506e-321 3.32506e-321 
2.56431e-316 2.56431e-316 2.56431e-316 
2.68008e-316 2.68008e-316 2.68008e-316 
0.00030952 0.00030952 0.00030952 
8.66836e-05 8.66836e-05 8.66836e-05 
-1.99475e-05 -1.99475e-05 -1.99475e-05 
1.35753e-06 1.35753e-06 1.35753e-06 
0.00688762 0.00688762 0.00688762 0.00688762 
-0.00133903 -0.00133903 -0.00133903 -0.00133903 
7.77853e-05 7.77853e-05 7.77853e-05 7.77853e-05 
0.00746027 0.00746027 0.00746027 0.00746027 
-0.00883996 -0.00883996 -0.00883996 -0.00883996 
0.00165364 0.00165364 0.00165364 0.00165364 
-9.21112e-05 -9.21112e-05 -9.21112e-05 -9.21112e-05 
-0.0100819 -0.0100819 -0.0100819 -0.0100819 
0.0141306 0.0141306 0.0141306 0.0141306 
2.69266e-321 2.69266e-321 2.69266e-321 
2.56271e-316 2.56271e-316 2.56271e-316 
1.44126e-316 1.44126e-316 1.44126e-316 
2.56432e-316 2.56432e-316 2.56432e-316 
1.63042e-322 1.63042e-322 1.63042e-322 
2.4687e-316 2.4687e-316 2.4687e-316 
1.44129e-316 1.44129e-316 1.44129e-316 
3.16202e-322 3.16202e-322 3.16202e-322 
3.95253e-322 3.95253e-322 3.95253e-322 
2.48404e-316 2.48404e-316 2.48404e-316 2.48404e-316 
2.5267e-316 2.5267e-316 2.5267e-316 2.5267e-316 
2.52671e-316 2.52671e-316 2.52671e-316 2.52671e-316 
2.42092e-322 2.42092e-322 2.42092e-322 2.42092e-322 
2.50844e-316 2.50844e-316 2.50844e-316 2.50844e-316 
0 0 0 0 
0 0 0 0 
2426.31 2426.31 2426.31 2426.31 
-591.896 -591.896 -591.896 -591.896 
3.21143e-322 3.21143e-322 3.21143e-322 3.21143e-322 3.21143e-322 
2.47033e-323 2.47033e-323 2.47033e-323 2.47033e-323 2.47033e-323 
2.50814e-316 2.50814e-316 2.50814e-316 2.50814e-316 2.50814e-316 
2.47033e-323 2.47033e-323 2.47033e-323 2.47033e-323 2.47033e-323 
-0.000303861 -0.000303861 -0.000303861 -0.000303861 -0.000303861 
1.80143e-05 1.80143e-05 1.80143e-05 1.80143e-05 1.80143e-05 
2.42092e-322 2.42092e-322 2.42092e-322 2.42092e-322 2.42092e-322 
2.56168e-316 2.56168e-316 2.56168e-316 2.56168e-316 2.56168e-316 
41162 41162 41162 41162 41162 
R=10parameters: 
-0.501412 -0.501412 
1 1 
0.00987035 0.00987035 
42.873 42.873 
-34.143 -34.143 
5993.13 5993.13 
-1060.75 -1060.75 
-3669.21 -3669.21 
1268.58 1268.58 
-199.868 -199.868 -199.868 
4.74303e-322 4.74303e-322 4.74303e-322 
3.32506e-321 3.32506e-321 3.32506e-321 
6.90957e-310 6.90957e-310 6.90957e-310 
2.5078e-316 2.5078e-316 2.5078e-316 
0.000274575 0.000274575 0.000274575 
2.5078e-316 2.5078e-316 2.5078e-316 
4681.4 4681.4 4681.4 
1.36228e-06 1.36228e-06 1.36228e-06 
0.00211647 0.00211647 0.00211647 0.00211647 
8.74496e-322 8.74496e-322 8.74496e-322 8.74496e-322 
2.50782e-316 2.50782e-316 2.50782e-316 2.50782e-316 
2.56148e-316 2.56148e-316 2.56148e-316 2.56148e-316 
1.58101e-322 1.58101e-322 1.58101e-322 1.58101e-322 
2.37152e-322 2.37152e-322 2.37152e-322 2.37152e-322 
2.68999e-316 2.68999e-316 2.68999e-316 2.68999e-316 
0 0 0 0 
0 0 0 0 
0 0 0 
3.95253e-322 3.95253e-322 3.95253e-322 
2.37152e-322 2.37152e-322 2.37152e-322 
2.56169e-316 2.56169e-316 2.56169e-316 
2.50781e-316 2.50781e-316 2.50781e-316 
1.77132 1.77132 1.77132 
-5.18478 -5.18478 -5.18478 
6.32404e-322 6.32404e-322 6.32404e-322 
2.37152e-322 2.37152e-322 2.37152e-322 
2.56167e-316 2.56167e-316 2.56167e-316 2.56167e-316 
4659.28 4659.28 4659.28 4659.28 
19877.2 19877.2 19877.2 19877.2 
-773.694 -773.694 -773.694 -773.694 
1.18576e-321 1.18576e-321 1.18576e-321 1.18576e-321 
39086.2 39086.2 39086.2 39086.2 
0 0 0 0 
2.42092e-322 2.42092e-322 2.42092e-322 2.42092e-322 
0 0 0 0 
226260 226260 226260 226260 226260 
781.877 781.877 781.877 781.877 781.877 
-194.361 -194.361 -194.361 -194.361 -194.361 
-146.88 -146.88 -146.88 -146.88 -146.88 
209048 209048 209048 209048 209048 
1.7546e+07 1.7546e+07 1.7546e+07 1.7546e+07 1.7546e+07 
2.54589e-316 2.54589e-316 2.54589e-316 2.54589e-316 2.54589e-316 
2857.76 2857.76 2857.76 2857.76 2857.76 
2.54589e-316 2.54589e-316 2.54589e-316 2.54589e-316 2.54589e-316 
R=11parameters: 
-0.507193 -0.507193 
0.681478 0.681478 
0.00339314 0.00339314 
2.10285 2.10285 
-1.57831 -1.57831 
5993.13 5993.13 
-1060.75 -1060.75 
-3669.21 -3669.21 
1268.58 1268.58 
-199.868 -199.868 -199.868 
4.74303e-322 4.74303e-322 4.74303e-322 
3.32506e-321 3.32506e-321 3.32506e-321 
2.56431e-316 2.56431e-316 2.56431e-316 
2.67972e-316 2.67972e-316 2.67972e-316 
1.58101e-322 1.58101e-322 1.58101e-322 
6.32404e-322 6.32404e-322 6.32404e-322 
2.5269e-316 2.5269e-316 2.5269e-316 
-1.53567e-05 -1.53567e-05 -1.53567e-05 
5.87412e-05 5.87412e-05 5.87412e-05 5.87412e-05 
1.64462e-06 1.64462e-06 1.64462e-06 1.64462e-06 
-6.54464e-06 -6.54464e-06 -6.54464e-06 -6.54464e-06 
8.72764e-07 8.72764e-07 8.72764e-07 8.72764e-07 
-7.36961e-05 -7.36961e-05 -7.36961e-05 -7.36961e-05 
9.82868e-05 9.82868e-05 9.82868e-05 9.82868e-05 
-1.11361e-05 -1.11361e-05 -1.11361e-05 -1.11361e-05 
0.000290435 0.000290435 0.000290435 0.000290435 
0.000194555 0.000194555 0.000194555 0.000194555 
-0.000244397 -0.000244397 -0.000244397 
2.75396e-05 2.75396e-05 2.75396e-05 
-0.000746681 -0.000746681 -0.000746681 
0.00193009 0.00193009 0.00193009 
1.665e-321 1.665e-321 1.665e-321 
2.556e-316 2.556e-316 2.556e-316 
2.5267e-316 2.5267e-316 2.5267e-316 
1.58101e-322 1.58101e-322 1.58101e-322 
3.95253e-322 3.95253e-322 3.95253e-322 
2.52688e-316 2.52688e-316 2.52688e-316 2.52688e-316 
2.52671e-316 2.52671e-316 2.52671e-316 2.52671e-316 
2.5459e-316 2.5459e-316 2.5459e-316 2.5459e-316 
2.50781e-316 2.50781e-316 2.50781e-316 2.50781e-316 
2.5078e-316 2.5078e-316 2.5078e-316 2.5078e-316 
2.46873e-316 2.46873e-316 2.46873e-316 2.46873e-316 
0.171096 0.171096 0.171096 0.171096 
1.63042e-322 1.63042e-322 1.63042e-322 1.63042e-322 
6.90955e-310 6.90955e-310 6.90955e-310 6.90955e-310 
2.68035e-316 2.68035e-316 2.68035e-316 2.68035e-316 2.68035e-316 
2.68036e-316 2.68036e-316 2.68036e-316 2.68036e-316 2.68036e-316 
2.56148e-316 2.56148e-316 2.56148e-316 2.56148e-316 2.56148e-316 
0.000102735 0.000102735 0.000102735 0.000102735 0.000102735 
1.63042e-322 1.63042e-322 1.63042e-322 1.63042e-322 1.63042e-322 
2.56346e-316 2.56346e-316 2.56346e-316 2.56346e-316 2.56346e-316 
0.0493701 0.0493701 0.0493701 0.0493701 0.0493701 
-0.0711529 -0.0711529 -0.0711529 -0.0711529 -0.0711529 
1.63042e-322 1.63042e-322 1.63042e-322 1.63042e-322 1.63042e-322 
Models:
(* Fitting with shape 1 1 1 1 1 1 1 1 1 1 0 0 *)
G[T_,xx_]:=Exp[0+xx[[1]]*T^1+xx[[2]]*T^2]*(1)
(* Fitting with shape 1 1 1 1 1 1 1 1 1 1 1 0 *)
G[T_,xx_]:=Exp[0+xx[[1]]*T^1+xx[[2]]*T^2]*(1)
(* Fitting with shape 1 1 1 1 1 1 1 1 1 1 1 1 *)
G[T_,xx_]:=Exp[0+xx[[1]]*T^1+xx[[2]]*T^2]*(1)
(* Fitting with shape 0 1 1 1 1 1 1 1 1 1 0 0 *)
G[T_,xx_]:=Exp[0+xx[[1]]*T^1+xx[[2]]*T^2]*(1)
(* Fitting with shape 0 1 1 1 1 1 1 1 1 1 1 0 *)
G[T_,xx_]:=Exp[0+xx[[1]]*T^1+xx[[2]]*T^2]*(1)
(* Fitting with shape 0 1 1 1 1 1 1 1 1 1 1 1 *)
G[T_,xx_]:=Exp[0+xx[[1]]*T^1+xx[[2]]*T^2]*(1)
(* Fitting with shape 0 0 1 1 1 1 1 1 1 1 0 0 *)
G[T_,xx_]:=Exp[0+xx[[1]]*T^1+xx[[2]]*T^2]*(1)
(* Fitting with shape 0 0 1 1 1 1 1 1 1 1 1 0 *)
G[T_,xx_]:=Exp[0+xx[[1]]*T^1+xx[[2]]*T^2]*(1)
(* Fitting with shape 0 0 1 1 1 1 1 1 1 1 1 1 *)
G[T_,xx_]:=Exp[0+xx[[1]]*T^1+xx[[2]]*T^2]*(1)
(* Fitting with shape 1 1 1 1 1 1 1 1 1 1 0 0 *)
G[T_,xx_]:=Exp[0+xx[[1]]*T^1+xx[[2]]*T^2]*(1+xx[[3]]/(T^1))
(* Fitting with shape 1 1 1 1 1 1 1 1 1 1 1 0 *)
G[T_,xx_]:=Exp[0+xx[[1]]*T^1+xx[[2]]*T^2]*(1+xx[[3]]/(T^1))
(* Fitting with shape 1 1 1 1 1 1 1 1 1 1 1 1 *)
G[T_,xx_]:=Exp[0+xx[[1]]*T^1+xx[[2]]*T^2]*(1+xx[[3]]/(T^1))
(* Fitting with shape 0 1 1 1 1 1 1 1 1 1 0 0 *)
G[T_,xx_]:=Exp[0+xx[[1]]*T^1+xx[[2]]*T^2]*(1+xx[[3]]/(T^1))
(* Fitting with shape 0 1 1 1 1 1 1 1 1 1 1 0 *)
G[T_,xx_]:=Exp[0+xx[[1]]*T^1+xx[[2]]*T^2]*(1+xx[[3]]/(T^1))
(* Fitting with shape 0 1 1 1 1 1 1 1 1 1 1 1 *)
G[T_,xx_]:=Exp[0+xx[[1]]*T^1+xx[[2]]*T^2]*(1+xx[[3]]/(T^1))
(* Fitting with shape 0 0 1 1 1 1 1 1 1 1 0 0 *)
G[T_,xx_]:=Exp[0+xx[[1]]*T^1+xx[[2]]*T^2]*(1+xx[[3]]/(T^1))
(* Fitting with shape 0 0 1 1 1 1 1 1 1 1 1 0 *)
G[T_,xx_]:=Exp[0+xx[[1]]*T^1+xx[[2]]*T^2]*(1+xx[[3]]/(T^1))
(* Fitting with shape 0 0 1 1 1 1 1 1 1 1 1 1 *)
G[T_,xx_]:=Exp[0+xx[[1]]*T^1+xx[[2]]*T^2]*(1+xx[[3]]/(T^1))
(* Fitting with shape 1 1 1 1 1 1 1 1 1 1 0 0 *)
G[T_,xx_]:=Exp[0+xx[[1]]*T^1+xx[[2]]*T^2]*(1+xx[[3]]/(T^1)+xx[[4]]/(T^2))
(* Fitting with shape 1 1 1 1 1 1 1 1 1 1 1 0 *)
G[T_,xx_]:=Exp[0+xx[[1]]*T^1+xx[[2]]*T^2]*(1+xx[[3]]/(T^1)+xx[[4]]/(T^2))
(* Fitting with shape 1 1 1 1 1 1 1 1 1 1 1 1 *)
G[T_,xx_]:=Exp[0+xx[[1]]*T^1+xx[[2]]*T^2]*(1+xx[[3]]/(T^1)+xx[[4]]/(T^2))
(* Fitting with shape 0 1 1 1 1 1 1 1 1 1 0 0 *)
G[T_,xx_]:=Exp[0+xx[[1]]*T^1+xx[[2]]*T^2]*(1+xx[[3]]/(T^1)+xx[[4]]/(T^2))
(* Fitting with shape 0 1 1 1 1 1 1 1 1 1 1 0 *)
G[T_,xx_]:=Exp[0+xx[[1]]*T^1+xx[[2]]*T^2]*(1+xx[[3]]/(T^1)+xx[[4]]/(T^2))
(* Fitting with shape 0 1 1 1 1 1 1 1 1 1 1 1 *)
G[T_,xx_]:=Exp[0+xx[[1]]*T^1+xx[[2]]*T^2]*(1+xx[[3]]/(T^1)+xx[[4]]/(T^2))
(* Fitting with shape 0 0 1 1 1 1 1 1 1 1 0 0 *)
G[T_,xx_]:=Exp[0+xx[[1]]*T^1+xx[[2]]*T^2]*(1+xx[[3]]/(T^1)+xx[[4]]/(T^2))
(* Fitting with shape 0 0 1 1 1 1 1 1 1 1 1 0 *)
G[T_,xx_]:=Exp[0+xx[[1]]*T^1+xx[[2]]*T^2]*(1+xx[[3]]/(T^1)+xx[[4]]/(T^2))
(* Fitting with shape 0 0 1 1 1 1 1 1 1 1 1 1 *)
G[T_,xx_]:=Exp[0+xx[[1]]*T^1+xx[[2]]*T^2]*(1+xx[[3]]/(T^1)+xx[[4]]/(T^2))
(* Fitting with shape 1 1 1 1 1 1 1 1 1 1 0 0 *)
G[T_,xx_]:=Exp[0+xx[[1]]*T^1+xx[[2]]*T^2+xx[[3]]*T^3]*(1)
(* Fitting with shape 1 1 1 1 1 1 1 1 1 1 1 0 *)
G[T_,xx_]:=Exp[0+xx[[1]]*T^1+xx[[2]]*T^2+xx[[3]]*T^3]*(1)
(* Fitting with shape 1 1 1 1 1 1 1 1 1 1 1 1 *)
G[T_,xx_]:=Exp[0+xx[[1]]*T^1+xx[[2]]*T^2+xx[[3]]*T^3]*(1)
(* Fitting with shape 0 1 1 1 1 1 1 1 1 1 0 0 *)
G[T_,xx_]:=Exp[0+xx[[1]]*T^1+xx[[2]]*T^2+xx[[3]]*T^3]*(1)
(* Fitting with shape 0 1 1 1 1 1 1 1 1 1 1 0 *)
G[T_,xx_]:=Exp[0+xx[[1]]*T^1+xx[[2]]*T^2+xx[[3]]*T^3]*(1)
(* Fitting with shape 0 1 1 1 1 1 1 1 1 1 1 1 *)
G[T_,xx_]:=Exp[0+xx[[1]]*T^1+xx[[2]]*T^2+xx[[3]]*T^3]*(1)
(* Fitting with shape 0 0 1 1 1 1 1 1 1 1 0 0 *)
G[T_,xx_]:=Exp[0+xx[[1]]*T^1+xx[[2]]*T^2+xx[[3]]*T^3]*(1)
(* Fitting with shape 0 0 1 1 1 1 1 1 1 1 1 0 *)
G[T_,xx_]:=Exp[0+xx[[1]]*T^1+xx[[2]]*T^2+xx[[3]]*T^3]*(1)
(* Fitting with shape 0 0 1 1 1 1 1 1 1 1 1 1 *)
G[T_,xx_]:=Exp[0+xx[[1]]*T^1+xx[[2]]*T^2+xx[[3]]*T^3]*(1)
(* Fitting with shape 1 1 1 1 1 1 1 1 1 1 0 0 *)
G[T_,xx_]:=Exp[0+xx[[1]]*T^1+xx[[2]]*T^2+xx[[3]]*T^3]*(1+xx[[4]]/(T^1))
(* Fitting with shape 1 1 1 1 1 1 1 1 1 1 1 0 *)
G[T_,xx_]:=Exp[0+xx[[1]]*T^1+xx[[2]]*T^2+xx[[3]]*T^3]*(1+xx[[4]]/(T^1))
(* Fitting with shape 1 1 1 1 1 1 1 1 1 1 1 1 *)
G[T_,xx_]:=Exp[0+xx[[1]]*T^1+xx[[2]]*T^2+xx[[3]]*T^3]*(1+xx[[4]]/(T^1))
(* Fitting with shape 0 1 1 1 1 1 1 1 1 1 0 0 *)
G[T_,xx_]:=Exp[0+xx[[1]]*T^1+xx[[2]]*T^2+xx[[3]]*T^3]*(1+xx[[4]]/(T^1))
(* Fitting with shape 0 1 1 1 1 1 1 1 1 1 1 0 *)
G[T_,xx_]:=Exp[0+xx[[1]]*T^1+xx[[2]]*T^2+xx[[3]]*T^3]*(1+xx[[4]]/(T^1))
(* Fitting with shape 0 1 1 1 1 1 1 1 1 1 1 1 *)
G[T_,xx_]:=Exp[0+xx[[1]]*T^1+xx[[2]]*T^2+xx[[3]]*T^3]*(1+xx[[4]]/(T^1))
(* Fitting with shape 0 0 1 1 1 1 1 1 1 1 0 0 *)
G[T_,xx_]:=Exp[0+xx[[1]]*T^1+xx[[2]]*T^2+xx[[3]]*T^3]*(1+xx[[4]]/(T^1))
(* Fitting with shape 0 0 1 1 1 1 1 1 1 1 1 0 *)
G[T_,xx_]:=Exp[0+xx[[1]]*T^1+xx[[2]]*T^2+xx[[3]]*T^3]*(1+xx[[4]]/(T^1))
(* Fitting with shape 0 0 1 1 1 1 1 1 1 1 1 1 *)
G[T_,xx_]:=Exp[0+xx[[1]]*T^1+xx[[2]]*T^2+xx[[3]]*T^3]*(1+xx[[4]]/(T^1))
(* Fitting with shape 1 1 1 1 1 1 1 1 1 1 0 0 *)
G[T_,xx_]:=Exp[0+xx[[1]]*T^1+xx[[2]]*T^2+xx[[3]]*T^3]*(1+xx[[4]]/(T^1)+xx[[5]]/(T^2))
(* Fitting with shape 1 1 1 1 1 1 1 1 1 1 1 0 *)
G[T_,xx_]:=Exp[0+xx[[1]]*T^1+xx[[2]]*T^2+xx[[3]]*T^3]*(1+xx[[4]]/(T^1)+xx[[5]]/(T^2))
(* Fitting with shape 1 1 1 1 1 1 1 1 1 1 1 1 *)
G[T_,xx_]:=Exp[0+xx[[1]]*T^1+xx[[2]]*T^2+xx[[3]]*T^3]*(1+xx[[4]]/(T^1)+xx[[5]]/(T^2))
(* Fitting with shape 0 1 1 1 1 1 1 1 1 1 0 0 *)
G[T_,xx_]:=Exp[0+xx[[1]]*T^1+xx[[2]]*T^2+xx[[3]]*T^3]*(1+xx[[4]]/(T^1)+xx[[5]]/(T^2))
(* Fitting with shape 0 1 1 1 1 1 1 1 1 1 1 0 *)
G[T_,xx_]:=Exp[0+xx[[1]]*T^1+xx[[2]]*T^2+xx[[3]]*T^3]*(1+xx[[4]]/(T^1)+xx[[5]]/(T^2))
(* Fitting with shape 0 1 1 1 1 1 1 1 1 1 1 1 *)
G[T_,xx_]:=Exp[0+xx[[1]]*T^1+xx[[2]]*T^2+xx[[3]]*T^3]*(1+xx[[4]]/(T^1)+xx[[5]]/(T^2))
(* Fitting with shape 0 0 1 1 1 1 1 1 1 1 0 0 *)
G[T_,xx_]:=Exp[0+xx[[1]]*T^1+xx[[2]]*T^2+xx[[3]]*T^3]*(1+xx[[4]]/(T^1)+xx[[5]]/(T^2))
(* Fitting with shape 0 0 1 1 1 1 1 1 1 1 1 0 *)
G[T_,xx_]:=Exp[0+xx[[1]]*T^1+xx[[2]]*T^2+xx[[3]]*T^3]*(1+xx[[4]]/(T^1)+xx[[5]]/(T^2))
(* Fitting with shape 0 0 1 1 1 1 1 1 1 1 1 1 *)
G[T_,xx_]:=Exp[0+xx[[1]]*T^1+xx[[2]]*T^2+xx[[3]]*T^3]*(1+xx[[4]]/(T^1)+xx[[5]]/(T^2))
Probabilities: 
         0          0          0          0          0          0  0.0767511          0          0          0          0          0          0          0          0   0.404685          0          0          0          0          0          0          0          0   0.215256          0          0          0          0          0          0          0          0          0          0          0          0          0          0          0          0          0   0.155554          0          0          0          0          0          0          0          0   0.147754          0          0
         0          0          0          0          0          0          0          0          0          0          0          0          0          0          0   0.638679          0          0          0          0          0          0          0          0   0.361321          0          0          0          0          0          0          0          0          0          0          0          0          0          0          0          0          0          0          0          0          0          0          0          0          0          0          0          0          0
         0          0          0          0          0          0          0          0          0          0          0          0          0          0          0   0.391332          0          0          0          0          0          0          0          0   0.267202          0          0          0          0          0          0          0          0          0          0          0          0          0          0          0          0          0   0.341466          0          0          0          0          0          0          0          0          0          0          0
         0          0          0          0          0          0          0          0          0          0          0          0          0          0          0          1          0          0          0          0          0          0          0          0          0          0          0          0          0          0          0          0          0          0          0          0          0          0          0          0          0          0          0          0          0          0          0          0          0          0          0          0          0          0
         0          0          0          0          0          0          0          0          0          0          0          0          0          0          0          0          0          0          0          0          0          0          0          0          0          0          0          0          0          0          0          0          0          0          0          0          0          0          0          0          0          0   0.618988          0          0          0          0          0          0          0          0   0.381012          0          0
         0          0          0          0          0          0          0          0          0          0          0          0          0          0          0     0.7924          0          0          0          0          0          0          0          0          0          0          0          0          0          0          0          0          0          0          0          0          0          0          0          0          0          0          0          0          0          0          0          0          0          0          0     0.2076          0          0
         0          0          0          0          0          0          0          0          0          0          0          0          0          0          0   0.574303          0          0          0          0          0          0          0          0   0.213314          0          0          0          0          0          0          0          0          0          0          0          0          0          0          0          0          0   0.212383          0          0          0          0          0          0          0          0          0          0          0
         0          0          0          0          0          0          0          0          0          0          0          0          0          0          0   0.387273          0          0          0          0          0          0          0          0   0.271248          0          0          0          0          0          0          0          0          0          0          0          0          0          0          0          0          0   0.201882          0          0          0          0          0          0          0          0   0.139597          0          0
         0          0          0          0          0          0          0          0          0          0          0          0          0          0          0   0.595917          0          0          0          0          0          0          0          0   0.404083          0          0          0          0          0          0          0          0          0          0          0          0          0          0          0          0          0          0          0          0          0          0          0          0          0          0          0          0          0
         0          0          0          0          0          0          0          0          0          0          0          0          0          0          0   0.395567          0          0          0          0          0          0          0          0   0.188586          0          0          0          0          0          0          0          0          0          0          0          0          0          0          0          0          0   0.263475          0          0          0          0          0          0          0          0   0.152372          0          0
         0          0          0          0          0          0          0          0          0          0          0          0          0          0          0   0.626711          0          0          0          0          0          0          0          0          0          0          0          0          0          0          0          0          0          0          0          0          0          0          0          0          0          0   0.268956          0          0          0          0          0          0          0          0   0.104333          0          0
         0          0          0          0          0          0 0.00745371          0          0          0          0          0          0          0          0   0.508953          0          0          0          0          0          0          0          0   0.183915          0          0          0          0          0          0          0          0          0          0          0          0          0          0          0          0          0     0.2003          0          0          0          0          0          0          0          0  0.0993779          0          0

Values: 
  0.298375   0.298375   0.298373   0.297243   0.297243   0.297237   0.296622   0.296623   0.296619   0.296378   0.296378   0.296373    0.29609   0.296092   0.296086    0.29608   0.296081   0.296077   0.296006   0.296008      0.296   0.296007   0.296004   0.296002   0.295621   0.295611   0.295613    1.12622   0.299635    1.12549          1          1          1    1.01057    1.01048    1.25368   0.982399   0.982453   0.982472   0.296199   0.296221 -0.0127051   0.296312   0.744189   0.703829   0.296027   0.808533   0.845608   0.296081   0.296167   0.296081   0.292293   0.292917   0.293001
  0.418072   0.418042   0.418054   0.416128   0.416096   0.416124   0.414456   0.414396   0.414392   0.414131   0.414091   0.414113   0.412761    0.41267   0.412653   0.412024    0.41189   0.411896   0.412271   0.412159   0.412135    0.41136   0.411177   0.411181   0.410508   0.410187   0.410012    1.16433    1.16406    1.16239    1.33515    1.44977    1.21866    1.02357     1.0708    1.02146   0.416791   0.416892   0.416944   0.944984    1.14323   0.969983   0.995718   0.417579    1.43565   0.416005   0.416344   0.416159   0.917894   0.419806   0.116499    1.02177    1.04856   0.429217
  0.476814   0.476683   0.476792   0.474363   0.474247   0.474253   0.472188   0.472077   0.472098   0.471361   0.471241   0.471238   0.469154   0.469031   0.469051   0.467252   0.833961   0.467059   0.468186   0.468049   0.468071   0.465385   0.465097    0.46507   0.464405   0.463893    0.46379   0.483614    1.16388    1.00094   0.480145   0.480151   0.480156    1.06511    1.01306     1.0138   0.476587   0.476642          1    0.47711    1.28911   0.619068   0.473462   0.474565    2.09167   0.906731   0.908263   0.477899   0.977267    1.29463    1.05698   0.898396   0.488286   0.928652
  0.515571   0.515433   0.515408   0.512713   0.512683   0.512643   0.510244   0.510196   0.510142   0.451503   0.508471   0.508449   0.506257   0.506255   0.506173     0.5035   0.503462   0.503364   0.504992   0.505031   0.504927   0.500817   0.500718   0.500629   0.908695   0.498572   0.498788    1.07941    1.14913    1.16071   0.678358    1.89376    1.25972    1.08127   0.519647    1.03523   0.515671   0.515514   0.515662   0.896924     1.1106   0.516229   0.674279    3.11489   0.510174   0.514781   0.897999   0.892618    3.13777   0.901048   0.241592   0.761619   0.477166   -1.01136
  0.546289   0.546277   0.546457   0.543268   0.543255   0.543276   0.540515   0.540512   0.540527   0.538199   0.538201   0.538153   0.533919   0.533981   0.533937   0.852538   0.843435   0.828183   0.531261   0.531392   0.531327   0.522996   0.523605   0.523351   0.543599   0.531003   0.525694   0.563998    1.15929    1.16456    1.37035   0.045724    1.25859    1.01359    1.01528     1.0637   0.904755   0.550889   0.264034    1.19358    1.10258    0.84474    0.53185   0.917641   0.527722   0.549793   0.546699   0.547176   0.320678   0.210729   0.500203   0.482272  -0.723153   0.443658
  0.573452   0.573436   0.573224   0.569776   0.569786   0.569599   0.604055   0.566992   0.600921   0.564175   0.564168   0.563986   0.559667   0.559722   0.559548   0.555215   0.555182   0.555077   0.556828   0.556891   0.556718   0.550051   0.549964   0.549818   0.918833   0.912368    0.90716    1.16561    1.16798    1.16576    1.25611    1.32409    1.28276    2.06469    1.30924    1.31684   0.580876   0.580874    0.88619   0.703213   0.580004   0.579977   0.924721   0.569112    1.04378   0.577872    0.57832   0.578139   0.557298    3.84443   0.770155   0.528287   0.529857   0.526011
  0.599639   0.599637   0.599917    0.59545   0.595498   0.595543   0.592563   0.592561   0.592567   0.589297   0.589299   0.589297   0.584647   0.584725   0.584751   0.578471   0.603933   0.621038   0.581455   0.581629   0.581634   0.572109   0.572403    0.57258   0.577049   0.576953   0.577075   0.626438   0.625929   0.626125    1.25633   0.617355    1.26155    1.01869    1.05967    1.01453   0.980011   0.980309   0.608505   0.609485   0.906666   0.608786   0.580498   0.579659   0.707968   0.606663   0.605896   0.867638   0.824411   0.553147   0.554675    4.45056   0.553515   0.557949
  0.624452   0.624275   0.624406   0.619926   0.619734   0.619759   0.918726   0.615753   0.925509    0.61271   0.612548   0.612542   0.607208   0.607742   0.600905   0.602065   0.731748   0.776528   0.432782   0.430971   0.604811   0.837167          1   0.596165   0.586298   0.632189   0.586959   0.652316    1.04923    1.02896    1.21716   0.641322    0.85918    1.23938   0.984007   0.992686   0.632152   0.976981     0.6309   0.876647   0.633724   0.632781   0.622839   0.632422   0.628395   0.628619   0.539642   0.544601   0.608047    3.44889   0.816982   0.418813    4.85347   0.759658
  0.645463   0.645533   0.645386   0.668583          1          1   0.635114   0.634787    0.63455    0.63215          1          1   0.867251   0.875616   0.898357    0.61662   0.615416   0.614995   0.620279    0.61919   0.618579   0.945832   0.944806   0.948164   0.599496   0.595141   0.592101   0.758214    1.14637   0.675007   0.666236   0.667508    1.25996    1.02681    1.20877   0.985125   0.901121   0.660613   0.661723    1.17839    0.68395   0.663641    1.85935   0.648387   0.654575    0.65709   0.610215   0.556297    1.02321   0.628099   0.749028  -0.645633    0.54568    3.70734
  0.664502   0.664459   0.664123   0.809511   0.728012   0.657843   0.701284   0.839016   0.654335   0.651219   0.651254   0.650968   0.827663    0.77209   0.766102   0.642362    0.64398   0.644181   0.913067   0.891225   0.897247   0.967439   0.964256   0.969286   0.653512   0.658704     0.6586   0.930175   0.945608   0.688138    1.16137    1.26918   0.707258          1   0.997591    1.00172   0.663014   0.655375    1.03269   0.652916   0.833786   0.646672   0.603663   0.593829  -0.125064   0.643302   0.275596    0.81022   0.833076   0.492249   0.768872   0.406371   0.397617   0.408496
  0.674469          1   0.674427    0.94212   0.949155   0.818732   0.664842   0.664659   0.755716    0.66128   0.661233   0.661284   0.789178   0.654346   0.743408   0.646449   0.646293   0.646337   0.880834   0.885058   0.875242    0.96896   0.966215   0.965315    0.70236    0.71087   0.653308   0.700981   0.701117   0.946744   0.690192    1.18709    1.21833    1.14511    1.07879   0.992699   0.834944   0.981101   0.680767   0.929778    1.03592    0.67698   0.625408   0.626468   0.594186   0.670038     0.6704   0.670083    0.56643   0.570177   0.826778    0.56415   0.578622   0.580409
  0.681513   0.681478   0.681546   0.674029   0.822972   0.836756   0.669443   0.669308   0.669264   0.665762   0.665629   0.665566   0.659348    0.65916   0.659078   0.648536   0.648843   0.648778   0.915357   0.915426    0.91008   0.963759   0.944507   0.639866   0.644416    0.90401   0.653255    1.01002   0.706423   0.889611          1   0.695293    1.27509    1.02403    1.01425    1.02001   0.843306   0.920313   0.981832   0.693244   0.688554   0.687878   0.628967   0.773996   0.621056   0.281096   0.684282   0.838627    0.52846   0.868341   0.876281    0.43741   0.733742   0.428544

Errors: 
7.85449e-05 7.85243e-05 7.85252e-05 9.43949e-05 9.43851e-05 9.42127e-05 0.000132204 0.000132108 0.000130888   0.0001182 0.000118212 0.000117604 0.000187978  0.00018785 0.000186115 0.000269388 0.000269382 0.000268935 0.000221511 0.000221408 0.000218304 0.000368669 0.000368967 0.000368878 0.000597123 0.000590981 0.000591398           0 0.000106625           0           0           0           0           0           0           0    0.536691    0.560347  3.2879e-05 0.000470154 0.000457447 1.61296e-05 0.000829573 0.000299241           1 0.000600316    0.356642 1.15886e-05  0.00130585  0.00122209  0.00120386  0.00289314  0.00269805  0.00252427
 0.00018087  0.00017997 0.000179551 0.000210321 0.000210042 0.000209656 0.000289837 0.000288437 0.000288316 0.000268234 0.000267647 0.000266913 0.000415706 0.000405449 0.000411526 0.000592249 0.000585859 0.000587773 0.000497323 0.000485499 0.000484819 0.000850991 0.000839243  0.00082675  0.00174838  0.00172538   0.0017216           0           0           0           0     1.00001           0     1.06301     1.00146           0 0.000604221 0.000587548  0.00058691     1.00003     1.00006           0           1  0.00295794           1  0.00197231  0.00195182  0.00195585  0.00049748  0.00450823  0.00123491 0.000117624 0.000182529  0.00809892
0.000332865 0.000328144 0.000326283 0.000363957 0.000359749 0.000359581 0.000451288 0.000445408 0.000446831 0.000444016 0.000440241 0.000440094 0.000632192 0.000629399 0.000628935 0.000846777           0 0.000855195 0.000745458  0.00074155 0.000744855  0.00126888  0.00125273  0.00123166  0.00246037  0.00270614  0.00269849 0.000525644           0           0 0.000659528 0.000656269 0.000660067     1.02507           0           0 0.000978696 0.000980753           0  0.00236662     1.00605           1  0.00482985  0.00471632           1   0.0010897  0.00120761  0.00312825 0.000935495  0.00108935  0.00107878  0.00518026   0.0139522     1.00283
0.000517014 0.000514564  0.00051198 0.000546178 0.000547449  0.00054636 0.000617282 0.000615805 0.000613906           0 0.000642473 0.000627621 0.000861827 0.000861235 0.000858647  0.00131625  0.00130578  0.00130343  0.00104824  0.00105654  0.00103636  0.00198042  0.00202441   0.0020359           0  0.00414158  0.00417195           0           0           0     1.00007     1.00001     1.00001           0  0.00175258           0  0.00165931  0.00163446  0.00162893     1.04848           1  0.00359067     1.00023     0.59486  0.00730415  0.00489939  0.00216471  0.00960211           1  0.00131837     245.174     1.00003   0.0196949     1.00064
0.000712172           0           0           0           0           0           0 0.000849883           0 0.000873187 0.000870208 0.000875708  0.00124739   0.0012426  0.00124548           0           0           0  0.00156861  0.00154621  0.00154636  0.00282822  0.00280235  0.00280819           0           0  0.00542775  0.00135518           1           0           1           1     1.00297           0           0     1.17917           0  0.00236722           0     1.00021     1.00213     1.00012   0.0100509     1.00469  0.00973863  0.00659547  0.00657718  0.00642349    0.112195   0.0642967   0.0167708   0.0269799  0.00765912   0.0253606
 0.00099486 0.000994289           0  0.00102769  0.00101404           0           0  0.00109841           0  0.00117077  0.00117046  0.00115871  0.00153163   0.0015722  0.00151809   0.0020996  0.00214952  0.00209282  0.00190311  0.00190072  0.00186308  0.00352825  0.00350313  0.00358908           0           0           0           0           0           0           0           0           0      1.1323     1.03901     1.05026  0.00338959  0.00333372           0     1.00071  0.00661008  0.00666239           0   0.0133923     1.00772  0.00924159  0.00907509  0.00904451   0.0203693     1.00004   0.0188005   0.0324433   0.0316222   0.0307638
 0.00131738           0           0           0           0           0  0.00142424   0.0014221  0.00142113  0.00144986  0.00151701  0.00151134  0.00190911  0.00190303  0.00188795   0.0027447           0           0   0.0023916  0.00230866  0.00232289   0.0045756  0.00457034  0.00449626   0.0101968   0.0105503   0.0105517  0.00251058  0.00247863  0.00243477           0  0.00300147           0           0      1.1748           0           0           0  0.00437272  0.00913301           0  0.00900985   0.0198975   0.0196581     1.00045   0.0124625   0.0123746     2.57971   0.0249228   0.0274118   0.0270049     1.00633   0.0361013   0.0350351
          0           0           0           0           0           0           0  0.00198362           0   0.0020572  0.00199125  0.00204446  0.00277215  0.00282778           0  0.00390345           0           0  0.00280722  0.00153468  0.00337244           0           0  0.00625251  0.00330903           0   0.0141257  0.00334608           0           0           0  0.00406565     1.01281     1.06091           0           0  0.00580002           0  0.00577694     1.00013   0.0115679   0.0115002   0.0248978   0.0240855   0.0233883   0.0155703     4.85627     5.02022   0.0330891     1.00027      1.0004   0.0207443     1.01117     1.00004
          0           0           0           0           0           0   0.0025581  0.00255235  0.00255108  0.00265013           0           0           0           0           0  0.00466229   0.0047027  0.00469955  0.00409445  0.00408732  0.00412863           0           0           0   0.0172375   0.0181217   0.0176177    0.074299           0  0.00388258  0.00476609  0.00484641           0           0     1.02965           0           0  0.00682613   0.0066896     1.00006     1.00027   0.0130562           1   0.0293797   0.0289656   0.0181224     4.69786      6.4286   0.0102101   0.0377231  0.00786449   0.0213023   0.0417032     1.00008
 0.00286004  0.00284565  0.00283199           0           0  0.00283175           0           0  0.00296315  0.00310491  0.00310464  0.00313524           0           0           0  0.00564634  0.00550522  0.00549762           0           0           0           0           0           0   0.0154159   0.0142795   0.0150135           0           0  0.00461458           0           0           1           0     1.18127      1.1781  0.00828466      1.0007           0   0.0162851     1.00096   0.0156597   0.0373945   0.0365225  0.00728147    0.021724  0.00690385  0.00690045    0.031077   0.0443962   0.0175956   0.0257913   0.0247598   0.0256709
          0           0  0.00306864           0           0           0  0.00382705  0.00352403           0  0.00352345  0.00347504  0.00349389           0  0.00481149           0  0.00634552  0.00626759  0.00627603           0           0           0           0           0           0           0           0    0.017836  0.00506867  0.00500555           0  0.00643111           0           0           0           0     1.23301           0           0  0.00886975   0.0452651     1.00809   0.0171429   0.0388079   0.0389253     1.04974   0.0232384   0.0230287   0.0226928   0.0487605   0.0474062   0.0366221   0.0534169   0.0533311   0.0510589
          0  0.00356403  0.00356248  0.00361808           0           0  0.00393808  0.00396032  0.00387474  0.00387442  0.00398088  0.00384078  0.00541065  0.00540244  0.00538651  0.00745188   0.0075882  0.00757483           0           0           0           0           0   0.0123463  0.00564873           0   0.0252234           0  0.00516677           0           0  0.00688131           0      1.7863           0           0           0           0           0   0.0220801    0.020848   0.0207936   0.0545515      1.0221   0.0530598  0.00852658   0.0275756   0.0105213    0.051476    0.011172     1.02101   0.0363169   0.0230735   0.0348076

Statuses: 
0 0 0 0 0 0 0 0 0 0 0 0 0 0 0 0 0 0 0 0 0 0 0 0 0 0 0 3 0 3 3 3 3 3 3 3 3 3 3 0 0 3 0 3 3 0 3 3 0 0 0 0 0 0
0 0 0 0 0 0 0 0 0 0 0 0 0 0 0 0 0 0 0 0 0 0 0 0 0 0 0 3 3 3 3 3 3 3 3 3 0 0 0 3 3 3 3 0 3 0 0 0 3 0 0 3 3 0
0 0 0 0 0 0 0 0 0 0 0 0 0 0 0 0 3 0 0 0 0 0 0 0 0 0 0 0 3 3 0 0 0 3 3 3 0 0 3 0 3 3 0 0 3 3 3 0 3 3 3 3 0 3
0 0 0 0 0 0 0 0 0 3 0 0 0 0 0 0 0 0 0 0 0 0 0 0 3 0 0 3 3 3 3 3 3 3 0 3 0 0 0 3 3 0 3 3 0 0 3 3 3 3 3 3 0 3
0 2 2 2 2 2 2 0 2 0 0 0 0 0 0 3 3 3 0 0 0 0 0 0 3 3 0 0 3 3 3 3 3 3 3 3 3 0 3 3 3 3 0 3 0 0 0 0 3 3 0 0 0 0
0 0 2 0 0 2 3 0 3 0 0 0 0 0 0 0 0 0 0 0 0 0 0 0 3 3 3 3 3 3 3 3 3 3 3 3 0 0 3 3 0 0 3 0 3 0 0 0 0 3 3 0 0 0
0 2 2 2 2 2 0 0 0 0 0 0 0 0 0 0 3 3 0 0 0 0 0 0 0 0 0 0 0 0 3 0 3 3 3 3 3 3 0 0 3 0 0 0 3 0 0 3 3 0 0 3 0 0
2 2 2 2 2 2 3 0 3 0 0 0 0 0 3 0 3 3 0 0 0 3 3 0 0 3 0 0 3 3 3 0 3 3 3 3 0 3 0 3 0 0 0 0 0 0 3 3 0 3 3 0 3 3
2 2 2 3 3 3 0 0 0 0 3 3 3 3 3 0 0 0 0 0 0 3 3 3 0 0 0 3 3 0 0 0 3 2 3 3 3 0 0 3 3 0 3 0 0 0 3 3 3 0 3 0 0 3
0 0 0 3 3 0 3 3 0 0 0 0 3 3 3 0 0 0 3 3 3 3 3 3 0 0 0 3 3 0 3 3 3 3 3 3 0 3 3 0 3 0 0 0 0 0 0 3 3 0 3 0 0 0
2 3 0 3 3 3 0 0 3 0 0 0 3 0 3 0 0 0 3 3 3 3 3 3 3 3 0 0 0 3 0 3 3 3 3 3 3 3 0 3 3 0 0 0 3 0 0 0 0 0 3 0 0 0
2 0 0 0 3 3 0 0 0 0 0 0 0 0 0 0 0 0 3 3 3 3 3 0 0 3 0 3 0 3 3 0 3 3 3 3 3 3 3 0 0 0 0 3 0 0 0 3 0 3 3 0 3 0
chisq per dof: 
1.69968 1.62196 1.56683 1.33958 1.29714 1.26512 1.34401 1.29494 1.25812 1.43626 1.38175  1.3395 1.50447 1.43247 1.37847 1.60536 1.50454 1.43253 1.67106 1.57525 1.50341 1.80527 1.67112 1.57532 2.00541 1.80435 1.67039 28381.5 1.56589 23258.8 41068.2 35394.3 31430.4 23246.7 19427.6 12092.6 37926.2 32799.6 28993.3 1.80528  1.6711 26563.9 2.00655 19694.8 15730.3 2.00527 32119.9 31562.7 2.25658 2.00532 1.83787 2.67098 2.25376 2.00302
1.61343 1.55184  1.4978 1.38053 1.33979 1.30521 1.36449 1.31658 1.27851 1.45489 1.40202 1.35956 1.50917 1.43903 1.38564 1.60682 1.50817 1.43749 1.67369 1.57979 1.50882 1.80606 1.67405  1.5796 2.00702 1.80827 1.67549 2255.91 1978.11 1771.11 3017.31 2215.91 2120.71 2581.79 2150.94 1845.15 1.66951 1.57506 1.50504 3632.32 3013.35 2619.96 766.055 1.80458 457.753 2.00317 1.83747 1.71987 4514.19 2.00405 3.21799  4052.4 2104.78 2.00518
1.57168 1.51346  1.4684 1.39796 1.35218 1.31322 1.39063 1.34011 1.29822 1.46581 1.41106 1.36552 1.51595 1.44609 1.39085 1.60349 226.076 1.43403 1.67739 1.58413 1.51161 1.80199 1.67115 1.57554  2.0022 1.80502 1.67112 1.50233 404.783 285.711 1.50391 1.43295 1.37885 586.675 490.275 421.498 1.66855  1.5747 542.393 1.80218 621.681 425.066 2.00134 1.80351 210.787 755.671 633.275  1.7175 912.751 737.953 619.307 966.698  2.2534 589.621
1.57022 1.51336 1.46241 1.38776 1.33945 1.30445 1.37983 1.32715 1.28802 14.5826 1.40043 1.35784 1.51568 1.44393 1.38979 1.60773 1.50842 1.43721 1.67873 1.58376 1.51208 1.80618 1.67366 1.57895 137.096  1.8079 1.67513 128.098 129.669  110.37 37.7899 143.669 129.181 186.683 1.50978 135.113 1.67412 1.57891  1.5076 243.045 98.6647 1.58009 233.652   143.2 1.67575 2.00889 195.796 166.677 217.116 139.909 1.99227 311.516 2.25893 153.356
1.51461 1.45797 1.42205 1.39719 1.34845 1.31186 1.41128 1.35376 1.31192 1.47732 1.41904 1.37372 1.53035 1.45672  1.4011 47.3934 39.4015 33.5336 1.68924 1.59326 1.52037 1.80902 1.67844 1.58221  5.4478 3.53062 1.67897 1.48012 58.7405  49.063 77.5877 44.2054 64.5589 83.1452 69.5777 60.2488  62.356  1.5882 51.9615 81.5811 81.1912 68.0784 2.01163 79.0916 1.67929 2.01628 1.85235 1.73158 71.4293 80.8432 1.84411 2.67977 2.52757 2.01113
1.46123 1.41068 1.37694  1.3733 1.32667 1.29353 6.58196 1.33034 5.07057 1.45989 1.40242 1.35875  1.5131  1.4403 1.38561 1.60299 1.50263 1.43088 1.67462 1.57867 1.50654 1.80151 1.66802 1.57264 30.8291 24.6872  20.612 32.3014  28.055   25.26 47.2942 40.7213 35.7658 31.6708 33.8798 29.1819 1.66907 1.57352 22.7489 19.7664 1.66908 1.57375 45.2326 1.80169 35.0111 2.00272 1.83568 1.71653 2.25173 38.9477 47.9773 2.66857 2.25156  2.0013
1.43046 1.38263 1.34733 1.36114 1.31625 1.28138 1.38171 1.32719 1.28648 1.45779 1.40056 1.35606 1.51638 1.44298 1.38769 1.60509 7.41236 6.47889 1.67856 1.58212 1.50939 1.80543 1.67191   1.576 2.00633 1.80599 1.67175 1.45693 1.40196  1.3575 24.5484 1.43686 22.2896 24.3396 20.6699 17.9833 26.1755 22.6471 1.50638 1.80917 29.2236 1.57871 2.00635 1.80602 19.7725  2.0091 1.84178 22.4967 43.1438 2.00587 1.83835 30.9273 2.25734 2.00602
1.36519 1.32523 1.29396 1.32897  1.2888 1.25689 5.95917 1.30987 4.83336 1.44431 1.39124 1.34791  1.5082 1.44036 3.78499 1.60489 4.25335 4.44149 2.95898 2.73629 1.50904   10.82 11.0586 1.57882 2.00386 2.67105 1.67459 1.44937 7.22571 6.38821 18.8006 1.43561 5.54462 14.9845 12.9025 11.4078 1.67011 14.8084 1.50628 21.6082  1.6743 1.57857 2.00489 1.80916 1.67495 2.00405 10.1144 8.99688  2.2546  13.001 19.5501 2.67025 14.2843 14.7993
1.35083 1.32094 1.28984 1.48928 4.56294 4.23373 1.36559 1.31969 1.28189  1.4518 10.0991 9.13552 5.63874 5.06066  4.7392 1.60761 1.51084 1.43974 1.67723 1.58467 1.51304 8.65142 7.36901 6.48967 2.00738 1.81069 1.67726 3.33727 8.25631 1.34518 1.50675 1.43713 9.55806 11.9059 9.53078 8.82371 8.63317 1.57984 1.50832 6.46297 9.88915 1.58091 7.60675 1.81132 1.67758 2.00766 8.86977 7.33172 17.1088 2.01107 14.5673 2.69911 2.26321 7.50506
1.31502 1.28005 1.25433 2.39236 1.62992 1.24003 1.75395 2.47012 1.26168 1.43804 1.38435 1.34207 3.89228 3.08439 2.75937 1.60736 1.50864 1.43698 9.11456 7.99726 7.23132 6.75565 5.90066 5.23641 2.00829 1.80894 1.67535 4.85232 4.85362 1.35659 7.44326 8.83935  1.4524 10.4074 7.91356 6.92478 1.67493 2.17532 10.5657 1.80919 10.4694 1.58057 2.00712 1.80738 5.95888 2.00871  1.9188 9.54536 18.0196 2.00626 9.67322 2.67405 2.25721 2.00827
1.30665 3.03496 1.24546 3.13326 2.93416 1.94464 1.34945 1.29994 2.21233  1.4382 1.38381 1.34117 3.20221 1.43462 2.43554  1.6028 1.50236  1.4306 8.01779 7.14171 6.39073 6.08939 5.22591 4.76328  2.3087 2.12417 1.66885 1.44023 1.38555 4.00354 1.50566 7.67976 6.32952 7.89539 7.15452 6.49589 4.94257 8.48696 1.50375 12.8094 10.0672 1.57565 2.00296 1.80245 5.38413 2.00565 1.83806 1.71835 2.25278 2.00234 11.2266 2.67037 2.25293 2.00235
1.30185 1.26959 1.24355 1.30624 2.12894 2.11813 1.35082 1.30079 1.26326  1.4402 1.38535  1.3426 1.51022 1.43745 1.38281 1.60637 1.50587 1.43367 8.08718 7.20712 6.48709 5.92656 5.00328 1.57682 2.00802  3.6478 1.67257 5.23121 1.38625 3.10192 11.6807 1.43559 8.58318 7.98371 6.85824 6.07546 6.44459 6.75631 7.92246 1.80888 1.67472 1.57843 2.00773 7.96202 1.67228 2.07328 1.84141 10.7182 2.25696 12.0963 5.85988 2.67557 9.61273 2.00583
Mode averaged potential and errors: 
  0.295499 0.00181913
  0.411476 0.00136339
  0.468612 0.00483195
    0.5035 0.00131625
   0.51296  0.0303243
  0.549625  0.0184741
  0.578598  0.0105772
    0.5764  0.0661653
    0.6097    0.01427
   0.59831  0.0865479
  0.632203  0.0367533
  0.623033  0.0679981
