Loaded Data/L24_b260_xi3_g.dat
model 1 1 exponentials with a pole of degree 0
shape: 1 1 1 1 1 1 1 1 1 1 1 1
model 2 2 exponentials with a pole of degree 0
shape: 1 1 1 1 1 1 1 1 1 1 1 1
model 3 3 exponentials with a pole of degree 0
shape: 1 1 1 1 1 1 1 1 1 1 1 1
model 4 1 exponentials with a pole of degree 1
shape: 1 1 1 1 1 1 1 1 1 1 1 1
model 5 2 exponentials with a pole of degree 1
shape: 1 1 1 1 1 1 1 1 1 1 1 1
model 6 3 exponentials with a pole of degree 1
shape: 1 1 1 1 1 1 1 1 1 1 1 1


Fitting R = 1

fitting 6 models
2 params
Best parameters for model 1: 
1.97376 0.114545 

4 params
Best parameters for model 2: 
1.95466 0.112754 0.0293335 0.552295 

6 params
Best parameters for model 3: 
0.88557 0.105076 1.07326 0.0148913 0.0259211 0.634417 

3 params
Best parameters for model 4: 
1.95909 0.113295 0.0069067 

5 params
Best parameters for model 5: 
1.95909 0.113295 3.8225e-11 2.53136 0.0069067 

7 params
Best parameters for model 6: 
1.94941 0.112526 0.0186963 0.301327 0.0118088 0.457777 0.00121917 

Results: 0.114545  0.12092 0.121609 0.113295 0.113295 0.119899

Errors: 6.60324e-06 6.47253e-05 0.000134228 7.74164e-06 1.00723e-05  0.00170538

Probabilities: 0 0 0 0 0 1

Chisq:    10241  56.2663  20.8527  1131.02  1454.16 0.481256

Fit statuses: 0 0 1 0 0 0

Best Chisquared: 0.481256



Fitting R = 2

fitting 6 models
2 params
Best parameters for model 1: 
1.92695 0.162185 

4 params
Best parameters for model 2: 
1.87858 0.159246 0.069928 0.481909 

6 params
Best parameters for model 3: 
1.86601 0.158715 0.0575458 0.285436 0.0309749 0.688623 

3 params
Best parameters for model 4: 
1.89007 0.160262 0.0180259 

5 params
Best parameters for model 5: 
1.86959 0.15887 0.0579897 0.357418 0.00582473 

7 params
Best parameters for model 6: 
1.89007 0.160262 4.32509e-12 4.38627 4.8965e-11 3.77711 0.0180259 

Results: 0.162185 0.176541 0.182556 0.160262 0.169622 0.160262

Errors: 1.72196e-05 0.000176641  0.00226342  1.9029e-05  0.00027093   0.0610837

Probabilities: 0 0 1 0 0 0

Chisq: 5908.64 43.1854 1.53087 826.282 4.34635 1487.31

Fit statuses: 0 0 0 0 0 1

Best Chisquared: 1.53087



Fitting R = 3

fitting 6 models
2 params
Best parameters for model 1: 
1.86941 0.187809 

4 params
Best parameters for model 2: 
1.77961 0.183672 0.122487 0.436556 

6 params
Best parameters for model 3: 
1.75915 0.18281 0.106071 0.275454 0.0474571 0.702293 

3 params
Best parameters for model 4: 
1.80299 0.185237 0.0334474 

5 params
Best parameters for model 5: 
1.80299 0.185237 2.20262e-11 4.97948 0.0334474 

7 params
Best parameters for model 6: 
1.7647 0.183054 0.104848 0.329231 3.64437e-10 4.97653 0.00971497 

Results: 0.187809 0.211784 0.222345 0.185237 0.185237 0.201518

Errors: 3.11349e-05 0.000322883  0.00437789 3.33386e-05   0.0225206     12.5071

Probabilities: 0 0 1 0 0 0

Chisq: 4657.92 31.6822 1.48561 760.914 978.318 4.10609

Fit statuses: 0 0 0 0 1 1

Best Chisquared: 1.48561



Fitting R = 4

fitting 6 models
2 params
Best parameters for model 1: 
1.81045 0.206848 

4 params
Best parameters for model 2: 
1.66953 0.20088 0.181258 0.403553 

6 params
Best parameters for model 3: 
1.62958 0.199228 0.161717 0.234413 0.0730751 0.63917 

3 params
Best parameters for model 4: 
1.71189 0.203357 0.0508592 

5 params
Best parameters for model 5: 
1.71189 0.203357 5.20725e-12 4.76013 0.0508592 

7 params
Best parameters for model 6: 
1.64605 0.199883 0.16026 0.303137 1.15501e-08 3.82921 0.0140732 

Results: 0.206848 0.240402 0.253802 0.203357 0.203357 0.226778

Errors: 4.97722e-05 0.000504889  0.00762282 5.29663e-05   0.0116022     8.95971

Probabilities: 0 0 1 0 0 0

Chisq: 3690.68 26.1756 2.05216 707.529 909.681 4.89785

Fit statuses: 0 0 0 0 1 1

Best Chisquared: 2.05216



Fitting R = 5

fitting 6 models
2 params
Best parameters for model 1: 
1.75003 0.223328 

4 params
Best parameters for model 2: 
1.5587 0.215348 0.239953 0.380119 

6 params
Best parameters for model 3: 
1.49842 0.212786 0.227638 0.219345 0.0906433 0.657597 

3 params
Best parameters for model 4: 
1.62257 0.21888 0.0689215 

5 params
Best parameters for model 5: 
1.52439 0.213844 0.218637 0.281528 0.0186009 

7 params
Best parameters for model 6: 
0.997799 0.201821 0.612993 0.05209 0.154976 0.382681 0.0120203 

Results: 0.223328 0.266059 0.284025  0.21888 0.249157 0.258063

Errors: 7.42989e-05 0.000734147   0.0112269 7.80699e-05  0.00124728  0.00259292

Probabilities:         0         0  0.399615         0 0.0121166  0.588269

Chisq: 2990.45 21.7957 1.53996 622.794 2.60451 1.29328

Fit statuses: 0 0 0 0 0 1

Best Chisquared: 1.29328



Fitting R = 6

fitting 6 models
2 params
Best parameters for model 1: 
1.69562 0.239512 

4 params
Best parameters for model 2: 
1.46216 0.229154 0.287903 0.371193 

6 params
Best parameters for model 3: 
1.36241 0.224835 0.287541 0.188756 0.119028 0.606244 

3 params
Best parameters for model 4: 
1.54574 0.233879 0.0844361 

5 params
Best parameters for model 5: 
1.41771 0.227093 0.267646 0.272108 0.0224702 

7 params
Best parameters for model 6: 
1.41872 0.227143 0.267634 0.273117 0.00385333 0.748125 0.0211511 

Results: 0.239512 0.290219 0.309009 0.233879 0.270306 0.272718

Errors: 0.000107819  0.00102499   0.0167036  0.00011194  0.00179136 0.000187138

Probabilities:         0         0  0.971312         0 0.0286881         0

Chisq: 2312.89 17.6488 1.91005 493.617 2.92923 4.01607

Fit statuses: 0 0 0 0 0 4

Best Chisquared: 1.91005



Fitting R = 7

fitting 6 models
2 params
Best parameters for model 1: 
1.64701 0.255579 

4 params
Best parameters for model 2: 
1.37929 0.242432 0.326704 0.36244 

6 params
Best parameters for model 3: 
1.23076 0.235798 0.356291 0.167856 0.139482 0.601059 

3 params
Best parameters for model 4: 
1.4827 0.248545 0.0965741 

5 params
Best parameters for model 5: 
1.32184 0.239628 0.311288 0.259819 0.0261836 

7 params
Best parameters for model 6: 
1.4827 0.248545 8.40807e-13 4.17666 1.94066e-10 1.51959 0.0965745 

Results: 0.255579 0.311841 0.332556 0.248545 0.289152 0.248545

Errors: 0.000152965  0.00135409   0.0230059 0.000155785  0.00245918   0.0909123

Probabilities:        0        0 0.948653        0 0.051347        0

Chisq: 1779.49 14.6521  1.8446 389.377 2.70007  700.88

Fit statuses: 0 0 0 0 0 1

Best Chisquared: 1.8446



Fitting R = 8

fitting 6 models
2 params
Best parameters for model 1: 
1.60353 0.271759 

4 params
Best parameters for model 2: 
1.32242 0.255867 0.346677 0.363217 

6 params
Best parameters for model 3: 
1.04821 0.243796 0.468897 0.128429 0.171792 0.579203 

3 params
Best parameters for model 4: 
1.43398 0.263008 0.104464 

5 params
Best parameters for model 5: 
1.25335 0.252326 0.335573 0.252799 0.0294591 

7 params
Best parameters for model 6: 
1.25335 0.252326 0.335573 0.252799 2.92577e-14 3.78486 0.0294591 

Results: 0.271759 0.331308 0.351432 0.263008 0.305716 0.305716

Errors: 0.000213934  0.00173736   0.0418007 0.000211317  0.00323047    0.220781

Probabilities:         0         0  0.956886         0 0.0431141         0

Chisq:  1349.4    12.5 1.89534 286.399 2.79596 3.91435

Fit statuses: 0 0 0 0 0 0

Best Chisquared: 1.89534



Fitting R = 9

fitting 6 models
2 params
Best parameters for model 1: 
1.56859 0.28756 

4 params
Best parameters for model 2: 
1.2897 0.268783 0.350316 0.369649 

6 params
Best parameters for model 3: 
0.701576 0.242967 0.754958 0.0925798 0.202009 0.577831 

3 params
Best parameters for model 4: 
1.40167 0.276778 0.106952 

5 params
Best parameters for model 5: 
1.40167 0.276778 6.27547e-13 1.91012 0.106952 

7 params
Best parameters for model 6: 
0.00146867 0.00100003 1.32768 0.272533 0.263681 0.374384 0.0188961 

Results:  0.28756 0.347743 0.366764 0.276778 0.276778 0.335259

Errors: 0.000287939   0.0021588  0.00578497 0.000277006 0.000503345     4.96047

Probabilities: 0 0 1 0 0 0

Chisq:  997.35 10.6914 1.74671 201.545 259.129 1.39098

Fit statuses: 0 0 1 0 0 1

Best Chisquared: 1.74671



Fitting R = 10

fitting 6 models
2 params
Best parameters for model 1: 
1.5438 0.300959 

4 params
Best parameters for model 2: 
1.28253 0.280399 0.33756 0.388592 

6 params
Best parameters for model 3: 
0.189658 0.214643 1.21611 0.0936534 0.230004 0.569319 

3 params
Best parameters for model 4: 
1.38309 0.288364 0.105679 

5 params
Best parameters for model 5: 
1.20696 0.276231 0.324852 0.258422 0.0327601 

7 params
Best parameters for model 6: 
0.00130315 0.00100003 1.32022 0.284161 0.254562 0.400509 0.0177883 

Results: 0.300959 0.361366 0.377489 0.288364 0.331035 0.349614

Errors: 0.000359857  0.00256578   0.0706606 0.000341391  0.00484249    0.360555

Probabilities:         0         0  0.311693         0 0.0149923  0.673314

Chisq: 745.956 8.53526 2.05419 137.824 2.91344 1.75695

Fit statuses: 0 0 0 0 0 0

Best Chisquared: 1.75695



Fitting R = 11

fitting 6 models
2 params
Best parameters for model 1: 
1.52935 0.310089 

4 params
Best parameters for model 2: 
1.28572 0.288563 0.323003 0.407669 

6 params
Best parameters for model 3: 
0.31102 0.239022 1.09037 0.0832862 0.222531 0.584797 

3 params
Best parameters for model 4: 
1.37435 0.296213 0.103464 

5 params
Best parameters for model 5: 
1.21672 0.284653 0.30347 0.271785 0.0325684 

7 params
Best parameters for model 6: 
0.00104866 0.001 1.3132 0.29138 0.247306 0.406892 0.018543 

Results: 0.310089 0.370416 0.386494 0.296213 0.338909 0.356625

Errors: 0.000412709  0.00284682  0.00687527 0.000390892  0.00534683    0.173552

Probabilities:         0         0  0.348237         0 0.0629595  0.588803

Chisq: 604.782 6.63301 1.86756 104.483 2.37517 1.63099

Fit statuses: 0 0 1 0 0 0

Best Chisquared: 1.63099



Fitting R = 12

fitting 6 models
2 params
Best parameters for model 1: 
1.52461 0.313417 

4 params
Best parameters for model 2: 
1.28829 0.29154 0.316688 0.416375 

6 params
Best parameters for model 3: 
0.21176 0.230965 1.17983 0.0873345 0.227533 0.581587 

3 params
Best parameters for model 4: 
1.37251 0.299164 0.101871 

5 params
Best parameters for model 5: 
1.22539 0.287921 0.293277 0.282556 0.0315838 

7 params
Best parameters for model 6: 
0.000975433 0.00100001 1.31309 0.294063 0.244892 0.414316 0.0180223 

Results: 0.313417 0.373698 0.388607 0.299164 0.342487 0.359962

Errors: 0.000430417  0.00297648    0.079765  0.00041066  0.00554015    0.299482

Probabilities:         0         0  0.355158         0 0.0985331  0.546309

Chisq: 551.127 5.74231 1.78002 91.4214 2.17778 1.56378

Fit statuses: 0 0 0 0 0 0

Best Chisquared: 1.56378

Fits/L24_b260_xi3_g.vr
models for fitting the R-dependence: 
model 1 Fitting Polynomial of degree1 with shape 1 1 1 1 1 1 1 1 1 0 0 0

model 2 Fitting Polynomial of degree1 with shape 1 1 1 1 1 1 1 1 1 1 0 0

model 3 Fitting Polynomial of degree1 with shape 1 1 1 1 1 1 1 1 1 1 1 0

model 4 Fitting Polynomial of degree1 with shape 1 1 1 1 1 1 1 1 1 1 1 1

model 5 Fitting Polynomial of degree1 with shape 0 1 1 1 1 1 1 1 1 0 0 0

model 6 Fitting Polynomial of degree1 with shape 0 1 1 1 1 1 1 1 1 1 0 0

model 7 Fitting Polynomial of degree1 with shape 0 1 1 1 1 1 1 1 1 1 1 0

model 8 Fitting Polynomial of degree1 with shape 0 1 1 1 1 1 1 1 1 1 1 1

model 9 Fitting Polynomial of degree1 with shape 0 0 1 1 1 1 1 1 1 0 0 0

model 10 Fitting Polynomial of degree1 with shape 0 0 1 1 1 1 1 1 1 1 0 0

model 11 Fitting Polynomial of degree1 with shape 0 0 1 1 1 1 1 1 1 1 1 0

model 12 Fitting Polynomial of degree1 with shape 0 0 1 1 1 1 1 1 1 1 1 1

fitting 12 models
2 params
Best parameters for model 1: 
0.0989131 0.0331234 

2 params
Best parameters for model 2: 
0.098918 0.0331203 

2 params
Best parameters for model 3: 
0.098956 0.033097 

2 params
Best parameters for model 4: 
0.0989758 0.0330851 

2 params
Best parameters for model 5: 
0.132357 0.0267509 

2 params
Best parameters for model 6: 
0.132363 0.0267485 

2 params
Best parameters for model 7: 
0.132411 0.0267292 

2 params
Best parameters for model 8: 
0.132439 0.0267185 

2 params
Best parameters for model 9: 
0.152125 0.0240085 

2 params
Best parameters for model 10: 
0.152135 0.0240059 

2 params
Best parameters for model 11: 
0.152226 0.0239829 

2 params
Best parameters for model 12: 
0.152281 0.0239695 



Fitting the potential: 
Results: 0.0331234 0.0331203  0.033097 0.0330851 0.0267509 0.0267485 0.0267292 0.0267185 0.0240085 0.0240059 0.0239829 0.0239695

Errors: 0.000692772 0.000692653 0.000691904 0.000691582 0.000853297 0.000853131 0.000852056 0.000851581  0.00117958  0.00117935  0.00117775  0.00117698

Probabilities:         0         0         0         0         0         0         0         0  0.035401 0.0956023  0.242297    0.6267

Chisq:   25.206  22.0626  19.6695  17.7342  2.13557  1.83329  1.62964  1.46404 0.295019  0.24803 0.232606 0.215955

Fit statuses: 0 0 0 0 0 0 0 0 0 0 0 0

