Loaded Data/L24_b260_xi4_g.dat
model 1 1 exponentials with a pole of degree 0
shape: 1 1 1 1 1 1 1 1 1 1 1 1
model 2 2 exponentials with a pole of degree 0
shape: 1 1 1 1 1 1 1 1 1 1 1 1
model 3 3 exponentials with a pole of degree 0
shape: 1 1 1 1 1 1 1 1 1 1 1 1
model 4 1 exponentials with a pole of degree 1
shape: 1 1 1 1 1 1 1 1 1 1 1 1
model 5 2 exponentials with a pole of degree 1
shape: 1 1 1 1 1 1 1 1 1 1 1 1
model 6 3 exponentials with a pole of degree 1
shape: 1 1 1 1 1 1 1 1 1 1 1 1


Fitting R = 1

fitting 6 models
2 params
Best parameters for model 1: 
1.97632 0.086277 

4 params
Best parameters for model 2: 
1.95562 0.0847446 0.0292382 0.448615 

6 params
Best parameters for model 3: 
1.95147 0.0845835 0.0251101 0.298735 0.0103776 0.674611 

3 params
Best parameters for model 4: 
1.96171 0.0853026 0.00680644 

5 params
Best parameters for model 5: 
1.95254 0.084627 0.0254663 0.354035 0.00187669 

7 params
Best parameters for model 6: 
1.95254 0.084627 0.0254664 0.354037 3.13519e-09 4.92828 0.00187666 

Results:  0.086277  0.091353 0.0934424 0.0853026 0.0891851 0.0891852

Errors: 4.76129e-06 4.34647e-05 0.000546832 5.51458e-06 6.52283e-05  0.00973759

Probabilities: 0 0 1 0 0 0

Chisq:  14028.2  85.6607 0.992404  2416.14  7.87314  11.0224

Fit statuses: 0 0 0 0 0 0

Best Chisquared: 0.992404



Fitting R = 2

fitting 6 models
2 params
Best parameters for model 1: 
1.93641 0.122069 

4 params
Best parameters for model 2: 
1.88159 0.119642 0.0693203 0.394226 

6 params
Best parameters for model 3: 
1.87041 0.119241 0.0616808 0.258041 0.0240408 0.656812 

3 params
Best parameters for model 4: 
1.89742 0.120627 0.0175577 

5 params
Best parameters for model 5: 
1.87401 0.119374 0.061376 0.308807 0.00462278 

7 params
Best parameters for model 6: 
1.89742 0.120627 3.61395e-12 4.851 2.05123e-11 3.01599 0.0175577 

Results: 0.122069  0.13365 0.138621 0.120627 0.129167 0.120627

Errors: 1.26798e-05 0.000121086  0.00161592 1.38262e-05 0.000183632   0.0196014

Probabilities: 0 0 1 0 0 0

Chisq: 7849.66 54.1116 1.69534 1622.87 5.77124 2921.16

Fit statuses: 0 0 0 0 0 1

Best Chisquared: 1.69534



Fitting R = 3

fitting 6 models
2 params
Best parameters for model 1: 
1.88839 0.141482 

4 params
Best parameters for model 2: 
1.78717 0.138066 0.119368 0.362614 

6 params
Best parameters for model 3: 
1.76633 0.13732 0.111931 0.24133 0.0371397 0.681576 

3 params
Best parameters for model 4: 
1.81947 0.139596 0.0310512 

5 params
Best parameters for model 5: 
1.81947 0.139596 1.42022e-12 4.86126 0.0310512 

7 params
Best parameters for model 6: 
1.81947 0.139596 6.20082e-15 3.22956 1.96348e-13 4.08111 0.0310512 

Results: 0.141482 0.160769 0.169318 0.139596 0.139596 0.139596

Errors: 2.31295e-05 0.000238148  0.00306749 2.47428e-05 0.000647162  0.00102709

Probabilities: 0 0 1 0 0 0

Chisq:    5562    36.5 1.41365 1298.65 1669.69 2337.57

Fit statuses: 0 0 0 0 1 1

Best Chisquared: 1.41365



Fitting R = 4

fitting 6 models
2 params
Best parameters for model 1: 
1.83639 0.155955 

4 params
Best parameters for model 2: 
1.6854 0.151257 0.172231 0.344529 

6 params
Best parameters for model 3: 
1.65242 0.150027 0.16737 0.229475 0.0499726 0.689323 

3 params
Best parameters for model 4: 
1.73754 0.15353 0.0457634 

5 params
Best parameters for model 5: 
1.73754 0.15353 1.51441e-10 4.9979 0.0457634 

7 params
Best parameters for model 6: 
1.65242 0.150027 0.16737 0.229474 0.0499727 0.68932 9.80026e-09 

Results: 0.155955   0.1832 0.195125  0.15353  0.15353 0.195125

Errors: 3.70185e-05 0.000399657  0.00519411 3.93529e-05   0.0334033  0.00522035

Probabilities:        0        0 0.731059        0        0 0.268941

Chisq: 4207.27 26.1799 1.49862 1036.48 1332.61 1.79834

Fit statuses: 0 0 0 0 1 0

Best Chisquared: 1.49862



Fitting R = 5

fitting 6 models
2 params
Best parameters for model 1: 
1.78371 0.16884 

4 params
Best parameters for model 2: 
1.58566 0.162535 0.222518 0.332231 

6 params
Best parameters for model 3: 
1.54063 0.16077 0.223939 0.224272 0.0596178 0.736986 

3 params
Best parameters for model 4: 
1.65962 0.165763 0.0598355 

5 params
Best parameters for model 5: 
1.55403 0.161305 0.213306 0.254293 0.0138974 

7 params
Best parameters for model 6: 
1.54063 0.160769 0.22394 0.224271 0.0596182 0.736977 1.10662e-09 

Results:  0.16884  0.20342 0.219717 0.165763 0.191997 0.219717

Errors: 5.58688e-05 0.000601605  0.00727671 5.90915e-05  0.00101454  0.00727825

Probabilities:         0         0   0.70522         0 0.0353438  0.259436

Chisq: 3218.13 20.1427 1.37489 824.764 2.31945 1.64987

Fit statuses: 0 0 0 0 0 0

Best Chisquared: 1.37489



Fitting R = 6

fitting 6 models
2 params
Best parameters for model 1: 
1.73244 0.181368 

4 params
Best parameters for model 2: 
1.49688 0.173191 0.264398 0.325566 

6 params
Best parameters for model 3: 
1.43697 0.170712 0.27413 0.216698 0.0693938 0.76137 

3 params
Best parameters for model 4: 
1.59033 0.177535 0.0718853 

5 params
Best parameters for model 5: 
1.45442 0.171441 0.258732 0.244605 0.0169269 

7 params
Best parameters for model 6: 
1.43697 0.170712 0.27413 0.216698 0.0693949 0.761379 1.21617e-11 

Results: 0.181368 0.222064 0.242195 0.177535 0.208383 0.242196

Errors: 8.16877e-05 0.000847723  0.00973207 8.55447e-05  0.00148243   0.0097363

Probabilities:         0         0   0.66478         0 0.0906619  0.244559

Chisq: 2450.27 16.1567 1.37082 632.448 2.02994 1.64499

Fit statuses: 0 0 0 0 0 0

Best Chisquared: 1.37082



Fitting R = 7

fitting 6 models
2 params
Best parameters for model 1: 
1.68684 0.193776 

4 params
Best parameters for model 2: 
1.42543 0.183709 0.293675 0.323975 

6 params
Best parameters for model 3: 
1.35039 0.180457 0.311416 0.209352 0.078899 0.767465 

3 params
Best parameters for model 4: 
1.53286 0.189068 0.0812719 

5 params
Best parameters for model 5: 
1.37328 0.181448 0.291224 0.238474 0.019741 

7 params
Best parameters for model 6: 
1.35039 0.180457 0.311417 0.209352 0.0788997 0.767474 1.19598e-10 

Results: 0.193776 0.239053 0.262186 0.189068 0.223171 0.262187

Errors: 0.000116553  0.00111199   0.0125281 0.000119943  0.00199253   0.0126316

Probabilities:        0        0 0.625239        0 0.144749 0.230012

Chisq: 1882.04   13.37 1.34261 480.234 1.85456 1.61113

Fit statuses: 0 0 0 0 0 0

Best Chisquared: 1.34261



Fitting R = 8

fitting 6 models
2 params
Best parameters for model 1: 
1.64521 0.205828 

4 params
Best parameters for model 2: 
1.37264 0.193914 0.310512 0.325448 

6 params
Best parameters for model 3: 
1.27479 0.189529 0.341229 0.1966 0.0898179 0.747379 

3 params
Best parameters for model 4: 
1.48746 0.200131 0.0872297 

5 params
Best parameters for model 5: 
1.30968 0.191059 0.312882 0.232337 0.0223788 

7 params
Best parameters for model 6: 
1.27479 0.189529 0.341228 0.196601 0.0898184 0.747392 1.40361e-09 

Results: 0.205828 0.253954 0.278559 0.200131 0.235861 0.278561

Errors: 0.000160024  0.00139465   0.0161381 0.000161066  0.00261395   0.0161111

Probabilities:        0        0 0.614022        0 0.160093 0.225886

Chisq: 1447.19 11.4472 1.38433  361.98 1.85636 1.66119

Fit statuses: 0 0 0 0 0 0

Best Chisquared: 1.38433



Fitting R = 9

fitting 6 models
2 params
Best parameters for model 1: 
1.61011 0.217414 

4 params
Best parameters for model 2: 
1.34252 0.20366 0.312296 0.333969 

6 params
Best parameters for model 3: 
1.2486 0.199266 0.340163 0.20451 0.0907682 0.790367 

3 params
Best parameters for model 4: 
1.45535 0.210451 0.0894097 

5 params
Best parameters for model 5: 
1.45535 0.210451 2.8219e-11 4.9299 0.0894099 

7 params
Best parameters for model 6: 
1.24861 0.199266 0.34016 0.204511 0.0907674 0.790329 5.5343e-09 

Results: 0.217414 0.266687 0.294453 0.210451 0.210451  0.29445

Errors: 0.000212111  0.00166758   0.0184793 0.000208706     1.21206   0.0184676

Probabilities:        0        0 0.731059        0        0 0.268941

Chisq: 1098.43 9.10379 1.29453 262.921 338.042 1.55344

Fit statuses: 0 0 0 0 1 0

Best Chisquared: 1.29453



Fitting R = 10

fitting 6 models
2 params
Best parameters for model 1: 
1.58399 0.226955 

4 params
Best parameters for model 2: 
1.32859 0.211892 0.305889 0.345604 

6 params
Best parameters for model 3: 
1.23406 0.207354 0.331047 0.206359 0.0942508 0.786876 

3 params
Best parameters for model 4: 
1.43447 0.218879 0.0894225 

5 params
Best parameters for model 5: 
1.26433 0.208786 0.304067 0.240913 0.0247714 

7 params
Best parameters for model 6: 
1.43447 0.218879 4.4943e-14 2.79517 2.60522e-10 4.60227 0.0894225 

Results: 0.226955 0.276571 0.304939 0.218879 0.255492 0.218879

Errors:  0.00026177  0.00190656   0.0213823 0.000253169  0.00360681    0.399345

Probabilities:        0        0 0.592471        0 0.407529        0

Chisq: 866.784 7.61422  1.3386 196.723    1.54 354.102

Fit statuses: 0 0 0 0 0 1

Best Chisquared: 1.3386



Fitting R = 11

fitting 6 models
2 params
Best parameters for model 1: 
1.56776 0.233386 

4 params
Best parameters for model 2: 
1.32489 0.217507 0.297719 0.357392 

6 params
Best parameters for model 3: 
1.2342 0.213077 0.316935 0.210598 0.0958573 0.779411 

3 params
Best parameters for model 4: 
1.42255 0.224496 0.0889744 

5 params
Best parameters for model 5: 
1.26401 0.21451 0.291554 0.248545 0.0250717 

7 params
Best parameters for model 6: 
1.42255 0.224496 5.02748e-11 4.56524 1.04555e-08 4.12869 0.0889745 

Results: 0.233386 0.283082 0.311223 0.224496 0.261094 0.224496

Errors: 0.000299777   0.0020873   0.0242422 0.000286265  0.00392923     3.58784

Probabilities:       0       0 0.54694       0 0.45306       0

Chisq: 741.569 6.65053 1.47604 157.326  1.6047 283.186

Fit statuses: 0 0 0 0 0 1

Best Chisquared: 1.47604



Fitting R = 12

fitting 6 models
2 params
Best parameters for model 1: 
1.56281 0.235625 

4 params
Best parameters for model 2: 
1.32538 0.219571 0.293396 0.363291 

6 params
Best parameters for model 3: 
1.23451 0.215126 0.310012 0.210166 0.0979025 0.762223 

3 params
Best parameters for model 4: 
1.41966 0.226492 0.0882222 

5 params
Best parameters for model 5: 
1.41966 0.226492 4.71423e-11 4.91217 0.0882231 

7 params
Best parameters for model 6: 
1.41966 0.226492 7.032e-15 3.49635 4.77135e-09 4.868 0.0882223 

Results: 0.235625 0.285416 0.312758 0.226492 0.226492 0.226492

Errors: 0.000311866  0.00215473   0.0260706 0.000297883     2.16103     4.65019

Probabilities: 0 0 1 0 0 0

Chisq: 690.008 6.31694 1.51882 142.706 183.479 256.871

Fit statuses: 0 0 0 0 1 1

Best Chisquared: 1.51882

Fits/L24_b260_xi4_g.vr
models for fitting the R-dependence: 
model 1 Fitting Polynomial of degree1 with shape 1 1 1 1 1 1 1 1 1 0 0 0

model 2 Fitting Polynomial of degree1 with shape 1 1 1 1 1 1 1 1 1 1 0 0

model 3 Fitting Polynomial of degree1 with shape 1 1 1 1 1 1 1 1 1 1 1 0

model 4 Fitting Polynomial of degree1 with shape 1 1 1 1 1 1 1 1 1 1 1 1

model 5 Fitting Polynomial of degree1 with shape 0 1 1 1 1 1 1 1 1 0 0 0

model 6 Fitting Polynomial of degree1 with shape 0 1 1 1 1 1 1 1 1 1 0 0

model 7 Fitting Polynomial of degree1 with shape 0 1 1 1 1 1 1 1 1 1 1 0

model 8 Fitting Polynomial of degree1 with shape 0 1 1 1 1 1 1 1 1 1 1 1

model 9 Fitting Polynomial of degree1 with shape 0 0 1 1 1 1 1 1 1 0 0 0

model 10 Fitting Polynomial of degree1 with shape 0 0 1 1 1 1 1 1 1 1 0 0

model 11 Fitting Polynomial of degree1 with shape 0 0 1 1 1 1 1 1 1 1 1 0

model 12 Fitting Polynomial of degree1 with shape 0 0 1 1 1 1 1 1 1 1 1 1

fitting 12 models
2 params
Best parameters for model 1: 
0.06026 0.0342498 

2 params
Best parameters for model 2: 
0.061036 0.0335845 

2 params
Best parameters for model 3: 
0.0619372 0.0328154 

2 params
Best parameters for model 4: 
0.0632262 0.0317197 

2 params
Best parameters for model 5: 
0.0894191 0.0252573 

2 params
Best parameters for model 6: 
0.0911682 0.0245218 

2 params
Best parameters for model 7: 
0.0932374 0.0236587 

2 params
Best parameters for model 8: 
0.0956975 0.0226396 

2 params
Best parameters for model 9: 
0.104516 0.0219836 

2 params
Best parameters for model 10: 
0.107727 0.0210559 

2 params
Best parameters for model 11: 
0.111446 0.0199937 

2 params
Best parameters for model 12: 
0.114995 0.0189906 



Fitting the potential: 
Results: 0.0342498 0.0335845 0.0328154 0.0317197 0.0252573 0.0245218 0.0236587 0.0226396 0.0219836 0.0210559 0.0199937 0.0189906

Errors: 0.000765191 0.000745998 0.000725961 0.000695329  0.00128545  0.00122211  0.00115884  0.00106873  0.00195278  0.00180296  0.00166077  0.00147314

Probabilities:         0         0         0         0 0.0458726 0.0227076         0         0  0.201469  0.254909   0.22041  0.254632

Chisq:  11.6854  12.1323   13.013  14.4693  1.00001  1.34377  1.79398  2.16948 0.208108 0.428333 0.694404 0.821521

Fit statuses: 0 0 0 0 0 0 0 0 0 0 0 0

