R=0parameters: 
-0.631808 -0.631808 
0.0875845 0.0875845 
1.70939e-10 1.70939e-10 
3.21143e-322 3.21143e-322 
9.88131e-324 9.88131e-324 
1.6859e-10 1.6859e-10 
9.88131e-324 9.88131e-324 
3.53117e-316 3.53117e-316 
25062.9 25062.9 
1.4854e-313 1.4854e-313 1.4854e-313 
1.9098e-313 1.9098e-313 1.9098e-313 
-303108 -303108 -303108 
350034 350034 350034 
-845853 -845853 -845853 
-1.01367e+06 -1.01367e+06 -1.01367e+06 
660990 660990 660990 
60837.6 60837.6 60837.6 
221737 221737 221737 
-1.36813e+07 -1.36813e+07 -1.36813e+07 -1.36813e+07 
0.0845956 0.0845956 0.0845956 0.0845956 
0 0 0 0 
6.72739e+07 6.72739e+07 6.72739e+07 6.72739e+07 
8.66838e-320 8.66838e-320 8.66838e-320 8.66838e-320 
2.42092e-322 2.42092e-322 2.42092e-322 2.42092e-322 
2.63395e-07 2.63395e-07 2.63395e-07 2.63395e-07 
1.51515e+08 1.51515e+08 1.51515e+08 1.51515e+08 
0 0 0 0 
4.94066e-324 4.94066e-324 4.94066e-324 
0 0 0 
3.21143e-322 3.21143e-322 3.21143e-322 
1.97626e-323 1.97626e-323 1.97626e-323 
1.6859e-10 1.6859e-10 1.6859e-10 
1.4854e-313 1.4854e-313 1.4854e-313 
3.54562e-316 3.54562e-316 3.54562e-316 
1.44348e+08 1.44348e+08 1.44348e+08 
1.50782e+161 1.50782e+161 1.50782e+161 
3.38e-317 3.38e-317 3.38e-317 3.38e-317 
5.77563e-321 5.77563e-321 5.77563e-321 5.77563e-321 
1.73223 1.73223 1.73223 1.73223 
1.47935 1.47935 1.47935 1.47935 
1.25655 1.25655 1.25655 1.25655 
1.06568 1.06568 1.06568 1.06568 
0.905737 0.905737 0.905737 0.905737 
0.774363 0.774363 0.774363 0.774363 
0.66884 0.66884 0.66884 0.66884 
1.61675e+184 1.61675e+184 1.61675e+184 1.61675e+184 1.61675e+184 
3.44682e-85 3.44682e-85 3.44682e-85 3.44682e-85 3.44682e-85 
6.89912e-310 6.89912e-310 6.89912e-310 6.89912e-310 6.89912e-310 
1.67792e+243 1.67792e+243 1.67792e+243 1.67792e+243 1.67792e+243 
2.22096e-313 2.22096e-313 2.22096e-313 2.22096e-313 2.22096e-313 
6.91993e-310 6.91993e-310 6.91993e-310 6.91993e-310 6.91993e-310 
4.00193e-322 4.00193e-322 4.00193e-322 4.00193e-322 4.00193e-322 
6.91993e-310 6.91993e-310 6.91993e-310 6.91993e-310 6.91993e-310 
3.48704e-316 3.48704e-316 3.48704e-316 3.48704e-316 3.48704e-316 
R=1parameters: 
-0.667134 -0.667134 
0.239535 0.239535 
0.339357 0.339357 
7.81971 7.81971 
-32.0443 -32.0443 
5.03038e+175 5.03038e+175 
3.5936e+246 3.5936e+246 
2.14726e+243 2.14726e+243 
0.719816 0.719816 
2.42092e-322 2.42092e-322 2.42092e-322 
36164.3 36164.3 36164.3 
0.139173 0.139173 0.139173 
6.16922e-05 6.16922e-05 6.16922e-05 
4.94066e-324 4.94066e-324 4.94066e-324 
0 0 0 
4.00193e-322 4.00193e-322 4.00193e-322 
1.82804e-322 1.82804e-322 1.82804e-322 
3.48517e-316 3.48517e-316 3.48517e-316 
1.28495e+74 1.28495e+74 1.28495e+74 1.28495e+74 
4.56627e+257 4.56627e+257 4.56627e+257 4.56627e+257 
3.3934e+103 3.3934e+103 3.3934e+103 3.3934e+103 
7.69844e+218 7.69844e+218 7.69844e+218 7.69844e+218 
2.44978e-312 2.44978e-312 2.44978e-312 2.44978e-312 
3.47814e-316 3.47814e-316 3.47814e-316 3.47814e-316 
3.95253e-322 3.95253e-322 3.95253e-322 3.95253e-322 
1.63042e-322 1.63042e-322 1.63042e-322 1.63042e-322 
0 0 0 0 
0 0 0 
0 0 0 
4.79244e-322 4.79244e-322 4.79244e-322 
2.42419e-81 2.42419e-81 2.42419e-81 
1.14716e+248 1.14716e+248 1.14716e+248 
1.04089e+242 1.04089e+242 1.04089e+242 
5.34277e-38 5.34277e-38 5.34277e-38 
2.05095e-80 2.05095e-80 2.05095e-80 
4.09697e-80 4.09697e-80 4.09697e-80 
5.14053e+160 5.14053e+160 5.14053e+160 5.14053e+160 
7.27449e+199 7.27449e+199 7.27449e+199 7.27449e+199 
5.59117e-76 5.59117e-76 5.59117e-76 5.59117e-76 
7.27449e+199 7.27449e+199 7.27449e+199 7.27449e+199 
2.13401e-307 2.13401e-307 2.13401e-307 2.13401e-307 
4.00193e-322 4.00193e-322 4.00193e-322 4.00193e-322 
6.91993e-310 6.91993e-310 6.91993e-310 6.91993e-310 
3.48703e-316 3.48703e-316 3.48703e-316 3.48703e-316 
3.48703e-316 3.48703e-316 3.48703e-316 3.48703e-316 
1.61675e+184 1.61675e+184 1.61675e+184 1.61675e+184 1.61675e+184 
3.44682e-85 3.44682e-85 3.44682e-85 3.44682e-85 3.44682e-85 
6.89912e-310 6.89912e-310 6.89912e-310 6.89912e-310 6.89912e-310 
1.67792e+243 1.67792e+243 1.67792e+243 1.67792e+243 1.67792e+243 
2.22096e-313 2.22096e-313 2.22096e-313 2.22096e-313 2.22096e-313 
6.91993e-310 6.91993e-310 6.91993e-310 6.91993e-310 6.91993e-310 
4.00193e-322 4.00193e-322 4.00193e-322 4.00193e-322 4.00193e-322 
6.91993e-310 6.91993e-310 6.91993e-310 6.91993e-310 6.91993e-310 
3.48704e-316 3.48704e-316 3.48704e-316 3.48704e-316 3.48704e-316 
R=2parameters: 
-0.377698 -0.377698 
0.18813 0.18813 
1.9009e-06 1.9009e-06 
0.237482 0.237482 
-0.155279 -0.155279 
5.03038e+175 5.03038e+175 
3.5936e+246 3.5936e+246 
2.14726e+243 2.14726e+243 
0.719816 0.719816 
2.42092e-322 2.42092e-322 2.42092e-322 
-0.297019 -0.297019 -0.297019 
1.78275e+08 1.78275e+08 1.78275e+08 
-0.138584 -0.138584 -0.138584 
1228.7 1228.7 1228.7 
1228.7 1228.7 1228.7 
3.95253e-322 3.95253e-322 3.95253e-322 
1.82804e-322 1.82804e-322 1.82804e-322 
3.48517e-316 3.48517e-316 3.48517e-316 
1.28495e+74 1.28495e+74 1.28495e+74 1.28495e+74 
4.56627e+257 4.56627e+257 4.56627e+257 4.56627e+257 
3.3934e+103 3.3934e+103 3.3934e+103 3.3934e+103 
7.69844e+218 7.69844e+218 7.69844e+218 7.69844e+218 
2.44978e-312 2.44978e-312 2.44978e-312 2.44978e-312 
3.47814e-316 3.47814e-316 3.47814e-316 3.47814e-316 
3.95253e-322 3.95253e-322 3.95253e-322 3.95253e-322 
1.63042e-322 1.63042e-322 1.63042e-322 1.63042e-322 
0 0 0 0 
0 0 0 
0 0 0 
4.79244e-322 4.79244e-322 4.79244e-322 
2.42419e-81 2.42419e-81 2.42419e-81 
1.14716e+248 1.14716e+248 1.14716e+248 
1.04089e+242 1.04089e+242 1.04089e+242 
5.34277e-38 5.34277e-38 5.34277e-38 
2.05095e-80 2.05095e-80 2.05095e-80 
4.09697e-80 4.09697e-80 4.09697e-80 
5.14053e+160 5.14053e+160 5.14053e+160 5.14053e+160 
7.27449e+199 7.27449e+199 7.27449e+199 7.27449e+199 
5.59117e-76 5.59117e-76 5.59117e-76 5.59117e-76 
7.27449e+199 7.27449e+199 7.27449e+199 7.27449e+199 
2.13401e-307 2.13401e-307 2.13401e-307 2.13401e-307 
4.00193e-322 4.00193e-322 4.00193e-322 4.00193e-322 
6.91993e-310 6.91993e-310 6.91993e-310 6.91993e-310 
3.48703e-316 3.48703e-316 3.48703e-316 3.48703e-316 
3.48703e-316 3.48703e-316 3.48703e-316 3.48703e-316 
1.61675e+184 1.61675e+184 1.61675e+184 1.61675e+184 1.61675e+184 
3.44682e-85 3.44682e-85 3.44682e-85 3.44682e-85 3.44682e-85 
6.89912e-310 6.89912e-310 6.89912e-310 6.89912e-310 6.89912e-310 
1.67792e+243 1.67792e+243 1.67792e+243 1.67792e+243 1.67792e+243 
2.22096e-313 2.22096e-313 2.22096e-313 2.22096e-313 2.22096e-313 
6.91993e-310 6.91993e-310 6.91993e-310 6.91993e-310 6.91993e-310 
4.00193e-322 4.00193e-322 4.00193e-322 4.00193e-322 4.00193e-322 
6.91993e-310 6.91993e-310 6.91993e-310 6.91993e-310 6.91993e-310 
3.48704e-316 3.48704e-316 3.48704e-316 3.48704e-316 3.48704e-316 
R=3parameters: 
-0.242668 -0.242668 
0.231908 0.231908 
-1.86271e-05 -1.86271e-05 
0.397943 0.397943 
-0.237774 -0.237774 
5.03038e+175 5.03038e+175 
3.5936e+246 3.5936e+246 
2.14726e+243 2.14726e+243 
0.719816 0.719816 
2.42092e-322 2.42092e-322 2.42092e-322 
1.061e-313 1.061e-313 1.061e-313 
5.15402e-05 5.15402e-05 5.15402e-05 
1 1 1 
0.397943 0.397943 0.397943 
-0.237774 -0.237774 -0.237774 
4.00193e-322 4.00193e-322 4.00193e-322 
1.82804e-322 1.82804e-322 1.82804e-322 
3.48517e-316 3.48517e-316 3.48517e-316 
1.28495e+74 1.28495e+74 1.28495e+74 1.28495e+74 
4.56627e+257 4.56627e+257 4.56627e+257 4.56627e+257 
3.3934e+103 3.3934e+103 3.3934e+103 3.3934e+103 
7.69844e+218 7.69844e+218 7.69844e+218 7.69844e+218 
2.44978e-312 2.44978e-312 2.44978e-312 2.44978e-312 
3.47814e-316 3.47814e-316 3.47814e-316 3.47814e-316 
3.95253e-322 3.95253e-322 3.95253e-322 3.95253e-322 
1.63042e-322 1.63042e-322 1.63042e-322 1.63042e-322 
0 0 0 0 
0 0 0 
0 0 0 
4.79244e-322 4.79244e-322 4.79244e-322 
2.42419e-81 2.42419e-81 2.42419e-81 
1.14716e+248 1.14716e+248 1.14716e+248 
1.04089e+242 1.04089e+242 1.04089e+242 
5.34277e-38 5.34277e-38 5.34277e-38 
2.05095e-80 2.05095e-80 2.05095e-80 
4.09697e-80 4.09697e-80 4.09697e-80 
5.14053e+160 5.14053e+160 5.14053e+160 5.14053e+160 
7.27449e+199 7.27449e+199 7.27449e+199 7.27449e+199 
5.59117e-76 5.59117e-76 5.59117e-76 5.59117e-76 
7.27449e+199 7.27449e+199 7.27449e+199 7.27449e+199 
2.13401e-307 2.13401e-307 2.13401e-307 2.13401e-307 
4.00193e-322 4.00193e-322 4.00193e-322 4.00193e-322 
6.91993e-310 6.91993e-310 6.91993e-310 6.91993e-310 
3.48703e-316 3.48703e-316 3.48703e-316 3.48703e-316 
3.48703e-316 3.48703e-316 3.48703e-316 3.48703e-316 
1.61675e+184 1.61675e+184 1.61675e+184 1.61675e+184 1.61675e+184 
3.44682e-85 3.44682e-85 3.44682e-85 3.44682e-85 3.44682e-85 
6.89912e-310 6.89912e-310 6.89912e-310 6.89912e-310 6.89912e-310 
1.67792e+243 1.67792e+243 1.67792e+243 1.67792e+243 1.67792e+243 
2.22096e-313 2.22096e-313 2.22096e-313 2.22096e-313 2.22096e-313 
6.91993e-310 6.91993e-310 6.91993e-310 6.91993e-310 6.91993e-310 
4.00193e-322 4.00193e-322 4.00193e-322 4.00193e-322 4.00193e-322 
6.91993e-310 6.91993e-310 6.91993e-310 6.91993e-310 6.91993e-310 
3.48704e-316 3.48704e-316 3.48704e-316 3.48704e-316 3.48704e-316 
R=4parameters: 
-0.111584 -0.111584 
0.278475 0.278475 
-5.46387e-05 -5.46387e-05 
0.586212 0.586212 
-0.317381 -0.317381 
5.03038e+175 5.03038e+175 
3.5936e+246 3.5936e+246 
2.14726e+243 2.14726e+243 
0.719816 0.719816 
2.42092e-322 2.42092e-322 2.42092e-322 
0 0 0 
1.78559e+07 1.78559e+07 1.78559e+07 
0.126132 0.126132 0.126132 
0 0 0 
0 0 0 
4.00193e-322 4.00193e-322 4.00193e-322 
1.82804e-322 1.82804e-322 1.82804e-322 
3.48517e-316 3.48517e-316 3.48517e-316 
1.28495e+74 1.28495e+74 1.28495e+74 1.28495e+74 
4.56627e+257 4.56627e+257 4.56627e+257 4.56627e+257 
3.3934e+103 3.3934e+103 3.3934e+103 3.3934e+103 
7.69844e+218 7.69844e+218 7.69844e+218 7.69844e+218 
2.44978e-312 2.44978e-312 2.44978e-312 2.44978e-312 
3.47814e-316 3.47814e-316 3.47814e-316 3.47814e-316 
3.95253e-322 3.95253e-322 3.95253e-322 3.95253e-322 
1.63042e-322 1.63042e-322 1.63042e-322 1.63042e-322 
0 0 0 0 
0 0 0 
0 0 0 
4.79244e-322 4.79244e-322 4.79244e-322 
2.42419e-81 2.42419e-81 2.42419e-81 
1.14716e+248 1.14716e+248 1.14716e+248 
1.04089e+242 1.04089e+242 1.04089e+242 
5.34277e-38 5.34277e-38 5.34277e-38 
2.05095e-80 2.05095e-80 2.05095e-80 
4.09697e-80 4.09697e-80 4.09697e-80 
5.14053e+160 5.14053e+160 5.14053e+160 5.14053e+160 
7.27449e+199 7.27449e+199 7.27449e+199 7.27449e+199 
5.59117e-76 5.59117e-76 5.59117e-76 5.59117e-76 
7.27449e+199 7.27449e+199 7.27449e+199 7.27449e+199 
2.13401e-307 2.13401e-307 2.13401e-307 2.13401e-307 
4.00193e-322 4.00193e-322 4.00193e-322 4.00193e-322 
6.91993e-310 6.91993e-310 6.91993e-310 6.91993e-310 
3.48703e-316 3.48703e-316 3.48703e-316 3.48703e-316 
3.48703e-316 3.48703e-316 3.48703e-316 3.48703e-316 
1.61675e+184 1.61675e+184 1.61675e+184 1.61675e+184 1.61675e+184 
3.44682e-85 3.44682e-85 3.44682e-85 3.44682e-85 3.44682e-85 
6.89912e-310 6.89912e-310 6.89912e-310 6.89912e-310 6.89912e-310 
1.67792e+243 1.67792e+243 1.67792e+243 1.67792e+243 1.67792e+243 
2.22096e-313 2.22096e-313 2.22096e-313 2.22096e-313 2.22096e-313 
6.91993e-310 6.91993e-310 6.91993e-310 6.91993e-310 6.91993e-310 
4.00193e-322 4.00193e-322 4.00193e-322 4.00193e-322 4.00193e-322 
6.91993e-310 6.91993e-310 6.91993e-310 6.91993e-310 6.91993e-310 
3.48704e-316 3.48704e-316 3.48704e-316 3.48704e-316 3.48704e-316 
R=5parameters: 
0.00330588 0.00330588 
0.328888 0.328888 
-5.09271e-05 -5.09271e-05 
0.908632 0.908632 
-0.52068 -0.52068 
5.03038e+175 5.03038e+175 
3.5936e+246 3.5936e+246 
2.14726e+243 2.14726e+243 
0.719816 0.719816 
2.42092e-322 2.42092e-322 2.42092e-322 
0 0 0 
1.12317e+07 1.12317e+07 1.12317e+07 
0 0 0 
0 0 0 
-0.52068 -0.52068 -0.52068 
4.00193e-322 4.00193e-322 4.00193e-322 
1.82804e-322 1.82804e-322 1.82804e-322 
3.48517e-316 3.48517e-316 3.48517e-316 
1.28495e+74 1.28495e+74 1.28495e+74 1.28495e+74 
4.56627e+257 4.56627e+257 4.56627e+257 4.56627e+257 
3.3934e+103 3.3934e+103 3.3934e+103 3.3934e+103 
7.69844e+218 7.69844e+218 7.69844e+218 7.69844e+218 
2.44978e-312 2.44978e-312 2.44978e-312 2.44978e-312 
3.47814e-316 3.47814e-316 3.47814e-316 3.47814e-316 
3.95253e-322 3.95253e-322 3.95253e-322 3.95253e-322 
1.63042e-322 1.63042e-322 1.63042e-322 1.63042e-322 
0 0 0 0 
0 0 0 
0 0 0 
4.79244e-322 4.79244e-322 4.79244e-322 
2.42419e-81 2.42419e-81 2.42419e-81 
1.14716e+248 1.14716e+248 1.14716e+248 
1.04089e+242 1.04089e+242 1.04089e+242 
5.34277e-38 5.34277e-38 5.34277e-38 
2.05095e-80 2.05095e-80 2.05095e-80 
4.09697e-80 4.09697e-80 4.09697e-80 
5.14053e+160 5.14053e+160 5.14053e+160 5.14053e+160 
7.27449e+199 7.27449e+199 7.27449e+199 7.27449e+199 
5.59117e-76 5.59117e-76 5.59117e-76 5.59117e-76 
7.27449e+199 7.27449e+199 7.27449e+199 7.27449e+199 
2.13401e-307 2.13401e-307 2.13401e-307 2.13401e-307 
4.00193e-322 4.00193e-322 4.00193e-322 4.00193e-322 
6.91993e-310 6.91993e-310 6.91993e-310 6.91993e-310 
3.48703e-316 3.48703e-316 3.48703e-316 3.48703e-316 
3.48703e-316 3.48703e-316 3.48703e-316 3.48703e-316 
1.61675e+184 1.61675e+184 1.61675e+184 1.61675e+184 1.61675e+184 
3.44682e-85 3.44682e-85 3.44682e-85 3.44682e-85 3.44682e-85 
6.89912e-310 6.89912e-310 6.89912e-310 6.89912e-310 6.89912e-310 
1.67792e+243 1.67792e+243 1.67792e+243 1.67792e+243 1.67792e+243 
2.22096e-313 2.22096e-313 2.22096e-313 2.22096e-313 2.22096e-313 
6.91993e-310 6.91993e-310 6.91993e-310 6.91993e-310 6.91993e-310 
4.00193e-322 4.00193e-322 4.00193e-322 4.00193e-322 4.00193e-322 
6.91993e-310 6.91993e-310 6.91993e-310 6.91993e-310 6.91993e-310 
3.48704e-316 3.48704e-316 3.48704e-316 3.48704e-316 3.48704e-316 
R=6parameters: 
0.0973612 0.0973612 
0.384457 0.384457 
-0.246862 -0.246862 
106.26 106.26 
-323.162 -323.162 
5.03038e+175 5.03038e+175 
3.5936e+246 3.5936e+246 
2.14726e+243 2.14726e+243 
0.719816 0.719816 
2.42092e-322 2.42092e-322 2.42092e-322 
3.48111e-316 3.48111e-316 3.48111e-316 
3.53115e-316 3.53115e-316 3.53115e-316 
0.00195313 0.00195313 0.00195313 
0 0 0 
0 0 0 
4.00193e-322 4.00193e-322 4.00193e-322 
1.82804e-322 1.82804e-322 1.82804e-322 
3.48517e-316 3.48517e-316 3.48517e-316 
1.28495e+74 1.28495e+74 1.28495e+74 1.28495e+74 
4.56627e+257 4.56627e+257 4.56627e+257 4.56627e+257 
3.3934e+103 3.3934e+103 3.3934e+103 3.3934e+103 
7.69844e+218 7.69844e+218 7.69844e+218 7.69844e+218 
2.44978e-312 2.44978e-312 2.44978e-312 2.44978e-312 
3.47814e-316 3.47814e-316 3.47814e-316 3.47814e-316 
3.95253e-322 3.95253e-322 3.95253e-322 3.95253e-322 
1.63042e-322 1.63042e-322 1.63042e-322 1.63042e-322 
0 0 0 0 
0 0 0 
0 0 0 
4.79244e-322 4.79244e-322 4.79244e-322 
2.42419e-81 2.42419e-81 2.42419e-81 
1.14716e+248 1.14716e+248 1.14716e+248 
1.04089e+242 1.04089e+242 1.04089e+242 
5.34277e-38 5.34277e-38 5.34277e-38 
2.05095e-80 2.05095e-80 2.05095e-80 
4.09697e-80 4.09697e-80 4.09697e-80 
5.14053e+160 5.14053e+160 5.14053e+160 5.14053e+160 
7.27449e+199 7.27449e+199 7.27449e+199 7.27449e+199 
5.59117e-76 5.59117e-76 5.59117e-76 5.59117e-76 
7.27449e+199 7.27449e+199 7.27449e+199 7.27449e+199 
2.13401e-307 2.13401e-307 2.13401e-307 2.13401e-307 
4.00193e-322 4.00193e-322 4.00193e-322 4.00193e-322 
6.91993e-310 6.91993e-310 6.91993e-310 6.91993e-310 
3.48703e-316 3.48703e-316 3.48703e-316 3.48703e-316 
3.48703e-316 3.48703e-316 3.48703e-316 3.48703e-316 
1.61675e+184 1.61675e+184 1.61675e+184 1.61675e+184 1.61675e+184 
3.44682e-85 3.44682e-85 3.44682e-85 3.44682e-85 3.44682e-85 
6.89912e-310 6.89912e-310 6.89912e-310 6.89912e-310 6.89912e-310 
1.67792e+243 1.67792e+243 1.67792e+243 1.67792e+243 1.67792e+243 
2.22096e-313 2.22096e-313 2.22096e-313 2.22096e-313 2.22096e-313 
6.91993e-310 6.91993e-310 6.91993e-310 6.91993e-310 6.91993e-310 
4.00193e-322 4.00193e-322 4.00193e-322 4.00193e-322 4.00193e-322 
6.91993e-310 6.91993e-310 6.91993e-310 6.91993e-310 6.91993e-310 
3.48704e-316 3.48704e-316 3.48704e-316 3.48704e-316 3.48704e-316 
R=7parameters: 
0.175203 0.175203 
0.440097 0.440097 
-0.000549271 -0.000549271 
1.2212 1.2212 
-0.445386 -0.445386 
5.03038e+175 5.03038e+175 
3.5936e+246 3.5936e+246 
2.14726e+243 2.14726e+243 
0.719816 0.719816 
2.42092e-322 2.42092e-322 2.42092e-322 
0.564829 0.564829 0.564829 
26540.6 26540.6 26540.6 
0.218762 0.218762 0.218762 
1.2212 1.2212 1.2212 
532.147 532.147 532.147 
4.00193e-322 4.00193e-322 4.00193e-322 
1.82804e-322 1.82804e-322 1.82804e-322 
3.48517e-316 3.48517e-316 3.48517e-316 
1.28495e+74 1.28495e+74 1.28495e+74 1.28495e+74 
4.56627e+257 4.56627e+257 4.56627e+257 4.56627e+257 
3.3934e+103 3.3934e+103 3.3934e+103 3.3934e+103 
7.69844e+218 7.69844e+218 7.69844e+218 7.69844e+218 
2.44978e-312 2.44978e-312 2.44978e-312 2.44978e-312 
3.47814e-316 3.47814e-316 3.47814e-316 3.47814e-316 
3.95253e-322 3.95253e-322 3.95253e-322 3.95253e-322 
1.63042e-322 1.63042e-322 1.63042e-322 1.63042e-322 
0 0 0 0 
0 0 0 
0 0 0 
4.79244e-322 4.79244e-322 4.79244e-322 
2.42419e-81 2.42419e-81 2.42419e-81 
1.14716e+248 1.14716e+248 1.14716e+248 
1.04089e+242 1.04089e+242 1.04089e+242 
5.34277e-38 5.34277e-38 5.34277e-38 
2.05095e-80 2.05095e-80 2.05095e-80 
4.09697e-80 4.09697e-80 4.09697e-80 
5.14053e+160 5.14053e+160 5.14053e+160 5.14053e+160 
7.27449e+199 7.27449e+199 7.27449e+199 7.27449e+199 
5.59117e-76 5.59117e-76 5.59117e-76 5.59117e-76 
7.27449e+199 7.27449e+199 7.27449e+199 7.27449e+199 
2.13401e-307 2.13401e-307 2.13401e-307 2.13401e-307 
4.00193e-322 4.00193e-322 4.00193e-322 4.00193e-322 
6.91993e-310 6.91993e-310 6.91993e-310 6.91993e-310 
3.48703e-316 3.48703e-316 3.48703e-316 3.48703e-316 
3.48703e-316 3.48703e-316 3.48703e-316 3.48703e-316 
1.61675e+184 1.61675e+184 1.61675e+184 1.61675e+184 1.61675e+184 
3.44682e-85 3.44682e-85 3.44682e-85 3.44682e-85 3.44682e-85 
6.89912e-310 6.89912e-310 6.89912e-310 6.89912e-310 6.89912e-310 
1.67792e+243 1.67792e+243 1.67792e+243 1.67792e+243 1.67792e+243 
2.22096e-313 2.22096e-313 2.22096e-313 2.22096e-313 2.22096e-313 
6.91993e-310 6.91993e-310 6.91993e-310 6.91993e-310 6.91993e-310 
4.00193e-322 4.00193e-322 4.00193e-322 4.00193e-322 4.00193e-322 
6.91993e-310 6.91993e-310 6.91993e-310 6.91993e-310 6.91993e-310 
3.48704e-316 3.48704e-316 3.48704e-316 3.48704e-316 3.48704e-316 
R=8parameters: 
0.222259 0.222259 
0.498458 0.498458 
-0.000195131 -0.000195131 
2.42827 2.42827 
-1.38705 -1.38705 
5.03038e+175 5.03038e+175 
3.5936e+246 3.5936e+246 
2.14726e+243 2.14726e+243 
0.719816 0.719816 
2.42092e-322 2.42092e-322 2.42092e-322 
0 0 0 
0 0 0 
0 0 0 
4.94066e-324 4.94066e-324 4.94066e-324 
0 0 0 
4.00193e-322 4.00193e-322 4.00193e-322 
1.82804e-322 1.82804e-322 1.82804e-322 
3.48517e-316 3.48517e-316 3.48517e-316 
1.28495e+74 1.28495e+74 1.28495e+74 1.28495e+74 
4.56627e+257 4.56627e+257 4.56627e+257 4.56627e+257 
3.3934e+103 3.3934e+103 3.3934e+103 3.3934e+103 
7.69844e+218 7.69844e+218 7.69844e+218 7.69844e+218 
2.44978e-312 2.44978e-312 2.44978e-312 2.44978e-312 
3.47814e-316 3.47814e-316 3.47814e-316 3.47814e-316 
3.95253e-322 3.95253e-322 3.95253e-322 3.95253e-322 
1.63042e-322 1.63042e-322 1.63042e-322 1.63042e-322 
0 0 0 0 
0 0 0 
0 0 0 
4.79244e-322 4.79244e-322 4.79244e-322 
2.42419e-81 2.42419e-81 2.42419e-81 
1.14716e+248 1.14716e+248 1.14716e+248 
1.04089e+242 1.04089e+242 1.04089e+242 
5.34277e-38 5.34277e-38 5.34277e-38 
2.05095e-80 2.05095e-80 2.05095e-80 
4.09697e-80 4.09697e-80 4.09697e-80 
5.14053e+160 5.14053e+160 5.14053e+160 5.14053e+160 
7.27449e+199 7.27449e+199 7.27449e+199 7.27449e+199 
5.59117e-76 5.59117e-76 5.59117e-76 5.59117e-76 
7.27449e+199 7.27449e+199 7.27449e+199 7.27449e+199 
2.13401e-307 2.13401e-307 2.13401e-307 2.13401e-307 
4.00193e-322 4.00193e-322 4.00193e-322 4.00193e-322 
6.91993e-310 6.91993e-310 6.91993e-310 6.91993e-310 
3.48703e-316 3.48703e-316 3.48703e-316 3.48703e-316 
3.48703e-316 3.48703e-316 3.48703e-316 3.48703e-316 
1.61675e+184 1.61675e+184 1.61675e+184 1.61675e+184 1.61675e+184 
3.44682e-85 3.44682e-85 3.44682e-85 3.44682e-85 3.44682e-85 
6.89912e-310 6.89912e-310 6.89912e-310 6.89912e-310 6.89912e-310 
1.67792e+243 1.67792e+243 1.67792e+243 1.67792e+243 1.67792e+243 
2.22096e-313 2.22096e-313 2.22096e-313 2.22096e-313 2.22096e-313 
6.91993e-310 6.91993e-310 6.91993e-310 6.91993e-310 6.91993e-310 
4.00193e-322 4.00193e-322 4.00193e-322 4.00193e-322 4.00193e-322 
6.91993e-310 6.91993e-310 6.91993e-310 6.91993e-310 6.91993e-310 
3.48704e-316 3.48704e-316 3.48704e-316 3.48704e-316 3.48704e-316 
R=9parameters: 
0.245761 0.245761 
0.552648 0.552648 
0.414287 0.414287 
1.95993 1.95993 
-14.1845 -14.1845 
5.03038e+175 5.03038e+175 
3.5936e+246 3.5936e+246 
2.14726e+243 2.14726e+243 
0.719816 0.719816 
2.42092e-322 2.42092e-322 2.42092e-322 
155368 155368 155368 
1.6859e-10 1.6859e-10 1.6859e-10 
14566.3 14566.3 14566.3 
107.915 107.915 107.915 
293.984 293.984 293.984 
4.00193e-322 4.00193e-322 4.00193e-322 
1.82804e-322 1.82804e-322 1.82804e-322 
3.48517e-316 3.48517e-316 3.48517e-316 
1.28495e+74 1.28495e+74 1.28495e+74 1.28495e+74 
4.56627e+257 4.56627e+257 4.56627e+257 4.56627e+257 
3.3934e+103 3.3934e+103 3.3934e+103 3.3934e+103 
7.69844e+218 7.69844e+218 7.69844e+218 7.69844e+218 
2.44978e-312 2.44978e-312 2.44978e-312 2.44978e-312 
3.47814e-316 3.47814e-316 3.47814e-316 3.47814e-316 
3.95253e-322 3.95253e-322 3.95253e-322 3.95253e-322 
1.63042e-322 1.63042e-322 1.63042e-322 1.63042e-322 
0 0 0 0 
0 0 0 
0 0 0 
4.79244e-322 4.79244e-322 4.79244e-322 
2.42419e-81 2.42419e-81 2.42419e-81 
1.14716e+248 1.14716e+248 1.14716e+248 
1.04089e+242 1.04089e+242 1.04089e+242 
5.34277e-38 5.34277e-38 5.34277e-38 
2.05095e-80 2.05095e-80 2.05095e-80 
4.09697e-80 4.09697e-80 4.09697e-80 
5.14053e+160 5.14053e+160 5.14053e+160 5.14053e+160 
7.27449e+199 7.27449e+199 7.27449e+199 7.27449e+199 
5.59117e-76 5.59117e-76 5.59117e-76 5.59117e-76 
7.27449e+199 7.27449e+199 7.27449e+199 7.27449e+199 
2.13401e-307 2.13401e-307 2.13401e-307 2.13401e-307 
4.00193e-322 4.00193e-322 4.00193e-322 4.00193e-322 
6.91993e-310 6.91993e-310 6.91993e-310 6.91993e-310 
3.48703e-316 3.48703e-316 3.48703e-316 3.48703e-316 
3.48703e-316 3.48703e-316 3.48703e-316 3.48703e-316 
1.61675e+184 1.61675e+184 1.61675e+184 1.61675e+184 1.61675e+184 
3.44682e-85 3.44682e-85 3.44682e-85 3.44682e-85 3.44682e-85 
6.89912e-310 6.89912e-310 6.89912e-310 6.89912e-310 6.89912e-310 
1.67792e+243 1.67792e+243 1.67792e+243 1.67792e+243 1.67792e+243 
2.22096e-313 2.22096e-313 2.22096e-313 2.22096e-313 2.22096e-313 
6.91993e-310 6.91993e-310 6.91993e-310 6.91993e-310 6.91993e-310 
4.00193e-322 4.00193e-322 4.00193e-322 4.00193e-322 4.00193e-322 
6.91993e-310 6.91993e-310 6.91993e-310 6.91993e-310 6.91993e-310 
3.48704e-316 3.48704e-316 3.48704e-316 3.48704e-316 3.48704e-316 
R=10parameters: 
0.256099 0.256099 
0.590005 0.590005 
0.000639457 0.000639457 
8.57696 8.57696 
-6.36613 -6.36613 
5.03038e+175 5.03038e+175 
3.5936e+246 3.5936e+246 
2.14726e+243 2.14726e+243 
0.719816 0.719816 
2.42092e-322 2.42092e-322 2.42092e-322 
1 1 1 
0 0 0 
20390.8 20390.8 20390.8 
8.57696 8.57696 8.57696 
133.896 133.896 133.896 
4.00193e-322 4.00193e-322 4.00193e-322 
1.82804e-322 1.82804e-322 1.82804e-322 
3.48517e-316 3.48517e-316 3.48517e-316 
1.28495e+74 1.28495e+74 1.28495e+74 1.28495e+74 
4.56627e+257 4.56627e+257 4.56627e+257 4.56627e+257 
3.3934e+103 3.3934e+103 3.3934e+103 3.3934e+103 
7.69844e+218 7.69844e+218 7.69844e+218 7.69844e+218 
2.44978e-312 2.44978e-312 2.44978e-312 2.44978e-312 
3.47814e-316 3.47814e-316 3.47814e-316 3.47814e-316 
3.95253e-322 3.95253e-322 3.95253e-322 3.95253e-322 
1.63042e-322 1.63042e-322 1.63042e-322 1.63042e-322 
0 0 0 0 
0 0 0 
0 0 0 
4.79244e-322 4.79244e-322 4.79244e-322 
2.42419e-81 2.42419e-81 2.42419e-81 
1.14716e+248 1.14716e+248 1.14716e+248 
1.04089e+242 1.04089e+242 1.04089e+242 
5.34277e-38 5.34277e-38 5.34277e-38 
2.05095e-80 2.05095e-80 2.05095e-80 
4.09697e-80 4.09697e-80 4.09697e-80 
5.14053e+160 5.14053e+160 5.14053e+160 5.14053e+160 
7.27449e+199 7.27449e+199 7.27449e+199 7.27449e+199 
5.59117e-76 5.59117e-76 5.59117e-76 5.59117e-76 
7.27449e+199 7.27449e+199 7.27449e+199 7.27449e+199 
2.13401e-307 2.13401e-307 2.13401e-307 2.13401e-307 
4.00193e-322 4.00193e-322 4.00193e-322 4.00193e-322 
6.91993e-310 6.91993e-310 6.91993e-310 6.91993e-310 
3.48703e-316 3.48703e-316 3.48703e-316 3.48703e-316 
3.48703e-316 3.48703e-316 3.48703e-316 3.48703e-316 
1.61675e+184 1.61675e+184 1.61675e+184 1.61675e+184 1.61675e+184 
3.44682e-85 3.44682e-85 3.44682e-85 3.44682e-85 3.44682e-85 
6.89912e-310 6.89912e-310 6.89912e-310 6.89912e-310 6.89912e-310 
1.67792e+243 1.67792e+243 1.67792e+243 1.67792e+243 1.67792e+243 
2.22096e-313 2.22096e-313 2.22096e-313 2.22096e-313 2.22096e-313 
6.91993e-310 6.91993e-310 6.91993e-310 6.91993e-310 6.91993e-310 
4.00193e-322 4.00193e-322 4.00193e-322 4.00193e-322 4.00193e-322 
6.91993e-310 6.91993e-310 6.91993e-310 6.91993e-310 6.91993e-310 
3.48704e-316 3.48704e-316 3.48704e-316 3.48704e-316 3.48704e-316 
R=11parameters: 
0.257933 0.257933 
0.604522 0.604522 
0.000882675 0.000882675 
22.1648 22.1648 
-17.8884 -17.8884 
5.03038e+175 5.03038e+175 
3.5936e+246 3.5936e+246 
2.14726e+243 2.14726e+243 
0.719816 0.719816 
2.42092e-322 2.42092e-322 2.42092e-322 
-0.302171 -0.302171 -0.302171 
0 0 0 
27850.8 27850.8 27850.8 
22.1648 22.1648 22.1648 
0 0 0 
4.00193e-322 4.00193e-322 4.00193e-322 
1.82804e-322 1.82804e-322 1.82804e-322 
3.48517e-316 3.48517e-316 3.48517e-316 
1.28495e+74 1.28495e+74 1.28495e+74 1.28495e+74 
4.56627e+257 4.56627e+257 4.56627e+257 4.56627e+257 
3.3934e+103 3.3934e+103 3.3934e+103 3.3934e+103 
7.69844e+218 7.69844e+218 7.69844e+218 7.69844e+218 
2.44978e-312 2.44978e-312 2.44978e-312 2.44978e-312 
3.47814e-316 3.47814e-316 3.47814e-316 3.47814e-316 
3.95253e-322 3.95253e-322 3.95253e-322 3.95253e-322 
1.63042e-322 1.63042e-322 1.63042e-322 1.63042e-322 
0 0 0 0 
0 0 0 
0 0 0 
4.79244e-322 4.79244e-322 4.79244e-322 
2.42419e-81 2.42419e-81 2.42419e-81 
1.14716e+248 1.14716e+248 1.14716e+248 
1.04089e+242 1.04089e+242 1.04089e+242 
5.34277e-38 5.34277e-38 5.34277e-38 
2.05095e-80 2.05095e-80 2.05095e-80 
4.09697e-80 4.09697e-80 4.09697e-80 
5.14053e+160 5.14053e+160 5.14053e+160 5.14053e+160 
7.27449e+199 7.27449e+199 7.27449e+199 7.27449e+199 
5.59117e-76 5.59117e-76 5.59117e-76 5.59117e-76 
7.27449e+199 7.27449e+199 7.27449e+199 7.27449e+199 
2.13401e-307 2.13401e-307 2.13401e-307 2.13401e-307 
4.00193e-322 4.00193e-322 4.00193e-322 4.00193e-322 
6.91993e-310 6.91993e-310 6.91993e-310 6.91993e-310 
3.48703e-316 3.48703e-316 3.48703e-316 3.48703e-316 
3.48703e-316 3.48703e-316 3.48703e-316 3.48703e-316 
1.61675e+184 1.61675e+184 1.61675e+184 1.61675e+184 1.61675e+184 
3.44682e-85 3.44682e-85 3.44682e-85 3.44682e-85 3.44682e-85 
6.89912e-310 6.89912e-310 6.89912e-310 6.89912e-310 6.89912e-310 
1.67792e+243 1.67792e+243 1.67792e+243 1.67792e+243 1.67792e+243 
2.22096e-313 2.22096e-313 2.22096e-313 2.22096e-313 2.22096e-313 
6.91993e-310 6.91993e-310 6.91993e-310 6.91993e-310 6.91993e-310 
4.00193e-322 4.00193e-322 4.00193e-322 4.00193e-322 4.00193e-322 
6.91993e-310 6.91993e-310 6.91993e-310 6.91993e-310 6.91993e-310 
3.48704e-316 3.48704e-316 3.48704e-316 3.48704e-316 3.48704e-316 
T Models:
(* Fitting with shape 1 1 1 1 1 1 1 1 1 1 0 0 *)
G[T_,xx_]:=Exp[0+xx[[1]]*T^1+xx[[2]]*T^2]*(1)
(* Fitting with shape 1 1 1 1 1 1 1 1 1 1 1 0 *)
G[T_,xx_]:=Exp[0+xx[[1]]*T^1+xx[[2]]*T^2]*(1)
(* Fitting with shape 1 1 1 1 1 1 1 1 1 1 1 1 *)
G[T_,xx_]:=Exp[0+xx[[1]]*T^1+xx[[2]]*T^2]*(1)
(* Fitting with shape 0 1 1 1 1 1 1 1 1 1 0 0 *)
G[T_,xx_]:=Exp[0+xx[[1]]*T^1+xx[[2]]*T^2]*(1)
(* Fitting with shape 0 1 1 1 1 1 1 1 1 1 1 0 *)
G[T_,xx_]:=Exp[0+xx[[1]]*T^1+xx[[2]]*T^2]*(1)
(* Fitting with shape 0 1 1 1 1 1 1 1 1 1 1 1 *)
G[T_,xx_]:=Exp[0+xx[[1]]*T^1+xx[[2]]*T^2]*(1)
(* Fitting with shape 0 0 1 1 1 1 1 1 1 1 0 0 *)
G[T_,xx_]:=Exp[0+xx[[1]]*T^1+xx[[2]]*T^2]*(1)
(* Fitting with shape 0 0 1 1 1 1 1 1 1 1 1 0 *)
G[T_,xx_]:=Exp[0+xx[[1]]*T^1+xx[[2]]*T^2]*(1)
(* Fitting with shape 0 0 1 1 1 1 1 1 1 1 1 1 *)
G[T_,xx_]:=Exp[0+xx[[1]]*T^1+xx[[2]]*T^2]*(1)
(* Fitting with shape 1 1 1 1 1 1 1 1 1 1 0 0 *)
G[T_,xx_]:=Exp[0+xx[[1]]*T^1+xx[[2]]*T^2]*(1+xx[[3]]/(T^1))
(* Fitting with shape 1 1 1 1 1 1 1 1 1 1 1 0 *)
G[T_,xx_]:=Exp[0+xx[[1]]*T^1+xx[[2]]*T^2]*(1+xx[[3]]/(T^1))
(* Fitting with shape 1 1 1 1 1 1 1 1 1 1 1 1 *)
G[T_,xx_]:=Exp[0+xx[[1]]*T^1+xx[[2]]*T^2]*(1+xx[[3]]/(T^1))
(* Fitting with shape 0 1 1 1 1 1 1 1 1 1 0 0 *)
G[T_,xx_]:=Exp[0+xx[[1]]*T^1+xx[[2]]*T^2]*(1+xx[[3]]/(T^1))
(* Fitting with shape 0 1 1 1 1 1 1 1 1 1 1 0 *)
G[T_,xx_]:=Exp[0+xx[[1]]*T^1+xx[[2]]*T^2]*(1+xx[[3]]/(T^1))
(* Fitting with shape 0 1 1 1 1 1 1 1 1 1 1 1 *)
G[T_,xx_]:=Exp[0+xx[[1]]*T^1+xx[[2]]*T^2]*(1+xx[[3]]/(T^1))
(* Fitting with shape 0 0 1 1 1 1 1 1 1 1 0 0 *)
G[T_,xx_]:=Exp[0+xx[[1]]*T^1+xx[[2]]*T^2]*(1+xx[[3]]/(T^1))
(* Fitting with shape 0 0 1 1 1 1 1 1 1 1 1 0 *)
G[T_,xx_]:=Exp[0+xx[[1]]*T^1+xx[[2]]*T^2]*(1+xx[[3]]/(T^1))
(* Fitting with shape 0 0 1 1 1 1 1 1 1 1 1 1 *)
G[T_,xx_]:=Exp[0+xx[[1]]*T^1+xx[[2]]*T^2]*(1+xx[[3]]/(T^1))
(* Fitting with shape 1 1 1 1 1 1 1 1 1 1 0 0 *)
G[T_,xx_]:=Exp[0+xx[[1]]*T^1+xx[[2]]*T^2]*(1+xx[[3]]/(T^1)+xx[[4]]/(T^2))
(* Fitting with shape 1 1 1 1 1 1 1 1 1 1 1 0 *)
G[T_,xx_]:=Exp[0+xx[[1]]*T^1+xx[[2]]*T^2]*(1+xx[[3]]/(T^1)+xx[[4]]/(T^2))
(* Fitting with shape 1 1 1 1 1 1 1 1 1 1 1 1 *)
G[T_,xx_]:=Exp[0+xx[[1]]*T^1+xx[[2]]*T^2]*(1+xx[[3]]/(T^1)+xx[[4]]/(T^2))
(* Fitting with shape 0 1 1 1 1 1 1 1 1 1 0 0 *)
G[T_,xx_]:=Exp[0+xx[[1]]*T^1+xx[[2]]*T^2]*(1+xx[[3]]/(T^1)+xx[[4]]/(T^2))
(* Fitting with shape 0 1 1 1 1 1 1 1 1 1 1 0 *)
G[T_,xx_]:=Exp[0+xx[[1]]*T^1+xx[[2]]*T^2]*(1+xx[[3]]/(T^1)+xx[[4]]/(T^2))
(* Fitting with shape 0 1 1 1 1 1 1 1 1 1 1 1 *)
G[T_,xx_]:=Exp[0+xx[[1]]*T^1+xx[[2]]*T^2]*(1+xx[[3]]/(T^1)+xx[[4]]/(T^2))
(* Fitting with shape 0 0 1 1 1 1 1 1 1 1 0 0 *)
G[T_,xx_]:=Exp[0+xx[[1]]*T^1+xx[[2]]*T^2]*(1+xx[[3]]/(T^1)+xx[[4]]/(T^2))
(* Fitting with shape 0 0 1 1 1 1 1 1 1 1 1 0 *)
G[T_,xx_]:=Exp[0+xx[[1]]*T^1+xx[[2]]*T^2]*(1+xx[[3]]/(T^1)+xx[[4]]/(T^2))
(* Fitting with shape 0 0 1 1 1 1 1 1 1 1 1 1 *)
G[T_,xx_]:=Exp[0+xx[[1]]*T^1+xx[[2]]*T^2]*(1+xx[[3]]/(T^1)+xx[[4]]/(T^2))
(* Fitting with shape 1 1 1 1 1 1 1 1 1 1 0 0 *)
G[T_,xx_]:=Exp[0+xx[[1]]*T^1+xx[[2]]*T^2+xx[[3]]*T^3]*(1)
(* Fitting with shape 1 1 1 1 1 1 1 1 1 1 1 0 *)
G[T_,xx_]:=Exp[0+xx[[1]]*T^1+xx[[2]]*T^2+xx[[3]]*T^3]*(1)
(* Fitting with shape 1 1 1 1 1 1 1 1 1 1 1 1 *)
G[T_,xx_]:=Exp[0+xx[[1]]*T^1+xx[[2]]*T^2+xx[[3]]*T^3]*(1)
(* Fitting with shape 0 1 1 1 1 1 1 1 1 1 0 0 *)
G[T_,xx_]:=Exp[0+xx[[1]]*T^1+xx[[2]]*T^2+xx[[3]]*T^3]*(1)
(* Fitting with shape 0 1 1 1 1 1 1 1 1 1 1 0 *)
G[T_,xx_]:=Exp[0+xx[[1]]*T^1+xx[[2]]*T^2+xx[[3]]*T^3]*(1)
(* Fitting with shape 0 1 1 1 1 1 1 1 1 1 1 1 *)
G[T_,xx_]:=Exp[0+xx[[1]]*T^1+xx[[2]]*T^2+xx[[3]]*T^3]*(1)
(* Fitting with shape 0 0 1 1 1 1 1 1 1 1 0 0 *)
G[T_,xx_]:=Exp[0+xx[[1]]*T^1+xx[[2]]*T^2+xx[[3]]*T^3]*(1)
(* Fitting with shape 0 0 1 1 1 1 1 1 1 1 1 0 *)
G[T_,xx_]:=Exp[0+xx[[1]]*T^1+xx[[2]]*T^2+xx[[3]]*T^3]*(1)
(* Fitting with shape 0 0 1 1 1 1 1 1 1 1 1 1 *)
G[T_,xx_]:=Exp[0+xx[[1]]*T^1+xx[[2]]*T^2+xx[[3]]*T^3]*(1)
(* Fitting with shape 1 1 1 1 1 1 1 1 1 1 0 0 *)
G[T_,xx_]:=Exp[0+xx[[1]]*T^1+xx[[2]]*T^2+xx[[3]]*T^3]*(1+xx[[4]]/(T^1))
(* Fitting with shape 1 1 1 1 1 1 1 1 1 1 1 0 *)
G[T_,xx_]:=Exp[0+xx[[1]]*T^1+xx[[2]]*T^2+xx[[3]]*T^3]*(1+xx[[4]]/(T^1))
(* Fitting with shape 1 1 1 1 1 1 1 1 1 1 1 1 *)
G[T_,xx_]:=Exp[0+xx[[1]]*T^1+xx[[2]]*T^2+xx[[3]]*T^3]*(1+xx[[4]]/(T^1))
(* Fitting with shape 0 1 1 1 1 1 1 1 1 1 0 0 *)
G[T_,xx_]:=Exp[0+xx[[1]]*T^1+xx[[2]]*T^2+xx[[3]]*T^3]*(1+xx[[4]]/(T^1))
(* Fitting with shape 0 1 1 1 1 1 1 1 1 1 1 0 *)
G[T_,xx_]:=Exp[0+xx[[1]]*T^1+xx[[2]]*T^2+xx[[3]]*T^3]*(1+xx[[4]]/(T^1))
(* Fitting with shape 0 1 1 1 1 1 1 1 1 1 1 1 *)
G[T_,xx_]:=Exp[0+xx[[1]]*T^1+xx[[2]]*T^2+xx[[3]]*T^3]*(1+xx[[4]]/(T^1))
(* Fitting with shape 0 0 1 1 1 1 1 1 1 1 0 0 *)
G[T_,xx_]:=Exp[0+xx[[1]]*T^1+xx[[2]]*T^2+xx[[3]]*T^3]*(1+xx[[4]]/(T^1))
(* Fitting with shape 0 0 1 1 1 1 1 1 1 1 1 0 *)
G[T_,xx_]:=Exp[0+xx[[1]]*T^1+xx[[2]]*T^2+xx[[3]]*T^3]*(1+xx[[4]]/(T^1))
(* Fitting with shape 0 0 1 1 1 1 1 1 1 1 1 1 *)
G[T_,xx_]:=Exp[0+xx[[1]]*T^1+xx[[2]]*T^2+xx[[3]]*T^3]*(1+xx[[4]]/(T^1))
(* Fitting with shape 1 1 1 1 1 1 1 1 1 1 0 0 *)
G[T_,xx_]:=Exp[0+xx[[1]]*T^1+xx[[2]]*T^2+xx[[3]]*T^3]*(1+xx[[4]]/(T^1)+xx[[5]]/(T^2))
(* Fitting with shape 1 1 1 1 1 1 1 1 1 1 1 0 *)
G[T_,xx_]:=Exp[0+xx[[1]]*T^1+xx[[2]]*T^2+xx[[3]]*T^3]*(1+xx[[4]]/(T^1)+xx[[5]]/(T^2))
(* Fitting with shape 1 1 1 1 1 1 1 1 1 1 1 1 *)
G[T_,xx_]:=Exp[0+xx[[1]]*T^1+xx[[2]]*T^2+xx[[3]]*T^3]*(1+xx[[4]]/(T^1)+xx[[5]]/(T^2))
(* Fitting with shape 0 1 1 1 1 1 1 1 1 1 0 0 *)
G[T_,xx_]:=Exp[0+xx[[1]]*T^1+xx[[2]]*T^2+xx[[3]]*T^3]*(1+xx[[4]]/(T^1)+xx[[5]]/(T^2))
(* Fitting with shape 0 1 1 1 1 1 1 1 1 1 1 0 *)
G[T_,xx_]:=Exp[0+xx[[1]]*T^1+xx[[2]]*T^2+xx[[3]]*T^3]*(1+xx[[4]]/(T^1)+xx[[5]]/(T^2))
(* Fitting with shape 0 1 1 1 1 1 1 1 1 1 1 1 *)
G[T_,xx_]:=Exp[0+xx[[1]]*T^1+xx[[2]]*T^2+xx[[3]]*T^3]*(1+xx[[4]]/(T^1)+xx[[5]]/(T^2))
(* Fitting with shape 0 0 1 1 1 1 1 1 1 1 0 0 *)
G[T_,xx_]:=Exp[0+xx[[1]]*T^1+xx[[2]]*T^2+xx[[3]]*T^3]*(1+xx[[4]]/(T^1)+xx[[5]]/(T^2))
(* Fitting with shape 0 0 1 1 1 1 1 1 1 1 1 0 *)
G[T_,xx_]:=Exp[0+xx[[1]]*T^1+xx[[2]]*T^2+xx[[3]]*T^3]*(1+xx[[4]]/(T^1)+xx[[5]]/(T^2))
(* Fitting with shape 0 0 1 1 1 1 1 1 1 1 1 1 *)
G[T_,xx_]:=Exp[0+xx[[1]]*T^1+xx[[2]]*T^2+xx[[3]]*T^3]*(1+xx[[4]]/(T^1)+xx[[5]]/(T^2))
Probabilities: 
        0         0         0         0         0         0         0         0         0         0         0         0         0         0         0         0         0         0         0         0         0         0         0         0         1         0         0         0         0         0         0         0         0         0         0         0         0         0         0         0         0         0         0         0         0         0         0         0         0         0         0         0         0         0
        0         0         0         0         0         0         0         0         0         0         0         0         0         0         0         0         0         0         0         0         0         0         0         0         0         0         0         0         0         0         0         0         0         0         0         0         0         0         0         0         0         0         0         0         0         0         0         0         0         0         0         1         0         0
        0         0         0         0         0         0         0         0         0         0         0         0         0         0         0         0         0         0         0         0         0         0         0         0  0.722363         0         0         0         0         0         0         0         0         0         0         0         0         0         0         0         0         0         0         0         0         0         0         0         0         0         0  0.277637         0         0
        0         0         0         0         0         0         0         0         0         0         0         0         0         0         0         0         0         0         0         0         0         0         0         0  0.612552         0         0         0         0         0         0         0         0         0         0         0         0         0         0         0         0         0  0.387448         0         0         0         0         0         0         0         0         0         0         0
        0         0         0         0         0         0         0         0         0         0         0         0         0         0         0         0         0         0         0         0         0         0         0         0         0         0         0         0         0         0         0         0         0         0         0         0         0         0         0         0         0         0  0.724919         0         0         0         0         0         0         0         0  0.275081         0         0
        0         0         0         0         0         0         0         0         0         0         0         0         0         0         0 0.0856556         0         0         0         0         0         0         0         0  0.914344         0         0         0         0         0         0         0         0         0         0         0         0         0         0         0         0         0         0         0         0         0         0         0         0         0         0         0         0         0
        0         0         0         0         0         0         0         0         0         0         0         0         0         0         0  0.505553         0         0         0         0         0         0         0         0         0         0         0         0         0         0         0         0         0         0         0         0         0         0         0         0         0         0         0         0         0         0         0         0         0         0         0  0.494447         0         0
        0         0         0         0         0         0         0         0         0         0         0         0         0         0         0  0.244342         0         0         0         0         0         0         0         0  0.755658         0         0         0         0         0         0         0         0         0         0         0         0         0         0         0         0         0         0         0         0         0         0         0         0         0         0         0         0         0
        0         0         0         0         0         0         0         0         0         0         0         0         0         0         0  0.208092         0         0         0         0         0         0         0         0  0.571419         0         0         0         0         0         0         0         0         0         0         0         0         0         0         0         0         0         0         0         0         0         0         0         0         0         0  0.220489         0         0
        0         0         0         0         0         0         0         0         0         0         0         0         0         0         0  0.298702         0         0         0         0         0         0         0         0   0.35269         0         0         0         0         0         0         0         0         0         0         0         0         0         0         0         0         0  0.324893         0         0         0         0         0         0         0         0 0.0237147         0         0
        0         0         0         0         0         0         0         0         0         0         0         0         0         0         0  0.306046         0         0         0         0         0         0         0         0   0.36096         0         0         0         0         0         0         0         0         0         0         0         0         0         0         0         0         0  0.332994         0         0         0         0         0         0         0         0         0         0         0
        0         0         0         0         0         0         0         0         0         0         0         0         0         0         0  0.364637         0         0         0         0         0         0         0         0  0.464527         0         0         0         0         0         0         0         0         0         0         0         0         0         0         0         0         0         0         0         0         0         0         0         0         0         0  0.170836         0         0

Values: 
 0.087702 0.0875845    0.0876 0.0873011 0.0871873 0.0871376 0.0868687 0.0867987 0.0867514 0.0857871 0.0857197 0.0856828 0.0850506  0.085021 0.0849996  0.309394  0.354232  0.514413 0.0845453 0.0845357 0.0845258 0.0841856  0.084193 0.0841949 0.0841263 0.0841527 0.0841585   1.16379   1.15487   1.06372   1.17927   1.17966   1.19901   1.08241   1.30451   1.31876   0.93878 0.0879104    0.9631  0.884772 0.0864244   1.23902  0.612839   1.30132   1.11133  0.876351  0.880287  0.880168 0.0844882  0.571701  0.769132   4.44597  0.728129  0.773232
 0.246047  0.239535  0.228321  0.143539  0.143777  0.143617  0.142608  0.166513   0.14257  0.140143  0.140181  0.140032  0.138221  0.138172  0.138059  0.250412  0.137039  0.136965  0.137017  0.136972  0.136914  0.136113  0.415117  0.136098  0.534766  0.136014  0.136018   1.09121  0.154853   1.08946   1.19839  0.152489   1.17025  0.150912   1.08129   1.38056  0.966066  0.205711  0.145233  0.142393  0.887389    1.1927  0.139786   1.18633   1.03435  0.139639  0.139198  0.138956  0.136646  0.136513  0.136439  0.136057  0.714141  0.135967
 0.188535   0.18813  0.187608   0.18803  0.187735   0.18714  0.186255  0.185957  0.185574  0.182137  0.181819  0.181472  0.179019  0.178813  0.178635  0.352023  0.177097  0.290096  0.177043  0.176943  0.176836  0.175537  0.175585  0.175525  0.175458  0.175556  0.492927  0.388789   1.09597   1.09785   1.20939   1.19897   1.19117   1.03233   1.12002   1.00842  0.194968  0.986236   0.98687  0.930392  0.185793   1.02885   1.02441  0.180879  0.356472  0.182256 -0.052888  0.862413    1.0604  0.752531  -1.03263  0.176333    2.9412  0.175964
 0.232551  0.231908  0.231806  0.293568  0.330207   0.22913  0.276223  0.236153  0.235103  0.220132  0.219888  0.219636  0.952319  0.946167  0.240556  0.212834  0.507948   0.21259  0.212546  0.212498  0.212296  0.210215  0.210324  0.210203  0.210347  0.210531  0.210286   1.03609   1.20324   1.06587  0.258948  0.256825   0.25418   1.30201   1.32905   1.31673  0.955643  0.977133  0.964115  0.228921  0.974708   1.01113  0.220023   0.61651  0.518423  0.882991  0.838652   0.21894  -1.12654  0.983094 -0.996343 0.0208805  0.208758  0.211743
 0.279098  0.278475  0.278362  0.272081  0.271587  0.271365  0.266325  0.265949  0.265676  0.257106  0.256894  0.256568  0.250512   0.25038  0.250133  0.706844  0.246523  0.246318  0.246268  0.246242  0.246067  0.242497  0.242679  0.242612  0.873933  0.856194  0.848397  0.322863   1.32476     1.323   1.24862   1.22926   1.24185   1.00498   1.00835   1.04516  0.286975  0.285124  0.944512   1.11222  0.268771  0.266425  0.258501  0.649107  0.254623  0.858158  0.877882  0.874086  0.244678  0.241332  0.814672   0.25515  0.241595  0.244074
 0.328952  0.328888  0.329131  0.315197  0.314661  0.314757  0.306106  0.305672  0.305476  0.293688  0.293303  0.292965  0.285058  0.284867   0.28454  0.279926  0.279814   0.27949  0.279397  0.279327  0.279029  0.274287  0.274411  0.274111    0.2749  0.275129  0.274265   1.11101   1.02746   1.11344   1.15505   1.13826    1.1341   1.36932   1.11041   1.12399   1.07898   0.96945  0.973125  0.314285  0.850366  0.822774         1  0.291634  0.292409  0.858922  0.884399    0.8827   1.06044  0.881735    1.2456   1.10774  0.275463   4.97132
 0.384013  0.384457  0.384594  0.361767  0.361428  0.361483  0.348681  0.348176  0.348131  0.332563  0.331932  0.331771  0.320607  0.320341  0.320116  0.313109  0.312971   0.31268  0.312806  0.312714  0.312458  0.305069  0.305246  0.304866  0.908499  0.912239  0.305625  0.986226  0.988531  0.988745   1.29383   1.09419   1.09382   1.02857   1.02328   1.02385  0.974268  0.381741  0.379375   1.08896   0.79114  0.926489  0.635607   0.57264  0.329973  0.342356  0.338228  0.337177   1.08747   1.28038  0.306459   0.30445  0.547448   0.32011
 0.439377  0.440097  0.439878  0.409239  0.409036  0.408795   0.39184  0.391426  0.391199  0.373342  0.372824  0.372589  0.357336  0.357075  0.356857  0.346889  0.346866  0.346624  0.346862  0.346841  0.346629  0.334627   0.44953   0.45102  0.334546   0.33638   0.33568    1.0888   1.04152   1.02097   1.21985   1.24508   1.21385   0.99151    1.0072   1.13401  0.975665  0.248702   1.09288  0.412341         1         1 0.0894244   0.92944  0.371108  0.393136  0.384369  0.382722  0.872479  0.938567  0.334085   1.19925  0.858969  0.340967
 0.497961  0.498458    0.4984  0.460512  0.460678  0.460583  0.438061  0.437922  0.437784   0.41837  0.418003  0.417846  0.396957  0.396481  0.396333  0.382318  0.381888   0.38189   0.38338  0.382933  0.382874  0.363656  0.363897  0.364432  0.360099  0.361356  0.362735   1.09814   1.09827   1.09674   1.11743   1.11229   1.11202   1.02069   1.02294   1.02473  0.975751  0.975492  0.975792  0.644908  0.463552  0.868678   1.25278  0.426184  0.881389         1         1         1   0.92989  0.441058   1.13819  0.411668  0.310337  0.796788
 0.551527  0.552648  0.552649  0.510465  0.510607  0.510775  0.485209  0.485021  0.485366  0.466667   0.46612  0.466183   0.44116  0.440338  0.440085  0.423133  0.422202   0.42193  0.425969  0.425066  0.424666  0.400232  0.399716  0.399992  0.394086  0.393879  0.394769   1.13337   1.23591   1.23996   1.23711   1.21971   1.20669  0.997434   1.04429    1.3037  0.974925  0.974145  0.973566  0.721243  0.935903  0.882374  0.483021   0.47737  0.554395         1         1         1  0.428876  0.798249  0.418523 -0.637155   1.05462  0.374777
  0.58948  0.590005  0.590033  0.548074  0.548002  0.548081  0.522337  0.522077  0.522255  0.505689  0.505133  0.505233  0.478298  0.477348  0.477224  0.457263   0.45578  0.455797  0.462517  0.461238  0.461068  0.430087  0.428078  0.429099  0.410074  0.407222  0.411495   1.26319   1.24365  0.669358   1.12311   1.13642   1.11734   1.00922   1.02756   1.01682  0.912871  0.922455   0.92005   2.00901  0.562714    2.6535  0.539699  0.535178  0.526639  0.931634    0.9322         1   1.08097  0.499832  0.888199 -0.400881  -1.31666  0.377619
  0.60414  0.604522  0.604642  0.562662   0.56271  0.562823  0.537005  0.536903   0.53739    0.5213  0.520977  0.521278  0.494034  0.493305  0.493257  0.473125   0.47195  0.471321  0.478678  0.477673  0.477266  0.445144  0.444221  0.443275  0.411697   0.41701   0.41552   1.00236   1.12352   1.36562   1.12615   1.12664   1.11665    1.0523      1.05   1.05395  0.884124  0.595564  0.897921   1.10593  0.577172  0.575676   1.43109   1.43605  0.553814  0.931343  0.930918  0.933215    0.5443  0.523943  0.522806  0.420886  0.396436  0.409686

Errors: 
1.84899e-05  1.8372e-05 1.82118e-05 1.85285e-05 1.84048e-05 1.82871e-05  1.8634e-05 1.84462e-05 1.83258e-05 1.94459e-05 1.92098e-05  1.9125e-05 2.10371e-05 2.06554e-05 2.04526e-05 0.000855112  0.00067914           1 2.32771e-05 2.24598e-05 2.22684e-05 2.87733e-05 2.76954e-05 2.70181e-05 3.55367e-05 3.25151e-05 3.13439e-05           0           0           0           0           0           0     1.00032           1           1  5.5146e-06 3.32964e-05 6.05942e-06           1 4.23173e-05 3.07807e-06 4.57904e-06 8.30126e-06 9.59839e-06    0.333027 7.43456e-06 1.00603e-05 0.000121239 0.000159622 7.83765e-06           1 0.000716418 0.000255642
          0           0           0 5.38691e-05  5.4065e-05 5.43811e-05 5.38207e-05           0 5.39107e-05 5.43784e-05 5.50737e-05 5.49156e-05 6.33676e-05 6.30555e-05 6.13701e-05           0 7.60811e-05 7.32539e-05 7.32256e-05 7.46249e-05 6.87844e-05 0.000101013           0 9.08736e-05           0 0.000119323 0.000108791           0 8.50339e-05           0           0 8.79101e-05           0 0.000112959           0     1.00002           0           0 0.000102519 0.000187125     1.00001           1 0.000286743     1.00001     1.00002 0.000245032 0.000211141 0.000196507  0.00049715 0.000407212 0.000361178  0.00104003           1 0.000644999
0.000112376  0.00011271 0.000111497 0.000111691 0.000112592 0.000111353 0.000110738 0.000110711 0.000108705 0.000115993 0.000112974 0.000110208 0.000130141 0.000125074 0.000121278           0 0.000149738           0 0.000150716 0.000143692 0.000136942 0.000215917 0.000197289 0.000185873 0.000311848 0.000260718           0           0           0           0           0           0           0     1.00895           0           0 0.000311073           0           0           0 0.000393973           1     1.00001 0.000627889           1  0.00062445           1 0.000763827 0.000182252 0.000129857   0.0145551  0.00283166           1  0.00163107
0.000205468 0.000205054 0.000205615           1           1 0.000202778           0           0           0  0.00021355 0.000208575  0.00020671           0           0           0 0.000289418           0 0.000266941 0.000281731 0.000272866 0.000260049 0.000397602 0.000378984 0.000355101 0.000626903 0.000571603  0.00051815           0           0           0 0.000411013  0.00039054 0.000359899           0           0     1.00014           0           0           0 0.000875853           0           0  0.00161219     1.00001           1 0.000196773 0.000150067 0.000982312 0.000903994 0.000112227 0.000630558  0.00119371  0.00431747   0.0033345
0.000352211 0.000351702 0.000352702  0.00034276 0.000340512 0.000345601 0.000337623 0.000334005 0.000335909 0.000367325 0.000359804 0.000350048 0.000413124 0.000395914 0.000395089           0 0.000491122 0.000474914 0.000479203 0.000467907 0.000455784 0.000719713 0.000694098 0.000665983           0           0           0 0.000587634           0           0           0           0           0           0           0           0 0.000979665 0.000964133           0           1  0.00151056  0.00135986  0.00301122  0.00158985   0.0021487     1.66196 0.000341372 0.000271499  0.00546257  0.00452307  0.00408822   0.0105462  0.00825979   0.0064268
0.000555224 0.000564078 0.000569168 0.000540328 0.000541419 0.000546864 0.000529514 0.000525045 0.000525349 0.000582965 0.000576167 0.000576532 0.000654168 0.000634732 0.000627748 0.000801942 0.000783334 0.000769103 0.000769482 0.000747683 0.000709382  0.00120516   0.0011513  0.00110829  0.00215061  0.00198585  0.00183148           0           0           0           0           0           0     1.00057     1.34421     1.02967           0           0           0  0.00278461     1.00028           1           0  0.00480483  0.00395556     3.15836 0.000616083     1.69719     1.47659  0.00607808  0.00056539  0.00411745   0.0131862     1.00008
          0  0.00081164 0.000812894 0.000811358 0.000818678 0.000823606  0.00081028 0.000808489 0.000809148 0.000916596 0.000916887 0.000911892  0.00106146   0.0010307  0.00102831  0.00135401  0.00131636  0.00130836  0.00126649  0.00124001  0.00123369  0.00209817  0.00202683  0.00199012           0           0  0.00332142           0           0           0     1.00064           0           0     1.33394           0           0           0  0.00245053  0.00231997     1.00003     1.00003     1.00204     1.00001           1  0.00703834  0.00669518  0.00627605  0.00565147     1.78374     1.59072   0.0111815   0.0210586     1.07634    0.015773
 0.00109008  0.00109888  0.00109671  0.00115681  0.00116693   0.0011623  0.00118407  0.00118219  0.00117915  0.00141177  0.00123306  0.00135272   0.0016636  0.00163198  0.00161705  0.00222163  0.00214581  0.00217369  0.00207771  0.00202555   0.0019938  0.00372056     1.00025     1.00115  0.00686871  0.00560239  0.00518133           0           0           0           0           0           0           0           0           0           0           1           0  0.00733205           0           0     1.01883     1.05625   0.0125376   0.0105234  0.00980701  0.00928165     1.00014 0.000239135   0.0175835  0.00501825 0.000799408   0.0216959
 0.00146572  0.00146791  0.00146803  0.00164122  0.00165286  0.00165504  0.00175481  0.00174848  0.00176015  0.00207569  0.00208297  0.00207541  0.00261086  0.00255891  0.00259472  0.00371726  0.00361955  0.00359481  0.00343129  0.00329279  0.00331205  0.00700876  0.00611131  0.00630123    0.012655   0.0125816   0.0109414           0           0           0           0           0           0           0           0           0           0           0           0     1.00003   0.0106609     1.00005     1.00227   0.0206958     1.00138   0.0517806   0.0528473   0.0533896     1.00007   0.0121036 0.000745045   0.0306144           1  0.00217825
 0.00184661  0.00184801  0.00184725  0.00218023  0.00219666  0.00219403  0.00242764  0.00249594  0.00250784  0.00292846     0.00292  0.00293645  0.00396235  0.00398334  0.00398606  0.00601355  0.00583523  0.00570548  0.00534508  0.00526361  0.00527389   0.0109281    0.010998   0.0108659   0.0205941   0.0205071   0.0199345           0           0           0           0           0           0           0     1.13054           0           0           0           0     1.00035     1.00446  0.00407055    0.038018   0.0323625           1    0.044735   0.0437657   0.0437819   0.0323401  0.00600245   0.0288711    0.031525  0.00686982   0.0261382
 0.00217344    0.002178  0.00216193  0.00262946  0.00263193  0.00263506  0.00318637  0.00319074  0.00316898  0.00366618  0.00366926  0.00366784  0.00552569  0.00539549  0.00530719  0.00853642  0.00846959    0.008437   0.0073047  0.00697958  0.00727899   0.0186507   0.0166157   0.0164425   0.0392053   0.0368293    0.025086           0           0  0.00376913           0           0           0           0     1.14243     1.57953           0           0           0           1   0.0204231           0   0.0496977   0.0449462   0.0381101  0.00899344  0.00875837   0.0432451   0.0178694   0.0359402      1.0002  0.00500179  0.00544562   0.0264957
 0.00231745  0.00233357  0.00232247  0.00281737   0.0028274  0.00282402  0.00351417  0.00352181  0.00350349  0.00395594  0.00395854   0.0039878  0.00604905  0.00612492  0.00609724   0.0100569  0.00971189  0.00959139  0.00814722  0.00798825  0.00835979   0.0200088   0.0189624   0.0181965   0.0432311   0.0296883   0.0371404           0           0           0           0           0           0     1.14919     1.16232     1.14238           0    0.010874           0           0   0.0236395   0.0223172     1.00112     1.00426   0.0479413  0.00921526  0.00877293  0.00945156   0.0409651   0.0380612   0.0367882   0.0340277    0.029788   0.0294758

Statuses: 
0 0 0 0 0 0 0 0 0 0 0 0 0 0 0 3 3 3 0 0 0 0 0 0 0 0 0 3 3 3 3 3 3 3 3 3 3 0 3 3 0 3 3 3 3 3 3 3 0 3 3 3 3 3
3 3 3 0 0 0 0 3 0 0 0 0 0 0 0 3 0 0 0 0 0 0 3 0 3 0 0 3 0 3 3 0 3 0 3 3 3 3 0 0 3 3 0 3 3 0 0 0 0 0 0 0 3 0
0 0 0 0 0 0 0 0 0 0 0 0 0 0 0 3 0 3 0 0 0 0 0 0 0 0 3 3 3 3 3 3 3 3 3 3 0 3 3 3 0 3 3 0 3 0 3 3 3 3 3 0 3 0
0 0 0 3 3 0 3 3 3 0 0 0 3 3 3 0 3 0 0 0 0 0 0 0 0 0 0 3 3 3 0 0 0 3 3 3 3 3 3 0 3 3 0 3 3 3 3 0 0 3 0 3 0 0
0 0 0 0 0 0 0 0 0 0 0 0 0 0 0 3 0 0 0 0 0 0 0 0 3 3 3 0 3 3 3 3 3 3 3 3 0 0 3 3 0 0 0 3 0 3 3 3 0 0 3 0 0 0
0 0 0 0 0 0 0 0 0 0 0 0 0 0 0 0 0 0 0 0 0 0 0 0 0 0 0 3 3 3 3 3 3 3 3 3 3 3 3 0 3 3 3 0 0 3 3 3 3 3 3 3 0 3
2 0 0 0 0 0 0 0 0 0 0 0 0 0 0 0 0 0 0 0 0 0 0 0 3 3 0 3 3 3 3 3 3 3 3 3 3 0 0 3 3 3 3 3 0 0 0 0 3 3 0 0 3 0
0 0 0 0 0 0 0 0 0 0 0 0 0 0 0 0 0 0 0 0 0 0 3 3 0 0 0 3 3 3 3 3 3 3 3 3 3 3 3 0 3 3 3 3 0 0 0 0 3 3 0 3 3 0
0 0 0 0 0 0 0 0 0 0 0 0 0 0 0 0 0 0 0 0 0 0 0 0 0 0 0 3 3 3 3 3 3 3 3 3 3 3 3 3 0 3 3 0 3 3 3 3 3 3 3 0 3 3
0 0 0 0 0 0 0 0 0 0 0 0 0 0 0 0 0 0 0 0 0 0 0 0 0 0 0 3 3 3 3 3 3 3 3 3 3 3 3 3 3 3 0 0 3 3 3 3 0 3 0 0 3 0
0 0 0 0 0 0 0 0 0 0 0 0 0 0 0 0 0 0 0 0 0 0 0 0 0 0 0 3 3 0 3 3 3 3 3 3 3 3 3 3 0 3 0 0 0 3 3 3 3 0 3 0 1 0
0 0 0 0 0 0 0 0 0 0 0 0 0 0 0 0 0 0 0 0 0 0 0 0 0 0 0 3 3 3 3 3 3 3 3 3 3 0 3 3 0 0 3 3 0 3 3 3 0 0 0 0 0 0
chisq per dof: 
77.3558 71.0179  64.045 47.6748  44.027 39.6796 27.5068 24.4013 21.9081 11.1677 10.3209  9.5971 3.75208 3.40292 3.14976   93782 87046.6 80764.2 2.19434 2.02657 1.90373  1.8149 1.68013 1.58307 2.00447 1.80833 1.67414  135800  125447  104940  173115  145767  126117  213628  168238  143460  156779 5.26688  121962  219975 2.30283  157132  259587  207227  173758  212160  179410  154436 2.25715  110055  178324  262361  265811  186140
 1795.5 1818.49 1504.22 22.2509 21.3517 21.6723 11.8337 808.516 10.9458  5.4681 5.29331 5.36316 2.34634 2.23022 2.12294 4320.36  1.6495 1.56819 1.87133 1.76019 1.67092  1.8046 6938.46 1.57485    7192 1.80237 1.66865 12542.9 15.5912 9796.59 16276.9 8.10027 12421.5 4.14663 17445.5 14151.9 15421.3 5504.88  2.7995 2.02446 18581.8 14333.1 2.02777 19993.7 17430.1 2.07053 1.90647 1.78712 2.25367 2.00324 1.83621 2.67059 25923.2 2.00237
25.1327 25.9568 24.1127  14.492  14.447 13.9664 7.83029 7.60886 7.13478 3.99628 3.82919 3.74542 1.98966 1.88452 1.79721 928.061 1.55778 901.849 1.78242 1.67499 1.59539 1.80182 1.66854 1.57389 2.00206 1.80221 2300.16 1027.03 2806.32 2455.33 4109.83 3472.43 3233.53 4975.35 4211.77  3622.8 2.35992 3388.13 3023.31 5477.76  1.8006 3521.92 5626.66 1.81577  3402.7 2.03689 281.284  3273.1 6805.44 5432.46 4332.56 2.66921 4457.72 2.00309
16.1758 15.8071 14.6987 445.322 493.913 8.73407 488.321 278.901 104.843 3.15568 2.90978 2.87619 1132.95 984.085 515.155 1.63169  749.99 1.45862 1.74763  1.6413 1.56816 1.80225 1.66945 1.57467 2.00268 1.80302 1.67039 949.334 902.227 811.947 3.23869 3.20739 3.19769 1481.08 1271.23  1108.8 1254.09 1093.75  966.45 1.86718 1204.29  1205.8 2.00428 1374.75 1098.46 1603.64 1188.88 1.74413 41.6099 1364.93 63.2293 3.05322 2.25351 2.00422
11.4386 10.7231 9.97659 7.19707 6.53371 6.12238 4.21679 3.81357  3.5658 2.66528 2.46364  2.3506 1.72964 1.62774 1.55973 265.564 1.52064 1.44996 1.72921 1.62509 1.54944  1.8037 1.67076 1.57504 578.626 457.279 378.716 3.83204 456.923  403.16 652.663 568.137 501.317 701.901 589.771 506.282 1.87651 1.81756 407.221 589.002 1.72089 1.62937 2.00337  576.35 1.67379 676.352 567.349 483.022 2.25437 2.00479 649.936 2.67102 2.25599 2.00499
8.59283 8.06672 7.46058 5.40589 4.97154 4.68601 3.31174 3.02067 2.83626 2.26894 2.12094 2.04235 1.65019 1.55918 1.49802 1.61063 1.50934 1.44125 1.70663 1.60584 1.53325 1.80137 1.66799 1.57358 2.00151 1.80131 1.66916 208.474 182.753 156.254 323.875  281.53 246.735 306.766 293.375 251.605 329.873 269.135 197.555 1.82632 329.398 173.233  449.65 1.80252 1.66887 281.616 284.711  235.85 275.346 394.881 307.798 402.757 2.25164 261.573
5.92669 5.52804 5.09068 3.78805 3.54342 3.28354 2.51535 2.32976 2.18487 1.95883  1.8546 1.77067 1.59975 1.51529 1.45623   1.606 1.50522 1.43575 1.69523   1.596 1.52396 1.80077 1.66743  1.5729 133.742 108.307 1.66829 99.6592 70.2014 64.9871 176.259 155.282 136.001 186.491 157.779 135.396 141.284 1.64341 1.57377 198.677 108.253 155.287  207.67 150.357 1.66811 2.01079 1.84502 1.72443 148.969 170.203 1.83503 2.66745 183.509 2.00145
4.18619 3.90116 3.61571 2.78301  2.5974 2.42639 2.02896 1.89677 1.78997 1.76653 1.67636 1.60435 1.56922 1.48852 1.42893 1.60736 1.50614 1.43461 1.68949 1.59099 1.51781 1.80141 20.5395 22.8343 2.00176 1.80201  1.6686 53.8259 39.0478 43.7009 80.0333 81.8442 64.1707 106.084 89.4604  76.414 79.4487 8.83886 90.4453 1.81108 114.367 98.1475 117.393 107.274 1.66914 2.00666 1.84258 1.72241 155.606 90.4554 1.83528 110.632 125.481 2.00231
2.99054 2.78128 2.60458 2.12934 2.00141 1.89286 1.72067 1.62827 1.55254 1.63963 1.56494 1.50333 1.54753 1.47108 1.41245 1.60722  1.5064 1.43406 1.68507 1.58769 1.51425 1.80174 1.66814 1.57285   2.002 1.80167 1.66829 40.1986 24.6167  21.969 65.1392 56.9896 50.0248 62.4275 52.9211 45.5515  51.529 44.3662  39.837  58.062 1.67434 32.5222 41.7129 1.80207  43.005  114.52 97.1944 83.7179 97.8735 76.0154 39.6756 2.66911 13.8372 59.0956
2.23267 2.11233  2.0011 1.70166 1.62288 1.55566 1.51744 1.45182 1.40107  1.5385 1.47485 1.42422 1.52646 1.45313 1.39764 1.60466 1.50438 1.43239 1.67823 1.58213 1.50975 1.80154 1.66797 1.57255 2.00175  1.8014 1.66786 20.1491 22.8258 21.6413 44.2147 38.7578 34.0683 39.7629  34.005 23.0659 28.4071  29.751 26.6729 53.0862 38.9436  29.311 2.00204 1.80174 26.6504 82.3726 70.4429 60.5373  2.2518  51.177 1.83458 2.67693  36.944 2.00142
1.86884 1.78195 1.70444  1.5115 1.45269  1.4029 1.42933 1.37344 1.32826 1.49095 1.43229 1.38492 1.51728 1.44513 1.38975 1.60466  1.5045 1.43243 1.67552 1.57999 1.50755 1.80191 1.66839 1.57297 2.00175 1.80143 1.66801 23.7404 21.6634 1.42905 34.4677 29.9383 26.2659 28.4325 24.0604 20.8204 16.0658 17.5705 9.62696 22.1186 1.66871 16.7139 2.00204 1.80167 1.66845 60.9846 51.5603 48.2923 14.7192 2.00151 34.9187 30.6482 23.2466 2.00159
1.76627  1.6854 1.61819 1.45772 1.40353 1.35927 1.40483 1.35041 1.30924 1.47611 1.41837 1.37305 1.51419  1.4418 1.38746 1.60522 1.50468 1.43274 1.67462 1.57879 1.50692 1.80261 1.66886 1.57335 2.00218 1.80178 1.66816   14.54 12.7675 20.2972 30.7954 26.7204 23.7917 25.1539  21.281 18.3882 20.7512 1.57411 14.2755  26.745 1.66884 1.57333 15.7672   12.59 1.66852 56.3574  47.597 41.2754 2.25239 2.00205 1.83504 2.66958 2.25222  2.0018
Mode averaged potential and errors: 
  0.0841263 3.55367e-05
   0.136057  0.00104003
   0.175701   0.0015652
   0.214096  0.00484435
   0.257579   0.0062775
   0.275331  0.00250249
   0.308827   0.0154576
   0.337562   0.0080616
   0.376093   0.0270983
   0.407201    0.168887
   0.467681   0.0660134
   0.435666   0.0438032
R Models:
(* Fitting with shape 1 1 1 1 1 1 1 1 0 0 0 0 *)
G[R_,xx_]:=xx[[0]] + xx[[1]]/R | xx[[2]]*R
(* Fitting with shape 1 1 1 1 1 1 1 1 1 0 0 0 *)
G[R_,xx_]:=xx[[0]] + xx[[1]]/R | xx[[2]]*R
(* Fitting with shape 1 1 1 1 1 1 1 1 1 1 0 0 *)
G[R_,xx_]:=xx[[0]] + xx[[1]]/R | xx[[2]]*R
(* Fitting with shape 1 1 1 1 1 1 1 1 1 1 1 0 *)
G[R_,xx_]:=xx[[0]] + xx[[1]]/R | xx[[2]]*R
(* Fitting with shape 1 1 1 1 1 1 1 1 1 1 1 1 *)
G[R_,xx_]:=xx[[0]] + xx[[1]]/R | xx[[2]]*R
(* Fitting with shape 0 1 1 1 1 1 1 1 0 0 0 0 *)
G[R_,xx_]:=xx[[0]] + xx[[1]]/R | xx[[2]]*R
(* Fitting with shape 0 1 1 1 1 1 1 1 1 0 0 0 *)
G[R_,xx_]:=xx[[0]] + xx[[1]]/R | xx[[2]]*R
(* Fitting with shape 0 1 1 1 1 1 1 1 1 1 0 0 *)
G[R_,xx_]:=xx[[0]] + xx[[1]]/R | xx[[2]]*R
(* Fitting with shape 0 1 1 1 1 1 1 1 1 1 1 0 *)
G[R_,xx_]:=xx[[0]] + xx[[1]]/R | xx[[2]]*R
(* Fitting with shape 0 1 1 1 1 1 1 1 1 1 1 1 *)
G[R_,xx_]:=xx[[0]] + xx[[1]]/R | xx[[2]]*R
(* Fitting with shape 0 0 1 1 1 1 1 1 0 0 0 0 *)
G[R_,xx_]:=xx[[0]] + xx[[1]]/R | xx[[2]]*R
(* Fitting with shape 0 0 1 1 1 1 1 1 1 0 0 0 *)
G[R_,xx_]:=xx[[0]] + xx[[1]]/R | xx[[2]]*R
(* Fitting with shape 0 0 1 1 1 1 1 1 1 1 0 0 *)
G[R_,xx_]:=xx[[0]] + xx[[1]]/R | xx[[2]]*R
(* Fitting with shape 0 0 1 1 1 1 1 1 1 1 1 0 *)
G[R_,xx_]:=xx[[0]] + xx[[1]]/R | xx[[2]]*R
(* Fitting with shape 0 0 1 1 1 1 1 1 1 1 1 1 *)
G[R_,xx_]:=xx[[0]] + xx[[1]]/R | xx[[2]]*R
(* Fitting with shape 0 0 0 1 1 1 1 1 0 0 0 0 *)
G[R_,xx_]:=xx[[0]] + xx[[1]]/R | xx[[2]]*R
(* Fitting with shape 0 0 0 1 1 1 1 1 1 0 0 0 *)
G[R_,xx_]:=xx[[0]] + xx[[1]]/R | xx[[2]]*R
(* Fitting with shape 0 0 0 1 1 1 1 1 1 1 0 0 *)
G[R_,xx_]:=xx[[0]] + xx[[1]]/R | xx[[2]]*R
(* Fitting with shape 0 0 0 1 1 1 1 1 1 1 1 0 *)
G[R_,xx_]:=xx[[0]] + xx[[1]]/R | xx[[2]]*R
(* Fitting with shape 0 0 0 1 1 1 1 1 1 1 1 1 *)
G[R_,xx_]:=xx[[0]] + xx[[1]]/R | xx[[2]]*R
1.96422 1.96422 1.96422 
0.541215 0.541215 0.541215 
1 1 1 
16.7713 16.7713 16.7713 
-14.3272 -14.3272 -14.3272 
5.03038e+175 5.03038e+175 5.03038e+175 
3.5936e+246 3.5936e+246 3.5936e+246 
2.14726e+243 2.14726e+243 2.14726e+243 
0.719816 0.719816 0.719816 
2.42092e-322 2.42092e-322 2.42092e-322 
0 0 0 
0 0 0 
0 0 0 
0 0 0 
2.37152e-322 2.37152e-322 2.37152e-322 
3.95253e-322 3.95253e-322 3.95253e-322 
1.82804e-322 1.82804e-322 1.82804e-322 
3.48517e-316 3.48517e-316 3.48517e-316 
1.28495e+74 1.28495e+74 1.28495e+74 
4.56627e+257 4.56627e+257 4.56627e+257 
3.3934e+103 3.3934e+103 3.3934e+103 
7.69844e+218 7.69844e+218 7.69844e+218 
2.44978e-312 2.44978e-312 2.44978e-312 
3.47814e-316 3.47814e-316 3.47814e-316 
3.95253e-322 3.95253e-322 3.95253e-322 
1.63042e-322 1.63042e-322 1.63042e-322 
0 0 0 
0 0 0 
0 0 0 
4.79244e-322 4.79244e-322 4.79244e-322 
2.42419e-81 2.42419e-81 2.42419e-81 
1.14716e+248 1.14716e+248 1.14716e+248 
1.04089e+242 1.04089e+242 1.04089e+242 
5.34277e-38 5.34277e-38 5.34277e-38 
2.05095e-80 2.05095e-80 2.05095e-80 
4.09697e-80 4.09697e-80 4.09697e-80 
5.14053e+160 5.14053e+160 5.14053e+160 
7.27449e+199 7.27449e+199 7.27449e+199 
5.59117e-76 5.59117e-76 5.59117e-76 
7.27449e+199 7.27449e+199 7.27449e+199 
2.13401e-307 2.13401e-307 2.13401e-307 
4.00193e-322 4.00193e-322 4.00193e-322 
6.91993e-310 6.91993e-310 6.91993e-310 
3.48703e-316 3.48703e-316 3.48703e-316 
3.48703e-316 3.48703e-316 3.48703e-316 
1.61675e+184 1.61675e+184 1.61675e+184 
3.44682e-85 3.44682e-85 3.44682e-85 
6.89912e-310 6.89912e-310 6.89912e-310 
1.67792e+243 1.67792e+243 1.67792e+243 
2.22096e-313 2.22096e-313 2.22096e-313 
6.91993e-310 6.91993e-310 6.91993e-310 
4.00193e-322 4.00193e-322 4.00193e-322 
6.91993e-310 6.91993e-310 6.91993e-310 
3.48704e-316 3.48704e-316 3.48704e-316 
Probabilities: 
         0          0          0          0          0          0          0          0          0          0          0          0 0.00338337  0.0091569 0.00419323          0   0.036355  0.0787308          0  0.0372408          0          0  0.0729115   0.174537  0.0188899  0.0502535  0.0811122          0          0          0          0          0          0          0          0          0          0          0          0          0          0  0.0901447          0          0          0          0          0          0          0          0    0.18656          0  0.0634683   0.093063

String tensions: 
          1           1           1           1           1           1           1           1           1   -0.478622    -0.47925   -0.483923   -0.719074   -0.719775   -0.744333     -2.2454    -1.05522    -1.10034    -1.95842      -1.183    0.204201    0.421404    -1.73702    -1.83667       1.867     2.74042   -0.571316  -0.0882841  -0.0882841   -0.088284   -0.125028    0.418773    0.695059      1.0027    0.896023     1.00422    0.229876    0.966818     0.94187    0.855275   -0.106329  0.00486412    0.251616   -0.160929    0.750498   -0.174197  -0.0704777  0.00386384   -0.229407   -0.190957 -0.00200723   0.0386857  -0.0143775  0.00645378

Errors: 
   5792.62    5792.62    5792.62          0          0          0          0          0          0 0.00650183 0.00655101 0.00619007   0.044962  0.0444378   0.040667    1.00094   0.138604   0.114964  0.0110433  0.0127874    1.00011          0   0.389076   0.307589    5.31854    7.53895    2.34056          1          1          1          0          0          0          0    2.25133          0   0.835888          0          0    1.01159    1.00006 0.00209591    1.08293    1.00004    1.19696          1          1 0.00050961          1    1.01032 0.00456558    1.18127 0.00832863 0.00351216

Statuses: 
3 3 3 3 3 3 3 3 3 0 0 0 0 0 0 3 0 0 0 0 3 3 0 0 0 0 0 3 3 3 3 3 3 2 3 2 3 3 3 3 3 0 3 3 3 3 3 1 3 3 0 3 0 0
chisq per dof: 
 5467.82  4790.62  4269.33  604.239   504.69  422.231  324.078  249.876  202.762   4.2894  3.84814  4.76885  1.41596  1.21492  1.50832  1752.55  0.62447 0.600202  37.3779 0.962334  4440.67  1489.02 0.622141 0.576151 0.611246 0.516554 0.591688  4941.17  4326.66   3846.1  2534.25  4284.26  3829.91  3618.35  3023.54  2605.84  6449.12  5940.63  5287.72  5096.32  1134.86 0.741331  3202.74  1408.62  2326.57  5548.83  2027.82 0.625363  1819.79  2120.55 0.559498  2572.41 0.438733 0.552418
Model string tension and errors: 
sigma = -0.502016 +/- 2.25554
